<?xml version="1.0" encoding="utf-8"?>
<TestRun id="cd7c317b-e997-4f27-98a1-7c20a24707d6" name="ericcarlson@ERICCARLSONBBE6 2022-05-09 16:19:22" runUser="ERICCARLSONBBE6\ericcarlson" xmlns="http://microsoft.com/schemas/VisualStudio/TeamTest/2010">
  <Times creation="2022-05-09T16:19:22.7124682-04:00" queuing="2022-05-09T16:19:22.7124684-04:00" start="2022-05-09T16:19:19.5242877-04:00" finish="2022-05-09T16:19:22.8633204-04:00" />
  <TestSettings name="default" id="c9e53b83-64e3-4613-9668-7625b839824e">
    <Deployment runDeploymentRoot="ericcarlson_ERICCARLSONBBE6_2022-05-09_16_19_22" />
  </TestSettings>
  <Results>
    <UnitTestResult executionId="75d00e7c-2823-4972-a6b9-19c380ff8b47" testId="6db80d44-6cb8-8e13-b69b-abf2d5a5486f" testName="ThenCanParseResultsFileAsSemicolonSeparatedListThatEndsWithASemicolon" computerName="ERICCARLSONBBE6" duration="00:00:00.0017590" startTime="2022-05-09T16:19:22.7514684-04:00" endTime="2022-05-09T16:19:22.7532273-04:00" testType="13cdc9d9-ddb5-4fa4-a97d-d965ccfc6d4b" outcome="Passed" testListId="8c84fa94-04c1-424b-9868-57a2d4851a1d" relativeResultsDirectory="75d00e7c-2823-4972-a6b9-19c380ff8b47" />
    <UnitTestResult executionId="9a24058f-cd63-482f-8c94-90cf4c030152" testId="d897058a-4207-e54a-a3f6-5886bf06dbba" testName="ThenCanParseResultsFormatWithShortFormSuccessfully(&quot;xunit&quot;,XUnit)" computerName="ERICCARLSONBBE6" duration="00:00:00.0008200" startTime="2022-05-09T16:19:22.7779864-04:00" endTime="2022-05-09T16:19:22.7788065-04:00" testType="13cdc9d9-ddb5-4fa4-a97d-d965ccfc6d4b" outcome="Passed" testListId="8c84fa94-04c1-424b-9868-57a2d4851a1d" relativeResultsDirectory="9a24058f-cd63-482f-8c94-90cf4c030152" />
    <UnitTestResult executionId="944d4c63-c6c1-4518-8180-896f448f7392" testId="98358d73-9de0-9208-fd20-9082cad2b0e0" testName="ThenCanParseShortFormArgumentsSuccessfully" computerName="ERICCARLSONBBE6" duration="00:00:00.0009840" startTime="2022-05-09T16:19:22.7860480-04:00" endTime="2022-05-09T16:19:22.7870322-04:00" testType="13cdc9d9-ddb5-4fa4-a97d-d965ccfc6d4b" outcome="Passed" testListId="8c84fa94-04c1-424b-9868-57a2d4851a1d" relativeResultsDirectory="944d4c63-c6c1-4518-8180-896f448f7392" />
    <UnitTestResult executionId="ffbef5d9-094b-43fb-a04c-04074e02f561" testId="a15b1b2c-b197-9c1b-df07-4ceaf014a074" testName="ThenCanParseResultsFormatWithShortFormSuccessfully(&quot;vstest&quot;,VsTest)" computerName="ERICCARLSONBBE6" duration="00:00:00.0007450" startTime="2022-05-09T16:19:22.7832735-04:00" endTime="2022-05-09T16:19:22.7840180-04:00" testType="13cdc9d9-ddb5-4fa4-a97d-d965ccfc6d4b" outcome="Passed" testListId="8c84fa94-04c1-424b-9868-57a2d4851a1d" relativeResultsDirectory="ffbef5d9-094b-43fb-a04c-04074e02f561" />
    <UnitTestResult executionId="6e9d6d30-93c7-429b-b3c2-1c8434a287c9" testId="4be5947a-f14c-036a-2ea3-643296d9d2ba" testName="ThenCanParseShortHideTagsSuccessfully" computerName="ERICCARLSONBBE6" duration="00:00:00.0008880" startTime="2022-05-09T16:19:22.7870625-04:00" endTime="2022-05-09T16:19:22.7879504-04:00" testType="13cdc9d9-ddb5-4fa4-a97d-d965ccfc6d4b" outcome="Passed" testListId="8c84fa94-04c1-424b-9868-57a2d4851a1d" relativeResultsDirectory="6e9d6d30-93c7-429b-b3c2-1c8434a287c9" />
    <UnitTestResult executionId="28766967-8b38-49ab-8717-5db726e46c5c" testId="02744fa5-6fa9-9771-a99c-b02de44495ff" testName="ThenCanParseLongFormArgumentsSuccessfully" computerName="ERICCARLSONBBE6" duration="00:00:00.0012790" startTime="2022-05-09T16:19:22.6837915-04:00" endTime="2022-05-09T16:19:22.6850704-04:00" testType="13cdc9d9-ddb5-4fa4-a97d-d965ccfc6d4b" outcome="Passed" testListId="8c84fa94-04c1-424b-9868-57a2d4851a1d" relativeResultsDirectory="28766967-8b38-49ab-8717-5db726e46c5c" />
    <UnitTestResult executionId="4c1c4555-b159-41b5-8a8c-656916e1384c" testId="8a6da681-14e9-3512-521e-22acb0ced795" testName="ThenCanParseVersionRequestShortFormSuccessfully" computerName="ERICCARLSONBBE6" duration="00:00:00.0009410" startTime="2022-05-09T16:19:22.7890069-04:00" endTime="2022-05-09T16:19:22.7899476-04:00" testType="13cdc9d9-ddb5-4fa4-a97d-d965ccfc6d4b" outcome="Passed" testListId="8c84fa94-04c1-424b-9868-57a2d4851a1d" relativeResultsDirectory="4c1c4555-b159-41b5-8a8c-656916e1384c" />
    <UnitTestResult executionId="f92231dd-f836-45bf-a495-e6cb2cb86f7b" testId="1cc8f4ed-5df6-59e2-d4e5-7d9bd151e558" testName="ThenCanParseResultsFormatWithLongFormSuccessfully(&quot;xunit2&quot;,xUnit2)" computerName="ERICCARLSONBBE6" duration="00:00:00.0007470" startTime="2022-05-09T16:19:22.7710325-04:00" endTime="2022-05-09T16:19:22.7717792-04:00" testType="13cdc9d9-ddb5-4fa4-a97d-d965ccfc6d4b" outcome="Passed" testListId="8c84fa94-04c1-424b-9868-57a2d4851a1d" relativeResultsDirectory="f92231dd-f836-45bf-a495-e6cb2cb86f7b" />
    <UnitTestResult executionId="d6fe02e4-60c2-4e84-80d8-bbf2516a3404" testId="aa24be5e-cd32-5521-a0c2-016bf869eb6e" testName="ThenCanParseMultipleResultsFilesWithWildCard" computerName="ERICCARLSONBBE6" duration="00:00:00.0576760" startTime="2022-05-09T16:19:22.6860575-04:00" endTime="2022-05-09T16:19:22.7437334-04:00" testType="13cdc9d9-ddb5-4fa4-a97d-d965ccfc6d4b" outcome="Passed" testListId="8c84fa94-04c1-424b-9868-57a2d4851a1d" relativeResultsDirectory="d6fe02e4-60c2-4e84-80d8-bbf2516a3404" />
    <UnitTestResult executionId="7fcd373e-5761-4c3f-ab88-48c1b97f5bfa" testId="3dd8862b-c173-46d6-efda-e3708fc7883e" testName="ThenSetsLanguageToEnglishByDefault" computerName="ERICCARLSONBBE6" duration="00:00:00.0010730" startTime="2022-05-09T16:19:22.7953572-04:00" endTime="2022-05-09T16:19:22.7964305-04:00" testType="13cdc9d9-ddb5-4fa4-a97d-d965ccfc6d4b" outcome="Passed" testListId="8c84fa94-04c1-424b-9868-57a2d4851a1d" relativeResultsDirectory="7fcd373e-5761-4c3f-ab88-48c1b97f5bfa" />
    <UnitTestResult executionId="57ccb405-77e7-42c5-a678-3d0ca7edc736" testId="d2c0d584-9c1d-862e-90aa-b91d6e3fa4c7" testName="ThenCanFilterOutNonExistingTestResultFiles" computerName="ERICCARLSONBBE6" duration="00:00:00.1716689" startTime="2022-05-09T16:19:22.4860715-04:00" endTime="2022-05-09T16:19:22.6576606-04:00" testType="13cdc9d9-ddb5-4fa4-a97d-d965ccfc6d4b" outcome="Passed" testListId="8c84fa94-04c1-424b-9868-57a2d4851a1d" relativeResultsDirectory="57ccb405-77e7-42c5-a678-3d0ca7edc736" />
    <UnitTestResult executionId="d690eace-6bad-4530-ba2b-2c5ffb458db5" testId="1d892050-5fc4-1870-33c7-728b36a63ba3" testName="ThenCanParseResultsFormatWithLongFormSuccessfully(&quot;mstest&quot;,MsTest)" computerName="ERICCARLSONBBE6" duration="00:00:00.0042890" startTime="2022-05-09T16:19:22.7635252-04:00" endTime="2022-05-09T16:19:22.7678136-04:00" testType="13cdc9d9-ddb5-4fa4-a97d-d965ccfc6d4b" outcome="Passed" testListId="8c84fa94-04c1-424b-9868-57a2d4851a1d" relativeResultsDirectory="d690eace-6bad-4530-ba2b-2c5ffb458db5" />
    <UnitTestResult executionId="177819eb-e5ed-40d3-8990-346c2bfede36" testId="74a89751-e63b-0a42-dc81-231c95fc1332" testName="ThenCanParseExcelDocumentationFormatWithLongFormSuccessfully" computerName="ERICCARLSONBBE6" duration="00:00:00.0056169" startTime="2022-05-09T16:19:22.6592613-04:00" endTime="2022-05-09T16:19:22.6648778-04:00" testType="13cdc9d9-ddb5-4fa4-a97d-d965ccfc6d4b" outcome="Passed" testListId="8c84fa94-04c1-424b-9868-57a2d4851a1d" relativeResultsDirectory="177819eb-e5ed-40d3-8990-346c2bfede36" />
    <UnitTestResult executionId="1020f1af-cdcd-4608-8a79-2914059c3b36" testId="882ba9fb-2b86-6e00-d8dd-78505e2a66a8" testName="ThenCanParseVersionRequestLongFormSuccessfully" computerName="ERICCARLSONBBE6" duration="00:00:00.0009940" startTime="2022-05-09T16:19:22.7879817-04:00" endTime="2022-05-09T16:19:22.7889753-04:00" testType="13cdc9d9-ddb5-4fa4-a97d-d965ccfc6d4b" outcome="Passed" testListId="8c84fa94-04c1-424b-9868-57a2d4851a1d" relativeResultsDirectory="1020f1af-cdcd-4608-8a79-2914059c3b36" />
    <UnitTestResult executionId="3e5e636c-d73c-49e0-809a-25f7f486a6df" testId="d519a718-a5af-b718-0d02-3651b1e50e25" testName="ThenCanParseResultsFilesWithMultipleMatchesResolvingInSingleMatch" computerName="ERICCARLSONBBE6" duration="00:00:00.0060070" startTime="2022-05-09T16:19:22.7548526-04:00" endTime="2022-05-09T16:19:22.7608593-04:00" testType="13cdc9d9-ddb5-4fa4-a97d-d965ccfc6d4b" outcome="Passed" testListId="8c84fa94-04c1-424b-9868-57a2d4851a1d" relativeResultsDirectory="3e5e636c-d73c-49e0-809a-25f7f486a6df" />
    <UnitTestResult executionId="e83a0fd9-2ab4-47e9-ac49-4d764cef02b3" testId="9660de6c-eec3-3258-2e8c-1f12b2daa4ae" testName="ThenCanParseLongHideTagsSuccessfully" computerName="ERICCARLSONBBE6" duration="00:00:00.0009430" startTime="2022-05-09T16:19:22.6851008-04:00" endTime="2022-05-09T16:19:22.6860432-04:00" testType="13cdc9d9-ddb5-4fa4-a97d-d965ccfc6d4b" outcome="Passed" testListId="8c84fa94-04c1-424b-9868-57a2d4851a1d" relativeResultsDirectory="e83a0fd9-2ab4-47e9-ac49-4d764cef02b3" />
    <UnitTestResult executionId="7d4378fb-990c-44fd-9546-8c5d58d21099" testId="4339dc42-b5d9-a7f8-6c7c-3fbef918e3cc" testName="ThenCanParseResultsFormatWithShortFormSuccessfully(&quot;nunit3&quot;,NUnit3)" computerName="ERICCARLSONBBE6" duration="00:00:00.0007910" startTime="2022-05-09T16:19:22.7771666-04:00" endTime="2022-05-09T16:19:22.7779571-04:00" testType="13cdc9d9-ddb5-4fa4-a97d-d965ccfc6d4b" outcome="Passed" testListId="8c84fa94-04c1-424b-9868-57a2d4851a1d" relativeResultsDirectory="7d4378fb-990c-44fd-9546-8c5d58d21099" />
    <UnitTestResult executionId="f7331ca3-8f58-4661-a4c1-acc3154464fa" testId="4bf32c86-223f-197e-0dfd-ab5347605437" testName="ThenCanParseResultsFormatWithLongFormSuccessfully(&quot;cucumberjson&quot;,CucumberJson)" computerName="ERICCARLSONBBE6" duration="00:00:00.0007590" startTime="2022-05-09T16:19:22.7718089-04:00" endTime="2022-05-09T16:19:22.7725682-04:00" testType="13cdc9d9-ddb5-4fa4-a97d-d965ccfc6d4b" outcome="Passed" testListId="8c84fa94-04c1-424b-9868-57a2d4851a1d" relativeResultsDirectory="f7331ca3-8f58-4661-a4c1-acc3154464fa" />
    <UnitTestResult executionId="6a4df1c6-6c42-4f90-a3b2-d5d538ae982e" testId="e78a84d4-a81c-205e-6754-5d999ade48f8" testName="ThenCanParseHelpRequestWithQuestionMarkSuccessfully" computerName="ERICCARLSONBBE6" duration="00:00:00.0010399" startTime="2022-05-09T16:19:22.6726392-04:00" endTime="2022-05-09T16:19:22.6736792-04:00" testType="13cdc9d9-ddb5-4fa4-a97d-d965ccfc6d4b" outcome="Passed" testListId="8c84fa94-04c1-424b-9868-57a2d4851a1d" relativeResultsDirectory="6a4df1c6-6c42-4f90-a3b2-d5d538ae982e" />
    <UnitTestResult executionId="c625373a-e170-476e-81be-6c9c368a8d2b" testId="ac913a0e-9c8f-ad8b-7a90-e4ee62368cd3" testName="ThenCanParseResultsFormatWithShortFormSuccessfully(&quot;xunit2&quot;,xUnit2)" computerName="ERICCARLSONBBE6" duration="00:00:00.0007739" startTime="2022-05-09T16:19:22.7808460-04:00" endTime="2022-05-09T16:19:22.7816195-04:00" testType="13cdc9d9-ddb5-4fa4-a97d-d965ccfc6d4b" outcome="Passed" testListId="8c84fa94-04c1-424b-9868-57a2d4851a1d" relativeResultsDirectory="c625373a-e170-476e-81be-6c9c368a8d2b" />
    <UnitTestResult executionId="def532cf-751a-43ff-9bf1-cf7af390b709" testId="f4f1cc4a-df08-6e29-9d02-c2cb8938f99a" testName="ThenCanParseResultsFormatWithLongFormSuccessfully(&quot;nunit3&quot;,NUnit3)" computerName="ERICCARLSONBBE6" duration="00:00:00.0007500" startTime="2022-05-09T16:19:22.7686625-04:00" endTime="2022-05-09T16:19:22.7694125-04:00" testType="13cdc9d9-ddb5-4fa4-a97d-d965ccfc6d4b" outcome="Passed" testListId="8c84fa94-04c1-424b-9868-57a2d4851a1d" relativeResultsDirectory="def532cf-751a-43ff-9bf1-cf7af390b709" />
    <UnitTestResult executionId="b9a63bfe-e6c6-443b-bb6c-3f14c0d2e794" testId="9b95c832-12a1-dd0c-d813-9b9c55bc5be7" testName="ThenCanParseResultsFormatWithLongFormSuccessfully(&quot;nunit&quot;,NUnit)" computerName="ERICCARLSONBBE6" duration="00:00:00.0007850" startTime="2022-05-09T16:19:22.7678455-04:00" endTime="2022-05-09T16:19:22.7686307-04:00" testType="13cdc9d9-ddb5-4fa4-a97d-d965ccfc6d4b" outcome="Passed" testListId="8c84fa94-04c1-424b-9868-57a2d4851a1d" relativeResultsDirectory="b9a63bfe-e6c6-443b-bb6c-3f14c0d2e794" />
    <UnitTestResult executionId="599396f7-a6ed-4df4-9c5e-ac5ae53a95b2" testId="8e1263c8-41c8-6a86-58fa-1165bc338df7" testName="ThenCanParseMultipleResultsFilesWithWildCardWhereNoMatchIsExcluded" computerName="ERICCARLSONBBE6" duration="00:00:00.0013690" startTime="2022-05-09T16:19:22.7471734-04:00" endTime="2022-05-09T16:19:22.7485428-04:00" testType="13cdc9d9-ddb5-4fa4-a97d-d965ccfc6d4b" outcome="Passed" testListId="8c84fa94-04c1-424b-9868-57a2d4851a1d" relativeResultsDirectory="599396f7-a6ed-4df4-9c5e-ac5ae53a95b2" />
    <UnitTestResult executionId="63ec7c01-3c01-4be2-ba17-d9f95039a49a" testId="6c6fa077-38de-29df-ea1d-0e7127f24864" testName="ThenCanParseResultsFormatWithShortFormSuccessfully(&quot;specrun&quot;,SpecRun)" computerName="ERICCARLSONBBE6" duration="00:00:00.0008230" startTime="2022-05-09T16:19:22.7824152-04:00" endTime="2022-05-09T16:19:22.7832381-04:00" testType="13cdc9d9-ddb5-4fa4-a97d-d965ccfc6d4b" outcome="Passed" testListId="8c84fa94-04c1-424b-9868-57a2d4851a1d" relativeResultsDirectory="63ec7c01-3c01-4be2-ba17-d9f95039a49a" />
    <UnitTestResult executionId="7fa9ce9e-69ea-4828-8fea-b1edc637182f" testId="4c0d74ee-a4a4-0155-6f3c-7f63d1173421" testName="ThenCanParseResultsFileWithShortFormSuccessfully" computerName="ERICCARLSONBBE6" duration="00:00:00.0013480" startTime="2022-05-09T16:19:22.7621196-04:00" endTime="2022-05-09T16:19:22.7634671-04:00" testType="13cdc9d9-ddb5-4fa4-a97d-d965ccfc6d4b" outcome="Passed" testListId="8c84fa94-04c1-424b-9868-57a2d4851a1d" relativeResultsDirectory="7fa9ce9e-69ea-4828-8fea-b1edc637182f" />
    <UnitTestResult executionId="cc0c183c-2bc2-420a-9c8b-43affbbd3cd7" testId="f22fa231-8de3-a216-58e1-8a185fe39b3a" testName="ThenCanParseExcelDocumentationFormatWithShortFormSuccessfully" computerName="ERICCARLSONBBE6" duration="00:00:00.0011390" startTime="2022-05-09T16:19:22.6648990-04:00" endTime="2022-05-09T16:19:22.6660379-04:00" testType="13cdc9d9-ddb5-4fa4-a97d-d965ccfc6d4b" outcome="Passed" testListId="8c84fa94-04c1-424b-9868-57a2d4851a1d" relativeResultsDirectory="cc0c183c-2bc2-420a-9c8b-43affbbd3cd7" />
    <UnitTestResult executionId="8a4a188a-cffd-4570-8e67-08dbdf685989" testId="22d85d4c-6dbb-10ab-b5a3-f3269d2438c6" testName="ThenCanParseResultsFormatWithLongFormSuccessfully(&quot;xunit1&quot;,XUnit1)" computerName="ERICCARLSONBBE6" duration="00:00:00.0007960" startTime="2022-05-09T16:19:22.7702067-04:00" endTime="2022-05-09T16:19:22.7710026-04:00" testType="13cdc9d9-ddb5-4fa4-a97d-d965ccfc6d4b" outcome="Passed" testListId="8c84fa94-04c1-424b-9868-57a2d4851a1d" relativeResultsDirectory="8a4a188a-cffd-4570-8e67-08dbdf685989" />
    <UnitTestResult executionId="aed326c7-28a2-45f0-bbd0-1b26d286c1af" testId="4eb22d04-3e24-cc5d-6bfc-45857e8a3902" testName="ThenCanParseResultsFormatWithLongFormSuccessfully(&quot;xunit&quot;,XUnit)" computerName="ERICCARLSONBBE6" duration="00:00:00.0007339" startTime="2022-05-09T16:19:22.7694419-04:00" endTime="2022-05-09T16:19:22.7701755-04:00" testType="13cdc9d9-ddb5-4fa4-a97d-d965ccfc6d4b" outcome="Passed" testListId="8c84fa94-04c1-424b-9868-57a2d4851a1d" relativeResultsDirectory="aed326c7-28a2-45f0-bbd0-1b26d286c1af" />
    <UnitTestResult executionId="b6246140-f8d2-41e6-90ba-a8315059c0c1" testId="0d69365c-4d30-3f5d-cab9-49069b201831" testName="ThenCanParseHelpRequestWithShortFormSuccessfully" computerName="ERICCARLSONBBE6" duration="00:00:00.0052320" startTime="2022-05-09T16:19:22.6737052-04:00" endTime="2022-05-09T16:19:22.6789375-04:00" testType="13cdc9d9-ddb5-4fa4-a97d-d965ccfc6d4b" outcome="Passed" testListId="8c84fa94-04c1-424b-9868-57a2d4851a1d" relativeResultsDirectory="b6246140-f8d2-41e6-90ba-a8315059c0c1" />
    <UnitTestResult executionId="68b35f6e-bffd-4955-b800-ca04f0c699f4" testId="71cdd67d-bb4c-4c14-28d6-e96b31d03990" testName="ThenCanParseLongFeatureBaseUriSuccessfully" computerName="ERICCARLSONBBE6" duration="00:00:00.0026310" startTime="2022-05-09T16:19:22.6811302-04:00" endTime="2022-05-09T16:19:22.6837612-04:00" testType="13cdc9d9-ddb5-4fa4-a97d-d965ccfc6d4b" outcome="Passed" testListId="8c84fa94-04c1-424b-9868-57a2d4851a1d" relativeResultsDirectory="68b35f6e-bffd-4955-b800-ca04f0c699f4" />
    <UnitTestResult executionId="30f66575-1b86-4b18-961a-02a5a9afbc24" testId="1f593c2d-08ac-eb3f-ea26-17c56e86051c" testName="ThenInputAndOutputDirectoryAreSetToTheCurrentDirectory" computerName="ERICCARLSONBBE6" duration="00:00:00.0009640" startTime="2022-05-09T16:19:22.7899791-04:00" endTime="2022-05-09T16:19:22.7909430-04:00" testType="13cdc9d9-ddb5-4fa4-a97d-d965ccfc6d4b" outcome="Passed" testListId="8c84fa94-04c1-424b-9868-57a2d4851a1d" relativeResultsDirectory="30f66575-1b86-4b18-961a-02a5a9afbc24" />
    <UnitTestResult executionId="c558c13a-7dad-4c40-a0a9-c4dd5de49149" testId="a4fa417d-e95a-7a1f-a1c7-bce00a40345c" testName="ThenCanParseHelpRequestWithLongFormSuccessfully" computerName="ERICCARLSONBBE6" duration="00:00:00.0065620" startTime="2022-05-09T16:19:22.6660495-04:00" endTime="2022-05-09T16:19:22.6726119-04:00" testType="13cdc9d9-ddb5-4fa4-a97d-d965ccfc6d4b" outcome="Passed" testListId="8c84fa94-04c1-424b-9868-57a2d4851a1d" relativeResultsDirectory="c558c13a-7dad-4c40-a0a9-c4dd5de49149" />
    <UnitTestResult executionId="5ac8ae30-f412-4eca-85ae-397e82a38aac" testId="eaa4848e-0559-2885-f044-c2a62f5dab86" testName="ThenNoExceptionIsThrownWhenResultsFileIsDir" computerName="ERICCARLSONBBE6" duration="00:00:00.0043300" startTime="2022-05-09T16:19:22.7909747-04:00" endTime="2022-05-09T16:19:22.7953041-04:00" testType="13cdc9d9-ddb5-4fa4-a97d-d965ccfc6d4b" outcome="Passed" testListId="8c84fa94-04c1-424b-9868-57a2d4851a1d" relativeResultsDirectory="5ac8ae30-f412-4eca-85ae-397e82a38aac" />
    <UnitTestResult executionId="f558f4a7-f687-422a-8835-bdc0fb124d04" testId="515a2015-9e64-a8ba-ec33-d67af30ec048" testName="ThenCanParseResultsFormatWithShortFormSuccessfully(&quot;mstest&quot;,MsTest)" computerName="ERICCARLSONBBE6" duration="00:00:00.0008320" startTime="2022-05-09T16:19:22.7755516-04:00" endTime="2022-05-09T16:19:22.7763834-04:00" testType="13cdc9d9-ddb5-4fa4-a97d-d965ccfc6d4b" outcome="Passed" testListId="8c84fa94-04c1-424b-9868-57a2d4851a1d" relativeResultsDirectory="f558f4a7-f687-422a-8835-bdc0fb124d04" />
    <UnitTestResult executionId="22dd10e0-2934-4185-8419-4a130bdffe71" testId="0dd479fe-4c5f-bf74-a09b-43464ada53bd" testName="ThenCanParseResultsFormatWithLongFormSuccessfully(&quot;specrun&quot;,SpecRun)" computerName="ERICCARLSONBBE6" duration="00:00:00.0007010" startTime="2022-05-09T16:19:22.7725813-04:00" endTime="2022-05-09T16:19:22.7732819-04:00" testType="13cdc9d9-ddb5-4fa4-a97d-d965ccfc6d4b" outcome="Passed" testListId="8c84fa94-04c1-424b-9868-57a2d4851a1d" relativeResultsDirectory="22dd10e0-2934-4185-8419-4a130bdffe71" />
    <UnitTestResult executionId="94f43964-6bc1-4d6c-9e9c-28007766d15d" testId="c63d1051-ceeb-8f03-98f3-b5dc3d4afad0" testName="ThenCanParseShortFeatureBaseUriSuccessfully" computerName="ERICCARLSONBBE6" duration="00:00:00.0009410" startTime="2022-05-09T16:19:22.7850757-04:00" endTime="2022-05-09T16:19:22.7860168-04:00" testType="13cdc9d9-ddb5-4fa4-a97d-d965ccfc6d4b" outcome="Passed" testListId="8c84fa94-04c1-424b-9868-57a2d4851a1d" relativeResultsDirectory="94f43964-6bc1-4d6c-9e9c-28007766d15d" />
    <UnitTestResult executionId="24b0d68b-6a49-46a2-9c03-50245cb14fb9" testId="bf2e9fb1-5599-d2c0-6e19-a6a1dcbc1deb" testName="ThenCanParseResultsFileAsSemicolonSeparatedListAndTestResultsFileContainsTheFirstElementOfTestResultsFiles" computerName="ERICCARLSONBBE6" duration="00:00:00.0014300" startTime="2022-05-09T16:19:22.7500101-04:00" endTime="2022-05-09T16:19:22.7514397-04:00" testType="13cdc9d9-ddb5-4fa4-a97d-d965ccfc6d4b" outcome="Passed" testListId="8c84fa94-04c1-424b-9868-57a2d4851a1d" relativeResultsDirectory="24b0d68b-6a49-46a2-9c03-50245cb14fb9" />
    <UnitTestResult executionId="fc1ceb12-669d-48fa-a260-7391c6d5b0c4" testId="2c5e222a-1647-8409-7866-5ad600a37681" testName="ThenCanParseShortExcludeTagsSuccessfully" computerName="ERICCARLSONBBE6" duration="00:00:00.0009560" startTime="2022-05-09T16:19:22.7840898-04:00" endTime="2022-05-09T16:19:22.7850451-04:00" testType="13cdc9d9-ddb5-4fa4-a97d-d965ccfc6d4b" outcome="Passed" testListId="8c84fa94-04c1-424b-9868-57a2d4851a1d" relativeResultsDirectory="fc1ceb12-669d-48fa-a260-7391c6d5b0c4" />
    <UnitTestResult executionId="e492f2a0-d272-4361-bcd6-13dbfea41795" testId="762b97c6-0e84-7701-a4ed-7885e84d9b93" testName="ThenCanParseResultsFileAsSemicolonSeparatedList" computerName="ERICCARLSONBBE6" duration="00:00:00.0014050" startTime="2022-05-09T16:19:22.7485726-04:00" endTime="2022-05-09T16:19:22.7499773-04:00" testType="13cdc9d9-ddb5-4fa4-a97d-d965ccfc6d4b" outcome="Passed" testListId="8c84fa94-04c1-424b-9868-57a2d4851a1d" relativeResultsDirectory="e492f2a0-d272-4361-bcd6-13dbfea41795" />
    <UnitTestResult executionId="94e62d55-032a-4c24-b636-2a593907db9c" testId="ddd1faaa-8474-bed3-663a-443138340384" testName="ThenCanParseResultsFormatWithShortFormSuccessfully(&quot;cucumberjson&quot;,CucumberJson)" computerName="ERICCARLSONBBE6" duration="00:00:00.0007480" startTime="2022-05-09T16:19:22.7816555-04:00" endTime="2022-05-09T16:19:22.7824030-04:00" testType="13cdc9d9-ddb5-4fa4-a97d-d965ccfc6d4b" outcome="Passed" testListId="8c84fa94-04c1-424b-9868-57a2d4851a1d" relativeResultsDirectory="94e62d55-032a-4c24-b636-2a593907db9c" />
    <UnitTestResult executionId="88d4fa70-241c-4ef3-bf42-ef25988ba233" testId="4f90bc03-9c22-3cb6-996f-0ead2a3ac7ae" testName="ThenCanParseResultsFileAsSemicolonSeparatedListThatStartsWithASemicolon" computerName="ERICCARLSONBBE6" duration="00:00:00.0015570" startTime="2022-05-09T16:19:22.7532635-04:00" endTime="2022-05-09T16:19:22.7548206-04:00" testType="13cdc9d9-ddb5-4fa4-a97d-d965ccfc6d4b" outcome="Passed" testListId="8c84fa94-04c1-424b-9868-57a2d4851a1d" relativeResultsDirectory="88d4fa70-241c-4ef3-bf42-ef25988ba233" />
    <UnitTestResult executionId="5729350a-04b5-4f16-b5bd-74660bbd79fc" testId="a9022e46-69d3-4225-7e9f-d450c40b211a" testName="ThenCanParseMultipleResultsFilesWithWildCardAndSemicolon" computerName="ERICCARLSONBBE6" duration="00:00:00.0017860" startTime="2022-05-09T16:19:22.7437780-04:00" endTime="2022-05-09T16:19:22.7455644-04:00" testType="13cdc9d9-ddb5-4fa4-a97d-d965ccfc6d4b" outcome="Passed" testListId="8c84fa94-04c1-424b-9868-57a2d4851a1d" relativeResultsDirectory="5729350a-04b5-4f16-b5bd-74660bbd79fc" />
    <UnitTestResult executionId="1320ad1e-0946-4729-8a4b-689e1d15e4bb" testId="fc58252f-e76b-39d9-6323-de78122c7066" testName="ThenCanParseMultipleResultsFilesWithWildCardsAndSemicolonWhenSomeHaveNoMatch" computerName="ERICCARLSONBBE6" duration="00:00:00.0015430" startTime="2022-05-09T16:19:22.7455969-04:00" endTime="2022-05-09T16:19:22.7471401-04:00" testType="13cdc9d9-ddb5-4fa4-a97d-d965ccfc6d4b" outcome="Passed" testListId="8c84fa94-04c1-424b-9868-57a2d4851a1d" relativeResultsDirectory="1320ad1e-0946-4729-8a4b-689e1d15e4bb" />
    <UnitTestResult executionId="8f6a0770-c429-4ed2-a4c4-53495e874550" testId="f31b08c7-de79-cc6d-4377-211c81bf0669" testName="ThenCanParseResultsFormatWithShortFormSuccessfully(&quot;nunit&quot;,NUnit)" computerName="ERICCARLSONBBE6" duration="00:00:00.0007240" startTime="2022-05-09T16:19:22.7764128-04:00" endTime="2022-05-09T16:19:22.7771370-04:00" testType="13cdc9d9-ddb5-4fa4-a97d-d965ccfc6d4b" outcome="Passed" testListId="8c84fa94-04c1-424b-9868-57a2d4851a1d" relativeResultsDirectory="8f6a0770-c429-4ed2-a4c4-53495e874550" />
    <UnitTestResult executionId="decbe52f-bbc0-4c44-8495-65b9b5e6cade" testId="d59b29a7-7ca5-9d6f-00d5-a094c1d51ee9" testName="ThenCanParseResultsFormatWithShortFormSuccessfully(&quot;xunit1&quot;,XUnit1)" computerName="ERICCARLSONBBE6" duration="00:00:00.0019780" startTime="2022-05-09T16:19:22.7788362-04:00" endTime="2022-05-09T16:19:22.7808142-04:00" testType="13cdc9d9-ddb5-4fa4-a97d-d965ccfc6d4b" outcome="Passed" testListId="8c84fa94-04c1-424b-9868-57a2d4851a1d" relativeResultsDirectory="decbe52f-bbc0-4c44-8495-65b9b5e6cade" />
    <UnitTestResult executionId="ed6295f5-9b1f-45b1-be53-2eac1c285df4" testId="68c5df64-32c1-5ede-f890-4d40dd8a8c9f" testName="ThenCanParseResultsFileWithLongFormSuccessfully" computerName="ERICCARLSONBBE6" duration="00:00:00.0012130" startTime="2022-05-09T16:19:22.7608744-04:00" endTime="2022-05-09T16:19:22.7620873-04:00" testType="13cdc9d9-ddb5-4fa4-a97d-d965ccfc6d4b" outcome="Passed" testListId="8c84fa94-04c1-424b-9868-57a2d4851a1d" relativeResultsDirectory="ed6295f5-9b1f-45b1-be53-2eac1c285df4" />
    <UnitTestResult executionId="ab3cbe6e-975f-4c8a-aba4-a024d07da80a" testId="8df7f7c3-2a09-e5a9-4b22-1b2fdcd78402" testName="ThenCanParseLongExcludeTagsSuccessfully" computerName="ERICCARLSONBBE6" duration="00:00:00.0021370" startTime="2022-05-09T16:19:22.6789648-04:00" endTime="2022-05-09T16:19:22.6811016-04:00" testType="13cdc9d9-ddb5-4fa4-a97d-d965ccfc6d4b" outcome="Passed" testListId="8c84fa94-04c1-424b-9868-57a2d4851a1d" relativeResultsDirectory="ab3cbe6e-975f-4c8a-aba4-a024d07da80a" />
    <UnitTestResult executionId="e9df99a8-3df4-44cd-8710-c68abf4b4e67" testId="0c141315-43d3-b684-eb68-acfa95ded382" testName="ThenCanParseResultsFormatWithLongFormSuccessfully(&quot;vstest&quot;,VsTest)" computerName="ERICCARLSONBBE6" duration="00:00:00.0007410" startTime="2022-05-09T16:19:22.7733129-04:00" endTime="2022-05-09T16:19:22.7740540-04:00" testType="13cdc9d9-ddb5-4fa4-a97d-d965ccfc6d4b" outcome="Passed" testListId="8c84fa94-04c1-424b-9868-57a2d4851a1d" relativeResultsDirectory="e9df99a8-3df4-44cd-8710-c68abf4b4e67" />
  </Results>
  <TestDefinitions>
    <UnitTest name="ThenCanParseResultsFormatWithLongFormSuccessfully(&quot;xunit2&quot;,xUnit2)" storage="c:\users\ericcarlson\documents\github\pickles\src\pickles.commandline.unittests\bin\debug\net6.0\picklesdoc.pickles.commandline.unittests.dll" id="1cc8f4ed-5df6-59e2-d4e5-7d9bd151e558">
      <Execution id="f92231dd-f836-45bf-a495-e6cb2cb86f7b" />
      <TestMethod codeBase="C:\Users\ericcarlson\Documents\GitHub\pickles\src\Pickles.CommandLine.UnitTests\bin\Debug\net6.0\PicklesDoc.Pickles.CommandLine.UnitTests.dll" adapterTypeName="executor://nunit3testexecutor/" className="PicklesDoc.Pickles.CommandLine.UnitTests.WhenParsingCommandLineArguments" name="ThenCanParseResultsFormatWithLongFormSuccessfully(&quot;xunit2&quot;,xUnit2)" />
    </UnitTest>
    <UnitTest name="ThenCanParseResultsFormatWithShortFormSuccessfully(&quot;xunit1&quot;,XUnit1)" storage="c:\users\ericcarlson\documents\github\pickles\src\pickles.commandline.unittests\bin\debug\net6.0\picklesdoc.pickles.commandline.unittests.dll" id="d59b29a7-7ca5-9d6f-00d5-a094c1d51ee9">
      <Execution id="decbe52f-bbc0-4c44-8495-65b9b5e6cade" />
      <TestMethod codeBase="C:\Users\ericcarlson\Documents\GitHub\pickles\src\Pickles.CommandLine.UnitTests\bin\Debug\net6.0\PicklesDoc.Pickles.CommandLine.UnitTests.dll" adapterTypeName="executor://nunit3testexecutor/" className="PicklesDoc.Pickles.CommandLine.UnitTests.WhenParsingCommandLineArguments" name="ThenCanParseResultsFormatWithShortFormSuccessfully(&quot;xunit1&quot;,XUnit1)" />
    </UnitTest>
    <UnitTest name="ThenCanParseLongHideTagsSuccessfully" storage="c:\users\ericcarlson\documents\github\pickles\src\pickles.commandline.unittests\bin\debug\net6.0\picklesdoc.pickles.commandline.unittests.dll" id="9660de6c-eec3-3258-2e8c-1f12b2daa4ae">
      <Execution id="e83a0fd9-2ab4-47e9-ac49-4d764cef02b3" />
      <TestMethod codeBase="C:\Users\ericcarlson\Documents\GitHub\pickles\src\Pickles.CommandLine.UnitTests\bin\Debug\net6.0\PicklesDoc.Pickles.CommandLine.UnitTests.dll" adapterTypeName="executor://nunit3testexecutor/" className="PicklesDoc.Pickles.CommandLine.UnitTests.WhenParsingCommandLineArguments" name="ThenCanParseLongHideTagsSuccessfully" />
    </UnitTest>
    <UnitTest name="ThenCanParseLongFormArgumentsSuccessfully" storage="c:\users\ericcarlson\documents\github\pickles\src\pickles.commandline.unittests\bin\debug\net6.0\picklesdoc.pickles.commandline.unittests.dll" id="02744fa5-6fa9-9771-a99c-b02de44495ff">
      <Execution id="28766967-8b38-49ab-8717-5db726e46c5c" />
      <TestMethod codeBase="C:\Users\ericcarlson\Documents\GitHub\pickles\src\Pickles.CommandLine.UnitTests\bin\Debug\net6.0\PicklesDoc.Pickles.CommandLine.UnitTests.dll" adapterTypeName="executor://nunit3testexecutor/" className="PicklesDoc.Pickles.CommandLine.UnitTests.WhenParsingCommandLineArguments" name="ThenCanParseLongFormArgumentsSuccessfully" />
    </UnitTest>
    <UnitTest name="ThenCanParseResultsFileAsSemicolonSeparatedListThatStartsWithASemicolon" storage="c:\users\ericcarlson\documents\github\pickles\src\pickles.commandline.unittests\bin\debug\net6.0\picklesdoc.pickles.commandline.unittests.dll" id="4f90bc03-9c22-3cb6-996f-0ead2a3ac7ae">
      <Execution id="88d4fa70-241c-4ef3-bf42-ef25988ba233" />
      <TestMethod codeBase="C:\Users\ericcarlson\Documents\GitHub\pickles\src\Pickles.CommandLine.UnitTests\bin\Debug\net6.0\PicklesDoc.Pickles.CommandLine.UnitTests.dll" adapterTypeName="executor://nunit3testexecutor/" className="PicklesDoc.Pickles.CommandLine.UnitTests.WhenParsingCommandLineArguments" name="ThenCanParseResultsFileAsSemicolonSeparatedListThatStartsWithASemicolon" />
    </UnitTest>
    <UnitTest name="ThenCanParseResultsFormatWithLongFormSuccessfully(&quot;xunit1&quot;,XUnit1)" storage="c:\users\ericcarlson\documents\github\pickles\src\pickles.commandline.unittests\bin\debug\net6.0\picklesdoc.pickles.commandline.unittests.dll" id="22d85d4c-6dbb-10ab-b5a3-f3269d2438c6">
      <Execution id="8a4a188a-cffd-4570-8e67-08dbdf685989" />
      <TestMethod codeBase="C:\Users\ericcarlson\Documents\GitHub\pickles\src\Pickles.CommandLine.UnitTests\bin\Debug\net6.0\PicklesDoc.Pickles.CommandLine.UnitTests.dll" adapterTypeName="executor://nunit3testexecutor/" className="PicklesDoc.Pickles.CommandLine.UnitTests.WhenParsingCommandLineArguments" name="ThenCanParseResultsFormatWithLongFormSuccessfully(&quot;xunit1&quot;,XUnit1)" />
    </UnitTest>
    <UnitTest name="ThenCanParseShortExcludeTagsSuccessfully" storage="c:\users\ericcarlson\documents\github\pickles\src\pickles.commandline.unittests\bin\debug\net6.0\picklesdoc.pickles.commandline.unittests.dll" id="2c5e222a-1647-8409-7866-5ad600a37681">
      <Execution id="fc1ceb12-669d-48fa-a260-7391c6d5b0c4" />
      <TestMethod codeBase="C:\Users\ericcarlson\Documents\GitHub\pickles\src\Pickles.CommandLine.UnitTests\bin\Debug\net6.0\PicklesDoc.Pickles.CommandLine.UnitTests.dll" adapterTypeName="executor://nunit3testexecutor/" className="PicklesDoc.Pickles.CommandLine.UnitTests.WhenParsingCommandLineArguments" name="ThenCanParseShortExcludeTagsSuccessfully" />
    </UnitTest>
    <UnitTest name="ThenCanParseResultsFileWithShortFormSuccessfully" storage="c:\users\ericcarlson\documents\github\pickles\src\pickles.commandline.unittests\bin\debug\net6.0\picklesdoc.pickles.commandline.unittests.dll" id="4c0d74ee-a4a4-0155-6f3c-7f63d1173421">
      <Execution id="7fa9ce9e-69ea-4828-8fea-b1edc637182f" />
      <TestMethod codeBase="C:\Users\ericcarlson\Documents\GitHub\pickles\src\Pickles.CommandLine.UnitTests\bin\Debug\net6.0\PicklesDoc.Pickles.CommandLine.UnitTests.dll" adapterTypeName="executor://nunit3testexecutor/" className="PicklesDoc.Pickles.CommandLine.UnitTests.WhenParsingCommandLineArguments" name="ThenCanParseResultsFileWithShortFormSuccessfully" />
    </UnitTest>
    <UnitTest name="ThenCanParseVersionRequestShortFormSuccessfully" storage="c:\users\ericcarlson\documents\github\pickles\src\pickles.commandline.unittests\bin\debug\net6.0\picklesdoc.pickles.commandline.unittests.dll" id="8a6da681-14e9-3512-521e-22acb0ced795">
      <Execution id="4c1c4555-b159-41b5-8a8c-656916e1384c" />
      <TestMethod codeBase="C:\Users\ericcarlson\Documents\GitHub\pickles\src\Pickles.CommandLine.UnitTests\bin\Debug\net6.0\PicklesDoc.Pickles.CommandLine.UnitTests.dll" adapterTypeName="executor://nunit3testexecutor/" className="PicklesDoc.Pickles.CommandLine.UnitTests.WhenParsingCommandLineArguments" name="ThenCanParseVersionRequestShortFormSuccessfully" />
    </UnitTest>
    <UnitTest name="ThenCanParseResultsFileAsSemicolonSeparatedListThatEndsWithASemicolon" storage="c:\users\ericcarlson\documents\github\pickles\src\pickles.commandline.unittests\bin\debug\net6.0\picklesdoc.pickles.commandline.unittests.dll" id="6db80d44-6cb8-8e13-b69b-abf2d5a5486f">
      <Execution id="75d00e7c-2823-4972-a6b9-19c380ff8b47" />
      <TestMethod codeBase="C:\Users\ericcarlson\Documents\GitHub\pickles\src\Pickles.CommandLine.UnitTests\bin\Debug\net6.0\PicklesDoc.Pickles.CommandLine.UnitTests.dll" adapterTypeName="executor://nunit3testexecutor/" className="PicklesDoc.Pickles.CommandLine.UnitTests.WhenParsingCommandLineArguments" name="ThenCanParseResultsFileAsSemicolonSeparatedListThatEndsWithASemicolon" />
    </UnitTest>
    <UnitTest name="ThenSetsLanguageToEnglishByDefault" storage="c:\users\ericcarlson\documents\github\pickles\src\pickles.commandline.unittests\bin\debug\net6.0\picklesdoc.pickles.commandline.unittests.dll" id="3dd8862b-c173-46d6-efda-e3708fc7883e">
      <Execution id="7fcd373e-5761-4c3f-ab88-48c1b97f5bfa" />
      <TestMethod codeBase="C:\Users\ericcarlson\Documents\GitHub\pickles\src\Pickles.CommandLine.UnitTests\bin\Debug\net6.0\PicklesDoc.Pickles.CommandLine.UnitTests.dll" adapterTypeName="executor://nunit3testexecutor/" className="PicklesDoc.Pickles.CommandLine.UnitTests.WhenParsingCommandLineArguments" name="ThenSetsLanguageToEnglishByDefault" />
    </UnitTest>
    <UnitTest name="ThenCanParseResultsFilesWithMultipleMatchesResolvingInSingleMatch" storage="c:\users\ericcarlson\documents\github\pickles\src\pickles.commandline.unittests\bin\debug\net6.0\picklesdoc.pickles.commandline.unittests.dll" id="d519a718-a5af-b718-0d02-3651b1e50e25">
      <Execution id="3e5e636c-d73c-49e0-809a-25f7f486a6df" />
      <TestMethod codeBase="C:\Users\ericcarlson\Documents\GitHub\pickles\src\Pickles.CommandLine.UnitTests\bin\Debug\net6.0\PicklesDoc.Pickles.CommandLine.UnitTests.dll" adapterTypeName="executor://nunit3testexecutor/" className="PicklesDoc.Pickles.CommandLine.UnitTests.WhenParsingCommandLineArguments" name="ThenCanParseResultsFilesWithMultipleMatchesResolvingInSingleMatch" />
    </UnitTest>
    <UnitTest name="ThenInputAndOutputDirectoryAreSetToTheCurrentDirectory" storage="c:\users\ericcarlson\documents\github\pickles\src\pickles.commandline.unittests\bin\debug\net6.0\picklesdoc.pickles.commandline.unittests.dll" id="1f593c2d-08ac-eb3f-ea26-17c56e86051c">
      <Execution id="30f66575-1b86-4b18-961a-02a5a9afbc24" />
      <TestMethod codeBase="C:\Users\ericcarlson\Documents\GitHub\pickles\src\Pickles.CommandLine.UnitTests\bin\Debug\net6.0\PicklesDoc.Pickles.CommandLine.UnitTests.dll" adapterTypeName="executor://nunit3testexecutor/" className="PicklesDoc.Pickles.CommandLine.UnitTests.WhenParsingCommandLineArguments" name="ThenInputAndOutputDirectoryAreSetToTheCurrentDirectory" />
    </UnitTest>
    <UnitTest name="ThenCanParseResultsFormatWithLongFormSuccessfully(&quot;cucumberjson&quot;,CucumberJson)" storage="c:\users\ericcarlson\documents\github\pickles\src\pickles.commandline.unittests\bin\debug\net6.0\picklesdoc.pickles.commandline.unittests.dll" id="4bf32c86-223f-197e-0dfd-ab5347605437">
      <Execution id="f7331ca3-8f58-4661-a4c1-acc3154464fa" />
      <TestMethod codeBase="C:\Users\ericcarlson\Documents\GitHub\pickles\src\Pickles.CommandLine.UnitTests\bin\Debug\net6.0\PicklesDoc.Pickles.CommandLine.UnitTests.dll" adapterTypeName="executor://nunit3testexecutor/" className="PicklesDoc.Pickles.CommandLine.UnitTests.WhenParsingCommandLineArguments" name="ThenCanParseResultsFormatWithLongFormSuccessfully(&quot;cucumberjson&quot;,CucumberJson)" />
    </UnitTest>
    <UnitTest name="ThenCanParseResultsFormatWithShortFormSuccessfully(&quot;specrun&quot;,SpecRun)" storage="c:\users\ericcarlson\documents\github\pickles\src\pickles.commandline.unittests\bin\debug\net6.0\picklesdoc.pickles.commandline.unittests.dll" id="6c6fa077-38de-29df-ea1d-0e7127f24864">
      <Execution id="63ec7c01-3c01-4be2-ba17-d9f95039a49a" />
      <TestMethod codeBase="C:\Users\ericcarlson\Documents\GitHub\pickles\src\Pickles.CommandLine.UnitTests\bin\Debug\net6.0\PicklesDoc.Pickles.CommandLine.UnitTests.dll" adapterTypeName="executor://nunit3testexecutor/" className="PicklesDoc.Pickles.CommandLine.UnitTests.WhenParsingCommandLineArguments" name="ThenCanParseResultsFormatWithShortFormSuccessfully(&quot;specrun&quot;,SpecRun)" />
    </UnitTest>
    <UnitTest name="ThenCanParseExcelDocumentationFormatWithShortFormSuccessfully" storage="c:\users\ericcarlson\documents\github\pickles\src\pickles.commandline.unittests\bin\debug\net6.0\picklesdoc.pickles.commandline.unittests.dll" id="f22fa231-8de3-a216-58e1-8a185fe39b3a">
      <Execution id="cc0c183c-2bc2-420a-9c8b-43affbbd3cd7" />
      <TestMethod codeBase="C:\Users\ericcarlson\Documents\GitHub\pickles\src\Pickles.CommandLine.UnitTests\bin\Debug\net6.0\PicklesDoc.Pickles.CommandLine.UnitTests.dll" adapterTypeName="executor://nunit3testexecutor/" className="PicklesDoc.Pickles.CommandLine.UnitTests.WhenParsingCommandLineArguments" name="ThenCanParseExcelDocumentationFormatWithShortFormSuccessfully" />
    </UnitTest>
    <UnitTest name="ThenCanParseResultsFileAsSemicolonSeparatedListAndTestResultsFileContainsTheFirstElementOfTestResultsFiles" storage="c:\users\ericcarlson\documents\github\pickles\src\pickles.commandline.unittests\bin\debug\net6.0\picklesdoc.pickles.commandline.unittests.dll" id="bf2e9fb1-5599-d2c0-6e19-a6a1dcbc1deb">
      <Execution id="24b0d68b-6a49-46a2-9c03-50245cb14fb9" />
      <TestMethod codeBase="C:\Users\ericcarlson\Documents\GitHub\pickles\src\Pickles.CommandLine.UnitTests\bin\Debug\net6.0\PicklesDoc.Pickles.CommandLine.UnitTests.dll" adapterTypeName="executor://nunit3testexecutor/" className="PicklesDoc.Pickles.CommandLine.UnitTests.WhenParsingCommandLineArguments" name="ThenCanParseResultsFileAsSemicolonSeparatedListAndTestResultsFileContainsTheFirstElementOfTestResultsFiles" />
    </UnitTest>
    <UnitTest name="ThenCanParseResultsFileWithLongFormSuccessfully" storage="c:\users\ericcarlson\documents\github\pickles\src\pickles.commandline.unittests\bin\debug\net6.0\picklesdoc.pickles.commandline.unittests.dll" id="68c5df64-32c1-5ede-f890-4d40dd8a8c9f">
      <Execution id="ed6295f5-9b1f-45b1-be53-2eac1c285df4" />
      <TestMethod codeBase="C:\Users\ericcarlson\Documents\GitHub\pickles\src\Pickles.CommandLine.UnitTests\bin\Debug\net6.0\PicklesDoc.Pickles.CommandLine.UnitTests.dll" adapterTypeName="executor://nunit3testexecutor/" className="PicklesDoc.Pickles.CommandLine.UnitTests.WhenParsingCommandLineArguments" name="ThenCanParseResultsFileWithLongFormSuccessfully" />
    </UnitTest>
    <UnitTest name="ThenCanParseResultsFormatWithShortFormSuccessfully(&quot;nunit&quot;,NUnit)" storage="c:\users\ericcarlson\documents\github\pickles\src\pickles.commandline.unittests\bin\debug\net6.0\picklesdoc.pickles.commandline.unittests.dll" id="f31b08c7-de79-cc6d-4377-211c81bf0669">
      <Execution id="8f6a0770-c429-4ed2-a4c4-53495e874550" />
      <TestMethod codeBase="C:\Users\ericcarlson\Documents\GitHub\pickles\src\Pickles.CommandLine.UnitTests\bin\Debug\net6.0\PicklesDoc.Pickles.CommandLine.UnitTests.dll" adapterTypeName="executor://nunit3testexecutor/" className="PicklesDoc.Pickles.CommandLine.UnitTests.WhenParsingCommandLineArguments" name="ThenCanParseResultsFormatWithShortFormSuccessfully(&quot;nunit&quot;,NUnit)" />
    </UnitTest>
    <UnitTest name="ThenCanParseShortHideTagsSuccessfully" storage="c:\users\ericcarlson\documents\github\pickles\src\pickles.commandline.unittests\bin\debug\net6.0\picklesdoc.pickles.commandline.unittests.dll" id="4be5947a-f14c-036a-2ea3-643296d9d2ba">
      <Execution id="6e9d6d30-93c7-429b-b3c2-1c8434a287c9" />
      <TestMethod codeBase="C:\Users\ericcarlson\Documents\GitHub\pickles\src\Pickles.CommandLine.UnitTests\bin\Debug\net6.0\PicklesDoc.Pickles.CommandLine.UnitTests.dll" adapterTypeName="executor://nunit3testexecutor/" className="PicklesDoc.Pickles.CommandLine.UnitTests.WhenParsingCommandLineArguments" name="ThenCanParseShortHideTagsSuccessfully" />
    </UnitTest>
    <UnitTest name="ThenCanParseHelpRequestWithQuestionMarkSuccessfully" storage="c:\users\ericcarlson\documents\github\pickles\src\pickles.commandline.unittests\bin\debug\net6.0\picklesdoc.pickles.commandline.unittests.dll" id="e78a84d4-a81c-205e-6754-5d999ade48f8">
      <Execution id="6a4df1c6-6c42-4f90-a3b2-d5d538ae982e" />
      <TestMethod codeBase="C:\Users\ericcarlson\Documents\GitHub\pickles\src\Pickles.CommandLine.UnitTests\bin\Debug\net6.0\PicklesDoc.Pickles.CommandLine.UnitTests.dll" adapterTypeName="executor://nunit3testexecutor/" className="PicklesDoc.Pickles.CommandLine.UnitTests.WhenParsingCommandLineArguments" name="ThenCanParseHelpRequestWithQuestionMarkSuccessfully" />
    </UnitTest>
    <UnitTest name="ThenCanParseResultsFormatWithLongFormSuccessfully(&quot;nunit3&quot;,NUnit3)" storage="c:\users\ericcarlson\documents\github\pickles\src\pickles.commandline.unittests\bin\debug\net6.0\picklesdoc.pickles.commandline.unittests.dll" id="f4f1cc4a-df08-6e29-9d02-c2cb8938f99a">
      <Execution id="def532cf-751a-43ff-9bf1-cf7af390b709" />
      <TestMethod codeBase="C:\Users\ericcarlson\Documents\GitHub\pickles\src\Pickles.CommandLine.UnitTests\bin\Debug\net6.0\PicklesDoc.Pickles.CommandLine.UnitTests.dll" adapterTypeName="executor://nunit3testexecutor/" className="PicklesDoc.Pickles.CommandLine.UnitTests.WhenParsingCommandLineArguments" name="ThenCanParseResultsFormatWithLongFormSuccessfully(&quot;nunit3&quot;,NUnit3)" />
    </UnitTest>
    <UnitTest name="ThenCanParseMultipleResultsFilesWithWildCardWhereNoMatchIsExcluded" storage="c:\users\ericcarlson\documents\github\pickles\src\pickles.commandline.unittests\bin\debug\net6.0\picklesdoc.pickles.commandline.unittests.dll" id="8e1263c8-41c8-6a86-58fa-1165bc338df7">
      <Execution id="599396f7-a6ed-4df4-9c5e-ac5ae53a95b2" />
      <TestMethod codeBase="C:\Users\ericcarlson\Documents\GitHub\pickles\src\Pickles.CommandLine.UnitTests\bin\Debug\net6.0\PicklesDoc.Pickles.CommandLine.UnitTests.dll" adapterTypeName="executor://nunit3testexecutor/" className="PicklesDoc.Pickles.CommandLine.UnitTests.WhenParsingCommandLineArguments" name="ThenCanParseMultipleResultsFilesWithWildCardWhereNoMatchIsExcluded" />
    </UnitTest>
    <UnitTest name="ThenCanParseResultsFormatWithShortFormSuccessfully(&quot;cucumberjson&quot;,CucumberJson)" storage="c:\users\ericcarlson\documents\github\pickles\src\pickles.commandline.unittests\bin\debug\net6.0\picklesdoc.pickles.commandline.unittests.dll" id="ddd1faaa-8474-bed3-663a-443138340384">
      <Execution id="94e62d55-032a-4c24-b636-2a593907db9c" />
      <TestMethod codeBase="C:\Users\ericcarlson\Documents\GitHub\pickles\src\Pickles.CommandLine.UnitTests\bin\Debug\net6.0\PicklesDoc.Pickles.CommandLine.UnitTests.dll" adapterTypeName="executor://nunit3testexecutor/" className="PicklesDoc.Pickles.CommandLine.UnitTests.WhenParsingCommandLineArguments" name="ThenCanParseResultsFormatWithShortFormSuccessfully(&quot;cucumberjson&quot;,CucumberJson)" />
    </UnitTest>
    <UnitTest name="ThenCanParseResultsFormatWithShortFormSuccessfully(&quot;xunit2&quot;,xUnit2)" storage="c:\users\ericcarlson\documents\github\pickles\src\pickles.commandline.unittests\bin\debug\net6.0\picklesdoc.pickles.commandline.unittests.dll" id="ac913a0e-9c8f-ad8b-7a90-e4ee62368cd3">
      <Execution id="c625373a-e170-476e-81be-6c9c368a8d2b" />
      <TestMethod codeBase="C:\Users\ericcarlson\Documents\GitHub\pickles\src\Pickles.CommandLine.UnitTests\bin\Debug\net6.0\PicklesDoc.Pickles.CommandLine.UnitTests.dll" adapterTypeName="executor://nunit3testexecutor/" className="PicklesDoc.Pickles.CommandLine.UnitTests.WhenParsingCommandLineArguments" name="ThenCanParseResultsFormatWithShortFormSuccessfully(&quot;xunit2&quot;,xUnit2)" />
    </UnitTest>
    <UnitTest name="ThenCanParseResultsFormatWithShortFormSuccessfully(&quot;nunit3&quot;,NUnit3)" storage="c:\users\ericcarlson\documents\github\pickles\src\pickles.commandline.unittests\bin\debug\net6.0\picklesdoc.pickles.commandline.unittests.dll" id="4339dc42-b5d9-a7f8-6c7c-3fbef918e3cc">
      <Execution id="7d4378fb-990c-44fd-9546-8c5d58d21099" />
      <TestMethod codeBase="C:\Users\ericcarlson\Documents\GitHub\pickles\src\Pickles.CommandLine.UnitTests\bin\Debug\net6.0\PicklesDoc.Pickles.CommandLine.UnitTests.dll" adapterTypeName="executor://nunit3testexecutor/" className="PicklesDoc.Pickles.CommandLine.UnitTests.WhenParsingCommandLineArguments" name="ThenCanParseResultsFormatWithShortFormSuccessfully(&quot;nunit3&quot;,NUnit3)" />
    </UnitTest>
    <UnitTest name="ThenCanParseLongExcludeTagsSuccessfully" storage="c:\users\ericcarlson\documents\github\pickles\src\pickles.commandline.unittests\bin\debug\net6.0\picklesdoc.pickles.commandline.unittests.dll" id="8df7f7c3-2a09-e5a9-4b22-1b2fdcd78402">
      <Execution id="ab3cbe6e-975f-4c8a-aba4-a024d07da80a" />
      <TestMethod codeBase="C:\Users\ericcarlson\Documents\GitHub\pickles\src\Pickles.CommandLine.UnitTests\bin\Debug\net6.0\PicklesDoc.Pickles.CommandLine.UnitTests.dll" adapterTypeName="executor://nunit3testexecutor/" className="PicklesDoc.Pickles.CommandLine.UnitTests.WhenParsingCommandLineArguments" name="ThenCanParseLongExcludeTagsSuccessfully" />
    </UnitTest>
    <UnitTest name="ThenCanParseMultipleResultsFilesWithWildCardAndSemicolon" storage="c:\users\ericcarlson\documents\github\pickles\src\pickles.commandline.unittests\bin\debug\net6.0\picklesdoc.pickles.commandline.unittests.dll" id="a9022e46-69d3-4225-7e9f-d450c40b211a">
      <Execution id="5729350a-04b5-4f16-b5bd-74660bbd79fc" />
      <TestMethod codeBase="C:\Users\ericcarlson\Documents\GitHub\pickles\src\Pickles.CommandLine.UnitTests\bin\Debug\net6.0\PicklesDoc.Pickles.CommandLine.UnitTests.dll" adapterTypeName="executor://nunit3testexecutor/" className="PicklesDoc.Pickles.CommandLine.UnitTests.WhenParsingCommandLineArguments" name="ThenCanParseMultipleResultsFilesWithWildCardAndSemicolon" />
    </UnitTest>
    <UnitTest name="ThenCanParseResultsFormatWithLongFormSuccessfully(&quot;nunit&quot;,NUnit)" storage="c:\users\ericcarlson\documents\github\pickles\src\pickles.commandline.unittests\bin\debug\net6.0\picklesdoc.pickles.commandline.unittests.dll" id="9b95c832-12a1-dd0c-d813-9b9c55bc5be7">
      <Execution id="b9a63bfe-e6c6-443b-bb6c-3f14c0d2e794" />
      <TestMethod codeBase="C:\Users\ericcarlson\Documents\GitHub\pickles\src\Pickles.CommandLine.UnitTests\bin\Debug\net6.0\PicklesDoc.Pickles.CommandLine.UnitTests.dll" adapterTypeName="executor://nunit3testexecutor/" className="PicklesDoc.Pickles.CommandLine.UnitTests.WhenParsingCommandLineArguments" name="ThenCanParseResultsFormatWithLongFormSuccessfully(&quot;nunit&quot;,NUnit)" />
    </UnitTest>
    <UnitTest name="ThenCanParseShortFeatureBaseUriSuccessfully" storage="c:\users\ericcarlson\documents\github\pickles\src\pickles.commandline.unittests\bin\debug\net6.0\picklesdoc.pickles.commandline.unittests.dll" id="c63d1051-ceeb-8f03-98f3-b5dc3d4afad0">
      <Execution id="94f43964-6bc1-4d6c-9e9c-28007766d15d" />
      <TestMethod codeBase="C:\Users\ericcarlson\Documents\GitHub\pickles\src\Pickles.CommandLine.UnitTests\bin\Debug\net6.0\PicklesDoc.Pickles.CommandLine.UnitTests.dll" adapterTypeName="executor://nunit3testexecutor/" className="PicklesDoc.Pickles.CommandLine.UnitTests.WhenParsingCommandLineArguments" name="ThenCanParseShortFeatureBaseUriSuccessfully" />
    </UnitTest>
    <UnitTest name="ThenCanFilterOutNonExistingTestResultFiles" storage="c:\users\ericcarlson\documents\github\pickles\src\pickles.commandline.unittests\bin\debug\net6.0\picklesdoc.pickles.commandline.unittests.dll" id="d2c0d584-9c1d-862e-90aa-b91d6e3fa4c7">
      <Execution id="57ccb405-77e7-42c5-a678-3d0ca7edc736" />
      <TestMethod codeBase="C:\Users\ericcarlson\Documents\GitHub\pickles\src\Pickles.CommandLine.UnitTests\bin\Debug\net6.0\PicklesDoc.Pickles.CommandLine.UnitTests.dll" adapterTypeName="executor://nunit3testexecutor/" className="PicklesDoc.Pickles.CommandLine.UnitTests.WhenParsingCommandLineArguments" name="ThenCanFilterOutNonExistingTestResultFiles" />
    </UnitTest>
    <UnitTest name="ThenNoExceptionIsThrownWhenResultsFileIsDir" storage="c:\users\ericcarlson\documents\github\pickles\src\pickles.commandline.unittests\bin\debug\net6.0\picklesdoc.pickles.commandline.unittests.dll" id="eaa4848e-0559-2885-f044-c2a62f5dab86">
      <Execution id="5ac8ae30-f412-4eca-85ae-397e82a38aac" />
      <TestMethod codeBase="C:\Users\ericcarlson\Documents\GitHub\pickles\src\Pickles.CommandLine.UnitTests\bin\Debug\net6.0\PicklesDoc.Pickles.CommandLine.UnitTests.dll" adapterTypeName="executor://nunit3testexecutor/" className="PicklesDoc.Pickles.CommandLine.UnitTests.WhenParsingCommandLineArguments" name="ThenNoExceptionIsThrownWhenResultsFileIsDir" />
    </UnitTest>
    <UnitTest name="ThenCanParseExcelDocumentationFormatWithLongFormSuccessfully" storage="c:\users\ericcarlson\documents\github\pickles\src\pickles.commandline.unittests\bin\debug\net6.0\picklesdoc.pickles.commandline.unittests.dll" id="74a89751-e63b-0a42-dc81-231c95fc1332">
      <Execution id="177819eb-e5ed-40d3-8990-346c2bfede36" />
      <TestMethod codeBase="C:\Users\ericcarlson\Documents\GitHub\pickles\src\Pickles.CommandLine.UnitTests\bin\Debug\net6.0\PicklesDoc.Pickles.CommandLine.UnitTests.dll" adapterTypeName="executor://nunit3testexecutor/" className="PicklesDoc.Pickles.CommandLine.UnitTests.WhenParsingCommandLineArguments" name="ThenCanParseExcelDocumentationFormatWithLongFormSuccessfully" />
    </UnitTest>
    <UnitTest name="ThenCanParseVersionRequestLongFormSuccessfully" storage="c:\users\ericcarlson\documents\github\pickles\src\pickles.commandline.unittests\bin\debug\net6.0\picklesdoc.pickles.commandline.unittests.dll" id="882ba9fb-2b86-6e00-d8dd-78505e2a66a8">
      <Execution id="1020f1af-cdcd-4608-8a79-2914059c3b36" />
      <TestMethod codeBase="C:\Users\ericcarlson\Documents\GitHub\pickles\src\Pickles.CommandLine.UnitTests\bin\Debug\net6.0\PicklesDoc.Pickles.CommandLine.UnitTests.dll" adapterTypeName="executor://nunit3testexecutor/" className="PicklesDoc.Pickles.CommandLine.UnitTests.WhenParsingCommandLineArguments" name="ThenCanParseVersionRequestLongFormSuccessfully" />
    </UnitTest>
    <UnitTest name="ThenCanParseResultsFormatWithLongFormSuccessfully(&quot;mstest&quot;,MsTest)" storage="c:\users\ericcarlson\documents\github\pickles\src\pickles.commandline.unittests\bin\debug\net6.0\picklesdoc.pickles.commandline.unittests.dll" id="1d892050-5fc4-1870-33c7-728b36a63ba3">
      <Execution id="d690eace-6bad-4530-ba2b-2c5ffb458db5" />
      <TestMethod codeBase="C:\Users\ericcarlson\Documents\GitHub\pickles\src\Pickles.CommandLine.UnitTests\bin\Debug\net6.0\PicklesDoc.Pickles.CommandLine.UnitTests.dll" adapterTypeName="executor://nunit3testexecutor/" className="PicklesDoc.Pickles.CommandLine.UnitTests.WhenParsingCommandLineArguments" name="ThenCanParseResultsFormatWithLongFormSuccessfully(&quot;mstest&quot;,MsTest)" />
    </UnitTest>
    <UnitTest name="ThenCanParseResultsFormatWithShortFormSuccessfully(&quot;vstest&quot;,VsTest)" storage="c:\users\ericcarlson\documents\github\pickles\src\pickles.commandline.unittests\bin\debug\net6.0\picklesdoc.pickles.commandline.unittests.dll" id="a15b1b2c-b197-9c1b-df07-4ceaf014a074">
      <Execution id="ffbef5d9-094b-43fb-a04c-04074e02f561" />
      <TestMethod codeBase="C:\Users\ericcarlson\Documents\GitHub\pickles\src\Pickles.CommandLine.UnitTests\bin\Debug\net6.0\PicklesDoc.Pickles.CommandLine.UnitTests.dll" adapterTypeName="executor://nunit3testexecutor/" className="PicklesDoc.Pickles.CommandLine.UnitTests.WhenParsingCommandLineArguments" name="ThenCanParseResultsFormatWithShortFormSuccessfully(&quot;vstest&quot;,VsTest)" />
    </UnitTest>
    <UnitTest name="ThenCanParseResultsFormatWithShortFormSuccessfully(&quot;xunit&quot;,XUnit)" storage="c:\users\ericcarlson\documents\github\pickles\src\pickles.commandline.unittests\bin\debug\net6.0\picklesdoc.pickles.commandline.unittests.dll" id="d897058a-4207-e54a-a3f6-5886bf06dbba">
      <Execution id="9a24058f-cd63-482f-8c94-90cf4c030152" />
      <TestMethod codeBase="C:\Users\ericcarlson\Documents\GitHub\pickles\src\Pickles.CommandLine.UnitTests\bin\Debug\net6.0\PicklesDoc.Pickles.CommandLine.UnitTests.dll" adapterTypeName="executor://nunit3testexecutor/" className="PicklesDoc.Pickles.CommandLine.UnitTests.WhenParsingCommandLineArguments" name="ThenCanParseResultsFormatWithShortFormSuccessfully(&quot;xunit&quot;,XUnit)" />
    </UnitTest>
    <UnitTest name="ThenCanParseHelpRequestWithShortFormSuccessfully" storage="c:\users\ericcarlson\documents\github\pickles\src\pickles.commandline.unittests\bin\debug\net6.0\picklesdoc.pickles.commandline.unittests.dll" id="0d69365c-4d30-3f5d-cab9-49069b201831">
      <Execution id="b6246140-f8d2-41e6-90ba-a8315059c0c1" />
      <TestMethod codeBase="C:\Users\ericcarlson\Documents\GitHub\pickles\src\Pickles.CommandLine.UnitTests\bin\Debug\net6.0\PicklesDoc.Pickles.CommandLine.UnitTests.dll" adapterTypeName="executor://nunit3testexecutor/" className="PicklesDoc.Pickles.CommandLine.UnitTests.WhenParsingCommandLineArguments" name="ThenCanParseHelpRequestWithShortFormSuccessfully" />
    </UnitTest>
    <UnitTest name="ThenCanParseLongFeatureBaseUriSuccessfully" storage="c:\users\ericcarlson\documents\github\pickles\src\pickles.commandline.unittests\bin\debug\net6.0\picklesdoc.pickles.commandline.unittests.dll" id="71cdd67d-bb4c-4c14-28d6-e96b31d03990">
      <Execution id="68b35f6e-bffd-4955-b800-ca04f0c699f4" />
      <TestMethod codeBase="C:\Users\ericcarlson\Documents\GitHub\pickles\src\Pickles.CommandLine.UnitTests\bin\Debug\net6.0\PicklesDoc.Pickles.CommandLine.UnitTests.dll" adapterTypeName="executor://nunit3testexecutor/" className="PicklesDoc.Pickles.CommandLine.UnitTests.WhenParsingCommandLineArguments" name="ThenCanParseLongFeatureBaseUriSuccessfully" />
    </UnitTest>
    <UnitTest name="ThenCanParseResultsFormatWithShortFormSuccessfully(&quot;mstest&quot;,MsTest)" storage="c:\users\ericcarlson\documents\github\pickles\src\pickles.commandline.unittests\bin\debug\net6.0\picklesdoc.pickles.commandline.unittests.dll" id="515a2015-9e64-a8ba-ec33-d67af30ec048">
      <Execution id="f558f4a7-f687-422a-8835-bdc0fb124d04" />
      <TestMethod codeBase="C:\Users\ericcarlson\Documents\GitHub\pickles\src\Pickles.CommandLine.UnitTests\bin\Debug\net6.0\PicklesDoc.Pickles.CommandLine.UnitTests.dll" adapterTypeName="executor://nunit3testexecutor/" className="PicklesDoc.Pickles.CommandLine.UnitTests.WhenParsingCommandLineArguments" name="ThenCanParseResultsFormatWithShortFormSuccessfully(&quot;mstest&quot;,MsTest)" />
    </UnitTest>
    <UnitTest name="ThenCanParseHelpRequestWithLongFormSuccessfully" storage="c:\users\ericcarlson\documents\github\pickles\src\pickles.commandline.unittests\bin\debug\net6.0\picklesdoc.pickles.commandline.unittests.dll" id="a4fa417d-e95a-7a1f-a1c7-bce00a40345c">
      <Execution id="c558c13a-7dad-4c40-a0a9-c4dd5de49149" />
      <TestMethod codeBase="C:\Users\ericcarlson\Documents\GitHub\pickles\src\Pickles.CommandLine.UnitTests\bin\Debug\net6.0\PicklesDoc.Pickles.CommandLine.UnitTests.dll" adapterTypeName="executor://nunit3testexecutor/" className="PicklesDoc.Pickles.CommandLine.UnitTests.WhenParsingCommandLineArguments" name="ThenCanParseHelpRequestWithLongFormSuccessfully" />
    </UnitTest>
    <UnitTest name="ThenCanParseResultsFileAsSemicolonSeparatedList" storage="c:\users\ericcarlson\documents\github\pickles\src\pickles.commandline.unittests\bin\debug\net6.0\picklesdoc.pickles.commandline.unittests.dll" id="762b97c6-0e84-7701-a4ed-7885e84d9b93">
      <Execution id="e492f2a0-d272-4361-bcd6-13dbfea41795" />
      <TestMethod codeBase="C:\Users\ericcarlson\Documents\GitHub\pickles\src\Pickles.CommandLine.UnitTests\bin\Debug\net6.0\PicklesDoc.Pickles.CommandLine.UnitTests.dll" adapterTypeName="executor://nunit3testexecutor/" className="PicklesDoc.Pickles.CommandLine.UnitTests.WhenParsingCommandLineArguments" name="ThenCanParseResultsFileAsSemicolonSeparatedList" />
    </UnitTest>
    <UnitTest name="ThenCanParseShortFormArgumentsSuccessfully" storage="c:\users\ericcarlson\documents\github\pickles\src\pickles.commandline.unittests\bin\debug\net6.0\picklesdoc.pickles.commandline.unittests.dll" id="98358d73-9de0-9208-fd20-9082cad2b0e0">
      <Execution id="944d4c63-c6c1-4518-8180-896f448f7392" />
      <TestMethod codeBase="C:\Users\ericcarlson\Documents\GitHub\pickles\src\Pickles.CommandLine.UnitTests\bin\Debug\net6.0\PicklesDoc.Pickles.CommandLine.UnitTests.dll" adapterTypeName="executor://nunit3testexecutor/" className="PicklesDoc.Pickles.CommandLine.UnitTests.WhenParsingCommandLineArguments" name="ThenCanParseShortFormArgumentsSuccessfully" />
    </UnitTest>
    <UnitTest name="ThenCanParseMultipleResultsFilesWithWildCard" storage="c:\users\ericcarlson\documents\github\pickles\src\pickles.commandline.unittests\bin\debug\net6.0\picklesdoc.pickles.commandline.unittests.dll" id="aa24be5e-cd32-5521-a0c2-016bf869eb6e">
      <Execution id="d6fe02e4-60c2-4e84-80d8-bbf2516a3404" />
      <TestMethod codeBase="C:\Users\ericcarlson\Documents\GitHub\pickles\src\Pickles.CommandLine.UnitTests\bin\Debug\net6.0\PicklesDoc.Pickles.CommandLine.UnitTests.dll" adapterTypeName="executor://nunit3testexecutor/" className="PicklesDoc.Pickles.CommandLine.UnitTests.WhenParsingCommandLineArguments" name="ThenCanParseMultipleResultsFilesWithWildCard" />
    </UnitTest>
    <UnitTest name="ThenCanParseResultsFormatWithLongFormSuccessfully(&quot;vstest&quot;,VsTest)" storage="c:\users\ericcarlson\documents\github\pickles\src\pickles.commandline.unittests\bin\debug\net6.0\picklesdoc.pickles.commandline.unittests.dll" id="0c141315-43d3-b684-eb68-acfa95ded382">
      <Execution id="e9df99a8-3df4-44cd-8710-c68abf4b4e67" />
      <TestMethod codeBase="C:\Users\ericcarlson\Documents\GitHub\pickles\src\Pickles.CommandLine.UnitTests\bin\Debug\net6.0\PicklesDoc.Pickles.CommandLine.UnitTests.dll" adapterTypeName="executor://nunit3testexecutor/" className="PicklesDoc.Pickles.CommandLine.UnitTests.WhenParsingCommandLineArguments" name="ThenCanParseResultsFormatWithLongFormSuccessfully(&quot;vstest&quot;,VsTest)" />
    </UnitTest>
    <UnitTest name="ThenCanParseMultipleResultsFilesWithWildCardsAndSemicolonWhenSomeHaveNoMatch" storage="c:\users\ericcarlson\documents\github\pickles\src\pickles.commandline.unittests\bin\debug\net6.0\picklesdoc.pickles.commandline.unittests.dll" id="fc58252f-e76b-39d9-6323-de78122c7066">
      <Execution id="1320ad1e-0946-4729-8a4b-689e1d15e4bb" />
      <TestMethod codeBase="C:\Users\ericcarlson\Documents\GitHub\pickles\src\Pickles.CommandLine.UnitTests\bin\Debug\net6.0\PicklesDoc.Pickles.CommandLine.UnitTests.dll" adapterTypeName="executor://nunit3testexecutor/" className="PicklesDoc.Pickles.CommandLine.UnitTests.WhenParsingCommandLineArguments" name="ThenCanParseMultipleResultsFilesWithWildCardsAndSemicolonWhenSomeHaveNoMatch" />
    </UnitTest>
    <UnitTest name="ThenCanParseResultsFormatWithLongFormSuccessfully(&quot;xunit&quot;,XUnit)" storage="c:\users\ericcarlson\documents\github\pickles\src\pickles.commandline.unittests\bin\debug\net6.0\picklesdoc.pickles.commandline.unittests.dll" id="4eb22d04-3e24-cc5d-6bfc-45857e8a3902">
      <Execution id="aed326c7-28a2-45f0-bbd0-1b26d286c1af" />
      <TestMethod codeBase="C:\Users\ericcarlson\Documents\GitHub\pickles\src\Pickles.CommandLine.UnitTests\bin\Debug\net6.0\PicklesDoc.Pickles.CommandLine.UnitTests.dll" adapterTypeName="executor://nunit3testexecutor/" className="PicklesDoc.Pickles.CommandLine.UnitTests.WhenParsingCommandLineArguments" name="ThenCanParseResultsFormatWithLongFormSuccessfully(&quot;xunit&quot;,XUnit)" />
    </UnitTest>
    <UnitTest name="ThenCanParseResultsFormatWithLongFormSuccessfully(&quot;specrun&quot;,SpecRun)" storage="c:\users\ericcarlson\documents\github\pickles\src\pickles.commandline.unittests\bin\debug\net6.0\picklesdoc.pickles.commandline.unittests.dll" id="0dd479fe-4c5f-bf74-a09b-43464ada53bd">
      <Execution id="22dd10e0-2934-4185-8419-4a130bdffe71" />
      <TestMethod codeBase="C:\Users\ericcarlson\Documents\GitHub\pickles\src\Pickles.CommandLine.UnitTests\bin\Debug\net6.0\PicklesDoc.Pickles.CommandLine.UnitTests.dll" adapterTypeName="executor://nunit3testexecutor/" className="PicklesDoc.Pickles.CommandLine.UnitTests.WhenParsingCommandLineArguments" name="ThenCanParseResultsFormatWithLongFormSuccessfully(&quot;specrun&quot;,SpecRun)" />
    </UnitTest>
  </TestDefinitions>
  <TestEntries>
    <TestEntry testId="6db80d44-6cb8-8e13-b69b-abf2d5a5486f" executionId="75d00e7c-2823-4972-a6b9-19c380ff8b47" testListId="8c84fa94-04c1-424b-9868-57a2d4851a1d" />
    <TestEntry testId="d897058a-4207-e54a-a3f6-5886bf06dbba" executionId="9a24058f-cd63-482f-8c94-90cf4c030152" testListId="8c84fa94-04c1-424b-9868-57a2d4851a1d" />
    <TestEntry testId="98358d73-9de0-9208-fd20-9082cad2b0e0" executionId="944d4c63-c6c1-4518-8180-896f448f7392" testListId="8c84fa94-04c1-424b-9868-57a2d4851a1d" />
    <TestEntry testId="a15b1b2c-b197-9c1b-df07-4ceaf014a074" executionId="ffbef5d9-094b-43fb-a04c-04074e02f561" testListId="8c84fa94-04c1-424b-9868-57a2d4851a1d" />
    <TestEntry testId="4be5947a-f14c-036a-2ea3-643296d9d2ba" executionId="6e9d6d30-93c7-429b-b3c2-1c8434a287c9" testListId="8c84fa94-04c1-424b-9868-57a2d4851a1d" />
    <TestEntry testId="02744fa5-6fa9-9771-a99c-b02de44495ff" executionId="28766967-8b38-49ab-8717-5db726e46c5c" testListId="8c84fa94-04c1-424b-9868-57a2d4851a1d" />
    <TestEntry testId="8a6da681-14e9-3512-521e-22acb0ced795" executionId="4c1c4555-b159-41b5-8a8c-656916e1384c" testListId="8c84fa94-04c1-424b-9868-57a2d4851a1d" />
    <TestEntry testId="1cc8f4ed-5df6-59e2-d4e5-7d9bd151e558" executionId="f92231dd-f836-45bf-a495-e6cb2cb86f7b" testListId="8c84fa94-04c1-424b-9868-57a2d4851a1d" />
    <TestEntry testId="aa24be5e-cd32-5521-a0c2-016bf869eb6e" executionId="d6fe02e4-60c2-4e84-80d8-bbf2516a3404" testListId="8c84fa94-04c1-424b-9868-57a2d4851a1d" />
    <TestEntry testId="3dd8862b-c173-46d6-efda-e3708fc7883e" executionId="7fcd373e-5761-4c3f-ab88-48c1b97f5bfa" testListId="8c84fa94-04c1-424b-9868-57a2d4851a1d" />
    <TestEntry testId="d2c0d584-9c1d-862e-90aa-b91d6e3fa4c7" executionId="57ccb405-77e7-42c5-a678-3d0ca7edc736" testListId="8c84fa94-04c1-424b-9868-57a2d4851a1d" />
    <TestEntry testId="1d892050-5fc4-1870-33c7-728b36a63ba3" executionId="d690eace-6bad-4530-ba2b-2c5ffb458db5" testListId="8c84fa94-04c1-424b-9868-57a2d4851a1d" />
    <TestEntry testId="74a89751-e63b-0a42-dc81-231c95fc1332" executionId="177819eb-e5ed-40d3-8990-346c2bfede36" testListId="8c84fa94-04c1-424b-9868-57a2d4851a1d" />
    <TestEntry testId="882ba9fb-2b86-6e00-d8dd-78505e2a66a8" executionId="1020f1af-cdcd-4608-8a79-2914059c3b36" testListId="8c84fa94-04c1-424b-9868-57a2d4851a1d" />
    <TestEntry testId="d519a718-a5af-b718-0d02-3651b1e50e25" executionId="3e5e636c-d73c-49e0-809a-25f7f486a6df" testListId="8c84fa94-04c1-424b-9868-57a2d4851a1d" />
    <TestEntry testId="9660de6c-eec3-3258-2e8c-1f12b2daa4ae" executionId="e83a0fd9-2ab4-47e9-ac49-4d764cef02b3" testListId="8c84fa94-04c1-424b-9868-57a2d4851a1d" />
    <TestEntry testId="4339dc42-b5d9-a7f8-6c7c-3fbef918e3cc" executionId="7d4378fb-990c-44fd-9546-8c5d58d21099" testListId="8c84fa94-04c1-424b-9868-57a2d4851a1d" />
    <TestEntry testId="4bf32c86-223f-197e-0dfd-ab5347605437" executionId="f7331ca3-8f58-4661-a4c1-acc3154464fa" testListId="8c84fa94-04c1-424b-9868-57a2d4851a1d" />
    <TestEntry testId="e78a84d4-a81c-205e-6754-5d999ade48f8" executionId="6a4df1c6-6c42-4f90-a3b2-d5d538ae982e" testListId="8c84fa94-04c1-424b-9868-57a2d4851a1d" />
    <TestEntry testId="ac913a0e-9c8f-ad8b-7a90-e4ee62368cd3" executionId="c625373a-e170-476e-81be-6c9c368a8d2b" testListId="8c84fa94-04c1-424b-9868-57a2d4851a1d" />
    <TestEntry testId="f4f1cc4a-df08-6e29-9d02-c2cb8938f99a" executionId="def532cf-751a-43ff-9bf1-cf7af390b709" testListId="8c84fa94-04c1-424b-9868-57a2d4851a1d" />
    <TestEntry testId="9b95c832-12a1-dd0c-d813-9b9c55bc5be7" executionId="b9a63bfe-e6c6-443b-bb6c-3f14c0d2e794" testListId="8c84fa94-04c1-424b-9868-57a2d4851a1d" />
    <TestEntry testId="8e1263c8-41c8-6a86-58fa-1165bc338df7" executionId="599396f7-a6ed-4df4-9c5e-ac5ae53a95b2" testListId="8c84fa94-04c1-424b-9868-57a2d4851a1d" />
    <TestEntry testId="6c6fa077-38de-29df-ea1d-0e7127f24864" executionId="63ec7c01-3c01-4be2-ba17-d9f95039a49a" testListId="8c84fa94-04c1-424b-9868-57a2d4851a1d" />
    <TestEntry testId="4c0d74ee-a4a4-0155-6f3c-7f63d1173421" executionId="7fa9ce9e-69ea-4828-8fea-b1edc637182f" testListId="8c84fa94-04c1-424b-9868-57a2d4851a1d" />
    <TestEntry testId="f22fa231-8de3-a216-58e1-8a185fe39b3a" executionId="cc0c183c-2bc2-420a-9c8b-43affbbd3cd7" testListId="8c84fa94-04c1-424b-9868-57a2d4851a1d" />
    <TestEntry testId="22d85d4c-6dbb-10ab-b5a3-f3269d2438c6" executionId="8a4a188a-cffd-4570-8e67-08dbdf685989" testListId="8c84fa94-04c1-424b-9868-57a2d4851a1d" />
    <TestEntry testId="4eb22d04-3e24-cc5d-6bfc-45857e8a3902" executionId="aed326c7-28a2-45f0-bbd0-1b26d286c1af" testListId="8c84fa94-04c1-424b-9868-57a2d4851a1d" />
    <TestEntry testId="0d69365c-4d30-3f5d-cab9-49069b201831" executionId="b6246140-f8d2-41e6-90ba-a8315059c0c1" testListId="8c84fa94-04c1-424b-9868-57a2d4851a1d" />
    <TestEntry testId="71cdd67d-bb4c-4c14-28d6-e96b31d03990" executionId="68b35f6e-bffd-4955-b800-ca04f0c699f4" testListId="8c84fa94-04c1-424b-9868-57a2d4851a1d" />
    <TestEntry testId="1f593c2d-08ac-eb3f-ea26-17c56e86051c" executionId="30f66575-1b86-4b18-961a-02a5a9afbc24" testListId="8c84fa94-04c1-424b-9868-57a2d4851a1d" />
    <TestEntry testId="a4fa417d-e95a-7a1f-a1c7-bce00a40345c" executionId="c558c13a-7dad-4c40-a0a9-c4dd5de49149" testListId="8c84fa94-04c1-424b-9868-57a2d4851a1d" />
    <TestEntry testId="eaa4848e-0559-2885-f044-c2a62f5dab86" executionId="5ac8ae30-f412-4eca-85ae-397e82a38aac" testListId="8c84fa94-04c1-424b-9868-57a2d4851a1d" />
    <TestEntry testId="515a2015-9e64-a8ba-ec33-d67af30ec048" executionId="f558f4a7-f687-422a-8835-bdc0fb124d04" testListId="8c84fa94-04c1-424b-9868-57a2d4851a1d" />
    <TestEntry testId="0dd479fe-4c5f-bf74-a09b-43464ada53bd" executionId="22dd10e0-2934-4185-8419-4a130bdffe71" testListId="8c84fa94-04c1-424b-9868-57a2d4851a1d" />
    <TestEntry testId="c63d1051-ceeb-8f03-98f3-b5dc3d4afad0" executionId="94f43964-6bc1-4d6c-9e9c-28007766d15d" testListId="8c84fa94-04c1-424b-9868-57a2d4851a1d" />
    <TestEntry testId="bf2e9fb1-5599-d2c0-6e19-a6a1dcbc1deb" executionId="24b0d68b-6a49-46a2-9c03-50245cb14fb9" testListId="8c84fa94-04c1-424b-9868-57a2d4851a1d" />
    <TestEntry testId="2c5e222a-1647-8409-7866-5ad600a37681" executionId="fc1ceb12-669d-48fa-a260-7391c6d5b0c4" testListId="8c84fa94-04c1-424b-9868-57a2d4851a1d" />
    <TestEntry testId="762b97c6-0e84-7701-a4ed-7885e84d9b93" executionId="e492f2a0-d272-4361-bcd6-13dbfea41795" testListId="8c84fa94-04c1-424b-9868-57a2d4851a1d" />
    <TestEntry testId="ddd1faaa-8474-bed3-663a-443138340384" executionId="94e62d55-032a-4c24-b636-2a593907db9c" testListId="8c84fa94-04c1-424b-9868-57a2d4851a1d" />
    <TestEntry testId="4f90bc03-9c22-3cb6-996f-0ead2a3ac7ae" executionId="88d4fa70-241c-4ef3-bf42-ef25988ba233" testListId="8c84fa94-04c1-424b-9868-57a2d4851a1d" />
    <TestEntry testId="a9022e46-69d3-4225-7e9f-d450c40b211a" executionId="5729350a-04b5-4f16-b5bd-74660bbd79fc" testListId="8c84fa94-04c1-424b-9868-57a2d4851a1d" />
    <TestEntry testId="fc58252f-e76b-39d9-6323-de78122c7066" executionId="1320ad1e-0946-4729-8a4b-689e1d15e4bb" testListId="8c84fa94-04c1-424b-9868-57a2d4851a1d" />
    <TestEntry testId="f31b08c7-de79-cc6d-4377-211c81bf0669" executionId="8f6a0770-c429-4ed2-a4c4-53495e874550" testListId="8c84fa94-04c1-424b-9868-57a2d4851a1d" />
    <TestEntry testId="d59b29a7-7ca5-9d6f-00d5-a094c1d51ee9" executionId="decbe52f-bbc0-4c44-8495-65b9b5e6cade" testListId="8c84fa94-04c1-424b-9868-57a2d4851a1d" />
    <TestEntry testId="68c5df64-32c1-5ede-f890-4d40dd8a8c9f" executionId="ed6295f5-9b1f-45b1-be53-2eac1c285df4" testListId="8c84fa94-04c1-424b-9868-57a2d4851a1d" />
    <TestEntry testId="8df7f7c3-2a09-e5a9-4b22-1b2fdcd78402" executionId="ab3cbe6e-975f-4c8a-aba4-a024d07da80a" testListId="8c84fa94-04c1-424b-9868-57a2d4851a1d" />
    <TestEntry testId="0c141315-43d3-b684-eb68-acfa95ded382" executionId="e9df99a8-3df4-44cd-8710-c68abf4b4e67" testListId="8c84fa94-04c1-424b-9868-57a2d4851a1d" />
  </TestEntries>
  <TestLists>
    <TestList name="Results Not in a List" id="8c84fa94-04c1-424b-9868-57a2d4851a1d" />
    <TestList name="All Loaded Results" id="19431567-8539-422a-85d7-44ee4e166bda" />
  </TestLists>
  <ResultSummary outcome="Completed">
    <Counters total="48" executed="48" passed="48" failed="0" error="0" timeout="0" aborted="0" inconclusive="0" passedButRunAborted="0" notRunnable="0" notExecuted="0" disconnected="0" warning="0" completed="0" inProgress="0" pending="0" />
    <Output>
      <StdOut>NUnit Adapter 3.17.0.0: Test execution started&#xD;
Running all tests in C:\Users\ericcarlson\Documents\GitHub\pickles\src\Pickles.CommandLine.UnitTests\bin\Debug\net6.0\PicklesDoc.Pickles.CommandLine.UnitTests.dll&#xD;
   NUnit3TestExecutor discovered 48 of 48 NUnit test cases&#xD;
NUnit Adapter 3.17.0.0: Test execution complete&#xD;
</StdOut>
    </Output>
  </ResultSummary>
</TestRun>