<?xml version="1.0" encoding="utf-8"?>
<TestRun id="b78e0af4-4a28-419f-8ae8-3c8d3289dfe6" name="ericcarlson@ERICCARLSONBBE6 2022-05-04 14:46:16" runUser="ERICCARLSONBBE6\ericcarlson" xmlns="http://microsoft.com/schemas/VisualStudio/TeamTest/2010">
  <Times creation="2022-05-04T14:46:16.0367862-04:00" queuing="2022-05-04T14:46:16.0367866-04:00" start="2022-05-04T14:46:11.7059602-04:00" finish="2022-05-04T14:46:16.3077558-04:00" />
  <TestSettings name="default" id="faac75ed-2b03-4a3b-955a-a8b0add396f9">
    <Deployment runDeploymentRoot="ericcarlson_ERICCARLSONBBE6_2022-05-04_14_46_16" />
  </TestSettings>
  <Results>
    <UnitTestResult executionId="dbe33da5-6360-4ece-b072-5ba85e940c9c" testId="fc58252f-e76b-39d9-6323-de78122c7066" testName="ThenCanParseMultipleResultsFilesWithWildCardsAndSemicolonWhenSomeHaveNoMatch" computerName="ERICCARLSONBBE6" duration="00:00:00.0030710" startTime="2022-05-04T14:46:16.0978215-04:00" endTime="2022-05-04T14:46:16.1008936-04:00" testType="13cdc9d9-ddb5-4fa4-a97d-d965ccfc6d4b" outcome="Passed" testListId="8c84fa94-04c1-424b-9868-57a2d4851a1d" relativeResultsDirectory="dbe33da5-6360-4ece-b072-5ba85e940c9c" />
    <UnitTestResult executionId="8d7bfba5-bb53-4468-ac5a-4d293cb029f3" testId="74a89751-e63b-0a42-dc81-231c95fc1332" testName="ThenCanParseExcelDocumentationFormatWithLongFormSuccessfully" computerName="ERICCARLSONBBE6" duration="00:00:00.0051900" startTime="2022-05-04T14:46:15.9299346-04:00" endTime="2022-05-04T14:46:15.9351251-04:00" testType="13cdc9d9-ddb5-4fa4-a97d-d965ccfc6d4b" outcome="Passed" testListId="8c84fa94-04c1-424b-9868-57a2d4851a1d" relativeResultsDirectory="8d7bfba5-bb53-4468-ac5a-4d293cb029f3" />
    <UnitTestResult executionId="23c15f70-b2d8-4ef4-90a5-0708f02ece33" testId="8df7f7c3-2a09-e5a9-4b22-1b2fdcd78402" testName="ThenCanParseLongExcludeTagsSuccessfully" computerName="ERICCARLSONBBE6" duration="00:00:00.0033360" startTime="2022-05-04T14:46:15.9928306-04:00" endTime="2022-05-04T14:46:15.9961679-04:00" testType="13cdc9d9-ddb5-4fa4-a97d-d965ccfc6d4b" outcome="Passed" testListId="8c84fa94-04c1-424b-9868-57a2d4851a1d" relativeResultsDirectory="23c15f70-b2d8-4ef4-90a5-0708f02ece33" />
    <UnitTestResult executionId="21ed69b0-78bb-4995-99c2-1113b1ba84b4" testId="02744fa5-6fa9-9771-a99c-b02de44495ff" testName="ThenCanParseLongFormArgumentsSuccessfully" computerName="ERICCARLSONBBE6" duration="00:00:00.0015210" startTime="2022-05-04T14:46:16.0083057-04:00" endTime="2022-05-04T14:46:16.0098274-04:00" testType="13cdc9d9-ddb5-4fa4-a97d-d965ccfc6d4b" outcome="Passed" testListId="8c84fa94-04c1-424b-9868-57a2d4851a1d" relativeResultsDirectory="21ed69b0-78bb-4995-99c2-1113b1ba84b4" />
    <UnitTestResult executionId="6ed04609-7616-4546-8c4b-a2de7f747cdf" testId="6c6fa077-38de-29df-ea1d-0e7127f24864" testName="ThenCanParseResultsFormatWithShortFormSuccessfully(&quot;specrun&quot;,SpecRun)" computerName="ERICCARLSONBBE6" duration="00:00:00.0007440" startTime="2022-05-04T14:46:16.1854246-04:00" endTime="2022-05-04T14:46:16.1861690-04:00" testType="13cdc9d9-ddb5-4fa4-a97d-d965ccfc6d4b" outcome="Passed" testListId="8c84fa94-04c1-424b-9868-57a2d4851a1d" relativeResultsDirectory="6ed04609-7616-4546-8c4b-a2de7f747cdf" />
    <UnitTestResult executionId="f677a85b-b705-49f6-b03c-028518b9d85d" testId="ac913a0e-9c8f-ad8b-7a90-e4ee62368cd3" testName="ThenCanParseResultsFormatWithShortFormSuccessfully(&quot;xunit2&quot;,xUnit2)" computerName="ERICCARLSONBBE6" duration="00:00:00.0007750" startTime="2022-05-04T14:46:16.1811929-04:00" endTime="2022-05-04T14:46:16.1819677-04:00" testType="13cdc9d9-ddb5-4fa4-a97d-d965ccfc6d4b" outcome="Passed" testListId="8c84fa94-04c1-424b-9868-57a2d4851a1d" relativeResultsDirectory="f677a85b-b705-49f6-b03c-028518b9d85d" />
    <UnitTestResult executionId="792d4c53-ff39-48d7-a137-2c6bcc0f845b" testId="515a2015-9e64-a8ba-ec33-d67af30ec048" testName="ThenCanParseResultsFormatWithShortFormSuccessfully(&quot;mstest&quot;,MsTest)" computerName="ERICCARLSONBBE6" duration="00:00:00.0009130" startTime="2022-05-04T14:46:16.1746424-04:00" endTime="2022-05-04T14:46:16.1755559-04:00" testType="13cdc9d9-ddb5-4fa4-a97d-d965ccfc6d4b" outcome="Passed" testListId="8c84fa94-04c1-424b-9868-57a2d4851a1d" relativeResultsDirectory="792d4c53-ff39-48d7-a137-2c6bcc0f845b" />
    <UnitTestResult executionId="27615cac-6192-42ef-89c3-be651c2ef0d6" testId="8a6da681-14e9-3512-521e-22acb0ced795" testName="ThenCanParseVersionRequestShortFormSuccessfully" computerName="ERICCARLSONBBE6" duration="00:00:00.0009710" startTime="2022-05-04T14:46:16.1945748-04:00" endTime="2022-05-04T14:46:16.1955458-04:00" testType="13cdc9d9-ddb5-4fa4-a97d-d965ccfc6d4b" outcome="Passed" testListId="8c84fa94-04c1-424b-9868-57a2d4851a1d" relativeResultsDirectory="27615cac-6192-42ef-89c3-be651c2ef0d6" />
    <UnitTestResult executionId="c2f9ab5f-2c20-41e7-b5e1-12b526c5e073" testId="4bf32c86-223f-197e-0dfd-ab5347605437" testName="ThenCanParseResultsFormatWithLongFormSuccessfully(&quot;cucumberjson&quot;,CucumberJson)" computerName="ERICCARLSONBBE6" duration="00:00:00.0009690" startTime="2022-05-04T14:46:16.1667323-04:00" endTime="2022-05-04T14:46:16.1677018-04:00" testType="13cdc9d9-ddb5-4fa4-a97d-d965ccfc6d4b" outcome="Passed" testListId="8c84fa94-04c1-424b-9868-57a2d4851a1d" relativeResultsDirectory="c2f9ab5f-2c20-41e7-b5e1-12b526c5e073" />
    <UnitTestResult executionId="49067080-dc76-4050-9f71-6dfd21dd201e" testId="762b97c6-0e84-7701-a4ed-7885e84d9b93" testName="ThenCanParseResultsFileAsSemicolonSeparatedList" computerName="ERICCARLSONBBE6" duration="00:00:00.0025730" startTime="2022-05-04T14:46:16.1093075-04:00" endTime="2022-05-04T14:46:16.1118804-04:00" testType="13cdc9d9-ddb5-4fa4-a97d-d965ccfc6d4b" outcome="Passed" testListId="8c84fa94-04c1-424b-9868-57a2d4851a1d" relativeResultsDirectory="49067080-dc76-4050-9f71-6dfd21dd201e" />
    <UnitTestResult executionId="ac0b80e7-8928-4aaf-9342-b6f6121e082d" testId="ddd1faaa-8474-bed3-663a-443138340384" testName="ThenCanParseResultsFormatWithShortFormSuccessfully(&quot;cucumberjson&quot;,CucumberJson)" computerName="ERICCARLSONBBE6" duration="00:00:00.0021110" startTime="2022-05-04T14:46:16.1831167-04:00" endTime="2022-05-04T14:46:16.1852281-04:00" testType="13cdc9d9-ddb5-4fa4-a97d-d965ccfc6d4b" outcome="Passed" testListId="8c84fa94-04c1-424b-9868-57a2d4851a1d" relativeResultsDirectory="ac0b80e7-8928-4aaf-9342-b6f6121e082d" />
    <UnitTestResult executionId="cee70e20-ae46-49b5-8b96-d0c22c1562d3" testId="d59b29a7-7ca5-9d6f-00d5-a094c1d51ee9" testName="ThenCanParseResultsFormatWithShortFormSuccessfully(&quot;xunit1&quot;,XUnit1)" computerName="ERICCARLSONBBE6" duration="00:00:00.0021600" startTime="2022-05-04T14:46:16.1788285-04:00" endTime="2022-05-04T14:46:16.1809883-04:00" testType="13cdc9d9-ddb5-4fa4-a97d-d965ccfc6d4b" outcome="Passed" testListId="8c84fa94-04c1-424b-9868-57a2d4851a1d" relativeResultsDirectory="cee70e20-ae46-49b5-8b96-d0c22c1562d3" />
    <UnitTestResult executionId="cbabb553-ddc0-4b85-8a67-e6643055e568" testId="68c5df64-32c1-5ede-f890-4d40dd8a8c9f" testName="ThenCanParseResultsFileWithLongFormSuccessfully" computerName="ERICCARLSONBBE6" duration="00:00:00.0013420" startTime="2022-05-04T14:46:16.1506437-04:00" endTime="2022-05-04T14:46:16.1519859-04:00" testType="13cdc9d9-ddb5-4fa4-a97d-d965ccfc6d4b" outcome="Passed" testListId="8c84fa94-04c1-424b-9868-57a2d4851a1d" relativeResultsDirectory="cbabb553-ddc0-4b85-8a67-e6643055e568" />
    <UnitTestResult executionId="63f76b5a-e786-4a9b-835f-a645b44bd6ff" testId="9660de6c-eec3-3258-2e8c-1f12b2daa4ae" testName="ThenCanParseLongHideTagsSuccessfully" computerName="ERICCARLSONBBE6" duration="00:00:00.0025330" startTime="2022-05-04T14:46:16.0141113-04:00" endTime="2022-05-04T14:46:16.0166448-04:00" testType="13cdc9d9-ddb5-4fa4-a97d-d965ccfc6d4b" outcome="Passed" testListId="8c84fa94-04c1-424b-9868-57a2d4851a1d" relativeResultsDirectory="63f76b5a-e786-4a9b-835f-a645b44bd6ff" />
    <UnitTestResult executionId="f2089ff4-8a54-4df6-a054-524a0ca1718e" testId="6db80d44-6cb8-8e13-b69b-abf2d5a5486f" testName="ThenCanParseResultsFileAsSemicolonSeparatedListThatEndsWithASemicolon" computerName="ERICCARLSONBBE6" duration="00:00:00.0021600" startTime="2022-05-04T14:46:16.1191082-04:00" endTime="2022-05-04T14:46:16.1212683-04:00" testType="13cdc9d9-ddb5-4fa4-a97d-d965ccfc6d4b" outcome="Passed" testListId="8c84fa94-04c1-424b-9868-57a2d4851a1d" relativeResultsDirectory="f2089ff4-8a54-4df6-a054-524a0ca1718e" />
    <UnitTestResult executionId="c3de603f-0575-4232-9f5d-ec65a436ba2f" testId="8e1263c8-41c8-6a86-58fa-1165bc338df7" testName="ThenCanParseMultipleResultsFilesWithWildCardWhereNoMatchIsExcluded" computerName="ERICCARLSONBBE6" duration="00:00:00.0070050" startTime="2022-05-04T14:46:16.1012479-04:00" endTime="2022-05-04T14:46:16.1082536-04:00" testType="13cdc9d9-ddb5-4fa4-a97d-d965ccfc6d4b" outcome="Passed" testListId="8c84fa94-04c1-424b-9868-57a2d4851a1d" relativeResultsDirectory="c3de603f-0575-4232-9f5d-ec65a436ba2f" />
    <UnitTestResult executionId="77395571-4361-4b16-b6ee-3aa92aab23f0" testId="a4fa417d-e95a-7a1f-a1c7-bce00a40345c" testName="ThenCanParseHelpRequestWithLongFormSuccessfully" computerName="ERICCARLSONBBE6" duration="00:00:00.0065950" startTime="2022-05-04T14:46:15.9554004-04:00" endTime="2022-05-04T14:46:15.9619965-04:00" testType="13cdc9d9-ddb5-4fa4-a97d-d965ccfc6d4b" outcome="Passed" testListId="8c84fa94-04c1-424b-9868-57a2d4851a1d" relativeResultsDirectory="77395571-4361-4b16-b6ee-3aa92aab23f0" />
    <UnitTestResult executionId="b07a7cfc-4bbc-44e8-b5c3-99d215c41a08" testId="4c0d74ee-a4a4-0155-6f3c-7f63d1173421" testName="ThenCanParseResultsFileWithShortFormSuccessfully" computerName="ERICCARLSONBBE6" duration="00:00:00.0011740" startTime="2022-05-04T14:46:16.1522157-04:00" endTime="2022-05-04T14:46:16.1533902-04:00" testType="13cdc9d9-ddb5-4fa4-a97d-d965ccfc6d4b" outcome="Passed" testListId="8c84fa94-04c1-424b-9868-57a2d4851a1d" relativeResultsDirectory="b07a7cfc-4bbc-44e8-b5c3-99d215c41a08" />
    <UnitTestResult executionId="e5c88aeb-66b2-4a58-b31c-30560c368a9e" testId="9b95c832-12a1-dd0c-d813-9b9c55bc5be7" testName="ThenCanParseResultsFormatWithLongFormSuccessfully(&quot;nunit&quot;,NUnit)" computerName="ERICCARLSONBBE6" duration="00:00:00.0009100" startTime="2022-05-04T14:46:16.1593359-04:00" endTime="2022-05-04T14:46:16.1602464-04:00" testType="13cdc9d9-ddb5-4fa4-a97d-d965ccfc6d4b" outcome="Passed" testListId="8c84fa94-04c1-424b-9868-57a2d4851a1d" relativeResultsDirectory="e5c88aeb-66b2-4a58-b31c-30560c368a9e" />
    <UnitTestResult executionId="43419435-f986-49d5-a4bc-3cec668151b2" testId="0c141315-43d3-b684-eb68-acfa95ded382" testName="ThenCanParseResultsFormatWithLongFormSuccessfully(&quot;vstest&quot;,VsTest)" computerName="ERICCARLSONBBE6" duration="00:00:00.0007780" startTime="2022-05-04T14:46:16.1713107-04:00" endTime="2022-05-04T14:46:16.1720883-04:00" testType="13cdc9d9-ddb5-4fa4-a97d-d965ccfc6d4b" outcome="Passed" testListId="8c84fa94-04c1-424b-9868-57a2d4851a1d" relativeResultsDirectory="43419435-f986-49d5-a4bc-3cec668151b2" />
    <UnitTestResult executionId="86e63877-366e-40de-9ad6-b55b57825d41" testId="f4f1cc4a-df08-6e29-9d02-c2cb8938f99a" testName="ThenCanParseResultsFormatWithLongFormSuccessfully(&quot;nunit3&quot;,NUnit3)" computerName="ERICCARLSONBBE6" duration="00:00:00.0007739" startTime="2022-05-04T14:46:16.1604604-04:00" endTime="2022-05-04T14:46:16.1612343-04:00" testType="13cdc9d9-ddb5-4fa4-a97d-d965ccfc6d4b" outcome="Passed" testListId="8c84fa94-04c1-424b-9868-57a2d4851a1d" relativeResultsDirectory="86e63877-366e-40de-9ad6-b55b57825d41" />
    <UnitTestResult executionId="8157cac4-1032-4e27-baf3-24987b5022a8" testId="0d69365c-4d30-3f5d-cab9-49069b201831" testName="ThenCanParseHelpRequestWithShortFormSuccessfully" computerName="ERICCARLSONBBE6" duration="00:00:00.0066740" startTime="2022-05-04T14:46:15.9816317-04:00" endTime="2022-05-04T14:46:15.9883072-04:00" testType="13cdc9d9-ddb5-4fa4-a97d-d965ccfc6d4b" outcome="Passed" testListId="8c84fa94-04c1-424b-9868-57a2d4851a1d" relativeResultsDirectory="8157cac4-1032-4e27-baf3-24987b5022a8" />
    <UnitTestResult executionId="e45d7bb1-0ef9-4a87-9ce7-4308f8ace12c" testId="22d85d4c-6dbb-10ab-b5a3-f3269d2438c6" testName="ThenCanParseResultsFormatWithLongFormSuccessfully(&quot;xunit1&quot;,XUnit1)" computerName="ERICCARLSONBBE6" duration="00:00:00.0007249" startTime="2022-05-04T14:46:16.1624109-04:00" endTime="2022-05-04T14:46:16.1631360-04:00" testType="13cdc9d9-ddb5-4fa4-a97d-d965ccfc6d4b" outcome="Passed" testListId="8c84fa94-04c1-424b-9868-57a2d4851a1d" relativeResultsDirectory="e45d7bb1-0ef9-4a87-9ce7-4308f8ace12c" />
    <UnitTestResult executionId="99744107-24f6-4fc3-a81c-652c2edad1b0" testId="eaa4848e-0559-2885-f044-c2a62f5dab86" testName="ThenNoExceptionIsThrownWhenResultsFileIsDir" computerName="ERICCARLSONBBE6" duration="00:00:00.0047890" startTime="2022-05-04T14:46:16.2062736-04:00" endTime="2022-05-04T14:46:16.2110640-04:00" testType="13cdc9d9-ddb5-4fa4-a97d-d965ccfc6d4b" outcome="Passed" testListId="8c84fa94-04c1-424b-9868-57a2d4851a1d" relativeResultsDirectory="99744107-24f6-4fc3-a81c-652c2edad1b0" />
    <UnitTestResult executionId="79c18a3c-0614-4104-b509-2cde83fcd6ab" testId="4339dc42-b5d9-a7f8-6c7c-3fbef918e3cc" testName="ThenCanParseResultsFormatWithShortFormSuccessfully(&quot;nunit3&quot;,NUnit3)" computerName="ERICCARLSONBBE6" duration="00:00:00.0007900" startTime="2022-05-04T14:46:16.1767790-04:00" endTime="2022-05-04T14:46:16.1775698-04:00" testType="13cdc9d9-ddb5-4fa4-a97d-d965ccfc6d4b" outcome="Passed" testListId="8c84fa94-04c1-424b-9868-57a2d4851a1d" relativeResultsDirectory="79c18a3c-0614-4104-b509-2cde83fcd6ab" />
    <UnitTestResult executionId="99645d92-abd9-418d-8a26-0bd9bdd28a98" testId="0dd479fe-4c5f-bf74-a09b-43464ada53bd" testName="ThenCanParseResultsFormatWithLongFormSuccessfully(&quot;specrun&quot;,SpecRun)" computerName="ERICCARLSONBBE6" duration="00:00:00.0008670" startTime="2022-05-04T14:46:16.1702704-04:00" endTime="2022-05-04T14:46:16.1711372-04:00" testType="13cdc9d9-ddb5-4fa4-a97d-d965ccfc6d4b" outcome="Passed" testListId="8c84fa94-04c1-424b-9868-57a2d4851a1d" relativeResultsDirectory="99645d92-abd9-418d-8a26-0bd9bdd28a98" />
    <UnitTestResult executionId="44f66f89-f858-44fa-81df-fcdce8b88474" testId="f31b08c7-de79-cc6d-4377-211c81bf0669" testName="ThenCanParseResultsFormatWithShortFormSuccessfully(&quot;nunit&quot;,NUnit)" computerName="ERICCARLSONBBE6" duration="00:00:00.0007919" startTime="2022-05-04T14:46:16.1757913-04:00" endTime="2022-05-04T14:46:16.1765833-04:00" testType="13cdc9d9-ddb5-4fa4-a97d-d965ccfc6d4b" outcome="Passed" testListId="8c84fa94-04c1-424b-9868-57a2d4851a1d" relativeResultsDirectory="44f66f89-f858-44fa-81df-fcdce8b88474" />
    <UnitTestResult executionId="ac809419-4aac-4db1-8c02-946a88cdef84" testId="4f90bc03-9c22-3cb6-996f-0ead2a3ac7ae" testName="ThenCanParseResultsFileAsSemicolonSeparatedListThatStartsWithASemicolon" computerName="ERICCARLSONBBE6" duration="00:00:00.0031679" startTime="2022-05-04T14:46:16.1259136-04:00" endTime="2022-05-04T14:46:16.1290828-04:00" testType="13cdc9d9-ddb5-4fa4-a97d-d965ccfc6d4b" outcome="Passed" testListId="8c84fa94-04c1-424b-9868-57a2d4851a1d" relativeResultsDirectory="ac809419-4aac-4db1-8c02-946a88cdef84" />
    <UnitTestResult executionId="df3c2c20-7fbb-4197-86c7-6e8a5639a016" testId="1f593c2d-08ac-eb3f-ea26-17c56e86051c" testName="ThenInputAndOutputDirectoryAreSetToTheCurrentDirectory" computerName="ERICCARLSONBBE6" duration="00:00:00.0028390" startTime="2022-05-04T14:46:16.1958595-04:00" endTime="2022-05-04T14:46:16.1986989-04:00" testType="13cdc9d9-ddb5-4fa4-a97d-d965ccfc6d4b" outcome="Passed" testListId="8c84fa94-04c1-424b-9868-57a2d4851a1d" relativeResultsDirectory="df3c2c20-7fbb-4197-86c7-6e8a5639a016" />
    <UnitTestResult executionId="29d8f75f-3a23-46d8-9a9d-f622fd246ddd" testId="d2c0d584-9c1d-862e-90aa-b91d6e3fa4c7" testName="ThenCanFilterOutNonExistingTestResultFiles" computerName="ERICCARLSONBBE6" duration="00:00:00.1999920" startTime="2022-05-04T14:46:15.7092584-04:00" endTime="2022-05-04T14:46:15.9091659-04:00" testType="13cdc9d9-ddb5-4fa4-a97d-d965ccfc6d4b" outcome="Passed" testListId="8c84fa94-04c1-424b-9868-57a2d4851a1d" relativeResultsDirectory="29d8f75f-3a23-46d8-9a9d-f622fd246ddd" />
    <UnitTestResult executionId="8d3b01bb-07a6-41d6-989d-18a013c3c6d1" testId="f22fa231-8de3-a216-58e1-8a185fe39b3a" testName="ThenCanParseExcelDocumentationFormatWithShortFormSuccessfully" computerName="ERICCARLSONBBE6" duration="00:00:00.0013720" startTime="2022-05-04T14:46:15.9441392-04:00" endTime="2022-05-04T14:46:15.9455112-04:00" testType="13cdc9d9-ddb5-4fa4-a97d-d965ccfc6d4b" outcome="Passed" testListId="8c84fa94-04c1-424b-9868-57a2d4851a1d" relativeResultsDirectory="8d3b01bb-07a6-41d6-989d-18a013c3c6d1" />
    <UnitTestResult executionId="1ec3b2f4-9cc2-413a-8835-624e0b745572" testId="4eb22d04-3e24-cc5d-6bfc-45857e8a3902" testName="ThenCanParseResultsFormatWithLongFormSuccessfully(&quot;xunit&quot;,XUnit)" computerName="ERICCARLSONBBE6" duration="00:00:00.0007500" startTime="2022-05-04T14:46:16.1614642-04:00" endTime="2022-05-04T14:46:16.1622150-04:00" testType="13cdc9d9-ddb5-4fa4-a97d-d965ccfc6d4b" outcome="Passed" testListId="8c84fa94-04c1-424b-9868-57a2d4851a1d" relativeResultsDirectory="1ec3b2f4-9cc2-413a-8835-624e0b745572" />
    <UnitTestResult executionId="99de622e-f108-475b-91cc-cd5e8a7fd329" testId="1d892050-5fc4-1870-33c7-728b36a63ba3" testName="ThenCanParseResultsFormatWithLongFormSuccessfully(&quot;mstest&quot;,MsTest)" computerName="ERICCARLSONBBE6" duration="00:00:00.0053180" startTime="2022-05-04T14:46:16.1536630-04:00" endTime="2022-05-04T14:46:16.1589804-04:00" testType="13cdc9d9-ddb5-4fa4-a97d-d965ccfc6d4b" outcome="Passed" testListId="8c84fa94-04c1-424b-9868-57a2d4851a1d" relativeResultsDirectory="99de622e-f108-475b-91cc-cd5e8a7fd329" />
    <UnitTestResult executionId="14882db0-7b68-4c87-a165-2085784755cc" testId="98358d73-9de0-9208-fd20-9082cad2b0e0" testName="ThenCanParseShortFormArgumentsSuccessfully" computerName="ERICCARLSONBBE6" duration="00:00:00.0010839" startTime="2022-05-04T14:46:16.1908591-04:00" endTime="2022-05-04T14:46:16.1919429-04:00" testType="13cdc9d9-ddb5-4fa4-a97d-d965ccfc6d4b" outcome="Passed" testListId="8c84fa94-04c1-424b-9868-57a2d4851a1d" relativeResultsDirectory="14882db0-7b68-4c87-a165-2085784755cc" />
    <UnitTestResult executionId="7527a336-4e0f-4784-8e08-cac22964b73b" testId="d897058a-4207-e54a-a3f6-5886bf06dbba" testName="ThenCanParseResultsFormatWithShortFormSuccessfully(&quot;xunit&quot;,XUnit)" computerName="ERICCARLSONBBE6" duration="00:00:00.0008190" startTime="2022-05-04T14:46:16.1777635-04:00" endTime="2022-05-04T14:46:16.1785827-04:00" testType="13cdc9d9-ddb5-4fa4-a97d-d965ccfc6d4b" outcome="Passed" testListId="8c84fa94-04c1-424b-9868-57a2d4851a1d" relativeResultsDirectory="7527a336-4e0f-4784-8e08-cac22964b73b" />
    <UnitTestResult executionId="abc69fc4-4e7a-409e-9b88-dfe94bb1601e" testId="4be5947a-f14c-036a-2ea3-643296d9d2ba" testName="ThenCanParseShortHideTagsSuccessfully" computerName="ERICCARLSONBBE6" duration="00:00:00.0009640" startTime="2022-05-04T14:46:16.1921339-04:00" endTime="2022-05-04T14:46:16.1930976-04:00" testType="13cdc9d9-ddb5-4fa4-a97d-d965ccfc6d4b" outcome="Passed" testListId="8c84fa94-04c1-424b-9868-57a2d4851a1d" relativeResultsDirectory="abc69fc4-4e7a-409e-9b88-dfe94bb1601e" />
    <UnitTestResult executionId="4b5f617c-1cbd-432e-bc20-91f5f8c340d7" testId="a9022e46-69d3-4225-7e9f-d450c40b211a" testName="ThenCanParseMultipleResultsFilesWithWildCardAndSemicolon" computerName="ERICCARLSONBBE6" duration="00:00:00.0020150" startTime="2022-05-04T14:46:16.0889914-04:00" endTime="2022-05-04T14:46:16.0910073-04:00" testType="13cdc9d9-ddb5-4fa4-a97d-d965ccfc6d4b" outcome="Passed" testListId="8c84fa94-04c1-424b-9868-57a2d4851a1d" relativeResultsDirectory="4b5f617c-1cbd-432e-bc20-91f5f8c340d7" />
    <UnitTestResult executionId="7fa3bf55-6daa-4a0b-97af-3920f8875d00" testId="c63d1051-ceeb-8f03-98f3-b5dc3d4afad0" testName="ThenCanParseShortFeatureBaseUriSuccessfully" computerName="ERICCARLSONBBE6" duration="00:00:00.0016230" startTime="2022-05-04T14:46:16.1888238-04:00" endTime="2022-05-04T14:46:16.1904464-04:00" testType="13cdc9d9-ddb5-4fa4-a97d-d965ccfc6d4b" outcome="Passed" testListId="8c84fa94-04c1-424b-9868-57a2d4851a1d" relativeResultsDirectory="7fa3bf55-6daa-4a0b-97af-3920f8875d00" />
    <UnitTestResult executionId="b84599d0-6f23-46ef-8b6d-f04de42b91e6" testId="bf2e9fb1-5599-d2c0-6e19-a6a1dcbc1deb" testName="ThenCanParseResultsFileAsSemicolonSeparatedListAndTestResultsFileContainsTheFirstElementOfTestResultsFiles" computerName="ERICCARLSONBBE6" duration="00:00:00.0018370" startTime="2022-05-04T14:46:16.1126718-04:00" endTime="2022-05-04T14:46:16.1145095-04:00" testType="13cdc9d9-ddb5-4fa4-a97d-d965ccfc6d4b" outcome="Passed" testListId="8c84fa94-04c1-424b-9868-57a2d4851a1d" relativeResultsDirectory="b84599d0-6f23-46ef-8b6d-f04de42b91e6" />
    <UnitTestResult executionId="1e6f7593-3b58-462a-b5a0-7bba59fb8066" testId="2c5e222a-1647-8409-7866-5ad600a37681" testName="ThenCanParseShortExcludeTagsSuccessfully" computerName="ERICCARLSONBBE6" duration="00:00:00.0011290" startTime="2022-05-04T14:46:16.1875227-04:00" endTime="2022-05-04T14:46:16.1886513-04:00" testType="13cdc9d9-ddb5-4fa4-a97d-d965ccfc6d4b" outcome="Passed" testListId="8c84fa94-04c1-424b-9868-57a2d4851a1d" relativeResultsDirectory="1e6f7593-3b58-462a-b5a0-7bba59fb8066" />
    <UnitTestResult executionId="84f2e991-d40f-415d-9022-59388b97f64f" testId="a15b1b2c-b197-9c1b-df07-4ceaf014a074" testName="ThenCanParseResultsFormatWithShortFormSuccessfully(&quot;vstest&quot;,VsTest)" computerName="ERICCARLSONBBE6" duration="00:00:00.0007400" startTime="2022-05-04T14:46:16.1864551-04:00" endTime="2022-05-04T14:46:16.1871952-04:00" testType="13cdc9d9-ddb5-4fa4-a97d-d965ccfc6d4b" outcome="Passed" testListId="8c84fa94-04c1-424b-9868-57a2d4851a1d" relativeResultsDirectory="84f2e991-d40f-415d-9022-59388b97f64f" />
    <UnitTestResult executionId="9948215a-5337-4fca-8fe4-bee9556db40a" testId="e78a84d4-a81c-205e-6754-5d999ade48f8" testName="ThenCanParseHelpRequestWithQuestionMarkSuccessfully" computerName="ERICCARLSONBBE6" duration="00:00:00.0047760" startTime="2022-05-04T14:46:15.9670500-04:00" endTime="2022-05-04T14:46:15.9718274-04:00" testType="13cdc9d9-ddb5-4fa4-a97d-d965ccfc6d4b" outcome="Passed" testListId="8c84fa94-04c1-424b-9868-57a2d4851a1d" relativeResultsDirectory="9948215a-5337-4fca-8fe4-bee9556db40a" />
    <UnitTestResult executionId="c7c285f4-f0b9-410f-8c7d-39607509f48c" testId="3dd8862b-c173-46d6-efda-e3708fc7883e" testName="ThenSetsLanguageToEnglishByDefault" computerName="ERICCARLSONBBE6" duration="00:00:00.0012200" startTime="2022-05-04T14:46:16.2146686-04:00" endTime="2022-05-04T14:46:16.2158892-04:00" testType="13cdc9d9-ddb5-4fa4-a97d-d965ccfc6d4b" outcome="Passed" testListId="8c84fa94-04c1-424b-9868-57a2d4851a1d" relativeResultsDirectory="c7c285f4-f0b9-410f-8c7d-39607509f48c" />
    <UnitTestResult executionId="86204a94-5d49-4cb4-bf10-9a2be9cad532" testId="d519a718-a5af-b718-0d02-3651b1e50e25" testName="ThenCanParseResultsFilesWithMultipleMatchesResolvingInSingleMatch" computerName="ERICCARLSONBBE6" duration="00:00:00.0088500" startTime="2022-05-04T14:46:16.1414228-04:00" endTime="2022-05-04T14:46:16.1503357-04:00" testType="13cdc9d9-ddb5-4fa4-a97d-d965ccfc6d4b" outcome="Passed" testListId="8c84fa94-04c1-424b-9868-57a2d4851a1d" relativeResultsDirectory="86204a94-5d49-4cb4-bf10-9a2be9cad532" />
    <UnitTestResult executionId="114ef041-9060-4e11-b0e0-fca51d1b9589" testId="71cdd67d-bb4c-4c14-28d6-e96b31d03990" testName="ThenCanParseLongFeatureBaseUriSuccessfully" computerName="ERICCARLSONBBE6" duration="00:00:00.0028990" startTime="2022-05-04T14:46:16.0028731-04:00" endTime="2022-05-04T14:46:16.0057735-04:00" testType="13cdc9d9-ddb5-4fa4-a97d-d965ccfc6d4b" outcome="Passed" testListId="8c84fa94-04c1-424b-9868-57a2d4851a1d" relativeResultsDirectory="114ef041-9060-4e11-b0e0-fca51d1b9589" />
    <UnitTestResult executionId="20b7fbcc-027a-4366-81c7-607f06518a7f" testId="1cc8f4ed-5df6-59e2-d4e5-7d9bd151e558" testName="ThenCanParseResultsFormatWithLongFormSuccessfully(&quot;xunit2&quot;,xUnit2)" computerName="ERICCARLSONBBE6" duration="00:00:00.0024080" startTime="2022-05-04T14:46:16.1641021-04:00" endTime="2022-05-04T14:46:16.1665106-04:00" testType="13cdc9d9-ddb5-4fa4-a97d-d965ccfc6d4b" outcome="Passed" testListId="8c84fa94-04c1-424b-9868-57a2d4851a1d" relativeResultsDirectory="20b7fbcc-027a-4366-81c7-607f06518a7f" />
    <UnitTestResult executionId="96a932dc-d50e-4061-9224-77263f7c3c2b" testId="882ba9fb-2b86-6e00-d8dd-78505e2a66a8" testName="ThenCanParseVersionRequestLongFormSuccessfully" computerName="ERICCARLSONBBE6" duration="00:00:00.0010219" startTime="2022-05-04T14:46:16.1933585-04:00" endTime="2022-05-04T14:46:16.1943800-04:00" testType="13cdc9d9-ddb5-4fa4-a97d-d965ccfc6d4b" outcome="Passed" testListId="8c84fa94-04c1-424b-9868-57a2d4851a1d" relativeResultsDirectory="96a932dc-d50e-4061-9224-77263f7c3c2b" />
    <UnitTestResult executionId="bc0fb53a-b9dc-4db0-9777-e748ab19abf9" testId="aa24be5e-cd32-5521-a0c2-016bf869eb6e" testName="ThenCanParseMultipleResultsFilesWithWildCard" computerName="ERICCARLSONBBE6" duration="00:00:00.0625460" startTime="2022-05-04T14:46:16.0226501-04:00" endTime="2022-05-04T14:46:16.0851961-04:00" testType="13cdc9d9-ddb5-4fa4-a97d-d965ccfc6d4b" outcome="Passed" testListId="8c84fa94-04c1-424b-9868-57a2d4851a1d" relativeResultsDirectory="bc0fb53a-b9dc-4db0-9777-e748ab19abf9" />
  </Results>
  <TestDefinitions>
    <UnitTest name="ThenCanParseResultsFormatWithLongFormSuccessfully(&quot;xunit2&quot;,xUnit2)" storage="c:\users\ericcarlson\documents\github\pickles\src\pickles.commandline.unittests\bin\debug\net6.0\picklesdoc.pickles.commandline.unittests.dll" id="1cc8f4ed-5df6-59e2-d4e5-7d9bd151e558">
      <Execution id="20b7fbcc-027a-4366-81c7-607f06518a7f" />
      <TestMethod codeBase="C:\Users\ericcarlson\Documents\GitHub\pickles\src\Pickles.CommandLine.UnitTests\bin\Debug\net6.0\PicklesDoc.Pickles.CommandLine.UnitTests.dll" adapterTypeName="executor://nunit3testexecutor/" className="PicklesDoc.Pickles.CommandLine.UnitTests.WhenParsingCommandLineArguments" name="ThenCanParseResultsFormatWithLongFormSuccessfully(&quot;xunit2&quot;,xUnit2)" />
    </UnitTest>
    <UnitTest name="ThenCanParseResultsFormatWithShortFormSuccessfully(&quot;xunit1&quot;,XUnit1)" storage="c:\users\ericcarlson\documents\github\pickles\src\pickles.commandline.unittests\bin\debug\net6.0\picklesdoc.pickles.commandline.unittests.dll" id="d59b29a7-7ca5-9d6f-00d5-a094c1d51ee9">
      <Execution id="cee70e20-ae46-49b5-8b96-d0c22c1562d3" />
      <TestMethod codeBase="C:\Users\ericcarlson\Documents\GitHub\pickles\src\Pickles.CommandLine.UnitTests\bin\Debug\net6.0\PicklesDoc.Pickles.CommandLine.UnitTests.dll" adapterTypeName="executor://nunit3testexecutor/" className="PicklesDoc.Pickles.CommandLine.UnitTests.WhenParsingCommandLineArguments" name="ThenCanParseResultsFormatWithShortFormSuccessfully(&quot;xunit1&quot;,XUnit1)" />
    </UnitTest>
    <UnitTest name="ThenCanParseLongHideTagsSuccessfully" storage="c:\users\ericcarlson\documents\github\pickles\src\pickles.commandline.unittests\bin\debug\net6.0\picklesdoc.pickles.commandline.unittests.dll" id="9660de6c-eec3-3258-2e8c-1f12b2daa4ae">
      <Execution id="63f76b5a-e786-4a9b-835f-a645b44bd6ff" />
      <TestMethod codeBase="C:\Users\ericcarlson\Documents\GitHub\pickles\src\Pickles.CommandLine.UnitTests\bin\Debug\net6.0\PicklesDoc.Pickles.CommandLine.UnitTests.dll" adapterTypeName="executor://nunit3testexecutor/" className="PicklesDoc.Pickles.CommandLine.UnitTests.WhenParsingCommandLineArguments" name="ThenCanParseLongHideTagsSuccessfully" />
    </UnitTest>
    <UnitTest name="ThenCanParseLongFormArgumentsSuccessfully" storage="c:\users\ericcarlson\documents\github\pickles\src\pickles.commandline.unittests\bin\debug\net6.0\picklesdoc.pickles.commandline.unittests.dll" id="02744fa5-6fa9-9771-a99c-b02de44495ff">
      <Execution id="21ed69b0-78bb-4995-99c2-1113b1ba84b4" />
      <TestMethod codeBase="C:\Users\ericcarlson\Documents\GitHub\pickles\src\Pickles.CommandLine.UnitTests\bin\Debug\net6.0\PicklesDoc.Pickles.CommandLine.UnitTests.dll" adapterTypeName="executor://nunit3testexecutor/" className="PicklesDoc.Pickles.CommandLine.UnitTests.WhenParsingCommandLineArguments" name="ThenCanParseLongFormArgumentsSuccessfully" />
    </UnitTest>
    <UnitTest name="ThenCanParseResultsFileAsSemicolonSeparatedListThatStartsWithASemicolon" storage="c:\users\ericcarlson\documents\github\pickles\src\pickles.commandline.unittests\bin\debug\net6.0\picklesdoc.pickles.commandline.unittests.dll" id="4f90bc03-9c22-3cb6-996f-0ead2a3ac7ae">
      <Execution id="ac809419-4aac-4db1-8c02-946a88cdef84" />
      <TestMethod codeBase="C:\Users\ericcarlson\Documents\GitHub\pickles\src\Pickles.CommandLine.UnitTests\bin\Debug\net6.0\PicklesDoc.Pickles.CommandLine.UnitTests.dll" adapterTypeName="executor://nunit3testexecutor/" className="PicklesDoc.Pickles.CommandLine.UnitTests.WhenParsingCommandLineArguments" name="ThenCanParseResultsFileAsSemicolonSeparatedListThatStartsWithASemicolon" />
    </UnitTest>
    <UnitTest name="ThenCanParseResultsFormatWithLongFormSuccessfully(&quot;xunit1&quot;,XUnit1)" storage="c:\users\ericcarlson\documents\github\pickles\src\pickles.commandline.unittests\bin\debug\net6.0\picklesdoc.pickles.commandline.unittests.dll" id="22d85d4c-6dbb-10ab-b5a3-f3269d2438c6">
      <Execution id="e45d7bb1-0ef9-4a87-9ce7-4308f8ace12c" />
      <TestMethod codeBase="C:\Users\ericcarlson\Documents\GitHub\pickles\src\Pickles.CommandLine.UnitTests\bin\Debug\net6.0\PicklesDoc.Pickles.CommandLine.UnitTests.dll" adapterTypeName="executor://nunit3testexecutor/" className="PicklesDoc.Pickles.CommandLine.UnitTests.WhenParsingCommandLineArguments" name="ThenCanParseResultsFormatWithLongFormSuccessfully(&quot;xunit1&quot;,XUnit1)" />
    </UnitTest>
    <UnitTest name="ThenCanParseShortExcludeTagsSuccessfully" storage="c:\users\ericcarlson\documents\github\pickles\src\pickles.commandline.unittests\bin\debug\net6.0\picklesdoc.pickles.commandline.unittests.dll" id="2c5e222a-1647-8409-7866-5ad600a37681">
      <Execution id="1e6f7593-3b58-462a-b5a0-7bba59fb8066" />
      <TestMethod codeBase="C:\Users\ericcarlson\Documents\GitHub\pickles\src\Pickles.CommandLine.UnitTests\bin\Debug\net6.0\PicklesDoc.Pickles.CommandLine.UnitTests.dll" adapterTypeName="executor://nunit3testexecutor/" className="PicklesDoc.Pickles.CommandLine.UnitTests.WhenParsingCommandLineArguments" name="ThenCanParseShortExcludeTagsSuccessfully" />
    </UnitTest>
    <UnitTest name="ThenCanParseResultsFileWithShortFormSuccessfully" storage="c:\users\ericcarlson\documents\github\pickles\src\pickles.commandline.unittests\bin\debug\net6.0\picklesdoc.pickles.commandline.unittests.dll" id="4c0d74ee-a4a4-0155-6f3c-7f63d1173421">
      <Execution id="b07a7cfc-4bbc-44e8-b5c3-99d215c41a08" />
      <TestMethod codeBase="C:\Users\ericcarlson\Documents\GitHub\pickles\src\Pickles.CommandLine.UnitTests\bin\Debug\net6.0\PicklesDoc.Pickles.CommandLine.UnitTests.dll" adapterTypeName="executor://nunit3testexecutor/" className="PicklesDoc.Pickles.CommandLine.UnitTests.WhenParsingCommandLineArguments" name="ThenCanParseResultsFileWithShortFormSuccessfully" />
    </UnitTest>
    <UnitTest name="ThenCanParseVersionRequestShortFormSuccessfully" storage="c:\users\ericcarlson\documents\github\pickles\src\pickles.commandline.unittests\bin\debug\net6.0\picklesdoc.pickles.commandline.unittests.dll" id="8a6da681-14e9-3512-521e-22acb0ced795">
      <Execution id="27615cac-6192-42ef-89c3-be651c2ef0d6" />
      <TestMethod codeBase="C:\Users\ericcarlson\Documents\GitHub\pickles\src\Pickles.CommandLine.UnitTests\bin\Debug\net6.0\PicklesDoc.Pickles.CommandLine.UnitTests.dll" adapterTypeName="executor://nunit3testexecutor/" className="PicklesDoc.Pickles.CommandLine.UnitTests.WhenParsingCommandLineArguments" name="ThenCanParseVersionRequestShortFormSuccessfully" />
    </UnitTest>
    <UnitTest name="ThenCanParseResultsFileAsSemicolonSeparatedListThatEndsWithASemicolon" storage="c:\users\ericcarlson\documents\github\pickles\src\pickles.commandline.unittests\bin\debug\net6.0\picklesdoc.pickles.commandline.unittests.dll" id="6db80d44-6cb8-8e13-b69b-abf2d5a5486f">
      <Execution id="f2089ff4-8a54-4df6-a054-524a0ca1718e" />
      <TestMethod codeBase="C:\Users\ericcarlson\Documents\GitHub\pickles\src\Pickles.CommandLine.UnitTests\bin\Debug\net6.0\PicklesDoc.Pickles.CommandLine.UnitTests.dll" adapterTypeName="executor://nunit3testexecutor/" className="PicklesDoc.Pickles.CommandLine.UnitTests.WhenParsingCommandLineArguments" name="ThenCanParseResultsFileAsSemicolonSeparatedListThatEndsWithASemicolon" />
    </UnitTest>
    <UnitTest name="ThenSetsLanguageToEnglishByDefault" storage="c:\users\ericcarlson\documents\github\pickles\src\pickles.commandline.unittests\bin\debug\net6.0\picklesdoc.pickles.commandline.unittests.dll" id="3dd8862b-c173-46d6-efda-e3708fc7883e">
      <Execution id="c7c285f4-f0b9-410f-8c7d-39607509f48c" />
      <TestMethod codeBase="C:\Users\ericcarlson\Documents\GitHub\pickles\src\Pickles.CommandLine.UnitTests\bin\Debug\net6.0\PicklesDoc.Pickles.CommandLine.UnitTests.dll" adapterTypeName="executor://nunit3testexecutor/" className="PicklesDoc.Pickles.CommandLine.UnitTests.WhenParsingCommandLineArguments" name="ThenSetsLanguageToEnglishByDefault" />
    </UnitTest>
    <UnitTest name="ThenCanParseResultsFilesWithMultipleMatchesResolvingInSingleMatch" storage="c:\users\ericcarlson\documents\github\pickles\src\pickles.commandline.unittests\bin\debug\net6.0\picklesdoc.pickles.commandline.unittests.dll" id="d519a718-a5af-b718-0d02-3651b1e50e25">
      <Execution id="86204a94-5d49-4cb4-bf10-9a2be9cad532" />
      <TestMethod codeBase="C:\Users\ericcarlson\Documents\GitHub\pickles\src\Pickles.CommandLine.UnitTests\bin\Debug\net6.0\PicklesDoc.Pickles.CommandLine.UnitTests.dll" adapterTypeName="executor://nunit3testexecutor/" className="PicklesDoc.Pickles.CommandLine.UnitTests.WhenParsingCommandLineArguments" name="ThenCanParseResultsFilesWithMultipleMatchesResolvingInSingleMatch" />
    </UnitTest>
    <UnitTest name="ThenInputAndOutputDirectoryAreSetToTheCurrentDirectory" storage="c:\users\ericcarlson\documents\github\pickles\src\pickles.commandline.unittests\bin\debug\net6.0\picklesdoc.pickles.commandline.unittests.dll" id="1f593c2d-08ac-eb3f-ea26-17c56e86051c">
      <Execution id="df3c2c20-7fbb-4197-86c7-6e8a5639a016" />
      <TestMethod codeBase="C:\Users\ericcarlson\Documents\GitHub\pickles\src\Pickles.CommandLine.UnitTests\bin\Debug\net6.0\PicklesDoc.Pickles.CommandLine.UnitTests.dll" adapterTypeName="executor://nunit3testexecutor/" className="PicklesDoc.Pickles.CommandLine.UnitTests.WhenParsingCommandLineArguments" name="ThenInputAndOutputDirectoryAreSetToTheCurrentDirectory" />
    </UnitTest>
    <UnitTest name="ThenCanParseResultsFormatWithLongFormSuccessfully(&quot;cucumberjson&quot;,CucumberJson)" storage="c:\users\ericcarlson\documents\github\pickles\src\pickles.commandline.unittests\bin\debug\net6.0\picklesdoc.pickles.commandline.unittests.dll" id="4bf32c86-223f-197e-0dfd-ab5347605437">
      <Execution id="c2f9ab5f-2c20-41e7-b5e1-12b526c5e073" />
      <TestMethod codeBase="C:\Users\ericcarlson\Documents\GitHub\pickles\src\Pickles.CommandLine.UnitTests\bin\Debug\net6.0\PicklesDoc.Pickles.CommandLine.UnitTests.dll" adapterTypeName="executor://nunit3testexecutor/" className="PicklesDoc.Pickles.CommandLine.UnitTests.WhenParsingCommandLineArguments" name="ThenCanParseResultsFormatWithLongFormSuccessfully(&quot;cucumberjson&quot;,CucumberJson)" />
    </UnitTest>
    <UnitTest name="ThenCanParseResultsFormatWithShortFormSuccessfully(&quot;specrun&quot;,SpecRun)" storage="c:\users\ericcarlson\documents\github\pickles\src\pickles.commandline.unittests\bin\debug\net6.0\picklesdoc.pickles.commandline.unittests.dll" id="6c6fa077-38de-29df-ea1d-0e7127f24864">
      <Execution id="6ed04609-7616-4546-8c4b-a2de7f747cdf" />
      <TestMethod codeBase="C:\Users\ericcarlson\Documents\GitHub\pickles\src\Pickles.CommandLine.UnitTests\bin\Debug\net6.0\PicklesDoc.Pickles.CommandLine.UnitTests.dll" adapterTypeName="executor://nunit3testexecutor/" className="PicklesDoc.Pickles.CommandLine.UnitTests.WhenParsingCommandLineArguments" name="ThenCanParseResultsFormatWithShortFormSuccessfully(&quot;specrun&quot;,SpecRun)" />
    </UnitTest>
    <UnitTest name="ThenCanParseExcelDocumentationFormatWithShortFormSuccessfully" storage="c:\users\ericcarlson\documents\github\pickles\src\pickles.commandline.unittests\bin\debug\net6.0\picklesdoc.pickles.commandline.unittests.dll" id="f22fa231-8de3-a216-58e1-8a185fe39b3a">
      <Execution id="8d3b01bb-07a6-41d6-989d-18a013c3c6d1" />
      <TestMethod codeBase="C:\Users\ericcarlson\Documents\GitHub\pickles\src\Pickles.CommandLine.UnitTests\bin\Debug\net6.0\PicklesDoc.Pickles.CommandLine.UnitTests.dll" adapterTypeName="executor://nunit3testexecutor/" className="PicklesDoc.Pickles.CommandLine.UnitTests.WhenParsingCommandLineArguments" name="ThenCanParseExcelDocumentationFormatWithShortFormSuccessfully" />
    </UnitTest>
    <UnitTest name="ThenCanParseResultsFileAsSemicolonSeparatedListAndTestResultsFileContainsTheFirstElementOfTestResultsFiles" storage="c:\users\ericcarlson\documents\github\pickles\src\pickles.commandline.unittests\bin\debug\net6.0\picklesdoc.pickles.commandline.unittests.dll" id="bf2e9fb1-5599-d2c0-6e19-a6a1dcbc1deb">
      <Execution id="b84599d0-6f23-46ef-8b6d-f04de42b91e6" />
      <TestMethod codeBase="C:\Users\ericcarlson\Documents\GitHub\pickles\src\Pickles.CommandLine.UnitTests\bin\Debug\net6.0\PicklesDoc.Pickles.CommandLine.UnitTests.dll" adapterTypeName="executor://nunit3testexecutor/" className="PicklesDoc.Pickles.CommandLine.UnitTests.WhenParsingCommandLineArguments" name="ThenCanParseResultsFileAsSemicolonSeparatedListAndTestResultsFileContainsTheFirstElementOfTestResultsFiles" />
    </UnitTest>
    <UnitTest name="ThenCanParseResultsFileWithLongFormSuccessfully" storage="c:\users\ericcarlson\documents\github\pickles\src\pickles.commandline.unittests\bin\debug\net6.0\picklesdoc.pickles.commandline.unittests.dll" id="68c5df64-32c1-5ede-f890-4d40dd8a8c9f">
      <Execution id="cbabb553-ddc0-4b85-8a67-e6643055e568" />
      <TestMethod codeBase="C:\Users\ericcarlson\Documents\GitHub\pickles\src\Pickles.CommandLine.UnitTests\bin\Debug\net6.0\PicklesDoc.Pickles.CommandLine.UnitTests.dll" adapterTypeName="executor://nunit3testexecutor/" className="PicklesDoc.Pickles.CommandLine.UnitTests.WhenParsingCommandLineArguments" name="ThenCanParseResultsFileWithLongFormSuccessfully" />
    </UnitTest>
    <UnitTest name="ThenCanParseResultsFormatWithShortFormSuccessfully(&quot;nunit&quot;,NUnit)" storage="c:\users\ericcarlson\documents\github\pickles\src\pickles.commandline.unittests\bin\debug\net6.0\picklesdoc.pickles.commandline.unittests.dll" id="f31b08c7-de79-cc6d-4377-211c81bf0669">
      <Execution id="44f66f89-f858-44fa-81df-fcdce8b88474" />
      <TestMethod codeBase="C:\Users\ericcarlson\Documents\GitHub\pickles\src\Pickles.CommandLine.UnitTests\bin\Debug\net6.0\PicklesDoc.Pickles.CommandLine.UnitTests.dll" adapterTypeName="executor://nunit3testexecutor/" className="PicklesDoc.Pickles.CommandLine.UnitTests.WhenParsingCommandLineArguments" name="ThenCanParseResultsFormatWithShortFormSuccessfully(&quot;nunit&quot;,NUnit)" />
    </UnitTest>
    <UnitTest name="ThenCanParseShortHideTagsSuccessfully" storage="c:\users\ericcarlson\documents\github\pickles\src\pickles.commandline.unittests\bin\debug\net6.0\picklesdoc.pickles.commandline.unittests.dll" id="4be5947a-f14c-036a-2ea3-643296d9d2ba">
      <Execution id="abc69fc4-4e7a-409e-9b88-dfe94bb1601e" />
      <TestMethod codeBase="C:\Users\ericcarlson\Documents\GitHub\pickles\src\Pickles.CommandLine.UnitTests\bin\Debug\net6.0\PicklesDoc.Pickles.CommandLine.UnitTests.dll" adapterTypeName="executor://nunit3testexecutor/" className="PicklesDoc.Pickles.CommandLine.UnitTests.WhenParsingCommandLineArguments" name="ThenCanParseShortHideTagsSuccessfully" />
    </UnitTest>
    <UnitTest name="ThenCanParseHelpRequestWithQuestionMarkSuccessfully" storage="c:\users\ericcarlson\documents\github\pickles\src\pickles.commandline.unittests\bin\debug\net6.0\picklesdoc.pickles.commandline.unittests.dll" id="e78a84d4-a81c-205e-6754-5d999ade48f8">
      <Execution id="9948215a-5337-4fca-8fe4-bee9556db40a" />
      <TestMethod codeBase="C:\Users\ericcarlson\Documents\GitHub\pickles\src\Pickles.CommandLine.UnitTests\bin\Debug\net6.0\PicklesDoc.Pickles.CommandLine.UnitTests.dll" adapterTypeName="executor://nunit3testexecutor/" className="PicklesDoc.Pickles.CommandLine.UnitTests.WhenParsingCommandLineArguments" name="ThenCanParseHelpRequestWithQuestionMarkSuccessfully" />
    </UnitTest>
    <UnitTest name="ThenCanParseResultsFormatWithLongFormSuccessfully(&quot;nunit3&quot;,NUnit3)" storage="c:\users\ericcarlson\documents\github\pickles\src\pickles.commandline.unittests\bin\debug\net6.0\picklesdoc.pickles.commandline.unittests.dll" id="f4f1cc4a-df08-6e29-9d02-c2cb8938f99a">
      <Execution id="86e63877-366e-40de-9ad6-b55b57825d41" />
      <TestMethod codeBase="C:\Users\ericcarlson\Documents\GitHub\pickles\src\Pickles.CommandLine.UnitTests\bin\Debug\net6.0\PicklesDoc.Pickles.CommandLine.UnitTests.dll" adapterTypeName="executor://nunit3testexecutor/" className="PicklesDoc.Pickles.CommandLine.UnitTests.WhenParsingCommandLineArguments" name="ThenCanParseResultsFormatWithLongFormSuccessfully(&quot;nunit3&quot;,NUnit3)" />
    </UnitTest>
    <UnitTest name="ThenCanParseMultipleResultsFilesWithWildCardWhereNoMatchIsExcluded" storage="c:\users\ericcarlson\documents\github\pickles\src\pickles.commandline.unittests\bin\debug\net6.0\picklesdoc.pickles.commandline.unittests.dll" id="8e1263c8-41c8-6a86-58fa-1165bc338df7">
      <Execution id="c3de603f-0575-4232-9f5d-ec65a436ba2f" />
      <TestMethod codeBase="C:\Users\ericcarlson\Documents\GitHub\pickles\src\Pickles.CommandLine.UnitTests\bin\Debug\net6.0\PicklesDoc.Pickles.CommandLine.UnitTests.dll" adapterTypeName="executor://nunit3testexecutor/" className="PicklesDoc.Pickles.CommandLine.UnitTests.WhenParsingCommandLineArguments" name="ThenCanParseMultipleResultsFilesWithWildCardWhereNoMatchIsExcluded" />
    </UnitTest>
    <UnitTest name="ThenCanParseResultsFormatWithShortFormSuccessfully(&quot;cucumberjson&quot;,CucumberJson)" storage="c:\users\ericcarlson\documents\github\pickles\src\pickles.commandline.unittests\bin\debug\net6.0\picklesdoc.pickles.commandline.unittests.dll" id="ddd1faaa-8474-bed3-663a-443138340384">
      <Execution id="ac0b80e7-8928-4aaf-9342-b6f6121e082d" />
      <TestMethod codeBase="C:\Users\ericcarlson\Documents\GitHub\pickles\src\Pickles.CommandLine.UnitTests\bin\Debug\net6.0\PicklesDoc.Pickles.CommandLine.UnitTests.dll" adapterTypeName="executor://nunit3testexecutor/" className="PicklesDoc.Pickles.CommandLine.UnitTests.WhenParsingCommandLineArguments" name="ThenCanParseResultsFormatWithShortFormSuccessfully(&quot;cucumberjson&quot;,CucumberJson)" />
    </UnitTest>
    <UnitTest name="ThenCanParseResultsFormatWithShortFormSuccessfully(&quot;xunit2&quot;,xUnit2)" storage="c:\users\ericcarlson\documents\github\pickles\src\pickles.commandline.unittests\bin\debug\net6.0\picklesdoc.pickles.commandline.unittests.dll" id="ac913a0e-9c8f-ad8b-7a90-e4ee62368cd3">
      <Execution id="f677a85b-b705-49f6-b03c-028518b9d85d" />
      <TestMethod codeBase="C:\Users\ericcarlson\Documents\GitHub\pickles\src\Pickles.CommandLine.UnitTests\bin\Debug\net6.0\PicklesDoc.Pickles.CommandLine.UnitTests.dll" adapterTypeName="executor://nunit3testexecutor/" className="PicklesDoc.Pickles.CommandLine.UnitTests.WhenParsingCommandLineArguments" name="ThenCanParseResultsFormatWithShortFormSuccessfully(&quot;xunit2&quot;,xUnit2)" />
    </UnitTest>
    <UnitTest name="ThenCanParseResultsFormatWithShortFormSuccessfully(&quot;nunit3&quot;,NUnit3)" storage="c:\users\ericcarlson\documents\github\pickles\src\pickles.commandline.unittests\bin\debug\net6.0\picklesdoc.pickles.commandline.unittests.dll" id="4339dc42-b5d9-a7f8-6c7c-3fbef918e3cc">
      <Execution id="79c18a3c-0614-4104-b509-2cde83fcd6ab" />
      <TestMethod codeBase="C:\Users\ericcarlson\Documents\GitHub\pickles\src\Pickles.CommandLine.UnitTests\bin\Debug\net6.0\PicklesDoc.Pickles.CommandLine.UnitTests.dll" adapterTypeName="executor://nunit3testexecutor/" className="PicklesDoc.Pickles.CommandLine.UnitTests.WhenParsingCommandLineArguments" name="ThenCanParseResultsFormatWithShortFormSuccessfully(&quot;nunit3&quot;,NUnit3)" />
    </UnitTest>
    <UnitTest name="ThenCanParseLongExcludeTagsSuccessfully" storage="c:\users\ericcarlson\documents\github\pickles\src\pickles.commandline.unittests\bin\debug\net6.0\picklesdoc.pickles.commandline.unittests.dll" id="8df7f7c3-2a09-e5a9-4b22-1b2fdcd78402">
      <Execution id="23c15f70-b2d8-4ef4-90a5-0708f02ece33" />
      <TestMethod codeBase="C:\Users\ericcarlson\Documents\GitHub\pickles\src\Pickles.CommandLine.UnitTests\bin\Debug\net6.0\PicklesDoc.Pickles.CommandLine.UnitTests.dll" adapterTypeName="executor://nunit3testexecutor/" className="PicklesDoc.Pickles.CommandLine.UnitTests.WhenParsingCommandLineArguments" name="ThenCanParseLongExcludeTagsSuccessfully" />
    </UnitTest>
    <UnitTest name="ThenCanParseMultipleResultsFilesWithWildCardAndSemicolon" storage="c:\users\ericcarlson\documents\github\pickles\src\pickles.commandline.unittests\bin\debug\net6.0\picklesdoc.pickles.commandline.unittests.dll" id="a9022e46-69d3-4225-7e9f-d450c40b211a">
      <Execution id="4b5f617c-1cbd-432e-bc20-91f5f8c340d7" />
      <TestMethod codeBase="C:\Users\ericcarlson\Documents\GitHub\pickles\src\Pickles.CommandLine.UnitTests\bin\Debug\net6.0\PicklesDoc.Pickles.CommandLine.UnitTests.dll" adapterTypeName="executor://nunit3testexecutor/" className="PicklesDoc.Pickles.CommandLine.UnitTests.WhenParsingCommandLineArguments" name="ThenCanParseMultipleResultsFilesWithWildCardAndSemicolon" />
    </UnitTest>
    <UnitTest name="ThenCanParseResultsFormatWithLongFormSuccessfully(&quot;nunit&quot;,NUnit)" storage="c:\users\ericcarlson\documents\github\pickles\src\pickles.commandline.unittests\bin\debug\net6.0\picklesdoc.pickles.commandline.unittests.dll" id="9b95c832-12a1-dd0c-d813-9b9c55bc5be7">
      <Execution id="e5c88aeb-66b2-4a58-b31c-30560c368a9e" />
      <TestMethod codeBase="C:\Users\ericcarlson\Documents\GitHub\pickles\src\Pickles.CommandLine.UnitTests\bin\Debug\net6.0\PicklesDoc.Pickles.CommandLine.UnitTests.dll" adapterTypeName="executor://nunit3testexecutor/" className="PicklesDoc.Pickles.CommandLine.UnitTests.WhenParsingCommandLineArguments" name="ThenCanParseResultsFormatWithLongFormSuccessfully(&quot;nunit&quot;,NUnit)" />
    </UnitTest>
    <UnitTest name="ThenCanParseShortFeatureBaseUriSuccessfully" storage="c:\users\ericcarlson\documents\github\pickles\src\pickles.commandline.unittests\bin\debug\net6.0\picklesdoc.pickles.commandline.unittests.dll" id="c63d1051-ceeb-8f03-98f3-b5dc3d4afad0">
      <Execution id="7fa3bf55-6daa-4a0b-97af-3920f8875d00" />
      <TestMethod codeBase="C:\Users\ericcarlson\Documents\GitHub\pickles\src\Pickles.CommandLine.UnitTests\bin\Debug\net6.0\PicklesDoc.Pickles.CommandLine.UnitTests.dll" adapterTypeName="executor://nunit3testexecutor/" className="PicklesDoc.Pickles.CommandLine.UnitTests.WhenParsingCommandLineArguments" name="ThenCanParseShortFeatureBaseUriSuccessfully" />
    </UnitTest>
    <UnitTest name="ThenCanFilterOutNonExistingTestResultFiles" storage="c:\users\ericcarlson\documents\github\pickles\src\pickles.commandline.unittests\bin\debug\net6.0\picklesdoc.pickles.commandline.unittests.dll" id="d2c0d584-9c1d-862e-90aa-b91d6e3fa4c7">
      <Execution id="29d8f75f-3a23-46d8-9a9d-f622fd246ddd" />
      <TestMethod codeBase="C:\Users\ericcarlson\Documents\GitHub\pickles\src\Pickles.CommandLine.UnitTests\bin\Debug\net6.0\PicklesDoc.Pickles.CommandLine.UnitTests.dll" adapterTypeName="executor://nunit3testexecutor/" className="PicklesDoc.Pickles.CommandLine.UnitTests.WhenParsingCommandLineArguments" name="ThenCanFilterOutNonExistingTestResultFiles" />
    </UnitTest>
    <UnitTest name="ThenNoExceptionIsThrownWhenResultsFileIsDir" storage="c:\users\ericcarlson\documents\github\pickles\src\pickles.commandline.unittests\bin\debug\net6.0\picklesdoc.pickles.commandline.unittests.dll" id="eaa4848e-0559-2885-f044-c2a62f5dab86">
      <Execution id="99744107-24f6-4fc3-a81c-652c2edad1b0" />
      <TestMethod codeBase="C:\Users\ericcarlson\Documents\GitHub\pickles\src\Pickles.CommandLine.UnitTests\bin\Debug\net6.0\PicklesDoc.Pickles.CommandLine.UnitTests.dll" adapterTypeName="executor://nunit3testexecutor/" className="PicklesDoc.Pickles.CommandLine.UnitTests.WhenParsingCommandLineArguments" name="ThenNoExceptionIsThrownWhenResultsFileIsDir" />
    </UnitTest>
    <UnitTest name="ThenCanParseExcelDocumentationFormatWithLongFormSuccessfully" storage="c:\users\ericcarlson\documents\github\pickles\src\pickles.commandline.unittests\bin\debug\net6.0\picklesdoc.pickles.commandline.unittests.dll" id="74a89751-e63b-0a42-dc81-231c95fc1332">
      <Execution id="8d7bfba5-bb53-4468-ac5a-4d293cb029f3" />
      <TestMethod codeBase="C:\Users\ericcarlson\Documents\GitHub\pickles\src\Pickles.CommandLine.UnitTests\bin\Debug\net6.0\PicklesDoc.Pickles.CommandLine.UnitTests.dll" adapterTypeName="executor://nunit3testexecutor/" className="PicklesDoc.Pickles.CommandLine.UnitTests.WhenParsingCommandLineArguments" name="ThenCanParseExcelDocumentationFormatWithLongFormSuccessfully" />
    </UnitTest>
    <UnitTest name="ThenCanParseVersionRequestLongFormSuccessfully" storage="c:\users\ericcarlson\documents\github\pickles\src\pickles.commandline.unittests\bin\debug\net6.0\picklesdoc.pickles.commandline.unittests.dll" id="882ba9fb-2b86-6e00-d8dd-78505e2a66a8">
      <Execution id="96a932dc-d50e-4061-9224-77263f7c3c2b" />
      <TestMethod codeBase="C:\Users\ericcarlson\Documents\GitHub\pickles\src\Pickles.CommandLine.UnitTests\bin\Debug\net6.0\PicklesDoc.Pickles.CommandLine.UnitTests.dll" adapterTypeName="executor://nunit3testexecutor/" className="PicklesDoc.Pickles.CommandLine.UnitTests.WhenParsingCommandLineArguments" name="ThenCanParseVersionRequestLongFormSuccessfully" />
    </UnitTest>
    <UnitTest name="ThenCanParseResultsFormatWithLongFormSuccessfully(&quot;mstest&quot;,MsTest)" storage="c:\users\ericcarlson\documents\github\pickles\src\pickles.commandline.unittests\bin\debug\net6.0\picklesdoc.pickles.commandline.unittests.dll" id="1d892050-5fc4-1870-33c7-728b36a63ba3">
      <Execution id="99de622e-f108-475b-91cc-cd5e8a7fd329" />
      <TestMethod codeBase="C:\Users\ericcarlson\Documents\GitHub\pickles\src\Pickles.CommandLine.UnitTests\bin\Debug\net6.0\PicklesDoc.Pickles.CommandLine.UnitTests.dll" adapterTypeName="executor://nunit3testexecutor/" className="PicklesDoc.Pickles.CommandLine.UnitTests.WhenParsingCommandLineArguments" name="ThenCanParseResultsFormatWithLongFormSuccessfully(&quot;mstest&quot;,MsTest)" />
    </UnitTest>
    <UnitTest name="ThenCanParseResultsFormatWithShortFormSuccessfully(&quot;vstest&quot;,VsTest)" storage="c:\users\ericcarlson\documents\github\pickles\src\pickles.commandline.unittests\bin\debug\net6.0\picklesdoc.pickles.commandline.unittests.dll" id="a15b1b2c-b197-9c1b-df07-4ceaf014a074">
      <Execution id="84f2e991-d40f-415d-9022-59388b97f64f" />
      <TestMethod codeBase="C:\Users\ericcarlson\Documents\GitHub\pickles\src\Pickles.CommandLine.UnitTests\bin\Debug\net6.0\PicklesDoc.Pickles.CommandLine.UnitTests.dll" adapterTypeName="executor://nunit3testexecutor/" className="PicklesDoc.Pickles.CommandLine.UnitTests.WhenParsingCommandLineArguments" name="ThenCanParseResultsFormatWithShortFormSuccessfully(&quot;vstest&quot;,VsTest)" />
    </UnitTest>
    <UnitTest name="ThenCanParseResultsFormatWithShortFormSuccessfully(&quot;xunit&quot;,XUnit)" storage="c:\users\ericcarlson\documents\github\pickles\src\pickles.commandline.unittests\bin\debug\net6.0\picklesdoc.pickles.commandline.unittests.dll" id="d897058a-4207-e54a-a3f6-5886bf06dbba">
      <Execution id="7527a336-4e0f-4784-8e08-cac22964b73b" />
      <TestMethod codeBase="C:\Users\ericcarlson\Documents\GitHub\pickles\src\Pickles.CommandLine.UnitTests\bin\Debug\net6.0\PicklesDoc.Pickles.CommandLine.UnitTests.dll" adapterTypeName="executor://nunit3testexecutor/" className="PicklesDoc.Pickles.CommandLine.UnitTests.WhenParsingCommandLineArguments" name="ThenCanParseResultsFormatWithShortFormSuccessfully(&quot;xunit&quot;,XUnit)" />
    </UnitTest>
    <UnitTest name="ThenCanParseHelpRequestWithShortFormSuccessfully" storage="c:\users\ericcarlson\documents\github\pickles\src\pickles.commandline.unittests\bin\debug\net6.0\picklesdoc.pickles.commandline.unittests.dll" id="0d69365c-4d30-3f5d-cab9-49069b201831">
      <Execution id="8157cac4-1032-4e27-baf3-24987b5022a8" />
      <TestMethod codeBase="C:\Users\ericcarlson\Documents\GitHub\pickles\src\Pickles.CommandLine.UnitTests\bin\Debug\net6.0\PicklesDoc.Pickles.CommandLine.UnitTests.dll" adapterTypeName="executor://nunit3testexecutor/" className="PicklesDoc.Pickles.CommandLine.UnitTests.WhenParsingCommandLineArguments" name="ThenCanParseHelpRequestWithShortFormSuccessfully" />
    </UnitTest>
    <UnitTest name="ThenCanParseLongFeatureBaseUriSuccessfully" storage="c:\users\ericcarlson\documents\github\pickles\src\pickles.commandline.unittests\bin\debug\net6.0\picklesdoc.pickles.commandline.unittests.dll" id="71cdd67d-bb4c-4c14-28d6-e96b31d03990">
      <Execution id="114ef041-9060-4e11-b0e0-fca51d1b9589" />
      <TestMethod codeBase="C:\Users\ericcarlson\Documents\GitHub\pickles\src\Pickles.CommandLine.UnitTests\bin\Debug\net6.0\PicklesDoc.Pickles.CommandLine.UnitTests.dll" adapterTypeName="executor://nunit3testexecutor/" className="PicklesDoc.Pickles.CommandLine.UnitTests.WhenParsingCommandLineArguments" name="ThenCanParseLongFeatureBaseUriSuccessfully" />
    </UnitTest>
    <UnitTest name="ThenCanParseResultsFormatWithShortFormSuccessfully(&quot;mstest&quot;,MsTest)" storage="c:\users\ericcarlson\documents\github\pickles\src\pickles.commandline.unittests\bin\debug\net6.0\picklesdoc.pickles.commandline.unittests.dll" id="515a2015-9e64-a8ba-ec33-d67af30ec048">
      <Execution id="792d4c53-ff39-48d7-a137-2c6bcc0f845b" />
      <TestMethod codeBase="C:\Users\ericcarlson\Documents\GitHub\pickles\src\Pickles.CommandLine.UnitTests\bin\Debug\net6.0\PicklesDoc.Pickles.CommandLine.UnitTests.dll" adapterTypeName="executor://nunit3testexecutor/" className="PicklesDoc.Pickles.CommandLine.UnitTests.WhenParsingCommandLineArguments" name="ThenCanParseResultsFormatWithShortFormSuccessfully(&quot;mstest&quot;,MsTest)" />
    </UnitTest>
    <UnitTest name="ThenCanParseHelpRequestWithLongFormSuccessfully" storage="c:\users\ericcarlson\documents\github\pickles\src\pickles.commandline.unittests\bin\debug\net6.0\picklesdoc.pickles.commandline.unittests.dll" id="a4fa417d-e95a-7a1f-a1c7-bce00a40345c">
      <Execution id="77395571-4361-4b16-b6ee-3aa92aab23f0" />
      <TestMethod codeBase="C:\Users\ericcarlson\Documents\GitHub\pickles\src\Pickles.CommandLine.UnitTests\bin\Debug\net6.0\PicklesDoc.Pickles.CommandLine.UnitTests.dll" adapterTypeName="executor://nunit3testexecutor/" className="PicklesDoc.Pickles.CommandLine.UnitTests.WhenParsingCommandLineArguments" name="ThenCanParseHelpRequestWithLongFormSuccessfully" />
    </UnitTest>
    <UnitTest name="ThenCanParseResultsFileAsSemicolonSeparatedList" storage="c:\users\ericcarlson\documents\github\pickles\src\pickles.commandline.unittests\bin\debug\net6.0\picklesdoc.pickles.commandline.unittests.dll" id="762b97c6-0e84-7701-a4ed-7885e84d9b93">
      <Execution id="49067080-dc76-4050-9f71-6dfd21dd201e" />
      <TestMethod codeBase="C:\Users\ericcarlson\Documents\GitHub\pickles\src\Pickles.CommandLine.UnitTests\bin\Debug\net6.0\PicklesDoc.Pickles.CommandLine.UnitTests.dll" adapterTypeName="executor://nunit3testexecutor/" className="PicklesDoc.Pickles.CommandLine.UnitTests.WhenParsingCommandLineArguments" name="ThenCanParseResultsFileAsSemicolonSeparatedList" />
    </UnitTest>
    <UnitTest name="ThenCanParseShortFormArgumentsSuccessfully" storage="c:\users\ericcarlson\documents\github\pickles\src\pickles.commandline.unittests\bin\debug\net6.0\picklesdoc.pickles.commandline.unittests.dll" id="98358d73-9de0-9208-fd20-9082cad2b0e0">
      <Execution id="14882db0-7b68-4c87-a165-2085784755cc" />
      <TestMethod codeBase="C:\Users\ericcarlson\Documents\GitHub\pickles\src\Pickles.CommandLine.UnitTests\bin\Debug\net6.0\PicklesDoc.Pickles.CommandLine.UnitTests.dll" adapterTypeName="executor://nunit3testexecutor/" className="PicklesDoc.Pickles.CommandLine.UnitTests.WhenParsingCommandLineArguments" name="ThenCanParseShortFormArgumentsSuccessfully" />
    </UnitTest>
    <UnitTest name="ThenCanParseMultipleResultsFilesWithWildCard" storage="c:\users\ericcarlson\documents\github\pickles\src\pickles.commandline.unittests\bin\debug\net6.0\picklesdoc.pickles.commandline.unittests.dll" id="aa24be5e-cd32-5521-a0c2-016bf869eb6e">
      <Execution id="bc0fb53a-b9dc-4db0-9777-e748ab19abf9" />
      <TestMethod codeBase="C:\Users\ericcarlson\Documents\GitHub\pickles\src\Pickles.CommandLine.UnitTests\bin\Debug\net6.0\PicklesDoc.Pickles.CommandLine.UnitTests.dll" adapterTypeName="executor://nunit3testexecutor/" className="PicklesDoc.Pickles.CommandLine.UnitTests.WhenParsingCommandLineArguments" name="ThenCanParseMultipleResultsFilesWithWildCard" />
    </UnitTest>
    <UnitTest name="ThenCanParseResultsFormatWithLongFormSuccessfully(&quot;vstest&quot;,VsTest)" storage="c:\users\ericcarlson\documents\github\pickles\src\pickles.commandline.unittests\bin\debug\net6.0\picklesdoc.pickles.commandline.unittests.dll" id="0c141315-43d3-b684-eb68-acfa95ded382">
      <Execution id="43419435-f986-49d5-a4bc-3cec668151b2" />
      <TestMethod codeBase="C:\Users\ericcarlson\Documents\GitHub\pickles\src\Pickles.CommandLine.UnitTests\bin\Debug\net6.0\PicklesDoc.Pickles.CommandLine.UnitTests.dll" adapterTypeName="executor://nunit3testexecutor/" className="PicklesDoc.Pickles.CommandLine.UnitTests.WhenParsingCommandLineArguments" name="ThenCanParseResultsFormatWithLongFormSuccessfully(&quot;vstest&quot;,VsTest)" />
    </UnitTest>
    <UnitTest name="ThenCanParseMultipleResultsFilesWithWildCardsAndSemicolonWhenSomeHaveNoMatch" storage="c:\users\ericcarlson\documents\github\pickles\src\pickles.commandline.unittests\bin\debug\net6.0\picklesdoc.pickles.commandline.unittests.dll" id="fc58252f-e76b-39d9-6323-de78122c7066">
      <Execution id="dbe33da5-6360-4ece-b072-5ba85e940c9c" />
      <TestMethod codeBase="C:\Users\ericcarlson\Documents\GitHub\pickles\src\Pickles.CommandLine.UnitTests\bin\Debug\net6.0\PicklesDoc.Pickles.CommandLine.UnitTests.dll" adapterTypeName="executor://nunit3testexecutor/" className="PicklesDoc.Pickles.CommandLine.UnitTests.WhenParsingCommandLineArguments" name="ThenCanParseMultipleResultsFilesWithWildCardsAndSemicolonWhenSomeHaveNoMatch" />
    </UnitTest>
    <UnitTest name="ThenCanParseResultsFormatWithLongFormSuccessfully(&quot;xunit&quot;,XUnit)" storage="c:\users\ericcarlson\documents\github\pickles\src\pickles.commandline.unittests\bin\debug\net6.0\picklesdoc.pickles.commandline.unittests.dll" id="4eb22d04-3e24-cc5d-6bfc-45857e8a3902">
      <Execution id="1ec3b2f4-9cc2-413a-8835-624e0b745572" />
      <TestMethod codeBase="C:\Users\ericcarlson\Documents\GitHub\pickles\src\Pickles.CommandLine.UnitTests\bin\Debug\net6.0\PicklesDoc.Pickles.CommandLine.UnitTests.dll" adapterTypeName="executor://nunit3testexecutor/" className="PicklesDoc.Pickles.CommandLine.UnitTests.WhenParsingCommandLineArguments" name="ThenCanParseResultsFormatWithLongFormSuccessfully(&quot;xunit&quot;,XUnit)" />
    </UnitTest>
    <UnitTest name="ThenCanParseResultsFormatWithLongFormSuccessfully(&quot;specrun&quot;,SpecRun)" storage="c:\users\ericcarlson\documents\github\pickles\src\pickles.commandline.unittests\bin\debug\net6.0\picklesdoc.pickles.commandline.unittests.dll" id="0dd479fe-4c5f-bf74-a09b-43464ada53bd">
      <Execution id="99645d92-abd9-418d-8a26-0bd9bdd28a98" />
      <TestMethod codeBase="C:\Users\ericcarlson\Documents\GitHub\pickles\src\Pickles.CommandLine.UnitTests\bin\Debug\net6.0\PicklesDoc.Pickles.CommandLine.UnitTests.dll" adapterTypeName="executor://nunit3testexecutor/" className="PicklesDoc.Pickles.CommandLine.UnitTests.WhenParsingCommandLineArguments" name="ThenCanParseResultsFormatWithLongFormSuccessfully(&quot;specrun&quot;,SpecRun)" />
    </UnitTest>
  </TestDefinitions>
  <TestEntries>
    <TestEntry testId="fc58252f-e76b-39d9-6323-de78122c7066" executionId="dbe33da5-6360-4ece-b072-5ba85e940c9c" testListId="8c84fa94-04c1-424b-9868-57a2d4851a1d" />
    <TestEntry testId="74a89751-e63b-0a42-dc81-231c95fc1332" executionId="8d7bfba5-bb53-4468-ac5a-4d293cb029f3" testListId="8c84fa94-04c1-424b-9868-57a2d4851a1d" />
    <TestEntry testId="8df7f7c3-2a09-e5a9-4b22-1b2fdcd78402" executionId="23c15f70-b2d8-4ef4-90a5-0708f02ece33" testListId="8c84fa94-04c1-424b-9868-57a2d4851a1d" />
    <TestEntry testId="02744fa5-6fa9-9771-a99c-b02de44495ff" executionId="21ed69b0-78bb-4995-99c2-1113b1ba84b4" testListId="8c84fa94-04c1-424b-9868-57a2d4851a1d" />
    <TestEntry testId="6c6fa077-38de-29df-ea1d-0e7127f24864" executionId="6ed04609-7616-4546-8c4b-a2de7f747cdf" testListId="8c84fa94-04c1-424b-9868-57a2d4851a1d" />
    <TestEntry testId="ac913a0e-9c8f-ad8b-7a90-e4ee62368cd3" executionId="f677a85b-b705-49f6-b03c-028518b9d85d" testListId="8c84fa94-04c1-424b-9868-57a2d4851a1d" />
    <TestEntry testId="515a2015-9e64-a8ba-ec33-d67af30ec048" executionId="792d4c53-ff39-48d7-a137-2c6bcc0f845b" testListId="8c84fa94-04c1-424b-9868-57a2d4851a1d" />
    <TestEntry testId="8a6da681-14e9-3512-521e-22acb0ced795" executionId="27615cac-6192-42ef-89c3-be651c2ef0d6" testListId="8c84fa94-04c1-424b-9868-57a2d4851a1d" />
    <TestEntry testId="4bf32c86-223f-197e-0dfd-ab5347605437" executionId="c2f9ab5f-2c20-41e7-b5e1-12b526c5e073" testListId="8c84fa94-04c1-424b-9868-57a2d4851a1d" />
    <TestEntry testId="762b97c6-0e84-7701-a4ed-7885e84d9b93" executionId="49067080-dc76-4050-9f71-6dfd21dd201e" testListId="8c84fa94-04c1-424b-9868-57a2d4851a1d" />
    <TestEntry testId="ddd1faaa-8474-bed3-663a-443138340384" executionId="ac0b80e7-8928-4aaf-9342-b6f6121e082d" testListId="8c84fa94-04c1-424b-9868-57a2d4851a1d" />
    <TestEntry testId="d59b29a7-7ca5-9d6f-00d5-a094c1d51ee9" executionId="cee70e20-ae46-49b5-8b96-d0c22c1562d3" testListId="8c84fa94-04c1-424b-9868-57a2d4851a1d" />
    <TestEntry testId="68c5df64-32c1-5ede-f890-4d40dd8a8c9f" executionId="cbabb553-ddc0-4b85-8a67-e6643055e568" testListId="8c84fa94-04c1-424b-9868-57a2d4851a1d" />
    <TestEntry testId="9660de6c-eec3-3258-2e8c-1f12b2daa4ae" executionId="63f76b5a-e786-4a9b-835f-a645b44bd6ff" testListId="8c84fa94-04c1-424b-9868-57a2d4851a1d" />
    <TestEntry testId="6db80d44-6cb8-8e13-b69b-abf2d5a5486f" executionId="f2089ff4-8a54-4df6-a054-524a0ca1718e" testListId="8c84fa94-04c1-424b-9868-57a2d4851a1d" />
    <TestEntry testId="8e1263c8-41c8-6a86-58fa-1165bc338df7" executionId="c3de603f-0575-4232-9f5d-ec65a436ba2f" testListId="8c84fa94-04c1-424b-9868-57a2d4851a1d" />
    <TestEntry testId="a4fa417d-e95a-7a1f-a1c7-bce00a40345c" executionId="77395571-4361-4b16-b6ee-3aa92aab23f0" testListId="8c84fa94-04c1-424b-9868-57a2d4851a1d" />
    <TestEntry testId="4c0d74ee-a4a4-0155-6f3c-7f63d1173421" executionId="b07a7cfc-4bbc-44e8-b5c3-99d215c41a08" testListId="8c84fa94-04c1-424b-9868-57a2d4851a1d" />
    <TestEntry testId="9b95c832-12a1-dd0c-d813-9b9c55bc5be7" executionId="e5c88aeb-66b2-4a58-b31c-30560c368a9e" testListId="8c84fa94-04c1-424b-9868-57a2d4851a1d" />
    <TestEntry testId="0c141315-43d3-b684-eb68-acfa95ded382" executionId="43419435-f986-49d5-a4bc-3cec668151b2" testListId="8c84fa94-04c1-424b-9868-57a2d4851a1d" />
    <TestEntry testId="f4f1cc4a-df08-6e29-9d02-c2cb8938f99a" executionId="86e63877-366e-40de-9ad6-b55b57825d41" testListId="8c84fa94-04c1-424b-9868-57a2d4851a1d" />
    <TestEntry testId="0d69365c-4d30-3f5d-cab9-49069b201831" executionId="8157cac4-1032-4e27-baf3-24987b5022a8" testListId="8c84fa94-04c1-424b-9868-57a2d4851a1d" />
    <TestEntry testId="22d85d4c-6dbb-10ab-b5a3-f3269d2438c6" executionId="e45d7bb1-0ef9-4a87-9ce7-4308f8ace12c" testListId="8c84fa94-04c1-424b-9868-57a2d4851a1d" />
    <TestEntry testId="eaa4848e-0559-2885-f044-c2a62f5dab86" executionId="99744107-24f6-4fc3-a81c-652c2edad1b0" testListId="8c84fa94-04c1-424b-9868-57a2d4851a1d" />
    <TestEntry testId="4339dc42-b5d9-a7f8-6c7c-3fbef918e3cc" executionId="79c18a3c-0614-4104-b509-2cde83fcd6ab" testListId="8c84fa94-04c1-424b-9868-57a2d4851a1d" />
    <TestEntry testId="0dd479fe-4c5f-bf74-a09b-43464ada53bd" executionId="99645d92-abd9-418d-8a26-0bd9bdd28a98" testListId="8c84fa94-04c1-424b-9868-57a2d4851a1d" />
    <TestEntry testId="f31b08c7-de79-cc6d-4377-211c81bf0669" executionId="44f66f89-f858-44fa-81df-fcdce8b88474" testListId="8c84fa94-04c1-424b-9868-57a2d4851a1d" />
    <TestEntry testId="4f90bc03-9c22-3cb6-996f-0ead2a3ac7ae" executionId="ac809419-4aac-4db1-8c02-946a88cdef84" testListId="8c84fa94-04c1-424b-9868-57a2d4851a1d" />
    <TestEntry testId="1f593c2d-08ac-eb3f-ea26-17c56e86051c" executionId="df3c2c20-7fbb-4197-86c7-6e8a5639a016" testListId="8c84fa94-04c1-424b-9868-57a2d4851a1d" />
    <TestEntry testId="d2c0d584-9c1d-862e-90aa-b91d6e3fa4c7" executionId="29d8f75f-3a23-46d8-9a9d-f622fd246ddd" testListId="8c84fa94-04c1-424b-9868-57a2d4851a1d" />
    <TestEntry testId="f22fa231-8de3-a216-58e1-8a185fe39b3a" executionId="8d3b01bb-07a6-41d6-989d-18a013c3c6d1" testListId="8c84fa94-04c1-424b-9868-57a2d4851a1d" />
    <TestEntry testId="4eb22d04-3e24-cc5d-6bfc-45857e8a3902" executionId="1ec3b2f4-9cc2-413a-8835-624e0b745572" testListId="8c84fa94-04c1-424b-9868-57a2d4851a1d" />
    <TestEntry testId="1d892050-5fc4-1870-33c7-728b36a63ba3" executionId="99de622e-f108-475b-91cc-cd5e8a7fd329" testListId="8c84fa94-04c1-424b-9868-57a2d4851a1d" />
    <TestEntry testId="98358d73-9de0-9208-fd20-9082cad2b0e0" executionId="14882db0-7b68-4c87-a165-2085784755cc" testListId="8c84fa94-04c1-424b-9868-57a2d4851a1d" />
    <TestEntry testId="d897058a-4207-e54a-a3f6-5886bf06dbba" executionId="7527a336-4e0f-4784-8e08-cac22964b73b" testListId="8c84fa94-04c1-424b-9868-57a2d4851a1d" />
    <TestEntry testId="4be5947a-f14c-036a-2ea3-643296d9d2ba" executionId="abc69fc4-4e7a-409e-9b88-dfe94bb1601e" testListId="8c84fa94-04c1-424b-9868-57a2d4851a1d" />
    <TestEntry testId="a9022e46-69d3-4225-7e9f-d450c40b211a" executionId="4b5f617c-1cbd-432e-bc20-91f5f8c340d7" testListId="8c84fa94-04c1-424b-9868-57a2d4851a1d" />
    <TestEntry testId="c63d1051-ceeb-8f03-98f3-b5dc3d4afad0" executionId="7fa3bf55-6daa-4a0b-97af-3920f8875d00" testListId="8c84fa94-04c1-424b-9868-57a2d4851a1d" />
    <TestEntry testId="bf2e9fb1-5599-d2c0-6e19-a6a1dcbc1deb" executionId="b84599d0-6f23-46ef-8b6d-f04de42b91e6" testListId="8c84fa94-04c1-424b-9868-57a2d4851a1d" />
    <TestEntry testId="2c5e222a-1647-8409-7866-5ad600a37681" executionId="1e6f7593-3b58-462a-b5a0-7bba59fb8066" testListId="8c84fa94-04c1-424b-9868-57a2d4851a1d" />
    <TestEntry testId="a15b1b2c-b197-9c1b-df07-4ceaf014a074" executionId="84f2e991-d40f-415d-9022-59388b97f64f" testListId="8c84fa94-04c1-424b-9868-57a2d4851a1d" />
    <TestEntry testId="e78a84d4-a81c-205e-6754-5d999ade48f8" executionId="9948215a-5337-4fca-8fe4-bee9556db40a" testListId="8c84fa94-04c1-424b-9868-57a2d4851a1d" />
    <TestEntry testId="3dd8862b-c173-46d6-efda-e3708fc7883e" executionId="c7c285f4-f0b9-410f-8c7d-39607509f48c" testListId="8c84fa94-04c1-424b-9868-57a2d4851a1d" />
    <TestEntry testId="d519a718-a5af-b718-0d02-3651b1e50e25" executionId="86204a94-5d49-4cb4-bf10-9a2be9cad532" testListId="8c84fa94-04c1-424b-9868-57a2d4851a1d" />
    <TestEntry testId="71cdd67d-bb4c-4c14-28d6-e96b31d03990" executionId="114ef041-9060-4e11-b0e0-fca51d1b9589" testListId="8c84fa94-04c1-424b-9868-57a2d4851a1d" />
    <TestEntry testId="1cc8f4ed-5df6-59e2-d4e5-7d9bd151e558" executionId="20b7fbcc-027a-4366-81c7-607f06518a7f" testListId="8c84fa94-04c1-424b-9868-57a2d4851a1d" />
    <TestEntry testId="882ba9fb-2b86-6e00-d8dd-78505e2a66a8" executionId="96a932dc-d50e-4061-9224-77263f7c3c2b" testListId="8c84fa94-04c1-424b-9868-57a2d4851a1d" />
    <TestEntry testId="aa24be5e-cd32-5521-a0c2-016bf869eb6e" executionId="bc0fb53a-b9dc-4db0-9777-e748ab19abf9" testListId="8c84fa94-04c1-424b-9868-57a2d4851a1d" />
  </TestEntries>
  <TestLists>
    <TestList name="Results Not in a List" id="8c84fa94-04c1-424b-9868-57a2d4851a1d" />
    <TestList name="All Loaded Results" id="19431567-8539-422a-85d7-44ee4e166bda" />
  </TestLists>
  <ResultSummary outcome="Completed">
    <Counters total="48" executed="48" passed="48" failed="0" error="0" timeout="0" aborted="0" inconclusive="0" passedButRunAborted="0" notRunnable="0" notExecuted="0" disconnected="0" warning="0" completed="0" inProgress="0" pending="0" />
    <Output>
      <StdOut>NUnit Adapter 3.17.0.0: Test execution started&#xD;
Running all tests in C:\Users\ericcarlson\Documents\GitHub\pickles\src\Pickles.CommandLine.UnitTests\bin\Debug\net6.0\PicklesDoc.Pickles.CommandLine.UnitTests.dll&#xD;
   NUnit3TestExecutor discovered 48 of 48 NUnit test cases&#xD;
NUnit Adapter 3.17.0.0: Test execution complete&#xD;
</StdOut>
    </Output>
  </ResultSummary>
</TestRun>