<?xml version="1.0" encoding="utf-8"?>
<TestRun id="81063a6b-9e9e-4ceb-90aa-6f1acec21b2d" name="ericcarlson@ERICCARLSONBBE6 2022-11-23 12:19:51" runUser="ERICCARLSONBBE6\ericcarlson" xmlns="http://microsoft.com/schemas/VisualStudio/TeamTest/2010">
  <Times creation="2022-11-23T12:19:51.0280621-05:00" queuing="2022-11-23T12:19:51.0280625-05:00" start="2022-11-23T12:19:47.1262810-05:00" finish="2022-11-23T12:19:51.1836603-05:00" />
  <TestSettings name="default" id="19ab9985-b436-4209-a1c2-bdd420d4b259">
    <Deployment runDeploymentRoot="ericcarlson_ERICCARLSONBBE6_2022-11-23_12_19_51" />
  </TestSettings>
  <Results>
    <UnitTestResult executionId="36c108fc-4f6a-45a3-a1e1-cfb5b4a87e97" testId="515a2015-9e64-a8ba-ec33-d67af30ec048" testName="ThenCanParseResultsFormatWithShortFormSuccessfully(&quot;mstest&quot;,MsTest)" computerName="ERICCARLSONBBE6" duration="00:00:00.0008100" startTime="2022-11-23T12:19:51.0994279-05:00" endTime="2022-11-23T12:19:51.1002382-05:00" testType="13cdc9d9-ddb5-4fa4-a97d-d965ccfc6d4b" outcome="Passed" testListId="8c84fa94-04c1-424b-9868-57a2d4851a1d" relativeResultsDirectory="36c108fc-4f6a-45a3-a1e1-cfb5b4a87e97" />
    <UnitTestResult executionId="f6c873ec-78c6-433f-ae3f-4b1d1c01add7" testId="1cc8f4ed-5df6-59e2-d4e5-7d9bd151e558" testName="ThenCanParseResultsFormatWithLongFormSuccessfully(&quot;xunit2&quot;,xUnit2)" computerName="ERICCARLSONBBE6" duration="00:00:00.0007030" startTime="2022-11-23T12:19:51.0950460-05:00" endTime="2022-11-23T12:19:51.0957491-05:00" testType="13cdc9d9-ddb5-4fa4-a97d-d965ccfc6d4b" outcome="Passed" testListId="8c84fa94-04c1-424b-9868-57a2d4851a1d" relativeResultsDirectory="f6c873ec-78c6-433f-ae3f-4b1d1c01add7" />
    <UnitTestResult executionId="db357557-a69c-4592-83ca-3d2f46a0626d" testId="f22fa231-8de3-a216-58e1-8a185fe39b3a" testName="ThenCanParseExcelDocumentationFormatWithShortFormSuccessfully" computerName="ERICCARLSONBBE6" duration="00:00:00.0011790" startTime="2022-11-23T12:19:50.9802644-05:00" endTime="2022-11-23T12:19:50.9814429-05:00" testType="13cdc9d9-ddb5-4fa4-a97d-d965ccfc6d4b" outcome="Passed" testListId="8c84fa94-04c1-424b-9868-57a2d4851a1d" relativeResultsDirectory="db357557-a69c-4592-83ca-3d2f46a0626d" />
    <UnitTestResult executionId="f2433573-3d0c-456c-bf16-b0a9ff10bea3" testId="d519a718-a5af-b718-0d02-3651b1e50e25" testName="ThenCanParseResultsFilesWithMultipleMatchesResolvingInSingleMatch" computerName="ERICCARLSONBBE6" duration="00:00:00.0058389" startTime="2022-11-23T12:19:51.0795932-05:00" endTime="2022-11-23T12:19:51.0854321-05:00" testType="13cdc9d9-ddb5-4fa4-a97d-d965ccfc6d4b" outcome="Passed" testListId="8c84fa94-04c1-424b-9868-57a2d4851a1d" relativeResultsDirectory="f2433573-3d0c-456c-bf16-b0a9ff10bea3" />
    <UnitTestResult executionId="94c520c7-3516-4b9d-9f23-57503147916d" testId="0d69365c-4d30-3f5d-cab9-49069b201831" testName="ThenCanParseHelpRequestWithShortFormSuccessfully" computerName="ERICCARLSONBBE6" duration="00:00:00.0053060" startTime="2022-11-23T12:19:50.9893506-05:00" endTime="2022-11-23T12:19:50.9946571-05:00" testType="13cdc9d9-ddb5-4fa4-a97d-d965ccfc6d4b" outcome="Passed" testListId="8c84fa94-04c1-424b-9868-57a2d4851a1d" relativeResultsDirectory="94c520c7-3516-4b9d-9f23-57503147916d" />
    <UnitTestResult executionId="ddf93123-008d-40ef-bba5-a91d5f612485" testId="9b95c832-12a1-dd0c-d813-9b9c55bc5be7" testName="ThenCanParseResultsFormatWithLongFormSuccessfully(&quot;nunit&quot;,NUnit)" computerName="ERICCARLSONBBE6" duration="00:00:00.0007560" startTime="2022-11-23T12:19:51.0920681-05:00" endTime="2022-11-23T12:19:51.0928235-05:00" testType="13cdc9d9-ddb5-4fa4-a97d-d965ccfc6d4b" outcome="Passed" testListId="8c84fa94-04c1-424b-9868-57a2d4851a1d" relativeResultsDirectory="ddf93123-008d-40ef-bba5-a91d5f612485" />
    <UnitTestResult executionId="d17fbbeb-81c6-406d-9d42-a1ec25a3dbca" testId="ac913a0e-9c8f-ad8b-7a90-e4ee62368cd3" testName="ThenCanParseResultsFormatWithShortFormSuccessfully(&quot;xunit2&quot;,xUnit2)" computerName="ERICCARLSONBBE6" duration="00:00:00.0007100" startTime="2022-11-23T12:19:51.1047452-05:00" endTime="2022-11-23T12:19:51.1054555-05:00" testType="13cdc9d9-ddb5-4fa4-a97d-d965ccfc6d4b" outcome="Passed" testListId="8c84fa94-04c1-424b-9868-57a2d4851a1d" relativeResultsDirectory="d17fbbeb-81c6-406d-9d42-a1ec25a3dbca" />
    <UnitTestResult executionId="77a05bbe-4fc4-4b42-af99-ae0010c7d186" testId="8e1263c8-41c8-6a86-58fa-1165bc338df7" testName="ThenCanParseMultipleResultsFilesWithWildCardWhereNoMatchIsExcluded" computerName="ERICCARLSONBBE6" duration="00:00:00.0013090" startTime="2022-11-23T12:19:51.0720948-05:00" endTime="2022-11-23T12:19:51.0734038-05:00" testType="13cdc9d9-ddb5-4fa4-a97d-d965ccfc6d4b" outcome="Passed" testListId="8c84fa94-04c1-424b-9868-57a2d4851a1d" relativeResultsDirectory="77a05bbe-4fc4-4b42-af99-ae0010c7d186" />
    <UnitTestResult executionId="c22d0d48-6ac6-4652-86f8-beda7c15a130" testId="4be5947a-f14c-036a-2ea3-643296d9d2ba" testName="ThenCanParseShortHideTagsSuccessfully" computerName="ERICCARLSONBBE6" duration="00:00:00.0008650" startTime="2022-11-23T12:19:51.1105665-05:00" endTime="2022-11-23T12:19:51.1114312-05:00" testType="13cdc9d9-ddb5-4fa4-a97d-d965ccfc6d4b" outcome="Passed" testListId="8c84fa94-04c1-424b-9868-57a2d4851a1d" relativeResultsDirectory="c22d0d48-6ac6-4652-86f8-beda7c15a130" />
    <UnitTestResult executionId="d766f30a-373d-478c-87c4-c8de764d6afa" testId="1d892050-5fc4-1870-33c7-728b36a63ba3" testName="ThenCanParseResultsFormatWithLongFormSuccessfully(&quot;mstest&quot;,MsTest)" computerName="ERICCARLSONBBE6" duration="00:00:00.0043359" startTime="2022-11-23T12:19:51.0877001-05:00" endTime="2022-11-23T12:19:51.0920362-05:00" testType="13cdc9d9-ddb5-4fa4-a97d-d965ccfc6d4b" outcome="Passed" testListId="8c84fa94-04c1-424b-9868-57a2d4851a1d" relativeResultsDirectory="d766f30a-373d-478c-87c4-c8de764d6afa" />
    <UnitTestResult executionId="b2f55c60-74e1-4217-97c4-d34cd73346b1" testId="aa24be5e-cd32-5521-a0c2-016bf869eb6e" testName="ThenCanParseMultipleResultsFilesWithWildCard" computerName="ERICCARLSONBBE6" duration="00:00:00.0672130" startTime="2022-11-23T12:19:51.0017294-05:00" endTime="2022-11-23T12:19:51.0689417-05:00" testType="13cdc9d9-ddb5-4fa4-a97d-d965ccfc6d4b" outcome="Passed" testListId="8c84fa94-04c1-424b-9868-57a2d4851a1d" relativeResultsDirectory="b2f55c60-74e1-4217-97c4-d34cd73346b1" />
    <UnitTestResult executionId="2f7cffc0-7e74-4c4e-a246-65231d5fc026" testId="762b97c6-0e84-7701-a4ed-7885e84d9b93" testName="ThenCanParseResultsFileAsSemicolonSeparatedList" computerName="ERICCARLSONBBE6" duration="00:00:00.0013640" startTime="2022-11-23T12:19:51.0734342-05:00" endTime="2022-11-23T12:19:51.0747980-05:00" testType="13cdc9d9-ddb5-4fa4-a97d-d965ccfc6d4b" outcome="Passed" testListId="8c84fa94-04c1-424b-9868-57a2d4851a1d" relativeResultsDirectory="2f7cffc0-7e74-4c4e-a246-65231d5fc026" />
    <UnitTestResult executionId="c9cdd7cf-a061-4654-bb94-2be64016df1d" testId="6c6fa077-38de-29df-ea1d-0e7127f24864" testName="ThenCanParseResultsFormatWithShortFormSuccessfully(&quot;specrun&quot;,SpecRun)" computerName="ERICCARLSONBBE6" duration="00:00:00.0006880" startTime="2022-11-23T12:19:51.1061676-05:00" endTime="2022-11-23T12:19:51.1068557-05:00" testType="13cdc9d9-ddb5-4fa4-a97d-d965ccfc6d4b" outcome="Passed" testListId="8c84fa94-04c1-424b-9868-57a2d4851a1d" relativeResultsDirectory="c9cdd7cf-a061-4654-bb94-2be64016df1d" />
    <UnitTestResult executionId="73ed9668-f682-4a98-92a5-e394ffd49177" testId="d897058a-4207-e54a-a3f6-5886bf06dbba" testName="ThenCanParseResultsFormatWithShortFormSuccessfully(&quot;xunit&quot;,XUnit)" computerName="ERICCARLSONBBE6" duration="00:00:00.0008170" startTime="2022-11-23T12:19:51.1018369-05:00" endTime="2022-11-23T12:19:51.1026538-05:00" testType="13cdc9d9-ddb5-4fa4-a97d-d965ccfc6d4b" outcome="Passed" testListId="8c84fa94-04c1-424b-9868-57a2d4851a1d" relativeResultsDirectory="73ed9668-f682-4a98-92a5-e394ffd49177" />
    <UnitTestResult executionId="7f40b04a-9cbc-4aca-9606-accbf0b88840" testId="a15b1b2c-b197-9c1b-df07-4ceaf014a074" testName="ThenCanParseResultsFormatWithShortFormSuccessfully(&quot;vstest&quot;,VsTest)" computerName="ERICCARLSONBBE6" duration="00:00:00.0007130" startTime="2022-11-23T12:19:51.1068862-05:00" endTime="2022-11-23T12:19:51.1075992-05:00" testType="13cdc9d9-ddb5-4fa4-a97d-d965ccfc6d4b" outcome="Passed" testListId="8c84fa94-04c1-424b-9868-57a2d4851a1d" relativeResultsDirectory="7f40b04a-9cbc-4aca-9606-accbf0b88840" />
    <UnitTestResult executionId="0d221056-13eb-467f-aaef-a227791dccf4" testId="4bf32c86-223f-197e-0dfd-ab5347605437" testName="ThenCanParseResultsFormatWithLongFormSuccessfully(&quot;cucumberjson&quot;,CucumberJson)" computerName="ERICCARLSONBBE6" duration="00:00:00.0007150" startTime="2022-11-23T12:19:51.0957772-05:00" endTime="2022-11-23T12:19:51.0964923-05:00" testType="13cdc9d9-ddb5-4fa4-a97d-d965ccfc6d4b" outcome="Passed" testListId="8c84fa94-04c1-424b-9868-57a2d4851a1d" relativeResultsDirectory="0d221056-13eb-467f-aaef-a227791dccf4" />
    <UnitTestResult executionId="652d3bc9-5c54-40c3-948f-f8dcd227266a" testId="a9022e46-69d3-4225-7e9f-d450c40b211a" testName="ThenCanParseMultipleResultsFilesWithWildCardAndSemicolon" computerName="ERICCARLSONBBE6" duration="00:00:00.0016840" startTime="2022-11-23T12:19:51.0690057-05:00" endTime="2022-11-23T12:19:51.0706896-05:00" testType="13cdc9d9-ddb5-4fa4-a97d-d965ccfc6d4b" outcome="Passed" testListId="8c84fa94-04c1-424b-9868-57a2d4851a1d" relativeResultsDirectory="652d3bc9-5c54-40c3-948f-f8dcd227266a" />
    <UnitTestResult executionId="6a4c5fb7-72df-415a-b92f-20d8d112e1e3" testId="882ba9fb-2b86-6e00-d8dd-78505e2a66a8" testName="ThenCanParseVersionRequestLongFormSuccessfully" computerName="ERICCARLSONBBE6" duration="00:00:00.0009720" startTime="2022-11-23T12:19:51.1114611-05:00" endTime="2022-11-23T12:19:51.1124334-05:00" testType="13cdc9d9-ddb5-4fa4-a97d-d965ccfc6d4b" outcome="Passed" testListId="8c84fa94-04c1-424b-9868-57a2d4851a1d" relativeResultsDirectory="6a4c5fb7-72df-415a-b92f-20d8d112e1e3" />
    <UnitTestResult executionId="bafc20b0-f751-481a-aae3-9bc3f8e58831" testId="68c5df64-32c1-5ede-f890-4d40dd8a8c9f" testName="ThenCanParseResultsFileWithLongFormSuccessfully" computerName="ERICCARLSONBBE6" duration="00:00:00.0011100" startTime="2022-11-23T12:19:51.0854490-05:00" endTime="2022-11-23T12:19:51.0865587-05:00" testType="13cdc9d9-ddb5-4fa4-a97d-d965ccfc6d4b" outcome="Passed" testListId="8c84fa94-04c1-424b-9868-57a2d4851a1d" relativeResultsDirectory="bafc20b0-f751-481a-aae3-9bc3f8e58831" />
    <UnitTestResult executionId="92e4c02c-799a-4431-930b-4420f3758526" testId="4eb22d04-3e24-cc5d-6bfc-45857e8a3902" testName="ThenCanParseResultsFormatWithLongFormSuccessfully(&quot;xunit&quot;,XUnit)" computerName="ERICCARLSONBBE6" duration="00:00:00.0007040" startTime="2022-11-23T12:19:51.0936009-05:00" endTime="2022-11-23T12:19:51.0943047-05:00" testType="13cdc9d9-ddb5-4fa4-a97d-d965ccfc6d4b" outcome="Passed" testListId="8c84fa94-04c1-424b-9868-57a2d4851a1d" relativeResultsDirectory="92e4c02c-799a-4431-930b-4420f3758526" />
    <UnitTestResult executionId="c3006577-1f90-4aa1-946a-0608860554cf" testId="0dd479fe-4c5f-bf74-a09b-43464ada53bd" testName="ThenCanParseResultsFormatWithLongFormSuccessfully(&quot;specrun&quot;,SpecRun)" computerName="ERICCARLSONBBE6" duration="00:00:00.0006759" startTime="2022-11-23T12:19:51.0965057-05:00" endTime="2022-11-23T12:19:51.0971808-05:00" testType="13cdc9d9-ddb5-4fa4-a97d-d965ccfc6d4b" outcome="Passed" testListId="8c84fa94-04c1-424b-9868-57a2d4851a1d" relativeResultsDirectory="c3006577-1f90-4aa1-946a-0608860554cf" />
    <UnitTestResult executionId="bf4c1245-392f-4e83-9a4a-6fc5a6e7791e" testId="22d85d4c-6dbb-10ab-b5a3-f3269d2438c6" testName="ThenCanParseResultsFormatWithLongFormSuccessfully(&quot;xunit1&quot;,XUnit1)" computerName="ERICCARLSONBBE6" duration="00:00:00.0006840" startTime="2022-11-23T12:19:51.0943325-05:00" endTime="2022-11-23T12:19:51.0950166-05:00" testType="13cdc9d9-ddb5-4fa4-a97d-d965ccfc6d4b" outcome="Passed" testListId="8c84fa94-04c1-424b-9868-57a2d4851a1d" relativeResultsDirectory="bf4c1245-392f-4e83-9a4a-6fc5a6e7791e" />
    <UnitTestResult executionId="ff7def34-792f-4fc4-9556-af6dc6d5ec8f" testId="f31b08c7-de79-cc6d-4377-211c81bf0669" testName="ThenCanParseResultsFormatWithShortFormSuccessfully(&quot;nunit&quot;,NUnit)" computerName="ERICCARLSONBBE6" duration="00:00:00.0007080" startTime="2022-11-23T12:19:51.1003764-05:00" endTime="2022-11-23T12:19:51.1010847-05:00" testType="13cdc9d9-ddb5-4fa4-a97d-d965ccfc6d4b" outcome="Passed" testListId="8c84fa94-04c1-424b-9868-57a2d4851a1d" relativeResultsDirectory="ff7def34-792f-4fc4-9556-af6dc6d5ec8f" />
    <UnitTestResult executionId="af158b76-cfac-4491-baf2-09b969703f96" testId="c63d1051-ceeb-8f03-98f3-b5dc3d4afad0" testName="ThenCanParseShortFeatureBaseUriSuccessfully" computerName="ERICCARLSONBBE6" duration="00:00:00.0009260" startTime="2022-11-23T12:19:51.1086239-05:00" endTime="2022-11-23T12:19:51.1095499-05:00" testType="13cdc9d9-ddb5-4fa4-a97d-d965ccfc6d4b" outcome="Passed" testListId="8c84fa94-04c1-424b-9868-57a2d4851a1d" relativeResultsDirectory="af158b76-cfac-4491-baf2-09b969703f96" />
    <UnitTestResult executionId="51a35021-e55a-4fdc-9d93-bd4cd05094f1" testId="d59b29a7-7ca5-9d6f-00d5-a094c1d51ee9" testName="ThenCanParseResultsFormatWithShortFormSuccessfully(&quot;xunit1&quot;,XUnit1)" computerName="ERICCARLSONBBE6" duration="00:00:00.0020330" startTime="2022-11-23T12:19:51.1026818-05:00" endTime="2022-11-23T12:19:51.1047149-05:00" testType="13cdc9d9-ddb5-4fa4-a97d-d965ccfc6d4b" outcome="Passed" testListId="8c84fa94-04c1-424b-9868-57a2d4851a1d" relativeResultsDirectory="51a35021-e55a-4fdc-9d93-bd4cd05094f1" />
    <UnitTestResult executionId="a4204bb9-b85d-4529-9a1a-d65215f03f4a" testId="8a6da681-14e9-3512-521e-22acb0ced795" testName="ThenCanParseVersionRequestShortFormSuccessfully" computerName="ERICCARLSONBBE6" duration="00:00:00.0008840" startTime="2022-11-23T12:19:51.1124631-05:00" endTime="2022-11-23T12:19:51.1133469-05:00" testType="13cdc9d9-ddb5-4fa4-a97d-d965ccfc6d4b" outcome="Passed" testListId="8c84fa94-04c1-424b-9868-57a2d4851a1d" relativeResultsDirectory="a4204bb9-b85d-4529-9a1a-d65215f03f4a" />
    <UnitTestResult executionId="1d85742d-b916-4a74-8e4d-90b0422be828" testId="71cdd67d-bb4c-4c14-28d6-e96b31d03990" testName="ThenCanParseLongFeatureBaseUriSuccessfully" computerName="ERICCARLSONBBE6" duration="00:00:00.0024300" startTime="2022-11-23T12:19:50.9970367-05:00" endTime="2022-11-23T12:19:50.9994669-05:00" testType="13cdc9d9-ddb5-4fa4-a97d-d965ccfc6d4b" outcome="Passed" testListId="8c84fa94-04c1-424b-9868-57a2d4851a1d" relativeResultsDirectory="1d85742d-b916-4a74-8e4d-90b0422be828" />
    <UnitTestResult executionId="d30971c9-640e-4879-b0c7-c9dcb60ba3c9" testId="fc58252f-e76b-39d9-6323-de78122c7066" testName="ThenCanParseMultipleResultsFilesWithWildCardsAndSemicolonWhenSomeHaveNoMatch" computerName="ERICCARLSONBBE6" duration="00:00:00.0013430" startTime="2022-11-23T12:19:51.0707220-05:00" endTime="2022-11-23T12:19:51.0720652-05:00" testType="13cdc9d9-ddb5-4fa4-a97d-d965ccfc6d4b" outcome="Passed" testListId="8c84fa94-04c1-424b-9868-57a2d4851a1d" relativeResultsDirectory="d30971c9-640e-4879-b0c7-c9dcb60ba3c9" />
    <UnitTestResult executionId="c6f4de15-f8bf-4d20-ad76-066c0cb1274c" testId="98358d73-9de0-9208-fd20-9082cad2b0e0" testName="ThenCanParseShortFormArgumentsSuccessfully" computerName="ERICCARLSONBBE6" duration="00:00:00.0009560" startTime="2022-11-23T12:19:51.1095801-05:00" endTime="2022-11-23T12:19:51.1105363-05:00" testType="13cdc9d9-ddb5-4fa4-a97d-d965ccfc6d4b" outcome="Passed" testListId="8c84fa94-04c1-424b-9868-57a2d4851a1d" relativeResultsDirectory="c6f4de15-f8bf-4d20-ad76-066c0cb1274c" />
    <UnitTestResult executionId="a01e9220-4f51-415b-a205-81a2fbb76a6e" testId="ddd1faaa-8474-bed3-663a-443138340384" testName="ThenCanParseResultsFormatWithShortFormSuccessfully(&quot;cucumberjson&quot;,CucumberJson)" computerName="ERICCARLSONBBE6" duration="00:00:00.0006720" startTime="2022-11-23T12:19:51.1054844-05:00" endTime="2022-11-23T12:19:51.1061558-05:00" testType="13cdc9d9-ddb5-4fa4-a97d-d965ccfc6d4b" outcome="Passed" testListId="8c84fa94-04c1-424b-9868-57a2d4851a1d" relativeResultsDirectory="a01e9220-4f51-415b-a205-81a2fbb76a6e" />
    <UnitTestResult executionId="b6f3bd8e-6856-484d-a97a-d005678fc10a" testId="6db80d44-6cb8-8e13-b69b-abf2d5a5486f" testName="ThenCanParseResultsFileAsSemicolonSeparatedListThatEndsWithASemicolon" computerName="ERICCARLSONBBE6" duration="00:00:00.0017760" startTime="2022-11-23T12:19:51.0762964-05:00" endTime="2022-11-23T12:19:51.0780720-05:00" testType="13cdc9d9-ddb5-4fa4-a97d-d965ccfc6d4b" outcome="Passed" testListId="8c84fa94-04c1-424b-9868-57a2d4851a1d" relativeResultsDirectory="b6f3bd8e-6856-484d-a97a-d005678fc10a" />
    <UnitTestResult executionId="1e8d5ee4-e4bf-46f4-9b38-580a198daa9f" testId="3dd8862b-c173-46d6-efda-e3708fc7883e" testName="ThenSetsLanguageToEnglishByDefault" computerName="ERICCARLSONBBE6" duration="00:00:00.0010370" startTime="2022-11-23T12:19:51.1188807-05:00" endTime="2022-11-23T12:19:51.1199176-05:00" testType="13cdc9d9-ddb5-4fa4-a97d-d965ccfc6d4b" outcome="Passed" testListId="8c84fa94-04c1-424b-9868-57a2d4851a1d" relativeResultsDirectory="1e8d5ee4-e4bf-46f4-9b38-580a198daa9f" />
    <UnitTestResult executionId="466921a2-a5c0-4525-b2ae-9778a44aa65b" testId="4c0d74ee-a4a4-0155-6f3c-7f63d1173421" testName="ThenCanParseResultsFileWithShortFormSuccessfully" computerName="ERICCARLSONBBE6" duration="00:00:00.0010550" startTime="2022-11-23T12:19:51.0865909-05:00" endTime="2022-11-23T12:19:51.0876461-05:00" testType="13cdc9d9-ddb5-4fa4-a97d-d965ccfc6d4b" outcome="Passed" testListId="8c84fa94-04c1-424b-9868-57a2d4851a1d" relativeResultsDirectory="466921a2-a5c0-4525-b2ae-9778a44aa65b" />
    <UnitTestResult executionId="10149001-bb73-4923-8401-8d9af698d963" testId="74a89751-e63b-0a42-dc81-231c95fc1332" testName="ThenCanParseExcelDocumentationFormatWithLongFormSuccessfully" computerName="ERICCARLSONBBE6" duration="00:00:00.0057910" startTime="2022-11-23T12:19:50.9744477-05:00" endTime="2022-11-23T12:19:50.9802392-05:00" testType="13cdc9d9-ddb5-4fa4-a97d-d965ccfc6d4b" outcome="Passed" testListId="8c84fa94-04c1-424b-9868-57a2d4851a1d" relativeResultsDirectory="10149001-bb73-4923-8401-8d9af698d963" />
    <UnitTestResult executionId="82f12253-bc6f-4de7-a5f1-2016ad4e17e9" testId="2c5e222a-1647-8409-7866-5ad600a37681" testName="ThenCanParseShortExcludeTagsSuccessfully" computerName="ERICCARLSONBBE6" duration="00:00:00.0009300" startTime="2022-11-23T12:19:51.1076639-05:00" endTime="2022-11-23T12:19:51.1085940-05:00" testType="13cdc9d9-ddb5-4fa4-a97d-d965ccfc6d4b" outcome="Passed" testListId="8c84fa94-04c1-424b-9868-57a2d4851a1d" relativeResultsDirectory="82f12253-bc6f-4de7-a5f1-2016ad4e17e9" />
    <UnitTestResult executionId="ea878a0f-787a-45b4-9761-b7c2e7a044db" testId="8df7f7c3-2a09-e5a9-4b22-1b2fdcd78402" testName="ThenCanParseLongExcludeTagsSuccessfully" computerName="ERICCARLSONBBE6" duration="00:00:00.0023220" startTime="2022-11-23T12:19:50.9946845-05:00" endTime="2022-11-23T12:19:50.9970067-05:00" testType="13cdc9d9-ddb5-4fa4-a97d-d965ccfc6d4b" outcome="Passed" testListId="8c84fa94-04c1-424b-9868-57a2d4851a1d" relativeResultsDirectory="ea878a0f-787a-45b4-9761-b7c2e7a044db" />
    <UnitTestResult executionId="3663332f-80d2-47a1-afa7-7870e9bbc2f2" testId="9660de6c-eec3-3258-2e8c-1f12b2daa4ae" testName="ThenCanParseLongHideTagsSuccessfully" computerName="ERICCARLSONBBE6" duration="00:00:00.0008720" startTime="2022-11-23T12:19:51.0008445-05:00" endTime="2022-11-23T12:19:51.0017166-05:00" testType="13cdc9d9-ddb5-4fa4-a97d-d965ccfc6d4b" outcome="Passed" testListId="8c84fa94-04c1-424b-9868-57a2d4851a1d" relativeResultsDirectory="3663332f-80d2-47a1-afa7-7870e9bbc2f2" />
    <UnitTestResult executionId="0405e0a8-e520-413e-b853-b74bedbd54c8" testId="1f593c2d-08ac-eb3f-ea26-17c56e86051c" testName="ThenInputAndOutputDirectoryAreSetToTheCurrentDirectory" computerName="ERICCARLSONBBE6" duration="00:00:00.0009140" startTime="2022-11-23T12:19:51.1133764-05:00" endTime="2022-11-23T12:19:51.1142898-05:00" testType="13cdc9d9-ddb5-4fa4-a97d-d965ccfc6d4b" outcome="Passed" testListId="8c84fa94-04c1-424b-9868-57a2d4851a1d" relativeResultsDirectory="0405e0a8-e520-413e-b853-b74bedbd54c8" />
    <UnitTestResult executionId="ef753aaa-5a65-49b4-883e-577ed1e528a3" testId="4f90bc03-9c22-3cb6-996f-0ead2a3ac7ae" testName="ThenCanParseResultsFileAsSemicolonSeparatedListThatStartsWithASemicolon" computerName="ERICCARLSONBBE6" duration="00:00:00.0014580" startTime="2022-11-23T12:19:51.0781043-05:00" endTime="2022-11-23T12:19:51.0795623-05:00" testType="13cdc9d9-ddb5-4fa4-a97d-d965ccfc6d4b" outcome="Passed" testListId="8c84fa94-04c1-424b-9868-57a2d4851a1d" relativeResultsDirectory="ef753aaa-5a65-49b4-883e-577ed1e528a3" />
    <UnitTestResult executionId="97a25a9c-6980-4bce-8f36-5a4abb7a3a1d" testId="f4f1cc4a-df08-6e29-9d02-c2cb8938f99a" testName="ThenCanParseResultsFormatWithLongFormSuccessfully(&quot;nunit3&quot;,NUnit3)" computerName="ERICCARLSONBBE6" duration="00:00:00.0007180" startTime="2022-11-23T12:19:51.0928538-05:00" endTime="2022-11-23T12:19:51.0935717-05:00" testType="13cdc9d9-ddb5-4fa4-a97d-d965ccfc6d4b" outcome="Passed" testListId="8c84fa94-04c1-424b-9868-57a2d4851a1d" relativeResultsDirectory="97a25a9c-6980-4bce-8f36-5a4abb7a3a1d" />
    <UnitTestResult executionId="83a6bd72-f1a6-4d3c-bc0d-eabde3aa1530" testId="eaa4848e-0559-2885-f044-c2a62f5dab86" testName="ThenNoExceptionIsThrownWhenResultsFileIsDir" computerName="ERICCARLSONBBE6" duration="00:00:00.0045290" startTime="2022-11-23T12:19:51.1143194-05:00" endTime="2022-11-23T12:19:51.1188478-05:00" testType="13cdc9d9-ddb5-4fa4-a97d-d965ccfc6d4b" outcome="Passed" testListId="8c84fa94-04c1-424b-9868-57a2d4851a1d" relativeResultsDirectory="83a6bd72-f1a6-4d3c-bc0d-eabde3aa1530" />
    <UnitTestResult executionId="8eb2674d-7582-4fdb-8cc4-0bbd0351982d" testId="a4fa417d-e95a-7a1f-a1c7-bce00a40345c" testName="ThenCanParseHelpRequestWithLongFormSuccessfully" computerName="ERICCARLSONBBE6" duration="00:00:00.0066820" startTime="2022-11-23T12:19:50.9814558-05:00" endTime="2022-11-23T12:19:50.9881376-05:00" testType="13cdc9d9-ddb5-4fa4-a97d-d965ccfc6d4b" outcome="Passed" testListId="8c84fa94-04c1-424b-9868-57a2d4851a1d" relativeResultsDirectory="8eb2674d-7582-4fdb-8cc4-0bbd0351982d" />
    <UnitTestResult executionId="b0edb002-c478-474d-bb66-d6a563c4f883" testId="bf2e9fb1-5599-d2c0-6e19-a6a1dcbc1deb" testName="ThenCanParseResultsFileAsSemicolonSeparatedListAndTestResultsFileContainsTheFirstElementOfTestResultsFiles" computerName="ERICCARLSONBBE6" duration="00:00:00.0014300" startTime="2022-11-23T12:19:51.0748309-05:00" endTime="2022-11-23T12:19:51.0762604-05:00" testType="13cdc9d9-ddb5-4fa4-a97d-d965ccfc6d4b" outcome="Passed" testListId="8c84fa94-04c1-424b-9868-57a2d4851a1d" relativeResultsDirectory="b0edb002-c478-474d-bb66-d6a563c4f883" />
    <UnitTestResult executionId="360a1cd8-ea67-4a9e-a5e2-cef0233ed92f" testId="02744fa5-6fa9-9771-a99c-b02de44495ff" testName="ThenCanParseLongFormArgumentsSuccessfully" computerName="ERICCARLSONBBE6" duration="00:00:00.0012940" startTime="2022-11-23T12:19:50.9995109-05:00" endTime="2022-11-23T12:19:51.0008050-05:00" testType="13cdc9d9-ddb5-4fa4-a97d-d965ccfc6d4b" outcome="Passed" testListId="8c84fa94-04c1-424b-9868-57a2d4851a1d" relativeResultsDirectory="360a1cd8-ea67-4a9e-a5e2-cef0233ed92f" />
    <UnitTestResult executionId="b4842b50-50c2-411d-956c-5a88115efe5e" testId="0c141315-43d3-b684-eb68-acfa95ded382" testName="ThenCanParseResultsFormatWithLongFormSuccessfully(&quot;vstest&quot;,VsTest)" computerName="ERICCARLSONBBE6" duration="00:00:00.0006790" startTime="2022-11-23T12:19:51.0972085-05:00" endTime="2022-11-23T12:19:51.0978874-05:00" testType="13cdc9d9-ddb5-4fa4-a97d-d965ccfc6d4b" outcome="Passed" testListId="8c84fa94-04c1-424b-9868-57a2d4851a1d" relativeResultsDirectory="b4842b50-50c2-411d-956c-5a88115efe5e" />
    <UnitTestResult executionId="35e2d7b8-7d15-43fc-9ffb-4bf36fa4fed3" testId="4339dc42-b5d9-a7f8-6c7c-3fbef918e3cc" testName="ThenCanParseResultsFormatWithShortFormSuccessfully(&quot;nunit3&quot;,NUnit3)" computerName="ERICCARLSONBBE6" duration="00:00:00.0006920" startTime="2022-11-23T12:19:51.1011164-05:00" endTime="2022-11-23T12:19:51.1018081-05:00" testType="13cdc9d9-ddb5-4fa4-a97d-d965ccfc6d4b" outcome="Passed" testListId="8c84fa94-04c1-424b-9868-57a2d4851a1d" relativeResultsDirectory="35e2d7b8-7d15-43fc-9ffb-4bf36fa4fed3" />
    <UnitTestResult executionId="0364be17-3ea7-453e-90cf-ab9e94de2621" testId="e78a84d4-a81c-205e-6754-5d999ade48f8" testName="ThenCanParseHelpRequestWithQuestionMarkSuccessfully" computerName="ERICCARLSONBBE6" duration="00:00:00.0011460" startTime="2022-11-23T12:19:50.9881641-05:00" endTime="2022-11-23T12:19:50.9893097-05:00" testType="13cdc9d9-ddb5-4fa4-a97d-d965ccfc6d4b" outcome="Passed" testListId="8c84fa94-04c1-424b-9868-57a2d4851a1d" relativeResultsDirectory="0364be17-3ea7-453e-90cf-ab9e94de2621" />
    <UnitTestResult executionId="38fbb877-cd76-4cc9-9a77-e48ab1f5b534" testId="d2c0d584-9c1d-862e-90aa-b91d6e3fa4c7" testName="ThenCanFilterOutNonExistingTestResultFiles" computerName="ERICCARLSONBBE6" duration="00:00:00.2022930" startTime="2022-11-23T12:19:50.7703252-05:00" endTime="2022-11-23T12:19:50.9725393-05:00" testType="13cdc9d9-ddb5-4fa4-a97d-d965ccfc6d4b" outcome="Passed" testListId="8c84fa94-04c1-424b-9868-57a2d4851a1d" relativeResultsDirectory="38fbb877-cd76-4cc9-9a77-e48ab1f5b534" />
  </Results>
  <TestDefinitions>
    <UnitTest name="ThenCanParseResultsFormatWithLongFormSuccessfully(&quot;xunit2&quot;,xUnit2)" storage="c:\users\ericcarlson\documents\github\pickles\src\pickles.commandline.unittests\bin\debug\net6.0\picklesdoc.pickles.commandline.unittests.dll" id="1cc8f4ed-5df6-59e2-d4e5-7d9bd151e558">
      <Execution id="f6c873ec-78c6-433f-ae3f-4b1d1c01add7" />
      <TestMethod codeBase="C:\Users\ericcarlson\documents\github\pickles\src\Pickles.CommandLine.UnitTests\bin\Debug\net6.0\PicklesDoc.Pickles.CommandLine.UnitTests.dll" adapterTypeName="executor://nunit3testexecutor/" className="PicklesDoc.Pickles.CommandLine.UnitTests.WhenParsingCommandLineArguments" name="ThenCanParseResultsFormatWithLongFormSuccessfully(&quot;xunit2&quot;,xUnit2)" />
    </UnitTest>
    <UnitTest name="ThenCanParseResultsFormatWithShortFormSuccessfully(&quot;xunit1&quot;,XUnit1)" storage="c:\users\ericcarlson\documents\github\pickles\src\pickles.commandline.unittests\bin\debug\net6.0\picklesdoc.pickles.commandline.unittests.dll" id="d59b29a7-7ca5-9d6f-00d5-a094c1d51ee9">
      <Execution id="51a35021-e55a-4fdc-9d93-bd4cd05094f1" />
      <TestMethod codeBase="C:\Users\ericcarlson\documents\github\pickles\src\Pickles.CommandLine.UnitTests\bin\Debug\net6.0\PicklesDoc.Pickles.CommandLine.UnitTests.dll" adapterTypeName="executor://nunit3testexecutor/" className="PicklesDoc.Pickles.CommandLine.UnitTests.WhenParsingCommandLineArguments" name="ThenCanParseResultsFormatWithShortFormSuccessfully(&quot;xunit1&quot;,XUnit1)" />
    </UnitTest>
    <UnitTest name="ThenCanParseLongHideTagsSuccessfully" storage="c:\users\ericcarlson\documents\github\pickles\src\pickles.commandline.unittests\bin\debug\net6.0\picklesdoc.pickles.commandline.unittests.dll" id="9660de6c-eec3-3258-2e8c-1f12b2daa4ae">
      <Execution id="3663332f-80d2-47a1-afa7-7870e9bbc2f2" />
      <TestMethod codeBase="C:\Users\ericcarlson\documents\github\pickles\src\Pickles.CommandLine.UnitTests\bin\Debug\net6.0\PicklesDoc.Pickles.CommandLine.UnitTests.dll" adapterTypeName="executor://nunit3testexecutor/" className="PicklesDoc.Pickles.CommandLine.UnitTests.WhenParsingCommandLineArguments" name="ThenCanParseLongHideTagsSuccessfully" />
    </UnitTest>
    <UnitTest name="ThenCanParseLongFormArgumentsSuccessfully" storage="c:\users\ericcarlson\documents\github\pickles\src\pickles.commandline.unittests\bin\debug\net6.0\picklesdoc.pickles.commandline.unittests.dll" id="02744fa5-6fa9-9771-a99c-b02de44495ff">
      <Execution id="360a1cd8-ea67-4a9e-a5e2-cef0233ed92f" />
      <TestMethod codeBase="C:\Users\ericcarlson\documents\github\pickles\src\Pickles.CommandLine.UnitTests\bin\Debug\net6.0\PicklesDoc.Pickles.CommandLine.UnitTests.dll" adapterTypeName="executor://nunit3testexecutor/" className="PicklesDoc.Pickles.CommandLine.UnitTests.WhenParsingCommandLineArguments" name="ThenCanParseLongFormArgumentsSuccessfully" />
    </UnitTest>
    <UnitTest name="ThenCanParseResultsFileAsSemicolonSeparatedListThatStartsWithASemicolon" storage="c:\users\ericcarlson\documents\github\pickles\src\pickles.commandline.unittests\bin\debug\net6.0\picklesdoc.pickles.commandline.unittests.dll" id="4f90bc03-9c22-3cb6-996f-0ead2a3ac7ae">
      <Execution id="ef753aaa-5a65-49b4-883e-577ed1e528a3" />
      <TestMethod codeBase="C:\Users\ericcarlson\documents\github\pickles\src\Pickles.CommandLine.UnitTests\bin\Debug\net6.0\PicklesDoc.Pickles.CommandLine.UnitTests.dll" adapterTypeName="executor://nunit3testexecutor/" className="PicklesDoc.Pickles.CommandLine.UnitTests.WhenParsingCommandLineArguments" name="ThenCanParseResultsFileAsSemicolonSeparatedListThatStartsWithASemicolon" />
    </UnitTest>
    <UnitTest name="ThenCanParseResultsFormatWithLongFormSuccessfully(&quot;xunit1&quot;,XUnit1)" storage="c:\users\ericcarlson\documents\github\pickles\src\pickles.commandline.unittests\bin\debug\net6.0\picklesdoc.pickles.commandline.unittests.dll" id="22d85d4c-6dbb-10ab-b5a3-f3269d2438c6">
      <Execution id="bf4c1245-392f-4e83-9a4a-6fc5a6e7791e" />
      <TestMethod codeBase="C:\Users\ericcarlson\documents\github\pickles\src\Pickles.CommandLine.UnitTests\bin\Debug\net6.0\PicklesDoc.Pickles.CommandLine.UnitTests.dll" adapterTypeName="executor://nunit3testexecutor/" className="PicklesDoc.Pickles.CommandLine.UnitTests.WhenParsingCommandLineArguments" name="ThenCanParseResultsFormatWithLongFormSuccessfully(&quot;xunit1&quot;,XUnit1)" />
    </UnitTest>
    <UnitTest name="ThenCanParseShortExcludeTagsSuccessfully" storage="c:\users\ericcarlson\documents\github\pickles\src\pickles.commandline.unittests\bin\debug\net6.0\picklesdoc.pickles.commandline.unittests.dll" id="2c5e222a-1647-8409-7866-5ad600a37681">
      <Execution id="82f12253-bc6f-4de7-a5f1-2016ad4e17e9" />
      <TestMethod codeBase="C:\Users\ericcarlson\documents\github\pickles\src\Pickles.CommandLine.UnitTests\bin\Debug\net6.0\PicklesDoc.Pickles.CommandLine.UnitTests.dll" adapterTypeName="executor://nunit3testexecutor/" className="PicklesDoc.Pickles.CommandLine.UnitTests.WhenParsingCommandLineArguments" name="ThenCanParseShortExcludeTagsSuccessfully" />
    </UnitTest>
    <UnitTest name="ThenCanParseResultsFileWithShortFormSuccessfully" storage="c:\users\ericcarlson\documents\github\pickles\src\pickles.commandline.unittests\bin\debug\net6.0\picklesdoc.pickles.commandline.unittests.dll" id="4c0d74ee-a4a4-0155-6f3c-7f63d1173421">
      <Execution id="466921a2-a5c0-4525-b2ae-9778a44aa65b" />
      <TestMethod codeBase="C:\Users\ericcarlson\documents\github\pickles\src\Pickles.CommandLine.UnitTests\bin\Debug\net6.0\PicklesDoc.Pickles.CommandLine.UnitTests.dll" adapterTypeName="executor://nunit3testexecutor/" className="PicklesDoc.Pickles.CommandLine.UnitTests.WhenParsingCommandLineArguments" name="ThenCanParseResultsFileWithShortFormSuccessfully" />
    </UnitTest>
    <UnitTest name="ThenCanParseVersionRequestShortFormSuccessfully" storage="c:\users\ericcarlson\documents\github\pickles\src\pickles.commandline.unittests\bin\debug\net6.0\picklesdoc.pickles.commandline.unittests.dll" id="8a6da681-14e9-3512-521e-22acb0ced795">
      <Execution id="a4204bb9-b85d-4529-9a1a-d65215f03f4a" />
      <TestMethod codeBase="C:\Users\ericcarlson\documents\github\pickles\src\Pickles.CommandLine.UnitTests\bin\Debug\net6.0\PicklesDoc.Pickles.CommandLine.UnitTests.dll" adapterTypeName="executor://nunit3testexecutor/" className="PicklesDoc.Pickles.CommandLine.UnitTests.WhenParsingCommandLineArguments" name="ThenCanParseVersionRequestShortFormSuccessfully" />
    </UnitTest>
    <UnitTest name="ThenCanParseResultsFileAsSemicolonSeparatedListThatEndsWithASemicolon" storage="c:\users\ericcarlson\documents\github\pickles\src\pickles.commandline.unittests\bin\debug\net6.0\picklesdoc.pickles.commandline.unittests.dll" id="6db80d44-6cb8-8e13-b69b-abf2d5a5486f">
      <Execution id="b6f3bd8e-6856-484d-a97a-d005678fc10a" />
      <TestMethod codeBase="C:\Users\ericcarlson\documents\github\pickles\src\Pickles.CommandLine.UnitTests\bin\Debug\net6.0\PicklesDoc.Pickles.CommandLine.UnitTests.dll" adapterTypeName="executor://nunit3testexecutor/" className="PicklesDoc.Pickles.CommandLine.UnitTests.WhenParsingCommandLineArguments" name="ThenCanParseResultsFileAsSemicolonSeparatedListThatEndsWithASemicolon" />
    </UnitTest>
    <UnitTest name="ThenSetsLanguageToEnglishByDefault" storage="c:\users\ericcarlson\documents\github\pickles\src\pickles.commandline.unittests\bin\debug\net6.0\picklesdoc.pickles.commandline.unittests.dll" id="3dd8862b-c173-46d6-efda-e3708fc7883e">
      <Execution id="1e8d5ee4-e4bf-46f4-9b38-580a198daa9f" />
      <TestMethod codeBase="C:\Users\ericcarlson\documents\github\pickles\src\Pickles.CommandLine.UnitTests\bin\Debug\net6.0\PicklesDoc.Pickles.CommandLine.UnitTests.dll" adapterTypeName="executor://nunit3testexecutor/" className="PicklesDoc.Pickles.CommandLine.UnitTests.WhenParsingCommandLineArguments" name="ThenSetsLanguageToEnglishByDefault" />
    </UnitTest>
    <UnitTest name="ThenCanParseResultsFilesWithMultipleMatchesResolvingInSingleMatch" storage="c:\users\ericcarlson\documents\github\pickles\src\pickles.commandline.unittests\bin\debug\net6.0\picklesdoc.pickles.commandline.unittests.dll" id="d519a718-a5af-b718-0d02-3651b1e50e25">
      <Execution id="f2433573-3d0c-456c-bf16-b0a9ff10bea3" />
      <TestMethod codeBase="C:\Users\ericcarlson\documents\github\pickles\src\Pickles.CommandLine.UnitTests\bin\Debug\net6.0\PicklesDoc.Pickles.CommandLine.UnitTests.dll" adapterTypeName="executor://nunit3testexecutor/" className="PicklesDoc.Pickles.CommandLine.UnitTests.WhenParsingCommandLineArguments" name="ThenCanParseResultsFilesWithMultipleMatchesResolvingInSingleMatch" />
    </UnitTest>
    <UnitTest name="ThenInputAndOutputDirectoryAreSetToTheCurrentDirectory" storage="c:\users\ericcarlson\documents\github\pickles\src\pickles.commandline.unittests\bin\debug\net6.0\picklesdoc.pickles.commandline.unittests.dll" id="1f593c2d-08ac-eb3f-ea26-17c56e86051c">
      <Execution id="0405e0a8-e520-413e-b853-b74bedbd54c8" />
      <TestMethod codeBase="C:\Users\ericcarlson\documents\github\pickles\src\Pickles.CommandLine.UnitTests\bin\Debug\net6.0\PicklesDoc.Pickles.CommandLine.UnitTests.dll" adapterTypeName="executor://nunit3testexecutor/" className="PicklesDoc.Pickles.CommandLine.UnitTests.WhenParsingCommandLineArguments" name="ThenInputAndOutputDirectoryAreSetToTheCurrentDirectory" />
    </UnitTest>
    <UnitTest name="ThenCanParseResultsFormatWithLongFormSuccessfully(&quot;cucumberjson&quot;,CucumberJson)" storage="c:\users\ericcarlson\documents\github\pickles\src\pickles.commandline.unittests\bin\debug\net6.0\picklesdoc.pickles.commandline.unittests.dll" id="4bf32c86-223f-197e-0dfd-ab5347605437">
      <Execution id="0d221056-13eb-467f-aaef-a227791dccf4" />
      <TestMethod codeBase="C:\Users\ericcarlson\documents\github\pickles\src\Pickles.CommandLine.UnitTests\bin\Debug\net6.0\PicklesDoc.Pickles.CommandLine.UnitTests.dll" adapterTypeName="executor://nunit3testexecutor/" className="PicklesDoc.Pickles.CommandLine.UnitTests.WhenParsingCommandLineArguments" name="ThenCanParseResultsFormatWithLongFormSuccessfully(&quot;cucumberjson&quot;,CucumberJson)" />
    </UnitTest>
    <UnitTest name="ThenCanParseResultsFormatWithShortFormSuccessfully(&quot;specrun&quot;,SpecRun)" storage="c:\users\ericcarlson\documents\github\pickles\src\pickles.commandline.unittests\bin\debug\net6.0\picklesdoc.pickles.commandline.unittests.dll" id="6c6fa077-38de-29df-ea1d-0e7127f24864">
      <Execution id="c9cdd7cf-a061-4654-bb94-2be64016df1d" />
      <TestMethod codeBase="C:\Users\ericcarlson\documents\github\pickles\src\Pickles.CommandLine.UnitTests\bin\Debug\net6.0\PicklesDoc.Pickles.CommandLine.UnitTests.dll" adapterTypeName="executor://nunit3testexecutor/" className="PicklesDoc.Pickles.CommandLine.UnitTests.WhenParsingCommandLineArguments" name="ThenCanParseResultsFormatWithShortFormSuccessfully(&quot;specrun&quot;,SpecRun)" />
    </UnitTest>
    <UnitTest name="ThenCanParseExcelDocumentationFormatWithShortFormSuccessfully" storage="c:\users\ericcarlson\documents\github\pickles\src\pickles.commandline.unittests\bin\debug\net6.0\picklesdoc.pickles.commandline.unittests.dll" id="f22fa231-8de3-a216-58e1-8a185fe39b3a">
      <Execution id="db357557-a69c-4592-83ca-3d2f46a0626d" />
      <TestMethod codeBase="C:\Users\ericcarlson\documents\github\pickles\src\Pickles.CommandLine.UnitTests\bin\Debug\net6.0\PicklesDoc.Pickles.CommandLine.UnitTests.dll" adapterTypeName="executor://nunit3testexecutor/" className="PicklesDoc.Pickles.CommandLine.UnitTests.WhenParsingCommandLineArguments" name="ThenCanParseExcelDocumentationFormatWithShortFormSuccessfully" />
    </UnitTest>
    <UnitTest name="ThenCanParseResultsFileAsSemicolonSeparatedListAndTestResultsFileContainsTheFirstElementOfTestResultsFiles" storage="c:\users\ericcarlson\documents\github\pickles\src\pickles.commandline.unittests\bin\debug\net6.0\picklesdoc.pickles.commandline.unittests.dll" id="bf2e9fb1-5599-d2c0-6e19-a6a1dcbc1deb">
      <Execution id="b0edb002-c478-474d-bb66-d6a563c4f883" />
      <TestMethod codeBase="C:\Users\ericcarlson\documents\github\pickles\src\Pickles.CommandLine.UnitTests\bin\Debug\net6.0\PicklesDoc.Pickles.CommandLine.UnitTests.dll" adapterTypeName="executor://nunit3testexecutor/" className="PicklesDoc.Pickles.CommandLine.UnitTests.WhenParsingCommandLineArguments" name="ThenCanParseResultsFileAsSemicolonSeparatedListAndTestResultsFileContainsTheFirstElementOfTestResultsFiles" />
    </UnitTest>
    <UnitTest name="ThenCanParseResultsFileWithLongFormSuccessfully" storage="c:\users\ericcarlson\documents\github\pickles\src\pickles.commandline.unittests\bin\debug\net6.0\picklesdoc.pickles.commandline.unittests.dll" id="68c5df64-32c1-5ede-f890-4d40dd8a8c9f">
      <Execution id="bafc20b0-f751-481a-aae3-9bc3f8e58831" />
      <TestMethod codeBase="C:\Users\ericcarlson\documents\github\pickles\src\Pickles.CommandLine.UnitTests\bin\Debug\net6.0\PicklesDoc.Pickles.CommandLine.UnitTests.dll" adapterTypeName="executor://nunit3testexecutor/" className="PicklesDoc.Pickles.CommandLine.UnitTests.WhenParsingCommandLineArguments" name="ThenCanParseResultsFileWithLongFormSuccessfully" />
    </UnitTest>
    <UnitTest name="ThenCanParseResultsFormatWithShortFormSuccessfully(&quot;nunit&quot;,NUnit)" storage="c:\users\ericcarlson\documents\github\pickles\src\pickles.commandline.unittests\bin\debug\net6.0\picklesdoc.pickles.commandline.unittests.dll" id="f31b08c7-de79-cc6d-4377-211c81bf0669">
      <Execution id="ff7def34-792f-4fc4-9556-af6dc6d5ec8f" />
      <TestMethod codeBase="C:\Users\ericcarlson\documents\github\pickles\src\Pickles.CommandLine.UnitTests\bin\Debug\net6.0\PicklesDoc.Pickles.CommandLine.UnitTests.dll" adapterTypeName="executor://nunit3testexecutor/" className="PicklesDoc.Pickles.CommandLine.UnitTests.WhenParsingCommandLineArguments" name="ThenCanParseResultsFormatWithShortFormSuccessfully(&quot;nunit&quot;,NUnit)" />
    </UnitTest>
    <UnitTest name="ThenCanParseShortHideTagsSuccessfully" storage="c:\users\ericcarlson\documents\github\pickles\src\pickles.commandline.unittests\bin\debug\net6.0\picklesdoc.pickles.commandline.unittests.dll" id="4be5947a-f14c-036a-2ea3-643296d9d2ba">
      <Execution id="c22d0d48-6ac6-4652-86f8-beda7c15a130" />
      <TestMethod codeBase="C:\Users\ericcarlson\documents\github\pickles\src\Pickles.CommandLine.UnitTests\bin\Debug\net6.0\PicklesDoc.Pickles.CommandLine.UnitTests.dll" adapterTypeName="executor://nunit3testexecutor/" className="PicklesDoc.Pickles.CommandLine.UnitTests.WhenParsingCommandLineArguments" name="ThenCanParseShortHideTagsSuccessfully" />
    </UnitTest>
    <UnitTest name="ThenCanParseHelpRequestWithQuestionMarkSuccessfully" storage="c:\users\ericcarlson\documents\github\pickles\src\pickles.commandline.unittests\bin\debug\net6.0\picklesdoc.pickles.commandline.unittests.dll" id="e78a84d4-a81c-205e-6754-5d999ade48f8">
      <Execution id="0364be17-3ea7-453e-90cf-ab9e94de2621" />
      <TestMethod codeBase="C:\Users\ericcarlson\documents\github\pickles\src\Pickles.CommandLine.UnitTests\bin\Debug\net6.0\PicklesDoc.Pickles.CommandLine.UnitTests.dll" adapterTypeName="executor://nunit3testexecutor/" className="PicklesDoc.Pickles.CommandLine.UnitTests.WhenParsingCommandLineArguments" name="ThenCanParseHelpRequestWithQuestionMarkSuccessfully" />
    </UnitTest>
    <UnitTest name="ThenCanParseResultsFormatWithLongFormSuccessfully(&quot;nunit3&quot;,NUnit3)" storage="c:\users\ericcarlson\documents\github\pickles\src\pickles.commandline.unittests\bin\debug\net6.0\picklesdoc.pickles.commandline.unittests.dll" id="f4f1cc4a-df08-6e29-9d02-c2cb8938f99a">
      <Execution id="97a25a9c-6980-4bce-8f36-5a4abb7a3a1d" />
      <TestMethod codeBase="C:\Users\ericcarlson\documents\github\pickles\src\Pickles.CommandLine.UnitTests\bin\Debug\net6.0\PicklesDoc.Pickles.CommandLine.UnitTests.dll" adapterTypeName="executor://nunit3testexecutor/" className="PicklesDoc.Pickles.CommandLine.UnitTests.WhenParsingCommandLineArguments" name="ThenCanParseResultsFormatWithLongFormSuccessfully(&quot;nunit3&quot;,NUnit3)" />
    </UnitTest>
    <UnitTest name="ThenCanParseMultipleResultsFilesWithWildCardWhereNoMatchIsExcluded" storage="c:\users\ericcarlson\documents\github\pickles\src\pickles.commandline.unittests\bin\debug\net6.0\picklesdoc.pickles.commandline.unittests.dll" id="8e1263c8-41c8-6a86-58fa-1165bc338df7">
      <Execution id="77a05bbe-4fc4-4b42-af99-ae0010c7d186" />
      <TestMethod codeBase="C:\Users\ericcarlson\documents\github\pickles\src\Pickles.CommandLine.UnitTests\bin\Debug\net6.0\PicklesDoc.Pickles.CommandLine.UnitTests.dll" adapterTypeName="executor://nunit3testexecutor/" className="PicklesDoc.Pickles.CommandLine.UnitTests.WhenParsingCommandLineArguments" name="ThenCanParseMultipleResultsFilesWithWildCardWhereNoMatchIsExcluded" />
    </UnitTest>
    <UnitTest name="ThenCanParseResultsFormatWithShortFormSuccessfully(&quot;cucumberjson&quot;,CucumberJson)" storage="c:\users\ericcarlson\documents\github\pickles\src\pickles.commandline.unittests\bin\debug\net6.0\picklesdoc.pickles.commandline.unittests.dll" id="ddd1faaa-8474-bed3-663a-443138340384">
      <Execution id="a01e9220-4f51-415b-a205-81a2fbb76a6e" />
      <TestMethod codeBase="C:\Users\ericcarlson\documents\github\pickles\src\Pickles.CommandLine.UnitTests\bin\Debug\net6.0\PicklesDoc.Pickles.CommandLine.UnitTests.dll" adapterTypeName="executor://nunit3testexecutor/" className="PicklesDoc.Pickles.CommandLine.UnitTests.WhenParsingCommandLineArguments" name="ThenCanParseResultsFormatWithShortFormSuccessfully(&quot;cucumberjson&quot;,CucumberJson)" />
    </UnitTest>
    <UnitTest name="ThenCanParseResultsFormatWithShortFormSuccessfully(&quot;xunit2&quot;,xUnit2)" storage="c:\users\ericcarlson\documents\github\pickles\src\pickles.commandline.unittests\bin\debug\net6.0\picklesdoc.pickles.commandline.unittests.dll" id="ac913a0e-9c8f-ad8b-7a90-e4ee62368cd3">
      <Execution id="d17fbbeb-81c6-406d-9d42-a1ec25a3dbca" />
      <TestMethod codeBase="C:\Users\ericcarlson\documents\github\pickles\src\Pickles.CommandLine.UnitTests\bin\Debug\net6.0\PicklesDoc.Pickles.CommandLine.UnitTests.dll" adapterTypeName="executor://nunit3testexecutor/" className="PicklesDoc.Pickles.CommandLine.UnitTests.WhenParsingCommandLineArguments" name="ThenCanParseResultsFormatWithShortFormSuccessfully(&quot;xunit2&quot;,xUnit2)" />
    </UnitTest>
    <UnitTest name="ThenCanParseResultsFormatWithShortFormSuccessfully(&quot;nunit3&quot;,NUnit3)" storage="c:\users\ericcarlson\documents\github\pickles\src\pickles.commandline.unittests\bin\debug\net6.0\picklesdoc.pickles.commandline.unittests.dll" id="4339dc42-b5d9-a7f8-6c7c-3fbef918e3cc">
      <Execution id="35e2d7b8-7d15-43fc-9ffb-4bf36fa4fed3" />
      <TestMethod codeBase="C:\Users\ericcarlson\documents\github\pickles\src\Pickles.CommandLine.UnitTests\bin\Debug\net6.0\PicklesDoc.Pickles.CommandLine.UnitTests.dll" adapterTypeName="executor://nunit3testexecutor/" className="PicklesDoc.Pickles.CommandLine.UnitTests.WhenParsingCommandLineArguments" name="ThenCanParseResultsFormatWithShortFormSuccessfully(&quot;nunit3&quot;,NUnit3)" />
    </UnitTest>
    <UnitTest name="ThenCanParseLongExcludeTagsSuccessfully" storage="c:\users\ericcarlson\documents\github\pickles\src\pickles.commandline.unittests\bin\debug\net6.0\picklesdoc.pickles.commandline.unittests.dll" id="8df7f7c3-2a09-e5a9-4b22-1b2fdcd78402">
      <Execution id="ea878a0f-787a-45b4-9761-b7c2e7a044db" />
      <TestMethod codeBase="C:\Users\ericcarlson\documents\github\pickles\src\Pickles.CommandLine.UnitTests\bin\Debug\net6.0\PicklesDoc.Pickles.CommandLine.UnitTests.dll" adapterTypeName="executor://nunit3testexecutor/" className="PicklesDoc.Pickles.CommandLine.UnitTests.WhenParsingCommandLineArguments" name="ThenCanParseLongExcludeTagsSuccessfully" />
    </UnitTest>
    <UnitTest name="ThenCanParseMultipleResultsFilesWithWildCardAndSemicolon" storage="c:\users\ericcarlson\documents\github\pickles\src\pickles.commandline.unittests\bin\debug\net6.0\picklesdoc.pickles.commandline.unittests.dll" id="a9022e46-69d3-4225-7e9f-d450c40b211a">
      <Execution id="652d3bc9-5c54-40c3-948f-f8dcd227266a" />
      <TestMethod codeBase="C:\Users\ericcarlson\documents\github\pickles\src\Pickles.CommandLine.UnitTests\bin\Debug\net6.0\PicklesDoc.Pickles.CommandLine.UnitTests.dll" adapterTypeName="executor://nunit3testexecutor/" className="PicklesDoc.Pickles.CommandLine.UnitTests.WhenParsingCommandLineArguments" name="ThenCanParseMultipleResultsFilesWithWildCardAndSemicolon" />
    </UnitTest>
    <UnitTest name="ThenCanParseResultsFormatWithLongFormSuccessfully(&quot;nunit&quot;,NUnit)" storage="c:\users\ericcarlson\documents\github\pickles\src\pickles.commandline.unittests\bin\debug\net6.0\picklesdoc.pickles.commandline.unittests.dll" id="9b95c832-12a1-dd0c-d813-9b9c55bc5be7">
      <Execution id="ddf93123-008d-40ef-bba5-a91d5f612485" />
      <TestMethod codeBase="C:\Users\ericcarlson\documents\github\pickles\src\Pickles.CommandLine.UnitTests\bin\Debug\net6.0\PicklesDoc.Pickles.CommandLine.UnitTests.dll" adapterTypeName="executor://nunit3testexecutor/" className="PicklesDoc.Pickles.CommandLine.UnitTests.WhenParsingCommandLineArguments" name="ThenCanParseResultsFormatWithLongFormSuccessfully(&quot;nunit&quot;,NUnit)" />
    </UnitTest>
    <UnitTest name="ThenCanParseShortFeatureBaseUriSuccessfully" storage="c:\users\ericcarlson\documents\github\pickles\src\pickles.commandline.unittests\bin\debug\net6.0\picklesdoc.pickles.commandline.unittests.dll" id="c63d1051-ceeb-8f03-98f3-b5dc3d4afad0">
      <Execution id="af158b76-cfac-4491-baf2-09b969703f96" />
      <TestMethod codeBase="C:\Users\ericcarlson\documents\github\pickles\src\Pickles.CommandLine.UnitTests\bin\Debug\net6.0\PicklesDoc.Pickles.CommandLine.UnitTests.dll" adapterTypeName="executor://nunit3testexecutor/" className="PicklesDoc.Pickles.CommandLine.UnitTests.WhenParsingCommandLineArguments" name="ThenCanParseShortFeatureBaseUriSuccessfully" />
    </UnitTest>
    <UnitTest name="ThenCanFilterOutNonExistingTestResultFiles" storage="c:\users\ericcarlson\documents\github\pickles\src\pickles.commandline.unittests\bin\debug\net6.0\picklesdoc.pickles.commandline.unittests.dll" id="d2c0d584-9c1d-862e-90aa-b91d6e3fa4c7">
      <Execution id="38fbb877-cd76-4cc9-9a77-e48ab1f5b534" />
      <TestMethod codeBase="C:\Users\ericcarlson\documents\github\pickles\src\Pickles.CommandLine.UnitTests\bin\Debug\net6.0\PicklesDoc.Pickles.CommandLine.UnitTests.dll" adapterTypeName="executor://nunit3testexecutor/" className="PicklesDoc.Pickles.CommandLine.UnitTests.WhenParsingCommandLineArguments" name="ThenCanFilterOutNonExistingTestResultFiles" />
    </UnitTest>
    <UnitTest name="ThenNoExceptionIsThrownWhenResultsFileIsDir" storage="c:\users\ericcarlson\documents\github\pickles\src\pickles.commandline.unittests\bin\debug\net6.0\picklesdoc.pickles.commandline.unittests.dll" id="eaa4848e-0559-2885-f044-c2a62f5dab86">
      <Execution id="83a6bd72-f1a6-4d3c-bc0d-eabde3aa1530" />
      <TestMethod codeBase="C:\Users\ericcarlson\documents\github\pickles\src\Pickles.CommandLine.UnitTests\bin\Debug\net6.0\PicklesDoc.Pickles.CommandLine.UnitTests.dll" adapterTypeName="executor://nunit3testexecutor/" className="PicklesDoc.Pickles.CommandLine.UnitTests.WhenParsingCommandLineArguments" name="ThenNoExceptionIsThrownWhenResultsFileIsDir" />
    </UnitTest>
    <UnitTest name="ThenCanParseExcelDocumentationFormatWithLongFormSuccessfully" storage="c:\users\ericcarlson\documents\github\pickles\src\pickles.commandline.unittests\bin\debug\net6.0\picklesdoc.pickles.commandline.unittests.dll" id="74a89751-e63b-0a42-dc81-231c95fc1332">
      <Execution id="10149001-bb73-4923-8401-8d9af698d963" />
      <TestMethod codeBase="C:\Users\ericcarlson\documents\github\pickles\src\Pickles.CommandLine.UnitTests\bin\Debug\net6.0\PicklesDoc.Pickles.CommandLine.UnitTests.dll" adapterTypeName="executor://nunit3testexecutor/" className="PicklesDoc.Pickles.CommandLine.UnitTests.WhenParsingCommandLineArguments" name="ThenCanParseExcelDocumentationFormatWithLongFormSuccessfully" />
    </UnitTest>
    <UnitTest name="ThenCanParseVersionRequestLongFormSuccessfully" storage="c:\users\ericcarlson\documents\github\pickles\src\pickles.commandline.unittests\bin\debug\net6.0\picklesdoc.pickles.commandline.unittests.dll" id="882ba9fb-2b86-6e00-d8dd-78505e2a66a8">
      <Execution id="6a4c5fb7-72df-415a-b92f-20d8d112e1e3" />
      <TestMethod codeBase="C:\Users\ericcarlson\documents\github\pickles\src\Pickles.CommandLine.UnitTests\bin\Debug\net6.0\PicklesDoc.Pickles.CommandLine.UnitTests.dll" adapterTypeName="executor://nunit3testexecutor/" className="PicklesDoc.Pickles.CommandLine.UnitTests.WhenParsingCommandLineArguments" name="ThenCanParseVersionRequestLongFormSuccessfully" />
    </UnitTest>
    <UnitTest name="ThenCanParseResultsFormatWithLongFormSuccessfully(&quot;mstest&quot;,MsTest)" storage="c:\users\ericcarlson\documents\github\pickles\src\pickles.commandline.unittests\bin\debug\net6.0\picklesdoc.pickles.commandline.unittests.dll" id="1d892050-5fc4-1870-33c7-728b36a63ba3">
      <Execution id="d766f30a-373d-478c-87c4-c8de764d6afa" />
      <TestMethod codeBase="C:\Users\ericcarlson\documents\github\pickles\src\Pickles.CommandLine.UnitTests\bin\Debug\net6.0\PicklesDoc.Pickles.CommandLine.UnitTests.dll" adapterTypeName="executor://nunit3testexecutor/" className="PicklesDoc.Pickles.CommandLine.UnitTests.WhenParsingCommandLineArguments" name="ThenCanParseResultsFormatWithLongFormSuccessfully(&quot;mstest&quot;,MsTest)" />
    </UnitTest>
    <UnitTest name="ThenCanParseResultsFormatWithShortFormSuccessfully(&quot;vstest&quot;,VsTest)" storage="c:\users\ericcarlson\documents\github\pickles\src\pickles.commandline.unittests\bin\debug\net6.0\picklesdoc.pickles.commandline.unittests.dll" id="a15b1b2c-b197-9c1b-df07-4ceaf014a074">
      <Execution id="7f40b04a-9cbc-4aca-9606-accbf0b88840" />
      <TestMethod codeBase="C:\Users\ericcarlson\documents\github\pickles\src\Pickles.CommandLine.UnitTests\bin\Debug\net6.0\PicklesDoc.Pickles.CommandLine.UnitTests.dll" adapterTypeName="executor://nunit3testexecutor/" className="PicklesDoc.Pickles.CommandLine.UnitTests.WhenParsingCommandLineArguments" name="ThenCanParseResultsFormatWithShortFormSuccessfully(&quot;vstest&quot;,VsTest)" />
    </UnitTest>
    <UnitTest name="ThenCanParseResultsFormatWithShortFormSuccessfully(&quot;xunit&quot;,XUnit)" storage="c:\users\ericcarlson\documents\github\pickles\src\pickles.commandline.unittests\bin\debug\net6.0\picklesdoc.pickles.commandline.unittests.dll" id="d897058a-4207-e54a-a3f6-5886bf06dbba">
      <Execution id="73ed9668-f682-4a98-92a5-e394ffd49177" />
      <TestMethod codeBase="C:\Users\ericcarlson\documents\github\pickles\src\Pickles.CommandLine.UnitTests\bin\Debug\net6.0\PicklesDoc.Pickles.CommandLine.UnitTests.dll" adapterTypeName="executor://nunit3testexecutor/" className="PicklesDoc.Pickles.CommandLine.UnitTests.WhenParsingCommandLineArguments" name="ThenCanParseResultsFormatWithShortFormSuccessfully(&quot;xunit&quot;,XUnit)" />
    </UnitTest>
    <UnitTest name="ThenCanParseHelpRequestWithShortFormSuccessfully" storage="c:\users\ericcarlson\documents\github\pickles\src\pickles.commandline.unittests\bin\debug\net6.0\picklesdoc.pickles.commandline.unittests.dll" id="0d69365c-4d30-3f5d-cab9-49069b201831">
      <Execution id="94c520c7-3516-4b9d-9f23-57503147916d" />
      <TestMethod codeBase="C:\Users\ericcarlson\documents\github\pickles\src\Pickles.CommandLine.UnitTests\bin\Debug\net6.0\PicklesDoc.Pickles.CommandLine.UnitTests.dll" adapterTypeName="executor://nunit3testexecutor/" className="PicklesDoc.Pickles.CommandLine.UnitTests.WhenParsingCommandLineArguments" name="ThenCanParseHelpRequestWithShortFormSuccessfully" />
    </UnitTest>
    <UnitTest name="ThenCanParseLongFeatureBaseUriSuccessfully" storage="c:\users\ericcarlson\documents\github\pickles\src\pickles.commandline.unittests\bin\debug\net6.0\picklesdoc.pickles.commandline.unittests.dll" id="71cdd67d-bb4c-4c14-28d6-e96b31d03990">
      <Execution id="1d85742d-b916-4a74-8e4d-90b0422be828" />
      <TestMethod codeBase="C:\Users\ericcarlson\documents\github\pickles\src\Pickles.CommandLine.UnitTests\bin\Debug\net6.0\PicklesDoc.Pickles.CommandLine.UnitTests.dll" adapterTypeName="executor://nunit3testexecutor/" className="PicklesDoc.Pickles.CommandLine.UnitTests.WhenParsingCommandLineArguments" name="ThenCanParseLongFeatureBaseUriSuccessfully" />
    </UnitTest>
    <UnitTest name="ThenCanParseResultsFormatWithShortFormSuccessfully(&quot;mstest&quot;,MsTest)" storage="c:\users\ericcarlson\documents\github\pickles\src\pickles.commandline.unittests\bin\debug\net6.0\picklesdoc.pickles.commandline.unittests.dll" id="515a2015-9e64-a8ba-ec33-d67af30ec048">
      <Execution id="36c108fc-4f6a-45a3-a1e1-cfb5b4a87e97" />
      <TestMethod codeBase="C:\Users\ericcarlson\documents\github\pickles\src\Pickles.CommandLine.UnitTests\bin\Debug\net6.0\PicklesDoc.Pickles.CommandLine.UnitTests.dll" adapterTypeName="executor://nunit3testexecutor/" className="PicklesDoc.Pickles.CommandLine.UnitTests.WhenParsingCommandLineArguments" name="ThenCanParseResultsFormatWithShortFormSuccessfully(&quot;mstest&quot;,MsTest)" />
    </UnitTest>
    <UnitTest name="ThenCanParseHelpRequestWithLongFormSuccessfully" storage="c:\users\ericcarlson\documents\github\pickles\src\pickles.commandline.unittests\bin\debug\net6.0\picklesdoc.pickles.commandline.unittests.dll" id="a4fa417d-e95a-7a1f-a1c7-bce00a40345c">
      <Execution id="8eb2674d-7582-4fdb-8cc4-0bbd0351982d" />
      <TestMethod codeBase="C:\Users\ericcarlson\documents\github\pickles\src\Pickles.CommandLine.UnitTests\bin\Debug\net6.0\PicklesDoc.Pickles.CommandLine.UnitTests.dll" adapterTypeName="executor://nunit3testexecutor/" className="PicklesDoc.Pickles.CommandLine.UnitTests.WhenParsingCommandLineArguments" name="ThenCanParseHelpRequestWithLongFormSuccessfully" />
    </UnitTest>
    <UnitTest name="ThenCanParseResultsFileAsSemicolonSeparatedList" storage="c:\users\ericcarlson\documents\github\pickles\src\pickles.commandline.unittests\bin\debug\net6.0\picklesdoc.pickles.commandline.unittests.dll" id="762b97c6-0e84-7701-a4ed-7885e84d9b93">
      <Execution id="2f7cffc0-7e74-4c4e-a246-65231d5fc026" />
      <TestMethod codeBase="C:\Users\ericcarlson\documents\github\pickles\src\Pickles.CommandLine.UnitTests\bin\Debug\net6.0\PicklesDoc.Pickles.CommandLine.UnitTests.dll" adapterTypeName="executor://nunit3testexecutor/" className="PicklesDoc.Pickles.CommandLine.UnitTests.WhenParsingCommandLineArguments" name="ThenCanParseResultsFileAsSemicolonSeparatedList" />
    </UnitTest>
    <UnitTest name="ThenCanParseShortFormArgumentsSuccessfully" storage="c:\users\ericcarlson\documents\github\pickles\src\pickles.commandline.unittests\bin\debug\net6.0\picklesdoc.pickles.commandline.unittests.dll" id="98358d73-9de0-9208-fd20-9082cad2b0e0">
      <Execution id="c6f4de15-f8bf-4d20-ad76-066c0cb1274c" />
      <TestMethod codeBase="C:\Users\ericcarlson\documents\github\pickles\src\Pickles.CommandLine.UnitTests\bin\Debug\net6.0\PicklesDoc.Pickles.CommandLine.UnitTests.dll" adapterTypeName="executor://nunit3testexecutor/" className="PicklesDoc.Pickles.CommandLine.UnitTests.WhenParsingCommandLineArguments" name="ThenCanParseShortFormArgumentsSuccessfully" />
    </UnitTest>
    <UnitTest name="ThenCanParseMultipleResultsFilesWithWildCard" storage="c:\users\ericcarlson\documents\github\pickles\src\pickles.commandline.unittests\bin\debug\net6.0\picklesdoc.pickles.commandline.unittests.dll" id="aa24be5e-cd32-5521-a0c2-016bf869eb6e">
      <Execution id="b2f55c60-74e1-4217-97c4-d34cd73346b1" />
      <TestMethod codeBase="C:\Users\ericcarlson\documents\github\pickles\src\Pickles.CommandLine.UnitTests\bin\Debug\net6.0\PicklesDoc.Pickles.CommandLine.UnitTests.dll" adapterTypeName="executor://nunit3testexecutor/" className="PicklesDoc.Pickles.CommandLine.UnitTests.WhenParsingCommandLineArguments" name="ThenCanParseMultipleResultsFilesWithWildCard" />
    </UnitTest>
    <UnitTest name="ThenCanParseResultsFormatWithLongFormSuccessfully(&quot;vstest&quot;,VsTest)" storage="c:\users\ericcarlson\documents\github\pickles\src\pickles.commandline.unittests\bin\debug\net6.0\picklesdoc.pickles.commandline.unittests.dll" id="0c141315-43d3-b684-eb68-acfa95ded382">
      <Execution id="b4842b50-50c2-411d-956c-5a88115efe5e" />
      <TestMethod codeBase="C:\Users\ericcarlson\documents\github\pickles\src\Pickles.CommandLine.UnitTests\bin\Debug\net6.0\PicklesDoc.Pickles.CommandLine.UnitTests.dll" adapterTypeName="executor://nunit3testexecutor/" className="PicklesDoc.Pickles.CommandLine.UnitTests.WhenParsingCommandLineArguments" name="ThenCanParseResultsFormatWithLongFormSuccessfully(&quot;vstest&quot;,VsTest)" />
    </UnitTest>
    <UnitTest name="ThenCanParseMultipleResultsFilesWithWildCardsAndSemicolonWhenSomeHaveNoMatch" storage="c:\users\ericcarlson\documents\github\pickles\src\pickles.commandline.unittests\bin\debug\net6.0\picklesdoc.pickles.commandline.unittests.dll" id="fc58252f-e76b-39d9-6323-de78122c7066">
      <Execution id="d30971c9-640e-4879-b0c7-c9dcb60ba3c9" />
      <TestMethod codeBase="C:\Users\ericcarlson\documents\github\pickles\src\Pickles.CommandLine.UnitTests\bin\Debug\net6.0\PicklesDoc.Pickles.CommandLine.UnitTests.dll" adapterTypeName="executor://nunit3testexecutor/" className="PicklesDoc.Pickles.CommandLine.UnitTests.WhenParsingCommandLineArguments" name="ThenCanParseMultipleResultsFilesWithWildCardsAndSemicolonWhenSomeHaveNoMatch" />
    </UnitTest>
    <UnitTest name="ThenCanParseResultsFormatWithLongFormSuccessfully(&quot;xunit&quot;,XUnit)" storage="c:\users\ericcarlson\documents\github\pickles\src\pickles.commandline.unittests\bin\debug\net6.0\picklesdoc.pickles.commandline.unittests.dll" id="4eb22d04-3e24-cc5d-6bfc-45857e8a3902">
      <Execution id="92e4c02c-799a-4431-930b-4420f3758526" />
      <TestMethod codeBase="C:\Users\ericcarlson\documents\github\pickles\src\Pickles.CommandLine.UnitTests\bin\Debug\net6.0\PicklesDoc.Pickles.CommandLine.UnitTests.dll" adapterTypeName="executor://nunit3testexecutor/" className="PicklesDoc.Pickles.CommandLine.UnitTests.WhenParsingCommandLineArguments" name="ThenCanParseResultsFormatWithLongFormSuccessfully(&quot;xunit&quot;,XUnit)" />
    </UnitTest>
    <UnitTest name="ThenCanParseResultsFormatWithLongFormSuccessfully(&quot;specrun&quot;,SpecRun)" storage="c:\users\ericcarlson\documents\github\pickles\src\pickles.commandline.unittests\bin\debug\net6.0\picklesdoc.pickles.commandline.unittests.dll" id="0dd479fe-4c5f-bf74-a09b-43464ada53bd">
      <Execution id="c3006577-1f90-4aa1-946a-0608860554cf" />
      <TestMethod codeBase="C:\Users\ericcarlson\documents\github\pickles\src\Pickles.CommandLine.UnitTests\bin\Debug\net6.0\PicklesDoc.Pickles.CommandLine.UnitTests.dll" adapterTypeName="executor://nunit3testexecutor/" className="PicklesDoc.Pickles.CommandLine.UnitTests.WhenParsingCommandLineArguments" name="ThenCanParseResultsFormatWithLongFormSuccessfully(&quot;specrun&quot;,SpecRun)" />
    </UnitTest>
  </TestDefinitions>
  <TestEntries>
    <TestEntry testId="515a2015-9e64-a8ba-ec33-d67af30ec048" executionId="36c108fc-4f6a-45a3-a1e1-cfb5b4a87e97" testListId="8c84fa94-04c1-424b-9868-57a2d4851a1d" />
    <TestEntry testId="1cc8f4ed-5df6-59e2-d4e5-7d9bd151e558" executionId="f6c873ec-78c6-433f-ae3f-4b1d1c01add7" testListId="8c84fa94-04c1-424b-9868-57a2d4851a1d" />
    <TestEntry testId="f22fa231-8de3-a216-58e1-8a185fe39b3a" executionId="db357557-a69c-4592-83ca-3d2f46a0626d" testListId="8c84fa94-04c1-424b-9868-57a2d4851a1d" />
    <TestEntry testId="d519a718-a5af-b718-0d02-3651b1e50e25" executionId="f2433573-3d0c-456c-bf16-b0a9ff10bea3" testListId="8c84fa94-04c1-424b-9868-57a2d4851a1d" />
    <TestEntry testId="0d69365c-4d30-3f5d-cab9-49069b201831" executionId="94c520c7-3516-4b9d-9f23-57503147916d" testListId="8c84fa94-04c1-424b-9868-57a2d4851a1d" />
    <TestEntry testId="9b95c832-12a1-dd0c-d813-9b9c55bc5be7" executionId="ddf93123-008d-40ef-bba5-a91d5f612485" testListId="8c84fa94-04c1-424b-9868-57a2d4851a1d" />
    <TestEntry testId="ac913a0e-9c8f-ad8b-7a90-e4ee62368cd3" executionId="d17fbbeb-81c6-406d-9d42-a1ec25a3dbca" testListId="8c84fa94-04c1-424b-9868-57a2d4851a1d" />
    <TestEntry testId="8e1263c8-41c8-6a86-58fa-1165bc338df7" executionId="77a05bbe-4fc4-4b42-af99-ae0010c7d186" testListId="8c84fa94-04c1-424b-9868-57a2d4851a1d" />
    <TestEntry testId="4be5947a-f14c-036a-2ea3-643296d9d2ba" executionId="c22d0d48-6ac6-4652-86f8-beda7c15a130" testListId="8c84fa94-04c1-424b-9868-57a2d4851a1d" />
    <TestEntry testId="1d892050-5fc4-1870-33c7-728b36a63ba3" executionId="d766f30a-373d-478c-87c4-c8de764d6afa" testListId="8c84fa94-04c1-424b-9868-57a2d4851a1d" />
    <TestEntry testId="aa24be5e-cd32-5521-a0c2-016bf869eb6e" executionId="b2f55c60-74e1-4217-97c4-d34cd73346b1" testListId="8c84fa94-04c1-424b-9868-57a2d4851a1d" />
    <TestEntry testId="762b97c6-0e84-7701-a4ed-7885e84d9b93" executionId="2f7cffc0-7e74-4c4e-a246-65231d5fc026" testListId="8c84fa94-04c1-424b-9868-57a2d4851a1d" />
    <TestEntry testId="6c6fa077-38de-29df-ea1d-0e7127f24864" executionId="c9cdd7cf-a061-4654-bb94-2be64016df1d" testListId="8c84fa94-04c1-424b-9868-57a2d4851a1d" />
    <TestEntry testId="d897058a-4207-e54a-a3f6-5886bf06dbba" executionId="73ed9668-f682-4a98-92a5-e394ffd49177" testListId="8c84fa94-04c1-424b-9868-57a2d4851a1d" />
    <TestEntry testId="a15b1b2c-b197-9c1b-df07-4ceaf014a074" executionId="7f40b04a-9cbc-4aca-9606-accbf0b88840" testListId="8c84fa94-04c1-424b-9868-57a2d4851a1d" />
    <TestEntry testId="4bf32c86-223f-197e-0dfd-ab5347605437" executionId="0d221056-13eb-467f-aaef-a227791dccf4" testListId="8c84fa94-04c1-424b-9868-57a2d4851a1d" />
    <TestEntry testId="a9022e46-69d3-4225-7e9f-d450c40b211a" executionId="652d3bc9-5c54-40c3-948f-f8dcd227266a" testListId="8c84fa94-04c1-424b-9868-57a2d4851a1d" />
    <TestEntry testId="882ba9fb-2b86-6e00-d8dd-78505e2a66a8" executionId="6a4c5fb7-72df-415a-b92f-20d8d112e1e3" testListId="8c84fa94-04c1-424b-9868-57a2d4851a1d" />
    <TestEntry testId="68c5df64-32c1-5ede-f890-4d40dd8a8c9f" executionId="bafc20b0-f751-481a-aae3-9bc3f8e58831" testListId="8c84fa94-04c1-424b-9868-57a2d4851a1d" />
    <TestEntry testId="4eb22d04-3e24-cc5d-6bfc-45857e8a3902" executionId="92e4c02c-799a-4431-930b-4420f3758526" testListId="8c84fa94-04c1-424b-9868-57a2d4851a1d" />
    <TestEntry testId="0dd479fe-4c5f-bf74-a09b-43464ada53bd" executionId="c3006577-1f90-4aa1-946a-0608860554cf" testListId="8c84fa94-04c1-424b-9868-57a2d4851a1d" />
    <TestEntry testId="22d85d4c-6dbb-10ab-b5a3-f3269d2438c6" executionId="bf4c1245-392f-4e83-9a4a-6fc5a6e7791e" testListId="8c84fa94-04c1-424b-9868-57a2d4851a1d" />
    <TestEntry testId="f31b08c7-de79-cc6d-4377-211c81bf0669" executionId="ff7def34-792f-4fc4-9556-af6dc6d5ec8f" testListId="8c84fa94-04c1-424b-9868-57a2d4851a1d" />
    <TestEntry testId="c63d1051-ceeb-8f03-98f3-b5dc3d4afad0" executionId="af158b76-cfac-4491-baf2-09b969703f96" testListId="8c84fa94-04c1-424b-9868-57a2d4851a1d" />
    <TestEntry testId="d59b29a7-7ca5-9d6f-00d5-a094c1d51ee9" executionId="51a35021-e55a-4fdc-9d93-bd4cd05094f1" testListId="8c84fa94-04c1-424b-9868-57a2d4851a1d" />
    <TestEntry testId="8a6da681-14e9-3512-521e-22acb0ced795" executionId="a4204bb9-b85d-4529-9a1a-d65215f03f4a" testListId="8c84fa94-04c1-424b-9868-57a2d4851a1d" />
    <TestEntry testId="71cdd67d-bb4c-4c14-28d6-e96b31d03990" executionId="1d85742d-b916-4a74-8e4d-90b0422be828" testListId="8c84fa94-04c1-424b-9868-57a2d4851a1d" />
    <TestEntry testId="fc58252f-e76b-39d9-6323-de78122c7066" executionId="d30971c9-640e-4879-b0c7-c9dcb60ba3c9" testListId="8c84fa94-04c1-424b-9868-57a2d4851a1d" />
    <TestEntry testId="98358d73-9de0-9208-fd20-9082cad2b0e0" executionId="c6f4de15-f8bf-4d20-ad76-066c0cb1274c" testListId="8c84fa94-04c1-424b-9868-57a2d4851a1d" />
    <TestEntry testId="ddd1faaa-8474-bed3-663a-443138340384" executionId="a01e9220-4f51-415b-a205-81a2fbb76a6e" testListId="8c84fa94-04c1-424b-9868-57a2d4851a1d" />
    <TestEntry testId="6db80d44-6cb8-8e13-b69b-abf2d5a5486f" executionId="b6f3bd8e-6856-484d-a97a-d005678fc10a" testListId="8c84fa94-04c1-424b-9868-57a2d4851a1d" />
    <TestEntry testId="3dd8862b-c173-46d6-efda-e3708fc7883e" executionId="1e8d5ee4-e4bf-46f4-9b38-580a198daa9f" testListId="8c84fa94-04c1-424b-9868-57a2d4851a1d" />
    <TestEntry testId="4c0d74ee-a4a4-0155-6f3c-7f63d1173421" executionId="466921a2-a5c0-4525-b2ae-9778a44aa65b" testListId="8c84fa94-04c1-424b-9868-57a2d4851a1d" />
    <TestEntry testId="74a89751-e63b-0a42-dc81-231c95fc1332" executionId="10149001-bb73-4923-8401-8d9af698d963" testListId="8c84fa94-04c1-424b-9868-57a2d4851a1d" />
    <TestEntry testId="2c5e222a-1647-8409-7866-5ad600a37681" executionId="82f12253-bc6f-4de7-a5f1-2016ad4e17e9" testListId="8c84fa94-04c1-424b-9868-57a2d4851a1d" />
    <TestEntry testId="8df7f7c3-2a09-e5a9-4b22-1b2fdcd78402" executionId="ea878a0f-787a-45b4-9761-b7c2e7a044db" testListId="8c84fa94-04c1-424b-9868-57a2d4851a1d" />
    <TestEntry testId="9660de6c-eec3-3258-2e8c-1f12b2daa4ae" executionId="3663332f-80d2-47a1-afa7-7870e9bbc2f2" testListId="8c84fa94-04c1-424b-9868-57a2d4851a1d" />
    <TestEntry testId="1f593c2d-08ac-eb3f-ea26-17c56e86051c" executionId="0405e0a8-e520-413e-b853-b74bedbd54c8" testListId="8c84fa94-04c1-424b-9868-57a2d4851a1d" />
    <TestEntry testId="4f90bc03-9c22-3cb6-996f-0ead2a3ac7ae" executionId="ef753aaa-5a65-49b4-883e-577ed1e528a3" testListId="8c84fa94-04c1-424b-9868-57a2d4851a1d" />
    <TestEntry testId="f4f1cc4a-df08-6e29-9d02-c2cb8938f99a" executionId="97a25a9c-6980-4bce-8f36-5a4abb7a3a1d" testListId="8c84fa94-04c1-424b-9868-57a2d4851a1d" />
    <TestEntry testId="eaa4848e-0559-2885-f044-c2a62f5dab86" executionId="83a6bd72-f1a6-4d3c-bc0d-eabde3aa1530" testListId="8c84fa94-04c1-424b-9868-57a2d4851a1d" />
    <TestEntry testId="a4fa417d-e95a-7a1f-a1c7-bce00a40345c" executionId="8eb2674d-7582-4fdb-8cc4-0bbd0351982d" testListId="8c84fa94-04c1-424b-9868-57a2d4851a1d" />
    <TestEntry testId="bf2e9fb1-5599-d2c0-6e19-a6a1dcbc1deb" executionId="b0edb002-c478-474d-bb66-d6a563c4f883" testListId="8c84fa94-04c1-424b-9868-57a2d4851a1d" />
    <TestEntry testId="02744fa5-6fa9-9771-a99c-b02de44495ff" executionId="360a1cd8-ea67-4a9e-a5e2-cef0233ed92f" testListId="8c84fa94-04c1-424b-9868-57a2d4851a1d" />
    <TestEntry testId="0c141315-43d3-b684-eb68-acfa95ded382" executionId="b4842b50-50c2-411d-956c-5a88115efe5e" testListId="8c84fa94-04c1-424b-9868-57a2d4851a1d" />
    <TestEntry testId="4339dc42-b5d9-a7f8-6c7c-3fbef918e3cc" executionId="35e2d7b8-7d15-43fc-9ffb-4bf36fa4fed3" testListId="8c84fa94-04c1-424b-9868-57a2d4851a1d" />
    <TestEntry testId="e78a84d4-a81c-205e-6754-5d999ade48f8" executionId="0364be17-3ea7-453e-90cf-ab9e94de2621" testListId="8c84fa94-04c1-424b-9868-57a2d4851a1d" />
    <TestEntry testId="d2c0d584-9c1d-862e-90aa-b91d6e3fa4c7" executionId="38fbb877-cd76-4cc9-9a77-e48ab1f5b534" testListId="8c84fa94-04c1-424b-9868-57a2d4851a1d" />
  </TestEntries>
  <TestLists>
    <TestList name="Results Not in a List" id="8c84fa94-04c1-424b-9868-57a2d4851a1d" />
    <TestList name="All Loaded Results" id="19431567-8539-422a-85d7-44ee4e166bda" />
  </TestLists>
  <ResultSummary outcome="Completed">
    <Counters total="48" executed="48" passed="48" failed="0" error="0" timeout="0" aborted="0" inconclusive="0" passedButRunAborted="0" notRunnable="0" notExecuted="0" disconnected="0" warning="0" completed="0" inProgress="0" pending="0" />
    <Output>
      <StdOut>NUnit Adapter 3.17.0.0: Test execution started&#xD;
Running all tests in C:\Users\ericcarlson\documents\github\pickles\src\Pickles.CommandLine.UnitTests\bin\Debug\net6.0\PicklesDoc.Pickles.CommandLine.UnitTests.dll&#xD;
   NUnit3TestExecutor discovered 48 of 48 NUnit test cases&#xD;
NUnit Adapter 3.17.0.0: Test execution complete&#xD;
</StdOut>
    </Output>
  </ResultSummary>
</TestRun>