<?xml version="1.0" encoding="utf-8"?>
<TestRun id="41b41f3d-87f3-42ce-9d50-0da9ac7ffa85" name="ericcarlson@ERICCARLSONBBE6 2022-11-23 12:19:35" runUser="ERICCARLSONBBE6\ericcarlson" xmlns="http://microsoft.com/schemas/VisualStudio/TeamTest/2010">
  <Times creation="2022-11-23T12:19:35.7976150-05:00" queuing="2022-11-23T12:19:35.7976156-05:00" start="2022-11-23T12:19:30.2748388-05:00" finish="2022-11-23T12:19:36.3597150-05:00" />
  <TestSettings name="default" id="b9123953-51ba-4592-b1d7-23991b5de5ec">
    <Deployment runDeploymentRoot="ericcarlson_ERICCARLSONBBE6_2022-11-23_12_19_35" />
  </TestSettings>
  <Results>
    <UnitTestResult executionId="f9a334ac-071a-4dd2-8e52-80f4ef9d3ec2" testId="c946a4f0-440c-29d7-29e0-2380f4f3cc86" testName="ThenCanFormatScenarioWithMissingExampleCorrectly" computerName="ERICCARLSONBBE6" duration="00:00:00.0091910" startTime="2022-11-23T12:19:36.2510598-05:00" endTime="2022-11-23T12:19:36.2602506-05:00" testType="13cdc9d9-ddb5-4fa4-a97d-d965ccfc6d4b" outcome="Passed" testListId="8c84fa94-04c1-424b-9868-57a2d4851a1d" relativeResultsDirectory="f9a334ac-071a-4dd2-8e52-80f4ef9d3ec2" />
    <UnitTestResult executionId="d9ffd9b6-2703-4580-99e6-1b835307f188" testId="7ac5016c-fe33-4cff-6cbb-f8d264ca8b85" testName="MarkdownTablesShouldBeFormattedAsHTMLTables" computerName="ERICCARLSONBBE6" duration="00:00:00.0036480" startTime="2022-11-23T12:19:35.7563957-05:00" endTime="2022-11-23T12:19:35.7600438-05:00" testType="13cdc9d9-ddb5-4fa4-a97d-d965ccfc6d4b" outcome="Passed" testListId="8c84fa94-04c1-424b-9868-57a2d4851a1d" relativeResultsDirectory="d9ffd9b6-2703-4580-99e6-1b835307f188">
      <Output>
        <StdOut>Given I have this feature description&#xD;
  --- multiline step argument ---&#xD;
  In order to see the description as nice HTML&#xD;
  As a Pickles user&#xD;
  I want to see the descriptions written in markdown rendered with tables&#xD;
  &#xD;
  | Table Header 1 | Table Header 2 |&#xD;
  | -------------- | -------------- |&#xD;
  | Cell value 1   | Cell value 2   |&#xD;
  | Cell value 3   |                |&#xD;
  | Cell value 4   | Cell value 5   |&#xD;
-&gt; done: StepDefinitions.GivenIHaveThisFeatureDescription("In order to see t...") (0.0s)&#xD;
When I generate the documentation&#xD;
-&gt; done: StepDefinitions.WhenIGenerateTheDocumentation() (0.0s)&#xD;
Then the result should be&#xD;
  --- multiline step argument ---&#xD;
  &lt;div id="feature"&gt;&#xD;
    &lt;h1&gt;a feature&lt;/h1&gt;&#xD;
    &lt;div class="description"&gt;&#xD;
      &lt;p&gt;In order to see the description as nice HTML&#xD;
  As a Pickles user&#xD;
  I want to see the descriptions written in markdown rendered with tables&lt;/p&gt;&#xD;
      &lt;table&gt;&#xD;
        &lt;thead&gt;&#xD;
          &lt;tr&gt;&#xD;
            &lt;th&gt;Table Header 1&lt;/th&gt;&#xD;
            &lt;th&gt;Table Header 2&lt;/th&gt;&#xD;
          &lt;/tr&gt;&#xD;
        &lt;/thead&gt;&#xD;
        &lt;tbody&gt;&#xD;
          &lt;tr&gt;&#xD;
            &lt;td&gt;Cell value 1&lt;/td&gt;&#xD;
            &lt;td&gt;Cell value 2&lt;/td&gt;&#xD;
          &lt;/tr&gt;&#xD;
          &lt;tr&gt;&#xD;
            &lt;td&gt;Cell value 3&lt;/td&gt;&#xD;
            &lt;td&gt;&lt;/td&gt;&#xD;
          &lt;/tr&gt;&#xD;
          &lt;tr&gt;&#xD;
            &lt;td&gt;Cell value 4&lt;/td&gt;&#xD;
            &lt;td&gt;Cell value 5&lt;/td&gt;&#xD;
          &lt;/tr&gt;&#xD;
        &lt;/tbody&gt;&#xD;
      &lt;/table&gt;&#xD;
    &lt;/div&gt;&#xD;
    &lt;ul id="scenarios" /&gt;&#xD;
  &lt;/div&gt;&#xD;
-&gt; done: StepDefinitions.ThenTheResultShouldBe("&lt;div id="feature"...") (0.0s)</StdOut>
      </Output>
    </UnitTestResult>
    <UnitTestResult executionId="ee1d2989-82a4-4127-885e-52ef8ed8842b" testId="2dafa7b4-c7d4-6e6b-c792-4ef75d362dd8" testName="DescriptionWithImageShouldRenderCorrectly" computerName="ERICCARLSONBBE6" duration="00:00:00.2409650" startTime="2022-11-23T12:19:35.7647454-05:00" endTime="2022-11-23T12:19:36.0057107-05:00" testType="13cdc9d9-ddb5-4fa4-a97d-d965ccfc6d4b" outcome="Passed" testListId="8c84fa94-04c1-424b-9868-57a2d4851a1d" relativeResultsDirectory="ee1d2989-82a4-4127-885e-52ef8ed8842b">
      <Output>
        <StdOut>Given I have this feature description&#xD;
  --- multiline step argument ---&#xD;
  Including a picture: ![](./image.png)&#xD;
-&gt; done: StepDefinitions.GivenIHaveThisFeatureDescription("Including a pictu...") (0.0s)&#xD;
When I generate the documentation&#xD;
-&gt; done: StepDefinitions.WhenIGenerateTheDocumentation() (0.2s)&#xD;
Then the result should be&#xD;
  --- multiline step argument ---&#xD;
  &lt;div id="feature"&gt;&#xD;
    &lt;h1&gt;a feature&lt;/h1&gt;&#xD;
    &lt;div class="description"&gt;&#xD;
      &lt;p&gt;Including a picture: &lt;img src="./image.png" alt="" /&gt;&lt;/p&gt;&#xD;
    &lt;/div&gt;&#xD;
    &lt;ul id="scenarios" /&gt;&#xD;
  &lt;/div&gt;&#xD;
-&gt; done: StepDefinitions.ThenTheResultShouldBe("&lt;div id="feature"...") (0.0s)</StdOut>
      </Output>
    </UnitTestResult>
    <UnitTestResult executionId="d101a2d5-ebf8-4476-98a6-466130267155" testId="b386585d-f938-b051-f06a-722958237108" testName="ThenCanFormatMarkdownTableExtensionsEvenIfTheyAreSomewhatMalstructured" computerName="ERICCARLSONBBE6" duration="00:00:00.0010150" startTime="2022-11-23T12:19:36.1557627-05:00" endTime="2022-11-23T12:19:36.1567782-05:00" testType="13cdc9d9-ddb5-4fa4-a97d-d965ccfc6d4b" outcome="Passed" testListId="8c84fa94-04c1-424b-9868-57a2d4851a1d" relativeResultsDirectory="d101a2d5-ebf8-4476-98a6-466130267155" />
    <UnitTestResult executionId="1ddd260e-17ee-4735-b3f6-40a529485061" testId="0f8c6b0a-ae71-de83-eaf5-82ca2a60e460" testName="DescriptionWithImageWithExtraAttributesShouldRenderCorrectly" computerName="ERICCARLSONBBE6" duration="00:00:00.0144660" startTime="2022-11-23T12:19:36.0133946-05:00" endTime="2022-11-23T12:19:36.0278614-05:00" testType="13cdc9d9-ddb5-4fa4-a97d-d965ccfc6d4b" outcome="Passed" testListId="8c84fa94-04c1-424b-9868-57a2d4851a1d" relativeResultsDirectory="1ddd260e-17ee-4735-b3f6-40a529485061">
      <Output>
        <StdOut>Given I have this feature description&#xD;
  --- multiline step argument ---&#xD;
  Including a picture: ![alt text](./image.png "Image Title")&#xD;
-&gt; done: StepDefinitions.GivenIHaveThisFeatureDescription("Including a pictu...") (0.0s)&#xD;
When I generate the documentation&#xD;
-&gt; done: StepDefinitions.WhenIGenerateTheDocumentation() (0.0s)&#xD;
Then the result should be&#xD;
  --- multiline step argument ---&#xD;
  &lt;div id="feature"&gt;&#xD;
    &lt;h1&gt;a feature&lt;/h1&gt;&#xD;
    &lt;div class="description"&gt;&#xD;
      &lt;p&gt;Including a picture: &lt;img src="./image.png" alt="alt text" title="Image Title" /&gt;&lt;/p&gt;&#xD;
    &lt;/div&gt;&#xD;
    &lt;ul id="scenarios" /&gt;&#xD;
  &lt;/div&gt;&#xD;
-&gt; done: StepDefinitions.ThenTheResultShouldBe("&lt;div id="feature"...") (0.0s)</StdOut>
      </Output>
    </UnitTestResult>
    <UnitTestResult executionId="71b8db63-2d53-4976-a506-21628826f773" testId="040ce861-3db1-bc3a-5151-d0eaa9f58fd0" testName="Simple_steps_are_formatted_as_list_items" computerName="ERICCARLSONBBE6" duration="00:00:00.0008820" startTime="2022-11-23T12:19:36.2734755-05:00" endTime="2022-11-23T12:19:36.2743571-05:00" testType="13cdc9d9-ddb5-4fa4-a97d-d965ccfc6d4b" outcome="Passed" testListId="8c84fa94-04c1-424b-9868-57a2d4851a1d" relativeResultsDirectory="71b8db63-2d53-4976-a506-21628826f773" />
    <UnitTestResult executionId="e827f4bf-725a-4a00-a9ae-6ba9192ef298" testId="1b8ab176-c36b-30cb-96b6-9c88a1107583" testName="ThenCanRenderTags" computerName="ERICCARLSONBBE6" duration="00:00:00.0016570" startTime="2022-11-23T12:19:36.2638526-05:00" endTime="2022-11-23T12:19:36.2655096-05:00" testType="13cdc9d9-ddb5-4fa4-a97d-d965ccfc6d4b" outcome="Passed" testListId="8c84fa94-04c1-424b-9868-57a2d4851a1d" relativeResultsDirectory="e827f4bf-725a-4a00-a9ae-6ba9192ef298" />
    <UnitTestResult executionId="24dd5589-1cec-4459-8a02-db7afdbbc584" testId="918cf8f8-6f7d-a1c7-d5f3-ae7d22e1fc4b" testName="Comments_are_displayed_above_their_related_step" computerName="ERICCARLSONBBE6" duration="00:00:00.0009710" startTime="2022-11-23T12:19:36.2704494-05:00" endTime="2022-11-23T12:19:36.2714203-05:00" testType="13cdc9d9-ddb5-4fa4-a97d-d965ccfc6d4b" outcome="Passed" testListId="8c84fa94-04c1-424b-9868-57a2d4851a1d" relativeResultsDirectory="24dd5589-1cec-4459-8a02-db7afdbbc584" />
    <UnitTestResult executionId="578132b6-c7eb-4f1b-8fb3-437806d8e929" testId="b3ec2790-be6f-f1ef-1928-97a01f966eb1" testName="ThenCanFormatScenarioWithMissingDescriptionCorrectly" computerName="ERICCARLSONBBE6" duration="00:00:00.0014480" startTime="2022-11-23T12:19:36.2495807-05:00" endTime="2022-11-23T12:19:36.2510289-05:00" testType="13cdc9d9-ddb5-4fa4-a97d-d965ccfc6d4b" outcome="Passed" testListId="8c84fa94-04c1-424b-9868-57a2d4851a1d" relativeResultsDirectory="578132b6-c7eb-4f1b-8fb3-437806d8e929" />
    <UnitTestResult executionId="9aded659-278b-4a23-85aa-b8ab055aba3f" testId="56b39fb1-2c90-d86e-0a60-ea1da22d0bdb" testName="ThenCanFormatNullTableSuccessfully" computerName="ERICCARLSONBBE6" duration="00:00:00.0009230" startTime="2022-11-23T12:19:36.2811620-05:00" endTime="2022-11-23T12:19:36.2820846-05:00" testType="13cdc9d9-ddb5-4fa4-a97d-d965ccfc6d4b" outcome="Passed" testListId="8c84fa94-04c1-424b-9868-57a2d4851a1d" relativeResultsDirectory="9aded659-278b-4a23-85aa-b8ab055aba3f" />
    <UnitTestResult executionId="2f30b3ca-452c-4fd3-b7f4-2603613212a3" testId="79b6198d-8eac-ee8a-99fa-163c77e49ccc" testName="FeatureTagsAreAddedToScenarioTags" computerName="ERICCARLSONBBE6" duration="00:00:00.0018600" startTime="2022-11-23T12:19:36.2308602-05:00" endTime="2022-11-23T12:19:36.2327200-05:00" testType="13cdc9d9-ddb5-4fa4-a97d-d965ccfc6d4b" outcome="Passed" testListId="8c84fa94-04c1-424b-9868-57a2d4851a1d" relativeResultsDirectory="2f30b3ca-452c-4fd3-b7f4-2603613212a3" />
    <UnitTestResult executionId="e2140f99-ee4f-4de7-bd89-6952835155b9" testId="9dce075a-681f-a0f1-3507-01804a196153" testName="ThenCanFormatScenarioWithMissingTableFromExampleCorrectly" computerName="ERICCARLSONBBE6" duration="00:00:00.0017220" startTime="2022-11-23T12:19:36.2619404-05:00" endTime="2022-11-23T12:19:36.2636621-05:00" testType="13cdc9d9-ddb5-4fa4-a97d-d965ccfc6d4b" outcome="Passed" testListId="8c84fa94-04c1-424b-9868-57a2d4851a1d" relativeResultsDirectory="e2140f99-ee4f-4de7-bd89-6952835155b9" />
    <UnitTestResult executionId="aa4ad581-9ea8-4c6e-9ddc-31a701d2100f" testId="eedbc798-6ce7-3b4c-392c-89fb084d9898" testName="Comments_after_the_last_step_are_displayed" computerName="ERICCARLSONBBE6" duration="00:00:00.0016090" startTime="2022-11-23T12:19:36.2688090-05:00" endTime="2022-11-23T12:19:36.2704179-05:00" testType="13cdc9d9-ddb5-4fa4-a97d-d965ccfc6d4b" outcome="Passed" testListId="8c84fa94-04c1-424b-9868-57a2d4851a1d" relativeResultsDirectory="aa4ad581-9ea8-4c6e-9ddc-31a701d2100f" />
    <UnitTestResult executionId="e4114900-8bc8-4b91-87ca-1b4de33e68be" testId="24860c7b-1813-b54a-7af2-4521ce835091" testName="ThenShouldLocalizeExamplesKeyword" computerName="ERICCARLSONBBE6" duration="00:00:00.0671009" startTime="2022-11-23T12:19:36.1579393-05:00" endTime="2022-11-23T12:19:36.2250401-05:00" testType="13cdc9d9-ddb5-4fa4-a97d-d965ccfc6d4b" outcome="Passed" testListId="8c84fa94-04c1-424b-9868-57a2d4851a1d" relativeResultsDirectory="e4114900-8bc8-4b91-87ca-1b4de33e68be" />
    <UnitTestResult executionId="760dab4d-3718-4fad-b383-28891496bb23" testId="8b1ca603-b44e-4178-090a-6171855f0a30" testName="SomewhatMalformedMarkdownTablesShouldBeFormattedAsHTMLTablesAsWell" computerName="ERICCARLSONBBE6" duration="00:00:00.0016550" startTime="2022-11-23T12:19:35.7600636-05:00" endTime="2022-11-23T12:19:35.7617185-05:00" testType="13cdc9d9-ddb5-4fa4-a97d-d965ccfc6d4b" outcome="Passed" testListId="8c84fa94-04c1-424b-9868-57a2d4851a1d" relativeResultsDirectory="760dab4d-3718-4fad-b383-28891496bb23">
      <Output>
        <StdOut>Given I have this feature description&#xD;
  --- multiline step argument ---&#xD;
  In order to see the description as nice HTML&#xD;
  As a Pickles user&#xD;
  I want to see the descriptions written in markdown rendered with tables&#xD;
  &#xD;
  | Table Header 1 | Table Header 2                         |&#xD;
  | -------------- | -------------------------------------- |&#xD;
  | Cell value 1   | Cell value 2                           |&#xD;
  | Cell value 3     Note the missing column delimiter here |&#xD;
  | Cell value 4   | Cell value 5                           |&#xD;
-&gt; done: StepDefinitions.GivenIHaveThisFeatureDescription("In order to see t...") (0.0s)&#xD;
When I generate the documentation&#xD;
-&gt; done: StepDefinitions.WhenIGenerateTheDocumentation() (0.0s)&#xD;
Then the result should be&#xD;
  --- multiline step argument ---&#xD;
  &lt;div id="feature"&gt;&#xD;
    &lt;h1&gt;a feature&lt;/h1&gt;&#xD;
    &lt;div class="description"&gt;&#xD;
      &lt;p&gt;In order to see the description as nice HTML&#xD;
  As a Pickles user&#xD;
  I want to see the descriptions written in markdown rendered with tables&lt;/p&gt;&#xD;
      &lt;table&gt;&#xD;
        &lt;thead&gt;&#xD;
          &lt;tr&gt;&#xD;
            &lt;th&gt;Table Header 1&lt;/th&gt;&#xD;
            &lt;th&gt;Table Header 2&lt;/th&gt;&#xD;
          &lt;/tr&gt;&#xD;
        &lt;/thead&gt;&#xD;
        &lt;tbody&gt;&#xD;
          &lt;tr&gt;&#xD;
            &lt;td&gt;Cell value 1&lt;/td&gt;&#xD;
            &lt;td&gt;Cell value 2&lt;/td&gt;&#xD;
          &lt;/tr&gt;&#xD;
          &lt;tr&gt;&#xD;
            &lt;td&gt;Cell value 3     Note the missing column delimiter here&lt;/td&gt;&#xD;
            &lt;td&gt;&lt;/td&gt;&#xD;
          &lt;/tr&gt;&#xD;
          &lt;tr&gt;&#xD;
            &lt;td&gt;Cell value 4&lt;/td&gt;&#xD;
            &lt;td&gt;Cell value 5&lt;/td&gt;&#xD;
          &lt;/tr&gt;&#xD;
        &lt;/tbody&gt;&#xD;
      &lt;/table&gt;&#xD;
    &lt;/div&gt;&#xD;
    &lt;ul id="scenarios" /&gt;&#xD;
  &lt;/div&gt;&#xD;
-&gt; done: StepDefinitions.ThenTheResultShouldBe("&lt;div id="feature"...") (0.0s)</StdOut>
      </Output>
    </UnitTestResult>
    <UnitTestResult executionId="1bb18e63-ef23-43ef-b7ec-ec446e8789ec" testId="796f49b7-3a42-db9e-15d1-dc4270da8d0d" testName="Multiline_comments_are_displayed_in_the_same_element" computerName="ERICCARLSONBBE6" duration="00:00:00.0009990" startTime="2022-11-23T12:19:36.2714492-05:00" endTime="2022-11-23T12:19:36.2724477-05:00" testType="13cdc9d9-ddb5-4fa4-a97d-d965ccfc6d4b" outcome="Passed" testListId="8c84fa94-04c1-424b-9868-57a2d4851a1d" relativeResultsDirectory="1bb18e63-ef23-43ef-b7ec-ec446e8789ec" />
    <UnitTestResult executionId="2a72b13e-817e-413b-a71f-44f5523bb0a1" testId="2f5a7c6a-6521-5330-5ab9-92ebf93c04bb" testName="ThenCanFormatCompleteScenarioCorrectly" computerName="ERICCARLSONBBE6" duration="00:00:00.0125700" startTime="2022-11-23T12:19:36.2369681-05:00" endTime="2022-11-23T12:19:36.2495385-05:00" testType="13cdc9d9-ddb5-4fa4-a97d-d965ccfc6d4b" outcome="Passed" testListId="8c84fa94-04c1-424b-9868-57a2d4851a1d" relativeResultsDirectory="2a72b13e-817e-413b-a71f-44f5523bb0a1" />
    <UnitTestResult executionId="fb0f5d48-39ba-45ac-bd76-2ad2ac4876a9" testId="350d626d-9919-e1ff-7b14-b8ce24c122f0" testName="DescriptionShouldBeFormattedAsMarkdown" computerName="ERICCARLSONBBE6" duration="00:00:01.7096400" startTime="2022-11-23T12:19:34.0452839-05:00" endTime="2022-11-23T12:19:35.7548309-05:00" testType="13cdc9d9-ddb5-4fa4-a97d-d965ccfc6d4b" outcome="Passed" testListId="8c84fa94-04c1-424b-9868-57a2d4851a1d" relativeResultsDirectory="fb0f5d48-39ba-45ac-bd76-2ad2ac4876a9">
      <Output>
        <StdOut>Given I have this feature description&#xD;
  --- multiline step argument ---&#xD;
  In order to see the description as nice HTML&#xD;
  As a Pickles user&#xD;
  I want to see the descriptions written in markdown rendered as HTML&#xD;
  &#xD;
  Introduction&#xD;
  ============&#xD;
  &#xD;
  This feature should have some markdown elements that get displayed properly&#xD;
  &#xD;
  Context&#xD;
  -------&#xD;
  &#xD;
  &gt; I really like blockquotes to describe&#xD;
  &gt; to describe text&#xD;
  &#xD;
  I also enjoy using lists as well, here are the reasons&#xD;
  &#xD;
  - Lists are easy to read&#xD;
  - Lists make my life easier&#xD;
  &#xD;
  I also enjoy ordering things&#xD;
  &#xD;
  1. This is the first reason&#xD;
  2. This is the second reason&#xD;
-&gt; done: StepDefinitions.GivenIHaveThisFeatureDescription("In order to see t...") (0.0s)&#xD;
When I generate the documentation&#xD;
-&gt; done: StepDefinitions.WhenIGenerateTheDocumentation() (0.1s)&#xD;
Then the result should be&#xD;
  --- multiline step argument ---&#xD;
  &lt;div id="feature"&gt;&#xD;
    &lt;h1&gt;a feature&lt;/h1&gt;&#xD;
    &lt;div class="description"&gt;&#xD;
      &lt;p&gt;In order to see the description as nice HTML&#xD;
  As a Pickles user&#xD;
  I want to see the descriptions written in markdown rendered as HTML&lt;/p&gt;&#xD;
      &lt;h1&gt;Introduction&lt;/h1&gt;&#xD;
      &lt;p&gt;This feature should have some markdown elements that get displayed properly&lt;/p&gt;&#xD;
      &lt;h2&gt;Context&lt;/h2&gt;&#xD;
      &lt;blockquote&gt;&#xD;
        &lt;p&gt;I really like blockquotes to describe&#xD;
  to describe text&lt;/p&gt;&#xD;
      &lt;/blockquote&gt;&#xD;
      &lt;p&gt;I also enjoy using lists as well, here are the reasons&lt;/p&gt;&#xD;
      &lt;ul&gt;&#xD;
        &lt;li&gt;Lists are easy to read&lt;/li&gt;&#xD;
        &lt;li&gt;Lists make my life easier&lt;/li&gt;&#xD;
      &lt;/ul&gt;&#xD;
      &lt;p&gt;I also enjoy ordering things&lt;/p&gt;&#xD;
      &lt;ol&gt;&#xD;
        &lt;li&gt;This is the first reason&lt;/li&gt;&#xD;
        &lt;li&gt;This is the second reason&lt;/li&gt;&#xD;
      &lt;/ol&gt;&#xD;
    &lt;/div&gt;&#xD;
    &lt;ul id="scenarios" /&gt;&#xD;
  &lt;/div&gt;&#xD;
-&gt; done: StepDefinitions.ThenTheResultShouldBe("&lt;div id="feature"...") (0.1s)</StdOut>
      </Output>
    </UnitTestResult>
    <UnitTestResult executionId="e1f44d30-82f5-42d6-bb80-94e25ff2858e" testId="33f0753a-3e1f-1038-a755-bae465e6ef26" testName="NoTags" computerName="ERICCARLSONBBE6" duration="00:00:00.0011329" startTime="2022-11-23T12:19:36.2327356-05:00" endTime="2022-11-23T12:19:36.2338688-05:00" testType="13cdc9d9-ddb5-4fa4-a97d-d965ccfc6d4b" outcome="Passed" testListId="8c84fa94-04c1-424b-9868-57a2d4851a1d" relativeResultsDirectory="e1f44d30-82f5-42d6-bb80-94e25ff2858e" />
    <UnitTestResult executionId="adb0ad72-c184-4ae3-9d91-ccdf511d093a" testId="cd414111-c12c-30de-a8ff-df3230f15f41" testName="ThenCanFormatNullMultilineStringSuccessfully" computerName="ERICCARLSONBBE6" duration="00:00:00.0008080" startTime="2022-11-23T12:19:36.2291469-05:00" endTime="2022-11-23T12:19:36.2299552-05:00" testType="13cdc9d9-ddb5-4fa4-a97d-d965ccfc6d4b" outcome="Passed" testListId="8c84fa94-04c1-424b-9868-57a2d4851a1d" relativeResultsDirectory="adb0ad72-c184-4ae3-9d91-ccdf511d093a" />
    <UnitTestResult executionId="c96502a9-bee6-4aa4-83be-491cdbbb0288" testId="ce052cff-935c-d43b-e9c8-4e93e9f003cd" testName="Multiline_strings_are_formatted_as_list_items_with_pre_elements_formatted_as_code_internal" computerName="ERICCARLSONBBE6" duration="00:00:00.0009700" startTime="2022-11-23T12:19:36.2724765-05:00" endTime="2022-11-23T12:19:36.2734460-05:00" testType="13cdc9d9-ddb5-4fa4-a97d-d965ccfc6d4b" outcome="Passed" testListId="8c84fa94-04c1-424b-9868-57a2d4851a1d" relativeResultsDirectory="c96502a9-bee6-4aa4-83be-491cdbbb0288" />
    <UnitTestResult executionId="d91edc8f-e15c-4dcd-bb21-2d00b9249f47" testId="052570fd-ad65-bf0e-f545-55733284e59c" testName="ShouldRenderHrAsClosed" computerName="ERICCARLSONBBE6" duration="00:00:00.0053760" startTime="2022-11-23T12:19:36.0389720-05:00" endTime="2022-11-23T12:19:36.0443482-05:00" testType="13cdc9d9-ddb5-4fa4-a97d-d965ccfc6d4b" outcome="Passed" testListId="8c84fa94-04c1-424b-9868-57a2d4851a1d" relativeResultsDirectory="d91edc8f-e15c-4dcd-bb21-2d00b9249f47" />
    <UnitTestResult executionId="654f2790-9ff5-42ad-9b88-3393a9d84d50" testId="646034e9-b341-deb0-2537-c8a8b144fecd" testName="ThenCanFormatScenarioWithMissingNameCorrectly" computerName="ERICCARLSONBBE6" duration="00:00:00.0015920" startTime="2022-11-23T12:19:36.2602965-05:00" endTime="2022-11-23T12:19:36.2618879-05:00" testType="13cdc9d9-ddb5-4fa4-a97d-d965ccfc6d4b" outcome="Passed" testListId="8c84fa94-04c1-424b-9868-57a2d4851a1d" relativeResultsDirectory="654f2790-9ff5-42ad-9b88-3393a9d84d50" />
    <UnitTestResult executionId="c004ae4e-a949-47c3-9a51-8dc091970aaa" testId="a3f0acb0-1d7a-00ec-600c-f232b83f2801" testName="ThenCanFormatNormalMultilineStringSuccessfully" computerName="ERICCARLSONBBE6" duration="00:00:00.0004950" startTime="2022-11-23T12:19:36.2286207-05:00" endTime="2022-11-23T12:19:36.2291158-05:00" testType="13cdc9d9-ddb5-4fa4-a97d-d965ccfc6d4b" outcome="Passed" testListId="8c84fa94-04c1-424b-9868-57a2d4851a1d" relativeResultsDirectory="c004ae4e-a949-47c3-9a51-8dc091970aaa" />
    <UnitTestResult executionId="91a74db8-f655-43cb-908b-9cc4ec2ae3b8" testId="e52f3b1c-1b3c-42b1-713f-769797285fb1" testName="ThenCanFormatMarkdownTableExtensions" computerName="ERICCARLSONBBE6" duration="00:00:00.0011740" startTime="2022-11-23T12:19:36.1545613-05:00" endTime="2022-11-23T12:19:36.1557349-05:00" testType="13cdc9d9-ddb5-4fa4-a97d-d965ccfc6d4b" outcome="Passed" testListId="8c84fa94-04c1-424b-9868-57a2d4851a1d" relativeResultsDirectory="91a74db8-f655-43cb-908b-9cc4ec2ae3b8" />
    <UnitTestResult executionId="d9a239e3-04c2-4253-a5ab-23a6d60161b2" testId="6cfb4e14-c3c5-c283-c05b-a1f0537d9edc" testName="Steps_get_selected_Language" computerName="ERICCARLSONBBE6" duration="00:00:00.0008640" startTime="2022-11-23T12:19:36.2743854-05:00" endTime="2022-11-23T12:19:36.2752492-05:00" testType="13cdc9d9-ddb5-4fa4-a97d-d965ccfc6d4b" outcome="Passed" testListId="8c84fa94-04c1-424b-9868-57a2d4851a1d" relativeResultsDirectory="d9a239e3-04c2-4253-a5ab-23a6d60161b2" />
    <UnitTestResult executionId="14368057-25f3-4953-a33c-8b3a2da414d7" testId="cea46ab5-a417-696a-1808-76dcba2c0c6f" testName="TagsAreRenderedAlphabetically" computerName="ERICCARLSONBBE6" duration="00:00:00.0019020" startTime="2022-11-23T12:19:36.2339044-05:00" endTime="2022-11-23T12:19:36.2358060-05:00" testType="13cdc9d9-ddb5-4fa4-a97d-d965ccfc6d4b" outcome="Passed" testListId="8c84fa94-04c1-424b-9868-57a2d4851a1d" relativeResultsDirectory="14368057-25f3-4953-a33c-8b3a2da414d7" />
    <UnitTestResult executionId="4e4dab80-972c-4779-ab59-3bb01af5cf0d" testId="5b218172-baab-78a2-5eea-7f97dd1408ea" testName="ThenCanFormatNormalTableSuccessfully" computerName="ERICCARLSONBBE6" duration="00:00:00.0036450" startTime="2022-11-23T12:19:36.2774756-05:00" endTime="2022-11-23T12:19:36.2811204-05:00" testType="13cdc9d9-ddb5-4fa4-a97d-d965ccfc6d4b" outcome="Passed" testListId="8c84fa94-04c1-424b-9868-57a2d4851a1d" relativeResultsDirectory="4e4dab80-972c-4779-ab59-3bb01af5cf0d" />
    <UnitTestResult executionId="4be4e623-8652-4b98-bc29-bdb75e59618f" testId="dbca7286-1920-ac61-d71a-e9333d72b24f" testName="Tables_are_formatted_as_list_items_with_tables_internal" computerName="ERICCARLSONBBE6" duration="00:00:00.0012340" startTime="2022-11-23T12:19:36.2754188-05:00" endTime="2022-11-23T12:19:36.2766530-05:00" testType="13cdc9d9-ddb5-4fa4-a97d-d965ccfc6d4b" outcome="Passed" testListId="8c84fa94-04c1-424b-9868-57a2d4851a1d" relativeResultsDirectory="4be4e623-8652-4b98-bc29-bdb75e59618f" />
    <UnitTestResult executionId="63d15199-8fa9-4fab-8c36-61caf160e34b" testId="d5ba5cb7-42ad-070e-0239-910f6b492b3c" testName="ThenCanFormatDescriptionAsMarkdown" computerName="ERICCARLSONBBE6" duration="00:00:00.0216870" startTime="2022-11-23T12:19:36.1328342-05:00" endTime="2022-11-23T12:19:36.1545216-05:00" testType="13cdc9d9-ddb5-4fa4-a97d-d965ccfc6d4b" outcome="Passed" testListId="8c84fa94-04c1-424b-9868-57a2d4851a1d" relativeResultsDirectory="63d15199-8fa9-4fab-8c36-61caf160e34b" />
  </Results>
  <TestDefinitions>
    <UnitTest name="DescriptionShouldBeFormattedAsMarkdown" storage="c:\users\ericcarlson\documents\github\pickles\src\pickles.documentationbuilders.html.unittests\bin\debug\net6.0\picklesdoc.pickles.documentationbuilders.html.unittests.dll" id="350d626d-9919-e1ff-7b14-b8ce24c122f0">
      <Execution id="fb0f5d48-39ba-45ac-bd76-2ad2ac4876a9" />
      <TestMethod codeBase="C:\Users\ericcarlson\documents\github\pickles\src\Pickles.DocumentationBuilders.Html.UnitTests\bin\Debug\net6.0\PicklesDoc.Pickles.DocumentationBuilders.Html.UnitTests.dll" adapterTypeName="executor://nunit3testexecutor/" className="PicklesDoc.Pickles.DocumentationBuilders.Html.UnitTests.FormattingAFeatureFeature" name="DescriptionShouldBeFormattedAsMarkdown" />
    </UnitTest>
    <UnitTest name="ThenCanFormatNullMultilineStringSuccessfully" storage="c:\users\ericcarlson\documents\github\pickles\src\pickles.documentationbuilders.html.unittests\bin\debug\net6.0\picklesdoc.pickles.documentationbuilders.html.unittests.dll" id="cd414111-c12c-30de-a8ff-df3230f15f41">
      <Execution id="adb0ad72-c184-4ae3-9d91-ccdf511d093a" />
      <TestMethod codeBase="C:\Users\ericcarlson\documents\github\pickles\src\Pickles.DocumentationBuilders.Html.UnitTests\bin\Debug\net6.0\PicklesDoc.Pickles.DocumentationBuilders.Html.UnitTests.dll" adapterTypeName="executor://nunit3testexecutor/" className="PicklesDoc.Pickles.DocumentationBuilders.Html.UnitTests.WhenFormattingMultilineStrings" name="ThenCanFormatNullMultilineStringSuccessfully" />
    </UnitTest>
    <UnitTest name="ThenCanFormatMarkdownTableExtensionsEvenIfTheyAreSomewhatMalstructured" storage="c:\users\ericcarlson\documents\github\pickles\src\pickles.documentationbuilders.html.unittests\bin\debug\net6.0\picklesdoc.pickles.documentationbuilders.html.unittests.dll" id="b386585d-f938-b051-f06a-722958237108">
      <Execution id="d101a2d5-ebf8-4476-98a6-466130267155" />
      <TestMethod codeBase="C:\Users\ericcarlson\documents\github\pickles\src\Pickles.DocumentationBuilders.Html.UnitTests\bin\Debug\net6.0\PicklesDoc.Pickles.DocumentationBuilders.Html.UnitTests.dll" adapterTypeName="executor://nunit3testexecutor/" className="PicklesDoc.Pickles.DocumentationBuilders.Html.UnitTests.WhenFormattingFeatures" name="ThenCanFormatMarkdownTableExtensionsEvenIfTheyAreSomewhatMalstructured" />
    </UnitTest>
    <UnitTest name="Comments_are_displayed_above_their_related_step" storage="c:\users\ericcarlson\documents\github\pickles\src\pickles.documentationbuilders.html.unittests\bin\debug\net6.0\picklesdoc.pickles.documentationbuilders.html.unittests.dll" id="918cf8f8-6f7d-a1c7-d5f3-ae7d22e1fc4b">
      <Execution id="24dd5589-1cec-4459-8a02-db7afdbbc584" />
      <TestMethod codeBase="C:\Users\ericcarlson\documents\github\pickles\src\Pickles.DocumentationBuilders.Html.UnitTests\bin\Debug\net6.0\PicklesDoc.Pickles.DocumentationBuilders.Html.UnitTests.dll" adapterTypeName="executor://nunit3testexecutor/" className="PicklesDoc.Pickles.DocumentationBuilders.Html.UnitTests.WhenFormattingStep" name="Comments_are_displayed_above_their_related_step" />
    </UnitTest>
    <UnitTest name="ThenCanFormatCompleteScenarioCorrectly" storage="c:\users\ericcarlson\documents\github\pickles\src\pickles.documentationbuilders.html.unittests\bin\debug\net6.0\picklesdoc.pickles.documentationbuilders.html.unittests.dll" id="2f5a7c6a-6521-5330-5ab9-92ebf93c04bb">
      <Execution id="2a72b13e-817e-413b-a71f-44f5523bb0a1" />
      <TestMethod codeBase="C:\Users\ericcarlson\documents\github\pickles\src\Pickles.DocumentationBuilders.Html.UnitTests\bin\Debug\net6.0\PicklesDoc.Pickles.DocumentationBuilders.Html.UnitTests.dll" adapterTypeName="executor://nunit3testexecutor/" className="PicklesDoc.Pickles.DocumentationBuilders.Html.UnitTests.WhenFormattingScenario" name="ThenCanFormatCompleteScenarioCorrectly" />
    </UnitTest>
    <UnitTest name="DescriptionWithImageWithExtraAttributesShouldRenderCorrectly" storage="c:\users\ericcarlson\documents\github\pickles\src\pickles.documentationbuilders.html.unittests\bin\debug\net6.0\picklesdoc.pickles.documentationbuilders.html.unittests.dll" id="0f8c6b0a-ae71-de83-eaf5-82ca2a60e460">
      <Execution id="1ddd260e-17ee-4735-b3f6-40a529485061" />
      <TestMethod codeBase="C:\Users\ericcarlson\documents\github\pickles\src\Pickles.DocumentationBuilders.Html.UnitTests\bin\Debug\net6.0\PicklesDoc.Pickles.DocumentationBuilders.Html.UnitTests.dll" adapterTypeName="executor://nunit3testexecutor/" className="PicklesDoc.Pickles.DocumentationBuilders.Html.UnitTests.FormattingAFeatureUsingStrikeFeature" name="DescriptionWithImageWithExtraAttributesShouldRenderCorrectly" />
    </UnitTest>
    <UnitTest name="ShouldRenderHrAsClosed" storage="c:\users\ericcarlson\documents\github\pickles\src\pickles.documentationbuilders.html.unittests\bin\debug\net6.0\picklesdoc.pickles.documentationbuilders.html.unittests.dll" id="052570fd-ad65-bf0e-f545-55733284e59c">
      <Execution id="d91edc8f-e15c-4dcd-bb21-2d00b9249f47" />
      <TestMethod codeBase="C:\Users\ericcarlson\documents\github\pickles\src\Pickles.DocumentationBuilders.Html.UnitTests\bin\Debug\net6.0\PicklesDoc.Pickles.DocumentationBuilders.Html.UnitTests.dll" adapterTypeName="executor://nunit3testexecutor/" className="PicklesDoc.Pickles.DocumentationBuilders.Html.UnitTests.StrikeMarkdownProviderTests" name="ShouldRenderHrAsClosed" />
    </UnitTest>
    <UnitTest name="FeatureTagsAreAddedToScenarioTags" storage="c:\users\ericcarlson\documents\github\pickles\src\pickles.documentationbuilders.html.unittests\bin\debug\net6.0\picklesdoc.pickles.documentationbuilders.html.unittests.dll" id="79b6198d-8eac-ee8a-99fa-163c77e49ccc">
      <Execution id="2f30b3ca-452c-4fd3-b7f4-2603613212a3" />
      <TestMethod codeBase="C:\Users\ericcarlson\documents\github\pickles\src\Pickles.DocumentationBuilders.Html.UnitTests\bin\Debug\net6.0\PicklesDoc.Pickles.DocumentationBuilders.Html.UnitTests.dll" adapterTypeName="executor://nunit3testexecutor/" className="PicklesDoc.Pickles.DocumentationBuilders.Html.UnitTests.WhenFormattingScenario" name="FeatureTagsAreAddedToScenarioTags" />
    </UnitTest>
    <UnitTest name="NoTags" storage="c:\users\ericcarlson\documents\github\pickles\src\pickles.documentationbuilders.html.unittests\bin\debug\net6.0\picklesdoc.pickles.documentationbuilders.html.unittests.dll" id="33f0753a-3e1f-1038-a755-bae465e6ef26">
      <Execution id="e1f44d30-82f5-42d6-bb80-94e25ff2858e" />
      <TestMethod codeBase="C:\Users\ericcarlson\documents\github\pickles\src\Pickles.DocumentationBuilders.Html.UnitTests\bin\Debug\net6.0\PicklesDoc.Pickles.DocumentationBuilders.Html.UnitTests.dll" adapterTypeName="executor://nunit3testexecutor/" className="PicklesDoc.Pickles.DocumentationBuilders.Html.UnitTests.WhenFormattingScenario" name="NoTags" />
    </UnitTest>
    <UnitTest name="ThenCanFormatNormalTableSuccessfully" storage="c:\users\ericcarlson\documents\github\pickles\src\pickles.documentationbuilders.html.unittests\bin\debug\net6.0\picklesdoc.pickles.documentationbuilders.html.unittests.dll" id="5b218172-baab-78a2-5eea-7f97dd1408ea">
      <Execution id="4e4dab80-972c-4779-ab59-3bb01af5cf0d" />
      <TestMethod codeBase="C:\Users\ericcarlson\documents\github\pickles\src\Pickles.DocumentationBuilders.Html.UnitTests\bin\Debug\net6.0\PicklesDoc.Pickles.DocumentationBuilders.Html.UnitTests.dll" adapterTypeName="executor://nunit3testexecutor/" className="PicklesDoc.Pickles.DocumentationBuilders.Html.UnitTests.WhenFormattingTables" name="ThenCanFormatNormalTableSuccessfully" />
    </UnitTest>
    <UnitTest name="Comments_after_the_last_step_are_displayed" storage="c:\users\ericcarlson\documents\github\pickles\src\pickles.documentationbuilders.html.unittests\bin\debug\net6.0\picklesdoc.pickles.documentationbuilders.html.unittests.dll" id="eedbc798-6ce7-3b4c-392c-89fb084d9898">
      <Execution id="aa4ad581-9ea8-4c6e-9ddc-31a701d2100f" />
      <TestMethod codeBase="C:\Users\ericcarlson\documents\github\pickles\src\Pickles.DocumentationBuilders.Html.UnitTests\bin\Debug\net6.0\PicklesDoc.Pickles.DocumentationBuilders.Html.UnitTests.dll" adapterTypeName="executor://nunit3testexecutor/" className="PicklesDoc.Pickles.DocumentationBuilders.Html.UnitTests.WhenFormattingStep" name="Comments_after_the_last_step_are_displayed" />
    </UnitTest>
    <UnitTest name="ThenCanFormatNormalMultilineStringSuccessfully" storage="c:\users\ericcarlson\documents\github\pickles\src\pickles.documentationbuilders.html.unittests\bin\debug\net6.0\picklesdoc.pickles.documentationbuilders.html.unittests.dll" id="a3f0acb0-1d7a-00ec-600c-f232b83f2801">
      <Execution id="c004ae4e-a949-47c3-9a51-8dc091970aaa" />
      <TestMethod codeBase="C:\Users\ericcarlson\documents\github\pickles\src\Pickles.DocumentationBuilders.Html.UnitTests\bin\Debug\net6.0\PicklesDoc.Pickles.DocumentationBuilders.Html.UnitTests.dll" adapterTypeName="executor://nunit3testexecutor/" className="PicklesDoc.Pickles.DocumentationBuilders.Html.UnitTests.WhenFormattingMultilineStrings" name="ThenCanFormatNormalMultilineStringSuccessfully" />
    </UnitTest>
    <UnitTest name="ThenCanFormatScenarioWithMissingExampleCorrectly" storage="c:\users\ericcarlson\documents\github\pickles\src\pickles.documentationbuilders.html.unittests\bin\debug\net6.0\picklesdoc.pickles.documentationbuilders.html.unittests.dll" id="c946a4f0-440c-29d7-29e0-2380f4f3cc86">
      <Execution id="f9a334ac-071a-4dd2-8e52-80f4ef9d3ec2" />
      <TestMethod codeBase="C:\Users\ericcarlson\documents\github\pickles\src\Pickles.DocumentationBuilders.Html.UnitTests\bin\Debug\net6.0\PicklesDoc.Pickles.DocumentationBuilders.Html.UnitTests.dll" adapterTypeName="executor://nunit3testexecutor/" className="PicklesDoc.Pickles.DocumentationBuilders.Html.UnitTests.WhenFormattingScenario" name="ThenCanFormatScenarioWithMissingExampleCorrectly" />
    </UnitTest>
    <UnitTest name="ThenCanFormatScenarioWithMissingNameCorrectly" storage="c:\users\ericcarlson\documents\github\pickles\src\pickles.documentationbuilders.html.unittests\bin\debug\net6.0\picklesdoc.pickles.documentationbuilders.html.unittests.dll" id="646034e9-b341-deb0-2537-c8a8b144fecd">
      <Execution id="654f2790-9ff5-42ad-9b88-3393a9d84d50" />
      <TestMethod codeBase="C:\Users\ericcarlson\documents\github\pickles\src\Pickles.DocumentationBuilders.Html.UnitTests\bin\Debug\net6.0\PicklesDoc.Pickles.DocumentationBuilders.Html.UnitTests.dll" adapterTypeName="executor://nunit3testexecutor/" className="PicklesDoc.Pickles.DocumentationBuilders.Html.UnitTests.WhenFormattingScenario" name="ThenCanFormatScenarioWithMissingNameCorrectly" />
    </UnitTest>
    <UnitTest name="ThenCanFormatDescriptionAsMarkdown" storage="c:\users\ericcarlson\documents\github\pickles\src\pickles.documentationbuilders.html.unittests\bin\debug\net6.0\picklesdoc.pickles.documentationbuilders.html.unittests.dll" id="d5ba5cb7-42ad-070e-0239-910f6b492b3c">
      <Execution id="63d15199-8fa9-4fab-8c36-61caf160e34b" />
      <TestMethod codeBase="C:\Users\ericcarlson\documents\github\pickles\src\Pickles.DocumentationBuilders.Html.UnitTests\bin\Debug\net6.0\PicklesDoc.Pickles.DocumentationBuilders.Html.UnitTests.dll" adapterTypeName="executor://nunit3testexecutor/" className="PicklesDoc.Pickles.DocumentationBuilders.Html.UnitTests.WhenFormattingFeatures" name="ThenCanFormatDescriptionAsMarkdown" />
    </UnitTest>
    <UnitTest name="MarkdownTablesShouldBeFormattedAsHTMLTables" storage="c:\users\ericcarlson\documents\github\pickles\src\pickles.documentationbuilders.html.unittests\bin\debug\net6.0\picklesdoc.pickles.documentationbuilders.html.unittests.dll" id="7ac5016c-fe33-4cff-6cbb-f8d264ca8b85">
      <Execution id="d9ffd9b6-2703-4580-99e6-1b835307f188" />
      <TestMethod codeBase="C:\Users\ericcarlson\documents\github\pickles\src\Pickles.DocumentationBuilders.Html.UnitTests\bin\Debug\net6.0\PicklesDoc.Pickles.DocumentationBuilders.Html.UnitTests.dll" adapterTypeName="executor://nunit3testexecutor/" className="PicklesDoc.Pickles.DocumentationBuilders.Html.UnitTests.FormattingAFeatureFeature" name="MarkdownTablesShouldBeFormattedAsHTMLTables" />
    </UnitTest>
    <UnitTest name="SomewhatMalformedMarkdownTablesShouldBeFormattedAsHTMLTablesAsWell" storage="c:\users\ericcarlson\documents\github\pickles\src\pickles.documentationbuilders.html.unittests\bin\debug\net6.0\picklesdoc.pickles.documentationbuilders.html.unittests.dll" id="8b1ca603-b44e-4178-090a-6171855f0a30">
      <Execution id="760dab4d-3718-4fad-b383-28891496bb23" />
      <TestMethod codeBase="C:\Users\ericcarlson\documents\github\pickles\src\Pickles.DocumentationBuilders.Html.UnitTests\bin\Debug\net6.0\PicklesDoc.Pickles.DocumentationBuilders.Html.UnitTests.dll" adapterTypeName="executor://nunit3testexecutor/" className="PicklesDoc.Pickles.DocumentationBuilders.Html.UnitTests.FormattingAFeatureFeature" name="SomewhatMalformedMarkdownTablesShouldBeFormattedAsHTMLTablesAsWell" />
    </UnitTest>
    <UnitTest name="Tables_are_formatted_as_list_items_with_tables_internal" storage="c:\users\ericcarlson\documents\github\pickles\src\pickles.documentationbuilders.html.unittests\bin\debug\net6.0\picklesdoc.pickles.documentationbuilders.html.unittests.dll" id="dbca7286-1920-ac61-d71a-e9333d72b24f">
      <Execution id="4be4e623-8652-4b98-bc29-bdb75e59618f" />
      <TestMethod codeBase="C:\Users\ericcarlson\documents\github\pickles\src\Pickles.DocumentationBuilders.Html.UnitTests\bin\Debug\net6.0\PicklesDoc.Pickles.DocumentationBuilders.Html.UnitTests.dll" adapterTypeName="executor://nunit3testexecutor/" className="PicklesDoc.Pickles.DocumentationBuilders.Html.UnitTests.WhenFormattingStep" name="Tables_are_formatted_as_list_items_with_tables_internal" />
    </UnitTest>
    <UnitTest name="ThenCanFormatNullTableSuccessfully" storage="c:\users\ericcarlson\documents\github\pickles\src\pickles.documentationbuilders.html.unittests\bin\debug\net6.0\picklesdoc.pickles.documentationbuilders.html.unittests.dll" id="56b39fb1-2c90-d86e-0a60-ea1da22d0bdb">
      <Execution id="9aded659-278b-4a23-85aa-b8ab055aba3f" />
      <TestMethod codeBase="C:\Users\ericcarlson\documents\github\pickles\src\Pickles.DocumentationBuilders.Html.UnitTests\bin\Debug\net6.0\PicklesDoc.Pickles.DocumentationBuilders.Html.UnitTests.dll" adapterTypeName="executor://nunit3testexecutor/" className="PicklesDoc.Pickles.DocumentationBuilders.Html.UnitTests.WhenFormattingTables" name="ThenCanFormatNullTableSuccessfully" />
    </UnitTest>
    <UnitTest name="DescriptionWithImageShouldRenderCorrectly" storage="c:\users\ericcarlson\documents\github\pickles\src\pickles.documentationbuilders.html.unittests\bin\debug\net6.0\picklesdoc.pickles.documentationbuilders.html.unittests.dll" id="2dafa7b4-c7d4-6e6b-c792-4ef75d362dd8">
      <Execution id="ee1d2989-82a4-4127-885e-52ef8ed8842b" />
      <TestMethod codeBase="C:\Users\ericcarlson\documents\github\pickles\src\Pickles.DocumentationBuilders.Html.UnitTests\bin\Debug\net6.0\PicklesDoc.Pickles.DocumentationBuilders.Html.UnitTests.dll" adapterTypeName="executor://nunit3testexecutor/" className="PicklesDoc.Pickles.DocumentationBuilders.Html.UnitTests.FormattingAFeatureUsingStrikeFeature" name="DescriptionWithImageShouldRenderCorrectly" />
    </UnitTest>
    <UnitTest name="ThenCanRenderTags" storage="c:\users\ericcarlson\documents\github\pickles\src\pickles.documentationbuilders.html.unittests\bin\debug\net6.0\picklesdoc.pickles.documentationbuilders.html.unittests.dll" id="1b8ab176-c36b-30cb-96b6-9c88a1107583">
      <Execution id="e827f4bf-725a-4a00-a9ae-6ba9192ef298" />
      <TestMethod codeBase="C:\Users\ericcarlson\documents\github\pickles\src\Pickles.DocumentationBuilders.Html.UnitTests\bin\Debug\net6.0\PicklesDoc.Pickles.DocumentationBuilders.Html.UnitTests.dll" adapterTypeName="executor://nunit3testexecutor/" className="PicklesDoc.Pickles.DocumentationBuilders.Html.UnitTests.WhenFormattingScenario" name="ThenCanRenderTags" />
    </UnitTest>
    <UnitTest name="ThenCanFormatMarkdownTableExtensions" storage="c:\users\ericcarlson\documents\github\pickles\src\pickles.documentationbuilders.html.unittests\bin\debug\net6.0\picklesdoc.pickles.documentationbuilders.html.unittests.dll" id="e52f3b1c-1b3c-42b1-713f-769797285fb1">
      <Execution id="91a74db8-f655-43cb-908b-9cc4ec2ae3b8" />
      <TestMethod codeBase="C:\Users\ericcarlson\documents\github\pickles\src\Pickles.DocumentationBuilders.Html.UnitTests\bin\Debug\net6.0\PicklesDoc.Pickles.DocumentationBuilders.Html.UnitTests.dll" adapterTypeName="executor://nunit3testexecutor/" className="PicklesDoc.Pickles.DocumentationBuilders.Html.UnitTests.WhenFormattingFeatures" name="ThenCanFormatMarkdownTableExtensions" />
    </UnitTest>
    <UnitTest name="TagsAreRenderedAlphabetically" storage="c:\users\ericcarlson\documents\github\pickles\src\pickles.documentationbuilders.html.unittests\bin\debug\net6.0\picklesdoc.pickles.documentationbuilders.html.unittests.dll" id="cea46ab5-a417-696a-1808-76dcba2c0c6f">
      <Execution id="14368057-25f3-4953-a33c-8b3a2da414d7" />
      <TestMethod codeBase="C:\Users\ericcarlson\documents\github\pickles\src\Pickles.DocumentationBuilders.Html.UnitTests\bin\Debug\net6.0\PicklesDoc.Pickles.DocumentationBuilders.Html.UnitTests.dll" adapterTypeName="executor://nunit3testexecutor/" className="PicklesDoc.Pickles.DocumentationBuilders.Html.UnitTests.WhenFormattingScenario" name="TagsAreRenderedAlphabetically" />
    </UnitTest>
    <UnitTest name="ThenCanFormatScenarioWithMissingDescriptionCorrectly" storage="c:\users\ericcarlson\documents\github\pickles\src\pickles.documentationbuilders.html.unittests\bin\debug\net6.0\picklesdoc.pickles.documentationbuilders.html.unittests.dll" id="b3ec2790-be6f-f1ef-1928-97a01f966eb1">
      <Execution id="578132b6-c7eb-4f1b-8fb3-437806d8e929" />
      <TestMethod codeBase="C:\Users\ericcarlson\documents\github\pickles\src\Pickles.DocumentationBuilders.Html.UnitTests\bin\Debug\net6.0\PicklesDoc.Pickles.DocumentationBuilders.Html.UnitTests.dll" adapterTypeName="executor://nunit3testexecutor/" className="PicklesDoc.Pickles.DocumentationBuilders.Html.UnitTests.WhenFormattingScenario" name="ThenCanFormatScenarioWithMissingDescriptionCorrectly" />
    </UnitTest>
    <UnitTest name="Multiline_strings_are_formatted_as_list_items_with_pre_elements_formatted_as_code_internal" storage="c:\users\ericcarlson\documents\github\pickles\src\pickles.documentationbuilders.html.unittests\bin\debug\net6.0\picklesdoc.pickles.documentationbuilders.html.unittests.dll" id="ce052cff-935c-d43b-e9c8-4e93e9f003cd">
      <Execution id="c96502a9-bee6-4aa4-83be-491cdbbb0288" />
      <TestMethod codeBase="C:\Users\ericcarlson\documents\github\pickles\src\Pickles.DocumentationBuilders.Html.UnitTests\bin\Debug\net6.0\PicklesDoc.Pickles.DocumentationBuilders.Html.UnitTests.dll" adapterTypeName="executor://nunit3testexecutor/" className="PicklesDoc.Pickles.DocumentationBuilders.Html.UnitTests.WhenFormattingStep" name="Multiline_strings_are_formatted_as_list_items_with_pre_elements_formatted_as_code_internal" />
    </UnitTest>
    <UnitTest name="ThenCanFormatScenarioWithMissingTableFromExampleCorrectly" storage="c:\users\ericcarlson\documents\github\pickles\src\pickles.documentationbuilders.html.unittests\bin\debug\net6.0\picklesdoc.pickles.documentationbuilders.html.unittests.dll" id="9dce075a-681f-a0f1-3507-01804a196153">
      <Execution id="e2140f99-ee4f-4de7-bd89-6952835155b9" />
      <TestMethod codeBase="C:\Users\ericcarlson\documents\github\pickles\src\Pickles.DocumentationBuilders.Html.UnitTests\bin\Debug\net6.0\PicklesDoc.Pickles.DocumentationBuilders.Html.UnitTests.dll" adapterTypeName="executor://nunit3testexecutor/" className="PicklesDoc.Pickles.DocumentationBuilders.Html.UnitTests.WhenFormattingScenario" name="ThenCanFormatScenarioWithMissingTableFromExampleCorrectly" />
    </UnitTest>
    <UnitTest name="ThenShouldLocalizeExamplesKeyword" storage="c:\users\ericcarlson\documents\github\pickles\src\pickles.documentationbuilders.html.unittests\bin\debug\net6.0\picklesdoc.pickles.documentationbuilders.html.unittests.dll" id="24860c7b-1813-b54a-7af2-4521ce835091">
      <Execution id="e4114900-8bc8-4b91-87ca-1b4de33e68be" />
      <TestMethod codeBase="C:\Users\ericcarlson\documents\github\pickles\src\Pickles.DocumentationBuilders.Html.UnitTests\bin\Debug\net6.0\PicklesDoc.Pickles.DocumentationBuilders.Html.UnitTests.dll" adapterTypeName="executor://nunit3testexecutor/" className="PicklesDoc.Pickles.DocumentationBuilders.Html.UnitTests.WhenFormattingLocalizedFeatures" name="ThenShouldLocalizeExamplesKeyword" />
    </UnitTest>
    <UnitTest name="Multiline_comments_are_displayed_in_the_same_element" storage="c:\users\ericcarlson\documents\github\pickles\src\pickles.documentationbuilders.html.unittests\bin\debug\net6.0\picklesdoc.pickles.documentationbuilders.html.unittests.dll" id="796f49b7-3a42-db9e-15d1-dc4270da8d0d">
      <Execution id="1bb18e63-ef23-43ef-b7ec-ec446e8789ec" />
      <TestMethod codeBase="C:\Users\ericcarlson\documents\github\pickles\src\Pickles.DocumentationBuilders.Html.UnitTests\bin\Debug\net6.0\PicklesDoc.Pickles.DocumentationBuilders.Html.UnitTests.dll" adapterTypeName="executor://nunit3testexecutor/" className="PicklesDoc.Pickles.DocumentationBuilders.Html.UnitTests.WhenFormattingStep" name="Multiline_comments_are_displayed_in_the_same_element" />
    </UnitTest>
    <UnitTest name="Simple_steps_are_formatted_as_list_items" storage="c:\users\ericcarlson\documents\github\pickles\src\pickles.documentationbuilders.html.unittests\bin\debug\net6.0\picklesdoc.pickles.documentationbuilders.html.unittests.dll" id="040ce861-3db1-bc3a-5151-d0eaa9f58fd0">
      <Execution id="71b8db63-2d53-4976-a506-21628826f773" />
      <TestMethod codeBase="C:\Users\ericcarlson\documents\github\pickles\src\Pickles.DocumentationBuilders.Html.UnitTests\bin\Debug\net6.0\PicklesDoc.Pickles.DocumentationBuilders.Html.UnitTests.dll" adapterTypeName="executor://nunit3testexecutor/" className="PicklesDoc.Pickles.DocumentationBuilders.Html.UnitTests.WhenFormattingStep" name="Simple_steps_are_formatted_as_list_items" />
    </UnitTest>
    <UnitTest name="Steps_get_selected_Language" storage="c:\users\ericcarlson\documents\github\pickles\src\pickles.documentationbuilders.html.unittests\bin\debug\net6.0\picklesdoc.pickles.documentationbuilders.html.unittests.dll" id="6cfb4e14-c3c5-c283-c05b-a1f0537d9edc">
      <Execution id="d9a239e3-04c2-4253-a5ab-23a6d60161b2" />
      <TestMethod codeBase="C:\Users\ericcarlson\documents\github\pickles\src\Pickles.DocumentationBuilders.Html.UnitTests\bin\Debug\net6.0\PicklesDoc.Pickles.DocumentationBuilders.Html.UnitTests.dll" adapterTypeName="executor://nunit3testexecutor/" className="PicklesDoc.Pickles.DocumentationBuilders.Html.UnitTests.WhenFormattingStep" name="Steps_get_selected_Language" />
    </UnitTest>
  </TestDefinitions>
  <TestEntries>
    <TestEntry testId="c946a4f0-440c-29d7-29e0-2380f4f3cc86" executionId="f9a334ac-071a-4dd2-8e52-80f4ef9d3ec2" testListId="8c84fa94-04c1-424b-9868-57a2d4851a1d" />
    <TestEntry testId="7ac5016c-fe33-4cff-6cbb-f8d264ca8b85" executionId="d9ffd9b6-2703-4580-99e6-1b835307f188" testListId="8c84fa94-04c1-424b-9868-57a2d4851a1d" />
    <TestEntry testId="2dafa7b4-c7d4-6e6b-c792-4ef75d362dd8" executionId="ee1d2989-82a4-4127-885e-52ef8ed8842b" testListId="8c84fa94-04c1-424b-9868-57a2d4851a1d" />
    <TestEntry testId="b386585d-f938-b051-f06a-722958237108" executionId="d101a2d5-ebf8-4476-98a6-466130267155" testListId="8c84fa94-04c1-424b-9868-57a2d4851a1d" />
    <TestEntry testId="0f8c6b0a-ae71-de83-eaf5-82ca2a60e460" executionId="1ddd260e-17ee-4735-b3f6-40a529485061" testListId="8c84fa94-04c1-424b-9868-57a2d4851a1d" />
    <TestEntry testId="040ce861-3db1-bc3a-5151-d0eaa9f58fd0" executionId="71b8db63-2d53-4976-a506-21628826f773" testListId="8c84fa94-04c1-424b-9868-57a2d4851a1d" />
    <TestEntry testId="1b8ab176-c36b-30cb-96b6-9c88a1107583" executionId="e827f4bf-725a-4a00-a9ae-6ba9192ef298" testListId="8c84fa94-04c1-424b-9868-57a2d4851a1d" />
    <TestEntry testId="918cf8f8-6f7d-a1c7-d5f3-ae7d22e1fc4b" executionId="24dd5589-1cec-4459-8a02-db7afdbbc584" testListId="8c84fa94-04c1-424b-9868-57a2d4851a1d" />
    <TestEntry testId="b3ec2790-be6f-f1ef-1928-97a01f966eb1" executionId="578132b6-c7eb-4f1b-8fb3-437806d8e929" testListId="8c84fa94-04c1-424b-9868-57a2d4851a1d" />
    <TestEntry testId="56b39fb1-2c90-d86e-0a60-ea1da22d0bdb" executionId="9aded659-278b-4a23-85aa-b8ab055aba3f" testListId="8c84fa94-04c1-424b-9868-57a2d4851a1d" />
    <TestEntry testId="79b6198d-8eac-ee8a-99fa-163c77e49ccc" executionId="2f30b3ca-452c-4fd3-b7f4-2603613212a3" testListId="8c84fa94-04c1-424b-9868-57a2d4851a1d" />
    <TestEntry testId="9dce075a-681f-a0f1-3507-01804a196153" executionId="e2140f99-ee4f-4de7-bd89-6952835155b9" testListId="8c84fa94-04c1-424b-9868-57a2d4851a1d" />
    <TestEntry testId="eedbc798-6ce7-3b4c-392c-89fb084d9898" executionId="aa4ad581-9ea8-4c6e-9ddc-31a701d2100f" testListId="8c84fa94-04c1-424b-9868-57a2d4851a1d" />
    <TestEntry testId="24860c7b-1813-b54a-7af2-4521ce835091" executionId="e4114900-8bc8-4b91-87ca-1b4de33e68be" testListId="8c84fa94-04c1-424b-9868-57a2d4851a1d" />
    <TestEntry testId="8b1ca603-b44e-4178-090a-6171855f0a30" executionId="760dab4d-3718-4fad-b383-28891496bb23" testListId="8c84fa94-04c1-424b-9868-57a2d4851a1d" />
    <TestEntry testId="796f49b7-3a42-db9e-15d1-dc4270da8d0d" executionId="1bb18e63-ef23-43ef-b7ec-ec446e8789ec" testListId="8c84fa94-04c1-424b-9868-57a2d4851a1d" />
    <TestEntry testId="2f5a7c6a-6521-5330-5ab9-92ebf93c04bb" executionId="2a72b13e-817e-413b-a71f-44f5523bb0a1" testListId="8c84fa94-04c1-424b-9868-57a2d4851a1d" />
    <TestEntry testId="350d626d-9919-e1ff-7b14-b8ce24c122f0" executionId="fb0f5d48-39ba-45ac-bd76-2ad2ac4876a9" testListId="8c84fa94-04c1-424b-9868-57a2d4851a1d" />
    <TestEntry testId="33f0753a-3e1f-1038-a755-bae465e6ef26" executionId="e1f44d30-82f5-42d6-bb80-94e25ff2858e" testListId="8c84fa94-04c1-424b-9868-57a2d4851a1d" />
    <TestEntry testId="cd414111-c12c-30de-a8ff-df3230f15f41" executionId="adb0ad72-c184-4ae3-9d91-ccdf511d093a" testListId="8c84fa94-04c1-424b-9868-57a2d4851a1d" />
    <TestEntry testId="ce052cff-935c-d43b-e9c8-4e93e9f003cd" executionId="c96502a9-bee6-4aa4-83be-491cdbbb0288" testListId="8c84fa94-04c1-424b-9868-57a2d4851a1d" />
    <TestEntry testId="052570fd-ad65-bf0e-f545-55733284e59c" executionId="d91edc8f-e15c-4dcd-bb21-2d00b9249f47" testListId="8c84fa94-04c1-424b-9868-57a2d4851a1d" />
    <TestEntry testId="646034e9-b341-deb0-2537-c8a8b144fecd" executionId="654f2790-9ff5-42ad-9b88-3393a9d84d50" testListId="8c84fa94-04c1-424b-9868-57a2d4851a1d" />
    <TestEntry testId="a3f0acb0-1d7a-00ec-600c-f232b83f2801" executionId="c004ae4e-a949-47c3-9a51-8dc091970aaa" testListId="8c84fa94-04c1-424b-9868-57a2d4851a1d" />
    <TestEntry testId="e52f3b1c-1b3c-42b1-713f-769797285fb1" executionId="91a74db8-f655-43cb-908b-9cc4ec2ae3b8" testListId="8c84fa94-04c1-424b-9868-57a2d4851a1d" />
    <TestEntry testId="6cfb4e14-c3c5-c283-c05b-a1f0537d9edc" executionId="d9a239e3-04c2-4253-a5ab-23a6d60161b2" testListId="8c84fa94-04c1-424b-9868-57a2d4851a1d" />
    <TestEntry testId="cea46ab5-a417-696a-1808-76dcba2c0c6f" executionId="14368057-25f3-4953-a33c-8b3a2da414d7" testListId="8c84fa94-04c1-424b-9868-57a2d4851a1d" />
    <TestEntry testId="5b218172-baab-78a2-5eea-7f97dd1408ea" executionId="4e4dab80-972c-4779-ab59-3bb01af5cf0d" testListId="8c84fa94-04c1-424b-9868-57a2d4851a1d" />
    <TestEntry testId="dbca7286-1920-ac61-d71a-e9333d72b24f" executionId="4be4e623-8652-4b98-bc29-bdb75e59618f" testListId="8c84fa94-04c1-424b-9868-57a2d4851a1d" />
    <TestEntry testId="d5ba5cb7-42ad-070e-0239-910f6b492b3c" executionId="63d15199-8fa9-4fab-8c36-61caf160e34b" testListId="8c84fa94-04c1-424b-9868-57a2d4851a1d" />
  </TestEntries>
  <TestLists>
    <TestList name="Results Not in a List" id="8c84fa94-04c1-424b-9868-57a2d4851a1d" />
    <TestList name="All Loaded Results" id="19431567-8539-422a-85d7-44ee4e166bda" />
  </TestLists>
  <ResultSummary outcome="Completed">
    <Counters total="30" executed="30" passed="30" failed="0" error="0" timeout="0" aborted="0" inconclusive="0" passedButRunAborted="0" notRunnable="0" notExecuted="0" disconnected="0" warning="0" completed="0" inProgress="0" pending="0" />
    <Output>
      <StdOut>NUnit Adapter 3.17.0.0: Test execution started&#xD;
Running all tests in C:\Users\ericcarlson\documents\github\pickles\src\Pickles.DocumentationBuilders.Html.UnitTests\bin\Debug\net6.0\PicklesDoc.Pickles.DocumentationBuilders.Html.UnitTests.dll&#xD;
   NUnit3TestExecutor discovered 30 of 30 NUnit test cases&#xD;
Given I have this feature description&#xD;
  --- multiline step argument ---&#xD;
  In order to see the description as nice HTML&#xD;
  As a Pickles user&#xD;
  I want to see the descriptions written in markdown rendered as HTML&#xD;
  &#xD;
  Introduction&#xD;
  ============&#xD;
  &#xD;
  This feature should have some markdown elements that get displayed properly&#xD;
  &#xD;
  Context&#xD;
  -------&#xD;
  &#xD;
  &gt; I really like blockquotes to describe&#xD;
  &gt; to describe text&#xD;
  &#xD;
  I also enjoy using lists as well, here are the reasons&#xD;
  &#xD;
  - Lists are easy to read&#xD;
  - Lists make my life easier&#xD;
  &#xD;
  I also enjoy ordering things&#xD;
  &#xD;
  1. This is the first reason&#xD;
  2. This is the second reason&#xD;
-&gt; done: StepDefinitions.GivenIHaveThisFeatureDescription("In order to see t...") (0.0s)&#xD;
When I generate the documentation&#xD;
-&gt; done: StepDefinitions.WhenIGenerateTheDocumentation() (0.1s)&#xD;
Then the result should be&#xD;
  --- multiline step argument ---&#xD;
  &lt;div id="feature"&gt;&#xD;
    &lt;h1&gt;a feature&lt;/h1&gt;&#xD;
    &lt;div class="description"&gt;&#xD;
      &lt;p&gt;In order to see the description as nice HTML&#xD;
  As a Pickles user&#xD;
  I want to see the descriptions written in markdown rendered as HTML&lt;/p&gt;&#xD;
      &lt;h1&gt;Introduction&lt;/h1&gt;&#xD;
      &lt;p&gt;This feature should have some markdown elements that get displayed properly&lt;/p&gt;&#xD;
      &lt;h2&gt;Context&lt;/h2&gt;&#xD;
      &lt;blockquote&gt;&#xD;
        &lt;p&gt;I really like blockquotes to describe&#xD;
  to describe text&lt;/p&gt;&#xD;
      &lt;/blockquote&gt;&#xD;
      &lt;p&gt;I also enjoy using lists as well, here are the reasons&lt;/p&gt;&#xD;
      &lt;ul&gt;&#xD;
        &lt;li&gt;Lists are easy to read&lt;/li&gt;&#xD;
        &lt;li&gt;Lists make my life easier&lt;/li&gt;&#xD;
      &lt;/ul&gt;&#xD;
      &lt;p&gt;I also enjoy ordering things&lt;/p&gt;&#xD;
      &lt;ol&gt;&#xD;
        &lt;li&gt;This is the first reason&lt;/li&gt;&#xD;
        &lt;li&gt;This is the second reason&lt;/li&gt;&#xD;
      &lt;/ol&gt;&#xD;
    &lt;/div&gt;&#xD;
    &lt;ul id="scenarios" /&gt;&#xD;
  &lt;/div&gt;&#xD;
-&gt; done: StepDefinitions.ThenTheResultShouldBe("&lt;div id="feature"...") (0.1s)&#xD;
&#xD;
Given I have this feature description&#xD;
  --- multiline step argument ---&#xD;
  In order to see the description as nice HTML&#xD;
  As a Pickles user&#xD;
  I want to see the descriptions written in markdown rendered with tables&#xD;
  &#xD;
  | Table Header 1 | Table Header 2 |&#xD;
  | -------------- | -------------- |&#xD;
  | Cell value 1   | Cell value 2   |&#xD;
  | Cell value 3   |                |&#xD;
  | Cell value 4   | Cell value 5   |&#xD;
-&gt; done: StepDefinitions.GivenIHaveThisFeatureDescription("In order to see t...") (0.0s)&#xD;
When I generate the documentation&#xD;
-&gt; done: StepDefinitions.WhenIGenerateTheDocumentation() (0.0s)&#xD;
Then the result should be&#xD;
  --- multiline step argument ---&#xD;
  &lt;div id="feature"&gt;&#xD;
    &lt;h1&gt;a feature&lt;/h1&gt;&#xD;
    &lt;div class="description"&gt;&#xD;
      &lt;p&gt;In order to see the description as nice HTML&#xD;
  As a Pickles user&#xD;
  I want to see the descriptions written in markdown rendered with tables&lt;/p&gt;&#xD;
      &lt;table&gt;&#xD;
        &lt;thead&gt;&#xD;
          &lt;tr&gt;&#xD;
            &lt;th&gt;Table Header 1&lt;/th&gt;&#xD;
            &lt;th&gt;Table Header 2&lt;/th&gt;&#xD;
          &lt;/tr&gt;&#xD;
        &lt;/thead&gt;&#xD;
        &lt;tbody&gt;&#xD;
          &lt;tr&gt;&#xD;
            &lt;td&gt;Cell value 1&lt;/td&gt;&#xD;
            &lt;td&gt;Cell value 2&lt;/td&gt;&#xD;
          &lt;/tr&gt;&#xD;
          &lt;tr&gt;&#xD;
            &lt;td&gt;Cell value 3&lt;/td&gt;&#xD;
            &lt;td&gt;&lt;/td&gt;&#xD;
          &lt;/tr&gt;&#xD;
          &lt;tr&gt;&#xD;
            &lt;td&gt;Cell value 4&lt;/td&gt;&#xD;
            &lt;td&gt;Cell value 5&lt;/td&gt;&#xD;
          &lt;/tr&gt;&#xD;
        &lt;/tbody&gt;&#xD;
      &lt;/table&gt;&#xD;
    &lt;/div&gt;&#xD;
    &lt;ul id="scenarios" /&gt;&#xD;
  &lt;/div&gt;&#xD;
-&gt; done: StepDefinitions.ThenTheResultShouldBe("&lt;div id="feature"...") (0.0s)&#xD;
&#xD;
Given I have this feature description&#xD;
  --- multiline step argument ---&#xD;
  In order to see the description as nice HTML&#xD;
  As a Pickles user&#xD;
  I want to see the descriptions written in markdown rendered with tables&#xD;
  &#xD;
  | Table Header 1 | Table Header 2                         |&#xD;
  | -------------- | -------------------------------------- |&#xD;
  | Cell value 1   | Cell value 2                           |&#xD;
  | Cell value 3     Note the missing column delimiter here |&#xD;
  | Cell value 4   | Cell value 5                           |&#xD;
-&gt; done: StepDefinitions.GivenIHaveThisFeatureDescription("In order to see t...") (0.0s)&#xD;
When I generate the documentation&#xD;
-&gt; done: StepDefinitions.WhenIGenerateTheDocumentation() (0.0s)&#xD;
Then the result should be&#xD;
  --- multiline step argument ---&#xD;
  &lt;div id="feature"&gt;&#xD;
    &lt;h1&gt;a feature&lt;/h1&gt;&#xD;
    &lt;div class="description"&gt;&#xD;
      &lt;p&gt;In order to see the description as nice HTML&#xD;
  As a Pickles user&#xD;
  I want to see the descriptions written in markdown rendered with tables&lt;/p&gt;&#xD;
      &lt;table&gt;&#xD;
        &lt;thead&gt;&#xD;
          &lt;tr&gt;&#xD;
            &lt;th&gt;Table Header 1&lt;/th&gt;&#xD;
            &lt;th&gt;Table Header 2&lt;/th&gt;&#xD;
          &lt;/tr&gt;&#xD;
        &lt;/thead&gt;&#xD;
        &lt;tbody&gt;&#xD;
          &lt;tr&gt;&#xD;
            &lt;td&gt;Cell value 1&lt;/td&gt;&#xD;
            &lt;td&gt;Cell value 2&lt;/td&gt;&#xD;
          &lt;/tr&gt;&#xD;
          &lt;tr&gt;&#xD;
            &lt;td&gt;Cell value 3     Note the missing column delimiter here&lt;/td&gt;&#xD;
            &lt;td&gt;&lt;/td&gt;&#xD;
          &lt;/tr&gt;&#xD;
          &lt;tr&gt;&#xD;
            &lt;td&gt;Cell value 4&lt;/td&gt;&#xD;
            &lt;td&gt;Cell value 5&lt;/td&gt;&#xD;
          &lt;/tr&gt;&#xD;
        &lt;/tbody&gt;&#xD;
      &lt;/table&gt;&#xD;
    &lt;/div&gt;&#xD;
    &lt;ul id="scenarios" /&gt;&#xD;
  &lt;/div&gt;&#xD;
-&gt; done: StepDefinitions.ThenTheResultShouldBe("&lt;div id="feature"...") (0.0s)&#xD;
&#xD;
Given I have this feature description&#xD;
  --- multiline step argument ---&#xD;
  Including a picture: ![](./image.png)&#xD;
-&gt; done: StepDefinitions.GivenIHaveThisFeatureDescription("Including a pictu...") (0.0s)&#xD;
When I generate the documentation&#xD;
-&gt; done: StepDefinitions.WhenIGenerateTheDocumentation() (0.2s)&#xD;
Then the result should be&#xD;
  --- multiline step argument ---&#xD;
  &lt;div id="feature"&gt;&#xD;
    &lt;h1&gt;a feature&lt;/h1&gt;&#xD;
    &lt;div class="description"&gt;&#xD;
      &lt;p&gt;Including a picture: &lt;img src="./image.png" alt="" /&gt;&lt;/p&gt;&#xD;
    &lt;/div&gt;&#xD;
    &lt;ul id="scenarios" /&gt;&#xD;
  &lt;/div&gt;&#xD;
-&gt; done: StepDefinitions.ThenTheResultShouldBe("&lt;div id="feature"...") (0.0s)&#xD;
&#xD;
Given I have this feature description&#xD;
  --- multiline step argument ---&#xD;
  Including a picture: ![alt text](./image.png "Image Title")&#xD;
-&gt; done: StepDefinitions.GivenIHaveThisFeatureDescription("Including a pictu...") (0.0s)&#xD;
When I generate the documentation&#xD;
-&gt; done: StepDefinitions.WhenIGenerateTheDocumentation() (0.0s)&#xD;
Then the result should be&#xD;
  --- multiline step argument ---&#xD;
  &lt;div id="feature"&gt;&#xD;
    &lt;h1&gt;a feature&lt;/h1&gt;&#xD;
    &lt;div class="description"&gt;&#xD;
      &lt;p&gt;Including a picture: &lt;img src="./image.png" alt="alt text" title="Image Title" /&gt;&lt;/p&gt;&#xD;
    &lt;/div&gt;&#xD;
    &lt;ul id="scenarios" /&gt;&#xD;
  &lt;/div&gt;&#xD;
-&gt; done: StepDefinitions.ThenTheResultShouldBe("&lt;div id="feature"...") (0.0s)&#xD;
&#xD;
NUnit Adapter 3.17.0.0: Test execution complete&#xD;
</StdOut>
    </Output>
  </ResultSummary>
</TestRun>