<?xml version="1.0" encoding="utf-8"?>
<TestRun id="8ec32db5-f2ba-46f1-9555-d630184df8e6" name="ericcarlson@ERICCARLSONBBE6 2022-05-04 14:46:08" runUser="ERICCARLSONBBE6\ericcarlson" xmlns="http://microsoft.com/schemas/VisualStudio/TeamTest/2010">
  <Times creation="2022-05-04T14:46:08.6448811-04:00" queuing="2022-05-04T14:46:08.6448812-04:00" start="2022-05-04T14:46:05.8645812-04:00" finish="2022-05-04T14:46:10.0334107-04:00" />
  <TestSettings name="default" id="1cda7787-e332-4d6b-a5cc-5d9c41341ef7">
    <Deployment runDeploymentRoot="ericcarlson_ERICCARLSONBBE6_2022-05-04_14_46_08" />
  </TestSettings>
  <Results>
    <UnitTestResult executionId="c6beee4e-18cf-42c5-b7b2-87c629cc58bd" testId="627adc13-8a7b-a068-2e61-4aa81780d9fd" testName="Map_Null_ReturnsNull" computerName="ERICCARLSONBBE6" duration="00:00:00.0000860" startTime="2022-05-04T14:46:09.5091536-04:00" endTime="2022-05-04T14:46:09.5092394-04:00" testType="13cdc9d9-ddb5-4fa4-a97d-d965ccfc6d4b" outcome="Passed" testListId="8c84fa94-04c1-424b-9868-57a2d4851a1d" relativeResultsDirectory="c6beee4e-18cf-42c5-b7b2-87c629cc58bd" />
    <UnitTestResult executionId="b4c2662b-0c46-4fe8-be37-63cd6c006e0a" testId="1a925225-7345-bea6-a5d1-7fa98d2cfa7a" testName="Map_TableHeaderWithValues_ConvertsToJsonTableHeader" computerName="ERICCARLSONBBE6" duration="00:00:00.0021710" startTime="2022-05-04T14:46:09.5020696-04:00" endTime="2022-05-04T14:46:09.5042403-04:00" testType="13cdc9d9-ddb5-4fa4-a97d-d965ccfc6d4b" outcome="Passed" testListId="8c84fa94-04c1-424b-9868-57a2d4851a1d" relativeResultsDirectory="b4c2662b-0c46-4fe8-be37-63cd6c006e0a" />
    <UnitTestResult executionId="35eaa16a-763b-46b0-90c8-8ba80405c282" testId="22b55a68-c311-5ac6-5932-e95e99f46701" testName="GetRelativeUriTo_FileToFile_ReturnsNodesFileName" computerName="ERICCARLSONBBE6" duration="00:00:00.0007880" startTime="2022-05-04T14:46:08.6427145-04:00" endTime="2022-05-04T14:46:08.6435029-04:00" testType="13cdc9d9-ddb5-4fa4-a97d-d965ccfc6d4b" outcome="Passed" testListId="8c84fa94-04c1-424b-9868-57a2d4851a1d" relativeResultsDirectory="35eaa16a-763b-46b0-90c8-8ba80405c282" />
    <UnitTestResult executionId="0a18ec3f-6e00-416f-ba43-3a46615a1f71" testId="2ded35d7-32fa-b312-206c-4530f3316064" testName="WhenExperimentalIsDisabled_ResolveMarkdownProvider" computerName="ERICCARLSONBBE6" duration="00:00:00.0004260" startTime="2022-05-04T14:46:09.6917641-04:00" endTime="2022-05-04T14:46:09.6921904-04:00" testType="13cdc9d9-ddb5-4fa4-a97d-d965ccfc6d4b" outcome="Passed" testListId="8c84fa94-04c1-424b-9868-57a2d4851a1d" relativeResultsDirectory="0a18ec3f-6e00-416f-ba43-3a46615a1f71" />
    <UnitTestResult executionId="585467d7-9f52-40e2-9292-6ce488847fd4" testId="ef1fded0-9368-0b89-add4-288e25a22d19" testName="Map_WithTags_ReturnsTags" computerName="ERICCARLSONBBE6" duration="00:00:00.0002110" startTime="2022-05-04T14:46:09.4930011-04:00" endTime="2022-05-04T14:46:09.4932121-04:00" testType="13cdc9d9-ddb5-4fa4-a97d-d965ccfc6d4b" outcome="Passed" testListId="8c84fa94-04c1-424b-9868-57a2d4851a1d" relativeResultsDirectory="585467d7-9f52-40e2-9292-6ce488847fd4" />
    <UnitTestResult executionId="a9e8de0a-f276-4906-8374-90fd38d27d1a" testId="9ec673de-4ee7-1c04-ca06-f2ecdbfb66c9" testName="IsRelevant_InvalidFile_ReturnsFalse" computerName="ERICCARLSONBBE6" duration="00:00:00.0001710" startTime="2022-05-04T14:46:08.6470606-04:00" endTime="2022-05-04T14:46:08.6472313-04:00" testType="13cdc9d9-ddb5-4fa4-a97d-d965ccfc6d4b" outcome="Passed" testListId="8c84fa94-04c1-424b-9868-57a2d4851a1d" relativeResultsDirectory="a9e8de0a-f276-4906-8374-90fd38d27d1a" />
    <UnitTestResult executionId="5d2a9924-380b-428d-9aff-fb67120aaa97" testId="ed1cb2a1-5bce-8780-a88b-05d623ad378e" testName="ItShouldContainWasSuccessfulKeyInJsonDocument" computerName="ERICCARLSONBBE6" duration="00:00:00.0129640" startTime="2022-05-04T14:46:09.3175103-04:00" endTime="2022-05-04T14:46:09.3304740-04:00" testType="13cdc9d9-ddb5-4fa4-a97d-d965ccfc6d4b" outcome="Passed" testListId="8c84fa94-04c1-424b-9868-57a2d4851a1d" relativeResultsDirectory="5d2a9924-380b-428d-9aff-fb67120aaa97" />
    <UnitTestResult executionId="c3f6a3d9-f602-454a-96a6-5ae35290bde0" testId="c2fae702-1219-a5ae-f1ea-5e55a1f23bf4" testName="ThenCanFormatTextAsWikiWordSuccessfully" computerName="ERICCARLSONBBE6" duration="00:00:00.0009040" startTime="2022-05-04T14:46:08.6629778-04:00" endTime="2022-05-04T14:46:08.6638820-04:00" testType="13cdc9d9-ddb5-4fa4-a97d-d965ccfc6d4b" outcome="Passed" testListId="8c84fa94-04c1-424b-9868-57a2d4851a1d" relativeResultsDirectory="c3f6a3d9-f602-454a-96a6-5ae35290bde0" />
    <UnitTestResult executionId="71eab293-49a0-44ef-a2e8-af949facd01b" testId="8e6eb9e8-caeb-6fdc-4c95-879f9b06c4bd" testName="LineThatStartsWithEscapedHash_Header5_ShouldRemoveEscapeSign" computerName="ERICCARLSONBBE6" duration="00:00:00.0000649" startTime="2022-05-04T14:46:08.6261520-04:00" endTime="2022-05-04T14:46:08.6262169-04:00" testType="13cdc9d9-ddb5-4fa4-a97d-d965ccfc6d4b" outcome="Passed" testListId="8c84fa94-04c1-424b-9868-57a2d4851a1d" relativeResultsDirectory="71eab293-49a0-44ef-a2e8-af949facd01b" />
    <UnitTestResult executionId="57cf8463-9609-4187-b95a-9cd8ad0a1596" testId="54394cfc-30d0-1b21-a9c9-bf82c6c4e0e4" testName="Map_FeatureWithScenario_ReturnsScenario" computerName="ERICCARLSONBBE6" duration="00:00:00.0025910" startTime="2022-05-04T14:46:09.4897157-04:00" endTime="2022-05-04T14:46:09.4923065-04:00" testType="13cdc9d9-ddb5-4fa4-a97d-d965ccfc6d4b" outcome="Passed" testListId="8c84fa94-04c1-424b-9868-57a2d4851a1d" relativeResultsDirectory="57cf8463-9609-4187-b95a-9cd8ad0a1596" />
    <UnitTestResult executionId="6b2fb45a-a6c1-460f-8a6b-a4fb8cc4a6d4" testId="6fd40770-cb6f-4692-f9e6-68b2c60e90b9" testName="Ul_Element_Must_Contain_Li_Children_Only" computerName="ERICCARLSONBBE6" duration="00:00:00.0101210" startTime="2022-05-04T14:46:09.4733083-04:00" endTime="2022-05-04T14:46:09.4834291-04:00" testType="13cdc9d9-ddb5-4fa4-a97d-d965ccfc6d4b" outcome="Passed" testListId="8c84fa94-04c1-424b-9868-57a2d4851a1d" relativeResultsDirectory="6b2fb45a-a6c1-460f-8a6b-a4fb8cc4a6d4" />
    <UnitTestResult executionId="cf6df99d-e8f4-46c9-a382-83e89e16581d" testId="842b0ea9-88ad-790a-c59e-e495e1c6e68b" testName="Map_WithTags_ReturnsTags" computerName="ERICCARLSONBBE6" duration="00:00:00.0001760" startTime="2022-05-04T14:46:09.4993727-04:00" endTime="2022-05-04T14:46:09.4995490-04:00" testType="13cdc9d9-ddb5-4fa4-a97d-d965ccfc6d4b" outcome="Passed" testListId="8c84fa94-04c1-424b-9868-57a2d4851a1d" relativeResultsDirectory="cf6df99d-e8f4-46c9-a382-83e89e16581d" />
    <UnitTestResult executionId="069913d3-68b7-4563-95fb-34f635c7c081" testId="4a414230-905d-7f8d-87d3-8884d0269163" testName="MapToScenario_RegularScenario_ReturnsScenario" computerName="ERICCARLSONBBE6" duration="00:00:00.0016880" startTime="2022-05-04T14:46:09.5794233-04:00" endTime="2022-05-04T14:46:09.5811108-04:00" testType="13cdc9d9-ddb5-4fa4-a97d-d965ccfc6d4b" outcome="Passed" testListId="8c84fa94-04c1-424b-9868-57a2d4851a1d" relativeResultsDirectory="069913d3-68b7-4563-95fb-34f635c7c081" />
    <UnitTestResult executionId="73e43da5-7dfc-470d-a86d-19795650efb5" testId="2497e506-3dc8-5ae6-a611-63bce47ee455" testName="GetLanguageServicesForLanguage_WithNullLanguage_ReturnsLanguageServicesForEnglish" computerName="ERICCARLSONBBE6" duration="00:00:00.0000910" startTime="2022-05-04T14:46:09.4837829-04:00" endTime="2022-05-04T14:46:09.4838737-04:00" testType="13cdc9d9-ddb5-4fa4-a97d-d965ccfc6d4b" outcome="Passed" testListId="8c84fa94-04c1-424b-9868-57a2d4851a1d" relativeResultsDirectory="73e43da5-7dfc-470d-a86d-19795650efb5" />
    <UnitTestResult executionId="9e65193c-dc0c-413d-95a8-8f724dd05d0e" testId="4320c348-afea-ab45-3dd4-efc1eb3772fe" testName="ItShouldIndicateWasSuccessfulIsFalseForAnotherFailingScenario" computerName="ERICCARLSONBBE6" duration="00:00:00.0106380" startTime="2022-05-04T14:46:09.3305119-04:00" endTime="2022-05-04T14:46:09.3411500-04:00" testType="13cdc9d9-ddb5-4fa4-a97d-d965ccfc6d4b" outcome="Passed" testListId="8c84fa94-04c1-424b-9868-57a2d4851a1d" relativeResultsDirectory="9e65193c-dc0c-413d-95a8-8f724dd05d0e" />
    <UnitTestResult executionId="39836b9c-82cd-43b7-9e8e-88a70b392ee1" testId="77906bed-4a7d-5521-51c2-4f3d836434ba" testName="MapToStep_StepWithTableArgument_ReturnStepWithTable" computerName="ERICCARLSONBBE6" duration="00:00:00.0015070" startTime="2022-05-04T14:46:09.5932403-04:00" endTime="2022-05-04T14:46:09.5947472-04:00" testType="13cdc9d9-ddb5-4fa4-a97d-d965ccfc6d4b" outcome="Passed" testListId="8c84fa94-04c1-424b-9868-57a2d4851a1d" relativeResultsDirectory="39836b9c-82cd-43b7-9e8e-88a70b392ee1" />
    <UnitTestResult executionId="7996c850-7b36-4190-a5aa-da000fc24ddf" testId="91630d50-5bca-7acf-6341-4417c7067c35" testName="GetEncoding_FileIsLessThanFourBytes_DoesNotThrowException" computerName="ERICCARLSONBBE6" duration="00:00:00.0008620" startTime="2022-05-04T14:46:08.6558690-04:00" endTime="2022-05-04T14:46:08.6567313-04:00" testType="13cdc9d9-ddb5-4fa4-a97d-d965ccfc6d4b" outcome="Passed" testListId="8c84fa94-04c1-424b-9868-57a2d4851a1d" relativeResultsDirectory="7996c850-7b36-4190-a5aa-da000fc24ddf" />
    <UnitTestResult executionId="6dede81e-b36f-448b-a14e-5a6446ded8d2" testId="75dd8bd3-eae9-4577-2955-8c8531bc3c5b" testName="Create_InvalidFeatureFile_AddsEntryToReport" computerName="ERICCARLSONBBE6" duration="00:00:00.0193550" startTime="2022-05-04T14:46:08.8168075-04:00" endTime="2022-05-04T14:46:08.8361625-04:00" testType="13cdc9d9-ddb5-4fa4-a97d-d965ccfc6d4b" outcome="Passed" testListId="8c84fa94-04c1-424b-9868-57a2d4851a1d" relativeResultsDirectory="6dede81e-b36f-448b-a14e-5a6446ded8d2" />
    <UnitTestResult executionId="85072587-a7a9-4c02-b5e6-dc7c30fb1cfa" testId="055dd1b0-0a2c-8108-d65a-6f6f4684a4ce" testName="MapToFeature_FeatureWithTags_ReturnsFeatureWithTags" computerName="ERICCARLSONBBE6" duration="00:00:00.0012160" startTime="2022-05-04T14:46:09.5617494-04:00" endTime="2022-05-04T14:46:09.5629655-04:00" testType="13cdc9d9-ddb5-4fa4-a97d-d965ccfc6d4b" outcome="Passed" testListId="8c84fa94-04c1-424b-9868-57a2d4851a1d" relativeResultsDirectory="85072587-a7a9-4c02-b5e6-dc7c30fb1cfa" />
    <UnitTestResult executionId="9b847618-bf53-45c7-92f6-61358b36ba55" testId="b2f41475-071c-06b4-373d-577f6af5c5d6" testName="GetEncoding_FileDoesNotExist_DoesNotThrowException" computerName="ERICCARLSONBBE6" duration="00:00:00.0009080" startTime="2022-05-04T14:46:08.6549372-04:00" endTime="2022-05-04T14:46:08.6558450-04:00" testType="13cdc9d9-ddb5-4fa4-a97d-d965ccfc6d4b" outcome="Passed" testListId="8c84fa94-04c1-424b-9868-57a2d4851a1d" relativeResultsDirectory="9b847618-bf53-45c7-92f6-61358b36ba55" />
    <UnitTestResult executionId="fab2e021-4f68-4253-959d-62e1d6a48582" testId="53961c9e-5b44-6e8d-e692-db730794cc8f" testName="MapToKeyword_GivenInSwedish_ReturnsGiven" computerName="ERICCARLSONBBE6" duration="00:00:00.0011030" startTime="2022-05-04T14:46:09.6013305-04:00" endTime="2022-05-04T14:46:09.6024336-04:00" testType="13cdc9d9-ddb5-4fa4-a97d-d965ccfc6d4b" outcome="Passed" testListId="8c84fa94-04c1-424b-9868-57a2d4851a1d" relativeResultsDirectory="fab2e021-4f68-4253-959d-62e1d6a48582" />
    <UnitTestResult executionId="1a8f9bad-86ff-48f0-af70-17df483dabe2" testId="0aa79223-629c-5269-1c07-377109cd0bcb" testName="Constructor_Default_SetsLanguageToEnglish" computerName="ERICCARLSONBBE6" duration="00:00:00.0831340" startTime="2022-05-04T14:46:08.2329250-04:00" endTime="2022-05-04T14:46:08.3159919-04:00" testType="13cdc9d9-ddb5-4fa4-a97d-d965ccfc6d4b" outcome="Passed" testListId="8c84fa94-04c1-424b-9868-57a2d4851a1d" relativeResultsDirectory="1a8f9bad-86ff-48f0-af70-17df483dabe2" />
    <UnitTestResult executionId="5b8a0af3-7f11-41b5-8170-904340217514" testId="c64ab3fd-a5a1-5878-7c1a-1e8a8afbf3b9" testName="Merge_NullReference_ThrowsArgumentNullException" computerName="ERICCARLSONBBE6" duration="00:00:00.0006489" startTime="2022-05-04T14:46:09.6101500-04:00" endTime="2022-05-04T14:46:09.6107993-04:00" testType="13cdc9d9-ddb5-4fa4-a97d-d965ccfc6d4b" outcome="Passed" testListId="8c84fa94-04c1-424b-9868-57a2d4851a1d" relativeResultsDirectory="5b8a0af3-7f11-41b5-8170-904340217514" />
    <UnitTestResult executionId="12bc5f7d-9200-4cfd-9d59-61469f23a03b" testId="4fed08b0-6faa-29af-fffd-4a7101183958" testName="ShouldNotBlowUpWHenParsingEmptyFolder" computerName="ERICCARLSONBBE6" duration="00:00:00.1175640" startTime="2022-05-04T14:46:09.0507690-04:00" endTime="2022-05-04T14:46:09.1683322-04:00" testType="13cdc9d9-ddb5-4fa4-a97d-d965ccfc6d4b" outcome="Passed" testListId="8c84fa94-04c1-424b-9868-57a2d4851a1d" relativeResultsDirectory="12bc5f7d-9200-4cfd-9d59-61469f23a03b" />
    <UnitTestResult executionId="9874ace2-2530-4379-9ec0-c24f7f11bd64" testId="d92eaaf4-b839-67e3-ea8a-60df87c4cfbd" testName="MapToFeature_FeatureWithoutLanguage_ReturnsFeatureWithEnglish" computerName="ERICCARLSONBBE6" duration="00:00:00.0010760" startTime="2022-05-04T14:46:09.5572990-04:00" endTime="2022-05-04T14:46:09.5583746-04:00" testType="13cdc9d9-ddb5-4fa4-a97d-d965ccfc6d4b" outcome="Passed" testListId="8c84fa94-04c1-424b-9868-57a2d4851a1d" relativeResultsDirectory="9874ace2-2530-4379-9ec0-c24f7f11bd64" />
    <UnitTestResult executionId="113f7a81-124f-4071-b244-cbf9f15f707f" testId="7d4b2fb4-4f47-e69c-8783-b5d5edc4e395" testName="ThenCanParseScenariosSuccessfully" computerName="ERICCARLSONBBE6" duration="00:00:00.0022600" startTime="2022-05-04T14:46:09.6541954-04:00" endTime="2022-05-04T14:46:09.6564552-04:00" testType="13cdc9d9-ddb5-4fa4-a97d-d965ccfc6d4b" outcome="Passed" testListId="8c84fa94-04c1-424b-9868-57a2d4851a1d" relativeResultsDirectory="113f7a81-124f-4071-b244-cbf9f15f707f" />
    <UnitTestResult executionId="a4bd7f73-a0fa-495f-8907-8790a2f48f0a" testId="2f32466c-54e6-c512-f429-2080bcc91825" testName="MapToScenario_BackgroundWithNullDescription_ReturnsScenarioWithEmptyDescription" computerName="ERICCARLSONBBE6" duration="00:00:00.0065800" startTime="2022-05-04T14:46:09.5134059-04:00" endTime="2022-05-04T14:46:09.5199858-04:00" testType="13cdc9d9-ddb5-4fa4-a97d-d965ccfc6d4b" outcome="Passed" testListId="8c84fa94-04c1-424b-9868-57a2d4851a1d" relativeResultsDirectory="a4bd7f73-a0fa-495f-8907-8790a2f48f0a" />
    <UnitTestResult executionId="c03f0285-a91c-420c-baac-ae43cde52643" testId="c3ab92f1-9919-8262-68eb-854764e7ba38" testName="IsRelevant_ValidFile_ReturnsTrue(&quot;image.bmp&quot;)" computerName="ERICCARLSONBBE6" duration="00:00:00.0000500" startTime="2022-05-04T14:46:08.6477930-04:00" endTime="2022-05-04T14:46:08.6478426-04:00" testType="13cdc9d9-ddb5-4fa4-a97d-d965ccfc6d4b" outcome="Passed" testListId="8c84fa94-04c1-424b-9868-57a2d4851a1d" relativeResultsDirectory="c03f0285-a91c-420c-baac-ae43cde52643" />
    <UnitTestResult executionId="fe7434cf-4bf9-4f1a-9c6f-a6af9456fd53" testId="c064a3cb-594b-9f1c-fd00-9c99d07e5d7d" testName="GetDialect_WithLanguageThatIncludesHyphen_ReturnsThatLanguage" computerName="ERICCARLSONBBE6" duration="00:00:00.0013690" startTime="2022-05-04T14:46:08.3297885-04:00" endTime="2022-05-04T14:46:08.3311574-04:00" testType="13cdc9d9-ddb5-4fa4-a97d-d965ccfc6d4b" outcome="Passed" testListId="8c84fa94-04c1-424b-9868-57a2d4851a1d" relativeResultsDirectory="fe7434cf-4bf9-4f1a-9c6f-a6af9456fd53" />
    <UnitTestResult executionId="03e3d660-d31a-46e6-a2da-eeae20203f57" testId="e1f51bb1-2532-93e9-0f45-421d8bb3ec2a" testName="MapToFeature_FeatureWithScenarioDefinitions_ReturnsFeatureWithFeatureElements" computerName="ERICCARLSONBBE6" duration="00:00:00.0013330" startTime="2022-05-04T14:46:09.5583976-04:00" endTime="2022-05-04T14:46:09.5597301-04:00" testType="13cdc9d9-ddb5-4fa4-a97d-d965ccfc6d4b" outcome="Passed" testListId="8c84fa94-04c1-424b-9868-57a2d4851a1d" relativeResultsDirectory="03e3d660-d31a-46e6-a2da-eeae20203f57" />
    <UnitTestResult executionId="07dc5063-20c7-4cef-94f3-3b2b829e2649" testId="4ff43338-8721-dbba-445e-878079003ddc" testName="MapToScenarioOutline_ScenarioOutlineWithNullDescription_ReturnsScenarioOutlineWithEmptyDescription" computerName="ERICCARLSONBBE6" duration="00:00:00.0011140" startTime="2022-05-04T14:46:09.5823245-04:00" endTime="2022-05-04T14:46:09.5834387-04:00" testType="13cdc9d9-ddb5-4fa4-a97d-d965ccfc6d4b" outcome="Passed" testListId="8c84fa94-04c1-424b-9868-57a2d4851a1d" relativeResultsDirectory="07dc5063-20c7-4cef-94f3-3b2b829e2649" />
    <UnitTestResult executionId="fcaf3d6f-1baf-4b9c-b158-4843131c1b0f" testId="cb1cb307-beed-417a-ac8b-f4330065e350" testName="ThenCanResolveTheSelectedIDocumentationBuilder(Excel,PicklesDoc.Pickles.DocumentationBuilders.Excel.ExcelDocumentationBuilder)" computerName="ERICCARLSONBBE6" duration="00:00:00.0008390" startTime="2022-05-04T14:46:09.6794955-04:00" endTime="2022-05-04T14:46:09.6803348-04:00" testType="13cdc9d9-ddb5-4fa4-a97d-d965ccfc6d4b" outcome="Passed" testListId="8c84fa94-04c1-424b-9868-57a2d4851a1d" relativeResultsDirectory="fcaf3d6f-1baf-4b9c-b158-4843131c1b0f" />
    <UnitTestResult executionId="b0753f3c-ed7a-4d0e-9044-9000023e3995" testId="af36d738-f453-f142-0ce1-e216fe6834e8" testName="Constructor_ValidFileSystemInfo_SetsOriginalLocationUrl" computerName="ERICCARLSONBBE6" duration="00:00:00.0020150" startTime="2022-05-04T14:46:08.6314666-04:00" endTime="2022-05-04T14:46:08.6334818-04:00" testType="13cdc9d9-ddb5-4fa4-a97d-d965ccfc6d4b" outcome="Passed" testListId="8c84fa94-04c1-424b-9868-57a2d4851a1d" relativeResultsDirectory="b0753f3c-ed7a-4d0e-9044-9000023e3995" />
    <UnitTestResult executionId="272d0d80-6485-4bcd-9a1a-738dcd003db3" testId="5b3c5d54-7a5e-d899-2d9c-c16dbf4931ca" testName="Then_can_parse_scenario_with_comments_successfully" computerName="ERICCARLSONBBE6" duration="00:00:00.0023940" startTime="2022-05-04T14:46:09.6455361-04:00" endTime="2022-05-04T14:46:09.6479296-04:00" testType="13cdc9d9-ddb5-4fa4-a97d-d965ccfc6d4b" outcome="Passed" testListId="8c84fa94-04c1-424b-9868-57a2d4851a1d" relativeResultsDirectory="272d0d80-6485-4bcd-9a1a-738dcd003db3" />
    <UnitTestResult executionId="ec3e4fc7-6f28-4ee6-ab54-ac81c9a3bebb" testId="68f64e68-24e0-ca45-5d01-93a0ed765eae" testName="Map_Inconclusive_ReturnsExecutedFalseSuccessfulFalse" computerName="ERICCARLSONBBE6" duration="00:00:00.0000900" startTime="2022-05-04T14:46:09.5103942-04:00" endTime="2022-05-04T14:46:09.5104845-04:00" testType="13cdc9d9-ddb5-4fa4-a97d-d965ccfc6d4b" outcome="Passed" testListId="8c84fa94-04c1-424b-9868-57a2d4851a1d" relativeResultsDirectory="ec3e4fc7-6f28-4ee6-ab54-ac81c9a3bebb" />
    <UnitTestResult executionId="3a5120bf-b2e0-43ea-a194-42e5e517e28d" testId="920efb33-30de-9f4f-92fb-5da03c8d73d8" testName="Then_can_parse_and_remove_tag_in_configuration_remove_technical_tag_from_scenario" computerName="ERICCARLSONBBE6" duration="00:00:00.0021850" startTime="2022-05-04T14:46:09.6355810-04:00" endTime="2022-05-04T14:46:09.6377661-04:00" testType="13cdc9d9-ddb5-4fa4-a97d-d965ccfc6d4b" outcome="Passed" testListId="8c84fa94-04c1-424b-9868-57a2d4851a1d" relativeResultsDirectory="3a5120bf-b2e0-43ea-a194-42e5e517e28d" />
    <UnitTestResult executionId="9eccb03d-80e2-4908-9dca-3fb1e5e746a4" testId="0443b89a-0e19-7897-5ed1-52b3f67c6cf5" testName="Map_SomeFeature_ReturnsJsonFeature" computerName="ERICCARLSONBBE6" duration="00:00:00.0000920" startTime="2022-05-04T14:46:09.4924438-04:00" endTime="2022-05-04T14:46:09.4925354-04:00" testType="13cdc9d9-ddb5-4fa4-a97d-d965ccfc6d4b" outcome="Passed" testListId="8c84fa94-04c1-424b-9868-57a2d4851a1d" relativeResultsDirectory="9eccb03d-80e2-4908-9dca-3fb1e5e746a4" />
    <UnitTestResult executionId="20b7d847-bac5-4827-a5f2-6ccaf14ea854" testId="91b05bdf-ff91-2509-c0c6-ca5d28e711ee" testName="MapToTable_DataTableWithThreeRows_ReturnsTableWithHeaderRowAndTwoRows" computerName="ERICCARLSONBBE6" duration="00:00:00.0026480" startTime="2022-05-04T14:46:09.5331252-04:00" endTime="2022-05-04T14:46:09.5357734-04:00" testType="13cdc9d9-ddb5-4fa4-a97d-d965ccfc6d4b" outcome="Passed" testListId="8c84fa94-04c1-424b-9868-57a2d4851a1d" relativeResultsDirectory="20b7d847-bac5-4827-a5f2-6ccaf14ea854" />
    <UnitTestResult executionId="3ed1afff-4a80-4032-857c-bc1c118c45c7" testId="285bb885-df8b-e1fa-0501-85b2d2ed57d2" testName="MapToComment_RegularComment_ReturnsComment" computerName="ERICCARLSONBBE6" duration="00:00:00.0040210" startTime="2022-05-04T14:46:09.5265272-04:00" endTime="2022-05-04T14:46:09.5305483-04:00" testType="13cdc9d9-ddb5-4fa4-a97d-d965ccfc6d4b" outcome="Passed" testListId="8c84fa94-04c1-424b-9868-57a2d4851a1d" relativeResultsDirectory="3ed1afff-4a80-4032-857c-bc1c118c45c7" />
    <UnitTestResult executionId="f3a25574-f666-4df4-9409-b3e7ab8c7e0e" testId="9f075bd6-5d09-682b-185d-903bddefcd8e" testName="Merge_PassedInconclusiveAndFailedResults_ShouldReturnFailed" computerName="ERICCARLSONBBE6" duration="00:00:00.0001950" startTime="2022-05-04T14:46:09.6108244-04:00" endTime="2022-05-04T14:46:09.6110190-04:00" testType="13cdc9d9-ddb5-4fa4-a97d-d965ccfc6d4b" outcome="Passed" testListId="8c84fa94-04c1-424b-9868-57a2d4851a1d" relativeResultsDirectory="f3a25574-f666-4df4-9409-b3e7ab8c7e0e" />
    <UnitTestResult executionId="746c68e1-1406-4bde-83ba-fedcf5eb7911" testId="8de2a033-b676-2f53-2f59-0733a195f808" testName="Map_NoExamples_ReturnsEmptyListOfExamples" computerName="ERICCARLSONBBE6" duration="00:00:00.0000900" startTime="2022-05-04T14:46:09.4982563-04:00" endTime="2022-05-04T14:46:09.4983465-04:00" testType="13cdc9d9-ddb5-4fa4-a97d-d965ccfc6d4b" outcome="Passed" testListId="8c84fa94-04c1-424b-9868-57a2d4851a1d" relativeResultsDirectory="746c68e1-1406-4bde-83ba-fedcf5eb7911" />
    <UnitTestResult executionId="69eca111-757d-4d4d-b156-e2de88b45c9e" testId="92e03e0f-edf9-aa46-0a93-130eee73dd0c" testName="Map_WithNullComments_ReturnsEmptyStepCommentsList" computerName="ERICCARLSONBBE6" duration="00:00:00.0000830" startTime="2022-05-04T14:46:09.5009864-04:00" endTime="2022-05-04T14:46:09.5010690-04:00" testType="13cdc9d9-ddb5-4fa4-a97d-d965ccfc6d4b" outcome="Passed" testListId="8c84fa94-04c1-424b-9868-57a2d4851a1d" relativeResultsDirectory="69eca111-757d-4d4d-b156-e2de88b45c9e" />
    <UnitTestResult executionId="929459ec-bea4-46fb-9bf9-69439ca4eafb" testId="cfc02a44-6328-e237-93b8-8ccd4232e507" testName="Constructor_WithLanguageServicesRegistryThatDefaultsToDutch_SetsLangugageToDutch" computerName="ERICCARLSONBBE6" duration="00:00:00.0001730" startTime="2022-05-04T14:46:08.3172777-04:00" endTime="2022-05-04T14:46:08.3174507-04:00" testType="13cdc9d9-ddb5-4fa4-a97d-d965ccfc6d4b" outcome="Passed" testListId="8c84fa94-04c1-424b-9868-57a2d4851a1d" relativeResultsDirectory="929459ec-bea4-46fb-9bf9-69439ca4eafb" />
    <UnitTestResult executionId="3935a476-b1f1-4ba1-bbef-03d41b2e0858" testId="ad9c4f1f-f3c4-4f5a-d866-e8e35b84d47b" testName="Create_InvalidFileType_AddsEntryToReport" computerName="ERICCARLSONBBE6" duration="00:00:00.0012810" startTime="2022-05-04T14:46:08.8361990-04:00" endTime="2022-05-04T14:46:08.8374801-04:00" testType="13cdc9d9-ddb5-4fa4-a97d-d965ccfc6d4b" outcome="Passed" testListId="8c84fa94-04c1-424b-9868-57a2d4851a1d" relativeResultsDirectory="3935a476-b1f1-4ba1-bbef-03d41b2e0858" />
    <UnitTestResult executionId="19cd03e7-8c20-4539-ae54-1831974ef587" testId="8a192c30-8319-60ca-9b79-083c98f4c139" testName="MapToStringDocString_ArgumentWithStringValue_ReturnsThatString" computerName="ERICCARLSONBBE6" duration="00:00:00.0012470" startTime="2022-05-04T14:46:09.5407269-04:00" endTime="2022-05-04T14:46:09.5419743-04:00" testType="13cdc9d9-ddb5-4fa4-a97d-d965ccfc6d4b" outcome="Passed" testListId="8c84fa94-04c1-424b-9868-57a2d4851a1d" relativeResultsDirectory="19cd03e7-8c20-4539-ae54-1831974ef587" />
    <UnitTestResult executionId="d69b4fb5-360e-4e49-9880-e82a549c74fe" testId="6dda5574-3208-47af-bda7-987e6b113677" testName="TocShouldBeSetWithCorrectAttributes" computerName="ERICCARLSONBBE6" duration="00:00:00.0099440" startTime="2022-05-04T14:46:09.4633378-04:00" endTime="2022-05-04T14:46:09.4732819-04:00" testType="13cdc9d9-ddb5-4fa4-a97d-d965ccfc6d4b" outcome="Passed" testListId="8c84fa94-04c1-424b-9868-57a2d4851a1d" relativeResultsDirectory="d69b4fb5-360e-4e49-9880-e82a549c74fe" />
    <UnitTestResult executionId="7f493c15-7ca8-48a0-91e2-2959ddb6910d" testId="ee9a1573-ad49-6697-840a-72c1ec738307" testName="MapToFeature_FeatureWithComments_ReturnsFeatureWithoutComments_WhenConfigurationSpecifies" computerName="ERICCARLSONBBE6" duration="00:00:00.0023310" startTime="2022-05-04T14:46:09.5525863-04:00" endTime="2022-05-04T14:46:09.5549171-04:00" testType="13cdc9d9-ddb5-4fa4-a97d-d965ccfc6d4b" outcome="Passed" testListId="8c84fa94-04c1-424b-9868-57a2d4851a1d" relativeResultsDirectory="7f493c15-7ca8-48a0-91e2-2959ddb6910d" />
    <UnitTestResult executionId="3f1d7b57-caed-4626-a74e-2bf9593440c0" testId="359602d4-5c8b-a71b-3178-d67e251b597f" testName="Process_BlankThenText_ReturnsText" computerName="ERICCARLSONBBE6" duration="00:00:00.0000620" startTime="2022-05-04T14:46:08.6262980-04:00" endTime="2022-05-04T14:46:08.6263596-04:00" testType="13cdc9d9-ddb5-4fa4-a97d-d965ccfc6d4b" outcome="Passed" testListId="8c84fa94-04c1-424b-9868-57a2d4851a1d" relativeResultsDirectory="3f1d7b57-caed-4626-a74e-2bf9593440c0" />
    <UnitTestResult executionId="6a173d39-cd90-40c1-8be5-a8378ae20c2a" testId="2ecfc0bc-21d0-9225-7733-601491925d83" testName="ItShouldContainTheSutInfoInTheJsonDocument" computerName="ERICCARLSONBBE6" duration="00:00:00.0145690" startTime="2022-05-04T14:46:09.3029014-04:00" endTime="2022-05-04T14:46:09.3174695-04:00" testType="13cdc9d9-ddb5-4fa4-a97d-d965ccfc6d4b" outcome="Passed" testListId="8c84fa94-04c1-424b-9868-57a2d4851a1d" relativeResultsDirectory="6a173d39-cd90-40c1-8be5-a8378ae20c2a" />
    <UnitTestResult executionId="43648fba-aba5-4c8c-8133-9364042c2ddd" testId="abc15c7b-e91f-721b-1bac-97e82836e053" testName="MapToKeyword_KeywordIsProvidedWithBlank_ReturnsKeyword" computerName="ERICCARLSONBBE6" duration="00:00:00.0010660" startTime="2022-05-04T14:46:09.6024568-04:00" endTime="2022-05-04T14:46:09.6035226-04:00" testType="13cdc9d9-ddb5-4fa4-a97d-d965ccfc6d4b" outcome="Passed" testListId="8c84fa94-04c1-424b-9868-57a2d4851a1d" relativeResultsDirectory="43648fba-aba5-4c8c-8133-9364042c2ddd" />
    <UnitTestResult executionId="6a6e8b91-e85a-4cb5-8663-ae5d22e9a30e" testId="d8703a4d-64af-90ac-3d91-d91ec6e526a2" testName="MapToStringTableCell_TableCellWithValue_ReturnsThatValue" computerName="ERICCARLSONBBE6" duration="00:00:00.0012660" startTime="2022-05-04T14:46:09.5318367-04:00" endTime="2022-05-04T14:46:09.5331024-04:00" testType="13cdc9d9-ddb5-4fa4-a97d-d965ccfc6d4b" outcome="Passed" testListId="8c84fa94-04c1-424b-9868-57a2d4851a1d" relativeResultsDirectory="6a6e8b91-e85a-4cb5-8663-ae5d22e9a30e" />
    <UnitTestResult executionId="57ad08f6-2056-411a-91e0-c3ea347e3f5d" testId="1bf0b620-508f-e5dc-9a04-0b8d440ef88c" testName="Constructor_NullArgument_ShouldThrowArgumentNullException" computerName="ERICCARLSONBBE6" duration="00:00:00.0055170" startTime="2022-05-04T14:46:08.6133039-04:00" endTime="2022-05-04T14:46:08.6188209-04:00" testType="13cdc9d9-ddb5-4fa4-a97d-d965ccfc6d4b" outcome="Passed" testListId="8c84fa94-04c1-424b-9868-57a2d4851a1d" relativeResultsDirectory="57ad08f6-2056-411a-91e0-c3ea347e3f5d" />
    <UnitTestResult executionId="44bff55f-60a7-42d2-9d99-0020143cd8b2" testId="46b0f1f2-e2c0-2ed3-c0f5-cf8dfe1ffe79" testName="Get_A_Relative_Path_When_Location_Is_Deeper_Than_Root_Even_When_Root_Contains_End_Slash" computerName="ERICCARLSONBBE6" duration="00:00:00.0007130" startTime="2022-05-04T14:46:08.6621698-04:00" endTime="2022-05-04T14:46:08.6628829-04:00" testType="13cdc9d9-ddb5-4fa4-a97d-d965ccfc6d4b" outcome="Passed" testListId="8c84fa94-04c1-424b-9868-57a2d4851a1d" relativeResultsDirectory="44bff55f-60a7-42d2-9d99-0020143cd8b2" />
    <UnitTestResult executionId="55bce1ce-ba35-4e33-bf27-a4933c4e93ab" testId="91378188-0153-6848-6e24-0c45539dcf6d" testName="ThenCanResolveTheSelectedIDocumentationBuilder(DHtml,PicklesDoc.Pickles.DocumentationBuilders.Dhtml.DhtmlDocumentationBuilder)" computerName="ERICCARLSONBBE6" duration="00:00:00.0007339" startTime="2022-05-04T14:46:09.6803592-04:00" endTime="2022-05-04T14:46:09.6810933-04:00" testType="13cdc9d9-ddb5-4fa4-a97d-d965ccfc6d4b" outcome="Passed" testListId="8c84fa94-04c1-424b-9868-57a2d4851a1d" relativeResultsDirectory="55bce1ce-ba35-4e33-bf27-a4933c4e93ab" />
    <UnitTestResult executionId="b7208e9d-a2bd-4a21-9029-5537fd7242d0" testId="e1aea241-43f3-513e-2ce9-d6146ae98a5b" testName="Process_NullInput_ReturnsEmptyString" computerName="ERICCARLSONBBE6" duration="00:00:00.0000600" startTime="2022-05-04T14:46:08.6264379-04:00" endTime="2022-05-04T14:46:08.6264982-04:00" testType="13cdc9d9-ddb5-4fa4-a97d-d965ccfc6d4b" outcome="Passed" testListId="8c84fa94-04c1-424b-9868-57a2d4851a1d" relativeResultsDirectory="b7208e9d-a2bd-4a21-9029-5537fd7242d0" />
    <UnitTestResult executionId="31561972-0e2b-496b-9460-743a3ca7a1e4" testId="a4fe69d7-576a-c1e6-1303-8a61499629eb" testName="Parse_InvalidFeatureContent_ThrowsFeatureParseException" computerName="ERICCARLSONBBE6" duration="00:00:00.0031360" startTime="2022-05-04T14:46:08.8438771-04:00" endTime="2022-05-04T14:46:08.8470137-04:00" testType="13cdc9d9-ddb5-4fa4-a97d-d965ccfc6d4b" outcome="Passed" testListId="8c84fa94-04c1-424b-9868-57a2d4851a1d" relativeResultsDirectory="31561972-0e2b-496b-9460-743a3ca7a1e4" />
    <UnitTestResult executionId="6c95fef7-e681-4eb2-9efa-e630e7a2ebeb" testId="c9d41f4b-061e-ad0e-ab6b-66d3fd7a5896" testName="LineThatStartsWithEscapedHash_Header3_ShouldRemoveEscapeSign" computerName="ERICCARLSONBBE6" duration="00:00:00.0000880" startTime="2022-05-04T14:46:08.6259790-04:00" endTime="2022-05-04T14:46:08.6260670-04:00" testType="13cdc9d9-ddb5-4fa4-a97d-d965ccfc6d4b" outcome="Passed" testListId="8c84fa94-04c1-424b-9868-57a2d4851a1d" relativeResultsDirectory="6c95fef7-e681-4eb2-9efa-e630e7a2ebeb" />
    <UnitTestResult executionId="defe90b7-82d1-4461-9499-7d93283f6e92" testId="2d1e8734-39be-985c-1537-9f979ee40cdf" testName="MapToLocation_NullLocation_ReturnsNull" computerName="ERICCARLSONBBE6" duration="00:00:00.0014960" startTime="2022-05-04T14:46:09.5642813-04:00" endTime="2022-05-04T14:46:09.5657769-04:00" testType="13cdc9d9-ddb5-4fa4-a97d-d965ccfc6d4b" outcome="Passed" testListId="8c84fa94-04c1-424b-9868-57a2d4851a1d" relativeResultsDirectory="defe90b7-82d1-4461-9499-7d93283f6e92" />
    <UnitTestResult executionId="cf3cea6f-5ece-4c9e-b1e5-4254bdc06101" testId="facb13ba-4279-8129-3d61-b8f32c8851aa" testName="ToUriFileSystemInfo_FileInfo_ProducesUri" computerName="ERICCARLSONBBE6" duration="00:00:00.0006860" startTime="2022-05-04T14:46:08.6754124-04:00" endTime="2022-05-04T14:46:08.6760981-04:00" testType="13cdc9d9-ddb5-4fa4-a97d-d965ccfc6d4b" outcome="Passed" testListId="8c84fa94-04c1-424b-9868-57a2d4851a1d" relativeResultsDirectory="cf3cea6f-5ece-4c9e-b1e5-4254bdc06101" />
    <UnitTestResult executionId="53f9a32d-20a7-4549-b24a-f278d2d1a3ac" testId="e0dd9245-0af9-4add-c5ea-a8878a46de43" testName="Then_can_crawl_all_folders_including_subfolders_for_features_successfully" computerName="ERICCARLSONBBE6" duration="00:00:00.0111170" startTime="2022-05-04T14:46:09.6118929-04:00" endTime="2022-05-04T14:46:09.6230098-04:00" testType="13cdc9d9-ddb5-4fa4-a97d-d965ccfc6d4b" outcome="Passed" testListId="8c84fa94-04c1-424b-9868-57a2d4851a1d" relativeResultsDirectory="53f9a32d-20a7-4549-b24a-f278d2d1a3ac" />
    <UnitTestResult executionId="0a468126-2f2b-4457-b32f-67bf88cdcc95" testId="8b9757c9-77c1-3693-65ab-02394e92b990" testName="LineThatStartsWithEscapedHash_Header1_ShouldRemoveEscapeSign" computerName="ERICCARLSONBBE6" duration="00:00:00.0003720" startTime="2022-05-04T14:46:08.6255068-04:00" endTime="2022-05-04T14:46:08.6258790-04:00" testType="13cdc9d9-ddb5-4fa4-a97d-d965ccfc6d4b" outcome="Passed" testListId="8c84fa94-04c1-424b-9868-57a2d4851a1d" relativeResultsDirectory="0a468126-2f2b-4457-b32f-67bf88cdcc95" />
    <UnitTestResult executionId="d6a7188d-7cdb-4054-834d-92f3b2dc0168" testId="a3410762-c366-47a2-74c7-2581a7f438bc" testName="Merge_SingleItem_ReturnsThatItem" computerName="ERICCARLSONBBE6" duration="00:00:00.0001060" startTime="2022-05-04T14:46:09.6110282-04:00" endTime="2022-05-04T14:46:09.6111344-04:00" testType="13cdc9d9-ddb5-4fa4-a97d-d965ccfc6d4b" outcome="Passed" testListId="8c84fa94-04c1-424b-9868-57a2d4851a1d" relativeResultsDirectory="d6a7188d-7cdb-4054-834d-92f3b2dc0168" />
    <UnitTestResult executionId="61089112-da52-4bb7-819d-0046feae68f3" testId="421a6e45-c786-7a38-bb88-c8e678f20118" testName="ThenCanParseScenarioWithDocstringSuccessfully" computerName="ERICCARLSONBBE6" duration="00:00:00.0033390" startTime="2022-05-04T14:46:09.6582949-04:00" endTime="2022-05-04T14:46:09.6616341-04:00" testType="13cdc9d9-ddb5-4fa4-a97d-d965ccfc6d4b" outcome="Passed" testListId="8c84fa94-04c1-424b-9868-57a2d4851a1d" relativeResultsDirectory="61089112-da52-4bb7-819d-0046feae68f3" />
    <UnitTestResult executionId="37acc4a1-1eb1-47aa-957a-4681e8bda199" testId="c266fa7d-acb2-60c9-6e2b-3e6d7d99744e" testName="WhenSettingTheLanguageInTheConfiguration_ThenCanParseMostBasicFeatureSuccessfully" computerName="ERICCARLSONBBE6" duration="00:00:00.0028340" startTime="2022-05-04T14:46:09.6720852-04:00" endTime="2022-05-04T14:46:09.6749191-04:00" testType="13cdc9d9-ddb5-4fa4-a97d-d965ccfc6d4b" outcome="Passed" testListId="8c84fa94-04c1-424b-9868-57a2d4851a1d" relativeResultsDirectory="37acc4a1-1eb1-47aa-957a-4681e8bda199" />
    <UnitTestResult executionId="938b37b9-50bc-4977-ab20-24734fd81024" testId="71ab70a9-ef4b-ca2c-f5d6-1ba5618c1d97" testName="Map_WithName_ReturnsName" computerName="ERICCARLSONBBE6" duration="00:00:00.0000810" startTime="2022-05-04T14:46:09.4989599-04:00" endTime="2022-05-04T14:46:09.4990405-04:00" testType="13cdc9d9-ddb5-4fa4-a97d-d965ccfc6d4b" outcome="Passed" testListId="8c84fa94-04c1-424b-9868-57a2d4851a1d" relativeResultsDirectory="938b37b9-50bc-4977-ab20-24734fd81024" />
    <UnitTestResult executionId="1f2e1a05-4962-46b6-8ef4-8a3e9ef6847b" testId="b0f8f278-b262-e750-8aa3-1ea9a3b22ed7" testName="MapToExample_RegularExamples_ReturnsCorrectExample" computerName="ERICCARLSONBBE6" duration="00:00:00.0016250" startTime="2022-05-04T14:46:09.5451355-04:00" endTime="2022-05-04T14:46:09.5467608-04:00" testType="13cdc9d9-ddb5-4fa4-a97d-d965ccfc6d4b" outcome="Passed" testListId="8c84fa94-04c1-424b-9868-57a2d4851a1d" relativeResultsDirectory="1f2e1a05-4962-46b6-8ef4-8a3e9ef6847b" />
    <UnitTestResult executionId="91b6de1f-27c5-43ca-be34-f432552fccc6" testId="74539da9-e8d8-3db8-fc39-faa5f1db68f1" testName="LineThatStartsWithEscapedHash_Header6_ShouldRemoveEscapeSign" computerName="ERICCARLSONBBE6" duration="00:00:00.0000660" startTime="2022-05-04T14:46:08.6262250-04:00" endTime="2022-05-04T14:46:08.6262909-04:00" testType="13cdc9d9-ddb5-4fa4-a97d-d965ccfc6d4b" outcome="Passed" testListId="8c84fa94-04c1-424b-9868-57a2d4851a1d" relativeResultsDirectory="91b6de1f-27c5-43ca-be34-f432552fccc6" />
    <UnitTestResult executionId="eb549b6a-c0ce-4dab-bc2b-194176712514" testId="061dd521-a1d0-0649-a878-d6361edc5bc9" testName="FirstUlNodeShouldBeIndex" computerName="ERICCARLSONBBE6" duration="00:00:00.0096550" startTime="2022-05-04T14:46:09.4232047-04:00" endTime="2022-05-04T14:46:09.4328598-04:00" testType="13cdc9d9-ddb5-4fa4-a97d-d965ccfc6d4b" outcome="Passed" testListId="8c84fa94-04c1-424b-9868-57a2d4851a1d" relativeResultsDirectory="eb549b6a-c0ce-4dab-bc2b-194176712514" />
    <UnitTestResult executionId="4f349747-66c6-4f22-bfb5-4a1f4bfffd34" testId="ea670fd5-fafa-be15-3f39-ea160de405a5" testName="MapToScenarioOutline_TitleSpecialCharacters_HasValidSlug" computerName="ERICCARLSONBBE6" duration="00:00:00.0011240" startTime="2022-05-04T14:46:09.5834615-04:00" endTime="2022-05-04T14:46:09.5845854-04:00" testType="13cdc9d9-ddb5-4fa4-a97d-d965ccfc6d4b" outcome="Passed" testListId="8c84fa94-04c1-424b-9868-57a2d4851a1d" relativeResultsDirectory="4f349747-66c6-4f22-bfb5-4a1f4bfffd34" />
    <UnitTestResult executionId="f45f9a95-7b3c-4cfe-a9d2-a573e1da37eb" testId="91a1d4f4-07ed-e043-9cbe-b43f79013c8f" testName="ToUriFileSystemInfo_DirectoryWithTrailingSlash_ProducesUriWithTrailingSlash" computerName="ERICCARLSONBBE6" duration="00:00:00.0006910" startTime="2022-05-04T14:46:08.6746982-04:00" endTime="2022-05-04T14:46:08.6753894-04:00" testType="13cdc9d9-ddb5-4fa4-a97d-d965ccfc6d4b" outcome="Passed" testListId="8c84fa94-04c1-424b-9868-57a2d4851a1d" relativeResultsDirectory="f45f9a95-7b3c-4cfe-a9d2-a573e1da37eb" />
    <UnitTestResult executionId="b5b4232d-1047-4118-913f-faef52aebf8f" testId="d47a0e94-b401-7304-363c-d66f5512b23c" testName="Map_WithoutBackground_ReturnsNullBackground" computerName="ERICCARLSONBBE6" duration="00:00:00.0001780" startTime="2022-05-04T14:46:09.4926756-04:00" endTime="2022-05-04T14:46:09.4928534-04:00" testType="13cdc9d9-ddb5-4fa4-a97d-d965ccfc6d4b" outcome="Passed" testListId="8c84fa94-04c1-424b-9868-57a2d4851a1d" relativeResultsDirectory="b5b4232d-1047-4118-913f-faef52aebf8f" />
    <UnitTestResult executionId="810bec09-274f-4af3-92ac-cbb173f7493c" testId="8c668144-2935-03c4-cb76-374695bb843a" testName="Map_FeatureWithElements_ReturnsListofElements" computerName="ERICCARLSONBBE6" duration="00:00:00.0006420" startTime="2022-05-04T14:46:09.4889340-04:00" endTime="2022-05-04T14:46:09.4895756-04:00" testType="13cdc9d9-ddb5-4fa4-a97d-d965ccfc6d4b" outcome="Passed" testListId="8c84fa94-04c1-424b-9868-57a2d4851a1d" relativeResultsDirectory="810bec09-274f-4af3-92ac-cbb173f7493c" />
    <UnitTestResult executionId="6c1526fc-2c8a-4592-a2ec-967ded80dbfd" testId="d1607d13-bf37-a017-7c4d-310c80ac28d2" testName="MapToScenario_NullScenario_ReturnsNull" computerName="ERICCARLSONBBE6" duration="00:00:00.0012990" startTime="2022-05-04T14:46:09.5690421-04:00" endTime="2022-05-04T14:46:09.5703406-04:00" testType="13cdc9d9-ddb5-4fa4-a97d-d965ccfc6d4b" outcome="Passed" testListId="8c84fa94-04c1-424b-9868-57a2d4851a1d" relativeResultsDirectory="6c1526fc-2c8a-4592-a2ec-967ded80dbfd" />
    <UnitTestResult executionId="e4605fb0-14b3-459e-9350-7c3342f4ae09" testId="9896fd01-1602-19ad-40eb-c38536268da9" testName="ItShouldIndicateWasSuccessfulIsFalseForFailingScenario" computerName="ERICCARLSONBBE6" duration="00:00:00.0091650" startTime="2022-05-04T14:46:09.3411846-04:00" endTime="2022-05-04T14:46:09.3503498-04:00" testType="13cdc9d9-ddb5-4fa4-a97d-d965ccfc6d4b" outcome="Passed" testListId="8c84fa94-04c1-424b-9868-57a2d4851a1d" relativeResultsDirectory="e4605fb0-14b3-459e-9350-7c3342f4ae09" />
    <UnitTestResult executionId="bfa57023-fca7-480b-8b43-3572f22d0df5" testId="90282de9-ec82-4e67-bd23-4cc70ee9315b" testName="ThenCanResolveTheSelectedIDocumentationBuilder(Cucumber,PicklesDoc.Pickles.DocumentationBuilders.Cucumber.CucumberDocumentationBuilder)" computerName="ERICCARLSONBBE6" duration="00:00:00.0007180" startTime="2022-05-04T14:46:09.6818907-04:00" endTime="2022-05-04T14:46:09.6826082-04:00" testType="13cdc9d9-ddb5-4fa4-a97d-d965ccfc6d4b" outcome="Passed" testListId="8c84fa94-04c1-424b-9868-57a2d4851a1d" relativeResultsDirectory="bfa57023-fca7-480b-8b43-3572f22d0df5" />
    <UnitTestResult executionId="e250ca47-55e0-4df0-9a12-3f78de759a69" testId="4d389c4f-c1a4-9777-3cc5-f0470e77453d" testName="ShouldContainTheFeatures" computerName="ERICCARLSONBBE6" duration="00:00:00.0310540" startTime="2022-05-04T14:46:09.3782350-04:00" endTime="2022-05-04T14:46:09.4092891-04:00" testType="13cdc9d9-ddb5-4fa4-a97d-d965ccfc6d4b" outcome="Passed" testListId="8c84fa94-04c1-424b-9868-57a2d4851a1d" relativeResultsDirectory="e250ca47-55e0-4df0-9a12-3f78de759a69" />
    <UnitTestResult executionId="8edf554f-9854-405e-99bb-22d347ca90f1" testId="5dc69bee-0bac-486b-6e0f-6ce7f05461ae" testName="Map_NullTableRow_ReturnsNull" computerName="ERICCARLSONBBE6" duration="00:00:00.0003070" startTime="2022-05-04T14:46:09.5017525-04:00" endTime="2022-05-04T14:46:09.5020599-04:00" testType="13cdc9d9-ddb5-4fa4-a97d-d965ccfc6d4b" outcome="Passed" testListId="8c84fa94-04c1-424b-9868-57a2d4851a1d" relativeResultsDirectory="8edf554f-9854-405e-99bb-22d347ca90f1" />
    <UnitTestResult executionId="5092cc2b-d72d-4af5-b14a-6b230a53e5bc" testId="e31e485a-1cf3-d830-234b-7b05e837d621" testName="MapToKeyword_ThenInSwedish_ReturnsThen" computerName="ERICCARLSONBBE6" duration="00:00:00.0010560" startTime="2022-05-04T14:46:09.6046272-04:00" endTime="2022-05-04T14:46:09.6056830-04:00" testType="13cdc9d9-ddb5-4fa4-a97d-d965ccfc6d4b" outcome="Passed" testListId="8c84fa94-04c1-424b-9868-57a2d4851a1d" relativeResultsDirectory="5092cc2b-d72d-4af5-b14a-6b230a53e5bc" />
    <UnitTestResult executionId="3f400d61-731d-4870-8824-73c3f363a8f9" testId="c0fbf6e7-772e-29b3-6edc-0a3674abefb6" testName="MapToKeyword_WhenInSwedish_ReturnsWhen" computerName="ERICCARLSONBBE6" duration="00:00:00.0010510" startTime="2022-05-04T14:46:09.6057063-04:00" endTime="2022-05-04T14:46:09.6067571-04:00" testType="13cdc9d9-ddb5-4fa4-a97d-d965ccfc6d4b" outcome="Passed" testListId="8c84fa94-04c1-424b-9868-57a2d4851a1d" relativeResultsDirectory="3f400d61-731d-4870-8824-73c3f363a8f9" />
    <UnitTestResult executionId="a73df9f8-bc13-42e1-999c-b246dc718f54" testId="0deeb8ae-3a20-2371-5a6c-b2ecc1099272" testName="MapToStep_StepWithDocStringArgument_ReturnStepWithDocString" computerName="ERICCARLSONBBE6" duration="00:00:00.0014480" startTime="2022-05-04T14:46:09.5889734-04:00" endTime="2022-05-04T14:46:09.5904213-04:00" testType="13cdc9d9-ddb5-4fa4-a97d-d965ccfc6d4b" outcome="Passed" testListId="8c84fa94-04c1-424b-9868-57a2d4851a1d" relativeResultsDirectory="a73df9f8-bc13-42e1-999c-b246dc718f54" />
    <UnitTestResult executionId="b2722792-576c-4806-9c66-dbc0f760d67a" testId="4a5df4ca-f345-0994-08e9-9a292fd5e958" testName="IsRelevant_ByDefault_ReturnsFalse" computerName="ERICCARLSONBBE6" duration="00:00:00.0022830" startTime="2022-05-04T14:46:08.6447534-04:00" endTime="2022-05-04T14:46:08.6470358-04:00" testType="13cdc9d9-ddb5-4fa4-a97d-d965ccfc6d4b" outcome="Passed" testListId="8c84fa94-04c1-424b-9868-57a2d4851a1d" relativeResultsDirectory="b2722792-576c-4806-9c66-dbc0f760d67a" />
    <UnitTestResult executionId="bde20d02-628d-490b-ae94-5eb704609e22" testId="bc057af5-36ed-77fb-c2b2-4b62175a9d61" testName="ThenCanParseFeatureWithMultipleScenariosSuccessfully" computerName="ERICCARLSONBBE6" duration="00:00:00.0022759" startTime="2022-05-04T14:46:09.6497042-04:00" endTime="2022-05-04T14:46:09.6519805-04:00" testType="13cdc9d9-ddb5-4fa4-a97d-d965ccfc6d4b" outcome="Passed" testListId="8c84fa94-04c1-424b-9868-57a2d4851a1d" relativeResultsDirectory="bde20d02-628d-490b-ae94-5eb704609e22" />
    <UnitTestResult executionId="420c9f42-e18c-4957-b54b-509400817403" testId="e8b0726c-36bd-6c85-dd69-b7de9bafab06" testName="MapToScenarioBackground_NullBackground_ReturnsNullScenario" computerName="ERICCARLSONBBE6" duration="00:00:00.0011880" startTime="2022-05-04T14:46:09.5200309-04:00" endTime="2022-05-04T14:46:09.5212190-04:00" testType="13cdc9d9-ddb5-4fa4-a97d-d965ccfc6d4b" outcome="Passed" testListId="8c84fa94-04c1-424b-9868-57a2d4851a1d" relativeResultsDirectory="420c9f42-e18c-4957-b54b-509400817403" />
    <UnitTestResult executionId="7e84fb0c-a041-4f21-ba56-f3226d11ab12" testId="5b7d7e18-3797-759c-db9a-5e4c609a525d" testName="MapToFeature_Always_MapsFeaturePropertyOfBackground" computerName="ERICCARLSONBBE6" duration="00:00:00.0026400" startTime="2022-05-04T14:46:09.5107414-04:00" endTime="2022-05-04T14:46:09.5133814-04:00" testType="13cdc9d9-ddb5-4fa4-a97d-d965ccfc6d4b" outcome="Passed" testListId="8c84fa94-04c1-424b-9868-57a2d4851a1d" relativeResultsDirectory="7e84fb0c-a041-4f21-ba56-f3226d11ab12" />
    <UnitTestResult executionId="9006e2ad-017a-405c-9806-9dc416044c7d" testId="902de792-f705-6364-b7ff-7e3bf94c757c" testName="ItShouldWasSuccessfulFalseForFeatureXJsonDocument" computerName="ERICCARLSONBBE6" duration="00:00:00.0101350" startTime="2022-05-04T14:46:09.3673579-04:00" endTime="2022-05-04T14:46:09.3774924-04:00" testType="13cdc9d9-ddb5-4fa4-a97d-d965ccfc6d4b" outcome="Passed" testListId="8c84fa94-04c1-424b-9868-57a2d4851a1d" relativeResultsDirectory="9006e2ad-017a-405c-9806-9dc416044c7d" />
    <UnitTestResult executionId="f6a09f50-96c2-4daa-994d-feb7b6c7ed81" testId="b5808cb5-1ccc-f6ad-2d48-84256ff70878" testName="IsRelevant_ValidFileWithMixedCaseExtension_ReturnsTrue" computerName="ERICCARLSONBBE6" duration="00:00:00.0001590" startTime="2022-05-04T14:46:08.6479135-04:00" endTime="2022-05-04T14:46:08.6480721-04:00" testType="13cdc9d9-ddb5-4fa4-a97d-d965ccfc6d4b" outcome="Passed" testListId="8c84fa94-04c1-424b-9868-57a2d4851a1d" relativeResultsDirectory="f6a09f50-96c2-4daa-994d-feb7b6c7ed81" />
    <UnitTestResult executionId="c19572e6-c100-403e-b7ad-6c85a797c2b5" testId="469a685d-4e1b-0133-054e-35e10cec9810" testName="Format_ContentIsFeatureNode_UsesHtmlFeatureFormatterWithCorrectArgument" computerName="ERICCARLSONBBE6" duration="00:00:00.0159630" startTime="2022-05-04T14:46:09.0339301-04:00" endTime="2022-05-04T14:46:09.0498929-04:00" testType="13cdc9d9-ddb5-4fa4-a97d-d965ccfc6d4b" outcome="Passed" testListId="8c84fa94-04c1-424b-9868-57a2d4851a1d" relativeResultsDirectory="c19572e6-c100-403e-b7ad-6c85a797c2b5" />
    <UnitTestResult executionId="23e6b98c-6bfc-44e0-a0c1-5d5e9eff322c" testId="7dfff11c-46c3-c506-4197-5a652064eb50" testName="Map_TableWithNullDataRow_ReturnsJsonTableWithEmptyDataRows" computerName="ERICCARLSONBBE6" duration="00:00:00.0002430" startTime="2022-05-04T14:46:09.5099199-04:00" endTime="2022-05-04T14:46:09.5101625-04:00" testType="13cdc9d9-ddb5-4fa4-a97d-d965ccfc6d4b" outcome="Passed" testListId="8c84fa94-04c1-424b-9868-57a2d4851a1d" relativeResultsDirectory="23e6b98c-6bfc-44e0-a0c1-5d5e9eff322c" />
    <UnitTestResult executionId="bc4a63c3-659c-4071-9ece-72a116d8a507" testId="37fe9d09-a818-1ef8-df58-f72c0d297037" testName="ToFolderUriString_WithoutTrailingSlash_ValidOutputWithTrailingSlash" computerName="ERICCARLSONBBE6" duration="00:00:00.0006650" startTime="2022-05-04T14:46:08.6664019-04:00" endTime="2022-05-04T14:46:08.6670666-04:00" testType="13cdc9d9-ddb5-4fa4-a97d-d965ccfc6d4b" outcome="Passed" testListId="8c84fa94-04c1-424b-9868-57a2d4851a1d" relativeResultsDirectory="bc4a63c3-659c-4071-9ece-72a116d8a507" />
    <UnitTestResult executionId="218e6286-dd99-48ec-8ebf-cf221e5eee6c" testId="00441c96-4748-e7f5-f01b-e47727822d3b" testName="TableOfContent_Must_Contain_One_Paragraph_With_Current_Class" computerName="ERICCARLSONBBE6" duration="00:00:00.0096210" startTime="2022-05-04T14:46:09.4442735-04:00" endTime="2022-05-04T14:46:09.4538941-04:00" testType="13cdc9d9-ddb5-4fa4-a97d-d965ccfc6d4b" outcome="Passed" testListId="8c84fa94-04c1-424b-9868-57a2d4851a1d" relativeResultsDirectory="218e6286-dd99-48ec-8ebf-cf221e5eee6c" />
    <UnitTestResult executionId="d3d011bd-6a75-4915-a364-eea2384e8f80" testId="f1eb8b6a-9375-3801-5631-df4597432bd1" testName="Map_When_ReturnsWhen" computerName="ERICCARLSONBBE6" duration="00:00:00.0000760" startTime="2022-05-04T14:46:09.4977409-04:00" endTime="2022-05-04T14:46:09.4978170-04:00" testType="13cdc9d9-ddb5-4fa4-a97d-d965ccfc6d4b" outcome="Passed" testListId="8c84fa94-04c1-424b-9868-57a2d4851a1d" relativeResultsDirectory="d3d011bd-6a75-4915-a364-eea2384e8f80" />
    <UnitTestResult executionId="46b24ea2-6a6e-4b6d-bd2e-13f7839c635a" testId="c4796383-dd20-0fa4-0454-b0730eb75248" testName="Parse_InvalidFeatureFile_ThrowsFeatureParseExceptionWithFilename" computerName="ERICCARLSONBBE6" duration="00:00:00.0042260" startTime="2022-05-04T14:46:08.8477884-04:00" endTime="2022-05-04T14:46:08.8520145-04:00" testType="13cdc9d9-ddb5-4fa4-a97d-d965ccfc6d4b" outcome="Passed" testListId="8c84fa94-04c1-424b-9868-57a2d4851a1d" relativeResultsDirectory="46b24ea2-6a6e-4b6d-bd2e-13f7839c635a" />
    <UnitTestResult executionId="4d7d424b-7b2d-494a-956b-422722cf4c6a" testId="f8a55f69-4bb6-f4ce-d8cb-672a9c4c9f03" testName="ItShouldIndicateWasSuccessfulIsTrueForTheOtherSuccessFeature" computerName="ERICCARLSONBBE6" duration="00:00:00.0075840" startTime="2022-05-04T14:46:09.3597473-04:00" endTime="2022-05-04T14:46:09.3673311-04:00" testType="13cdc9d9-ddb5-4fa4-a97d-d965ccfc6d4b" outcome="Passed" testListId="8c84fa94-04c1-424b-9868-57a2d4851a1d" relativeResultsDirectory="4d7d424b-7b2d-494a-956b-422722cf4c6a" />
    <UnitTestResult executionId="02c04700-a12b-4a13-b4fe-4c9476cac3e1" testId="f7e0777a-1331-1f40-67bd-d8c8374f16be" testName="Map_NotNull_ReturnsJsonCommentWithSameText" computerName="ERICCARLSONBBE6" duration="00:00:00.0003230" startTime="2022-05-04T14:46:09.4845703-04:00" endTime="2022-05-04T14:46:09.4848936-04:00" testType="13cdc9d9-ddb5-4fa4-a97d-d965ccfc6d4b" outcome="Passed" testListId="8c84fa94-04c1-424b-9868-57a2d4851a1d" relativeResultsDirectory="02c04700-a12b-4a13-b4fe-4c9476cac3e1" />
    <UnitTestResult executionId="6b7d24f5-88fd-4ab3-95b5-f9582453ab81" testId="a0490bd8-72d0-eb80-99c2-9e2dd52b73ee" testName="MapToFeature_FeatureWithSimpleProperties_ReturnsFeaturesWithThoseProperties" computerName="ERICCARLSONBBE6" duration="00:00:00.0019100" startTime="2022-05-04T14:46:09.5597949-04:00" endTime="2022-05-04T14:46:09.5617052-04:00" testType="13cdc9d9-ddb5-4fa4-a97d-d965ccfc6d4b" outcome="Passed" testListId="8c84fa94-04c1-424b-9868-57a2d4851a1d" relativeResultsDirectory="6b7d24f5-88fd-4ab3-95b5-f9582453ab81" />
    <UnitTestResult executionId="9a698689-1f10-4208-87e2-b46b8b3e1393" testId="eae8d6d5-3d1b-9a28-35cb-83916a819bec" testName="Map_TableWithHeaderRow_ReturnsJsonTableWithoutHeaderRow" computerName="ERICCARLSONBBE6" duration="00:00:00.0001890" startTime="2022-05-04T14:46:09.5097096-04:00" endTime="2022-05-04T14:46:09.5098984-04:00" testType="13cdc9d9-ddb5-4fa4-a97d-d965ccfc6d4b" outcome="Passed" testListId="8c84fa94-04c1-424b-9868-57a2d4851a1d" relativeResultsDirectory="9a698689-1f10-4208-87e2-b46b8b3e1393" />
    <UnitTestResult executionId="b475c899-2e8f-4ea6-b6b7-bdeb6db4cef9" testId="b4c3f351-61ef-8930-7ade-7ecfade50bdf" testName="MapToScenario_NullScenario_ReturnsNull" computerName="ERICCARLSONBBE6" duration="00:00:00.0010169" startTime="2022-05-04T14:46:09.5783835-04:00" endTime="2022-05-04T14:46:09.5794006-04:00" testType="13cdc9d9-ddb5-4fa4-a97d-d965ccfc6d4b" outcome="Passed" testListId="8c84fa94-04c1-424b-9868-57a2d4851a1d" relativeResultsDirectory="b475c899-2e8f-4ea6-b6b7-bdeb6db4cef9" />
    <UnitTestResult executionId="88880dd1-9db4-4315-9b33-edbee6f5ddbe" testId="42016bf3-754c-eff4-cfc4-18801838538f" testName="MapToStep_StepWithoutArgument_ReturnStep" computerName="ERICCARLSONBBE6" duration="00:00:00.0012110" startTime="2022-05-04T14:46:09.5920051-04:00" endTime="2022-05-04T14:46:09.5932160-04:00" testType="13cdc9d9-ddb5-4fa4-a97d-d965ccfc6d4b" outcome="Passed" testListId="8c84fa94-04c1-424b-9868-57a2d4851a1d" relativeResultsDirectory="88880dd1-9db4-4315-9b33-edbee6f5ddbe" />
    <UnitTestResult executionId="be636bc2-cceb-4330-b722-d55a3a078837" testId="8b1542e3-99b5-1273-5fd1-a9f37fb26ad5" testName="GetRelativeUriTo_DirectoryToFileOutside_ReturnsRelativePath" computerName="ERICCARLSONBBE6" duration="00:00:00.0008810" startTime="2022-05-04T14:46:08.6398539-04:00" endTime="2022-05-04T14:46:08.6407351-04:00" testType="13cdc9d9-ddb5-4fa4-a97d-d965ccfc6d4b" outcome="Passed" testListId="8c84fa94-04c1-424b-9868-57a2d4851a1d" relativeResultsDirectory="be636bc2-cceb-4330-b722-d55a3a078837" />
    <UnitTestResult executionId="a8b73e38-341e-4689-9f30-b806919c8e4b" testId="5a022529-d884-a7d6-8c9f-86c67564ce23" testName="Map_WithoutAfterLastStepComments_ReturnsEmptyList" computerName="ERICCARLSONBBE6" duration="00:00:00.0001270" startTime="2022-05-04T14:46:09.5010767-04:00" endTime="2022-05-04T14:46:09.5012040-04:00" testType="13cdc9d9-ddb5-4fa4-a97d-d965ccfc6d4b" outcome="Passed" testListId="8c84fa94-04c1-424b-9868-57a2d4851a1d" relativeResultsDirectory="a8b73e38-341e-4689-9f30-b806919c8e4b" />
    <UnitTestResult executionId="1c5589b1-a5f5-4eaa-a6ac-63796d762e2d" testId="69d56e98-4eff-4355-eeb5-6709592411a0" testName="GetEncoding_NullArgument_ThrowsArgumentNullException" computerName="ERICCARLSONBBE6" duration="00:00:00.0007840" startTime="2022-05-04T14:46:08.6567543-04:00" endTime="2022-05-04T14:46:08.6575387-04:00" testType="13cdc9d9-ddb5-4fa4-a97d-d965ccfc6d4b" outcome="Passed" testListId="8c84fa94-04c1-424b-9868-57a2d4851a1d" relativeResultsDirectory="1c5589b1-a5f5-4eaa-a6ac-63796d762e2d" />
    <UnitTestResult executionId="4f8598d7-eb17-4701-a45d-a7977da19b6c" testId="099963f8-8e00-3f84-3a38-4573687c4438" testName="MapToFeature_FeatureWithDutchLanguage_ReturnsFeatureWithDutch" computerName="ERICCARLSONBBE6" duration="00:00:00.0011940" startTime="2022-05-04T14:46:09.5549419-04:00" endTime="2022-05-04T14:46:09.5561355-04:00" testType="13cdc9d9-ddb5-4fa4-a97d-d965ccfc6d4b" outcome="Passed" testListId="8c84fa94-04c1-424b-9868-57a2d4851a1d" relativeResultsDirectory="4f8598d7-eb17-4701-a45d-a7977da19b6c" />
    <UnitTestResult executionId="ace21d0a-cb84-45dc-b131-f9a180ee1586" testId="a19c62ca-31cc-64e1-f5dd-6b73618efdbd" testName="MoveNamespace" computerName="ERICCARLSONBBE6" duration="00:00:00.0005040" startTime="2022-05-04T14:46:09.4839686-04:00" endTime="2022-05-04T14:46:09.4844722-04:00" testType="13cdc9d9-ddb5-4fa4-a97d-d965ccfc6d4b" outcome="Passed" testListId="8c84fa94-04c1-424b-9868-57a2d4851a1d" relativeResultsDirectory="ace21d0a-cb84-45dc-b131-f9a180ee1586" />
    <UnitTestResult executionId="77ef2cd4-4f06-4b7a-9340-b4ed8e49bf24" testId="79e9a2d5-6fd7-c594-c7c3-6a0aee043d3b" testName="ToFileUriString_WithoutTrailingSlash_ValidOutputWithTrailingSlash" computerName="ERICCARLSONBBE6" duration="00:00:00.0008710" startTime="2022-05-04T14:46:08.6655071-04:00" endTime="2022-05-04T14:46:08.6663781-04:00" testType="13cdc9d9-ddb5-4fa4-a97d-d965ccfc6d4b" outcome="Passed" testListId="8c84fa94-04c1-424b-9868-57a2d4851a1d" relativeResultsDirectory="77ef2cd4-4f06-4b7a-9340-b4ed8e49bf24" />
    <UnitTestResult executionId="19cebbe5-78b0-4278-ad4e-c453ef9bf1b2" testId="fc601999-9e44-2983-a7fb-26c9b68b5726" testName="Merge_MultiplePassedResults_ShouldReturnPassed" computerName="ERICCARLSONBBE6" duration="00:00:00.0000960" startTime="2022-05-04T14:46:09.6100464-04:00" endTime="2022-05-04T14:46:09.6101421-04:00" testType="13cdc9d9-ddb5-4fa4-a97d-d965ccfc6d4b" outcome="Passed" testListId="8c84fa94-04c1-424b-9868-57a2d4851a1d" relativeResultsDirectory="19cebbe5-78b0-4278-ad4e-c453ef9bf1b2" />
    <UnitTestResult executionId="58830e86-bff9-4194-9260-b49498f4b9a7" testId="df26f463-6d21-97d6-0a42-9137aec5ea4c" testName="MapToScenario_Always_MapsFeatureProperty" computerName="ERICCARLSONBBE6" duration="00:00:00.0017100" startTime="2022-05-04T14:46:09.5673088-04:00" endTime="2022-05-04T14:46:09.5690187-04:00" testType="13cdc9d9-ddb5-4fa4-a97d-d965ccfc6d4b" outcome="Passed" testListId="8c84fa94-04c1-424b-9868-57a2d4851a1d" relativeResultsDirectory="58830e86-bff9-4194-9260-b49498f4b9a7" />
    <UnitTestResult executionId="18f9b306-7776-4ad8-8dd0-b85d91564ec7" testId="8952b576-6631-ae17-2867-cd3e93cd8ea7" testName="MapToKeyWord_StringGiven_ReturnsGiven" computerName="ERICCARLSONBBE6" duration="00:00:00.0010210" startTime="2022-05-04T14:46:09.5846987-04:00" endTime="2022-05-04T14:46:09.5857200-04:00" testType="13cdc9d9-ddb5-4fa4-a97d-d965ccfc6d4b" outcome="Passed" testListId="8c84fa94-04c1-424b-9868-57a2d4851a1d" relativeResultsDirectory="18f9b306-7776-4ad8-8dd0-b85d91564ec7" />
    <UnitTestResult executionId="124aeade-f885-49b0-8458-1ec7b228771a" testId="2d57c021-10f4-7573-e131-41b5e641b7f1" testName="WhenExperimentalIsEnabled_ResolveStrikeMarkdownProvider" computerName="ERICCARLSONBBE6" duration="00:00:00.2314200" startTime="2022-05-04T14:46:09.6922134-04:00" endTime="2022-05-04T14:46:09.9236332-04:00" testType="13cdc9d9-ddb5-4fa4-a97d-d965ccfc6d4b" outcome="Passed" testListId="8c84fa94-04c1-424b-9868-57a2d4851a1d" relativeResultsDirectory="124aeade-f885-49b0-8458-1ec7b228771a" />
    <UnitTestResult executionId="e09f4ad2-b666-49b4-804b-13e0620d9aab" testId="cd326f26-4b5c-a5b5-7db2-4bedf97529df" testName="Map_WithDocString_ReturnsDocStringAndNoTableArgument" computerName="ERICCARLSONBBE6" duration="00:00:00.0002410" startTime="2022-05-04T14:46:09.5003206-04:00" endTime="2022-05-04T14:46:09.5005611-04:00" testType="13cdc9d9-ddb5-4fa4-a97d-d965ccfc6d4b" outcome="Passed" testListId="8c84fa94-04c1-424b-9868-57a2d4851a1d" relativeResultsDirectory="e09f4ad2-b666-49b4-804b-13e0620d9aab" />
    <UnitTestResult executionId="56c19dac-f406-44c8-9548-343035dac8ee" testId="5b735e33-8631-fc28-0819-93b4df2659c4" testName="Map_WithBackground_ReturnsBackground" computerName="ERICCARLSONBBE6" duration="00:00:00.0001250" startTime="2022-05-04T14:46:09.4925432-04:00" endTime="2022-05-04T14:46:09.4926676-04:00" testType="13cdc9d9-ddb5-4fa4-a97d-d965ccfc6d4b" outcome="Passed" testListId="8c84fa94-04c1-424b-9868-57a2d4851a1d" relativeResultsDirectory="56c19dac-f406-44c8-9548-343035dac8ee" />
    <UnitTestResult executionId="34270f04-0464-4e75-aa61-d68cb51df0b1" testId="22e52513-2df6-8c27-3e3b-511650413f71" testName="ToFileUriCombined_ValidIntput_ValidOutput" computerName="ERICCARLSONBBE6" duration="00:00:00.0005599" startTime="2022-05-04T14:46:08.6649232-04:00" endTime="2022-05-04T14:46:08.6654830-04:00" testType="13cdc9d9-ddb5-4fa4-a97d-d965ccfc6d4b" outcome="Passed" testListId="8c84fa94-04c1-424b-9868-57a2d4851a1d" relativeResultsDirectory="34270f04-0464-4e75-aa61-d68cb51df0b1" />
    <UnitTestResult executionId="a3b8d0de-b15d-443b-b640-c279b516307d" testId="1778f960-3877-9ea7-360f-a6725dc97989" testName="IsRelevant_ImageFileInfo_ReturnsTrue" computerName="ERICCARLSONBBE6" duration="00:00:00.0009310" startTime="2022-05-04T14:46:08.6497159-04:00" endTime="2022-05-04T14:46:08.6506465-04:00" testType="13cdc9d9-ddb5-4fa4-a97d-d965ccfc6d4b" outcome="Passed" testListId="8c84fa94-04c1-424b-9868-57a2d4851a1d" relativeResultsDirectory="a3b8d0de-b15d-443b-b640-c279b516307d" />
    <UnitTestResult executionId="0871b5aa-5ade-40fb-9e58-ab498a113f75" testId="01cf9393-974a-501b-772e-4a5b61f1c33b" testName="Map_DutchFeature_SetsNativeKeywordToExamples" computerName="ERICCARLSONBBE6" duration="00:00:00.0014290" startTime="2022-05-04T14:46:09.4864622-04:00" endTime="2022-05-04T14:46:09.4878905-04:00" testType="13cdc9d9-ddb5-4fa4-a97d-d965ccfc6d4b" outcome="Passed" testListId="8c84fa94-04c1-424b-9868-57a2d4851a1d" relativeResultsDirectory="0871b5aa-5ade-40fb-9e58-ab498a113f75" />
    <UnitTestResult executionId="e9bd0789-99e3-4a66-88dd-4db5c338626d" testId="47d60e4c-7728-7fa1-ef17-3a29405824ca" testName="Map_AnExampleWithName_ReturnsAJsonExampleWithName" computerName="ERICCARLSONBBE6" duration="00:00:00.0000970" startTime="2022-05-04T14:46:09.4858460-04:00" endTime="2022-05-04T14:46:09.4859433-04:00" testType="13cdc9d9-ddb5-4fa4-a97d-d965ccfc6d4b" outcome="Passed" testListId="8c84fa94-04c1-424b-9868-57a2d4851a1d" relativeResultsDirectory="e9bd0789-99e3-4a66-88dd-4db5c338626d" />
    <UnitTestResult executionId="88075f66-3f11-42cc-b28c-eda6b9747aed" testId="7537e683-3e74-548a-5552-941c0a3f0e36" testName="Map_Null_ReturnsNull" computerName="ERICCARLSONBBE6" duration="00:00:00.0000680" startTime="2022-05-04T14:46:09.4985422-04:00" endTime="2022-05-04T14:46:09.4986106-04:00" testType="13cdc9d9-ddb5-4fa4-a97d-d965ccfc6d4b" outcome="Passed" testListId="8c84fa94-04c1-424b-9868-57a2d4851a1d" relativeResultsDirectory="88075f66-3f11-42cc-b28c-eda6b9747aed" />
    <UnitTestResult executionId="40537b03-18a9-460e-a356-cd761c8b53a0" testId="406df244-d1c3-813e-16f9-3ed6d4fe1b59" testName="ThenCanDetectAllStylesheetsSuccessfully" computerName="ERICCARLSONBBE6" duration="00:00:00.0030900" startTime="2022-05-04T14:46:09.9307036-04:00" endTime="2022-05-04T14:46:09.9337938-04:00" testType="13cdc9d9-ddb5-4fa4-a97d-d965ccfc6d4b" outcome="Passed" testListId="8c84fa94-04c1-424b-9868-57a2d4851a1d" relativeResultsDirectory="40537b03-18a9-460e-a356-cd761c8b53a0" />
    <UnitTestResult executionId="4de03124-5ab7-4e4d-aef3-850ea85996d9" testId="ecfa8010-b0ed-0c28-6fc0-090d48a06e33" testName="Map_WithName_ReturnsName" computerName="ERICCARLSONBBE6" duration="00:00:00.0000840" startTime="2022-05-04T14:46:09.5006907-04:00" endTime="2022-05-04T14:46:09.5007751-04:00" testType="13cdc9d9-ddb5-4fa4-a97d-d965ccfc6d4b" outcome="Passed" testListId="8c84fa94-04c1-424b-9868-57a2d4851a1d" relativeResultsDirectory="4de03124-5ab7-4e4d-aef3-850ea85996d9" />
    <UnitTestResult executionId="22da871d-fc89-4ad9-b6e5-76295a3ae49f" testId="523f430c-589f-aafd-1b2b-05118044b2a8" testName="GetRelativeUriTo_FileToDirectory_ReturnsNodesFileName" computerName="ERICCARLSONBBE6" duration="00:00:00.0011280" startTime="2022-05-04T14:46:08.6415602-04:00" endTime="2022-05-04T14:46:08.6426876-04:00" testType="13cdc9d9-ddb5-4fa4-a97d-d965ccfc6d4b" outcome="Passed" testListId="8c84fa94-04c1-424b-9868-57a2d4851a1d" relativeResultsDirectory="22da871d-fc89-4ad9-b6e5-76295a3ae49f" />
    <UnitTestResult executionId="d4463287-24f3-4809-95c0-43a27e595c50" testId="58fdf393-4dc1-4654-9f01-3990fd5b5cd7" testName="Map_TableRowWithRows_ReturnsObjectWithStrings" computerName="ERICCARLSONBBE6" duration="00:00:00.0001499" startTime="2022-05-04T14:46:09.5051420-04:00" endTime="2022-05-04T14:46:09.5052922-04:00" testType="13cdc9d9-ddb5-4fa4-a97d-d965ccfc6d4b" outcome="Passed" testListId="8c84fa94-04c1-424b-9868-57a2d4851a1d" relativeResultsDirectory="d4463287-24f3-4809-95c0-43a27e595c50" />
    <UnitTestResult executionId="2aef4977-2ffd-4fb0-9ef0-79dfcdabb6ef" testId="71626fb2-cfd5-3c05-82ee-59e28a2a2450" testName="GetRelativeUriTo_DirectoryToChildDirectory_ReturnsRelativePath" computerName="ERICCARLSONBBE6" duration="00:00:00.0042280" startTime="2022-05-04T14:46:08.6344442-04:00" endTime="2022-05-04T14:46:08.6386720-04:00" testType="13cdc9d9-ddb5-4fa4-a97d-d965ccfc6d4b" outcome="Passed" testListId="8c84fa94-04c1-424b-9868-57a2d4851a1d" relativeResultsDirectory="2aef4977-2ffd-4fb0-9ef0-79dfcdabb6ef" />
    <UnitTestResult executionId="9ef3ac86-d404-4594-a167-0a8cab7e0166" testId="a76a52d2-e464-7beb-7062-8f2eeda29156" testName="LineThatStartsWithEscapedHash_Header2_ShouldRemoveEscapeSign" computerName="ERICCARLSONBBE6" duration="00:00:00.0000830" startTime="2022-05-04T14:46:08.6258883-04:00" endTime="2022-05-04T14:46:08.6259712-04:00" testType="13cdc9d9-ddb5-4fa4-a97d-d965ccfc6d4b" outcome="Passed" testListId="8c84fa94-04c1-424b-9868-57a2d4851a1d" relativeResultsDirectory="9ef3ac86-d404-4594-a167-0a8cab7e0166" />
    <UnitTestResult executionId="1ffb26dc-78e3-4993-b24a-2a87163334a5" testId="49bd8a06-7460-8a08-3a2a-32fcb61399a5" testName="Add_NullNode_ThrowArgumentNullException" computerName="ERICCARLSONBBE6" duration="00:00:00.0073250" startTime="2022-05-04T14:46:08.6042933-04:00" endTime="2022-05-04T14:46:08.6116186-04:00" testType="13cdc9d9-ddb5-4fa4-a97d-d965ccfc6d4b" outcome="Passed" testListId="8c84fa94-04c1-424b-9868-57a2d4851a1d" relativeResultsDirectory="1ffb26dc-78e3-4993-b24a-2a87163334a5" />
    <UnitTestResult executionId="a14554d7-a848-4c7b-81f9-e6a47d93a7bf" testId="8ecd3a27-de14-37b0-a475-7f1b4251867d" testName="ThenCanFormatTextWithNumbersAsWikiWordSuccessfully" computerName="ERICCARLSONBBE6" duration="00:00:00.0000590" startTime="2022-05-04T14:46:08.6642536-04:00" endTime="2022-05-04T14:46:08.6643129-04:00" testType="13cdc9d9-ddb5-4fa4-a97d-d965ccfc6d4b" outcome="Passed" testListId="8c84fa94-04c1-424b-9868-57a2d4851a1d" relativeResultsDirectory="a14554d7-a848-4c7b-81f9-e6a47d93a7bf" />
    <UnitTestResult executionId="2228d401-f834-4af6-a4ee-231e96eca5ac" testId="83e26a96-56bc-6d91-1739-e2e0f0465b03" testName="ThenCanDetectAllImagesSuccessfully" computerName="ERICCARLSONBBE6" duration="00:00:00.0026410" startTime="2022-05-04T14:46:09.9243918-04:00" endTime="2022-05-04T14:46:09.9270323-04:00" testType="13cdc9d9-ddb5-4fa4-a97d-d965ccfc6d4b" outcome="Passed" testListId="8c84fa94-04c1-424b-9868-57a2d4851a1d" relativeResultsDirectory="2228d401-f834-4af6-a4ee-231e96eca5ac" />
    <UnitTestResult executionId="e4bfc6a2-4a18-41dc-9306-4fac92e10993" testId="023432c7-067d-a2df-fa8e-8d2b0c485356" testName="GetRelativeUriTo_DirectoryToFileBelow_ReturnsCurrentDirectory" computerName="ERICCARLSONBBE6" duration="00:00:00.0009560" startTime="2022-05-04T14:46:08.6387194-04:00" endTime="2022-05-04T14:46:08.6396756-04:00" testType="13cdc9d9-ddb5-4fa4-a97d-d965ccfc6d4b" outcome="Passed" testListId="8c84fa94-04c1-424b-9868-57a2d4851a1d" relativeResultsDirectory="e4bfc6a2-4a18-41dc-9306-4fac92e10993" />
    <UnitTestResult executionId="4ef6591a-4bbd-4953-9441-72b0d4cc6aa4" testId="1c868ec4-ae6a-9888-5fc7-0dc13520ac66" testName="Map_TableRowWithResult_ReturnsObjectWithResult" computerName="ERICCARLSONBBE6" duration="00:00:00.0001950" startTime="2022-05-04T14:46:09.5049066-04:00" endTime="2022-05-04T14:46:09.5051012-04:00" testType="13cdc9d9-ddb5-4fa4-a97d-d965ccfc6d4b" outcome="Passed" testListId="8c84fa94-04c1-424b-9868-57a2d4851a1d" relativeResultsDirectory="4ef6591a-4bbd-4953-9441-72b0d4cc6aa4" />
    <UnitTestResult executionId="9d3bb238-4879-40d7-ab34-a9bb45186aaf" testId="085184fe-e868-8379-b878-742948946639" testName="Merge_EmptySequence_ResultsInWasExecutedFalseAndWasSuccessfulFalse" computerName="ERICCARLSONBBE6" duration="00:00:00.0029960" startTime="2022-05-04T14:46:09.6068676-04:00" endTime="2022-05-04T14:46:09.6098634-04:00" testType="13cdc9d9-ddb5-4fa4-a97d-d965ccfc6d4b" outcome="Passed" testListId="8c84fa94-04c1-424b-9868-57a2d4851a1d" relativeResultsDirectory="9d3bb238-4879-40d7-ab34-a9bb45186aaf" />
    <UnitTestResult executionId="91323e86-96d3-4aa7-ae7f-b9ddeb985f1c" testId="b4df1736-c2bd-dc63-b866-5fc06d2618cb" testName="Map_FeatureWithName_ReturnsName" computerName="ERICCARLSONBBE6" duration="00:00:00.0001080" startTime="2022-05-04T14:46:09.4895992-04:00" endTime="2022-05-04T14:46:09.4897075-04:00" testType="13cdc9d9-ddb5-4fa4-a97d-d965ccfc6d4b" outcome="Passed" testListId="8c84fa94-04c1-424b-9868-57a2d4851a1d" relativeResultsDirectory="91323e86-96d3-4aa7-ae7f-b9ddeb985f1c" />
    <UnitTestResult executionId="8f024b59-0ffd-40e3-8fbd-c997afb28eef" testId="15c6ac4d-16dc-6060-b25a-37948ceea996" testName="ThenCanResolveTheSelectedIDocumentationBuilderAsSingleton(Cucumber,PicklesDoc.Pickles.DocumentationBuilders.Cucumber.CucumberDocumentationBuilder)" computerName="ERICCARLSONBBE6" duration="00:00:00.0004929" startTime="2022-05-04T14:46:09.6900919-04:00" endTime="2022-05-04T14:46:09.6905848-04:00" testType="13cdc9d9-ddb5-4fa4-a97d-d965ccfc6d4b" outcome="Passed" testListId="8c84fa94-04c1-424b-9868-57a2d4851a1d" relativeResultsDirectory="8f024b59-0ffd-40e3-8fbd-c997afb28eef" />
    <UnitTestResult executionId="5efc15fb-2c60-4a9f-8e9f-c0ba5e0d3a6c" testId="299d9885-53d7-e812-ce71-f67d71904c3f" testName="Map_TableRowWithTestResult_ConvertsToJsonTableRowWithTestResult" computerName="ERICCARLSONBBE6" duration="00:00:00.0012979" startTime="2022-05-04T14:46:09.5053269-04:00" endTime="2022-05-04T14:46:09.5066249-04:00" testType="13cdc9d9-ddb5-4fa4-a97d-d965ccfc6d4b" outcome="Passed" testListId="8c84fa94-04c1-424b-9868-57a2d4851a1d" relativeResultsDirectory="5efc15fb-2c60-4a9f-8e9f-c0ba5e0d3a6c" />
    <UnitTestResult executionId="9104c17c-8962-4d80-9276-c0b8650da0b9" testId="9434f0b6-144d-fa9a-e2fd-7b54edae4153" testName="TableOfContent_Must_Link_Folder_Nodes_To_That_Folders_Index_File" computerName="ERICCARLSONBBE6" duration="00:00:00.0093849" startTime="2022-05-04T14:46:09.4539257-04:00" endTime="2022-05-04T14:46:09.4633106-04:00" testType="13cdc9d9-ddb5-4fa4-a97d-d965ccfc6d4b" outcome="Passed" testListId="8c84fa94-04c1-424b-9868-57a2d4851a1d" relativeResultsDirectory="9104c17c-8962-4d80-9276-c0b8650da0b9" />
    <UnitTestResult executionId="a369ba75-22f3-462c-bfce-d22e881abf04" testId="07a9d1df-9555-65c3-26a0-2bcdd39868c6" testName="Specification_Scenario3" computerName="ERICCARLSONBBE6" duration="00:00:00.0001450" startTime="2022-05-04T14:46:08.6274896-04:00" endTime="2022-05-04T14:46:08.6276349-04:00" testType="13cdc9d9-ddb5-4fa4-a97d-d965ccfc6d4b" outcome="Passed" testListId="8c84fa94-04c1-424b-9868-57a2d4851a1d" relativeResultsDirectory="a369ba75-22f3-462c-bfce-d22e881abf04" />
    <UnitTestResult executionId="c41ffa19-3b76-49e9-8d67-11f02ce7fc87" testId="e8e9bd96-bced-3cd1-ed8b-8f1f5cb07968" testName="MapToScenario_RegularScenario_ReturnsScenario" computerName="ERICCARLSONBBE6" duration="00:00:00.0013840" startTime="2022-05-04T14:46:09.5703645-04:00" endTime="2022-05-04T14:46:09.5717487-04:00" testType="13cdc9d9-ddb5-4fa4-a97d-d965ccfc6d4b" outcome="Passed" testListId="8c84fa94-04c1-424b-9868-57a2d4851a1d" relativeResultsDirectory="c41ffa19-3b76-49e9-8d67-11f02ce7fc87" />
    <UnitTestResult executionId="b997ef67-4f54-4843-8b77-7340ff9bb7cd" testId="3dd0b31c-7ae7-d396-3cb3-ba9a89f3a4d4" testName="Map_Example_ReturnsExample" computerName="ERICCARLSONBBE6" duration="00:00:00.0001520" startTime="2022-05-04T14:46:09.4980956-04:00" endTime="2022-05-04T14:46:09.4982480-04:00" testType="13cdc9d9-ddb5-4fa4-a97d-d965ccfc6d4b" outcome="Passed" testListId="8c84fa94-04c1-424b-9868-57a2d4851a1d" relativeResultsDirectory="b997ef67-4f54-4843-8b77-7340ff9bb7cd" />
    <UnitTestResult executionId="ffe7dd46-5c41-47b4-97ae-166f023b54fd" testId="2f10ab10-fdd8-2469-243c-352eb06f9e9c" testName="Map_Given_ReturnsGiven" computerName="ERICCARLSONBBE6" duration="00:00:00.0000720" startTime="2022-05-04T14:46:09.4975859-04:00" endTime="2022-05-04T14:46:09.4976581-04:00" testType="13cdc9d9-ddb5-4fa4-a97d-d965ccfc6d4b" outcome="Passed" testListId="8c84fa94-04c1-424b-9868-57a2d4851a1d" relativeResultsDirectory="ffe7dd46-5c41-47b4-97ae-166f023b54fd" />
    <UnitTestResult executionId="ba7b507d-a69a-401d-bea9-2aebcfbf5975" testId="28772bab-df5d-6054-e291-6e60f8a662fb" testName="ItShouldContainTheRelativePath" computerName="ERICCARLSONBBE6" duration="00:00:00.0010270" startTime="2022-05-04T14:46:09.1948459-04:00" endTime="2022-05-04T14:46:09.1958725-04:00" testType="13cdc9d9-ddb5-4fa4-a97d-d965ccfc6d4b" outcome="Passed" testListId="8c84fa94-04c1-424b-9868-57a2d4851a1d" relativeResultsDirectory="ba7b507d-a69a-401d-bea9-2aebcfbf5975" />
    <UnitTestResult executionId="fc0fb032-6625-4c4a-bbbd-40324b490617" testId="e3729802-a92d-c297-8894-5684f6910af3" testName="Get_A_Relative_Path_When_Location_Is_Deeper_Than_Root" computerName="ERICCARLSONBBE6" duration="00:00:00.0007750" startTime="2022-05-04T14:46:08.6613716-04:00" endTime="2022-05-04T14:46:08.6621470-04:00" testType="13cdc9d9-ddb5-4fa4-a97d-d965ccfc6d4b" outcome="Passed" testListId="8c84fa94-04c1-424b-9868-57a2d4851a1d" relativeResultsDirectory="fc0fb032-6625-4c4a-bbbd-40324b490617" />
    <UnitTestResult executionId="6de35658-3b34-4005-aeb2-34f86d5cf4ed" testId="a606fd29-5ae7-b480-ad67-6c591600d344" testName="ToUriDirectoryInfo_WithTrailingSlash_ProducesUriWithTrailingSlash" computerName="ERICCARLSONBBE6" duration="00:00:00.0006840" startTime="2022-05-04T14:46:08.6732393-04:00" endTime="2022-05-04T14:46:08.6739237-04:00" testType="13cdc9d9-ddb5-4fa4-a97d-d965ccfc6d4b" outcome="Passed" testListId="8c84fa94-04c1-424b-9868-57a2d4851a1d" relativeResultsDirectory="6de35658-3b34-4005-aeb2-34f86d5cf4ed" />
    <UnitTestResult executionId="00084628-f9ae-49a1-9e8f-d3b8ac874926" testId="a97fbf30-a467-d383-085d-3cbf7f26c69d" testName="GetDialect_WithSimpleLanguage_ReturnsThatLanguage" computerName="ERICCARLSONBBE6" duration="00:00:00.0011950" startTime="2022-05-04T14:46:08.3311708-04:00" endTime="2022-05-04T14:46:08.3323651-04:00" testType="13cdc9d9-ddb5-4fa4-a97d-d965ccfc6d4b" outcome="Passed" testListId="8c84fa94-04c1-424b-9868-57a2d4851a1d" relativeResultsDirectory="00084628-f9ae-49a1-9e8f-d3b8ac874926" />
    <UnitTestResult executionId="2eabf231-5305-4e95-98a4-2847a0c3ef58" testId="fdc07046-cd97-c6a1-b694-bc2939683480" testName="ThenCanParseScenarioWithTableSuccessfully" computerName="ERICCARLSONBBE6" duration="00:00:00.0021010" startTime="2022-05-04T14:46:09.6616593-04:00" endTime="2022-05-04T14:46:09.6637606-04:00" testType="13cdc9d9-ddb5-4fa4-a97d-d965ccfc6d4b" outcome="Passed" testListId="8c84fa94-04c1-424b-9868-57a2d4851a1d" relativeResultsDirectory="2eabf231-5305-4e95-98a4-2847a0c3ef58" />
    <UnitTestResult executionId="6f553c7c-7bd7-4445-99c1-bfaa827bde79" testId="7355de11-ecb9-78c1-e9a7-a6ad6863c717" testName="TableOfContent_Must_Contain_Link_To_Home" computerName="ERICCARLSONBBE6" duration="00:00:00.0113480" startTime="2022-05-04T14:46:09.4328935-04:00" endTime="2022-05-04T14:46:09.4442406-04:00" testType="13cdc9d9-ddb5-4fa4-a97d-d965ccfc6d4b" outcome="Passed" testListId="8c84fa94-04c1-424b-9868-57a2d4851a1d" relativeResultsDirectory="6f553c7c-7bd7-4445-99c1-bfaa827bde79" />
    <UnitTestResult executionId="aca8b572-50df-4a7e-8715-168121131373" testId="45142e11-464c-9d21-08ec-b2dc0e449acc" testName="MapToScenarioOutline_Always_MapsFeatureProperty" computerName="ERICCARLSONBBE6" duration="00:00:00.0011680" startTime="2022-05-04T14:46:09.5811340-04:00" endTime="2022-05-04T14:46:09.5823019-04:00" testType="13cdc9d9-ddb5-4fa4-a97d-d965ccfc6d4b" outcome="Passed" testListId="8c84fa94-04c1-424b-9868-57a2d4851a1d" relativeResultsDirectory="aca8b572-50df-4a7e-8715-168121131373" />
    <UnitTestResult executionId="fae71f0a-4842-446e-bfff-198887c666a6" testId="bec3fbce-3667-808b-c4b9-9a5dd3375e67" testName="MapToKeyword_NullString_ReturnsDefaultKeyword" computerName="ERICCARLSONBBE6" duration="00:00:00.0010590" startTime="2022-05-04T14:46:09.6035453-04:00" endTime="2022-05-04T14:46:09.6046044-04:00" testType="13cdc9d9-ddb5-4fa4-a97d-d965ccfc6d4b" outcome="Passed" testListId="8c84fa94-04c1-424b-9868-57a2d4851a1d" relativeResultsDirectory="fae71f0a-4842-446e-bfff-198887c666a6" />
    <UnitTestResult executionId="9e605fe8-0841-4b88-a1d2-e2b1fd8a9029" testId="4d94901a-0408-1f44-6b67-c45adb96b544" testName="Map_AnExampleWithTags_ReturnsAJsonExampleWithTags" computerName="ERICCARLSONBBE6" duration="00:00:00.0001370" startTime="2022-05-04T14:46:09.4863172-04:00" endTime="2022-05-04T14:46:09.4864539-04:00" testType="13cdc9d9-ddb5-4fa4-a97d-d965ccfc6d4b" outcome="Passed" testListId="8c84fa94-04c1-424b-9868-57a2d4851a1d" relativeResultsDirectory="9e605fe8-0841-4b88-a1d2-e2b1fd8a9029" />
    <UnitTestResult executionId="a970e4c9-37bc-4245-8122-7375dcbe0ba7" testId="6608e1a4-2d57-9534-02c8-9ed8cbf3fe3c" testName="Map_AnExampleWithTableArgument_ReturnsAJsonExampleWithTableArgument" computerName="ERICCARLSONBBE6" duration="00:00:00.0003440" startTime="2022-05-04T14:46:09.4859514-04:00" endTime="2022-05-04T14:46:09.4862952-04:00" testType="13cdc9d9-ddb5-4fa4-a97d-d965ccfc6d4b" outcome="Passed" testListId="8c84fa94-04c1-424b-9868-57a2d4851a1d" relativeResultsDirectory="a970e4c9-37bc-4245-8122-7375dcbe0ba7" />
    <UnitTestResult executionId="097f40c5-6fbf-444d-9ed4-a0f7557e5db0" testId="3a3ca858-e141-d107-a546-9b5950e81a79" testName="GetEncoding_UTF32BOM_ReturnsUnicode" computerName="ERICCARLSONBBE6" duration="00:00:00.0007429" startTime="2022-05-04T14:46:08.6590874-04:00" endTime="2022-05-04T14:46:08.6598301-04:00" testType="13cdc9d9-ddb5-4fa4-a97d-d965ccfc6d4b" outcome="Passed" testListId="8c84fa94-04c1-424b-9868-57a2d4851a1d" relativeResultsDirectory="097f40c5-6fbf-444d-9ed4-a0f7557e5db0" />
    <UnitTestResult executionId="13a464b7-6cdb-4a86-bc5c-03425169764a" testId="c39cdb82-dd1e-353a-b6fd-bd61b49d028c" testName="MapToScenario_Always_MapsFeatureProperty" computerName="ERICCARLSONBBE6" duration="00:00:00.0010030" startTime="2022-05-04T14:46:09.4933405-04:00" endTime="2022-05-04T14:46:09.4943435-04:00" testType="13cdc9d9-ddb5-4fa4-a97d-d965ccfc6d4b" outcome="Passed" testListId="8c84fa94-04c1-424b-9868-57a2d4851a1d" relativeResultsDirectory="13a464b7-6cdb-4a86-bc5c-03425169764a" />
    <UnitTestResult executionId="46a8917c-c4b4-4244-88ba-cf603d67ac2b" testId="e0322fac-aec1-23bb-b284-575e2e1315bf" testName="Map_SomeScenario_ReturnsSomeJsonScenario" computerName="ERICCARLSONBBE6" duration="00:00:00.0001000" startTime="2022-05-04T14:46:09.4986182-04:00" endTime="2022-05-04T14:46:09.4987180-04:00" testType="13cdc9d9-ddb5-4fa4-a97d-d965ccfc6d4b" outcome="Passed" testListId="8c84fa94-04c1-424b-9868-57a2d4851a1d" relativeResultsDirectory="46a8917c-c4b4-4244-88ba-cf603d67ac2b" />
    <UnitTestResult executionId="6a576786-6cf2-41e1-9a77-e3f2299eb074" testId="d90c12dd-95d4-2680-665c-a9724bf3407c" testName="Merge_MultiplePassedOneInconclusiveResults_ShouldReturnInconclusive" computerName="ERICCARLSONBBE6" duration="00:00:00.0001480" startTime="2022-05-04T14:46:09.6098896-04:00" endTime="2022-05-04T14:46:09.6100373-04:00" testType="13cdc9d9-ddb5-4fa4-a97d-d965ccfc6d4b" outcome="Passed" testListId="8c84fa94-04c1-424b-9868-57a2d4851a1d" relativeResultsDirectory="6a576786-6cf2-41e1-9a77-e3f2299eb074" />
    <UnitTestResult executionId="da310c72-248f-4685-ab6e-25ff934cb569" testId="801681ec-6f06-528d-01cb-0c438e16a2db" testName="Constructor_NullHtmlFeatureFormatter_ThrowsArgumentNullException" computerName="ERICCARLSONBBE6" duration="00:00:00.0016400" startTime="2022-05-04T14:46:08.8528264-04:00" endTime="2022-05-04T14:46:08.8544665-04:00" testType="13cdc9d9-ddb5-4fa4-a97d-d965ccfc6d4b" outcome="Passed" testListId="8c84fa94-04c1-424b-9868-57a2d4851a1d" relativeResultsDirectory="da310c72-248f-4685-ab6e-25ff934cb569" />
    <UnitTestResult executionId="aca9aa85-63d4-4e86-a81f-0b220b76ed24" testId="9bd1749b-1791-ec4a-f271-7478791738c2" testName="MapToTableRow_RowWithCellValues_ReturnsRowContainingThoseValues" computerName="ERICCARLSONBBE6" duration="00:00:00.0011470" startTime="2022-05-04T14:46:09.5394641-04:00" endTime="2022-05-04T14:46:09.5406109-04:00" testType="13cdc9d9-ddb5-4fa4-a97d-d965ccfc6d4b" outcome="Passed" testListId="8c84fa94-04c1-424b-9868-57a2d4851a1d" relativeResultsDirectory="aca9aa85-63d4-4e86-a81f-0b220b76ed24" />
    <UnitTestResult executionId="e1ed7529-93df-469d-9fc5-570019281654" testId="40f30388-f8c4-beae-03f2-092496540fd0" testName="ToFolderUriString_WithTrailingSlash_ValidOutput" computerName="ERICCARLSONBBE6" duration="00:00:00.0053650" startTime="2022-05-04T14:46:08.6670959-04:00" endTime="2022-05-04T14:46:08.6724606-04:00" testType="13cdc9d9-ddb5-4fa4-a97d-d965ccfc6d4b" outcome="Passed" testListId="8c84fa94-04c1-424b-9868-57a2d4851a1d" relativeResultsDirectory="e1ed7529-93df-469d-9fc5-570019281654" />
    <UnitTestResult executionId="6c47ad07-e203-42f5-b7e4-2328ce9b81f9" testId="a9d18150-cea2-1f58-98af-2d8981b7023b" testName="Map_WithKeyword_ReturnsCorrectKeyword" computerName="ERICCARLSONBBE6" duration="00:00:00.0001110" startTime="2022-05-04T14:46:09.5005710-04:00" endTime="2022-05-04T14:46:09.5006823-04:00" testType="13cdc9d9-ddb5-4fa4-a97d-d965ccfc6d4b" outcome="Passed" testListId="8c84fa94-04c1-424b-9868-57a2d4851a1d" relativeResultsDirectory="6c47ad07-e203-42f5-b7e4-2328ce9b81f9" />
    <UnitTestResult executionId="971b2651-11ad-4fa7-949e-9babda3c17b5" testId="684a3b2a-9d14-8186-77c4-3617426330bc" testName="Map_AnExample_ReturnsAJsonExample" computerName="ERICCARLSONBBE6" duration="00:00:00.0003420" startTime="2022-05-04T14:46:09.4853504-04:00" endTime="2022-05-04T14:46:09.4856926-04:00" testType="13cdc9d9-ddb5-4fa4-a97d-d965ccfc6d4b" outcome="Passed" testListId="8c84fa94-04c1-424b-9868-57a2d4851a1d" relativeResultsDirectory="971b2651-11ad-4fa7-949e-9babda3c17b5" />
    <UnitTestResult executionId="a05c2479-7386-4616-92c8-d0ad349c1196" testId="6d88a6f4-e9ba-b488-7fca-3a2a8f87fcdb" testName="Map_But_ReturnsBut" computerName="ERICCARLSONBBE6" duration="00:00:00.0002140" startTime="2022-05-04T14:46:09.4973488-04:00" endTime="2022-05-04T14:46:09.4975626-04:00" testType="13cdc9d9-ddb5-4fa4-a97d-d965ccfc6d4b" outcome="Passed" testListId="8c84fa94-04c1-424b-9868-57a2d4851a1d" relativeResultsDirectory="a05c2479-7386-4616-92c8-d0ad349c1196" />
    <UnitTestResult executionId="99935bd6-48b4-4b5f-9d69-44b7b3f3ca5d" testId="5d7eb242-2da2-1aff-54be-febe9c23c1d1" testName="Map_Then_ReturnsThen" computerName="ERICCARLSONBBE6" duration="00:00:00.0000680" startTime="2022-05-04T14:46:09.4976660-04:00" endTime="2022-05-04T14:46:09.4977338-04:00" testType="13cdc9d9-ddb5-4fa4-a97d-d965ccfc6d4b" outcome="Passed" testListId="8c84fa94-04c1-424b-9868-57a2d4851a1d" relativeResultsDirectory="99935bd6-48b4-4b5f-9d69-44b7b3f3ca5d" />
    <UnitTestResult executionId="e835e2fd-678a-4b10-9079-07a9c36c48fa" testId="f1ed17de-9249-363e-707b-4aac0d4a7566" testName="MapToKeyword_AndInSwedish_ReturnsAnd" computerName="ERICCARLSONBBE6" duration="00:00:00.0010270" startTime="2022-05-04T14:46:09.5982959-04:00" endTime="2022-05-04T14:46:09.5993227-04:00" testType="13cdc9d9-ddb5-4fa4-a97d-d965ccfc6d4b" outcome="Passed" testListId="8c84fa94-04c1-424b-9868-57a2d4851a1d" relativeResultsDirectory="e835e2fd-678a-4b10-9079-07a9c36c48fa" />
    <UnitTestResult executionId="74d18912-8845-43e2-8525-4eb0b20bbd6b" testId="4c3b0b4e-8fbb-7811-7a21-4748a52bc3e2" testName="Map_NonNullStep_ReturnsJsonStep" computerName="ERICCARLSONBBE6" duration="00:00:00.0002750" startTime="2022-05-04T14:46:09.4996238-04:00" endTime="2022-05-04T14:46:09.4998985-04:00" testType="13cdc9d9-ddb5-4fa4-a97d-d965ccfc6d4b" outcome="Passed" testListId="8c84fa94-04c1-424b-9868-57a2d4851a1d" relativeResultsDirectory="74d18912-8845-43e2-8525-4eb0b20bbd6b" />
    <UnitTestResult executionId="fc67347e-4951-4b22-80ad-916e7a298131" testId="66492ce0-50fe-4131-fc04-f0f70d82b725" testName="WhenIndicatingTheLanguageAndCultureInTheFeature_ThenCanParseTheFeature" computerName="ERICCARLSONBBE6" duration="00:00:00.0035290" startTime="2022-05-04T14:46:09.6644431-04:00" endTime="2022-05-04T14:46:09.6679724-04:00" testType="13cdc9d9-ddb5-4fa4-a97d-d965ccfc6d4b" outcome="Passed" testListId="8c84fa94-04c1-424b-9868-57a2d4851a1d" relativeResultsDirectory="fc67347e-4951-4b22-80ad-916e7a298131" />
    <UnitTestResult executionId="187041a6-5344-436f-994d-64d23abca0bb" testId="81b5dd08-2dc8-a3e0-2f51-9318fd82024c" testName="GetEncoding_UTF16LEBOM_ReturnsUnicode" computerName="ERICCARLSONBBE6" duration="00:00:00.0007020" startTime="2022-05-04T14:46:08.6583616-04:00" endTime="2022-05-04T14:46:08.6590636-04:00" testType="13cdc9d9-ddb5-4fa4-a97d-d965ccfc6d4b" outcome="Passed" testListId="8c84fa94-04c1-424b-9868-57a2d4851a1d" relativeResultsDirectory="187041a6-5344-436f-994d-64d23abca0bb" />
    <UnitTestResult executionId="af2aa8bd-5024-4643-9a20-bfa9fa274674" testId="441fccae-3b8f-46a3-a8ec-69ee090eade3" testName="Specification_Scenario2" computerName="ERICCARLSONBBE6" duration="00:00:00.0001470" startTime="2022-05-04T14:46:08.6273350-04:00" endTime="2022-05-04T14:46:08.6274817-04:00" testType="13cdc9d9-ddb5-4fa4-a97d-d965ccfc6d4b" outcome="Passed" testListId="8c84fa94-04c1-424b-9868-57a2d4851a1d" relativeResultsDirectory="af2aa8bd-5024-4643-9a20-bfa9fa274674" />
    <UnitTestResult executionId="cd7200fd-5147-48bf-afed-22fc34a749da" testId="b3a40561-d822-6f86-f3da-df64bc9ebecd" testName="MapToScenario_ScenarioWithNullDescription_ReturnsScenarioWithEmptyDescription" computerName="ERICCARLSONBBE6" duration="00:00:00.0053229" startTime="2022-05-04T14:46:09.5717728-04:00" endTime="2022-05-04T14:46:09.5770954-04:00" testType="13cdc9d9-ddb5-4fa4-a97d-d965ccfc6d4b" outcome="Passed" testListId="8c84fa94-04c1-424b-9868-57a2d4851a1d" relativeResultsDirectory="cd7200fd-5147-48bf-afed-22fc34a749da" />
    <UnitTestResult executionId="0b799ba2-d235-4055-836c-f95aecbc8016" testId="8ec388e9-fc91-4d25-bf6f-f8f08af7b2f5" testName="Map_NullFeature_ReturnsNullJsonFeature" computerName="ERICCARLSONBBE6" duration="00:00:00.0000850" startTime="2022-05-04T14:46:09.4923507-04:00" endTime="2022-05-04T14:46:09.4924354-04:00" testType="13cdc9d9-ddb5-4fa4-a97d-d965ccfc6d4b" outcome="Passed" testListId="8c84fa94-04c1-424b-9868-57a2d4851a1d" relativeResultsDirectory="0b799ba2-d235-4055-836c-f95aecbc8016" />
    <UnitTestResult executionId="6d2dfe0b-43c1-446e-819a-3c9c0ad7fbf5" testId="0537d0ef-2381-cd61-1563-2c44728b16d8" testName="ShouldIterateInRightOrder" computerName="ERICCARLSONBBE6" duration="00:00:00.0041350" startTime="2022-05-04T14:46:08.6212643-04:00" endTime="2022-05-04T14:46:08.6253987-04:00" testType="13cdc9d9-ddb5-4fa4-a97d-d965ccfc6d4b" outcome="Passed" testListId="8c84fa94-04c1-424b-9868-57a2d4851a1d" relativeResultsDirectory="6d2dfe0b-43c1-446e-819a-3c9c0ad7fbf5" />
    <UnitTestResult executionId="110bf070-3fbc-48a2-a63b-58fbc83e1d54" testId="d8574c62-7f64-edaf-9bb3-a57031c9c43d" testName="MapToStringTableCell_NullTableCell_ReturnsNull" computerName="ERICCARLSONBBE6" duration="00:00:00.0010930" startTime="2022-05-04T14:46:09.5306996-04:00" endTime="2022-05-04T14:46:09.5317926-04:00" testType="13cdc9d9-ddb5-4fa4-a97d-d965ccfc6d4b" outcome="Passed" testListId="8c84fa94-04c1-424b-9868-57a2d4851a1d" relativeResultsDirectory="110bf070-3fbc-48a2-a63b-58fbc83e1d54" />
    <UnitTestResult executionId="896b7c9c-070f-43fc-b836-32d81791e3dc" testId="15bff550-0c48-3ffe-9284-11b3c21248de" testName="Map_AnExampleWithDescription_ReturnsAJsonExampleWithName" computerName="ERICCARLSONBBE6" duration="00:00:00.0001030" startTime="2022-05-04T14:46:09.4857345-04:00" endTime="2022-05-04T14:46:09.4858376-04:00" testType="13cdc9d9-ddb5-4fa4-a97d-d965ccfc6d4b" outcome="Passed" testListId="8c84fa94-04c1-424b-9868-57a2d4851a1d" relativeResultsDirectory="896b7c9c-070f-43fc-b836-32d81791e3dc" />
    <UnitTestResult executionId="40d8ade8-e300-4deb-9a2c-9b27cf5f23fd" testId="bc86b314-5fe6-6bdd-9f3a-a18c69ce6d0f" testName="Map_WithResult_ReturnsJsonTestResult" computerName="ERICCARLSONBBE6" duration="00:00:00.0001310" startTime="2022-05-04T14:46:09.4928627-04:00" endTime="2022-05-04T14:46:09.4929933-04:00" testType="13cdc9d9-ddb5-4fa4-a97d-d965ccfc6d4b" outcome="Passed" testListId="8c84fa94-04c1-424b-9868-57a2d4851a1d" relativeResultsDirectory="40d8ade8-e300-4deb-9a2c-9b27cf5f23fd" />
    <UnitTestResult executionId="0f0f9d1e-4204-400b-88b5-c3bb0caa486a" testId="5b0b7c95-f6d8-a2fe-eb27-9c403d882838" testName="MapToScenario_TitleSpecialCharacters_HasValidSlug" computerName="ERICCARLSONBBE6" duration="00:00:00.0011420" startTime="2022-05-04T14:46:09.5771203-04:00" endTime="2022-05-04T14:46:09.5782617-04:00" testType="13cdc9d9-ddb5-4fa4-a97d-d965ccfc6d4b" outcome="Passed" testListId="8c84fa94-04c1-424b-9868-57a2d4851a1d" relativeResultsDirectory="0f0f9d1e-4204-400b-88b5-c3bb0caa486a" />
    <UnitTestResult executionId="2af29302-6a75-4484-8930-74cdb262bdd7" testId="2ff69b2c-15f7-7252-063e-2d4877f45ec0" testName="Map_TableWithDataRows_ReturnsJsonTableWithDataRows" computerName="ERICCARLSONBBE6" duration="00:00:00.0003070" startTime="2022-05-04T14:46:09.5092479-04:00" endTime="2022-05-04T14:46:09.5095544-04:00" testType="13cdc9d9-ddb5-4fa4-a97d-d965ccfc6d4b" outcome="Passed" testListId="8c84fa94-04c1-424b-9868-57a2d4851a1d" relativeResultsDirectory="2af29302-6a75-4484-8930-74cdb262bdd7" />
    <UnitTestResult executionId="356c6641-605b-46f2-b04e-848c446c6111" testId="6dac4c1c-db66-2a51-4336-9a7010a21c77" testName="Can_crawl_directory_tree_for_features_successfully" computerName="ERICCARLSONBBE6" duration="00:00:00.0131320" startTime="2022-05-04T14:46:09.4100382-04:00" endTime="2022-05-04T14:46:09.4231700-04:00" testType="13cdc9d9-ddb5-4fa4-a97d-d965ccfc6d4b" outcome="Passed" testListId="8c84fa94-04c1-424b-9868-57a2d4851a1d" relativeResultsDirectory="356c6641-605b-46f2-b04e-848c446c6111" />
    <UnitTestResult executionId="d5b7f4d5-a3f2-40ab-a89e-a84a8a36bae7" testId="5722e0ae-ca74-4e51-7bf5-080a8bfd63bc" testName="Iterator_NodeWithNullName_ShouldNotThrowException" computerName="ERICCARLSONBBE6" duration="00:00:00.0023930" startTime="2022-05-04T14:46:08.6188478-04:00" endTime="2022-05-04T14:46:08.6212402-04:00" testType="13cdc9d9-ddb5-4fa4-a97d-d965ccfc6d4b" outcome="Passed" testListId="8c84fa94-04c1-424b-9868-57a2d4851a1d" relativeResultsDirectory="d5b7f4d5-a3f2-40ab-a89e-a84a8a36bae7" />
    <UnitTestResult executionId="81b8f468-be42-408b-9401-11d213fdb9ec" testId="f5d77dae-7864-4aa7-6ea9-efd787914fdc" testName="IsRelevant_ValidFile_ReturnsTrue(&quot;image.gif&quot;)" computerName="ERICCARLSONBBE6" duration="00:00:00.0000480" startTime="2022-05-04T14:46:08.6478487-04:00" endTime="2022-05-04T14:46:08.6478964-04:00" testType="13cdc9d9-ddb5-4fa4-a97d-d965ccfc6d4b" outcome="Passed" testListId="8c84fa94-04c1-424b-9868-57a2d4851a1d" relativeResultsDirectory="81b8f468-be42-408b-9401-11d213fdb9ec" />
    <UnitTestResult executionId="f8a96807-510f-43b7-bd8d-5e4ee4348f70" testId="20a92ec6-b034-8a96-bf54-9fb94fce27f7" testName="GetRelativeUriTo_DirectoryToParentDirectory_ReturnsRelativePath" computerName="ERICCARLSONBBE6" duration="00:00:00.0007530" startTime="2022-05-04T14:46:08.6407826-04:00" endTime="2022-05-04T14:46:08.6415354-04:00" testType="13cdc9d9-ddb5-4fa4-a97d-d965ccfc6d4b" outcome="Passed" testListId="8c84fa94-04c1-424b-9868-57a2d4851a1d" relativeResultsDirectory="f8a96807-510f-43b7-bd8d-5e4ee4348f70" />
    <UnitTestResult executionId="78a40b48-6ecf-4f3f-aa01-018819928a7d" testId="6d702234-c5da-512c-d19b-11f0b003c6d1" testName="ThenCanDetectAllResourcesSuccessfully" computerName="ERICCARLSONBBE6" duration="00:00:00.0020650" startTime="2022-05-04T14:46:09.9270586-04:00" endTime="2022-05-04T14:46:09.9291239-04:00" testType="13cdc9d9-ddb5-4fa4-a97d-d965ccfc6d4b" outcome="Passed" testListId="8c84fa94-04c1-424b-9868-57a2d4851a1d" relativeResultsDirectory="78a40b48-6ecf-4f3f-aa01-018819928a7d" />
    <UnitTestResult executionId="99c1a103-ee0f-44af-9903-4235fd76bddf" testId="ef50a5c4-5ecf-67d2-2133-62db98825073" testName="Create_BogusLocationType_AddsEntryToReport" computerName="ERICCARLSONBBE6" duration="00:00:00.1400750" startTime="2022-05-04T14:46:08.6766882-04:00" endTime="2022-05-04T14:46:08.8167629-04:00" testType="13cdc9d9-ddb5-4fa4-a97d-d965ccfc6d4b" outcome="Passed" testListId="8c84fa94-04c1-424b-9868-57a2d4851a1d" relativeResultsDirectory="99c1a103-ee0f-44af-9903-4235fd76bddf" />
    <UnitTestResult executionId="56da6d6a-2e5b-4cad-8f9e-65309279f91e" testId="33ddece8-ef6e-de86-ff9f-62192d743904" testName="Constructor_ValidRelativePath" computerName="ERICCARLSONBBE6" duration="00:00:00.0009110" startTime="2022-05-04T14:46:08.6335088-04:00" endTime="2022-05-04T14:46:08.6344192-04:00" testType="13cdc9d9-ddb5-4fa4-a97d-d965ccfc6d4b" outcome="Passed" testListId="8c84fa94-04c1-424b-9868-57a2d4851a1d" relativeResultsDirectory="56da6d6a-2e5b-4cad-8f9e-65309279f91e" />
    <UnitTestResult executionId="365ce2d2-8f0f-4537-9930-0ffa5d387d5b" testId="3ca12e18-ed2b-68bd-ab21-229d493594e6" testName="Map_Failed_ReturnsExecutedTrueSuccessfulFalse" computerName="ERICCARLSONBBE6" duration="00:00:00.0001260" startTime="2022-05-04T14:46:09.5102603-04:00" endTime="2022-05-04T14:46:09.5103861-04:00" testType="13cdc9d9-ddb5-4fa4-a97d-d965ccfc6d4b" outcome="Passed" testListId="8c84fa94-04c1-424b-9868-57a2d4851a1d" relativeResultsDirectory="365ce2d2-8f0f-4537-9930-0ffa5d387d5b" />
    <UnitTestResult executionId="2e8e0f54-75ab-475f-8e37-f0a5ba2fab64" testId="d7b9ae62-4462-ee76-b6c5-ced79f1a5234" testName="Map_WithTable_ReturnsTableAndNullDocString" computerName="ERICCARLSONBBE6" duration="00:00:00.0002230" startTime="2022-05-04T14:46:09.5014536-04:00" endTime="2022-05-04T14:46:09.5016761-04:00" testType="13cdc9d9-ddb5-4fa4-a97d-d965ccfc6d4b" outcome="Passed" testListId="8c84fa94-04c1-424b-9868-57a2d4851a1d" relativeResultsDirectory="2e8e0f54-75ab-475f-8e37-f0a5ba2fab64" />
    <UnitTestResult executionId="ca093c76-8602-4f60-afa7-a25acd86dcb0" testId="2e5eb7c4-d75d-9cf6-4222-f8f1c9ac626a" testName="Map_WithNativeKeyword_ReturnsNativeKeyword" computerName="ERICCARLSONBBE6" duration="00:00:00.0000989" startTime="2022-05-04T14:46:09.5007828-04:00" endTime="2022-05-04T14:46:09.5008821-04:00" testType="13cdc9d9-ddb5-4fa4-a97d-d965ccfc6d4b" outcome="Passed" testListId="8c84fa94-04c1-424b-9868-57a2d4851a1d" relativeResultsDirectory="ca093c76-8602-4f60-afa7-a25acd86dcb0" />
    <UnitTestResult executionId="3ac61d50-2e66-4b50-b71e-fb6ced80b55d" testId="f42df295-0a09-b35f-0a4f-b6a4d09ce712" testName="IsRelevant_ValidFile_ReturnsTrue(&quot;image.png&quot;)" computerName="ERICCARLSONBBE6" duration="00:00:00.0004290" startTime="2022-05-04T14:46:08.6472580-04:00" endTime="2022-05-04T14:46:08.6476872-04:00" testType="13cdc9d9-ddb5-4fa4-a97d-d965ccfc6d4b" outcome="Passed" testListId="8c84fa94-04c1-424b-9868-57a2d4851a1d" relativeResultsDirectory="3ac61d50-2e66-4b50-b71e-fb6ced80b55d" />
    <UnitTestResult executionId="861e7ffe-164f-4b47-abff-7fb2c95fed53" testId="ee515d6c-2d47-b4a0-9e7c-d4b3563152a1" testName="ThenCanResolveTheSelectedIDocumentationBuilderAsSingleton(Word,PicklesDoc.Pickles.DocumentationBuilders.Word.WordDocumentationBuilder)" computerName="ERICCARLSONBBE6" duration="00:00:00.0015600" startTime="2022-05-04T14:46:09.6852291-04:00" endTime="2022-05-04T14:46:09.6867891-04:00" testType="13cdc9d9-ddb5-4fa4-a97d-d965ccfc6d4b" outcome="Passed" testListId="8c84fa94-04c1-424b-9868-57a2d4851a1d" relativeResultsDirectory="861e7ffe-164f-4b47-abff-7fb2c95fed53" />
    <UnitTestResult executionId="44057947-b634-4992-a6ec-4c0dee4462da" testId="ddcc81ed-830c-5786-4d28-e9470c566f0e" testName="Add_NullTree_ThrowArgumentNullException" computerName="ERICCARLSONBBE6" duration="00:00:00.0015560" startTime="2022-05-04T14:46:08.6116483-04:00" endTime="2022-05-04T14:46:08.6132036-04:00" testType="13cdc9d9-ddb5-4fa4-a97d-d965ccfc6d4b" outcome="Passed" testListId="8c84fa94-04c1-424b-9868-57a2d4851a1d" relativeResultsDirectory="44057947-b634-4992-a6ec-4c0dee4462da" />
    <UnitTestResult executionId="956a8636-bbdd-4593-89e7-0f7afd059a41" testId="245405dd-491a-55b3-14cd-299fc71fa07d" testName="Map_NoTags_ReturnsEmptyListOfTags" computerName="ERICCARLSONBBE6" duration="00:00:00.0000860" startTime="2022-05-04T14:46:09.4984490-04:00" endTime="2022-05-04T14:46:09.4985346-04:00" testType="13cdc9d9-ddb5-4fa4-a97d-d965ccfc6d4b" outcome="Passed" testListId="8c84fa94-04c1-424b-9868-57a2d4851a1d" relativeResultsDirectory="956a8636-bbdd-4593-89e7-0f7afd059a41" />
    <UnitTestResult executionId="54909905-ea30-4dc2-bfeb-3e765e7b5d3a" testId="237aa86c-2a79-f857-6b0b-b15024d55da5" testName="MapToKeyword_ButInSwedish_ReturnsBut" computerName="ERICCARLSONBBE6" duration="00:00:00.0019520" startTime="2022-05-04T14:46:09.5993547-04:00" endTime="2022-05-04T14:46:09.6013069-04:00" testType="13cdc9d9-ddb5-4fa4-a97d-d965ccfc6d4b" outcome="Passed" testListId="8c84fa94-04c1-424b-9868-57a2d4851a1d" relativeResultsDirectory="54909905-ea30-4dc2-bfeb-3e765e7b5d3a" />
    <UnitTestResult executionId="7f24afac-79a2-4574-8bc4-cff4aa63410e" testId="18b2326c-4bed-936a-779f-ca59ee086658" testName="Map_NoSteps_ReturnsEmtpyListOfSteps" computerName="ERICCARLSONBBE6" duration="00:00:00.0000870" startTime="2022-05-04T14:46:09.4983545-04:00" endTime="2022-05-04T14:46:09.4984413-04:00" testType="13cdc9d9-ddb5-4fa4-a97d-d965ccfc6d4b" outcome="Passed" testListId="8c84fa94-04c1-424b-9868-57a2d4851a1d" relativeResultsDirectory="7f24afac-79a2-4574-8bc4-cff4aa63410e" />
    <UnitTestResult executionId="8da58dec-4881-4c1f-997a-e35aac53a0d5" testId="475019ae-3d7f-95bf-6137-a7ac269ca177" testName="Process_OnlyLinesWithEmptySpaces_ReturnsAsManyEmptyLines" computerName="ERICCARLSONBBE6" duration="00:00:00.0005220" startTime="2022-05-04T14:46:08.6265053-04:00" endTime="2022-05-04T14:46:08.6270270-04:00" testType="13cdc9d9-ddb5-4fa4-a97d-d965ccfc6d4b" outcome="Passed" testListId="8c84fa94-04c1-424b-9868-57a2d4851a1d" relativeResultsDirectory="8da58dec-4881-4c1f-997a-e35aac53a0d5" />
    <UnitTestResult executionId="5bcd6f78-f099-481b-a797-2c8a3692f411" testId="98e469bb-9f52-5e59-ff5e-c657d094c2bb" testName="MapToStringTag_NullTag_ReturnsNull" computerName="ERICCARLSONBBE6" duration="00:00:00.0010410" startTime="2022-05-04T14:46:09.5960649-04:00" endTime="2022-05-04T14:46:09.5971060-04:00" testType="13cdc9d9-ddb5-4fa4-a97d-d965ccfc6d4b" outcome="Passed" testListId="8c84fa94-04c1-424b-9868-57a2d4851a1d" relativeResultsDirectory="5bcd6f78-f099-481b-a797-2c8a3692f411" />
    <UnitTestResult executionId="6f589510-5e83-415e-9bc1-8db947a19ea4" testId="c7b4be8c-405a-cff4-f09d-429800388a2f" testName="Map_Always_ReturnsNullFeature" computerName="ERICCARLSONBBE6" duration="00:00:00.0001710" startTime="2022-05-04T14:46:09.4979161-04:00" endTime="2022-05-04T14:46:09.4980870-04:00" testType="13cdc9d9-ddb5-4fa4-a97d-d965ccfc6d4b" outcome="Passed" testListId="8c84fa94-04c1-424b-9868-57a2d4851a1d" relativeResultsDirectory="6f589510-5e83-415e-9bc1-8db947a19ea4" />
    <UnitTestResult executionId="16ac9c6b-7606-467e-9e1f-bd9187c37c78" testId="14c91b84-b688-7c5e-d960-73e0d6089384" testName="ThenCanDetectFeatureFilesSuccessfully" computerName="ERICCARLSONBBE6" duration="00:00:00.0032580" startTime="2022-05-04T14:46:09.6239387-04:00" endTime="2022-05-04T14:46:09.6271971-04:00" testType="13cdc9d9-ddb5-4fa4-a97d-d965ccfc6d4b" outcome="Passed" testListId="8c84fa94-04c1-424b-9868-57a2d4851a1d" relativeResultsDirectory="16ac9c6b-7606-467e-9e1f-bd9187c37c78" />
    <UnitTestResult executionId="631d767e-3552-409f-bf4c-dae2c51a99d1" testId="f68824d7-0984-58d5-473e-d248d29d1f81" testName="MapToExample_NullExamples_ReturnsNullExample" computerName="ERICCARLSONBBE6" duration="00:00:00.0016450" startTime="2022-05-04T14:46:09.5434679-04:00" endTime="2022-05-04T14:46:09.5451124-04:00" testType="13cdc9d9-ddb5-4fa4-a97d-d965ccfc6d4b" outcome="Passed" testListId="8c84fa94-04c1-424b-9868-57a2d4851a1d" relativeResultsDirectory="631d767e-3552-409f-bf4c-dae2c51a99d1" />
    <UnitTestResult executionId="6838b70b-59ce-4104-b286-fe02035eeec6" testId="f2da032d-91aa-95b3-1f3a-869ade8a89d3" testName="ItShouldContainResultKeysInTheJsonDocument" computerName="ERICCARLSONBBE6" duration="00:00:00.1040119" startTime="2022-05-04T14:46:09.1988518-04:00" endTime="2022-05-04T14:46:09.3028640-04:00" testType="13cdc9d9-ddb5-4fa4-a97d-d965ccfc6d4b" outcome="Passed" testListId="8c84fa94-04c1-424b-9868-57a2d4851a1d" relativeResultsDirectory="6838b70b-59ce-4104-b286-fe02035eeec6" />
    <UnitTestResult executionId="bf4dc22c-142c-4e34-801b-3320d3240da8" testId="ce6a2b6c-c75a-0ab1-82b9-24f5e794be59" testName="MapToTable_NullDataTable_ReturnsNullTable" computerName="ERICCARLSONBBE6" duration="00:00:00.0013209" startTime="2022-05-04T14:46:09.5357986-04:00" endTime="2022-05-04T14:46:09.5371190-04:00" testType="13cdc9d9-ddb5-4fa4-a97d-d965ccfc6d4b" outcome="Passed" testListId="8c84fa94-04c1-424b-9868-57a2d4851a1d" relativeResultsDirectory="bf4dc22c-142c-4e34-801b-3320d3240da8" />
    <UnitTestResult executionId="4b77c868-9cd8-4f81-8717-57ed2f011b0d" testId="bfdbb567-bae3-a47b-dea2-4065a10042f7" testName="MapToStringDocString_NullArgument_ReturnsNull" computerName="ERICCARLSONBBE6" duration="00:00:00.0012890" startTime="2022-05-04T14:46:09.5420386-04:00" endTime="2022-05-04T14:46:09.5433272-04:00" testType="13cdc9d9-ddb5-4fa4-a97d-d965ccfc6d4b" outcome="Passed" testListId="8c84fa94-04c1-424b-9868-57a2d4851a1d" relativeResultsDirectory="4b77c868-9cd8-4f81-8717-57ed2f011b0d" />
    <UnitTestResult executionId="ced85779-94a4-4b33-b8e8-bdced32cd46c" testId="c3fc67c9-f6cc-0277-4e92-395574eb470c" testName="GetEncoding_UTF7BOM_ReturnsUTF" computerName="ERICCARLSONBBE6" duration="00:00:00.0008160" startTime="2022-05-04T14:46:08.6598531-04:00" endTime="2022-05-04T14:46:08.6606693-04:00" testType="13cdc9d9-ddb5-4fa4-a97d-d965ccfc6d4b" outcome="Passed" testListId="8c84fa94-04c1-424b-9868-57a2d4851a1d" relativeResultsDirectory="ced85779-94a4-4b33-b8e8-bdced32cd46c" />
    <UnitTestResult executionId="7354cc79-bcd2-4498-9add-a64a67372dd3" testId="edbaf06d-2784-fb0b-6a51-d7a7b978a687" testName="ToUriDirectoryInfo_WithoutTrailingSlash_ProducesUriWithTrailingSlash" computerName="ERICCARLSONBBE6" duration="00:00:00.0007450" startTime="2022-05-04T14:46:08.6724715-04:00" endTime="2022-05-04T14:46:08.6732161-04:00" testType="13cdc9d9-ddb5-4fa4-a97d-d965ccfc6d4b" outcome="Passed" testListId="8c84fa94-04c1-424b-9868-57a2d4851a1d" relativeResultsDirectory="7354cc79-bcd2-4498-9add-a64a67372dd3" />
    <UnitTestResult executionId="7d2767d6-49ba-475a-93b2-dd9e50fc015c" testId="33105edf-e833-84c3-9d73-5c48e0d690f3" testName="Map_And_ReturnsAnd" computerName="ERICCARLSONBBE6" duration="00:00:00.0028450" startTime="2022-05-04T14:46:09.4944774-04:00" endTime="2022-05-04T14:46:09.4973225-04:00" testType="13cdc9d9-ddb5-4fa4-a97d-d965ccfc6d4b" outcome="Passed" testListId="8c84fa94-04c1-424b-9868-57a2d4851a1d" relativeResultsDirectory="7d2767d6-49ba-475a-93b2-dd9e50fc015c" />
    <UnitTestResult executionId="721a882c-bed1-400a-8abd-d546c7bf71c2" testId="23955a31-cf35-8855-1092-98631cf687d8" testName="MapToKeyWord_StringThen_ReturnsThen" computerName="ERICCARLSONBBE6" duration="00:00:00.0010390" startTime="2022-05-04T14:46:09.5857419-04:00" endTime="2022-05-04T14:46:09.5867806-04:00" testType="13cdc9d9-ddb5-4fa4-a97d-d965ccfc6d4b" outcome="Passed" testListId="8c84fa94-04c1-424b-9868-57a2d4851a1d" relativeResultsDirectory="721a882c-bed1-400a-8abd-d546c7bf71c2" />
    <UnitTestResult executionId="cf72ad30-8ca3-4b24-a031-b892a360924b" testId="10fcbc64-84e0-4168-f0c5-d1d525e9969f" testName="ThenCanParseScenarioWithBackgroundSuccessfully" computerName="ERICCARLSONBBE6" duration="00:00:00.0017890" startTime="2022-05-04T14:46:09.6564810-04:00" endTime="2022-05-04T14:46:09.6582702-04:00" testType="13cdc9d9-ddb5-4fa4-a97d-d965ccfc6d4b" outcome="Passed" testListId="8c84fa94-04c1-424b-9868-57a2d4851a1d" relativeResultsDirectory="cf72ad30-8ca3-4b24-a031-b892a360924b" />
    <UnitTestResult executionId="bcde366c-a19a-4f2a-af0f-7487e73def49" testId="11ec8f68-45a3-af3f-4a85-f9e875a034b9" testName="Map_TableRow_ReturnsObject" computerName="ERICCARLSONBBE6" duration="00:00:00.0001470" startTime="2022-05-04T14:46:09.5042842-04:00" endTime="2022-05-04T14:46:09.5044313-04:00" testType="13cdc9d9-ddb5-4fa4-a97d-d965ccfc6d4b" outcome="Passed" testListId="8c84fa94-04c1-424b-9868-57a2d4851a1d" relativeResultsDirectory="bcde366c-a19a-4f2a-af0f-7487e73def49" />
    <UnitTestResult executionId="afcb5cdc-1cfc-43b2-8e8f-16372834f27e" testId="cba6d1e7-9efd-8bb5-d58c-bc7892bd4b07" testName="MapToComment_NullLocation_ReturnsNull" computerName="ERICCARLSONBBE6" duration="00:00:00.0011280" startTime="2022-05-04T14:46:09.5253768-04:00" endTime="2022-05-04T14:46:09.5265044-04:00" testType="13cdc9d9-ddb5-4fa4-a97d-d965ccfc6d4b" outcome="Passed" testListId="8c84fa94-04c1-424b-9868-57a2d4851a1d" relativeResultsDirectory="afcb5cdc-1cfc-43b2-8e8f-16372834f27e" />
    <UnitTestResult executionId="11158d88-b627-46c3-a966-073f9c289487" testId="d18e2342-ed93-20fc-1486-ab5d0965097b" testName="GetEncoding_UTF16BEBOM_ReturnsUnicode" computerName="ERICCARLSONBBE6" duration="00:00:00.0007760" startTime="2022-05-04T14:46:08.6575622-04:00" endTime="2022-05-04T14:46:08.6583383-04:00" testType="13cdc9d9-ddb5-4fa4-a97d-d965ccfc6d4b" outcome="Passed" testListId="8c84fa94-04c1-424b-9868-57a2d4851a1d" relativeResultsDirectory="11158d88-b627-46c3-a966-073f9c289487" />
    <UnitTestResult executionId="61651760-4089-4a50-876d-d7d67b789ca7" testId="45cb73b7-c03c-7dde-9cbf-274f19a6f153" testName="Specification_Scenario1" computerName="ERICCARLSONBBE6" duration="00:00:00.0001310" startTime="2022-05-04T14:46:08.6271954-04:00" endTime="2022-05-04T14:46:08.6273262-04:00" testType="13cdc9d9-ddb5-4fa4-a97d-d965ccfc6d4b" outcome="Passed" testListId="8c84fa94-04c1-424b-9868-57a2d4851a1d" relativeResultsDirectory="61651760-4089-4a50-876d-d7d67b789ca7" />
    <UnitTestResult executionId="a82d4882-0059-4aa9-afaf-ecabef308fb3" testId="ad2deadc-28a2-719e-7150-17ba175aa913" testName="MapToFeature_FeatureWithNullDescription_ReturnsFeatureWithEmptyDescription" computerName="ERICCARLSONBBE6" duration="00:00:00.0011180" startTime="2022-05-04T14:46:09.5561585-04:00" endTime="2022-05-04T14:46:09.5572761-04:00" testType="13cdc9d9-ddb5-4fa4-a97d-d965ccfc6d4b" outcome="Passed" testListId="8c84fa94-04c1-424b-9868-57a2d4851a1d" relativeResultsDirectory="a82d4882-0059-4aa9-afaf-ecabef308fb3" />
    <UnitTestResult executionId="3b7c6ceb-2ba1-41f5-a89d-3c1400a61c5e" testId="47c9a237-7b62-75f9-e1ca-dd3cd3c91f8d" testName="ItShouldContainTheFeature" computerName="ERICCARLSONBBE6" duration="00:00:00.0036540" startTime="2022-05-04T14:46:09.1911557-04:00" endTime="2022-05-04T14:46:09.1948099-04:00" testType="13cdc9d9-ddb5-4fa4-a97d-d965ccfc6d4b" outcome="Passed" testListId="8c84fa94-04c1-424b-9868-57a2d4851a1d" relativeResultsDirectory="3b7c6ceb-2ba1-41f5-a89d-3c1400a61c5e" />
    <UnitTestResult executionId="0f8fe110-d0a6-4b81-80d1-79c4f7ac4df3" testId="2c6cc121-0dd5-d647-685b-59af2aa3177a" testName="Then_can_parse_and_ignore_scenario_with_tag_in_configuration_ignore_tag" computerName="ERICCARLSONBBE6" duration="00:00:00.0023060" startTime="2022-05-04T14:46:09.6293286-04:00" endTime="2022-05-04T14:46:09.6316341-04:00" testType="13cdc9d9-ddb5-4fa4-a97d-d965ccfc6d4b" outcome="Passed" testListId="8c84fa94-04c1-424b-9868-57a2d4851a1d" relativeResultsDirectory="0f8fe110-d0a6-4b81-80d1-79c4f7ac4df3" />
    <UnitTestResult executionId="34eda995-8f48-486c-9107-9994e3dd2585" testId="ba0a5a7d-c5b5-7dd0-271b-846e5b517e29" testName="MapToStep_StepWithWhen_ReturnStep" computerName="ERICCARLSONBBE6" duration="00:00:00.0011509" startTime="2022-05-04T14:46:09.5947718-04:00" endTime="2022-05-04T14:46:09.5959228-04:00" testType="13cdc9d9-ddb5-4fa4-a97d-d965ccfc6d4b" outcome="Passed" testListId="8c84fa94-04c1-424b-9868-57a2d4851a1d" relativeResultsDirectory="34eda995-8f48-486c-9107-9994e3dd2585" />
    <UnitTestResult executionId="3592cfc1-a724-422b-859a-a06e962cf142" testId="079afae8-e738-bf64-6da5-12a3d22bf9e1" testName="ThenCanResolveTheSelectedIDocumentationBuilderAsSingleton(Json,PicklesDoc.Pickles.DocumentationBuilders.Json.JsonDocumentationBuilder)" computerName="ERICCARLSONBBE6" duration="00:00:00.0005520" startTime="2022-05-04T14:46:09.6895186-04:00" endTime="2022-05-04T14:46:09.6900699-04:00" testType="13cdc9d9-ddb5-4fa4-a97d-d965ccfc6d4b" outcome="Passed" testListId="8c84fa94-04c1-424b-9868-57a2d4851a1d" relativeResultsDirectory="3592cfc1-a724-422b-859a-a06e962cf142" />
    <UnitTestResult executionId="8e2a5045-fbb6-45b3-9591-f5a74c9e9c48" testId="aef537d8-2872-7fbb-f05d-3fcdf7a673b8" testName="ThenCanFormatTextWithLongNumbersAsWikiWordSuccessfully" computerName="ERICCARLSONBBE6" duration="00:00:00.0000649" startTime="2022-05-04T14:46:08.6641133-04:00" endTime="2022-05-04T14:46:08.6641781-04:00" testType="13cdc9d9-ddb5-4fa4-a97d-d965ccfc6d4b" outcome="Passed" testListId="8c84fa94-04c1-424b-9868-57a2d4851a1d" relativeResultsDirectory="8e2a5045-fbb6-45b3-9591-f5a74c9e9c48" />
    <UnitTestResult executionId="40a18b04-69d6-440d-8b89-b674758ff6a8" testId="9cd5c73f-8266-3b6a-c78a-2aac24b20653" testName="ThenCanResolveTheSelectedIDocumentationBuilder(Word,PicklesDoc.Pickles.DocumentationBuilders.Word.WordDocumentationBuilder)" computerName="ERICCARLSONBBE6" duration="00:00:00.0031430" startTime="2022-05-04T14:46:09.6763276-04:00" endTime="2022-05-04T14:46:09.6794707-04:00" testType="13cdc9d9-ddb5-4fa4-a97d-d965ccfc6d4b" outcome="Passed" testListId="8c84fa94-04c1-424b-9868-57a2d4851a1d" relativeResultsDirectory="40a18b04-69d6-440d-8b89-b674758ff6a8" />
    <UnitTestResult executionId="0510e1c0-9ace-46ec-b68b-2b56a2283c8b" testId="1ae221e2-cbc4-5083-5871-886c8bde94bb" testName="Then_can_parse_and_ignore_feature_with_tag_in_configuration_ignore_tag" computerName="ERICCARLSONBBE6" duration="00:00:00.0013570" startTime="2022-05-04T14:46:09.6279463-04:00" endTime="2022-05-04T14:46:09.6293034-04:00" testType="13cdc9d9-ddb5-4fa4-a97d-d965ccfc6d4b" outcome="Passed" testListId="8c84fa94-04c1-424b-9868-57a2d4851a1d" relativeResultsDirectory="0510e1c0-9ace-46ec-b68b-2b56a2283c8b" />
    <UnitTestResult executionId="760d8097-5e78-4a9d-a91f-41d2956fe476" testId="a9da35b8-99a8-fe50-9531-fe6e4dd9b7fc" testName="MapToStringTag_RegularTag_ReturnsStringOfTheTag" computerName="ERICCARLSONBBE6" duration="00:00:00.0010470" startTime="2022-05-04T14:46:09.5971290-04:00" endTime="2022-05-04T14:46:09.5981756-04:00" testType="13cdc9d9-ddb5-4fa4-a97d-d965ccfc6d4b" outcome="Passed" testListId="8c84fa94-04c1-424b-9868-57a2d4851a1d" relativeResultsDirectory="760d8097-5e78-4a9d-a91f-41d2956fe476" />
    <UnitTestResult executionId="1972a9bc-c986-44df-baff-27919a61c894" testId="42ebbc3e-9cb4-7b29-f224-f1d9cba21bf9" testName="GetEncoding_Default_ReturnsUTF8" computerName="ERICCARLSONBBE6" duration="00:00:00.0035560" startTime="2022-05-04T14:46:08.6513566-04:00" endTime="2022-05-04T14:46:08.6549125-04:00" testType="13cdc9d9-ddb5-4fa4-a97d-d965ccfc6d4b" outcome="Passed" testListId="8c84fa94-04c1-424b-9868-57a2d4851a1d" relativeResultsDirectory="1972a9bc-c986-44df-baff-27919a61c894" />
    <UnitTestResult executionId="db16d3c1-7f9a-4803-89c0-de8484ce6ff1" testId="0c97d668-a530-0371-fb9a-28c792581fe6" testName="ThenCanDetectAllScriptsSuccessfully" computerName="ERICCARLSONBBE6" duration="00:00:00.0015290" startTime="2022-05-04T14:46:09.9291496-04:00" endTime="2022-05-04T14:46:09.9306782-04:00" testType="13cdc9d9-ddb5-4fa4-a97d-d965ccfc6d4b" outcome="Passed" testListId="8c84fa94-04c1-424b-9868-57a2d4851a1d" relativeResultsDirectory="db16d3c1-7f9a-4803-89c0-de8484ce6ff1" />
    <UnitTestResult executionId="94c94321-71a4-4d23-af68-9af8d079bd7a" testId="6a374012-2fd6-0cd8-6683-20b8af7e8ea0" testName="ThenCanResolveTheSelectedIDocumentationBuilderAsSingleton(DHtml,PicklesDoc.Pickles.DocumentationBuilders.Dhtml.DhtmlDocumentationBuilder)" computerName="ERICCARLSONBBE6" duration="00:00:00.0020730" startTime="2022-05-04T14:46:09.6874231-04:00" endTime="2022-05-04T14:46:09.6894964-04:00" testType="13cdc9d9-ddb5-4fa4-a97d-d965ccfc6d4b" outcome="Passed" testListId="8c84fa94-04c1-424b-9868-57a2d4851a1d" relativeResultsDirectory="94c94321-71a4-4d23-af68-9af8d079bd7a" />
    <UnitTestResult executionId="e90e882a-0981-4081-8b96-8f81d0eb1dbe" testId="b407155a-e5fd-8677-d804-23913edba29d" testName="ThenCanResolveTheSelectedIDocumentationBuilderAsSingleton(Html,PicklesDoc.Pickles.DocumentationBuilders.Html.HtmlDocumentationBuilder)" computerName="ERICCARLSONBBE6" duration="00:00:00.0011420" startTime="2022-05-04T14:46:09.6840200-04:00" endTime="2022-05-04T14:46:09.6851617-04:00" testType="13cdc9d9-ddb5-4fa4-a97d-d965ccfc6d4b" outcome="Passed" testListId="8c84fa94-04c1-424b-9868-57a2d4851a1d" relativeResultsDirectory="e90e882a-0981-4081-8b96-8f81d0eb1dbe" />
    <UnitTestResult executionId="25f30471-e526-4b08-8625-acb36c502ea7" testId="a83f3e46-a026-f6b2-8efd-ed8752f0f9e8" testName="ThenCanResolveTheSelectedIDocumentationBuilderAsSingleton(Markdown,PicklesDoc.Pickles.DocumentationBuilders.Markdown.MarkdownDocumentationBuilder)" computerName="ERICCARLSONBBE6" duration="00:00:00.0005689" startTime="2022-05-04T14:46:09.6906070-04:00" endTime="2022-05-04T14:46:09.6911760-04:00" testType="13cdc9d9-ddb5-4fa4-a97d-d965ccfc6d4b" outcome="Passed" testListId="8c84fa94-04c1-424b-9868-57a2d4851a1d" relativeResultsDirectory="25f30471-e526-4b08-8625-acb36c502ea7" />
    <UnitTestResult executionId="41533927-6d51-4058-8a42-58a2c8b8a47b" testId="54bb1776-45b9-440f-39dc-4b42c206b81f" testName="Constructor_ValidFileSystemInfo_SetsOriginalLocation" computerName="ERICCARLSONBBE6" duration="00:00:00.0030730" startTime="2022-05-04T14:46:08.6283794-04:00" endTime="2022-05-04T14:46:08.6314523-04:00" testType="13cdc9d9-ddb5-4fa4-a97d-d965ccfc6d4b" outcome="Passed" testListId="8c84fa94-04c1-424b-9868-57a2d4851a1d" relativeResultsDirectory="41533927-6d51-4058-8a42-58a2c8b8a47b" />
    <UnitTestResult executionId="d7690629-e017-463e-918d-551e065e376d" testId="29a3c11d-efc3-2b7f-7226-91220f6ed839" testName="Map_WithoutStepComments_ReturnsEmptyList" computerName="ERICCARLSONBBE6" duration="00:00:00.0001170" startTime="2022-05-04T14:46:09.5012120-04:00" endTime="2022-05-04T14:46:09.5013285-04:00" testType="13cdc9d9-ddb5-4fa4-a97d-d965ccfc6d4b" outcome="Passed" testListId="8c84fa94-04c1-424b-9868-57a2d4851a1d" relativeResultsDirectory="d7690629-e017-463e-918d-551e065e376d" />
    <UnitTestResult executionId="d1c30699-4cd4-4688-a67e-88fe57b052af" testId="919a0def-61d6-a630-f655-9a4c320ae4c8" testName="IsRelevant_ValidFile_ReturnsTrue(&quot;image.jpg&quot;)" computerName="ERICCARLSONBBE6" duration="00:00:00.0000890" startTime="2022-05-04T14:46:08.6476971-04:00" endTime="2022-05-04T14:46:08.6477861-04:00" testType="13cdc9d9-ddb5-4fa4-a97d-d965ccfc6d4b" outcome="Passed" testListId="8c84fa94-04c1-424b-9868-57a2d4851a1d" relativeResultsDirectory="d1c30699-4cd4-4688-a67e-88fe57b052af" />
    <UnitTestResult executionId="c901ff11-3a26-401e-8513-dd0aabcefaec" testId="b26fb74e-729d-8047-377b-8be9da93dbdb" testName="ItShouldIndicateWasSuccessfulIsTrue" computerName="ERICCARLSONBBE6" duration="00:00:00.0093330" startTime="2022-05-04T14:46:09.3503849-04:00" endTime="2022-05-04T14:46:09.3597180-04:00" testType="13cdc9d9-ddb5-4fa4-a97d-d965ccfc6d4b" outcome="Passed" testListId="8c84fa94-04c1-424b-9868-57a2d4851a1d" relativeResultsDirectory="c901ff11-3a26-401e-8513-dd0aabcefaec" />
    <UnitTestResult executionId="5efc70e3-9e22-4ea2-a5f5-a6ad31c1d12a" testId="b85c644b-8489-cbb9-6e06-ef4de46141c2" testName="Map_WithAfterLastStepComments_ReturnsThoseComments" computerName="ERICCARLSONBBE6" duration="00:00:00.0002970" startTime="2022-05-04T14:46:09.4999944-04:00" endTime="2022-05-04T14:46:09.5002909-04:00" testType="13cdc9d9-ddb5-4fa4-a97d-d965ccfc6d4b" outcome="Passed" testListId="8c84fa94-04c1-424b-9868-57a2d4851a1d" relativeResultsDirectory="5efc70e3-9e22-4ea2-a5f5-a6ad31c1d12a" />
    <UnitTestResult executionId="81440bfa-26d4-44e7-b4c2-7007beff5424" testId="f4c7a1fe-8e1a-0bf7-6944-a7dc509a0e14" testName="Specification_Scenario4_WithTabs" computerName="ERICCARLSONBBE6" duration="00:00:00.0001340" startTime="2022-05-04T14:46:08.6276472-04:00" endTime="2022-05-04T14:46:08.6277810-04:00" testType="13cdc9d9-ddb5-4fa4-a97d-d965ccfc6d4b" outcome="Passed" testListId="8c84fa94-04c1-424b-9868-57a2d4851a1d" relativeResultsDirectory="81440bfa-26d4-44e7-b4c2-7007beff5424" />
    <UnitTestResult executionId="a98c6bba-c66d-48c0-9a10-f1f2ca19f933" testId="f00f3d6c-4b48-2938-84c4-a91f755f803f" testName="ThenCanFormatTextWithSpecialCharactersAsWikiWordSuccessfully" computerName="ERICCARLSONBBE6" duration="00:00:00.0000580" startTime="2022-05-04T14:46:08.6643199-04:00" endTime="2022-05-04T14:46:08.6643774-04:00" testType="13cdc9d9-ddb5-4fa4-a97d-d965ccfc6d4b" outcome="Passed" testListId="8c84fa94-04c1-424b-9868-57a2d4851a1d" relativeResultsDirectory="a98c6bba-c66d-48c0-9a10-f1f2ca19f933" />
    <UnitTestResult executionId="ac7d2d0a-a0a3-4a2e-af37-ac83ff611f5a" testId="f2a4d10f-7a23-0d3b-b616-b37bcd3d7f3d" testName="Map_WithName_ReturnsSlug" computerName="ERICCARLSONBBE6" duration="00:00:00.0000900" startTime="2022-05-04T14:46:09.4990480-04:00" endTime="2022-05-04T14:46:09.4991384-04:00" testType="13cdc9d9-ddb5-4fa4-a97d-d965ccfc6d4b" outcome="Passed" testListId="8c84fa94-04c1-424b-9868-57a2d4851a1d" relativeResultsDirectory="ac7d2d0a-a0a3-4a2e-af37-ac83ff611f5a" />
    <UnitTestResult executionId="90bb7be8-703e-4857-bacf-935774b32a11" testId="216afdda-9f90-6646-2d48-d4b3f580d4ec" testName="ToUriFileInfo_NormalFilename_ProducesUri" computerName="ERICCARLSONBBE6" duration="00:00:00.0007270" startTime="2022-05-04T14:46:08.6739480-04:00" endTime="2022-05-04T14:46:08.6746745-04:00" testType="13cdc9d9-ddb5-4fa4-a97d-d965ccfc6d4b" outcome="Passed" testListId="8c84fa94-04c1-424b-9868-57a2d4851a1d" relativeResultsDirectory="90bb7be8-703e-4857-bacf-935774b32a11" />
    <UnitTestResult executionId="089e3892-e28f-4d69-ad04-1dfdbac0e329" testId="2ab3b04b-4f0b-0b76-e6e9-98c397a4b936" testName="Then_can_parse_and_ignore_with_with_tag_without_sensitivity" computerName="ERICCARLSONBBE6" duration="00:00:00.0020790" startTime="2022-05-04T14:46:09.6334759-04:00" endTime="2022-05-04T14:46:09.6355548-04:00" testType="13cdc9d9-ddb5-4fa4-a97d-d965ccfc6d4b" outcome="Passed" testListId="8c84fa94-04c1-424b-9868-57a2d4851a1d" relativeResultsDirectory="089e3892-e28f-4d69-ad04-1dfdbac0e329" />
    <UnitTestResult executionId="5d14618d-844b-45ee-a0b7-cdd6c246f8c6" testId="58c9e785-2ac6-9bcb-7efe-6d35daa42a6c" testName="Map_WithSteps_ReturnsSteps" computerName="ERICCARLSONBBE6" duration="00:00:00.0001210" startTime="2022-05-04T14:46:09.4992438-04:00" endTime="2022-05-04T14:46:09.4993649-04:00" testType="13cdc9d9-ddb5-4fa4-a97d-d965ccfc6d4b" outcome="Passed" testListId="8c84fa94-04c1-424b-9868-57a2d4851a1d" relativeResultsDirectory="5d14618d-844b-45ee-a0b7-cdd6c246f8c6" />
    <UnitTestResult executionId="b7aa12fb-e2fe-42b1-bd49-e1dc2765211d" testId="8a496478-cb58-07dc-ff9e-8b8291b01ce1" testName="Map_Passed_ReturnsExecutedTrueSuccessfulTrue" computerName="ERICCARLSONBBE6" duration="00:00:00.0000740" startTime="2022-05-04T14:46:09.5105766-04:00" endTime="2022-05-04T14:46:09.5106505-04:00" testType="13cdc9d9-ddb5-4fa4-a97d-d965ccfc6d4b" outcome="Passed" testListId="8c84fa94-04c1-424b-9868-57a2d4851a1d" relativeResultsDirectory="b7aa12fb-e2fe-42b1-bd49-e1dc2765211d" />
    <UnitTestResult executionId="d7a6494b-2a23-4c7c-9ea2-a92a76d2a4cf" testId="3945d961-caf9-46f1-6226-8ce537af5d08" testName="Constructor_NullHtmlIndexFormatter_ThrowsArgumentNullException" computerName="ERICCARLSONBBE6" duration="00:00:00.1793770" startTime="2022-05-04T14:46:08.8544958-04:00" endTime="2022-05-04T14:46:09.0338731-04:00" testType="13cdc9d9-ddb5-4fa4-a97d-d965ccfc6d4b" outcome="Passed" testListId="8c84fa94-04c1-424b-9868-57a2d4851a1d" relativeResultsDirectory="d7a6494b-2a23-4c7c-9ea2-a92a76d2a4cf" />
    <UnitTestResult executionId="e3b8210e-4107-48d3-88cf-401dc1ab4625" testId="cea95d72-0e0c-6c38-dd31-2635e4fc12d8" testName="Map_TableRowWithTestResultsWithRows_ReturnsObjectWithStrings" computerName="ERICCARLSONBBE6" duration="00:00:00.0004300" startTime="2022-05-04T14:46:09.5066919-04:00" endTime="2022-05-04T14:46:09.5071216-04:00" testType="13cdc9d9-ddb5-4fa4-a97d-d965ccfc6d4b" outcome="Passed" testListId="8c84fa94-04c1-424b-9868-57a2d4851a1d" relativeResultsDirectory="e3b8210e-4107-48d3-88cf-401dc1ab4625" />
    <UnitTestResult executionId="65185c7e-395a-44af-8594-cbf557ec9d61" testId="c826d657-b8f4-5226-a39c-eb7188bc6544" testName="ThenCanFormatTextWithAcronymAsWikiWordSuccessfully" computerName="ERICCARLSONBBE6" duration="00:00:00.0000740" startTime="2022-05-04T14:46:08.6640325-04:00" endTime="2022-05-04T14:46:08.6641060-04:00" testType="13cdc9d9-ddb5-4fa4-a97d-d965ccfc6d4b" outcome="Passed" testListId="8c84fa94-04c1-424b-9868-57a2d4851a1d" relativeResultsDirectory="65185c7e-395a-44af-8594-cbf557ec9d61" />
    <UnitTestResult executionId="614cad46-6d32-4a15-be15-991b99eb9e02" testId="c9dc8fda-f925-817c-ef19-f9b9572b50ff" testName="GetDialect_WithLanguageAndCulture_ReturnsThatLanguage" computerName="ERICCARLSONBBE6" duration="00:00:00.0105920" startTime="2022-05-04T14:46:08.3191819-04:00" endTime="2022-05-04T14:46:08.3297741-04:00" testType="13cdc9d9-ddb5-4fa4-a97d-d965ccfc6d4b" outcome="Passed" testListId="8c84fa94-04c1-424b-9868-57a2d4851a1d" relativeResultsDirectory="614cad46-6d32-4a15-be15-991b99eb9e02" />
    <UnitTestResult executionId="09f0f9df-0390-4b45-a721-83a7e8b951aa" testId="9a538a18-6713-44c0-7f91-be4011a7b21a" testName="ThenCanResolveTheSelectedIDocumentationBuilder(Markdown,PicklesDoc.Pickles.DocumentationBuilders.Markdown.MarkdownDocumentationBuilder)" computerName="ERICCARLSONBBE6" duration="00:00:00.0012860" startTime="2022-05-04T14:46:09.6826325-04:00" endTime="2022-05-04T14:46:09.6839187-04:00" testType="13cdc9d9-ddb5-4fa4-a97d-d965ccfc6d4b" outcome="Passed" testListId="8c84fa94-04c1-424b-9868-57a2d4851a1d" relativeResultsDirectory="09f0f9df-0390-4b45-a721-83a7e8b951aa" />
    <UnitTestResult executionId="613c6371-5d81-4e75-b9c7-cb695dae5321" testId="e1d5832b-53c8-bd83-2d7b-38a6c413e9e9" testName="Map_FeatureWithDescription_ReturnsDescription" computerName="ERICCARLSONBBE6" duration="00:00:00.0001100" startTime="2022-05-04T14:46:09.4888156-04:00" endTime="2022-05-04T14:46:09.4889255-04:00" testType="13cdc9d9-ddb5-4fa4-a97d-d965ccfc6d4b" outcome="Passed" testListId="8c84fa94-04c1-424b-9868-57a2d4851a1d" relativeResultsDirectory="613c6371-5d81-4e75-b9c7-cb695dae5321" />
    <UnitTestResult executionId="18e12afd-7f50-42a1-9243-49dafc9318d3" testId="fef5814c-e293-359f-3b1e-c7507dc38524" testName="LineThatStartsWithEscapedHash_Header4_ShouldRemoveEscapeSign" computerName="ERICCARLSONBBE6" duration="00:00:00.0000699" startTime="2022-05-04T14:46:08.6260752-04:00" endTime="2022-05-04T14:46:08.6261447-04:00" testType="13cdc9d9-ddb5-4fa4-a97d-d965ccfc6d4b" outcome="Passed" testListId="8c84fa94-04c1-424b-9868-57a2d4851a1d" relativeResultsDirectory="18e12afd-7f50-42a1-9243-49dafc9318d3" />
    <UnitTestResult executionId="d6093a6f-ee4c-4aa3-8cbd-2891c46fcfd6" testId="efc98ff6-24a4-3785-7d11-0177db098370" testName="Create_MarkdownParsingError_AddsEntryToReport" computerName="ERICCARLSONBBE6" duration="00:00:00.0055300" startTime="2022-05-04T14:46:08.8375134-04:00" endTime="2022-05-04T14:46:08.8430434-04:00" testType="13cdc9d9-ddb5-4fa4-a97d-d965ccfc6d4b" outcome="Passed" testListId="8c84fa94-04c1-424b-9868-57a2d4851a1d" relativeResultsDirectory="d6093a6f-ee4c-4aa3-8cbd-2891c46fcfd6" />
    <UnitTestResult executionId="3269e4e7-fa94-4c74-8981-4cec607bbb51" testId="94b6fca8-7a3d-f453-0070-6471ff92bbfc" testName="MapToStep_NullStep_ReturnsNull" computerName="ERICCARLSONBBE6" duration="00:00:00.0021470" startTime="2022-05-04T14:46:09.5868021-04:00" endTime="2022-05-04T14:46:09.5889489-04:00" testType="13cdc9d9-ddb5-4fa4-a97d-d965ccfc6d4b" outcome="Passed" testListId="8c84fa94-04c1-424b-9868-57a2d4851a1d" relativeResultsDirectory="3269e4e7-fa94-4c74-8981-4cec607bbb51" />
    <UnitTestResult executionId="6726da55-6979-4cb0-97cb-169580f7e3d9" testId="a03e2c23-c864-b123-24c0-3ec5ce0b2cf3" testName="Map_WithResult_ReturnsResult" computerName="ERICCARLSONBBE6" duration="00:00:00.0000910" startTime="2022-05-04T14:46:09.4991455-04:00" endTime="2022-05-04T14:46:09.4992366-04:00" testType="13cdc9d9-ddb5-4fa4-a97d-d965ccfc6d4b" outcome="Passed" testListId="8c84fa94-04c1-424b-9868-57a2d4851a1d" relativeResultsDirectory="6726da55-6979-4cb0-97cb-169580f7e3d9" />
    <UnitTestResult executionId="c1120395-bec1-4737-bfce-dd0c8b96ad9a" testId="2727f611-717b-e830-4bd0-bf3af2242d14" testName="Map_WithStepComments_ReturnsThoseComments" computerName="ERICCARLSONBBE6" duration="00:00:00.0001090" startTime="2022-05-04T14:46:09.5013370-04:00" endTime="2022-05-04T14:46:09.5014458-04:00" testType="13cdc9d9-ddb5-4fa4-a97d-d965ccfc6d4b" outcome="Passed" testListId="8c84fa94-04c1-424b-9868-57a2d4851a1d" relativeResultsDirectory="c1120395-bec1-4737-bfce-dd0c8b96ad9a" />
    <UnitTestResult executionId="7f14c9e2-94e1-4157-ba3b-2f50bdcd409c" testId="4a3558be-633c-b5e1-e65c-31f677abdb6a" testName="MapToFeature_NullFeature_ReturnsNull" computerName="ERICCARLSONBBE6" duration="00:00:00.0010740" startTime="2022-05-04T14:46:09.5629877-04:00" endTime="2022-05-04T14:46:09.5640615-04:00" testType="13cdc9d9-ddb5-4fa4-a97d-d965ccfc6d4b" outcome="Passed" testListId="8c84fa94-04c1-424b-9868-57a2d4851a1d" relativeResultsDirectory="7f14c9e2-94e1-4157-ba3b-2f50bdcd409c" />
    <UnitTestResult executionId="e3997e38-cf56-41ca-b665-bce745a9fd57" testId="ba53ca1c-8fc8-ce7b-1238-7a4281364dad" testName="Map_EnglishFeature_SetsNativeKeywordToExamples" computerName="ERICCARLSONBBE6" duration="00:00:00.0001660" startTime="2022-05-04T14:46:09.4879519-04:00" endTime="2022-05-04T14:46:09.4881183-04:00" testType="13cdc9d9-ddb5-4fa4-a97d-d965ccfc6d4b" outcome="Passed" testListId="8c84fa94-04c1-424b-9868-57a2d4851a1d" relativeResultsDirectory="e3997e38-cf56-41ca-b665-bce745a9fd57" />
    <UnitTestResult executionId="39bb854a-7ddf-454f-b264-60d221adb3d4" testId="8886bee6-e2cf-0623-d741-e916013e519a" testName="MapToStep_StepWithLocation_ReturnStepWithLocation" computerName="ERICCARLSONBBE6" duration="00:00:00.0015349" startTime="2022-05-04T14:46:09.5904452-04:00" endTime="2022-05-04T14:46:09.5919803-04:00" testType="13cdc9d9-ddb5-4fa4-a97d-d965ccfc6d4b" outcome="Passed" testListId="8c84fa94-04c1-424b-9868-57a2d4851a1d" relativeResultsDirectory="39bb854a-7ddf-454f-b264-60d221adb3d4" />
    <UnitTestResult executionId="c2d1950c-e4c3-4b4a-b03d-1f3a2695b348" testId="d08c1047-4425-a8ef-3977-424f7044543c" testName="MapToFeature_FeatureWithBackground_ReturnsFeatureWithBackground" computerName="ERICCARLSONBBE6" duration="00:00:00.0012770" startTime="2022-05-04T14:46:09.5484636-04:00" endTime="2022-05-04T14:46:09.5497399-04:00" testType="13cdc9d9-ddb5-4fa4-a97d-d965ccfc6d4b" outcome="Passed" testListId="8c84fa94-04c1-424b-9868-57a2d4851a1d" relativeResultsDirectory="c2d1950c-e4c3-4b4a-b03d-1f3a2695b348" />
    <UnitTestResult executionId="51fdcfbb-7d0b-4040-9a78-0d5d16cf0a96" testId="89911fa4-1c14-ab49-c42c-931bebac33c7" testName="Map_WithDescription_ReturnsSlug" computerName="ERICCARLSONBBE6" duration="00:00:00.0001350" startTime="2022-05-04T14:46:09.4988169-04:00" endTime="2022-05-04T14:46:09.4989519-04:00" testType="13cdc9d9-ddb5-4fa4-a97d-d965ccfc6d4b" outcome="Passed" testListId="8c84fa94-04c1-424b-9868-57a2d4851a1d" relativeResultsDirectory="51fdcfbb-7d0b-4040-9a78-0d5d16cf0a96" />
    <UnitTestResult executionId="1de47842-20ba-4ecb-9ecd-5f8ae3a939f4" testId="c45bafd9-44fe-eb94-223b-fb60dcc673d3" testName="MapToExample_RegularWithTagsExamples_ReturnsCorrectExample" computerName="ERICCARLSONBBE6" duration="00:00:00.0014780" startTime="2022-05-04T14:46:09.5468197-04:00" endTime="2022-05-04T14:46:09.5482977-04:00" testType="13cdc9d9-ddb5-4fa4-a97d-d965ccfc6d4b" outcome="Passed" testListId="8c84fa94-04c1-424b-9868-57a2d4851a1d" relativeResultsDirectory="1de47842-20ba-4ecb-9ecd-5f8ae3a939f4" />
    <UnitTestResult executionId="9d1135c7-ce05-49bb-aef7-cb4a44b2d49c" testId="e8565e90-2492-6ea1-7c7e-a2f7e9a1f360" testName="ThenCanResolveTheSelectedIDocumentationBuilder(Json,PicklesDoc.Pickles.DocumentationBuilders.Json.JsonDocumentationBuilder)" computerName="ERICCARLSONBBE6" duration="00:00:00.0007030" startTime="2022-05-04T14:46:09.6811371-04:00" endTime="2022-05-04T14:46:09.6818398-04:00" testType="13cdc9d9-ddb5-4fa4-a97d-d965ccfc6d4b" outcome="Passed" testListId="8c84fa94-04c1-424b-9868-57a2d4851a1d" relativeResultsDirectory="9d1135c7-ce05-49bb-aef7-cb4a44b2d49c" />
    <UnitTestResult executionId="f6c5257a-e577-4ef8-937c-92ef07fbe4fd" testId="81765902-660e-6877-86d8-ec70f35715ec" testName="ThenCanFormatTextWithNumberFollowedByCapitalAsWikiWordSuccessfully" computerName="ERICCARLSONBBE6" duration="00:00:00.0000610" startTime="2022-05-04T14:46:08.6641852-04:00" endTime="2022-05-04T14:46:08.6642465-04:00" testType="13cdc9d9-ddb5-4fa4-a97d-d965ccfc6d4b" outcome="Passed" testListId="8c84fa94-04c1-424b-9868-57a2d4851a1d" relativeResultsDirectory="f6c5257a-e577-4ef8-937c-92ef07fbe4fd" />
    <UnitTestResult executionId="25505cc9-b230-41b4-82c5-9cef684f468d" testId="3469300e-035a-5249-282c-445c8034c44b" testName="Then_can_parse_scenario_with_tags_successfully" computerName="ERICCARLSONBBE6" duration="00:00:00.0017230" startTime="2022-05-04T14:46:09.6479566-04:00" endTime="2022-05-04T14:46:09.6496792-04:00" testType="13cdc9d9-ddb5-4fa4-a97d-d965ccfc6d4b" outcome="Passed" testListId="8c84fa94-04c1-424b-9868-57a2d4851a1d" relativeResultsDirectory="25505cc9-b230-41b4-82c5-9cef684f468d" />
    <UnitTestResult executionId="429a2a46-5724-4a25-bc67-5a769bc00122" testId="1ef557f7-18cb-a8c3-1cc5-a8b4f5dc1b33" testName="ThenCanParseMostBasicFeatureSuccessfully" computerName="ERICCARLSONBBE6" duration="00:00:00.0021400" startTime="2022-05-04T14:46:09.6520294-04:00" endTime="2022-05-04T14:46:09.6541691-04:00" testType="13cdc9d9-ddb5-4fa4-a97d-d965ccfc6d4b" outcome="Passed" testListId="8c84fa94-04c1-424b-9868-57a2d4851a1d" relativeResultsDirectory="429a2a46-5724-4a25-bc67-5a769bc00122" />
    <UnitTestResult executionId="579442a6-d0a6-4c27-8420-775212543499" testId="efd251ba-1cdd-95f2-3fe2-824f7ed5e249" testName="MapToTableRow_NullTableRow_ReturnsNull" computerName="ERICCARLSONBBE6" duration="00:00:00.0022960" startTime="2022-05-04T14:46:09.5371433-04:00" endTime="2022-05-04T14:46:09.5394396-04:00" testType="13cdc9d9-ddb5-4fa4-a97d-d965ccfc6d4b" outcome="Passed" testListId="8c84fa94-04c1-424b-9868-57a2d4851a1d" relativeResultsDirectory="579442a6-d0a6-4c27-8420-775212543499" />
    <UnitTestResult executionId="16845716-337f-4a13-9327-9dcc519774d3" testId="9f54fc7b-943f-a736-270e-322b76b12240" testName="Process_TwoLines_ReturnsText" computerName="ERICCARLSONBBE6" duration="00:00:00.0001510" startTime="2022-05-04T14:46:08.6270360-04:00" endTime="2022-05-04T14:46:08.6271867-04:00" testType="13cdc9d9-ddb5-4fa4-a97d-d965ccfc6d4b" outcome="Passed" testListId="8c84fa94-04c1-424b-9868-57a2d4851a1d" relativeResultsDirectory="16845716-337f-4a13-9327-9dcc519774d3" />
    <UnitTestResult executionId="d8acd2c4-d3dd-48eb-9605-79e87638cc4a" testId="eea99d72-2be5-3f19-63ae-66ae53007fed" testName="DefaultLanguage_ReturnsEnglish" computerName="ERICCARLSONBBE6" duration="00:00:00.0000860" startTime="2022-05-04T14:46:09.4835512-04:00" endTime="2022-05-04T14:46:09.4836376-04:00" testType="13cdc9d9-ddb5-4fa4-a97d-d965ccfc6d4b" outcome="Passed" testListId="8c84fa94-04c1-424b-9868-57a2d4851a1d" relativeResultsDirectory="d8acd2c4-d3dd-48eb-9605-79e87638cc4a" />
    <UnitTestResult executionId="3ff28dd5-a35d-4a08-a8b1-e9437c923578" testId="3c3842c3-f734-534b-fecc-cf8c356ba236" testName="Map_NotProvided_ReturnsExecutedFalseSuccessfulFalseProvidedFalse" computerName="ERICCARLSONBBE6" duration="00:00:00.0000770" startTime="2022-05-04T14:46:09.5104919-04:00" endTime="2022-05-04T14:46:09.5105693-04:00" testType="13cdc9d9-ddb5-4fa4-a97d-d965ccfc6d4b" outcome="Passed" testListId="8c84fa94-04c1-424b-9868-57a2d4851a1d" relativeResultsDirectory="3ff28dd5-a35d-4a08-a8b1-e9437c923578" />
    <UnitTestResult executionId="9fd0dc68-9ce0-4a43-bacd-1a6454aefc40" testId="7bb5e631-9147-0063-5795-e8fe0b38a046" testName="ThenCanFormatTextWithAcronymAndNumberAsWikiWordSuccessfully" computerName="ERICCARLSONBBE6" duration="00:00:00.0001180" startTime="2022-05-04T14:46:08.6639064-04:00" endTime="2022-05-04T14:46:08.6640239-04:00" testType="13cdc9d9-ddb5-4fa4-a97d-d965ccfc6d4b" outcome="Passed" testListId="8c84fa94-04c1-424b-9868-57a2d4851a1d" relativeResultsDirectory="9fd0dc68-9ce0-4a43-bacd-1a6454aefc40" />
    <UnitTestResult executionId="cb406788-c308-441c-b7a5-772806f325d9" testId="4002bec3-2e84-8178-8fdb-096903003927" testName="ThenCanResolveTheSelectedIDocumentationBuilderAsSingleton(Excel,PicklesDoc.Pickles.DocumentationBuilders.Excel.ExcelDocumentationBuilder)" computerName="ERICCARLSONBBE6" duration="00:00:00.0005880" startTime="2022-05-04T14:46:09.6868129-04:00" endTime="2022-05-04T14:46:09.6874012-04:00" testType="13cdc9d9-ddb5-4fa4-a97d-d965ccfc6d4b" outcome="Passed" testListId="8c84fa94-04c1-424b-9868-57a2d4851a1d" relativeResultsDirectory="cb406788-c308-441c-b7a5-772806f325d9" />
    <UnitTestResult executionId="daa98f5f-c322-4f33-8e54-1c344b73b697" testId="b566615a-6a0e-ff7f-fdc9-66bffe7a7647" testName="ThenSavesCssFilesToCorrectLocation" computerName="ERICCARLSONBBE6" duration="00:00:00.0051580" startTime="2022-05-04T14:46:09.9338194-04:00" endTime="2022-05-04T14:46:09.9389774-04:00" testType="13cdc9d9-ddb5-4fa4-a97d-d965ccfc6d4b" outcome="Passed" testListId="8c84fa94-04c1-424b-9868-57a2d4851a1d" relativeResultsDirectory="daa98f5f-c322-4f33-8e54-1c344b73b697" />
    <UnitTestResult executionId="fd96cee8-1afc-4daf-bdb5-346dc1a10825" testId="c9dbbac5-4686-fc9f-849b-ef7f10b63035" testName="Map_Null_ReturnsNull" computerName="ERICCARLSONBBE6" duration="00:00:00.0002290" startTime="2022-05-04T14:46:09.4849379-04:00" endTime="2022-05-04T14:46:09.4851667-04:00" testType="13cdc9d9-ddb5-4fa4-a97d-d965ccfc6d4b" outcome="Passed" testListId="8c84fa94-04c1-424b-9868-57a2d4851a1d" relativeResultsDirectory="fd96cee8-1afc-4daf-bdb5-346dc1a10825" />
    <UnitTestResult executionId="bd4ae0a2-6d5d-41bf-9681-695702fdd020" testId="e872ace4-29b8-3b56-871c-345e18778c92" testName="Map_Null_ReturnsNull" computerName="ERICCARLSONBBE6" duration="00:00:00.0000970" startTime="2022-05-04T14:46:09.4881600-04:00" endTime="2022-05-04T14:46:09.4882572-04:00" testType="13cdc9d9-ddb5-4fa4-a97d-d965ccfc6d4b" outcome="Passed" testListId="8c84fa94-04c1-424b-9868-57a2d4851a1d" relativeResultsDirectory="bd4ae0a2-6d5d-41bf-9681-695702fdd020" />
    <UnitTestResult executionId="f3db3bb0-7cbc-42db-b3fc-47cce76fb7fb" testId="bcbfdc88-f29f-53aa-6ac7-bd0cbdb624b9" testName="Map_NullStep_ReturnsNull" computerName="ERICCARLSONBBE6" duration="00:00:00.0000780" startTime="2022-05-04T14:46:09.4999083-04:00" endTime="2022-05-04T14:46:09.4999863-04:00" testType="13cdc9d9-ddb5-4fa4-a97d-d965ccfc6d4b" outcome="Passed" testListId="8c84fa94-04c1-424b-9868-57a2d4851a1d" relativeResultsDirectory="f3db3bb0-7cbc-42db-b3fc-47cce76fb7fb" />
    <UnitTestResult executionId="0957f659-7c72-47dd-be66-e591852a8892" testId="99a25f48-0d46-1e4c-d856-1a93a4215220" testName="Then_can_parse_and_remove_technical_tag_in_configuration_remove_technical_tag" computerName="ERICCARLSONBBE6" duration="00:00:00.0077130" startTime="2022-05-04T14:46:09.6377932-04:00" endTime="2022-05-04T14:46:09.6455063-04:00" testType="13cdc9d9-ddb5-4fa4-a97d-d965ccfc6d4b" outcome="Passed" testListId="8c84fa94-04c1-424b-9868-57a2d4851a1d" relativeResultsDirectory="0957f659-7c72-47dd-be66-e591852a8892" />
    <UnitTestResult executionId="2f12a48a-fa60-4d36-9b1f-8cce8d23e4df" testId="ab19ff46-498b-9420-1130-607f4dc077aa" testName="GetLanguageServicesForLanguage_WithEnglish_ReturnsLanguageServicesForEnglish" computerName="ERICCARLSONBBE6" duration="00:00:00.0001280" startTime="2022-05-04T14:46:09.4836456-04:00" endTime="2022-05-04T14:46:09.4837737-04:00" testType="13cdc9d9-ddb5-4fa4-a97d-d965ccfc6d4b" outcome="Passed" testListId="8c84fa94-04c1-424b-9868-57a2d4851a1d" relativeResultsDirectory="2f12a48a-fa60-4d36-9b1f-8cce8d23e4df" />
    <UnitTestResult executionId="b6fc49f3-24fe-4731-a9d5-c8a12e80132c" testId="ba5db6d3-9616-c3db-94c8-bbae1d87d95f" testName="Map_FeatureWithBogusFeatureElement_ShouldThrowArgumentException" computerName="ERICCARLSONBBE6" duration="00:00:00.0004610" startTime="2022-05-04T14:46:09.4883325-04:00" endTime="2022-05-04T14:46:09.4887932-04:00" testType="13cdc9d9-ddb5-4fa4-a97d-d965ccfc6d4b" outcome="Passed" testListId="8c84fa94-04c1-424b-9868-57a2d4851a1d" relativeResultsDirectory="b6fc49f3-24fe-4731-a9d5-c8a12e80132c" />
    <UnitTestResult executionId="01b47be3-d84b-41d3-8011-4330556d4966" testId="dc07b652-b5fa-fc33-626f-4ab4993e82ab" testName="Process_EmptySpaces_ReturnsEmptyString" computerName="ERICCARLSONBBE6" duration="00:00:00.0000640" startTime="2022-05-04T14:46:08.6263666-04:00" endTime="2022-05-04T14:46:08.6264301-04:00" testType="13cdc9d9-ddb5-4fa4-a97d-d965ccfc6d4b" outcome="Passed" testListId="8c84fa94-04c1-424b-9868-57a2d4851a1d" relativeResultsDirectory="01b47be3-d84b-41d3-8011-4330556d4966" />
    <UnitTestResult executionId="75789b9a-0de5-4d4d-a64d-b22c038b32aa" testId="aef8551c-05cb-2cf2-3f00-57a0d48780f4" testName="Map_TableRowWithCells_ConvertsToJsonTableRow" computerName="ERICCARLSONBBE6" duration="00:00:00.0003869" startTime="2022-05-04T14:46:09.5044760-04:00" endTime="2022-05-04T14:46:09.5048633-04:00" testType="13cdc9d9-ddb5-4fa4-a97d-d965ccfc6d4b" outcome="Passed" testListId="8c84fa94-04c1-424b-9868-57a2d4851a1d" relativeResultsDirectory="75789b9a-0de5-4d4d-a64d-b22c038b32aa" />
    <UnitTestResult executionId="ce11abeb-fab7-41c5-b235-2c386f0905b7" testId="e9d634e6-2f2a-133f-399f-5277298a79de" testName="MapToLocation_RegularLocation_ReturnsLocation" computerName="ERICCARLSONBBE6" duration="00:00:00.0013860" startTime="2022-05-04T14:46:09.5658087-04:00" endTime="2022-05-04T14:46:09.5671945-04:00" testType="13cdc9d9-ddb5-4fa4-a97d-d965ccfc6d4b" outcome="Passed" testListId="8c84fa94-04c1-424b-9868-57a2d4851a1d" relativeResultsDirectory="ce11abeb-fab7-41c5-b235-2c386f0905b7" />
    <UnitTestResult executionId="2647251f-8c51-4c24-a17c-7455a27a5e10" testId="a8850aa8-94db-71f8-8aa2-89556cda37d6" testName="Li_Element_Must_Not_Have_Id_Attribute" computerName="ERICCARLSONBBE6" duration="00:00:00.0209350" startTime="2022-05-04T14:46:09.1692448-04:00" endTime="2022-05-04T14:46:09.1901799-04:00" testType="13cdc9d9-ddb5-4fa4-a97d-d965ccfc6d4b" outcome="Passed" testListId="8c84fa94-04c1-424b-9868-57a2d4851a1d" relativeResultsDirectory="2647251f-8c51-4c24-a17c-7455a27a5e10" />
    <UnitTestResult executionId="fef75e19-5c91-4538-9d80-995093d450de" testId="43552591-3b54-90fc-42f1-6f682043a4e0" testName="MapToFeature_FeatureWithComments_ReturnsFeatureWithComments" computerName="ERICCARLSONBBE6" duration="00:00:00.0027440" startTime="2022-05-04T14:46:09.5498178-04:00" endTime="2022-05-04T14:46:09.5525617-04:00" testType="13cdc9d9-ddb5-4fa4-a97d-d965ccfc6d4b" outcome="Passed" testListId="8c84fa94-04c1-424b-9868-57a2d4851a1d" relativeResultsDirectory="fef75e19-5c91-4538-9d80-995093d450de" />
    <UnitTestResult executionId="82dd4763-fa16-46bb-9559-1b4823ce0334" testId="5e5b21c4-f8f1-3d2f-7050-4379c0fa7d2f" testName="Then_can_parse_and_ignore_scenario_with_tag_in_configuration_ignore_tag_and_do_not_keep_feature" computerName="ERICCARLSONBBE6" duration="00:00:00.0017900" startTime="2022-05-04T14:46:09.6316605-04:00" endTime="2022-05-04T14:46:09.6334506-04:00" testType="13cdc9d9-ddb5-4fa4-a97d-d965ccfc6d4b" outcome="Passed" testListId="8c84fa94-04c1-424b-9868-57a2d4851a1d" relativeResultsDirectory="82dd4763-fa16-46bb-9559-1b4823ce0334" />
    <UnitTestResult executionId="33fd0e19-03d4-4fa8-934d-009924d46ec4" testId="69dcc676-4ef6-c241-adb3-07e8c9464faa" testName="RealData" computerName="ERICCARLSONBBE6" duration="00:00:00.0009800" startTime="2022-05-04T14:46:08.6435282-04:00" endTime="2022-05-04T14:46:08.6445083-04:00" testType="13cdc9d9-ddb5-4fa4-a97d-d965ccfc6d4b" outcome="Passed" testListId="8c84fa94-04c1-424b-9868-57a2d4851a1d" relativeResultsDirectory="33fd0e19-03d4-4fa8-934d-009924d46ec4" />
    <UnitTestResult executionId="aa4f3289-cdc1-45cd-9c95-e3ef093efbc5" testId="f23064d7-8737-65a1-12a3-24572822c2d1" testName="Map_TableWithHeaderRow_ReturnsJsonTableWithHeaderRow" computerName="ERICCARLSONBBE6" duration="00:00:00.0001240" startTime="2022-05-04T14:46:09.5095768-04:00" endTime="2022-05-04T14:46:09.5097005-04:00" testType="13cdc9d9-ddb5-4fa4-a97d-d965ccfc6d4b" outcome="Passed" testListId="8c84fa94-04c1-424b-9868-57a2d4851a1d" relativeResultsDirectory="aa4f3289-cdc1-45cd-9c95-e3ef093efbc5" />
    <UnitTestResult executionId="061c5e4d-eae0-483a-adee-478bf0e51381" testId="3019d3c2-0c54-5274-c78e-81740248b858" testName="Map_ExampleTableWithDataRows_ReturnsJsonTableWithDataRows" computerName="ERICCARLSONBBE6" duration="00:00:00.0018800" startTime="2022-05-04T14:46:09.5072490-04:00" endTime="2022-05-04T14:46:09.5091293-04:00" testType="13cdc9d9-ddb5-4fa4-a97d-d965ccfc6d4b" outcome="Passed" testListId="8c84fa94-04c1-424b-9868-57a2d4851a1d" relativeResultsDirectory="061c5e4d-eae0-483a-adee-478bf0e51381" />
    <UnitTestResult executionId="603d7c96-8b83-4ff7-b98e-39487cd329ba" testId="ae41c349-5474-73e3-363c-e03b2af702b4" testName="ThenCanResolveTheSelectedIDocumentationBuilder(Html,PicklesDoc.Pickles.DocumentationBuilders.Html.HtmlDocumentationBuilder)" computerName="ERICCARLSONBBE6" duration="00:00:00.0006970" startTime="2022-05-04T14:46:09.6756069-04:00" endTime="2022-05-04T14:46:09.6763037-04:00" testType="13cdc9d9-ddb5-4fa4-a97d-d965ccfc6d4b" outcome="Passed" testListId="8c84fa94-04c1-424b-9868-57a2d4851a1d" relativeResultsDirectory="603d7c96-8b83-4ff7-b98e-39487cd329ba" />
    <UnitTestResult executionId="e134d002-a942-4d3b-8a3e-a6788f2f1a04" testId="e757d0a0-d7ae-d816-fce8-24ebc2d1e194" testName="Map_WithDescription_ReturnsDescription" computerName="ERICCARLSONBBE6" duration="00:00:00.0000840" startTime="2022-05-04T14:46:09.4987257-04:00" endTime="2022-05-04T14:46:09.4988093-04:00" testType="13cdc9d9-ddb5-4fa4-a97d-d965ccfc6d4b" outcome="Passed" testListId="8c84fa94-04c1-424b-9868-57a2d4851a1d" relativeResultsDirectory="e134d002-a942-4d3b-8a3e-a6788f2f1a04" />
    <UnitTestResult executionId="c06e4186-9393-4525-8b48-957f951b43de" testId="f90d61a1-3540-ae8e-65c9-60ef6c04641b" testName="MapToScenarioBackground_RegularBackground_ReturnsScenario" computerName="ERICCARLSONBBE6" duration="00:00:00.0040070" startTime="2022-05-04T14:46:09.5212422-04:00" endTime="2022-05-04T14:46:09.5252489-04:00" testType="13cdc9d9-ddb5-4fa4-a97d-d965ccfc6d4b" outcome="Passed" testListId="8c84fa94-04c1-424b-9868-57a2d4851a1d" relativeResultsDirectory="c06e4186-9393-4525-8b48-957f951b43de" />
    <UnitTestResult executionId="1ea018a6-2a9c-4f11-801e-6253ed919d5a" testId="7c126b7b-3ee7-2707-c0f6-a67c3217c339" testName="Map_WithNullComments_ReturnsAfterLastStepCommentsList" computerName="ERICCARLSONBBE6" duration="00:00:00.0000880" startTime="2022-05-04T14:46:09.5008903-04:00" endTime="2022-05-04T14:46:09.5009786-04:00" testType="13cdc9d9-ddb5-4fa4-a97d-d965ccfc6d4b" outcome="Passed" testListId="8c84fa94-04c1-424b-9868-57a2d4851a1d" relativeResultsDirectory="1ea018a6-2a9c-4f11-801e-6253ed919d5a" />
    <UnitTestResult executionId="08220ec8-f4c4-464e-8aa2-68a144d9ac95" testId="333786c1-b534-29dd-7545-8381a9bd91d8" testName="WhenIndicatingTheLanguageInTheFeature_ThenCanParseMostBasicFeatureSuccessfully" computerName="ERICCARLSONBBE6" duration="00:00:00.0040340" startTime="2022-05-04T14:46:09.6680269-04:00" endTime="2022-05-04T14:46:09.6720609-04:00" testType="13cdc9d9-ddb5-4fa4-a97d-d965ccfc6d4b" outcome="Passed" testListId="8c84fa94-04c1-424b-9868-57a2d4851a1d" relativeResultsDirectory="08220ec8-f4c4-464e-8aa2-68a144d9ac95" />
  </Results>
  <TestDefinitions>
    <UnitTest name="ItShouldContainTheFeature" storage="c:\users\ericcarlson\documents\github\pickles\src\pickles.test\bin\debug\net6.0\picklesdoc.pickles.test.dll" id="47c9a237-7b62-75f9-e1ca-dd3cd3c91f8d">
      <Execution id="3b7c6ceb-2ba1-41f5-a89d-3c1400a61c5e" />
      <TestMethod codeBase="C:\Users\ericcarlson\Documents\GitHub\pickles\src\Pickles.Test\bin\Debug\net6.0\PicklesDoc.Pickles.Test.dll" adapterTypeName="executor://nunit3testexecutor/" className="PicklesDoc.Pickles.Test.Formatters.JSON.WhenCreatingAFeatureWithMetaInfo" name="ItShouldContainTheFeature" />
    </UnitTest>
    <UnitTest name="Map_Always_ReturnsNullFeature" storage="c:\users\ericcarlson\documents\github\pickles\src\pickles.test\bin\debug\net6.0\picklesdoc.pickles.test.dll" id="c7b4be8c-405a-cff4-f09d-429800388a2f">
      <Execution id="6f589510-5e83-415e-9bc1-8db947a19ea4" />
      <TestMethod codeBase="C:\Users\ericcarlson\Documents\GitHub\pickles\src\Pickles.Test\bin\Debug\net6.0\PicklesDoc.Pickles.Test.dll" adapterTypeName="executor://nunit3testexecutor/" className="PicklesDoc.Pickles.Test.ObjectModel.Json.ScenarioToJsonScenarioMapperTests" name="Map_Always_ReturnsNullFeature" />
    </UnitTest>
    <UnitTest name="RealData" storage="c:\users\ericcarlson\documents\github\pickles\src\pickles.test\bin\debug\net6.0\picklesdoc.pickles.test.dll" id="69dcc676-4ef6-c241-adb3-07e8c9464faa">
      <Execution id="33fd0e19-03d4-4fa8-934d-009924d46ec4" />
      <TestMethod codeBase="C:\Users\ericcarlson\Documents\GitHub\pickles\src\Pickles.Test\bin\Debug\net6.0\PicklesDoc.Pickles.Test.dll" adapterTypeName="executor://nunit3testexecutor/" className="PicklesDoc.Pickles.Test.DirectoryCrawlers.FolderDirectoryTreeNodeTests" name="RealData" />
    </UnitTest>
    <UnitTest name="ThenCanFormatTextWithSpecialCharactersAsWikiWordSuccessfully" storage="c:\users\ericcarlson\documents\github\pickles\src\pickles.test\bin\debug\net6.0\picklesdoc.pickles.test.dll" id="f00f3d6c-4b48-2938-84c4-a91f755f803f">
      <Execution id="a98c6bba-c66d-48c0-9a10-f1f2ca19f933" />
      <TestMethod codeBase="C:\Users\ericcarlson\Documents\GitHub\pickles\src\Pickles.Test\bin\Debug\net6.0\PicklesDoc.Pickles.Test.dll" adapterTypeName="executor://nunit3testexecutor/" className="PicklesDoc.Pickles.Test.Extensions.StringExtensionsTests" name="ThenCanFormatTextWithSpecialCharactersAsWikiWordSuccessfully" />
    </UnitTest>
    <UnitTest name="IsRelevant_ByDefault_ReturnsFalse" storage="c:\users\ericcarlson\documents\github\pickles\src\pickles.test\bin\debug\net6.0\picklesdoc.pickles.test.dll" id="4a5df4ca-f345-0994-08e9-9a292fd5e958">
      <Execution id="b2722792-576c-4806-9c66-dbc0f760d67a" />
      <TestMethod codeBase="C:\Users\ericcarlson\Documents\GitHub\pickles\src\Pickles.Test\bin\Debug\net6.0\PicklesDoc.Pickles.Test.dll" adapterTypeName="executor://nunit3testexecutor/" className="PicklesDoc.Pickles.Test.DirectoryCrawlers.ImageFileDetectorTests" name="IsRelevant_ByDefault_ReturnsFalse" />
    </UnitTest>
    <UnitTest name="GetEncoding_FileIsLessThanFourBytes_DoesNotThrowException" storage="c:\users\ericcarlson\documents\github\pickles\src\pickles.test\bin\debug\net6.0\picklesdoc.pickles.test.dll" id="91630d50-5bca-7acf-6341-4417c7067c35">
      <Execution id="7996c850-7b36-4190-a5aa-da000fc24ddf" />
      <TestMethod codeBase="C:\Users\ericcarlson\Documents\GitHub\pickles\src\Pickles.Test\bin\Debug\net6.0\PicklesDoc.Pickles.Test.dll" adapterTypeName="executor://nunit3testexecutor/" className="PicklesDoc.Pickles.Test.EncodingDetectorTests" name="GetEncoding_FileIsLessThanFourBytes_DoesNotThrowException" />
    </UnitTest>
    <UnitTest name="GetEncoding_FileDoesNotExist_DoesNotThrowException" storage="c:\users\ericcarlson\documents\github\pickles\src\pickles.test\bin\debug\net6.0\picklesdoc.pickles.test.dll" id="b2f41475-071c-06b4-373d-577f6af5c5d6">
      <Execution id="9b847618-bf53-45c7-92f6-61358b36ba55" />
      <TestMethod codeBase="C:\Users\ericcarlson\Documents\GitHub\pickles\src\Pickles.Test\bin\Debug\net6.0\PicklesDoc.Pickles.Test.dll" adapterTypeName="executor://nunit3testexecutor/" className="PicklesDoc.Pickles.Test.EncodingDetectorTests" name="GetEncoding_FileDoesNotExist_DoesNotThrowException" />
    </UnitTest>
    <UnitTest name="Map_WithDocString_ReturnsDocStringAndNoTableArgument" storage="c:\users\ericcarlson\documents\github\pickles\src\pickles.test\bin\debug\net6.0\picklesdoc.pickles.test.dll" id="cd326f26-4b5c-a5b5-7db2-4bedf97529df">
      <Execution id="e09f4ad2-b666-49b4-804b-13e0620d9aab" />
      <TestMethod codeBase="C:\Users\ericcarlson\Documents\GitHub\pickles\src\Pickles.Test\bin\Debug\net6.0\PicklesDoc.Pickles.Test.dll" adapterTypeName="executor://nunit3testexecutor/" className="PicklesDoc.Pickles.Test.ObjectModel.Json.StepToJsonStepMapperTests" name="Map_WithDocString_ReturnsDocStringAndNoTableArgument" />
    </UnitTest>
    <UnitTest name="Map_Null_ReturnsNull" storage="c:\users\ericcarlson\documents\github\pickles\src\pickles.test\bin\debug\net6.0\picklesdoc.pickles.test.dll" id="e872ace4-29b8-3b56-871c-345e18778c92">
      <Execution id="bd4ae0a2-6d5d-41bf-9681-695702fdd020" />
      <TestMethod codeBase="C:\Users\ericcarlson\Documents\GitHub\pickles\src\Pickles.Test\bin\Debug\net6.0\PicklesDoc.Pickles.Test.dll" adapterTypeName="executor://nunit3testexecutor/" className="PicklesDoc.Pickles.Test.ObjectModel.Json.ExampleToJsonExampleMapperTests" name="Map_Null_ReturnsNull" />
    </UnitTest>
    <UnitTest name="ItShouldContainTheRelativePath" storage="c:\users\ericcarlson\documents\github\pickles\src\pickles.test\bin\debug\net6.0\picklesdoc.pickles.test.dll" id="28772bab-df5d-6054-e291-6e60f8a662fb">
      <Execution id="ba7b507d-a69a-401d-bea9-2aebcfbf5975" />
      <TestMethod codeBase="C:\Users\ericcarlson\Documents\GitHub\pickles\src\Pickles.Test\bin\Debug\net6.0\PicklesDoc.Pickles.Test.dll" adapterTypeName="executor://nunit3testexecutor/" className="PicklesDoc.Pickles.Test.Formatters.JSON.WhenCreatingAFeatureWithMetaInfo" name="ItShouldContainTheRelativePath" />
    </UnitTest>
    <UnitTest name="Map_WithSteps_ReturnsSteps" storage="c:\users\ericcarlson\documents\github\pickles\src\pickles.test\bin\debug\net6.0\picklesdoc.pickles.test.dll" id="58c9e785-2ac6-9bcb-7efe-6d35daa42a6c">
      <Execution id="5d14618d-844b-45ee-a0b7-cdd6c246f8c6" />
      <TestMethod codeBase="C:\Users\ericcarlson\Documents\GitHub\pickles\src\Pickles.Test\bin\Debug\net6.0\PicklesDoc.Pickles.Test.dll" adapterTypeName="executor://nunit3testexecutor/" className="PicklesDoc.Pickles.Test.ObjectModel.Json.ScenarioToJsonScenarioMapperTests" name="Map_WithSteps_ReturnsSteps" />
    </UnitTest>
    <UnitTest name="MapToComment_NullLocation_ReturnsNull" storage="c:\users\ericcarlson\documents\github\pickles\src\pickles.test\bin\debug\net6.0\picklesdoc.pickles.test.dll" id="cba6d1e7-9efd-8bb5-d58c-bc7892bd4b07">
      <Execution id="afcb5cdc-1cfc-43b2-8e8f-16372834f27e" />
      <TestMethod codeBase="C:\Users\ericcarlson\Documents\GitHub\pickles\src\Pickles.Test\bin\Debug\net6.0\PicklesDoc.Pickles.Test.dll" adapterTypeName="executor://nunit3testexecutor/" className="PicklesDoc.Pickles.Test.ObjectModel.MapperTestsForComment" name="MapToComment_NullLocation_ReturnsNull" />
    </UnitTest>
    <UnitTest name="Specification_Scenario4_WithTabs" storage="c:\users\ericcarlson\documents\github\pickles\src\pickles.test\bin\debug\net6.0\picklesdoc.pickles.test.dll" id="f4c7a1fe-8e1a-0bf7-6944-a7dc509a0e14">
      <Execution id="81440bfa-26d4-44e7-b4c2-7007beff5424" />
      <TestMethod codeBase="C:\Users\ericcarlson\Documents\GitHub\pickles\src\Pickles.Test\bin\Debug\net6.0\PicklesDoc.Pickles.Test.dll" adapterTypeName="executor://nunit3testexecutor/" className="PicklesDoc.Pickles.Test.DescriptionProcessorTests" name="Specification_Scenario4_WithTabs" />
    </UnitTest>
    <UnitTest name="TableOfContent_Must_Contain_One_Paragraph_With_Current_Class" storage="c:\users\ericcarlson\documents\github\pickles\src\pickles.test\bin\debug\net6.0\picklesdoc.pickles.test.dll" id="00441c96-4748-e7f5-f01b-e47727822d3b">
      <Execution id="218e6286-dd99-48ec-8ebf-cf221e5eee6c" />
      <TestMethod codeBase="C:\Users\ericcarlson\Documents\GitHub\pickles\src\Pickles.Test\bin\Debug\net6.0\PicklesDoc.Pickles.Test.dll" adapterTypeName="executor://nunit3testexecutor/" className="PicklesDoc.Pickles.Test.Formatters.TableOfContentsShouldBeCreatedFromAFolderStructure" name="TableOfContent_Must_Contain_One_Paragraph_With_Current_Class" />
    </UnitTest>
    <UnitTest name="IsRelevant_ImageFileInfo_ReturnsTrue" storage="c:\users\ericcarlson\documents\github\pickles\src\pickles.test\bin\debug\net6.0\picklesdoc.pickles.test.dll" id="1778f960-3877-9ea7-360f-a6725dc97989">
      <Execution id="a3b8d0de-b15d-443b-b640-c279b516307d" />
      <TestMethod codeBase="C:\Users\ericcarlson\Documents\GitHub\pickles\src\Pickles.Test\bin\Debug\net6.0\PicklesDoc.Pickles.Test.dll" adapterTypeName="executor://nunit3testexecutor/" className="PicklesDoc.Pickles.Test.DirectoryCrawlers.RelevantFileDetectorTests" name="IsRelevant_ImageFileInfo_ReturnsTrue" />
    </UnitTest>
    <UnitTest name="MapToStringTableCell_TableCellWithValue_ReturnsThatValue" storage="c:\users\ericcarlson\documents\github\pickles\src\pickles.test\bin\debug\net6.0\picklesdoc.pickles.test.dll" id="d8703a4d-64af-90ac-3d91-d91ec6e526a2">
      <Execution id="6a6e8b91-e85a-4cb5-8663-ae5d22e9a30e" />
      <TestMethod codeBase="C:\Users\ericcarlson\Documents\GitHub\pickles\src\Pickles.Test\bin\Debug\net6.0\PicklesDoc.Pickles.Test.dll" adapterTypeName="executor://nunit3testexecutor/" className="PicklesDoc.Pickles.Test.ObjectModel.MapperTestsForDataTable" name="MapToStringTableCell_TableCellWithValue_ReturnsThatValue" />
    </UnitTest>
    <UnitTest name="Map_Null_ReturnsNull" storage="c:\users\ericcarlson\documents\github\pickles\src\pickles.test\bin\debug\net6.0\picklesdoc.pickles.test.dll" id="c9dbbac5-4686-fc9f-849b-ef7f10b63035">
      <Execution id="fd96cee8-1afc-4daf-bdb5-346dc1a10825" />
      <TestMethod codeBase="C:\Users\ericcarlson\Documents\GitHub\pickles\src\Pickles.Test\bin\Debug\net6.0\PicklesDoc.Pickles.Test.dll" adapterTypeName="executor://nunit3testexecutor/" className="PicklesDoc.Pickles.Test.ObjectModel.Json.CommentToJsonCommentMapperTests" name="Map_Null_ReturnsNull" />
    </UnitTest>
    <UnitTest name="ShouldContainTheFeatures" storage="c:\users\ericcarlson\documents\github\pickles\src\pickles.test\bin\debug\net6.0\picklesdoc.pickles.test.dll" id="4d389c4f-c1a4-9777-3cc5-f0470e77453d">
      <Execution id="e250ca47-55e0-4df0-9a12-3f78de759a69" />
      <TestMethod codeBase="C:\Users\ericcarlson\Documents\GitHub\pickles\src\Pickles.Test\bin\Debug\net6.0\PicklesDoc.Pickles.Test.dll" adapterTypeName="executor://nunit3testexecutor/" className="PicklesDoc.Pickles.Test.Formatters.JSON.WhenFormattingAFolderStructureWithFeatures" name="ShouldContainTheFeatures" />
    </UnitTest>
    <UnitTest name="ThenCanFormatTextWithNumbersAsWikiWordSuccessfully" storage="c:\users\ericcarlson\documents\github\pickles\src\pickles.test\bin\debug\net6.0\picklesdoc.pickles.test.dll" id="8ecd3a27-de14-37b0-a475-7f1b4251867d">
      <Execution id="a14554d7-a848-4c7b-81f9-e6a47d93a7bf" />
      <TestMethod codeBase="C:\Users\ericcarlson\Documents\GitHub\pickles\src\Pickles.Test\bin\Debug\net6.0\PicklesDoc.Pickles.Test.dll" adapterTypeName="executor://nunit3testexecutor/" className="PicklesDoc.Pickles.Test.Extensions.StringExtensionsTests" name="ThenCanFormatTextWithNumbersAsWikiWordSuccessfully" />
    </UnitTest>
    <UnitTest name="MapToKeyword_WhenInSwedish_ReturnsWhen" storage="c:\users\ericcarlson\documents\github\pickles\src\pickles.test\bin\debug\net6.0\picklesdoc.pickles.test.dll" id="c0fbf6e7-772e-29b3-6edc-0a3674abefb6">
      <Execution id="3f400d61-731d-4870-8824-73c3f363a8f9" />
      <TestMethod codeBase="C:\Users\ericcarlson\Documents\GitHub\pickles\src\Pickles.Test\bin\Debug\net6.0\PicklesDoc.Pickles.Test.dll" adapterTypeName="executor://nunit3testexecutor/" className="PicklesDoc.Pickles.Test.ObjectModel.MappingTestsForKeyword" name="MapToKeyword_WhenInSwedish_ReturnsWhen" />
    </UnitTest>
    <UnitTest name="Process_BlankThenText_ReturnsText" storage="c:\users\ericcarlson\documents\github\pickles\src\pickles.test\bin\debug\net6.0\picklesdoc.pickles.test.dll" id="359602d4-5c8b-a71b-3178-d67e251b597f">
      <Execution id="3f1d7b57-caed-4626-a74e-2bf9593440c0" />
      <TestMethod codeBase="C:\Users\ericcarlson\Documents\GitHub\pickles\src\Pickles.Test\bin\Debug\net6.0\PicklesDoc.Pickles.Test.dll" adapterTypeName="executor://nunit3testexecutor/" className="PicklesDoc.Pickles.Test.DescriptionProcessorTests" name="Process_BlankThenText_ReturnsText" />
    </UnitTest>
    <UnitTest name="MapToScenario_ScenarioWithNullDescription_ReturnsScenarioWithEmptyDescription" storage="c:\users\ericcarlson\documents\github\pickles\src\pickles.test\bin\debug\net6.0\picklesdoc.pickles.test.dll" id="b3a40561-d822-6f86-f3da-df64bc9ebecd">
      <Execution id="cd7200fd-5147-48bf-afed-22fc34a749da" />
      <TestMethod codeBase="C:\Users\ericcarlson\Documents\GitHub\pickles\src\Pickles.Test\bin\Debug\net6.0\PicklesDoc.Pickles.Test.dll" adapterTypeName="executor://nunit3testexecutor/" className="PicklesDoc.Pickles.Test.ObjectModel.MapperTestsForScenario" name="MapToScenario_ScenarioWithNullDescription_ReturnsScenarioWithEmptyDescription" />
    </UnitTest>
    <UnitTest name="Process_EmptySpaces_ReturnsEmptyString" storage="c:\users\ericcarlson\documents\github\pickles\src\pickles.test\bin\debug\net6.0\picklesdoc.pickles.test.dll" id="dc07b652-b5fa-fc33-626f-4ab4993e82ab">
      <Execution id="01b47be3-d84b-41d3-8011-4330556d4966" />
      <TestMethod codeBase="C:\Users\ericcarlson\Documents\GitHub\pickles\src\Pickles.Test\bin\Debug\net6.0\PicklesDoc.Pickles.Test.dll" adapterTypeName="executor://nunit3testexecutor/" className="PicklesDoc.Pickles.Test.DescriptionProcessorTests" name="Process_EmptySpaces_ReturnsEmptyString" />
    </UnitTest>
    <UnitTest name="Ul_Element_Must_Contain_Li_Children_Only" storage="c:\users\ericcarlson\documents\github\pickles\src\pickles.test\bin\debug\net6.0\picklesdoc.pickles.test.dll" id="6fd40770-cb6f-4692-f9e6-68b2c60e90b9">
      <Execution id="6b2fb45a-a6c1-460f-8a6b-a4fb8cc4a6d4" />
      <TestMethod codeBase="C:\Users\ericcarlson\Documents\GitHub\pickles\src\Pickles.Test\bin\Debug\net6.0\PicklesDoc.Pickles.Test.dll" adapterTypeName="executor://nunit3testexecutor/" className="PicklesDoc.Pickles.Test.Formatters.TableOfContentsShouldBeCreatedFromAFolderStructure" name="Ul_Element_Must_Contain_Li_Children_Only" />
    </UnitTest>
    <UnitTest name="Map_FeatureWithScenario_ReturnsScenario" storage="c:\users\ericcarlson\documents\github\pickles\src\pickles.test\bin\debug\net6.0\picklesdoc.pickles.test.dll" id="54394cfc-30d0-1b21-a9c9-bf82c6c4e0e4">
      <Execution id="57cf8463-9609-4187-b95a-9cd8ad0a1596" />
      <TestMethod codeBase="C:\Users\ericcarlson\Documents\GitHub\pickles\src\Pickles.Test\bin\Debug\net6.0\PicklesDoc.Pickles.Test.dll" adapterTypeName="executor://nunit3testexecutor/" className="PicklesDoc.Pickles.Test.ObjectModel.Json.FeatureToJsonFeatureMapperTests" name="Map_FeatureWithScenario_ReturnsScenario" />
    </UnitTest>
    <UnitTest name="GetLanguageServicesForLanguage_WithEnglish_ReturnsLanguageServicesForEnglish" storage="c:\users\ericcarlson\documents\github\pickles\src\pickles.test\bin\debug\net6.0\picklesdoc.pickles.test.dll" id="ab19ff46-498b-9420-1130-607f4dc077aa">
      <Execution id="2f12a48a-fa60-4d36-9b1f-8cce8d23e4df" />
      <TestMethod codeBase="C:\Users\ericcarlson\Documents\GitHub\pickles\src\Pickles.Test\bin\Debug\net6.0\PicklesDoc.Pickles.Test.dll" adapterTypeName="executor://nunit3testexecutor/" className="PicklesDoc.Pickles.Test.LanguageServicesRegistryTests" name="GetLanguageServicesForLanguage_WithEnglish_ReturnsLanguageServicesForEnglish" />
    </UnitTest>
    <UnitTest name="MapToKeyword_NullString_ReturnsDefaultKeyword" storage="c:\users\ericcarlson\documents\github\pickles\src\pickles.test\bin\debug\net6.0\picklesdoc.pickles.test.dll" id="bec3fbce-3667-808b-c4b9-9a5dd3375e67">
      <Execution id="fae71f0a-4842-446e-bfff-198887c666a6" />
      <TestMethod codeBase="C:\Users\ericcarlson\Documents\GitHub\pickles\src\Pickles.Test\bin\Debug\net6.0\PicklesDoc.Pickles.Test.dll" adapterTypeName="executor://nunit3testexecutor/" className="PicklesDoc.Pickles.Test.ObjectModel.MappingTestsForKeyword" name="MapToKeyword_NullString_ReturnsDefaultKeyword" />
    </UnitTest>
    <UnitTest name="Constructor_NullHtmlIndexFormatter_ThrowsArgumentNullException" storage="c:\users\ericcarlson\documents\github\pickles\src\pickles.test\bin\debug\net6.0\picklesdoc.pickles.test.dll" id="3945d961-caf9-46f1-6226-8ce537af5d08">
      <Execution id="d7a6494b-2a23-4c7c-9ea2-a92a76d2a4cf" />
      <TestMethod codeBase="C:\Users\ericcarlson\Documents\GitHub\pickles\src\Pickles.Test\bin\Debug\net6.0\PicklesDoc.Pickles.Test.dll" adapterTypeName="executor://nunit3testexecutor/" className="PicklesDoc.Pickles.Test.Formatters.HtmlContentFormatterTests" name="Constructor_NullHtmlIndexFormatter_ThrowsArgumentNullException" />
    </UnitTest>
    <UnitTest name="ThenCanResolveTheSelectedIDocumentationBuilderAsSingleton(Word,PicklesDoc.Pickles.DocumentationBuilders.Word.WordDocumentationBuilder)" storage="c:\users\ericcarlson\documents\github\pickles\src\pickles.test\bin\debug\net6.0\picklesdoc.pickles.test.dll" id="ee515d6c-2d47-b4a0-9e7c-d4b3563152a1">
      <Execution id="861e7ffe-164f-4b47-abff-7fb2c95fed53" />
      <TestMethod codeBase="C:\Users\ericcarlson\Documents\GitHub\pickles\src\Pickles.Test\bin\Debug\net6.0\PicklesDoc.Pickles.Test.dll" adapterTypeName="executor://nunit3testexecutor/" className="PicklesDoc.Pickles.Test.WhenResolvingADocumentationBuilder" name="ThenCanResolveTheSelectedIDocumentationBuilderAsSingleton(Word,PicklesDoc.Pickles.DocumentationBuilders.Word.WordDocumentationBuilder)" />
    </UnitTest>
    <UnitTest name="ThenCanResolveTheSelectedIDocumentationBuilder(Excel,PicklesDoc.Pickles.DocumentationBuilders.Excel.ExcelDocumentationBuilder)" storage="c:\users\ericcarlson\documents\github\pickles\src\pickles.test\bin\debug\net6.0\picklesdoc.pickles.test.dll" id="cb1cb307-beed-417a-ac8b-f4330065e350">
      <Execution id="fcaf3d6f-1baf-4b9c-b158-4843131c1b0f" />
      <TestMethod codeBase="C:\Users\ericcarlson\Documents\GitHub\pickles\src\Pickles.Test\bin\Debug\net6.0\PicklesDoc.Pickles.Test.dll" adapterTypeName="executor://nunit3testexecutor/" className="PicklesDoc.Pickles.Test.WhenResolvingADocumentationBuilder" name="ThenCanResolveTheSelectedIDocumentationBuilder(Excel,PicklesDoc.Pickles.DocumentationBuilders.Excel.ExcelDocumentationBuilder)" />
    </UnitTest>
    <UnitTest name="Map_WithNullComments_ReturnsEmptyStepCommentsList" storage="c:\users\ericcarlson\documents\github\pickles\src\pickles.test\bin\debug\net6.0\picklesdoc.pickles.test.dll" id="92e03e0f-edf9-aa46-0a93-130eee73dd0c">
      <Execution id="69eca111-757d-4d4d-b156-e2de88b45c9e" />
      <TestMethod codeBase="C:\Users\ericcarlson\Documents\GitHub\pickles\src\Pickles.Test\bin\Debug\net6.0\PicklesDoc.Pickles.Test.dll" adapterTypeName="executor://nunit3testexecutor/" className="PicklesDoc.Pickles.Test.ObjectModel.Json.StepToJsonStepMapperTests" name="Map_WithNullComments_ReturnsEmptyStepCommentsList" />
    </UnitTest>
    <UnitTest name="IsRelevant_ValidFile_ReturnsTrue(&quot;image.bmp&quot;)" storage="c:\users\ericcarlson\documents\github\pickles\src\pickles.test\bin\debug\net6.0\picklesdoc.pickles.test.dll" id="c3ab92f1-9919-8262-68eb-854764e7ba38">
      <Execution id="c03f0285-a91c-420c-baac-ae43cde52643" />
      <TestMethod codeBase="C:\Users\ericcarlson\Documents\GitHub\pickles\src\Pickles.Test\bin\Debug\net6.0\PicklesDoc.Pickles.Test.dll" adapterTypeName="executor://nunit3testexecutor/" className="PicklesDoc.Pickles.Test.DirectoryCrawlers.ImageFileDetectorTests" name="IsRelevant_ValidFile_ReturnsTrue(&quot;image.bmp&quot;)" />
    </UnitTest>
    <UnitTest name="Constructor_ValidFileSystemInfo_SetsOriginalLocationUrl" storage="c:\users\ericcarlson\documents\github\pickles\src\pickles.test\bin\debug\net6.0\picklesdoc.pickles.test.dll" id="af36d738-f453-f142-0ce1-e216fe6834e8">
      <Execution id="b0753f3c-ed7a-4d0e-9044-9000023e3995" />
      <TestMethod codeBase="C:\Users\ericcarlson\Documents\GitHub\pickles\src\Pickles.Test\bin\Debug\net6.0\PicklesDoc.Pickles.Test.dll" adapterTypeName="executor://nunit3testexecutor/" className="PicklesDoc.Pickles.Test.DirectoryCrawlers.FolderDirectoryTreeNodeTests" name="Constructor_ValidFileSystemInfo_SetsOriginalLocationUrl" />
    </UnitTest>
    <UnitTest name="MapToExample_RegularExamples_ReturnsCorrectExample" storage="c:\users\ericcarlson\documents\github\pickles\src\pickles.test\bin\debug\net6.0\picklesdoc.pickles.test.dll" id="b0f8f278-b262-e750-8aa3-1ea9a3b22ed7">
      <Execution id="1f2e1a05-4962-46b6-8ef4-8a3e9ef6847b" />
      <TestMethod codeBase="C:\Users\ericcarlson\Documents\GitHub\pickles\src\Pickles.Test\bin\Debug\net6.0\PicklesDoc.Pickles.Test.dll" adapterTypeName="executor://nunit3testexecutor/" className="PicklesDoc.Pickles.Test.ObjectModel.MapperTestsForExample" name="MapToExample_RegularExamples_ReturnsCorrectExample" />
    </UnitTest>
    <UnitTest name="Map_TableHeaderWithValues_ConvertsToJsonTableHeader" storage="c:\users\ericcarlson\documents\github\pickles\src\pickles.test\bin\debug\net6.0\picklesdoc.pickles.test.dll" id="1a925225-7345-bea6-a5d1-7fa98d2cfa7a">
      <Execution id="b4c2662b-0c46-4fe8-be37-63cd6c006e0a" />
      <TestMethod codeBase="C:\Users\ericcarlson\Documents\GitHub\pickles\src\Pickles.Test\bin\Debug\net6.0\PicklesDoc.Pickles.Test.dll" adapterTypeName="executor://nunit3testexecutor/" className="PicklesDoc.Pickles.Test.ObjectModel.Json.TableRowToJsonTableRowMapperTests" name="Map_TableHeaderWithValues_ConvertsToJsonTableHeader" />
    </UnitTest>
    <UnitTest name="Parse_InvalidFeatureFile_ThrowsFeatureParseExceptionWithFilename" storage="c:\users\ericcarlson\documents\github\pickles\src\pickles.test\bin\debug\net6.0\picklesdoc.pickles.test.dll" id="c4796383-dd20-0fa4-0454-b0730eb75248">
      <Execution id="46b24ea2-6a6e-4b6d-bd2e-13f7839c635a" />
      <TestMethod codeBase="C:\Users\ericcarlson\Documents\GitHub\pickles\src\Pickles.Test\bin\Debug\net6.0\PicklesDoc.Pickles.Test.dll" adapterTypeName="executor://nunit3testexecutor/" className="PicklesDoc.Pickles.Test.FileSystemBasedFeatureParserTests" name="Parse_InvalidFeatureFile_ThrowsFeatureParseExceptionWithFilename" />
    </UnitTest>
    <UnitTest name="ThenCanResolveTheSelectedIDocumentationBuilderAsSingleton(DHtml,PicklesDoc.Pickles.DocumentationBuilders.Dhtml.DhtmlDocumentationBuilder)" storage="c:\users\ericcarlson\documents\github\pickles\src\pickles.test\bin\debug\net6.0\picklesdoc.pickles.test.dll" id="6a374012-2fd6-0cd8-6683-20b8af7e8ea0">
      <Execution id="94c94321-71a4-4d23-af68-9af8d079bd7a" />
      <TestMethod codeBase="C:\Users\ericcarlson\Documents\GitHub\pickles\src\Pickles.Test\bin\Debug\net6.0\PicklesDoc.Pickles.Test.dll" adapterTypeName="executor://nunit3testexecutor/" className="PicklesDoc.Pickles.Test.WhenResolvingADocumentationBuilder" name="ThenCanResolveTheSelectedIDocumentationBuilderAsSingleton(DHtml,PicklesDoc.Pickles.DocumentationBuilders.Dhtml.DhtmlDocumentationBuilder)" />
    </UnitTest>
    <UnitTest name="FirstUlNodeShouldBeIndex" storage="c:\users\ericcarlson\documents\github\pickles\src\pickles.test\bin\debug\net6.0\picklesdoc.pickles.test.dll" id="061dd521-a1d0-0649-a878-d6361edc5bc9">
      <Execution id="eb549b6a-c0ce-4dab-bc2b-194176712514" />
      <TestMethod codeBase="C:\Users\ericcarlson\Documents\GitHub\pickles\src\Pickles.Test\bin\Debug\net6.0\PicklesDoc.Pickles.Test.dll" adapterTypeName="executor://nunit3testexecutor/" className="PicklesDoc.Pickles.Test.Formatters.TableOfContentsShouldBeCreatedFromAFolderStructure" name="FirstUlNodeShouldBeIndex" />
    </UnitTest>
    <UnitTest name="ShouldNotBlowUpWHenParsingEmptyFolder" storage="c:\users\ericcarlson\documents\github\pickles\src\pickles.test\bin\debug\net6.0\picklesdoc.pickles.test.dll" id="4fed08b0-6faa-29af-fffd-4a7101183958">
      <Execution id="12bc5f7d-9200-4cfd-9d59-61469f23a03b" />
      <TestMethod codeBase="C:\Users\ericcarlson\Documents\GitHub\pickles\src\Pickles.Test\bin\Debug\net6.0\PicklesDoc.Pickles.Test.dll" adapterTypeName="executor://nunit3testexecutor/" className="PicklesDoc.Pickles.Test.Formatters.HtmlDocumentationBuilderTests" name="ShouldNotBlowUpWHenParsingEmptyFolder" />
    </UnitTest>
    <UnitTest name="MapToKeyword_KeywordIsProvidedWithBlank_ReturnsKeyword" storage="c:\users\ericcarlson\documents\github\pickles\src\pickles.test\bin\debug\net6.0\picklesdoc.pickles.test.dll" id="abc15c7b-e91f-721b-1bac-97e82836e053">
      <Execution id="43648fba-aba5-4c8c-8133-9364042c2ddd" />
      <TestMethod codeBase="C:\Users\ericcarlson\Documents\GitHub\pickles\src\Pickles.Test\bin\Debug\net6.0\PicklesDoc.Pickles.Test.dll" adapterTypeName="executor://nunit3testexecutor/" className="PicklesDoc.Pickles.Test.ObjectModel.MappingTestsForKeyword" name="MapToKeyword_KeywordIsProvidedWithBlank_ReturnsKeyword" />
    </UnitTest>
    <UnitTest name="Map_But_ReturnsBut" storage="c:\users\ericcarlson\documents\github\pickles\src\pickles.test\bin\debug\net6.0\picklesdoc.pickles.test.dll" id="6d88a6f4-e9ba-b488-7fca-3a2a8f87fcdb">
      <Execution id="a05c2479-7386-4616-92c8-d0ad349c1196" />
      <TestMethod codeBase="C:\Users\ericcarlson\Documents\GitHub\pickles\src\Pickles.Test\bin\Debug\net6.0\PicklesDoc.Pickles.Test.dll" adapterTypeName="executor://nunit3testexecutor/" className="PicklesDoc.Pickles.Test.ObjectModel.Json.KeywordToJsonKeywordMapperTests" name="Map_But_ReturnsBut" />
    </UnitTest>
    <UnitTest name="Map_NoSteps_ReturnsEmtpyListOfSteps" storage="c:\users\ericcarlson\documents\github\pickles\src\pickles.test\bin\debug\net6.0\picklesdoc.pickles.test.dll" id="18b2326c-4bed-936a-779f-ca59ee086658">
      <Execution id="7f24afac-79a2-4574-8bc4-cff4aa63410e" />
      <TestMethod codeBase="C:\Users\ericcarlson\Documents\GitHub\pickles\src\Pickles.Test\bin\Debug\net6.0\PicklesDoc.Pickles.Test.dll" adapterTypeName="executor://nunit3testexecutor/" className="PicklesDoc.Pickles.Test.ObjectModel.Json.ScenarioToJsonScenarioMapperTests" name="Map_NoSteps_ReturnsEmtpyListOfSteps" />
    </UnitTest>
    <UnitTest name="ThenCanResolveTheSelectedIDocumentationBuilderAsSingleton(Json,PicklesDoc.Pickles.DocumentationBuilders.Json.JsonDocumentationBuilder)" storage="c:\users\ericcarlson\documents\github\pickles\src\pickles.test\bin\debug\net6.0\picklesdoc.pickles.test.dll" id="079afae8-e738-bf64-6da5-12a3d22bf9e1">
      <Execution id="3592cfc1-a724-422b-859a-a06e962cf142" />
      <TestMethod codeBase="C:\Users\ericcarlson\Documents\GitHub\pickles\src\Pickles.Test\bin\Debug\net6.0\PicklesDoc.Pickles.Test.dll" adapterTypeName="executor://nunit3testexecutor/" className="PicklesDoc.Pickles.Test.WhenResolvingADocumentationBuilder" name="ThenCanResolveTheSelectedIDocumentationBuilderAsSingleton(Json,PicklesDoc.Pickles.DocumentationBuilders.Json.JsonDocumentationBuilder)" />
    </UnitTest>
    <UnitTest name="GetDialect_WithLanguageAndCulture_ReturnsThatLanguage" storage="c:\users\ericcarlson\documents\github\pickles\src\pickles.test\bin\debug\net6.0\picklesdoc.pickles.test.dll" id="c9dc8fda-f925-817c-ef19-f9b9572b50ff">
      <Execution id="614cad46-6d32-4a15-be15-991b99eb9e02" />
      <TestMethod codeBase="C:\Users\ericcarlson\Documents\GitHub\pickles\src\Pickles.Test\bin\Debug\net6.0\PicklesDoc.Pickles.Test.dll" adapterTypeName="executor://nunit3testexecutor/" className="PicklesDoc.Pickles.Test.CultureAwareDialectProviderTests" name="GetDialect_WithLanguageAndCulture_ReturnsThatLanguage" />
    </UnitTest>
    <UnitTest name="MapToFeature_FeatureWithTags_ReturnsFeatureWithTags" storage="c:\users\ericcarlson\documents\github\pickles\src\pickles.test\bin\debug\net6.0\picklesdoc.pickles.test.dll" id="055dd1b0-0a2c-8108-d65a-6f6f4684a4ce">
      <Execution id="85072587-a7a9-4c02-b5e6-dc7c30fb1cfa" />
      <TestMethod codeBase="C:\Users\ericcarlson\Documents\GitHub\pickles\src\Pickles.Test\bin\Debug\net6.0\PicklesDoc.Pickles.Test.dll" adapterTypeName="executor://nunit3testexecutor/" className="PicklesDoc.Pickles.Test.ObjectModel.MapperTestsForFeature" name="MapToFeature_FeatureWithTags_ReturnsFeatureWithTags" />
    </UnitTest>
    <UnitTest name="MapToFeature_FeatureWithSimpleProperties_ReturnsFeaturesWithThoseProperties" storage="c:\users\ericcarlson\documents\github\pickles\src\pickles.test\bin\debug\net6.0\picklesdoc.pickles.test.dll" id="a0490bd8-72d0-eb80-99c2-9e2dd52b73ee">
      <Execution id="6b7d24f5-88fd-4ab3-95b5-f9582453ab81" />
      <TestMethod codeBase="C:\Users\ericcarlson\Documents\GitHub\pickles\src\Pickles.Test\bin\Debug\net6.0\PicklesDoc.Pickles.Test.dll" adapterTypeName="executor://nunit3testexecutor/" className="PicklesDoc.Pickles.Test.ObjectModel.MapperTestsForFeature" name="MapToFeature_FeatureWithSimpleProperties_ReturnsFeaturesWithThoseProperties" />
    </UnitTest>
    <UnitTest name="ThenCanResolveTheSelectedIDocumentationBuilderAsSingleton(Markdown,PicklesDoc.Pickles.DocumentationBuilders.Markdown.MarkdownDocumentationBuilder)" storage="c:\users\ericcarlson\documents\github\pickles\src\pickles.test\bin\debug\net6.0\picklesdoc.pickles.test.dll" id="a83f3e46-a026-f6b2-8efd-ed8752f0f9e8">
      <Execution id="25f30471-e526-4b08-8625-acb36c502ea7" />
      <TestMethod codeBase="C:\Users\ericcarlson\Documents\GitHub\pickles\src\Pickles.Test\bin\Debug\net6.0\PicklesDoc.Pickles.Test.dll" adapterTypeName="executor://nunit3testexecutor/" className="PicklesDoc.Pickles.Test.WhenResolvingADocumentationBuilder" name="ThenCanResolveTheSelectedIDocumentationBuilderAsSingleton(Markdown,PicklesDoc.Pickles.DocumentationBuilders.Markdown.MarkdownDocumentationBuilder)" />
    </UnitTest>
    <UnitTest name="Constructor_NullHtmlFeatureFormatter_ThrowsArgumentNullException" storage="c:\users\ericcarlson\documents\github\pickles\src\pickles.test\bin\debug\net6.0\picklesdoc.pickles.test.dll" id="801681ec-6f06-528d-01cb-0c438e16a2db">
      <Execution id="da310c72-248f-4685-ab6e-25ff934cb569" />
      <TestMethod codeBase="C:\Users\ericcarlson\Documents\GitHub\pickles\src\Pickles.Test\bin\Debug\net6.0\PicklesDoc.Pickles.Test.dll" adapterTypeName="executor://nunit3testexecutor/" className="PicklesDoc.Pickles.Test.Formatters.HtmlContentFormatterTests" name="Constructor_NullHtmlFeatureFormatter_ThrowsArgumentNullException" />
    </UnitTest>
    <UnitTest name="Then_can_crawl_all_folders_including_subfolders_for_features_successfully" storage="c:\users\ericcarlson\documents\github\pickles\src\pickles.test\bin\debug\net6.0\picklesdoc.pickles.test.dll" id="e0dd9245-0af9-4add-c5ea-a8878a46de43">
      <Execution id="53f9a32d-20a7-4549-b24a-f278d2d1a3ac" />
      <TestMethod codeBase="C:\Users\ericcarlson\Documents\GitHub\pickles\src\Pickles.Test\bin\Debug\net6.0\PicklesDoc.Pickles.Test.dll" adapterTypeName="executor://nunit3testexecutor/" className="PicklesDoc.Pickles.Test.WhenCrawlingFoldersForFeatures" name="Then_can_crawl_all_folders_including_subfolders_for_features_successfully" />
    </UnitTest>
    <UnitTest name="Merge_EmptySequence_ResultsInWasExecutedFalseAndWasSuccessfulFalse" storage="c:\users\ericcarlson\documents\github\pickles\src\pickles.test\bin\debug\net6.0\picklesdoc.pickles.test.dll" id="085184fe-e868-8379-b878-742948946639">
      <Execution id="9d3bb238-4879-40d7-ab34-a9bb45186aaf" />
      <TestMethod codeBase="C:\Users\ericcarlson\Documents\GitHub\pickles\src\Pickles.Test\bin\Debug\net6.0\PicklesDoc.Pickles.Test.dll" adapterTypeName="executor://nunit3testexecutor/" className="PicklesDoc.Pickles.Test.TestResultExtensionsTests" name="Merge_EmptySequence_ResultsInWasExecutedFalseAndWasSuccessfulFalse" />
    </UnitTest>
    <UnitTest name="Map_WithKeyword_ReturnsCorrectKeyword" storage="c:\users\ericcarlson\documents\github\pickles\src\pickles.test\bin\debug\net6.0\picklesdoc.pickles.test.dll" id="a9d18150-cea2-1f58-98af-2d8981b7023b">
      <Execution id="6c47ad07-e203-42f5-b7e4-2328ce9b81f9" />
      <TestMethod codeBase="C:\Users\ericcarlson\Documents\GitHub\pickles\src\Pickles.Test\bin\Debug\net6.0\PicklesDoc.Pickles.Test.dll" adapterTypeName="executor://nunit3testexecutor/" className="PicklesDoc.Pickles.Test.ObjectModel.Json.StepToJsonStepMapperTests" name="Map_WithKeyword_ReturnsCorrectKeyword" />
    </UnitTest>
    <UnitTest name="ThenCanParseScenarioWithDocstringSuccessfully" storage="c:\users\ericcarlson\documents\github\pickles\src\pickles.test\bin\debug\net6.0\picklesdoc.pickles.test.dll" id="421a6e45-c786-7a38-bb88-c8e678f20118">
      <Execution id="61089112-da52-4bb7-819d-0046feae68f3" />
      <TestMethod codeBase="C:\Users\ericcarlson\Documents\GitHub\pickles\src\Pickles.Test\bin\Debug\net6.0\PicklesDoc.Pickles.Test.dll" adapterTypeName="executor://nunit3testexecutor/" className="PicklesDoc.Pickles.Test.WhenParsingFeatureFiles" name="ThenCanParseScenarioWithDocstringSuccessfully" />
    </UnitTest>
    <UnitTest name="ItShouldIndicateWasSuccessfulIsFalseForFailingScenario" storage="c:\users\ericcarlson\documents\github\pickles\src\pickles.test\bin\debug\net6.0\picklesdoc.pickles.test.dll" id="9896fd01-1602-19ad-40eb-c38536268da9">
      <Execution id="e4605fb0-14b3-459e-9350-7c3342f4ae09" />
      <TestMethod codeBase="C:\Users\ericcarlson\Documents\GitHub\pickles\src\Pickles.Test\bin\Debug\net6.0\PicklesDoc.Pickles.Test.dll" adapterTypeName="executor://nunit3testexecutor/" className="PicklesDoc.Pickles.Test.Formatters.JSON.WhenCreatingAFeatureWithMetaInfoAndTestResultInMstestFormat" name="ItShouldIndicateWasSuccessfulIsFalseForFailingScenario" />
    </UnitTest>
    <UnitTest name="GetRelativeUriTo_DirectoryToChildDirectory_ReturnsRelativePath" storage="c:\users\ericcarlson\documents\github\pickles\src\pickles.test\bin\debug\net6.0\picklesdoc.pickles.test.dll" id="71626fb2-cfd5-3c05-82ee-59e28a2a2450">
      <Execution id="2aef4977-2ffd-4fb0-9ef0-79dfcdabb6ef" />
      <TestMethod codeBase="C:\Users\ericcarlson\Documents\GitHub\pickles\src\Pickles.Test\bin\Debug\net6.0\PicklesDoc.Pickles.Test.dll" adapterTypeName="executor://nunit3testexecutor/" className="PicklesDoc.Pickles.Test.DirectoryCrawlers.FolderDirectoryTreeNodeTests" name="GetRelativeUriTo_DirectoryToChildDirectory_ReturnsRelativePath" />
    </UnitTest>
    <UnitTest name="ThenCanResolveTheSelectedIDocumentationBuilderAsSingleton(Excel,PicklesDoc.Pickles.DocumentationBuilders.Excel.ExcelDocumentationBuilder)" storage="c:\users\ericcarlson\documents\github\pickles\src\pickles.test\bin\debug\net6.0\picklesdoc.pickles.test.dll" id="4002bec3-2e84-8178-8fdb-096903003927">
      <Execution id="cb406788-c308-441c-b7a5-772806f325d9" />
      <TestMethod codeBase="C:\Users\ericcarlson\Documents\GitHub\pickles\src\Pickles.Test\bin\Debug\net6.0\PicklesDoc.Pickles.Test.dll" adapterTypeName="executor://nunit3testexecutor/" className="PicklesDoc.Pickles.Test.WhenResolvingADocumentationBuilder" name="ThenCanResolveTheSelectedIDocumentationBuilderAsSingleton(Excel,PicklesDoc.Pickles.DocumentationBuilders.Excel.ExcelDocumentationBuilder)" />
    </UnitTest>
    <UnitTest name="ToUriDirectoryInfo_WithoutTrailingSlash_ProducesUriWithTrailingSlash" storage="c:\users\ericcarlson\documents\github\pickles\src\pickles.test\bin\debug\net6.0\picklesdoc.pickles.test.dll" id="edbaf06d-2784-fb0b-6a51-d7a7b978a687">
      <Execution id="7354cc79-bcd2-4498-9add-a64a67372dd3" />
      <TestMethod codeBase="C:\Users\ericcarlson\Documents\GitHub\pickles\src\Pickles.Test\bin\Debug\net6.0\PicklesDoc.Pickles.Test.dll" adapterTypeName="executor://nunit3testexecutor/" className="PicklesDoc.Pickles.Test.Extensions.UriExtensionsTests" name="ToUriDirectoryInfo_WithoutTrailingSlash_ProducesUriWithTrailingSlash" />
    </UnitTest>
    <UnitTest name="MapToKeyWord_StringThen_ReturnsThen" storage="c:\users\ericcarlson\documents\github\pickles\src\pickles.test\bin\debug\net6.0\picklesdoc.pickles.test.dll" id="23955a31-cf35-8855-1092-98631cf687d8">
      <Execution id="721a882c-bed1-400a-8abd-d546c7bf71c2" />
      <TestMethod codeBase="C:\Users\ericcarlson\Documents\GitHub\pickles\src\Pickles.Test\bin\Debug\net6.0\PicklesDoc.Pickles.Test.dll" adapterTypeName="executor://nunit3testexecutor/" className="PicklesDoc.Pickles.Test.ObjectModel.MapperTestsForStep" name="MapToKeyWord_StringThen_ReturnsThen" />
    </UnitTest>
    <UnitTest name="MapToTableRow_NullTableRow_ReturnsNull" storage="c:\users\ericcarlson\documents\github\pickles\src\pickles.test\bin\debug\net6.0\picklesdoc.pickles.test.dll" id="efd251ba-1cdd-95f2-3fe2-824f7ed5e249">
      <Execution id="579442a6-d0a6-4c27-8420-775212543499" />
      <TestMethod codeBase="C:\Users\ericcarlson\Documents\GitHub\pickles\src\Pickles.Test\bin\Debug\net6.0\PicklesDoc.Pickles.Test.dll" adapterTypeName="executor://nunit3testexecutor/" className="PicklesDoc.Pickles.Test.ObjectModel.MapperTestsForDataTable" name="MapToTableRow_NullTableRow_ReturnsNull" />
    </UnitTest>
    <UnitTest name="Map_Inconclusive_ReturnsExecutedFalseSuccessfulFalse" storage="c:\users\ericcarlson\documents\github\pickles\src\pickles.test\bin\debug\net6.0\picklesdoc.pickles.test.dll" id="68f64e68-24e0-ca45-5d01-93a0ed765eae">
      <Execution id="ec3e4fc7-6f28-4ee6-ab54-ac81c9a3bebb" />
      <TestMethod codeBase="C:\Users\ericcarlson\Documents\GitHub\pickles\src\Pickles.Test\bin\Debug\net6.0\PicklesDoc.Pickles.Test.dll" adapterTypeName="executor://nunit3testexecutor/" className="PicklesDoc.Pickles.Test.ObjectModel.Json.TestResultToJsonTestResultMapperTests" name="Map_Inconclusive_ReturnsExecutedFalseSuccessfulFalse" />
    </UnitTest>
    <UnitTest name="Can_crawl_directory_tree_for_features_successfully" storage="c:\users\ericcarlson\documents\github\pickles\src\pickles.test\bin\debug\net6.0\picklesdoc.pickles.test.dll" id="6dac4c1c-db66-2a51-4336-9a7010a21c77">
      <Execution id="356c6641-605b-46f2-b04e-848c446c6111" />
      <TestMethod codeBase="C:\Users\ericcarlson\Documents\GitHub\pickles\src\Pickles.Test\bin\Debug\net6.0\PicklesDoc.Pickles.Test.dll" adapterTypeName="executor://nunit3testexecutor/" className="PicklesDoc.Pickles.Test.Formatters.TableOfContentsShouldBeCreatedFromAFolderStructure" name="Can_crawl_directory_tree_for_features_successfully" />
    </UnitTest>
    <UnitTest name="Map_WithTags_ReturnsTags" storage="c:\users\ericcarlson\documents\github\pickles\src\pickles.test\bin\debug\net6.0\picklesdoc.pickles.test.dll" id="842b0ea9-88ad-790a-c59e-e495e1c6e68b">
      <Execution id="cf6df99d-e8f4-46c9-a382-83e89e16581d" />
      <TestMethod codeBase="C:\Users\ericcarlson\Documents\GitHub\pickles\src\Pickles.Test\bin\Debug\net6.0\PicklesDoc.Pickles.Test.dll" adapterTypeName="executor://nunit3testexecutor/" className="PicklesDoc.Pickles.Test.ObjectModel.Json.ScenarioToJsonScenarioMapperTests" name="Map_WithTags_ReturnsTags" />
    </UnitTest>
    <UnitTest name="TocShouldBeSetWithCorrectAttributes" storage="c:\users\ericcarlson\documents\github\pickles\src\pickles.test\bin\debug\net6.0\picklesdoc.pickles.test.dll" id="6dda5574-3208-47af-bda7-987e6b113677">
      <Execution id="d69b4fb5-360e-4e49-9880-e82a549c74fe" />
      <TestMethod codeBase="C:\Users\ericcarlson\Documents\GitHub\pickles\src\Pickles.Test\bin\Debug\net6.0\PicklesDoc.Pickles.Test.dll" adapterTypeName="executor://nunit3testexecutor/" className="PicklesDoc.Pickles.Test.Formatters.TableOfContentsShouldBeCreatedFromAFolderStructure" name="TocShouldBeSetWithCorrectAttributes" />
    </UnitTest>
    <UnitTest name="ThenCanParseScenarioWithTableSuccessfully" storage="c:\users\ericcarlson\documents\github\pickles\src\pickles.test\bin\debug\net6.0\picklesdoc.pickles.test.dll" id="fdc07046-cd97-c6a1-b694-bc2939683480">
      <Execution id="2eabf231-5305-4e95-98a4-2847a0c3ef58" />
      <TestMethod codeBase="C:\Users\ericcarlson\Documents\GitHub\pickles\src\Pickles.Test\bin\Debug\net6.0\PicklesDoc.Pickles.Test.dll" adapterTypeName="executor://nunit3testexecutor/" className="PicklesDoc.Pickles.Test.WhenParsingFeatureFiles" name="ThenCanParseScenarioWithTableSuccessfully" />
    </UnitTest>
    <UnitTest name="Map_WithNullComments_ReturnsAfterLastStepCommentsList" storage="c:\users\ericcarlson\documents\github\pickles\src\pickles.test\bin\debug\net6.0\picklesdoc.pickles.test.dll" id="7c126b7b-3ee7-2707-c0f6-a67c3217c339">
      <Execution id="1ea018a6-2a9c-4f11-801e-6253ed919d5a" />
      <TestMethod codeBase="C:\Users\ericcarlson\Documents\GitHub\pickles\src\Pickles.Test\bin\Debug\net6.0\PicklesDoc.Pickles.Test.dll" adapterTypeName="executor://nunit3testexecutor/" className="PicklesDoc.Pickles.Test.ObjectModel.Json.StepToJsonStepMapperTests" name="Map_WithNullComments_ReturnsAfterLastStepCommentsList" />
    </UnitTest>
    <UnitTest name="MapToLocation_NullLocation_ReturnsNull" storage="c:\users\ericcarlson\documents\github\pickles\src\pickles.test\bin\debug\net6.0\picklesdoc.pickles.test.dll" id="2d1e8734-39be-985c-1537-9f979ee40cdf">
      <Execution id="defe90b7-82d1-4461-9499-7d93283f6e92" />
      <TestMethod codeBase="C:\Users\ericcarlson\Documents\GitHub\pickles\src\Pickles.Test\bin\Debug\net6.0\PicklesDoc.Pickles.Test.dll" adapterTypeName="executor://nunit3testexecutor/" className="PicklesDoc.Pickles.Test.ObjectModel.MapperTestsForLocation" name="MapToLocation_NullLocation_ReturnsNull" />
    </UnitTest>
    <UnitTest name="ItShouldContainResultKeysInTheJsonDocument" storage="c:\users\ericcarlson\documents\github\pickles\src\pickles.test\bin\debug\net6.0\picklesdoc.pickles.test.dll" id="f2da032d-91aa-95b3-1f3a-869ade8a89d3">
      <Execution id="6838b70b-59ce-4104-b286-fe02035eeec6" />
      <TestMethod codeBase="C:\Users\ericcarlson\Documents\GitHub\pickles\src\Pickles.Test\bin\Debug\net6.0\PicklesDoc.Pickles.Test.dll" adapterTypeName="executor://nunit3testexecutor/" className="PicklesDoc.Pickles.Test.Formatters.JSON.WhenCreatingAFeatureWithMetaInfoAndTestResultInMstestFormat" name="ItShouldContainResultKeysInTheJsonDocument" />
    </UnitTest>
    <UnitTest name="Create_InvalidFeatureFile_AddsEntryToReport" storage="c:\users\ericcarlson\documents\github\pickles\src\pickles.test\bin\debug\net6.0\picklesdoc.pickles.test.dll" id="75dd8bd3-eae9-4577-2955-8c8531bc3c5b">
      <Execution id="6dede81e-b36f-448b-a14e-5a6446ded8d2" />
      <TestMethod codeBase="C:\Users\ericcarlson\Documents\GitHub\pickles\src\Pickles.Test\bin\Debug\net6.0\PicklesDoc.Pickles.Test.dll" adapterTypeName="executor://nunit3testexecutor/" className="PicklesDoc.Pickles.Test.FeatureNodeFactoryTests" name="Create_InvalidFeatureFile_AddsEntryToReport" />
    </UnitTest>
    <UnitTest name="IsRelevant_InvalidFile_ReturnsFalse" storage="c:\users\ericcarlson\documents\github\pickles\src\pickles.test\bin\debug\net6.0\picklesdoc.pickles.test.dll" id="9ec673de-4ee7-1c04-ca06-f2ecdbfb66c9">
      <Execution id="a9e8de0a-f276-4906-8374-90fd38d27d1a" />
      <TestMethod codeBase="C:\Users\ericcarlson\Documents\GitHub\pickles\src\Pickles.Test\bin\Debug\net6.0\PicklesDoc.Pickles.Test.dll" adapterTypeName="executor://nunit3testexecutor/" className="PicklesDoc.Pickles.Test.DirectoryCrawlers.ImageFileDetectorTests" name="IsRelevant_InvalidFile_ReturnsFalse" />
    </UnitTest>
    <UnitTest name="MapToScenarioBackground_NullBackground_ReturnsNullScenario" storage="c:\users\ericcarlson\documents\github\pickles\src\pickles.test\bin\debug\net6.0\picklesdoc.pickles.test.dll" id="e8b0726c-36bd-6c85-dd69-b7de9bafab06">
      <Execution id="420c9f42-e18c-4957-b54b-509400817403" />
      <TestMethod codeBase="C:\Users\ericcarlson\Documents\GitHub\pickles\src\Pickles.Test\bin\Debug\net6.0\PicklesDoc.Pickles.Test.dll" adapterTypeName="executor://nunit3testexecutor/" className="PicklesDoc.Pickles.Test.ObjectModel.MapperTestsForBackground" name="MapToScenarioBackground_NullBackground_ReturnsNullScenario" />
    </UnitTest>
    <UnitTest name="GetRelativeUriTo_DirectoryToParentDirectory_ReturnsRelativePath" storage="c:\users\ericcarlson\documents\github\pickles\src\pickles.test\bin\debug\net6.0\picklesdoc.pickles.test.dll" id="20a92ec6-b034-8a96-bf54-9fb94fce27f7">
      <Execution id="f8a96807-510f-43b7-bd8d-5e4ee4348f70" />
      <TestMethod codeBase="C:\Users\ericcarlson\Documents\GitHub\pickles\src\Pickles.Test\bin\Debug\net6.0\PicklesDoc.Pickles.Test.dll" adapterTypeName="executor://nunit3testexecutor/" className="PicklesDoc.Pickles.Test.DirectoryCrawlers.FolderDirectoryTreeNodeTests" name="GetRelativeUriTo_DirectoryToParentDirectory_ReturnsRelativePath" />
    </UnitTest>
    <UnitTest name="MapToStep_StepWithWhen_ReturnStep" storage="c:\users\ericcarlson\documents\github\pickles\src\pickles.test\bin\debug\net6.0\picklesdoc.pickles.test.dll" id="ba0a5a7d-c5b5-7dd0-271b-846e5b517e29">
      <Execution id="34eda995-8f48-486c-9107-9994e3dd2585" />
      <TestMethod codeBase="C:\Users\ericcarlson\Documents\GitHub\pickles\src\Pickles.Test\bin\Debug\net6.0\PicklesDoc.Pickles.Test.dll" adapterTypeName="executor://nunit3testexecutor/" className="PicklesDoc.Pickles.Test.ObjectModel.MapperTestsForStep" name="MapToStep_StepWithWhen_ReturnStep" />
    </UnitTest>
    <UnitTest name="Merge_SingleItem_ReturnsThatItem" storage="c:\users\ericcarlson\documents\github\pickles\src\pickles.test\bin\debug\net6.0\picklesdoc.pickles.test.dll" id="a3410762-c366-47a2-74c7-2581a7f438bc">
      <Execution id="d6a7188d-7cdb-4054-834d-92f3b2dc0168" />
      <TestMethod codeBase="C:\Users\ericcarlson\Documents\GitHub\pickles\src\Pickles.Test\bin\Debug\net6.0\PicklesDoc.Pickles.Test.dll" adapterTypeName="executor://nunit3testexecutor/" className="PicklesDoc.Pickles.Test.TestResultExtensionsTests" name="Merge_SingleItem_ReturnsThatItem" />
    </UnitTest>
    <UnitTest name="Merge_MultiplePassedOneInconclusiveResults_ShouldReturnInconclusive" storage="c:\users\ericcarlson\documents\github\pickles\src\pickles.test\bin\debug\net6.0\picklesdoc.pickles.test.dll" id="d90c12dd-95d4-2680-665c-a9724bf3407c">
      <Execution id="6a576786-6cf2-41e1-9a77-e3f2299eb074" />
      <TestMethod codeBase="C:\Users\ericcarlson\Documents\GitHub\pickles\src\Pickles.Test\bin\Debug\net6.0\PicklesDoc.Pickles.Test.dll" adapterTypeName="executor://nunit3testexecutor/" className="PicklesDoc.Pickles.Test.TestResultExtensionsTests" name="Merge_MultiplePassedOneInconclusiveResults_ShouldReturnInconclusive" />
    </UnitTest>
    <UnitTest name="LineThatStartsWithEscapedHash_Header3_ShouldRemoveEscapeSign" storage="c:\users\ericcarlson\documents\github\pickles\src\pickles.test\bin\debug\net6.0\picklesdoc.pickles.test.dll" id="c9d41f4b-061e-ad0e-ab6b-66d3fd7a5896">
      <Execution id="6c95fef7-e681-4eb2-9efa-e630e7a2ebeb" />
      <TestMethod codeBase="C:\Users\ericcarlson\Documents\GitHub\pickles\src\Pickles.Test\bin\Debug\net6.0\PicklesDoc.Pickles.Test.dll" adapterTypeName="executor://nunit3testexecutor/" className="PicklesDoc.Pickles.Test.DescriptionProcessorTests" name="LineThatStartsWithEscapedHash_Header3_ShouldRemoveEscapeSign" />
    </UnitTest>
    <UnitTest name="Then_can_parse_and_remove_technical_tag_in_configuration_remove_technical_tag" storage="c:\users\ericcarlson\documents\github\pickles\src\pickles.test\bin\debug\net6.0\picklesdoc.pickles.test.dll" id="99a25f48-0d46-1e4c-d856-1a93a4215220">
      <Execution id="0957f659-7c72-47dd-be66-e591852a8892" />
      <TestMethod codeBase="C:\Users\ericcarlson\Documents\GitHub\pickles\src\Pickles.Test\bin\Debug\net6.0\PicklesDoc.Pickles.Test.dll" adapterTypeName="executor://nunit3testexecutor/" className="PicklesDoc.Pickles.Test.WhenParsingFeatureFiles" name="Then_can_parse_and_remove_technical_tag_in_configuration_remove_technical_tag" />
    </UnitTest>
    <UnitTest name="MapToFeature_FeatureWithComments_ReturnsFeatureWithComments" storage="c:\users\ericcarlson\documents\github\pickles\src\pickles.test\bin\debug\net6.0\picklesdoc.pickles.test.dll" id="43552591-3b54-90fc-42f1-6f682043a4e0">
      <Execution id="fef75e19-5c91-4538-9d80-995093d450de" />
      <TestMethod codeBase="C:\Users\ericcarlson\Documents\GitHub\pickles\src\Pickles.Test\bin\Debug\net6.0\PicklesDoc.Pickles.Test.dll" adapterTypeName="executor://nunit3testexecutor/" className="PicklesDoc.Pickles.Test.ObjectModel.MapperTestsForFeature" name="MapToFeature_FeatureWithComments_ReturnsFeatureWithComments" />
    </UnitTest>
    <UnitTest name="TableOfContent_Must_Contain_Link_To_Home" storage="c:\users\ericcarlson\documents\github\pickles\src\pickles.test\bin\debug\net6.0\picklesdoc.pickles.test.dll" id="7355de11-ecb9-78c1-e9a7-a6ad6863c717">
      <Execution id="6f553c7c-7bd7-4445-99c1-bfaa827bde79" />
      <TestMethod codeBase="C:\Users\ericcarlson\Documents\GitHub\pickles\src\Pickles.Test\bin\Debug\net6.0\PicklesDoc.Pickles.Test.dll" adapterTypeName="executor://nunit3testexecutor/" className="PicklesDoc.Pickles.Test.Formatters.TableOfContentsShouldBeCreatedFromAFolderStructure" name="TableOfContent_Must_Contain_Link_To_Home" />
    </UnitTest>
    <UnitTest name="Then_can_parse_and_ignore_scenario_with_tag_in_configuration_ignore_tag_and_do_not_keep_feature" storage="c:\users\ericcarlson\documents\github\pickles\src\pickles.test\bin\debug\net6.0\picklesdoc.pickles.test.dll" id="5e5b21c4-f8f1-3d2f-7050-4379c0fa7d2f">
      <Execution id="82dd4763-fa16-46bb-9559-1b4823ce0334" />
      <TestMethod codeBase="C:\Users\ericcarlson\Documents\GitHub\pickles\src\Pickles.Test\bin\Debug\net6.0\PicklesDoc.Pickles.Test.dll" adapterTypeName="executor://nunit3testexecutor/" className="PicklesDoc.Pickles.Test.WhenParsingFeatureFiles" name="Then_can_parse_and_ignore_scenario_with_tag_in_configuration_ignore_tag_and_do_not_keep_feature" />
    </UnitTest>
    <UnitTest name="Merge_NullReference_ThrowsArgumentNullException" storage="c:\users\ericcarlson\documents\github\pickles\src\pickles.test\bin\debug\net6.0\picklesdoc.pickles.test.dll" id="c64ab3fd-a5a1-5878-7c1a-1e8a8afbf3b9">
      <Execution id="5b8a0af3-7f11-41b5-8170-904340217514" />
      <TestMethod codeBase="C:\Users\ericcarlson\Documents\GitHub\pickles\src\Pickles.Test\bin\Debug\net6.0\PicklesDoc.Pickles.Test.dll" adapterTypeName="executor://nunit3testexecutor/" className="PicklesDoc.Pickles.Test.TestResultExtensionsTests" name="Merge_NullReference_ThrowsArgumentNullException" />
    </UnitTest>
    <UnitTest name="GetEncoding_Default_ReturnsUTF8" storage="c:\users\ericcarlson\documents\github\pickles\src\pickles.test\bin\debug\net6.0\picklesdoc.pickles.test.dll" id="42ebbc3e-9cb4-7b29-f224-f1d9cba21bf9">
      <Execution id="1972a9bc-c986-44df-baff-27919a61c894" />
      <TestMethod codeBase="C:\Users\ericcarlson\Documents\GitHub\pickles\src\Pickles.Test\bin\Debug\net6.0\PicklesDoc.Pickles.Test.dll" adapterTypeName="executor://nunit3testexecutor/" className="PicklesDoc.Pickles.Test.EncodingDetectorTests" name="GetEncoding_Default_ReturnsUTF8" />
    </UnitTest>
    <UnitTest name="GetEncoding_UTF16BEBOM_ReturnsUnicode" storage="c:\users\ericcarlson\documents\github\pickles\src\pickles.test\bin\debug\net6.0\picklesdoc.pickles.test.dll" id="d18e2342-ed93-20fc-1486-ab5d0965097b">
      <Execution id="11158d88-b627-46c3-a966-073f9c289487" />
      <TestMethod codeBase="C:\Users\ericcarlson\Documents\GitHub\pickles\src\Pickles.Test\bin\Debug\net6.0\PicklesDoc.Pickles.Test.dll" adapterTypeName="executor://nunit3testexecutor/" className="PicklesDoc.Pickles.Test.EncodingDetectorTests" name="GetEncoding_UTF16BEBOM_ReturnsUnicode" />
    </UnitTest>
    <UnitTest name="GetDialect_WithSimpleLanguage_ReturnsThatLanguage" storage="c:\users\ericcarlson\documents\github\pickles\src\pickles.test\bin\debug\net6.0\picklesdoc.pickles.test.dll" id="a97fbf30-a467-d383-085d-3cbf7f26c69d">
      <Execution id="00084628-f9ae-49a1-9e8f-d3b8ac874926" />
      <TestMethod codeBase="C:\Users\ericcarlson\Documents\GitHub\pickles\src\Pickles.Test\bin\Debug\net6.0\PicklesDoc.Pickles.Test.dll" adapterTypeName="executor://nunit3testexecutor/" className="PicklesDoc.Pickles.Test.CultureAwareDialectProviderTests" name="GetDialect_WithSimpleLanguage_ReturnsThatLanguage" />
    </UnitTest>
    <UnitTest name="MapToScenarioOutline_ScenarioOutlineWithNullDescription_ReturnsScenarioOutlineWithEmptyDescription" storage="c:\users\ericcarlson\documents\github\pickles\src\pickles.test\bin\debug\net6.0\picklesdoc.pickles.test.dll" id="4ff43338-8721-dbba-445e-878079003ddc">
      <Execution id="07dc5063-20c7-4cef-94f3-3b2b829e2649" />
      <TestMethod codeBase="C:\Users\ericcarlson\Documents\GitHub\pickles\src\Pickles.Test\bin\Debug\net6.0\PicklesDoc.Pickles.Test.dll" adapterTypeName="executor://nunit3testexecutor/" className="PicklesDoc.Pickles.Test.ObjectModel.MapperTestsForScenarioOutline" name="MapToScenarioOutline_ScenarioOutlineWithNullDescription_ReturnsScenarioOutlineWithEmptyDescription" />
    </UnitTest>
    <UnitTest name="Map_TableRowWithTestResultsWithRows_ReturnsObjectWithStrings" storage="c:\users\ericcarlson\documents\github\pickles\src\pickles.test\bin\debug\net6.0\picklesdoc.pickles.test.dll" id="cea95d72-0e0c-6c38-dd31-2635e4fc12d8">
      <Execution id="e3b8210e-4107-48d3-88cf-401dc1ab4625" />
      <TestMethod codeBase="C:\Users\ericcarlson\Documents\GitHub\pickles\src\Pickles.Test\bin\Debug\net6.0\PicklesDoc.Pickles.Test.dll" adapterTypeName="executor://nunit3testexecutor/" className="PicklesDoc.Pickles.Test.ObjectModel.Json.TableRowToJsonTableRowMapperTests" name="Map_TableRowWithTestResultsWithRows_ReturnsObjectWithStrings" />
    </UnitTest>
    <UnitTest name="MapToStringTableCell_NullTableCell_ReturnsNull" storage="c:\users\ericcarlson\documents\github\pickles\src\pickles.test\bin\debug\net6.0\picklesdoc.pickles.test.dll" id="d8574c62-7f64-edaf-9bb3-a57031c9c43d">
      <Execution id="110bf070-3fbc-48a2-a63b-58fbc83e1d54" />
      <TestMethod codeBase="C:\Users\ericcarlson\Documents\GitHub\pickles\src\Pickles.Test\bin\Debug\net6.0\PicklesDoc.Pickles.Test.dll" adapterTypeName="executor://nunit3testexecutor/" className="PicklesDoc.Pickles.Test.ObjectModel.MapperTestsForDataTable" name="MapToStringTableCell_NullTableCell_ReturnsNull" />
    </UnitTest>
    <UnitTest name="ThenCanResolveTheSelectedIDocumentationBuilder(DHtml,PicklesDoc.Pickles.DocumentationBuilders.Dhtml.DhtmlDocumentationBuilder)" storage="c:\users\ericcarlson\documents\github\pickles\src\pickles.test\bin\debug\net6.0\picklesdoc.pickles.test.dll" id="91378188-0153-6848-6e24-0c45539dcf6d">
      <Execution id="55bce1ce-ba35-4e33-bf27-a4933c4e93ab" />
      <TestMethod codeBase="C:\Users\ericcarlson\Documents\GitHub\pickles\src\Pickles.Test\bin\Debug\net6.0\PicklesDoc.Pickles.Test.dll" adapterTypeName="executor://nunit3testexecutor/" className="PicklesDoc.Pickles.Test.WhenResolvingADocumentationBuilder" name="ThenCanResolveTheSelectedIDocumentationBuilder(DHtml,PicklesDoc.Pickles.DocumentationBuilders.Dhtml.DhtmlDocumentationBuilder)" />
    </UnitTest>
    <UnitTest name="ThenCanFormatTextAsWikiWordSuccessfully" storage="c:\users\ericcarlson\documents\github\pickles\src\pickles.test\bin\debug\net6.0\picklesdoc.pickles.test.dll" id="c2fae702-1219-a5ae-f1ea-5e55a1f23bf4">
      <Execution id="c3f6a3d9-f602-454a-96a6-5ae35290bde0" />
      <TestMethod codeBase="C:\Users\ericcarlson\Documents\GitHub\pickles\src\Pickles.Test\bin\Debug\net6.0\PicklesDoc.Pickles.Test.dll" adapterTypeName="executor://nunit3testexecutor/" className="PicklesDoc.Pickles.Test.Extensions.StringExtensionsTests" name="ThenCanFormatTextAsWikiWordSuccessfully" />
    </UnitTest>
    <UnitTest name="Constructor_WithLanguageServicesRegistryThatDefaultsToDutch_SetsLangugageToDutch" storage="c:\users\ericcarlson\documents\github\pickles\src\pickles.test\bin\debug\net6.0\picklesdoc.pickles.test.dll" id="cfc02a44-6328-e237-93b8-8ccd4232e507">
      <Execution id="929459ec-bea4-46fb-9bf9-69439ca4eafb" />
      <TestMethod codeBase="C:\Users\ericcarlson\Documents\GitHub\pickles\src\Pickles.Test\bin\Debug\net6.0\PicklesDoc.Pickles.Test.dll" adapterTypeName="executor://nunit3testexecutor/" className="PicklesDoc.Pickles.Test.ConfigurationTests" name="Constructor_WithLanguageServicesRegistryThatDefaultsToDutch_SetsLangugageToDutch" />
    </UnitTest>
    <UnitTest name="MapToScenario_Always_MapsFeatureProperty" storage="c:\users\ericcarlson\documents\github\pickles\src\pickles.test\bin\debug\net6.0\picklesdoc.pickles.test.dll" id="c39cdb82-dd1e-353a-b6fd-bd61b49d028c">
      <Execution id="13a464b7-6cdb-4a86-bc5c-03425169764a" />
      <TestMethod codeBase="C:\Users\ericcarlson\Documents\GitHub\pickles\src\Pickles.Test\bin\Debug\net6.0\PicklesDoc.Pickles.Test.dll" adapterTypeName="executor://nunit3testexecutor/" className="PicklesDoc.Pickles.Test.ObjectModel.Json.JsonScenarioTests" name="MapToScenario_Always_MapsFeatureProperty" />
    </UnitTest>
    <UnitTest name="Map_When_ReturnsWhen" storage="c:\users\ericcarlson\documents\github\pickles\src\pickles.test\bin\debug\net6.0\picklesdoc.pickles.test.dll" id="f1eb8b6a-9375-3801-5631-df4597432bd1">
      <Execution id="d3d011bd-6a75-4915-a364-eea2384e8f80" />
      <TestMethod codeBase="C:\Users\ericcarlson\Documents\GitHub\pickles\src\Pickles.Test\bin\Debug\net6.0\PicklesDoc.Pickles.Test.dll" adapterTypeName="executor://nunit3testexecutor/" className="PicklesDoc.Pickles.Test.ObjectModel.Json.KeywordToJsonKeywordMapperTests" name="Map_When_ReturnsWhen" />
    </UnitTest>
    <UnitTest name="MapToStep_StepWithTableArgument_ReturnStepWithTable" storage="c:\users\ericcarlson\documents\github\pickles\src\pickles.test\bin\debug\net6.0\picklesdoc.pickles.test.dll" id="77906bed-4a7d-5521-51c2-4f3d836434ba">
      <Execution id="39836b9c-82cd-43b7-9e8e-88a70b392ee1" />
      <TestMethod codeBase="C:\Users\ericcarlson\Documents\GitHub\pickles\src\Pickles.Test\bin\Debug\net6.0\PicklesDoc.Pickles.Test.dll" adapterTypeName="executor://nunit3testexecutor/" className="PicklesDoc.Pickles.Test.ObjectModel.MapperTestsForStep" name="MapToStep_StepWithTableArgument_ReturnStepWithTable" />
    </UnitTest>
    <UnitTest name="ThenCanParseScenarioWithBackgroundSuccessfully" storage="c:\users\ericcarlson\documents\github\pickles\src\pickles.test\bin\debug\net6.0\picklesdoc.pickles.test.dll" id="10fcbc64-84e0-4168-f0c5-d1d525e9969f">
      <Execution id="cf72ad30-8ca3-4b24-a031-b892a360924b" />
      <TestMethod codeBase="C:\Users\ericcarlson\Documents\GitHub\pickles\src\Pickles.Test\bin\Debug\net6.0\PicklesDoc.Pickles.Test.dll" adapterTypeName="executor://nunit3testexecutor/" className="PicklesDoc.Pickles.Test.WhenParsingFeatureFiles" name="ThenCanParseScenarioWithBackgroundSuccessfully" />
    </UnitTest>
    <UnitTest name="LineThatStartsWithEscapedHash_Header4_ShouldRemoveEscapeSign" storage="c:\users\ericcarlson\documents\github\pickles\src\pickles.test\bin\debug\net6.0\picklesdoc.pickles.test.dll" id="fef5814c-e293-359f-3b1e-c7507dc38524">
      <Execution id="18e12afd-7f50-42a1-9243-49dafc9318d3" />
      <TestMethod codeBase="C:\Users\ericcarlson\Documents\GitHub\pickles\src\Pickles.Test\bin\Debug\net6.0\PicklesDoc.Pickles.Test.dll" adapterTypeName="executor://nunit3testexecutor/" className="PicklesDoc.Pickles.Test.DescriptionProcessorTests" name="LineThatStartsWithEscapedHash_Header4_ShouldRemoveEscapeSign" />
    </UnitTest>
    <UnitTest name="Constructor_ValidFileSystemInfo_SetsOriginalLocation" storage="c:\users\ericcarlson\documents\github\pickles\src\pickles.test\bin\debug\net6.0\picklesdoc.pickles.test.dll" id="54bb1776-45b9-440f-39dc-4b42c206b81f">
      <Execution id="41533927-6d51-4058-8a42-58a2c8b8a47b" />
      <TestMethod codeBase="C:\Users\ericcarlson\Documents\GitHub\pickles\src\Pickles.Test\bin\Debug\net6.0\PicklesDoc.Pickles.Test.dll" adapterTypeName="executor://nunit3testexecutor/" className="PicklesDoc.Pickles.Test.DirectoryCrawlers.FolderDirectoryTreeNodeTests" name="Constructor_ValidFileSystemInfo_SetsOriginalLocation" />
    </UnitTest>
    <UnitTest name="ThenCanDetectAllResourcesSuccessfully" storage="c:\users\ericcarlson\documents\github\pickles\src\pickles.test\bin\debug\net6.0\picklesdoc.pickles.test.dll" id="6d702234-c5da-512c-d19b-11f0b003c6d1">
      <Execution id="78a40b48-6ecf-4f3f-aa01-018819928a7d" />
      <TestMethod codeBase="C:\Users\ericcarlson\Documents\GitHub\pickles\src\Pickles.Test\bin\Debug\net6.0\PicklesDoc.Pickles.Test.dll" adapterTypeName="executor://nunit3testexecutor/" className="PicklesDoc.Pickles.Test.WhenWorkingWithHtmlResources" name="ThenCanDetectAllResourcesSuccessfully" />
    </UnitTest>
    <UnitTest name="MapToScenarioOutline_Always_MapsFeatureProperty" storage="c:\users\ericcarlson\documents\github\pickles\src\pickles.test\bin\debug\net6.0\picklesdoc.pickles.test.dll" id="45142e11-464c-9d21-08ec-b2dc0e449acc">
      <Execution id="aca8b572-50df-4a7e-8715-168121131373" />
      <TestMethod codeBase="C:\Users\ericcarlson\Documents\GitHub\pickles\src\Pickles.Test\bin\Debug\net6.0\PicklesDoc.Pickles.Test.dll" adapterTypeName="executor://nunit3testexecutor/" className="PicklesDoc.Pickles.Test.ObjectModel.MapperTestsForScenarioOutline" name="MapToScenarioOutline_Always_MapsFeatureProperty" />
    </UnitTest>
    <UnitTest name="Process_OnlyLinesWithEmptySpaces_ReturnsAsManyEmptyLines" storage="c:\users\ericcarlson\documents\github\pickles\src\pickles.test\bin\debug\net6.0\picklesdoc.pickles.test.dll" id="475019ae-3d7f-95bf-6137-a7ac269ca177">
      <Execution id="8da58dec-4881-4c1f-997a-e35aac53a0d5" />
      <TestMethod codeBase="C:\Users\ericcarlson\Documents\GitHub\pickles\src\Pickles.Test\bin\Debug\net6.0\PicklesDoc.Pickles.Test.dll" adapterTypeName="executor://nunit3testexecutor/" className="PicklesDoc.Pickles.Test.DescriptionProcessorTests" name="Process_OnlyLinesWithEmptySpaces_ReturnsAsManyEmptyLines" />
    </UnitTest>
    <UnitTest name="ItShouldContainTheSutInfoInTheJsonDocument" storage="c:\users\ericcarlson\documents\github\pickles\src\pickles.test\bin\debug\net6.0\picklesdoc.pickles.test.dll" id="2ecfc0bc-21d0-9225-7733-601491925d83">
      <Execution id="6a173d39-cd90-40c1-8be5-a8378ae20c2a" />
      <TestMethod codeBase="C:\Users\ericcarlson\Documents\GitHub\pickles\src\Pickles.Test\bin\Debug\net6.0\PicklesDoc.Pickles.Test.dll" adapterTypeName="executor://nunit3testexecutor/" className="PicklesDoc.Pickles.Test.Formatters.JSON.WhenCreatingAFeatureWithMetaInfoAndTestResultInMstestFormat" name="ItShouldContainTheSutInfoInTheJsonDocument" />
    </UnitTest>
    <UnitTest name="ThenCanParseScenariosSuccessfully" storage="c:\users\ericcarlson\documents\github\pickles\src\pickles.test\bin\debug\net6.0\picklesdoc.pickles.test.dll" id="7d4b2fb4-4f47-e69c-8783-b5d5edc4e395">
      <Execution id="113f7a81-124f-4071-b244-cbf9f15f707f" />
      <TestMethod codeBase="C:\Users\ericcarlson\Documents\GitHub\pickles\src\Pickles.Test\bin\Debug\net6.0\PicklesDoc.Pickles.Test.dll" adapterTypeName="executor://nunit3testexecutor/" className="PicklesDoc.Pickles.Test.WhenParsingFeatureFiles" name="ThenCanParseScenariosSuccessfully" />
    </UnitTest>
    <UnitTest name="Map_DutchFeature_SetsNativeKeywordToExamples" storage="c:\users\ericcarlson\documents\github\pickles\src\pickles.test\bin\debug\net6.0\picklesdoc.pickles.test.dll" id="01cf9393-974a-501b-772e-4a5b61f1c33b">
      <Execution id="0871b5aa-5ade-40fb-9e58-ab498a113f75" />
      <TestMethod codeBase="C:\Users\ericcarlson\Documents\GitHub\pickles\src\Pickles.Test\bin\Debug\net6.0\PicklesDoc.Pickles.Test.dll" adapterTypeName="executor://nunit3testexecutor/" className="PicklesDoc.Pickles.Test.ObjectModel.Json.ExampleToJsonExampleMapperTests" name="Map_DutchFeature_SetsNativeKeywordToExamples" />
    </UnitTest>
    <UnitTest name="Merge_MultiplePassedResults_ShouldReturnPassed" storage="c:\users\ericcarlson\documents\github\pickles\src\pickles.test\bin\debug\net6.0\picklesdoc.pickles.test.dll" id="fc601999-9e44-2983-a7fb-26c9b68b5726">
      <Execution id="19cebbe5-78b0-4278-ad4e-c453ef9bf1b2" />
      <TestMethod codeBase="C:\Users\ericcarlson\Documents\GitHub\pickles\src\Pickles.Test\bin\Debug\net6.0\PicklesDoc.Pickles.Test.dll" adapterTypeName="executor://nunit3testexecutor/" className="PicklesDoc.Pickles.Test.TestResultExtensionsTests" name="Merge_MultiplePassedResults_ShouldReturnPassed" />
    </UnitTest>
    <UnitTest name="GetEncoding_NullArgument_ThrowsArgumentNullException" storage="c:\users\ericcarlson\documents\github\pickles\src\pickles.test\bin\debug\net6.0\picklesdoc.pickles.test.dll" id="69d56e98-4eff-4355-eeb5-6709592411a0">
      <Execution id="1c5589b1-a5f5-4eaa-a6ac-63796d762e2d" />
      <TestMethod codeBase="C:\Users\ericcarlson\Documents\GitHub\pickles\src\Pickles.Test\bin\Debug\net6.0\PicklesDoc.Pickles.Test.dll" adapterTypeName="executor://nunit3testexecutor/" className="PicklesDoc.Pickles.Test.EncodingDetectorTests" name="GetEncoding_NullArgument_ThrowsArgumentNullException" />
    </UnitTest>
    <UnitTest name="ShouldIterateInRightOrder" storage="c:\users\ericcarlson\documents\github\pickles\src\pickles.test\bin\debug\net6.0\picklesdoc.pickles.test.dll" id="0537d0ef-2381-cd61-1563-2c44728b16d8">
      <Execution id="6d2dfe0b-43c1-446e-819a-3c9c0ad7fbf5" />
      <TestMethod codeBase="C:\Users\ericcarlson\Documents\GitHub\pickles\src\Pickles.Test\bin\Debug\net6.0\PicklesDoc.Pickles.Test.dll" adapterTypeName="executor://nunit3testexecutor/" className="PicklesDoc.Pickles.Test.DataStructures.TreeTests" name="ShouldIterateInRightOrder" />
    </UnitTest>
    <UnitTest name="ThenCanResolveTheSelectedIDocumentationBuilder(Markdown,PicklesDoc.Pickles.DocumentationBuilders.Markdown.MarkdownDocumentationBuilder)" storage="c:\users\ericcarlson\documents\github\pickles\src\pickles.test\bin\debug\net6.0\picklesdoc.pickles.test.dll" id="9a538a18-6713-44c0-7f91-be4011a7b21a">
      <Execution id="09f0f9df-0390-4b45-a721-83a7e8b951aa" />
      <TestMethod codeBase="C:\Users\ericcarlson\Documents\GitHub\pickles\src\Pickles.Test\bin\Debug\net6.0\PicklesDoc.Pickles.Test.dll" adapterTypeName="executor://nunit3testexecutor/" className="PicklesDoc.Pickles.Test.WhenResolvingADocumentationBuilder" name="ThenCanResolveTheSelectedIDocumentationBuilder(Markdown,PicklesDoc.Pickles.DocumentationBuilders.Markdown.MarkdownDocumentationBuilder)" />
    </UnitTest>
    <UnitTest name="Map_WithAfterLastStepComments_ReturnsThoseComments" storage="c:\users\ericcarlson\documents\github\pickles\src\pickles.test\bin\debug\net6.0\picklesdoc.pickles.test.dll" id="b85c644b-8489-cbb9-6e06-ef4de46141c2">
      <Execution id="5efc70e3-9e22-4ea2-a5f5-a6ad31c1d12a" />
      <TestMethod codeBase="C:\Users\ericcarlson\Documents\GitHub\pickles\src\Pickles.Test\bin\Debug\net6.0\PicklesDoc.Pickles.Test.dll" adapterTypeName="executor://nunit3testexecutor/" className="PicklesDoc.Pickles.Test.ObjectModel.Json.StepToJsonStepMapperTests" name="Map_WithAfterLastStepComments_ReturnsThoseComments" />
    </UnitTest>
    <UnitTest name="Map_Failed_ReturnsExecutedTrueSuccessfulFalse" storage="c:\users\ericcarlson\documents\github\pickles\src\pickles.test\bin\debug\net6.0\picklesdoc.pickles.test.dll" id="3ca12e18-ed2b-68bd-ab21-229d493594e6">
      <Execution id="365ce2d2-8f0f-4537-9930-0ffa5d387d5b" />
      <TestMethod codeBase="C:\Users\ericcarlson\Documents\GitHub\pickles\src\Pickles.Test\bin\Debug\net6.0\PicklesDoc.Pickles.Test.dll" adapterTypeName="executor://nunit3testexecutor/" className="PicklesDoc.Pickles.Test.ObjectModel.Json.TestResultToJsonTestResultMapperTests" name="Map_Failed_ReturnsExecutedTrueSuccessfulFalse" />
    </UnitTest>
    <UnitTest name="IsRelevant_ValidFile_ReturnsTrue(&quot;image.jpg&quot;)" storage="c:\users\ericcarlson\documents\github\pickles\src\pickles.test\bin\debug\net6.0\picklesdoc.pickles.test.dll" id="919a0def-61d6-a630-f655-9a4c320ae4c8">
      <Execution id="d1c30699-4cd4-4688-a67e-88fe57b052af" />
      <TestMethod codeBase="C:\Users\ericcarlson\Documents\GitHub\pickles\src\Pickles.Test\bin\Debug\net6.0\PicklesDoc.Pickles.Test.dll" adapterTypeName="executor://nunit3testexecutor/" className="PicklesDoc.Pickles.Test.DirectoryCrawlers.ImageFileDetectorTests" name="IsRelevant_ValidFile_ReturnsTrue(&quot;image.jpg&quot;)" />
    </UnitTest>
    <UnitTest name="Map_TableRowWithRows_ReturnsObjectWithStrings" storage="c:\users\ericcarlson\documents\github\pickles\src\pickles.test\bin\debug\net6.0\picklesdoc.pickles.test.dll" id="58fdf393-4dc1-4654-9f01-3990fd5b5cd7">
      <Execution id="d4463287-24f3-4809-95c0-43a27e595c50" />
      <TestMethod codeBase="C:\Users\ericcarlson\Documents\GitHub\pickles\src\Pickles.Test\bin\Debug\net6.0\PicklesDoc.Pickles.Test.dll" adapterTypeName="executor://nunit3testexecutor/" className="PicklesDoc.Pickles.Test.ObjectModel.Json.TableRowToJsonTableRowMapperTests" name="Map_TableRowWithRows_ReturnsObjectWithStrings" />
    </UnitTest>
    <UnitTest name="Then_can_parse_and_ignore_with_with_tag_without_sensitivity" storage="c:\users\ericcarlson\documents\github\pickles\src\pickles.test\bin\debug\net6.0\picklesdoc.pickles.test.dll" id="2ab3b04b-4f0b-0b76-e6e9-98c397a4b936">
      <Execution id="089e3892-e28f-4d69-ad04-1dfdbac0e329" />
      <TestMethod codeBase="C:\Users\ericcarlson\Documents\GitHub\pickles\src\Pickles.Test\bin\Debug\net6.0\PicklesDoc.Pickles.Test.dll" adapterTypeName="executor://nunit3testexecutor/" className="PicklesDoc.Pickles.Test.WhenParsingFeatureFiles" name="Then_can_parse_and_ignore_with_with_tag_without_sensitivity" />
    </UnitTest>
    <UnitTest name="Map_TableRowWithResult_ReturnsObjectWithResult" storage="c:\users\ericcarlson\documents\github\pickles\src\pickles.test\bin\debug\net6.0\picklesdoc.pickles.test.dll" id="1c868ec4-ae6a-9888-5fc7-0dc13520ac66">
      <Execution id="4ef6591a-4bbd-4953-9441-72b0d4cc6aa4" />
      <TestMethod codeBase="C:\Users\ericcarlson\Documents\GitHub\pickles\src\Pickles.Test\bin\Debug\net6.0\PicklesDoc.Pickles.Test.dll" adapterTypeName="executor://nunit3testexecutor/" className="PicklesDoc.Pickles.Test.ObjectModel.Json.TableRowToJsonTableRowMapperTests" name="Map_TableRowWithResult_ReturnsObjectWithResult" />
    </UnitTest>
    <UnitTest name="MapToTable_NullDataTable_ReturnsNullTable" storage="c:\users\ericcarlson\documents\github\pickles\src\pickles.test\bin\debug\net6.0\picklesdoc.pickles.test.dll" id="ce6a2b6c-c75a-0ab1-82b9-24f5e794be59">
      <Execution id="bf4dc22c-142c-4e34-801b-3320d3240da8" />
      <TestMethod codeBase="C:\Users\ericcarlson\Documents\GitHub\pickles\src\Pickles.Test\bin\Debug\net6.0\PicklesDoc.Pickles.Test.dll" adapterTypeName="executor://nunit3testexecutor/" className="PicklesDoc.Pickles.Test.ObjectModel.MapperTestsForDataTable" name="MapToTable_NullDataTable_ReturnsNullTable" />
    </UnitTest>
    <UnitTest name="Specification_Scenario3" storage="c:\users\ericcarlson\documents\github\pickles\src\pickles.test\bin\debug\net6.0\picklesdoc.pickles.test.dll" id="07a9d1df-9555-65c3-26a0-2bcdd39868c6">
      <Execution id="a369ba75-22f3-462c-bfce-d22e881abf04" />
      <TestMethod codeBase="C:\Users\ericcarlson\Documents\GitHub\pickles\src\Pickles.Test\bin\Debug\net6.0\PicklesDoc.Pickles.Test.dll" adapterTypeName="executor://nunit3testexecutor/" className="PicklesDoc.Pickles.Test.DescriptionProcessorTests" name="Specification_Scenario3" />
    </UnitTest>
    <UnitTest name="MapToFeature_NullFeature_ReturnsNull" storage="c:\users\ericcarlson\documents\github\pickles\src\pickles.test\bin\debug\net6.0\picklesdoc.pickles.test.dll" id="4a3558be-633c-b5e1-e65c-31f677abdb6a">
      <Execution id="7f14c9e2-94e1-4157-ba3b-2f50bdcd409c" />
      <TestMethod codeBase="C:\Users\ericcarlson\Documents\GitHub\pickles\src\Pickles.Test\bin\Debug\net6.0\PicklesDoc.Pickles.Test.dll" adapterTypeName="executor://nunit3testexecutor/" className="PicklesDoc.Pickles.Test.ObjectModel.MapperTestsForFeature" name="MapToFeature_NullFeature_ReturnsNull" />
    </UnitTest>
    <UnitTest name="Map_WithName_ReturnsName" storage="c:\users\ericcarlson\documents\github\pickles\src\pickles.test\bin\debug\net6.0\picklesdoc.pickles.test.dll" id="ecfa8010-b0ed-0c28-6fc0-090d48a06e33">
      <Execution id="4de03124-5ab7-4e4d-aef3-850ea85996d9" />
      <TestMethod codeBase="C:\Users\ericcarlson\Documents\GitHub\pickles\src\Pickles.Test\bin\Debug\net6.0\PicklesDoc.Pickles.Test.dll" adapterTypeName="executor://nunit3testexecutor/" className="PicklesDoc.Pickles.Test.ObjectModel.Json.StepToJsonStepMapperTests" name="Map_WithName_ReturnsName" />
    </UnitTest>
    <UnitTest name="ItShouldIndicateWasSuccessfulIsTrueForTheOtherSuccessFeature" storage="c:\users\ericcarlson\documents\github\pickles\src\pickles.test\bin\debug\net6.0\picklesdoc.pickles.test.dll" id="f8a55f69-4bb6-f4ce-d8cb-672a9c4c9f03">
      <Execution id="4d7d424b-7b2d-494a-956b-422722cf4c6a" />
      <TestMethod codeBase="C:\Users\ericcarlson\Documents\GitHub\pickles\src\Pickles.Test\bin\Debug\net6.0\PicklesDoc.Pickles.Test.dll" adapterTypeName="executor://nunit3testexecutor/" className="PicklesDoc.Pickles.Test.Formatters.JSON.WhenCreatingAFeatureWithMetaInfoAndTestResultInMstestFormat" name="ItShouldIndicateWasSuccessfulIsTrueForTheOtherSuccessFeature" />
    </UnitTest>
    <UnitTest name="ThenCanParseFeatureWithMultipleScenariosSuccessfully" storage="c:\users\ericcarlson\documents\github\pickles\src\pickles.test\bin\debug\net6.0\picklesdoc.pickles.test.dll" id="bc057af5-36ed-77fb-c2b2-4b62175a9d61">
      <Execution id="bde20d02-628d-490b-ae94-5eb704609e22" />
      <TestMethod codeBase="C:\Users\ericcarlson\Documents\GitHub\pickles\src\Pickles.Test\bin\Debug\net6.0\PicklesDoc.Pickles.Test.dll" adapterTypeName="executor://nunit3testexecutor/" className="PicklesDoc.Pickles.Test.WhenParsingFeatureFiles" name="ThenCanParseFeatureWithMultipleScenariosSuccessfully" />
    </UnitTest>
    <UnitTest name="Parse_InvalidFeatureContent_ThrowsFeatureParseException" storage="c:\users\ericcarlson\documents\github\pickles\src\pickles.test\bin\debug\net6.0\picklesdoc.pickles.test.dll" id="a4fe69d7-576a-c1e6-1303-8a61499629eb">
      <Execution id="31561972-0e2b-496b-9460-743a3ca7a1e4" />
      <TestMethod codeBase="C:\Users\ericcarlson\Documents\GitHub\pickles\src\Pickles.Test\bin\Debug\net6.0\PicklesDoc.Pickles.Test.dll" adapterTypeName="executor://nunit3testexecutor/" className="PicklesDoc.Pickles.Test.FeatureParserTests" name="Parse_InvalidFeatureContent_ThrowsFeatureParseException" />
    </UnitTest>
    <UnitTest name="ToFileUriCombined_ValidIntput_ValidOutput" storage="c:\users\ericcarlson\documents\github\pickles\src\pickles.test\bin\debug\net6.0\picklesdoc.pickles.test.dll" id="22e52513-2df6-8c27-3e3b-511650413f71">
      <Execution id="34270f04-0464-4e75-aa61-d68cb51df0b1" />
      <TestMethod codeBase="C:\Users\ericcarlson\Documents\GitHub\pickles\src\Pickles.Test\bin\Debug\net6.0\PicklesDoc.Pickles.Test.dll" adapterTypeName="executor://nunit3testexecutor/" className="PicklesDoc.Pickles.Test.Extensions.UriExtensionsTests" name="ToFileUriCombined_ValidIntput_ValidOutput" />
    </UnitTest>
    <UnitTest name="MapToStringDocString_NullArgument_ReturnsNull" storage="c:\users\ericcarlson\documents\github\pickles\src\pickles.test\bin\debug\net6.0\picklesdoc.pickles.test.dll" id="bfdbb567-bae3-a47b-dea2-4065a10042f7">
      <Execution id="4b77c868-9cd8-4f81-8717-57ed2f011b0d" />
      <TestMethod codeBase="C:\Users\ericcarlson\Documents\GitHub\pickles\src\Pickles.Test\bin\Debug\net6.0\PicklesDoc.Pickles.Test.dll" adapterTypeName="executor://nunit3testexecutor/" className="PicklesDoc.Pickles.Test.ObjectModel.MapperTestsForDocString" name="MapToStringDocString_NullArgument_ReturnsNull" />
    </UnitTest>
    <UnitTest name="ThenCanFormatTextWithAcronymAndNumberAsWikiWordSuccessfully" storage="c:\users\ericcarlson\documents\github\pickles\src\pickles.test\bin\debug\net6.0\picklesdoc.pickles.test.dll" id="7bb5e631-9147-0063-5795-e8fe0b38a046">
      <Execution id="9fd0dc68-9ce0-4a43-bacd-1a6454aefc40" />
      <TestMethod codeBase="C:\Users\ericcarlson\Documents\GitHub\pickles\src\Pickles.Test\bin\Debug\net6.0\PicklesDoc.Pickles.Test.dll" adapterTypeName="executor://nunit3testexecutor/" className="PicklesDoc.Pickles.Test.Extensions.StringExtensionsTests" name="ThenCanFormatTextWithAcronymAndNumberAsWikiWordSuccessfully" />
    </UnitTest>
    <UnitTest name="Map_TableWithNullDataRow_ReturnsJsonTableWithEmptyDataRows" storage="c:\users\ericcarlson\documents\github\pickles\src\pickles.test\bin\debug\net6.0\picklesdoc.pickles.test.dll" id="7dfff11c-46c3-c506-4197-5a652064eb50">
      <Execution id="23e6b98c-6bfc-44e0-a0c1-5d5e9eff322c" />
      <TestMethod codeBase="C:\Users\ericcarlson\Documents\GitHub\pickles\src\Pickles.Test\bin\Debug\net6.0\PicklesDoc.Pickles.Test.dll" adapterTypeName="executor://nunit3testexecutor/" className="PicklesDoc.Pickles.Test.ObjectModel.Json.TableToJsonTableMapperTests" name="Map_TableWithNullDataRow_ReturnsJsonTableWithEmptyDataRows" />
    </UnitTest>
    <UnitTest name="MapToLocation_RegularLocation_ReturnsLocation" storage="c:\users\ericcarlson\documents\github\pickles\src\pickles.test\bin\debug\net6.0\picklesdoc.pickles.test.dll" id="e9d634e6-2f2a-133f-399f-5277298a79de">
      <Execution id="ce11abeb-fab7-41c5-b235-2c386f0905b7" />
      <TestMethod codeBase="C:\Users\ericcarlson\Documents\GitHub\pickles\src\Pickles.Test\bin\Debug\net6.0\PicklesDoc.Pickles.Test.dll" adapterTypeName="executor://nunit3testexecutor/" className="PicklesDoc.Pickles.Test.ObjectModel.MapperTestsForLocation" name="MapToLocation_RegularLocation_ReturnsLocation" />
    </UnitTest>
    <UnitTest name="Process_NullInput_ReturnsEmptyString" storage="c:\users\ericcarlson\documents\github\pickles\src\pickles.test\bin\debug\net6.0\picklesdoc.pickles.test.dll" id="e1aea241-43f3-513e-2ce9-d6146ae98a5b">
      <Execution id="b7208e9d-a2bd-4a21-9029-5537fd7242d0" />
      <TestMethod codeBase="C:\Users\ericcarlson\Documents\GitHub\pickles\src\Pickles.Test\bin\Debug\net6.0\PicklesDoc.Pickles.Test.dll" adapterTypeName="executor://nunit3testexecutor/" className="PicklesDoc.Pickles.Test.DescriptionProcessorTests" name="Process_NullInput_ReturnsEmptyString" />
    </UnitTest>
    <UnitTest name="Map_TableWithDataRows_ReturnsJsonTableWithDataRows" storage="c:\users\ericcarlson\documents\github\pickles\src\pickles.test\bin\debug\net6.0\picklesdoc.pickles.test.dll" id="2ff69b2c-15f7-7252-063e-2d4877f45ec0">
      <Execution id="2af29302-6a75-4484-8930-74cdb262bdd7" />
      <TestMethod codeBase="C:\Users\ericcarlson\Documents\GitHub\pickles\src\Pickles.Test\bin\Debug\net6.0\PicklesDoc.Pickles.Test.dll" adapterTypeName="executor://nunit3testexecutor/" className="PicklesDoc.Pickles.Test.ObjectModel.Json.TableToJsonTableMapperTests" name="Map_TableWithDataRows_ReturnsJsonTableWithDataRows" />
    </UnitTest>
    <UnitTest name="GetLanguageServicesForLanguage_WithNullLanguage_ReturnsLanguageServicesForEnglish" storage="c:\users\ericcarlson\documents\github\pickles\src\pickles.test\bin\debug\net6.0\picklesdoc.pickles.test.dll" id="2497e506-3dc8-5ae6-a611-63bce47ee455">
      <Execution id="73e43da5-7dfc-470d-a86d-19795650efb5" />
      <TestMethod codeBase="C:\Users\ericcarlson\Documents\GitHub\pickles\src\Pickles.Test\bin\Debug\net6.0\PicklesDoc.Pickles.Test.dll" adapterTypeName="executor://nunit3testexecutor/" className="PicklesDoc.Pickles.Test.LanguageServicesRegistryTests" name="GetLanguageServicesForLanguage_WithNullLanguage_ReturnsLanguageServicesForEnglish" />
    </UnitTest>
    <UnitTest name="MapToStep_StepWithoutArgument_ReturnStep" storage="c:\users\ericcarlson\documents\github\pickles\src\pickles.test\bin\debug\net6.0\picklesdoc.pickles.test.dll" id="42016bf3-754c-eff4-cfc4-18801838538f">
      <Execution id="88880dd1-9db4-4315-9b33-edbee6f5ddbe" />
      <TestMethod codeBase="C:\Users\ericcarlson\Documents\GitHub\pickles\src\Pickles.Test\bin\Debug\net6.0\PicklesDoc.Pickles.Test.dll" adapterTypeName="executor://nunit3testexecutor/" className="PicklesDoc.Pickles.Test.ObjectModel.MapperTestsForStep" name="MapToStep_StepWithoutArgument_ReturnStep" />
    </UnitTest>
    <UnitTest name="MapToKeyword_AndInSwedish_ReturnsAnd" storage="c:\users\ericcarlson\documents\github\pickles\src\pickles.test\bin\debug\net6.0\picklesdoc.pickles.test.dll" id="f1ed17de-9249-363e-707b-4aac0d4a7566">
      <Execution id="e835e2fd-678a-4b10-9079-07a9c36c48fa" />
      <TestMethod codeBase="C:\Users\ericcarlson\Documents\GitHub\pickles\src\Pickles.Test\bin\Debug\net6.0\PicklesDoc.Pickles.Test.dll" adapterTypeName="executor://nunit3testexecutor/" className="PicklesDoc.Pickles.Test.ObjectModel.MappingTestsForKeyword" name="MapToKeyword_AndInSwedish_ReturnsAnd" />
    </UnitTest>
    <UnitTest name="MapToStringTag_NullTag_ReturnsNull" storage="c:\users\ericcarlson\documents\github\pickles\src\pickles.test\bin\debug\net6.0\picklesdoc.pickles.test.dll" id="98e469bb-9f52-5e59-ff5e-c657d094c2bb">
      <Execution id="5bcd6f78-f099-481b-a797-2c8a3692f411" />
      <TestMethod codeBase="C:\Users\ericcarlson\Documents\GitHub\pickles\src\Pickles.Test\bin\Debug\net6.0\PicklesDoc.Pickles.Test.dll" adapterTypeName="executor://nunit3testexecutor/" className="PicklesDoc.Pickles.Test.ObjectModel.MapperTestsForTag" name="MapToStringTag_NullTag_ReturnsNull" />
    </UnitTest>
    <UnitTest name="GetRelativeUriTo_FileToFile_ReturnsNodesFileName" storage="c:\users\ericcarlson\documents\github\pickles\src\pickles.test\bin\debug\net6.0\picklesdoc.pickles.test.dll" id="22b55a68-c311-5ac6-5932-e95e99f46701">
      <Execution id="35eaa16a-763b-46b0-90c8-8ba80405c282" />
      <TestMethod codeBase="C:\Users\ericcarlson\Documents\GitHub\pickles\src\Pickles.Test\bin\Debug\net6.0\PicklesDoc.Pickles.Test.dll" adapterTypeName="executor://nunit3testexecutor/" className="PicklesDoc.Pickles.Test.DirectoryCrawlers.FolderDirectoryTreeNodeTests" name="GetRelativeUriTo_FileToFile_ReturnsNodesFileName" />
    </UnitTest>
    <UnitTest name="Map_FeatureWithBogusFeatureElement_ShouldThrowArgumentException" storage="c:\users\ericcarlson\documents\github\pickles\src\pickles.test\bin\debug\net6.0\picklesdoc.pickles.test.dll" id="ba5db6d3-9616-c3db-94c8-bbae1d87d95f">
      <Execution id="b6fc49f3-24fe-4731-a9d5-c8a12e80132c" />
      <TestMethod codeBase="C:\Users\ericcarlson\Documents\GitHub\pickles\src\Pickles.Test\bin\Debug\net6.0\PicklesDoc.Pickles.Test.dll" adapterTypeName="executor://nunit3testexecutor/" className="PicklesDoc.Pickles.Test.ObjectModel.Json.FeatureToJsonFeatureMapperTests" name="Map_FeatureWithBogusFeatureElement_ShouldThrowArgumentException" />
    </UnitTest>
    <UnitTest name="MapToStep_StepWithLocation_ReturnStepWithLocation" storage="c:\users\ericcarlson\documents\github\pickles\src\pickles.test\bin\debug\net6.0\picklesdoc.pickles.test.dll" id="8886bee6-e2cf-0623-d741-e916013e519a">
      <Execution id="39bb854a-7ddf-454f-b264-60d221adb3d4" />
      <TestMethod codeBase="C:\Users\ericcarlson\Documents\GitHub\pickles\src\Pickles.Test\bin\Debug\net6.0\PicklesDoc.Pickles.Test.dll" adapterTypeName="executor://nunit3testexecutor/" className="PicklesDoc.Pickles.Test.ObjectModel.MapperTestsForStep" name="MapToStep_StepWithLocation_ReturnStepWithLocation" />
    </UnitTest>
    <UnitTest name="ToFolderUriString_WithTrailingSlash_ValidOutput" storage="c:\users\ericcarlson\documents\github\pickles\src\pickles.test\bin\debug\net6.0\picklesdoc.pickles.test.dll" id="40f30388-f8c4-beae-03f2-092496540fd0">
      <Execution id="e1ed7529-93df-469d-9fc5-570019281654" />
      <TestMethod codeBase="C:\Users\ericcarlson\Documents\GitHub\pickles\src\Pickles.Test\bin\Debug\net6.0\PicklesDoc.Pickles.Test.dll" adapterTypeName="executor://nunit3testexecutor/" className="PicklesDoc.Pickles.Test.Extensions.UriExtensionsTests" name="ToFolderUriString_WithTrailingSlash_ValidOutput" />
    </UnitTest>
    <UnitTest name="Map_WithTags_ReturnsTags" storage="c:\users\ericcarlson\documents\github\pickles\src\pickles.test\bin\debug\net6.0\picklesdoc.pickles.test.dll" id="ef1fded0-9368-0b89-add4-288e25a22d19">
      <Execution id="585467d7-9f52-40e2-9292-6ce488847fd4" />
      <TestMethod codeBase="C:\Users\ericcarlson\Documents\GitHub\pickles\src\Pickles.Test\bin\Debug\net6.0\PicklesDoc.Pickles.Test.dll" adapterTypeName="executor://nunit3testexecutor/" className="PicklesDoc.Pickles.Test.ObjectModel.Json.FeatureToJsonFeatureMapperTests" name="Map_WithTags_ReturnsTags" />
    </UnitTest>
    <UnitTest name="GetEncoding_UTF32BOM_ReturnsUnicode" storage="c:\users\ericcarlson\documents\github\pickles\src\pickles.test\bin\debug\net6.0\picklesdoc.pickles.test.dll" id="3a3ca858-e141-d107-a546-9b5950e81a79">
      <Execution id="097f40c5-6fbf-444d-9ed4-a0f7557e5db0" />
      <TestMethod codeBase="C:\Users\ericcarlson\Documents\GitHub\pickles\src\Pickles.Test\bin\Debug\net6.0\PicklesDoc.Pickles.Test.dll" adapterTypeName="executor://nunit3testexecutor/" className="PicklesDoc.Pickles.Test.EncodingDetectorTests" name="GetEncoding_UTF32BOM_ReturnsUnicode" />
    </UnitTest>
    <UnitTest name="MapToComment_RegularComment_ReturnsComment" storage="c:\users\ericcarlson\documents\github\pickles\src\pickles.test\bin\debug\net6.0\picklesdoc.pickles.test.dll" id="285bb885-df8b-e1fa-0501-85b2d2ed57d2">
      <Execution id="3ed1afff-4a80-4032-857c-bc1c118c45c7" />
      <TestMethod codeBase="C:\Users\ericcarlson\Documents\GitHub\pickles\src\Pickles.Test\bin\Debug\net6.0\PicklesDoc.Pickles.Test.dll" adapterTypeName="executor://nunit3testexecutor/" className="PicklesDoc.Pickles.Test.ObjectModel.MapperTestsForComment" name="MapToComment_RegularComment_ReturnsComment" />
    </UnitTest>
    <UnitTest name="Map_WithoutBackground_ReturnsNullBackground" storage="c:\users\ericcarlson\documents\github\pickles\src\pickles.test\bin\debug\net6.0\picklesdoc.pickles.test.dll" id="d47a0e94-b401-7304-363c-d66f5512b23c">
      <Execution id="b5b4232d-1047-4118-913f-faef52aebf8f" />
      <TestMethod codeBase="C:\Users\ericcarlson\Documents\GitHub\pickles\src\Pickles.Test\bin\Debug\net6.0\PicklesDoc.Pickles.Test.dll" adapterTypeName="executor://nunit3testexecutor/" className="PicklesDoc.Pickles.Test.ObjectModel.Json.FeatureToJsonFeatureMapperTests" name="Map_WithoutBackground_ReturnsNullBackground" />
    </UnitTest>
    <UnitTest name="Iterator_NodeWithNullName_ShouldNotThrowException" storage="c:\users\ericcarlson\documents\github\pickles\src\pickles.test\bin\debug\net6.0\picklesdoc.pickles.test.dll" id="5722e0ae-ca74-4e51-7bf5-080a8bfd63bc">
      <Execution id="d5b7f4d5-a3f2-40ab-a89e-a84a8a36bae7" />
      <TestMethod codeBase="C:\Users\ericcarlson\Documents\GitHub\pickles\src\Pickles.Test\bin\Debug\net6.0\PicklesDoc.Pickles.Test.dll" adapterTypeName="executor://nunit3testexecutor/" className="PicklesDoc.Pickles.Test.DataStructures.TreeTests" name="Iterator_NodeWithNullName_ShouldNotThrowException" />
    </UnitTest>
    <UnitTest name="ThenCanResolveTheSelectedIDocumentationBuilder(Json,PicklesDoc.Pickles.DocumentationBuilders.Json.JsonDocumentationBuilder)" storage="c:\users\ericcarlson\documents\github\pickles\src\pickles.test\bin\debug\net6.0\picklesdoc.pickles.test.dll" id="e8565e90-2492-6ea1-7c7e-a2f7e9a1f360">
      <Execution id="9d1135c7-ce05-49bb-aef7-cb4a44b2d49c" />
      <TestMethod codeBase="C:\Users\ericcarlson\Documents\GitHub\pickles\src\Pickles.Test\bin\Debug\net6.0\PicklesDoc.Pickles.Test.dll" adapterTypeName="executor://nunit3testexecutor/" className="PicklesDoc.Pickles.Test.WhenResolvingADocumentationBuilder" name="ThenCanResolveTheSelectedIDocumentationBuilder(Json,PicklesDoc.Pickles.DocumentationBuilders.Json.JsonDocumentationBuilder)" />
    </UnitTest>
    <UnitTest name="ItShouldIndicateWasSuccessfulIsFalseForAnotherFailingScenario" storage="c:\users\ericcarlson\documents\github\pickles\src\pickles.test\bin\debug\net6.0\picklesdoc.pickles.test.dll" id="4320c348-afea-ab45-3dd4-efc1eb3772fe">
      <Execution id="9e65193c-dc0c-413d-95a8-8f724dd05d0e" />
      <TestMethod codeBase="C:\Users\ericcarlson\Documents\GitHub\pickles\src\Pickles.Test\bin\Debug\net6.0\PicklesDoc.Pickles.Test.dll" adapterTypeName="executor://nunit3testexecutor/" className="PicklesDoc.Pickles.Test.Formatters.JSON.WhenCreatingAFeatureWithMetaInfoAndTestResultInMstestFormat" name="ItShouldIndicateWasSuccessfulIsFalseForAnotherFailingScenario" />
    </UnitTest>
    <UnitTest name="ThenSavesCssFilesToCorrectLocation" storage="c:\users\ericcarlson\documents\github\pickles\src\pickles.test\bin\debug\net6.0\picklesdoc.pickles.test.dll" id="b566615a-6a0e-ff7f-fdc9-66bffe7a7647">
      <Execution id="daa98f5f-c322-4f33-8e54-1c344b73b697" />
      <TestMethod codeBase="C:\Users\ericcarlson\Documents\GitHub\pickles\src\Pickles.Test\bin\Debug\net6.0\PicklesDoc.Pickles.Test.dll" adapterTypeName="executor://nunit3testexecutor/" className="PicklesDoc.Pickles.Test.WhenWorkingWithHtmlResources" name="ThenSavesCssFilesToCorrectLocation" />
    </UnitTest>
    <UnitTest name="Map_WithoutAfterLastStepComments_ReturnsEmptyList" storage="c:\users\ericcarlson\documents\github\pickles\src\pickles.test\bin\debug\net6.0\picklesdoc.pickles.test.dll" id="5a022529-d884-a7d6-8c9f-86c67564ce23">
      <Execution id="a8b73e38-341e-4689-9f30-b806919c8e4b" />
      <TestMethod codeBase="C:\Users\ericcarlson\Documents\GitHub\pickles\src\Pickles.Test\bin\Debug\net6.0\PicklesDoc.Pickles.Test.dll" adapterTypeName="executor://nunit3testexecutor/" className="PicklesDoc.Pickles.Test.ObjectModel.Json.StepToJsonStepMapperTests" name="Map_WithoutAfterLastStepComments_ReturnsEmptyList" />
    </UnitTest>
    <UnitTest name="Map_NoExamples_ReturnsEmptyListOfExamples" storage="c:\users\ericcarlson\documents\github\pickles\src\pickles.test\bin\debug\net6.0\picklesdoc.pickles.test.dll" id="8de2a033-b676-2f53-2f59-0733a195f808">
      <Execution id="746c68e1-1406-4bde-83ba-fedcf5eb7911" />
      <TestMethod codeBase="C:\Users\ericcarlson\Documents\GitHub\pickles\src\Pickles.Test\bin\Debug\net6.0\PicklesDoc.Pickles.Test.dll" adapterTypeName="executor://nunit3testexecutor/" className="PicklesDoc.Pickles.Test.ObjectModel.Json.ScenarioToJsonScenarioMapperTests" name="Map_NoExamples_ReturnsEmptyListOfExamples" />
    </UnitTest>
    <UnitTest name="Then_can_parse_and_ignore_feature_with_tag_in_configuration_ignore_tag" storage="c:\users\ericcarlson\documents\github\pickles\src\pickles.test\bin\debug\net6.0\picklesdoc.pickles.test.dll" id="1ae221e2-cbc4-5083-5871-886c8bde94bb">
      <Execution id="0510e1c0-9ace-46ec-b68b-2b56a2283c8b" />
      <TestMethod codeBase="C:\Users\ericcarlson\Documents\GitHub\pickles\src\Pickles.Test\bin\Debug\net6.0\PicklesDoc.Pickles.Test.dll" adapterTypeName="executor://nunit3testexecutor/" className="PicklesDoc.Pickles.Test.WhenParsingFeatureFiles" name="Then_can_parse_and_ignore_feature_with_tag_in_configuration_ignore_tag" />
    </UnitTest>
    <UnitTest name="GetEncoding_UTF16LEBOM_ReturnsUnicode" storage="c:\users\ericcarlson\documents\github\pickles\src\pickles.test\bin\debug\net6.0\picklesdoc.pickles.test.dll" id="81b5dd08-2dc8-a3e0-2f51-9318fd82024c">
      <Execution id="187041a6-5344-436f-994d-64d23abca0bb" />
      <TestMethod codeBase="C:\Users\ericcarlson\Documents\GitHub\pickles\src\Pickles.Test\bin\Debug\net6.0\PicklesDoc.Pickles.Test.dll" adapterTypeName="executor://nunit3testexecutor/" className="PicklesDoc.Pickles.Test.EncodingDetectorTests" name="GetEncoding_UTF16LEBOM_ReturnsUnicode" />
    </UnitTest>
    <UnitTest name="Map_WithDescription_ReturnsSlug" storage="c:\users\ericcarlson\documents\github\pickles\src\pickles.test\bin\debug\net6.0\picklesdoc.pickles.test.dll" id="89911fa4-1c14-ab49-c42c-931bebac33c7">
      <Execution id="51fdcfbb-7d0b-4040-9a78-0d5d16cf0a96" />
      <TestMethod codeBase="C:\Users\ericcarlson\Documents\GitHub\pickles\src\Pickles.Test\bin\Debug\net6.0\PicklesDoc.Pickles.Test.dll" adapterTypeName="executor://nunit3testexecutor/" className="PicklesDoc.Pickles.Test.ObjectModel.Json.ScenarioToJsonScenarioMapperTests" name="Map_WithDescription_ReturnsSlug" />
    </UnitTest>
    <UnitTest name="Map_AnExample_ReturnsAJsonExample" storage="c:\users\ericcarlson\documents\github\pickles\src\pickles.test\bin\debug\net6.0\picklesdoc.pickles.test.dll" id="684a3b2a-9d14-8186-77c4-3617426330bc">
      <Execution id="971b2651-11ad-4fa7-949e-9babda3c17b5" />
      <TestMethod codeBase="C:\Users\ericcarlson\Documents\GitHub\pickles\src\Pickles.Test\bin\Debug\net6.0\PicklesDoc.Pickles.Test.dll" adapterTypeName="executor://nunit3testexecutor/" className="PicklesDoc.Pickles.Test.ObjectModel.Json.ExampleToJsonExampleMapperTests" name="Map_AnExample_ReturnsAJsonExample" />
    </UnitTest>
    <UnitTest name="Map_ExampleTableWithDataRows_ReturnsJsonTableWithDataRows" storage="c:\users\ericcarlson\documents\github\pickles\src\pickles.test\bin\debug\net6.0\picklesdoc.pickles.test.dll" id="3019d3c2-0c54-5274-c78e-81740248b858">
      <Execution id="061c5e4d-eae0-483a-adee-478bf0e51381" />
      <TestMethod codeBase="C:\Users\ericcarlson\Documents\GitHub\pickles\src\Pickles.Test\bin\Debug\net6.0\PicklesDoc.Pickles.Test.dll" adapterTypeName="executor://nunit3testexecutor/" className="PicklesDoc.Pickles.Test.ObjectModel.Json.TableToJsonTableMapperTests" name="Map_ExampleTableWithDataRows_ReturnsJsonTableWithDataRows" />
    </UnitTest>
    <UnitTest name="ThenCanFormatTextWithLongNumbersAsWikiWordSuccessfully" storage="c:\users\ericcarlson\documents\github\pickles\src\pickles.test\bin\debug\net6.0\picklesdoc.pickles.test.dll" id="aef537d8-2872-7fbb-f05d-3fcdf7a673b8">
      <Execution id="8e2a5045-fbb6-45b3-9591-f5a74c9e9c48" />
      <TestMethod codeBase="C:\Users\ericcarlson\Documents\GitHub\pickles\src\Pickles.Test\bin\Debug\net6.0\PicklesDoc.Pickles.Test.dll" adapterTypeName="executor://nunit3testexecutor/" className="PicklesDoc.Pickles.Test.Extensions.StringExtensionsTests" name="ThenCanFormatTextWithLongNumbersAsWikiWordSuccessfully" />
    </UnitTest>
    <UnitTest name="Map_Passed_ReturnsExecutedTrueSuccessfulTrue" storage="c:\users\ericcarlson\documents\github\pickles\src\pickles.test\bin\debug\net6.0\picklesdoc.pickles.test.dll" id="8a496478-cb58-07dc-ff9e-8b8291b01ce1">
      <Execution id="b7aa12fb-e2fe-42b1-bd49-e1dc2765211d" />
      <TestMethod codeBase="C:\Users\ericcarlson\Documents\GitHub\pickles\src\Pickles.Test\bin\Debug\net6.0\PicklesDoc.Pickles.Test.dll" adapterTypeName="executor://nunit3testexecutor/" className="PicklesDoc.Pickles.Test.ObjectModel.Json.TestResultToJsonTestResultMapperTests" name="Map_Passed_ReturnsExecutedTrueSuccessfulTrue" />
    </UnitTest>
    <UnitTest name="Map_WithResult_ReturnsJsonTestResult" storage="c:\users\ericcarlson\documents\github\pickles\src\pickles.test\bin\debug\net6.0\picklesdoc.pickles.test.dll" id="bc86b314-5fe6-6bdd-9f3a-a18c69ce6d0f">
      <Execution id="40d8ade8-e300-4deb-9a2c-9b27cf5f23fd" />
      <TestMethod codeBase="C:\Users\ericcarlson\Documents\GitHub\pickles\src\Pickles.Test\bin\Debug\net6.0\PicklesDoc.Pickles.Test.dll" adapterTypeName="executor://nunit3testexecutor/" className="PicklesDoc.Pickles.Test.ObjectModel.Json.FeatureToJsonFeatureMapperTests" name="Map_WithResult_ReturnsJsonTestResult" />
    </UnitTest>
    <UnitTest name="MapToKeyword_GivenInSwedish_ReturnsGiven" storage="c:\users\ericcarlson\documents\github\pickles\src\pickles.test\bin\debug\net6.0\picklesdoc.pickles.test.dll" id="53961c9e-5b44-6e8d-e692-db730794cc8f">
      <Execution id="fab2e021-4f68-4253-959d-62e1d6a48582" />
      <TestMethod codeBase="C:\Users\ericcarlson\Documents\GitHub\pickles\src\Pickles.Test\bin\Debug\net6.0\PicklesDoc.Pickles.Test.dll" adapterTypeName="executor://nunit3testexecutor/" className="PicklesDoc.Pickles.Test.ObjectModel.MappingTestsForKeyword" name="MapToKeyword_GivenInSwedish_ReturnsGiven" />
    </UnitTest>
    <UnitTest name="Map_WithNativeKeyword_ReturnsNativeKeyword" storage="c:\users\ericcarlson\documents\github\pickles\src\pickles.test\bin\debug\net6.0\picklesdoc.pickles.test.dll" id="2e5eb7c4-d75d-9cf6-4222-f8f1c9ac626a">
      <Execution id="ca093c76-8602-4f60-afa7-a25acd86dcb0" />
      <TestMethod codeBase="C:\Users\ericcarlson\Documents\GitHub\pickles\src\Pickles.Test\bin\Debug\net6.0\PicklesDoc.Pickles.Test.dll" adapterTypeName="executor://nunit3testexecutor/" className="PicklesDoc.Pickles.Test.ObjectModel.Json.StepToJsonStepMapperTests" name="Map_WithNativeKeyword_ReturnsNativeKeyword" />
    </UnitTest>
    <UnitTest name="GetRelativeUriTo_DirectoryToFileBelow_ReturnsCurrentDirectory" storage="c:\users\ericcarlson\documents\github\pickles\src\pickles.test\bin\debug\net6.0\picklesdoc.pickles.test.dll" id="023432c7-067d-a2df-fa8e-8d2b0c485356">
      <Execution id="e4bfc6a2-4a18-41dc-9306-4fac92e10993" />
      <TestMethod codeBase="C:\Users\ericcarlson\Documents\GitHub\pickles\src\Pickles.Test\bin\Debug\net6.0\PicklesDoc.Pickles.Test.dll" adapterTypeName="executor://nunit3testexecutor/" className="PicklesDoc.Pickles.Test.DirectoryCrawlers.FolderDirectoryTreeNodeTests" name="GetRelativeUriTo_DirectoryToFileBelow_ReturnsCurrentDirectory" />
    </UnitTest>
    <UnitTest name="MapToExample_RegularWithTagsExamples_ReturnsCorrectExample" storage="c:\users\ericcarlson\documents\github\pickles\src\pickles.test\bin\debug\net6.0\picklesdoc.pickles.test.dll" id="c45bafd9-44fe-eb94-223b-fb60dcc673d3">
      <Execution id="1de47842-20ba-4ecb-9ecd-5f8ae3a939f4" />
      <TestMethod codeBase="C:\Users\ericcarlson\Documents\GitHub\pickles\src\Pickles.Test\bin\Debug\net6.0\PicklesDoc.Pickles.Test.dll" adapterTypeName="executor://nunit3testexecutor/" className="PicklesDoc.Pickles.Test.ObjectModel.MapperTestsForExample" name="MapToExample_RegularWithTagsExamples_ReturnsCorrectExample" />
    </UnitTest>
    <UnitTest name="IsRelevant_ValidFileWithMixedCaseExtension_ReturnsTrue" storage="c:\users\ericcarlson\documents\github\pickles\src\pickles.test\bin\debug\net6.0\picklesdoc.pickles.test.dll" id="b5808cb5-1ccc-f6ad-2d48-84256ff70878">
      <Execution id="f6a09f50-96c2-4daa-994d-feb7b6c7ed81" />
      <TestMethod codeBase="C:\Users\ericcarlson\Documents\GitHub\pickles\src\Pickles.Test\bin\Debug\net6.0\PicklesDoc.Pickles.Test.dll" adapterTypeName="executor://nunit3testexecutor/" className="PicklesDoc.Pickles.Test.DirectoryCrawlers.ImageFileDetectorTests" name="IsRelevant_ValidFileWithMixedCaseExtension_ReturnsTrue" />
    </UnitTest>
    <UnitTest name="Map_Null_ReturnsNull" storage="c:\users\ericcarlson\documents\github\pickles\src\pickles.test\bin\debug\net6.0\picklesdoc.pickles.test.dll" id="7537e683-3e74-548a-5552-941c0a3f0e36">
      <Execution id="88075f66-3f11-42cc-b28c-eda6b9747aed" />
      <TestMethod codeBase="C:\Users\ericcarlson\Documents\GitHub\pickles\src\Pickles.Test\bin\Debug\net6.0\PicklesDoc.Pickles.Test.dll" adapterTypeName="executor://nunit3testexecutor/" className="PicklesDoc.Pickles.Test.ObjectModel.Json.ScenarioToJsonScenarioMapperTests" name="Map_Null_ReturnsNull" />
    </UnitTest>
    <UnitTest name="MapToFeature_FeatureWithNullDescription_ReturnsFeatureWithEmptyDescription" storage="c:\users\ericcarlson\documents\github\pickles\src\pickles.test\bin\debug\net6.0\picklesdoc.pickles.test.dll" id="ad2deadc-28a2-719e-7150-17ba175aa913">
      <Execution id="a82d4882-0059-4aa9-afaf-ecabef308fb3" />
      <TestMethod codeBase="C:\Users\ericcarlson\Documents\GitHub\pickles\src\Pickles.Test\bin\Debug\net6.0\PicklesDoc.Pickles.Test.dll" adapterTypeName="executor://nunit3testexecutor/" className="PicklesDoc.Pickles.Test.ObjectModel.MapperTestsForFeature" name="MapToFeature_FeatureWithNullDescription_ReturnsFeatureWithEmptyDescription" />
    </UnitTest>
    <UnitTest name="Constructor_ValidRelativePath" storage="c:\users\ericcarlson\documents\github\pickles\src\pickles.test\bin\debug\net6.0\picklesdoc.pickles.test.dll" id="33ddece8-ef6e-de86-ff9f-62192d743904">
      <Execution id="56da6d6a-2e5b-4cad-8f9e-65309279f91e" />
      <TestMethod codeBase="C:\Users\ericcarlson\Documents\GitHub\pickles\src\Pickles.Test\bin\Debug\net6.0\PicklesDoc.Pickles.Test.dll" adapterTypeName="executor://nunit3testexecutor/" className="PicklesDoc.Pickles.Test.DirectoryCrawlers.FolderDirectoryTreeNodeTests" name="Constructor_ValidRelativePath" />
    </UnitTest>
    <UnitTest name="Map_TableRow_ReturnsObject" storage="c:\users\ericcarlson\documents\github\pickles\src\pickles.test\bin\debug\net6.0\picklesdoc.pickles.test.dll" id="11ec8f68-45a3-af3f-4a85-f9e875a034b9">
      <Execution id="bcde366c-a19a-4f2a-af0f-7487e73def49" />
      <TestMethod codeBase="C:\Users\ericcarlson\Documents\GitHub\pickles\src\Pickles.Test\bin\Debug\net6.0\PicklesDoc.Pickles.Test.dll" adapterTypeName="executor://nunit3testexecutor/" className="PicklesDoc.Pickles.Test.ObjectModel.Json.TableRowToJsonTableRowMapperTests" name="Map_TableRow_ReturnsObject" />
    </UnitTest>
    <UnitTest name="Map_WithName_ReturnsSlug" storage="c:\users\ericcarlson\documents\github\pickles\src\pickles.test\bin\debug\net6.0\picklesdoc.pickles.test.dll" id="f2a4d10f-7a23-0d3b-b616-b37bcd3d7f3d">
      <Execution id="ac7d2d0a-a0a3-4a2e-af37-ac83ff611f5a" />
      <TestMethod codeBase="C:\Users\ericcarlson\Documents\GitHub\pickles\src\Pickles.Test\bin\Debug\net6.0\PicklesDoc.Pickles.Test.dll" adapterTypeName="executor://nunit3testexecutor/" className="PicklesDoc.Pickles.Test.ObjectModel.Json.ScenarioToJsonScenarioMapperTests" name="Map_WithName_ReturnsSlug" />
    </UnitTest>
    <UnitTest name="MapToFeature_FeatureWithoutLanguage_ReturnsFeatureWithEnglish" storage="c:\users\ericcarlson\documents\github\pickles\src\pickles.test\bin\debug\net6.0\picklesdoc.pickles.test.dll" id="d92eaaf4-b839-67e3-ea8a-60df87c4cfbd">
      <Execution id="9874ace2-2530-4379-9ec0-c24f7f11bd64" />
      <TestMethod codeBase="C:\Users\ericcarlson\Documents\GitHub\pickles\src\Pickles.Test\bin\Debug\net6.0\PicklesDoc.Pickles.Test.dll" adapterTypeName="executor://nunit3testexecutor/" className="PicklesDoc.Pickles.Test.ObjectModel.MapperTestsForFeature" name="MapToFeature_FeatureWithoutLanguage_ReturnsFeatureWithEnglish" />
    </UnitTest>
    <UnitTest name="Constructor_NullArgument_ShouldThrowArgumentNullException" storage="c:\users\ericcarlson\documents\github\pickles\src\pickles.test\bin\debug\net6.0\picklesdoc.pickles.test.dll" id="1bf0b620-508f-e5dc-9a04-0b8d440ef88c">
      <Execution id="57ad08f6-2056-411a-91e0-c3ea347e3f5d" />
      <TestMethod codeBase="C:\Users\ericcarlson\Documents\GitHub\pickles\src\Pickles.Test\bin\Debug\net6.0\PicklesDoc.Pickles.Test.dll" adapterTypeName="executor://nunit3testexecutor/" className="PicklesDoc.Pickles.Test.DataStructures.TreeTests" name="Constructor_NullArgument_ShouldThrowArgumentNullException" />
    </UnitTest>
    <UnitTest name="WhenIndicatingTheLanguageAndCultureInTheFeature_ThenCanParseTheFeature" storage="c:\users\ericcarlson\documents\github\pickles\src\pickles.test\bin\debug\net6.0\picklesdoc.pickles.test.dll" id="66492ce0-50fe-4131-fc04-f0f70d82b725">
      <Execution id="fc67347e-4951-4b22-80ad-916e7a298131" />
      <TestMethod codeBase="C:\Users\ericcarlson\Documents\GitHub\pickles\src\Pickles.Test\bin\Debug\net6.0\PicklesDoc.Pickles.Test.dll" adapterTypeName="executor://nunit3testexecutor/" className="PicklesDoc.Pickles.Test.WhenParsingLocalizedFeatureFiles" name="WhenIndicatingTheLanguageAndCultureInTheFeature_ThenCanParseTheFeature" />
    </UnitTest>
    <UnitTest name="Map_TableWithHeaderRow_ReturnsJsonTableWithoutHeaderRow" storage="c:\users\ericcarlson\documents\github\pickles\src\pickles.test\bin\debug\net6.0\picklesdoc.pickles.test.dll" id="eae8d6d5-3d1b-9a28-35cb-83916a819bec">
      <Execution id="9a698689-1f10-4208-87e2-b46b8b3e1393" />
      <TestMethod codeBase="C:\Users\ericcarlson\Documents\GitHub\pickles\src\Pickles.Test\bin\Debug\net6.0\PicklesDoc.Pickles.Test.dll" adapterTypeName="executor://nunit3testexecutor/" className="PicklesDoc.Pickles.Test.ObjectModel.Json.TableToJsonTableMapperTests" name="Map_TableWithHeaderRow_ReturnsJsonTableWithoutHeaderRow" />
    </UnitTest>
    <UnitTest name="Process_TwoLines_ReturnsText" storage="c:\users\ericcarlson\documents\github\pickles\src\pickles.test\bin\debug\net6.0\picklesdoc.pickles.test.dll" id="9f54fc7b-943f-a736-270e-322b76b12240">
      <Execution id="16845716-337f-4a13-9327-9dcc519774d3" />
      <TestMethod codeBase="C:\Users\ericcarlson\Documents\GitHub\pickles\src\Pickles.Test\bin\Debug\net6.0\PicklesDoc.Pickles.Test.dll" adapterTypeName="executor://nunit3testexecutor/" className="PicklesDoc.Pickles.Test.DescriptionProcessorTests" name="Process_TwoLines_ReturnsText" />
    </UnitTest>
    <UnitTest name="Map_WithBackground_ReturnsBackground" storage="c:\users\ericcarlson\documents\github\pickles\src\pickles.test\bin\debug\net6.0\picklesdoc.pickles.test.dll" id="5b735e33-8631-fc28-0819-93b4df2659c4">
      <Execution id="56c19dac-f406-44c8-9548-343035dac8ee" />
      <TestMethod codeBase="C:\Users\ericcarlson\Documents\GitHub\pickles\src\Pickles.Test\bin\Debug\net6.0\PicklesDoc.Pickles.Test.dll" adapterTypeName="executor://nunit3testexecutor/" className="PicklesDoc.Pickles.Test.ObjectModel.Json.FeatureToJsonFeatureMapperTests" name="Map_WithBackground_ReturnsBackground" />
    </UnitTest>
    <UnitTest name="Map_Then_ReturnsThen" storage="c:\users\ericcarlson\documents\github\pickles\src\pickles.test\bin\debug\net6.0\picklesdoc.pickles.test.dll" id="5d7eb242-2da2-1aff-54be-febe9c23c1d1">
      <Execution id="99935bd6-48b4-4b5f-9d69-44b7b3f3ca5d" />
      <TestMethod codeBase="C:\Users\ericcarlson\Documents\GitHub\pickles\src\Pickles.Test\bin\Debug\net6.0\PicklesDoc.Pickles.Test.dll" adapterTypeName="executor://nunit3testexecutor/" className="PicklesDoc.Pickles.Test.ObjectModel.Json.KeywordToJsonKeywordMapperTests" name="Map_Then_ReturnsThen" />
    </UnitTest>
    <UnitTest name="Map_FeatureWithElements_ReturnsListofElements" storage="c:\users\ericcarlson\documents\github\pickles\src\pickles.test\bin\debug\net6.0\picklesdoc.pickles.test.dll" id="8c668144-2935-03c4-cb76-374695bb843a">
      <Execution id="810bec09-274f-4af3-92ac-cbb173f7493c" />
      <TestMethod codeBase="C:\Users\ericcarlson\Documents\GitHub\pickles\src\Pickles.Test\bin\Debug\net6.0\PicklesDoc.Pickles.Test.dll" adapterTypeName="executor://nunit3testexecutor/" className="PicklesDoc.Pickles.Test.ObjectModel.Json.FeatureToJsonFeatureMapperTests" name="Map_FeatureWithElements_ReturnsListofElements" />
    </UnitTest>
    <UnitTest name="LineThatStartsWithEscapedHash_Header2_ShouldRemoveEscapeSign" storage="c:\users\ericcarlson\documents\github\pickles\src\pickles.test\bin\debug\net6.0\picklesdoc.pickles.test.dll" id="a76a52d2-e464-7beb-7062-8f2eeda29156">
      <Execution id="9ef3ac86-d404-4594-a167-0a8cab7e0166" />
      <TestMethod codeBase="C:\Users\ericcarlson\Documents\GitHub\pickles\src\Pickles.Test\bin\Debug\net6.0\PicklesDoc.Pickles.Test.dll" adapterTypeName="executor://nunit3testexecutor/" className="PicklesDoc.Pickles.Test.DescriptionProcessorTests" name="LineThatStartsWithEscapedHash_Header2_ShouldRemoveEscapeSign" />
    </UnitTest>
    <UnitTest name="WhenIndicatingTheLanguageInTheFeature_ThenCanParseMostBasicFeatureSuccessfully" storage="c:\users\ericcarlson\documents\github\pickles\src\pickles.test\bin\debug\net6.0\picklesdoc.pickles.test.dll" id="333786c1-b534-29dd-7545-8381a9bd91d8">
      <Execution id="08220ec8-f4c4-464e-8aa2-68a144d9ac95" />
      <TestMethod codeBase="C:\Users\ericcarlson\Documents\GitHub\pickles\src\Pickles.Test\bin\Debug\net6.0\PicklesDoc.Pickles.Test.dll" adapterTypeName="executor://nunit3testexecutor/" className="PicklesDoc.Pickles.Test.WhenParsingLocalizedFeatureFiles" name="WhenIndicatingTheLanguageInTheFeature_ThenCanParseMostBasicFeatureSuccessfully" />
    </UnitTest>
    <UnitTest name="MapToScenario_NullScenario_ReturnsNull" storage="c:\users\ericcarlson\documents\github\pickles\src\pickles.test\bin\debug\net6.0\picklesdoc.pickles.test.dll" id="d1607d13-bf37-a017-7c4d-310c80ac28d2">
      <Execution id="6c1526fc-2c8a-4592-a2ec-967ded80dbfd" />
      <TestMethod codeBase="C:\Users\ericcarlson\Documents\GitHub\pickles\src\Pickles.Test\bin\Debug\net6.0\PicklesDoc.Pickles.Test.dll" adapterTypeName="executor://nunit3testexecutor/" className="PicklesDoc.Pickles.Test.ObjectModel.MapperTestsForScenario" name="MapToScenario_NullScenario_ReturnsNull" />
    </UnitTest>
    <UnitTest name="MapToKeyword_ButInSwedish_ReturnsBut" storage="c:\users\ericcarlson\documents\github\pickles\src\pickles.test\bin\debug\net6.0\picklesdoc.pickles.test.dll" id="237aa86c-2a79-f857-6b0b-b15024d55da5">
      <Execution id="54909905-ea30-4dc2-bfeb-3e765e7b5d3a" />
      <TestMethod codeBase="C:\Users\ericcarlson\Documents\GitHub\pickles\src\Pickles.Test\bin\Debug\net6.0\PicklesDoc.Pickles.Test.dll" adapterTypeName="executor://nunit3testexecutor/" className="PicklesDoc.Pickles.Test.ObjectModel.MappingTestsForKeyword" name="MapToKeyword_ButInSwedish_ReturnsBut" />
    </UnitTest>
    <UnitTest name="MapToStep_NullStep_ReturnsNull" storage="c:\users\ericcarlson\documents\github\pickles\src\pickles.test\bin\debug\net6.0\picklesdoc.pickles.test.dll" id="94b6fca8-7a3d-f453-0070-6471ff92bbfc">
      <Execution id="3269e4e7-fa94-4c74-8981-4cec607bbb51" />
      <TestMethod codeBase="C:\Users\ericcarlson\Documents\GitHub\pickles\src\Pickles.Test\bin\Debug\net6.0\PicklesDoc.Pickles.Test.dll" adapterTypeName="executor://nunit3testexecutor/" className="PicklesDoc.Pickles.Test.ObjectModel.MapperTestsForStep" name="MapToStep_NullStep_ReturnsNull" />
    </UnitTest>
    <UnitTest name="MapToTable_DataTableWithThreeRows_ReturnsTableWithHeaderRowAndTwoRows" storage="c:\users\ericcarlson\documents\github\pickles\src\pickles.test\bin\debug\net6.0\picklesdoc.pickles.test.dll" id="91b05bdf-ff91-2509-c0c6-ca5d28e711ee">
      <Execution id="20b7d847-bac5-4827-a5f2-6ccaf14ea854" />
      <TestMethod codeBase="C:\Users\ericcarlson\Documents\GitHub\pickles\src\Pickles.Test\bin\Debug\net6.0\PicklesDoc.Pickles.Test.dll" adapterTypeName="executor://nunit3testexecutor/" className="PicklesDoc.Pickles.Test.ObjectModel.MapperTestsForDataTable" name="MapToTable_DataTableWithThreeRows_ReturnsTableWithHeaderRowAndTwoRows" />
    </UnitTest>
    <UnitTest name="Get_A_Relative_Path_When_Location_Is_Deeper_Than_Root" storage="c:\users\ericcarlson\documents\github\pickles\src\pickles.test\bin\debug\net6.0\picklesdoc.pickles.test.dll" id="e3729802-a92d-c297-8894-5684f6910af3">
      <Execution id="fc0fb032-6625-4c4a-bbbd-40324b490617" />
      <TestMethod codeBase="C:\Users\ericcarlson\Documents\GitHub\pickles\src\Pickles.Test\bin\Debug\net6.0\PicklesDoc.Pickles.Test.dll" adapterTypeName="executor://nunit3testexecutor/" className="PicklesDoc.Pickles.Test.Extensions.PathExtensionsTests" name="Get_A_Relative_Path_When_Location_Is_Deeper_Than_Root" />
    </UnitTest>
    <UnitTest name="Map_WithName_ReturnsName" storage="c:\users\ericcarlson\documents\github\pickles\src\pickles.test\bin\debug\net6.0\picklesdoc.pickles.test.dll" id="71ab70a9-ef4b-ca2c-f5d6-1ba5618c1d97">
      <Execution id="938b37b9-50bc-4977-ab20-24734fd81024" />
      <TestMethod codeBase="C:\Users\ericcarlson\Documents\GitHub\pickles\src\Pickles.Test\bin\Debug\net6.0\PicklesDoc.Pickles.Test.dll" adapterTypeName="executor://nunit3testexecutor/" className="PicklesDoc.Pickles.Test.ObjectModel.Json.ScenarioToJsonScenarioMapperTests" name="Map_WithName_ReturnsName" />
    </UnitTest>
    <UnitTest name="IsRelevant_ValidFile_ReturnsTrue(&quot;image.png&quot;)" storage="c:\users\ericcarlson\documents\github\pickles\src\pickles.test\bin\debug\net6.0\picklesdoc.pickles.test.dll" id="f42df295-0a09-b35f-0a4f-b6a4d09ce712">
      <Execution id="3ac61d50-2e66-4b50-b71e-fb6ced80b55d" />
      <TestMethod codeBase="C:\Users\ericcarlson\Documents\GitHub\pickles\src\Pickles.Test\bin\Debug\net6.0\PicklesDoc.Pickles.Test.dll" adapterTypeName="executor://nunit3testexecutor/" className="PicklesDoc.Pickles.Test.DirectoryCrawlers.ImageFileDetectorTests" name="IsRelevant_ValidFile_ReturnsTrue(&quot;image.png&quot;)" />
    </UnitTest>
    <UnitTest name="Map_NullFeature_ReturnsNullJsonFeature" storage="c:\users\ericcarlson\documents\github\pickles\src\pickles.test\bin\debug\net6.0\picklesdoc.pickles.test.dll" id="8ec388e9-fc91-4d25-bf6f-f8f08af7b2f5">
      <Execution id="0b799ba2-d235-4055-836c-f95aecbc8016" />
      <TestMethod codeBase="C:\Users\ericcarlson\Documents\GitHub\pickles\src\Pickles.Test\bin\Debug\net6.0\PicklesDoc.Pickles.Test.dll" adapterTypeName="executor://nunit3testexecutor/" className="PicklesDoc.Pickles.Test.ObjectModel.Json.FeatureToJsonFeatureMapperTests" name="Map_NullFeature_ReturnsNullJsonFeature" />
    </UnitTest>
    <UnitTest name="MapToStep_StepWithDocStringArgument_ReturnStepWithDocString" storage="c:\users\ericcarlson\documents\github\pickles\src\pickles.test\bin\debug\net6.0\picklesdoc.pickles.test.dll" id="0deeb8ae-3a20-2371-5a6c-b2ecc1099272">
      <Execution id="a73df9f8-bc13-42e1-999c-b246dc718f54" />
      <TestMethod codeBase="C:\Users\ericcarlson\Documents\GitHub\pickles\src\Pickles.Test\bin\Debug\net6.0\PicklesDoc.Pickles.Test.dll" adapterTypeName="executor://nunit3testexecutor/" className="PicklesDoc.Pickles.Test.ObjectModel.MapperTestsForStep" name="MapToStep_StepWithDocStringArgument_ReturnStepWithDocString" />
    </UnitTest>
    <UnitTest name="Map_WithResult_ReturnsResult" storage="c:\users\ericcarlson\documents\github\pickles\src\pickles.test\bin\debug\net6.0\picklesdoc.pickles.test.dll" id="a03e2c23-c864-b123-24c0-3ec5ce0b2cf3">
      <Execution id="6726da55-6979-4cb0-97cb-169580f7e3d9" />
      <TestMethod codeBase="C:\Users\ericcarlson\Documents\GitHub\pickles\src\Pickles.Test\bin\Debug\net6.0\PicklesDoc.Pickles.Test.dll" adapterTypeName="executor://nunit3testexecutor/" className="PicklesDoc.Pickles.Test.ObjectModel.Json.ScenarioToJsonScenarioMapperTests" name="Map_WithResult_ReturnsResult" />
    </UnitTest>
    <UnitTest name="Map_TableWithHeaderRow_ReturnsJsonTableWithHeaderRow" storage="c:\users\ericcarlson\documents\github\pickles\src\pickles.test\bin\debug\net6.0\picklesdoc.pickles.test.dll" id="f23064d7-8737-65a1-12a3-24572822c2d1">
      <Execution id="aa4f3289-cdc1-45cd-9c95-e3ef093efbc5" />
      <TestMethod codeBase="C:\Users\ericcarlson\Documents\GitHub\pickles\src\Pickles.Test\bin\Debug\net6.0\PicklesDoc.Pickles.Test.dll" adapterTypeName="executor://nunit3testexecutor/" className="PicklesDoc.Pickles.Test.ObjectModel.Json.TableToJsonTableMapperTests" name="Map_TableWithHeaderRow_ReturnsJsonTableWithHeaderRow" />
    </UnitTest>
    <UnitTest name="Then_can_parse_scenario_with_comments_successfully" storage="c:\users\ericcarlson\documents\github\pickles\src\pickles.test\bin\debug\net6.0\picklesdoc.pickles.test.dll" id="5b3c5d54-7a5e-d899-2d9c-c16dbf4931ca">
      <Execution id="272d0d80-6485-4bcd-9a1a-738dcd003db3" />
      <TestMethod codeBase="C:\Users\ericcarlson\Documents\GitHub\pickles\src\Pickles.Test\bin\Debug\net6.0\PicklesDoc.Pickles.Test.dll" adapterTypeName="executor://nunit3testexecutor/" className="PicklesDoc.Pickles.Test.WhenParsingFeatureFiles" name="Then_can_parse_scenario_with_comments_successfully" />
    </UnitTest>
    <UnitTest name="Map_NotProvided_ReturnsExecutedFalseSuccessfulFalseProvidedFalse" storage="c:\users\ericcarlson\documents\github\pickles\src\pickles.test\bin\debug\net6.0\picklesdoc.pickles.test.dll" id="3c3842c3-f734-534b-fecc-cf8c356ba236">
      <Execution id="3ff28dd5-a35d-4a08-a8b1-e9437c923578" />
      <TestMethod codeBase="C:\Users\ericcarlson\Documents\GitHub\pickles\src\Pickles.Test\bin\Debug\net6.0\PicklesDoc.Pickles.Test.dll" adapterTypeName="executor://nunit3testexecutor/" className="PicklesDoc.Pickles.Test.ObjectModel.Json.TestResultToJsonTestResultMapperTests" name="Map_NotProvided_ReturnsExecutedFalseSuccessfulFalseProvidedFalse" />
    </UnitTest>
    <UnitTest name="Then_can_parse_and_ignore_scenario_with_tag_in_configuration_ignore_tag" storage="c:\users\ericcarlson\documents\github\pickles\src\pickles.test\bin\debug\net6.0\picklesdoc.pickles.test.dll" id="2c6cc121-0dd5-d647-685b-59af2aa3177a">
      <Execution id="0f8fe110-d0a6-4b81-80d1-79c4f7ac4df3" />
      <TestMethod codeBase="C:\Users\ericcarlson\Documents\GitHub\pickles\src\Pickles.Test\bin\Debug\net6.0\PicklesDoc.Pickles.Test.dll" adapterTypeName="executor://nunit3testexecutor/" className="PicklesDoc.Pickles.Test.WhenParsingFeatureFiles" name="Then_can_parse_and_ignore_scenario_with_tag_in_configuration_ignore_tag" />
    </UnitTest>
    <UnitTest name="IsRelevant_ValidFile_ReturnsTrue(&quot;image.gif&quot;)" storage="c:\users\ericcarlson\documents\github\pickles\src\pickles.test\bin\debug\net6.0\picklesdoc.pickles.test.dll" id="f5d77dae-7864-4aa7-6ea9-efd787914fdc">
      <Execution id="81b8f468-be42-408b-9401-11d213fdb9ec" />
      <TestMethod codeBase="C:\Users\ericcarlson\Documents\GitHub\pickles\src\Pickles.Test\bin\Debug\net6.0\PicklesDoc.Pickles.Test.dll" adapterTypeName="executor://nunit3testexecutor/" className="PicklesDoc.Pickles.Test.DirectoryCrawlers.ImageFileDetectorTests" name="IsRelevant_ValidFile_ReturnsTrue(&quot;image.gif&quot;)" />
    </UnitTest>
    <UnitTest name="Map_Given_ReturnsGiven" storage="c:\users\ericcarlson\documents\github\pickles\src\pickles.test\bin\debug\net6.0\picklesdoc.pickles.test.dll" id="2f10ab10-fdd8-2469-243c-352eb06f9e9c">
      <Execution id="ffe7dd46-5c41-47b4-97ae-166f023b54fd" />
      <TestMethod codeBase="C:\Users\ericcarlson\Documents\GitHub\pickles\src\Pickles.Test\bin\Debug\net6.0\PicklesDoc.Pickles.Test.dll" adapterTypeName="executor://nunit3testexecutor/" className="PicklesDoc.Pickles.Test.ObjectModel.Json.KeywordToJsonKeywordMapperTests" name="Map_Given_ReturnsGiven" />
    </UnitTest>
    <UnitTest name="MapToScenario_RegularScenario_ReturnsScenario" storage="c:\users\ericcarlson\documents\github\pickles\src\pickles.test\bin\debug\net6.0\picklesdoc.pickles.test.dll" id="4a414230-905d-7f8d-87d3-8884d0269163">
      <Execution id="069913d3-68b7-4563-95fb-34f635c7c081" />
      <TestMethod codeBase="C:\Users\ericcarlson\Documents\GitHub\pickles\src\Pickles.Test\bin\Debug\net6.0\PicklesDoc.Pickles.Test.dll" adapterTypeName="executor://nunit3testexecutor/" className="PicklesDoc.Pickles.Test.ObjectModel.MapperTestsForScenarioOutline" name="MapToScenario_RegularScenario_ReturnsScenario" />
    </UnitTest>
    <UnitTest name="MapToScenario_RegularScenario_ReturnsScenario" storage="c:\users\ericcarlson\documents\github\pickles\src\pickles.test\bin\debug\net6.0\picklesdoc.pickles.test.dll" id="e8e9bd96-bced-3cd1-ed8b-8f1f5cb07968">
      <Execution id="c41ffa19-3b76-49e9-8d67-11f02ce7fc87" />
      <TestMethod codeBase="C:\Users\ericcarlson\Documents\GitHub\pickles\src\Pickles.Test\bin\Debug\net6.0\PicklesDoc.Pickles.Test.dll" adapterTypeName="executor://nunit3testexecutor/" className="PicklesDoc.Pickles.Test.ObjectModel.MapperTestsForScenario" name="MapToScenario_RegularScenario_ReturnsScenario" />
    </UnitTest>
    <UnitTest name="LineThatStartsWithEscapedHash_Header5_ShouldRemoveEscapeSign" storage="c:\users\ericcarlson\documents\github\pickles\src\pickles.test\bin\debug\net6.0\picklesdoc.pickles.test.dll" id="8e6eb9e8-caeb-6fdc-4c95-879f9b06c4bd">
      <Execution id="71eab293-49a0-44ef-a2e8-af949facd01b" />
      <TestMethod codeBase="C:\Users\ericcarlson\Documents\GitHub\pickles\src\Pickles.Test\bin\Debug\net6.0\PicklesDoc.Pickles.Test.dll" adapterTypeName="executor://nunit3testexecutor/" className="PicklesDoc.Pickles.Test.DescriptionProcessorTests" name="LineThatStartsWithEscapedHash_Header5_ShouldRemoveEscapeSign" />
    </UnitTest>
    <UnitTest name="MoveNamespace" storage="c:\users\ericcarlson\documents\github\pickles\src\pickles.test\bin\debug\net6.0\picklesdoc.pickles.test.dll" id="a19c62ca-31cc-64e1-f5dd-6b73618efdbd">
      <Execution id="ace21d0a-cb84-45dc-b131-f9a180ee1586" />
      <TestMethod codeBase="C:\Users\ericcarlson\Documents\GitHub\pickles\src\Pickles.Test\bin\Debug\net6.0\PicklesDoc.Pickles.Test.dll" adapterTypeName="executor://nunit3testexecutor/" className="PicklesDoc.Pickles.Test.NamespaceExtensionsTests" name="MoveNamespace" />
    </UnitTest>
    <UnitTest name="MapToFeature_FeatureWithScenarioDefinitions_ReturnsFeatureWithFeatureElements" storage="c:\users\ericcarlson\documents\github\pickles\src\pickles.test\bin\debug\net6.0\picklesdoc.pickles.test.dll" id="e1f51bb1-2532-93e9-0f45-421d8bb3ec2a">
      <Execution id="03e3d660-d31a-46e6-a2da-eeae20203f57" />
      <TestMethod codeBase="C:\Users\ericcarlson\Documents\GitHub\pickles\src\Pickles.Test\bin\Debug\net6.0\PicklesDoc.Pickles.Test.dll" adapterTypeName="executor://nunit3testexecutor/" className="PicklesDoc.Pickles.Test.ObjectModel.MapperTestsForFeature" name="MapToFeature_FeatureWithScenarioDefinitions_ReturnsFeatureWithFeatureElements" />
    </UnitTest>
    <UnitTest name="Map_WithTable_ReturnsTableAndNullDocString" storage="c:\users\ericcarlson\documents\github\pickles\src\pickles.test\bin\debug\net6.0\picklesdoc.pickles.test.dll" id="d7b9ae62-4462-ee76-b6c5-ced79f1a5234">
      <Execution id="2e8e0f54-75ab-475f-8e37-f0a5ba2fab64" />
      <TestMethod codeBase="C:\Users\ericcarlson\Documents\GitHub\pickles\src\Pickles.Test\bin\Debug\net6.0\PicklesDoc.Pickles.Test.dll" adapterTypeName="executor://nunit3testexecutor/" className="PicklesDoc.Pickles.Test.ObjectModel.Json.StepToJsonStepMapperTests" name="Map_WithTable_ReturnsTableAndNullDocString" />
    </UnitTest>
    <UnitTest name="Map_FeatureWithDescription_ReturnsDescription" storage="c:\users\ericcarlson\documents\github\pickles\src\pickles.test\bin\debug\net6.0\picklesdoc.pickles.test.dll" id="e1d5832b-53c8-bd83-2d7b-38a6c413e9e9">
      <Execution id="613c6371-5d81-4e75-b9c7-cb695dae5321" />
      <TestMethod codeBase="C:\Users\ericcarlson\Documents\GitHub\pickles\src\Pickles.Test\bin\Debug\net6.0\PicklesDoc.Pickles.Test.dll" adapterTypeName="executor://nunit3testexecutor/" className="PicklesDoc.Pickles.Test.ObjectModel.Json.FeatureToJsonFeatureMapperTests" name="Map_FeatureWithDescription_ReturnsDescription" />
    </UnitTest>
    <UnitTest name="ToUriDirectoryInfo_WithTrailingSlash_ProducesUriWithTrailingSlash" storage="c:\users\ericcarlson\documents\github\pickles\src\pickles.test\bin\debug\net6.0\picklesdoc.pickles.test.dll" id="a606fd29-5ae7-b480-ad67-6c591600d344">
      <Execution id="6de35658-3b34-4005-aeb2-34f86d5cf4ed" />
      <TestMethod codeBase="C:\Users\ericcarlson\Documents\GitHub\pickles\src\Pickles.Test\bin\Debug\net6.0\PicklesDoc.Pickles.Test.dll" adapterTypeName="executor://nunit3testexecutor/" className="PicklesDoc.Pickles.Test.Extensions.UriExtensionsTests" name="ToUriDirectoryInfo_WithTrailingSlash_ProducesUriWithTrailingSlash" />
    </UnitTest>
    <UnitTest name="Map_NotNull_ReturnsJsonCommentWithSameText" storage="c:\users\ericcarlson\documents\github\pickles\src\pickles.test\bin\debug\net6.0\picklesdoc.pickles.test.dll" id="f7e0777a-1331-1f40-67bd-d8c8374f16be">
      <Execution id="02c04700-a12b-4a13-b4fe-4c9476cac3e1" />
      <TestMethod codeBase="C:\Users\ericcarlson\Documents\GitHub\pickles\src\Pickles.Test\bin\Debug\net6.0\PicklesDoc.Pickles.Test.dll" adapterTypeName="executor://nunit3testexecutor/" className="PicklesDoc.Pickles.Test.ObjectModel.Json.CommentToJsonCommentMapperTests" name="Map_NotNull_ReturnsJsonCommentWithSameText" />
    </UnitTest>
    <UnitTest name="ThenCanDetectFeatureFilesSuccessfully" storage="c:\users\ericcarlson\documents\github\pickles\src\pickles.test\bin\debug\net6.0\picklesdoc.pickles.test.dll" id="14c91b84-b688-7c5e-d960-73e0d6089384">
      <Execution id="16ac9c6b-7606-467e-9e1f-bd9187c37c78" />
      <TestMethod codeBase="C:\Users\ericcarlson\Documents\GitHub\pickles\src\Pickles.Test\bin\Debug\net6.0\PicklesDoc.Pickles.Test.dll" adapterTypeName="executor://nunit3testexecutor/" className="PicklesDoc.Pickles.Test.WhenDeterminingRelevantFilesToConsider" name="ThenCanDetectFeatureFilesSuccessfully" />
    </UnitTest>
    <UnitTest name="ToUriFileSystemInfo_DirectoryWithTrailingSlash_ProducesUriWithTrailingSlash" storage="c:\users\ericcarlson\documents\github\pickles\src\pickles.test\bin\debug\net6.0\picklesdoc.pickles.test.dll" id="91a1d4f4-07ed-e043-9cbe-b43f79013c8f">
      <Execution id="f45f9a95-7b3c-4cfe-a9d2-a573e1da37eb" />
      <TestMethod codeBase="C:\Users\ericcarlson\Documents\GitHub\pickles\src\Pickles.Test\bin\Debug\net6.0\PicklesDoc.Pickles.Test.dll" adapterTypeName="executor://nunit3testexecutor/" className="PicklesDoc.Pickles.Test.Extensions.UriExtensionsTests" name="ToUriFileSystemInfo_DirectoryWithTrailingSlash_ProducesUriWithTrailingSlash" />
    </UnitTest>
    <UnitTest name="ThenCanDetectAllImagesSuccessfully" storage="c:\users\ericcarlson\documents\github\pickles\src\pickles.test\bin\debug\net6.0\picklesdoc.pickles.test.dll" id="83e26a96-56bc-6d91-1739-e2e0f0465b03">
      <Execution id="2228d401-f834-4af6-a4ee-231e96eca5ac" />
      <TestMethod codeBase="C:\Users\ericcarlson\Documents\GitHub\pickles\src\Pickles.Test\bin\Debug\net6.0\PicklesDoc.Pickles.Test.dll" adapterTypeName="executor://nunit3testexecutor/" className="PicklesDoc.Pickles.Test.WhenWorkingWithHtmlResources" name="ThenCanDetectAllImagesSuccessfully" />
    </UnitTest>
    <UnitTest name="Map_AnExampleWithDescription_ReturnsAJsonExampleWithName" storage="c:\users\ericcarlson\documents\github\pickles\src\pickles.test\bin\debug\net6.0\picklesdoc.pickles.test.dll" id="15bff550-0c48-3ffe-9284-11b3c21248de">
      <Execution id="896b7c9c-070f-43fc-b836-32d81791e3dc" />
      <TestMethod codeBase="C:\Users\ericcarlson\Documents\GitHub\pickles\src\Pickles.Test\bin\Debug\net6.0\PicklesDoc.Pickles.Test.dll" adapterTypeName="executor://nunit3testexecutor/" className="PicklesDoc.Pickles.Test.ObjectModel.Json.ExampleToJsonExampleMapperTests" name="Map_AnExampleWithDescription_ReturnsAJsonExampleWithName" />
    </UnitTest>
    <UnitTest name="Create_BogusLocationType_AddsEntryToReport" storage="c:\users\ericcarlson\documents\github\pickles\src\pickles.test\bin\debug\net6.0\picklesdoc.pickles.test.dll" id="ef50a5c4-5ecf-67d2-2133-62db98825073">
      <Execution id="99c1a103-ee0f-44af-9903-4235fd76bddf" />
      <TestMethod codeBase="C:\Users\ericcarlson\Documents\GitHub\pickles\src\Pickles.Test\bin\Debug\net6.0\PicklesDoc.Pickles.Test.dll" adapterTypeName="executor://nunit3testexecutor/" className="PicklesDoc.Pickles.Test.FeatureNodeFactoryTests" name="Create_BogusLocationType_AddsEntryToReport" />
    </UnitTest>
    <UnitTest name="LineThatStartsWithEscapedHash_Header6_ShouldRemoveEscapeSign" storage="c:\users\ericcarlson\documents\github\pickles\src\pickles.test\bin\debug\net6.0\picklesdoc.pickles.test.dll" id="74539da9-e8d8-3db8-fc39-faa5f1db68f1">
      <Execution id="91b6de1f-27c5-43ca-be34-f432552fccc6" />
      <TestMethod codeBase="C:\Users\ericcarlson\Documents\GitHub\pickles\src\Pickles.Test\bin\Debug\net6.0\PicklesDoc.Pickles.Test.dll" adapterTypeName="executor://nunit3testexecutor/" className="PicklesDoc.Pickles.Test.DescriptionProcessorTests" name="LineThatStartsWithEscapedHash_Header6_ShouldRemoveEscapeSign" />
    </UnitTest>
    <UnitTest name="ThenCanResolveTheSelectedIDocumentationBuilder(Word,PicklesDoc.Pickles.DocumentationBuilders.Word.WordDocumentationBuilder)" storage="c:\users\ericcarlson\documents\github\pickles\src\pickles.test\bin\debug\net6.0\picklesdoc.pickles.test.dll" id="9cd5c73f-8266-3b6a-c78a-2aac24b20653">
      <Execution id="40a18b04-69d6-440d-8b89-b674758ff6a8" />
      <TestMethod codeBase="C:\Users\ericcarlson\Documents\GitHub\pickles\src\Pickles.Test\bin\Debug\net6.0\PicklesDoc.Pickles.Test.dll" adapterTypeName="executor://nunit3testexecutor/" className="PicklesDoc.Pickles.Test.WhenResolvingADocumentationBuilder" name="ThenCanResolveTheSelectedIDocumentationBuilder(Word,PicklesDoc.Pickles.DocumentationBuilders.Word.WordDocumentationBuilder)" />
    </UnitTest>
    <UnitTest name="Map_AnExampleWithName_ReturnsAJsonExampleWithName" storage="c:\users\ericcarlson\documents\github\pickles\src\pickles.test\bin\debug\net6.0\picklesdoc.pickles.test.dll" id="47d60e4c-7728-7fa1-ef17-3a29405824ca">
      <Execution id="e9bd0789-99e3-4a66-88dd-4db5c338626d" />
      <TestMethod codeBase="C:\Users\ericcarlson\Documents\GitHub\pickles\src\Pickles.Test\bin\Debug\net6.0\PicklesDoc.Pickles.Test.dll" adapterTypeName="executor://nunit3testexecutor/" className="PicklesDoc.Pickles.Test.ObjectModel.Json.ExampleToJsonExampleMapperTests" name="Map_AnExampleWithName_ReturnsAJsonExampleWithName" />
    </UnitTest>
    <UnitTest name="MapToScenario_Always_MapsFeatureProperty" storage="c:\users\ericcarlson\documents\github\pickles\src\pickles.test\bin\debug\net6.0\picklesdoc.pickles.test.dll" id="df26f463-6d21-97d6-0a42-9137aec5ea4c">
      <Execution id="58830e86-bff9-4194-9260-b49498f4b9a7" />
      <TestMethod codeBase="C:\Users\ericcarlson\Documents\GitHub\pickles\src\Pickles.Test\bin\Debug\net6.0\PicklesDoc.Pickles.Test.dll" adapterTypeName="executor://nunit3testexecutor/" className="PicklesDoc.Pickles.Test.ObjectModel.MapperTestsForScenario" name="MapToScenario_Always_MapsFeatureProperty" />
    </UnitTest>
    <UnitTest name="WhenExperimentalIsEnabled_ResolveStrikeMarkdownProvider" storage="c:\users\ericcarlson\documents\github\pickles\src\pickles.test\bin\debug\net6.0\picklesdoc.pickles.test.dll" id="2d57c021-10f4-7573-e131-41b5e641b7f1">
      <Execution id="124aeade-f885-49b0-8458-1ec7b228771a" />
      <TestMethod codeBase="C:\Users\ericcarlson\Documents\GitHub\pickles\src\Pickles.Test\bin\Debug\net6.0\PicklesDoc.Pickles.Test.dll" adapterTypeName="executor://nunit3testexecutor/" className="PicklesDoc.Pickles.Test.WhenResolvingAMarkdownProvider" name="WhenExperimentalIsEnabled_ResolveStrikeMarkdownProvider" />
    </UnitTest>
    <UnitTest name="ThenCanResolveTheSelectedIDocumentationBuilderAsSingleton(Cucumber,PicklesDoc.Pickles.DocumentationBuilders.Cucumber.CucumberDocumentationBuilder)" storage="c:\users\ericcarlson\documents\github\pickles\src\pickles.test\bin\debug\net6.0\picklesdoc.pickles.test.dll" id="15c6ac4d-16dc-6060-b25a-37948ceea996">
      <Execution id="8f024b59-0ffd-40e3-8fbd-c997afb28eef" />
      <TestMethod codeBase="C:\Users\ericcarlson\Documents\GitHub\pickles\src\Pickles.Test\bin\Debug\net6.0\PicklesDoc.Pickles.Test.dll" adapterTypeName="executor://nunit3testexecutor/" className="PicklesDoc.Pickles.Test.WhenResolvingADocumentationBuilder" name="ThenCanResolveTheSelectedIDocumentationBuilderAsSingleton(Cucumber,PicklesDoc.Pickles.DocumentationBuilders.Cucumber.CucumberDocumentationBuilder)" />
    </UnitTest>
    <UnitTest name="MapToStringDocString_ArgumentWithStringValue_ReturnsThatString" storage="c:\users\ericcarlson\documents\github\pickles\src\pickles.test\bin\debug\net6.0\picklesdoc.pickles.test.dll" id="8a192c30-8319-60ca-9b79-083c98f4c139">
      <Execution id="19cd03e7-8c20-4539-ae54-1831974ef587" />
      <TestMethod codeBase="C:\Users\ericcarlson\Documents\GitHub\pickles\src\Pickles.Test\bin\Debug\net6.0\PicklesDoc.Pickles.Test.dll" adapterTypeName="executor://nunit3testexecutor/" className="PicklesDoc.Pickles.Test.ObjectModel.MapperTestsForDocString" name="MapToStringDocString_ArgumentWithStringValue_ReturnsThatString" />
    </UnitTest>
    <UnitTest name="ThenCanParseMostBasicFeatureSuccessfully" storage="c:\users\ericcarlson\documents\github\pickles\src\pickles.test\bin\debug\net6.0\picklesdoc.pickles.test.dll" id="1ef557f7-18cb-a8c3-1cc5-a8b4f5dc1b33">
      <Execution id="429a2a46-5724-4a25-bc67-5a769bc00122" />
      <TestMethod codeBase="C:\Users\ericcarlson\Documents\GitHub\pickles\src\Pickles.Test\bin\Debug\net6.0\PicklesDoc.Pickles.Test.dll" adapterTypeName="executor://nunit3testexecutor/" className="PicklesDoc.Pickles.Test.WhenParsingFeatureFiles" name="ThenCanParseMostBasicFeatureSuccessfully" />
    </UnitTest>
    <UnitTest name="ThenCanResolveTheSelectedIDocumentationBuilderAsSingleton(Html,PicklesDoc.Pickles.DocumentationBuilders.Html.HtmlDocumentationBuilder)" storage="c:\users\ericcarlson\documents\github\pickles\src\pickles.test\bin\debug\net6.0\picklesdoc.pickles.test.dll" id="b407155a-e5fd-8677-d804-23913edba29d">
      <Execution id="e90e882a-0981-4081-8b96-8f81d0eb1dbe" />
      <TestMethod codeBase="C:\Users\ericcarlson\Documents\GitHub\pickles\src\Pickles.Test\bin\Debug\net6.0\PicklesDoc.Pickles.Test.dll" adapterTypeName="executor://nunit3testexecutor/" className="PicklesDoc.Pickles.Test.WhenResolvingADocumentationBuilder" name="ThenCanResolveTheSelectedIDocumentationBuilderAsSingleton(Html,PicklesDoc.Pickles.DocumentationBuilders.Html.HtmlDocumentationBuilder)" />
    </UnitTest>
    <UnitTest name="Map_NoTags_ReturnsEmptyListOfTags" storage="c:\users\ericcarlson\documents\github\pickles\src\pickles.test\bin\debug\net6.0\picklesdoc.pickles.test.dll" id="245405dd-491a-55b3-14cd-299fc71fa07d">
      <Execution id="956a8636-bbdd-4593-89e7-0f7afd059a41" />
      <TestMethod codeBase="C:\Users\ericcarlson\Documents\GitHub\pickles\src\Pickles.Test\bin\Debug\net6.0\PicklesDoc.Pickles.Test.dll" adapterTypeName="executor://nunit3testexecutor/" className="PicklesDoc.Pickles.Test.ObjectModel.Json.ScenarioToJsonScenarioMapperTests" name="Map_NoTags_ReturnsEmptyListOfTags" />
    </UnitTest>
    <UnitTest name="MapToKeyword_ThenInSwedish_ReturnsThen" storage="c:\users\ericcarlson\documents\github\pickles\src\pickles.test\bin\debug\net6.0\picklesdoc.pickles.test.dll" id="e31e485a-1cf3-d830-234b-7b05e837d621">
      <Execution id="5092cc2b-d72d-4af5-b14a-6b230a53e5bc" />
      <TestMethod codeBase="C:\Users\ericcarlson\Documents\GitHub\pickles\src\Pickles.Test\bin\Debug\net6.0\PicklesDoc.Pickles.Test.dll" adapterTypeName="executor://nunit3testexecutor/" className="PicklesDoc.Pickles.Test.ObjectModel.MappingTestsForKeyword" name="MapToKeyword_ThenInSwedish_ReturnsThen" />
    </UnitTest>
    <UnitTest name="Map_FeatureWithName_ReturnsName" storage="c:\users\ericcarlson\documents\github\pickles\src\pickles.test\bin\debug\net6.0\picklesdoc.pickles.test.dll" id="b4df1736-c2bd-dc63-b866-5fc06d2618cb">
      <Execution id="91323e86-96d3-4aa7-ae7f-b9ddeb985f1c" />
      <TestMethod codeBase="C:\Users\ericcarlson\Documents\GitHub\pickles\src\Pickles.Test\bin\Debug\net6.0\PicklesDoc.Pickles.Test.dll" adapterTypeName="executor://nunit3testexecutor/" className="PicklesDoc.Pickles.Test.ObjectModel.Json.FeatureToJsonFeatureMapperTests" name="Map_FeatureWithName_ReturnsName" />
    </UnitTest>
    <UnitTest name="Map_WithDescription_ReturnsDescription" storage="c:\users\ericcarlson\documents\github\pickles\src\pickles.test\bin\debug\net6.0\picklesdoc.pickles.test.dll" id="e757d0a0-d7ae-d816-fce8-24ebc2d1e194">
      <Execution id="e134d002-a942-4d3b-8a3e-a6788f2f1a04" />
      <TestMethod codeBase="C:\Users\ericcarlson\Documents\GitHub\pickles\src\Pickles.Test\bin\Debug\net6.0\PicklesDoc.Pickles.Test.dll" adapterTypeName="executor://nunit3testexecutor/" className="PicklesDoc.Pickles.Test.ObjectModel.Json.ScenarioToJsonScenarioMapperTests" name="Map_WithDescription_ReturnsDescription" />
    </UnitTest>
    <UnitTest name="LineThatStartsWithEscapedHash_Header1_ShouldRemoveEscapeSign" storage="c:\users\ericcarlson\documents\github\pickles\src\pickles.test\bin\debug\net6.0\picklesdoc.pickles.test.dll" id="8b9757c9-77c1-3693-65ab-02394e92b990">
      <Execution id="0a468126-2f2b-4457-b32f-67bf88cdcc95" />
      <TestMethod codeBase="C:\Users\ericcarlson\Documents\GitHub\pickles\src\Pickles.Test\bin\Debug\net6.0\PicklesDoc.Pickles.Test.dll" adapterTypeName="executor://nunit3testexecutor/" className="PicklesDoc.Pickles.Test.DescriptionProcessorTests" name="LineThatStartsWithEscapedHash_Header1_ShouldRemoveEscapeSign" />
    </UnitTest>
    <UnitTest name="Map_SomeScenario_ReturnsSomeJsonScenario" storage="c:\users\ericcarlson\documents\github\pickles\src\pickles.test\bin\debug\net6.0\picklesdoc.pickles.test.dll" id="e0322fac-aec1-23bb-b284-575e2e1315bf">
      <Execution id="46a8917c-c4b4-4244-88ba-cf603d67ac2b" />
      <TestMethod codeBase="C:\Users\ericcarlson\Documents\GitHub\pickles\src\Pickles.Test\bin\Debug\net6.0\PicklesDoc.Pickles.Test.dll" adapterTypeName="executor://nunit3testexecutor/" className="PicklesDoc.Pickles.Test.ObjectModel.Json.ScenarioToJsonScenarioMapperTests" name="Map_SomeScenario_ReturnsSomeJsonScenario" />
    </UnitTest>
    <UnitTest name="Li_Element_Must_Not_Have_Id_Attribute" storage="c:\users\ericcarlson\documents\github\pickles\src\pickles.test\bin\debug\net6.0\picklesdoc.pickles.test.dll" id="a8850aa8-94db-71f8-8aa2-89556cda37d6">
      <Execution id="2647251f-8c51-4c24-a17c-7455a27a5e10" />
      <TestMethod codeBase="C:\Users\ericcarlson\Documents\GitHub\pickles\src\Pickles.Test\bin\Debug\net6.0\PicklesDoc.Pickles.Test.dll" adapterTypeName="executor://nunit3testexecutor/" className="PicklesDoc.Pickles.Test.Formatters.HtmlScenarioFormatterTests" name="Li_Element_Must_Not_Have_Id_Attribute" />
    </UnitTest>
    <UnitTest name="Map_WithoutStepComments_ReturnsEmptyList" storage="c:\users\ericcarlson\documents\github\pickles\src\pickles.test\bin\debug\net6.0\picklesdoc.pickles.test.dll" id="29a3c11d-efc3-2b7f-7226-91220f6ed839">
      <Execution id="d7690629-e017-463e-918d-551e065e376d" />
      <TestMethod codeBase="C:\Users\ericcarlson\Documents\GitHub\pickles\src\Pickles.Test\bin\Debug\net6.0\PicklesDoc.Pickles.Test.dll" adapterTypeName="executor://nunit3testexecutor/" className="PicklesDoc.Pickles.Test.ObjectModel.Json.StepToJsonStepMapperTests" name="Map_WithoutStepComments_ReturnsEmptyList" />
    </UnitTest>
    <UnitTest name="Map_Example_ReturnsExample" storage="c:\users\ericcarlson\documents\github\pickles\src\pickles.test\bin\debug\net6.0\picklesdoc.pickles.test.dll" id="3dd0b31c-7ae7-d396-3cb3-ba9a89f3a4d4">
      <Execution id="b997ef67-4f54-4843-8b77-7340ff9bb7cd" />
      <TestMethod codeBase="C:\Users\ericcarlson\Documents\GitHub\pickles\src\Pickles.Test\bin\Debug\net6.0\PicklesDoc.Pickles.Test.dll" adapterTypeName="executor://nunit3testexecutor/" className="PicklesDoc.Pickles.Test.ObjectModel.Json.ScenarioToJsonScenarioMapperTests" name="Map_Example_ReturnsExample" />
    </UnitTest>
    <UnitTest name="WhenExperimentalIsDisabled_ResolveMarkdownProvider" storage="c:\users\ericcarlson\documents\github\pickles\src\pickles.test\bin\debug\net6.0\picklesdoc.pickles.test.dll" id="2ded35d7-32fa-b312-206c-4530f3316064">
      <Execution id="0a18ec3f-6e00-416f-ba43-3a46615a1f71" />
      <TestMethod codeBase="C:\Users\ericcarlson\Documents\GitHub\pickles\src\Pickles.Test\bin\Debug\net6.0\PicklesDoc.Pickles.Test.dll" adapterTypeName="executor://nunit3testexecutor/" className="PicklesDoc.Pickles.Test.WhenResolvingAMarkdownProvider" name="WhenExperimentalIsDisabled_ResolveMarkdownProvider" />
    </UnitTest>
    <UnitTest name="MapToScenario_NullScenario_ReturnsNull" storage="c:\users\ericcarlson\documents\github\pickles\src\pickles.test\bin\debug\net6.0\picklesdoc.pickles.test.dll" id="b4c3f351-61ef-8930-7ade-7ecfade50bdf">
      <Execution id="b475c899-2e8f-4ea6-b6b7-bdeb6db4cef9" />
      <TestMethod codeBase="C:\Users\ericcarlson\Documents\GitHub\pickles\src\Pickles.Test\bin\Debug\net6.0\PicklesDoc.Pickles.Test.dll" adapterTypeName="executor://nunit3testexecutor/" className="PicklesDoc.Pickles.Test.ObjectModel.MapperTestsForScenarioOutline" name="MapToScenario_NullScenario_ReturnsNull" />
    </UnitTest>
    <UnitTest name="Create_MarkdownParsingError_AddsEntryToReport" storage="c:\users\ericcarlson\documents\github\pickles\src\pickles.test\bin\debug\net6.0\picklesdoc.pickles.test.dll" id="efc98ff6-24a4-3785-7d11-0177db098370">
      <Execution id="d6093a6f-ee4c-4aa3-8cbd-2891c46fcfd6" />
      <TestMethod codeBase="C:\Users\ericcarlson\Documents\GitHub\pickles\src\Pickles.Test\bin\Debug\net6.0\PicklesDoc.Pickles.Test.dll" adapterTypeName="executor://nunit3testexecutor/" className="PicklesDoc.Pickles.Test.FeatureNodeFactoryTests" name="Create_MarkdownParsingError_AddsEntryToReport" />
    </UnitTest>
    <UnitTest name="Format_ContentIsFeatureNode_UsesHtmlFeatureFormatterWithCorrectArgument" storage="c:\users\ericcarlson\documents\github\pickles\src\pickles.test\bin\debug\net6.0\picklesdoc.pickles.test.dll" id="469a685d-4e1b-0133-054e-35e10cec9810">
      <Execution id="c19572e6-c100-403e-b7ad-6c85a797c2b5" />
      <TestMethod codeBase="C:\Users\ericcarlson\Documents\GitHub\pickles\src\Pickles.Test\bin\Debug\net6.0\PicklesDoc.Pickles.Test.dll" adapterTypeName="executor://nunit3testexecutor/" className="PicklesDoc.Pickles.Test.Formatters.HtmlContentFormatterTests" name="Format_ContentIsFeatureNode_UsesHtmlFeatureFormatterWithCorrectArgument" />
    </UnitTest>
    <UnitTest name="MapToFeature_FeatureWithDutchLanguage_ReturnsFeatureWithDutch" storage="c:\users\ericcarlson\documents\github\pickles\src\pickles.test\bin\debug\net6.0\picklesdoc.pickles.test.dll" id="099963f8-8e00-3f84-3a38-4573687c4438">
      <Execution id="4f8598d7-eb17-4701-a45d-a7977da19b6c" />
      <TestMethod codeBase="C:\Users\ericcarlson\Documents\GitHub\pickles\src\Pickles.Test\bin\Debug\net6.0\PicklesDoc.Pickles.Test.dll" adapterTypeName="executor://nunit3testexecutor/" className="PicklesDoc.Pickles.Test.ObjectModel.MapperTestsForFeature" name="MapToFeature_FeatureWithDutchLanguage_ReturnsFeatureWithDutch" />
    </UnitTest>
    <UnitTest name="Get_A_Relative_Path_When_Location_Is_Deeper_Than_Root_Even_When_Root_Contains_End_Slash" storage="c:\users\ericcarlson\documents\github\pickles\src\pickles.test\bin\debug\net6.0\picklesdoc.pickles.test.dll" id="46b0f1f2-e2c0-2ed3-c0f5-cf8dfe1ffe79">
      <Execution id="44bff55f-60a7-42d2-9d99-0020143cd8b2" />
      <TestMethod codeBase="C:\Users\ericcarlson\Documents\GitHub\pickles\src\Pickles.Test\bin\Debug\net6.0\PicklesDoc.Pickles.Test.dll" adapterTypeName="executor://nunit3testexecutor/" className="PicklesDoc.Pickles.Test.Extensions.PathExtensionsTests" name="Get_A_Relative_Path_When_Location_Is_Deeper_Than_Root_Even_When_Root_Contains_End_Slash" />
    </UnitTest>
    <UnitTest name="Merge_PassedInconclusiveAndFailedResults_ShouldReturnFailed" storage="c:\users\ericcarlson\documents\github\pickles\src\pickles.test\bin\debug\net6.0\picklesdoc.pickles.test.dll" id="9f075bd6-5d09-682b-185d-903bddefcd8e">
      <Execution id="f3a25574-f666-4df4-9409-b3e7ab8c7e0e" />
      <TestMethod codeBase="C:\Users\ericcarlson\Documents\GitHub\pickles\src\Pickles.Test\bin\Debug\net6.0\PicklesDoc.Pickles.Test.dll" adapterTypeName="executor://nunit3testexecutor/" className="PicklesDoc.Pickles.Test.TestResultExtensionsTests" name="Merge_PassedInconclusiveAndFailedResults_ShouldReturnFailed" />
    </UnitTest>
    <UnitTest name="MapToScenarioBackground_RegularBackground_ReturnsScenario" storage="c:\users\ericcarlson\documents\github\pickles\src\pickles.test\bin\debug\net6.0\picklesdoc.pickles.test.dll" id="f90d61a1-3540-ae8e-65c9-60ef6c04641b">
      <Execution id="c06e4186-9393-4525-8b48-957f951b43de" />
      <TestMethod codeBase="C:\Users\ericcarlson\Documents\GitHub\pickles\src\Pickles.Test\bin\Debug\net6.0\PicklesDoc.Pickles.Test.dll" adapterTypeName="executor://nunit3testexecutor/" className="PicklesDoc.Pickles.Test.ObjectModel.MapperTestsForBackground" name="MapToScenarioBackground_RegularBackground_ReturnsScenario" />
    </UnitTest>
    <UnitTest name="ToFolderUriString_WithoutTrailingSlash_ValidOutputWithTrailingSlash" storage="c:\users\ericcarlson\documents\github\pickles\src\pickles.test\bin\debug\net6.0\picklesdoc.pickles.test.dll" id="37fe9d09-a818-1ef8-df58-f72c0d297037">
      <Execution id="bc4a63c3-659c-4071-9ece-72a116d8a507" />
      <TestMethod codeBase="C:\Users\ericcarlson\Documents\GitHub\pickles\src\Pickles.Test\bin\Debug\net6.0\PicklesDoc.Pickles.Test.dll" adapterTypeName="executor://nunit3testexecutor/" className="PicklesDoc.Pickles.Test.Extensions.UriExtensionsTests" name="ToFolderUriString_WithoutTrailingSlash_ValidOutputWithTrailingSlash" />
    </UnitTest>
    <UnitTest name="MapToStringTag_RegularTag_ReturnsStringOfTheTag" storage="c:\users\ericcarlson\documents\github\pickles\src\pickles.test\bin\debug\net6.0\picklesdoc.pickles.test.dll" id="a9da35b8-99a8-fe50-9531-fe6e4dd9b7fc">
      <Execution id="760d8097-5e78-4a9d-a91f-41d2956fe476" />
      <TestMethod codeBase="C:\Users\ericcarlson\Documents\GitHub\pickles\src\Pickles.Test\bin\Debug\net6.0\PicklesDoc.Pickles.Test.dll" adapterTypeName="executor://nunit3testexecutor/" className="PicklesDoc.Pickles.Test.ObjectModel.MapperTestsForTag" name="MapToStringTag_RegularTag_ReturnsStringOfTheTag" />
    </UnitTest>
    <UnitTest name="ThenCanDetectAllScriptsSuccessfully" storage="c:\users\ericcarlson\documents\github\pickles\src\pickles.test\bin\debug\net6.0\picklesdoc.pickles.test.dll" id="0c97d668-a530-0371-fb9a-28c792581fe6">
      <Execution id="db16d3c1-7f9a-4803-89c0-de8484ce6ff1" />
      <TestMethod codeBase="C:\Users\ericcarlson\Documents\GitHub\pickles\src\Pickles.Test\bin\Debug\net6.0\PicklesDoc.Pickles.Test.dll" adapterTypeName="executor://nunit3testexecutor/" className="PicklesDoc.Pickles.Test.WhenWorkingWithHtmlResources" name="ThenCanDetectAllScriptsSuccessfully" />
    </UnitTest>
    <UnitTest name="Specification_Scenario2" storage="c:\users\ericcarlson\documents\github\pickles\src\pickles.test\bin\debug\net6.0\picklesdoc.pickles.test.dll" id="441fccae-3b8f-46a3-a8ec-69ee090eade3">
      <Execution id="af2aa8bd-5024-4643-9a20-bfa9fa274674" />
      <TestMethod codeBase="C:\Users\ericcarlson\Documents\GitHub\pickles\src\Pickles.Test\bin\Debug\net6.0\PicklesDoc.Pickles.Test.dll" adapterTypeName="executor://nunit3testexecutor/" className="PicklesDoc.Pickles.Test.DescriptionProcessorTests" name="Specification_Scenario2" />
    </UnitTest>
    <UnitTest name="Constructor_Default_SetsLanguageToEnglish" storage="c:\users\ericcarlson\documents\github\pickles\src\pickles.test\bin\debug\net6.0\picklesdoc.pickles.test.dll" id="0aa79223-629c-5269-1c07-377109cd0bcb">
      <Execution id="1a8f9bad-86ff-48f0-af70-17df483dabe2" />
      <TestMethod codeBase="C:\Users\ericcarlson\Documents\GitHub\pickles\src\Pickles.Test\bin\Debug\net6.0\PicklesDoc.Pickles.Test.dll" adapterTypeName="executor://nunit3testexecutor/" className="PicklesDoc.Pickles.Test.ConfigurationTests" name="Constructor_Default_SetsLanguageToEnglish" />
    </UnitTest>
    <UnitTest name="MapToFeature_FeatureWithComments_ReturnsFeatureWithoutComments_WhenConfigurationSpecifies" storage="c:\users\ericcarlson\documents\github\pickles\src\pickles.test\bin\debug\net6.0\picklesdoc.pickles.test.dll" id="ee9a1573-ad49-6697-840a-72c1ec738307">
      <Execution id="7f493c15-7ca8-48a0-91e2-2959ddb6910d" />
      <TestMethod codeBase="C:\Users\ericcarlson\Documents\GitHub\pickles\src\Pickles.Test\bin\Debug\net6.0\PicklesDoc.Pickles.Test.dll" adapterTypeName="executor://nunit3testexecutor/" className="PicklesDoc.Pickles.Test.ObjectModel.MapperTestsForFeature" name="MapToFeature_FeatureWithComments_ReturnsFeatureWithoutComments_WhenConfigurationSpecifies" />
    </UnitTest>
    <UnitTest name="GetEncoding_UTF7BOM_ReturnsUTF" storage="c:\users\ericcarlson\documents\github\pickles\src\pickles.test\bin\debug\net6.0\picklesdoc.pickles.test.dll" id="c3fc67c9-f6cc-0277-4e92-395574eb470c">
      <Execution id="ced85779-94a4-4b33-b8e8-bdced32cd46c" />
      <TestMethod codeBase="C:\Users\ericcarlson\Documents\GitHub\pickles\src\Pickles.Test\bin\Debug\net6.0\PicklesDoc.Pickles.Test.dll" adapterTypeName="executor://nunit3testexecutor/" className="PicklesDoc.Pickles.Test.EncodingDetectorTests" name="GetEncoding_UTF7BOM_ReturnsUTF" />
    </UnitTest>
    <UnitTest name="Map_EnglishFeature_SetsNativeKeywordToExamples" storage="c:\users\ericcarlson\documents\github\pickles\src\pickles.test\bin\debug\net6.0\picklesdoc.pickles.test.dll" id="ba53ca1c-8fc8-ce7b-1238-7a4281364dad">
      <Execution id="e3997e38-cf56-41ca-b665-bce745a9fd57" />
      <TestMethod codeBase="C:\Users\ericcarlson\Documents\GitHub\pickles\src\Pickles.Test\bin\Debug\net6.0\PicklesDoc.Pickles.Test.dll" adapterTypeName="executor://nunit3testexecutor/" className="PicklesDoc.Pickles.Test.ObjectModel.Json.ExampleToJsonExampleMapperTests" name="Map_EnglishFeature_SetsNativeKeywordToExamples" />
    </UnitTest>
    <UnitTest name="GetRelativeUriTo_DirectoryToFileOutside_ReturnsRelativePath" storage="c:\users\ericcarlson\documents\github\pickles\src\pickles.test\bin\debug\net6.0\picklesdoc.pickles.test.dll" id="8b1542e3-99b5-1273-5fd1-a9f37fb26ad5">
      <Execution id="be636bc2-cceb-4330-b722-d55a3a078837" />
      <TestMethod codeBase="C:\Users\ericcarlson\Documents\GitHub\pickles\src\Pickles.Test\bin\Debug\net6.0\PicklesDoc.Pickles.Test.dll" adapterTypeName="executor://nunit3testexecutor/" className="PicklesDoc.Pickles.Test.DirectoryCrawlers.FolderDirectoryTreeNodeTests" name="GetRelativeUriTo_DirectoryToFileOutside_ReturnsRelativePath" />
    </UnitTest>
    <UnitTest name="MapToTableRow_RowWithCellValues_ReturnsRowContainingThoseValues" storage="c:\users\ericcarlson\documents\github\pickles\src\pickles.test\bin\debug\net6.0\picklesdoc.pickles.test.dll" id="9bd1749b-1791-ec4a-f271-7478791738c2">
      <Execution id="aca9aa85-63d4-4e86-a81f-0b220b76ed24" />
      <TestMethod codeBase="C:\Users\ericcarlson\Documents\GitHub\pickles\src\Pickles.Test\bin\Debug\net6.0\PicklesDoc.Pickles.Test.dll" adapterTypeName="executor://nunit3testexecutor/" className="PicklesDoc.Pickles.Test.ObjectModel.MapperTestsForDataTable" name="MapToTableRow_RowWithCellValues_ReturnsRowContainingThoseValues" />
    </UnitTest>
    <UnitTest name="Add_NullNode_ThrowArgumentNullException" storage="c:\users\ericcarlson\documents\github\pickles\src\pickles.test\bin\debug\net6.0\picklesdoc.pickles.test.dll" id="49bd8a06-7460-8a08-3a2a-32fcb61399a5">
      <Execution id="1ffb26dc-78e3-4993-b24a-2a87163334a5" />
      <TestMethod codeBase="C:\Users\ericcarlson\Documents\GitHub\pickles\src\Pickles.Test\bin\Debug\net6.0\PicklesDoc.Pickles.Test.dll" adapterTypeName="executor://nunit3testexecutor/" className="PicklesDoc.Pickles.Test.DataStructures.TreeTests" name="Add_NullNode_ThrowArgumentNullException" />
    </UnitTest>
    <UnitTest name="GetDialect_WithLanguageThatIncludesHyphen_ReturnsThatLanguage" storage="c:\users\ericcarlson\documents\github\pickles\src\pickles.test\bin\debug\net6.0\picklesdoc.pickles.test.dll" id="c064a3cb-594b-9f1c-fd00-9c99d07e5d7d">
      <Execution id="fe7434cf-4bf9-4f1a-9c6f-a6af9456fd53" />
      <TestMethod codeBase="C:\Users\ericcarlson\Documents\GitHub\pickles\src\Pickles.Test\bin\Debug\net6.0\PicklesDoc.Pickles.Test.dll" adapterTypeName="executor://nunit3testexecutor/" className="PicklesDoc.Pickles.Test.CultureAwareDialectProviderTests" name="GetDialect_WithLanguageThatIncludesHyphen_ReturnsThatLanguage" />
    </UnitTest>
    <UnitTest name="Map_Null_ReturnsNull" storage="c:\users\ericcarlson\documents\github\pickles\src\pickles.test\bin\debug\net6.0\picklesdoc.pickles.test.dll" id="627adc13-8a7b-a068-2e61-4aa81780d9fd">
      <Execution id="c6beee4e-18cf-42c5-b7b2-87c629cc58bd" />
      <TestMethod codeBase="C:\Users\ericcarlson\Documents\GitHub\pickles\src\Pickles.Test\bin\Debug\net6.0\PicklesDoc.Pickles.Test.dll" adapterTypeName="executor://nunit3testexecutor/" className="PicklesDoc.Pickles.Test.ObjectModel.Json.TableToJsonTableMapperTests" name="Map_Null_ReturnsNull" />
    </UnitTest>
    <UnitTest name="Map_WithStepComments_ReturnsThoseComments" storage="c:\users\ericcarlson\documents\github\pickles\src\pickles.test\bin\debug\net6.0\picklesdoc.pickles.test.dll" id="2727f611-717b-e830-4bd0-bf3af2242d14">
      <Execution id="c1120395-bec1-4737-bfce-dd0c8b96ad9a" />
      <TestMethod codeBase="C:\Users\ericcarlson\Documents\GitHub\pickles\src\Pickles.Test\bin\Debug\net6.0\PicklesDoc.Pickles.Test.dll" adapterTypeName="executor://nunit3testexecutor/" className="PicklesDoc.Pickles.Test.ObjectModel.Json.StepToJsonStepMapperTests" name="Map_WithStepComments_ReturnsThoseComments" />
    </UnitTest>
    <UnitTest name="Map_NonNullStep_ReturnsJsonStep" storage="c:\users\ericcarlson\documents\github\pickles\src\pickles.test\bin\debug\net6.0\picklesdoc.pickles.test.dll" id="4c3b0b4e-8fbb-7811-7a21-4748a52bc3e2">
      <Execution id="74d18912-8845-43e2-8525-4eb0b20bbd6b" />
      <TestMethod codeBase="C:\Users\ericcarlson\Documents\GitHub\pickles\src\Pickles.Test\bin\Debug\net6.0\PicklesDoc.Pickles.Test.dll" adapterTypeName="executor://nunit3testexecutor/" className="PicklesDoc.Pickles.Test.ObjectModel.Json.StepToJsonStepMapperTests" name="Map_NonNullStep_ReturnsJsonStep" />
    </UnitTest>
    <UnitTest name="TableOfContent_Must_Link_Folder_Nodes_To_That_Folders_Index_File" storage="c:\users\ericcarlson\documents\github\pickles\src\pickles.test\bin\debug\net6.0\picklesdoc.pickles.test.dll" id="9434f0b6-144d-fa9a-e2fd-7b54edae4153">
      <Execution id="9104c17c-8962-4d80-9276-c0b8650da0b9" />
      <TestMethod codeBase="C:\Users\ericcarlson\Documents\GitHub\pickles\src\Pickles.Test\bin\Debug\net6.0\PicklesDoc.Pickles.Test.dll" adapterTypeName="executor://nunit3testexecutor/" className="PicklesDoc.Pickles.Test.Formatters.TableOfContentsShouldBeCreatedFromAFolderStructure" name="TableOfContent_Must_Link_Folder_Nodes_To_That_Folders_Index_File" />
    </UnitTest>
    <UnitTest name="ToFileUriString_WithoutTrailingSlash_ValidOutputWithTrailingSlash" storage="c:\users\ericcarlson\documents\github\pickles\src\pickles.test\bin\debug\net6.0\picklesdoc.pickles.test.dll" id="79e9a2d5-6fd7-c594-c7c3-6a0aee043d3b">
      <Execution id="77ef2cd4-4f06-4b7a-9340-b4ed8e49bf24" />
      <TestMethod codeBase="C:\Users\ericcarlson\Documents\GitHub\pickles\src\Pickles.Test\bin\Debug\net6.0\PicklesDoc.Pickles.Test.dll" adapterTypeName="executor://nunit3testexecutor/" className="PicklesDoc.Pickles.Test.Extensions.UriExtensionsTests" name="ToFileUriString_WithoutTrailingSlash_ValidOutputWithTrailingSlash" />
    </UnitTest>
    <UnitTest name="Map_AnExampleWithTableArgument_ReturnsAJsonExampleWithTableArgument" storage="c:\users\ericcarlson\documents\github\pickles\src\pickles.test\bin\debug\net6.0\picklesdoc.pickles.test.dll" id="6608e1a4-2d57-9534-02c8-9ed8cbf3fe3c">
      <Execution id="a970e4c9-37bc-4245-8122-7375dcbe0ba7" />
      <TestMethod codeBase="C:\Users\ericcarlson\Documents\GitHub\pickles\src\Pickles.Test\bin\Debug\net6.0\PicklesDoc.Pickles.Test.dll" adapterTypeName="executor://nunit3testexecutor/" className="PicklesDoc.Pickles.Test.ObjectModel.Json.ExampleToJsonExampleMapperTests" name="Map_AnExampleWithTableArgument_ReturnsAJsonExampleWithTableArgument" />
    </UnitTest>
    <UnitTest name="Map_TableRowWithTestResult_ConvertsToJsonTableRowWithTestResult" storage="c:\users\ericcarlson\documents\github\pickles\src\pickles.test\bin\debug\net6.0\picklesdoc.pickles.test.dll" id="299d9885-53d7-e812-ce71-f67d71904c3f">
      <Execution id="5efc15fb-2c60-4a9f-8e9f-c0ba5e0d3a6c" />
      <TestMethod codeBase="C:\Users\ericcarlson\Documents\GitHub\pickles\src\Pickles.Test\bin\Debug\net6.0\PicklesDoc.Pickles.Test.dll" adapterTypeName="executor://nunit3testexecutor/" className="PicklesDoc.Pickles.Test.ObjectModel.Json.TableRowToJsonTableRowMapperTests" name="Map_TableRowWithTestResult_ConvertsToJsonTableRowWithTestResult" />
    </UnitTest>
    <UnitTest name="ThenCanDetectAllStylesheetsSuccessfully" storage="c:\users\ericcarlson\documents\github\pickles\src\pickles.test\bin\debug\net6.0\picklesdoc.pickles.test.dll" id="406df244-d1c3-813e-16f9-3ed6d4fe1b59">
      <Execution id="40537b03-18a9-460e-a356-cd761c8b53a0" />
      <TestMethod codeBase="C:\Users\ericcarlson\Documents\GitHub\pickles\src\Pickles.Test\bin\Debug\net6.0\PicklesDoc.Pickles.Test.dll" adapterTypeName="executor://nunit3testexecutor/" className="PicklesDoc.Pickles.Test.WhenWorkingWithHtmlResources" name="ThenCanDetectAllStylesheetsSuccessfully" />
    </UnitTest>
    <UnitTest name="ItShouldWasSuccessfulFalseForFeatureXJsonDocument" storage="c:\users\ericcarlson\documents\github\pickles\src\pickles.test\bin\debug\net6.0\picklesdoc.pickles.test.dll" id="902de792-f705-6364-b7ff-7e3bf94c757c">
      <Execution id="9006e2ad-017a-405c-9806-9dc416044c7d" />
      <TestMethod codeBase="C:\Users\ericcarlson\Documents\GitHub\pickles\src\Pickles.Test\bin\Debug\net6.0\PicklesDoc.Pickles.Test.dll" adapterTypeName="executor://nunit3testexecutor/" className="PicklesDoc.Pickles.Test.Formatters.JSON.WhenCreatingAFeatureWithMetaInfoAndTestResultInMstestFormat" name="ItShouldWasSuccessfulFalseForFeatureXJsonDocument" />
    </UnitTest>
    <UnitTest name="Add_NullTree_ThrowArgumentNullException" storage="c:\users\ericcarlson\documents\github\pickles\src\pickles.test\bin\debug\net6.0\picklesdoc.pickles.test.dll" id="ddcc81ed-830c-5786-4d28-e9470c566f0e">
      <Execution id="44057947-b634-4992-a6ec-4c0dee4462da" />
      <TestMethod codeBase="C:\Users\ericcarlson\Documents\GitHub\pickles\src\Pickles.Test\bin\Debug\net6.0\PicklesDoc.Pickles.Test.dll" adapterTypeName="executor://nunit3testexecutor/" className="PicklesDoc.Pickles.Test.DataStructures.TreeTests" name="Add_NullTree_ThrowArgumentNullException" />
    </UnitTest>
    <UnitTest name="WhenSettingTheLanguageInTheConfiguration_ThenCanParseMostBasicFeatureSuccessfully" storage="c:\users\ericcarlson\documents\github\pickles\src\pickles.test\bin\debug\net6.0\picklesdoc.pickles.test.dll" id="c266fa7d-acb2-60c9-6e2b-3e6d7d99744e">
      <Execution id="37acc4a1-1eb1-47aa-957a-4681e8bda199" />
      <TestMethod codeBase="C:\Users\ericcarlson\Documents\GitHub\pickles\src\Pickles.Test\bin\Debug\net6.0\PicklesDoc.Pickles.Test.dll" adapterTypeName="executor://nunit3testexecutor/" className="PicklesDoc.Pickles.Test.WhenParsingLocalizedFeatureFiles" name="WhenSettingTheLanguageInTheConfiguration_ThenCanParseMostBasicFeatureSuccessfully" />
    </UnitTest>
    <UnitTest name="MapToKeyWord_StringGiven_ReturnsGiven" storage="c:\users\ericcarlson\documents\github\pickles\src\pickles.test\bin\debug\net6.0\picklesdoc.pickles.test.dll" id="8952b576-6631-ae17-2867-cd3e93cd8ea7">
      <Execution id="18f9b306-7776-4ad8-8dd0-b85d91564ec7" />
      <TestMethod codeBase="C:\Users\ericcarlson\Documents\GitHub\pickles\src\Pickles.Test\bin\Debug\net6.0\PicklesDoc.Pickles.Test.dll" adapterTypeName="executor://nunit3testexecutor/" className="PicklesDoc.Pickles.Test.ObjectModel.MapperTestsForStep" name="MapToKeyWord_StringGiven_ReturnsGiven" />
    </UnitTest>
    <UnitTest name="Map_SomeFeature_ReturnsJsonFeature" storage="c:\users\ericcarlson\documents\github\pickles\src\pickles.test\bin\debug\net6.0\picklesdoc.pickles.test.dll" id="0443b89a-0e19-7897-5ed1-52b3f67c6cf5">
      <Execution id="9eccb03d-80e2-4908-9dca-3fb1e5e746a4" />
      <TestMethod codeBase="C:\Users\ericcarlson\Documents\GitHub\pickles\src\Pickles.Test\bin\Debug\net6.0\PicklesDoc.Pickles.Test.dll" adapterTypeName="executor://nunit3testexecutor/" className="PicklesDoc.Pickles.Test.ObjectModel.Json.FeatureToJsonFeatureMapperTests" name="Map_SomeFeature_ReturnsJsonFeature" />
    </UnitTest>
    <UnitTest name="Specification_Scenario1" storage="c:\users\ericcarlson\documents\github\pickles\src\pickles.test\bin\debug\net6.0\picklesdoc.pickles.test.dll" id="45cb73b7-c03c-7dde-9cbf-274f19a6f153">
      <Execution id="61651760-4089-4a50-876d-d7d67b789ca7" />
      <TestMethod codeBase="C:\Users\ericcarlson\Documents\GitHub\pickles\src\Pickles.Test\bin\Debug\net6.0\PicklesDoc.Pickles.Test.dll" adapterTypeName="executor://nunit3testexecutor/" className="PicklesDoc.Pickles.Test.DescriptionProcessorTests" name="Specification_Scenario1" />
    </UnitTest>
    <UnitTest name="MapToFeature_Always_MapsFeaturePropertyOfBackground" storage="c:\users\ericcarlson\documents\github\pickles\src\pickles.test\bin\debug\net6.0\picklesdoc.pickles.test.dll" id="5b7d7e18-3797-759c-db9a-5e4c609a525d">
      <Execution id="7e84fb0c-a041-4f21-ba56-f3226d11ab12" />
      <TestMethod codeBase="C:\Users\ericcarlson\Documents\GitHub\pickles\src\Pickles.Test\bin\Debug\net6.0\PicklesDoc.Pickles.Test.dll" adapterTypeName="executor://nunit3testexecutor/" className="PicklesDoc.Pickles.Test.ObjectModel.MapperTestsForBackground" name="MapToFeature_Always_MapsFeaturePropertyOfBackground" />
    </UnitTest>
    <UnitTest name="ThenCanFormatTextWithAcronymAsWikiWordSuccessfully" storage="c:\users\ericcarlson\documents\github\pickles\src\pickles.test\bin\debug\net6.0\picklesdoc.pickles.test.dll" id="c826d657-b8f4-5226-a39c-eb7188bc6544">
      <Execution id="65185c7e-395a-44af-8594-cbf557ec9d61" />
      <TestMethod codeBase="C:\Users\ericcarlson\Documents\GitHub\pickles\src\Pickles.Test\bin\Debug\net6.0\PicklesDoc.Pickles.Test.dll" adapterTypeName="executor://nunit3testexecutor/" className="PicklesDoc.Pickles.Test.Extensions.StringExtensionsTests" name="ThenCanFormatTextWithAcronymAsWikiWordSuccessfully" />
    </UnitTest>
    <UnitTest name="DefaultLanguage_ReturnsEnglish" storage="c:\users\ericcarlson\documents\github\pickles\src\pickles.test\bin\debug\net6.0\picklesdoc.pickles.test.dll" id="eea99d72-2be5-3f19-63ae-66ae53007fed">
      <Execution id="d8acd2c4-d3dd-48eb-9605-79e87638cc4a" />
      <TestMethod codeBase="C:\Users\ericcarlson\Documents\GitHub\pickles\src\Pickles.Test\bin\Debug\net6.0\PicklesDoc.Pickles.Test.dll" adapterTypeName="executor://nunit3testexecutor/" className="PicklesDoc.Pickles.Test.LanguageServicesRegistryTests" name="DefaultLanguage_ReturnsEnglish" />
    </UnitTest>
    <UnitTest name="Then_can_parse_and_remove_tag_in_configuration_remove_technical_tag_from_scenario" storage="c:\users\ericcarlson\documents\github\pickles\src\pickles.test\bin\debug\net6.0\picklesdoc.pickles.test.dll" id="920efb33-30de-9f4f-92fb-5da03c8d73d8">
      <Execution id="3a5120bf-b2e0-43ea-a194-42e5e517e28d" />
      <TestMethod codeBase="C:\Users\ericcarlson\Documents\GitHub\pickles\src\Pickles.Test\bin\Debug\net6.0\PicklesDoc.Pickles.Test.dll" adapterTypeName="executor://nunit3testexecutor/" className="PicklesDoc.Pickles.Test.WhenParsingFeatureFiles" name="Then_can_parse_and_remove_tag_in_configuration_remove_technical_tag_from_scenario" />
    </UnitTest>
    <UnitTest name="ItShouldContainWasSuccessfulKeyInJsonDocument" storage="c:\users\ericcarlson\documents\github\pickles\src\pickles.test\bin\debug\net6.0\picklesdoc.pickles.test.dll" id="ed1cb2a1-5bce-8780-a88b-05d623ad378e">
      <Execution id="5d2a9924-380b-428d-9aff-fb67120aaa97" />
      <TestMethod codeBase="C:\Users\ericcarlson\Documents\GitHub\pickles\src\Pickles.Test\bin\Debug\net6.0\PicklesDoc.Pickles.Test.dll" adapterTypeName="executor://nunit3testexecutor/" className="PicklesDoc.Pickles.Test.Formatters.JSON.WhenCreatingAFeatureWithMetaInfoAndTestResultInMstestFormat" name="ItShouldContainWasSuccessfulKeyInJsonDocument" />
    </UnitTest>
    <UnitTest name="GetRelativeUriTo_FileToDirectory_ReturnsNodesFileName" storage="c:\users\ericcarlson\documents\github\pickles\src\pickles.test\bin\debug\net6.0\picklesdoc.pickles.test.dll" id="523f430c-589f-aafd-1b2b-05118044b2a8">
      <Execution id="22da871d-fc89-4ad9-b6e5-76295a3ae49f" />
      <TestMethod codeBase="C:\Users\ericcarlson\Documents\GitHub\pickles\src\Pickles.Test\bin\Debug\net6.0\PicklesDoc.Pickles.Test.dll" adapterTypeName="executor://nunit3testexecutor/" className="PicklesDoc.Pickles.Test.DirectoryCrawlers.FolderDirectoryTreeNodeTests" name="GetRelativeUriTo_FileToDirectory_ReturnsNodesFileName" />
    </UnitTest>
    <UnitTest name="Create_InvalidFileType_AddsEntryToReport" storage="c:\users\ericcarlson\documents\github\pickles\src\pickles.test\bin\debug\net6.0\picklesdoc.pickles.test.dll" id="ad9c4f1f-f3c4-4f5a-d866-e8e35b84d47b">
      <Execution id="3935a476-b1f1-4ba1-bbef-03d41b2e0858" />
      <TestMethod codeBase="C:\Users\ericcarlson\Documents\GitHub\pickles\src\Pickles.Test\bin\Debug\net6.0\PicklesDoc.Pickles.Test.dll" adapterTypeName="executor://nunit3testexecutor/" className="PicklesDoc.Pickles.Test.FeatureNodeFactoryTests" name="Create_InvalidFileType_AddsEntryToReport" />
    </UnitTest>
    <UnitTest name="Map_NullTableRow_ReturnsNull" storage="c:\users\ericcarlson\documents\github\pickles\src\pickles.test\bin\debug\net6.0\picklesdoc.pickles.test.dll" id="5dc69bee-0bac-486b-6e0f-6ce7f05461ae">
      <Execution id="8edf554f-9854-405e-99bb-22d347ca90f1" />
      <TestMethod codeBase="C:\Users\ericcarlson\Documents\GitHub\pickles\src\Pickles.Test\bin\Debug\net6.0\PicklesDoc.Pickles.Test.dll" adapterTypeName="executor://nunit3testexecutor/" className="PicklesDoc.Pickles.Test.ObjectModel.Json.TableRowToJsonTableRowMapperTests" name="Map_NullTableRow_ReturnsNull" />
    </UnitTest>
    <UnitTest name="MapToScenario_TitleSpecialCharacters_HasValidSlug" storage="c:\users\ericcarlson\documents\github\pickles\src\pickles.test\bin\debug\net6.0\picklesdoc.pickles.test.dll" id="5b0b7c95-f6d8-a2fe-eb27-9c403d882838">
      <Execution id="0f0f9d1e-4204-400b-88b5-c3bb0caa486a" />
      <TestMethod codeBase="C:\Users\ericcarlson\Documents\GitHub\pickles\src\Pickles.Test\bin\Debug\net6.0\PicklesDoc.Pickles.Test.dll" adapterTypeName="executor://nunit3testexecutor/" className="PicklesDoc.Pickles.Test.ObjectModel.MapperTestsForScenario" name="MapToScenario_TitleSpecialCharacters_HasValidSlug" />
    </UnitTest>
    <UnitTest name="ItShouldIndicateWasSuccessfulIsTrue" storage="c:\users\ericcarlson\documents\github\pickles\src\pickles.test\bin\debug\net6.0\picklesdoc.pickles.test.dll" id="b26fb74e-729d-8047-377b-8be9da93dbdb">
      <Execution id="c901ff11-3a26-401e-8513-dd0aabcefaec" />
      <TestMethod codeBase="C:\Users\ericcarlson\Documents\GitHub\pickles\src\Pickles.Test\bin\Debug\net6.0\PicklesDoc.Pickles.Test.dll" adapterTypeName="executor://nunit3testexecutor/" className="PicklesDoc.Pickles.Test.Formatters.JSON.WhenCreatingAFeatureWithMetaInfoAndTestResultInMstestFormat" name="ItShouldIndicateWasSuccessfulIsTrue" />
    </UnitTest>
    <UnitTest name="Map_NullStep_ReturnsNull" storage="c:\users\ericcarlson\documents\github\pickles\src\pickles.test\bin\debug\net6.0\picklesdoc.pickles.test.dll" id="bcbfdc88-f29f-53aa-6ac7-bd0cbdb624b9">
      <Execution id="f3db3bb0-7cbc-42db-b3fc-47cce76fb7fb" />
      <TestMethod codeBase="C:\Users\ericcarlson\Documents\GitHub\pickles\src\Pickles.Test\bin\Debug\net6.0\PicklesDoc.Pickles.Test.dll" adapterTypeName="executor://nunit3testexecutor/" className="PicklesDoc.Pickles.Test.ObjectModel.Json.StepToJsonStepMapperTests" name="Map_NullStep_ReturnsNull" />
    </UnitTest>
    <UnitTest name="Map_AnExampleWithTags_ReturnsAJsonExampleWithTags" storage="c:\users\ericcarlson\documents\github\pickles\src\pickles.test\bin\debug\net6.0\picklesdoc.pickles.test.dll" id="4d94901a-0408-1f44-6b67-c45adb96b544">
      <Execution id="9e605fe8-0841-4b88-a1d2-e2b1fd8a9029" />
      <TestMethod codeBase="C:\Users\ericcarlson\Documents\GitHub\pickles\src\Pickles.Test\bin\Debug\net6.0\PicklesDoc.Pickles.Test.dll" adapterTypeName="executor://nunit3testexecutor/" className="PicklesDoc.Pickles.Test.ObjectModel.Json.ExampleToJsonExampleMapperTests" name="Map_AnExampleWithTags_ReturnsAJsonExampleWithTags" />
    </UnitTest>
    <UnitTest name="ThenCanResolveTheSelectedIDocumentationBuilder(Cucumber,PicklesDoc.Pickles.DocumentationBuilders.Cucumber.CucumberDocumentationBuilder)" storage="c:\users\ericcarlson\documents\github\pickles\src\pickles.test\bin\debug\net6.0\picklesdoc.pickles.test.dll" id="90282de9-ec82-4e67-bd23-4cc70ee9315b">
      <Execution id="bfa57023-fca7-480b-8b43-3572f22d0df5" />
      <TestMethod codeBase="C:\Users\ericcarlson\Documents\GitHub\pickles\src\Pickles.Test\bin\Debug\net6.0\PicklesDoc.Pickles.Test.dll" adapterTypeName="executor://nunit3testexecutor/" className="PicklesDoc.Pickles.Test.WhenResolvingADocumentationBuilder" name="ThenCanResolveTheSelectedIDocumentationBuilder(Cucumber,PicklesDoc.Pickles.DocumentationBuilders.Cucumber.CucumberDocumentationBuilder)" />
    </UnitTest>
    <UnitTest name="Map_TableRowWithCells_ConvertsToJsonTableRow" storage="c:\users\ericcarlson\documents\github\pickles\src\pickles.test\bin\debug\net6.0\picklesdoc.pickles.test.dll" id="aef8551c-05cb-2cf2-3f00-57a0d48780f4">
      <Execution id="75789b9a-0de5-4d4d-a64d-b22c038b32aa" />
      <TestMethod codeBase="C:\Users\ericcarlson\Documents\GitHub\pickles\src\Pickles.Test\bin\Debug\net6.0\PicklesDoc.Pickles.Test.dll" adapterTypeName="executor://nunit3testexecutor/" className="PicklesDoc.Pickles.Test.ObjectModel.Json.TableRowToJsonTableRowMapperTests" name="Map_TableRowWithCells_ConvertsToJsonTableRow" />
    </UnitTest>
    <UnitTest name="MapToScenarioOutline_TitleSpecialCharacters_HasValidSlug" storage="c:\users\ericcarlson\documents\github\pickles\src\pickles.test\bin\debug\net6.0\picklesdoc.pickles.test.dll" id="ea670fd5-fafa-be15-3f39-ea160de405a5">
      <Execution id="4f349747-66c6-4f22-bfb5-4a1f4bfffd34" />
      <TestMethod codeBase="C:\Users\ericcarlson\Documents\GitHub\pickles\src\Pickles.Test\bin\Debug\net6.0\PicklesDoc.Pickles.Test.dll" adapterTypeName="executor://nunit3testexecutor/" className="PicklesDoc.Pickles.Test.ObjectModel.MapperTestsForScenarioOutline" name="MapToScenarioOutline_TitleSpecialCharacters_HasValidSlug" />
    </UnitTest>
    <UnitTest name="Then_can_parse_scenario_with_tags_successfully" storage="c:\users\ericcarlson\documents\github\pickles\src\pickles.test\bin\debug\net6.0\picklesdoc.pickles.test.dll" id="3469300e-035a-5249-282c-445c8034c44b">
      <Execution id="25505cc9-b230-41b4-82c5-9cef684f468d" />
      <TestMethod codeBase="C:\Users\ericcarlson\Documents\GitHub\pickles\src\Pickles.Test\bin\Debug\net6.0\PicklesDoc.Pickles.Test.dll" adapterTypeName="executor://nunit3testexecutor/" className="PicklesDoc.Pickles.Test.WhenParsingFeatureFiles" name="Then_can_parse_scenario_with_tags_successfully" />
    </UnitTest>
    <UnitTest name="Map_And_ReturnsAnd" storage="c:\users\ericcarlson\documents\github\pickles\src\pickles.test\bin\debug\net6.0\picklesdoc.pickles.test.dll" id="33105edf-e833-84c3-9d73-5c48e0d690f3">
      <Execution id="7d2767d6-49ba-475a-93b2-dd9e50fc015c" />
      <TestMethod codeBase="C:\Users\ericcarlson\Documents\GitHub\pickles\src\Pickles.Test\bin\Debug\net6.0\PicklesDoc.Pickles.Test.dll" adapterTypeName="executor://nunit3testexecutor/" className="PicklesDoc.Pickles.Test.ObjectModel.Json.KeywordToJsonKeywordMapperTests" name="Map_And_ReturnsAnd" />
    </UnitTest>
    <UnitTest name="ToUriFileSystemInfo_FileInfo_ProducesUri" storage="c:\users\ericcarlson\documents\github\pickles\src\pickles.test\bin\debug\net6.0\picklesdoc.pickles.test.dll" id="facb13ba-4279-8129-3d61-b8f32c8851aa">
      <Execution id="cf3cea6f-5ece-4c9e-b1e5-4254bdc06101" />
      <TestMethod codeBase="C:\Users\ericcarlson\Documents\GitHub\pickles\src\Pickles.Test\bin\Debug\net6.0\PicklesDoc.Pickles.Test.dll" adapterTypeName="executor://nunit3testexecutor/" className="PicklesDoc.Pickles.Test.Extensions.UriExtensionsTests" name="ToUriFileSystemInfo_FileInfo_ProducesUri" />
    </UnitTest>
    <UnitTest name="ToUriFileInfo_NormalFilename_ProducesUri" storage="c:\users\ericcarlson\documents\github\pickles\src\pickles.test\bin\debug\net6.0\picklesdoc.pickles.test.dll" id="216afdda-9f90-6646-2d48-d4b3f580d4ec">
      <Execution id="90bb7be8-703e-4857-bacf-935774b32a11" />
      <TestMethod codeBase="C:\Users\ericcarlson\Documents\GitHub\pickles\src\Pickles.Test\bin\Debug\net6.0\PicklesDoc.Pickles.Test.dll" adapterTypeName="executor://nunit3testexecutor/" className="PicklesDoc.Pickles.Test.Extensions.UriExtensionsTests" name="ToUriFileInfo_NormalFilename_ProducesUri" />
    </UnitTest>
    <UnitTest name="ThenCanFormatTextWithNumberFollowedByCapitalAsWikiWordSuccessfully" storage="c:\users\ericcarlson\documents\github\pickles\src\pickles.test\bin\debug\net6.0\picklesdoc.pickles.test.dll" id="81765902-660e-6877-86d8-ec70f35715ec">
      <Execution id="f6c5257a-e577-4ef8-937c-92ef07fbe4fd" />
      <TestMethod codeBase="C:\Users\ericcarlson\Documents\GitHub\pickles\src\Pickles.Test\bin\Debug\net6.0\PicklesDoc.Pickles.Test.dll" adapterTypeName="executor://nunit3testexecutor/" className="PicklesDoc.Pickles.Test.Extensions.StringExtensionsTests" name="ThenCanFormatTextWithNumberFollowedByCapitalAsWikiWordSuccessfully" />
    </UnitTest>
    <UnitTest name="MapToExample_NullExamples_ReturnsNullExample" storage="c:\users\ericcarlson\documents\github\pickles\src\pickles.test\bin\debug\net6.0\picklesdoc.pickles.test.dll" id="f68824d7-0984-58d5-473e-d248d29d1f81">
      <Execution id="631d767e-3552-409f-bf4c-dae2c51a99d1" />
      <TestMethod codeBase="C:\Users\ericcarlson\Documents\GitHub\pickles\src\Pickles.Test\bin\Debug\net6.0\PicklesDoc.Pickles.Test.dll" adapterTypeName="executor://nunit3testexecutor/" className="PicklesDoc.Pickles.Test.ObjectModel.MapperTestsForExample" name="MapToExample_NullExamples_ReturnsNullExample" />
    </UnitTest>
    <UnitTest name="MapToScenario_BackgroundWithNullDescription_ReturnsScenarioWithEmptyDescription" storage="c:\users\ericcarlson\documents\github\pickles\src\pickles.test\bin\debug\net6.0\picklesdoc.pickles.test.dll" id="2f32466c-54e6-c512-f429-2080bcc91825">
      <Execution id="a4bd7f73-a0fa-495f-8907-8790a2f48f0a" />
      <TestMethod codeBase="C:\Users\ericcarlson\Documents\GitHub\pickles\src\Pickles.Test\bin\Debug\net6.0\PicklesDoc.Pickles.Test.dll" adapterTypeName="executor://nunit3testexecutor/" className="PicklesDoc.Pickles.Test.ObjectModel.MapperTestsForBackground" name="MapToScenario_BackgroundWithNullDescription_ReturnsScenarioWithEmptyDescription" />
    </UnitTest>
    <UnitTest name="MapToFeature_FeatureWithBackground_ReturnsFeatureWithBackground" storage="c:\users\ericcarlson\documents\github\pickles\src\pickles.test\bin\debug\net6.0\picklesdoc.pickles.test.dll" id="d08c1047-4425-a8ef-3977-424f7044543c">
      <Execution id="c2d1950c-e4c3-4b4a-b03d-1f3a2695b348" />
      <TestMethod codeBase="C:\Users\ericcarlson\Documents\GitHub\pickles\src\Pickles.Test\bin\Debug\net6.0\PicklesDoc.Pickles.Test.dll" adapterTypeName="executor://nunit3testexecutor/" className="PicklesDoc.Pickles.Test.ObjectModel.MapperTestsForFeature" name="MapToFeature_FeatureWithBackground_ReturnsFeatureWithBackground" />
    </UnitTest>
    <UnitTest name="ThenCanResolveTheSelectedIDocumentationBuilder(Html,PicklesDoc.Pickles.DocumentationBuilders.Html.HtmlDocumentationBuilder)" storage="c:\users\ericcarlson\documents\github\pickles\src\pickles.test\bin\debug\net6.0\picklesdoc.pickles.test.dll" id="ae41c349-5474-73e3-363c-e03b2af702b4">
      <Execution id="603d7c96-8b83-4ff7-b98e-39487cd329ba" />
      <TestMethod codeBase="C:\Users\ericcarlson\Documents\GitHub\pickles\src\Pickles.Test\bin\Debug\net6.0\PicklesDoc.Pickles.Test.dll" adapterTypeName="executor://nunit3testexecutor/" className="PicklesDoc.Pickles.Test.WhenResolvingADocumentationBuilder" name="ThenCanResolveTheSelectedIDocumentationBuilder(Html,PicklesDoc.Pickles.DocumentationBuilders.Html.HtmlDocumentationBuilder)" />
    </UnitTest>
  </TestDefinitions>
  <TestEntries>
    <TestEntry testId="627adc13-8a7b-a068-2e61-4aa81780d9fd" executionId="c6beee4e-18cf-42c5-b7b2-87c629cc58bd" testListId="8c84fa94-04c1-424b-9868-57a2d4851a1d" />
    <TestEntry testId="1a925225-7345-bea6-a5d1-7fa98d2cfa7a" executionId="b4c2662b-0c46-4fe8-be37-63cd6c006e0a" testListId="8c84fa94-04c1-424b-9868-57a2d4851a1d" />
    <TestEntry testId="22b55a68-c311-5ac6-5932-e95e99f46701" executionId="35eaa16a-763b-46b0-90c8-8ba80405c282" testListId="8c84fa94-04c1-424b-9868-57a2d4851a1d" />
    <TestEntry testId="2ded35d7-32fa-b312-206c-4530f3316064" executionId="0a18ec3f-6e00-416f-ba43-3a46615a1f71" testListId="8c84fa94-04c1-424b-9868-57a2d4851a1d" />
    <TestEntry testId="ef1fded0-9368-0b89-add4-288e25a22d19" executionId="585467d7-9f52-40e2-9292-6ce488847fd4" testListId="8c84fa94-04c1-424b-9868-57a2d4851a1d" />
    <TestEntry testId="9ec673de-4ee7-1c04-ca06-f2ecdbfb66c9" executionId="a9e8de0a-f276-4906-8374-90fd38d27d1a" testListId="8c84fa94-04c1-424b-9868-57a2d4851a1d" />
    <TestEntry testId="ed1cb2a1-5bce-8780-a88b-05d623ad378e" executionId="5d2a9924-380b-428d-9aff-fb67120aaa97" testListId="8c84fa94-04c1-424b-9868-57a2d4851a1d" />
    <TestEntry testId="c2fae702-1219-a5ae-f1ea-5e55a1f23bf4" executionId="c3f6a3d9-f602-454a-96a6-5ae35290bde0" testListId="8c84fa94-04c1-424b-9868-57a2d4851a1d" />
    <TestEntry testId="8e6eb9e8-caeb-6fdc-4c95-879f9b06c4bd" executionId="71eab293-49a0-44ef-a2e8-af949facd01b" testListId="8c84fa94-04c1-424b-9868-57a2d4851a1d" />
    <TestEntry testId="54394cfc-30d0-1b21-a9c9-bf82c6c4e0e4" executionId="57cf8463-9609-4187-b95a-9cd8ad0a1596" testListId="8c84fa94-04c1-424b-9868-57a2d4851a1d" />
    <TestEntry testId="6fd40770-cb6f-4692-f9e6-68b2c60e90b9" executionId="6b2fb45a-a6c1-460f-8a6b-a4fb8cc4a6d4" testListId="8c84fa94-04c1-424b-9868-57a2d4851a1d" />
    <TestEntry testId="842b0ea9-88ad-790a-c59e-e495e1c6e68b" executionId="cf6df99d-e8f4-46c9-a382-83e89e16581d" testListId="8c84fa94-04c1-424b-9868-57a2d4851a1d" />
    <TestEntry testId="4a414230-905d-7f8d-87d3-8884d0269163" executionId="069913d3-68b7-4563-95fb-34f635c7c081" testListId="8c84fa94-04c1-424b-9868-57a2d4851a1d" />
    <TestEntry testId="2497e506-3dc8-5ae6-a611-63bce47ee455" executionId="73e43da5-7dfc-470d-a86d-19795650efb5" testListId="8c84fa94-04c1-424b-9868-57a2d4851a1d" />
    <TestEntry testId="4320c348-afea-ab45-3dd4-efc1eb3772fe" executionId="9e65193c-dc0c-413d-95a8-8f724dd05d0e" testListId="8c84fa94-04c1-424b-9868-57a2d4851a1d" />
    <TestEntry testId="77906bed-4a7d-5521-51c2-4f3d836434ba" executionId="39836b9c-82cd-43b7-9e8e-88a70b392ee1" testListId="8c84fa94-04c1-424b-9868-57a2d4851a1d" />
    <TestEntry testId="91630d50-5bca-7acf-6341-4417c7067c35" executionId="7996c850-7b36-4190-a5aa-da000fc24ddf" testListId="8c84fa94-04c1-424b-9868-57a2d4851a1d" />
    <TestEntry testId="75dd8bd3-eae9-4577-2955-8c8531bc3c5b" executionId="6dede81e-b36f-448b-a14e-5a6446ded8d2" testListId="8c84fa94-04c1-424b-9868-57a2d4851a1d" />
    <TestEntry testId="055dd1b0-0a2c-8108-d65a-6f6f4684a4ce" executionId="85072587-a7a9-4c02-b5e6-dc7c30fb1cfa" testListId="8c84fa94-04c1-424b-9868-57a2d4851a1d" />
    <TestEntry testId="b2f41475-071c-06b4-373d-577f6af5c5d6" executionId="9b847618-bf53-45c7-92f6-61358b36ba55" testListId="8c84fa94-04c1-424b-9868-57a2d4851a1d" />
    <TestEntry testId="53961c9e-5b44-6e8d-e692-db730794cc8f" executionId="fab2e021-4f68-4253-959d-62e1d6a48582" testListId="8c84fa94-04c1-424b-9868-57a2d4851a1d" />
    <TestEntry testId="0aa79223-629c-5269-1c07-377109cd0bcb" executionId="1a8f9bad-86ff-48f0-af70-17df483dabe2" testListId="8c84fa94-04c1-424b-9868-57a2d4851a1d" />
    <TestEntry testId="c64ab3fd-a5a1-5878-7c1a-1e8a8afbf3b9" executionId="5b8a0af3-7f11-41b5-8170-904340217514" testListId="8c84fa94-04c1-424b-9868-57a2d4851a1d" />
    <TestEntry testId="4fed08b0-6faa-29af-fffd-4a7101183958" executionId="12bc5f7d-9200-4cfd-9d59-61469f23a03b" testListId="8c84fa94-04c1-424b-9868-57a2d4851a1d" />
    <TestEntry testId="d92eaaf4-b839-67e3-ea8a-60df87c4cfbd" executionId="9874ace2-2530-4379-9ec0-c24f7f11bd64" testListId="8c84fa94-04c1-424b-9868-57a2d4851a1d" />
    <TestEntry testId="7d4b2fb4-4f47-e69c-8783-b5d5edc4e395" executionId="113f7a81-124f-4071-b244-cbf9f15f707f" testListId="8c84fa94-04c1-424b-9868-57a2d4851a1d" />
    <TestEntry testId="2f32466c-54e6-c512-f429-2080bcc91825" executionId="a4bd7f73-a0fa-495f-8907-8790a2f48f0a" testListId="8c84fa94-04c1-424b-9868-57a2d4851a1d" />
    <TestEntry testId="c3ab92f1-9919-8262-68eb-854764e7ba38" executionId="c03f0285-a91c-420c-baac-ae43cde52643" testListId="8c84fa94-04c1-424b-9868-57a2d4851a1d" />
    <TestEntry testId="c064a3cb-594b-9f1c-fd00-9c99d07e5d7d" executionId="fe7434cf-4bf9-4f1a-9c6f-a6af9456fd53" testListId="8c84fa94-04c1-424b-9868-57a2d4851a1d" />
    <TestEntry testId="e1f51bb1-2532-93e9-0f45-421d8bb3ec2a" executionId="03e3d660-d31a-46e6-a2da-eeae20203f57" testListId="8c84fa94-04c1-424b-9868-57a2d4851a1d" />
    <TestEntry testId="4ff43338-8721-dbba-445e-878079003ddc" executionId="07dc5063-20c7-4cef-94f3-3b2b829e2649" testListId="8c84fa94-04c1-424b-9868-57a2d4851a1d" />
    <TestEntry testId="cb1cb307-beed-417a-ac8b-f4330065e350" executionId="fcaf3d6f-1baf-4b9c-b158-4843131c1b0f" testListId="8c84fa94-04c1-424b-9868-57a2d4851a1d" />
    <TestEntry testId="af36d738-f453-f142-0ce1-e216fe6834e8" executionId="b0753f3c-ed7a-4d0e-9044-9000023e3995" testListId="8c84fa94-04c1-424b-9868-57a2d4851a1d" />
    <TestEntry testId="5b3c5d54-7a5e-d899-2d9c-c16dbf4931ca" executionId="272d0d80-6485-4bcd-9a1a-738dcd003db3" testListId="8c84fa94-04c1-424b-9868-57a2d4851a1d" />
    <TestEntry testId="68f64e68-24e0-ca45-5d01-93a0ed765eae" executionId="ec3e4fc7-6f28-4ee6-ab54-ac81c9a3bebb" testListId="8c84fa94-04c1-424b-9868-57a2d4851a1d" />
    <TestEntry testId="920efb33-30de-9f4f-92fb-5da03c8d73d8" executionId="3a5120bf-b2e0-43ea-a194-42e5e517e28d" testListId="8c84fa94-04c1-424b-9868-57a2d4851a1d" />
    <TestEntry testId="0443b89a-0e19-7897-5ed1-52b3f67c6cf5" executionId="9eccb03d-80e2-4908-9dca-3fb1e5e746a4" testListId="8c84fa94-04c1-424b-9868-57a2d4851a1d" />
    <TestEntry testId="91b05bdf-ff91-2509-c0c6-ca5d28e711ee" executionId="20b7d847-bac5-4827-a5f2-6ccaf14ea854" testListId="8c84fa94-04c1-424b-9868-57a2d4851a1d" />
    <TestEntry testId="285bb885-df8b-e1fa-0501-85b2d2ed57d2" executionId="3ed1afff-4a80-4032-857c-bc1c118c45c7" testListId="8c84fa94-04c1-424b-9868-57a2d4851a1d" />
    <TestEntry testId="9f075bd6-5d09-682b-185d-903bddefcd8e" executionId="f3a25574-f666-4df4-9409-b3e7ab8c7e0e" testListId="8c84fa94-04c1-424b-9868-57a2d4851a1d" />
    <TestEntry testId="8de2a033-b676-2f53-2f59-0733a195f808" executionId="746c68e1-1406-4bde-83ba-fedcf5eb7911" testListId="8c84fa94-04c1-424b-9868-57a2d4851a1d" />
    <TestEntry testId="92e03e0f-edf9-aa46-0a93-130eee73dd0c" executionId="69eca111-757d-4d4d-b156-e2de88b45c9e" testListId="8c84fa94-04c1-424b-9868-57a2d4851a1d" />
    <TestEntry testId="cfc02a44-6328-e237-93b8-8ccd4232e507" executionId="929459ec-bea4-46fb-9bf9-69439ca4eafb" testListId="8c84fa94-04c1-424b-9868-57a2d4851a1d" />
    <TestEntry testId="ad9c4f1f-f3c4-4f5a-d866-e8e35b84d47b" executionId="3935a476-b1f1-4ba1-bbef-03d41b2e0858" testListId="8c84fa94-04c1-424b-9868-57a2d4851a1d" />
    <TestEntry testId="8a192c30-8319-60ca-9b79-083c98f4c139" executionId="19cd03e7-8c20-4539-ae54-1831974ef587" testListId="8c84fa94-04c1-424b-9868-57a2d4851a1d" />
    <TestEntry testId="6dda5574-3208-47af-bda7-987e6b113677" executionId="d69b4fb5-360e-4e49-9880-e82a549c74fe" testListId="8c84fa94-04c1-424b-9868-57a2d4851a1d" />
    <TestEntry testId="ee9a1573-ad49-6697-840a-72c1ec738307" executionId="7f493c15-7ca8-48a0-91e2-2959ddb6910d" testListId="8c84fa94-04c1-424b-9868-57a2d4851a1d" />
    <TestEntry testId="359602d4-5c8b-a71b-3178-d67e251b597f" executionId="3f1d7b57-caed-4626-a74e-2bf9593440c0" testListId="8c84fa94-04c1-424b-9868-57a2d4851a1d" />
    <TestEntry testId="2ecfc0bc-21d0-9225-7733-601491925d83" executionId="6a173d39-cd90-40c1-8be5-a8378ae20c2a" testListId="8c84fa94-04c1-424b-9868-57a2d4851a1d" />
    <TestEntry testId="abc15c7b-e91f-721b-1bac-97e82836e053" executionId="43648fba-aba5-4c8c-8133-9364042c2ddd" testListId="8c84fa94-04c1-424b-9868-57a2d4851a1d" />
    <TestEntry testId="d8703a4d-64af-90ac-3d91-d91ec6e526a2" executionId="6a6e8b91-e85a-4cb5-8663-ae5d22e9a30e" testListId="8c84fa94-04c1-424b-9868-57a2d4851a1d" />
    <TestEntry testId="1bf0b620-508f-e5dc-9a04-0b8d440ef88c" executionId="57ad08f6-2056-411a-91e0-c3ea347e3f5d" testListId="8c84fa94-04c1-424b-9868-57a2d4851a1d" />
    <TestEntry testId="46b0f1f2-e2c0-2ed3-c0f5-cf8dfe1ffe79" executionId="44bff55f-60a7-42d2-9d99-0020143cd8b2" testListId="8c84fa94-04c1-424b-9868-57a2d4851a1d" />
    <TestEntry testId="91378188-0153-6848-6e24-0c45539dcf6d" executionId="55bce1ce-ba35-4e33-bf27-a4933c4e93ab" testListId="8c84fa94-04c1-424b-9868-57a2d4851a1d" />
    <TestEntry testId="e1aea241-43f3-513e-2ce9-d6146ae98a5b" executionId="b7208e9d-a2bd-4a21-9029-5537fd7242d0" testListId="8c84fa94-04c1-424b-9868-57a2d4851a1d" />
    <TestEntry testId="a4fe69d7-576a-c1e6-1303-8a61499629eb" executionId="31561972-0e2b-496b-9460-743a3ca7a1e4" testListId="8c84fa94-04c1-424b-9868-57a2d4851a1d" />
    <TestEntry testId="c9d41f4b-061e-ad0e-ab6b-66d3fd7a5896" executionId="6c95fef7-e681-4eb2-9efa-e630e7a2ebeb" testListId="8c84fa94-04c1-424b-9868-57a2d4851a1d" />
    <TestEntry testId="2d1e8734-39be-985c-1537-9f979ee40cdf" executionId="defe90b7-82d1-4461-9499-7d93283f6e92" testListId="8c84fa94-04c1-424b-9868-57a2d4851a1d" />
    <TestEntry testId="facb13ba-4279-8129-3d61-b8f32c8851aa" executionId="cf3cea6f-5ece-4c9e-b1e5-4254bdc06101" testListId="8c84fa94-04c1-424b-9868-57a2d4851a1d" />
    <TestEntry testId="e0dd9245-0af9-4add-c5ea-a8878a46de43" executionId="53f9a32d-20a7-4549-b24a-f278d2d1a3ac" testListId="8c84fa94-04c1-424b-9868-57a2d4851a1d" />
    <TestEntry testId="8b9757c9-77c1-3693-65ab-02394e92b990" executionId="0a468126-2f2b-4457-b32f-67bf88cdcc95" testListId="8c84fa94-04c1-424b-9868-57a2d4851a1d" />
    <TestEntry testId="a3410762-c366-47a2-74c7-2581a7f438bc" executionId="d6a7188d-7cdb-4054-834d-92f3b2dc0168" testListId="8c84fa94-04c1-424b-9868-57a2d4851a1d" />
    <TestEntry testId="421a6e45-c786-7a38-bb88-c8e678f20118" executionId="61089112-da52-4bb7-819d-0046feae68f3" testListId="8c84fa94-04c1-424b-9868-57a2d4851a1d" />
    <TestEntry testId="c266fa7d-acb2-60c9-6e2b-3e6d7d99744e" executionId="37acc4a1-1eb1-47aa-957a-4681e8bda199" testListId="8c84fa94-04c1-424b-9868-57a2d4851a1d" />
    <TestEntry testId="71ab70a9-ef4b-ca2c-f5d6-1ba5618c1d97" executionId="938b37b9-50bc-4977-ab20-24734fd81024" testListId="8c84fa94-04c1-424b-9868-57a2d4851a1d" />
    <TestEntry testId="b0f8f278-b262-e750-8aa3-1ea9a3b22ed7" executionId="1f2e1a05-4962-46b6-8ef4-8a3e9ef6847b" testListId="8c84fa94-04c1-424b-9868-57a2d4851a1d" />
    <TestEntry testId="74539da9-e8d8-3db8-fc39-faa5f1db68f1" executionId="91b6de1f-27c5-43ca-be34-f432552fccc6" testListId="8c84fa94-04c1-424b-9868-57a2d4851a1d" />
    <TestEntry testId="061dd521-a1d0-0649-a878-d6361edc5bc9" executionId="eb549b6a-c0ce-4dab-bc2b-194176712514" testListId="8c84fa94-04c1-424b-9868-57a2d4851a1d" />
    <TestEntry testId="ea670fd5-fafa-be15-3f39-ea160de405a5" executionId="4f349747-66c6-4f22-bfb5-4a1f4bfffd34" testListId="8c84fa94-04c1-424b-9868-57a2d4851a1d" />
    <TestEntry testId="91a1d4f4-07ed-e043-9cbe-b43f79013c8f" executionId="f45f9a95-7b3c-4cfe-a9d2-a573e1da37eb" testListId="8c84fa94-04c1-424b-9868-57a2d4851a1d" />
    <TestEntry testId="d47a0e94-b401-7304-363c-d66f5512b23c" executionId="b5b4232d-1047-4118-913f-faef52aebf8f" testListId="8c84fa94-04c1-424b-9868-57a2d4851a1d" />
    <TestEntry testId="8c668144-2935-03c4-cb76-374695bb843a" executionId="810bec09-274f-4af3-92ac-cbb173f7493c" testListId="8c84fa94-04c1-424b-9868-57a2d4851a1d" />
    <TestEntry testId="d1607d13-bf37-a017-7c4d-310c80ac28d2" executionId="6c1526fc-2c8a-4592-a2ec-967ded80dbfd" testListId="8c84fa94-04c1-424b-9868-57a2d4851a1d" />
    <TestEntry testId="9896fd01-1602-19ad-40eb-c38536268da9" executionId="e4605fb0-14b3-459e-9350-7c3342f4ae09" testListId="8c84fa94-04c1-424b-9868-57a2d4851a1d" />
    <TestEntry testId="90282de9-ec82-4e67-bd23-4cc70ee9315b" executionId="bfa57023-fca7-480b-8b43-3572f22d0df5" testListId="8c84fa94-04c1-424b-9868-57a2d4851a1d" />
    <TestEntry testId="4d389c4f-c1a4-9777-3cc5-f0470e77453d" executionId="e250ca47-55e0-4df0-9a12-3f78de759a69" testListId="8c84fa94-04c1-424b-9868-57a2d4851a1d" />
    <TestEntry testId="5dc69bee-0bac-486b-6e0f-6ce7f05461ae" executionId="8edf554f-9854-405e-99bb-22d347ca90f1" testListId="8c84fa94-04c1-424b-9868-57a2d4851a1d" />
    <TestEntry testId="e31e485a-1cf3-d830-234b-7b05e837d621" executionId="5092cc2b-d72d-4af5-b14a-6b230a53e5bc" testListId="8c84fa94-04c1-424b-9868-57a2d4851a1d" />
    <TestEntry testId="c0fbf6e7-772e-29b3-6edc-0a3674abefb6" executionId="3f400d61-731d-4870-8824-73c3f363a8f9" testListId="8c84fa94-04c1-424b-9868-57a2d4851a1d" />
    <TestEntry testId="0deeb8ae-3a20-2371-5a6c-b2ecc1099272" executionId="a73df9f8-bc13-42e1-999c-b246dc718f54" testListId="8c84fa94-04c1-424b-9868-57a2d4851a1d" />
    <TestEntry testId="4a5df4ca-f345-0994-08e9-9a292fd5e958" executionId="b2722792-576c-4806-9c66-dbc0f760d67a" testListId="8c84fa94-04c1-424b-9868-57a2d4851a1d" />
    <TestEntry testId="bc057af5-36ed-77fb-c2b2-4b62175a9d61" executionId="bde20d02-628d-490b-ae94-5eb704609e22" testListId="8c84fa94-04c1-424b-9868-57a2d4851a1d" />
    <TestEntry testId="e8b0726c-36bd-6c85-dd69-b7de9bafab06" executionId="420c9f42-e18c-4957-b54b-509400817403" testListId="8c84fa94-04c1-424b-9868-57a2d4851a1d" />
    <TestEntry testId="5b7d7e18-3797-759c-db9a-5e4c609a525d" executionId="7e84fb0c-a041-4f21-ba56-f3226d11ab12" testListId="8c84fa94-04c1-424b-9868-57a2d4851a1d" />
    <TestEntry testId="902de792-f705-6364-b7ff-7e3bf94c757c" executionId="9006e2ad-017a-405c-9806-9dc416044c7d" testListId="8c84fa94-04c1-424b-9868-57a2d4851a1d" />
    <TestEntry testId="b5808cb5-1ccc-f6ad-2d48-84256ff70878" executionId="f6a09f50-96c2-4daa-994d-feb7b6c7ed81" testListId="8c84fa94-04c1-424b-9868-57a2d4851a1d" />
    <TestEntry testId="469a685d-4e1b-0133-054e-35e10cec9810" executionId="c19572e6-c100-403e-b7ad-6c85a797c2b5" testListId="8c84fa94-04c1-424b-9868-57a2d4851a1d" />
    <TestEntry testId="7dfff11c-46c3-c506-4197-5a652064eb50" executionId="23e6b98c-6bfc-44e0-a0c1-5d5e9eff322c" testListId="8c84fa94-04c1-424b-9868-57a2d4851a1d" />
    <TestEntry testId="37fe9d09-a818-1ef8-df58-f72c0d297037" executionId="bc4a63c3-659c-4071-9ece-72a116d8a507" testListId="8c84fa94-04c1-424b-9868-57a2d4851a1d" />
    <TestEntry testId="00441c96-4748-e7f5-f01b-e47727822d3b" executionId="218e6286-dd99-48ec-8ebf-cf221e5eee6c" testListId="8c84fa94-04c1-424b-9868-57a2d4851a1d" />
    <TestEntry testId="f1eb8b6a-9375-3801-5631-df4597432bd1" executionId="d3d011bd-6a75-4915-a364-eea2384e8f80" testListId="8c84fa94-04c1-424b-9868-57a2d4851a1d" />
    <TestEntry testId="c4796383-dd20-0fa4-0454-b0730eb75248" executionId="46b24ea2-6a6e-4b6d-bd2e-13f7839c635a" testListId="8c84fa94-04c1-424b-9868-57a2d4851a1d" />
    <TestEntry testId="f8a55f69-4bb6-f4ce-d8cb-672a9c4c9f03" executionId="4d7d424b-7b2d-494a-956b-422722cf4c6a" testListId="8c84fa94-04c1-424b-9868-57a2d4851a1d" />
    <TestEntry testId="f7e0777a-1331-1f40-67bd-d8c8374f16be" executionId="02c04700-a12b-4a13-b4fe-4c9476cac3e1" testListId="8c84fa94-04c1-424b-9868-57a2d4851a1d" />
    <TestEntry testId="a0490bd8-72d0-eb80-99c2-9e2dd52b73ee" executionId="6b7d24f5-88fd-4ab3-95b5-f9582453ab81" testListId="8c84fa94-04c1-424b-9868-57a2d4851a1d" />
    <TestEntry testId="eae8d6d5-3d1b-9a28-35cb-83916a819bec" executionId="9a698689-1f10-4208-87e2-b46b8b3e1393" testListId="8c84fa94-04c1-424b-9868-57a2d4851a1d" />
    <TestEntry testId="b4c3f351-61ef-8930-7ade-7ecfade50bdf" executionId="b475c899-2e8f-4ea6-b6b7-bdeb6db4cef9" testListId="8c84fa94-04c1-424b-9868-57a2d4851a1d" />
    <TestEntry testId="42016bf3-754c-eff4-cfc4-18801838538f" executionId="88880dd1-9db4-4315-9b33-edbee6f5ddbe" testListId="8c84fa94-04c1-424b-9868-57a2d4851a1d" />
    <TestEntry testId="8b1542e3-99b5-1273-5fd1-a9f37fb26ad5" executionId="be636bc2-cceb-4330-b722-d55a3a078837" testListId="8c84fa94-04c1-424b-9868-57a2d4851a1d" />
    <TestEntry testId="5a022529-d884-a7d6-8c9f-86c67564ce23" executionId="a8b73e38-341e-4689-9f30-b806919c8e4b" testListId="8c84fa94-04c1-424b-9868-57a2d4851a1d" />
    <TestEntry testId="69d56e98-4eff-4355-eeb5-6709592411a0" executionId="1c5589b1-a5f5-4eaa-a6ac-63796d762e2d" testListId="8c84fa94-04c1-424b-9868-57a2d4851a1d" />
    <TestEntry testId="099963f8-8e00-3f84-3a38-4573687c4438" executionId="4f8598d7-eb17-4701-a45d-a7977da19b6c" testListId="8c84fa94-04c1-424b-9868-57a2d4851a1d" />
    <TestEntry testId="a19c62ca-31cc-64e1-f5dd-6b73618efdbd" executionId="ace21d0a-cb84-45dc-b131-f9a180ee1586" testListId="8c84fa94-04c1-424b-9868-57a2d4851a1d" />
    <TestEntry testId="79e9a2d5-6fd7-c594-c7c3-6a0aee043d3b" executionId="77ef2cd4-4f06-4b7a-9340-b4ed8e49bf24" testListId="8c84fa94-04c1-424b-9868-57a2d4851a1d" />
    <TestEntry testId="fc601999-9e44-2983-a7fb-26c9b68b5726" executionId="19cebbe5-78b0-4278-ad4e-c453ef9bf1b2" testListId="8c84fa94-04c1-424b-9868-57a2d4851a1d" />
    <TestEntry testId="df26f463-6d21-97d6-0a42-9137aec5ea4c" executionId="58830e86-bff9-4194-9260-b49498f4b9a7" testListId="8c84fa94-04c1-424b-9868-57a2d4851a1d" />
    <TestEntry testId="8952b576-6631-ae17-2867-cd3e93cd8ea7" executionId="18f9b306-7776-4ad8-8dd0-b85d91564ec7" testListId="8c84fa94-04c1-424b-9868-57a2d4851a1d" />
    <TestEntry testId="2d57c021-10f4-7573-e131-41b5e641b7f1" executionId="124aeade-f885-49b0-8458-1ec7b228771a" testListId="8c84fa94-04c1-424b-9868-57a2d4851a1d" />
    <TestEntry testId="cd326f26-4b5c-a5b5-7db2-4bedf97529df" executionId="e09f4ad2-b666-49b4-804b-13e0620d9aab" testListId="8c84fa94-04c1-424b-9868-57a2d4851a1d" />
    <TestEntry testId="5b735e33-8631-fc28-0819-93b4df2659c4" executionId="56c19dac-f406-44c8-9548-343035dac8ee" testListId="8c84fa94-04c1-424b-9868-57a2d4851a1d" />
    <TestEntry testId="22e52513-2df6-8c27-3e3b-511650413f71" executionId="34270f04-0464-4e75-aa61-d68cb51df0b1" testListId="8c84fa94-04c1-424b-9868-57a2d4851a1d" />
    <TestEntry testId="1778f960-3877-9ea7-360f-a6725dc97989" executionId="a3b8d0de-b15d-443b-b640-c279b516307d" testListId="8c84fa94-04c1-424b-9868-57a2d4851a1d" />
    <TestEntry testId="01cf9393-974a-501b-772e-4a5b61f1c33b" executionId="0871b5aa-5ade-40fb-9e58-ab498a113f75" testListId="8c84fa94-04c1-424b-9868-57a2d4851a1d" />
    <TestEntry testId="47d60e4c-7728-7fa1-ef17-3a29405824ca" executionId="e9bd0789-99e3-4a66-88dd-4db5c338626d" testListId="8c84fa94-04c1-424b-9868-57a2d4851a1d" />
    <TestEntry testId="7537e683-3e74-548a-5552-941c0a3f0e36" executionId="88075f66-3f11-42cc-b28c-eda6b9747aed" testListId="8c84fa94-04c1-424b-9868-57a2d4851a1d" />
    <TestEntry testId="406df244-d1c3-813e-16f9-3ed6d4fe1b59" executionId="40537b03-18a9-460e-a356-cd761c8b53a0" testListId="8c84fa94-04c1-424b-9868-57a2d4851a1d" />
    <TestEntry testId="ecfa8010-b0ed-0c28-6fc0-090d48a06e33" executionId="4de03124-5ab7-4e4d-aef3-850ea85996d9" testListId="8c84fa94-04c1-424b-9868-57a2d4851a1d" />
    <TestEntry testId="523f430c-589f-aafd-1b2b-05118044b2a8" executionId="22da871d-fc89-4ad9-b6e5-76295a3ae49f" testListId="8c84fa94-04c1-424b-9868-57a2d4851a1d" />
    <TestEntry testId="58fdf393-4dc1-4654-9f01-3990fd5b5cd7" executionId="d4463287-24f3-4809-95c0-43a27e595c50" testListId="8c84fa94-04c1-424b-9868-57a2d4851a1d" />
    <TestEntry testId="71626fb2-cfd5-3c05-82ee-59e28a2a2450" executionId="2aef4977-2ffd-4fb0-9ef0-79dfcdabb6ef" testListId="8c84fa94-04c1-424b-9868-57a2d4851a1d" />
    <TestEntry testId="a76a52d2-e464-7beb-7062-8f2eeda29156" executionId="9ef3ac86-d404-4594-a167-0a8cab7e0166" testListId="8c84fa94-04c1-424b-9868-57a2d4851a1d" />
    <TestEntry testId="49bd8a06-7460-8a08-3a2a-32fcb61399a5" executionId="1ffb26dc-78e3-4993-b24a-2a87163334a5" testListId="8c84fa94-04c1-424b-9868-57a2d4851a1d" />
    <TestEntry testId="8ecd3a27-de14-37b0-a475-7f1b4251867d" executionId="a14554d7-a848-4c7b-81f9-e6a47d93a7bf" testListId="8c84fa94-04c1-424b-9868-57a2d4851a1d" />
    <TestEntry testId="83e26a96-56bc-6d91-1739-e2e0f0465b03" executionId="2228d401-f834-4af6-a4ee-231e96eca5ac" testListId="8c84fa94-04c1-424b-9868-57a2d4851a1d" />
    <TestEntry testId="023432c7-067d-a2df-fa8e-8d2b0c485356" executionId="e4bfc6a2-4a18-41dc-9306-4fac92e10993" testListId="8c84fa94-04c1-424b-9868-57a2d4851a1d" />
    <TestEntry testId="1c868ec4-ae6a-9888-5fc7-0dc13520ac66" executionId="4ef6591a-4bbd-4953-9441-72b0d4cc6aa4" testListId="8c84fa94-04c1-424b-9868-57a2d4851a1d" />
    <TestEntry testId="085184fe-e868-8379-b878-742948946639" executionId="9d3bb238-4879-40d7-ab34-a9bb45186aaf" testListId="8c84fa94-04c1-424b-9868-57a2d4851a1d" />
    <TestEntry testId="b4df1736-c2bd-dc63-b866-5fc06d2618cb" executionId="91323e86-96d3-4aa7-ae7f-b9ddeb985f1c" testListId="8c84fa94-04c1-424b-9868-57a2d4851a1d" />
    <TestEntry testId="15c6ac4d-16dc-6060-b25a-37948ceea996" executionId="8f024b59-0ffd-40e3-8fbd-c997afb28eef" testListId="8c84fa94-04c1-424b-9868-57a2d4851a1d" />
    <TestEntry testId="299d9885-53d7-e812-ce71-f67d71904c3f" executionId="5efc15fb-2c60-4a9f-8e9f-c0ba5e0d3a6c" testListId="8c84fa94-04c1-424b-9868-57a2d4851a1d" />
    <TestEntry testId="9434f0b6-144d-fa9a-e2fd-7b54edae4153" executionId="9104c17c-8962-4d80-9276-c0b8650da0b9" testListId="8c84fa94-04c1-424b-9868-57a2d4851a1d" />
    <TestEntry testId="07a9d1df-9555-65c3-26a0-2bcdd39868c6" executionId="a369ba75-22f3-462c-bfce-d22e881abf04" testListId="8c84fa94-04c1-424b-9868-57a2d4851a1d" />
    <TestEntry testId="e8e9bd96-bced-3cd1-ed8b-8f1f5cb07968" executionId="c41ffa19-3b76-49e9-8d67-11f02ce7fc87" testListId="8c84fa94-04c1-424b-9868-57a2d4851a1d" />
    <TestEntry testId="3dd0b31c-7ae7-d396-3cb3-ba9a89f3a4d4" executionId="b997ef67-4f54-4843-8b77-7340ff9bb7cd" testListId="8c84fa94-04c1-424b-9868-57a2d4851a1d" />
    <TestEntry testId="2f10ab10-fdd8-2469-243c-352eb06f9e9c" executionId="ffe7dd46-5c41-47b4-97ae-166f023b54fd" testListId="8c84fa94-04c1-424b-9868-57a2d4851a1d" />
    <TestEntry testId="28772bab-df5d-6054-e291-6e60f8a662fb" executionId="ba7b507d-a69a-401d-bea9-2aebcfbf5975" testListId="8c84fa94-04c1-424b-9868-57a2d4851a1d" />
    <TestEntry testId="e3729802-a92d-c297-8894-5684f6910af3" executionId="fc0fb032-6625-4c4a-bbbd-40324b490617" testListId="8c84fa94-04c1-424b-9868-57a2d4851a1d" />
    <TestEntry testId="a606fd29-5ae7-b480-ad67-6c591600d344" executionId="6de35658-3b34-4005-aeb2-34f86d5cf4ed" testListId="8c84fa94-04c1-424b-9868-57a2d4851a1d" />
    <TestEntry testId="a97fbf30-a467-d383-085d-3cbf7f26c69d" executionId="00084628-f9ae-49a1-9e8f-d3b8ac874926" testListId="8c84fa94-04c1-424b-9868-57a2d4851a1d" />
    <TestEntry testId="fdc07046-cd97-c6a1-b694-bc2939683480" executionId="2eabf231-5305-4e95-98a4-2847a0c3ef58" testListId="8c84fa94-04c1-424b-9868-57a2d4851a1d" />
    <TestEntry testId="7355de11-ecb9-78c1-e9a7-a6ad6863c717" executionId="6f553c7c-7bd7-4445-99c1-bfaa827bde79" testListId="8c84fa94-04c1-424b-9868-57a2d4851a1d" />
    <TestEntry testId="45142e11-464c-9d21-08ec-b2dc0e449acc" executionId="aca8b572-50df-4a7e-8715-168121131373" testListId="8c84fa94-04c1-424b-9868-57a2d4851a1d" />
    <TestEntry testId="bec3fbce-3667-808b-c4b9-9a5dd3375e67" executionId="fae71f0a-4842-446e-bfff-198887c666a6" testListId="8c84fa94-04c1-424b-9868-57a2d4851a1d" />
    <TestEntry testId="4d94901a-0408-1f44-6b67-c45adb96b544" executionId="9e605fe8-0841-4b88-a1d2-e2b1fd8a9029" testListId="8c84fa94-04c1-424b-9868-57a2d4851a1d" />
    <TestEntry testId="6608e1a4-2d57-9534-02c8-9ed8cbf3fe3c" executionId="a970e4c9-37bc-4245-8122-7375dcbe0ba7" testListId="8c84fa94-04c1-424b-9868-57a2d4851a1d" />
    <TestEntry testId="3a3ca858-e141-d107-a546-9b5950e81a79" executionId="097f40c5-6fbf-444d-9ed4-a0f7557e5db0" testListId="8c84fa94-04c1-424b-9868-57a2d4851a1d" />
    <TestEntry testId="c39cdb82-dd1e-353a-b6fd-bd61b49d028c" executionId="13a464b7-6cdb-4a86-bc5c-03425169764a" testListId="8c84fa94-04c1-424b-9868-57a2d4851a1d" />
    <TestEntry testId="e0322fac-aec1-23bb-b284-575e2e1315bf" executionId="46a8917c-c4b4-4244-88ba-cf603d67ac2b" testListId="8c84fa94-04c1-424b-9868-57a2d4851a1d" />
    <TestEntry testId="d90c12dd-95d4-2680-665c-a9724bf3407c" executionId="6a576786-6cf2-41e1-9a77-e3f2299eb074" testListId="8c84fa94-04c1-424b-9868-57a2d4851a1d" />
    <TestEntry testId="801681ec-6f06-528d-01cb-0c438e16a2db" executionId="da310c72-248f-4685-ab6e-25ff934cb569" testListId="8c84fa94-04c1-424b-9868-57a2d4851a1d" />
    <TestEntry testId="9bd1749b-1791-ec4a-f271-7478791738c2" executionId="aca9aa85-63d4-4e86-a81f-0b220b76ed24" testListId="8c84fa94-04c1-424b-9868-57a2d4851a1d" />
    <TestEntry testId="40f30388-f8c4-beae-03f2-092496540fd0" executionId="e1ed7529-93df-469d-9fc5-570019281654" testListId="8c84fa94-04c1-424b-9868-57a2d4851a1d" />
    <TestEntry testId="a9d18150-cea2-1f58-98af-2d8981b7023b" executionId="6c47ad07-e203-42f5-b7e4-2328ce9b81f9" testListId="8c84fa94-04c1-424b-9868-57a2d4851a1d" />
    <TestEntry testId="684a3b2a-9d14-8186-77c4-3617426330bc" executionId="971b2651-11ad-4fa7-949e-9babda3c17b5" testListId="8c84fa94-04c1-424b-9868-57a2d4851a1d" />
    <TestEntry testId="6d88a6f4-e9ba-b488-7fca-3a2a8f87fcdb" executionId="a05c2479-7386-4616-92c8-d0ad349c1196" testListId="8c84fa94-04c1-424b-9868-57a2d4851a1d" />
    <TestEntry testId="5d7eb242-2da2-1aff-54be-febe9c23c1d1" executionId="99935bd6-48b4-4b5f-9d69-44b7b3f3ca5d" testListId="8c84fa94-04c1-424b-9868-57a2d4851a1d" />
    <TestEntry testId="f1ed17de-9249-363e-707b-4aac0d4a7566" executionId="e835e2fd-678a-4b10-9079-07a9c36c48fa" testListId="8c84fa94-04c1-424b-9868-57a2d4851a1d" />
    <TestEntry testId="4c3b0b4e-8fbb-7811-7a21-4748a52bc3e2" executionId="74d18912-8845-43e2-8525-4eb0b20bbd6b" testListId="8c84fa94-04c1-424b-9868-57a2d4851a1d" />
    <TestEntry testId="66492ce0-50fe-4131-fc04-f0f70d82b725" executionId="fc67347e-4951-4b22-80ad-916e7a298131" testListId="8c84fa94-04c1-424b-9868-57a2d4851a1d" />
    <TestEntry testId="81b5dd08-2dc8-a3e0-2f51-9318fd82024c" executionId="187041a6-5344-436f-994d-64d23abca0bb" testListId="8c84fa94-04c1-424b-9868-57a2d4851a1d" />
    <TestEntry testId="441fccae-3b8f-46a3-a8ec-69ee090eade3" executionId="af2aa8bd-5024-4643-9a20-bfa9fa274674" testListId="8c84fa94-04c1-424b-9868-57a2d4851a1d" />
    <TestEntry testId="b3a40561-d822-6f86-f3da-df64bc9ebecd" executionId="cd7200fd-5147-48bf-afed-22fc34a749da" testListId="8c84fa94-04c1-424b-9868-57a2d4851a1d" />
    <TestEntry testId="8ec388e9-fc91-4d25-bf6f-f8f08af7b2f5" executionId="0b799ba2-d235-4055-836c-f95aecbc8016" testListId="8c84fa94-04c1-424b-9868-57a2d4851a1d" />
    <TestEntry testId="0537d0ef-2381-cd61-1563-2c44728b16d8" executionId="6d2dfe0b-43c1-446e-819a-3c9c0ad7fbf5" testListId="8c84fa94-04c1-424b-9868-57a2d4851a1d" />
    <TestEntry testId="d8574c62-7f64-edaf-9bb3-a57031c9c43d" executionId="110bf070-3fbc-48a2-a63b-58fbc83e1d54" testListId="8c84fa94-04c1-424b-9868-57a2d4851a1d" />
    <TestEntry testId="15bff550-0c48-3ffe-9284-11b3c21248de" executionId="896b7c9c-070f-43fc-b836-32d81791e3dc" testListId="8c84fa94-04c1-424b-9868-57a2d4851a1d" />
    <TestEntry testId="bc86b314-5fe6-6bdd-9f3a-a18c69ce6d0f" executionId="40d8ade8-e300-4deb-9a2c-9b27cf5f23fd" testListId="8c84fa94-04c1-424b-9868-57a2d4851a1d" />
    <TestEntry testId="5b0b7c95-f6d8-a2fe-eb27-9c403d882838" executionId="0f0f9d1e-4204-400b-88b5-c3bb0caa486a" testListId="8c84fa94-04c1-424b-9868-57a2d4851a1d" />
    <TestEntry testId="2ff69b2c-15f7-7252-063e-2d4877f45ec0" executionId="2af29302-6a75-4484-8930-74cdb262bdd7" testListId="8c84fa94-04c1-424b-9868-57a2d4851a1d" />
    <TestEntry testId="6dac4c1c-db66-2a51-4336-9a7010a21c77" executionId="356c6641-605b-46f2-b04e-848c446c6111" testListId="8c84fa94-04c1-424b-9868-57a2d4851a1d" />
    <TestEntry testId="5722e0ae-ca74-4e51-7bf5-080a8bfd63bc" executionId="d5b7f4d5-a3f2-40ab-a89e-a84a8a36bae7" testListId="8c84fa94-04c1-424b-9868-57a2d4851a1d" />
    <TestEntry testId="f5d77dae-7864-4aa7-6ea9-efd787914fdc" executionId="81b8f468-be42-408b-9401-11d213fdb9ec" testListId="8c84fa94-04c1-424b-9868-57a2d4851a1d" />
    <TestEntry testId="20a92ec6-b034-8a96-bf54-9fb94fce27f7" executionId="f8a96807-510f-43b7-bd8d-5e4ee4348f70" testListId="8c84fa94-04c1-424b-9868-57a2d4851a1d" />
    <TestEntry testId="6d702234-c5da-512c-d19b-11f0b003c6d1" executionId="78a40b48-6ecf-4f3f-aa01-018819928a7d" testListId="8c84fa94-04c1-424b-9868-57a2d4851a1d" />
    <TestEntry testId="ef50a5c4-5ecf-67d2-2133-62db98825073" executionId="99c1a103-ee0f-44af-9903-4235fd76bddf" testListId="8c84fa94-04c1-424b-9868-57a2d4851a1d" />
    <TestEntry testId="33ddece8-ef6e-de86-ff9f-62192d743904" executionId="56da6d6a-2e5b-4cad-8f9e-65309279f91e" testListId="8c84fa94-04c1-424b-9868-57a2d4851a1d" />
    <TestEntry testId="3ca12e18-ed2b-68bd-ab21-229d493594e6" executionId="365ce2d2-8f0f-4537-9930-0ffa5d387d5b" testListId="8c84fa94-04c1-424b-9868-57a2d4851a1d" />
    <TestEntry testId="d7b9ae62-4462-ee76-b6c5-ced79f1a5234" executionId="2e8e0f54-75ab-475f-8e37-f0a5ba2fab64" testListId="8c84fa94-04c1-424b-9868-57a2d4851a1d" />
    <TestEntry testId="2e5eb7c4-d75d-9cf6-4222-f8f1c9ac626a" executionId="ca093c76-8602-4f60-afa7-a25acd86dcb0" testListId="8c84fa94-04c1-424b-9868-57a2d4851a1d" />
    <TestEntry testId="f42df295-0a09-b35f-0a4f-b6a4d09ce712" executionId="3ac61d50-2e66-4b50-b71e-fb6ced80b55d" testListId="8c84fa94-04c1-424b-9868-57a2d4851a1d" />
    <TestEntry testId="ee515d6c-2d47-b4a0-9e7c-d4b3563152a1" executionId="861e7ffe-164f-4b47-abff-7fb2c95fed53" testListId="8c84fa94-04c1-424b-9868-57a2d4851a1d" />
    <TestEntry testId="ddcc81ed-830c-5786-4d28-e9470c566f0e" executionId="44057947-b634-4992-a6ec-4c0dee4462da" testListId="8c84fa94-04c1-424b-9868-57a2d4851a1d" />
    <TestEntry testId="245405dd-491a-55b3-14cd-299fc71fa07d" executionId="956a8636-bbdd-4593-89e7-0f7afd059a41" testListId="8c84fa94-04c1-424b-9868-57a2d4851a1d" />
    <TestEntry testId="237aa86c-2a79-f857-6b0b-b15024d55da5" executionId="54909905-ea30-4dc2-bfeb-3e765e7b5d3a" testListId="8c84fa94-04c1-424b-9868-57a2d4851a1d" />
    <TestEntry testId="18b2326c-4bed-936a-779f-ca59ee086658" executionId="7f24afac-79a2-4574-8bc4-cff4aa63410e" testListId="8c84fa94-04c1-424b-9868-57a2d4851a1d" />
    <TestEntry testId="475019ae-3d7f-95bf-6137-a7ac269ca177" executionId="8da58dec-4881-4c1f-997a-e35aac53a0d5" testListId="8c84fa94-04c1-424b-9868-57a2d4851a1d" />
    <TestEntry testId="98e469bb-9f52-5e59-ff5e-c657d094c2bb" executionId="5bcd6f78-f099-481b-a797-2c8a3692f411" testListId="8c84fa94-04c1-424b-9868-57a2d4851a1d" />
    <TestEntry testId="c7b4be8c-405a-cff4-f09d-429800388a2f" executionId="6f589510-5e83-415e-9bc1-8db947a19ea4" testListId="8c84fa94-04c1-424b-9868-57a2d4851a1d" />
    <TestEntry testId="14c91b84-b688-7c5e-d960-73e0d6089384" executionId="16ac9c6b-7606-467e-9e1f-bd9187c37c78" testListId="8c84fa94-04c1-424b-9868-57a2d4851a1d" />
    <TestEntry testId="f68824d7-0984-58d5-473e-d248d29d1f81" executionId="631d767e-3552-409f-bf4c-dae2c51a99d1" testListId="8c84fa94-04c1-424b-9868-57a2d4851a1d" />
    <TestEntry testId="f2da032d-91aa-95b3-1f3a-869ade8a89d3" executionId="6838b70b-59ce-4104-b286-fe02035eeec6" testListId="8c84fa94-04c1-424b-9868-57a2d4851a1d" />
    <TestEntry testId="ce6a2b6c-c75a-0ab1-82b9-24f5e794be59" executionId="bf4dc22c-142c-4e34-801b-3320d3240da8" testListId="8c84fa94-04c1-424b-9868-57a2d4851a1d" />
    <TestEntry testId="bfdbb567-bae3-a47b-dea2-4065a10042f7" executionId="4b77c868-9cd8-4f81-8717-57ed2f011b0d" testListId="8c84fa94-04c1-424b-9868-57a2d4851a1d" />
    <TestEntry testId="c3fc67c9-f6cc-0277-4e92-395574eb470c" executionId="ced85779-94a4-4b33-b8e8-bdced32cd46c" testListId="8c84fa94-04c1-424b-9868-57a2d4851a1d" />
    <TestEntry testId="edbaf06d-2784-fb0b-6a51-d7a7b978a687" executionId="7354cc79-bcd2-4498-9add-a64a67372dd3" testListId="8c84fa94-04c1-424b-9868-57a2d4851a1d" />
    <TestEntry testId="33105edf-e833-84c3-9d73-5c48e0d690f3" executionId="7d2767d6-49ba-475a-93b2-dd9e50fc015c" testListId="8c84fa94-04c1-424b-9868-57a2d4851a1d" />
    <TestEntry testId="23955a31-cf35-8855-1092-98631cf687d8" executionId="721a882c-bed1-400a-8abd-d546c7bf71c2" testListId="8c84fa94-04c1-424b-9868-57a2d4851a1d" />
    <TestEntry testId="10fcbc64-84e0-4168-f0c5-d1d525e9969f" executionId="cf72ad30-8ca3-4b24-a031-b892a360924b" testListId="8c84fa94-04c1-424b-9868-57a2d4851a1d" />
    <TestEntry testId="11ec8f68-45a3-af3f-4a85-f9e875a034b9" executionId="bcde366c-a19a-4f2a-af0f-7487e73def49" testListId="8c84fa94-04c1-424b-9868-57a2d4851a1d" />
    <TestEntry testId="cba6d1e7-9efd-8bb5-d58c-bc7892bd4b07" executionId="afcb5cdc-1cfc-43b2-8e8f-16372834f27e" testListId="8c84fa94-04c1-424b-9868-57a2d4851a1d" />
    <TestEntry testId="d18e2342-ed93-20fc-1486-ab5d0965097b" executionId="11158d88-b627-46c3-a966-073f9c289487" testListId="8c84fa94-04c1-424b-9868-57a2d4851a1d" />
    <TestEntry testId="45cb73b7-c03c-7dde-9cbf-274f19a6f153" executionId="61651760-4089-4a50-876d-d7d67b789ca7" testListId="8c84fa94-04c1-424b-9868-57a2d4851a1d" />
    <TestEntry testId="ad2deadc-28a2-719e-7150-17ba175aa913" executionId="a82d4882-0059-4aa9-afaf-ecabef308fb3" testListId="8c84fa94-04c1-424b-9868-57a2d4851a1d" />
    <TestEntry testId="47c9a237-7b62-75f9-e1ca-dd3cd3c91f8d" executionId="3b7c6ceb-2ba1-41f5-a89d-3c1400a61c5e" testListId="8c84fa94-04c1-424b-9868-57a2d4851a1d" />
    <TestEntry testId="2c6cc121-0dd5-d647-685b-59af2aa3177a" executionId="0f8fe110-d0a6-4b81-80d1-79c4f7ac4df3" testListId="8c84fa94-04c1-424b-9868-57a2d4851a1d" />
    <TestEntry testId="ba0a5a7d-c5b5-7dd0-271b-846e5b517e29" executionId="34eda995-8f48-486c-9107-9994e3dd2585" testListId="8c84fa94-04c1-424b-9868-57a2d4851a1d" />
    <TestEntry testId="079afae8-e738-bf64-6da5-12a3d22bf9e1" executionId="3592cfc1-a724-422b-859a-a06e962cf142" testListId="8c84fa94-04c1-424b-9868-57a2d4851a1d" />
    <TestEntry testId="aef537d8-2872-7fbb-f05d-3fcdf7a673b8" executionId="8e2a5045-fbb6-45b3-9591-f5a74c9e9c48" testListId="8c84fa94-04c1-424b-9868-57a2d4851a1d" />
    <TestEntry testId="9cd5c73f-8266-3b6a-c78a-2aac24b20653" executionId="40a18b04-69d6-440d-8b89-b674758ff6a8" testListId="8c84fa94-04c1-424b-9868-57a2d4851a1d" />
    <TestEntry testId="1ae221e2-cbc4-5083-5871-886c8bde94bb" executionId="0510e1c0-9ace-46ec-b68b-2b56a2283c8b" testListId="8c84fa94-04c1-424b-9868-57a2d4851a1d" />
    <TestEntry testId="a9da35b8-99a8-fe50-9531-fe6e4dd9b7fc" executionId="760d8097-5e78-4a9d-a91f-41d2956fe476" testListId="8c84fa94-04c1-424b-9868-57a2d4851a1d" />
    <TestEntry testId="42ebbc3e-9cb4-7b29-f224-f1d9cba21bf9" executionId="1972a9bc-c986-44df-baff-27919a61c894" testListId="8c84fa94-04c1-424b-9868-57a2d4851a1d" />
    <TestEntry testId="0c97d668-a530-0371-fb9a-28c792581fe6" executionId="db16d3c1-7f9a-4803-89c0-de8484ce6ff1" testListId="8c84fa94-04c1-424b-9868-57a2d4851a1d" />
    <TestEntry testId="6a374012-2fd6-0cd8-6683-20b8af7e8ea0" executionId="94c94321-71a4-4d23-af68-9af8d079bd7a" testListId="8c84fa94-04c1-424b-9868-57a2d4851a1d" />
    <TestEntry testId="b407155a-e5fd-8677-d804-23913edba29d" executionId="e90e882a-0981-4081-8b96-8f81d0eb1dbe" testListId="8c84fa94-04c1-424b-9868-57a2d4851a1d" />
    <TestEntry testId="a83f3e46-a026-f6b2-8efd-ed8752f0f9e8" executionId="25f30471-e526-4b08-8625-acb36c502ea7" testListId="8c84fa94-04c1-424b-9868-57a2d4851a1d" />
    <TestEntry testId="54bb1776-45b9-440f-39dc-4b42c206b81f" executionId="41533927-6d51-4058-8a42-58a2c8b8a47b" testListId="8c84fa94-04c1-424b-9868-57a2d4851a1d" />
    <TestEntry testId="29a3c11d-efc3-2b7f-7226-91220f6ed839" executionId="d7690629-e017-463e-918d-551e065e376d" testListId="8c84fa94-04c1-424b-9868-57a2d4851a1d" />
    <TestEntry testId="919a0def-61d6-a630-f655-9a4c320ae4c8" executionId="d1c30699-4cd4-4688-a67e-88fe57b052af" testListId="8c84fa94-04c1-424b-9868-57a2d4851a1d" />
    <TestEntry testId="b26fb74e-729d-8047-377b-8be9da93dbdb" executionId="c901ff11-3a26-401e-8513-dd0aabcefaec" testListId="8c84fa94-04c1-424b-9868-57a2d4851a1d" />
    <TestEntry testId="b85c644b-8489-cbb9-6e06-ef4de46141c2" executionId="5efc70e3-9e22-4ea2-a5f5-a6ad31c1d12a" testListId="8c84fa94-04c1-424b-9868-57a2d4851a1d" />
    <TestEntry testId="f4c7a1fe-8e1a-0bf7-6944-a7dc509a0e14" executionId="81440bfa-26d4-44e7-b4c2-7007beff5424" testListId="8c84fa94-04c1-424b-9868-57a2d4851a1d" />
    <TestEntry testId="f00f3d6c-4b48-2938-84c4-a91f755f803f" executionId="a98c6bba-c66d-48c0-9a10-f1f2ca19f933" testListId="8c84fa94-04c1-424b-9868-57a2d4851a1d" />
    <TestEntry testId="f2a4d10f-7a23-0d3b-b616-b37bcd3d7f3d" executionId="ac7d2d0a-a0a3-4a2e-af37-ac83ff611f5a" testListId="8c84fa94-04c1-424b-9868-57a2d4851a1d" />
    <TestEntry testId="216afdda-9f90-6646-2d48-d4b3f580d4ec" executionId="90bb7be8-703e-4857-bacf-935774b32a11" testListId="8c84fa94-04c1-424b-9868-57a2d4851a1d" />
    <TestEntry testId="2ab3b04b-4f0b-0b76-e6e9-98c397a4b936" executionId="089e3892-e28f-4d69-ad04-1dfdbac0e329" testListId="8c84fa94-04c1-424b-9868-57a2d4851a1d" />
    <TestEntry testId="58c9e785-2ac6-9bcb-7efe-6d35daa42a6c" executionId="5d14618d-844b-45ee-a0b7-cdd6c246f8c6" testListId="8c84fa94-04c1-424b-9868-57a2d4851a1d" />
    <TestEntry testId="8a496478-cb58-07dc-ff9e-8b8291b01ce1" executionId="b7aa12fb-e2fe-42b1-bd49-e1dc2765211d" testListId="8c84fa94-04c1-424b-9868-57a2d4851a1d" />
    <TestEntry testId="3945d961-caf9-46f1-6226-8ce537af5d08" executionId="d7a6494b-2a23-4c7c-9ea2-a92a76d2a4cf" testListId="8c84fa94-04c1-424b-9868-57a2d4851a1d" />
    <TestEntry testId="cea95d72-0e0c-6c38-dd31-2635e4fc12d8" executionId="e3b8210e-4107-48d3-88cf-401dc1ab4625" testListId="8c84fa94-04c1-424b-9868-57a2d4851a1d" />
    <TestEntry testId="c826d657-b8f4-5226-a39c-eb7188bc6544" executionId="65185c7e-395a-44af-8594-cbf557ec9d61" testListId="8c84fa94-04c1-424b-9868-57a2d4851a1d" />
    <TestEntry testId="c9dc8fda-f925-817c-ef19-f9b9572b50ff" executionId="614cad46-6d32-4a15-be15-991b99eb9e02" testListId="8c84fa94-04c1-424b-9868-57a2d4851a1d" />
    <TestEntry testId="9a538a18-6713-44c0-7f91-be4011a7b21a" executionId="09f0f9df-0390-4b45-a721-83a7e8b951aa" testListId="8c84fa94-04c1-424b-9868-57a2d4851a1d" />
    <TestEntry testId="e1d5832b-53c8-bd83-2d7b-38a6c413e9e9" executionId="613c6371-5d81-4e75-b9c7-cb695dae5321" testListId="8c84fa94-04c1-424b-9868-57a2d4851a1d" />
    <TestEntry testId="fef5814c-e293-359f-3b1e-c7507dc38524" executionId="18e12afd-7f50-42a1-9243-49dafc9318d3" testListId="8c84fa94-04c1-424b-9868-57a2d4851a1d" />
    <TestEntry testId="efc98ff6-24a4-3785-7d11-0177db098370" executionId="d6093a6f-ee4c-4aa3-8cbd-2891c46fcfd6" testListId="8c84fa94-04c1-424b-9868-57a2d4851a1d" />
    <TestEntry testId="94b6fca8-7a3d-f453-0070-6471ff92bbfc" executionId="3269e4e7-fa94-4c74-8981-4cec607bbb51" testListId="8c84fa94-04c1-424b-9868-57a2d4851a1d" />
    <TestEntry testId="a03e2c23-c864-b123-24c0-3ec5ce0b2cf3" executionId="6726da55-6979-4cb0-97cb-169580f7e3d9" testListId="8c84fa94-04c1-424b-9868-57a2d4851a1d" />
    <TestEntry testId="2727f611-717b-e830-4bd0-bf3af2242d14" executionId="c1120395-bec1-4737-bfce-dd0c8b96ad9a" testListId="8c84fa94-04c1-424b-9868-57a2d4851a1d" />
    <TestEntry testId="4a3558be-633c-b5e1-e65c-31f677abdb6a" executionId="7f14c9e2-94e1-4157-ba3b-2f50bdcd409c" testListId="8c84fa94-04c1-424b-9868-57a2d4851a1d" />
    <TestEntry testId="ba53ca1c-8fc8-ce7b-1238-7a4281364dad" executionId="e3997e38-cf56-41ca-b665-bce745a9fd57" testListId="8c84fa94-04c1-424b-9868-57a2d4851a1d" />
    <TestEntry testId="8886bee6-e2cf-0623-d741-e916013e519a" executionId="39bb854a-7ddf-454f-b264-60d221adb3d4" testListId="8c84fa94-04c1-424b-9868-57a2d4851a1d" />
    <TestEntry testId="d08c1047-4425-a8ef-3977-424f7044543c" executionId="c2d1950c-e4c3-4b4a-b03d-1f3a2695b348" testListId="8c84fa94-04c1-424b-9868-57a2d4851a1d" />
    <TestEntry testId="89911fa4-1c14-ab49-c42c-931bebac33c7" executionId="51fdcfbb-7d0b-4040-9a78-0d5d16cf0a96" testListId="8c84fa94-04c1-424b-9868-57a2d4851a1d" />
    <TestEntry testId="c45bafd9-44fe-eb94-223b-fb60dcc673d3" executionId="1de47842-20ba-4ecb-9ecd-5f8ae3a939f4" testListId="8c84fa94-04c1-424b-9868-57a2d4851a1d" />
    <TestEntry testId="e8565e90-2492-6ea1-7c7e-a2f7e9a1f360" executionId="9d1135c7-ce05-49bb-aef7-cb4a44b2d49c" testListId="8c84fa94-04c1-424b-9868-57a2d4851a1d" />
    <TestEntry testId="81765902-660e-6877-86d8-ec70f35715ec" executionId="f6c5257a-e577-4ef8-937c-92ef07fbe4fd" testListId="8c84fa94-04c1-424b-9868-57a2d4851a1d" />
    <TestEntry testId="3469300e-035a-5249-282c-445c8034c44b" executionId="25505cc9-b230-41b4-82c5-9cef684f468d" testListId="8c84fa94-04c1-424b-9868-57a2d4851a1d" />
    <TestEntry testId="1ef557f7-18cb-a8c3-1cc5-a8b4f5dc1b33" executionId="429a2a46-5724-4a25-bc67-5a769bc00122" testListId="8c84fa94-04c1-424b-9868-57a2d4851a1d" />
    <TestEntry testId="efd251ba-1cdd-95f2-3fe2-824f7ed5e249" executionId="579442a6-d0a6-4c27-8420-775212543499" testListId="8c84fa94-04c1-424b-9868-57a2d4851a1d" />
    <TestEntry testId="9f54fc7b-943f-a736-270e-322b76b12240" executionId="16845716-337f-4a13-9327-9dcc519774d3" testListId="8c84fa94-04c1-424b-9868-57a2d4851a1d" />
    <TestEntry testId="eea99d72-2be5-3f19-63ae-66ae53007fed" executionId="d8acd2c4-d3dd-48eb-9605-79e87638cc4a" testListId="8c84fa94-04c1-424b-9868-57a2d4851a1d" />
    <TestEntry testId="3c3842c3-f734-534b-fecc-cf8c356ba236" executionId="3ff28dd5-a35d-4a08-a8b1-e9437c923578" testListId="8c84fa94-04c1-424b-9868-57a2d4851a1d" />
    <TestEntry testId="7bb5e631-9147-0063-5795-e8fe0b38a046" executionId="9fd0dc68-9ce0-4a43-bacd-1a6454aefc40" testListId="8c84fa94-04c1-424b-9868-57a2d4851a1d" />
    <TestEntry testId="4002bec3-2e84-8178-8fdb-096903003927" executionId="cb406788-c308-441c-b7a5-772806f325d9" testListId="8c84fa94-04c1-424b-9868-57a2d4851a1d" />
    <TestEntry testId="b566615a-6a0e-ff7f-fdc9-66bffe7a7647" executionId="daa98f5f-c322-4f33-8e54-1c344b73b697" testListId="8c84fa94-04c1-424b-9868-57a2d4851a1d" />
    <TestEntry testId="c9dbbac5-4686-fc9f-849b-ef7f10b63035" executionId="fd96cee8-1afc-4daf-bdb5-346dc1a10825" testListId="8c84fa94-04c1-424b-9868-57a2d4851a1d" />
    <TestEntry testId="e872ace4-29b8-3b56-871c-345e18778c92" executionId="bd4ae0a2-6d5d-41bf-9681-695702fdd020" testListId="8c84fa94-04c1-424b-9868-57a2d4851a1d" />
    <TestEntry testId="bcbfdc88-f29f-53aa-6ac7-bd0cbdb624b9" executionId="f3db3bb0-7cbc-42db-b3fc-47cce76fb7fb" testListId="8c84fa94-04c1-424b-9868-57a2d4851a1d" />
    <TestEntry testId="99a25f48-0d46-1e4c-d856-1a93a4215220" executionId="0957f659-7c72-47dd-be66-e591852a8892" testListId="8c84fa94-04c1-424b-9868-57a2d4851a1d" />
    <TestEntry testId="ab19ff46-498b-9420-1130-607f4dc077aa" executionId="2f12a48a-fa60-4d36-9b1f-8cce8d23e4df" testListId="8c84fa94-04c1-424b-9868-57a2d4851a1d" />
    <TestEntry testId="ba5db6d3-9616-c3db-94c8-bbae1d87d95f" executionId="b6fc49f3-24fe-4731-a9d5-c8a12e80132c" testListId="8c84fa94-04c1-424b-9868-57a2d4851a1d" />
    <TestEntry testId="dc07b652-b5fa-fc33-626f-4ab4993e82ab" executionId="01b47be3-d84b-41d3-8011-4330556d4966" testListId="8c84fa94-04c1-424b-9868-57a2d4851a1d" />
    <TestEntry testId="aef8551c-05cb-2cf2-3f00-57a0d48780f4" executionId="75789b9a-0de5-4d4d-a64d-b22c038b32aa" testListId="8c84fa94-04c1-424b-9868-57a2d4851a1d" />
    <TestEntry testId="e9d634e6-2f2a-133f-399f-5277298a79de" executionId="ce11abeb-fab7-41c5-b235-2c386f0905b7" testListId="8c84fa94-04c1-424b-9868-57a2d4851a1d" />
    <TestEntry testId="a8850aa8-94db-71f8-8aa2-89556cda37d6" executionId="2647251f-8c51-4c24-a17c-7455a27a5e10" testListId="8c84fa94-04c1-424b-9868-57a2d4851a1d" />
    <TestEntry testId="43552591-3b54-90fc-42f1-6f682043a4e0" executionId="fef75e19-5c91-4538-9d80-995093d450de" testListId="8c84fa94-04c1-424b-9868-57a2d4851a1d" />
    <TestEntry testId="5e5b21c4-f8f1-3d2f-7050-4379c0fa7d2f" executionId="82dd4763-fa16-46bb-9559-1b4823ce0334" testListId="8c84fa94-04c1-424b-9868-57a2d4851a1d" />
    <TestEntry testId="69dcc676-4ef6-c241-adb3-07e8c9464faa" executionId="33fd0e19-03d4-4fa8-934d-009924d46ec4" testListId="8c84fa94-04c1-424b-9868-57a2d4851a1d" />
    <TestEntry testId="f23064d7-8737-65a1-12a3-24572822c2d1" executionId="aa4f3289-cdc1-45cd-9c95-e3ef093efbc5" testListId="8c84fa94-04c1-424b-9868-57a2d4851a1d" />
    <TestEntry testId="3019d3c2-0c54-5274-c78e-81740248b858" executionId="061c5e4d-eae0-483a-adee-478bf0e51381" testListId="8c84fa94-04c1-424b-9868-57a2d4851a1d" />
    <TestEntry testId="ae41c349-5474-73e3-363c-e03b2af702b4" executionId="603d7c96-8b83-4ff7-b98e-39487cd329ba" testListId="8c84fa94-04c1-424b-9868-57a2d4851a1d" />
    <TestEntry testId="e757d0a0-d7ae-d816-fce8-24ebc2d1e194" executionId="e134d002-a942-4d3b-8a3e-a6788f2f1a04" testListId="8c84fa94-04c1-424b-9868-57a2d4851a1d" />
    <TestEntry testId="f90d61a1-3540-ae8e-65c9-60ef6c04641b" executionId="c06e4186-9393-4525-8b48-957f951b43de" testListId="8c84fa94-04c1-424b-9868-57a2d4851a1d" />
    <TestEntry testId="7c126b7b-3ee7-2707-c0f6-a67c3217c339" executionId="1ea018a6-2a9c-4f11-801e-6253ed919d5a" testListId="8c84fa94-04c1-424b-9868-57a2d4851a1d" />
    <TestEntry testId="333786c1-b534-29dd-7545-8381a9bd91d8" executionId="08220ec8-f4c4-464e-8aa2-68a144d9ac95" testListId="8c84fa94-04c1-424b-9868-57a2d4851a1d" />
  </TestEntries>
  <TestLists>
    <TestList name="Results Not in a List" id="8c84fa94-04c1-424b-9868-57a2d4851a1d" />
    <TestList name="All Loaded Results" id="19431567-8539-422a-85d7-44ee4e166bda" />
  </TestLists>
  <ResultSummary outcome="Completed">
    <Counters total="276" executed="276" passed="276" failed="0" error="0" timeout="0" aborted="0" inconclusive="0" passedButRunAborted="0" notRunnable="0" notExecuted="0" disconnected="0" warning="0" completed="0" inProgress="0" pending="0" />
    <Output>
      <StdOut>NUnit Adapter 3.17.0.0: Test execution started&#xD;
Running all tests in C:\Users\ericcarlson\Documents\GitHub\pickles\src\Pickles.Test\bin\Debug\net6.0\PicklesDoc.Pickles.Test.dll&#xD;
   NUnit3TestExecutor discovered 276 of 276 NUnit test cases&#xD;
NUnit Adapter 3.17.0.0: Test execution complete&#xD;
</StdOut>
    </Output>
  </ResultSummary>
</TestRun>