<?xml version="1.0" encoding="utf-8"?>
<TestRun id="908acd73-5a98-472d-bd30-503466999c1e" name="ericcarlson@ERICCARLSONBBE6 2022-11-23 12:19:15" runUser="ERICCARLSONBBE6\ericcarlson" xmlns="http://microsoft.com/schemas/VisualStudio/TeamTest/2010">
  <Times creation="2022-11-23T12:19:15.8788177-05:00" queuing="2022-11-23T12:19:15.8788178-05:00" start="2022-11-23T12:19:11.7212284-05:00" finish="2022-11-23T12:19:17.3788192-05:00" />
  <TestSettings name="default" id="72fe895c-9a10-48f0-9214-4b28d0f74280">
    <Deployment runDeploymentRoot="ericcarlson_ERICCARLSONBBE6_2022-11-23_12_19_15" />
  </TestSettings>
  <Results>
    <UnitTestResult executionId="32ca4a05-d3ff-4f4b-a00f-af586831c9cb" testId="1bf0b620-508f-e5dc-9a04-0b8d440ef88c" testName="Constructor_NullArgument_ShouldThrowArgumentNullException" computerName="ERICCARLSONBBE6" duration="00:00:00.0052410" startTime="2022-11-23T12:19:15.8474192-05:00" endTime="2022-11-23T12:19:15.8526602-05:00" testType="13cdc9d9-ddb5-4fa4-a97d-d965ccfc6d4b" outcome="Passed" testListId="8c84fa94-04c1-424b-9868-57a2d4851a1d" relativeResultsDirectory="32ca4a05-d3ff-4f4b-a00f-af586831c9cb" />
    <UnitTestResult executionId="0e34714a-44c5-4b70-9dc4-df1916cc7123" testId="66492ce0-50fe-4131-fc04-f0f70d82b725" testName="WhenIndicatingTheLanguageAndCultureInTheFeature_ThenCanParseTheFeature" computerName="ERICCARLSONBBE6" duration="00:00:00.0040990" startTime="2022-11-23T12:19:17.0583785-05:00" endTime="2022-11-23T12:19:17.0624778-05:00" testType="13cdc9d9-ddb5-4fa4-a97d-d965ccfc6d4b" outcome="Passed" testListId="8c84fa94-04c1-424b-9868-57a2d4851a1d" relativeResultsDirectory="0e34714a-44c5-4b70-9dc4-df1916cc7123" />
    <UnitTestResult executionId="449b4670-5cb7-42ac-be3e-99ea41842cec" testId="085184fe-e868-8379-b878-742948946639" testName="Merge_EmptySequence_ResultsInWasExecutedFalseAndWasSuccessfulFalse" computerName="ERICCARLSONBBE6" duration="00:00:00.0029290" startTime="2022-11-23T12:19:16.9714995-05:00" endTime="2022-11-23T12:19:16.9744279-05:00" testType="13cdc9d9-ddb5-4fa4-a97d-d965ccfc6d4b" outcome="Passed" testListId="8c84fa94-04c1-424b-9868-57a2d4851a1d" relativeResultsDirectory="449b4670-5cb7-42ac-be3e-99ea41842cec" />
    <UnitTestResult executionId="081934d9-cefb-4bbf-a25f-121bda7d9d6f" testId="2ecfc0bc-21d0-9225-7733-601491925d83" testName="ItShouldContainTheSutInfoInTheJsonDocument" computerName="ERICCARLSONBBE6" duration="00:00:00.0109840" startTime="2022-11-23T12:19:16.6374689-05:00" endTime="2022-11-23T12:19:16.6484523-05:00" testType="13cdc9d9-ddb5-4fa4-a97d-d965ccfc6d4b" outcome="Passed" testListId="8c84fa94-04c1-424b-9868-57a2d4851a1d" relativeResultsDirectory="081934d9-cefb-4bbf-a25f-121bda7d9d6f" />
    <UnitTestResult executionId="f05297e1-d923-4d4c-bbf1-ba7ab495cbd9" testId="54394cfc-30d0-1b21-a9c9-bf82c6c4e0e4" testName="Map_FeatureWithScenario_ReturnsScenario" computerName="ERICCARLSONBBE6" duration="00:00:00.0027310" startTime="2022-11-23T12:19:16.8221494-05:00" endTime="2022-11-23T12:19:16.8248806-05:00" testType="13cdc9d9-ddb5-4fa4-a97d-d965ccfc6d4b" outcome="Passed" testListId="8c84fa94-04c1-424b-9868-57a2d4851a1d" relativeResultsDirectory="f05297e1-d923-4d4c-bbf1-ba7ab495cbd9" />
    <UnitTestResult executionId="230f9915-a1a1-4ecf-9c95-162bfa4b5d44" testId="6d88a6f4-e9ba-b488-7fca-3a2a8f87fcdb" testName="Map_But_ReturnsBut" computerName="ERICCARLSONBBE6" duration="00:00:00.0001170" startTime="2022-11-23T12:19:16.8293994-05:00" endTime="2022-11-23T12:19:16.8295161-05:00" testType="13cdc9d9-ddb5-4fa4-a97d-d965ccfc6d4b" outcome="Passed" testListId="8c84fa94-04c1-424b-9868-57a2d4851a1d" relativeResultsDirectory="230f9915-a1a1-4ecf-9c95-162bfa4b5d44" />
    <UnitTestResult executionId="4cdbc9c7-f76f-4077-9012-e48ee0ade180" testId="441fccae-3b8f-46a3-a8ec-69ee090eade3" testName="Specification_Scenario2" computerName="ERICCARLSONBBE6" duration="00:00:00.0001460" startTime="2022-11-23T12:19:15.8611004-05:00" endTime="2022-11-23T12:19:15.8612464-05:00" testType="13cdc9d9-ddb5-4fa4-a97d-d965ccfc6d4b" outcome="Passed" testListId="8c84fa94-04c1-424b-9868-57a2d4851a1d" relativeResultsDirectory="4cdbc9c7-f76f-4077-9012-e48ee0ade180" />
    <UnitTestResult executionId="7dff6567-379e-4a7b-8b95-0c0fe2dfb017" testId="1a925225-7345-bea6-a5d1-7fa98d2cfa7a" testName="Map_TableHeaderWithValues_ConvertsToJsonTableHeader" computerName="ERICCARLSONBBE6" duration="00:00:00.0026690" startTime="2022-11-23T12:19:16.8344713-05:00" endTime="2022-11-23T12:19:16.8371406-05:00" testType="13cdc9d9-ddb5-4fa4-a97d-d965ccfc6d4b" outcome="Passed" testListId="8c84fa94-04c1-424b-9868-57a2d4851a1d" relativeResultsDirectory="7dff6567-379e-4a7b-8b95-0c0fe2dfb017" />
    <UnitTestResult executionId="883fa639-1cee-4069-92fa-af691b415e3c" testId="1ef557f7-18cb-a8c3-1cc5-a8b4f5dc1b33" testName="ThenCanParseMostBasicFeatureSuccessfully" computerName="ERICCARLSONBBE6" duration="00:00:00.0045560" startTime="2022-11-23T12:19:17.0139968-05:00" endTime="2022-11-23T12:19:17.0185529-05:00" testType="13cdc9d9-ddb5-4fa4-a97d-d965ccfc6d4b" outcome="Passed" testListId="8c84fa94-04c1-424b-9868-57a2d4851a1d" relativeResultsDirectory="883fa639-1cee-4069-92fa-af691b415e3c" />
    <UnitTestResult executionId="236a3a79-4d0a-4e44-b3b4-b04a2e666556" testId="902de792-f705-6364-b7ff-7e3bf94c757c" testName="ItShouldWasSuccessfulFalseForFeatureXJsonDocument" computerName="ERICCARLSONBBE6" duration="00:00:00.0116630" startTime="2022-11-23T12:19:16.6948762-05:00" endTime="2022-11-23T12:19:16.7065390-05:00" testType="13cdc9d9-ddb5-4fa4-a97d-d965ccfc6d4b" outcome="Passed" testListId="8c84fa94-04c1-424b-9868-57a2d4851a1d" relativeResultsDirectory="236a3a79-4d0a-4e44-b3b4-b04a2e666556" />
    <UnitTestResult executionId="f2b5a300-2772-400d-82ea-d08c19a74f3a" testId="58c9e785-2ac6-9bcb-7efe-6d35daa42a6c" testName="Map_WithSteps_ReturnsSteps" computerName="ERICCARLSONBBE6" duration="00:00:00.0001210" startTime="2022-11-23T12:19:16.8313232-05:00" endTime="2022-11-23T12:19:16.8314437-05:00" testType="13cdc9d9-ddb5-4fa4-a97d-d965ccfc6d4b" outcome="Passed" testListId="8c84fa94-04c1-424b-9868-57a2d4851a1d" relativeResultsDirectory="f2b5a300-2772-400d-82ea-d08c19a74f3a" />
    <UnitTestResult executionId="083890ab-f46a-40b3-af41-c75a9be7a525" testId="9f54fc7b-943f-a736-270e-322b76b12240" testName="Process_TwoLines_ReturnsText" computerName="ERICCARLSONBBE6" duration="00:00:00.0001370" startTime="2022-11-23T12:19:15.8608080-05:00" endTime="2022-11-23T12:19:15.8609449-05:00" testType="13cdc9d9-ddb5-4fa4-a97d-d965ccfc6d4b" outcome="Passed" testListId="8c84fa94-04c1-424b-9868-57a2d4851a1d" relativeResultsDirectory="083890ab-f46a-40b3-af41-c75a9be7a525" />
    <UnitTestResult executionId="e4ab200d-c28a-4f10-b49a-55cb7c3c02de" testId="d92eaaf4-b839-67e3-ea8a-60df87c4cfbd" testName="MapToFeature_FeatureWithoutLanguage_ReturnsFeatureWithEnglish" computerName="ERICCARLSONBBE6" duration="00:00:00.0020650" startTime="2022-11-23T12:19:16.9163334-05:00" endTime="2022-11-23T12:19:16.9183989-05:00" testType="13cdc9d9-ddb5-4fa4-a97d-d965ccfc6d4b" outcome="Passed" testListId="8c84fa94-04c1-424b-9868-57a2d4851a1d" relativeResultsDirectory="e4ab200d-c28a-4f10-b49a-55cb7c3c02de" />
    <UnitTestResult executionId="d7fe6de6-0437-4280-b5fb-25a3fe7bc877" testId="b3a40561-d822-6f86-f3da-df64bc9ebecd" testName="MapToScenario_ScenarioWithNullDescription_ReturnsScenarioWithEmptyDescription" computerName="ERICCARLSONBBE6" duration="00:00:00.0025400" startTime="2022-11-23T12:19:16.9334988-05:00" endTime="2022-11-23T12:19:16.9360392-05:00" testType="13cdc9d9-ddb5-4fa4-a97d-d965ccfc6d4b" outcome="Passed" testListId="8c84fa94-04c1-424b-9868-57a2d4851a1d" relativeResultsDirectory="d7fe6de6-0437-4280-b5fb-25a3fe7bc877" />
    <UnitTestResult executionId="c64178c8-d329-42b9-9cd6-5ac008c30e4e" testId="43552591-3b54-90fc-42f1-6f682043a4e0" testName="MapToFeature_FeatureWithComments_ReturnsFeatureWithComments" computerName="ERICCARLSONBBE6" duration="00:00:00.0029520" startTime="2022-11-23T12:19:16.9088499-05:00" endTime="2022-11-23T12:19:16.9118019-05:00" testType="13cdc9d9-ddb5-4fa4-a97d-d965ccfc6d4b" outcome="Passed" testListId="8c84fa94-04c1-424b-9868-57a2d4851a1d" relativeResultsDirectory="c64178c8-d329-42b9-9cd6-5ac008c30e4e" />
    <UnitTestResult executionId="a49aad82-d73b-41d7-9a64-35ba31fbfef9" testId="469a685d-4e1b-0133-054e-35e10cec9810" testName="Format_ContentIsFeatureNode_UsesHtmlFeatureFormatterWithCorrectArgument" computerName="ERICCARLSONBBE6" duration="00:00:00.0144620" startTime="2022-11-23T12:19:16.2716877-05:00" endTime="2022-11-23T12:19:16.2861492-05:00" testType="13cdc9d9-ddb5-4fa4-a97d-d965ccfc6d4b" outcome="Passed" testListId="8c84fa94-04c1-424b-9868-57a2d4851a1d" relativeResultsDirectory="a49aad82-d73b-41d7-9a64-35ba31fbfef9" />
    <UnitTestResult executionId="4128abe1-950f-4096-a2b4-b25d2908fd2e" testId="15c6ac4d-16dc-6060-b25a-37948ceea996" testName="ThenCanResolveTheSelectedIDocumentationBuilderAsSingleton(Cucumber,PicklesDoc.Pickles.DocumentationBuilders.Cucumber.CucumberDocumentationBuilder)" computerName="ERICCARLSONBBE6" duration="00:00:00.0006500" startTime="2022-11-23T12:19:17.0878331-05:00" endTime="2022-11-23T12:19:17.0884832-05:00" testType="13cdc9d9-ddb5-4fa4-a97d-d965ccfc6d4b" outcome="Passed" testListId="8c84fa94-04c1-424b-9868-57a2d4851a1d" relativeResultsDirectory="4128abe1-950f-4096-a2b4-b25d2908fd2e" />
    <UnitTestResult executionId="df929d35-e4a9-4ca0-b00f-37baa47db5be" testId="d90c12dd-95d4-2680-665c-a9724bf3407c" testName="Merge_MultiplePassedOneInconclusiveResults_ShouldReturnInconclusive" computerName="ERICCARLSONBBE6" duration="00:00:00.0001499" startTime="2022-11-23T12:19:16.9744532-05:00" endTime="2022-11-23T12:19:16.9746028-05:00" testType="13cdc9d9-ddb5-4fa4-a97d-d965ccfc6d4b" outcome="Passed" testListId="8c84fa94-04c1-424b-9868-57a2d4851a1d" relativeResultsDirectory="df929d35-e4a9-4ca0-b00f-37baa47db5be" />
    <UnitTestResult executionId="ab955724-e200-4fcd-aa23-d4e1a96fc2f2" testId="4c3b0b4e-8fbb-7811-7a21-4748a52bc3e2" testName="Map_NonNullStep_ReturnsJsonStep" computerName="ERICCARLSONBBE6" duration="00:00:00.0003460" startTime="2022-11-23T12:19:16.8316713-05:00" endTime="2022-11-23T12:19:16.8320174-05:00" testType="13cdc9d9-ddb5-4fa4-a97d-d965ccfc6d4b" outcome="Passed" testListId="8c84fa94-04c1-424b-9868-57a2d4851a1d" relativeResultsDirectory="ab955724-e200-4fcd-aa23-d4e1a96fc2f2" />
    <UnitTestResult executionId="b8a72ea8-45bb-4c1e-86cf-831d7b49a06f" testId="5d7eb242-2da2-1aff-54be-febe9c23c1d1" testName="Map_Then_ReturnsThen" computerName="ERICCARLSONBBE6" duration="00:00:00.0001050" startTime="2022-11-23T12:19:16.8296019-05:00" endTime="2022-11-23T12:19:16.8297069-05:00" testType="13cdc9d9-ddb5-4fa4-a97d-d965ccfc6d4b" outcome="Passed" testListId="8c84fa94-04c1-424b-9868-57a2d4851a1d" relativeResultsDirectory="b8a72ea8-45bb-4c1e-86cf-831d7b49a06f" />
    <UnitTestResult executionId="d6fcd27d-126b-49a6-be93-c412bb2af216" testId="801681ec-6f06-528d-01cb-0c438e16a2db" testName="Constructor_NullHtmlFeatureFormatter_ThrowsArgumentNullException" computerName="ERICCARLSONBBE6" duration="00:00:00.0016930" startTime="2022-11-23T12:19:16.1016996-05:00" endTime="2022-11-23T12:19:16.1033928-05:00" testType="13cdc9d9-ddb5-4fa4-a97d-d965ccfc6d4b" outcome="Passed" testListId="8c84fa94-04c1-424b-9868-57a2d4851a1d" relativeResultsDirectory="d6fcd27d-126b-49a6-be93-c412bb2af216" />
    <UnitTestResult executionId="420dc835-a65b-414d-b71a-cb3a67ab015b" testId="359602d4-5c8b-a71b-3178-d67e251b597f" testName="Process_BlankThenText_ReturnsText" computerName="ERICCARLSONBBE6" duration="00:00:00.0000670" startTime="2022-11-23T12:19:15.8600501-05:00" endTime="2022-11-23T12:19:15.8601169-05:00" testType="13cdc9d9-ddb5-4fa4-a97d-d965ccfc6d4b" outcome="Passed" testListId="8c84fa94-04c1-424b-9868-57a2d4851a1d" relativeResultsDirectory="420dc835-a65b-414d-b71a-cb3a67ab015b" />
    <UnitTestResult executionId="27a38c8f-ee21-4bc4-8ad9-ae4d3e0b6052" testId="f5d77dae-7864-4aa7-6ea9-efd787914fdc" testName="IsRelevant_ValidFile_ReturnsTrue(&quot;image.gif&quot;)" computerName="ERICCARLSONBBE6" duration="00:00:00.0000420" startTime="2022-11-23T12:19:15.8810440-05:00" endTime="2022-11-23T12:19:15.8810863-05:00" testType="13cdc9d9-ddb5-4fa4-a97d-d965ccfc6d4b" outcome="Passed" testListId="8c84fa94-04c1-424b-9868-57a2d4851a1d" relativeResultsDirectory="27a38c8f-ee21-4bc4-8ad9-ae4d3e0b6052" />
    <UnitTestResult executionId="4611538b-deb3-49ac-8f27-d14a0a4e464b" testId="74539da9-e8d8-3db8-fc39-faa5f1db68f1" testName="LineThatStartsWithEscapedHash_Header6_ShouldRemoveEscapeSign" computerName="ERICCARLSONBBE6" duration="00:00:00.0000640" startTime="2022-11-23T12:19:15.8599795-05:00" endTime="2022-11-23T12:19:15.8600435-05:00" testType="13cdc9d9-ddb5-4fa4-a97d-d965ccfc6d4b" outcome="Passed" testListId="8c84fa94-04c1-424b-9868-57a2d4851a1d" relativeResultsDirectory="4611538b-deb3-49ac-8f27-d14a0a4e464b" />
    <UnitTestResult executionId="684be0ad-1884-44d1-a520-d2ab99312615" testId="5b735e33-8631-fc28-0819-93b4df2659c4" testName="Map_WithBackground_ReturnsBackground" computerName="ERICCARLSONBBE6" duration="00:00:00.0001270" startTime="2022-11-23T12:19:16.8251892-05:00" endTime="2022-11-23T12:19:16.8253160-05:00" testType="13cdc9d9-ddb5-4fa4-a97d-d965ccfc6d4b" outcome="Passed" testListId="8c84fa94-04c1-424b-9868-57a2d4851a1d" relativeResultsDirectory="684be0ad-1884-44d1-a520-d2ab99312615" />
    <UnitTestResult executionId="be3e6399-db19-4094-ab9c-edc8632fb756" testId="47d60e4c-7728-7fa1-ef17-3a29405824ca" testName="Map_AnExampleWithName_ReturnsAJsonExampleWithName" computerName="ERICCARLSONBBE6" duration="00:00:00.0000880" startTime="2022-11-23T12:19:16.8169520-05:00" endTime="2022-11-23T12:19:16.8170397-05:00" testType="13cdc9d9-ddb5-4fa4-a97d-d965ccfc6d4b" outcome="Passed" testListId="8c84fa94-04c1-424b-9868-57a2d4851a1d" relativeResultsDirectory="be3e6399-db19-4094-ab9c-edc8632fb756" />
    <UnitTestResult executionId="2ad30181-8271-4a0c-9114-48ea5cb93030" testId="f68824d7-0984-58d5-473e-d248d29d1f81" testName="MapToExample_NullExamples_ReturnsNullExample" computerName="ERICCARLSONBBE6" duration="00:00:00.0013750" startTime="2022-11-23T12:19:16.9024919-05:00" endTime="2022-11-23T12:19:16.9038675-05:00" testType="13cdc9d9-ddb5-4fa4-a97d-d965ccfc6d4b" outcome="Passed" testListId="8c84fa94-04c1-424b-9868-57a2d4851a1d" relativeResultsDirectory="2ad30181-8271-4a0c-9114-48ea5cb93030" />
    <UnitTestResult executionId="fffc1797-df5b-4f46-8115-a623e2f612d1" testId="c3fc67c9-f6cc-0277-4e92-395574eb470c" testName="GetEncoding_UTF7BOM_ReturnsUTF" computerName="ERICCARLSONBBE6" duration="00:00:00.0007780" startTime="2022-11-23T12:19:15.8930104-05:00" endTime="2022-11-23T12:19:15.8937882-05:00" testType="13cdc9d9-ddb5-4fa4-a97d-d965ccfc6d4b" outcome="Passed" testListId="8c84fa94-04c1-424b-9868-57a2d4851a1d" relativeResultsDirectory="fffc1797-df5b-4f46-8115-a623e2f612d1" />
    <UnitTestResult executionId="9f5efbc1-f692-44a6-b58e-e879dc1ecbc1" testId="dc07b652-b5fa-fc33-626f-4ab4993e82ab" testName="Process_EmptySpaces_ReturnsEmptyString" computerName="ERICCARLSONBBE6" duration="00:00:00.0000649" startTime="2022-11-23T12:19:15.8601241-05:00" endTime="2022-11-23T12:19:15.8601892-05:00" testType="13cdc9d9-ddb5-4fa4-a97d-d965ccfc6d4b" outcome="Passed" testListId="8c84fa94-04c1-424b-9868-57a2d4851a1d" relativeResultsDirectory="9f5efbc1-f692-44a6-b58e-e879dc1ecbc1" />
    <UnitTestResult executionId="43a6cebf-20c2-4bbc-846a-790e77d90c41" testId="a03e2c23-c864-b123-24c0-3ec5ce0b2cf3" testName="Map_WithResult_ReturnsResult" computerName="ERICCARLSONBBE6" duration="00:00:00.0001160" startTime="2022-11-23T12:19:16.8311998-05:00" endTime="2022-11-23T12:19:16.8313161-05:00" testType="13cdc9d9-ddb5-4fa4-a97d-d965ccfc6d4b" outcome="Passed" testListId="8c84fa94-04c1-424b-9868-57a2d4851a1d" relativeResultsDirectory="43a6cebf-20c2-4bbc-846a-790e77d90c41" />
    <UnitTestResult executionId="03312c6b-c622-4e3c-890d-2eabd391107d" testId="e872ace4-29b8-3b56-871c-345e18778c92" testName="Map_Null_ReturnsNull" computerName="ERICCARLSONBBE6" duration="00:00:00.0000820" startTime="2022-11-23T12:19:16.8189583-05:00" endTime="2022-11-23T12:19:16.8190399-05:00" testType="13cdc9d9-ddb5-4fa4-a97d-d965ccfc6d4b" outcome="Passed" testListId="8c84fa94-04c1-424b-9868-57a2d4851a1d" relativeResultsDirectory="03312c6b-c622-4e3c-890d-2eabd391107d" />
    <UnitTestResult executionId="b75e7c33-9dee-445a-8a64-a3b072a618a0" testId="99a25f48-0d46-1e4c-d856-1a93a4215220" testName="Then_can_parse_and_remove_technical_tag_in_configuration_remove_technical_tag" computerName="ERICCARLSONBBE6" duration="00:00:00.0044870" startTime="2022-11-23T12:19:17.0015430-05:00" endTime="2022-11-23T12:19:17.0060298-05:00" testType="13cdc9d9-ddb5-4fa4-a97d-d965ccfc6d4b" outcome="Passed" testListId="8c84fa94-04c1-424b-9868-57a2d4851a1d" relativeResultsDirectory="b75e7c33-9dee-445a-8a64-a3b072a618a0" />
    <UnitTestResult executionId="60cb396d-4851-4ffd-bdc5-530f50faa409" testId="f1eb8b6a-9375-3801-5631-df4597432bd1" testName="Map_When_ReturnsWhen" computerName="ERICCARLSONBBE6" duration="00:00:00.0001640" startTime="2022-11-23T12:19:16.8297137-05:00" endTime="2022-11-23T12:19:16.8298777-05:00" testType="13cdc9d9-ddb5-4fa4-a97d-d965ccfc6d4b" outcome="Passed" testListId="8c84fa94-04c1-424b-9868-57a2d4851a1d" relativeResultsDirectory="60cb396d-4851-4ffd-bdc5-530f50faa409" />
    <UnitTestResult executionId="741fa31c-a5ce-4712-a773-ce2eb0451a0d" testId="fef5814c-e293-359f-3b1e-c7507dc38524" testName="LineThatStartsWithEscapedHash_Header4_ShouldRemoveEscapeSign" computerName="ERICCARLSONBBE6" duration="00:00:00.0000670" startTime="2022-11-23T12:19:15.8598319-05:00" endTime="2022-11-23T12:19:15.8598986-05:00" testType="13cdc9d9-ddb5-4fa4-a97d-d965ccfc6d4b" outcome="Passed" testListId="8c84fa94-04c1-424b-9868-57a2d4851a1d" relativeResultsDirectory="741fa31c-a5ce-4712-a773-ce2eb0451a0d" />
    <UnitTestResult executionId="7ab459fc-b1d0-42cf-a974-49350571d7f0" testId="8886bee6-e2cf-0623-d741-e916013e519a" testName="MapToStep_StepWithLocation_ReturnStepWithLocation" computerName="ERICCARLSONBBE6" duration="00:00:00.0013800" startTime="2022-11-23T12:19:16.9545447-05:00" endTime="2022-11-23T12:19:16.9559247-05:00" testType="13cdc9d9-ddb5-4fa4-a97d-d965ccfc6d4b" outcome="Passed" testListId="8c84fa94-04c1-424b-9868-57a2d4851a1d" relativeResultsDirectory="7ab459fc-b1d0-42cf-a974-49350571d7f0" />
    <UnitTestResult executionId="1f3c3cd7-d36f-4199-98c0-6ac053941690" testId="69d56e98-4eff-4355-eeb5-6709592411a0" testName="GetEncoding_NullArgument_ThrowsArgumentNullException" computerName="ERICCARLSONBBE6" duration="00:00:00.0007670" startTime="2022-11-23T12:19:15.8899740-05:00" endTime="2022-11-23T12:19:15.8907412-05:00" testType="13cdc9d9-ddb5-4fa4-a97d-d965ccfc6d4b" outcome="Passed" testListId="8c84fa94-04c1-424b-9868-57a2d4851a1d" relativeResultsDirectory="1f3c3cd7-d36f-4199-98c0-6ac053941690" />
    <UnitTestResult executionId="09123331-69ab-456e-9e4c-ba318675cbae" testId="7bb5e631-9147-0063-5795-e8fe0b38a046" testName="ThenCanFormatTextWithAcronymAndNumberAsWikiWordSuccessfully" computerName="ERICCARLSONBBE6" duration="00:00:00.0001800" startTime="2022-11-23T12:19:15.8968421-05:00" endTime="2022-11-23T12:19:15.8970217-05:00" testType="13cdc9d9-ddb5-4fa4-a97d-d965ccfc6d4b" outcome="Passed" testListId="8c84fa94-04c1-424b-9868-57a2d4851a1d" relativeResultsDirectory="09123331-69ab-456e-9e4c-ba318675cbae" />
    <UnitTestResult executionId="d8f12f63-ac62-4440-8080-abcbe43c6fa4" testId="0537d0ef-2381-cd61-1563-2c44728b16d8" testName="ShouldIterateInRightOrder" computerName="ERICCARLSONBBE6" duration="00:00:00.0042579" startTime="2022-11-23T12:19:15.8548560-05:00" endTime="2022-11-23T12:19:15.8591142-05:00" testType="13cdc9d9-ddb5-4fa4-a97d-d965ccfc6d4b" outcome="Passed" testListId="8c84fa94-04c1-424b-9868-57a2d4851a1d" relativeResultsDirectory="d8f12f63-ac62-4440-8080-abcbe43c6fa4" />
    <UnitTestResult executionId="f498696f-1f2d-41fd-a239-03ff5baa3aae" testId="eea99d72-2be5-3f19-63ae-66ae53007fed" testName="DefaultLanguage_ReturnsEnglish" computerName="ERICCARLSONBBE6" duration="00:00:00.0000820" startTime="2022-11-23T12:19:16.8145892-05:00" endTime="2022-11-23T12:19:16.8146717-05:00" testType="13cdc9d9-ddb5-4fa4-a97d-d965ccfc6d4b" outcome="Passed" testListId="8c84fa94-04c1-424b-9868-57a2d4851a1d" relativeResultsDirectory="f498696f-1f2d-41fd-a239-03ff5baa3aae" />
    <UnitTestResult executionId="4bf61370-a83a-465c-a704-932e32607087" testId="42ebbc3e-9cb4-7b29-f224-f1d9cba21bf9" testName="GetEncoding_Default_ReturnsUTF8" computerName="ERICCARLSONBBE6" duration="00:00:00.0038110" startTime="2022-11-23T12:19:15.8842709-05:00" endTime="2022-11-23T12:19:15.8880821-05:00" testType="13cdc9d9-ddb5-4fa4-a97d-d965ccfc6d4b" outcome="Passed" testListId="8c84fa94-04c1-424b-9868-57a2d4851a1d" relativeResultsDirectory="4bf61370-a83a-465c-a704-932e32607087" />
    <UnitTestResult executionId="c36c15da-3524-4196-9a33-2f306e112d40" testId="8e6eb9e8-caeb-6fdc-4c95-879f9b06c4bd" testName="LineThatStartsWithEscapedHash_Header5_ShouldRemoveEscapeSign" computerName="ERICCARLSONBBE6" duration="00:00:00.0000670" startTime="2022-11-23T12:19:15.8599054-05:00" endTime="2022-11-23T12:19:15.8599727-05:00" testType="13cdc9d9-ddb5-4fa4-a97d-d965ccfc6d4b" outcome="Passed" testListId="8c84fa94-04c1-424b-9868-57a2d4851a1d" relativeResultsDirectory="c36c15da-3524-4196-9a33-2f306e112d40" />
    <UnitTestResult executionId="72b9f6c8-f362-410d-af18-77559ecacb23" testId="37fe9d09-a818-1ef8-df58-f72c0d297037" testName="ToFolderUriString_WithoutTrailingSlash_ValidOutputWithTrailingSlash" computerName="ERICCARLSONBBE6" duration="00:00:00.0005340" startTime="2022-11-23T12:19:15.8991937-05:00" endTime="2022-11-23T12:19:15.8997271-05:00" testType="13cdc9d9-ddb5-4fa4-a97d-d965ccfc6d4b" outcome="Passed" testListId="8c84fa94-04c1-424b-9868-57a2d4851a1d" relativeResultsDirectory="72b9f6c8-f362-410d-af18-77559ecacb23" />
    <UnitTestResult executionId="55b3e210-3efa-4d96-8f69-bbb74e957d93" testId="299d9885-53d7-e812-ce71-f67d71904c3f" testName="Map_TableRowWithTestResult_ConvertsToJsonTableRowWithTestResult" computerName="ERICCARLSONBBE6" duration="00:00:00.0013380" startTime="2022-11-23T12:19:16.8381019-05:00" endTime="2022-11-23T12:19:16.8394396-05:00" testType="13cdc9d9-ddb5-4fa4-a97d-d965ccfc6d4b" outcome="Passed" testListId="8c84fa94-04c1-424b-9868-57a2d4851a1d" relativeResultsDirectory="55b3e210-3efa-4d96-8f69-bbb74e957d93" />
    <UnitTestResult executionId="7ff5bf42-cda3-476b-95c7-2bb05dd1bf2f" testId="406df244-d1c3-813e-16f9-3ed6d4fe1b59" testName="ThenCanDetectAllStylesheetsSuccessfully" computerName="ERICCARLSONBBE6" duration="00:00:00.0013090" startTime="2022-11-23T12:19:17.2983850-05:00" endTime="2022-11-23T12:19:17.2996938-05:00" testType="13cdc9d9-ddb5-4fa4-a97d-d965ccfc6d4b" outcome="Passed" testListId="8c84fa94-04c1-424b-9868-57a2d4851a1d" relativeResultsDirectory="7ff5bf42-cda3-476b-95c7-2bb05dd1bf2f" />
    <UnitTestResult executionId="6a70e313-2db5-4540-972e-baca17aed327" testId="9434f0b6-144d-fa9a-e2fd-7b54edae4153" testName="TableOfContent_Must_Link_Folder_Nodes_To_That_Folders_Index_File" computerName="ERICCARLSONBBE6" duration="00:00:00.0089630" startTime="2022-11-23T12:19:16.7854462-05:00" endTime="2022-11-23T12:19:16.7944088-05:00" testType="13cdc9d9-ddb5-4fa4-a97d-d965ccfc6d4b" outcome="Passed" testListId="8c84fa94-04c1-424b-9868-57a2d4851a1d" relativeResultsDirectory="6a70e313-2db5-4540-972e-baca17aed327" />
    <UnitTestResult executionId="11e31fc8-210a-4585-9de9-f1ad7e59b99f" testId="07a9d1df-9555-65c3-26a0-2bcdd39868c6" testName="Specification_Scenario3" computerName="ERICCARLSONBBE6" duration="00:00:00.0001450" startTime="2022-11-23T12:19:15.8612540-05:00" endTime="2022-11-23T12:19:15.8613989-05:00" testType="13cdc9d9-ddb5-4fa4-a97d-d965ccfc6d4b" outcome="Passed" testListId="8c84fa94-04c1-424b-9868-57a2d4851a1d" relativeResultsDirectory="11e31fc8-210a-4585-9de9-f1ad7e59b99f" />
    <UnitTestResult executionId="5e39207e-0394-4fbd-9db4-3945f64bf0dc" testId="bc86b314-5fe6-6bdd-9f3a-a18c69ce6d0f" testName="Map_WithResult_ReturnsJsonTestResult" computerName="ERICCARLSONBBE6" duration="00:00:00.0001470" startTime="2022-11-23T12:19:16.8255003-05:00" endTime="2022-11-23T12:19:16.8256471-05:00" testType="13cdc9d9-ddb5-4fa4-a97d-d965ccfc6d4b" outcome="Passed" testListId="8c84fa94-04c1-424b-9868-57a2d4851a1d" relativeResultsDirectory="5e39207e-0394-4fbd-9db4-3945f64bf0dc" />
    <UnitTestResult executionId="6e3bc3e5-f70c-4841-9215-392b1daa7c11" testId="a606fd29-5ae7-b480-ad67-6c591600d344" testName="ToUriDirectoryInfo_WithTrailingSlash_ProducesUriWithTrailingSlash" computerName="ERICCARLSONBBE6" duration="00:00:00.0007370" startTime="2022-11-23T12:19:15.9066716-05:00" endTime="2022-11-23T12:19:15.9074084-05:00" testType="13cdc9d9-ddb5-4fa4-a97d-d965ccfc6d4b" outcome="Passed" testListId="8c84fa94-04c1-424b-9868-57a2d4851a1d" relativeResultsDirectory="6e3bc3e5-f70c-4841-9215-392b1daa7c11" />
    <UnitTestResult executionId="5885dbc5-4579-4b56-a93f-b1f203de3915" testId="c4796383-dd20-0fa4-0454-b0730eb75248" testName="Parse_InvalidFeatureFile_ThrowsFeatureParseExceptionWithFilename" computerName="ERICCARLSONBBE6" duration="00:00:00.0040770" startTime="2022-11-23T12:19:16.0968316-05:00" endTime="2022-11-23T12:19:16.1009085-05:00" testType="13cdc9d9-ddb5-4fa4-a97d-d965ccfc6d4b" outcome="Passed" testListId="8c84fa94-04c1-424b-9868-57a2d4851a1d" relativeResultsDirectory="5885dbc5-4579-4b56-a93f-b1f203de3915" />
    <UnitTestResult executionId="a818d036-25b1-45ea-beaf-9c8b217ad7f2" testId="ee515d6c-2d47-b4a0-9e7c-d4b3563152a1" testName="ThenCanResolveTheSelectedIDocumentationBuilderAsSingleton(Word,PicklesDoc.Pickles.DocumentationBuilders.Word.WordDocumentationBuilder)" computerName="ERICCARLSONBBE6" duration="00:00:00.0018300" startTime="2022-11-23T12:19:17.0824988-05:00" endTime="2022-11-23T12:19:17.0843287-05:00" testType="13cdc9d9-ddb5-4fa4-a97d-d965ccfc6d4b" outcome="Passed" testListId="8c84fa94-04c1-424b-9868-57a2d4851a1d" relativeResultsDirectory="a818d036-25b1-45ea-beaf-9c8b217ad7f2" />
    <UnitTestResult executionId="36e2e3b3-4b02-4c6d-aef0-3dfa957520d4" testId="ae41c349-5474-73e3-363c-e03b2af702b4" testName="ThenCanResolveTheSelectedIDocumentationBuilder(Html,PicklesDoc.Pickles.DocumentationBuilders.Html.HtmlDocumentationBuilder)" computerName="ERICCARLSONBBE6" duration="00:00:00.0008770" startTime="2022-11-23T12:19:17.0720530-05:00" endTime="2022-11-23T12:19:17.0729300-05:00" testType="13cdc9d9-ddb5-4fa4-a97d-d965ccfc6d4b" outcome="Passed" testListId="8c84fa94-04c1-424b-9868-57a2d4851a1d" relativeResultsDirectory="36e2e3b3-4b02-4c6d-aef0-3dfa957520d4" />
    <UnitTestResult executionId="416e5696-dbc3-4053-bf84-5dc0cc768655" testId="055dd1b0-0a2c-8108-d65a-6f6f4684a4ce" testName="MapToFeature_FeatureWithTags_ReturnsFeatureWithTags" computerName="ERICCARLSONBBE6" duration="00:00:00.0013010" startTime="2022-11-23T12:19:16.9214076-05:00" endTime="2022-11-23T12:19:16.9227088-05:00" testType="13cdc9d9-ddb5-4fa4-a97d-d965ccfc6d4b" outcome="Passed" testListId="8c84fa94-04c1-424b-9868-57a2d4851a1d" relativeResultsDirectory="416e5696-dbc3-4053-bf84-5dc0cc768655" />
    <UnitTestResult executionId="edb898d4-4c9a-4436-afba-48ed250748d9" testId="4a5df4ca-f345-0994-08e9-9a292fd5e958" testName="IsRelevant_ByDefault_ReturnsFalse" computerName="ERICCARLSONBBE6" duration="00:00:00.0019949" startTime="2022-11-23T12:19:15.8778626-05:00" endTime="2022-11-23T12:19:15.8798578-05:00" testType="13cdc9d9-ddb5-4fa4-a97d-d965ccfc6d4b" outcome="Passed" testListId="8c84fa94-04c1-424b-9868-57a2d4851a1d" relativeResultsDirectory="edb898d4-4c9a-4436-afba-48ed250748d9" />
    <UnitTestResult executionId="e086c34e-fc2d-4ed9-9620-f30494b3f94f" testId="9896fd01-1602-19ad-40eb-c38536268da9" testName="ItShouldIndicateWasSuccessfulIsFalseForFailingScenario" computerName="ERICCARLSONBBE6" duration="00:00:00.0111930" startTime="2022-11-23T12:19:16.6680446-05:00" endTime="2022-11-23T12:19:16.6792372-05:00" testType="13cdc9d9-ddb5-4fa4-a97d-d965ccfc6d4b" outcome="Passed" testListId="8c84fa94-04c1-424b-9868-57a2d4851a1d" relativeResultsDirectory="e086c34e-fc2d-4ed9-9620-f30494b3f94f" />
    <UnitTestResult executionId="993491b8-084e-456c-aad8-1242a927161e" testId="919a0def-61d6-a630-f655-9a4c320ae4c8" testName="IsRelevant_ValidFile_ReturnsTrue(&quot;image.jpg&quot;)" computerName="ERICCARLSONBBE6" duration="00:00:00.0000870" startTime="2022-11-23T12:19:15.8808899-05:00" endTime="2022-11-23T12:19:15.8809764-05:00" testType="13cdc9d9-ddb5-4fa4-a97d-d965ccfc6d4b" outcome="Passed" testListId="8c84fa94-04c1-424b-9868-57a2d4851a1d" relativeResultsDirectory="993491b8-084e-456c-aad8-1242a927161e" />
    <UnitTestResult executionId="4d93e9da-b70f-4b7c-a864-485aa772196b" testId="18b2326c-4bed-936a-779f-ca59ee086658" testName="Map_NoSteps_ReturnsEmtpyListOfSteps" computerName="ERICCARLSONBBE6" duration="00:00:00.0000880" startTime="2022-11-23T12:19:16.8303580-05:00" endTime="2022-11-23T12:19:16.8304460-05:00" testType="13cdc9d9-ddb5-4fa4-a97d-d965ccfc6d4b" outcome="Passed" testListId="8c84fa94-04c1-424b-9868-57a2d4851a1d" relativeResultsDirectory="4d93e9da-b70f-4b7c-a864-485aa772196b" />
    <UnitTestResult executionId="d432ff85-4086-41ed-9753-cf71bfd0e3d0" testId="245405dd-491a-55b3-14cd-299fc71fa07d" testName="Map_NoTags_ReturnsEmptyListOfTags" computerName="ERICCARLSONBBE6" duration="00:00:00.0001090" startTime="2022-11-23T12:19:16.8304531-05:00" endTime="2022-11-23T12:19:16.8305618-05:00" testType="13cdc9d9-ddb5-4fa4-a97d-d965ccfc6d4b" outcome="Passed" testListId="8c84fa94-04c1-424b-9868-57a2d4851a1d" relativeResultsDirectory="d432ff85-4086-41ed-9753-cf71bfd0e3d0" />
    <UnitTestResult executionId="6758ca55-ba78-4cb5-9b93-78c412f0e3e1" testId="a9da35b8-99a8-fe50-9531-fe6e4dd9b7fc" testName="MapToStringTag_RegularTag_ReturnsStringOfTheTag" computerName="ERICCARLSONBBE6" duration="00:00:00.0011610" startTime="2022-11-23T12:19:16.9617463-05:00" endTime="2022-11-23T12:19:16.9629071-05:00" testType="13cdc9d9-ddb5-4fa4-a97d-d965ccfc6d4b" outcome="Passed" testListId="8c84fa94-04c1-424b-9868-57a2d4851a1d" relativeResultsDirectory="6758ca55-ba78-4cb5-9b93-78c412f0e3e1" />
    <UnitTestResult executionId="55ea1fcb-f1cd-467f-bc75-ac941cfa23c9" testId="8de2a033-b676-2f53-2f59-0733a195f808" testName="Map_NoExamples_ReturnsEmptyListOfExamples" computerName="ERICCARLSONBBE6" duration="00:00:00.0000890" startTime="2022-11-23T12:19:16.8302620-05:00" endTime="2022-11-23T12:19:16.8303507-05:00" testType="13cdc9d9-ddb5-4fa4-a97d-d965ccfc6d4b" outcome="Passed" testListId="8c84fa94-04c1-424b-9868-57a2d4851a1d" relativeResultsDirectory="55ea1fcb-f1cd-467f-bc75-ac941cfa23c9" />
    <UnitTestResult executionId="b60156a1-4b41-462a-94cc-63b4277347e7" testId="3019d3c2-0c54-5274-c78e-81740248b858" testName="Map_ExampleTableWithDataRows_ReturnsJsonTableWithDataRows" computerName="ERICCARLSONBBE6" duration="00:00:00.0018960" startTime="2022-11-23T12:19:16.8400133-05:00" endTime="2022-11-23T12:19:16.8419091-05:00" testType="13cdc9d9-ddb5-4fa4-a97d-d965ccfc6d4b" outcome="Passed" testListId="8c84fa94-04c1-424b-9868-57a2d4851a1d" relativeResultsDirectory="b60156a1-4b41-462a-94cc-63b4277347e7" />
    <UnitTestResult executionId="52626ed0-fd77-40ca-afff-0ea10f54a680" testId="0deeb8ae-3a20-2371-5a6c-b2ecc1099272" testName="MapToStep_StepWithDocStringArgument_ReturnStepWithDocString" computerName="ERICCARLSONBBE6" duration="00:00:00.0016590" startTime="2022-11-23T12:19:16.9528561-05:00" endTime="2022-11-23T12:19:16.9545145-05:00" testType="13cdc9d9-ddb5-4fa4-a97d-d965ccfc6d4b" outcome="Passed" testListId="8c84fa94-04c1-424b-9868-57a2d4851a1d" relativeResultsDirectory="52626ed0-fd77-40ca-afff-0ea10f54a680" />
    <UnitTestResult executionId="75cc768a-d272-421a-a2c3-2d893efdcaec" testId="a0490bd8-72d0-eb80-99c2-9e2dd52b73ee" testName="MapToFeature_FeatureWithSimpleProperties_ReturnsFeaturesWithThoseProperties" computerName="ERICCARLSONBBE6" duration="00:00:00.0013420" startTime="2022-11-23T12:19:16.9200362-05:00" endTime="2022-11-23T12:19:16.9213778-05:00" testType="13cdc9d9-ddb5-4fa4-a97d-d965ccfc6d4b" outcome="Passed" testListId="8c84fa94-04c1-424b-9868-57a2d4851a1d" relativeResultsDirectory="75cc768a-d272-421a-a2c3-2d893efdcaec" />
    <UnitTestResult executionId="31c1d868-8b0a-4039-aa15-bc4cff6f48b7" testId="023432c7-067d-a2df-fa8e-8d2b0c485356" testName="GetRelativeUriTo_DirectoryToFileBelow_ReturnsCurrentDirectory" computerName="ERICCARLSONBBE6" duration="00:00:00.0012290" startTime="2022-11-23T12:19:15.8715000-05:00" endTime="2022-11-23T12:19:15.8727292-05:00" testType="13cdc9d9-ddb5-4fa4-a97d-d965ccfc6d4b" outcome="Passed" testListId="8c84fa94-04c1-424b-9868-57a2d4851a1d" relativeResultsDirectory="31c1d868-8b0a-4039-aa15-bc4cff6f48b7" />
    <UnitTestResult executionId="5bc576a9-629b-4779-a5a6-caee00a284c5" testId="14c91b84-b688-7c5e-d960-73e0d6089384" testName="ThenCanDetectFeatureFilesSuccessfully" computerName="ERICCARLSONBBE6" duration="00:00:00.0028540" startTime="2022-11-23T12:19:16.9884657-05:00" endTime="2022-11-23T12:19:16.9913201-05:00" testType="13cdc9d9-ddb5-4fa4-a97d-d965ccfc6d4b" outcome="Passed" testListId="8c84fa94-04c1-424b-9868-57a2d4851a1d" relativeResultsDirectory="5bc576a9-629b-4779-a5a6-caee00a284c5" />
    <UnitTestResult executionId="ba3adaf7-8c84-4fee-9741-36ccd08cc389" testId="a9d18150-cea2-1f58-98af-2d8981b7023b" testName="Map_WithKeyword_ReturnsCorrectKeyword" computerName="ERICCARLSONBBE6" duration="00:00:00.0000989" startTime="2022-11-23T12:19:16.8327704-05:00" endTime="2022-11-23T12:19:16.8328689-05:00" testType="13cdc9d9-ddb5-4fa4-a97d-d965ccfc6d4b" outcome="Passed" testListId="8c84fa94-04c1-424b-9868-57a2d4851a1d" relativeResultsDirectory="ba3adaf7-8c84-4fee-9741-36ccd08cc389" />
    <UnitTestResult executionId="ffd731d4-c4f9-44b1-89e6-5e7804ce3486" testId="7d4b2fb4-4f47-e69c-8783-b5d5edc4e395" testName="ThenCanParseScenariosSuccessfully" computerName="ERICCARLSONBBE6" duration="00:00:00.0033500" startTime="2022-11-23T12:19:17.0185921-05:00" endTime="2022-11-23T12:19:17.0219422-05:00" testType="13cdc9d9-ddb5-4fa4-a97d-d965ccfc6d4b" outcome="Passed" testListId="8c84fa94-04c1-424b-9868-57a2d4851a1d" relativeResultsDirectory="ffd731d4-c4f9-44b1-89e6-5e7804ce3486" />
    <UnitTestResult executionId="09e9c2e2-71fe-4488-abbc-008c31ad2c17" testId="a19c62ca-31cc-64e1-f5dd-6b73618efdbd" testName="MoveNamespace" computerName="ERICCARLSONBBE6" duration="00:00:00.0004300" startTime="2022-11-23T12:19:16.8149529-05:00" endTime="2022-11-23T12:19:16.8153829-05:00" testType="13cdc9d9-ddb5-4fa4-a97d-d965ccfc6d4b" outcome="Passed" testListId="8c84fa94-04c1-424b-9868-57a2d4851a1d" relativeResultsDirectory="09e9c2e2-71fe-4488-abbc-008c31ad2c17" />
    <UnitTestResult executionId="310d12ba-5bc8-478c-b9bc-88a46299d6cd" testId="920efb33-30de-9f4f-92fb-5da03c8d73d8" testName="Then_can_parse_and_remove_tag_in_configuration_remove_technical_tag_from_scenario" computerName="ERICCARLSONBBE6" duration="00:00:00.0021560" startTime="2022-11-23T12:19:16.9993615-05:00" endTime="2022-11-23T12:19:17.0015173-05:00" testType="13cdc9d9-ddb5-4fa4-a97d-d965ccfc6d4b" outcome="Passed" testListId="8c84fa94-04c1-424b-9868-57a2d4851a1d" relativeResultsDirectory="310d12ba-5bc8-478c-b9bc-88a46299d6cd" />
    <UnitTestResult executionId="41ed1522-6d30-4f44-9513-73199125e793" testId="4a3558be-633c-b5e1-e65c-31f677abdb6a" testName="MapToFeature_NullFeature_ReturnsNull" computerName="ERICCARLSONBBE6" duration="00:00:00.0012530" startTime="2022-11-23T12:19:16.9227372-05:00" endTime="2022-11-23T12:19:16.9239904-05:00" testType="13cdc9d9-ddb5-4fa4-a97d-d965ccfc6d4b" outcome="Passed" testListId="8c84fa94-04c1-424b-9868-57a2d4851a1d" relativeResultsDirectory="41ed1522-6d30-4f44-9513-73199125e793" />
    <UnitTestResult executionId="371e5a48-2b2e-44cf-831d-0e97ba26c303" testId="1778f960-3877-9ea7-360f-a6725dc97989" testName="IsRelevant_ImageFileInfo_ReturnsTrue" computerName="ERICCARLSONBBE6" duration="00:00:00.0009120" startTime="2022-11-23T12:19:15.8826975-05:00" endTime="2022-11-23T12:19:15.8836099-05:00" testType="13cdc9d9-ddb5-4fa4-a97d-d965ccfc6d4b" outcome="Passed" testListId="8c84fa94-04c1-424b-9868-57a2d4851a1d" relativeResultsDirectory="371e5a48-2b2e-44cf-831d-0e97ba26c303" />
    <UnitTestResult executionId="f3799239-a878-432b-8d5a-6cbe8257c67b" testId="83e26a96-56bc-6d91-1739-e2e0f0465b03" testName="ThenCanDetectAllImagesSuccessfully" computerName="ERICCARLSONBBE6" duration="00:00:00.0026490" startTime="2022-11-23T12:19:17.2904350-05:00" endTime="2022-11-23T12:19:17.2930844-05:00" testType="13cdc9d9-ddb5-4fa4-a97d-d965ccfc6d4b" outcome="Passed" testListId="8c84fa94-04c1-424b-9868-57a2d4851a1d" relativeResultsDirectory="f3799239-a878-432b-8d5a-6cbe8257c67b" />
    <UnitTestResult executionId="695dbcac-bd7a-4fb3-aa87-8f27a9223b01" testId="7c126b7b-3ee7-2707-c0f6-a67c3217c339" testName="Map_WithNullComments_ReturnsAfterLastStepCommentsList" computerName="ERICCARLSONBBE6" duration="00:00:00.0000850" startTime="2022-11-23T12:19:16.8331148-05:00" endTime="2022-11-23T12:19:16.8331996-05:00" testType="13cdc9d9-ddb5-4fa4-a97d-d965ccfc6d4b" outcome="Passed" testListId="8c84fa94-04c1-424b-9868-57a2d4851a1d" relativeResultsDirectory="695dbcac-bd7a-4fb3-aa87-8f27a9223b01" />
    <UnitTestResult executionId="a7605557-cc43-4980-9050-28bcc06f56c2" testId="23955a31-cf35-8855-1092-98631cf687d8" testName="MapToKeyWord_StringThen_ReturnsThen" computerName="ERICCARLSONBBE6" duration="00:00:00.0012260" startTime="2022-11-23T12:19:16.9496220-05:00" endTime="2022-11-23T12:19:16.9508484-05:00" testType="13cdc9d9-ddb5-4fa4-a97d-d965ccfc6d4b" outcome="Passed" testListId="8c84fa94-04c1-424b-9868-57a2d4851a1d" relativeResultsDirectory="a7605557-cc43-4980-9050-28bcc06f56c2" />
    <UnitTestResult executionId="3f66b3b2-05f5-4e3b-8a58-440c8d6935d8" testId="91378188-0153-6848-6e24-0c45539dcf6d" testName="ThenCanResolveTheSelectedIDocumentationBuilder(DHtml,PicklesDoc.Pickles.DocumentationBuilders.Dhtml.DhtmlDocumentationBuilder)" computerName="ERICCARLSONBBE6" duration="00:00:00.0007620" startTime="2022-11-23T12:19:17.0780921-05:00" endTime="2022-11-23T12:19:17.0788542-05:00" testType="13cdc9d9-ddb5-4fa4-a97d-d965ccfc6d4b" outcome="Passed" testListId="8c84fa94-04c1-424b-9868-57a2d4851a1d" relativeResultsDirectory="3f66b3b2-05f5-4e3b-8a58-440c8d6935d8" />
    <UnitTestResult executionId="c0543416-d786-4e9e-8a06-ddebd3d3634a" testId="421a6e45-c786-7a38-bb88-c8e678f20118" testName="ThenCanParseScenarioWithDocstringSuccessfully" computerName="ERICCARLSONBBE6" duration="00:00:00.0037780" startTime="2022-11-23T12:19:17.0509104-05:00" endTime="2022-11-23T12:19:17.0546884-05:00" testType="13cdc9d9-ddb5-4fa4-a97d-d965ccfc6d4b" outcome="Passed" testListId="8c84fa94-04c1-424b-9868-57a2d4851a1d" relativeResultsDirectory="c0543416-d786-4e9e-8a06-ddebd3d3634a" />
    <UnitTestResult executionId="8678852d-05a9-4dae-894a-f3bfcccb5826" testId="ea670fd5-fafa-be15-3f39-ea160de405a5" testName="MapToScenarioOutline_TitleSpecialCharacters_HasValidSlug" computerName="ERICCARLSONBBE6" duration="00:00:00.0013130" startTime="2022-11-23T12:19:16.9468846-05:00" endTime="2022-11-23T12:19:16.9481974-05:00" testType="13cdc9d9-ddb5-4fa4-a97d-d965ccfc6d4b" outcome="Passed" testListId="8c84fa94-04c1-424b-9868-57a2d4851a1d" relativeResultsDirectory="8678852d-05a9-4dae-894a-f3bfcccb5826" />
    <UnitTestResult executionId="6ec48289-855e-4442-b8c4-6faa19436254" testId="c826d657-b8f4-5226-a39c-eb7188bc6544" testName="ThenCanFormatTextWithAcronymAsWikiWordSuccessfully" computerName="ERICCARLSONBBE6" duration="00:00:00.0001260" startTime="2022-11-23T12:19:15.8970306-05:00" endTime="2022-11-23T12:19:15.8971570-05:00" testType="13cdc9d9-ddb5-4fa4-a97d-d965ccfc6d4b" outcome="Passed" testListId="8c84fa94-04c1-424b-9868-57a2d4851a1d" relativeResultsDirectory="6ec48289-855e-4442-b8c4-6faa19436254" />
    <UnitTestResult executionId="a8bf68f3-7dc7-4f04-97c1-d51c98e756a9" testId="9bd1749b-1791-ec4a-f271-7478791738c2" testName="MapToTableRow_RowWithCellValues_ReturnsRowContainingThoseValues" computerName="ERICCARLSONBBE6" duration="00:00:00.0013020" startTime="2022-11-23T12:19:16.8967044-05:00" endTime="2022-11-23T12:19:16.8980064-05:00" testType="13cdc9d9-ddb5-4fa4-a97d-d965ccfc6d4b" outcome="Passed" testListId="8c84fa94-04c1-424b-9868-57a2d4851a1d" relativeResultsDirectory="a8bf68f3-7dc7-4f04-97c1-d51c98e756a9" />
    <UnitTestResult executionId="2596f532-98a7-44a1-9011-fb05dc96a01b" testId="f42df295-0a09-b35f-0a4f-b6a4d09ce712" testName="IsRelevant_ValidFile_ReturnsTrue(&quot;image.png&quot;)" computerName="ERICCARLSONBBE6" duration="00:00:00.0007990" startTime="2022-11-23T12:19:15.8800816-05:00" endTime="2022-11-23T12:19:15.8808805-05:00" testType="13cdc9d9-ddb5-4fa4-a97d-d965ccfc6d4b" outcome="Passed" testListId="8c84fa94-04c1-424b-9868-57a2d4851a1d" relativeResultsDirectory="2596f532-98a7-44a1-9011-fb05dc96a01b" />
    <UnitTestResult executionId="f565349b-0174-4579-bcaf-8232a010f609" testId="2d1e8734-39be-985c-1537-9f979ee40cdf" testName="MapToLocation_NullLocation_ReturnsNull" computerName="ERICCARLSONBBE6" duration="00:00:00.0014319" startTime="2022-11-23T12:19:16.9241505-05:00" endTime="2022-11-23T12:19:16.9255821-05:00" testType="13cdc9d9-ddb5-4fa4-a97d-d965ccfc6d4b" outcome="Passed" testListId="8c84fa94-04c1-424b-9868-57a2d4851a1d" relativeResultsDirectory="f565349b-0174-4579-bcaf-8232a010f609" />
    <UnitTestResult executionId="dffa8510-79e5-4bca-88fb-5906ec724197" testId="aef8551c-05cb-2cf2-3f00-57a0d48780f4" testName="Map_TableRowWithCells_ConvertsToJsonTableRow" computerName="ERICCARLSONBBE6" duration="00:00:00.0003810" startTime="2022-11-23T12:19:16.8373284-05:00" endTime="2022-11-23T12:19:16.8377092-05:00" testType="13cdc9d9-ddb5-4fa4-a97d-d965ccfc6d4b" outcome="Passed" testListId="8c84fa94-04c1-424b-9868-57a2d4851a1d" relativeResultsDirectory="dffa8510-79e5-4bca-88fb-5906ec724197" />
    <UnitTestResult executionId="ae3c9fdc-5a39-4e03-9e58-0326565c026e" testId="91a1d4f4-07ed-e043-9cbe-b43f79013c8f" testName="ToUriFileSystemInfo_DirectoryWithTrailingSlash_ProducesUriWithTrailingSlash" computerName="ERICCARLSONBBE6" duration="00:00:00.0006830" startTime="2022-11-23T12:19:15.9082552-05:00" endTime="2022-11-23T12:19:15.9089382-05:00" testType="13cdc9d9-ddb5-4fa4-a97d-d965ccfc6d4b" outcome="Passed" testListId="8c84fa94-04c1-424b-9868-57a2d4851a1d" relativeResultsDirectory="ae3c9fdc-5a39-4e03-9e58-0326565c026e" />
    <UnitTestResult executionId="e9058344-50fc-4f7f-9cb2-3e5e0730f3b2" testId="c064a3cb-594b-9f1c-fd00-9c99d07e5d7d" testName="GetDialect_WithLanguageThatIncludesHyphen_ReturnsThatLanguage" computerName="ERICCARLSONBBE6" duration="00:00:00.0013029" startTime="2022-11-23T12:19:15.5274945-05:00" endTime="2022-11-23T12:19:15.5287977-05:00" testType="13cdc9d9-ddb5-4fa4-a97d-d965ccfc6d4b" outcome="Passed" testListId="8c84fa94-04c1-424b-9868-57a2d4851a1d" relativeResultsDirectory="e9058344-50fc-4f7f-9cb2-3e5e0730f3b2" />
    <UnitTestResult executionId="4c553099-2c61-4704-9eed-5815639f1495" testId="e1f51bb1-2532-93e9-0f45-421d8bb3ec2a" testName="MapToFeature_FeatureWithScenarioDefinitions_ReturnsFeatureWithFeatureElements" computerName="ERICCARLSONBBE6" duration="00:00:00.0015770" startTime="2022-11-23T12:19:16.9184289-05:00" endTime="2022-11-23T12:19:16.9200058-05:00" testType="13cdc9d9-ddb5-4fa4-a97d-d965ccfc6d4b" outcome="Passed" testListId="8c84fa94-04c1-424b-9868-57a2d4851a1d" relativeResultsDirectory="4c553099-2c61-4704-9eed-5815639f1495" />
    <UnitTestResult executionId="d9d49db7-8970-4b36-8d88-26acc1983fda" testId="4d389c4f-c1a4-9777-3cc5-f0470e77453d" testName="ShouldContainTheFeatures" computerName="ERICCARLSONBBE6" duration="00:00:00.0348080" startTime="2022-11-23T12:19:16.7074129-05:00" endTime="2022-11-23T12:19:16.7422212-05:00" testType="13cdc9d9-ddb5-4fa4-a97d-d965ccfc6d4b" outcome="Passed" testListId="8c84fa94-04c1-424b-9868-57a2d4851a1d" relativeResultsDirectory="d9d49db7-8970-4b36-8d88-26acc1983fda" />
    <UnitTestResult executionId="5516ccd8-4892-4b17-b6ae-456cccc99b9d" testId="4a414230-905d-7f8d-87d3-8884d0269163" testName="MapToScenario_RegularScenario_ReturnsScenario" computerName="ERICCARLSONBBE6" duration="00:00:00.0030209" startTime="2022-11-23T12:19:16.9409994-05:00" endTime="2022-11-23T12:19:16.9440201-05:00" testType="13cdc9d9-ddb5-4fa4-a97d-d965ccfc6d4b" outcome="Passed" testListId="8c84fa94-04c1-424b-9868-57a2d4851a1d" relativeResultsDirectory="5516ccd8-4892-4b17-b6ae-456cccc99b9d" />
    <UnitTestResult executionId="e73fa5aa-b174-4e87-9a38-1f913b225361" testId="3469300e-035a-5249-282c-445c8034c44b" testName="Then_can_parse_scenario_with_tags_successfully" computerName="ERICCARLSONBBE6" duration="00:00:00.0018040" startTime="2022-11-23T12:19:17.0088282-05:00" endTime="2022-11-23T12:19:17.0106323-05:00" testType="13cdc9d9-ddb5-4fa4-a97d-d965ccfc6d4b" outcome="Passed" testListId="8c84fa94-04c1-424b-9868-57a2d4851a1d" relativeResultsDirectory="e73fa5aa-b174-4e87-9a38-1f913b225361" />
    <UnitTestResult executionId="1b012802-13ea-4fea-a9e7-9aa25a4b888c" testId="2d57c021-10f4-7573-e131-41b5e641b7f1" testName="WhenExperimentalIsEnabled_ResolveStrikeMarkdownProvider" computerName="ERICCARLSONBBE6" duration="00:00:00.1991780" startTime="2022-11-23T12:19:17.0904789-05:00" endTime="2022-11-23T12:19:17.2896566-05:00" testType="13cdc9d9-ddb5-4fa4-a97d-d965ccfc6d4b" outcome="Passed" testListId="8c84fa94-04c1-424b-9868-57a2d4851a1d" relativeResultsDirectory="1b012802-13ea-4fea-a9e7-9aa25a4b888c" />
    <UnitTestResult executionId="f06fdbc3-c520-4235-bb7d-746a6311e40c" testId="77906bed-4a7d-5521-51c2-4f3d836434ba" testName="MapToStep_StepWithTableArgument_ReturnStepWithTable" computerName="ERICCARLSONBBE6" duration="00:00:00.0016500" startTime="2022-11-23T12:19:16.9573498-05:00" endTime="2022-11-23T12:19:16.9589995-05:00" testType="13cdc9d9-ddb5-4fa4-a97d-d965ccfc6d4b" outcome="Passed" testListId="8c84fa94-04c1-424b-9868-57a2d4851a1d" relativeResultsDirectory="f06fdbc3-c520-4235-bb7d-746a6311e40c" />
    <UnitTestResult executionId="8c897360-5c75-4438-9bf3-d90ae9bcf2e4" testId="11ec8f68-45a3-af3f-4a85-f9e875a034b9" testName="Map_TableRow_ReturnsObject" computerName="ERICCARLSONBBE6" duration="00:00:00.0001530" startTime="2022-11-23T12:19:16.8371671-05:00" endTime="2022-11-23T12:19:16.8373198-05:00" testType="13cdc9d9-ddb5-4fa4-a97d-d965ccfc6d4b" outcome="Passed" testListId="8c84fa94-04c1-424b-9868-57a2d4851a1d" relativeResultsDirectory="8c897360-5c75-4438-9bf3-d90ae9bcf2e4" />
    <UnitTestResult executionId="a9449a88-cb54-41f2-99af-e70587d147ae" testId="c0fbf6e7-772e-29b3-6edc-0a3674abefb6" testName="MapToKeyword_WhenInSwedish_ReturnsWhen" computerName="ERICCARLSONBBE6" duration="00:00:00.0010070" startTime="2022-11-23T12:19:16.9703783-05:00" endTime="2022-11-23T12:19:16.9713848-05:00" testType="13cdc9d9-ddb5-4fa4-a97d-d965ccfc6d4b" outcome="Passed" testListId="8c84fa94-04c1-424b-9868-57a2d4851a1d" relativeResultsDirectory="a9449a88-cb54-41f2-99af-e70587d147ae" />
    <UnitTestResult executionId="dccbc330-aa80-4d23-9746-5f6f650bdba1" testId="ba0a5a7d-c5b5-7dd0-271b-846e5b517e29" testName="MapToStep_StepWithWhen_ReturnStep" computerName="ERICCARLSONBBE6" duration="00:00:00.0013410" startTime="2022-11-23T12:19:16.9590293-05:00" endTime="2022-11-23T12:19:16.9603697-05:00" testType="13cdc9d9-ddb5-4fa4-a97d-d965ccfc6d4b" outcome="Passed" testListId="8c84fa94-04c1-424b-9868-57a2d4851a1d" relativeResultsDirectory="dccbc330-aa80-4d23-9746-5f6f650bdba1" />
    <UnitTestResult executionId="f4089c3f-15d4-4a47-a663-e1efe5b1078b" testId="45142e11-464c-9d21-08ec-b2dc0e449acc" testName="MapToScenarioOutline_Always_MapsFeatureProperty" computerName="ERICCARLSONBBE6" duration="00:00:00.0014400" startTime="2022-11-23T12:19:16.9440536-05:00" endTime="2022-11-23T12:19:16.9454938-05:00" testType="13cdc9d9-ddb5-4fa4-a97d-d965ccfc6d4b" outcome="Passed" testListId="8c84fa94-04c1-424b-9868-57a2d4851a1d" relativeResultsDirectory="f4089c3f-15d4-4a47-a663-e1efe5b1078b" />
    <UnitTestResult executionId="77a94e27-ab4d-42c3-a3e5-73acd7a60961" testId="0aa79223-629c-5269-1c07-377109cd0bcb" testName="Constructor_Default_SetsLanguageToEnglish" computerName="ERICCARLSONBBE6" duration="00:00:00.1107850" startTime="2022-11-23T12:19:15.3974323-05:00" endTime="2022-11-23T12:19:15.5081312-05:00" testType="13cdc9d9-ddb5-4fa4-a97d-d965ccfc6d4b" outcome="Passed" testListId="8c84fa94-04c1-424b-9868-57a2d4851a1d" relativeResultsDirectory="77a94e27-ab4d-42c3-a3e5-73acd7a60961" />
    <UnitTestResult executionId="47aa610a-5830-4e47-8f37-e6648ad34148" testId="f8a55f69-4bb6-f4ce-d8cb-672a9c4c9f03" testName="ItShouldIndicateWasSuccessfulIsTrueForTheOtherSuccessFeature" computerName="ERICCARLSONBBE6" duration="00:00:00.0077820" startTime="2022-11-23T12:19:16.6870670-05:00" endTime="2022-11-23T12:19:16.6948493-05:00" testType="13cdc9d9-ddb5-4fa4-a97d-d965ccfc6d4b" outcome="Passed" testListId="8c84fa94-04c1-424b-9868-57a2d4851a1d" relativeResultsDirectory="47aa610a-5830-4e47-8f37-e6648ad34148" />
    <UnitTestResult executionId="6ddd997d-97a9-43c6-ba2e-7d0561a4c011" testId="29a3c11d-efc3-2b7f-7226-91220f6ed839" testName="Map_WithoutStepComments_ReturnsEmptyList" computerName="ERICCARLSONBBE6" duration="00:00:00.0001290" startTime="2022-11-23T12:19:16.8336336-05:00" endTime="2022-11-23T12:19:16.8337626-05:00" testType="13cdc9d9-ddb5-4fa4-a97d-d965ccfc6d4b" outcome="Passed" testListId="8c84fa94-04c1-424b-9868-57a2d4851a1d" relativeResultsDirectory="6ddd997d-97a9-43c6-ba2e-7d0561a4c011" />
    <UnitTestResult executionId="3b8d34bd-bd39-4e94-adc2-9baa335d27ff" testId="90282de9-ec82-4e67-bd23-4cc70ee9315b" testName="ThenCanResolveTheSelectedIDocumentationBuilder(Cucumber,PicklesDoc.Pickles.DocumentationBuilders.Cucumber.CucumberDocumentationBuilder)" computerName="ERICCARLSONBBE6" duration="00:00:00.0007190" startTime="2022-11-23T12:19:17.0796212-05:00" endTime="2022-11-23T12:19:17.0803402-05:00" testType="13cdc9d9-ddb5-4fa4-a97d-d965ccfc6d4b" outcome="Passed" testListId="8c84fa94-04c1-424b-9868-57a2d4851a1d" relativeResultsDirectory="3b8d34bd-bd39-4e94-adc2-9baa335d27ff" />
    <UnitTestResult executionId="3b1d3423-6f2e-45af-ac9b-964b3415ab2d" testId="abc15c7b-e91f-721b-1bac-97e82836e053" testName="MapToKeyword_KeywordIsProvidedWithBlank_ReturnsKeyword" computerName="ERICCARLSONBBE6" duration="00:00:00.0010839" startTime="2022-11-23T12:19:16.9672022-05:00" endTime="2022-11-23T12:19:16.9682860-05:00" testType="13cdc9d9-ddb5-4fa4-a97d-d965ccfc6d4b" outcome="Passed" testListId="8c84fa94-04c1-424b-9868-57a2d4851a1d" relativeResultsDirectory="3b1d3423-6f2e-45af-ac9b-964b3415ab2d" />
    <UnitTestResult executionId="ae8a3370-324d-412f-855f-bbb0b32ac887" testId="9f075bd6-5d09-682b-185d-903bddefcd8e" testName="Merge_PassedInconclusiveAndFailedResults_ShouldReturnFailed" computerName="ERICCARLSONBBE6" duration="00:00:00.0001100" startTime="2022-11-23T12:19:16.9753948-05:00" endTime="2022-11-23T12:19:16.9755047-05:00" testType="13cdc9d9-ddb5-4fa4-a97d-d965ccfc6d4b" outcome="Passed" testListId="8c84fa94-04c1-424b-9868-57a2d4851a1d" relativeResultsDirectory="ae8a3370-324d-412f-855f-bbb0b32ac887" />
    <UnitTestResult executionId="e1f3f28b-3b28-44fc-8fc2-8e2f4024af87" testId="5e5b21c4-f8f1-3d2f-7050-4379c0fa7d2f" testName="Then_can_parse_and_ignore_scenario_with_tag_in_configuration_ignore_tag_and_do_not_keep_feature" computerName="ERICCARLSONBBE6" duration="00:00:00.0016490" startTime="2022-11-23T12:19:16.9956585-05:00" endTime="2022-11-23T12:19:16.9973077-05:00" testType="13cdc9d9-ddb5-4fa4-a97d-d965ccfc6d4b" outcome="Passed" testListId="8c84fa94-04c1-424b-9868-57a2d4851a1d" relativeResultsDirectory="e1f3f28b-3b28-44fc-8fc2-8e2f4024af87" />
    <UnitTestResult executionId="689bbcc3-c501-4180-b1f9-774989214b15" testId="ecfa8010-b0ed-0c28-6fc0-090d48a06e33" testName="Map_WithName_ReturnsName" computerName="ERICCARLSONBBE6" duration="00:00:00.0001120" startTime="2022-11-23T12:19:16.8329071-05:00" endTime="2022-11-23T12:19:16.8330193-05:00" testType="13cdc9d9-ddb5-4fa4-a97d-d965ccfc6d4b" outcome="Passed" testListId="8c84fa94-04c1-424b-9868-57a2d4851a1d" relativeResultsDirectory="689bbcc3-c501-4180-b1f9-774989214b15" />
    <UnitTestResult executionId="95d7d6be-21fd-4d72-b203-83186df5eecc" testId="b85c644b-8489-cbb9-6e06-ef4de46141c2" testName="Map_WithAfterLastStepComments_ReturnsThoseComments" computerName="ERICCARLSONBBE6" duration="00:00:00.0003180" startTime="2022-11-23T12:19:16.8321638-05:00" endTime="2022-11-23T12:19:16.8324819-05:00" testType="13cdc9d9-ddb5-4fa4-a97d-d965ccfc6d4b" outcome="Passed" testListId="8c84fa94-04c1-424b-9868-57a2d4851a1d" relativeResultsDirectory="95d7d6be-21fd-4d72-b203-83186df5eecc" />
    <UnitTestResult executionId="ab3eaff6-1623-406e-a9df-1bfa1a7e72b6" testId="a76a52d2-e464-7beb-7062-8f2eeda29156" testName="LineThatStartsWithEscapedHash_Header2_ShouldRemoveEscapeSign" computerName="ERICCARLSONBBE6" duration="00:00:00.0000920" startTime="2022-11-23T12:19:15.8596009-05:00" endTime="2022-11-23T12:19:15.8596924-05:00" testType="13cdc9d9-ddb5-4fa4-a97d-d965ccfc6d4b" outcome="Passed" testListId="8c84fa94-04c1-424b-9868-57a2d4851a1d" relativeResultsDirectory="ab3eaff6-1623-406e-a9df-1bfa1a7e72b6" />
    <UnitTestResult executionId="766235c8-a3e6-4067-a915-eee2a288c03f" testId="fc601999-9e44-2983-a7fb-26c9b68b5726" testName="Merge_MultiplePassedResults_ShouldReturnPassed" computerName="ERICCARLSONBBE6" duration="00:00:00.0001040" startTime="2022-11-23T12:19:16.9746115-05:00" endTime="2022-11-23T12:19:16.9747152-05:00" testType="13cdc9d9-ddb5-4fa4-a97d-d965ccfc6d4b" outcome="Passed" testListId="8c84fa94-04c1-424b-9868-57a2d4851a1d" relativeResultsDirectory="766235c8-a3e6-4067-a915-eee2a288c03f" />
    <UnitTestResult executionId="130528a7-7090-41cd-a7a3-4302d1de5f84" testId="b5808cb5-1ccc-f6ad-2d48-84256ff70878" testName="IsRelevant_ValidFileWithMixedCaseExtension_ReturnsTrue" computerName="ERICCARLSONBBE6" duration="00:00:00.0001370" startTime="2022-11-23T12:19:15.8811017-05:00" endTime="2022-11-23T12:19:15.8812385-05:00" testType="13cdc9d9-ddb5-4fa4-a97d-d965ccfc6d4b" outcome="Passed" testListId="8c84fa94-04c1-424b-9868-57a2d4851a1d" relativeResultsDirectory="130528a7-7090-41cd-a7a3-4302d1de5f84" />
    <UnitTestResult executionId="70efc68c-6477-4b4b-86c3-b9ace63614d8" testId="81765902-660e-6877-86d8-ec70f35715ec" testName="ThenCanFormatTextWithNumberFollowedByCapitalAsWikiWordSuccessfully" computerName="ERICCARLSONBBE6" duration="00:00:00.0000610" startTime="2022-11-23T12:19:15.8972519-05:00" endTime="2022-11-23T12:19:15.8973125-05:00" testType="13cdc9d9-ddb5-4fa4-a97d-d965ccfc6d4b" outcome="Passed" testListId="8c84fa94-04c1-424b-9868-57a2d4851a1d" relativeResultsDirectory="70efc68c-6477-4b4b-86c3-b9ace63614d8" />
    <UnitTestResult executionId="df1b3da8-3593-41ac-9cc0-15fa448774ba" testId="7355de11-ecb9-78c1-e9a7-a6ad6863c717" testName="TableOfContent_Must_Contain_Link_To_Home" computerName="ERICCARLSONBBE6" duration="00:00:00.0104429" startTime="2022-11-23T12:19:16.7660232-05:00" endTime="2022-11-23T12:19:16.7764657-05:00" testType="13cdc9d9-ddb5-4fa4-a97d-d965ccfc6d4b" outcome="Passed" testListId="8c84fa94-04c1-424b-9868-57a2d4851a1d" relativeResultsDirectory="df1b3da8-3593-41ac-9cc0-15fa448774ba" />
    <UnitTestResult executionId="9eb3fce0-3c96-4f19-acd3-fe8f3d7c8d68" testId="d8574c62-7f64-edaf-9bb3-a57031c9c43d" testName="MapToStringTableCell_NullTableCell_ReturnsNull" computerName="ERICCARLSONBBE6" duration="00:00:00.0012570" startTime="2022-11-23T12:19:16.8881513-05:00" endTime="2022-11-23T12:19:16.8894076-05:00" testType="13cdc9d9-ddb5-4fa4-a97d-d965ccfc6d4b" outcome="Passed" testListId="8c84fa94-04c1-424b-9868-57a2d4851a1d" relativeResultsDirectory="9eb3fce0-3c96-4f19-acd3-fe8f3d7c8d68" />
    <UnitTestResult executionId="78241c28-f861-4cc0-b8f1-0736770c6129" testId="91630d50-5bca-7acf-6341-4417c7067c35" testName="GetEncoding_FileIsLessThanFourBytes_DoesNotThrowException" computerName="ERICCARLSONBBE6" duration="00:00:00.0008960" startTime="2022-11-23T12:19:15.8890534-05:00" endTime="2022-11-23T12:19:15.8899495-05:00" testType="13cdc9d9-ddb5-4fa4-a97d-d965ccfc6d4b" outcome="Passed" testListId="8c84fa94-04c1-424b-9868-57a2d4851a1d" relativeResultsDirectory="78241c28-f861-4cc0-b8f1-0736770c6129" />
    <UnitTestResult executionId="356012c3-0668-474c-aeda-4b52e15cb3c7" testId="6fd40770-cb6f-4692-f9e6-68b2c60e90b9" testName="Ul_Element_Must_Contain_Li_Children_Only" computerName="ERICCARLSONBBE6" duration="00:00:00.0097520" startTime="2022-11-23T12:19:16.8046694-05:00" endTime="2022-11-23T12:19:16.8144213-05:00" testType="13cdc9d9-ddb5-4fa4-a97d-d965ccfc6d4b" outcome="Passed" testListId="8c84fa94-04c1-424b-9868-57a2d4851a1d" relativeResultsDirectory="356012c3-0668-474c-aeda-4b52e15cb3c7" />
    <UnitTestResult executionId="7364563d-0702-4779-8cb8-51cd707e4aa7" testId="e31e485a-1cf3-d830-234b-7b05e837d621" testName="MapToKeyword_ThenInSwedish_ReturnsThen" computerName="ERICCARLSONBBE6" duration="00:00:00.0010169" startTime="2022-11-23T12:19:16.9693390-05:00" endTime="2022-11-23T12:19:16.9703557-05:00" testType="13cdc9d9-ddb5-4fa4-a97d-d965ccfc6d4b" outcome="Passed" testListId="8c84fa94-04c1-424b-9868-57a2d4851a1d" relativeResultsDirectory="7364563d-0702-4779-8cb8-51cd707e4aa7" />
    <UnitTestResult executionId="5ce5f620-9ba1-46cf-ade4-3b7ab986ac1f" testId="8a496478-cb58-07dc-ff9e-8b8291b01ce1" testName="Map_Passed_ReturnsExecutedTrueSuccessfulTrue" computerName="ERICCARLSONBBE6" duration="00:00:00.0000770" startTime="2022-11-23T12:19:16.8433354-05:00" endTime="2022-11-23T12:19:16.8434126-05:00" testType="13cdc9d9-ddb5-4fa4-a97d-d965ccfc6d4b" outcome="Passed" testListId="8c84fa94-04c1-424b-9868-57a2d4851a1d" relativeResultsDirectory="5ce5f620-9ba1-46cf-ade4-3b7ab986ac1f" />
    <UnitTestResult executionId="efc2714c-98ea-4919-b33a-385ea95c05e3" testId="2ded35d7-32fa-b312-206c-4530f3316064" testName="WhenExperimentalIsDisabled_ResolveMarkdownProvider" computerName="ERICCARLSONBBE6" duration="00:00:00.0005210" startTime="2022-11-23T12:19:17.0899288-05:00" endTime="2022-11-23T12:19:17.0904499-05:00" testType="13cdc9d9-ddb5-4fa4-a97d-d965ccfc6d4b" outcome="Passed" testListId="8c84fa94-04c1-424b-9868-57a2d4851a1d" relativeResultsDirectory="efc2714c-98ea-4919-b33a-385ea95c05e3" />
    <UnitTestResult executionId="18779808-aa0b-4b45-9e69-47826c15de29" testId="b26fb74e-729d-8047-377b-8be9da93dbdb" testName="ItShouldIndicateWasSuccessfulIsTrue" computerName="ERICCARLSONBBE6" duration="00:00:00.0077730" startTime="2022-11-23T12:19:16.6792664-05:00" endTime="2022-11-23T12:19:16.6870388-05:00" testType="13cdc9d9-ddb5-4fa4-a97d-d965ccfc6d4b" outcome="Passed" testListId="8c84fa94-04c1-424b-9868-57a2d4851a1d" relativeResultsDirectory="18779808-aa0b-4b45-9e69-47826c15de29" />
    <UnitTestResult executionId="da159726-70b6-49fb-9826-4faa55220d16" testId="d1607d13-bf37-a017-7c4d-310c80ac28d2" testName="MapToScenario_NullScenario_ReturnsNull" computerName="ERICCARLSONBBE6" duration="00:00:00.0013320" startTime="2022-11-23T12:19:16.9283753-05:00" endTime="2022-11-23T12:19:16.9297069-05:00" testType="13cdc9d9-ddb5-4fa4-a97d-d965ccfc6d4b" outcome="Passed" testListId="8c84fa94-04c1-424b-9868-57a2d4851a1d" relativeResultsDirectory="da159726-70b6-49fb-9826-4faa55220d16" />
    <UnitTestResult executionId="7e146293-2685-43e4-a0f4-ee8ae1fa0811" testId="cd326f26-4b5c-a5b5-7db2-4bedf97529df" testName="Map_WithDocString_ReturnsDocStringAndNoTableArgument" computerName="ERICCARLSONBBE6" duration="00:00:00.0002690" startTime="2022-11-23T12:19:16.8324920-05:00" endTime="2022-11-23T12:19:16.8327609-05:00" testType="13cdc9d9-ddb5-4fa4-a97d-d965ccfc6d4b" outcome="Passed" testListId="8c84fa94-04c1-424b-9868-57a2d4851a1d" relativeResultsDirectory="7e146293-2685-43e4-a0f4-ee8ae1fa0811" />
    <UnitTestResult executionId="cda6f3c3-8353-44ed-b86b-d317342dd9c9" testId="ef1fded0-9368-0b89-add4-288e25a22d19" testName="Map_WithTags_ReturnsTags" computerName="ERICCARLSONBBE6" duration="00:00:00.0002150" startTime="2022-11-23T12:19:16.8256555-05:00" endTime="2022-11-23T12:19:16.8258700-05:00" testType="13cdc9d9-ddb5-4fa4-a97d-d965ccfc6d4b" outcome="Passed" testListId="8c84fa94-04c1-424b-9868-57a2d4851a1d" relativeResultsDirectory="cda6f3c3-8353-44ed-b86b-d317342dd9c9" />
    <UnitTestResult executionId="16aca807-fdc4-494e-86b5-4391b89233d5" testId="2497e506-3dc8-5ae6-a611-63bce47ee455" testName="GetLanguageServicesForLanguage_WithNullLanguage_ReturnsLanguageServicesForEnglish" computerName="ERICCARLSONBBE6" duration="00:00:00.0000770" startTime="2022-11-23T12:19:16.8148127-05:00" endTime="2022-11-23T12:19:16.8148897-05:00" testType="13cdc9d9-ddb5-4fa4-a97d-d965ccfc6d4b" outcome="Passed" testListId="8c84fa94-04c1-424b-9868-57a2d4851a1d" relativeResultsDirectory="16aca807-fdc4-494e-86b5-4391b89233d5" />
    <UnitTestResult executionId="7c4cb222-7bfd-4291-97ba-5d81cad027f5" testId="b2f41475-071c-06b4-373d-577f6af5c5d6" testName="GetEncoding_FileDoesNotExist_DoesNotThrowException" computerName="ERICCARLSONBBE6" duration="00:00:00.0009190" startTime="2022-11-23T12:19:15.8881092-05:00" endTime="2022-11-23T12:19:15.8890278-05:00" testType="13cdc9d9-ddb5-4fa4-a97d-d965ccfc6d4b" outcome="Passed" testListId="8c84fa94-04c1-424b-9868-57a2d4851a1d" relativeResultsDirectory="7c4cb222-7bfd-4291-97ba-5d81cad027f5" />
    <UnitTestResult executionId="222ac6e0-baee-4a2f-9534-1d1cf1a35e54" testId="f1ed17de-9249-363e-707b-4aac0d4a7566" testName="MapToKeyword_AndInSwedish_ReturnsAnd" computerName="ERICCARLSONBBE6" duration="00:00:00.0012150" startTime="2022-11-23T12:19:16.9630550-05:00" endTime="2022-11-23T12:19:16.9642694-05:00" testType="13cdc9d9-ddb5-4fa4-a97d-d965ccfc6d4b" outcome="Passed" testListId="8c84fa94-04c1-424b-9868-57a2d4851a1d" relativeResultsDirectory="222ac6e0-baee-4a2f-9534-1d1cf1a35e54" />
    <UnitTestResult executionId="1965fb51-f311-4482-8acc-c034cedb88e0" testId="c9d41f4b-061e-ad0e-ab6b-66d3fd7a5896" testName="LineThatStartsWithEscapedHash_Header3_ShouldRemoveEscapeSign" computerName="ERICCARLSONBBE6" duration="00:00:00.0001240" startTime="2022-11-23T12:19:15.8596997-05:00" endTime="2022-11-23T12:19:15.8598232-05:00" testType="13cdc9d9-ddb5-4fa4-a97d-d965ccfc6d4b" outcome="Passed" testListId="8c84fa94-04c1-424b-9868-57a2d4851a1d" relativeResultsDirectory="1965fb51-f311-4482-8acc-c034cedb88e0" />
    <UnitTestResult executionId="845943e3-40d5-4734-b7ce-e2669c92ec4c" testId="cea95d72-0e0c-6c38-dd31-2635e4fc12d8" testName="Map_TableRowWithTestResultsWithRows_ReturnsObjectWithStrings" computerName="ERICCARLSONBBE6" duration="00:00:00.0004480" startTime="2022-11-23T12:19:16.8394639-05:00" endTime="2022-11-23T12:19:16.8399119-05:00" testType="13cdc9d9-ddb5-4fa4-a97d-d965ccfc6d4b" outcome="Passed" testListId="8c84fa94-04c1-424b-9868-57a2d4851a1d" relativeResultsDirectory="845943e3-40d5-4734-b7ce-e2669c92ec4c" />
    <UnitTestResult executionId="ae5f302b-0526-4bb2-a21d-472b8e95c390" testId="333786c1-b534-29dd-7545-8381a9bd91d8" testName="WhenIndicatingTheLanguageInTheFeature_ThenCanParseMostBasicFeatureSuccessfully" computerName="ERICCARLSONBBE6" duration="00:00:00.0062930" startTime="2022-11-23T12:19:17.0625103-05:00" endTime="2022-11-23T12:19:17.0688034-05:00" testType="13cdc9d9-ddb5-4fa4-a97d-d965ccfc6d4b" outcome="Passed" testListId="8c84fa94-04c1-424b-9868-57a2d4851a1d" relativeResultsDirectory="ae5f302b-0526-4bb2-a21d-472b8e95c390" />
    <UnitTestResult executionId="7a3a57ee-7a18-4f4a-839d-ea532ef25607" testId="4d94901a-0408-1f44-6b67-c45adb96b544" testName="Map_AnExampleWithTags_ReturnsAJsonExampleWithTags" computerName="ERICCARLSONBBE6" duration="00:00:00.0001430" startTime="2022-11-23T12:19:16.8173886-05:00" endTime="2022-11-23T12:19:16.8175312-05:00" testType="13cdc9d9-ddb5-4fa4-a97d-d965ccfc6d4b" outcome="Passed" testListId="8c84fa94-04c1-424b-9868-57a2d4851a1d" relativeResultsDirectory="7a3a57ee-7a18-4f4a-839d-ea532ef25607" />
    <UnitTestResult executionId="19b7b426-cfff-4940-b668-7fb3cda943df" testId="523f430c-589f-aafd-1b2b-05118044b2a8" testName="GetRelativeUriTo_FileToDirectory_ReturnsNodesFileName" computerName="ERICCARLSONBBE6" duration="00:00:00.0011650" startTime="2022-11-23T12:19:15.8748959-05:00" endTime="2022-11-23T12:19:15.8760613-05:00" testType="13cdc9d9-ddb5-4fa4-a97d-d965ccfc6d4b" outcome="Passed" testListId="8c84fa94-04c1-424b-9868-57a2d4851a1d" relativeResultsDirectory="19b7b426-cfff-4940-b668-7fb3cda943df" />
    <UnitTestResult executionId="2167c122-d09e-436a-95ca-c8e7740005c3" testId="68f64e68-24e0-ca45-5d01-93a0ed765eae" testName="Map_Inconclusive_ReturnsExecutedFalseSuccessfulFalse" computerName="ERICCARLSONBBE6" duration="00:00:00.0000940" startTime="2022-11-23T12:19:16.8431481-05:00" endTime="2022-11-23T12:19:16.8432419-05:00" testType="13cdc9d9-ddb5-4fa4-a97d-d965ccfc6d4b" outcome="Passed" testListId="8c84fa94-04c1-424b-9868-57a2d4851a1d" relativeResultsDirectory="2167c122-d09e-436a-95ca-c8e7740005c3" />
    <UnitTestResult executionId="bbf2f6e5-a4c9-4f98-8800-4c937042f7e2" testId="c64ab3fd-a5a1-5878-7c1a-1e8a8afbf3b9" testName="Merge_NullReference_ThrowsArgumentNullException" computerName="ERICCARLSONBBE6" duration="00:00:00.0006340" startTime="2022-11-23T12:19:16.9747375-05:00" endTime="2022-11-23T12:19:16.9753713-05:00" testType="13cdc9d9-ddb5-4fa4-a97d-d965ccfc6d4b" outcome="Passed" testListId="8c84fa94-04c1-424b-9868-57a2d4851a1d" relativeResultsDirectory="bbf2f6e5-a4c9-4f98-8800-4c937042f7e2" />
    <UnitTestResult executionId="b391ff2a-39f3-4e41-b453-fae43b2146c5" testId="79e9a2d5-6fd7-c594-c7c3-6a0aee043d3b" testName="ToFileUriString_WithoutTrailingSlash_ValidOutputWithTrailingSlash" computerName="ERICCARLSONBBE6" duration="00:00:00.0006750" startTime="2022-11-23T12:19:15.8984951-05:00" endTime="2022-11-23T12:19:15.8991695-05:00" testType="13cdc9d9-ddb5-4fa4-a97d-d965ccfc6d4b" outcome="Passed" testListId="8c84fa94-04c1-424b-9868-57a2d4851a1d" relativeResultsDirectory="b391ff2a-39f3-4e41-b453-fae43b2146c5" />
    <UnitTestResult executionId="1439e304-76bd-42fa-8e1b-464fbe8e7d21" testId="8ecd3a27-de14-37b0-a475-7f1b4251867d" testName="ThenCanFormatTextWithNumbersAsWikiWordSuccessfully" computerName="ERICCARLSONBBE6" duration="00:00:00.0000600" startTime="2022-11-23T12:19:15.8973192-05:00" endTime="2022-11-23T12:19:15.8973793-05:00" testType="13cdc9d9-ddb5-4fa4-a97d-d965ccfc6d4b" outcome="Passed" testListId="8c84fa94-04c1-424b-9868-57a2d4851a1d" relativeResultsDirectory="1439e304-76bd-42fa-8e1b-464fbe8e7d21" />
    <UnitTestResult executionId="90eaee40-a887-41a1-8f9a-2d100d497542" testId="e1d5832b-53c8-bd83-2d7b-38a6c413e9e9" testName="Map_FeatureWithDescription_ReturnsDescription" computerName="ERICCARLSONBBE6" duration="00:00:00.0001700" startTime="2022-11-23T12:19:16.8201110-05:00" endTime="2022-11-23T12:19:16.8202810-05:00" testType="13cdc9d9-ddb5-4fa4-a97d-d965ccfc6d4b" outcome="Passed" testListId="8c84fa94-04c1-424b-9868-57a2d4851a1d" relativeResultsDirectory="90eaee40-a887-41a1-8f9a-2d100d497542" />
    <UnitTestResult executionId="c561d32e-d477-449c-ac89-29b90276d37a" testId="c7b4be8c-405a-cff4-f09d-429800388a2f" testName="Map_Always_ReturnsNullFeature" computerName="ERICCARLSONBBE6" duration="00:00:00.0001330" startTime="2022-11-23T12:19:16.8299592-05:00" endTime="2022-11-23T12:19:16.8300920-05:00" testType="13cdc9d9-ddb5-4fa4-a97d-d965ccfc6d4b" outcome="Passed" testListId="8c84fa94-04c1-424b-9868-57a2d4851a1d" relativeResultsDirectory="c561d32e-d477-449c-ac89-29b90276d37a" />
    <UnitTestResult executionId="a711014b-e08c-43f6-aed4-5689b7a48166" testId="4fed08b0-6faa-29af-fffd-4a7101183958" testName="ShouldNotBlowUpWHenParsingEmptyFolder" computerName="ERICCARLSONBBE6" duration="00:00:00.2516850" startTime="2022-11-23T12:19:16.2868173-05:00" endTime="2022-11-23T12:19:16.5385021-05:00" testType="13cdc9d9-ddb5-4fa4-a97d-d965ccfc6d4b" outcome="Passed" testListId="8c84fa94-04c1-424b-9868-57a2d4851a1d" relativeResultsDirectory="a711014b-e08c-43f6-aed4-5689b7a48166" />
    <UnitTestResult executionId="1bd1f3a0-c9f3-4ac6-bff6-fb4428a50ceb" testId="0c97d668-a530-0371-fb9a-28c792581fe6" testName="ThenCanDetectAllScriptsSuccessfully" computerName="ERICCARLSONBBE6" duration="00:00:00.0028230" startTime="2022-11-23T12:19:17.2955126-05:00" endTime="2022-11-23T12:19:17.2983354-05:00" testType="13cdc9d9-ddb5-4fa4-a97d-d965ccfc6d4b" outcome="Passed" testListId="8c84fa94-04c1-424b-9868-57a2d4851a1d" relativeResultsDirectory="1bd1f3a0-c9f3-4ac6-bff6-fb4428a50ceb" />
    <UnitTestResult executionId="2ca101f8-83be-4888-80e9-8d0a2a02eab4" testId="98e469bb-9f52-5e59-ff5e-c657d094c2bb" testName="MapToStringTag_NullTag_ReturnsNull" computerName="ERICCARLSONBBE6" duration="00:00:00.0011850" startTime="2022-11-23T12:19:16.9605348-05:00" endTime="2022-11-23T12:19:16.9617201-05:00" testType="13cdc9d9-ddb5-4fa4-a97d-d965ccfc6d4b" outcome="Passed" testListId="8c84fa94-04c1-424b-9868-57a2d4851a1d" relativeResultsDirectory="2ca101f8-83be-4888-80e9-8d0a2a02eab4" />
    <UnitTestResult executionId="6a61646a-67e5-41c9-9c1d-4963c7dd1ef9" testId="facb13ba-4279-8129-3d61-b8f32c8851aa" testName="ToUriFileSystemInfo_FileInfo_ProducesUri" computerName="ERICCARLSONBBE6" duration="00:00:00.0006710" startTime="2022-11-23T12:19:15.9089629-05:00" endTime="2022-11-23T12:19:15.9096332-05:00" testType="13cdc9d9-ddb5-4fa4-a97d-d965ccfc6d4b" outcome="Passed" testListId="8c84fa94-04c1-424b-9868-57a2d4851a1d" relativeResultsDirectory="6a61646a-67e5-41c9-9c1d-4963c7dd1ef9" />
    <UnitTestResult executionId="293bf427-6a96-4b38-87e7-739a1e5a791f" testId="6d702234-c5da-512c-d19b-11f0b003c6d1" testName="ThenCanDetectAllResourcesSuccessfully" computerName="ERICCARLSONBBE6" duration="00:00:00.0023800" startTime="2022-11-23T12:19:17.2931087-05:00" endTime="2022-11-23T12:19:17.2954883-05:00" testType="13cdc9d9-ddb5-4fa4-a97d-d965ccfc6d4b" outcome="Passed" testListId="8c84fa94-04c1-424b-9868-57a2d4851a1d" relativeResultsDirectory="293bf427-6a96-4b38-87e7-739a1e5a791f" />
    <UnitTestResult executionId="96e9f302-a84c-46be-8ffb-500e4a8f07ef" testId="842b0ea9-88ad-790a-c59e-e495e1c6e68b" testName="Map_WithTags_ReturnsTags" computerName="ERICCARLSONBBE6" duration="00:00:00.0001450" startTime="2022-11-23T12:19:16.8314513-05:00" endTime="2022-11-23T12:19:16.8315962-05:00" testType="13cdc9d9-ddb5-4fa4-a97d-d965ccfc6d4b" outcome="Passed" testListId="8c84fa94-04c1-424b-9868-57a2d4851a1d" relativeResultsDirectory="96e9f302-a84c-46be-8ffb-500e4a8f07ef" />
    <UnitTestResult executionId="eab0c3b3-ef67-4915-9eb7-b46e272f52a6" testId="1ae221e2-cbc4-5083-5871-886c8bde94bb" testName="Then_can_parse_and_ignore_feature_with_tag_in_configuration_ignore_tag" computerName="ERICCARLSONBBE6" duration="00:00:00.0012230" startTime="2022-11-23T12:19:16.9919857-05:00" endTime="2022-11-23T12:19:16.9932087-05:00" testType="13cdc9d9-ddb5-4fa4-a97d-d965ccfc6d4b" outcome="Passed" testListId="8c84fa94-04c1-424b-9868-57a2d4851a1d" relativeResultsDirectory="eab0c3b3-ef67-4915-9eb7-b46e272f52a6" />
    <UnitTestResult executionId="1c6f03c8-f2ce-4731-b4c5-b032c5bc6b47" testId="f00f3d6c-4b48-2938-84c4-a91f755f803f" testName="ThenCanFormatTextWithSpecialCharactersAsWikiWordSuccessfully" computerName="ERICCARLSONBBE6" duration="00:00:00.0000590" startTime="2022-11-23T12:19:15.8973858-05:00" endTime="2022-11-23T12:19:15.8974448-05:00" testType="13cdc9d9-ddb5-4fa4-a97d-d965ccfc6d4b" outcome="Passed" testListId="8c84fa94-04c1-424b-9868-57a2d4851a1d" relativeResultsDirectory="1c6f03c8-f2ce-4731-b4c5-b032c5bc6b47" />
    <UnitTestResult executionId="2be8b28f-7a3c-40f0-9eb4-0084f8d6d5ad" testId="aef537d8-2872-7fbb-f05d-3fcdf7a673b8" testName="ThenCanFormatTextWithLongNumbersAsWikiWordSuccessfully" computerName="ERICCARLSONBBE6" duration="00:00:00.0000810" startTime="2022-11-23T12:19:15.8971642-05:00" endTime="2022-11-23T12:19:15.8972448-05:00" testType="13cdc9d9-ddb5-4fa4-a97d-d965ccfc6d4b" outcome="Passed" testListId="8c84fa94-04c1-424b-9868-57a2d4851a1d" relativeResultsDirectory="2be8b28f-7a3c-40f0-9eb4-0084f8d6d5ad" />
    <UnitTestResult executionId="94e5ec47-0431-4cef-9d4c-fe7370109ab2" testId="4320c348-afea-ab45-3dd4-efc1eb3772fe" testName="ItShouldIndicateWasSuccessfulIsFalseForAnotherFailingScenario" computerName="ERICCARLSONBBE6" duration="00:00:00.0088380" startTime="2022-11-23T12:19:16.6591776-05:00" endTime="2022-11-23T12:19:16.6680155-05:00" testType="13cdc9d9-ddb5-4fa4-a97d-d965ccfc6d4b" outcome="Passed" testListId="8c84fa94-04c1-424b-9868-57a2d4851a1d" relativeResultsDirectory="94e5ec47-0431-4cef-9d4c-fe7370109ab2" />
    <UnitTestResult executionId="f76a6ad3-e993-4d82-a4ef-c55a7aea525a" testId="2ab3b04b-4f0b-0b76-e6e9-98c397a4b936" testName="Then_can_parse_and_ignore_with_with_tag_without_sensitivity" computerName="ERICCARLSONBBE6" duration="00:00:00.0020040" startTime="2022-11-23T12:19:16.9973331-05:00" endTime="2022-11-23T12:19:16.9993367-05:00" testType="13cdc9d9-ddb5-4fa4-a97d-d965ccfc6d4b" outcome="Passed" testListId="8c84fa94-04c1-424b-9868-57a2d4851a1d" relativeResultsDirectory="f76a6ad3-e993-4d82-a4ef-c55a7aea525a" />
    <UnitTestResult executionId="728a4051-a44b-4d49-8d14-f1a23399e528" testId="c3ab92f1-9919-8262-68eb-854764e7ba38" testName="IsRelevant_ValidFile_ReturnsTrue(&quot;image.bmp&quot;)" computerName="ERICCARLSONBBE6" duration="00:00:00.0000490" startTime="2022-11-23T12:19:15.8809845-05:00" endTime="2022-11-23T12:19:15.8810331-05:00" testType="13cdc9d9-ddb5-4fa4-a97d-d965ccfc6d4b" outcome="Passed" testListId="8c84fa94-04c1-424b-9868-57a2d4851a1d" relativeResultsDirectory="728a4051-a44b-4d49-8d14-f1a23399e528" />
    <UnitTestResult executionId="83d05648-b933-406a-bedd-9af820813d26" testId="216afdda-9f90-6646-2d48-d4b3f580d4ec" testName="ToUriFileInfo_NormalFilename_ProducesUri" computerName="ERICCARLSONBBE6" duration="00:00:00.0007930" startTime="2022-11-23T12:19:15.9074355-05:00" endTime="2022-11-23T12:19:15.9082286-05:00" testType="13cdc9d9-ddb5-4fa4-a97d-d965ccfc6d4b" outcome="Passed" testListId="8c84fa94-04c1-424b-9868-57a2d4851a1d" relativeResultsDirectory="83d05648-b933-406a-bedd-9af820813d26" />
    <UnitTestResult executionId="3b9d2ffa-c752-4a3d-a3b5-3e170326979c" testId="6608e1a4-2d57-9534-02c8-9ed8cbf3fe3c" testName="Map_AnExampleWithTableArgument_ReturnsAJsonExampleWithTableArgument" computerName="ERICCARLSONBBE6" duration="00:00:00.0002999" startTime="2022-11-23T12:19:16.8170470-05:00" endTime="2022-11-23T12:19:16.8173466-05:00" testType="13cdc9d9-ddb5-4fa4-a97d-d965ccfc6d4b" outcome="Passed" testListId="8c84fa94-04c1-424b-9868-57a2d4851a1d" relativeResultsDirectory="3b9d2ffa-c752-4a3d-a3b5-3e170326979c" />
    <UnitTestResult executionId="bf7ec287-71ba-4f52-9983-7b4b15ad5596" testId="45cb73b7-c03c-7dde-9cbf-274f19a6f153" testName="Specification_Scenario1" computerName="ERICCARLSONBBE6" duration="00:00:00.0001390" startTime="2022-11-23T12:19:15.8609527-05:00" endTime="2022-11-23T12:19:15.8610920-05:00" testType="13cdc9d9-ddb5-4fa4-a97d-d965ccfc6d4b" outcome="Passed" testListId="8c84fa94-04c1-424b-9868-57a2d4851a1d" relativeResultsDirectory="bf7ec287-71ba-4f52-9983-7b4b15ad5596" />
    <UnitTestResult executionId="2abd366d-1e91-453a-aab3-3557738ce730" testId="6dda5574-3208-47af-bda7-987e6b113677" testName="TocShouldBeSetWithCorrectAttributes" computerName="ERICCARLSONBBE6" duration="00:00:00.0101850" startTime="2022-11-23T12:19:16.7944581-05:00" endTime="2022-11-23T12:19:16.8046426-05:00" testType="13cdc9d9-ddb5-4fa4-a97d-d965ccfc6d4b" outcome="Passed" testListId="8c84fa94-04c1-424b-9868-57a2d4851a1d" relativeResultsDirectory="2abd366d-1e91-453a-aab3-3557738ce730" />
    <UnitTestResult executionId="166da063-c60f-4aa3-a638-ed75e414cdc4" testId="e9d634e6-2f2a-133f-399f-5277298a79de" testName="MapToLocation_RegularLocation_ReturnsLocation" computerName="ERICCARLSONBBE6" duration="00:00:00.0012760" startTime="2022-11-23T12:19:16.9256101-05:00" endTime="2022-11-23T12:19:16.9268863-05:00" testType="13cdc9d9-ddb5-4fa4-a97d-d965ccfc6d4b" outcome="Passed" testListId="8c84fa94-04c1-424b-9868-57a2d4851a1d" relativeResultsDirectory="166da063-c60f-4aa3-a638-ed75e414cdc4" />
    <UnitTestResult executionId="5f288c84-62f4-4d37-957d-2ae05eb7ae87" testId="ee9a1573-ad49-6697-840a-72c1ec738307" testName="MapToFeature_FeatureWithComments_ReturnsFeatureWithoutComments_WhenConfigurationSpecifies" computerName="ERICCARLSONBBE6" duration="00:00:00.0016790" startTime="2022-11-23T12:19:16.9118321-05:00" endTime="2022-11-23T12:19:16.9135116-05:00" testType="13cdc9d9-ddb5-4fa4-a97d-d965ccfc6d4b" outcome="Passed" testListId="8c84fa94-04c1-424b-9868-57a2d4851a1d" relativeResultsDirectory="5f288c84-62f4-4d37-957d-2ae05eb7ae87" />
    <UnitTestResult executionId="267f4eeb-4099-4b83-ab4b-4401d368b3c1" testId="ef50a5c4-5ecf-67d2-2133-62db98825073" testName="Create_BogusLocationType_AddsEntryToReport" computerName="ERICCARLSONBBE6" duration="00:00:00.1544910" startTime="2022-11-23T12:19:15.9102583-05:00" endTime="2022-11-23T12:19:16.0647488-05:00" testType="13cdc9d9-ddb5-4fa4-a97d-d965ccfc6d4b" outcome="Passed" testListId="8c84fa94-04c1-424b-9868-57a2d4851a1d" relativeResultsDirectory="267f4eeb-4099-4b83-ab4b-4401d368b3c1" />
    <UnitTestResult executionId="b7ead3c1-2a87-4c4b-b494-a0f531af2b37" testId="ed1cb2a1-5bce-8780-a88b-05d623ad378e" testName="ItShouldContainWasSuccessfulKeyInJsonDocument" computerName="ERICCARLSONBBE6" duration="00:00:00.0106670" startTime="2022-11-23T12:19:16.6484823-05:00" endTime="2022-11-23T12:19:16.6591497-05:00" testType="13cdc9d9-ddb5-4fa4-a97d-d965ccfc6d4b" outcome="Passed" testListId="8c84fa94-04c1-424b-9868-57a2d4851a1d" relativeResultsDirectory="b7ead3c1-2a87-4c4b-b494-a0f531af2b37" />
    <UnitTestResult executionId="b0e5a405-6732-4d69-85c6-05269a391a31" testId="cfc02a44-6328-e237-93b8-8ccd4232e507" testName="Constructor_WithLanguageServicesRegistryThatDefaultsToDutch_SetsLangugageToDutch" computerName="ERICCARLSONBBE6" duration="00:00:00.0004600" startTime="2022-11-23T12:19:15.5102966-05:00" endTime="2022-11-23T12:19:15.5107566-05:00" testType="13cdc9d9-ddb5-4fa4-a97d-d965ccfc6d4b" outcome="Passed" testListId="8c84fa94-04c1-424b-9868-57a2d4851a1d" relativeResultsDirectory="b0e5a405-6732-4d69-85c6-05269a391a31" />
    <UnitTestResult executionId="0a2bfbef-60b3-4dc7-8504-e5bde8e95f21" testId="237aa86c-2a79-f857-6b0b-b15024d55da5" testName="MapToKeyword_ButInSwedish_ReturnsBut" computerName="ERICCARLSONBBE6" duration="00:00:00.0017570" startTime="2022-11-23T12:19:16.9643092-05:00" endTime="2022-11-23T12:19:16.9660660-05:00" testType="13cdc9d9-ddb5-4fa4-a97d-d965ccfc6d4b" outcome="Passed" testListId="8c84fa94-04c1-424b-9868-57a2d4851a1d" relativeResultsDirectory="0a2bfbef-60b3-4dc7-8504-e5bde8e95f21" />
    <UnitTestResult executionId="9078041f-f6f6-4bf7-9f09-0984037c6b24" testId="22b55a68-c311-5ac6-5932-e95e99f46701" testName="GetRelativeUriTo_FileToFile_ReturnsNodesFileName" computerName="ERICCARLSONBBE6" duration="00:00:00.0006840" startTime="2022-11-23T12:19:15.8760874-05:00" endTime="2022-11-23T12:19:15.8767712-05:00" testType="13cdc9d9-ddb5-4fa4-a97d-d965ccfc6d4b" outcome="Passed" testListId="8c84fa94-04c1-424b-9868-57a2d4851a1d" relativeResultsDirectory="9078041f-f6f6-4bf7-9f09-0984037c6b24" />
    <UnitTestResult executionId="783f43cd-6b7f-4573-9721-13f213063bea" testId="d8703a4d-64af-90ac-3d91-d91ec6e526a2" testName="MapToStringTableCell_TableCellWithValue_ReturnsThatValue" computerName="ERICCARLSONBBE6" duration="00:00:00.0012760" startTime="2022-11-23T12:19:16.8894356-05:00" endTime="2022-11-23T12:19:16.8907118-05:00" testType="13cdc9d9-ddb5-4fa4-a97d-d965ccfc6d4b" outcome="Passed" testListId="8c84fa94-04c1-424b-9868-57a2d4851a1d" relativeResultsDirectory="783f43cd-6b7f-4573-9721-13f213063bea" />
    <UnitTestResult executionId="7b7a530f-88cf-4672-9f4e-5eaac6dfefb5" testId="42016bf3-754c-eff4-cfc4-18801838538f" testName="MapToStep_StepWithoutArgument_ReturnStep" computerName="ERICCARLSONBBE6" duration="00:00:00.0013660" startTime="2022-11-23T12:19:16.9559546-05:00" endTime="2022-11-23T12:19:16.9573205-05:00" testType="13cdc9d9-ddb5-4fa4-a97d-d965ccfc6d4b" outcome="Passed" testListId="8c84fa94-04c1-424b-9868-57a2d4851a1d" relativeResultsDirectory="7b7a530f-88cf-4672-9f4e-5eaac6dfefb5" />
    <UnitTestResult executionId="15411005-da24-44a1-bf26-3f395cc77004" testId="69dcc676-4ef6-c241-adb3-07e8c9464faa" testName="RealData" computerName="ERICCARLSONBBE6" duration="00:00:00.0009470" startTime="2022-11-23T12:19:15.8767972-05:00" endTime="2022-11-23T12:19:15.8777440-05:00" testType="13cdc9d9-ddb5-4fa4-a97d-d965ccfc6d4b" outcome="Passed" testListId="8c84fa94-04c1-424b-9868-57a2d4851a1d" relativeResultsDirectory="15411005-da24-44a1-bf26-3f395cc77004" />
    <UnitTestResult executionId="a269ce5b-f88b-4938-b202-a9b7429f7029" testId="5b3c5d54-7a5e-d899-2d9c-c16dbf4931ca" testName="Then_can_parse_scenario_with_comments_successfully" computerName="ERICCARLSONBBE6" duration="00:00:00.0027340" startTime="2022-11-23T12:19:17.0060657-05:00" endTime="2022-11-23T12:19:17.0087998-05:00" testType="13cdc9d9-ddb5-4fa4-a97d-d965ccfc6d4b" outcome="Passed" testListId="8c84fa94-04c1-424b-9868-57a2d4851a1d" relativeResultsDirectory="a269ce5b-f88b-4938-b202-a9b7429f7029" />
    <UnitTestResult executionId="5c7f8145-9858-4316-8b5a-f0daf6b3c7a5" testId="4ff43338-8721-dbba-445e-878079003ddc" testName="MapToScenarioOutline_ScenarioOutlineWithNullDescription_ReturnsScenarioOutlineWithEmptyDescription" computerName="ERICCARLSONBBE6" duration="00:00:00.0013330" startTime="2022-11-23T12:19:16.9455232-05:00" endTime="2022-11-23T12:19:16.9468558-05:00" testType="13cdc9d9-ddb5-4fa4-a97d-d965ccfc6d4b" outcome="Passed" testListId="8c84fa94-04c1-424b-9868-57a2d4851a1d" relativeResultsDirectory="5c7f8145-9858-4316-8b5a-f0daf6b3c7a5" />
    <UnitTestResult executionId="e2414bd2-86ad-48c0-8a76-a1a6c81f21a5" testId="8a192c30-8319-60ca-9b79-083c98f4c139" testName="MapToStringDocString_ArgumentWithStringValue_ReturnsThatString" computerName="ERICCARLSONBBE6" duration="00:00:00.0027580" startTime="2022-11-23T12:19:16.8981434-05:00" endTime="2022-11-23T12:19:16.9009017-05:00" testType="13cdc9d9-ddb5-4fa4-a97d-d965ccfc6d4b" outcome="Passed" testListId="8c84fa94-04c1-424b-9868-57a2d4851a1d" relativeResultsDirectory="e2414bd2-86ad-48c0-8a76-a1a6c81f21a5" />
    <UnitTestResult executionId="078cb341-ca89-42f0-b6ef-dc438c0627eb" testId="edbaf06d-2784-fb0b-6a51-d7a7b978a687" testName="ToUriDirectoryInfo_WithoutTrailingSlash_ProducesUriWithTrailingSlash" computerName="ERICCARLSONBBE6" duration="00:00:00.0007690" startTime="2022-11-23T12:19:15.9058762-05:00" endTime="2022-11-23T12:19:15.9066452-05:00" testType="13cdc9d9-ddb5-4fa4-a97d-d965ccfc6d4b" outcome="Passed" testListId="8c84fa94-04c1-424b-9868-57a2d4851a1d" relativeResultsDirectory="078cb341-ca89-42f0-b6ef-dc438c0627eb" />
    <UnitTestResult executionId="778bd32c-72b5-49af-b272-6be6e17ad601" testId="e1aea241-43f3-513e-2ce9-d6146ae98a5b" testName="Process_NullInput_ReturnsEmptyString" computerName="ERICCARLSONBBE6" duration="00:00:00.0000600" startTime="2022-11-23T12:19:15.8601974-05:00" endTime="2022-11-23T12:19:15.8602578-05:00" testType="13cdc9d9-ddb5-4fa4-a97d-d965ccfc6d4b" outcome="Passed" testListId="8c84fa94-04c1-424b-9868-57a2d4851a1d" relativeResultsDirectory="778bd32c-72b5-49af-b272-6be6e17ad601" />
    <UnitTestResult executionId="2c5fbda5-e142-40a3-b66e-ef11a71f11f7" testId="a83f3e46-a026-f6b2-8efd-ed8752f0f9e8" testName="ThenCanResolveTheSelectedIDocumentationBuilderAsSingleton(Markdown,PicklesDoc.Pickles.DocumentationBuilders.Markdown.MarkdownDocumentationBuilder)" computerName="ERICCARLSONBBE6" duration="00:00:00.0007080" startTime="2022-11-23T12:19:17.0885105-05:00" endTime="2022-11-23T12:19:17.0892182-05:00" testType="13cdc9d9-ddb5-4fa4-a97d-d965ccfc6d4b" outcome="Passed" testListId="8c84fa94-04c1-424b-9868-57a2d4851a1d" relativeResultsDirectory="2c5fbda5-e142-40a3-b66e-ef11a71f11f7" />
    <UnitTestResult executionId="6894edec-0a87-4c12-9e7c-6d527e50f050" testId="1c868ec4-ae6a-9888-5fc7-0dc13520ac66" testName="Map_TableRowWithResult_ReturnsObjectWithResult" computerName="ERICCARLSONBBE6" duration="00:00:00.0001970" startTime="2022-11-23T12:19:16.8377330-05:00" endTime="2022-11-23T12:19:16.8379298-05:00" testType="13cdc9d9-ddb5-4fa4-a97d-d965ccfc6d4b" outcome="Passed" testListId="8c84fa94-04c1-424b-9868-57a2d4851a1d" relativeResultsDirectory="6894edec-0a87-4c12-9e7c-6d527e50f050" />
    <UnitTestResult executionId="2751318e-ee6e-4505-be25-fd62464b2f12" testId="c9dc8fda-f925-817c-ef19-f9b9572b50ff" testName="GetDialect_WithLanguageAndCulture_ReturnsThatLanguage" computerName="ERICCARLSONBBE6" duration="00:00:00.0143650" startTime="2022-11-23T12:19:15.5130911-05:00" endTime="2022-11-23T12:19:15.5274554-05:00" testType="13cdc9d9-ddb5-4fa4-a97d-d965ccfc6d4b" outcome="Passed" testListId="8c84fa94-04c1-424b-9868-57a2d4851a1d" relativeResultsDirectory="2751318e-ee6e-4505-be25-fd62464b2f12" />
    <UnitTestResult executionId="d353af01-ad03-44f6-9e7b-d088b4d1ced4" testId="f7e0777a-1331-1f40-67bd-d8c8374f16be" testName="Map_NotNull_ReturnsJsonCommentWithSameText" computerName="ERICCARLSONBBE6" duration="00:00:00.0005330" startTime="2022-11-23T12:19:16.8154753-05:00" endTime="2022-11-23T12:19:16.8160084-05:00" testType="13cdc9d9-ddb5-4fa4-a97d-d965ccfc6d4b" outcome="Passed" testListId="8c84fa94-04c1-424b-9868-57a2d4851a1d" relativeResultsDirectory="d353af01-ad03-44f6-9e7b-d088b4d1ced4" />
    <UnitTestResult executionId="39d9fefe-91db-48ce-b7c5-86f81409aff3" testId="58fdf393-4dc1-4654-9f01-3990fd5b5cd7" testName="Map_TableRowWithRows_ReturnsObjectWithStrings" computerName="ERICCARLSONBBE6" duration="00:00:00.0001410" startTime="2022-11-23T12:19:16.8379383-05:00" endTime="2022-11-23T12:19:16.8380796-05:00" testType="13cdc9d9-ddb5-4fa4-a97d-d965ccfc6d4b" outcome="Passed" testListId="8c84fa94-04c1-424b-9868-57a2d4851a1d" relativeResultsDirectory="39d9fefe-91db-48ce-b7c5-86f81409aff3" />
    <UnitTestResult executionId="3efe9118-5461-4b9e-825a-cbb7ca82fd15" testId="46b0f1f2-e2c0-2ed3-c0f5-cf8dfe1ffe79" testName="Get_A_Relative_Path_When_Location_Is_Deeper_Than_Root_Even_When_Root_Contains_End_Slash" computerName="ERICCARLSONBBE6" duration="00:00:00.0007030" startTime="2022-11-23T12:19:15.8951060-05:00" endTime="2022-11-23T12:19:15.8958084-05:00" testType="13cdc9d9-ddb5-4fa4-a97d-d965ccfc6d4b" outcome="Passed" testListId="8c84fa94-04c1-424b-9868-57a2d4851a1d" relativeResultsDirectory="3efe9118-5461-4b9e-825a-cbb7ca82fd15" />
    <UnitTestResult executionId="a57c1657-d3b9-4786-92db-6ece82f4384d" testId="33105edf-e833-84c3-9d73-5c48e0d690f3" testName="Map_And_ReturnsAnd" computerName="ERICCARLSONBBE6" duration="00:00:00.0029940" startTime="2022-11-23T12:19:16.8263393-05:00" endTime="2022-11-23T12:19:16.8293328-05:00" testType="13cdc9d9-ddb5-4fa4-a97d-d965ccfc6d4b" outcome="Passed" testListId="8c84fa94-04c1-424b-9868-57a2d4851a1d" relativeResultsDirectory="a57c1657-d3b9-4786-92db-6ece82f4384d" />
    <UnitTestResult executionId="94be3207-d610-4066-b9f0-650b16fdab00" testId="f4c7a1fe-8e1a-0bf7-6944-a7dc509a0e14" testName="Specification_Scenario4_WithTabs" computerName="ERICCARLSONBBE6" duration="00:00:00.0001230" startTime="2022-11-23T12:19:15.8614106-05:00" endTime="2022-11-23T12:19:15.8615331-05:00" testType="13cdc9d9-ddb5-4fa4-a97d-d965ccfc6d4b" outcome="Passed" testListId="8c84fa94-04c1-424b-9868-57a2d4851a1d" relativeResultsDirectory="94be3207-d610-4066-b9f0-650b16fdab00" />
    <UnitTestResult executionId="8da99f70-f755-4e81-80e7-f7703f279351" testId="e0dd9245-0af9-4add-c5ea-a8878a46de43" testName="Then_can_crawl_all_folders_including_subfolders_for_features_successfully" computerName="ERICCARLSONBBE6" duration="00:00:00.0113709" startTime="2022-11-23T12:19:16.9763631-05:00" endTime="2022-11-23T12:19:16.9877336-05:00" testType="13cdc9d9-ddb5-4fa4-a97d-d965ccfc6d4b" outcome="Passed" testListId="8c84fa94-04c1-424b-9868-57a2d4851a1d" relativeResultsDirectory="8da99f70-f755-4e81-80e7-f7703f279351" />
    <UnitTestResult executionId="59b7b72b-48a7-4130-84a2-2da08d61a2d1" testId="5b7d7e18-3797-759c-db9a-5e4c609a525d" testName="MapToFeature_Always_MapsFeaturePropertyOfBackground" computerName="ERICCARLSONBBE6" duration="00:00:00.0021620" startTime="2022-11-23T12:19:16.8435025-05:00" endTime="2022-11-23T12:19:16.8456648-05:00" testType="13cdc9d9-ddb5-4fa4-a97d-d965ccfc6d4b" outcome="Passed" testListId="8c84fa94-04c1-424b-9868-57a2d4851a1d" relativeResultsDirectory="59b7b72b-48a7-4130-84a2-2da08d61a2d1" />
    <UnitTestResult executionId="463b7691-12d9-4c4c-843f-821d0ef99c56" testId="40f30388-f8c4-beae-03f2-092496540fd0" testName="ToFolderUriString_WithTrailingSlash_ValidOutput" computerName="ERICCARLSONBBE6" duration="00:00:00.0061110" startTime="2022-11-23T12:19:15.8997511-05:00" endTime="2022-11-23T12:19:15.9058624-05:00" testType="13cdc9d9-ddb5-4fa4-a97d-d965ccfc6d4b" outcome="Passed" testListId="8c84fa94-04c1-424b-9868-57a2d4851a1d" relativeResultsDirectory="463b7691-12d9-4c4c-843f-821d0ef99c56" />
    <UnitTestResult executionId="c4012040-4a41-4c9f-9af3-60e07c0bb414" testId="061dd521-a1d0-0649-a878-d6361edc5bc9" testName="FirstUlNodeShouldBeIndex" computerName="ERICCARLSONBBE6" duration="00:00:00.0097230" startTime="2022-11-23T12:19:16.7562733-05:00" endTime="2022-11-23T12:19:16.7659957-05:00" testType="13cdc9d9-ddb5-4fa4-a97d-d965ccfc6d4b" outcome="Passed" testListId="8c84fa94-04c1-424b-9868-57a2d4851a1d" relativeResultsDirectory="c4012040-4a41-4c9f-9af3-60e07c0bb414" />
    <UnitTestResult executionId="8963ac45-9595-4d7f-a9ab-66346c2fe8e9" testId="ddcc81ed-830c-5786-4d28-e9470c566f0e" testName="Add_NullTree_ThrowArgumentNullException" computerName="ERICCARLSONBBE6" duration="00:00:00.0017620" startTime="2022-11-23T12:19:15.8456323-05:00" endTime="2022-11-23T12:19:15.8473941-05:00" testType="13cdc9d9-ddb5-4fa4-a97d-d965ccfc6d4b" outcome="Passed" testListId="8c84fa94-04c1-424b-9868-57a2d4851a1d" relativeResultsDirectory="8963ac45-9595-4d7f-a9ab-66346c2fe8e9" />
    <UnitTestResult executionId="fd131723-e61c-4f09-b238-2a0a2b81f59f" testId="a4fe69d7-576a-c1e6-1303-8a61499629eb" testName="Parse_InvalidFeatureContent_ThrowsFeatureParseException" computerName="ERICCARLSONBBE6" duration="00:00:00.0031520" startTime="2022-11-23T12:19:16.0929089-05:00" endTime="2022-11-23T12:19:16.0960608-05:00" testType="13cdc9d9-ddb5-4fa4-a97d-d965ccfc6d4b" outcome="Passed" testListId="8c84fa94-04c1-424b-9868-57a2d4851a1d" relativeResultsDirectory="fd131723-e61c-4f09-b238-2a0a2b81f59f" />
    <UnitTestResult executionId="392f96e0-e4fe-425a-958b-034ae2f18afa" testId="ba5db6d3-9616-c3db-94c8-bbae1d87d95f" testName="Map_FeatureWithBogusFeatureElement_ShouldThrowArgumentException" computerName="ERICCARLSONBBE6" duration="00:00:00.0007030" startTime="2022-11-23T12:19:16.8191117-05:00" endTime="2022-11-23T12:19:16.8198149-05:00" testType="13cdc9d9-ddb5-4fa4-a97d-d965ccfc6d4b" outcome="Passed" testListId="8c84fa94-04c1-424b-9868-57a2d4851a1d" relativeResultsDirectory="392f96e0-e4fe-425a-958b-034ae2f18afa" />
    <UnitTestResult executionId="e0a517c8-ac16-4076-aa6f-d5b59413ed23" testId="89911fa4-1c14-ab49-c42c-931bebac33c7" testName="Map_WithDescription_ReturnsSlug" computerName="ERICCARLSONBBE6" duration="00:00:00.0001100" startTime="2022-11-23T12:19:16.8308879-05:00" endTime="2022-11-23T12:19:16.8309975-05:00" testType="13cdc9d9-ddb5-4fa4-a97d-d965ccfc6d4b" outcome="Passed" testListId="8c84fa94-04c1-424b-9868-57a2d4851a1d" relativeResultsDirectory="e0a517c8-ac16-4076-aa6f-d5b59413ed23" />
    <UnitTestResult executionId="4a9111bb-0145-4a07-9f5f-1d3eaf7a18a3" testId="b566615a-6a0e-ff7f-fdc9-66bffe7a7647" testName="ThenSavesCssFilesToCorrectLocation" computerName="ERICCARLSONBBE6" duration="00:00:00.0052050" startTime="2022-11-23T12:19:17.2997192-05:00" endTime="2022-11-23T12:19:17.3049238-05:00" testType="13cdc9d9-ddb5-4fa4-a97d-d965ccfc6d4b" outcome="Passed" testListId="8c84fa94-04c1-424b-9868-57a2d4851a1d" relativeResultsDirectory="4a9111bb-0145-4a07-9f5f-1d3eaf7a18a3" />
    <UnitTestResult executionId="82570307-2e89-4ea2-b8b8-473457c62693" testId="33ddece8-ef6e-de86-ff9f-62192d743904" testName="Constructor_ValidRelativePath" computerName="ERICCARLSONBBE6" duration="00:00:00.0006780" startTime="2022-11-23T12:19:15.8668439-05:00" endTime="2022-11-23T12:19:15.8675223-05:00" testType="13cdc9d9-ddb5-4fa4-a97d-d965ccfc6d4b" outcome="Passed" testListId="8c84fa94-04c1-424b-9868-57a2d4851a1d" relativeResultsDirectory="82570307-2e89-4ea2-b8b8-473457c62693" />
    <UnitTestResult executionId="d3d9c39a-f877-41bf-b815-f14813d12251" testId="01cf9393-974a-501b-772e-4a5b61f1c33b" testName="Map_DutchFeature_SetsNativeKeywordToExamples" computerName="ERICCARLSONBBE6" duration="00:00:00.0012230" startTime="2022-11-23T12:19:16.8175395-05:00" endTime="2022-11-23T12:19:16.8187621-05:00" testType="13cdc9d9-ddb5-4fa4-a97d-d965ccfc6d4b" outcome="Passed" testListId="8c84fa94-04c1-424b-9868-57a2d4851a1d" relativeResultsDirectory="d3d9c39a-f877-41bf-b815-f14813d12251" />
    <UnitTestResult executionId="a532934b-f905-4f9d-889e-01c245efee09" testId="5b0b7c95-f6d8-a2fe-eb27-9c403d882838" testName="MapToScenario_TitleSpecialCharacters_HasValidSlug" computerName="ERICCARLSONBBE6" duration="00:00:00.0027630" startTime="2022-11-23T12:19:16.9360669-05:00" endTime="2022-11-23T12:19:16.9388293-05:00" testType="13cdc9d9-ddb5-4fa4-a97d-d965ccfc6d4b" outcome="Passed" testListId="8c84fa94-04c1-424b-9868-57a2d4851a1d" relativeResultsDirectory="a532934b-f905-4f9d-889e-01c245efee09" />
    <UnitTestResult executionId="9fc141b9-b24b-454f-b3f0-8c70ecace82f" testId="e8e9bd96-bced-3cd1-ed8b-8f1f5cb07968" testName="MapToScenario_RegularScenario_ReturnsScenario" computerName="ERICCARLSONBBE6" duration="00:00:00.0037160" startTime="2022-11-23T12:19:16.9297330-05:00" endTime="2022-11-23T12:19:16.9334486-05:00" testType="13cdc9d9-ddb5-4fa4-a97d-d965ccfc6d4b" outcome="Passed" testListId="8c84fa94-04c1-424b-9868-57a2d4851a1d" relativeResultsDirectory="9fc141b9-b24b-454f-b3f0-8c70ecace82f" />
    <UnitTestResult executionId="d52022c0-8b91-495c-88c6-3a6f9ee1cbb6" testId="15bff550-0c48-3ffe-9284-11b3c21248de" testName="Map_AnExampleWithDescription_ReturnsAJsonExampleWithName" computerName="ERICCARLSONBBE6" duration="00:00:00.0001050" startTime="2022-11-23T12:19:16.8168395-05:00" endTime="2022-11-23T12:19:16.8169442-05:00" testType="13cdc9d9-ddb5-4fa4-a97d-d965ccfc6d4b" outcome="Passed" testListId="8c84fa94-04c1-424b-9868-57a2d4851a1d" relativeResultsDirectory="d52022c0-8b91-495c-88c6-3a6f9ee1cbb6" />
    <UnitTestResult executionId="628ca3f7-60a2-4e1b-91cf-4190c39633ff" testId="3dd0b31c-7ae7-d396-3cb3-ba9a89f3a4d4" testName="Map_Example_ReturnsExample" computerName="ERICCARLSONBBE6" duration="00:00:00.0001540" startTime="2022-11-23T12:19:16.8300998-05:00" endTime="2022-11-23T12:19:16.8302541-05:00" testType="13cdc9d9-ddb5-4fa4-a97d-d965ccfc6d4b" outcome="Passed" testListId="8c84fa94-04c1-424b-9868-57a2d4851a1d" relativeResultsDirectory="628ca3f7-60a2-4e1b-91cf-4190c39633ff" />
    <UnitTestResult executionId="7096d6c3-2eb4-4a64-b845-fb036b981e26" testId="91b05bdf-ff91-2509-c0c6-ca5d28e711ee" testName="MapToTable_DataTableWithThreeRows_ReturnsTableWithHeaderRowAndTwoRows" computerName="ERICCARLSONBBE6" duration="00:00:00.0031410" startTime="2022-11-23T12:19:16.8907392-05:00" endTime="2022-11-23T12:19:16.8938804-05:00" testType="13cdc9d9-ddb5-4fa4-a97d-d965ccfc6d4b" outcome="Passed" testListId="8c84fa94-04c1-424b-9868-57a2d4851a1d" relativeResultsDirectory="7096d6c3-2eb4-4a64-b845-fb036b981e26" />
    <UnitTestResult executionId="7537dcaa-6a9d-4da2-aa86-36113910533b" testId="28772bab-df5d-6054-e291-6e60f8a662fb" testName="ItShouldContainTheRelativePath" computerName="ERICCARLSONBBE6" duration="00:00:00.0028600" startTime="2022-11-23T12:19:16.5600229-05:00" endTime="2022-11-23T12:19:16.5628826-05:00" testType="13cdc9d9-ddb5-4fa4-a97d-d965ccfc6d4b" outcome="Passed" testListId="8c84fa94-04c1-424b-9868-57a2d4851a1d" relativeResultsDirectory="7537dcaa-6a9d-4da2-aa86-36113910533b" />
    <UnitTestResult executionId="b3169312-96b4-4072-b737-294acf63264a" testId="22e52513-2df6-8c27-3e3b-511650413f71" testName="ToFileUriCombined_ValidIntput_ValidOutput" computerName="ERICCARLSONBBE6" duration="00:00:00.0004700" startTime="2022-11-23T12:19:15.8980009-05:00" endTime="2022-11-23T12:19:15.8984706-05:00" testType="13cdc9d9-ddb5-4fa4-a97d-d965ccfc6d4b" outcome="Passed" testListId="8c84fa94-04c1-424b-9868-57a2d4851a1d" relativeResultsDirectory="b3169312-96b4-4072-b737-294acf63264a" />
    <UnitTestResult executionId="8a293d6d-8d9c-45f3-8275-25665812bf24" testId="099963f8-8e00-3f84-3a38-4573687c4438" testName="MapToFeature_FeatureWithDutchLanguage_ReturnsFeatureWithDutch" computerName="ERICCARLSONBBE6" duration="00:00:00.0013050" startTime="2022-11-23T12:19:16.9135420-05:00" endTime="2022-11-23T12:19:16.9148474-05:00" testType="13cdc9d9-ddb5-4fa4-a97d-d965ccfc6d4b" outcome="Passed" testListId="8c84fa94-04c1-424b-9868-57a2d4851a1d" relativeResultsDirectory="8a293d6d-8d9c-45f3-8275-25665812bf24" />
    <UnitTestResult executionId="d1f99446-6537-4ec0-bd37-b36013bfeb1a" testId="71626fb2-cfd5-3c05-82ee-59e28a2a2450" testName="GetRelativeUriTo_DirectoryToChildDirectory_ReturnsRelativePath" computerName="ERICCARLSONBBE6" duration="00:00:00.0038910" startTime="2022-11-23T12:19:15.8675465-05:00" endTime="2022-11-23T12:19:15.8714371-05:00" testType="13cdc9d9-ddb5-4fa4-a97d-d965ccfc6d4b" outcome="Passed" testListId="8c84fa94-04c1-424b-9868-57a2d4851a1d" relativeResultsDirectory="d1f99446-6537-4ec0-bd37-b36013bfeb1a" />
    <UnitTestResult executionId="3226994e-b7b2-46a7-8e09-dd8effc63a64" testId="e0322fac-aec1-23bb-b284-575e2e1315bf" testName="Map_SomeScenario_ReturnsSomeJsonScenario" computerName="ERICCARLSONBBE6" duration="00:00:00.0000970" startTime="2022-11-23T12:19:16.8306519-05:00" endTime="2022-11-23T12:19:16.8307491-05:00" testType="13cdc9d9-ddb5-4fa4-a97d-d965ccfc6d4b" outcome="Passed" testListId="8c84fa94-04c1-424b-9868-57a2d4851a1d" relativeResultsDirectory="3226994e-b7b2-46a7-8e09-dd8effc63a64" />
    <UnitTestResult executionId="7900e51b-9871-4c80-a0e8-008302a1044b" testId="6dac4c1c-db66-2a51-4336-9a7010a21c77" testName="Can_crawl_directory_tree_for_features_successfully" computerName="ERICCARLSONBBE6" duration="00:00:00.0132010" startTime="2022-11-23T12:19:16.7430204-05:00" endTime="2022-11-23T12:19:16.7562209-05:00" testType="13cdc9d9-ddb5-4fa4-a97d-d965ccfc6d4b" outcome="Passed" testListId="8c84fa94-04c1-424b-9868-57a2d4851a1d" relativeResultsDirectory="7900e51b-9871-4c80-a0e8-008302a1044b" />
    <UnitTestResult executionId="b99f6e3e-e1bd-43fd-8f3d-cd688aadfb30" testId="d18e2342-ed93-20fc-1486-ab5d0965097b" testName="GetEncoding_UTF16BEBOM_ReturnsUnicode" computerName="ERICCARLSONBBE6" duration="00:00:00.0007200" startTime="2022-11-23T12:19:15.8907663-05:00" endTime="2022-11-23T12:19:15.8914864-05:00" testType="13cdc9d9-ddb5-4fa4-a97d-d965ccfc6d4b" outcome="Passed" testListId="8c84fa94-04c1-424b-9868-57a2d4851a1d" relativeResultsDirectory="b99f6e3e-e1bd-43fd-8f3d-cd688aadfb30" />
    <UnitTestResult executionId="2594b63c-c1f5-4f09-95dc-65803d4abc83" testId="8b9757c9-77c1-3693-65ab-02394e92b990" testName="LineThatStartsWithEscapedHash_Header1_ShouldRemoveEscapeSign" computerName="ERICCARLSONBBE6" duration="00:00:00.0003669" startTime="2022-11-23T12:19:15.8592244-05:00" endTime="2022-11-23T12:19:15.8595914-05:00" testType="13cdc9d9-ddb5-4fa4-a97d-d965ccfc6d4b" outcome="Passed" testListId="8c84fa94-04c1-424b-9868-57a2d4851a1d" relativeResultsDirectory="2594b63c-c1f5-4f09-95dc-65803d4abc83" />
    <UnitTestResult executionId="6ceef729-0caf-4ba8-8579-41d988239e6f" testId="5a022529-d884-a7d6-8c9f-86c67564ce23" testName="Map_WithoutAfterLastStepComments_ReturnsEmptyList" computerName="ERICCARLSONBBE6" duration="00:00:00.0001880" startTime="2022-11-23T12:19:16.8334248-05:00" endTime="2022-11-23T12:19:16.8336124-05:00" testType="13cdc9d9-ddb5-4fa4-a97d-d965ccfc6d4b" outcome="Passed" testListId="8c84fa94-04c1-424b-9868-57a2d4851a1d" relativeResultsDirectory="6ceef729-0caf-4ba8-8579-41d988239e6f" />
    <UnitTestResult executionId="bd752cd8-ac23-448d-a1f0-7e86cd87d893" testId="53961c9e-5b44-6e8d-e692-db730794cc8f" testName="MapToKeyword_GivenInSwedish_ReturnsGiven" computerName="ERICCARLSONBBE6" duration="00:00:00.0010880" startTime="2022-11-23T12:19:16.9660909-05:00" endTime="2022-11-23T12:19:16.9671789-05:00" testType="13cdc9d9-ddb5-4fa4-a97d-d965ccfc6d4b" outcome="Passed" testListId="8c84fa94-04c1-424b-9868-57a2d4851a1d" relativeResultsDirectory="bd752cd8-ac23-448d-a1f0-7e86cd87d893" />
    <UnitTestResult executionId="58756cea-d70d-4178-ac33-87fb48e83e33" testId="3c3842c3-f734-534b-fecc-cf8c356ba236" testName="Map_NotProvided_ReturnsExecutedFalseSuccessfulFalseProvidedFalse" computerName="ERICCARLSONBBE6" duration="00:00:00.0000790" startTime="2022-11-23T12:19:16.8432495-05:00" endTime="2022-11-23T12:19:16.8433283-05:00" testType="13cdc9d9-ddb5-4fa4-a97d-d965ccfc6d4b" outcome="Passed" testListId="8c84fa94-04c1-424b-9868-57a2d4851a1d" relativeResultsDirectory="58756cea-d70d-4178-ac33-87fb48e83e33" />
    <UnitTestResult executionId="361494b7-8202-4395-adc6-50fd106ec526" testId="ad2deadc-28a2-719e-7150-17ba175aa913" testName="MapToFeature_FeatureWithNullDescription_ReturnsFeatureWithEmptyDescription" computerName="ERICCARLSONBBE6" duration="00:00:00.0012510" startTime="2022-11-23T12:19:16.9148765-05:00" endTime="2022-11-23T12:19:16.9161275-05:00" testType="13cdc9d9-ddb5-4fa4-a97d-d965ccfc6d4b" outcome="Passed" testListId="8c84fa94-04c1-424b-9868-57a2d4851a1d" relativeResultsDirectory="361494b7-8202-4395-adc6-50fd106ec526" />
    <UnitTestResult executionId="4c98d5be-cbb0-46ca-bbc0-d009da533d76" testId="475019ae-3d7f-95bf-6137-a7ac269ca177" testName="Process_OnlyLinesWithEmptySpaces_ReturnsAsManyEmptyLines" computerName="ERICCARLSONBBE6" duration="00:00:00.0005350" startTime="2022-11-23T12:19:15.8602643-05:00" endTime="2022-11-23T12:19:15.8607991-05:00" testType="13cdc9d9-ddb5-4fa4-a97d-d965ccfc6d4b" outcome="Passed" testListId="8c84fa94-04c1-424b-9868-57a2d4851a1d" relativeResultsDirectory="4c98d5be-cbb0-46ca-bbc0-d009da533d76" />
    <UnitTestResult executionId="c1f480c4-2a67-4673-ace5-315033bbfd80" testId="b407155a-e5fd-8677-d804-23913edba29d" testName="ThenCanResolveTheSelectedIDocumentationBuilderAsSingleton(Html,PicklesDoc.Pickles.DocumentationBuilders.Html.HtmlDocumentationBuilder)" computerName="ERICCARLSONBBE6" duration="00:00:00.0010340" startTime="2022-11-23T12:19:17.0814351-05:00" endTime="2022-11-23T12:19:17.0824686-05:00" testType="13cdc9d9-ddb5-4fa4-a97d-d965ccfc6d4b" outcome="Passed" testListId="8c84fa94-04c1-424b-9868-57a2d4851a1d" relativeResultsDirectory="c1f480c4-2a67-4673-ace5-315033bbfd80" />
    <UnitTestResult executionId="33cbf902-47f4-43ed-9c1d-c6f7894093e6" testId="f2a4d10f-7a23-0d3b-b616-b37bcd3d7f3d" testName="Map_WithName_ReturnsSlug" computerName="ERICCARLSONBBE6" duration="00:00:00.0000790" startTime="2022-11-23T12:19:16.8311141-05:00" endTime="2022-11-23T12:19:16.8311928-05:00" testType="13cdc9d9-ddb5-4fa4-a97d-d965ccfc6d4b" outcome="Passed" testListId="8c84fa94-04c1-424b-9868-57a2d4851a1d" relativeResultsDirectory="33cbf902-47f4-43ed-9c1d-c6f7894093e6" />
    <UnitTestResult executionId="496a2f23-71a1-4e87-b36c-c8875501ae02" testId="47c9a237-7b62-75f9-e1ca-dd3cd3c91f8d" testName="ItShouldContainTheFeature" computerName="ERICCARLSONBBE6" duration="00:00:00.0028460" startTime="2022-11-23T12:19:16.5571525-05:00" endTime="2022-11-23T12:19:16.5599980-05:00" testType="13cdc9d9-ddb5-4fa4-a97d-d965ccfc6d4b" outcome="Passed" testListId="8c84fa94-04c1-424b-9868-57a2d4851a1d" relativeResultsDirectory="496a2f23-71a1-4e87-b36c-c8875501ae02" />
    <UnitTestResult executionId="4bbef605-6fb0-45a5-a854-4734e4847cad" testId="e757d0a0-d7ae-d816-fce8-24ebc2d1e194" testName="Map_WithDescription_ReturnsDescription" computerName="ERICCARLSONBBE6" duration="00:00:00.0001200" startTime="2022-11-23T12:19:16.8307567-05:00" endTime="2022-11-23T12:19:16.8308766-05:00" testType="13cdc9d9-ddb5-4fa4-a97d-d965ccfc6d4b" outcome="Passed" testListId="8c84fa94-04c1-424b-9868-57a2d4851a1d" relativeResultsDirectory="4bbef605-6fb0-45a5-a854-4734e4847cad" />
    <UnitTestResult executionId="988d973d-cdf4-4bf0-adbf-7cf9f6919a04" testId="8c668144-2935-03c4-cb76-374695bb843a" testName="Map_FeatureWithElements_ReturnsListofElements" computerName="ERICCARLSONBBE6" duration="00:00:00.0007360" startTime="2022-11-23T12:19:16.8203185-05:00" endTime="2022-11-23T12:19:16.8210544-05:00" testType="13cdc9d9-ddb5-4fa4-a97d-d965ccfc6d4b" outcome="Passed" testListId="8c84fa94-04c1-424b-9868-57a2d4851a1d" relativeResultsDirectory="988d973d-cdf4-4bf0-adbf-7cf9f6919a04" />
    <UnitTestResult executionId="74438761-3add-4631-a21c-c61281be29f8" testId="b0f8f278-b262-e750-8aa3-1ea9a3b22ed7" testName="MapToExample_RegularExamples_ReturnsCorrectExample" computerName="ERICCARLSONBBE6" duration="00:00:00.0017810" startTime="2022-11-23T12:19:16.9038964-05:00" endTime="2022-11-23T12:19:16.9056772-05:00" testType="13cdc9d9-ddb5-4fa4-a97d-d965ccfc6d4b" outcome="Passed" testListId="8c84fa94-04c1-424b-9868-57a2d4851a1d" relativeResultsDirectory="74438761-3add-4631-a21c-c61281be29f8" />
    <UnitTestResult executionId="c3892504-b5f4-49f8-bf3c-12e33793cb00" testId="2e5eb7c4-d75d-9cf6-4222-f8f1c9ac626a" testName="Map_WithNativeKeyword_ReturnsNativeKeyword" computerName="ERICCARLSONBBE6" duration="00:00:00.0000810" startTime="2022-11-23T12:19:16.8330270-05:00" endTime="2022-11-23T12:19:16.8331074-05:00" testType="13cdc9d9-ddb5-4fa4-a97d-d965ccfc6d4b" outcome="Passed" testListId="8c84fa94-04c1-424b-9868-57a2d4851a1d" relativeResultsDirectory="c3892504-b5f4-49f8-bf3c-12e33793cb00" />
    <UnitTestResult executionId="3ae6c6fa-891c-4179-9e70-14383a682eb7" testId="ab19ff46-498b-9420-1130-607f4dc077aa" testName="GetLanguageServicesForLanguage_WithEnglish_ReturnsLanguageServicesForEnglish" computerName="ERICCARLSONBBE6" duration="00:00:00.0001250" startTime="2022-11-23T12:19:16.8146797-05:00" endTime="2022-11-23T12:19:16.8148045-05:00" testType="13cdc9d9-ddb5-4fa4-a97d-d965ccfc6d4b" outcome="Passed" testListId="8c84fa94-04c1-424b-9868-57a2d4851a1d" relativeResultsDirectory="3ae6c6fa-891c-4179-9e70-14383a682eb7" />
    <UnitTestResult executionId="81c2eb38-7db0-4d62-8caa-82949b6be41a" testId="627adc13-8a7b-a068-2e61-4aa81780d9fd" testName="Map_Null_ReturnsNull" computerName="ERICCARLSONBBE6" duration="00:00:00.0000910" startTime="2022-11-23T12:19:16.8419332-05:00" endTime="2022-11-23T12:19:16.8420241-05:00" testType="13cdc9d9-ddb5-4fa4-a97d-d965ccfc6d4b" outcome="Passed" testListId="8c84fa94-04c1-424b-9868-57a2d4851a1d" relativeResultsDirectory="81c2eb38-7db0-4d62-8caa-82949b6be41a" />
    <UnitTestResult executionId="602303d4-7f5c-45d8-802f-21906cde2c33" testId="e3729802-a92d-c297-8894-5684f6910af3" testName="Get_A_Relative_Path_When_Location_Is_Deeper_Than_Root" computerName="ERICCARLSONBBE6" duration="00:00:00.0007120" startTime="2022-11-23T12:19:15.8943699-05:00" endTime="2022-11-23T12:19:15.8950817-05:00" testType="13cdc9d9-ddb5-4fa4-a97d-d965ccfc6d4b" outcome="Passed" testListId="8c84fa94-04c1-424b-9868-57a2d4851a1d" relativeResultsDirectory="602303d4-7f5c-45d8-802f-21906cde2c33" />
    <UnitTestResult executionId="cd9a835a-cd08-4717-94ed-4d126819153b" testId="c266fa7d-acb2-60c9-6e2b-3e6d7d99744e" testName="WhenSettingTheLanguageInTheConfiguration_ThenCanParseMostBasicFeatureSuccessfully" computerName="ERICCARLSONBBE6" duration="00:00:00.0024780" startTime="2022-11-23T12:19:17.0688334-05:00" endTime="2022-11-23T12:19:17.0713110-05:00" testType="13cdc9d9-ddb5-4fa4-a97d-d965ccfc6d4b" outcome="Passed" testListId="8c84fa94-04c1-424b-9868-57a2d4851a1d" relativeResultsDirectory="cd9a835a-cd08-4717-94ed-4d126819153b" />
    <UnitTestResult executionId="db8821c9-c5c2-430f-94eb-4c102f4b8bbe" testId="71ab70a9-ef4b-ca2c-f5d6-1ba5618c1d97" testName="Map_WithName_ReturnsName" computerName="ERICCARLSONBBE6" duration="00:00:00.0001010" startTime="2022-11-23T12:19:16.8310059-05:00" endTime="2022-11-23T12:19:16.8311070-05:00" testType="13cdc9d9-ddb5-4fa4-a97d-d965ccfc6d4b" outcome="Passed" testListId="8c84fa94-04c1-424b-9868-57a2d4851a1d" relativeResultsDirectory="db8821c9-c5c2-430f-94eb-4c102f4b8bbe" />
    <UnitTestResult executionId="b0cee56a-d7d7-4998-baea-2338fd459454" testId="9cd5c73f-8266-3b6a-c78a-2aac24b20653" testName="ThenCanResolveTheSelectedIDocumentationBuilder(Word,PicklesDoc.Pickles.DocumentationBuilders.Word.WordDocumentationBuilder)" computerName="ERICCARLSONBBE6" duration="00:00:00.0039790" startTime="2022-11-23T12:19:17.0729612-05:00" endTime="2022-11-23T12:19:17.0769400-05:00" testType="13cdc9d9-ddb5-4fa4-a97d-d965ccfc6d4b" outcome="Passed" testListId="8c84fa94-04c1-424b-9868-57a2d4851a1d" relativeResultsDirectory="b0cee56a-d7d7-4998-baea-2338fd459454" />
    <UnitTestResult executionId="fe0678ee-89c7-46ae-8e10-147255eb07fa" testId="3ca12e18-ed2b-68bd-ab21-229d493594e6" testName="Map_Failed_ReturnsExecutedTrueSuccessfulFalse" computerName="ERICCARLSONBBE6" duration="00:00:00.0001330" startTime="2022-11-23T12:19:16.8430067-05:00" endTime="2022-11-23T12:19:16.8431397-05:00" testType="13cdc9d9-ddb5-4fa4-a97d-d965ccfc6d4b" outcome="Passed" testListId="8c84fa94-04c1-424b-9868-57a2d4851a1d" relativeResultsDirectory="fe0678ee-89c7-46ae-8e10-147255eb07fa" />
    <UnitTestResult executionId="3d2ee974-bcc9-4f44-ac7d-e3f70c77e1a6" testId="3945d961-caf9-46f1-6226-8ce537af5d08" testName="Constructor_NullHtmlIndexFormatter_ThrowsArgumentNullException" computerName="ERICCARLSONBBE6" duration="00:00:00.1682280" startTime="2022-11-23T12:19:16.1034246-05:00" endTime="2022-11-23T12:19:16.2716522-05:00" testType="13cdc9d9-ddb5-4fa4-a97d-d965ccfc6d4b" outcome="Passed" testListId="8c84fa94-04c1-424b-9868-57a2d4851a1d" relativeResultsDirectory="3d2ee974-bcc9-4f44-ac7d-e3f70c77e1a6" />
    <UnitTestResult executionId="3a9ff18f-d49f-4dee-baf8-12a3904bd067" testId="b4c3f351-61ef-8930-7ade-7ecfade50bdf" testName="MapToScenario_NullScenario_ReturnsNull" computerName="ERICCARLSONBBE6" duration="00:00:00.0018370" startTime="2022-11-23T12:19:16.9391238-05:00" endTime="2022-11-23T12:19:16.9409607-05:00" testType="13cdc9d9-ddb5-4fa4-a97d-d965ccfc6d4b" outcome="Passed" testListId="8c84fa94-04c1-424b-9868-57a2d4851a1d" relativeResultsDirectory="3a9ff18f-d49f-4dee-baf8-12a3904bd067" />
    <UnitTestResult executionId="24fd7130-86fe-41d7-bf6a-6394baf23c7a" testId="0443b89a-0e19-7897-5ed1-52b3f67c6cf5" testName="Map_SomeFeature_ReturnsJsonFeature" computerName="ERICCARLSONBBE6" duration="00:00:00.0000920" startTime="2022-11-23T12:19:16.8250884-05:00" endTime="2022-11-23T12:19:16.8251801-05:00" testType="13cdc9d9-ddb5-4fa4-a97d-d965ccfc6d4b" outcome="Passed" testListId="8c84fa94-04c1-424b-9868-57a2d4851a1d" relativeResultsDirectory="24fd7130-86fe-41d7-bf6a-6394baf23c7a" />
    <UnitTestResult executionId="5e9b05b2-9e8c-47eb-ab4a-8e9c9a83e139" testId="bcbfdc88-f29f-53aa-6ac7-bd0cbdb624b9" testName="Map_NullStep_ReturnsNull" computerName="ERICCARLSONBBE6" duration="00:00:00.0000940" startTime="2022-11-23T12:19:16.8320606-05:00" endTime="2022-11-23T12:19:16.8321546-05:00" testType="13cdc9d9-ddb5-4fa4-a97d-d965ccfc6d4b" outcome="Passed" testListId="8c84fa94-04c1-424b-9868-57a2d4851a1d" relativeResultsDirectory="5e9b05b2-9e8c-47eb-ab4a-8e9c9a83e139" />
    <UnitTestResult executionId="0342f2cd-1c9e-41e0-99ec-e5c86fa6759d" testId="2ff69b2c-15f7-7252-063e-2d4877f45ec0" testName="Map_TableWithDataRows_ReturnsJsonTableWithDataRows" computerName="ERICCARLSONBBE6" duration="00:00:00.0002820" startTime="2022-11-23T12:19:16.8420320-05:00" endTime="2022-11-23T12:19:16.8423135-05:00" testType="13cdc9d9-ddb5-4fa4-a97d-d965ccfc6d4b" outcome="Passed" testListId="8c84fa94-04c1-424b-9868-57a2d4851a1d" relativeResultsDirectory="0342f2cd-1c9e-41e0-99ec-e5c86fa6759d" />
    <UnitTestResult executionId="11324bfe-5e48-4a81-80d0-19b9b11531c7" testId="00441c96-4748-e7f5-f01b-e47727822d3b" testName="TableOfContent_Must_Contain_One_Paragraph_With_Current_Class" computerName="ERICCARLSONBBE6" duration="00:00:00.0089280" startTime="2022-11-23T12:19:16.7764922-05:00" endTime="2022-11-23T12:19:16.7854204-05:00" testType="13cdc9d9-ddb5-4fa4-a97d-d965ccfc6d4b" outcome="Passed" testListId="8c84fa94-04c1-424b-9868-57a2d4851a1d" relativeResultsDirectory="11324bfe-5e48-4a81-80d0-19b9b11531c7" />
    <UnitTestResult executionId="d4438d8e-9c47-47e0-a810-df094ea596ef" testId="af36d738-f453-f142-0ce1-e216fe6834e8" testName="Constructor_ValidFileSystemInfo_SetsOriginalLocationUrl" computerName="ERICCARLSONBBE6" duration="00:00:00.0017940" startTime="2022-11-23T12:19:15.8650237-05:00" endTime="2022-11-23T12:19:15.8668173-05:00" testType="13cdc9d9-ddb5-4fa4-a97d-d965ccfc6d4b" outcome="Passed" testListId="8c84fa94-04c1-424b-9868-57a2d4851a1d" relativeResultsDirectory="d4438d8e-9c47-47e0-a810-df094ea596ef" />
    <UnitTestResult executionId="58affbcc-79f7-499e-a6a8-102a6781871e" testId="8ec388e9-fc91-4d25-bf6f-f8f08af7b2f5" testName="Map_NullFeature_ReturnsNullJsonFeature" computerName="ERICCARLSONBBE6" duration="00:00:00.0001370" startTime="2022-11-23T12:19:16.8249431-05:00" endTime="2022-11-23T12:19:16.8250803-05:00" testType="13cdc9d9-ddb5-4fa4-a97d-d965ccfc6d4b" outcome="Passed" testListId="8c84fa94-04c1-424b-9868-57a2d4851a1d" relativeResultsDirectory="58affbcc-79f7-499e-a6a8-102a6781871e" />
    <UnitTestResult executionId="dc87bdef-8e4f-487d-98cf-db00f9fb81ed" testId="d7b9ae62-4462-ee76-b6c5-ced79f1a5234" testName="Map_WithTable_ReturnsTableAndNullDocString" computerName="ERICCARLSONBBE6" duration="00:00:00.0001800" startTime="2022-11-23T12:19:16.8338904-05:00" endTime="2022-11-23T12:19:16.8340705-05:00" testType="13cdc9d9-ddb5-4fa4-a97d-d965ccfc6d4b" outcome="Passed" testListId="8c84fa94-04c1-424b-9868-57a2d4851a1d" relativeResultsDirectory="dc87bdef-8e4f-487d-98cf-db00f9fb81ed" />
    <UnitTestResult executionId="a61694f6-63ff-4074-b199-defdc614b9d7" testId="a3410762-c366-47a2-74c7-2581a7f438bc" testName="Merge_SingleItem_ReturnsThatItem" computerName="ERICCARLSONBBE6" duration="00:00:00.0000880" startTime="2022-11-23T12:19:16.9755133-05:00" endTime="2022-11-23T12:19:16.9756015-05:00" testType="13cdc9d9-ddb5-4fa4-a97d-d965ccfc6d4b" outcome="Passed" testListId="8c84fa94-04c1-424b-9868-57a2d4851a1d" relativeResultsDirectory="a61694f6-63ff-4074-b199-defdc614b9d7" />
    <UnitTestResult executionId="78c89904-276c-4b28-963c-17931624afff" testId="8b1542e3-99b5-1273-5fd1-a9f37fb26ad5" testName="GetRelativeUriTo_DirectoryToFileOutside_ReturnsRelativePath" computerName="ERICCARLSONBBE6" duration="00:00:00.0008170" startTime="2022-11-23T12:19:15.8727762-05:00" endTime="2022-11-23T12:19:15.8735928-05:00" testType="13cdc9d9-ddb5-4fa4-a97d-d965ccfc6d4b" outcome="Passed" testListId="8c84fa94-04c1-424b-9868-57a2d4851a1d" relativeResultsDirectory="78c89904-276c-4b28-963c-17931624afff" />
    <UnitTestResult executionId="e4706b53-8a3e-4679-bea6-be158e8b358e" testId="2f32466c-54e6-c512-f429-2080bcc91825" testName="MapToScenario_BackgroundWithNullDescription_ReturnsScenarioWithEmptyDescription" computerName="ERICCARLSONBBE6" duration="00:00:00.0021040" startTime="2022-11-23T12:19:16.8456914-05:00" endTime="2022-11-23T12:19:16.8477957-05:00" testType="13cdc9d9-ddb5-4fa4-a97d-d965ccfc6d4b" outcome="Passed" testListId="8c84fa94-04c1-424b-9868-57a2d4851a1d" relativeResultsDirectory="e4706b53-8a3e-4679-bea6-be158e8b358e" />
    <UnitTestResult executionId="7e456b0f-c1c8-406b-9ecf-9f6d16b573b0" testId="684a3b2a-9d14-8186-77c4-3617426330bc" testName="Map_AnExample_ReturnsAJsonExample" computerName="ERICCARLSONBBE6" duration="00:00:00.0003520" startTime="2022-11-23T12:19:16.8164447-05:00" endTime="2022-11-23T12:19:16.8167965-05:00" testType="13cdc9d9-ddb5-4fa4-a97d-d965ccfc6d4b" outcome="Passed" testListId="8c84fa94-04c1-424b-9868-57a2d4851a1d" relativeResultsDirectory="7e456b0f-c1c8-406b-9ecf-9f6d16b573b0" />
    <UnitTestResult executionId="393e7edb-2cec-4605-a87c-a88f56297986" testId="2c6cc121-0dd5-d647-685b-59af2aa3177a" testName="Then_can_parse_and_ignore_scenario_with_tag_in_configuration_ignore_tag" computerName="ERICCARLSONBBE6" duration="00:00:00.0023999" startTime="2022-11-23T12:19:16.9932333-05:00" endTime="2022-11-23T12:19:16.9956332-05:00" testType="13cdc9d9-ddb5-4fa4-a97d-d965ccfc6d4b" outcome="Passed" testListId="8c84fa94-04c1-424b-9868-57a2d4851a1d" relativeResultsDirectory="393e7edb-2cec-4605-a87c-a88f56297986" />
    <UnitTestResult executionId="b66f5fd8-1a56-46c9-854c-f53e812e9ae1" testId="f2da032d-91aa-95b3-1f3a-869ade8a89d3" testName="ItShouldContainResultKeysInTheJsonDocument" computerName="ERICCARLSONBBE6" duration="00:00:00.0738880" startTime="2022-11-23T12:19:16.5635451-05:00" endTime="2022-11-23T12:19:16.6374332-05:00" testType="13cdc9d9-ddb5-4fa4-a97d-d965ccfc6d4b" outcome="Passed" testListId="8c84fa94-04c1-424b-9868-57a2d4851a1d" relativeResultsDirectory="b66f5fd8-1a56-46c9-854c-f53e812e9ae1" />
    <UnitTestResult executionId="2f8d63c6-efd4-4e59-a817-355d351cc562" testId="9a538a18-6713-44c0-7f91-be4011a7b21a" testName="ThenCanResolveTheSelectedIDocumentationBuilder(Markdown,PicklesDoc.Pickles.DocumentationBuilders.Markdown.MarkdownDocumentationBuilder)" computerName="ERICCARLSONBBE6" duration="00:00:00.0010100" startTime="2022-11-23T12:19:17.0803691-05:00" endTime="2022-11-23T12:19:17.0813787-05:00" testType="13cdc9d9-ddb5-4fa4-a97d-d965ccfc6d4b" outcome="Passed" testListId="8c84fa94-04c1-424b-9868-57a2d4851a1d" relativeResultsDirectory="2f8d63c6-efd4-4e59-a817-355d351cc562" />
    <UnitTestResult executionId="8014a09e-4084-408b-a795-1dd529d8c834" testId="efc98ff6-24a4-3785-7d11-0177db098370" testName="Create_MarkdownParsingError_AddsEntryToReport" computerName="ERICCARLSONBBE6" duration="00:00:00.0061980" startTime="2022-11-23T12:19:16.0858074-05:00" endTime="2022-11-23T12:19:16.0920055-05:00" testType="13cdc9d9-ddb5-4fa4-a97d-d965ccfc6d4b" outcome="Passed" testListId="8c84fa94-04c1-424b-9868-57a2d4851a1d" relativeResultsDirectory="8014a09e-4084-408b-a795-1dd529d8c834" />
    <UnitTestResult executionId="003c3619-091f-412a-82ad-a7b58aa1366a" testId="49bd8a06-7460-8a08-3a2a-32fcb61399a5" testName="Add_NullNode_ThrowArgumentNullException" computerName="ERICCARLSONBBE6" duration="00:00:00.0073600" startTime="2022-11-23T12:19:15.8382415-05:00" endTime="2022-11-23T12:19:15.8456017-05:00" testType="13cdc9d9-ddb5-4fa4-a97d-d965ccfc6d4b" outcome="Passed" testListId="8c84fa94-04c1-424b-9868-57a2d4851a1d" relativeResultsDirectory="003c3619-091f-412a-82ad-a7b58aa1366a" />
    <UnitTestResult executionId="3088cd4d-1eb5-4005-88cb-ae5b8a514bd7" testId="81b5dd08-2dc8-a3e0-2f51-9318fd82024c" testName="GetEncoding_UTF16LEBOM_ReturnsUnicode" computerName="ERICCARLSONBBE6" duration="00:00:00.0007210" startTime="2022-11-23T12:19:15.8915115-05:00" endTime="2022-11-23T12:19:15.8922324-05:00" testType="13cdc9d9-ddb5-4fa4-a97d-d965ccfc6d4b" outcome="Passed" testListId="8c84fa94-04c1-424b-9868-57a2d4851a1d" relativeResultsDirectory="3088cd4d-1eb5-4005-88cb-ae5b8a514bd7" />
    <UnitTestResult executionId="263d52e6-8581-477d-a668-d8f98b6daf67" testId="b4df1736-c2bd-dc63-b866-5fc06d2618cb" testName="Map_FeatureWithName_ReturnsName" computerName="ERICCARLSONBBE6" duration="00:00:00.0001650" startTime="2022-11-23T12:19:16.8210999-05:00" endTime="2022-11-23T12:19:16.8212643-05:00" testType="13cdc9d9-ddb5-4fa4-a97d-d965ccfc6d4b" outcome="Passed" testListId="8c84fa94-04c1-424b-9868-57a2d4851a1d" relativeResultsDirectory="263d52e6-8581-477d-a668-d8f98b6daf67" />
    <UnitTestResult executionId="63913474-9293-4371-9f3e-601ca89024ee" testId="ce6a2b6c-c75a-0ab1-82b9-24f5e794be59" testName="MapToTable_NullDataTable_ReturnsNullTable" computerName="ERICCARLSONBBE6" duration="00:00:00.0013760" startTime="2022-11-23T12:19:16.8939108-05:00" endTime="2022-11-23T12:19:16.8952872-05:00" testType="13cdc9d9-ddb5-4fa4-a97d-d965ccfc6d4b" outcome="Passed" testListId="8c84fa94-04c1-424b-9868-57a2d4851a1d" relativeResultsDirectory="63913474-9293-4371-9f3e-601ca89024ee" />
    <UnitTestResult executionId="5e41307b-dc80-41c0-996b-f12a0de2ce64" testId="d08c1047-4425-a8ef-3977-424f7044543c" testName="MapToFeature_FeatureWithBackground_ReturnsFeatureWithBackground" computerName="ERICCARLSONBBE6" duration="00:00:00.0013649" startTime="2022-11-23T12:19:16.9074557-05:00" endTime="2022-11-23T12:19:16.9088204-05:00" testType="13cdc9d9-ddb5-4fa4-a97d-d965ccfc6d4b" outcome="Passed" testListId="8c84fa94-04c1-424b-9868-57a2d4851a1d" relativeResultsDirectory="5e41307b-dc80-41c0-996b-f12a0de2ce64" />
    <UnitTestResult executionId="0e8ffe58-4dba-4d54-9d79-df47a22d1db1" testId="5dc69bee-0bac-486b-6e0f-6ce7f05461ae" testName="Map_NullTableRow_ReturnsNull" computerName="ERICCARLSONBBE6" duration="00:00:00.0002970" startTime="2022-11-23T12:19:16.8341656-05:00" endTime="2022-11-23T12:19:16.8344621-05:00" testType="13cdc9d9-ddb5-4fa4-a97d-d965ccfc6d4b" outcome="Passed" testListId="8c84fa94-04c1-424b-9868-57a2d4851a1d" relativeResultsDirectory="0e8ffe58-4dba-4d54-9d79-df47a22d1db1" />
    <UnitTestResult executionId="44632df7-de79-4146-b0db-309a6e9dd022" testId="c9dbbac5-4686-fc9f-849b-ef7f10b63035" testName="Map_Null_ReturnsNull" computerName="ERICCARLSONBBE6" duration="00:00:00.0002370" startTime="2022-11-23T12:19:16.8160504-05:00" endTime="2022-11-23T12:19:16.8162872-05:00" testType="13cdc9d9-ddb5-4fa4-a97d-d965ccfc6d4b" outcome="Passed" testListId="8c84fa94-04c1-424b-9868-57a2d4851a1d" relativeResultsDirectory="44632df7-de79-4146-b0db-309a6e9dd022" />
    <UnitTestResult executionId="a73c87fa-7417-4249-a204-aa0aff03cb94" testId="285bb885-df8b-e1fa-0501-85b2d2ed57d2" testName="MapToComment_RegularComment_ReturnsComment" computerName="ERICCARLSONBBE6" duration="00:00:00.0047670" startTime="2022-11-23T12:19:16.8832448-05:00" endTime="2022-11-23T12:19:16.8880121-05:00" testType="13cdc9d9-ddb5-4fa4-a97d-d965ccfc6d4b" outcome="Passed" testListId="8c84fa94-04c1-424b-9868-57a2d4851a1d" relativeResultsDirectory="a73c87fa-7417-4249-a204-aa0aff03cb94" />
    <UnitTestResult executionId="4a1e90cf-b304-472e-8d9d-b43c777dcc7b" testId="bfdbb567-bae3-a47b-dea2-4065a10042f7" testName="MapToStringDocString_NullArgument_ReturnsNull" computerName="ERICCARLSONBBE6" duration="00:00:00.0013470" startTime="2022-11-23T12:19:16.9010009-05:00" endTime="2022-11-23T12:19:16.9023484-05:00" testType="13cdc9d9-ddb5-4fa4-a97d-d965ccfc6d4b" outcome="Passed" testListId="8c84fa94-04c1-424b-9868-57a2d4851a1d" relativeResultsDirectory="4a1e90cf-b304-472e-8d9d-b43c777dcc7b" />
    <UnitTestResult executionId="a705fe07-a757-4584-9f20-808c9c9b883f" testId="df26f463-6d21-97d6-0a42-9137aec5ea4c" testName="MapToScenario_Always_MapsFeatureProperty" computerName="ERICCARLSONBBE6" duration="00:00:00.0013300" startTime="2022-11-23T12:19:16.9270183-05:00" endTime="2022-11-23T12:19:16.9283485-05:00" testType="13cdc9d9-ddb5-4fa4-a97d-d965ccfc6d4b" outcome="Passed" testListId="8c84fa94-04c1-424b-9868-57a2d4851a1d" relativeResultsDirectory="a705fe07-a757-4584-9f20-808c9c9b883f" />
    <UnitTestResult executionId="6358dce0-22dd-4f5a-8db1-2688e8091ba1" testId="f90d61a1-3540-ae8e-65c9-60ef6c04641b" testName="MapToScenarioBackground_RegularBackground_ReturnsScenario" computerName="ERICCARLSONBBE6" duration="00:00:00.0091100" startTime="2022-11-23T12:19:16.8724230-05:00" endTime="2022-11-23T12:19:16.8815332-05:00" testType="13cdc9d9-ddb5-4fa4-a97d-d965ccfc6d4b" outcome="Passed" testListId="8c84fa94-04c1-424b-9868-57a2d4851a1d" relativeResultsDirectory="6358dce0-22dd-4f5a-8db1-2688e8091ba1" />
    <UnitTestResult executionId="474117ae-6109-40a0-8a78-a78c94f2a694" testId="efd251ba-1cdd-95f2-3fe2-824f7ed5e249" testName="MapToTableRow_NullTableRow_ReturnsNull" computerName="ERICCARLSONBBE6" duration="00:00:00.0013600" startTime="2022-11-23T12:19:16.8953161-05:00" endTime="2022-11-23T12:19:16.8966759-05:00" testType="13cdc9d9-ddb5-4fa4-a97d-d965ccfc6d4b" outcome="Passed" testListId="8c84fa94-04c1-424b-9868-57a2d4851a1d" relativeResultsDirectory="474117ae-6109-40a0-8a78-a78c94f2a694" />
    <UnitTestResult executionId="e48910c1-db27-4e3b-ba69-743a37aef3cf" testId="7537e683-3e74-548a-5552-941c0a3f0e36" testName="Map_Null_ReturnsNull" computerName="ERICCARLSONBBE6" duration="00:00:00.0000749" startTime="2022-11-23T12:19:16.8305697-05:00" endTime="2022-11-23T12:19:16.8306446-05:00" testType="13cdc9d9-ddb5-4fa4-a97d-d965ccfc6d4b" outcome="Passed" testListId="8c84fa94-04c1-424b-9868-57a2d4851a1d" relativeResultsDirectory="e48910c1-db27-4e3b-ba69-743a37aef3cf" />
    <UnitTestResult executionId="5b74d68b-0905-413b-8d1c-10d79a33aa37" testId="c39cdb82-dd1e-353a-b6fd-bd61b49d028c" testName="MapToScenario_Always_MapsFeatureProperty" computerName="ERICCARLSONBBE6" duration="00:00:00.0001810" startTime="2022-11-23T12:19:16.8260075-05:00" endTime="2022-11-23T12:19:16.8261889-05:00" testType="13cdc9d9-ddb5-4fa4-a97d-d965ccfc6d4b" outcome="Passed" testListId="8c84fa94-04c1-424b-9868-57a2d4851a1d" relativeResultsDirectory="5b74d68b-0905-413b-8d1c-10d79a33aa37" />
    <UnitTestResult executionId="91d94bbb-5b58-4a13-ab85-18a12da5cbd8" testId="2f10ab10-fdd8-2469-243c-352eb06f9e9c" testName="Map_Given_ReturnsGiven" computerName="ERICCARLSONBBE6" duration="00:00:00.0000710" startTime="2022-11-23T12:19:16.8295239-05:00" endTime="2022-11-23T12:19:16.8295950-05:00" testType="13cdc9d9-ddb5-4fa4-a97d-d965ccfc6d4b" outcome="Passed" testListId="8c84fa94-04c1-424b-9868-57a2d4851a1d" relativeResultsDirectory="91d94bbb-5b58-4a13-ab85-18a12da5cbd8" />
    <UnitTestResult executionId="2b12e13d-7bab-43bf-bfb6-7e1e67671580" testId="cba6d1e7-9efd-8bb5-d58c-bc7892bd4b07" testName="MapToComment_NullLocation_ReturnsNull" computerName="ERICCARLSONBBE6" duration="00:00:00.0014679" startTime="2022-11-23T12:19:16.8817459-05:00" endTime="2022-11-23T12:19:16.8832139-05:00" testType="13cdc9d9-ddb5-4fa4-a97d-d965ccfc6d4b" outcome="Passed" testListId="8c84fa94-04c1-424b-9868-57a2d4851a1d" relativeResultsDirectory="2b12e13d-7bab-43bf-bfb6-7e1e67671580" />
    <UnitTestResult executionId="272db6bc-893c-4bd3-a36d-82c65bf2f1af" testId="54bb1776-45b9-440f-39dc-4b42c206b81f" testName="Constructor_ValidFileSystemInfo_SetsOriginalLocation" computerName="ERICCARLSONBBE6" duration="00:00:00.0028940" startTime="2022-11-23T12:19:15.8621172-05:00" endTime="2022-11-23T12:19:15.8650117-05:00" testType="13cdc9d9-ddb5-4fa4-a97d-d965ccfc6d4b" outcome="Passed" testListId="8c84fa94-04c1-424b-9868-57a2d4851a1d" relativeResultsDirectory="272db6bc-893c-4bd3-a36d-82c65bf2f1af" />
    <UnitTestResult executionId="f4cf1d94-7bec-42e5-95f7-09355d76654b" testId="e8565e90-2492-6ea1-7c7e-a2f7e9a1f360" testName="ThenCanResolveTheSelectedIDocumentationBuilder(Json,PicklesDoc.Pickles.DocumentationBuilders.Json.JsonDocumentationBuilder)" computerName="ERICCARLSONBBE6" duration="00:00:00.0007090" startTime="2022-11-23T12:19:17.0788834-05:00" endTime="2022-11-23T12:19:17.0795922-05:00" testType="13cdc9d9-ddb5-4fa4-a97d-d965ccfc6d4b" outcome="Passed" testListId="8c84fa94-04c1-424b-9868-57a2d4851a1d" relativeResultsDirectory="f4cf1d94-7bec-42e5-95f7-09355d76654b" />
    <UnitTestResult executionId="d3a8610e-5d8b-4c3c-8413-7a4316cd6bc1" testId="cb1cb307-beed-417a-ac8b-f4330065e350" testName="ThenCanResolveTheSelectedIDocumentationBuilder(Excel,PicklesDoc.Pickles.DocumentationBuilders.Excel.ExcelDocumentationBuilder)" computerName="ERICCARLSONBBE6" duration="00:00:00.0010920" startTime="2022-11-23T12:19:17.0769698-05:00" endTime="2022-11-23T12:19:17.0780614-05:00" testType="13cdc9d9-ddb5-4fa4-a97d-d965ccfc6d4b" outcome="Passed" testListId="8c84fa94-04c1-424b-9868-57a2d4851a1d" relativeResultsDirectory="d3a8610e-5d8b-4c3c-8413-7a4316cd6bc1" />
    <UnitTestResult executionId="4c0c13f0-bd19-4bf6-95e9-f335fb3c0bc8" testId="a97fbf30-a467-d383-085d-3cbf7f26c69d" testName="GetDialect_WithSimpleLanguage_ReturnsThatLanguage" computerName="ERICCARLSONBBE6" duration="00:00:00.0016300" startTime="2022-11-23T12:19:15.5288271-05:00" endTime="2022-11-23T12:19:15.5304569-05:00" testType="13cdc9d9-ddb5-4fa4-a97d-d965ccfc6d4b" outcome="Passed" testListId="8c84fa94-04c1-424b-9868-57a2d4851a1d" relativeResultsDirectory="4c0c13f0-bd19-4bf6-95e9-f335fb3c0bc8" />
    <UnitTestResult executionId="42909a40-fc1f-4634-8a93-fd107669b175" testId="92e03e0f-edf9-aa46-0a93-130eee73dd0c" testName="Map_WithNullComments_ReturnsEmptyStepCommentsList" computerName="ERICCARLSONBBE6" duration="00:00:00.0001750" startTime="2022-11-23T12:19:16.8332070-05:00" endTime="2022-11-23T12:19:16.8333814-05:00" testType="13cdc9d9-ddb5-4fa4-a97d-d965ccfc6d4b" outcome="Passed" testListId="8c84fa94-04c1-424b-9868-57a2d4851a1d" relativeResultsDirectory="42909a40-fc1f-4634-8a93-fd107669b175" />
    <UnitTestResult executionId="ca700d5d-d938-43e9-b070-a24ce0637190" testId="20a92ec6-b034-8a96-bf54-9fb94fce27f7" testName="GetRelativeUriTo_DirectoryToParentDirectory_ReturnsRelativePath" computerName="ERICCARLSONBBE6" duration="00:00:00.0008620" startTime="2022-11-23T12:19:15.8740063-05:00" endTime="2022-11-23T12:19:15.8748685-05:00" testType="13cdc9d9-ddb5-4fa4-a97d-d965ccfc6d4b" outcome="Passed" testListId="8c84fa94-04c1-424b-9868-57a2d4851a1d" relativeResultsDirectory="ca700d5d-d938-43e9-b070-a24ce0637190" />
    <UnitTestResult executionId="c70914dd-c699-40a4-9aee-7e17ac275282" testId="bec3fbce-3667-808b-c4b9-9a5dd3375e67" testName="MapToKeyword_NullString_ReturnsDefaultKeyword" computerName="ERICCARLSONBBE6" duration="00:00:00.0010080" startTime="2022-11-23T12:19:16.9683083-05:00" endTime="2022-11-23T12:19:16.9693165-05:00" testType="13cdc9d9-ddb5-4fa4-a97d-d965ccfc6d4b" outcome="Passed" testListId="8c84fa94-04c1-424b-9868-57a2d4851a1d" relativeResultsDirectory="c70914dd-c699-40a4-9aee-7e17ac275282" />
    <UnitTestResult executionId="8d34b8b7-aa19-4ea1-9ce5-18599b55b75a" testId="75dd8bd3-eae9-4577-2955-8c8531bc3c5b" testName="Create_InvalidFeatureFile_AddsEntryToReport" computerName="ERICCARLSONBBE6" duration="00:00:00.0196260" startTime="2022-11-23T12:19:16.0647895-05:00" endTime="2022-11-23T12:19:16.0844149-05:00" testType="13cdc9d9-ddb5-4fa4-a97d-d965ccfc6d4b" outcome="Passed" testListId="8c84fa94-04c1-424b-9868-57a2d4851a1d" relativeResultsDirectory="8d34b8b7-aa19-4ea1-9ce5-18599b55b75a" />
    <UnitTestResult executionId="c9eee48a-64e7-4492-aaf3-11c9b9495711" testId="5722e0ae-ca74-4e51-7bf5-080a8bfd63bc" testName="Iterator_NodeWithNullName_ShouldNotThrowException" computerName="ERICCARLSONBBE6" duration="00:00:00.0021440" startTime="2022-11-23T12:19:15.8526858-05:00" endTime="2022-11-23T12:19:15.8548298-05:00" testType="13cdc9d9-ddb5-4fa4-a97d-d965ccfc6d4b" outcome="Passed" testListId="8c84fa94-04c1-424b-9868-57a2d4851a1d" relativeResultsDirectory="c9eee48a-64e7-4492-aaf3-11c9b9495711" />
    <UnitTestResult executionId="7bf92863-afad-4411-a939-274db14dcb00" testId="c2fae702-1219-a5ae-f1ea-5e55a1f23bf4" testName="ThenCanFormatTextAsWikiWordSuccessfully" computerName="ERICCARLSONBBE6" duration="00:00:00.0009080" startTime="2022-11-23T12:19:15.8959086-05:00" endTime="2022-11-23T12:19:15.8968165-05:00" testType="13cdc9d9-ddb5-4fa4-a97d-d965ccfc6d4b" outcome="Passed" testListId="8c84fa94-04c1-424b-9868-57a2d4851a1d" relativeResultsDirectory="7bf92863-afad-4411-a939-274db14dcb00" />
    <UnitTestResult executionId="03b34d27-5993-492b-80b1-987b8a95255c" testId="d47a0e94-b401-7304-363c-d66f5512b23c" testName="Map_WithoutBackground_ReturnsNullBackground" computerName="ERICCARLSONBBE6" duration="00:00:00.0001689" startTime="2022-11-23T12:19:16.8253235-05:00" endTime="2022-11-23T12:19:16.8254924-05:00" testType="13cdc9d9-ddb5-4fa4-a97d-d965ccfc6d4b" outcome="Passed" testListId="8c84fa94-04c1-424b-9868-57a2d4851a1d" relativeResultsDirectory="03b34d27-5993-492b-80b1-987b8a95255c" />
    <UnitTestResult executionId="045d9457-fe20-41c6-835e-3d2262c55aa4" testId="94b6fca8-7a3d-f453-0070-6471ff92bbfc" testName="MapToStep_NullStep_ReturnsNull" computerName="ERICCARLSONBBE6" duration="00:00:00.0019500" startTime="2022-11-23T12:19:16.9508764-05:00" endTime="2022-11-23T12:19:16.9528264-05:00" testType="13cdc9d9-ddb5-4fa4-a97d-d965ccfc6d4b" outcome="Passed" testListId="8c84fa94-04c1-424b-9868-57a2d4851a1d" relativeResultsDirectory="045d9457-fe20-41c6-835e-3d2262c55aa4" />
    <UnitTestResult executionId="536f501d-9241-4ad1-89aa-93d9e367ce2a" testId="4002bec3-2e84-8178-8fdb-096903003927" testName="ThenCanResolveTheSelectedIDocumentationBuilderAsSingleton(Excel,PicklesDoc.Pickles.DocumentationBuilders.Excel.ExcelDocumentationBuilder)" computerName="ERICCARLSONBBE6" duration="00:00:00.0020740" startTime="2022-11-23T12:19:17.0843577-05:00" endTime="2022-11-23T12:19:17.0864315-05:00" testType="13cdc9d9-ddb5-4fa4-a97d-d965ccfc6d4b" outcome="Passed" testListId="8c84fa94-04c1-424b-9868-57a2d4851a1d" relativeResultsDirectory="536f501d-9241-4ad1-89aa-93d9e367ce2a" />
    <UnitTestResult executionId="27687955-cbf7-4be9-9323-a657cea1ff1c" testId="6a374012-2fd6-0cd8-6683-20b8af7e8ea0" testName="ThenCanResolveTheSelectedIDocumentationBuilderAsSingleton(DHtml,PicklesDoc.Pickles.DocumentationBuilders.Dhtml.DhtmlDocumentationBuilder)" computerName="ERICCARLSONBBE6" duration="00:00:00.0006730" startTime="2022-11-23T12:19:17.0864592-05:00" endTime="2022-11-23T12:19:17.0871317-05:00" testType="13cdc9d9-ddb5-4fa4-a97d-d965ccfc6d4b" outcome="Passed" testListId="8c84fa94-04c1-424b-9868-57a2d4851a1d" relativeResultsDirectory="27687955-cbf7-4be9-9323-a657cea1ff1c" />
    <UnitTestResult executionId="0e434dd3-9fdc-4c2e-a412-2b1a5648c3b0" testId="ba53ca1c-8fc8-ce7b-1238-7a4281364dad" testName="Map_EnglishFeature_SetsNativeKeywordToExamples" computerName="ERICCARLSONBBE6" duration="00:00:00.0001370" startTime="2022-11-23T12:19:16.8187859-05:00" endTime="2022-11-23T12:19:16.8189232-05:00" testType="13cdc9d9-ddb5-4fa4-a97d-d965ccfc6d4b" outcome="Passed" testListId="8c84fa94-04c1-424b-9868-57a2d4851a1d" relativeResultsDirectory="0e434dd3-9fdc-4c2e-a412-2b1a5648c3b0" />
    <UnitTestResult executionId="d2bf4013-8d3a-4fe8-99a9-41e2061e0949" testId="c45bafd9-44fe-eb94-223b-fb60dcc673d3" testName="MapToExample_RegularWithTagsExamples_ReturnsCorrectExample" computerName="ERICCARLSONBBE6" duration="00:00:00.0015770" startTime="2022-11-23T12:19:16.9057073-05:00" endTime="2022-11-23T12:19:16.9072838-05:00" testType="13cdc9d9-ddb5-4fa4-a97d-d965ccfc6d4b" outcome="Passed" testListId="8c84fa94-04c1-424b-9868-57a2d4851a1d" relativeResultsDirectory="d2bf4013-8d3a-4fe8-99a9-41e2061e0949" />
    <UnitTestResult executionId="b3167ca0-7b91-4f55-8633-9627f6146cf1" testId="8952b576-6631-ae17-2867-cd3e93cd8ea7" testName="MapToKeyWord_StringGiven_ReturnsGiven" computerName="ERICCARLSONBBE6" duration="00:00:00.0012480" startTime="2022-11-23T12:19:16.9483444-05:00" endTime="2022-11-23T12:19:16.9495928-05:00" testType="13cdc9d9-ddb5-4fa4-a97d-d965ccfc6d4b" outcome="Passed" testListId="8c84fa94-04c1-424b-9868-57a2d4851a1d" relativeResultsDirectory="b3167ca0-7b91-4f55-8633-9627f6146cf1" />
    <UnitTestResult executionId="48f7614c-3220-4ca0-b129-fa2fe517d47f" testId="f23064d7-8737-65a1-12a3-24572822c2d1" testName="Map_TableWithHeaderRow_ReturnsJsonTableWithHeaderRow" computerName="ERICCARLSONBBE6" duration="00:00:00.0001310" startTime="2022-11-23T12:19:16.8423355-05:00" endTime="2022-11-23T12:19:16.8424661-05:00" testType="13cdc9d9-ddb5-4fa4-a97d-d965ccfc6d4b" outcome="Passed" testListId="8c84fa94-04c1-424b-9868-57a2d4851a1d" relativeResultsDirectory="48f7614c-3220-4ca0-b129-fa2fe517d47f" />
    <UnitTestResult executionId="49dedc8d-6215-4842-821e-c6d7fee63f9f" testId="bc057af5-36ed-77fb-c2b2-4b62175a9d61" testName="ThenCanParseFeatureWithMultipleScenariosSuccessfully" computerName="ERICCARLSONBBE6" duration="00:00:00.0032180" startTime="2022-11-23T12:19:17.0106585-05:00" endTime="2022-11-23T12:19:17.0138757-05:00" testType="13cdc9d9-ddb5-4fa4-a97d-d965ccfc6d4b" outcome="Passed" testListId="8c84fa94-04c1-424b-9868-57a2d4851a1d" relativeResultsDirectory="49dedc8d-6215-4842-821e-c6d7fee63f9f" />
    <UnitTestResult executionId="6d173df0-739f-4864-a6d1-c6647ae1fcbc" testId="e8b0726c-36bd-6c85-dd69-b7de9bafab06" testName="MapToScenarioBackground_NullBackground_ReturnsNullScenario" computerName="ERICCARLSONBBE6" duration="00:00:00.0245280" startTime="2022-11-23T12:19:16.8478193-05:00" endTime="2022-11-23T12:19:16.8723467-05:00" testType="13cdc9d9-ddb5-4fa4-a97d-d965ccfc6d4b" outcome="Passed" testListId="8c84fa94-04c1-424b-9868-57a2d4851a1d" relativeResultsDirectory="6d173df0-739f-4864-a6d1-c6647ae1fcbc" />
    <UnitTestResult executionId="6f6295ba-a5a4-4d8c-8e38-e65c4dfa5e0e" testId="7dfff11c-46c3-c506-4197-5a652064eb50" testName="Map_TableWithNullDataRow_ReturnsJsonTableWithEmptyDataRows" computerName="ERICCARLSONBBE6" duration="00:00:00.0002140" startTime="2022-11-23T12:19:16.8426952-05:00" endTime="2022-11-23T12:19:16.8429096-05:00" testType="13cdc9d9-ddb5-4fa4-a97d-d965ccfc6d4b" outcome="Passed" testListId="8c84fa94-04c1-424b-9868-57a2d4851a1d" relativeResultsDirectory="6f6295ba-a5a4-4d8c-8e38-e65c4dfa5e0e" />
    <UnitTestResult executionId="56ef784d-8a53-4665-baa4-6a8b6623688e" testId="079afae8-e738-bf64-6da5-12a3d22bf9e1" testName="ThenCanResolveTheSelectedIDocumentationBuilderAsSingleton(Json,PicklesDoc.Pickles.DocumentationBuilders.Json.JsonDocumentationBuilder)" computerName="ERICCARLSONBBE6" duration="00:00:00.0006290" startTime="2022-11-23T12:19:17.0871761-05:00" endTime="2022-11-23T12:19:17.0878053-05:00" testType="13cdc9d9-ddb5-4fa4-a97d-d965ccfc6d4b" outcome="Passed" testListId="8c84fa94-04c1-424b-9868-57a2d4851a1d" relativeResultsDirectory="56ef784d-8a53-4665-baa4-6a8b6623688e" />
    <UnitTestResult executionId="1ff26ad2-02f7-4b86-817c-10ccb13efa23" testId="10fcbc64-84e0-4168-f0c5-d1d525e9969f" testName="ThenCanParseScenarioWithBackgroundSuccessfully" computerName="ERICCARLSONBBE6" duration="00:00:00.0288190" startTime="2022-11-23T12:19:17.0220294-05:00" endTime="2022-11-23T12:19:17.0508553-05:00" testType="13cdc9d9-ddb5-4fa4-a97d-d965ccfc6d4b" outcome="Passed" testListId="8c84fa94-04c1-424b-9868-57a2d4851a1d" relativeResultsDirectory="1ff26ad2-02f7-4b86-817c-10ccb13efa23" />
    <UnitTestResult executionId="3adac1c9-0c40-4d1c-b04c-c3c567a2530e" testId="eae8d6d5-3d1b-9a28-35cb-83916a819bec" testName="Map_TableWithHeaderRow_ReturnsJsonTableWithoutHeaderRow" computerName="ERICCARLSONBBE6" duration="00:00:00.0001880" startTime="2022-11-23T12:19:16.8424743-05:00" endTime="2022-11-23T12:19:16.8426620-05:00" testType="13cdc9d9-ddb5-4fa4-a97d-d965ccfc6d4b" outcome="Passed" testListId="8c84fa94-04c1-424b-9868-57a2d4851a1d" relativeResultsDirectory="3adac1c9-0c40-4d1c-b04c-c3c567a2530e" />
    <UnitTestResult executionId="adcb8a05-dd7a-4a16-be5f-95f42bb5f0ca" testId="9ec673de-4ee7-1c04-ca06-f2ecdbfb66c9" testName="IsRelevant_InvalidFile_ReturnsFalse" computerName="ERICCARLSONBBE6" duration="00:00:00.0001750" startTime="2022-11-23T12:19:15.8798826-05:00" endTime="2022-11-23T12:19:15.8800572-05:00" testType="13cdc9d9-ddb5-4fa4-a97d-d965ccfc6d4b" outcome="Passed" testListId="8c84fa94-04c1-424b-9868-57a2d4851a1d" relativeResultsDirectory="adcb8a05-dd7a-4a16-be5f-95f42bb5f0ca" />
    <UnitTestResult executionId="18fe5f4d-39a0-4ef5-b171-922520e97b98" testId="2727f611-717b-e830-4bd0-bf3af2242d14" testName="Map_WithStepComments_ReturnsThoseComments" computerName="ERICCARLSONBBE6" duration="00:00:00.0001130" startTime="2022-11-23T12:19:16.8337705-05:00" endTime="2022-11-23T12:19:16.8338829-05:00" testType="13cdc9d9-ddb5-4fa4-a97d-d965ccfc6d4b" outcome="Passed" testListId="8c84fa94-04c1-424b-9868-57a2d4851a1d" relativeResultsDirectory="18fe5f4d-39a0-4ef5-b171-922520e97b98" />
    <UnitTestResult executionId="cc75ac27-8ff7-4d10-8997-27f5acf5032c" testId="fdc07046-cd97-c6a1-b694-bc2939683480" testName="ThenCanParseScenarioWithTableSuccessfully" computerName="ERICCARLSONBBE6" duration="00:00:00.0028999" startTime="2022-11-23T12:19:17.0547249-05:00" endTime="2022-11-23T12:19:17.0576252-05:00" testType="13cdc9d9-ddb5-4fa4-a97d-d965ccfc6d4b" outcome="Passed" testListId="8c84fa94-04c1-424b-9868-57a2d4851a1d" relativeResultsDirectory="cc75ac27-8ff7-4d10-8997-27f5acf5032c" />
    <UnitTestResult executionId="3a220ed5-5cf1-4345-a5eb-407f1a9eaabd" testId="a8850aa8-94db-71f8-8aa2-89556cda37d6" testName="Li_Element_Must_Not_Have_Id_Attribute" computerName="ERICCARLSONBBE6" duration="00:00:00.0170930" startTime="2022-11-23T12:19:16.5392515-05:00" endTime="2022-11-23T12:19:16.5563446-05:00" testType="13cdc9d9-ddb5-4fa4-a97d-d965ccfc6d4b" outcome="Passed" testListId="8c84fa94-04c1-424b-9868-57a2d4851a1d" relativeResultsDirectory="3a220ed5-5cf1-4345-a5eb-407f1a9eaabd" />
    <UnitTestResult executionId="94d94e74-d0d4-41b9-8695-f5fafea64c6b" testId="3a3ca858-e141-d107-a546-9b5950e81a79" testName="GetEncoding_UTF32BOM_ReturnsUnicode" computerName="ERICCARLSONBBE6" duration="00:00:00.0007290" startTime="2022-11-23T12:19:15.8922572-05:00" endTime="2022-11-23T12:19:15.8929860-05:00" testType="13cdc9d9-ddb5-4fa4-a97d-d965ccfc6d4b" outcome="Passed" testListId="8c84fa94-04c1-424b-9868-57a2d4851a1d" relativeResultsDirectory="94d94e74-d0d4-41b9-8695-f5fafea64c6b" />
    <UnitTestResult executionId="18a948eb-d608-4dec-9300-72a993114fd5" testId="ad9c4f1f-f3c4-4f5a-d866-e8e35b84d47b" testName="Create_InvalidFileType_AddsEntryToReport" computerName="ERICCARLSONBBE6" duration="00:00:00.0013190" startTime="2022-11-23T12:19:16.0844561-05:00" endTime="2022-11-23T12:19:16.0857752-05:00" testType="13cdc9d9-ddb5-4fa4-a97d-d965ccfc6d4b" outcome="Passed" testListId="8c84fa94-04c1-424b-9868-57a2d4851a1d" relativeResultsDirectory="18a948eb-d608-4dec-9300-72a993114fd5" />
  </Results>
  <TestDefinitions>
    <UnitTest name="ItShouldContainTheFeature" storage="c:\users\ericcarlson\documents\github\pickles\src\pickles.test\bin\debug\net6.0\picklesdoc.pickles.test.dll" id="47c9a237-7b62-75f9-e1ca-dd3cd3c91f8d">
      <Execution id="496a2f23-71a1-4e87-b36c-c8875501ae02" />
      <TestMethod codeBase="C:\Users\ericcarlson\documents\github\pickles\src\Pickles.Test\bin\Debug\net6.0\PicklesDoc.Pickles.Test.dll" adapterTypeName="executor://nunit3testexecutor/" className="PicklesDoc.Pickles.Test.Formatters.JSON.WhenCreatingAFeatureWithMetaInfo" name="ItShouldContainTheFeature" />
    </UnitTest>
    <UnitTest name="Map_Always_ReturnsNullFeature" storage="c:\users\ericcarlson\documents\github\pickles\src\pickles.test\bin\debug\net6.0\picklesdoc.pickles.test.dll" id="c7b4be8c-405a-cff4-f09d-429800388a2f">
      <Execution id="c561d32e-d477-449c-ac89-29b90276d37a" />
      <TestMethod codeBase="C:\Users\ericcarlson\documents\github\pickles\src\Pickles.Test\bin\Debug\net6.0\PicklesDoc.Pickles.Test.dll" adapterTypeName="executor://nunit3testexecutor/" className="PicklesDoc.Pickles.Test.ObjectModel.Json.ScenarioToJsonScenarioMapperTests" name="Map_Always_ReturnsNullFeature" />
    </UnitTest>
    <UnitTest name="RealData" storage="c:\users\ericcarlson\documents\github\pickles\src\pickles.test\bin\debug\net6.0\picklesdoc.pickles.test.dll" id="69dcc676-4ef6-c241-adb3-07e8c9464faa">
      <Execution id="15411005-da24-44a1-bf26-3f395cc77004" />
      <TestMethod codeBase="C:\Users\ericcarlson\documents\github\pickles\src\Pickles.Test\bin\Debug\net6.0\PicklesDoc.Pickles.Test.dll" adapterTypeName="executor://nunit3testexecutor/" className="PicklesDoc.Pickles.Test.DirectoryCrawlers.FolderDirectoryTreeNodeTests" name="RealData" />
    </UnitTest>
    <UnitTest name="ThenCanFormatTextWithSpecialCharactersAsWikiWordSuccessfully" storage="c:\users\ericcarlson\documents\github\pickles\src\pickles.test\bin\debug\net6.0\picklesdoc.pickles.test.dll" id="f00f3d6c-4b48-2938-84c4-a91f755f803f">
      <Execution id="1c6f03c8-f2ce-4731-b4c5-b032c5bc6b47" />
      <TestMethod codeBase="C:\Users\ericcarlson\documents\github\pickles\src\Pickles.Test\bin\Debug\net6.0\PicklesDoc.Pickles.Test.dll" adapterTypeName="executor://nunit3testexecutor/" className="PicklesDoc.Pickles.Test.Extensions.StringExtensionsTests" name="ThenCanFormatTextWithSpecialCharactersAsWikiWordSuccessfully" />
    </UnitTest>
    <UnitTest name="IsRelevant_ByDefault_ReturnsFalse" storage="c:\users\ericcarlson\documents\github\pickles\src\pickles.test\bin\debug\net6.0\picklesdoc.pickles.test.dll" id="4a5df4ca-f345-0994-08e9-9a292fd5e958">
      <Execution id="edb898d4-4c9a-4436-afba-48ed250748d9" />
      <TestMethod codeBase="C:\Users\ericcarlson\documents\github\pickles\src\Pickles.Test\bin\Debug\net6.0\PicklesDoc.Pickles.Test.dll" adapterTypeName="executor://nunit3testexecutor/" className="PicklesDoc.Pickles.Test.DirectoryCrawlers.ImageFileDetectorTests" name="IsRelevant_ByDefault_ReturnsFalse" />
    </UnitTest>
    <UnitTest name="GetEncoding_FileIsLessThanFourBytes_DoesNotThrowException" storage="c:\users\ericcarlson\documents\github\pickles\src\pickles.test\bin\debug\net6.0\picklesdoc.pickles.test.dll" id="91630d50-5bca-7acf-6341-4417c7067c35">
      <Execution id="78241c28-f861-4cc0-b8f1-0736770c6129" />
      <TestMethod codeBase="C:\Users\ericcarlson\documents\github\pickles\src\Pickles.Test\bin\Debug\net6.0\PicklesDoc.Pickles.Test.dll" adapterTypeName="executor://nunit3testexecutor/" className="PicklesDoc.Pickles.Test.EncodingDetectorTests" name="GetEncoding_FileIsLessThanFourBytes_DoesNotThrowException" />
    </UnitTest>
    <UnitTest name="GetEncoding_FileDoesNotExist_DoesNotThrowException" storage="c:\users\ericcarlson\documents\github\pickles\src\pickles.test\bin\debug\net6.0\picklesdoc.pickles.test.dll" id="b2f41475-071c-06b4-373d-577f6af5c5d6">
      <Execution id="7c4cb222-7bfd-4291-97ba-5d81cad027f5" />
      <TestMethod codeBase="C:\Users\ericcarlson\documents\github\pickles\src\Pickles.Test\bin\Debug\net6.0\PicklesDoc.Pickles.Test.dll" adapterTypeName="executor://nunit3testexecutor/" className="PicklesDoc.Pickles.Test.EncodingDetectorTests" name="GetEncoding_FileDoesNotExist_DoesNotThrowException" />
    </UnitTest>
    <UnitTest name="Map_WithDocString_ReturnsDocStringAndNoTableArgument" storage="c:\users\ericcarlson\documents\github\pickles\src\pickles.test\bin\debug\net6.0\picklesdoc.pickles.test.dll" id="cd326f26-4b5c-a5b5-7db2-4bedf97529df">
      <Execution id="7e146293-2685-43e4-a0f4-ee8ae1fa0811" />
      <TestMethod codeBase="C:\Users\ericcarlson\documents\github\pickles\src\Pickles.Test\bin\Debug\net6.0\PicklesDoc.Pickles.Test.dll" adapterTypeName="executor://nunit3testexecutor/" className="PicklesDoc.Pickles.Test.ObjectModel.Json.StepToJsonStepMapperTests" name="Map_WithDocString_ReturnsDocStringAndNoTableArgument" />
    </UnitTest>
    <UnitTest name="Map_Null_ReturnsNull" storage="c:\users\ericcarlson\documents\github\pickles\src\pickles.test\bin\debug\net6.0\picklesdoc.pickles.test.dll" id="e872ace4-29b8-3b56-871c-345e18778c92">
      <Execution id="03312c6b-c622-4e3c-890d-2eabd391107d" />
      <TestMethod codeBase="C:\Users\ericcarlson\documents\github\pickles\src\Pickles.Test\bin\Debug\net6.0\PicklesDoc.Pickles.Test.dll" adapterTypeName="executor://nunit3testexecutor/" className="PicklesDoc.Pickles.Test.ObjectModel.Json.ExampleToJsonExampleMapperTests" name="Map_Null_ReturnsNull" />
    </UnitTest>
    <UnitTest name="ItShouldContainTheRelativePath" storage="c:\users\ericcarlson\documents\github\pickles\src\pickles.test\bin\debug\net6.0\picklesdoc.pickles.test.dll" id="28772bab-df5d-6054-e291-6e60f8a662fb">
      <Execution id="7537dcaa-6a9d-4da2-aa86-36113910533b" />
      <TestMethod codeBase="C:\Users\ericcarlson\documents\github\pickles\src\Pickles.Test\bin\Debug\net6.0\PicklesDoc.Pickles.Test.dll" adapterTypeName="executor://nunit3testexecutor/" className="PicklesDoc.Pickles.Test.Formatters.JSON.WhenCreatingAFeatureWithMetaInfo" name="ItShouldContainTheRelativePath" />
    </UnitTest>
    <UnitTest name="Map_WithSteps_ReturnsSteps" storage="c:\users\ericcarlson\documents\github\pickles\src\pickles.test\bin\debug\net6.0\picklesdoc.pickles.test.dll" id="58c9e785-2ac6-9bcb-7efe-6d35daa42a6c">
      <Execution id="f2b5a300-2772-400d-82ea-d08c19a74f3a" />
      <TestMethod codeBase="C:\Users\ericcarlson\documents\github\pickles\src\Pickles.Test\bin\Debug\net6.0\PicklesDoc.Pickles.Test.dll" adapterTypeName="executor://nunit3testexecutor/" className="PicklesDoc.Pickles.Test.ObjectModel.Json.ScenarioToJsonScenarioMapperTests" name="Map_WithSteps_ReturnsSteps" />
    </UnitTest>
    <UnitTest name="MapToComment_NullLocation_ReturnsNull" storage="c:\users\ericcarlson\documents\github\pickles\src\pickles.test\bin\debug\net6.0\picklesdoc.pickles.test.dll" id="cba6d1e7-9efd-8bb5-d58c-bc7892bd4b07">
      <Execution id="2b12e13d-7bab-43bf-bfb6-7e1e67671580" />
      <TestMethod codeBase="C:\Users\ericcarlson\documents\github\pickles\src\Pickles.Test\bin\Debug\net6.0\PicklesDoc.Pickles.Test.dll" adapterTypeName="executor://nunit3testexecutor/" className="PicklesDoc.Pickles.Test.ObjectModel.MapperTestsForComment" name="MapToComment_NullLocation_ReturnsNull" />
    </UnitTest>
    <UnitTest name="Specification_Scenario4_WithTabs" storage="c:\users\ericcarlson\documents\github\pickles\src\pickles.test\bin\debug\net6.0\picklesdoc.pickles.test.dll" id="f4c7a1fe-8e1a-0bf7-6944-a7dc509a0e14">
      <Execution id="94be3207-d610-4066-b9f0-650b16fdab00" />
      <TestMethod codeBase="C:\Users\ericcarlson\documents\github\pickles\src\Pickles.Test\bin\Debug\net6.0\PicklesDoc.Pickles.Test.dll" adapterTypeName="executor://nunit3testexecutor/" className="PicklesDoc.Pickles.Test.DescriptionProcessorTests" name="Specification_Scenario4_WithTabs" />
    </UnitTest>
    <UnitTest name="TableOfContent_Must_Contain_One_Paragraph_With_Current_Class" storage="c:\users\ericcarlson\documents\github\pickles\src\pickles.test\bin\debug\net6.0\picklesdoc.pickles.test.dll" id="00441c96-4748-e7f5-f01b-e47727822d3b">
      <Execution id="11324bfe-5e48-4a81-80d0-19b9b11531c7" />
      <TestMethod codeBase="C:\Users\ericcarlson\documents\github\pickles\src\Pickles.Test\bin\Debug\net6.0\PicklesDoc.Pickles.Test.dll" adapterTypeName="executor://nunit3testexecutor/" className="PicklesDoc.Pickles.Test.Formatters.TableOfContentsShouldBeCreatedFromAFolderStructure" name="TableOfContent_Must_Contain_One_Paragraph_With_Current_Class" />
    </UnitTest>
    <UnitTest name="IsRelevant_ImageFileInfo_ReturnsTrue" storage="c:\users\ericcarlson\documents\github\pickles\src\pickles.test\bin\debug\net6.0\picklesdoc.pickles.test.dll" id="1778f960-3877-9ea7-360f-a6725dc97989">
      <Execution id="371e5a48-2b2e-44cf-831d-0e97ba26c303" />
      <TestMethod codeBase="C:\Users\ericcarlson\documents\github\pickles\src\Pickles.Test\bin\Debug\net6.0\PicklesDoc.Pickles.Test.dll" adapterTypeName="executor://nunit3testexecutor/" className="PicklesDoc.Pickles.Test.DirectoryCrawlers.RelevantFileDetectorTests" name="IsRelevant_ImageFileInfo_ReturnsTrue" />
    </UnitTest>
    <UnitTest name="MapToStringTableCell_TableCellWithValue_ReturnsThatValue" storage="c:\users\ericcarlson\documents\github\pickles\src\pickles.test\bin\debug\net6.0\picklesdoc.pickles.test.dll" id="d8703a4d-64af-90ac-3d91-d91ec6e526a2">
      <Execution id="783f43cd-6b7f-4573-9721-13f213063bea" />
      <TestMethod codeBase="C:\Users\ericcarlson\documents\github\pickles\src\Pickles.Test\bin\Debug\net6.0\PicklesDoc.Pickles.Test.dll" adapterTypeName="executor://nunit3testexecutor/" className="PicklesDoc.Pickles.Test.ObjectModel.MapperTestsForDataTable" name="MapToStringTableCell_TableCellWithValue_ReturnsThatValue" />
    </UnitTest>
    <UnitTest name="Map_Null_ReturnsNull" storage="c:\users\ericcarlson\documents\github\pickles\src\pickles.test\bin\debug\net6.0\picklesdoc.pickles.test.dll" id="c9dbbac5-4686-fc9f-849b-ef7f10b63035">
      <Execution id="44632df7-de79-4146-b0db-309a6e9dd022" />
      <TestMethod codeBase="C:\Users\ericcarlson\documents\github\pickles\src\Pickles.Test\bin\Debug\net6.0\PicklesDoc.Pickles.Test.dll" adapterTypeName="executor://nunit3testexecutor/" className="PicklesDoc.Pickles.Test.ObjectModel.Json.CommentToJsonCommentMapperTests" name="Map_Null_ReturnsNull" />
    </UnitTest>
    <UnitTest name="ShouldContainTheFeatures" storage="c:\users\ericcarlson\documents\github\pickles\src\pickles.test\bin\debug\net6.0\picklesdoc.pickles.test.dll" id="4d389c4f-c1a4-9777-3cc5-f0470e77453d">
      <Execution id="d9d49db7-8970-4b36-8d88-26acc1983fda" />
      <TestMethod codeBase="C:\Users\ericcarlson\documents\github\pickles\src\Pickles.Test\bin\Debug\net6.0\PicklesDoc.Pickles.Test.dll" adapterTypeName="executor://nunit3testexecutor/" className="PicklesDoc.Pickles.Test.Formatters.JSON.WhenFormattingAFolderStructureWithFeatures" name="ShouldContainTheFeatures" />
    </UnitTest>
    <UnitTest name="ThenCanFormatTextWithNumbersAsWikiWordSuccessfully" storage="c:\users\ericcarlson\documents\github\pickles\src\pickles.test\bin\debug\net6.0\picklesdoc.pickles.test.dll" id="8ecd3a27-de14-37b0-a475-7f1b4251867d">
      <Execution id="1439e304-76bd-42fa-8e1b-464fbe8e7d21" />
      <TestMethod codeBase="C:\Users\ericcarlson\documents\github\pickles\src\Pickles.Test\bin\Debug\net6.0\PicklesDoc.Pickles.Test.dll" adapterTypeName="executor://nunit3testexecutor/" className="PicklesDoc.Pickles.Test.Extensions.StringExtensionsTests" name="ThenCanFormatTextWithNumbersAsWikiWordSuccessfully" />
    </UnitTest>
    <UnitTest name="MapToKeyword_WhenInSwedish_ReturnsWhen" storage="c:\users\ericcarlson\documents\github\pickles\src\pickles.test\bin\debug\net6.0\picklesdoc.pickles.test.dll" id="c0fbf6e7-772e-29b3-6edc-0a3674abefb6">
      <Execution id="a9449a88-cb54-41f2-99af-e70587d147ae" />
      <TestMethod codeBase="C:\Users\ericcarlson\documents\github\pickles\src\Pickles.Test\bin\Debug\net6.0\PicklesDoc.Pickles.Test.dll" adapterTypeName="executor://nunit3testexecutor/" className="PicklesDoc.Pickles.Test.ObjectModel.MappingTestsForKeyword" name="MapToKeyword_WhenInSwedish_ReturnsWhen" />
    </UnitTest>
    <UnitTest name="Process_BlankThenText_ReturnsText" storage="c:\users\ericcarlson\documents\github\pickles\src\pickles.test\bin\debug\net6.0\picklesdoc.pickles.test.dll" id="359602d4-5c8b-a71b-3178-d67e251b597f">
      <Execution id="420dc835-a65b-414d-b71a-cb3a67ab015b" />
      <TestMethod codeBase="C:\Users\ericcarlson\documents\github\pickles\src\Pickles.Test\bin\Debug\net6.0\PicklesDoc.Pickles.Test.dll" adapterTypeName="executor://nunit3testexecutor/" className="PicklesDoc.Pickles.Test.DescriptionProcessorTests" name="Process_BlankThenText_ReturnsText" />
    </UnitTest>
    <UnitTest name="MapToScenario_ScenarioWithNullDescription_ReturnsScenarioWithEmptyDescription" storage="c:\users\ericcarlson\documents\github\pickles\src\pickles.test\bin\debug\net6.0\picklesdoc.pickles.test.dll" id="b3a40561-d822-6f86-f3da-df64bc9ebecd">
      <Execution id="d7fe6de6-0437-4280-b5fb-25a3fe7bc877" />
      <TestMethod codeBase="C:\Users\ericcarlson\documents\github\pickles\src\Pickles.Test\bin\Debug\net6.0\PicklesDoc.Pickles.Test.dll" adapterTypeName="executor://nunit3testexecutor/" className="PicklesDoc.Pickles.Test.ObjectModel.MapperTestsForScenario" name="MapToScenario_ScenarioWithNullDescription_ReturnsScenarioWithEmptyDescription" />
    </UnitTest>
    <UnitTest name="Process_EmptySpaces_ReturnsEmptyString" storage="c:\users\ericcarlson\documents\github\pickles\src\pickles.test\bin\debug\net6.0\picklesdoc.pickles.test.dll" id="dc07b652-b5fa-fc33-626f-4ab4993e82ab">
      <Execution id="9f5efbc1-f692-44a6-b58e-e879dc1ecbc1" />
      <TestMethod codeBase="C:\Users\ericcarlson\documents\github\pickles\src\Pickles.Test\bin\Debug\net6.0\PicklesDoc.Pickles.Test.dll" adapterTypeName="executor://nunit3testexecutor/" className="PicklesDoc.Pickles.Test.DescriptionProcessorTests" name="Process_EmptySpaces_ReturnsEmptyString" />
    </UnitTest>
    <UnitTest name="Ul_Element_Must_Contain_Li_Children_Only" storage="c:\users\ericcarlson\documents\github\pickles\src\pickles.test\bin\debug\net6.0\picklesdoc.pickles.test.dll" id="6fd40770-cb6f-4692-f9e6-68b2c60e90b9">
      <Execution id="356012c3-0668-474c-aeda-4b52e15cb3c7" />
      <TestMethod codeBase="C:\Users\ericcarlson\documents\github\pickles\src\Pickles.Test\bin\Debug\net6.0\PicklesDoc.Pickles.Test.dll" adapterTypeName="executor://nunit3testexecutor/" className="PicklesDoc.Pickles.Test.Formatters.TableOfContentsShouldBeCreatedFromAFolderStructure" name="Ul_Element_Must_Contain_Li_Children_Only" />
    </UnitTest>
    <UnitTest name="Map_FeatureWithScenario_ReturnsScenario" storage="c:\users\ericcarlson\documents\github\pickles\src\pickles.test\bin\debug\net6.0\picklesdoc.pickles.test.dll" id="54394cfc-30d0-1b21-a9c9-bf82c6c4e0e4">
      <Execution id="f05297e1-d923-4d4c-bbf1-ba7ab495cbd9" />
      <TestMethod codeBase="C:\Users\ericcarlson\documents\github\pickles\src\Pickles.Test\bin\Debug\net6.0\PicklesDoc.Pickles.Test.dll" adapterTypeName="executor://nunit3testexecutor/" className="PicklesDoc.Pickles.Test.ObjectModel.Json.FeatureToJsonFeatureMapperTests" name="Map_FeatureWithScenario_ReturnsScenario" />
    </UnitTest>
    <UnitTest name="GetLanguageServicesForLanguage_WithEnglish_ReturnsLanguageServicesForEnglish" storage="c:\users\ericcarlson\documents\github\pickles\src\pickles.test\bin\debug\net6.0\picklesdoc.pickles.test.dll" id="ab19ff46-498b-9420-1130-607f4dc077aa">
      <Execution id="3ae6c6fa-891c-4179-9e70-14383a682eb7" />
      <TestMethod codeBase="C:\Users\ericcarlson\documents\github\pickles\src\Pickles.Test\bin\Debug\net6.0\PicklesDoc.Pickles.Test.dll" adapterTypeName="executor://nunit3testexecutor/" className="PicklesDoc.Pickles.Test.LanguageServicesRegistryTests" name="GetLanguageServicesForLanguage_WithEnglish_ReturnsLanguageServicesForEnglish" />
    </UnitTest>
    <UnitTest name="MapToKeyword_NullString_ReturnsDefaultKeyword" storage="c:\users\ericcarlson\documents\github\pickles\src\pickles.test\bin\debug\net6.0\picklesdoc.pickles.test.dll" id="bec3fbce-3667-808b-c4b9-9a5dd3375e67">
      <Execution id="c70914dd-c699-40a4-9aee-7e17ac275282" />
      <TestMethod codeBase="C:\Users\ericcarlson\documents\github\pickles\src\Pickles.Test\bin\Debug\net6.0\PicklesDoc.Pickles.Test.dll" adapterTypeName="executor://nunit3testexecutor/" className="PicklesDoc.Pickles.Test.ObjectModel.MappingTestsForKeyword" name="MapToKeyword_NullString_ReturnsDefaultKeyword" />
    </UnitTest>
    <UnitTest name="Constructor_NullHtmlIndexFormatter_ThrowsArgumentNullException" storage="c:\users\ericcarlson\documents\github\pickles\src\pickles.test\bin\debug\net6.0\picklesdoc.pickles.test.dll" id="3945d961-caf9-46f1-6226-8ce537af5d08">
      <Execution id="3d2ee974-bcc9-4f44-ac7d-e3f70c77e1a6" />
      <TestMethod codeBase="C:\Users\ericcarlson\documents\github\pickles\src\Pickles.Test\bin\Debug\net6.0\PicklesDoc.Pickles.Test.dll" adapterTypeName="executor://nunit3testexecutor/" className="PicklesDoc.Pickles.Test.Formatters.HtmlContentFormatterTests" name="Constructor_NullHtmlIndexFormatter_ThrowsArgumentNullException" />
    </UnitTest>
    <UnitTest name="ThenCanResolveTheSelectedIDocumentationBuilderAsSingleton(Word,PicklesDoc.Pickles.DocumentationBuilders.Word.WordDocumentationBuilder)" storage="c:\users\ericcarlson\documents\github\pickles\src\pickles.test\bin\debug\net6.0\picklesdoc.pickles.test.dll" id="ee515d6c-2d47-b4a0-9e7c-d4b3563152a1">
      <Execution id="a818d036-25b1-45ea-beaf-9c8b217ad7f2" />
      <TestMethod codeBase="C:\Users\ericcarlson\documents\github\pickles\src\Pickles.Test\bin\Debug\net6.0\PicklesDoc.Pickles.Test.dll" adapterTypeName="executor://nunit3testexecutor/" className="PicklesDoc.Pickles.Test.WhenResolvingADocumentationBuilder" name="ThenCanResolveTheSelectedIDocumentationBuilderAsSingleton(Word,PicklesDoc.Pickles.DocumentationBuilders.Word.WordDocumentationBuilder)" />
    </UnitTest>
    <UnitTest name="ThenCanResolveTheSelectedIDocumentationBuilder(Excel,PicklesDoc.Pickles.DocumentationBuilders.Excel.ExcelDocumentationBuilder)" storage="c:\users\ericcarlson\documents\github\pickles\src\pickles.test\bin\debug\net6.0\picklesdoc.pickles.test.dll" id="cb1cb307-beed-417a-ac8b-f4330065e350">
      <Execution id="d3a8610e-5d8b-4c3c-8413-7a4316cd6bc1" />
      <TestMethod codeBase="C:\Users\ericcarlson\documents\github\pickles\src\Pickles.Test\bin\Debug\net6.0\PicklesDoc.Pickles.Test.dll" adapterTypeName="executor://nunit3testexecutor/" className="PicklesDoc.Pickles.Test.WhenResolvingADocumentationBuilder" name="ThenCanResolveTheSelectedIDocumentationBuilder(Excel,PicklesDoc.Pickles.DocumentationBuilders.Excel.ExcelDocumentationBuilder)" />
    </UnitTest>
    <UnitTest name="Map_WithNullComments_ReturnsEmptyStepCommentsList" storage="c:\users\ericcarlson\documents\github\pickles\src\pickles.test\bin\debug\net6.0\picklesdoc.pickles.test.dll" id="92e03e0f-edf9-aa46-0a93-130eee73dd0c">
      <Execution id="42909a40-fc1f-4634-8a93-fd107669b175" />
      <TestMethod codeBase="C:\Users\ericcarlson\documents\github\pickles\src\Pickles.Test\bin\Debug\net6.0\PicklesDoc.Pickles.Test.dll" adapterTypeName="executor://nunit3testexecutor/" className="PicklesDoc.Pickles.Test.ObjectModel.Json.StepToJsonStepMapperTests" name="Map_WithNullComments_ReturnsEmptyStepCommentsList" />
    </UnitTest>
    <UnitTest name="IsRelevant_ValidFile_ReturnsTrue(&quot;image.bmp&quot;)" storage="c:\users\ericcarlson\documents\github\pickles\src\pickles.test\bin\debug\net6.0\picklesdoc.pickles.test.dll" id="c3ab92f1-9919-8262-68eb-854764e7ba38">
      <Execution id="728a4051-a44b-4d49-8d14-f1a23399e528" />
      <TestMethod codeBase="C:\Users\ericcarlson\documents\github\pickles\src\Pickles.Test\bin\Debug\net6.0\PicklesDoc.Pickles.Test.dll" adapterTypeName="executor://nunit3testexecutor/" className="PicklesDoc.Pickles.Test.DirectoryCrawlers.ImageFileDetectorTests" name="IsRelevant_ValidFile_ReturnsTrue(&quot;image.bmp&quot;)" />
    </UnitTest>
    <UnitTest name="Constructor_ValidFileSystemInfo_SetsOriginalLocationUrl" storage="c:\users\ericcarlson\documents\github\pickles\src\pickles.test\bin\debug\net6.0\picklesdoc.pickles.test.dll" id="af36d738-f453-f142-0ce1-e216fe6834e8">
      <Execution id="d4438d8e-9c47-47e0-a810-df094ea596ef" />
      <TestMethod codeBase="C:\Users\ericcarlson\documents\github\pickles\src\Pickles.Test\bin\Debug\net6.0\PicklesDoc.Pickles.Test.dll" adapterTypeName="executor://nunit3testexecutor/" className="PicklesDoc.Pickles.Test.DirectoryCrawlers.FolderDirectoryTreeNodeTests" name="Constructor_ValidFileSystemInfo_SetsOriginalLocationUrl" />
    </UnitTest>
    <UnitTest name="MapToExample_RegularExamples_ReturnsCorrectExample" storage="c:\users\ericcarlson\documents\github\pickles\src\pickles.test\bin\debug\net6.0\picklesdoc.pickles.test.dll" id="b0f8f278-b262-e750-8aa3-1ea9a3b22ed7">
      <Execution id="74438761-3add-4631-a21c-c61281be29f8" />
      <TestMethod codeBase="C:\Users\ericcarlson\documents\github\pickles\src\Pickles.Test\bin\Debug\net6.0\PicklesDoc.Pickles.Test.dll" adapterTypeName="executor://nunit3testexecutor/" className="PicklesDoc.Pickles.Test.ObjectModel.MapperTestsForExample" name="MapToExample_RegularExamples_ReturnsCorrectExample" />
    </UnitTest>
    <UnitTest name="Map_TableHeaderWithValues_ConvertsToJsonTableHeader" storage="c:\users\ericcarlson\documents\github\pickles\src\pickles.test\bin\debug\net6.0\picklesdoc.pickles.test.dll" id="1a925225-7345-bea6-a5d1-7fa98d2cfa7a">
      <Execution id="7dff6567-379e-4a7b-8b95-0c0fe2dfb017" />
      <TestMethod codeBase="C:\Users\ericcarlson\documents\github\pickles\src\Pickles.Test\bin\Debug\net6.0\PicklesDoc.Pickles.Test.dll" adapterTypeName="executor://nunit3testexecutor/" className="PicklesDoc.Pickles.Test.ObjectModel.Json.TableRowToJsonTableRowMapperTests" name="Map_TableHeaderWithValues_ConvertsToJsonTableHeader" />
    </UnitTest>
    <UnitTest name="Parse_InvalidFeatureFile_ThrowsFeatureParseExceptionWithFilename" storage="c:\users\ericcarlson\documents\github\pickles\src\pickles.test\bin\debug\net6.0\picklesdoc.pickles.test.dll" id="c4796383-dd20-0fa4-0454-b0730eb75248">
      <Execution id="5885dbc5-4579-4b56-a93f-b1f203de3915" />
      <TestMethod codeBase="C:\Users\ericcarlson\documents\github\pickles\src\Pickles.Test\bin\Debug\net6.0\PicklesDoc.Pickles.Test.dll" adapterTypeName="executor://nunit3testexecutor/" className="PicklesDoc.Pickles.Test.FileSystemBasedFeatureParserTests" name="Parse_InvalidFeatureFile_ThrowsFeatureParseExceptionWithFilename" />
    </UnitTest>
    <UnitTest name="ThenCanResolveTheSelectedIDocumentationBuilderAsSingleton(DHtml,PicklesDoc.Pickles.DocumentationBuilders.Dhtml.DhtmlDocumentationBuilder)" storage="c:\users\ericcarlson\documents\github\pickles\src\pickles.test\bin\debug\net6.0\picklesdoc.pickles.test.dll" id="6a374012-2fd6-0cd8-6683-20b8af7e8ea0">
      <Execution id="27687955-cbf7-4be9-9323-a657cea1ff1c" />
      <TestMethod codeBase="C:\Users\ericcarlson\documents\github\pickles\src\Pickles.Test\bin\Debug\net6.0\PicklesDoc.Pickles.Test.dll" adapterTypeName="executor://nunit3testexecutor/" className="PicklesDoc.Pickles.Test.WhenResolvingADocumentationBuilder" name="ThenCanResolveTheSelectedIDocumentationBuilderAsSingleton(DHtml,PicklesDoc.Pickles.DocumentationBuilders.Dhtml.DhtmlDocumentationBuilder)" />
    </UnitTest>
    <UnitTest name="FirstUlNodeShouldBeIndex" storage="c:\users\ericcarlson\documents\github\pickles\src\pickles.test\bin\debug\net6.0\picklesdoc.pickles.test.dll" id="061dd521-a1d0-0649-a878-d6361edc5bc9">
      <Execution id="c4012040-4a41-4c9f-9af3-60e07c0bb414" />
      <TestMethod codeBase="C:\Users\ericcarlson\documents\github\pickles\src\Pickles.Test\bin\Debug\net6.0\PicklesDoc.Pickles.Test.dll" adapterTypeName="executor://nunit3testexecutor/" className="PicklesDoc.Pickles.Test.Formatters.TableOfContentsShouldBeCreatedFromAFolderStructure" name="FirstUlNodeShouldBeIndex" />
    </UnitTest>
    <UnitTest name="ShouldNotBlowUpWHenParsingEmptyFolder" storage="c:\users\ericcarlson\documents\github\pickles\src\pickles.test\bin\debug\net6.0\picklesdoc.pickles.test.dll" id="4fed08b0-6faa-29af-fffd-4a7101183958">
      <Execution id="a711014b-e08c-43f6-aed4-5689b7a48166" />
      <TestMethod codeBase="C:\Users\ericcarlson\documents\github\pickles\src\Pickles.Test\bin\Debug\net6.0\PicklesDoc.Pickles.Test.dll" adapterTypeName="executor://nunit3testexecutor/" className="PicklesDoc.Pickles.Test.Formatters.HtmlDocumentationBuilderTests" name="ShouldNotBlowUpWHenParsingEmptyFolder" />
    </UnitTest>
    <UnitTest name="MapToKeyword_KeywordIsProvidedWithBlank_ReturnsKeyword" storage="c:\users\ericcarlson\documents\github\pickles\src\pickles.test\bin\debug\net6.0\picklesdoc.pickles.test.dll" id="abc15c7b-e91f-721b-1bac-97e82836e053">
      <Execution id="3b1d3423-6f2e-45af-ac9b-964b3415ab2d" />
      <TestMethod codeBase="C:\Users\ericcarlson\documents\github\pickles\src\Pickles.Test\bin\Debug\net6.0\PicklesDoc.Pickles.Test.dll" adapterTypeName="executor://nunit3testexecutor/" className="PicklesDoc.Pickles.Test.ObjectModel.MappingTestsForKeyword" name="MapToKeyword_KeywordIsProvidedWithBlank_ReturnsKeyword" />
    </UnitTest>
    <UnitTest name="Map_But_ReturnsBut" storage="c:\users\ericcarlson\documents\github\pickles\src\pickles.test\bin\debug\net6.0\picklesdoc.pickles.test.dll" id="6d88a6f4-e9ba-b488-7fca-3a2a8f87fcdb">
      <Execution id="230f9915-a1a1-4ecf-9c95-162bfa4b5d44" />
      <TestMethod codeBase="C:\Users\ericcarlson\documents\github\pickles\src\Pickles.Test\bin\Debug\net6.0\PicklesDoc.Pickles.Test.dll" adapterTypeName="executor://nunit3testexecutor/" className="PicklesDoc.Pickles.Test.ObjectModel.Json.KeywordToJsonKeywordMapperTests" name="Map_But_ReturnsBut" />
    </UnitTest>
    <UnitTest name="Map_NoSteps_ReturnsEmtpyListOfSteps" storage="c:\users\ericcarlson\documents\github\pickles\src\pickles.test\bin\debug\net6.0\picklesdoc.pickles.test.dll" id="18b2326c-4bed-936a-779f-ca59ee086658">
      <Execution id="4d93e9da-b70f-4b7c-a864-485aa772196b" />
      <TestMethod codeBase="C:\Users\ericcarlson\documents\github\pickles\src\Pickles.Test\bin\Debug\net6.0\PicklesDoc.Pickles.Test.dll" adapterTypeName="executor://nunit3testexecutor/" className="PicklesDoc.Pickles.Test.ObjectModel.Json.ScenarioToJsonScenarioMapperTests" name="Map_NoSteps_ReturnsEmtpyListOfSteps" />
    </UnitTest>
    <UnitTest name="ThenCanResolveTheSelectedIDocumentationBuilderAsSingleton(Json,PicklesDoc.Pickles.DocumentationBuilders.Json.JsonDocumentationBuilder)" storage="c:\users\ericcarlson\documents\github\pickles\src\pickles.test\bin\debug\net6.0\picklesdoc.pickles.test.dll" id="079afae8-e738-bf64-6da5-12a3d22bf9e1">
      <Execution id="56ef784d-8a53-4665-baa4-6a8b6623688e" />
      <TestMethod codeBase="C:\Users\ericcarlson\documents\github\pickles\src\Pickles.Test\bin\Debug\net6.0\PicklesDoc.Pickles.Test.dll" adapterTypeName="executor://nunit3testexecutor/" className="PicklesDoc.Pickles.Test.WhenResolvingADocumentationBuilder" name="ThenCanResolveTheSelectedIDocumentationBuilderAsSingleton(Json,PicklesDoc.Pickles.DocumentationBuilders.Json.JsonDocumentationBuilder)" />
    </UnitTest>
    <UnitTest name="GetDialect_WithLanguageAndCulture_ReturnsThatLanguage" storage="c:\users\ericcarlson\documents\github\pickles\src\pickles.test\bin\debug\net6.0\picklesdoc.pickles.test.dll" id="c9dc8fda-f925-817c-ef19-f9b9572b50ff">
      <Execution id="2751318e-ee6e-4505-be25-fd62464b2f12" />
      <TestMethod codeBase="C:\Users\ericcarlson\documents\github\pickles\src\Pickles.Test\bin\Debug\net6.0\PicklesDoc.Pickles.Test.dll" adapterTypeName="executor://nunit3testexecutor/" className="PicklesDoc.Pickles.Test.CultureAwareDialectProviderTests" name="GetDialect_WithLanguageAndCulture_ReturnsThatLanguage" />
    </UnitTest>
    <UnitTest name="MapToFeature_FeatureWithTags_ReturnsFeatureWithTags" storage="c:\users\ericcarlson\documents\github\pickles\src\pickles.test\bin\debug\net6.0\picklesdoc.pickles.test.dll" id="055dd1b0-0a2c-8108-d65a-6f6f4684a4ce">
      <Execution id="416e5696-dbc3-4053-bf84-5dc0cc768655" />
      <TestMethod codeBase="C:\Users\ericcarlson\documents\github\pickles\src\Pickles.Test\bin\Debug\net6.0\PicklesDoc.Pickles.Test.dll" adapterTypeName="executor://nunit3testexecutor/" className="PicklesDoc.Pickles.Test.ObjectModel.MapperTestsForFeature" name="MapToFeature_FeatureWithTags_ReturnsFeatureWithTags" />
    </UnitTest>
    <UnitTest name="MapToFeature_FeatureWithSimpleProperties_ReturnsFeaturesWithThoseProperties" storage="c:\users\ericcarlson\documents\github\pickles\src\pickles.test\bin\debug\net6.0\picklesdoc.pickles.test.dll" id="a0490bd8-72d0-eb80-99c2-9e2dd52b73ee">
      <Execution id="75cc768a-d272-421a-a2c3-2d893efdcaec" />
      <TestMethod codeBase="C:\Users\ericcarlson\documents\github\pickles\src\Pickles.Test\bin\Debug\net6.0\PicklesDoc.Pickles.Test.dll" adapterTypeName="executor://nunit3testexecutor/" className="PicklesDoc.Pickles.Test.ObjectModel.MapperTestsForFeature" name="MapToFeature_FeatureWithSimpleProperties_ReturnsFeaturesWithThoseProperties" />
    </UnitTest>
    <UnitTest name="ThenCanResolveTheSelectedIDocumentationBuilderAsSingleton(Markdown,PicklesDoc.Pickles.DocumentationBuilders.Markdown.MarkdownDocumentationBuilder)" storage="c:\users\ericcarlson\documents\github\pickles\src\pickles.test\bin\debug\net6.0\picklesdoc.pickles.test.dll" id="a83f3e46-a026-f6b2-8efd-ed8752f0f9e8">
      <Execution id="2c5fbda5-e142-40a3-b66e-ef11a71f11f7" />
      <TestMethod codeBase="C:\Users\ericcarlson\documents\github\pickles\src\Pickles.Test\bin\Debug\net6.0\PicklesDoc.Pickles.Test.dll" adapterTypeName="executor://nunit3testexecutor/" className="PicklesDoc.Pickles.Test.WhenResolvingADocumentationBuilder" name="ThenCanResolveTheSelectedIDocumentationBuilderAsSingleton(Markdown,PicklesDoc.Pickles.DocumentationBuilders.Markdown.MarkdownDocumentationBuilder)" />
    </UnitTest>
    <UnitTest name="Constructor_NullHtmlFeatureFormatter_ThrowsArgumentNullException" storage="c:\users\ericcarlson\documents\github\pickles\src\pickles.test\bin\debug\net6.0\picklesdoc.pickles.test.dll" id="801681ec-6f06-528d-01cb-0c438e16a2db">
      <Execution id="d6fcd27d-126b-49a6-be93-c412bb2af216" />
      <TestMethod codeBase="C:\Users\ericcarlson\documents\github\pickles\src\Pickles.Test\bin\Debug\net6.0\PicklesDoc.Pickles.Test.dll" adapterTypeName="executor://nunit3testexecutor/" className="PicklesDoc.Pickles.Test.Formatters.HtmlContentFormatterTests" name="Constructor_NullHtmlFeatureFormatter_ThrowsArgumentNullException" />
    </UnitTest>
    <UnitTest name="Then_can_crawl_all_folders_including_subfolders_for_features_successfully" storage="c:\users\ericcarlson\documents\github\pickles\src\pickles.test\bin\debug\net6.0\picklesdoc.pickles.test.dll" id="e0dd9245-0af9-4add-c5ea-a8878a46de43">
      <Execution id="8da99f70-f755-4e81-80e7-f7703f279351" />
      <TestMethod codeBase="C:\Users\ericcarlson\documents\github\pickles\src\Pickles.Test\bin\Debug\net6.0\PicklesDoc.Pickles.Test.dll" adapterTypeName="executor://nunit3testexecutor/" className="PicklesDoc.Pickles.Test.WhenCrawlingFoldersForFeatures" name="Then_can_crawl_all_folders_including_subfolders_for_features_successfully" />
    </UnitTest>
    <UnitTest name="Merge_EmptySequence_ResultsInWasExecutedFalseAndWasSuccessfulFalse" storage="c:\users\ericcarlson\documents\github\pickles\src\pickles.test\bin\debug\net6.0\picklesdoc.pickles.test.dll" id="085184fe-e868-8379-b878-742948946639">
      <Execution id="449b4670-5cb7-42ac-be3e-99ea41842cec" />
      <TestMethod codeBase="C:\Users\ericcarlson\documents\github\pickles\src\Pickles.Test\bin\Debug\net6.0\PicklesDoc.Pickles.Test.dll" adapterTypeName="executor://nunit3testexecutor/" className="PicklesDoc.Pickles.Test.TestResultExtensionsTests" name="Merge_EmptySequence_ResultsInWasExecutedFalseAndWasSuccessfulFalse" />
    </UnitTest>
    <UnitTest name="Map_WithKeyword_ReturnsCorrectKeyword" storage="c:\users\ericcarlson\documents\github\pickles\src\pickles.test\bin\debug\net6.0\picklesdoc.pickles.test.dll" id="a9d18150-cea2-1f58-98af-2d8981b7023b">
      <Execution id="ba3adaf7-8c84-4fee-9741-36ccd08cc389" />
      <TestMethod codeBase="C:\Users\ericcarlson\documents\github\pickles\src\Pickles.Test\bin\Debug\net6.0\PicklesDoc.Pickles.Test.dll" adapterTypeName="executor://nunit3testexecutor/" className="PicklesDoc.Pickles.Test.ObjectModel.Json.StepToJsonStepMapperTests" name="Map_WithKeyword_ReturnsCorrectKeyword" />
    </UnitTest>
    <UnitTest name="ThenCanParseScenarioWithDocstringSuccessfully" storage="c:\users\ericcarlson\documents\github\pickles\src\pickles.test\bin\debug\net6.0\picklesdoc.pickles.test.dll" id="421a6e45-c786-7a38-bb88-c8e678f20118">
      <Execution id="c0543416-d786-4e9e-8a06-ddebd3d3634a" />
      <TestMethod codeBase="C:\Users\ericcarlson\documents\github\pickles\src\Pickles.Test\bin\Debug\net6.0\PicklesDoc.Pickles.Test.dll" adapterTypeName="executor://nunit3testexecutor/" className="PicklesDoc.Pickles.Test.WhenParsingFeatureFiles" name="ThenCanParseScenarioWithDocstringSuccessfully" />
    </UnitTest>
    <UnitTest name="ItShouldIndicateWasSuccessfulIsFalseForFailingScenario" storage="c:\users\ericcarlson\documents\github\pickles\src\pickles.test\bin\debug\net6.0\picklesdoc.pickles.test.dll" id="9896fd01-1602-19ad-40eb-c38536268da9">
      <Execution id="e086c34e-fc2d-4ed9-9620-f30494b3f94f" />
      <TestMethod codeBase="C:\Users\ericcarlson\documents\github\pickles\src\Pickles.Test\bin\Debug\net6.0\PicklesDoc.Pickles.Test.dll" adapterTypeName="executor://nunit3testexecutor/" className="PicklesDoc.Pickles.Test.Formatters.JSON.WhenCreatingAFeatureWithMetaInfoAndTestResultInMstestFormat" name="ItShouldIndicateWasSuccessfulIsFalseForFailingScenario" />
    </UnitTest>
    <UnitTest name="GetRelativeUriTo_DirectoryToChildDirectory_ReturnsRelativePath" storage="c:\users\ericcarlson\documents\github\pickles\src\pickles.test\bin\debug\net6.0\picklesdoc.pickles.test.dll" id="71626fb2-cfd5-3c05-82ee-59e28a2a2450">
      <Execution id="d1f99446-6537-4ec0-bd37-b36013bfeb1a" />
      <TestMethod codeBase="C:\Users\ericcarlson\documents\github\pickles\src\Pickles.Test\bin\Debug\net6.0\PicklesDoc.Pickles.Test.dll" adapterTypeName="executor://nunit3testexecutor/" className="PicklesDoc.Pickles.Test.DirectoryCrawlers.FolderDirectoryTreeNodeTests" name="GetRelativeUriTo_DirectoryToChildDirectory_ReturnsRelativePath" />
    </UnitTest>
    <UnitTest name="ThenCanResolveTheSelectedIDocumentationBuilderAsSingleton(Excel,PicklesDoc.Pickles.DocumentationBuilders.Excel.ExcelDocumentationBuilder)" storage="c:\users\ericcarlson\documents\github\pickles\src\pickles.test\bin\debug\net6.0\picklesdoc.pickles.test.dll" id="4002bec3-2e84-8178-8fdb-096903003927">
      <Execution id="536f501d-9241-4ad1-89aa-93d9e367ce2a" />
      <TestMethod codeBase="C:\Users\ericcarlson\documents\github\pickles\src\Pickles.Test\bin\Debug\net6.0\PicklesDoc.Pickles.Test.dll" adapterTypeName="executor://nunit3testexecutor/" className="PicklesDoc.Pickles.Test.WhenResolvingADocumentationBuilder" name="ThenCanResolveTheSelectedIDocumentationBuilderAsSingleton(Excel,PicklesDoc.Pickles.DocumentationBuilders.Excel.ExcelDocumentationBuilder)" />
    </UnitTest>
    <UnitTest name="ToUriDirectoryInfo_WithoutTrailingSlash_ProducesUriWithTrailingSlash" storage="c:\users\ericcarlson\documents\github\pickles\src\pickles.test\bin\debug\net6.0\picklesdoc.pickles.test.dll" id="edbaf06d-2784-fb0b-6a51-d7a7b978a687">
      <Execution id="078cb341-ca89-42f0-b6ef-dc438c0627eb" />
      <TestMethod codeBase="C:\Users\ericcarlson\documents\github\pickles\src\Pickles.Test\bin\Debug\net6.0\PicklesDoc.Pickles.Test.dll" adapterTypeName="executor://nunit3testexecutor/" className="PicklesDoc.Pickles.Test.Extensions.UriExtensionsTests" name="ToUriDirectoryInfo_WithoutTrailingSlash_ProducesUriWithTrailingSlash" />
    </UnitTest>
    <UnitTest name="MapToKeyWord_StringThen_ReturnsThen" storage="c:\users\ericcarlson\documents\github\pickles\src\pickles.test\bin\debug\net6.0\picklesdoc.pickles.test.dll" id="23955a31-cf35-8855-1092-98631cf687d8">
      <Execution id="a7605557-cc43-4980-9050-28bcc06f56c2" />
      <TestMethod codeBase="C:\Users\ericcarlson\documents\github\pickles\src\Pickles.Test\bin\Debug\net6.0\PicklesDoc.Pickles.Test.dll" adapterTypeName="executor://nunit3testexecutor/" className="PicklesDoc.Pickles.Test.ObjectModel.MapperTestsForStep" name="MapToKeyWord_StringThen_ReturnsThen" />
    </UnitTest>
    <UnitTest name="MapToTableRow_NullTableRow_ReturnsNull" storage="c:\users\ericcarlson\documents\github\pickles\src\pickles.test\bin\debug\net6.0\picklesdoc.pickles.test.dll" id="efd251ba-1cdd-95f2-3fe2-824f7ed5e249">
      <Execution id="474117ae-6109-40a0-8a78-a78c94f2a694" />
      <TestMethod codeBase="C:\Users\ericcarlson\documents\github\pickles\src\Pickles.Test\bin\Debug\net6.0\PicklesDoc.Pickles.Test.dll" adapterTypeName="executor://nunit3testexecutor/" className="PicklesDoc.Pickles.Test.ObjectModel.MapperTestsForDataTable" name="MapToTableRow_NullTableRow_ReturnsNull" />
    </UnitTest>
    <UnitTest name="Map_Inconclusive_ReturnsExecutedFalseSuccessfulFalse" storage="c:\users\ericcarlson\documents\github\pickles\src\pickles.test\bin\debug\net6.0\picklesdoc.pickles.test.dll" id="68f64e68-24e0-ca45-5d01-93a0ed765eae">
      <Execution id="2167c122-d09e-436a-95ca-c8e7740005c3" />
      <TestMethod codeBase="C:\Users\ericcarlson\documents\github\pickles\src\Pickles.Test\bin\Debug\net6.0\PicklesDoc.Pickles.Test.dll" adapterTypeName="executor://nunit3testexecutor/" className="PicklesDoc.Pickles.Test.ObjectModel.Json.TestResultToJsonTestResultMapperTests" name="Map_Inconclusive_ReturnsExecutedFalseSuccessfulFalse" />
    </UnitTest>
    <UnitTest name="Can_crawl_directory_tree_for_features_successfully" storage="c:\users\ericcarlson\documents\github\pickles\src\pickles.test\bin\debug\net6.0\picklesdoc.pickles.test.dll" id="6dac4c1c-db66-2a51-4336-9a7010a21c77">
      <Execution id="7900e51b-9871-4c80-a0e8-008302a1044b" />
      <TestMethod codeBase="C:\Users\ericcarlson\documents\github\pickles\src\Pickles.Test\bin\Debug\net6.0\PicklesDoc.Pickles.Test.dll" adapterTypeName="executor://nunit3testexecutor/" className="PicklesDoc.Pickles.Test.Formatters.TableOfContentsShouldBeCreatedFromAFolderStructure" name="Can_crawl_directory_tree_for_features_successfully" />
    </UnitTest>
    <UnitTest name="Map_WithTags_ReturnsTags" storage="c:\users\ericcarlson\documents\github\pickles\src\pickles.test\bin\debug\net6.0\picklesdoc.pickles.test.dll" id="842b0ea9-88ad-790a-c59e-e495e1c6e68b">
      <Execution id="96e9f302-a84c-46be-8ffb-500e4a8f07ef" />
      <TestMethod codeBase="C:\Users\ericcarlson\documents\github\pickles\src\Pickles.Test\bin\Debug\net6.0\PicklesDoc.Pickles.Test.dll" adapterTypeName="executor://nunit3testexecutor/" className="PicklesDoc.Pickles.Test.ObjectModel.Json.ScenarioToJsonScenarioMapperTests" name="Map_WithTags_ReturnsTags" />
    </UnitTest>
    <UnitTest name="TocShouldBeSetWithCorrectAttributes" storage="c:\users\ericcarlson\documents\github\pickles\src\pickles.test\bin\debug\net6.0\picklesdoc.pickles.test.dll" id="6dda5574-3208-47af-bda7-987e6b113677">
      <Execution id="2abd366d-1e91-453a-aab3-3557738ce730" />
      <TestMethod codeBase="C:\Users\ericcarlson\documents\github\pickles\src\Pickles.Test\bin\Debug\net6.0\PicklesDoc.Pickles.Test.dll" adapterTypeName="executor://nunit3testexecutor/" className="PicklesDoc.Pickles.Test.Formatters.TableOfContentsShouldBeCreatedFromAFolderStructure" name="TocShouldBeSetWithCorrectAttributes" />
    </UnitTest>
    <UnitTest name="ThenCanParseScenarioWithTableSuccessfully" storage="c:\users\ericcarlson\documents\github\pickles\src\pickles.test\bin\debug\net6.0\picklesdoc.pickles.test.dll" id="fdc07046-cd97-c6a1-b694-bc2939683480">
      <Execution id="cc75ac27-8ff7-4d10-8997-27f5acf5032c" />
      <TestMethod codeBase="C:\Users\ericcarlson\documents\github\pickles\src\Pickles.Test\bin\Debug\net6.0\PicklesDoc.Pickles.Test.dll" adapterTypeName="executor://nunit3testexecutor/" className="PicklesDoc.Pickles.Test.WhenParsingFeatureFiles" name="ThenCanParseScenarioWithTableSuccessfully" />
    </UnitTest>
    <UnitTest name="Map_WithNullComments_ReturnsAfterLastStepCommentsList" storage="c:\users\ericcarlson\documents\github\pickles\src\pickles.test\bin\debug\net6.0\picklesdoc.pickles.test.dll" id="7c126b7b-3ee7-2707-c0f6-a67c3217c339">
      <Execution id="695dbcac-bd7a-4fb3-aa87-8f27a9223b01" />
      <TestMethod codeBase="C:\Users\ericcarlson\documents\github\pickles\src\Pickles.Test\bin\Debug\net6.0\PicklesDoc.Pickles.Test.dll" adapterTypeName="executor://nunit3testexecutor/" className="PicklesDoc.Pickles.Test.ObjectModel.Json.StepToJsonStepMapperTests" name="Map_WithNullComments_ReturnsAfterLastStepCommentsList" />
    </UnitTest>
    <UnitTest name="MapToLocation_NullLocation_ReturnsNull" storage="c:\users\ericcarlson\documents\github\pickles\src\pickles.test\bin\debug\net6.0\picklesdoc.pickles.test.dll" id="2d1e8734-39be-985c-1537-9f979ee40cdf">
      <Execution id="f565349b-0174-4579-bcaf-8232a010f609" />
      <TestMethod codeBase="C:\Users\ericcarlson\documents\github\pickles\src\Pickles.Test\bin\Debug\net6.0\PicklesDoc.Pickles.Test.dll" adapterTypeName="executor://nunit3testexecutor/" className="PicklesDoc.Pickles.Test.ObjectModel.MapperTestsForLocation" name="MapToLocation_NullLocation_ReturnsNull" />
    </UnitTest>
    <UnitTest name="ItShouldContainResultKeysInTheJsonDocument" storage="c:\users\ericcarlson\documents\github\pickles\src\pickles.test\bin\debug\net6.0\picklesdoc.pickles.test.dll" id="f2da032d-91aa-95b3-1f3a-869ade8a89d3">
      <Execution id="b66f5fd8-1a56-46c9-854c-f53e812e9ae1" />
      <TestMethod codeBase="C:\Users\ericcarlson\documents\github\pickles\src\Pickles.Test\bin\Debug\net6.0\PicklesDoc.Pickles.Test.dll" adapterTypeName="executor://nunit3testexecutor/" className="PicklesDoc.Pickles.Test.Formatters.JSON.WhenCreatingAFeatureWithMetaInfoAndTestResultInMstestFormat" name="ItShouldContainResultKeysInTheJsonDocument" />
    </UnitTest>
    <UnitTest name="Create_InvalidFeatureFile_AddsEntryToReport" storage="c:\users\ericcarlson\documents\github\pickles\src\pickles.test\bin\debug\net6.0\picklesdoc.pickles.test.dll" id="75dd8bd3-eae9-4577-2955-8c8531bc3c5b">
      <Execution id="8d34b8b7-aa19-4ea1-9ce5-18599b55b75a" />
      <TestMethod codeBase="C:\Users\ericcarlson\documents\github\pickles\src\Pickles.Test\bin\Debug\net6.0\PicklesDoc.Pickles.Test.dll" adapterTypeName="executor://nunit3testexecutor/" className="PicklesDoc.Pickles.Test.FeatureNodeFactoryTests" name="Create_InvalidFeatureFile_AddsEntryToReport" />
    </UnitTest>
    <UnitTest name="IsRelevant_InvalidFile_ReturnsFalse" storage="c:\users\ericcarlson\documents\github\pickles\src\pickles.test\bin\debug\net6.0\picklesdoc.pickles.test.dll" id="9ec673de-4ee7-1c04-ca06-f2ecdbfb66c9">
      <Execution id="adcb8a05-dd7a-4a16-be5f-95f42bb5f0ca" />
      <TestMethod codeBase="C:\Users\ericcarlson\documents\github\pickles\src\Pickles.Test\bin\Debug\net6.0\PicklesDoc.Pickles.Test.dll" adapterTypeName="executor://nunit3testexecutor/" className="PicklesDoc.Pickles.Test.DirectoryCrawlers.ImageFileDetectorTests" name="IsRelevant_InvalidFile_ReturnsFalse" />
    </UnitTest>
    <UnitTest name="MapToScenarioBackground_NullBackground_ReturnsNullScenario" storage="c:\users\ericcarlson\documents\github\pickles\src\pickles.test\bin\debug\net6.0\picklesdoc.pickles.test.dll" id="e8b0726c-36bd-6c85-dd69-b7de9bafab06">
      <Execution id="6d173df0-739f-4864-a6d1-c6647ae1fcbc" />
      <TestMethod codeBase="C:\Users\ericcarlson\documents\github\pickles\src\Pickles.Test\bin\Debug\net6.0\PicklesDoc.Pickles.Test.dll" adapterTypeName="executor://nunit3testexecutor/" className="PicklesDoc.Pickles.Test.ObjectModel.MapperTestsForBackground" name="MapToScenarioBackground_NullBackground_ReturnsNullScenario" />
    </UnitTest>
    <UnitTest name="GetRelativeUriTo_DirectoryToParentDirectory_ReturnsRelativePath" storage="c:\users\ericcarlson\documents\github\pickles\src\pickles.test\bin\debug\net6.0\picklesdoc.pickles.test.dll" id="20a92ec6-b034-8a96-bf54-9fb94fce27f7">
      <Execution id="ca700d5d-d938-43e9-b070-a24ce0637190" />
      <TestMethod codeBase="C:\Users\ericcarlson\documents\github\pickles\src\Pickles.Test\bin\Debug\net6.0\PicklesDoc.Pickles.Test.dll" adapterTypeName="executor://nunit3testexecutor/" className="PicklesDoc.Pickles.Test.DirectoryCrawlers.FolderDirectoryTreeNodeTests" name="GetRelativeUriTo_DirectoryToParentDirectory_ReturnsRelativePath" />
    </UnitTest>
    <UnitTest name="MapToStep_StepWithWhen_ReturnStep" storage="c:\users\ericcarlson\documents\github\pickles\src\pickles.test\bin\debug\net6.0\picklesdoc.pickles.test.dll" id="ba0a5a7d-c5b5-7dd0-271b-846e5b517e29">
      <Execution id="dccbc330-aa80-4d23-9746-5f6f650bdba1" />
      <TestMethod codeBase="C:\Users\ericcarlson\documents\github\pickles\src\Pickles.Test\bin\Debug\net6.0\PicklesDoc.Pickles.Test.dll" adapterTypeName="executor://nunit3testexecutor/" className="PicklesDoc.Pickles.Test.ObjectModel.MapperTestsForStep" name="MapToStep_StepWithWhen_ReturnStep" />
    </UnitTest>
    <UnitTest name="Merge_SingleItem_ReturnsThatItem" storage="c:\users\ericcarlson\documents\github\pickles\src\pickles.test\bin\debug\net6.0\picklesdoc.pickles.test.dll" id="a3410762-c366-47a2-74c7-2581a7f438bc">
      <Execution id="a61694f6-63ff-4074-b199-defdc614b9d7" />
      <TestMethod codeBase="C:\Users\ericcarlson\documents\github\pickles\src\Pickles.Test\bin\Debug\net6.0\PicklesDoc.Pickles.Test.dll" adapterTypeName="executor://nunit3testexecutor/" className="PicklesDoc.Pickles.Test.TestResultExtensionsTests" name="Merge_SingleItem_ReturnsThatItem" />
    </UnitTest>
    <UnitTest name="Merge_MultiplePassedOneInconclusiveResults_ShouldReturnInconclusive" storage="c:\users\ericcarlson\documents\github\pickles\src\pickles.test\bin\debug\net6.0\picklesdoc.pickles.test.dll" id="d90c12dd-95d4-2680-665c-a9724bf3407c">
      <Execution id="df929d35-e4a9-4ca0-b00f-37baa47db5be" />
      <TestMethod codeBase="C:\Users\ericcarlson\documents\github\pickles\src\Pickles.Test\bin\Debug\net6.0\PicklesDoc.Pickles.Test.dll" adapterTypeName="executor://nunit3testexecutor/" className="PicklesDoc.Pickles.Test.TestResultExtensionsTests" name="Merge_MultiplePassedOneInconclusiveResults_ShouldReturnInconclusive" />
    </UnitTest>
    <UnitTest name="LineThatStartsWithEscapedHash_Header3_ShouldRemoveEscapeSign" storage="c:\users\ericcarlson\documents\github\pickles\src\pickles.test\bin\debug\net6.0\picklesdoc.pickles.test.dll" id="c9d41f4b-061e-ad0e-ab6b-66d3fd7a5896">
      <Execution id="1965fb51-f311-4482-8acc-c034cedb88e0" />
      <TestMethod codeBase="C:\Users\ericcarlson\documents\github\pickles\src\Pickles.Test\bin\Debug\net6.0\PicklesDoc.Pickles.Test.dll" adapterTypeName="executor://nunit3testexecutor/" className="PicklesDoc.Pickles.Test.DescriptionProcessorTests" name="LineThatStartsWithEscapedHash_Header3_ShouldRemoveEscapeSign" />
    </UnitTest>
    <UnitTest name="Then_can_parse_and_remove_technical_tag_in_configuration_remove_technical_tag" storage="c:\users\ericcarlson\documents\github\pickles\src\pickles.test\bin\debug\net6.0\picklesdoc.pickles.test.dll" id="99a25f48-0d46-1e4c-d856-1a93a4215220">
      <Execution id="b75e7c33-9dee-445a-8a64-a3b072a618a0" />
      <TestMethod codeBase="C:\Users\ericcarlson\documents\github\pickles\src\Pickles.Test\bin\Debug\net6.0\PicklesDoc.Pickles.Test.dll" adapterTypeName="executor://nunit3testexecutor/" className="PicklesDoc.Pickles.Test.WhenParsingFeatureFiles" name="Then_can_parse_and_remove_technical_tag_in_configuration_remove_technical_tag" />
    </UnitTest>
    <UnitTest name="MapToFeature_FeatureWithComments_ReturnsFeatureWithComments" storage="c:\users\ericcarlson\documents\github\pickles\src\pickles.test\bin\debug\net6.0\picklesdoc.pickles.test.dll" id="43552591-3b54-90fc-42f1-6f682043a4e0">
      <Execution id="c64178c8-d329-42b9-9cd6-5ac008c30e4e" />
      <TestMethod codeBase="C:\Users\ericcarlson\documents\github\pickles\src\Pickles.Test\bin\Debug\net6.0\PicklesDoc.Pickles.Test.dll" adapterTypeName="executor://nunit3testexecutor/" className="PicklesDoc.Pickles.Test.ObjectModel.MapperTestsForFeature" name="MapToFeature_FeatureWithComments_ReturnsFeatureWithComments" />
    </UnitTest>
    <UnitTest name="TableOfContent_Must_Contain_Link_To_Home" storage="c:\users\ericcarlson\documents\github\pickles\src\pickles.test\bin\debug\net6.0\picklesdoc.pickles.test.dll" id="7355de11-ecb9-78c1-e9a7-a6ad6863c717">
      <Execution id="df1b3da8-3593-41ac-9cc0-15fa448774ba" />
      <TestMethod codeBase="C:\Users\ericcarlson\documents\github\pickles\src\Pickles.Test\bin\Debug\net6.0\PicklesDoc.Pickles.Test.dll" adapterTypeName="executor://nunit3testexecutor/" className="PicklesDoc.Pickles.Test.Formatters.TableOfContentsShouldBeCreatedFromAFolderStructure" name="TableOfContent_Must_Contain_Link_To_Home" />
    </UnitTest>
    <UnitTest name="Then_can_parse_and_ignore_scenario_with_tag_in_configuration_ignore_tag_and_do_not_keep_feature" storage="c:\users\ericcarlson\documents\github\pickles\src\pickles.test\bin\debug\net6.0\picklesdoc.pickles.test.dll" id="5e5b21c4-f8f1-3d2f-7050-4379c0fa7d2f">
      <Execution id="e1f3f28b-3b28-44fc-8fc2-8e2f4024af87" />
      <TestMethod codeBase="C:\Users\ericcarlson\documents\github\pickles\src\Pickles.Test\bin\Debug\net6.0\PicklesDoc.Pickles.Test.dll" adapterTypeName="executor://nunit3testexecutor/" className="PicklesDoc.Pickles.Test.WhenParsingFeatureFiles" name="Then_can_parse_and_ignore_scenario_with_tag_in_configuration_ignore_tag_and_do_not_keep_feature" />
    </UnitTest>
    <UnitTest name="Merge_NullReference_ThrowsArgumentNullException" storage="c:\users\ericcarlson\documents\github\pickles\src\pickles.test\bin\debug\net6.0\picklesdoc.pickles.test.dll" id="c64ab3fd-a5a1-5878-7c1a-1e8a8afbf3b9">
      <Execution id="bbf2f6e5-a4c9-4f98-8800-4c937042f7e2" />
      <TestMethod codeBase="C:\Users\ericcarlson\documents\github\pickles\src\Pickles.Test\bin\Debug\net6.0\PicklesDoc.Pickles.Test.dll" adapterTypeName="executor://nunit3testexecutor/" className="PicklesDoc.Pickles.Test.TestResultExtensionsTests" name="Merge_NullReference_ThrowsArgumentNullException" />
    </UnitTest>
    <UnitTest name="GetEncoding_Default_ReturnsUTF8" storage="c:\users\ericcarlson\documents\github\pickles\src\pickles.test\bin\debug\net6.0\picklesdoc.pickles.test.dll" id="42ebbc3e-9cb4-7b29-f224-f1d9cba21bf9">
      <Execution id="4bf61370-a83a-465c-a704-932e32607087" />
      <TestMethod codeBase="C:\Users\ericcarlson\documents\github\pickles\src\Pickles.Test\bin\Debug\net6.0\PicklesDoc.Pickles.Test.dll" adapterTypeName="executor://nunit3testexecutor/" className="PicklesDoc.Pickles.Test.EncodingDetectorTests" name="GetEncoding_Default_ReturnsUTF8" />
    </UnitTest>
    <UnitTest name="GetEncoding_UTF16BEBOM_ReturnsUnicode" storage="c:\users\ericcarlson\documents\github\pickles\src\pickles.test\bin\debug\net6.0\picklesdoc.pickles.test.dll" id="d18e2342-ed93-20fc-1486-ab5d0965097b">
      <Execution id="b99f6e3e-e1bd-43fd-8f3d-cd688aadfb30" />
      <TestMethod codeBase="C:\Users\ericcarlson\documents\github\pickles\src\Pickles.Test\bin\Debug\net6.0\PicklesDoc.Pickles.Test.dll" adapterTypeName="executor://nunit3testexecutor/" className="PicklesDoc.Pickles.Test.EncodingDetectorTests" name="GetEncoding_UTF16BEBOM_ReturnsUnicode" />
    </UnitTest>
    <UnitTest name="GetDialect_WithSimpleLanguage_ReturnsThatLanguage" storage="c:\users\ericcarlson\documents\github\pickles\src\pickles.test\bin\debug\net6.0\picklesdoc.pickles.test.dll" id="a97fbf30-a467-d383-085d-3cbf7f26c69d">
      <Execution id="4c0c13f0-bd19-4bf6-95e9-f335fb3c0bc8" />
      <TestMethod codeBase="C:\Users\ericcarlson\documents\github\pickles\src\Pickles.Test\bin\Debug\net6.0\PicklesDoc.Pickles.Test.dll" adapterTypeName="executor://nunit3testexecutor/" className="PicklesDoc.Pickles.Test.CultureAwareDialectProviderTests" name="GetDialect_WithSimpleLanguage_ReturnsThatLanguage" />
    </UnitTest>
    <UnitTest name="MapToScenarioOutline_ScenarioOutlineWithNullDescription_ReturnsScenarioOutlineWithEmptyDescription" storage="c:\users\ericcarlson\documents\github\pickles\src\pickles.test\bin\debug\net6.0\picklesdoc.pickles.test.dll" id="4ff43338-8721-dbba-445e-878079003ddc">
      <Execution id="5c7f8145-9858-4316-8b5a-f0daf6b3c7a5" />
      <TestMethod codeBase="C:\Users\ericcarlson\documents\github\pickles\src\Pickles.Test\bin\Debug\net6.0\PicklesDoc.Pickles.Test.dll" adapterTypeName="executor://nunit3testexecutor/" className="PicklesDoc.Pickles.Test.ObjectModel.MapperTestsForScenarioOutline" name="MapToScenarioOutline_ScenarioOutlineWithNullDescription_ReturnsScenarioOutlineWithEmptyDescription" />
    </UnitTest>
    <UnitTest name="Map_TableRowWithTestResultsWithRows_ReturnsObjectWithStrings" storage="c:\users\ericcarlson\documents\github\pickles\src\pickles.test\bin\debug\net6.0\picklesdoc.pickles.test.dll" id="cea95d72-0e0c-6c38-dd31-2635e4fc12d8">
      <Execution id="845943e3-40d5-4734-b7ce-e2669c92ec4c" />
      <TestMethod codeBase="C:\Users\ericcarlson\documents\github\pickles\src\Pickles.Test\bin\Debug\net6.0\PicklesDoc.Pickles.Test.dll" adapterTypeName="executor://nunit3testexecutor/" className="PicklesDoc.Pickles.Test.ObjectModel.Json.TableRowToJsonTableRowMapperTests" name="Map_TableRowWithTestResultsWithRows_ReturnsObjectWithStrings" />
    </UnitTest>
    <UnitTest name="MapToStringTableCell_NullTableCell_ReturnsNull" storage="c:\users\ericcarlson\documents\github\pickles\src\pickles.test\bin\debug\net6.0\picklesdoc.pickles.test.dll" id="d8574c62-7f64-edaf-9bb3-a57031c9c43d">
      <Execution id="9eb3fce0-3c96-4f19-acd3-fe8f3d7c8d68" />
      <TestMethod codeBase="C:\Users\ericcarlson\documents\github\pickles\src\Pickles.Test\bin\Debug\net6.0\PicklesDoc.Pickles.Test.dll" adapterTypeName="executor://nunit3testexecutor/" className="PicklesDoc.Pickles.Test.ObjectModel.MapperTestsForDataTable" name="MapToStringTableCell_NullTableCell_ReturnsNull" />
    </UnitTest>
    <UnitTest name="ThenCanResolveTheSelectedIDocumentationBuilder(DHtml,PicklesDoc.Pickles.DocumentationBuilders.Dhtml.DhtmlDocumentationBuilder)" storage="c:\users\ericcarlson\documents\github\pickles\src\pickles.test\bin\debug\net6.0\picklesdoc.pickles.test.dll" id="91378188-0153-6848-6e24-0c45539dcf6d">
      <Execution id="3f66b3b2-05f5-4e3b-8a58-440c8d6935d8" />
      <TestMethod codeBase="C:\Users\ericcarlson\documents\github\pickles\src\Pickles.Test\bin\Debug\net6.0\PicklesDoc.Pickles.Test.dll" adapterTypeName="executor://nunit3testexecutor/" className="PicklesDoc.Pickles.Test.WhenResolvingADocumentationBuilder" name="ThenCanResolveTheSelectedIDocumentationBuilder(DHtml,PicklesDoc.Pickles.DocumentationBuilders.Dhtml.DhtmlDocumentationBuilder)" />
    </UnitTest>
    <UnitTest name="ThenCanFormatTextAsWikiWordSuccessfully" storage="c:\users\ericcarlson\documents\github\pickles\src\pickles.test\bin\debug\net6.0\picklesdoc.pickles.test.dll" id="c2fae702-1219-a5ae-f1ea-5e55a1f23bf4">
      <Execution id="7bf92863-afad-4411-a939-274db14dcb00" />
      <TestMethod codeBase="C:\Users\ericcarlson\documents\github\pickles\src\Pickles.Test\bin\Debug\net6.0\PicklesDoc.Pickles.Test.dll" adapterTypeName="executor://nunit3testexecutor/" className="PicklesDoc.Pickles.Test.Extensions.StringExtensionsTests" name="ThenCanFormatTextAsWikiWordSuccessfully" />
    </UnitTest>
    <UnitTest name="Constructor_WithLanguageServicesRegistryThatDefaultsToDutch_SetsLangugageToDutch" storage="c:\users\ericcarlson\documents\github\pickles\src\pickles.test\bin\debug\net6.0\picklesdoc.pickles.test.dll" id="cfc02a44-6328-e237-93b8-8ccd4232e507">
      <Execution id="b0e5a405-6732-4d69-85c6-05269a391a31" />
      <TestMethod codeBase="C:\Users\ericcarlson\documents\github\pickles\src\Pickles.Test\bin\Debug\net6.0\PicklesDoc.Pickles.Test.dll" adapterTypeName="executor://nunit3testexecutor/" className="PicklesDoc.Pickles.Test.ConfigurationTests" name="Constructor_WithLanguageServicesRegistryThatDefaultsToDutch_SetsLangugageToDutch" />
    </UnitTest>
    <UnitTest name="MapToScenario_Always_MapsFeatureProperty" storage="c:\users\ericcarlson\documents\github\pickles\src\pickles.test\bin\debug\net6.0\picklesdoc.pickles.test.dll" id="c39cdb82-dd1e-353a-b6fd-bd61b49d028c">
      <Execution id="5b74d68b-0905-413b-8d1c-10d79a33aa37" />
      <TestMethod codeBase="C:\Users\ericcarlson\documents\github\pickles\src\Pickles.Test\bin\Debug\net6.0\PicklesDoc.Pickles.Test.dll" adapterTypeName="executor://nunit3testexecutor/" className="PicklesDoc.Pickles.Test.ObjectModel.Json.JsonScenarioTests" name="MapToScenario_Always_MapsFeatureProperty" />
    </UnitTest>
    <UnitTest name="Map_When_ReturnsWhen" storage="c:\users\ericcarlson\documents\github\pickles\src\pickles.test\bin\debug\net6.0\picklesdoc.pickles.test.dll" id="f1eb8b6a-9375-3801-5631-df4597432bd1">
      <Execution id="60cb396d-4851-4ffd-bdc5-530f50faa409" />
      <TestMethod codeBase="C:\Users\ericcarlson\documents\github\pickles\src\Pickles.Test\bin\Debug\net6.0\PicklesDoc.Pickles.Test.dll" adapterTypeName="executor://nunit3testexecutor/" className="PicklesDoc.Pickles.Test.ObjectModel.Json.KeywordToJsonKeywordMapperTests" name="Map_When_ReturnsWhen" />
    </UnitTest>
    <UnitTest name="MapToStep_StepWithTableArgument_ReturnStepWithTable" storage="c:\users\ericcarlson\documents\github\pickles\src\pickles.test\bin\debug\net6.0\picklesdoc.pickles.test.dll" id="77906bed-4a7d-5521-51c2-4f3d836434ba">
      <Execution id="f06fdbc3-c520-4235-bb7d-746a6311e40c" />
      <TestMethod codeBase="C:\Users\ericcarlson\documents\github\pickles\src\Pickles.Test\bin\Debug\net6.0\PicklesDoc.Pickles.Test.dll" adapterTypeName="executor://nunit3testexecutor/" className="PicklesDoc.Pickles.Test.ObjectModel.MapperTestsForStep" name="MapToStep_StepWithTableArgument_ReturnStepWithTable" />
    </UnitTest>
    <UnitTest name="ThenCanParseScenarioWithBackgroundSuccessfully" storage="c:\users\ericcarlson\documents\github\pickles\src\pickles.test\bin\debug\net6.0\picklesdoc.pickles.test.dll" id="10fcbc64-84e0-4168-f0c5-d1d525e9969f">
      <Execution id="1ff26ad2-02f7-4b86-817c-10ccb13efa23" />
      <TestMethod codeBase="C:\Users\ericcarlson\documents\github\pickles\src\Pickles.Test\bin\Debug\net6.0\PicklesDoc.Pickles.Test.dll" adapterTypeName="executor://nunit3testexecutor/" className="PicklesDoc.Pickles.Test.WhenParsingFeatureFiles" name="ThenCanParseScenarioWithBackgroundSuccessfully" />
    </UnitTest>
    <UnitTest name="LineThatStartsWithEscapedHash_Header4_ShouldRemoveEscapeSign" storage="c:\users\ericcarlson\documents\github\pickles\src\pickles.test\bin\debug\net6.0\picklesdoc.pickles.test.dll" id="fef5814c-e293-359f-3b1e-c7507dc38524">
      <Execution id="741fa31c-a5ce-4712-a773-ce2eb0451a0d" />
      <TestMethod codeBase="C:\Users\ericcarlson\documents\github\pickles\src\Pickles.Test\bin\Debug\net6.0\PicklesDoc.Pickles.Test.dll" adapterTypeName="executor://nunit3testexecutor/" className="PicklesDoc.Pickles.Test.DescriptionProcessorTests" name="LineThatStartsWithEscapedHash_Header4_ShouldRemoveEscapeSign" />
    </UnitTest>
    <UnitTest name="Constructor_ValidFileSystemInfo_SetsOriginalLocation" storage="c:\users\ericcarlson\documents\github\pickles\src\pickles.test\bin\debug\net6.0\picklesdoc.pickles.test.dll" id="54bb1776-45b9-440f-39dc-4b42c206b81f">
      <Execution id="272db6bc-893c-4bd3-a36d-82c65bf2f1af" />
      <TestMethod codeBase="C:\Users\ericcarlson\documents\github\pickles\src\Pickles.Test\bin\Debug\net6.0\PicklesDoc.Pickles.Test.dll" adapterTypeName="executor://nunit3testexecutor/" className="PicklesDoc.Pickles.Test.DirectoryCrawlers.FolderDirectoryTreeNodeTests" name="Constructor_ValidFileSystemInfo_SetsOriginalLocation" />
    </UnitTest>
    <UnitTest name="ThenCanDetectAllResourcesSuccessfully" storage="c:\users\ericcarlson\documents\github\pickles\src\pickles.test\bin\debug\net6.0\picklesdoc.pickles.test.dll" id="6d702234-c5da-512c-d19b-11f0b003c6d1">
      <Execution id="293bf427-6a96-4b38-87e7-739a1e5a791f" />
      <TestMethod codeBase="C:\Users\ericcarlson\documents\github\pickles\src\Pickles.Test\bin\Debug\net6.0\PicklesDoc.Pickles.Test.dll" adapterTypeName="executor://nunit3testexecutor/" className="PicklesDoc.Pickles.Test.WhenWorkingWithHtmlResources" name="ThenCanDetectAllResourcesSuccessfully" />
    </UnitTest>
    <UnitTest name="MapToScenarioOutline_Always_MapsFeatureProperty" storage="c:\users\ericcarlson\documents\github\pickles\src\pickles.test\bin\debug\net6.0\picklesdoc.pickles.test.dll" id="45142e11-464c-9d21-08ec-b2dc0e449acc">
      <Execution id="f4089c3f-15d4-4a47-a663-e1efe5b1078b" />
      <TestMethod codeBase="C:\Users\ericcarlson\documents\github\pickles\src\Pickles.Test\bin\Debug\net6.0\PicklesDoc.Pickles.Test.dll" adapterTypeName="executor://nunit3testexecutor/" className="PicklesDoc.Pickles.Test.ObjectModel.MapperTestsForScenarioOutline" name="MapToScenarioOutline_Always_MapsFeatureProperty" />
    </UnitTest>
    <UnitTest name="Process_OnlyLinesWithEmptySpaces_ReturnsAsManyEmptyLines" storage="c:\users\ericcarlson\documents\github\pickles\src\pickles.test\bin\debug\net6.0\picklesdoc.pickles.test.dll" id="475019ae-3d7f-95bf-6137-a7ac269ca177">
      <Execution id="4c98d5be-cbb0-46ca-bbc0-d009da533d76" />
      <TestMethod codeBase="C:\Users\ericcarlson\documents\github\pickles\src\Pickles.Test\bin\Debug\net6.0\PicklesDoc.Pickles.Test.dll" adapterTypeName="executor://nunit3testexecutor/" className="PicklesDoc.Pickles.Test.DescriptionProcessorTests" name="Process_OnlyLinesWithEmptySpaces_ReturnsAsManyEmptyLines" />
    </UnitTest>
    <UnitTest name="ItShouldContainTheSutInfoInTheJsonDocument" storage="c:\users\ericcarlson\documents\github\pickles\src\pickles.test\bin\debug\net6.0\picklesdoc.pickles.test.dll" id="2ecfc0bc-21d0-9225-7733-601491925d83">
      <Execution id="081934d9-cefb-4bbf-a25f-121bda7d9d6f" />
      <TestMethod codeBase="C:\Users\ericcarlson\documents\github\pickles\src\Pickles.Test\bin\Debug\net6.0\PicklesDoc.Pickles.Test.dll" adapterTypeName="executor://nunit3testexecutor/" className="PicklesDoc.Pickles.Test.Formatters.JSON.WhenCreatingAFeatureWithMetaInfoAndTestResultInMstestFormat" name="ItShouldContainTheSutInfoInTheJsonDocument" />
    </UnitTest>
    <UnitTest name="ThenCanParseScenariosSuccessfully" storage="c:\users\ericcarlson\documents\github\pickles\src\pickles.test\bin\debug\net6.0\picklesdoc.pickles.test.dll" id="7d4b2fb4-4f47-e69c-8783-b5d5edc4e395">
      <Execution id="ffd731d4-c4f9-44b1-89e6-5e7804ce3486" />
      <TestMethod codeBase="C:\Users\ericcarlson\documents\github\pickles\src\Pickles.Test\bin\Debug\net6.0\PicklesDoc.Pickles.Test.dll" adapterTypeName="executor://nunit3testexecutor/" className="PicklesDoc.Pickles.Test.WhenParsingFeatureFiles" name="ThenCanParseScenariosSuccessfully" />
    </UnitTest>
    <UnitTest name="Map_DutchFeature_SetsNativeKeywordToExamples" storage="c:\users\ericcarlson\documents\github\pickles\src\pickles.test\bin\debug\net6.0\picklesdoc.pickles.test.dll" id="01cf9393-974a-501b-772e-4a5b61f1c33b">
      <Execution id="d3d9c39a-f877-41bf-b815-f14813d12251" />
      <TestMethod codeBase="C:\Users\ericcarlson\documents\github\pickles\src\Pickles.Test\bin\Debug\net6.0\PicklesDoc.Pickles.Test.dll" adapterTypeName="executor://nunit3testexecutor/" className="PicklesDoc.Pickles.Test.ObjectModel.Json.ExampleToJsonExampleMapperTests" name="Map_DutchFeature_SetsNativeKeywordToExamples" />
    </UnitTest>
    <UnitTest name="Merge_MultiplePassedResults_ShouldReturnPassed" storage="c:\users\ericcarlson\documents\github\pickles\src\pickles.test\bin\debug\net6.0\picklesdoc.pickles.test.dll" id="fc601999-9e44-2983-a7fb-26c9b68b5726">
      <Execution id="766235c8-a3e6-4067-a915-eee2a288c03f" />
      <TestMethod codeBase="C:\Users\ericcarlson\documents\github\pickles\src\Pickles.Test\bin\Debug\net6.0\PicklesDoc.Pickles.Test.dll" adapterTypeName="executor://nunit3testexecutor/" className="PicklesDoc.Pickles.Test.TestResultExtensionsTests" name="Merge_MultiplePassedResults_ShouldReturnPassed" />
    </UnitTest>
    <UnitTest name="GetEncoding_NullArgument_ThrowsArgumentNullException" storage="c:\users\ericcarlson\documents\github\pickles\src\pickles.test\bin\debug\net6.0\picklesdoc.pickles.test.dll" id="69d56e98-4eff-4355-eeb5-6709592411a0">
      <Execution id="1f3c3cd7-d36f-4199-98c0-6ac053941690" />
      <TestMethod codeBase="C:\Users\ericcarlson\documents\github\pickles\src\Pickles.Test\bin\Debug\net6.0\PicklesDoc.Pickles.Test.dll" adapterTypeName="executor://nunit3testexecutor/" className="PicklesDoc.Pickles.Test.EncodingDetectorTests" name="GetEncoding_NullArgument_ThrowsArgumentNullException" />
    </UnitTest>
    <UnitTest name="ShouldIterateInRightOrder" storage="c:\users\ericcarlson\documents\github\pickles\src\pickles.test\bin\debug\net6.0\picklesdoc.pickles.test.dll" id="0537d0ef-2381-cd61-1563-2c44728b16d8">
      <Execution id="d8f12f63-ac62-4440-8080-abcbe43c6fa4" />
      <TestMethod codeBase="C:\Users\ericcarlson\documents\github\pickles\src\Pickles.Test\bin\Debug\net6.0\PicklesDoc.Pickles.Test.dll" adapterTypeName="executor://nunit3testexecutor/" className="PicklesDoc.Pickles.Test.DataStructures.TreeTests" name="ShouldIterateInRightOrder" />
    </UnitTest>
    <UnitTest name="ThenCanResolveTheSelectedIDocumentationBuilder(Markdown,PicklesDoc.Pickles.DocumentationBuilders.Markdown.MarkdownDocumentationBuilder)" storage="c:\users\ericcarlson\documents\github\pickles\src\pickles.test\bin\debug\net6.0\picklesdoc.pickles.test.dll" id="9a538a18-6713-44c0-7f91-be4011a7b21a">
      <Execution id="2f8d63c6-efd4-4e59-a817-355d351cc562" />
      <TestMethod codeBase="C:\Users\ericcarlson\documents\github\pickles\src\Pickles.Test\bin\Debug\net6.0\PicklesDoc.Pickles.Test.dll" adapterTypeName="executor://nunit3testexecutor/" className="PicklesDoc.Pickles.Test.WhenResolvingADocumentationBuilder" name="ThenCanResolveTheSelectedIDocumentationBuilder(Markdown,PicklesDoc.Pickles.DocumentationBuilders.Markdown.MarkdownDocumentationBuilder)" />
    </UnitTest>
    <UnitTest name="Map_WithAfterLastStepComments_ReturnsThoseComments" storage="c:\users\ericcarlson\documents\github\pickles\src\pickles.test\bin\debug\net6.0\picklesdoc.pickles.test.dll" id="b85c644b-8489-cbb9-6e06-ef4de46141c2">
      <Execution id="95d7d6be-21fd-4d72-b203-83186df5eecc" />
      <TestMethod codeBase="C:\Users\ericcarlson\documents\github\pickles\src\Pickles.Test\bin\Debug\net6.0\PicklesDoc.Pickles.Test.dll" adapterTypeName="executor://nunit3testexecutor/" className="PicklesDoc.Pickles.Test.ObjectModel.Json.StepToJsonStepMapperTests" name="Map_WithAfterLastStepComments_ReturnsThoseComments" />
    </UnitTest>
    <UnitTest name="Map_Failed_ReturnsExecutedTrueSuccessfulFalse" storage="c:\users\ericcarlson\documents\github\pickles\src\pickles.test\bin\debug\net6.0\picklesdoc.pickles.test.dll" id="3ca12e18-ed2b-68bd-ab21-229d493594e6">
      <Execution id="fe0678ee-89c7-46ae-8e10-147255eb07fa" />
      <TestMethod codeBase="C:\Users\ericcarlson\documents\github\pickles\src\Pickles.Test\bin\Debug\net6.0\PicklesDoc.Pickles.Test.dll" adapterTypeName="executor://nunit3testexecutor/" className="PicklesDoc.Pickles.Test.ObjectModel.Json.TestResultToJsonTestResultMapperTests" name="Map_Failed_ReturnsExecutedTrueSuccessfulFalse" />
    </UnitTest>
    <UnitTest name="IsRelevant_ValidFile_ReturnsTrue(&quot;image.jpg&quot;)" storage="c:\users\ericcarlson\documents\github\pickles\src\pickles.test\bin\debug\net6.0\picklesdoc.pickles.test.dll" id="919a0def-61d6-a630-f655-9a4c320ae4c8">
      <Execution id="993491b8-084e-456c-aad8-1242a927161e" />
      <TestMethod codeBase="C:\Users\ericcarlson\documents\github\pickles\src\Pickles.Test\bin\Debug\net6.0\PicklesDoc.Pickles.Test.dll" adapterTypeName="executor://nunit3testexecutor/" className="PicklesDoc.Pickles.Test.DirectoryCrawlers.ImageFileDetectorTests" name="IsRelevant_ValidFile_ReturnsTrue(&quot;image.jpg&quot;)" />
    </UnitTest>
    <UnitTest name="Map_TableRowWithRows_ReturnsObjectWithStrings" storage="c:\users\ericcarlson\documents\github\pickles\src\pickles.test\bin\debug\net6.0\picklesdoc.pickles.test.dll" id="58fdf393-4dc1-4654-9f01-3990fd5b5cd7">
      <Execution id="39d9fefe-91db-48ce-b7c5-86f81409aff3" />
      <TestMethod codeBase="C:\Users\ericcarlson\documents\github\pickles\src\Pickles.Test\bin\Debug\net6.0\PicklesDoc.Pickles.Test.dll" adapterTypeName="executor://nunit3testexecutor/" className="PicklesDoc.Pickles.Test.ObjectModel.Json.TableRowToJsonTableRowMapperTests" name="Map_TableRowWithRows_ReturnsObjectWithStrings" />
    </UnitTest>
    <UnitTest name="Then_can_parse_and_ignore_with_with_tag_without_sensitivity" storage="c:\users\ericcarlson\documents\github\pickles\src\pickles.test\bin\debug\net6.0\picklesdoc.pickles.test.dll" id="2ab3b04b-4f0b-0b76-e6e9-98c397a4b936">
      <Execution id="f76a6ad3-e993-4d82-a4ef-c55a7aea525a" />
      <TestMethod codeBase="C:\Users\ericcarlson\documents\github\pickles\src\Pickles.Test\bin\Debug\net6.0\PicklesDoc.Pickles.Test.dll" adapterTypeName="executor://nunit3testexecutor/" className="PicklesDoc.Pickles.Test.WhenParsingFeatureFiles" name="Then_can_parse_and_ignore_with_with_tag_without_sensitivity" />
    </UnitTest>
    <UnitTest name="Map_TableRowWithResult_ReturnsObjectWithResult" storage="c:\users\ericcarlson\documents\github\pickles\src\pickles.test\bin\debug\net6.0\picklesdoc.pickles.test.dll" id="1c868ec4-ae6a-9888-5fc7-0dc13520ac66">
      <Execution id="6894edec-0a87-4c12-9e7c-6d527e50f050" />
      <TestMethod codeBase="C:\Users\ericcarlson\documents\github\pickles\src\Pickles.Test\bin\Debug\net6.0\PicklesDoc.Pickles.Test.dll" adapterTypeName="executor://nunit3testexecutor/" className="PicklesDoc.Pickles.Test.ObjectModel.Json.TableRowToJsonTableRowMapperTests" name="Map_TableRowWithResult_ReturnsObjectWithResult" />
    </UnitTest>
    <UnitTest name="MapToTable_NullDataTable_ReturnsNullTable" storage="c:\users\ericcarlson\documents\github\pickles\src\pickles.test\bin\debug\net6.0\picklesdoc.pickles.test.dll" id="ce6a2b6c-c75a-0ab1-82b9-24f5e794be59">
      <Execution id="63913474-9293-4371-9f3e-601ca89024ee" />
      <TestMethod codeBase="C:\Users\ericcarlson\documents\github\pickles\src\Pickles.Test\bin\Debug\net6.0\PicklesDoc.Pickles.Test.dll" adapterTypeName="executor://nunit3testexecutor/" className="PicklesDoc.Pickles.Test.ObjectModel.MapperTestsForDataTable" name="MapToTable_NullDataTable_ReturnsNullTable" />
    </UnitTest>
    <UnitTest name="Specification_Scenario3" storage="c:\users\ericcarlson\documents\github\pickles\src\pickles.test\bin\debug\net6.0\picklesdoc.pickles.test.dll" id="07a9d1df-9555-65c3-26a0-2bcdd39868c6">
      <Execution id="11e31fc8-210a-4585-9de9-f1ad7e59b99f" />
      <TestMethod codeBase="C:\Users\ericcarlson\documents\github\pickles\src\Pickles.Test\bin\Debug\net6.0\PicklesDoc.Pickles.Test.dll" adapterTypeName="executor://nunit3testexecutor/" className="PicklesDoc.Pickles.Test.DescriptionProcessorTests" name="Specification_Scenario3" />
    </UnitTest>
    <UnitTest name="MapToFeature_NullFeature_ReturnsNull" storage="c:\users\ericcarlson\documents\github\pickles\src\pickles.test\bin\debug\net6.0\picklesdoc.pickles.test.dll" id="4a3558be-633c-b5e1-e65c-31f677abdb6a">
      <Execution id="41ed1522-6d30-4f44-9513-73199125e793" />
      <TestMethod codeBase="C:\Users\ericcarlson\documents\github\pickles\src\Pickles.Test\bin\Debug\net6.0\PicklesDoc.Pickles.Test.dll" adapterTypeName="executor://nunit3testexecutor/" className="PicklesDoc.Pickles.Test.ObjectModel.MapperTestsForFeature" name="MapToFeature_NullFeature_ReturnsNull" />
    </UnitTest>
    <UnitTest name="Map_WithName_ReturnsName" storage="c:\users\ericcarlson\documents\github\pickles\src\pickles.test\bin\debug\net6.0\picklesdoc.pickles.test.dll" id="ecfa8010-b0ed-0c28-6fc0-090d48a06e33">
      <Execution id="689bbcc3-c501-4180-b1f9-774989214b15" />
      <TestMethod codeBase="C:\Users\ericcarlson\documents\github\pickles\src\Pickles.Test\bin\Debug\net6.0\PicklesDoc.Pickles.Test.dll" adapterTypeName="executor://nunit3testexecutor/" className="PicklesDoc.Pickles.Test.ObjectModel.Json.StepToJsonStepMapperTests" name="Map_WithName_ReturnsName" />
    </UnitTest>
    <UnitTest name="ItShouldIndicateWasSuccessfulIsTrueForTheOtherSuccessFeature" storage="c:\users\ericcarlson\documents\github\pickles\src\pickles.test\bin\debug\net6.0\picklesdoc.pickles.test.dll" id="f8a55f69-4bb6-f4ce-d8cb-672a9c4c9f03">
      <Execution id="47aa610a-5830-4e47-8f37-e6648ad34148" />
      <TestMethod codeBase="C:\Users\ericcarlson\documents\github\pickles\src\Pickles.Test\bin\Debug\net6.0\PicklesDoc.Pickles.Test.dll" adapterTypeName="executor://nunit3testexecutor/" className="PicklesDoc.Pickles.Test.Formatters.JSON.WhenCreatingAFeatureWithMetaInfoAndTestResultInMstestFormat" name="ItShouldIndicateWasSuccessfulIsTrueForTheOtherSuccessFeature" />
    </UnitTest>
    <UnitTest name="ThenCanParseFeatureWithMultipleScenariosSuccessfully" storage="c:\users\ericcarlson\documents\github\pickles\src\pickles.test\bin\debug\net6.0\picklesdoc.pickles.test.dll" id="bc057af5-36ed-77fb-c2b2-4b62175a9d61">
      <Execution id="49dedc8d-6215-4842-821e-c6d7fee63f9f" />
      <TestMethod codeBase="C:\Users\ericcarlson\documents\github\pickles\src\Pickles.Test\bin\Debug\net6.0\PicklesDoc.Pickles.Test.dll" adapterTypeName="executor://nunit3testexecutor/" className="PicklesDoc.Pickles.Test.WhenParsingFeatureFiles" name="ThenCanParseFeatureWithMultipleScenariosSuccessfully" />
    </UnitTest>
    <UnitTest name="Parse_InvalidFeatureContent_ThrowsFeatureParseException" storage="c:\users\ericcarlson\documents\github\pickles\src\pickles.test\bin\debug\net6.0\picklesdoc.pickles.test.dll" id="a4fe69d7-576a-c1e6-1303-8a61499629eb">
      <Execution id="fd131723-e61c-4f09-b238-2a0a2b81f59f" />
      <TestMethod codeBase="C:\Users\ericcarlson\documents\github\pickles\src\Pickles.Test\bin\Debug\net6.0\PicklesDoc.Pickles.Test.dll" adapterTypeName="executor://nunit3testexecutor/" className="PicklesDoc.Pickles.Test.FeatureParserTests" name="Parse_InvalidFeatureContent_ThrowsFeatureParseException" />
    </UnitTest>
    <UnitTest name="ToFileUriCombined_ValidIntput_ValidOutput" storage="c:\users\ericcarlson\documents\github\pickles\src\pickles.test\bin\debug\net6.0\picklesdoc.pickles.test.dll" id="22e52513-2df6-8c27-3e3b-511650413f71">
      <Execution id="b3169312-96b4-4072-b737-294acf63264a" />
      <TestMethod codeBase="C:\Users\ericcarlson\documents\github\pickles\src\Pickles.Test\bin\Debug\net6.0\PicklesDoc.Pickles.Test.dll" adapterTypeName="executor://nunit3testexecutor/" className="PicklesDoc.Pickles.Test.Extensions.UriExtensionsTests" name="ToFileUriCombined_ValidIntput_ValidOutput" />
    </UnitTest>
    <UnitTest name="MapToStringDocString_NullArgument_ReturnsNull" storage="c:\users\ericcarlson\documents\github\pickles\src\pickles.test\bin\debug\net6.0\picklesdoc.pickles.test.dll" id="bfdbb567-bae3-a47b-dea2-4065a10042f7">
      <Execution id="4a1e90cf-b304-472e-8d9d-b43c777dcc7b" />
      <TestMethod codeBase="C:\Users\ericcarlson\documents\github\pickles\src\Pickles.Test\bin\Debug\net6.0\PicklesDoc.Pickles.Test.dll" adapterTypeName="executor://nunit3testexecutor/" className="PicklesDoc.Pickles.Test.ObjectModel.MapperTestsForDocString" name="MapToStringDocString_NullArgument_ReturnsNull" />
    </UnitTest>
    <UnitTest name="ThenCanFormatTextWithAcronymAndNumberAsWikiWordSuccessfully" storage="c:\users\ericcarlson\documents\github\pickles\src\pickles.test\bin\debug\net6.0\picklesdoc.pickles.test.dll" id="7bb5e631-9147-0063-5795-e8fe0b38a046">
      <Execution id="09123331-69ab-456e-9e4c-ba318675cbae" />
      <TestMethod codeBase="C:\Users\ericcarlson\documents\github\pickles\src\Pickles.Test\bin\Debug\net6.0\PicklesDoc.Pickles.Test.dll" adapterTypeName="executor://nunit3testexecutor/" className="PicklesDoc.Pickles.Test.Extensions.StringExtensionsTests" name="ThenCanFormatTextWithAcronymAndNumberAsWikiWordSuccessfully" />
    </UnitTest>
    <UnitTest name="Map_TableWithNullDataRow_ReturnsJsonTableWithEmptyDataRows" storage="c:\users\ericcarlson\documents\github\pickles\src\pickles.test\bin\debug\net6.0\picklesdoc.pickles.test.dll" id="7dfff11c-46c3-c506-4197-5a652064eb50">
      <Execution id="6f6295ba-a5a4-4d8c-8e38-e65c4dfa5e0e" />
      <TestMethod codeBase="C:\Users\ericcarlson\documents\github\pickles\src\Pickles.Test\bin\Debug\net6.0\PicklesDoc.Pickles.Test.dll" adapterTypeName="executor://nunit3testexecutor/" className="PicklesDoc.Pickles.Test.ObjectModel.Json.TableToJsonTableMapperTests" name="Map_TableWithNullDataRow_ReturnsJsonTableWithEmptyDataRows" />
    </UnitTest>
    <UnitTest name="MapToLocation_RegularLocation_ReturnsLocation" storage="c:\users\ericcarlson\documents\github\pickles\src\pickles.test\bin\debug\net6.0\picklesdoc.pickles.test.dll" id="e9d634e6-2f2a-133f-399f-5277298a79de">
      <Execution id="166da063-c60f-4aa3-a638-ed75e414cdc4" />
      <TestMethod codeBase="C:\Users\ericcarlson\documents\github\pickles\src\Pickles.Test\bin\Debug\net6.0\PicklesDoc.Pickles.Test.dll" adapterTypeName="executor://nunit3testexecutor/" className="PicklesDoc.Pickles.Test.ObjectModel.MapperTestsForLocation" name="MapToLocation_RegularLocation_ReturnsLocation" />
    </UnitTest>
    <UnitTest name="Process_NullInput_ReturnsEmptyString" storage="c:\users\ericcarlson\documents\github\pickles\src\pickles.test\bin\debug\net6.0\picklesdoc.pickles.test.dll" id="e1aea241-43f3-513e-2ce9-d6146ae98a5b">
      <Execution id="778bd32c-72b5-49af-b272-6be6e17ad601" />
      <TestMethod codeBase="C:\Users\ericcarlson\documents\github\pickles\src\Pickles.Test\bin\Debug\net6.0\PicklesDoc.Pickles.Test.dll" adapterTypeName="executor://nunit3testexecutor/" className="PicklesDoc.Pickles.Test.DescriptionProcessorTests" name="Process_NullInput_ReturnsEmptyString" />
    </UnitTest>
    <UnitTest name="Map_TableWithDataRows_ReturnsJsonTableWithDataRows" storage="c:\users\ericcarlson\documents\github\pickles\src\pickles.test\bin\debug\net6.0\picklesdoc.pickles.test.dll" id="2ff69b2c-15f7-7252-063e-2d4877f45ec0">
      <Execution id="0342f2cd-1c9e-41e0-99ec-e5c86fa6759d" />
      <TestMethod codeBase="C:\Users\ericcarlson\documents\github\pickles\src\Pickles.Test\bin\Debug\net6.0\PicklesDoc.Pickles.Test.dll" adapterTypeName="executor://nunit3testexecutor/" className="PicklesDoc.Pickles.Test.ObjectModel.Json.TableToJsonTableMapperTests" name="Map_TableWithDataRows_ReturnsJsonTableWithDataRows" />
    </UnitTest>
    <UnitTest name="GetLanguageServicesForLanguage_WithNullLanguage_ReturnsLanguageServicesForEnglish" storage="c:\users\ericcarlson\documents\github\pickles\src\pickles.test\bin\debug\net6.0\picklesdoc.pickles.test.dll" id="2497e506-3dc8-5ae6-a611-63bce47ee455">
      <Execution id="16aca807-fdc4-494e-86b5-4391b89233d5" />
      <TestMethod codeBase="C:\Users\ericcarlson\documents\github\pickles\src\Pickles.Test\bin\Debug\net6.0\PicklesDoc.Pickles.Test.dll" adapterTypeName="executor://nunit3testexecutor/" className="PicklesDoc.Pickles.Test.LanguageServicesRegistryTests" name="GetLanguageServicesForLanguage_WithNullLanguage_ReturnsLanguageServicesForEnglish" />
    </UnitTest>
    <UnitTest name="MapToStep_StepWithoutArgument_ReturnStep" storage="c:\users\ericcarlson\documents\github\pickles\src\pickles.test\bin\debug\net6.0\picklesdoc.pickles.test.dll" id="42016bf3-754c-eff4-cfc4-18801838538f">
      <Execution id="7b7a530f-88cf-4672-9f4e-5eaac6dfefb5" />
      <TestMethod codeBase="C:\Users\ericcarlson\documents\github\pickles\src\Pickles.Test\bin\Debug\net6.0\PicklesDoc.Pickles.Test.dll" adapterTypeName="executor://nunit3testexecutor/" className="PicklesDoc.Pickles.Test.ObjectModel.MapperTestsForStep" name="MapToStep_StepWithoutArgument_ReturnStep" />
    </UnitTest>
    <UnitTest name="MapToKeyword_AndInSwedish_ReturnsAnd" storage="c:\users\ericcarlson\documents\github\pickles\src\pickles.test\bin\debug\net6.0\picklesdoc.pickles.test.dll" id="f1ed17de-9249-363e-707b-4aac0d4a7566">
      <Execution id="222ac6e0-baee-4a2f-9534-1d1cf1a35e54" />
      <TestMethod codeBase="C:\Users\ericcarlson\documents\github\pickles\src\Pickles.Test\bin\Debug\net6.0\PicklesDoc.Pickles.Test.dll" adapterTypeName="executor://nunit3testexecutor/" className="PicklesDoc.Pickles.Test.ObjectModel.MappingTestsForKeyword" name="MapToKeyword_AndInSwedish_ReturnsAnd" />
    </UnitTest>
    <UnitTest name="MapToStringTag_NullTag_ReturnsNull" storage="c:\users\ericcarlson\documents\github\pickles\src\pickles.test\bin\debug\net6.0\picklesdoc.pickles.test.dll" id="98e469bb-9f52-5e59-ff5e-c657d094c2bb">
      <Execution id="2ca101f8-83be-4888-80e9-8d0a2a02eab4" />
      <TestMethod codeBase="C:\Users\ericcarlson\documents\github\pickles\src\Pickles.Test\bin\Debug\net6.0\PicklesDoc.Pickles.Test.dll" adapterTypeName="executor://nunit3testexecutor/" className="PicklesDoc.Pickles.Test.ObjectModel.MapperTestsForTag" name="MapToStringTag_NullTag_ReturnsNull" />
    </UnitTest>
    <UnitTest name="GetRelativeUriTo_FileToFile_ReturnsNodesFileName" storage="c:\users\ericcarlson\documents\github\pickles\src\pickles.test\bin\debug\net6.0\picklesdoc.pickles.test.dll" id="22b55a68-c311-5ac6-5932-e95e99f46701">
      <Execution id="9078041f-f6f6-4bf7-9f09-0984037c6b24" />
      <TestMethod codeBase="C:\Users\ericcarlson\documents\github\pickles\src\Pickles.Test\bin\Debug\net6.0\PicklesDoc.Pickles.Test.dll" adapterTypeName="executor://nunit3testexecutor/" className="PicklesDoc.Pickles.Test.DirectoryCrawlers.FolderDirectoryTreeNodeTests" name="GetRelativeUriTo_FileToFile_ReturnsNodesFileName" />
    </UnitTest>
    <UnitTest name="Map_FeatureWithBogusFeatureElement_ShouldThrowArgumentException" storage="c:\users\ericcarlson\documents\github\pickles\src\pickles.test\bin\debug\net6.0\picklesdoc.pickles.test.dll" id="ba5db6d3-9616-c3db-94c8-bbae1d87d95f">
      <Execution id="392f96e0-e4fe-425a-958b-034ae2f18afa" />
      <TestMethod codeBase="C:\Users\ericcarlson\documents\github\pickles\src\Pickles.Test\bin\Debug\net6.0\PicklesDoc.Pickles.Test.dll" adapterTypeName="executor://nunit3testexecutor/" className="PicklesDoc.Pickles.Test.ObjectModel.Json.FeatureToJsonFeatureMapperTests" name="Map_FeatureWithBogusFeatureElement_ShouldThrowArgumentException" />
    </UnitTest>
    <UnitTest name="MapToStep_StepWithLocation_ReturnStepWithLocation" storage="c:\users\ericcarlson\documents\github\pickles\src\pickles.test\bin\debug\net6.0\picklesdoc.pickles.test.dll" id="8886bee6-e2cf-0623-d741-e916013e519a">
      <Execution id="7ab459fc-b1d0-42cf-a974-49350571d7f0" />
      <TestMethod codeBase="C:\Users\ericcarlson\documents\github\pickles\src\Pickles.Test\bin\Debug\net6.0\PicklesDoc.Pickles.Test.dll" adapterTypeName="executor://nunit3testexecutor/" className="PicklesDoc.Pickles.Test.ObjectModel.MapperTestsForStep" name="MapToStep_StepWithLocation_ReturnStepWithLocation" />
    </UnitTest>
    <UnitTest name="ToFolderUriString_WithTrailingSlash_ValidOutput" storage="c:\users\ericcarlson\documents\github\pickles\src\pickles.test\bin\debug\net6.0\picklesdoc.pickles.test.dll" id="40f30388-f8c4-beae-03f2-092496540fd0">
      <Execution id="463b7691-12d9-4c4c-843f-821d0ef99c56" />
      <TestMethod codeBase="C:\Users\ericcarlson\documents\github\pickles\src\Pickles.Test\bin\Debug\net6.0\PicklesDoc.Pickles.Test.dll" adapterTypeName="executor://nunit3testexecutor/" className="PicklesDoc.Pickles.Test.Extensions.UriExtensionsTests" name="ToFolderUriString_WithTrailingSlash_ValidOutput" />
    </UnitTest>
    <UnitTest name="Map_WithTags_ReturnsTags" storage="c:\users\ericcarlson\documents\github\pickles\src\pickles.test\bin\debug\net6.0\picklesdoc.pickles.test.dll" id="ef1fded0-9368-0b89-add4-288e25a22d19">
      <Execution id="cda6f3c3-8353-44ed-b86b-d317342dd9c9" />
      <TestMethod codeBase="C:\Users\ericcarlson\documents\github\pickles\src\Pickles.Test\bin\Debug\net6.0\PicklesDoc.Pickles.Test.dll" adapterTypeName="executor://nunit3testexecutor/" className="PicklesDoc.Pickles.Test.ObjectModel.Json.FeatureToJsonFeatureMapperTests" name="Map_WithTags_ReturnsTags" />
    </UnitTest>
    <UnitTest name="GetEncoding_UTF32BOM_ReturnsUnicode" storage="c:\users\ericcarlson\documents\github\pickles\src\pickles.test\bin\debug\net6.0\picklesdoc.pickles.test.dll" id="3a3ca858-e141-d107-a546-9b5950e81a79">
      <Execution id="94d94e74-d0d4-41b9-8695-f5fafea64c6b" />
      <TestMethod codeBase="C:\Users\ericcarlson\documents\github\pickles\src\Pickles.Test\bin\Debug\net6.0\PicklesDoc.Pickles.Test.dll" adapterTypeName="executor://nunit3testexecutor/" className="PicklesDoc.Pickles.Test.EncodingDetectorTests" name="GetEncoding_UTF32BOM_ReturnsUnicode" />
    </UnitTest>
    <UnitTest name="MapToComment_RegularComment_ReturnsComment" storage="c:\users\ericcarlson\documents\github\pickles\src\pickles.test\bin\debug\net6.0\picklesdoc.pickles.test.dll" id="285bb885-df8b-e1fa-0501-85b2d2ed57d2">
      <Execution id="a73c87fa-7417-4249-a204-aa0aff03cb94" />
      <TestMethod codeBase="C:\Users\ericcarlson\documents\github\pickles\src\Pickles.Test\bin\Debug\net6.0\PicklesDoc.Pickles.Test.dll" adapterTypeName="executor://nunit3testexecutor/" className="PicklesDoc.Pickles.Test.ObjectModel.MapperTestsForComment" name="MapToComment_RegularComment_ReturnsComment" />
    </UnitTest>
    <UnitTest name="Map_WithoutBackground_ReturnsNullBackground" storage="c:\users\ericcarlson\documents\github\pickles\src\pickles.test\bin\debug\net6.0\picklesdoc.pickles.test.dll" id="d47a0e94-b401-7304-363c-d66f5512b23c">
      <Execution id="03b34d27-5993-492b-80b1-987b8a95255c" />
      <TestMethod codeBase="C:\Users\ericcarlson\documents\github\pickles\src\Pickles.Test\bin\Debug\net6.0\PicklesDoc.Pickles.Test.dll" adapterTypeName="executor://nunit3testexecutor/" className="PicklesDoc.Pickles.Test.ObjectModel.Json.FeatureToJsonFeatureMapperTests" name="Map_WithoutBackground_ReturnsNullBackground" />
    </UnitTest>
    <UnitTest name="Iterator_NodeWithNullName_ShouldNotThrowException" storage="c:\users\ericcarlson\documents\github\pickles\src\pickles.test\bin\debug\net6.0\picklesdoc.pickles.test.dll" id="5722e0ae-ca74-4e51-7bf5-080a8bfd63bc">
      <Execution id="c9eee48a-64e7-4492-aaf3-11c9b9495711" />
      <TestMethod codeBase="C:\Users\ericcarlson\documents\github\pickles\src\Pickles.Test\bin\Debug\net6.0\PicklesDoc.Pickles.Test.dll" adapterTypeName="executor://nunit3testexecutor/" className="PicklesDoc.Pickles.Test.DataStructures.TreeTests" name="Iterator_NodeWithNullName_ShouldNotThrowException" />
    </UnitTest>
    <UnitTest name="ThenCanResolveTheSelectedIDocumentationBuilder(Json,PicklesDoc.Pickles.DocumentationBuilders.Json.JsonDocumentationBuilder)" storage="c:\users\ericcarlson\documents\github\pickles\src\pickles.test\bin\debug\net6.0\picklesdoc.pickles.test.dll" id="e8565e90-2492-6ea1-7c7e-a2f7e9a1f360">
      <Execution id="f4cf1d94-7bec-42e5-95f7-09355d76654b" />
      <TestMethod codeBase="C:\Users\ericcarlson\documents\github\pickles\src\Pickles.Test\bin\Debug\net6.0\PicklesDoc.Pickles.Test.dll" adapterTypeName="executor://nunit3testexecutor/" className="PicklesDoc.Pickles.Test.WhenResolvingADocumentationBuilder" name="ThenCanResolveTheSelectedIDocumentationBuilder(Json,PicklesDoc.Pickles.DocumentationBuilders.Json.JsonDocumentationBuilder)" />
    </UnitTest>
    <UnitTest name="ItShouldIndicateWasSuccessfulIsFalseForAnotherFailingScenario" storage="c:\users\ericcarlson\documents\github\pickles\src\pickles.test\bin\debug\net6.0\picklesdoc.pickles.test.dll" id="4320c348-afea-ab45-3dd4-efc1eb3772fe">
      <Execution id="94e5ec47-0431-4cef-9d4c-fe7370109ab2" />
      <TestMethod codeBase="C:\Users\ericcarlson\documents\github\pickles\src\Pickles.Test\bin\Debug\net6.0\PicklesDoc.Pickles.Test.dll" adapterTypeName="executor://nunit3testexecutor/" className="PicklesDoc.Pickles.Test.Formatters.JSON.WhenCreatingAFeatureWithMetaInfoAndTestResultInMstestFormat" name="ItShouldIndicateWasSuccessfulIsFalseForAnotherFailingScenario" />
    </UnitTest>
    <UnitTest name="ThenSavesCssFilesToCorrectLocation" storage="c:\users\ericcarlson\documents\github\pickles\src\pickles.test\bin\debug\net6.0\picklesdoc.pickles.test.dll" id="b566615a-6a0e-ff7f-fdc9-66bffe7a7647">
      <Execution id="4a9111bb-0145-4a07-9f5f-1d3eaf7a18a3" />
      <TestMethod codeBase="C:\Users\ericcarlson\documents\github\pickles\src\Pickles.Test\bin\Debug\net6.0\PicklesDoc.Pickles.Test.dll" adapterTypeName="executor://nunit3testexecutor/" className="PicklesDoc.Pickles.Test.WhenWorkingWithHtmlResources" name="ThenSavesCssFilesToCorrectLocation" />
    </UnitTest>
    <UnitTest name="Map_WithoutAfterLastStepComments_ReturnsEmptyList" storage="c:\users\ericcarlson\documents\github\pickles\src\pickles.test\bin\debug\net6.0\picklesdoc.pickles.test.dll" id="5a022529-d884-a7d6-8c9f-86c67564ce23">
      <Execution id="6ceef729-0caf-4ba8-8579-41d988239e6f" />
      <TestMethod codeBase="C:\Users\ericcarlson\documents\github\pickles\src\Pickles.Test\bin\Debug\net6.0\PicklesDoc.Pickles.Test.dll" adapterTypeName="executor://nunit3testexecutor/" className="PicklesDoc.Pickles.Test.ObjectModel.Json.StepToJsonStepMapperTests" name="Map_WithoutAfterLastStepComments_ReturnsEmptyList" />
    </UnitTest>
    <UnitTest name="Map_NoExamples_ReturnsEmptyListOfExamples" storage="c:\users\ericcarlson\documents\github\pickles\src\pickles.test\bin\debug\net6.0\picklesdoc.pickles.test.dll" id="8de2a033-b676-2f53-2f59-0733a195f808">
      <Execution id="55ea1fcb-f1cd-467f-bc75-ac941cfa23c9" />
      <TestMethod codeBase="C:\Users\ericcarlson\documents\github\pickles\src\Pickles.Test\bin\Debug\net6.0\PicklesDoc.Pickles.Test.dll" adapterTypeName="executor://nunit3testexecutor/" className="PicklesDoc.Pickles.Test.ObjectModel.Json.ScenarioToJsonScenarioMapperTests" name="Map_NoExamples_ReturnsEmptyListOfExamples" />
    </UnitTest>
    <UnitTest name="Then_can_parse_and_ignore_feature_with_tag_in_configuration_ignore_tag" storage="c:\users\ericcarlson\documents\github\pickles\src\pickles.test\bin\debug\net6.0\picklesdoc.pickles.test.dll" id="1ae221e2-cbc4-5083-5871-886c8bde94bb">
      <Execution id="eab0c3b3-ef67-4915-9eb7-b46e272f52a6" />
      <TestMethod codeBase="C:\Users\ericcarlson\documents\github\pickles\src\Pickles.Test\bin\Debug\net6.0\PicklesDoc.Pickles.Test.dll" adapterTypeName="executor://nunit3testexecutor/" className="PicklesDoc.Pickles.Test.WhenParsingFeatureFiles" name="Then_can_parse_and_ignore_feature_with_tag_in_configuration_ignore_tag" />
    </UnitTest>
    <UnitTest name="GetEncoding_UTF16LEBOM_ReturnsUnicode" storage="c:\users\ericcarlson\documents\github\pickles\src\pickles.test\bin\debug\net6.0\picklesdoc.pickles.test.dll" id="81b5dd08-2dc8-a3e0-2f51-9318fd82024c">
      <Execution id="3088cd4d-1eb5-4005-88cb-ae5b8a514bd7" />
      <TestMethod codeBase="C:\Users\ericcarlson\documents\github\pickles\src\Pickles.Test\bin\Debug\net6.0\PicklesDoc.Pickles.Test.dll" adapterTypeName="executor://nunit3testexecutor/" className="PicklesDoc.Pickles.Test.EncodingDetectorTests" name="GetEncoding_UTF16LEBOM_ReturnsUnicode" />
    </UnitTest>
    <UnitTest name="Map_WithDescription_ReturnsSlug" storage="c:\users\ericcarlson\documents\github\pickles\src\pickles.test\bin\debug\net6.0\picklesdoc.pickles.test.dll" id="89911fa4-1c14-ab49-c42c-931bebac33c7">
      <Execution id="e0a517c8-ac16-4076-aa6f-d5b59413ed23" />
      <TestMethod codeBase="C:\Users\ericcarlson\documents\github\pickles\src\Pickles.Test\bin\Debug\net6.0\PicklesDoc.Pickles.Test.dll" adapterTypeName="executor://nunit3testexecutor/" className="PicklesDoc.Pickles.Test.ObjectModel.Json.ScenarioToJsonScenarioMapperTests" name="Map_WithDescription_ReturnsSlug" />
    </UnitTest>
    <UnitTest name="Map_AnExample_ReturnsAJsonExample" storage="c:\users\ericcarlson\documents\github\pickles\src\pickles.test\bin\debug\net6.0\picklesdoc.pickles.test.dll" id="684a3b2a-9d14-8186-77c4-3617426330bc">
      <Execution id="7e456b0f-c1c8-406b-9ecf-9f6d16b573b0" />
      <TestMethod codeBase="C:\Users\ericcarlson\documents\github\pickles\src\Pickles.Test\bin\Debug\net6.0\PicklesDoc.Pickles.Test.dll" adapterTypeName="executor://nunit3testexecutor/" className="PicklesDoc.Pickles.Test.ObjectModel.Json.ExampleToJsonExampleMapperTests" name="Map_AnExample_ReturnsAJsonExample" />
    </UnitTest>
    <UnitTest name="Map_ExampleTableWithDataRows_ReturnsJsonTableWithDataRows" storage="c:\users\ericcarlson\documents\github\pickles\src\pickles.test\bin\debug\net6.0\picklesdoc.pickles.test.dll" id="3019d3c2-0c54-5274-c78e-81740248b858">
      <Execution id="b60156a1-4b41-462a-94cc-63b4277347e7" />
      <TestMethod codeBase="C:\Users\ericcarlson\documents\github\pickles\src\Pickles.Test\bin\Debug\net6.0\PicklesDoc.Pickles.Test.dll" adapterTypeName="executor://nunit3testexecutor/" className="PicklesDoc.Pickles.Test.ObjectModel.Json.TableToJsonTableMapperTests" name="Map_ExampleTableWithDataRows_ReturnsJsonTableWithDataRows" />
    </UnitTest>
    <UnitTest name="ThenCanFormatTextWithLongNumbersAsWikiWordSuccessfully" storage="c:\users\ericcarlson\documents\github\pickles\src\pickles.test\bin\debug\net6.0\picklesdoc.pickles.test.dll" id="aef537d8-2872-7fbb-f05d-3fcdf7a673b8">
      <Execution id="2be8b28f-7a3c-40f0-9eb4-0084f8d6d5ad" />
      <TestMethod codeBase="C:\Users\ericcarlson\documents\github\pickles\src\Pickles.Test\bin\Debug\net6.0\PicklesDoc.Pickles.Test.dll" adapterTypeName="executor://nunit3testexecutor/" className="PicklesDoc.Pickles.Test.Extensions.StringExtensionsTests" name="ThenCanFormatTextWithLongNumbersAsWikiWordSuccessfully" />
    </UnitTest>
    <UnitTest name="Map_Passed_ReturnsExecutedTrueSuccessfulTrue" storage="c:\users\ericcarlson\documents\github\pickles\src\pickles.test\bin\debug\net6.0\picklesdoc.pickles.test.dll" id="8a496478-cb58-07dc-ff9e-8b8291b01ce1">
      <Execution id="5ce5f620-9ba1-46cf-ade4-3b7ab986ac1f" />
      <TestMethod codeBase="C:\Users\ericcarlson\documents\github\pickles\src\Pickles.Test\bin\Debug\net6.0\PicklesDoc.Pickles.Test.dll" adapterTypeName="executor://nunit3testexecutor/" className="PicklesDoc.Pickles.Test.ObjectModel.Json.TestResultToJsonTestResultMapperTests" name="Map_Passed_ReturnsExecutedTrueSuccessfulTrue" />
    </UnitTest>
    <UnitTest name="Map_WithResult_ReturnsJsonTestResult" storage="c:\users\ericcarlson\documents\github\pickles\src\pickles.test\bin\debug\net6.0\picklesdoc.pickles.test.dll" id="bc86b314-5fe6-6bdd-9f3a-a18c69ce6d0f">
      <Execution id="5e39207e-0394-4fbd-9db4-3945f64bf0dc" />
      <TestMethod codeBase="C:\Users\ericcarlson\documents\github\pickles\src\Pickles.Test\bin\Debug\net6.0\PicklesDoc.Pickles.Test.dll" adapterTypeName="executor://nunit3testexecutor/" className="PicklesDoc.Pickles.Test.ObjectModel.Json.FeatureToJsonFeatureMapperTests" name="Map_WithResult_ReturnsJsonTestResult" />
    </UnitTest>
    <UnitTest name="MapToKeyword_GivenInSwedish_ReturnsGiven" storage="c:\users\ericcarlson\documents\github\pickles\src\pickles.test\bin\debug\net6.0\picklesdoc.pickles.test.dll" id="53961c9e-5b44-6e8d-e692-db730794cc8f">
      <Execution id="bd752cd8-ac23-448d-a1f0-7e86cd87d893" />
      <TestMethod codeBase="C:\Users\ericcarlson\documents\github\pickles\src\Pickles.Test\bin\Debug\net6.0\PicklesDoc.Pickles.Test.dll" adapterTypeName="executor://nunit3testexecutor/" className="PicklesDoc.Pickles.Test.ObjectModel.MappingTestsForKeyword" name="MapToKeyword_GivenInSwedish_ReturnsGiven" />
    </UnitTest>
    <UnitTest name="Map_WithNativeKeyword_ReturnsNativeKeyword" storage="c:\users\ericcarlson\documents\github\pickles\src\pickles.test\bin\debug\net6.0\picklesdoc.pickles.test.dll" id="2e5eb7c4-d75d-9cf6-4222-f8f1c9ac626a">
      <Execution id="c3892504-b5f4-49f8-bf3c-12e33793cb00" />
      <TestMethod codeBase="C:\Users\ericcarlson\documents\github\pickles\src\Pickles.Test\bin\Debug\net6.0\PicklesDoc.Pickles.Test.dll" adapterTypeName="executor://nunit3testexecutor/" className="PicklesDoc.Pickles.Test.ObjectModel.Json.StepToJsonStepMapperTests" name="Map_WithNativeKeyword_ReturnsNativeKeyword" />
    </UnitTest>
    <UnitTest name="GetRelativeUriTo_DirectoryToFileBelow_ReturnsCurrentDirectory" storage="c:\users\ericcarlson\documents\github\pickles\src\pickles.test\bin\debug\net6.0\picklesdoc.pickles.test.dll" id="023432c7-067d-a2df-fa8e-8d2b0c485356">
      <Execution id="31c1d868-8b0a-4039-aa15-bc4cff6f48b7" />
      <TestMethod codeBase="C:\Users\ericcarlson\documents\github\pickles\src\Pickles.Test\bin\Debug\net6.0\PicklesDoc.Pickles.Test.dll" adapterTypeName="executor://nunit3testexecutor/" className="PicklesDoc.Pickles.Test.DirectoryCrawlers.FolderDirectoryTreeNodeTests" name="GetRelativeUriTo_DirectoryToFileBelow_ReturnsCurrentDirectory" />
    </UnitTest>
    <UnitTest name="MapToExample_RegularWithTagsExamples_ReturnsCorrectExample" storage="c:\users\ericcarlson\documents\github\pickles\src\pickles.test\bin\debug\net6.0\picklesdoc.pickles.test.dll" id="c45bafd9-44fe-eb94-223b-fb60dcc673d3">
      <Execution id="d2bf4013-8d3a-4fe8-99a9-41e2061e0949" />
      <TestMethod codeBase="C:\Users\ericcarlson\documents\github\pickles\src\Pickles.Test\bin\Debug\net6.0\PicklesDoc.Pickles.Test.dll" adapterTypeName="executor://nunit3testexecutor/" className="PicklesDoc.Pickles.Test.ObjectModel.MapperTestsForExample" name="MapToExample_RegularWithTagsExamples_ReturnsCorrectExample" />
    </UnitTest>
    <UnitTest name="IsRelevant_ValidFileWithMixedCaseExtension_ReturnsTrue" storage="c:\users\ericcarlson\documents\github\pickles\src\pickles.test\bin\debug\net6.0\picklesdoc.pickles.test.dll" id="b5808cb5-1ccc-f6ad-2d48-84256ff70878">
      <Execution id="130528a7-7090-41cd-a7a3-4302d1de5f84" />
      <TestMethod codeBase="C:\Users\ericcarlson\documents\github\pickles\src\Pickles.Test\bin\Debug\net6.0\PicklesDoc.Pickles.Test.dll" adapterTypeName="executor://nunit3testexecutor/" className="PicklesDoc.Pickles.Test.DirectoryCrawlers.ImageFileDetectorTests" name="IsRelevant_ValidFileWithMixedCaseExtension_ReturnsTrue" />
    </UnitTest>
    <UnitTest name="Map_Null_ReturnsNull" storage="c:\users\ericcarlson\documents\github\pickles\src\pickles.test\bin\debug\net6.0\picklesdoc.pickles.test.dll" id="7537e683-3e74-548a-5552-941c0a3f0e36">
      <Execution id="e48910c1-db27-4e3b-ba69-743a37aef3cf" />
      <TestMethod codeBase="C:\Users\ericcarlson\documents\github\pickles\src\Pickles.Test\bin\Debug\net6.0\PicklesDoc.Pickles.Test.dll" adapterTypeName="executor://nunit3testexecutor/" className="PicklesDoc.Pickles.Test.ObjectModel.Json.ScenarioToJsonScenarioMapperTests" name="Map_Null_ReturnsNull" />
    </UnitTest>
    <UnitTest name="MapToFeature_FeatureWithNullDescription_ReturnsFeatureWithEmptyDescription" storage="c:\users\ericcarlson\documents\github\pickles\src\pickles.test\bin\debug\net6.0\picklesdoc.pickles.test.dll" id="ad2deadc-28a2-719e-7150-17ba175aa913">
      <Execution id="361494b7-8202-4395-adc6-50fd106ec526" />
      <TestMethod codeBase="C:\Users\ericcarlson\documents\github\pickles\src\Pickles.Test\bin\Debug\net6.0\PicklesDoc.Pickles.Test.dll" adapterTypeName="executor://nunit3testexecutor/" className="PicklesDoc.Pickles.Test.ObjectModel.MapperTestsForFeature" name="MapToFeature_FeatureWithNullDescription_ReturnsFeatureWithEmptyDescription" />
    </UnitTest>
    <UnitTest name="Constructor_ValidRelativePath" storage="c:\users\ericcarlson\documents\github\pickles\src\pickles.test\bin\debug\net6.0\picklesdoc.pickles.test.dll" id="33ddece8-ef6e-de86-ff9f-62192d743904">
      <Execution id="82570307-2e89-4ea2-b8b8-473457c62693" />
      <TestMethod codeBase="C:\Users\ericcarlson\documents\github\pickles\src\Pickles.Test\bin\Debug\net6.0\PicklesDoc.Pickles.Test.dll" adapterTypeName="executor://nunit3testexecutor/" className="PicklesDoc.Pickles.Test.DirectoryCrawlers.FolderDirectoryTreeNodeTests" name="Constructor_ValidRelativePath" />
    </UnitTest>
    <UnitTest name="Map_TableRow_ReturnsObject" storage="c:\users\ericcarlson\documents\github\pickles\src\pickles.test\bin\debug\net6.0\picklesdoc.pickles.test.dll" id="11ec8f68-45a3-af3f-4a85-f9e875a034b9">
      <Execution id="8c897360-5c75-4438-9bf3-d90ae9bcf2e4" />
      <TestMethod codeBase="C:\Users\ericcarlson\documents\github\pickles\src\Pickles.Test\bin\Debug\net6.0\PicklesDoc.Pickles.Test.dll" adapterTypeName="executor://nunit3testexecutor/" className="PicklesDoc.Pickles.Test.ObjectModel.Json.TableRowToJsonTableRowMapperTests" name="Map_TableRow_ReturnsObject" />
    </UnitTest>
    <UnitTest name="Map_WithName_ReturnsSlug" storage="c:\users\ericcarlson\documents\github\pickles\src\pickles.test\bin\debug\net6.0\picklesdoc.pickles.test.dll" id="f2a4d10f-7a23-0d3b-b616-b37bcd3d7f3d">
      <Execution id="33cbf902-47f4-43ed-9c1d-c6f7894093e6" />
      <TestMethod codeBase="C:\Users\ericcarlson\documents\github\pickles\src\Pickles.Test\bin\Debug\net6.0\PicklesDoc.Pickles.Test.dll" adapterTypeName="executor://nunit3testexecutor/" className="PicklesDoc.Pickles.Test.ObjectModel.Json.ScenarioToJsonScenarioMapperTests" name="Map_WithName_ReturnsSlug" />
    </UnitTest>
    <UnitTest name="MapToFeature_FeatureWithoutLanguage_ReturnsFeatureWithEnglish" storage="c:\users\ericcarlson\documents\github\pickles\src\pickles.test\bin\debug\net6.0\picklesdoc.pickles.test.dll" id="d92eaaf4-b839-67e3-ea8a-60df87c4cfbd">
      <Execution id="e4ab200d-c28a-4f10-b49a-55cb7c3c02de" />
      <TestMethod codeBase="C:\Users\ericcarlson\documents\github\pickles\src\Pickles.Test\bin\Debug\net6.0\PicklesDoc.Pickles.Test.dll" adapterTypeName="executor://nunit3testexecutor/" className="PicklesDoc.Pickles.Test.ObjectModel.MapperTestsForFeature" name="MapToFeature_FeatureWithoutLanguage_ReturnsFeatureWithEnglish" />
    </UnitTest>
    <UnitTest name="Constructor_NullArgument_ShouldThrowArgumentNullException" storage="c:\users\ericcarlson\documents\github\pickles\src\pickles.test\bin\debug\net6.0\picklesdoc.pickles.test.dll" id="1bf0b620-508f-e5dc-9a04-0b8d440ef88c">
      <Execution id="32ca4a05-d3ff-4f4b-a00f-af586831c9cb" />
      <TestMethod codeBase="C:\Users\ericcarlson\documents\github\pickles\src\Pickles.Test\bin\Debug\net6.0\PicklesDoc.Pickles.Test.dll" adapterTypeName="executor://nunit3testexecutor/" className="PicklesDoc.Pickles.Test.DataStructures.TreeTests" name="Constructor_NullArgument_ShouldThrowArgumentNullException" />
    </UnitTest>
    <UnitTest name="WhenIndicatingTheLanguageAndCultureInTheFeature_ThenCanParseTheFeature" storage="c:\users\ericcarlson\documents\github\pickles\src\pickles.test\bin\debug\net6.0\picklesdoc.pickles.test.dll" id="66492ce0-50fe-4131-fc04-f0f70d82b725">
      <Execution id="0e34714a-44c5-4b70-9dc4-df1916cc7123" />
      <TestMethod codeBase="C:\Users\ericcarlson\documents\github\pickles\src\Pickles.Test\bin\Debug\net6.0\PicklesDoc.Pickles.Test.dll" adapterTypeName="executor://nunit3testexecutor/" className="PicklesDoc.Pickles.Test.WhenParsingLocalizedFeatureFiles" name="WhenIndicatingTheLanguageAndCultureInTheFeature_ThenCanParseTheFeature" />
    </UnitTest>
    <UnitTest name="Map_TableWithHeaderRow_ReturnsJsonTableWithoutHeaderRow" storage="c:\users\ericcarlson\documents\github\pickles\src\pickles.test\bin\debug\net6.0\picklesdoc.pickles.test.dll" id="eae8d6d5-3d1b-9a28-35cb-83916a819bec">
      <Execution id="3adac1c9-0c40-4d1c-b04c-c3c567a2530e" />
      <TestMethod codeBase="C:\Users\ericcarlson\documents\github\pickles\src\Pickles.Test\bin\Debug\net6.0\PicklesDoc.Pickles.Test.dll" adapterTypeName="executor://nunit3testexecutor/" className="PicklesDoc.Pickles.Test.ObjectModel.Json.TableToJsonTableMapperTests" name="Map_TableWithHeaderRow_ReturnsJsonTableWithoutHeaderRow" />
    </UnitTest>
    <UnitTest name="Process_TwoLines_ReturnsText" storage="c:\users\ericcarlson\documents\github\pickles\src\pickles.test\bin\debug\net6.0\picklesdoc.pickles.test.dll" id="9f54fc7b-943f-a736-270e-322b76b12240">
      <Execution id="083890ab-f46a-40b3-af41-c75a9be7a525" />
      <TestMethod codeBase="C:\Users\ericcarlson\documents\github\pickles\src\Pickles.Test\bin\Debug\net6.0\PicklesDoc.Pickles.Test.dll" adapterTypeName="executor://nunit3testexecutor/" className="PicklesDoc.Pickles.Test.DescriptionProcessorTests" name="Process_TwoLines_ReturnsText" />
    </UnitTest>
    <UnitTest name="Map_WithBackground_ReturnsBackground" storage="c:\users\ericcarlson\documents\github\pickles\src\pickles.test\bin\debug\net6.0\picklesdoc.pickles.test.dll" id="5b735e33-8631-fc28-0819-93b4df2659c4">
      <Execution id="684be0ad-1884-44d1-a520-d2ab99312615" />
      <TestMethod codeBase="C:\Users\ericcarlson\documents\github\pickles\src\Pickles.Test\bin\Debug\net6.0\PicklesDoc.Pickles.Test.dll" adapterTypeName="executor://nunit3testexecutor/" className="PicklesDoc.Pickles.Test.ObjectModel.Json.FeatureToJsonFeatureMapperTests" name="Map_WithBackground_ReturnsBackground" />
    </UnitTest>
    <UnitTest name="Map_Then_ReturnsThen" storage="c:\users\ericcarlson\documents\github\pickles\src\pickles.test\bin\debug\net6.0\picklesdoc.pickles.test.dll" id="5d7eb242-2da2-1aff-54be-febe9c23c1d1">
      <Execution id="b8a72ea8-45bb-4c1e-86cf-831d7b49a06f" />
      <TestMethod codeBase="C:\Users\ericcarlson\documents\github\pickles\src\Pickles.Test\bin\Debug\net6.0\PicklesDoc.Pickles.Test.dll" adapterTypeName="executor://nunit3testexecutor/" className="PicklesDoc.Pickles.Test.ObjectModel.Json.KeywordToJsonKeywordMapperTests" name="Map_Then_ReturnsThen" />
    </UnitTest>
    <UnitTest name="Map_FeatureWithElements_ReturnsListofElements" storage="c:\users\ericcarlson\documents\github\pickles\src\pickles.test\bin\debug\net6.0\picklesdoc.pickles.test.dll" id="8c668144-2935-03c4-cb76-374695bb843a">
      <Execution id="988d973d-cdf4-4bf0-adbf-7cf9f6919a04" />
      <TestMethod codeBase="C:\Users\ericcarlson\documents\github\pickles\src\Pickles.Test\bin\Debug\net6.0\PicklesDoc.Pickles.Test.dll" adapterTypeName="executor://nunit3testexecutor/" className="PicklesDoc.Pickles.Test.ObjectModel.Json.FeatureToJsonFeatureMapperTests" name="Map_FeatureWithElements_ReturnsListofElements" />
    </UnitTest>
    <UnitTest name="LineThatStartsWithEscapedHash_Header2_ShouldRemoveEscapeSign" storage="c:\users\ericcarlson\documents\github\pickles\src\pickles.test\bin\debug\net6.0\picklesdoc.pickles.test.dll" id="a76a52d2-e464-7beb-7062-8f2eeda29156">
      <Execution id="ab3eaff6-1623-406e-a9df-1bfa1a7e72b6" />
      <TestMethod codeBase="C:\Users\ericcarlson\documents\github\pickles\src\Pickles.Test\bin\Debug\net6.0\PicklesDoc.Pickles.Test.dll" adapterTypeName="executor://nunit3testexecutor/" className="PicklesDoc.Pickles.Test.DescriptionProcessorTests" name="LineThatStartsWithEscapedHash_Header2_ShouldRemoveEscapeSign" />
    </UnitTest>
    <UnitTest name="WhenIndicatingTheLanguageInTheFeature_ThenCanParseMostBasicFeatureSuccessfully" storage="c:\users\ericcarlson\documents\github\pickles\src\pickles.test\bin\debug\net6.0\picklesdoc.pickles.test.dll" id="333786c1-b534-29dd-7545-8381a9bd91d8">
      <Execution id="ae5f302b-0526-4bb2-a21d-472b8e95c390" />
      <TestMethod codeBase="C:\Users\ericcarlson\documents\github\pickles\src\Pickles.Test\bin\Debug\net6.0\PicklesDoc.Pickles.Test.dll" adapterTypeName="executor://nunit3testexecutor/" className="PicklesDoc.Pickles.Test.WhenParsingLocalizedFeatureFiles" name="WhenIndicatingTheLanguageInTheFeature_ThenCanParseMostBasicFeatureSuccessfully" />
    </UnitTest>
    <UnitTest name="MapToScenario_NullScenario_ReturnsNull" storage="c:\users\ericcarlson\documents\github\pickles\src\pickles.test\bin\debug\net6.0\picklesdoc.pickles.test.dll" id="d1607d13-bf37-a017-7c4d-310c80ac28d2">
      <Execution id="da159726-70b6-49fb-9826-4faa55220d16" />
      <TestMethod codeBase="C:\Users\ericcarlson\documents\github\pickles\src\Pickles.Test\bin\Debug\net6.0\PicklesDoc.Pickles.Test.dll" adapterTypeName="executor://nunit3testexecutor/" className="PicklesDoc.Pickles.Test.ObjectModel.MapperTestsForScenario" name="MapToScenario_NullScenario_ReturnsNull" />
    </UnitTest>
    <UnitTest name="MapToKeyword_ButInSwedish_ReturnsBut" storage="c:\users\ericcarlson\documents\github\pickles\src\pickles.test\bin\debug\net6.0\picklesdoc.pickles.test.dll" id="237aa86c-2a79-f857-6b0b-b15024d55da5">
      <Execution id="0a2bfbef-60b3-4dc7-8504-e5bde8e95f21" />
      <TestMethod codeBase="C:\Users\ericcarlson\documents\github\pickles\src\Pickles.Test\bin\Debug\net6.0\PicklesDoc.Pickles.Test.dll" adapterTypeName="executor://nunit3testexecutor/" className="PicklesDoc.Pickles.Test.ObjectModel.MappingTestsForKeyword" name="MapToKeyword_ButInSwedish_ReturnsBut" />
    </UnitTest>
    <UnitTest name="MapToStep_NullStep_ReturnsNull" storage="c:\users\ericcarlson\documents\github\pickles\src\pickles.test\bin\debug\net6.0\picklesdoc.pickles.test.dll" id="94b6fca8-7a3d-f453-0070-6471ff92bbfc">
      <Execution id="045d9457-fe20-41c6-835e-3d2262c55aa4" />
      <TestMethod codeBase="C:\Users\ericcarlson\documents\github\pickles\src\Pickles.Test\bin\Debug\net6.0\PicklesDoc.Pickles.Test.dll" adapterTypeName="executor://nunit3testexecutor/" className="PicklesDoc.Pickles.Test.ObjectModel.MapperTestsForStep" name="MapToStep_NullStep_ReturnsNull" />
    </UnitTest>
    <UnitTest name="MapToTable_DataTableWithThreeRows_ReturnsTableWithHeaderRowAndTwoRows" storage="c:\users\ericcarlson\documents\github\pickles\src\pickles.test\bin\debug\net6.0\picklesdoc.pickles.test.dll" id="91b05bdf-ff91-2509-c0c6-ca5d28e711ee">
      <Execution id="7096d6c3-2eb4-4a64-b845-fb036b981e26" />
      <TestMethod codeBase="C:\Users\ericcarlson\documents\github\pickles\src\Pickles.Test\bin\Debug\net6.0\PicklesDoc.Pickles.Test.dll" adapterTypeName="executor://nunit3testexecutor/" className="PicklesDoc.Pickles.Test.ObjectModel.MapperTestsForDataTable" name="MapToTable_DataTableWithThreeRows_ReturnsTableWithHeaderRowAndTwoRows" />
    </UnitTest>
    <UnitTest name="Get_A_Relative_Path_When_Location_Is_Deeper_Than_Root" storage="c:\users\ericcarlson\documents\github\pickles\src\pickles.test\bin\debug\net6.0\picklesdoc.pickles.test.dll" id="e3729802-a92d-c297-8894-5684f6910af3">
      <Execution id="602303d4-7f5c-45d8-802f-21906cde2c33" />
      <TestMethod codeBase="C:\Users\ericcarlson\documents\github\pickles\src\Pickles.Test\bin\Debug\net6.0\PicklesDoc.Pickles.Test.dll" adapterTypeName="executor://nunit3testexecutor/" className="PicklesDoc.Pickles.Test.Extensions.PathExtensionsTests" name="Get_A_Relative_Path_When_Location_Is_Deeper_Than_Root" />
    </UnitTest>
    <UnitTest name="Map_WithName_ReturnsName" storage="c:\users\ericcarlson\documents\github\pickles\src\pickles.test\bin\debug\net6.0\picklesdoc.pickles.test.dll" id="71ab70a9-ef4b-ca2c-f5d6-1ba5618c1d97">
      <Execution id="db8821c9-c5c2-430f-94eb-4c102f4b8bbe" />
      <TestMethod codeBase="C:\Users\ericcarlson\documents\github\pickles\src\Pickles.Test\bin\Debug\net6.0\PicklesDoc.Pickles.Test.dll" adapterTypeName="executor://nunit3testexecutor/" className="PicklesDoc.Pickles.Test.ObjectModel.Json.ScenarioToJsonScenarioMapperTests" name="Map_WithName_ReturnsName" />
    </UnitTest>
    <UnitTest name="IsRelevant_ValidFile_ReturnsTrue(&quot;image.png&quot;)" storage="c:\users\ericcarlson\documents\github\pickles\src\pickles.test\bin\debug\net6.0\picklesdoc.pickles.test.dll" id="f42df295-0a09-b35f-0a4f-b6a4d09ce712">
      <Execution id="2596f532-98a7-44a1-9011-fb05dc96a01b" />
      <TestMethod codeBase="C:\Users\ericcarlson\documents\github\pickles\src\Pickles.Test\bin\Debug\net6.0\PicklesDoc.Pickles.Test.dll" adapterTypeName="executor://nunit3testexecutor/" className="PicklesDoc.Pickles.Test.DirectoryCrawlers.ImageFileDetectorTests" name="IsRelevant_ValidFile_ReturnsTrue(&quot;image.png&quot;)" />
    </UnitTest>
    <UnitTest name="Map_NullFeature_ReturnsNullJsonFeature" storage="c:\users\ericcarlson\documents\github\pickles\src\pickles.test\bin\debug\net6.0\picklesdoc.pickles.test.dll" id="8ec388e9-fc91-4d25-bf6f-f8f08af7b2f5">
      <Execution id="58affbcc-79f7-499e-a6a8-102a6781871e" />
      <TestMethod codeBase="C:\Users\ericcarlson\documents\github\pickles\src\Pickles.Test\bin\Debug\net6.0\PicklesDoc.Pickles.Test.dll" adapterTypeName="executor://nunit3testexecutor/" className="PicklesDoc.Pickles.Test.ObjectModel.Json.FeatureToJsonFeatureMapperTests" name="Map_NullFeature_ReturnsNullJsonFeature" />
    </UnitTest>
    <UnitTest name="MapToStep_StepWithDocStringArgument_ReturnStepWithDocString" storage="c:\users\ericcarlson\documents\github\pickles\src\pickles.test\bin\debug\net6.0\picklesdoc.pickles.test.dll" id="0deeb8ae-3a20-2371-5a6c-b2ecc1099272">
      <Execution id="52626ed0-fd77-40ca-afff-0ea10f54a680" />
      <TestMethod codeBase="C:\Users\ericcarlson\documents\github\pickles\src\Pickles.Test\bin\Debug\net6.0\PicklesDoc.Pickles.Test.dll" adapterTypeName="executor://nunit3testexecutor/" className="PicklesDoc.Pickles.Test.ObjectModel.MapperTestsForStep" name="MapToStep_StepWithDocStringArgument_ReturnStepWithDocString" />
    </UnitTest>
    <UnitTest name="Map_WithResult_ReturnsResult" storage="c:\users\ericcarlson\documents\github\pickles\src\pickles.test\bin\debug\net6.0\picklesdoc.pickles.test.dll" id="a03e2c23-c864-b123-24c0-3ec5ce0b2cf3">
      <Execution id="43a6cebf-20c2-4bbc-846a-790e77d90c41" />
      <TestMethod codeBase="C:\Users\ericcarlson\documents\github\pickles\src\Pickles.Test\bin\Debug\net6.0\PicklesDoc.Pickles.Test.dll" adapterTypeName="executor://nunit3testexecutor/" className="PicklesDoc.Pickles.Test.ObjectModel.Json.ScenarioToJsonScenarioMapperTests" name="Map_WithResult_ReturnsResult" />
    </UnitTest>
    <UnitTest name="Map_TableWithHeaderRow_ReturnsJsonTableWithHeaderRow" storage="c:\users\ericcarlson\documents\github\pickles\src\pickles.test\bin\debug\net6.0\picklesdoc.pickles.test.dll" id="f23064d7-8737-65a1-12a3-24572822c2d1">
      <Execution id="48f7614c-3220-4ca0-b129-fa2fe517d47f" />
      <TestMethod codeBase="C:\Users\ericcarlson\documents\github\pickles\src\Pickles.Test\bin\Debug\net6.0\PicklesDoc.Pickles.Test.dll" adapterTypeName="executor://nunit3testexecutor/" className="PicklesDoc.Pickles.Test.ObjectModel.Json.TableToJsonTableMapperTests" name="Map_TableWithHeaderRow_ReturnsJsonTableWithHeaderRow" />
    </UnitTest>
    <UnitTest name="Then_can_parse_scenario_with_comments_successfully" storage="c:\users\ericcarlson\documents\github\pickles\src\pickles.test\bin\debug\net6.0\picklesdoc.pickles.test.dll" id="5b3c5d54-7a5e-d899-2d9c-c16dbf4931ca">
      <Execution id="a269ce5b-f88b-4938-b202-a9b7429f7029" />
      <TestMethod codeBase="C:\Users\ericcarlson\documents\github\pickles\src\Pickles.Test\bin\Debug\net6.0\PicklesDoc.Pickles.Test.dll" adapterTypeName="executor://nunit3testexecutor/" className="PicklesDoc.Pickles.Test.WhenParsingFeatureFiles" name="Then_can_parse_scenario_with_comments_successfully" />
    </UnitTest>
    <UnitTest name="Map_NotProvided_ReturnsExecutedFalseSuccessfulFalseProvidedFalse" storage="c:\users\ericcarlson\documents\github\pickles\src\pickles.test\bin\debug\net6.0\picklesdoc.pickles.test.dll" id="3c3842c3-f734-534b-fecc-cf8c356ba236">
      <Execution id="58756cea-d70d-4178-ac33-87fb48e83e33" />
      <TestMethod codeBase="C:\Users\ericcarlson\documents\github\pickles\src\Pickles.Test\bin\Debug\net6.0\PicklesDoc.Pickles.Test.dll" adapterTypeName="executor://nunit3testexecutor/" className="PicklesDoc.Pickles.Test.ObjectModel.Json.TestResultToJsonTestResultMapperTests" name="Map_NotProvided_ReturnsExecutedFalseSuccessfulFalseProvidedFalse" />
    </UnitTest>
    <UnitTest name="Then_can_parse_and_ignore_scenario_with_tag_in_configuration_ignore_tag" storage="c:\users\ericcarlson\documents\github\pickles\src\pickles.test\bin\debug\net6.0\picklesdoc.pickles.test.dll" id="2c6cc121-0dd5-d647-685b-59af2aa3177a">
      <Execution id="393e7edb-2cec-4605-a87c-a88f56297986" />
      <TestMethod codeBase="C:\Users\ericcarlson\documents\github\pickles\src\Pickles.Test\bin\Debug\net6.0\PicklesDoc.Pickles.Test.dll" adapterTypeName="executor://nunit3testexecutor/" className="PicklesDoc.Pickles.Test.WhenParsingFeatureFiles" name="Then_can_parse_and_ignore_scenario_with_tag_in_configuration_ignore_tag" />
    </UnitTest>
    <UnitTest name="IsRelevant_ValidFile_ReturnsTrue(&quot;image.gif&quot;)" storage="c:\users\ericcarlson\documents\github\pickles\src\pickles.test\bin\debug\net6.0\picklesdoc.pickles.test.dll" id="f5d77dae-7864-4aa7-6ea9-efd787914fdc">
      <Execution id="27a38c8f-ee21-4bc4-8ad9-ae4d3e0b6052" />
      <TestMethod codeBase="C:\Users\ericcarlson\documents\github\pickles\src\Pickles.Test\bin\Debug\net6.0\PicklesDoc.Pickles.Test.dll" adapterTypeName="executor://nunit3testexecutor/" className="PicklesDoc.Pickles.Test.DirectoryCrawlers.ImageFileDetectorTests" name="IsRelevant_ValidFile_ReturnsTrue(&quot;image.gif&quot;)" />
    </UnitTest>
    <UnitTest name="Map_Given_ReturnsGiven" storage="c:\users\ericcarlson\documents\github\pickles\src\pickles.test\bin\debug\net6.0\picklesdoc.pickles.test.dll" id="2f10ab10-fdd8-2469-243c-352eb06f9e9c">
      <Execution id="91d94bbb-5b58-4a13-ab85-18a12da5cbd8" />
      <TestMethod codeBase="C:\Users\ericcarlson\documents\github\pickles\src\Pickles.Test\bin\Debug\net6.0\PicklesDoc.Pickles.Test.dll" adapterTypeName="executor://nunit3testexecutor/" className="PicklesDoc.Pickles.Test.ObjectModel.Json.KeywordToJsonKeywordMapperTests" name="Map_Given_ReturnsGiven" />
    </UnitTest>
    <UnitTest name="MapToScenario_RegularScenario_ReturnsScenario" storage="c:\users\ericcarlson\documents\github\pickles\src\pickles.test\bin\debug\net6.0\picklesdoc.pickles.test.dll" id="4a414230-905d-7f8d-87d3-8884d0269163">
      <Execution id="5516ccd8-4892-4b17-b6ae-456cccc99b9d" />
      <TestMethod codeBase="C:\Users\ericcarlson\documents\github\pickles\src\Pickles.Test\bin\Debug\net6.0\PicklesDoc.Pickles.Test.dll" adapterTypeName="executor://nunit3testexecutor/" className="PicklesDoc.Pickles.Test.ObjectModel.MapperTestsForScenarioOutline" name="MapToScenario_RegularScenario_ReturnsScenario" />
    </UnitTest>
    <UnitTest name="MapToScenario_RegularScenario_ReturnsScenario" storage="c:\users\ericcarlson\documents\github\pickles\src\pickles.test\bin\debug\net6.0\picklesdoc.pickles.test.dll" id="e8e9bd96-bced-3cd1-ed8b-8f1f5cb07968">
      <Execution id="9fc141b9-b24b-454f-b3f0-8c70ecace82f" />
      <TestMethod codeBase="C:\Users\ericcarlson\documents\github\pickles\src\Pickles.Test\bin\Debug\net6.0\PicklesDoc.Pickles.Test.dll" adapterTypeName="executor://nunit3testexecutor/" className="PicklesDoc.Pickles.Test.ObjectModel.MapperTestsForScenario" name="MapToScenario_RegularScenario_ReturnsScenario" />
    </UnitTest>
    <UnitTest name="LineThatStartsWithEscapedHash_Header5_ShouldRemoveEscapeSign" storage="c:\users\ericcarlson\documents\github\pickles\src\pickles.test\bin\debug\net6.0\picklesdoc.pickles.test.dll" id="8e6eb9e8-caeb-6fdc-4c95-879f9b06c4bd">
      <Execution id="c36c15da-3524-4196-9a33-2f306e112d40" />
      <TestMethod codeBase="C:\Users\ericcarlson\documents\github\pickles\src\Pickles.Test\bin\Debug\net6.0\PicklesDoc.Pickles.Test.dll" adapterTypeName="executor://nunit3testexecutor/" className="PicklesDoc.Pickles.Test.DescriptionProcessorTests" name="LineThatStartsWithEscapedHash_Header5_ShouldRemoveEscapeSign" />
    </UnitTest>
    <UnitTest name="MoveNamespace" storage="c:\users\ericcarlson\documents\github\pickles\src\pickles.test\bin\debug\net6.0\picklesdoc.pickles.test.dll" id="a19c62ca-31cc-64e1-f5dd-6b73618efdbd">
      <Execution id="09e9c2e2-71fe-4488-abbc-008c31ad2c17" />
      <TestMethod codeBase="C:\Users\ericcarlson\documents\github\pickles\src\Pickles.Test\bin\Debug\net6.0\PicklesDoc.Pickles.Test.dll" adapterTypeName="executor://nunit3testexecutor/" className="PicklesDoc.Pickles.Test.NamespaceExtensionsTests" name="MoveNamespace" />
    </UnitTest>
    <UnitTest name="MapToFeature_FeatureWithScenarioDefinitions_ReturnsFeatureWithFeatureElements" storage="c:\users\ericcarlson\documents\github\pickles\src\pickles.test\bin\debug\net6.0\picklesdoc.pickles.test.dll" id="e1f51bb1-2532-93e9-0f45-421d8bb3ec2a">
      <Execution id="4c553099-2c61-4704-9eed-5815639f1495" />
      <TestMethod codeBase="C:\Users\ericcarlson\documents\github\pickles\src\Pickles.Test\bin\Debug\net6.0\PicklesDoc.Pickles.Test.dll" adapterTypeName="executor://nunit3testexecutor/" className="PicklesDoc.Pickles.Test.ObjectModel.MapperTestsForFeature" name="MapToFeature_FeatureWithScenarioDefinitions_ReturnsFeatureWithFeatureElements" />
    </UnitTest>
    <UnitTest name="Map_WithTable_ReturnsTableAndNullDocString" storage="c:\users\ericcarlson\documents\github\pickles\src\pickles.test\bin\debug\net6.0\picklesdoc.pickles.test.dll" id="d7b9ae62-4462-ee76-b6c5-ced79f1a5234">
      <Execution id="dc87bdef-8e4f-487d-98cf-db00f9fb81ed" />
      <TestMethod codeBase="C:\Users\ericcarlson\documents\github\pickles\src\Pickles.Test\bin\Debug\net6.0\PicklesDoc.Pickles.Test.dll" adapterTypeName="executor://nunit3testexecutor/" className="PicklesDoc.Pickles.Test.ObjectModel.Json.StepToJsonStepMapperTests" name="Map_WithTable_ReturnsTableAndNullDocString" />
    </UnitTest>
    <UnitTest name="Map_FeatureWithDescription_ReturnsDescription" storage="c:\users\ericcarlson\documents\github\pickles\src\pickles.test\bin\debug\net6.0\picklesdoc.pickles.test.dll" id="e1d5832b-53c8-bd83-2d7b-38a6c413e9e9">
      <Execution id="90eaee40-a887-41a1-8f9a-2d100d497542" />
      <TestMethod codeBase="C:\Users\ericcarlson\documents\github\pickles\src\Pickles.Test\bin\Debug\net6.0\PicklesDoc.Pickles.Test.dll" adapterTypeName="executor://nunit3testexecutor/" className="PicklesDoc.Pickles.Test.ObjectModel.Json.FeatureToJsonFeatureMapperTests" name="Map_FeatureWithDescription_ReturnsDescription" />
    </UnitTest>
    <UnitTest name="ToUriDirectoryInfo_WithTrailingSlash_ProducesUriWithTrailingSlash" storage="c:\users\ericcarlson\documents\github\pickles\src\pickles.test\bin\debug\net6.0\picklesdoc.pickles.test.dll" id="a606fd29-5ae7-b480-ad67-6c591600d344">
      <Execution id="6e3bc3e5-f70c-4841-9215-392b1daa7c11" />
      <TestMethod codeBase="C:\Users\ericcarlson\documents\github\pickles\src\Pickles.Test\bin\Debug\net6.0\PicklesDoc.Pickles.Test.dll" adapterTypeName="executor://nunit3testexecutor/" className="PicklesDoc.Pickles.Test.Extensions.UriExtensionsTests" name="ToUriDirectoryInfo_WithTrailingSlash_ProducesUriWithTrailingSlash" />
    </UnitTest>
    <UnitTest name="Map_NotNull_ReturnsJsonCommentWithSameText" storage="c:\users\ericcarlson\documents\github\pickles\src\pickles.test\bin\debug\net6.0\picklesdoc.pickles.test.dll" id="f7e0777a-1331-1f40-67bd-d8c8374f16be">
      <Execution id="d353af01-ad03-44f6-9e7b-d088b4d1ced4" />
      <TestMethod codeBase="C:\Users\ericcarlson\documents\github\pickles\src\Pickles.Test\bin\Debug\net6.0\PicklesDoc.Pickles.Test.dll" adapterTypeName="executor://nunit3testexecutor/" className="PicklesDoc.Pickles.Test.ObjectModel.Json.CommentToJsonCommentMapperTests" name="Map_NotNull_ReturnsJsonCommentWithSameText" />
    </UnitTest>
    <UnitTest name="ThenCanDetectFeatureFilesSuccessfully" storage="c:\users\ericcarlson\documents\github\pickles\src\pickles.test\bin\debug\net6.0\picklesdoc.pickles.test.dll" id="14c91b84-b688-7c5e-d960-73e0d6089384">
      <Execution id="5bc576a9-629b-4779-a5a6-caee00a284c5" />
      <TestMethod codeBase="C:\Users\ericcarlson\documents\github\pickles\src\Pickles.Test\bin\Debug\net6.0\PicklesDoc.Pickles.Test.dll" adapterTypeName="executor://nunit3testexecutor/" className="PicklesDoc.Pickles.Test.WhenDeterminingRelevantFilesToConsider" name="ThenCanDetectFeatureFilesSuccessfully" />
    </UnitTest>
    <UnitTest name="ToUriFileSystemInfo_DirectoryWithTrailingSlash_ProducesUriWithTrailingSlash" storage="c:\users\ericcarlson\documents\github\pickles\src\pickles.test\bin\debug\net6.0\picklesdoc.pickles.test.dll" id="91a1d4f4-07ed-e043-9cbe-b43f79013c8f">
      <Execution id="ae3c9fdc-5a39-4e03-9e58-0326565c026e" />
      <TestMethod codeBase="C:\Users\ericcarlson\documents\github\pickles\src\Pickles.Test\bin\Debug\net6.0\PicklesDoc.Pickles.Test.dll" adapterTypeName="executor://nunit3testexecutor/" className="PicklesDoc.Pickles.Test.Extensions.UriExtensionsTests" name="ToUriFileSystemInfo_DirectoryWithTrailingSlash_ProducesUriWithTrailingSlash" />
    </UnitTest>
    <UnitTest name="ThenCanDetectAllImagesSuccessfully" storage="c:\users\ericcarlson\documents\github\pickles\src\pickles.test\bin\debug\net6.0\picklesdoc.pickles.test.dll" id="83e26a96-56bc-6d91-1739-e2e0f0465b03">
      <Execution id="f3799239-a878-432b-8d5a-6cbe8257c67b" />
      <TestMethod codeBase="C:\Users\ericcarlson\documents\github\pickles\src\Pickles.Test\bin\Debug\net6.0\PicklesDoc.Pickles.Test.dll" adapterTypeName="executor://nunit3testexecutor/" className="PicklesDoc.Pickles.Test.WhenWorkingWithHtmlResources" name="ThenCanDetectAllImagesSuccessfully" />
    </UnitTest>
    <UnitTest name="Map_AnExampleWithDescription_ReturnsAJsonExampleWithName" storage="c:\users\ericcarlson\documents\github\pickles\src\pickles.test\bin\debug\net6.0\picklesdoc.pickles.test.dll" id="15bff550-0c48-3ffe-9284-11b3c21248de">
      <Execution id="d52022c0-8b91-495c-88c6-3a6f9ee1cbb6" />
      <TestMethod codeBase="C:\Users\ericcarlson\documents\github\pickles\src\Pickles.Test\bin\Debug\net6.0\PicklesDoc.Pickles.Test.dll" adapterTypeName="executor://nunit3testexecutor/" className="PicklesDoc.Pickles.Test.ObjectModel.Json.ExampleToJsonExampleMapperTests" name="Map_AnExampleWithDescription_ReturnsAJsonExampleWithName" />
    </UnitTest>
    <UnitTest name="Create_BogusLocationType_AddsEntryToReport" storage="c:\users\ericcarlson\documents\github\pickles\src\pickles.test\bin\debug\net6.0\picklesdoc.pickles.test.dll" id="ef50a5c4-5ecf-67d2-2133-62db98825073">
      <Execution id="267f4eeb-4099-4b83-ab4b-4401d368b3c1" />
      <TestMethod codeBase="C:\Users\ericcarlson\documents\github\pickles\src\Pickles.Test\bin\Debug\net6.0\PicklesDoc.Pickles.Test.dll" adapterTypeName="executor://nunit3testexecutor/" className="PicklesDoc.Pickles.Test.FeatureNodeFactoryTests" name="Create_BogusLocationType_AddsEntryToReport" />
    </UnitTest>
    <UnitTest name="LineThatStartsWithEscapedHash_Header6_ShouldRemoveEscapeSign" storage="c:\users\ericcarlson\documents\github\pickles\src\pickles.test\bin\debug\net6.0\picklesdoc.pickles.test.dll" id="74539da9-e8d8-3db8-fc39-faa5f1db68f1">
      <Execution id="4611538b-deb3-49ac-8f27-d14a0a4e464b" />
      <TestMethod codeBase="C:\Users\ericcarlson\documents\github\pickles\src\Pickles.Test\bin\Debug\net6.0\PicklesDoc.Pickles.Test.dll" adapterTypeName="executor://nunit3testexecutor/" className="PicklesDoc.Pickles.Test.DescriptionProcessorTests" name="LineThatStartsWithEscapedHash_Header6_ShouldRemoveEscapeSign" />
    </UnitTest>
    <UnitTest name="ThenCanResolveTheSelectedIDocumentationBuilder(Word,PicklesDoc.Pickles.DocumentationBuilders.Word.WordDocumentationBuilder)" storage="c:\users\ericcarlson\documents\github\pickles\src\pickles.test\bin\debug\net6.0\picklesdoc.pickles.test.dll" id="9cd5c73f-8266-3b6a-c78a-2aac24b20653">
      <Execution id="b0cee56a-d7d7-4998-baea-2338fd459454" />
      <TestMethod codeBase="C:\Users\ericcarlson\documents\github\pickles\src\Pickles.Test\bin\Debug\net6.0\PicklesDoc.Pickles.Test.dll" adapterTypeName="executor://nunit3testexecutor/" className="PicklesDoc.Pickles.Test.WhenResolvingADocumentationBuilder" name="ThenCanResolveTheSelectedIDocumentationBuilder(Word,PicklesDoc.Pickles.DocumentationBuilders.Word.WordDocumentationBuilder)" />
    </UnitTest>
    <UnitTest name="Map_AnExampleWithName_ReturnsAJsonExampleWithName" storage="c:\users\ericcarlson\documents\github\pickles\src\pickles.test\bin\debug\net6.0\picklesdoc.pickles.test.dll" id="47d60e4c-7728-7fa1-ef17-3a29405824ca">
      <Execution id="be3e6399-db19-4094-ab9c-edc8632fb756" />
      <TestMethod codeBase="C:\Users\ericcarlson\documents\github\pickles\src\Pickles.Test\bin\Debug\net6.0\PicklesDoc.Pickles.Test.dll" adapterTypeName="executor://nunit3testexecutor/" className="PicklesDoc.Pickles.Test.ObjectModel.Json.ExampleToJsonExampleMapperTests" name="Map_AnExampleWithName_ReturnsAJsonExampleWithName" />
    </UnitTest>
    <UnitTest name="MapToScenario_Always_MapsFeatureProperty" storage="c:\users\ericcarlson\documents\github\pickles\src\pickles.test\bin\debug\net6.0\picklesdoc.pickles.test.dll" id="df26f463-6d21-97d6-0a42-9137aec5ea4c">
      <Execution id="a705fe07-a757-4584-9f20-808c9c9b883f" />
      <TestMethod codeBase="C:\Users\ericcarlson\documents\github\pickles\src\Pickles.Test\bin\Debug\net6.0\PicklesDoc.Pickles.Test.dll" adapterTypeName="executor://nunit3testexecutor/" className="PicklesDoc.Pickles.Test.ObjectModel.MapperTestsForScenario" name="MapToScenario_Always_MapsFeatureProperty" />
    </UnitTest>
    <UnitTest name="WhenExperimentalIsEnabled_ResolveStrikeMarkdownProvider" storage="c:\users\ericcarlson\documents\github\pickles\src\pickles.test\bin\debug\net6.0\picklesdoc.pickles.test.dll" id="2d57c021-10f4-7573-e131-41b5e641b7f1">
      <Execution id="1b012802-13ea-4fea-a9e7-9aa25a4b888c" />
      <TestMethod codeBase="C:\Users\ericcarlson\documents\github\pickles\src\Pickles.Test\bin\Debug\net6.0\PicklesDoc.Pickles.Test.dll" adapterTypeName="executor://nunit3testexecutor/" className="PicklesDoc.Pickles.Test.WhenResolvingAMarkdownProvider" name="WhenExperimentalIsEnabled_ResolveStrikeMarkdownProvider" />
    </UnitTest>
    <UnitTest name="ThenCanResolveTheSelectedIDocumentationBuilderAsSingleton(Cucumber,PicklesDoc.Pickles.DocumentationBuilders.Cucumber.CucumberDocumentationBuilder)" storage="c:\users\ericcarlson\documents\github\pickles\src\pickles.test\bin\debug\net6.0\picklesdoc.pickles.test.dll" id="15c6ac4d-16dc-6060-b25a-37948ceea996">
      <Execution id="4128abe1-950f-4096-a2b4-b25d2908fd2e" />
      <TestMethod codeBase="C:\Users\ericcarlson\documents\github\pickles\src\Pickles.Test\bin\Debug\net6.0\PicklesDoc.Pickles.Test.dll" adapterTypeName="executor://nunit3testexecutor/" className="PicklesDoc.Pickles.Test.WhenResolvingADocumentationBuilder" name="ThenCanResolveTheSelectedIDocumentationBuilderAsSingleton(Cucumber,PicklesDoc.Pickles.DocumentationBuilders.Cucumber.CucumberDocumentationBuilder)" />
    </UnitTest>
    <UnitTest name="MapToStringDocString_ArgumentWithStringValue_ReturnsThatString" storage="c:\users\ericcarlson\documents\github\pickles\src\pickles.test\bin\debug\net6.0\picklesdoc.pickles.test.dll" id="8a192c30-8319-60ca-9b79-083c98f4c139">
      <Execution id="e2414bd2-86ad-48c0-8a76-a1a6c81f21a5" />
      <TestMethod codeBase="C:\Users\ericcarlson\documents\github\pickles\src\Pickles.Test\bin\Debug\net6.0\PicklesDoc.Pickles.Test.dll" adapterTypeName="executor://nunit3testexecutor/" className="PicklesDoc.Pickles.Test.ObjectModel.MapperTestsForDocString" name="MapToStringDocString_ArgumentWithStringValue_ReturnsThatString" />
    </UnitTest>
    <UnitTest name="ThenCanParseMostBasicFeatureSuccessfully" storage="c:\users\ericcarlson\documents\github\pickles\src\pickles.test\bin\debug\net6.0\picklesdoc.pickles.test.dll" id="1ef557f7-18cb-a8c3-1cc5-a8b4f5dc1b33">
      <Execution id="883fa639-1cee-4069-92fa-af691b415e3c" />
      <TestMethod codeBase="C:\Users\ericcarlson\documents\github\pickles\src\Pickles.Test\bin\Debug\net6.0\PicklesDoc.Pickles.Test.dll" adapterTypeName="executor://nunit3testexecutor/" className="PicklesDoc.Pickles.Test.WhenParsingFeatureFiles" name="ThenCanParseMostBasicFeatureSuccessfully" />
    </UnitTest>
    <UnitTest name="ThenCanResolveTheSelectedIDocumentationBuilderAsSingleton(Html,PicklesDoc.Pickles.DocumentationBuilders.Html.HtmlDocumentationBuilder)" storage="c:\users\ericcarlson\documents\github\pickles\src\pickles.test\bin\debug\net6.0\picklesdoc.pickles.test.dll" id="b407155a-e5fd-8677-d804-23913edba29d">
      <Execution id="c1f480c4-2a67-4673-ace5-315033bbfd80" />
      <TestMethod codeBase="C:\Users\ericcarlson\documents\github\pickles\src\Pickles.Test\bin\Debug\net6.0\PicklesDoc.Pickles.Test.dll" adapterTypeName="executor://nunit3testexecutor/" className="PicklesDoc.Pickles.Test.WhenResolvingADocumentationBuilder" name="ThenCanResolveTheSelectedIDocumentationBuilderAsSingleton(Html,PicklesDoc.Pickles.DocumentationBuilders.Html.HtmlDocumentationBuilder)" />
    </UnitTest>
    <UnitTest name="Map_NoTags_ReturnsEmptyListOfTags" storage="c:\users\ericcarlson\documents\github\pickles\src\pickles.test\bin\debug\net6.0\picklesdoc.pickles.test.dll" id="245405dd-491a-55b3-14cd-299fc71fa07d">
      <Execution id="d432ff85-4086-41ed-9753-cf71bfd0e3d0" />
      <TestMethod codeBase="C:\Users\ericcarlson\documents\github\pickles\src\Pickles.Test\bin\Debug\net6.0\PicklesDoc.Pickles.Test.dll" adapterTypeName="executor://nunit3testexecutor/" className="PicklesDoc.Pickles.Test.ObjectModel.Json.ScenarioToJsonScenarioMapperTests" name="Map_NoTags_ReturnsEmptyListOfTags" />
    </UnitTest>
    <UnitTest name="MapToKeyword_ThenInSwedish_ReturnsThen" storage="c:\users\ericcarlson\documents\github\pickles\src\pickles.test\bin\debug\net6.0\picklesdoc.pickles.test.dll" id="e31e485a-1cf3-d830-234b-7b05e837d621">
      <Execution id="7364563d-0702-4779-8cb8-51cd707e4aa7" />
      <TestMethod codeBase="C:\Users\ericcarlson\documents\github\pickles\src\Pickles.Test\bin\Debug\net6.0\PicklesDoc.Pickles.Test.dll" adapterTypeName="executor://nunit3testexecutor/" className="PicklesDoc.Pickles.Test.ObjectModel.MappingTestsForKeyword" name="MapToKeyword_ThenInSwedish_ReturnsThen" />
    </UnitTest>
    <UnitTest name="Map_FeatureWithName_ReturnsName" storage="c:\users\ericcarlson\documents\github\pickles\src\pickles.test\bin\debug\net6.0\picklesdoc.pickles.test.dll" id="b4df1736-c2bd-dc63-b866-5fc06d2618cb">
      <Execution id="263d52e6-8581-477d-a668-d8f98b6daf67" />
      <TestMethod codeBase="C:\Users\ericcarlson\documents\github\pickles\src\Pickles.Test\bin\Debug\net6.0\PicklesDoc.Pickles.Test.dll" adapterTypeName="executor://nunit3testexecutor/" className="PicklesDoc.Pickles.Test.ObjectModel.Json.FeatureToJsonFeatureMapperTests" name="Map_FeatureWithName_ReturnsName" />
    </UnitTest>
    <UnitTest name="Map_WithDescription_ReturnsDescription" storage="c:\users\ericcarlson\documents\github\pickles\src\pickles.test\bin\debug\net6.0\picklesdoc.pickles.test.dll" id="e757d0a0-d7ae-d816-fce8-24ebc2d1e194">
      <Execution id="4bbef605-6fb0-45a5-a854-4734e4847cad" />
      <TestMethod codeBase="C:\Users\ericcarlson\documents\github\pickles\src\Pickles.Test\bin\Debug\net6.0\PicklesDoc.Pickles.Test.dll" adapterTypeName="executor://nunit3testexecutor/" className="PicklesDoc.Pickles.Test.ObjectModel.Json.ScenarioToJsonScenarioMapperTests" name="Map_WithDescription_ReturnsDescription" />
    </UnitTest>
    <UnitTest name="LineThatStartsWithEscapedHash_Header1_ShouldRemoveEscapeSign" storage="c:\users\ericcarlson\documents\github\pickles\src\pickles.test\bin\debug\net6.0\picklesdoc.pickles.test.dll" id="8b9757c9-77c1-3693-65ab-02394e92b990">
      <Execution id="2594b63c-c1f5-4f09-95dc-65803d4abc83" />
      <TestMethod codeBase="C:\Users\ericcarlson\documents\github\pickles\src\Pickles.Test\bin\Debug\net6.0\PicklesDoc.Pickles.Test.dll" adapterTypeName="executor://nunit3testexecutor/" className="PicklesDoc.Pickles.Test.DescriptionProcessorTests" name="LineThatStartsWithEscapedHash_Header1_ShouldRemoveEscapeSign" />
    </UnitTest>
    <UnitTest name="Map_SomeScenario_ReturnsSomeJsonScenario" storage="c:\users\ericcarlson\documents\github\pickles\src\pickles.test\bin\debug\net6.0\picklesdoc.pickles.test.dll" id="e0322fac-aec1-23bb-b284-575e2e1315bf">
      <Execution id="3226994e-b7b2-46a7-8e09-dd8effc63a64" />
      <TestMethod codeBase="C:\Users\ericcarlson\documents\github\pickles\src\Pickles.Test\bin\Debug\net6.0\PicklesDoc.Pickles.Test.dll" adapterTypeName="executor://nunit3testexecutor/" className="PicklesDoc.Pickles.Test.ObjectModel.Json.ScenarioToJsonScenarioMapperTests" name="Map_SomeScenario_ReturnsSomeJsonScenario" />
    </UnitTest>
    <UnitTest name="Li_Element_Must_Not_Have_Id_Attribute" storage="c:\users\ericcarlson\documents\github\pickles\src\pickles.test\bin\debug\net6.0\picklesdoc.pickles.test.dll" id="a8850aa8-94db-71f8-8aa2-89556cda37d6">
      <Execution id="3a220ed5-5cf1-4345-a5eb-407f1a9eaabd" />
      <TestMethod codeBase="C:\Users\ericcarlson\documents\github\pickles\src\Pickles.Test\bin\Debug\net6.0\PicklesDoc.Pickles.Test.dll" adapterTypeName="executor://nunit3testexecutor/" className="PicklesDoc.Pickles.Test.Formatters.HtmlScenarioFormatterTests" name="Li_Element_Must_Not_Have_Id_Attribute" />
    </UnitTest>
    <UnitTest name="Map_WithoutStepComments_ReturnsEmptyList" storage="c:\users\ericcarlson\documents\github\pickles\src\pickles.test\bin\debug\net6.0\picklesdoc.pickles.test.dll" id="29a3c11d-efc3-2b7f-7226-91220f6ed839">
      <Execution id="6ddd997d-97a9-43c6-ba2e-7d0561a4c011" />
      <TestMethod codeBase="C:\Users\ericcarlson\documents\github\pickles\src\Pickles.Test\bin\Debug\net6.0\PicklesDoc.Pickles.Test.dll" adapterTypeName="executor://nunit3testexecutor/" className="PicklesDoc.Pickles.Test.ObjectModel.Json.StepToJsonStepMapperTests" name="Map_WithoutStepComments_ReturnsEmptyList" />
    </UnitTest>
    <UnitTest name="Map_Example_ReturnsExample" storage="c:\users\ericcarlson\documents\github\pickles\src\pickles.test\bin\debug\net6.0\picklesdoc.pickles.test.dll" id="3dd0b31c-7ae7-d396-3cb3-ba9a89f3a4d4">
      <Execution id="628ca3f7-60a2-4e1b-91cf-4190c39633ff" />
      <TestMethod codeBase="C:\Users\ericcarlson\documents\github\pickles\src\Pickles.Test\bin\Debug\net6.0\PicklesDoc.Pickles.Test.dll" adapterTypeName="executor://nunit3testexecutor/" className="PicklesDoc.Pickles.Test.ObjectModel.Json.ScenarioToJsonScenarioMapperTests" name="Map_Example_ReturnsExample" />
    </UnitTest>
    <UnitTest name="WhenExperimentalIsDisabled_ResolveMarkdownProvider" storage="c:\users\ericcarlson\documents\github\pickles\src\pickles.test\bin\debug\net6.0\picklesdoc.pickles.test.dll" id="2ded35d7-32fa-b312-206c-4530f3316064">
      <Execution id="efc2714c-98ea-4919-b33a-385ea95c05e3" />
      <TestMethod codeBase="C:\Users\ericcarlson\documents\github\pickles\src\Pickles.Test\bin\Debug\net6.0\PicklesDoc.Pickles.Test.dll" adapterTypeName="executor://nunit3testexecutor/" className="PicklesDoc.Pickles.Test.WhenResolvingAMarkdownProvider" name="WhenExperimentalIsDisabled_ResolveMarkdownProvider" />
    </UnitTest>
    <UnitTest name="MapToScenario_NullScenario_ReturnsNull" storage="c:\users\ericcarlson\documents\github\pickles\src\pickles.test\bin\debug\net6.0\picklesdoc.pickles.test.dll" id="b4c3f351-61ef-8930-7ade-7ecfade50bdf">
      <Execution id="3a9ff18f-d49f-4dee-baf8-12a3904bd067" />
      <TestMethod codeBase="C:\Users\ericcarlson\documents\github\pickles\src\Pickles.Test\bin\Debug\net6.0\PicklesDoc.Pickles.Test.dll" adapterTypeName="executor://nunit3testexecutor/" className="PicklesDoc.Pickles.Test.ObjectModel.MapperTestsForScenarioOutline" name="MapToScenario_NullScenario_ReturnsNull" />
    </UnitTest>
    <UnitTest name="Create_MarkdownParsingError_AddsEntryToReport" storage="c:\users\ericcarlson\documents\github\pickles\src\pickles.test\bin\debug\net6.0\picklesdoc.pickles.test.dll" id="efc98ff6-24a4-3785-7d11-0177db098370">
      <Execution id="8014a09e-4084-408b-a795-1dd529d8c834" />
      <TestMethod codeBase="C:\Users\ericcarlson\documents\github\pickles\src\Pickles.Test\bin\Debug\net6.0\PicklesDoc.Pickles.Test.dll" adapterTypeName="executor://nunit3testexecutor/" className="PicklesDoc.Pickles.Test.FeatureNodeFactoryTests" name="Create_MarkdownParsingError_AddsEntryToReport" />
    </UnitTest>
    <UnitTest name="Format_ContentIsFeatureNode_UsesHtmlFeatureFormatterWithCorrectArgument" storage="c:\users\ericcarlson\documents\github\pickles\src\pickles.test\bin\debug\net6.0\picklesdoc.pickles.test.dll" id="469a685d-4e1b-0133-054e-35e10cec9810">
      <Execution id="a49aad82-d73b-41d7-9a64-35ba31fbfef9" />
      <TestMethod codeBase="C:\Users\ericcarlson\documents\github\pickles\src\Pickles.Test\bin\Debug\net6.0\PicklesDoc.Pickles.Test.dll" adapterTypeName="executor://nunit3testexecutor/" className="PicklesDoc.Pickles.Test.Formatters.HtmlContentFormatterTests" name="Format_ContentIsFeatureNode_UsesHtmlFeatureFormatterWithCorrectArgument" />
    </UnitTest>
    <UnitTest name="MapToFeature_FeatureWithDutchLanguage_ReturnsFeatureWithDutch" storage="c:\users\ericcarlson\documents\github\pickles\src\pickles.test\bin\debug\net6.0\picklesdoc.pickles.test.dll" id="099963f8-8e00-3f84-3a38-4573687c4438">
      <Execution id="8a293d6d-8d9c-45f3-8275-25665812bf24" />
      <TestMethod codeBase="C:\Users\ericcarlson\documents\github\pickles\src\Pickles.Test\bin\Debug\net6.0\PicklesDoc.Pickles.Test.dll" adapterTypeName="executor://nunit3testexecutor/" className="PicklesDoc.Pickles.Test.ObjectModel.MapperTestsForFeature" name="MapToFeature_FeatureWithDutchLanguage_ReturnsFeatureWithDutch" />
    </UnitTest>
    <UnitTest name="Get_A_Relative_Path_When_Location_Is_Deeper_Than_Root_Even_When_Root_Contains_End_Slash" storage="c:\users\ericcarlson\documents\github\pickles\src\pickles.test\bin\debug\net6.0\picklesdoc.pickles.test.dll" id="46b0f1f2-e2c0-2ed3-c0f5-cf8dfe1ffe79">
      <Execution id="3efe9118-5461-4b9e-825a-cbb7ca82fd15" />
      <TestMethod codeBase="C:\Users\ericcarlson\documents\github\pickles\src\Pickles.Test\bin\Debug\net6.0\PicklesDoc.Pickles.Test.dll" adapterTypeName="executor://nunit3testexecutor/" className="PicklesDoc.Pickles.Test.Extensions.PathExtensionsTests" name="Get_A_Relative_Path_When_Location_Is_Deeper_Than_Root_Even_When_Root_Contains_End_Slash" />
    </UnitTest>
    <UnitTest name="Merge_PassedInconclusiveAndFailedResults_ShouldReturnFailed" storage="c:\users\ericcarlson\documents\github\pickles\src\pickles.test\bin\debug\net6.0\picklesdoc.pickles.test.dll" id="9f075bd6-5d09-682b-185d-903bddefcd8e">
      <Execution id="ae8a3370-324d-412f-855f-bbb0b32ac887" />
      <TestMethod codeBase="C:\Users\ericcarlson\documents\github\pickles\src\Pickles.Test\bin\Debug\net6.0\PicklesDoc.Pickles.Test.dll" adapterTypeName="executor://nunit3testexecutor/" className="PicklesDoc.Pickles.Test.TestResultExtensionsTests" name="Merge_PassedInconclusiveAndFailedResults_ShouldReturnFailed" />
    </UnitTest>
    <UnitTest name="MapToScenarioBackground_RegularBackground_ReturnsScenario" storage="c:\users\ericcarlson\documents\github\pickles\src\pickles.test\bin\debug\net6.0\picklesdoc.pickles.test.dll" id="f90d61a1-3540-ae8e-65c9-60ef6c04641b">
      <Execution id="6358dce0-22dd-4f5a-8db1-2688e8091ba1" />
      <TestMethod codeBase="C:\Users\ericcarlson\documents\github\pickles\src\Pickles.Test\bin\Debug\net6.0\PicklesDoc.Pickles.Test.dll" adapterTypeName="executor://nunit3testexecutor/" className="PicklesDoc.Pickles.Test.ObjectModel.MapperTestsForBackground" name="MapToScenarioBackground_RegularBackground_ReturnsScenario" />
    </UnitTest>
    <UnitTest name="ToFolderUriString_WithoutTrailingSlash_ValidOutputWithTrailingSlash" storage="c:\users\ericcarlson\documents\github\pickles\src\pickles.test\bin\debug\net6.0\picklesdoc.pickles.test.dll" id="37fe9d09-a818-1ef8-df58-f72c0d297037">
      <Execution id="72b9f6c8-f362-410d-af18-77559ecacb23" />
      <TestMethod codeBase="C:\Users\ericcarlson\documents\github\pickles\src\Pickles.Test\bin\Debug\net6.0\PicklesDoc.Pickles.Test.dll" adapterTypeName="executor://nunit3testexecutor/" className="PicklesDoc.Pickles.Test.Extensions.UriExtensionsTests" name="ToFolderUriString_WithoutTrailingSlash_ValidOutputWithTrailingSlash" />
    </UnitTest>
    <UnitTest name="MapToStringTag_RegularTag_ReturnsStringOfTheTag" storage="c:\users\ericcarlson\documents\github\pickles\src\pickles.test\bin\debug\net6.0\picklesdoc.pickles.test.dll" id="a9da35b8-99a8-fe50-9531-fe6e4dd9b7fc">
      <Execution id="6758ca55-ba78-4cb5-9b93-78c412f0e3e1" />
      <TestMethod codeBase="C:\Users\ericcarlson\documents\github\pickles\src\Pickles.Test\bin\Debug\net6.0\PicklesDoc.Pickles.Test.dll" adapterTypeName="executor://nunit3testexecutor/" className="PicklesDoc.Pickles.Test.ObjectModel.MapperTestsForTag" name="MapToStringTag_RegularTag_ReturnsStringOfTheTag" />
    </UnitTest>
    <UnitTest name="ThenCanDetectAllScriptsSuccessfully" storage="c:\users\ericcarlson\documents\github\pickles\src\pickles.test\bin\debug\net6.0\picklesdoc.pickles.test.dll" id="0c97d668-a530-0371-fb9a-28c792581fe6">
      <Execution id="1bd1f3a0-c9f3-4ac6-bff6-fb4428a50ceb" />
      <TestMethod codeBase="C:\Users\ericcarlson\documents\github\pickles\src\Pickles.Test\bin\Debug\net6.0\PicklesDoc.Pickles.Test.dll" adapterTypeName="executor://nunit3testexecutor/" className="PicklesDoc.Pickles.Test.WhenWorkingWithHtmlResources" name="ThenCanDetectAllScriptsSuccessfully" />
    </UnitTest>
    <UnitTest name="Specification_Scenario2" storage="c:\users\ericcarlson\documents\github\pickles\src\pickles.test\bin\debug\net6.0\picklesdoc.pickles.test.dll" id="441fccae-3b8f-46a3-a8ec-69ee090eade3">
      <Execution id="4cdbc9c7-f76f-4077-9012-e48ee0ade180" />
      <TestMethod codeBase="C:\Users\ericcarlson\documents\github\pickles\src\Pickles.Test\bin\Debug\net6.0\PicklesDoc.Pickles.Test.dll" adapterTypeName="executor://nunit3testexecutor/" className="PicklesDoc.Pickles.Test.DescriptionProcessorTests" name="Specification_Scenario2" />
    </UnitTest>
    <UnitTest name="Constructor_Default_SetsLanguageToEnglish" storage="c:\users\ericcarlson\documents\github\pickles\src\pickles.test\bin\debug\net6.0\picklesdoc.pickles.test.dll" id="0aa79223-629c-5269-1c07-377109cd0bcb">
      <Execution id="77a94e27-ab4d-42c3-a3e5-73acd7a60961" />
      <TestMethod codeBase="C:\Users\ericcarlson\documents\github\pickles\src\Pickles.Test\bin\Debug\net6.0\PicklesDoc.Pickles.Test.dll" adapterTypeName="executor://nunit3testexecutor/" className="PicklesDoc.Pickles.Test.ConfigurationTests" name="Constructor_Default_SetsLanguageToEnglish" />
    </UnitTest>
    <UnitTest name="MapToFeature_FeatureWithComments_ReturnsFeatureWithoutComments_WhenConfigurationSpecifies" storage="c:\users\ericcarlson\documents\github\pickles\src\pickles.test\bin\debug\net6.0\picklesdoc.pickles.test.dll" id="ee9a1573-ad49-6697-840a-72c1ec738307">
      <Execution id="5f288c84-62f4-4d37-957d-2ae05eb7ae87" />
      <TestMethod codeBase="C:\Users\ericcarlson\documents\github\pickles\src\Pickles.Test\bin\Debug\net6.0\PicklesDoc.Pickles.Test.dll" adapterTypeName="executor://nunit3testexecutor/" className="PicklesDoc.Pickles.Test.ObjectModel.MapperTestsForFeature" name="MapToFeature_FeatureWithComments_ReturnsFeatureWithoutComments_WhenConfigurationSpecifies" />
    </UnitTest>
    <UnitTest name="GetEncoding_UTF7BOM_ReturnsUTF" storage="c:\users\ericcarlson\documents\github\pickles\src\pickles.test\bin\debug\net6.0\picklesdoc.pickles.test.dll" id="c3fc67c9-f6cc-0277-4e92-395574eb470c">
      <Execution id="fffc1797-df5b-4f46-8115-a623e2f612d1" />
      <TestMethod codeBase="C:\Users\ericcarlson\documents\github\pickles\src\Pickles.Test\bin\Debug\net6.0\PicklesDoc.Pickles.Test.dll" adapterTypeName="executor://nunit3testexecutor/" className="PicklesDoc.Pickles.Test.EncodingDetectorTests" name="GetEncoding_UTF7BOM_ReturnsUTF" />
    </UnitTest>
    <UnitTest name="Map_EnglishFeature_SetsNativeKeywordToExamples" storage="c:\users\ericcarlson\documents\github\pickles\src\pickles.test\bin\debug\net6.0\picklesdoc.pickles.test.dll" id="ba53ca1c-8fc8-ce7b-1238-7a4281364dad">
      <Execution id="0e434dd3-9fdc-4c2e-a412-2b1a5648c3b0" />
      <TestMethod codeBase="C:\Users\ericcarlson\documents\github\pickles\src\Pickles.Test\bin\Debug\net6.0\PicklesDoc.Pickles.Test.dll" adapterTypeName="executor://nunit3testexecutor/" className="PicklesDoc.Pickles.Test.ObjectModel.Json.ExampleToJsonExampleMapperTests" name="Map_EnglishFeature_SetsNativeKeywordToExamples" />
    </UnitTest>
    <UnitTest name="GetRelativeUriTo_DirectoryToFileOutside_ReturnsRelativePath" storage="c:\users\ericcarlson\documents\github\pickles\src\pickles.test\bin\debug\net6.0\picklesdoc.pickles.test.dll" id="8b1542e3-99b5-1273-5fd1-a9f37fb26ad5">
      <Execution id="78c89904-276c-4b28-963c-17931624afff" />
      <TestMethod codeBase="C:\Users\ericcarlson\documents\github\pickles\src\Pickles.Test\bin\Debug\net6.0\PicklesDoc.Pickles.Test.dll" adapterTypeName="executor://nunit3testexecutor/" className="PicklesDoc.Pickles.Test.DirectoryCrawlers.FolderDirectoryTreeNodeTests" name="GetRelativeUriTo_DirectoryToFileOutside_ReturnsRelativePath" />
    </UnitTest>
    <UnitTest name="MapToTableRow_RowWithCellValues_ReturnsRowContainingThoseValues" storage="c:\users\ericcarlson\documents\github\pickles\src\pickles.test\bin\debug\net6.0\picklesdoc.pickles.test.dll" id="9bd1749b-1791-ec4a-f271-7478791738c2">
      <Execution id="a8bf68f3-7dc7-4f04-97c1-d51c98e756a9" />
      <TestMethod codeBase="C:\Users\ericcarlson\documents\github\pickles\src\Pickles.Test\bin\Debug\net6.0\PicklesDoc.Pickles.Test.dll" adapterTypeName="executor://nunit3testexecutor/" className="PicklesDoc.Pickles.Test.ObjectModel.MapperTestsForDataTable" name="MapToTableRow_RowWithCellValues_ReturnsRowContainingThoseValues" />
    </UnitTest>
    <UnitTest name="Add_NullNode_ThrowArgumentNullException" storage="c:\users\ericcarlson\documents\github\pickles\src\pickles.test\bin\debug\net6.0\picklesdoc.pickles.test.dll" id="49bd8a06-7460-8a08-3a2a-32fcb61399a5">
      <Execution id="003c3619-091f-412a-82ad-a7b58aa1366a" />
      <TestMethod codeBase="C:\Users\ericcarlson\documents\github\pickles\src\Pickles.Test\bin\Debug\net6.0\PicklesDoc.Pickles.Test.dll" adapterTypeName="executor://nunit3testexecutor/" className="PicklesDoc.Pickles.Test.DataStructures.TreeTests" name="Add_NullNode_ThrowArgumentNullException" />
    </UnitTest>
    <UnitTest name="GetDialect_WithLanguageThatIncludesHyphen_ReturnsThatLanguage" storage="c:\users\ericcarlson\documents\github\pickles\src\pickles.test\bin\debug\net6.0\picklesdoc.pickles.test.dll" id="c064a3cb-594b-9f1c-fd00-9c99d07e5d7d">
      <Execution id="e9058344-50fc-4f7f-9cb2-3e5e0730f3b2" />
      <TestMethod codeBase="C:\Users\ericcarlson\documents\github\pickles\src\Pickles.Test\bin\Debug\net6.0\PicklesDoc.Pickles.Test.dll" adapterTypeName="executor://nunit3testexecutor/" className="PicklesDoc.Pickles.Test.CultureAwareDialectProviderTests" name="GetDialect_WithLanguageThatIncludesHyphen_ReturnsThatLanguage" />
    </UnitTest>
    <UnitTest name="Map_Null_ReturnsNull" storage="c:\users\ericcarlson\documents\github\pickles\src\pickles.test\bin\debug\net6.0\picklesdoc.pickles.test.dll" id="627adc13-8a7b-a068-2e61-4aa81780d9fd">
      <Execution id="81c2eb38-7db0-4d62-8caa-82949b6be41a" />
      <TestMethod codeBase="C:\Users\ericcarlson\documents\github\pickles\src\Pickles.Test\bin\Debug\net6.0\PicklesDoc.Pickles.Test.dll" adapterTypeName="executor://nunit3testexecutor/" className="PicklesDoc.Pickles.Test.ObjectModel.Json.TableToJsonTableMapperTests" name="Map_Null_ReturnsNull" />
    </UnitTest>
    <UnitTest name="Map_WithStepComments_ReturnsThoseComments" storage="c:\users\ericcarlson\documents\github\pickles\src\pickles.test\bin\debug\net6.0\picklesdoc.pickles.test.dll" id="2727f611-717b-e830-4bd0-bf3af2242d14">
      <Execution id="18fe5f4d-39a0-4ef5-b171-922520e97b98" />
      <TestMethod codeBase="C:\Users\ericcarlson\documents\github\pickles\src\Pickles.Test\bin\Debug\net6.0\PicklesDoc.Pickles.Test.dll" adapterTypeName="executor://nunit3testexecutor/" className="PicklesDoc.Pickles.Test.ObjectModel.Json.StepToJsonStepMapperTests" name="Map_WithStepComments_ReturnsThoseComments" />
    </UnitTest>
    <UnitTest name="Map_NonNullStep_ReturnsJsonStep" storage="c:\users\ericcarlson\documents\github\pickles\src\pickles.test\bin\debug\net6.0\picklesdoc.pickles.test.dll" id="4c3b0b4e-8fbb-7811-7a21-4748a52bc3e2">
      <Execution id="ab955724-e200-4fcd-aa23-d4e1a96fc2f2" />
      <TestMethod codeBase="C:\Users\ericcarlson\documents\github\pickles\src\Pickles.Test\bin\Debug\net6.0\PicklesDoc.Pickles.Test.dll" adapterTypeName="executor://nunit3testexecutor/" className="PicklesDoc.Pickles.Test.ObjectModel.Json.StepToJsonStepMapperTests" name="Map_NonNullStep_ReturnsJsonStep" />
    </UnitTest>
    <UnitTest name="TableOfContent_Must_Link_Folder_Nodes_To_That_Folders_Index_File" storage="c:\users\ericcarlson\documents\github\pickles\src\pickles.test\bin\debug\net6.0\picklesdoc.pickles.test.dll" id="9434f0b6-144d-fa9a-e2fd-7b54edae4153">
      <Execution id="6a70e313-2db5-4540-972e-baca17aed327" />
      <TestMethod codeBase="C:\Users\ericcarlson\documents\github\pickles\src\Pickles.Test\bin\Debug\net6.0\PicklesDoc.Pickles.Test.dll" adapterTypeName="executor://nunit3testexecutor/" className="PicklesDoc.Pickles.Test.Formatters.TableOfContentsShouldBeCreatedFromAFolderStructure" name="TableOfContent_Must_Link_Folder_Nodes_To_That_Folders_Index_File" />
    </UnitTest>
    <UnitTest name="ToFileUriString_WithoutTrailingSlash_ValidOutputWithTrailingSlash" storage="c:\users\ericcarlson\documents\github\pickles\src\pickles.test\bin\debug\net6.0\picklesdoc.pickles.test.dll" id="79e9a2d5-6fd7-c594-c7c3-6a0aee043d3b">
      <Execution id="b391ff2a-39f3-4e41-b453-fae43b2146c5" />
      <TestMethod codeBase="C:\Users\ericcarlson\documents\github\pickles\src\Pickles.Test\bin\Debug\net6.0\PicklesDoc.Pickles.Test.dll" adapterTypeName="executor://nunit3testexecutor/" className="PicklesDoc.Pickles.Test.Extensions.UriExtensionsTests" name="ToFileUriString_WithoutTrailingSlash_ValidOutputWithTrailingSlash" />
    </UnitTest>
    <UnitTest name="Map_AnExampleWithTableArgument_ReturnsAJsonExampleWithTableArgument" storage="c:\users\ericcarlson\documents\github\pickles\src\pickles.test\bin\debug\net6.0\picklesdoc.pickles.test.dll" id="6608e1a4-2d57-9534-02c8-9ed8cbf3fe3c">
      <Execution id="3b9d2ffa-c752-4a3d-a3b5-3e170326979c" />
      <TestMethod codeBase="C:\Users\ericcarlson\documents\github\pickles\src\Pickles.Test\bin\Debug\net6.0\PicklesDoc.Pickles.Test.dll" adapterTypeName="executor://nunit3testexecutor/" className="PicklesDoc.Pickles.Test.ObjectModel.Json.ExampleToJsonExampleMapperTests" name="Map_AnExampleWithTableArgument_ReturnsAJsonExampleWithTableArgument" />
    </UnitTest>
    <UnitTest name="Map_TableRowWithTestResult_ConvertsToJsonTableRowWithTestResult" storage="c:\users\ericcarlson\documents\github\pickles\src\pickles.test\bin\debug\net6.0\picklesdoc.pickles.test.dll" id="299d9885-53d7-e812-ce71-f67d71904c3f">
      <Execution id="55b3e210-3efa-4d96-8f69-bbb74e957d93" />
      <TestMethod codeBase="C:\Users\ericcarlson\documents\github\pickles\src\Pickles.Test\bin\Debug\net6.0\PicklesDoc.Pickles.Test.dll" adapterTypeName="executor://nunit3testexecutor/" className="PicklesDoc.Pickles.Test.ObjectModel.Json.TableRowToJsonTableRowMapperTests" name="Map_TableRowWithTestResult_ConvertsToJsonTableRowWithTestResult" />
    </UnitTest>
    <UnitTest name="ThenCanDetectAllStylesheetsSuccessfully" storage="c:\users\ericcarlson\documents\github\pickles\src\pickles.test\bin\debug\net6.0\picklesdoc.pickles.test.dll" id="406df244-d1c3-813e-16f9-3ed6d4fe1b59">
      <Execution id="7ff5bf42-cda3-476b-95c7-2bb05dd1bf2f" />
      <TestMethod codeBase="C:\Users\ericcarlson\documents\github\pickles\src\Pickles.Test\bin\Debug\net6.0\PicklesDoc.Pickles.Test.dll" adapterTypeName="executor://nunit3testexecutor/" className="PicklesDoc.Pickles.Test.WhenWorkingWithHtmlResources" name="ThenCanDetectAllStylesheetsSuccessfully" />
    </UnitTest>
    <UnitTest name="ItShouldWasSuccessfulFalseForFeatureXJsonDocument" storage="c:\users\ericcarlson\documents\github\pickles\src\pickles.test\bin\debug\net6.0\picklesdoc.pickles.test.dll" id="902de792-f705-6364-b7ff-7e3bf94c757c">
      <Execution id="236a3a79-4d0a-4e44-b3b4-b04a2e666556" />
      <TestMethod codeBase="C:\Users\ericcarlson\documents\github\pickles\src\Pickles.Test\bin\Debug\net6.0\PicklesDoc.Pickles.Test.dll" adapterTypeName="executor://nunit3testexecutor/" className="PicklesDoc.Pickles.Test.Formatters.JSON.WhenCreatingAFeatureWithMetaInfoAndTestResultInMstestFormat" name="ItShouldWasSuccessfulFalseForFeatureXJsonDocument" />
    </UnitTest>
    <UnitTest name="Add_NullTree_ThrowArgumentNullException" storage="c:\users\ericcarlson\documents\github\pickles\src\pickles.test\bin\debug\net6.0\picklesdoc.pickles.test.dll" id="ddcc81ed-830c-5786-4d28-e9470c566f0e">
      <Execution id="8963ac45-9595-4d7f-a9ab-66346c2fe8e9" />
      <TestMethod codeBase="C:\Users\ericcarlson\documents\github\pickles\src\Pickles.Test\bin\Debug\net6.0\PicklesDoc.Pickles.Test.dll" adapterTypeName="executor://nunit3testexecutor/" className="PicklesDoc.Pickles.Test.DataStructures.TreeTests" name="Add_NullTree_ThrowArgumentNullException" />
    </UnitTest>
    <UnitTest name="WhenSettingTheLanguageInTheConfiguration_ThenCanParseMostBasicFeatureSuccessfully" storage="c:\users\ericcarlson\documents\github\pickles\src\pickles.test\bin\debug\net6.0\picklesdoc.pickles.test.dll" id="c266fa7d-acb2-60c9-6e2b-3e6d7d99744e">
      <Execution id="cd9a835a-cd08-4717-94ed-4d126819153b" />
      <TestMethod codeBase="C:\Users\ericcarlson\documents\github\pickles\src\Pickles.Test\bin\Debug\net6.0\PicklesDoc.Pickles.Test.dll" adapterTypeName="executor://nunit3testexecutor/" className="PicklesDoc.Pickles.Test.WhenParsingLocalizedFeatureFiles" name="WhenSettingTheLanguageInTheConfiguration_ThenCanParseMostBasicFeatureSuccessfully" />
    </UnitTest>
    <UnitTest name="MapToKeyWord_StringGiven_ReturnsGiven" storage="c:\users\ericcarlson\documents\github\pickles\src\pickles.test\bin\debug\net6.0\picklesdoc.pickles.test.dll" id="8952b576-6631-ae17-2867-cd3e93cd8ea7">
      <Execution id="b3167ca0-7b91-4f55-8633-9627f6146cf1" />
      <TestMethod codeBase="C:\Users\ericcarlson\documents\github\pickles\src\Pickles.Test\bin\Debug\net6.0\PicklesDoc.Pickles.Test.dll" adapterTypeName="executor://nunit3testexecutor/" className="PicklesDoc.Pickles.Test.ObjectModel.MapperTestsForStep" name="MapToKeyWord_StringGiven_ReturnsGiven" />
    </UnitTest>
    <UnitTest name="Map_SomeFeature_ReturnsJsonFeature" storage="c:\users\ericcarlson\documents\github\pickles\src\pickles.test\bin\debug\net6.0\picklesdoc.pickles.test.dll" id="0443b89a-0e19-7897-5ed1-52b3f67c6cf5">
      <Execution id="24fd7130-86fe-41d7-bf6a-6394baf23c7a" />
      <TestMethod codeBase="C:\Users\ericcarlson\documents\github\pickles\src\Pickles.Test\bin\Debug\net6.0\PicklesDoc.Pickles.Test.dll" adapterTypeName="executor://nunit3testexecutor/" className="PicklesDoc.Pickles.Test.ObjectModel.Json.FeatureToJsonFeatureMapperTests" name="Map_SomeFeature_ReturnsJsonFeature" />
    </UnitTest>
    <UnitTest name="Specification_Scenario1" storage="c:\users\ericcarlson\documents\github\pickles\src\pickles.test\bin\debug\net6.0\picklesdoc.pickles.test.dll" id="45cb73b7-c03c-7dde-9cbf-274f19a6f153">
      <Execution id="bf7ec287-71ba-4f52-9983-7b4b15ad5596" />
      <TestMethod codeBase="C:\Users\ericcarlson\documents\github\pickles\src\Pickles.Test\bin\Debug\net6.0\PicklesDoc.Pickles.Test.dll" adapterTypeName="executor://nunit3testexecutor/" className="PicklesDoc.Pickles.Test.DescriptionProcessorTests" name="Specification_Scenario1" />
    </UnitTest>
    <UnitTest name="MapToFeature_Always_MapsFeaturePropertyOfBackground" storage="c:\users\ericcarlson\documents\github\pickles\src\pickles.test\bin\debug\net6.0\picklesdoc.pickles.test.dll" id="5b7d7e18-3797-759c-db9a-5e4c609a525d">
      <Execution id="59b7b72b-48a7-4130-84a2-2da08d61a2d1" />
      <TestMethod codeBase="C:\Users\ericcarlson\documents\github\pickles\src\Pickles.Test\bin\Debug\net6.0\PicklesDoc.Pickles.Test.dll" adapterTypeName="executor://nunit3testexecutor/" className="PicklesDoc.Pickles.Test.ObjectModel.MapperTestsForBackground" name="MapToFeature_Always_MapsFeaturePropertyOfBackground" />
    </UnitTest>
    <UnitTest name="ThenCanFormatTextWithAcronymAsWikiWordSuccessfully" storage="c:\users\ericcarlson\documents\github\pickles\src\pickles.test\bin\debug\net6.0\picklesdoc.pickles.test.dll" id="c826d657-b8f4-5226-a39c-eb7188bc6544">
      <Execution id="6ec48289-855e-4442-b8c4-6faa19436254" />
      <TestMethod codeBase="C:\Users\ericcarlson\documents\github\pickles\src\Pickles.Test\bin\Debug\net6.0\PicklesDoc.Pickles.Test.dll" adapterTypeName="executor://nunit3testexecutor/" className="PicklesDoc.Pickles.Test.Extensions.StringExtensionsTests" name="ThenCanFormatTextWithAcronymAsWikiWordSuccessfully" />
    </UnitTest>
    <UnitTest name="DefaultLanguage_ReturnsEnglish" storage="c:\users\ericcarlson\documents\github\pickles\src\pickles.test\bin\debug\net6.0\picklesdoc.pickles.test.dll" id="eea99d72-2be5-3f19-63ae-66ae53007fed">
      <Execution id="f498696f-1f2d-41fd-a239-03ff5baa3aae" />
      <TestMethod codeBase="C:\Users\ericcarlson\documents\github\pickles\src\Pickles.Test\bin\Debug\net6.0\PicklesDoc.Pickles.Test.dll" adapterTypeName="executor://nunit3testexecutor/" className="PicklesDoc.Pickles.Test.LanguageServicesRegistryTests" name="DefaultLanguage_ReturnsEnglish" />
    </UnitTest>
    <UnitTest name="Then_can_parse_and_remove_tag_in_configuration_remove_technical_tag_from_scenario" storage="c:\users\ericcarlson\documents\github\pickles\src\pickles.test\bin\debug\net6.0\picklesdoc.pickles.test.dll" id="920efb33-30de-9f4f-92fb-5da03c8d73d8">
      <Execution id="310d12ba-5bc8-478c-b9bc-88a46299d6cd" />
      <TestMethod codeBase="C:\Users\ericcarlson\documents\github\pickles\src\Pickles.Test\bin\Debug\net6.0\PicklesDoc.Pickles.Test.dll" adapterTypeName="executor://nunit3testexecutor/" className="PicklesDoc.Pickles.Test.WhenParsingFeatureFiles" name="Then_can_parse_and_remove_tag_in_configuration_remove_technical_tag_from_scenario" />
    </UnitTest>
    <UnitTest name="ItShouldContainWasSuccessfulKeyInJsonDocument" storage="c:\users\ericcarlson\documents\github\pickles\src\pickles.test\bin\debug\net6.0\picklesdoc.pickles.test.dll" id="ed1cb2a1-5bce-8780-a88b-05d623ad378e">
      <Execution id="b7ead3c1-2a87-4c4b-b494-a0f531af2b37" />
      <TestMethod codeBase="C:\Users\ericcarlson\documents\github\pickles\src\Pickles.Test\bin\Debug\net6.0\PicklesDoc.Pickles.Test.dll" adapterTypeName="executor://nunit3testexecutor/" className="PicklesDoc.Pickles.Test.Formatters.JSON.WhenCreatingAFeatureWithMetaInfoAndTestResultInMstestFormat" name="ItShouldContainWasSuccessfulKeyInJsonDocument" />
    </UnitTest>
    <UnitTest name="GetRelativeUriTo_FileToDirectory_ReturnsNodesFileName" storage="c:\users\ericcarlson\documents\github\pickles\src\pickles.test\bin\debug\net6.0\picklesdoc.pickles.test.dll" id="523f430c-589f-aafd-1b2b-05118044b2a8">
      <Execution id="19b7b426-cfff-4940-b668-7fb3cda943df" />
      <TestMethod codeBase="C:\Users\ericcarlson\documents\github\pickles\src\Pickles.Test\bin\Debug\net6.0\PicklesDoc.Pickles.Test.dll" adapterTypeName="executor://nunit3testexecutor/" className="PicklesDoc.Pickles.Test.DirectoryCrawlers.FolderDirectoryTreeNodeTests" name="GetRelativeUriTo_FileToDirectory_ReturnsNodesFileName" />
    </UnitTest>
    <UnitTest name="Create_InvalidFileType_AddsEntryToReport" storage="c:\users\ericcarlson\documents\github\pickles\src\pickles.test\bin\debug\net6.0\picklesdoc.pickles.test.dll" id="ad9c4f1f-f3c4-4f5a-d866-e8e35b84d47b">
      <Execution id="18a948eb-d608-4dec-9300-72a993114fd5" />
      <TestMethod codeBase="C:\Users\ericcarlson\documents\github\pickles\src\Pickles.Test\bin\Debug\net6.0\PicklesDoc.Pickles.Test.dll" adapterTypeName="executor://nunit3testexecutor/" className="PicklesDoc.Pickles.Test.FeatureNodeFactoryTests" name="Create_InvalidFileType_AddsEntryToReport" />
    </UnitTest>
    <UnitTest name="Map_NullTableRow_ReturnsNull" storage="c:\users\ericcarlson\documents\github\pickles\src\pickles.test\bin\debug\net6.0\picklesdoc.pickles.test.dll" id="5dc69bee-0bac-486b-6e0f-6ce7f05461ae">
      <Execution id="0e8ffe58-4dba-4d54-9d79-df47a22d1db1" />
      <TestMethod codeBase="C:\Users\ericcarlson\documents\github\pickles\src\Pickles.Test\bin\Debug\net6.0\PicklesDoc.Pickles.Test.dll" adapterTypeName="executor://nunit3testexecutor/" className="PicklesDoc.Pickles.Test.ObjectModel.Json.TableRowToJsonTableRowMapperTests" name="Map_NullTableRow_ReturnsNull" />
    </UnitTest>
    <UnitTest name="MapToScenario_TitleSpecialCharacters_HasValidSlug" storage="c:\users\ericcarlson\documents\github\pickles\src\pickles.test\bin\debug\net6.0\picklesdoc.pickles.test.dll" id="5b0b7c95-f6d8-a2fe-eb27-9c403d882838">
      <Execution id="a532934b-f905-4f9d-889e-01c245efee09" />
      <TestMethod codeBase="C:\Users\ericcarlson\documents\github\pickles\src\Pickles.Test\bin\Debug\net6.0\PicklesDoc.Pickles.Test.dll" adapterTypeName="executor://nunit3testexecutor/" className="PicklesDoc.Pickles.Test.ObjectModel.MapperTestsForScenario" name="MapToScenario_TitleSpecialCharacters_HasValidSlug" />
    </UnitTest>
    <UnitTest name="ItShouldIndicateWasSuccessfulIsTrue" storage="c:\users\ericcarlson\documents\github\pickles\src\pickles.test\bin\debug\net6.0\picklesdoc.pickles.test.dll" id="b26fb74e-729d-8047-377b-8be9da93dbdb">
      <Execution id="18779808-aa0b-4b45-9e69-47826c15de29" />
      <TestMethod codeBase="C:\Users\ericcarlson\documents\github\pickles\src\Pickles.Test\bin\Debug\net6.0\PicklesDoc.Pickles.Test.dll" adapterTypeName="executor://nunit3testexecutor/" className="PicklesDoc.Pickles.Test.Formatters.JSON.WhenCreatingAFeatureWithMetaInfoAndTestResultInMstestFormat" name="ItShouldIndicateWasSuccessfulIsTrue" />
    </UnitTest>
    <UnitTest name="Map_NullStep_ReturnsNull" storage="c:\users\ericcarlson\documents\github\pickles\src\pickles.test\bin\debug\net6.0\picklesdoc.pickles.test.dll" id="bcbfdc88-f29f-53aa-6ac7-bd0cbdb624b9">
      <Execution id="5e9b05b2-9e8c-47eb-ab4a-8e9c9a83e139" />
      <TestMethod codeBase="C:\Users\ericcarlson\documents\github\pickles\src\Pickles.Test\bin\Debug\net6.0\PicklesDoc.Pickles.Test.dll" adapterTypeName="executor://nunit3testexecutor/" className="PicklesDoc.Pickles.Test.ObjectModel.Json.StepToJsonStepMapperTests" name="Map_NullStep_ReturnsNull" />
    </UnitTest>
    <UnitTest name="Map_AnExampleWithTags_ReturnsAJsonExampleWithTags" storage="c:\users\ericcarlson\documents\github\pickles\src\pickles.test\bin\debug\net6.0\picklesdoc.pickles.test.dll" id="4d94901a-0408-1f44-6b67-c45adb96b544">
      <Execution id="7a3a57ee-7a18-4f4a-839d-ea532ef25607" />
      <TestMethod codeBase="C:\Users\ericcarlson\documents\github\pickles\src\Pickles.Test\bin\Debug\net6.0\PicklesDoc.Pickles.Test.dll" adapterTypeName="executor://nunit3testexecutor/" className="PicklesDoc.Pickles.Test.ObjectModel.Json.ExampleToJsonExampleMapperTests" name="Map_AnExampleWithTags_ReturnsAJsonExampleWithTags" />
    </UnitTest>
    <UnitTest name="ThenCanResolveTheSelectedIDocumentationBuilder(Cucumber,PicklesDoc.Pickles.DocumentationBuilders.Cucumber.CucumberDocumentationBuilder)" storage="c:\users\ericcarlson\documents\github\pickles\src\pickles.test\bin\debug\net6.0\picklesdoc.pickles.test.dll" id="90282de9-ec82-4e67-bd23-4cc70ee9315b">
      <Execution id="3b8d34bd-bd39-4e94-adc2-9baa335d27ff" />
      <TestMethod codeBase="C:\Users\ericcarlson\documents\github\pickles\src\Pickles.Test\bin\Debug\net6.0\PicklesDoc.Pickles.Test.dll" adapterTypeName="executor://nunit3testexecutor/" className="PicklesDoc.Pickles.Test.WhenResolvingADocumentationBuilder" name="ThenCanResolveTheSelectedIDocumentationBuilder(Cucumber,PicklesDoc.Pickles.DocumentationBuilders.Cucumber.CucumberDocumentationBuilder)" />
    </UnitTest>
    <UnitTest name="Map_TableRowWithCells_ConvertsToJsonTableRow" storage="c:\users\ericcarlson\documents\github\pickles\src\pickles.test\bin\debug\net6.0\picklesdoc.pickles.test.dll" id="aef8551c-05cb-2cf2-3f00-57a0d48780f4">
      <Execution id="dffa8510-79e5-4bca-88fb-5906ec724197" />
      <TestMethod codeBase="C:\Users\ericcarlson\documents\github\pickles\src\Pickles.Test\bin\Debug\net6.0\PicklesDoc.Pickles.Test.dll" adapterTypeName="executor://nunit3testexecutor/" className="PicklesDoc.Pickles.Test.ObjectModel.Json.TableRowToJsonTableRowMapperTests" name="Map_TableRowWithCells_ConvertsToJsonTableRow" />
    </UnitTest>
    <UnitTest name="MapToScenarioOutline_TitleSpecialCharacters_HasValidSlug" storage="c:\users\ericcarlson\documents\github\pickles\src\pickles.test\bin\debug\net6.0\picklesdoc.pickles.test.dll" id="ea670fd5-fafa-be15-3f39-ea160de405a5">
      <Execution id="8678852d-05a9-4dae-894a-f3bfcccb5826" />
      <TestMethod codeBase="C:\Users\ericcarlson\documents\github\pickles\src\Pickles.Test\bin\Debug\net6.0\PicklesDoc.Pickles.Test.dll" adapterTypeName="executor://nunit3testexecutor/" className="PicklesDoc.Pickles.Test.ObjectModel.MapperTestsForScenarioOutline" name="MapToScenarioOutline_TitleSpecialCharacters_HasValidSlug" />
    </UnitTest>
    <UnitTest name="Then_can_parse_scenario_with_tags_successfully" storage="c:\users\ericcarlson\documents\github\pickles\src\pickles.test\bin\debug\net6.0\picklesdoc.pickles.test.dll" id="3469300e-035a-5249-282c-445c8034c44b">
      <Execution id="e73fa5aa-b174-4e87-9a38-1f913b225361" />
      <TestMethod codeBase="C:\Users\ericcarlson\documents\github\pickles\src\Pickles.Test\bin\Debug\net6.0\PicklesDoc.Pickles.Test.dll" adapterTypeName="executor://nunit3testexecutor/" className="PicklesDoc.Pickles.Test.WhenParsingFeatureFiles" name="Then_can_parse_scenario_with_tags_successfully" />
    </UnitTest>
    <UnitTest name="Map_And_ReturnsAnd" storage="c:\users\ericcarlson\documents\github\pickles\src\pickles.test\bin\debug\net6.0\picklesdoc.pickles.test.dll" id="33105edf-e833-84c3-9d73-5c48e0d690f3">
      <Execution id="a57c1657-d3b9-4786-92db-6ece82f4384d" />
      <TestMethod codeBase="C:\Users\ericcarlson\documents\github\pickles\src\Pickles.Test\bin\Debug\net6.0\PicklesDoc.Pickles.Test.dll" adapterTypeName="executor://nunit3testexecutor/" className="PicklesDoc.Pickles.Test.ObjectModel.Json.KeywordToJsonKeywordMapperTests" name="Map_And_ReturnsAnd" />
    </UnitTest>
    <UnitTest name="ToUriFileSystemInfo_FileInfo_ProducesUri" storage="c:\users\ericcarlson\documents\github\pickles\src\pickles.test\bin\debug\net6.0\picklesdoc.pickles.test.dll" id="facb13ba-4279-8129-3d61-b8f32c8851aa">
      <Execution id="6a61646a-67e5-41c9-9c1d-4963c7dd1ef9" />
      <TestMethod codeBase="C:\Users\ericcarlson\documents\github\pickles\src\Pickles.Test\bin\Debug\net6.0\PicklesDoc.Pickles.Test.dll" adapterTypeName="executor://nunit3testexecutor/" className="PicklesDoc.Pickles.Test.Extensions.UriExtensionsTests" name="ToUriFileSystemInfo_FileInfo_ProducesUri" />
    </UnitTest>
    <UnitTest name="ToUriFileInfo_NormalFilename_ProducesUri" storage="c:\users\ericcarlson\documents\github\pickles\src\pickles.test\bin\debug\net6.0\picklesdoc.pickles.test.dll" id="216afdda-9f90-6646-2d48-d4b3f580d4ec">
      <Execution id="83d05648-b933-406a-bedd-9af820813d26" />
      <TestMethod codeBase="C:\Users\ericcarlson\documents\github\pickles\src\Pickles.Test\bin\Debug\net6.0\PicklesDoc.Pickles.Test.dll" adapterTypeName="executor://nunit3testexecutor/" className="PicklesDoc.Pickles.Test.Extensions.UriExtensionsTests" name="ToUriFileInfo_NormalFilename_ProducesUri" />
    </UnitTest>
    <UnitTest name="ThenCanFormatTextWithNumberFollowedByCapitalAsWikiWordSuccessfully" storage="c:\users\ericcarlson\documents\github\pickles\src\pickles.test\bin\debug\net6.0\picklesdoc.pickles.test.dll" id="81765902-660e-6877-86d8-ec70f35715ec">
      <Execution id="70efc68c-6477-4b4b-86c3-b9ace63614d8" />
      <TestMethod codeBase="C:\Users\ericcarlson\documents\github\pickles\src\Pickles.Test\bin\Debug\net6.0\PicklesDoc.Pickles.Test.dll" adapterTypeName="executor://nunit3testexecutor/" className="PicklesDoc.Pickles.Test.Extensions.StringExtensionsTests" name="ThenCanFormatTextWithNumberFollowedByCapitalAsWikiWordSuccessfully" />
    </UnitTest>
    <UnitTest name="MapToExample_NullExamples_ReturnsNullExample" storage="c:\users\ericcarlson\documents\github\pickles\src\pickles.test\bin\debug\net6.0\picklesdoc.pickles.test.dll" id="f68824d7-0984-58d5-473e-d248d29d1f81">
      <Execution id="2ad30181-8271-4a0c-9114-48ea5cb93030" />
      <TestMethod codeBase="C:\Users\ericcarlson\documents\github\pickles\src\Pickles.Test\bin\Debug\net6.0\PicklesDoc.Pickles.Test.dll" adapterTypeName="executor://nunit3testexecutor/" className="PicklesDoc.Pickles.Test.ObjectModel.MapperTestsForExample" name="MapToExample_NullExamples_ReturnsNullExample" />
    </UnitTest>
    <UnitTest name="MapToScenario_BackgroundWithNullDescription_ReturnsScenarioWithEmptyDescription" storage="c:\users\ericcarlson\documents\github\pickles\src\pickles.test\bin\debug\net6.0\picklesdoc.pickles.test.dll" id="2f32466c-54e6-c512-f429-2080bcc91825">
      <Execution id="e4706b53-8a3e-4679-bea6-be158e8b358e" />
      <TestMethod codeBase="C:\Users\ericcarlson\documents\github\pickles\src\Pickles.Test\bin\Debug\net6.0\PicklesDoc.Pickles.Test.dll" adapterTypeName="executor://nunit3testexecutor/" className="PicklesDoc.Pickles.Test.ObjectModel.MapperTestsForBackground" name="MapToScenario_BackgroundWithNullDescription_ReturnsScenarioWithEmptyDescription" />
    </UnitTest>
    <UnitTest name="MapToFeature_FeatureWithBackground_ReturnsFeatureWithBackground" storage="c:\users\ericcarlson\documents\github\pickles\src\pickles.test\bin\debug\net6.0\picklesdoc.pickles.test.dll" id="d08c1047-4425-a8ef-3977-424f7044543c">
      <Execution id="5e41307b-dc80-41c0-996b-f12a0de2ce64" />
      <TestMethod codeBase="C:\Users\ericcarlson\documents\github\pickles\src\Pickles.Test\bin\Debug\net6.0\PicklesDoc.Pickles.Test.dll" adapterTypeName="executor://nunit3testexecutor/" className="PicklesDoc.Pickles.Test.ObjectModel.MapperTestsForFeature" name="MapToFeature_FeatureWithBackground_ReturnsFeatureWithBackground" />
    </UnitTest>
    <UnitTest name="ThenCanResolveTheSelectedIDocumentationBuilder(Html,PicklesDoc.Pickles.DocumentationBuilders.Html.HtmlDocumentationBuilder)" storage="c:\users\ericcarlson\documents\github\pickles\src\pickles.test\bin\debug\net6.0\picklesdoc.pickles.test.dll" id="ae41c349-5474-73e3-363c-e03b2af702b4">
      <Execution id="36e2e3b3-4b02-4c6d-aef0-3dfa957520d4" />
      <TestMethod codeBase="C:\Users\ericcarlson\documents\github\pickles\src\Pickles.Test\bin\Debug\net6.0\PicklesDoc.Pickles.Test.dll" adapterTypeName="executor://nunit3testexecutor/" className="PicklesDoc.Pickles.Test.WhenResolvingADocumentationBuilder" name="ThenCanResolveTheSelectedIDocumentationBuilder(Html,PicklesDoc.Pickles.DocumentationBuilders.Html.HtmlDocumentationBuilder)" />
    </UnitTest>
  </TestDefinitions>
  <TestEntries>
    <TestEntry testId="1bf0b620-508f-e5dc-9a04-0b8d440ef88c" executionId="32ca4a05-d3ff-4f4b-a00f-af586831c9cb" testListId="8c84fa94-04c1-424b-9868-57a2d4851a1d" />
    <TestEntry testId="66492ce0-50fe-4131-fc04-f0f70d82b725" executionId="0e34714a-44c5-4b70-9dc4-df1916cc7123" testListId="8c84fa94-04c1-424b-9868-57a2d4851a1d" />
    <TestEntry testId="085184fe-e868-8379-b878-742948946639" executionId="449b4670-5cb7-42ac-be3e-99ea41842cec" testListId="8c84fa94-04c1-424b-9868-57a2d4851a1d" />
    <TestEntry testId="2ecfc0bc-21d0-9225-7733-601491925d83" executionId="081934d9-cefb-4bbf-a25f-121bda7d9d6f" testListId="8c84fa94-04c1-424b-9868-57a2d4851a1d" />
    <TestEntry testId="54394cfc-30d0-1b21-a9c9-bf82c6c4e0e4" executionId="f05297e1-d923-4d4c-bbf1-ba7ab495cbd9" testListId="8c84fa94-04c1-424b-9868-57a2d4851a1d" />
    <TestEntry testId="6d88a6f4-e9ba-b488-7fca-3a2a8f87fcdb" executionId="230f9915-a1a1-4ecf-9c95-162bfa4b5d44" testListId="8c84fa94-04c1-424b-9868-57a2d4851a1d" />
    <TestEntry testId="441fccae-3b8f-46a3-a8ec-69ee090eade3" executionId="4cdbc9c7-f76f-4077-9012-e48ee0ade180" testListId="8c84fa94-04c1-424b-9868-57a2d4851a1d" />
    <TestEntry testId="1a925225-7345-bea6-a5d1-7fa98d2cfa7a" executionId="7dff6567-379e-4a7b-8b95-0c0fe2dfb017" testListId="8c84fa94-04c1-424b-9868-57a2d4851a1d" />
    <TestEntry testId="1ef557f7-18cb-a8c3-1cc5-a8b4f5dc1b33" executionId="883fa639-1cee-4069-92fa-af691b415e3c" testListId="8c84fa94-04c1-424b-9868-57a2d4851a1d" />
    <TestEntry testId="902de792-f705-6364-b7ff-7e3bf94c757c" executionId="236a3a79-4d0a-4e44-b3b4-b04a2e666556" testListId="8c84fa94-04c1-424b-9868-57a2d4851a1d" />
    <TestEntry testId="58c9e785-2ac6-9bcb-7efe-6d35daa42a6c" executionId="f2b5a300-2772-400d-82ea-d08c19a74f3a" testListId="8c84fa94-04c1-424b-9868-57a2d4851a1d" />
    <TestEntry testId="9f54fc7b-943f-a736-270e-322b76b12240" executionId="083890ab-f46a-40b3-af41-c75a9be7a525" testListId="8c84fa94-04c1-424b-9868-57a2d4851a1d" />
    <TestEntry testId="d92eaaf4-b839-67e3-ea8a-60df87c4cfbd" executionId="e4ab200d-c28a-4f10-b49a-55cb7c3c02de" testListId="8c84fa94-04c1-424b-9868-57a2d4851a1d" />
    <TestEntry testId="b3a40561-d822-6f86-f3da-df64bc9ebecd" executionId="d7fe6de6-0437-4280-b5fb-25a3fe7bc877" testListId="8c84fa94-04c1-424b-9868-57a2d4851a1d" />
    <TestEntry testId="43552591-3b54-90fc-42f1-6f682043a4e0" executionId="c64178c8-d329-42b9-9cd6-5ac008c30e4e" testListId="8c84fa94-04c1-424b-9868-57a2d4851a1d" />
    <TestEntry testId="469a685d-4e1b-0133-054e-35e10cec9810" executionId="a49aad82-d73b-41d7-9a64-35ba31fbfef9" testListId="8c84fa94-04c1-424b-9868-57a2d4851a1d" />
    <TestEntry testId="15c6ac4d-16dc-6060-b25a-37948ceea996" executionId="4128abe1-950f-4096-a2b4-b25d2908fd2e" testListId="8c84fa94-04c1-424b-9868-57a2d4851a1d" />
    <TestEntry testId="d90c12dd-95d4-2680-665c-a9724bf3407c" executionId="df929d35-e4a9-4ca0-b00f-37baa47db5be" testListId="8c84fa94-04c1-424b-9868-57a2d4851a1d" />
    <TestEntry testId="4c3b0b4e-8fbb-7811-7a21-4748a52bc3e2" executionId="ab955724-e200-4fcd-aa23-d4e1a96fc2f2" testListId="8c84fa94-04c1-424b-9868-57a2d4851a1d" />
    <TestEntry testId="5d7eb242-2da2-1aff-54be-febe9c23c1d1" executionId="b8a72ea8-45bb-4c1e-86cf-831d7b49a06f" testListId="8c84fa94-04c1-424b-9868-57a2d4851a1d" />
    <TestEntry testId="801681ec-6f06-528d-01cb-0c438e16a2db" executionId="d6fcd27d-126b-49a6-be93-c412bb2af216" testListId="8c84fa94-04c1-424b-9868-57a2d4851a1d" />
    <TestEntry testId="359602d4-5c8b-a71b-3178-d67e251b597f" executionId="420dc835-a65b-414d-b71a-cb3a67ab015b" testListId="8c84fa94-04c1-424b-9868-57a2d4851a1d" />
    <TestEntry testId="f5d77dae-7864-4aa7-6ea9-efd787914fdc" executionId="27a38c8f-ee21-4bc4-8ad9-ae4d3e0b6052" testListId="8c84fa94-04c1-424b-9868-57a2d4851a1d" />
    <TestEntry testId="74539da9-e8d8-3db8-fc39-faa5f1db68f1" executionId="4611538b-deb3-49ac-8f27-d14a0a4e464b" testListId="8c84fa94-04c1-424b-9868-57a2d4851a1d" />
    <TestEntry testId="5b735e33-8631-fc28-0819-93b4df2659c4" executionId="684be0ad-1884-44d1-a520-d2ab99312615" testListId="8c84fa94-04c1-424b-9868-57a2d4851a1d" />
    <TestEntry testId="47d60e4c-7728-7fa1-ef17-3a29405824ca" executionId="be3e6399-db19-4094-ab9c-edc8632fb756" testListId="8c84fa94-04c1-424b-9868-57a2d4851a1d" />
    <TestEntry testId="f68824d7-0984-58d5-473e-d248d29d1f81" executionId="2ad30181-8271-4a0c-9114-48ea5cb93030" testListId="8c84fa94-04c1-424b-9868-57a2d4851a1d" />
    <TestEntry testId="c3fc67c9-f6cc-0277-4e92-395574eb470c" executionId="fffc1797-df5b-4f46-8115-a623e2f612d1" testListId="8c84fa94-04c1-424b-9868-57a2d4851a1d" />
    <TestEntry testId="dc07b652-b5fa-fc33-626f-4ab4993e82ab" executionId="9f5efbc1-f692-44a6-b58e-e879dc1ecbc1" testListId="8c84fa94-04c1-424b-9868-57a2d4851a1d" />
    <TestEntry testId="a03e2c23-c864-b123-24c0-3ec5ce0b2cf3" executionId="43a6cebf-20c2-4bbc-846a-790e77d90c41" testListId="8c84fa94-04c1-424b-9868-57a2d4851a1d" />
    <TestEntry testId="e872ace4-29b8-3b56-871c-345e18778c92" executionId="03312c6b-c622-4e3c-890d-2eabd391107d" testListId="8c84fa94-04c1-424b-9868-57a2d4851a1d" />
    <TestEntry testId="99a25f48-0d46-1e4c-d856-1a93a4215220" executionId="b75e7c33-9dee-445a-8a64-a3b072a618a0" testListId="8c84fa94-04c1-424b-9868-57a2d4851a1d" />
    <TestEntry testId="f1eb8b6a-9375-3801-5631-df4597432bd1" executionId="60cb396d-4851-4ffd-bdc5-530f50faa409" testListId="8c84fa94-04c1-424b-9868-57a2d4851a1d" />
    <TestEntry testId="fef5814c-e293-359f-3b1e-c7507dc38524" executionId="741fa31c-a5ce-4712-a773-ce2eb0451a0d" testListId="8c84fa94-04c1-424b-9868-57a2d4851a1d" />
    <TestEntry testId="8886bee6-e2cf-0623-d741-e916013e519a" executionId="7ab459fc-b1d0-42cf-a974-49350571d7f0" testListId="8c84fa94-04c1-424b-9868-57a2d4851a1d" />
    <TestEntry testId="69d56e98-4eff-4355-eeb5-6709592411a0" executionId="1f3c3cd7-d36f-4199-98c0-6ac053941690" testListId="8c84fa94-04c1-424b-9868-57a2d4851a1d" />
    <TestEntry testId="7bb5e631-9147-0063-5795-e8fe0b38a046" executionId="09123331-69ab-456e-9e4c-ba318675cbae" testListId="8c84fa94-04c1-424b-9868-57a2d4851a1d" />
    <TestEntry testId="0537d0ef-2381-cd61-1563-2c44728b16d8" executionId="d8f12f63-ac62-4440-8080-abcbe43c6fa4" testListId="8c84fa94-04c1-424b-9868-57a2d4851a1d" />
    <TestEntry testId="eea99d72-2be5-3f19-63ae-66ae53007fed" executionId="f498696f-1f2d-41fd-a239-03ff5baa3aae" testListId="8c84fa94-04c1-424b-9868-57a2d4851a1d" />
    <TestEntry testId="42ebbc3e-9cb4-7b29-f224-f1d9cba21bf9" executionId="4bf61370-a83a-465c-a704-932e32607087" testListId="8c84fa94-04c1-424b-9868-57a2d4851a1d" />
    <TestEntry testId="8e6eb9e8-caeb-6fdc-4c95-879f9b06c4bd" executionId="c36c15da-3524-4196-9a33-2f306e112d40" testListId="8c84fa94-04c1-424b-9868-57a2d4851a1d" />
    <TestEntry testId="37fe9d09-a818-1ef8-df58-f72c0d297037" executionId="72b9f6c8-f362-410d-af18-77559ecacb23" testListId="8c84fa94-04c1-424b-9868-57a2d4851a1d" />
    <TestEntry testId="299d9885-53d7-e812-ce71-f67d71904c3f" executionId="55b3e210-3efa-4d96-8f69-bbb74e957d93" testListId="8c84fa94-04c1-424b-9868-57a2d4851a1d" />
    <TestEntry testId="406df244-d1c3-813e-16f9-3ed6d4fe1b59" executionId="7ff5bf42-cda3-476b-95c7-2bb05dd1bf2f" testListId="8c84fa94-04c1-424b-9868-57a2d4851a1d" />
    <TestEntry testId="9434f0b6-144d-fa9a-e2fd-7b54edae4153" executionId="6a70e313-2db5-4540-972e-baca17aed327" testListId="8c84fa94-04c1-424b-9868-57a2d4851a1d" />
    <TestEntry testId="07a9d1df-9555-65c3-26a0-2bcdd39868c6" executionId="11e31fc8-210a-4585-9de9-f1ad7e59b99f" testListId="8c84fa94-04c1-424b-9868-57a2d4851a1d" />
    <TestEntry testId="bc86b314-5fe6-6bdd-9f3a-a18c69ce6d0f" executionId="5e39207e-0394-4fbd-9db4-3945f64bf0dc" testListId="8c84fa94-04c1-424b-9868-57a2d4851a1d" />
    <TestEntry testId="a606fd29-5ae7-b480-ad67-6c591600d344" executionId="6e3bc3e5-f70c-4841-9215-392b1daa7c11" testListId="8c84fa94-04c1-424b-9868-57a2d4851a1d" />
    <TestEntry testId="c4796383-dd20-0fa4-0454-b0730eb75248" executionId="5885dbc5-4579-4b56-a93f-b1f203de3915" testListId="8c84fa94-04c1-424b-9868-57a2d4851a1d" />
    <TestEntry testId="ee515d6c-2d47-b4a0-9e7c-d4b3563152a1" executionId="a818d036-25b1-45ea-beaf-9c8b217ad7f2" testListId="8c84fa94-04c1-424b-9868-57a2d4851a1d" />
    <TestEntry testId="ae41c349-5474-73e3-363c-e03b2af702b4" executionId="36e2e3b3-4b02-4c6d-aef0-3dfa957520d4" testListId="8c84fa94-04c1-424b-9868-57a2d4851a1d" />
    <TestEntry testId="055dd1b0-0a2c-8108-d65a-6f6f4684a4ce" executionId="416e5696-dbc3-4053-bf84-5dc0cc768655" testListId="8c84fa94-04c1-424b-9868-57a2d4851a1d" />
    <TestEntry testId="4a5df4ca-f345-0994-08e9-9a292fd5e958" executionId="edb898d4-4c9a-4436-afba-48ed250748d9" testListId="8c84fa94-04c1-424b-9868-57a2d4851a1d" />
    <TestEntry testId="9896fd01-1602-19ad-40eb-c38536268da9" executionId="e086c34e-fc2d-4ed9-9620-f30494b3f94f" testListId="8c84fa94-04c1-424b-9868-57a2d4851a1d" />
    <TestEntry testId="919a0def-61d6-a630-f655-9a4c320ae4c8" executionId="993491b8-084e-456c-aad8-1242a927161e" testListId="8c84fa94-04c1-424b-9868-57a2d4851a1d" />
    <TestEntry testId="18b2326c-4bed-936a-779f-ca59ee086658" executionId="4d93e9da-b70f-4b7c-a864-485aa772196b" testListId="8c84fa94-04c1-424b-9868-57a2d4851a1d" />
    <TestEntry testId="245405dd-491a-55b3-14cd-299fc71fa07d" executionId="d432ff85-4086-41ed-9753-cf71bfd0e3d0" testListId="8c84fa94-04c1-424b-9868-57a2d4851a1d" />
    <TestEntry testId="a9da35b8-99a8-fe50-9531-fe6e4dd9b7fc" executionId="6758ca55-ba78-4cb5-9b93-78c412f0e3e1" testListId="8c84fa94-04c1-424b-9868-57a2d4851a1d" />
    <TestEntry testId="8de2a033-b676-2f53-2f59-0733a195f808" executionId="55ea1fcb-f1cd-467f-bc75-ac941cfa23c9" testListId="8c84fa94-04c1-424b-9868-57a2d4851a1d" />
    <TestEntry testId="3019d3c2-0c54-5274-c78e-81740248b858" executionId="b60156a1-4b41-462a-94cc-63b4277347e7" testListId="8c84fa94-04c1-424b-9868-57a2d4851a1d" />
    <TestEntry testId="0deeb8ae-3a20-2371-5a6c-b2ecc1099272" executionId="52626ed0-fd77-40ca-afff-0ea10f54a680" testListId="8c84fa94-04c1-424b-9868-57a2d4851a1d" />
    <TestEntry testId="a0490bd8-72d0-eb80-99c2-9e2dd52b73ee" executionId="75cc768a-d272-421a-a2c3-2d893efdcaec" testListId="8c84fa94-04c1-424b-9868-57a2d4851a1d" />
    <TestEntry testId="023432c7-067d-a2df-fa8e-8d2b0c485356" executionId="31c1d868-8b0a-4039-aa15-bc4cff6f48b7" testListId="8c84fa94-04c1-424b-9868-57a2d4851a1d" />
    <TestEntry testId="14c91b84-b688-7c5e-d960-73e0d6089384" executionId="5bc576a9-629b-4779-a5a6-caee00a284c5" testListId="8c84fa94-04c1-424b-9868-57a2d4851a1d" />
    <TestEntry testId="a9d18150-cea2-1f58-98af-2d8981b7023b" executionId="ba3adaf7-8c84-4fee-9741-36ccd08cc389" testListId="8c84fa94-04c1-424b-9868-57a2d4851a1d" />
    <TestEntry testId="7d4b2fb4-4f47-e69c-8783-b5d5edc4e395" executionId="ffd731d4-c4f9-44b1-89e6-5e7804ce3486" testListId="8c84fa94-04c1-424b-9868-57a2d4851a1d" />
    <TestEntry testId="a19c62ca-31cc-64e1-f5dd-6b73618efdbd" executionId="09e9c2e2-71fe-4488-abbc-008c31ad2c17" testListId="8c84fa94-04c1-424b-9868-57a2d4851a1d" />
    <TestEntry testId="920efb33-30de-9f4f-92fb-5da03c8d73d8" executionId="310d12ba-5bc8-478c-b9bc-88a46299d6cd" testListId="8c84fa94-04c1-424b-9868-57a2d4851a1d" />
    <TestEntry testId="4a3558be-633c-b5e1-e65c-31f677abdb6a" executionId="41ed1522-6d30-4f44-9513-73199125e793" testListId="8c84fa94-04c1-424b-9868-57a2d4851a1d" />
    <TestEntry testId="1778f960-3877-9ea7-360f-a6725dc97989" executionId="371e5a48-2b2e-44cf-831d-0e97ba26c303" testListId="8c84fa94-04c1-424b-9868-57a2d4851a1d" />
    <TestEntry testId="83e26a96-56bc-6d91-1739-e2e0f0465b03" executionId="f3799239-a878-432b-8d5a-6cbe8257c67b" testListId="8c84fa94-04c1-424b-9868-57a2d4851a1d" />
    <TestEntry testId="7c126b7b-3ee7-2707-c0f6-a67c3217c339" executionId="695dbcac-bd7a-4fb3-aa87-8f27a9223b01" testListId="8c84fa94-04c1-424b-9868-57a2d4851a1d" />
    <TestEntry testId="23955a31-cf35-8855-1092-98631cf687d8" executionId="a7605557-cc43-4980-9050-28bcc06f56c2" testListId="8c84fa94-04c1-424b-9868-57a2d4851a1d" />
    <TestEntry testId="91378188-0153-6848-6e24-0c45539dcf6d" executionId="3f66b3b2-05f5-4e3b-8a58-440c8d6935d8" testListId="8c84fa94-04c1-424b-9868-57a2d4851a1d" />
    <TestEntry testId="421a6e45-c786-7a38-bb88-c8e678f20118" executionId="c0543416-d786-4e9e-8a06-ddebd3d3634a" testListId="8c84fa94-04c1-424b-9868-57a2d4851a1d" />
    <TestEntry testId="ea670fd5-fafa-be15-3f39-ea160de405a5" executionId="8678852d-05a9-4dae-894a-f3bfcccb5826" testListId="8c84fa94-04c1-424b-9868-57a2d4851a1d" />
    <TestEntry testId="c826d657-b8f4-5226-a39c-eb7188bc6544" executionId="6ec48289-855e-4442-b8c4-6faa19436254" testListId="8c84fa94-04c1-424b-9868-57a2d4851a1d" />
    <TestEntry testId="9bd1749b-1791-ec4a-f271-7478791738c2" executionId="a8bf68f3-7dc7-4f04-97c1-d51c98e756a9" testListId="8c84fa94-04c1-424b-9868-57a2d4851a1d" />
    <TestEntry testId="f42df295-0a09-b35f-0a4f-b6a4d09ce712" executionId="2596f532-98a7-44a1-9011-fb05dc96a01b" testListId="8c84fa94-04c1-424b-9868-57a2d4851a1d" />
    <TestEntry testId="2d1e8734-39be-985c-1537-9f979ee40cdf" executionId="f565349b-0174-4579-bcaf-8232a010f609" testListId="8c84fa94-04c1-424b-9868-57a2d4851a1d" />
    <TestEntry testId="aef8551c-05cb-2cf2-3f00-57a0d48780f4" executionId="dffa8510-79e5-4bca-88fb-5906ec724197" testListId="8c84fa94-04c1-424b-9868-57a2d4851a1d" />
    <TestEntry testId="91a1d4f4-07ed-e043-9cbe-b43f79013c8f" executionId="ae3c9fdc-5a39-4e03-9e58-0326565c026e" testListId="8c84fa94-04c1-424b-9868-57a2d4851a1d" />
    <TestEntry testId="c064a3cb-594b-9f1c-fd00-9c99d07e5d7d" executionId="e9058344-50fc-4f7f-9cb2-3e5e0730f3b2" testListId="8c84fa94-04c1-424b-9868-57a2d4851a1d" />
    <TestEntry testId="e1f51bb1-2532-93e9-0f45-421d8bb3ec2a" executionId="4c553099-2c61-4704-9eed-5815639f1495" testListId="8c84fa94-04c1-424b-9868-57a2d4851a1d" />
    <TestEntry testId="4d389c4f-c1a4-9777-3cc5-f0470e77453d" executionId="d9d49db7-8970-4b36-8d88-26acc1983fda" testListId="8c84fa94-04c1-424b-9868-57a2d4851a1d" />
    <TestEntry testId="4a414230-905d-7f8d-87d3-8884d0269163" executionId="5516ccd8-4892-4b17-b6ae-456cccc99b9d" testListId="8c84fa94-04c1-424b-9868-57a2d4851a1d" />
    <TestEntry testId="3469300e-035a-5249-282c-445c8034c44b" executionId="e73fa5aa-b174-4e87-9a38-1f913b225361" testListId="8c84fa94-04c1-424b-9868-57a2d4851a1d" />
    <TestEntry testId="2d57c021-10f4-7573-e131-41b5e641b7f1" executionId="1b012802-13ea-4fea-a9e7-9aa25a4b888c" testListId="8c84fa94-04c1-424b-9868-57a2d4851a1d" />
    <TestEntry testId="77906bed-4a7d-5521-51c2-4f3d836434ba" executionId="f06fdbc3-c520-4235-bb7d-746a6311e40c" testListId="8c84fa94-04c1-424b-9868-57a2d4851a1d" />
    <TestEntry testId="11ec8f68-45a3-af3f-4a85-f9e875a034b9" executionId="8c897360-5c75-4438-9bf3-d90ae9bcf2e4" testListId="8c84fa94-04c1-424b-9868-57a2d4851a1d" />
    <TestEntry testId="c0fbf6e7-772e-29b3-6edc-0a3674abefb6" executionId="a9449a88-cb54-41f2-99af-e70587d147ae" testListId="8c84fa94-04c1-424b-9868-57a2d4851a1d" />
    <TestEntry testId="ba0a5a7d-c5b5-7dd0-271b-846e5b517e29" executionId="dccbc330-aa80-4d23-9746-5f6f650bdba1" testListId="8c84fa94-04c1-424b-9868-57a2d4851a1d" />
    <TestEntry testId="45142e11-464c-9d21-08ec-b2dc0e449acc" executionId="f4089c3f-15d4-4a47-a663-e1efe5b1078b" testListId="8c84fa94-04c1-424b-9868-57a2d4851a1d" />
    <TestEntry testId="0aa79223-629c-5269-1c07-377109cd0bcb" executionId="77a94e27-ab4d-42c3-a3e5-73acd7a60961" testListId="8c84fa94-04c1-424b-9868-57a2d4851a1d" />
    <TestEntry testId="f8a55f69-4bb6-f4ce-d8cb-672a9c4c9f03" executionId="47aa610a-5830-4e47-8f37-e6648ad34148" testListId="8c84fa94-04c1-424b-9868-57a2d4851a1d" />
    <TestEntry testId="29a3c11d-efc3-2b7f-7226-91220f6ed839" executionId="6ddd997d-97a9-43c6-ba2e-7d0561a4c011" testListId="8c84fa94-04c1-424b-9868-57a2d4851a1d" />
    <TestEntry testId="90282de9-ec82-4e67-bd23-4cc70ee9315b" executionId="3b8d34bd-bd39-4e94-adc2-9baa335d27ff" testListId="8c84fa94-04c1-424b-9868-57a2d4851a1d" />
    <TestEntry testId="abc15c7b-e91f-721b-1bac-97e82836e053" executionId="3b1d3423-6f2e-45af-ac9b-964b3415ab2d" testListId="8c84fa94-04c1-424b-9868-57a2d4851a1d" />
    <TestEntry testId="9f075bd6-5d09-682b-185d-903bddefcd8e" executionId="ae8a3370-324d-412f-855f-bbb0b32ac887" testListId="8c84fa94-04c1-424b-9868-57a2d4851a1d" />
    <TestEntry testId="5e5b21c4-f8f1-3d2f-7050-4379c0fa7d2f" executionId="e1f3f28b-3b28-44fc-8fc2-8e2f4024af87" testListId="8c84fa94-04c1-424b-9868-57a2d4851a1d" />
    <TestEntry testId="ecfa8010-b0ed-0c28-6fc0-090d48a06e33" executionId="689bbcc3-c501-4180-b1f9-774989214b15" testListId="8c84fa94-04c1-424b-9868-57a2d4851a1d" />
    <TestEntry testId="b85c644b-8489-cbb9-6e06-ef4de46141c2" executionId="95d7d6be-21fd-4d72-b203-83186df5eecc" testListId="8c84fa94-04c1-424b-9868-57a2d4851a1d" />
    <TestEntry testId="a76a52d2-e464-7beb-7062-8f2eeda29156" executionId="ab3eaff6-1623-406e-a9df-1bfa1a7e72b6" testListId="8c84fa94-04c1-424b-9868-57a2d4851a1d" />
    <TestEntry testId="fc601999-9e44-2983-a7fb-26c9b68b5726" executionId="766235c8-a3e6-4067-a915-eee2a288c03f" testListId="8c84fa94-04c1-424b-9868-57a2d4851a1d" />
    <TestEntry testId="b5808cb5-1ccc-f6ad-2d48-84256ff70878" executionId="130528a7-7090-41cd-a7a3-4302d1de5f84" testListId="8c84fa94-04c1-424b-9868-57a2d4851a1d" />
    <TestEntry testId="81765902-660e-6877-86d8-ec70f35715ec" executionId="70efc68c-6477-4b4b-86c3-b9ace63614d8" testListId="8c84fa94-04c1-424b-9868-57a2d4851a1d" />
    <TestEntry testId="7355de11-ecb9-78c1-e9a7-a6ad6863c717" executionId="df1b3da8-3593-41ac-9cc0-15fa448774ba" testListId="8c84fa94-04c1-424b-9868-57a2d4851a1d" />
    <TestEntry testId="d8574c62-7f64-edaf-9bb3-a57031c9c43d" executionId="9eb3fce0-3c96-4f19-acd3-fe8f3d7c8d68" testListId="8c84fa94-04c1-424b-9868-57a2d4851a1d" />
    <TestEntry testId="91630d50-5bca-7acf-6341-4417c7067c35" executionId="78241c28-f861-4cc0-b8f1-0736770c6129" testListId="8c84fa94-04c1-424b-9868-57a2d4851a1d" />
    <TestEntry testId="6fd40770-cb6f-4692-f9e6-68b2c60e90b9" executionId="356012c3-0668-474c-aeda-4b52e15cb3c7" testListId="8c84fa94-04c1-424b-9868-57a2d4851a1d" />
    <TestEntry testId="e31e485a-1cf3-d830-234b-7b05e837d621" executionId="7364563d-0702-4779-8cb8-51cd707e4aa7" testListId="8c84fa94-04c1-424b-9868-57a2d4851a1d" />
    <TestEntry testId="8a496478-cb58-07dc-ff9e-8b8291b01ce1" executionId="5ce5f620-9ba1-46cf-ade4-3b7ab986ac1f" testListId="8c84fa94-04c1-424b-9868-57a2d4851a1d" />
    <TestEntry testId="2ded35d7-32fa-b312-206c-4530f3316064" executionId="efc2714c-98ea-4919-b33a-385ea95c05e3" testListId="8c84fa94-04c1-424b-9868-57a2d4851a1d" />
    <TestEntry testId="b26fb74e-729d-8047-377b-8be9da93dbdb" executionId="18779808-aa0b-4b45-9e69-47826c15de29" testListId="8c84fa94-04c1-424b-9868-57a2d4851a1d" />
    <TestEntry testId="d1607d13-bf37-a017-7c4d-310c80ac28d2" executionId="da159726-70b6-49fb-9826-4faa55220d16" testListId="8c84fa94-04c1-424b-9868-57a2d4851a1d" />
    <TestEntry testId="cd326f26-4b5c-a5b5-7db2-4bedf97529df" executionId="7e146293-2685-43e4-a0f4-ee8ae1fa0811" testListId="8c84fa94-04c1-424b-9868-57a2d4851a1d" />
    <TestEntry testId="ef1fded0-9368-0b89-add4-288e25a22d19" executionId="cda6f3c3-8353-44ed-b86b-d317342dd9c9" testListId="8c84fa94-04c1-424b-9868-57a2d4851a1d" />
    <TestEntry testId="2497e506-3dc8-5ae6-a611-63bce47ee455" executionId="16aca807-fdc4-494e-86b5-4391b89233d5" testListId="8c84fa94-04c1-424b-9868-57a2d4851a1d" />
    <TestEntry testId="b2f41475-071c-06b4-373d-577f6af5c5d6" executionId="7c4cb222-7bfd-4291-97ba-5d81cad027f5" testListId="8c84fa94-04c1-424b-9868-57a2d4851a1d" />
    <TestEntry testId="f1ed17de-9249-363e-707b-4aac0d4a7566" executionId="222ac6e0-baee-4a2f-9534-1d1cf1a35e54" testListId="8c84fa94-04c1-424b-9868-57a2d4851a1d" />
    <TestEntry testId="c9d41f4b-061e-ad0e-ab6b-66d3fd7a5896" executionId="1965fb51-f311-4482-8acc-c034cedb88e0" testListId="8c84fa94-04c1-424b-9868-57a2d4851a1d" />
    <TestEntry testId="cea95d72-0e0c-6c38-dd31-2635e4fc12d8" executionId="845943e3-40d5-4734-b7ce-e2669c92ec4c" testListId="8c84fa94-04c1-424b-9868-57a2d4851a1d" />
    <TestEntry testId="333786c1-b534-29dd-7545-8381a9bd91d8" executionId="ae5f302b-0526-4bb2-a21d-472b8e95c390" testListId="8c84fa94-04c1-424b-9868-57a2d4851a1d" />
    <TestEntry testId="4d94901a-0408-1f44-6b67-c45adb96b544" executionId="7a3a57ee-7a18-4f4a-839d-ea532ef25607" testListId="8c84fa94-04c1-424b-9868-57a2d4851a1d" />
    <TestEntry testId="523f430c-589f-aafd-1b2b-05118044b2a8" executionId="19b7b426-cfff-4940-b668-7fb3cda943df" testListId="8c84fa94-04c1-424b-9868-57a2d4851a1d" />
    <TestEntry testId="68f64e68-24e0-ca45-5d01-93a0ed765eae" executionId="2167c122-d09e-436a-95ca-c8e7740005c3" testListId="8c84fa94-04c1-424b-9868-57a2d4851a1d" />
    <TestEntry testId="c64ab3fd-a5a1-5878-7c1a-1e8a8afbf3b9" executionId="bbf2f6e5-a4c9-4f98-8800-4c937042f7e2" testListId="8c84fa94-04c1-424b-9868-57a2d4851a1d" />
    <TestEntry testId="79e9a2d5-6fd7-c594-c7c3-6a0aee043d3b" executionId="b391ff2a-39f3-4e41-b453-fae43b2146c5" testListId="8c84fa94-04c1-424b-9868-57a2d4851a1d" />
    <TestEntry testId="8ecd3a27-de14-37b0-a475-7f1b4251867d" executionId="1439e304-76bd-42fa-8e1b-464fbe8e7d21" testListId="8c84fa94-04c1-424b-9868-57a2d4851a1d" />
    <TestEntry testId="e1d5832b-53c8-bd83-2d7b-38a6c413e9e9" executionId="90eaee40-a887-41a1-8f9a-2d100d497542" testListId="8c84fa94-04c1-424b-9868-57a2d4851a1d" />
    <TestEntry testId="c7b4be8c-405a-cff4-f09d-429800388a2f" executionId="c561d32e-d477-449c-ac89-29b90276d37a" testListId="8c84fa94-04c1-424b-9868-57a2d4851a1d" />
    <TestEntry testId="4fed08b0-6faa-29af-fffd-4a7101183958" executionId="a711014b-e08c-43f6-aed4-5689b7a48166" testListId="8c84fa94-04c1-424b-9868-57a2d4851a1d" />
    <TestEntry testId="0c97d668-a530-0371-fb9a-28c792581fe6" executionId="1bd1f3a0-c9f3-4ac6-bff6-fb4428a50ceb" testListId="8c84fa94-04c1-424b-9868-57a2d4851a1d" />
    <TestEntry testId="98e469bb-9f52-5e59-ff5e-c657d094c2bb" executionId="2ca101f8-83be-4888-80e9-8d0a2a02eab4" testListId="8c84fa94-04c1-424b-9868-57a2d4851a1d" />
    <TestEntry testId="facb13ba-4279-8129-3d61-b8f32c8851aa" executionId="6a61646a-67e5-41c9-9c1d-4963c7dd1ef9" testListId="8c84fa94-04c1-424b-9868-57a2d4851a1d" />
    <TestEntry testId="6d702234-c5da-512c-d19b-11f0b003c6d1" executionId="293bf427-6a96-4b38-87e7-739a1e5a791f" testListId="8c84fa94-04c1-424b-9868-57a2d4851a1d" />
    <TestEntry testId="842b0ea9-88ad-790a-c59e-e495e1c6e68b" executionId="96e9f302-a84c-46be-8ffb-500e4a8f07ef" testListId="8c84fa94-04c1-424b-9868-57a2d4851a1d" />
    <TestEntry testId="1ae221e2-cbc4-5083-5871-886c8bde94bb" executionId="eab0c3b3-ef67-4915-9eb7-b46e272f52a6" testListId="8c84fa94-04c1-424b-9868-57a2d4851a1d" />
    <TestEntry testId="f00f3d6c-4b48-2938-84c4-a91f755f803f" executionId="1c6f03c8-f2ce-4731-b4c5-b032c5bc6b47" testListId="8c84fa94-04c1-424b-9868-57a2d4851a1d" />
    <TestEntry testId="aef537d8-2872-7fbb-f05d-3fcdf7a673b8" executionId="2be8b28f-7a3c-40f0-9eb4-0084f8d6d5ad" testListId="8c84fa94-04c1-424b-9868-57a2d4851a1d" />
    <TestEntry testId="4320c348-afea-ab45-3dd4-efc1eb3772fe" executionId="94e5ec47-0431-4cef-9d4c-fe7370109ab2" testListId="8c84fa94-04c1-424b-9868-57a2d4851a1d" />
    <TestEntry testId="2ab3b04b-4f0b-0b76-e6e9-98c397a4b936" executionId="f76a6ad3-e993-4d82-a4ef-c55a7aea525a" testListId="8c84fa94-04c1-424b-9868-57a2d4851a1d" />
    <TestEntry testId="c3ab92f1-9919-8262-68eb-854764e7ba38" executionId="728a4051-a44b-4d49-8d14-f1a23399e528" testListId="8c84fa94-04c1-424b-9868-57a2d4851a1d" />
    <TestEntry testId="216afdda-9f90-6646-2d48-d4b3f580d4ec" executionId="83d05648-b933-406a-bedd-9af820813d26" testListId="8c84fa94-04c1-424b-9868-57a2d4851a1d" />
    <TestEntry testId="6608e1a4-2d57-9534-02c8-9ed8cbf3fe3c" executionId="3b9d2ffa-c752-4a3d-a3b5-3e170326979c" testListId="8c84fa94-04c1-424b-9868-57a2d4851a1d" />
    <TestEntry testId="45cb73b7-c03c-7dde-9cbf-274f19a6f153" executionId="bf7ec287-71ba-4f52-9983-7b4b15ad5596" testListId="8c84fa94-04c1-424b-9868-57a2d4851a1d" />
    <TestEntry testId="6dda5574-3208-47af-bda7-987e6b113677" executionId="2abd366d-1e91-453a-aab3-3557738ce730" testListId="8c84fa94-04c1-424b-9868-57a2d4851a1d" />
    <TestEntry testId="e9d634e6-2f2a-133f-399f-5277298a79de" executionId="166da063-c60f-4aa3-a638-ed75e414cdc4" testListId="8c84fa94-04c1-424b-9868-57a2d4851a1d" />
    <TestEntry testId="ee9a1573-ad49-6697-840a-72c1ec738307" executionId="5f288c84-62f4-4d37-957d-2ae05eb7ae87" testListId="8c84fa94-04c1-424b-9868-57a2d4851a1d" />
    <TestEntry testId="ef50a5c4-5ecf-67d2-2133-62db98825073" executionId="267f4eeb-4099-4b83-ab4b-4401d368b3c1" testListId="8c84fa94-04c1-424b-9868-57a2d4851a1d" />
    <TestEntry testId="ed1cb2a1-5bce-8780-a88b-05d623ad378e" executionId="b7ead3c1-2a87-4c4b-b494-a0f531af2b37" testListId="8c84fa94-04c1-424b-9868-57a2d4851a1d" />
    <TestEntry testId="cfc02a44-6328-e237-93b8-8ccd4232e507" executionId="b0e5a405-6732-4d69-85c6-05269a391a31" testListId="8c84fa94-04c1-424b-9868-57a2d4851a1d" />
    <TestEntry testId="237aa86c-2a79-f857-6b0b-b15024d55da5" executionId="0a2bfbef-60b3-4dc7-8504-e5bde8e95f21" testListId="8c84fa94-04c1-424b-9868-57a2d4851a1d" />
    <TestEntry testId="22b55a68-c311-5ac6-5932-e95e99f46701" executionId="9078041f-f6f6-4bf7-9f09-0984037c6b24" testListId="8c84fa94-04c1-424b-9868-57a2d4851a1d" />
    <TestEntry testId="d8703a4d-64af-90ac-3d91-d91ec6e526a2" executionId="783f43cd-6b7f-4573-9721-13f213063bea" testListId="8c84fa94-04c1-424b-9868-57a2d4851a1d" />
    <TestEntry testId="42016bf3-754c-eff4-cfc4-18801838538f" executionId="7b7a530f-88cf-4672-9f4e-5eaac6dfefb5" testListId="8c84fa94-04c1-424b-9868-57a2d4851a1d" />
    <TestEntry testId="69dcc676-4ef6-c241-adb3-07e8c9464faa" executionId="15411005-da24-44a1-bf26-3f395cc77004" testListId="8c84fa94-04c1-424b-9868-57a2d4851a1d" />
    <TestEntry testId="5b3c5d54-7a5e-d899-2d9c-c16dbf4931ca" executionId="a269ce5b-f88b-4938-b202-a9b7429f7029" testListId="8c84fa94-04c1-424b-9868-57a2d4851a1d" />
    <TestEntry testId="4ff43338-8721-dbba-445e-878079003ddc" executionId="5c7f8145-9858-4316-8b5a-f0daf6b3c7a5" testListId="8c84fa94-04c1-424b-9868-57a2d4851a1d" />
    <TestEntry testId="8a192c30-8319-60ca-9b79-083c98f4c139" executionId="e2414bd2-86ad-48c0-8a76-a1a6c81f21a5" testListId="8c84fa94-04c1-424b-9868-57a2d4851a1d" />
    <TestEntry testId="edbaf06d-2784-fb0b-6a51-d7a7b978a687" executionId="078cb341-ca89-42f0-b6ef-dc438c0627eb" testListId="8c84fa94-04c1-424b-9868-57a2d4851a1d" />
    <TestEntry testId="e1aea241-43f3-513e-2ce9-d6146ae98a5b" executionId="778bd32c-72b5-49af-b272-6be6e17ad601" testListId="8c84fa94-04c1-424b-9868-57a2d4851a1d" />
    <TestEntry testId="a83f3e46-a026-f6b2-8efd-ed8752f0f9e8" executionId="2c5fbda5-e142-40a3-b66e-ef11a71f11f7" testListId="8c84fa94-04c1-424b-9868-57a2d4851a1d" />
    <TestEntry testId="1c868ec4-ae6a-9888-5fc7-0dc13520ac66" executionId="6894edec-0a87-4c12-9e7c-6d527e50f050" testListId="8c84fa94-04c1-424b-9868-57a2d4851a1d" />
    <TestEntry testId="c9dc8fda-f925-817c-ef19-f9b9572b50ff" executionId="2751318e-ee6e-4505-be25-fd62464b2f12" testListId="8c84fa94-04c1-424b-9868-57a2d4851a1d" />
    <TestEntry testId="f7e0777a-1331-1f40-67bd-d8c8374f16be" executionId="d353af01-ad03-44f6-9e7b-d088b4d1ced4" testListId="8c84fa94-04c1-424b-9868-57a2d4851a1d" />
    <TestEntry testId="58fdf393-4dc1-4654-9f01-3990fd5b5cd7" executionId="39d9fefe-91db-48ce-b7c5-86f81409aff3" testListId="8c84fa94-04c1-424b-9868-57a2d4851a1d" />
    <TestEntry testId="46b0f1f2-e2c0-2ed3-c0f5-cf8dfe1ffe79" executionId="3efe9118-5461-4b9e-825a-cbb7ca82fd15" testListId="8c84fa94-04c1-424b-9868-57a2d4851a1d" />
    <TestEntry testId="33105edf-e833-84c3-9d73-5c48e0d690f3" executionId="a57c1657-d3b9-4786-92db-6ece82f4384d" testListId="8c84fa94-04c1-424b-9868-57a2d4851a1d" />
    <TestEntry testId="f4c7a1fe-8e1a-0bf7-6944-a7dc509a0e14" executionId="94be3207-d610-4066-b9f0-650b16fdab00" testListId="8c84fa94-04c1-424b-9868-57a2d4851a1d" />
    <TestEntry testId="e0dd9245-0af9-4add-c5ea-a8878a46de43" executionId="8da99f70-f755-4e81-80e7-f7703f279351" testListId="8c84fa94-04c1-424b-9868-57a2d4851a1d" />
    <TestEntry testId="5b7d7e18-3797-759c-db9a-5e4c609a525d" executionId="59b7b72b-48a7-4130-84a2-2da08d61a2d1" testListId="8c84fa94-04c1-424b-9868-57a2d4851a1d" />
    <TestEntry testId="40f30388-f8c4-beae-03f2-092496540fd0" executionId="463b7691-12d9-4c4c-843f-821d0ef99c56" testListId="8c84fa94-04c1-424b-9868-57a2d4851a1d" />
    <TestEntry testId="061dd521-a1d0-0649-a878-d6361edc5bc9" executionId="c4012040-4a41-4c9f-9af3-60e07c0bb414" testListId="8c84fa94-04c1-424b-9868-57a2d4851a1d" />
    <TestEntry testId="ddcc81ed-830c-5786-4d28-e9470c566f0e" executionId="8963ac45-9595-4d7f-a9ab-66346c2fe8e9" testListId="8c84fa94-04c1-424b-9868-57a2d4851a1d" />
    <TestEntry testId="a4fe69d7-576a-c1e6-1303-8a61499629eb" executionId="fd131723-e61c-4f09-b238-2a0a2b81f59f" testListId="8c84fa94-04c1-424b-9868-57a2d4851a1d" />
    <TestEntry testId="ba5db6d3-9616-c3db-94c8-bbae1d87d95f" executionId="392f96e0-e4fe-425a-958b-034ae2f18afa" testListId="8c84fa94-04c1-424b-9868-57a2d4851a1d" />
    <TestEntry testId="89911fa4-1c14-ab49-c42c-931bebac33c7" executionId="e0a517c8-ac16-4076-aa6f-d5b59413ed23" testListId="8c84fa94-04c1-424b-9868-57a2d4851a1d" />
    <TestEntry testId="b566615a-6a0e-ff7f-fdc9-66bffe7a7647" executionId="4a9111bb-0145-4a07-9f5f-1d3eaf7a18a3" testListId="8c84fa94-04c1-424b-9868-57a2d4851a1d" />
    <TestEntry testId="33ddece8-ef6e-de86-ff9f-62192d743904" executionId="82570307-2e89-4ea2-b8b8-473457c62693" testListId="8c84fa94-04c1-424b-9868-57a2d4851a1d" />
    <TestEntry testId="01cf9393-974a-501b-772e-4a5b61f1c33b" executionId="d3d9c39a-f877-41bf-b815-f14813d12251" testListId="8c84fa94-04c1-424b-9868-57a2d4851a1d" />
    <TestEntry testId="5b0b7c95-f6d8-a2fe-eb27-9c403d882838" executionId="a532934b-f905-4f9d-889e-01c245efee09" testListId="8c84fa94-04c1-424b-9868-57a2d4851a1d" />
    <TestEntry testId="e8e9bd96-bced-3cd1-ed8b-8f1f5cb07968" executionId="9fc141b9-b24b-454f-b3f0-8c70ecace82f" testListId="8c84fa94-04c1-424b-9868-57a2d4851a1d" />
    <TestEntry testId="15bff550-0c48-3ffe-9284-11b3c21248de" executionId="d52022c0-8b91-495c-88c6-3a6f9ee1cbb6" testListId="8c84fa94-04c1-424b-9868-57a2d4851a1d" />
    <TestEntry testId="3dd0b31c-7ae7-d396-3cb3-ba9a89f3a4d4" executionId="628ca3f7-60a2-4e1b-91cf-4190c39633ff" testListId="8c84fa94-04c1-424b-9868-57a2d4851a1d" />
    <TestEntry testId="91b05bdf-ff91-2509-c0c6-ca5d28e711ee" executionId="7096d6c3-2eb4-4a64-b845-fb036b981e26" testListId="8c84fa94-04c1-424b-9868-57a2d4851a1d" />
    <TestEntry testId="28772bab-df5d-6054-e291-6e60f8a662fb" executionId="7537dcaa-6a9d-4da2-aa86-36113910533b" testListId="8c84fa94-04c1-424b-9868-57a2d4851a1d" />
    <TestEntry testId="22e52513-2df6-8c27-3e3b-511650413f71" executionId="b3169312-96b4-4072-b737-294acf63264a" testListId="8c84fa94-04c1-424b-9868-57a2d4851a1d" />
    <TestEntry testId="099963f8-8e00-3f84-3a38-4573687c4438" executionId="8a293d6d-8d9c-45f3-8275-25665812bf24" testListId="8c84fa94-04c1-424b-9868-57a2d4851a1d" />
    <TestEntry testId="71626fb2-cfd5-3c05-82ee-59e28a2a2450" executionId="d1f99446-6537-4ec0-bd37-b36013bfeb1a" testListId="8c84fa94-04c1-424b-9868-57a2d4851a1d" />
    <TestEntry testId="e0322fac-aec1-23bb-b284-575e2e1315bf" executionId="3226994e-b7b2-46a7-8e09-dd8effc63a64" testListId="8c84fa94-04c1-424b-9868-57a2d4851a1d" />
    <TestEntry testId="6dac4c1c-db66-2a51-4336-9a7010a21c77" executionId="7900e51b-9871-4c80-a0e8-008302a1044b" testListId="8c84fa94-04c1-424b-9868-57a2d4851a1d" />
    <TestEntry testId="d18e2342-ed93-20fc-1486-ab5d0965097b" executionId="b99f6e3e-e1bd-43fd-8f3d-cd688aadfb30" testListId="8c84fa94-04c1-424b-9868-57a2d4851a1d" />
    <TestEntry testId="8b9757c9-77c1-3693-65ab-02394e92b990" executionId="2594b63c-c1f5-4f09-95dc-65803d4abc83" testListId="8c84fa94-04c1-424b-9868-57a2d4851a1d" />
    <TestEntry testId="5a022529-d884-a7d6-8c9f-86c67564ce23" executionId="6ceef729-0caf-4ba8-8579-41d988239e6f" testListId="8c84fa94-04c1-424b-9868-57a2d4851a1d" />
    <TestEntry testId="53961c9e-5b44-6e8d-e692-db730794cc8f" executionId="bd752cd8-ac23-448d-a1f0-7e86cd87d893" testListId="8c84fa94-04c1-424b-9868-57a2d4851a1d" />
    <TestEntry testId="3c3842c3-f734-534b-fecc-cf8c356ba236" executionId="58756cea-d70d-4178-ac33-87fb48e83e33" testListId="8c84fa94-04c1-424b-9868-57a2d4851a1d" />
    <TestEntry testId="ad2deadc-28a2-719e-7150-17ba175aa913" executionId="361494b7-8202-4395-adc6-50fd106ec526" testListId="8c84fa94-04c1-424b-9868-57a2d4851a1d" />
    <TestEntry testId="475019ae-3d7f-95bf-6137-a7ac269ca177" executionId="4c98d5be-cbb0-46ca-bbc0-d009da533d76" testListId="8c84fa94-04c1-424b-9868-57a2d4851a1d" />
    <TestEntry testId="b407155a-e5fd-8677-d804-23913edba29d" executionId="c1f480c4-2a67-4673-ace5-315033bbfd80" testListId="8c84fa94-04c1-424b-9868-57a2d4851a1d" />
    <TestEntry testId="f2a4d10f-7a23-0d3b-b616-b37bcd3d7f3d" executionId="33cbf902-47f4-43ed-9c1d-c6f7894093e6" testListId="8c84fa94-04c1-424b-9868-57a2d4851a1d" />
    <TestEntry testId="47c9a237-7b62-75f9-e1ca-dd3cd3c91f8d" executionId="496a2f23-71a1-4e87-b36c-c8875501ae02" testListId="8c84fa94-04c1-424b-9868-57a2d4851a1d" />
    <TestEntry testId="e757d0a0-d7ae-d816-fce8-24ebc2d1e194" executionId="4bbef605-6fb0-45a5-a854-4734e4847cad" testListId="8c84fa94-04c1-424b-9868-57a2d4851a1d" />
    <TestEntry testId="8c668144-2935-03c4-cb76-374695bb843a" executionId="988d973d-cdf4-4bf0-adbf-7cf9f6919a04" testListId="8c84fa94-04c1-424b-9868-57a2d4851a1d" />
    <TestEntry testId="b0f8f278-b262-e750-8aa3-1ea9a3b22ed7" executionId="74438761-3add-4631-a21c-c61281be29f8" testListId="8c84fa94-04c1-424b-9868-57a2d4851a1d" />
    <TestEntry testId="2e5eb7c4-d75d-9cf6-4222-f8f1c9ac626a" executionId="c3892504-b5f4-49f8-bf3c-12e33793cb00" testListId="8c84fa94-04c1-424b-9868-57a2d4851a1d" />
    <TestEntry testId="ab19ff46-498b-9420-1130-607f4dc077aa" executionId="3ae6c6fa-891c-4179-9e70-14383a682eb7" testListId="8c84fa94-04c1-424b-9868-57a2d4851a1d" />
    <TestEntry testId="627adc13-8a7b-a068-2e61-4aa81780d9fd" executionId="81c2eb38-7db0-4d62-8caa-82949b6be41a" testListId="8c84fa94-04c1-424b-9868-57a2d4851a1d" />
    <TestEntry testId="e3729802-a92d-c297-8894-5684f6910af3" executionId="602303d4-7f5c-45d8-802f-21906cde2c33" testListId="8c84fa94-04c1-424b-9868-57a2d4851a1d" />
    <TestEntry testId="c266fa7d-acb2-60c9-6e2b-3e6d7d99744e" executionId="cd9a835a-cd08-4717-94ed-4d126819153b" testListId="8c84fa94-04c1-424b-9868-57a2d4851a1d" />
    <TestEntry testId="71ab70a9-ef4b-ca2c-f5d6-1ba5618c1d97" executionId="db8821c9-c5c2-430f-94eb-4c102f4b8bbe" testListId="8c84fa94-04c1-424b-9868-57a2d4851a1d" />
    <TestEntry testId="9cd5c73f-8266-3b6a-c78a-2aac24b20653" executionId="b0cee56a-d7d7-4998-baea-2338fd459454" testListId="8c84fa94-04c1-424b-9868-57a2d4851a1d" />
    <TestEntry testId="3ca12e18-ed2b-68bd-ab21-229d493594e6" executionId="fe0678ee-89c7-46ae-8e10-147255eb07fa" testListId="8c84fa94-04c1-424b-9868-57a2d4851a1d" />
    <TestEntry testId="3945d961-caf9-46f1-6226-8ce537af5d08" executionId="3d2ee974-bcc9-4f44-ac7d-e3f70c77e1a6" testListId="8c84fa94-04c1-424b-9868-57a2d4851a1d" />
    <TestEntry testId="b4c3f351-61ef-8930-7ade-7ecfade50bdf" executionId="3a9ff18f-d49f-4dee-baf8-12a3904bd067" testListId="8c84fa94-04c1-424b-9868-57a2d4851a1d" />
    <TestEntry testId="0443b89a-0e19-7897-5ed1-52b3f67c6cf5" executionId="24fd7130-86fe-41d7-bf6a-6394baf23c7a" testListId="8c84fa94-04c1-424b-9868-57a2d4851a1d" />
    <TestEntry testId="bcbfdc88-f29f-53aa-6ac7-bd0cbdb624b9" executionId="5e9b05b2-9e8c-47eb-ab4a-8e9c9a83e139" testListId="8c84fa94-04c1-424b-9868-57a2d4851a1d" />
    <TestEntry testId="2ff69b2c-15f7-7252-063e-2d4877f45ec0" executionId="0342f2cd-1c9e-41e0-99ec-e5c86fa6759d" testListId="8c84fa94-04c1-424b-9868-57a2d4851a1d" />
    <TestEntry testId="00441c96-4748-e7f5-f01b-e47727822d3b" executionId="11324bfe-5e48-4a81-80d0-19b9b11531c7" testListId="8c84fa94-04c1-424b-9868-57a2d4851a1d" />
    <TestEntry testId="af36d738-f453-f142-0ce1-e216fe6834e8" executionId="d4438d8e-9c47-47e0-a810-df094ea596ef" testListId="8c84fa94-04c1-424b-9868-57a2d4851a1d" />
    <TestEntry testId="8ec388e9-fc91-4d25-bf6f-f8f08af7b2f5" executionId="58affbcc-79f7-499e-a6a8-102a6781871e" testListId="8c84fa94-04c1-424b-9868-57a2d4851a1d" />
    <TestEntry testId="d7b9ae62-4462-ee76-b6c5-ced79f1a5234" executionId="dc87bdef-8e4f-487d-98cf-db00f9fb81ed" testListId="8c84fa94-04c1-424b-9868-57a2d4851a1d" />
    <TestEntry testId="a3410762-c366-47a2-74c7-2581a7f438bc" executionId="a61694f6-63ff-4074-b199-defdc614b9d7" testListId="8c84fa94-04c1-424b-9868-57a2d4851a1d" />
    <TestEntry testId="8b1542e3-99b5-1273-5fd1-a9f37fb26ad5" executionId="78c89904-276c-4b28-963c-17931624afff" testListId="8c84fa94-04c1-424b-9868-57a2d4851a1d" />
    <TestEntry testId="2f32466c-54e6-c512-f429-2080bcc91825" executionId="e4706b53-8a3e-4679-bea6-be158e8b358e" testListId="8c84fa94-04c1-424b-9868-57a2d4851a1d" />
    <TestEntry testId="684a3b2a-9d14-8186-77c4-3617426330bc" executionId="7e456b0f-c1c8-406b-9ecf-9f6d16b573b0" testListId="8c84fa94-04c1-424b-9868-57a2d4851a1d" />
    <TestEntry testId="2c6cc121-0dd5-d647-685b-59af2aa3177a" executionId="393e7edb-2cec-4605-a87c-a88f56297986" testListId="8c84fa94-04c1-424b-9868-57a2d4851a1d" />
    <TestEntry testId="f2da032d-91aa-95b3-1f3a-869ade8a89d3" executionId="b66f5fd8-1a56-46c9-854c-f53e812e9ae1" testListId="8c84fa94-04c1-424b-9868-57a2d4851a1d" />
    <TestEntry testId="9a538a18-6713-44c0-7f91-be4011a7b21a" executionId="2f8d63c6-efd4-4e59-a817-355d351cc562" testListId="8c84fa94-04c1-424b-9868-57a2d4851a1d" />
    <TestEntry testId="efc98ff6-24a4-3785-7d11-0177db098370" executionId="8014a09e-4084-408b-a795-1dd529d8c834" testListId="8c84fa94-04c1-424b-9868-57a2d4851a1d" />
    <TestEntry testId="49bd8a06-7460-8a08-3a2a-32fcb61399a5" executionId="003c3619-091f-412a-82ad-a7b58aa1366a" testListId="8c84fa94-04c1-424b-9868-57a2d4851a1d" />
    <TestEntry testId="81b5dd08-2dc8-a3e0-2f51-9318fd82024c" executionId="3088cd4d-1eb5-4005-88cb-ae5b8a514bd7" testListId="8c84fa94-04c1-424b-9868-57a2d4851a1d" />
    <TestEntry testId="b4df1736-c2bd-dc63-b866-5fc06d2618cb" executionId="263d52e6-8581-477d-a668-d8f98b6daf67" testListId="8c84fa94-04c1-424b-9868-57a2d4851a1d" />
    <TestEntry testId="ce6a2b6c-c75a-0ab1-82b9-24f5e794be59" executionId="63913474-9293-4371-9f3e-601ca89024ee" testListId="8c84fa94-04c1-424b-9868-57a2d4851a1d" />
    <TestEntry testId="d08c1047-4425-a8ef-3977-424f7044543c" executionId="5e41307b-dc80-41c0-996b-f12a0de2ce64" testListId="8c84fa94-04c1-424b-9868-57a2d4851a1d" />
    <TestEntry testId="5dc69bee-0bac-486b-6e0f-6ce7f05461ae" executionId="0e8ffe58-4dba-4d54-9d79-df47a22d1db1" testListId="8c84fa94-04c1-424b-9868-57a2d4851a1d" />
    <TestEntry testId="c9dbbac5-4686-fc9f-849b-ef7f10b63035" executionId="44632df7-de79-4146-b0db-309a6e9dd022" testListId="8c84fa94-04c1-424b-9868-57a2d4851a1d" />
    <TestEntry testId="285bb885-df8b-e1fa-0501-85b2d2ed57d2" executionId="a73c87fa-7417-4249-a204-aa0aff03cb94" testListId="8c84fa94-04c1-424b-9868-57a2d4851a1d" />
    <TestEntry testId="bfdbb567-bae3-a47b-dea2-4065a10042f7" executionId="4a1e90cf-b304-472e-8d9d-b43c777dcc7b" testListId="8c84fa94-04c1-424b-9868-57a2d4851a1d" />
    <TestEntry testId="df26f463-6d21-97d6-0a42-9137aec5ea4c" executionId="a705fe07-a757-4584-9f20-808c9c9b883f" testListId="8c84fa94-04c1-424b-9868-57a2d4851a1d" />
    <TestEntry testId="f90d61a1-3540-ae8e-65c9-60ef6c04641b" executionId="6358dce0-22dd-4f5a-8db1-2688e8091ba1" testListId="8c84fa94-04c1-424b-9868-57a2d4851a1d" />
    <TestEntry testId="efd251ba-1cdd-95f2-3fe2-824f7ed5e249" executionId="474117ae-6109-40a0-8a78-a78c94f2a694" testListId="8c84fa94-04c1-424b-9868-57a2d4851a1d" />
    <TestEntry testId="7537e683-3e74-548a-5552-941c0a3f0e36" executionId="e48910c1-db27-4e3b-ba69-743a37aef3cf" testListId="8c84fa94-04c1-424b-9868-57a2d4851a1d" />
    <TestEntry testId="c39cdb82-dd1e-353a-b6fd-bd61b49d028c" executionId="5b74d68b-0905-413b-8d1c-10d79a33aa37" testListId="8c84fa94-04c1-424b-9868-57a2d4851a1d" />
    <TestEntry testId="2f10ab10-fdd8-2469-243c-352eb06f9e9c" executionId="91d94bbb-5b58-4a13-ab85-18a12da5cbd8" testListId="8c84fa94-04c1-424b-9868-57a2d4851a1d" />
    <TestEntry testId="cba6d1e7-9efd-8bb5-d58c-bc7892bd4b07" executionId="2b12e13d-7bab-43bf-bfb6-7e1e67671580" testListId="8c84fa94-04c1-424b-9868-57a2d4851a1d" />
    <TestEntry testId="54bb1776-45b9-440f-39dc-4b42c206b81f" executionId="272db6bc-893c-4bd3-a36d-82c65bf2f1af" testListId="8c84fa94-04c1-424b-9868-57a2d4851a1d" />
    <TestEntry testId="e8565e90-2492-6ea1-7c7e-a2f7e9a1f360" executionId="f4cf1d94-7bec-42e5-95f7-09355d76654b" testListId="8c84fa94-04c1-424b-9868-57a2d4851a1d" />
    <TestEntry testId="cb1cb307-beed-417a-ac8b-f4330065e350" executionId="d3a8610e-5d8b-4c3c-8413-7a4316cd6bc1" testListId="8c84fa94-04c1-424b-9868-57a2d4851a1d" />
    <TestEntry testId="a97fbf30-a467-d383-085d-3cbf7f26c69d" executionId="4c0c13f0-bd19-4bf6-95e9-f335fb3c0bc8" testListId="8c84fa94-04c1-424b-9868-57a2d4851a1d" />
    <TestEntry testId="92e03e0f-edf9-aa46-0a93-130eee73dd0c" executionId="42909a40-fc1f-4634-8a93-fd107669b175" testListId="8c84fa94-04c1-424b-9868-57a2d4851a1d" />
    <TestEntry testId="20a92ec6-b034-8a96-bf54-9fb94fce27f7" executionId="ca700d5d-d938-43e9-b070-a24ce0637190" testListId="8c84fa94-04c1-424b-9868-57a2d4851a1d" />
    <TestEntry testId="bec3fbce-3667-808b-c4b9-9a5dd3375e67" executionId="c70914dd-c699-40a4-9aee-7e17ac275282" testListId="8c84fa94-04c1-424b-9868-57a2d4851a1d" />
    <TestEntry testId="75dd8bd3-eae9-4577-2955-8c8531bc3c5b" executionId="8d34b8b7-aa19-4ea1-9ce5-18599b55b75a" testListId="8c84fa94-04c1-424b-9868-57a2d4851a1d" />
    <TestEntry testId="5722e0ae-ca74-4e51-7bf5-080a8bfd63bc" executionId="c9eee48a-64e7-4492-aaf3-11c9b9495711" testListId="8c84fa94-04c1-424b-9868-57a2d4851a1d" />
    <TestEntry testId="c2fae702-1219-a5ae-f1ea-5e55a1f23bf4" executionId="7bf92863-afad-4411-a939-274db14dcb00" testListId="8c84fa94-04c1-424b-9868-57a2d4851a1d" />
    <TestEntry testId="d47a0e94-b401-7304-363c-d66f5512b23c" executionId="03b34d27-5993-492b-80b1-987b8a95255c" testListId="8c84fa94-04c1-424b-9868-57a2d4851a1d" />
    <TestEntry testId="94b6fca8-7a3d-f453-0070-6471ff92bbfc" executionId="045d9457-fe20-41c6-835e-3d2262c55aa4" testListId="8c84fa94-04c1-424b-9868-57a2d4851a1d" />
    <TestEntry testId="4002bec3-2e84-8178-8fdb-096903003927" executionId="536f501d-9241-4ad1-89aa-93d9e367ce2a" testListId="8c84fa94-04c1-424b-9868-57a2d4851a1d" />
    <TestEntry testId="6a374012-2fd6-0cd8-6683-20b8af7e8ea0" executionId="27687955-cbf7-4be9-9323-a657cea1ff1c" testListId="8c84fa94-04c1-424b-9868-57a2d4851a1d" />
    <TestEntry testId="ba53ca1c-8fc8-ce7b-1238-7a4281364dad" executionId="0e434dd3-9fdc-4c2e-a412-2b1a5648c3b0" testListId="8c84fa94-04c1-424b-9868-57a2d4851a1d" />
    <TestEntry testId="c45bafd9-44fe-eb94-223b-fb60dcc673d3" executionId="d2bf4013-8d3a-4fe8-99a9-41e2061e0949" testListId="8c84fa94-04c1-424b-9868-57a2d4851a1d" />
    <TestEntry testId="8952b576-6631-ae17-2867-cd3e93cd8ea7" executionId="b3167ca0-7b91-4f55-8633-9627f6146cf1" testListId="8c84fa94-04c1-424b-9868-57a2d4851a1d" />
    <TestEntry testId="f23064d7-8737-65a1-12a3-24572822c2d1" executionId="48f7614c-3220-4ca0-b129-fa2fe517d47f" testListId="8c84fa94-04c1-424b-9868-57a2d4851a1d" />
    <TestEntry testId="bc057af5-36ed-77fb-c2b2-4b62175a9d61" executionId="49dedc8d-6215-4842-821e-c6d7fee63f9f" testListId="8c84fa94-04c1-424b-9868-57a2d4851a1d" />
    <TestEntry testId="e8b0726c-36bd-6c85-dd69-b7de9bafab06" executionId="6d173df0-739f-4864-a6d1-c6647ae1fcbc" testListId="8c84fa94-04c1-424b-9868-57a2d4851a1d" />
    <TestEntry testId="7dfff11c-46c3-c506-4197-5a652064eb50" executionId="6f6295ba-a5a4-4d8c-8e38-e65c4dfa5e0e" testListId="8c84fa94-04c1-424b-9868-57a2d4851a1d" />
    <TestEntry testId="079afae8-e738-bf64-6da5-12a3d22bf9e1" executionId="56ef784d-8a53-4665-baa4-6a8b6623688e" testListId="8c84fa94-04c1-424b-9868-57a2d4851a1d" />
    <TestEntry testId="10fcbc64-84e0-4168-f0c5-d1d525e9969f" executionId="1ff26ad2-02f7-4b86-817c-10ccb13efa23" testListId="8c84fa94-04c1-424b-9868-57a2d4851a1d" />
    <TestEntry testId="eae8d6d5-3d1b-9a28-35cb-83916a819bec" executionId="3adac1c9-0c40-4d1c-b04c-c3c567a2530e" testListId="8c84fa94-04c1-424b-9868-57a2d4851a1d" />
    <TestEntry testId="9ec673de-4ee7-1c04-ca06-f2ecdbfb66c9" executionId="adcb8a05-dd7a-4a16-be5f-95f42bb5f0ca" testListId="8c84fa94-04c1-424b-9868-57a2d4851a1d" />
    <TestEntry testId="2727f611-717b-e830-4bd0-bf3af2242d14" executionId="18fe5f4d-39a0-4ef5-b171-922520e97b98" testListId="8c84fa94-04c1-424b-9868-57a2d4851a1d" />
    <TestEntry testId="fdc07046-cd97-c6a1-b694-bc2939683480" executionId="cc75ac27-8ff7-4d10-8997-27f5acf5032c" testListId="8c84fa94-04c1-424b-9868-57a2d4851a1d" />
    <TestEntry testId="a8850aa8-94db-71f8-8aa2-89556cda37d6" executionId="3a220ed5-5cf1-4345-a5eb-407f1a9eaabd" testListId="8c84fa94-04c1-424b-9868-57a2d4851a1d" />
    <TestEntry testId="3a3ca858-e141-d107-a546-9b5950e81a79" executionId="94d94e74-d0d4-41b9-8695-f5fafea64c6b" testListId="8c84fa94-04c1-424b-9868-57a2d4851a1d" />
    <TestEntry testId="ad9c4f1f-f3c4-4f5a-d866-e8e35b84d47b" executionId="18a948eb-d608-4dec-9300-72a993114fd5" testListId="8c84fa94-04c1-424b-9868-57a2d4851a1d" />
  </TestEntries>
  <TestLists>
    <TestList name="Results Not in a List" id="8c84fa94-04c1-424b-9868-57a2d4851a1d" />
    <TestList name="All Loaded Results" id="19431567-8539-422a-85d7-44ee4e166bda" />
  </TestLists>
  <ResultSummary outcome="Completed">
    <Counters total="276" executed="276" passed="276" failed="0" error="0" timeout="0" aborted="0" inconclusive="0" passedButRunAborted="0" notRunnable="0" notExecuted="0" disconnected="0" warning="0" completed="0" inProgress="0" pending="0" />
    <Output>
      <StdOut>NUnit Adapter 3.17.0.0: Test execution started&#xD;
Running all tests in C:\Users\ericcarlson\documents\github\pickles\src\Pickles.Test\bin\Debug\net6.0\PicklesDoc.Pickles.Test.dll&#xD;
   NUnit3TestExecutor discovered 276 of 276 NUnit test cases&#xD;
NUnit Adapter 3.17.0.0: Test execution complete&#xD;
</StdOut>
    </Output>
  </ResultSummary>
</TestRun>