<?xml version="1.0" encoding="utf-8"?>
<TestRun id="da35c20b-69a4-48ed-9f2a-2d583392ffdb" name="ericcarlson@ERICCARLSONBBE6 2022-05-09 16:18:49" runUser="ERICCARLSONBBE6\ericcarlson" xmlns="http://microsoft.com/schemas/VisualStudio/TeamTest/2010">
  <Times creation="2022-05-09T16:18:49.5241810-04:00" queuing="2022-05-09T16:18:49.5241811-04:00" start="2022-05-09T16:18:45.6626207-04:00" finish="2022-05-09T16:18:50.7868201-04:00" />
  <TestSettings name="default" id="de12d40a-78b7-4f35-8700-504c793da1c1">
    <Deployment runDeploymentRoot="ericcarlson_ERICCARLSONBBE6_2022-05-09_16_18_49" />
  </TestSettings>
  <Results>
    <UnitTestResult executionId="92470065-06cb-45af-96ac-cb5de2f7f44f" testId="0537d0ef-2381-cd61-1563-2c44728b16d8" testName="ShouldIterateInRightOrder" computerName="ERICCARLSONBBE6" duration="00:00:00.0040180" startTime="2022-05-09T16:18:49.5000292-04:00" endTime="2022-05-09T16:18:49.5040467-04:00" testType="13cdc9d9-ddb5-4fa4-a97d-d965ccfc6d4b" outcome="Passed" testListId="8c84fa94-04c1-424b-9868-57a2d4851a1d" relativeResultsDirectory="92470065-06cb-45af-96ac-cb5de2f7f44f" />
    <UnitTestResult executionId="9ea80359-d98c-475d-b191-5bf20e7198d2" testId="5a022529-d884-a7d6-8c9f-86c67564ce23" testName="Map_WithoutAfterLastStepComments_ReturnsEmptyList" computerName="ERICCARLSONBBE6" duration="00:00:00.0001890" startTime="2022-05-09T16:18:50.3142051-04:00" endTime="2022-05-09T16:18:50.3143938-04:00" testType="13cdc9d9-ddb5-4fa4-a97d-d965ccfc6d4b" outcome="Passed" testListId="8c84fa94-04c1-424b-9868-57a2d4851a1d" relativeResultsDirectory="9ea80359-d98c-475d-b191-5bf20e7198d2" />
    <UnitTestResult executionId="2acdd897-caff-4aa4-8d04-c766d87b59a7" testId="1c868ec4-ae6a-9888-5fc7-0dc13520ac66" testName="Map_TableRowWithResult_ReturnsObjectWithResult" computerName="ERICCARLSONBBE6" duration="00:00:00.0001540" startTime="2022-05-09T16:18:50.3180701-04:00" endTime="2022-05-09T16:18:50.3182242-04:00" testType="13cdc9d9-ddb5-4fa4-a97d-d965ccfc6d4b" outcome="Passed" testListId="8c84fa94-04c1-424b-9868-57a2d4851a1d" relativeResultsDirectory="2acdd897-caff-4aa4-8d04-c766d87b59a7" />
    <UnitTestResult executionId="52d1a308-e3ab-4c55-af9a-989bb576fa97" testId="ddcc81ed-830c-5786-4d28-e9470c566f0e" testName="Add_NullTree_ThrowArgumentNullException" computerName="ERICCARLSONBBE6" duration="00:00:00.0017030" startTime="2022-05-09T16:18:49.4909157-04:00" endTime="2022-05-09T16:18:49.4926183-04:00" testType="13cdc9d9-ddb5-4fa4-a97d-d965ccfc6d4b" outcome="Passed" testListId="8c84fa94-04c1-424b-9868-57a2d4851a1d" relativeResultsDirectory="52d1a308-e3ab-4c55-af9a-989bb576fa97" />
    <UnitTestResult executionId="5f488e24-cc53-410e-9eec-f3b36e3d9c2c" testId="3019d3c2-0c54-5274-c78e-81740248b858" testName="Map_ExampleTableWithDataRows_ReturnsJsonTableWithDataRows" computerName="ERICCARLSONBBE6" duration="00:00:00.0019190" startTime="2022-05-09T16:18:50.3199916-04:00" endTime="2022-05-09T16:18:50.3219110-04:00" testType="13cdc9d9-ddb5-4fa4-a97d-d965ccfc6d4b" outcome="Passed" testListId="8c84fa94-04c1-424b-9868-57a2d4851a1d" relativeResultsDirectory="5f488e24-cc53-410e-9eec-f3b36e3d9c2c" />
    <UnitTestResult executionId="e6242d12-95a2-4fc3-b84c-1717b0912716" testId="079afae8-e738-bf64-6da5-12a3d22bf9e1" testName="ThenCanResolveTheSelectedIDocumentationBuilderAsSingleton(Json,PicklesDoc.Pickles.DocumentationBuilders.Json.JsonDocumentationBuilder)" computerName="ERICCARLSONBBE6" duration="00:00:00.0006120" startTime="2022-05-09T16:18:50.5041475-04:00" endTime="2022-05-09T16:18:50.5047589-04:00" testType="13cdc9d9-ddb5-4fa4-a97d-d965ccfc6d4b" outcome="Passed" testListId="8c84fa94-04c1-424b-9868-57a2d4851a1d" relativeResultsDirectory="e6242d12-95a2-4fc3-b84c-1717b0912716" />
    <UnitTestResult executionId="eac9570f-0648-4ddd-8e5e-f00d6ee8ff5f" testId="fef5814c-e293-359f-3b1e-c7507dc38524" testName="LineThatStartsWithEscapedHash_Header4_ShouldRemoveEscapeSign" computerName="ERICCARLSONBBE6" duration="00:00:00.0000840" startTime="2022-05-09T16:18:49.5047929-04:00" endTime="2022-05-09T16:18:49.5048764-04:00" testType="13cdc9d9-ddb5-4fa4-a97d-d965ccfc6d4b" outcome="Passed" testListId="8c84fa94-04c1-424b-9868-57a2d4851a1d" relativeResultsDirectory="eac9570f-0648-4ddd-8e5e-f00d6ee8ff5f" />
    <UnitTestResult executionId="564e5b4b-63a1-4eed-9836-c437c2cabef0" testId="684a3b2a-9d14-8186-77c4-3617426330bc" testName="Map_AnExample_ReturnsAJsonExample" computerName="ERICCARLSONBBE6" duration="00:00:00.0003900" startTime="2022-05-09T16:18:50.2969662-04:00" endTime="2022-05-09T16:18:50.2973560-04:00" testType="13cdc9d9-ddb5-4fa4-a97d-d965ccfc6d4b" outcome="Passed" testListId="8c84fa94-04c1-424b-9868-57a2d4851a1d" relativeResultsDirectory="564e5b4b-63a1-4eed-9836-c437c2cabef0" />
    <UnitTestResult executionId="6b621c19-31ab-4279-9d92-3322bccaeef9" testId="bc86b314-5fe6-6bdd-9f3a-a18c69ce6d0f" testName="Map_WithResult_ReturnsJsonTestResult" computerName="ERICCARLSONBBE6" duration="00:00:00.0001130" startTime="2022-05-09T16:18:50.3041536-04:00" endTime="2022-05-09T16:18:50.3042668-04:00" testType="13cdc9d9-ddb5-4fa4-a97d-d965ccfc6d4b" outcome="Passed" testListId="8c84fa94-04c1-424b-9868-57a2d4851a1d" relativeResultsDirectory="6b621c19-31ab-4279-9d92-3322bccaeef9" />
    <UnitTestResult executionId="b97689b3-1a74-4661-9607-7d1efc2cd70d" testId="e757d0a0-d7ae-d816-fce8-24ebc2d1e194" testName="Map_WithDescription_ReturnsDescription" computerName="ERICCARLSONBBE6" duration="00:00:00.0000880" startTime="2022-05-09T16:18:50.3116412-04:00" endTime="2022-05-09T16:18:50.3117291-04:00" testType="13cdc9d9-ddb5-4fa4-a97d-d965ccfc6d4b" outcome="Passed" testListId="8c84fa94-04c1-424b-9868-57a2d4851a1d" relativeResultsDirectory="b97689b3-1a74-4661-9607-7d1efc2cd70d" />
    <UnitTestResult executionId="ac8d5a30-82d1-41fc-a31c-659f2887b792" testId="c4796383-dd20-0fa4-0454-b0730eb75248" testName="Parse_InvalidFeatureFile_ThrowsFeatureParseExceptionWithFilename" computerName="ERICCARLSONBBE6" duration="00:00:00.0034680" startTime="2022-05-09T16:18:49.7203685-04:00" endTime="2022-05-09T16:18:49.7238370-04:00" testType="13cdc9d9-ddb5-4fa4-a97d-d965ccfc6d4b" outcome="Passed" testListId="8c84fa94-04c1-424b-9868-57a2d4851a1d" relativeResultsDirectory="ac8d5a30-82d1-41fc-a31c-659f2887b792" />
    <UnitTestResult executionId="5afe5209-86e5-46b7-bee6-91e08465ab3c" testId="2497e506-3dc8-5ae6-a611-63bce47ee455" testName="GetLanguageServicesForLanguage_WithNullLanguage_ReturnsLanguageServicesForEnglish" computerName="ERICCARLSONBBE6" duration="00:00:00.0000830" startTime="2022-05-09T16:18:50.2956323-04:00" endTime="2022-05-09T16:18:50.2957154-04:00" testType="13cdc9d9-ddb5-4fa4-a97d-d965ccfc6d4b" outcome="Passed" testListId="8c84fa94-04c1-424b-9868-57a2d4851a1d" relativeResultsDirectory="5afe5209-86e5-46b7-bee6-91e08465ab3c" />
    <UnitTestResult executionId="d7a06e4f-48a7-448e-a66c-48c5623121b6" testId="f2da032d-91aa-95b3-1f3a-869ade8a89d3" testName="ItShouldContainResultKeysInTheJsonDocument" computerName="ERICCARLSONBBE6" duration="00:00:00.0733039" startTime="2022-05-09T16:18:50.0416240-04:00" endTime="2022-05-09T16:18:50.1149278-04:00" testType="13cdc9d9-ddb5-4fa4-a97d-d965ccfc6d4b" outcome="Passed" testListId="8c84fa94-04c1-424b-9868-57a2d4851a1d" relativeResultsDirectory="d7a06e4f-48a7-448e-a66c-48c5623121b6" />
    <UnitTestResult executionId="5ec6700c-6ddf-4292-bc56-41a943215e79" testId="6dda5574-3208-47af-bda7-987e6b113677" testName="TocShouldBeSetWithCorrectAttributes" computerName="ERICCARLSONBBE6" duration="00:00:00.0107080" startTime="2022-05-09T16:18:50.2737137-04:00" endTime="2022-05-09T16:18:50.2844217-04:00" testType="13cdc9d9-ddb5-4fa4-a97d-d965ccfc6d4b" outcome="Passed" testListId="8c84fa94-04c1-424b-9868-57a2d4851a1d" relativeResultsDirectory="5ec6700c-6ddf-4292-bc56-41a943215e79" />
    <UnitTestResult executionId="b5d59e3d-bbf5-48a3-bc3d-a290ad2c0285" testId="42ebbc3e-9cb4-7b29-f224-f1d9cba21bf9" testName="GetEncoding_Default_ReturnsUTF8" computerName="ERICCARLSONBBE6" duration="00:00:00.0036550" startTime="2022-05-09T16:18:49.5305849-04:00" endTime="2022-05-09T16:18:49.5342399-04:00" testType="13cdc9d9-ddb5-4fa4-a97d-d965ccfc6d4b" outcome="Passed" testListId="8c84fa94-04c1-424b-9868-57a2d4851a1d" relativeResultsDirectory="b5d59e3d-bbf5-48a3-bc3d-a290ad2c0285" />
    <UnitTestResult executionId="e6314c98-64e6-428f-8ef4-3a1a17d93807" testId="df26f463-6d21-97d6-0a42-9137aec5ea4c" testName="MapToScenario_Always_MapsFeatureProperty" computerName="ERICCARLSONBBE6" duration="00:00:00.0018460" startTime="2022-05-09T16:18:50.3764890-04:00" endTime="2022-05-09T16:18:50.3783353-04:00" testType="13cdc9d9-ddb5-4fa4-a97d-d965ccfc6d4b" outcome="Passed" testListId="8c84fa94-04c1-424b-9868-57a2d4851a1d" relativeResultsDirectory="e6314c98-64e6-428f-8ef4-3a1a17d93807" />
    <UnitTestResult executionId="502988e1-7a8f-41cb-9712-8c663b55c034" testId="66492ce0-50fe-4131-fc04-f0f70d82b725" testName="WhenIndicatingTheLanguageAndCultureInTheFeature_ThenCanParseTheFeature" computerName="ERICCARLSONBBE6" duration="00:00:00.0033010" startTime="2022-05-09T16:18:50.4806400-04:00" endTime="2022-05-09T16:18:50.4839403-04:00" testType="13cdc9d9-ddb5-4fa4-a97d-d965ccfc6d4b" outcome="Passed" testListId="8c84fa94-04c1-424b-9868-57a2d4851a1d" relativeResultsDirectory="502988e1-7a8f-41cb-9712-8c663b55c034" />
    <UnitTestResult executionId="3ccea24a-6bee-4e60-81cc-ffb4c441c123" testId="14c91b84-b688-7c5e-d960-73e0d6089384" testName="ThenCanDetectFeatureFilesSuccessfully" computerName="ERICCARLSONBBE6" duration="00:00:00.0035960" startTime="2022-05-09T16:18:50.4378974-04:00" endTime="2022-05-09T16:18:50.4414937-04:00" testType="13cdc9d9-ddb5-4fa4-a97d-d965ccfc6d4b" outcome="Passed" testListId="8c84fa94-04c1-424b-9868-57a2d4851a1d" relativeResultsDirectory="3ccea24a-6bee-4e60-81cc-ffb4c441c123" />
    <UnitTestResult executionId="3ff8d7d7-66c8-4cca-906b-660afba7c973" testId="cfc02a44-6328-e237-93b8-8ccd4232e507" testName="Constructor_WithLanguageServicesRegistryThatDefaultsToDutch_SetsLangugageToDutch" computerName="ERICCARLSONBBE6" duration="00:00:00.0002370" startTime="2022-05-09T16:18:49.1924380-04:00" endTime="2022-05-09T16:18:49.1926749-04:00" testType="13cdc9d9-ddb5-4fa4-a97d-d965ccfc6d4b" outcome="Passed" testListId="8c84fa94-04c1-424b-9868-57a2d4851a1d" relativeResultsDirectory="3ff8d7d7-66c8-4cca-906b-660afba7c973" />
    <UnitTestResult executionId="4fec4b61-ddd3-44f4-b38b-a6d0c303077f" testId="79e9a2d5-6fd7-c594-c7c3-6a0aee043d3b" testName="ToFileUriString_WithoutTrailingSlash_ValidOutputWithTrailingSlash" computerName="ERICCARLSONBBE6" duration="00:00:00.0006280" startTime="2022-05-09T16:18:49.5458527-04:00" endTime="2022-05-09T16:18:49.5464802-04:00" testType="13cdc9d9-ddb5-4fa4-a97d-d965ccfc6d4b" outcome="Passed" testListId="8c84fa94-04c1-424b-9868-57a2d4851a1d" relativeResultsDirectory="4fec4b61-ddd3-44f4-b38b-a6d0c303077f" />
    <UnitTestResult executionId="18253bd1-4ec8-4011-a47a-cb4b7502cf2a" testId="5d7eb242-2da2-1aff-54be-febe9c23c1d1" testName="Map_Then_ReturnsThen" computerName="ERICCARLSONBBE6" duration="00:00:00.0000950" startTime="2022-05-09T16:18:50.3099043-04:00" endTime="2022-05-09T16:18:50.3099992-04:00" testType="13cdc9d9-ddb5-4fa4-a97d-d965ccfc6d4b" outcome="Passed" testListId="8c84fa94-04c1-424b-9868-57a2d4851a1d" relativeResultsDirectory="18253bd1-4ec8-4011-a47a-cb4b7502cf2a" />
    <UnitTestResult executionId="7d31ca31-69be-4e48-963e-30e5b3244369" testId="9434f0b6-144d-fa9a-e2fd-7b54edae4153" testName="TableOfContent_Must_Link_Folder_Nodes_To_That_Folders_Index_File" computerName="ERICCARLSONBBE6" duration="00:00:00.0091360" startTime="2022-05-09T16:18:50.2645501-04:00" endTime="2022-05-09T16:18:50.2736861-04:00" testType="13cdc9d9-ddb5-4fa4-a97d-d965ccfc6d4b" outcome="Passed" testListId="8c84fa94-04c1-424b-9868-57a2d4851a1d" relativeResultsDirectory="7d31ca31-69be-4e48-963e-30e5b3244369" />
    <UnitTestResult executionId="ffb7ee4d-7527-4177-9ff2-8f98ecc8069a" testId="d8703a4d-64af-90ac-3d91-d91ec6e526a2" testName="MapToStringTableCell_TableCellWithValue_ReturnsThatValue" computerName="ERICCARLSONBBE6" duration="00:00:00.0011120" startTime="2022-05-09T16:18:50.3446114-04:00" endTime="2022-05-09T16:18:50.3457234-04:00" testType="13cdc9d9-ddb5-4fa4-a97d-d965ccfc6d4b" outcome="Passed" testListId="8c84fa94-04c1-424b-9868-57a2d4851a1d" relativeResultsDirectory="ffb7ee4d-7527-4177-9ff2-8f98ecc8069a" />
    <UnitTestResult executionId="e1980075-27bd-4560-8435-f2f79663c281" testId="8ec388e9-fc91-4d25-bf6f-f8f08af7b2f5" testName="Map_NullFeature_ReturnsNullJsonFeature" computerName="ERICCARLSONBBE6" duration="00:00:00.0001030" startTime="2022-05-09T16:18:50.3036143-04:00" endTime="2022-05-09T16:18:50.3037171-04:00" testType="13cdc9d9-ddb5-4fa4-a97d-d965ccfc6d4b" outcome="Passed" testListId="8c84fa94-04c1-424b-9868-57a2d4851a1d" relativeResultsDirectory="e1980075-27bd-4560-8435-f2f79663c281" />
    <UnitTestResult executionId="3d358001-8043-44da-a32d-9292ba346079" testId="f4c7a1fe-8e1a-0bf7-6944-a7dc509a0e14" testName="Specification_Scenario4_WithTabs" computerName="ERICCARLSONBBE6" duration="00:00:00.0001280" startTime="2022-05-09T16:18:49.5064420-04:00" endTime="2022-05-09T16:18:49.5065703-04:00" testType="13cdc9d9-ddb5-4fa4-a97d-d965ccfc6d4b" outcome="Passed" testListId="8c84fa94-04c1-424b-9868-57a2d4851a1d" relativeResultsDirectory="3d358001-8043-44da-a32d-9292ba346079" />
    <UnitTestResult executionId="76e7d400-8984-4e53-ae38-80b6cd0e2244" testId="a606fd29-5ae7-b480-ad67-6c591600d344" testName="ToUriDirectoryInfo_WithTrailingSlash_ProducesUriWithTrailingSlash" computerName="ERICCARLSONBBE6" duration="00:00:00.0008840" startTime="2022-05-09T16:18:49.5540898-04:00" endTime="2022-05-09T16:18:49.5549737-04:00" testType="13cdc9d9-ddb5-4fa4-a97d-d965ccfc6d4b" outcome="Passed" testListId="8c84fa94-04c1-424b-9868-57a2d4851a1d" relativeResultsDirectory="76e7d400-8984-4e53-ae38-80b6cd0e2244" />
    <UnitTestResult executionId="8e99db3c-4b2e-4cc1-ad52-91865f25c11a" testId="29a3c11d-efc3-2b7f-7226-91220f6ed839" testName="Map_WithoutStepComments_ReturnsEmptyList" computerName="ERICCARLSONBBE6" duration="00:00:00.0001350" startTime="2022-05-09T16:18:50.3144183-04:00" endTime="2022-05-09T16:18:50.3145531-04:00" testType="13cdc9d9-ddb5-4fa4-a97d-d965ccfc6d4b" outcome="Passed" testListId="8c84fa94-04c1-424b-9868-57a2d4851a1d" relativeResultsDirectory="8e99db3c-4b2e-4cc1-ad52-91865f25c11a" />
    <UnitTestResult executionId="715146d6-5d04-46cf-ae9b-4cce74bb3779" testId="4002bec3-2e84-8178-8fdb-096903003927" testName="ThenCanResolveTheSelectedIDocumentationBuilderAsSingleton(Excel,PicklesDoc.Pickles.DocumentationBuilders.Excel.ExcelDocumentationBuilder)" computerName="ERICCARLSONBBE6" duration="00:00:00.0005430" startTime="2022-05-09T16:18:50.5018248-04:00" endTime="2022-05-09T16:18:50.5023676-04:00" testType="13cdc9d9-ddb5-4fa4-a97d-d965ccfc6d4b" outcome="Passed" testListId="8c84fa94-04c1-424b-9868-57a2d4851a1d" relativeResultsDirectory="715146d6-5d04-46cf-ae9b-4cce74bb3779" />
    <UnitTestResult executionId="a086c8ca-9e2a-4472-8d48-2dc51b0eff9e" testId="359602d4-5c8b-a71b-3178-d67e251b597f" testName="Process_BlankThenText_ReturnsText" computerName="ERICCARLSONBBE6" duration="00:00:00.0000640" startTime="2022-05-09T16:18:49.5050397-04:00" endTime="2022-05-09T16:18:49.5051031-04:00" testType="13cdc9d9-ddb5-4fa4-a97d-d965ccfc6d4b" outcome="Passed" testListId="8c84fa94-04c1-424b-9868-57a2d4851a1d" relativeResultsDirectory="a086c8ca-9e2a-4472-8d48-2dc51b0eff9e" />
    <UnitTestResult executionId="042762a9-8a5d-40d8-9288-ac44859a1976" testId="e872ace4-29b8-3b56-871c-345e18778c92" testName="Map_Null_ReturnsNull" computerName="ERICCARLSONBBE6" duration="00:00:00.0000780" startTime="2022-05-09T16:18:50.2993559-04:00" endTime="2022-05-09T16:18:50.2994337-04:00" testType="13cdc9d9-ddb5-4fa4-a97d-d965ccfc6d4b" outcome="Passed" testListId="8c84fa94-04c1-424b-9868-57a2d4851a1d" relativeResultsDirectory="042762a9-8a5d-40d8-9288-ac44859a1976" />
    <UnitTestResult executionId="a11552a8-807c-4e6a-96b0-af491ca785fa" testId="ef1fded0-9368-0b89-add4-288e25a22d19" testName="Map_WithTags_ReturnsTags" computerName="ERICCARLSONBBE6" duration="00:00:00.0002650" startTime="2022-05-09T16:18:50.3042748-04:00" endTime="2022-05-09T16:18:50.3045398-04:00" testType="13cdc9d9-ddb5-4fa4-a97d-d965ccfc6d4b" outcome="Passed" testListId="8c84fa94-04c1-424b-9868-57a2d4851a1d" relativeResultsDirectory="a11552a8-807c-4e6a-96b0-af491ca785fa" />
    <UnitTestResult executionId="11a36323-5756-41d9-a385-ad5bcfa16574" testId="37fe9d09-a818-1ef8-df58-f72c0d297037" testName="ToFolderUriString_WithoutTrailingSlash_ValidOutputWithTrailingSlash" computerName="ERICCARLSONBBE6" duration="00:00:00.0005570" startTime="2022-05-09T16:18:49.5465066-04:00" endTime="2022-05-09T16:18:49.5470638-04:00" testType="13cdc9d9-ddb5-4fa4-a97d-d965ccfc6d4b" outcome="Passed" testListId="8c84fa94-04c1-424b-9868-57a2d4851a1d" relativeResultsDirectory="11a36323-5756-41d9-a385-ad5bcfa16574" />
    <UnitTestResult executionId="c5645d75-1612-4ad9-817b-0bf9649fc240" testId="e3729802-a92d-c297-8894-5684f6910af3" testName="Get_A_Relative_Path_When_Location_Is_Deeper_Than_Root" computerName="ERICCARLSONBBE6" duration="00:00:00.0010730" startTime="2022-05-09T16:18:49.5411923-04:00" endTime="2022-05-09T16:18:49.5422651-04:00" testType="13cdc9d9-ddb5-4fa4-a97d-d965ccfc6d4b" outcome="Passed" testListId="8c84fa94-04c1-424b-9868-57a2d4851a1d" relativeResultsDirectory="c5645d75-1612-4ad9-817b-0bf9649fc240" />
    <UnitTestResult executionId="a788632a-2c44-4f7a-af3e-7a06c1a515cd" testId="1ef557f7-18cb-a8c3-1cc5-a8b4f5dc1b33" testName="ThenCanParseMostBasicFeatureSuccessfully" computerName="ERICCARLSONBBE6" duration="00:00:00.0022030" startTime="2022-05-09T16:18:50.4679411-04:00" endTime="2022-05-09T16:18:50.4701440-04:00" testType="13cdc9d9-ddb5-4fa4-a97d-d965ccfc6d4b" outcome="Passed" testListId="8c84fa94-04c1-424b-9868-57a2d4851a1d" relativeResultsDirectory="a788632a-2c44-4f7a-af3e-7a06c1a515cd" />
    <UnitTestResult executionId="de91d8a6-b657-46a1-a9ef-0813eebb7e88" testId="edbaf06d-2784-fb0b-6a51-d7a7b978a687" testName="ToUriDirectoryInfo_WithoutTrailingSlash_ProducesUriWithTrailingSlash" computerName="ERICCARLSONBBE6" duration="00:00:00.0008520" startTime="2022-05-09T16:18:49.5532098-04:00" endTime="2022-05-09T16:18:49.5540614-04:00" testType="13cdc9d9-ddb5-4fa4-a97d-d965ccfc6d4b" outcome="Passed" testListId="8c84fa94-04c1-424b-9868-57a2d4851a1d" relativeResultsDirectory="de91d8a6-b657-46a1-a9ef-0813eebb7e88" />
    <UnitTestResult executionId="47b6c3d5-c842-4b40-bf1a-91538f3d3db9" testId="54bb1776-45b9-440f-39dc-4b42c206b81f" testName="Constructor_ValidFileSystemInfo_SetsOriginalLocation" computerName="ERICCARLSONBBE6" duration="00:00:00.0032000" startTime="2022-05-09T16:18:49.5071360-04:00" endTime="2022-05-09T16:18:49.5103362-04:00" testType="13cdc9d9-ddb5-4fa4-a97d-d965ccfc6d4b" outcome="Passed" testListId="8c84fa94-04c1-424b-9868-57a2d4851a1d" relativeResultsDirectory="47b6c3d5-c842-4b40-bf1a-91538f3d3db9" />
    <UnitTestResult executionId="8b4e1cca-3edb-45a8-8a1d-256db19ecd1c" testId="d1607d13-bf37-a017-7c4d-310c80ac28d2" testName="MapToScenario_NullScenario_ReturnsNull" computerName="ERICCARLSONBBE6" duration="00:00:00.0012380" startTime="2022-05-09T16:18:50.3783585-04:00" endTime="2022-05-09T16:18:50.3795967-04:00" testType="13cdc9d9-ddb5-4fa4-a97d-d965ccfc6d4b" outcome="Passed" testListId="8c84fa94-04c1-424b-9868-57a2d4851a1d" relativeResultsDirectory="8b4e1cca-3edb-45a8-8a1d-256db19ecd1c" />
    <UnitTestResult executionId="d23d720d-86cc-48a8-ad8f-4c00643bce03" testId="7dfff11c-46c3-c506-4197-5a652064eb50" testName="Map_TableWithNullDataRow_ReturnsJsonTableWithEmptyDataRows" computerName="ERICCARLSONBBE6" duration="00:00:00.0002340" startTime="2022-05-09T16:18:50.3226635-04:00" endTime="2022-05-09T16:18:50.3228969-04:00" testType="13cdc9d9-ddb5-4fa4-a97d-d965ccfc6d4b" outcome="Passed" testListId="8c84fa94-04c1-424b-9868-57a2d4851a1d" relativeResultsDirectory="d23d720d-86cc-48a8-ad8f-4c00643bce03" />
    <UnitTestResult executionId="3b65cc43-02c9-4206-bd92-8157f9ad3a99" testId="8b1542e3-99b5-1273-5fd1-a9f37fb26ad5" testName="GetRelativeUriTo_DirectoryToFileOutside_ReturnsRelativePath" computerName="ERICCARLSONBBE6" duration="00:00:00.0010690" startTime="2022-05-09T16:18:49.5180727-04:00" endTime="2022-05-09T16:18:49.5191417-04:00" testType="13cdc9d9-ddb5-4fa4-a97d-d965ccfc6d4b" outcome="Passed" testListId="8c84fa94-04c1-424b-9868-57a2d4851a1d" relativeResultsDirectory="3b65cc43-02c9-4206-bd92-8157f9ad3a99" />
    <UnitTestResult executionId="07b1b358-1009-4780-84a2-7b9ae22d6656" testId="89911fa4-1c14-ab49-c42c-931bebac33c7" testName="Map_WithDescription_ReturnsSlug" computerName="ERICCARLSONBBE6" duration="00:00:00.0000850" startTime="2022-05-09T16:18:50.3117368-04:00" endTime="2022-05-09T16:18:50.3118215-04:00" testType="13cdc9d9-ddb5-4fa4-a97d-d965ccfc6d4b" outcome="Passed" testListId="8c84fa94-04c1-424b-9868-57a2d4851a1d" relativeResultsDirectory="07b1b358-1009-4780-84a2-7b9ae22d6656" />
    <UnitTestResult executionId="6260e1d4-cb5c-4f0a-82ae-073478684da0" testId="920efb33-30de-9f4f-92fb-5da03c8d73d8" testName="Then_can_parse_and_remove_tag_in_configuration_remove_technical_tag_from_scenario" computerName="ERICCARLSONBBE6" duration="00:00:00.0020740" startTime="2022-05-09T16:18:50.4503341-04:00" endTime="2022-05-09T16:18:50.4524080-04:00" testType="13cdc9d9-ddb5-4fa4-a97d-d965ccfc6d4b" outcome="Passed" testListId="8c84fa94-04c1-424b-9868-57a2d4851a1d" relativeResultsDirectory="6260e1d4-cb5c-4f0a-82ae-073478684da0" />
    <UnitTestResult executionId="eeb13057-dea1-48f0-9947-d7a81630aa9d" testId="441fccae-3b8f-46a3-a8ec-69ee090eade3" testName="Specification_Scenario2" computerName="ERICCARLSONBBE6" duration="00:00:00.0001600" startTime="2022-05-09T16:18:49.5060946-04:00" endTime="2022-05-09T16:18:49.5062546-04:00" testType="13cdc9d9-ddb5-4fa4-a97d-d965ccfc6d4b" outcome="Passed" testListId="8c84fa94-04c1-424b-9868-57a2d4851a1d" relativeResultsDirectory="eeb13057-dea1-48f0-9947-d7a81630aa9d" />
    <UnitTestResult executionId="8320b370-44b6-4ac0-8930-8de6bf59119f" testId="c064a3cb-594b-9f1c-fd00-9c99d07e5d7d" testName="GetDialect_WithLanguageThatIncludesHyphen_ReturnsThatLanguage" computerName="ERICCARLSONBBE6" duration="00:00:00.0010820" startTime="2022-05-09T16:18:49.2056164-04:00" endTime="2022-05-09T16:18:49.2066979-04:00" testType="13cdc9d9-ddb5-4fa4-a97d-d965ccfc6d4b" outcome="Passed" testListId="8c84fa94-04c1-424b-9868-57a2d4851a1d" relativeResultsDirectory="8320b370-44b6-4ac0-8930-8de6bf59119f" />
    <UnitTestResult executionId="66ace6b1-de99-4d42-957a-7f813c74d239" testId="3469300e-035a-5249-282c-445c8034c44b" testName="Then_can_parse_scenario_with_tags_successfully" computerName="ERICCARLSONBBE6" duration="00:00:00.0020360" startTime="2022-05-09T16:18:50.4630624-04:00" endTime="2022-05-09T16:18:50.4650979-04:00" testType="13cdc9d9-ddb5-4fa4-a97d-d965ccfc6d4b" outcome="Passed" testListId="8c84fa94-04c1-424b-9868-57a2d4851a1d" relativeResultsDirectory="66ace6b1-de99-4d42-957a-7f813c74d239" />
    <UnitTestResult executionId="d8d1115a-91a6-49c8-975f-de4256637c46" testId="1ae221e2-cbc4-5083-5871-886c8bde94bb" testName="Then_can_parse_and_ignore_feature_with_tag_in_configuration_ignore_tag" computerName="ERICCARLSONBBE6" duration="00:00:00.0015250" startTime="2022-05-09T16:18:50.4423113-04:00" endTime="2022-05-09T16:18:50.4438362-04:00" testType="13cdc9d9-ddb5-4fa4-a97d-d965ccfc6d4b" outcome="Passed" testListId="8c84fa94-04c1-424b-9868-57a2d4851a1d" relativeResultsDirectory="d8d1115a-91a6-49c8-975f-de4256637c46" />
    <UnitTestResult executionId="fe5a644f-74c8-4b9c-a354-590c83d6b645" testId="5b735e33-8631-fc28-0819-93b4df2659c4" testName="Map_WithBackground_ReturnsBackground" computerName="ERICCARLSONBBE6" duration="00:00:00.0001310" startTime="2022-05-09T16:18:50.3038276-04:00" endTime="2022-05-09T16:18:50.3039587-04:00" testType="13cdc9d9-ddb5-4fa4-a97d-d965ccfc6d4b" outcome="Passed" testListId="8c84fa94-04c1-424b-9868-57a2d4851a1d" relativeResultsDirectory="fe5a644f-74c8-4b9c-a354-590c83d6b645" />
    <UnitTestResult executionId="7761c5bb-d798-4197-bcb1-28deaedb8e4b" testId="a97fbf30-a467-d383-085d-3cbf7f26c69d" testName="GetDialect_WithSimpleLanguage_ReturnsThatLanguage" computerName="ERICCARLSONBBE6" duration="00:00:00.0011190" startTime="2022-05-09T16:18:49.2067225-04:00" endTime="2022-05-09T16:18:49.2078418-04:00" testType="13cdc9d9-ddb5-4fa4-a97d-d965ccfc6d4b" outcome="Passed" testListId="8c84fa94-04c1-424b-9868-57a2d4851a1d" relativeResultsDirectory="7761c5bb-d798-4197-bcb1-28deaedb8e4b" />
    <UnitTestResult executionId="c52b5fd2-8e93-4b6d-8929-090e122b6dca" testId="919a0def-61d6-a630-f655-9a4c320ae4c8" testName="IsRelevant_ValidFile_ReturnsTrue(&quot;image.jpg&quot;)" computerName="ERICCARLSONBBE6" duration="00:00:00.0000710" startTime="2022-05-09T16:18:49.5267310-04:00" endTime="2022-05-09T16:18:49.5268022-04:00" testType="13cdc9d9-ddb5-4fa4-a97d-d965ccfc6d4b" outcome="Passed" testListId="8c84fa94-04c1-424b-9868-57a2d4851a1d" relativeResultsDirectory="c52b5fd2-8e93-4b6d-8929-090e122b6dca" />
    <UnitTestResult executionId="5d86ef3a-979c-4a9e-851c-843602535062" testId="00441c96-4748-e7f5-f01b-e47727822d3b" testName="TableOfContent_Must_Contain_One_Paragraph_With_Current_Class" computerName="ERICCARLSONBBE6" duration="00:00:00.0096410" startTime="2022-05-09T16:18:50.2548811-04:00" endTime="2022-05-09T16:18:50.2645220-04:00" testType="13cdc9d9-ddb5-4fa4-a97d-d965ccfc6d4b" outcome="Passed" testListId="8c84fa94-04c1-424b-9868-57a2d4851a1d" relativeResultsDirectory="5d86ef3a-979c-4a9e-851c-843602535062" />
    <UnitTestResult executionId="63206990-87b1-4052-b962-a581ffe133c1" testId="ecfa8010-b0ed-0c28-6fc0-090d48a06e33" testName="Map_WithName_ReturnsName" computerName="ERICCARLSONBBE6" duration="00:00:00.0001010" startTime="2022-05-09T16:18:50.3136098-04:00" endTime="2022-05-09T16:18:50.3137103-04:00" testType="13cdc9d9-ddb5-4fa4-a97d-d965ccfc6d4b" outcome="Passed" testListId="8c84fa94-04c1-424b-9868-57a2d4851a1d" relativeResultsDirectory="63206990-87b1-4052-b962-a581ffe133c1" />
    <UnitTestResult executionId="b1bf9a2c-f69d-40e6-9454-d5b64689e6c3" testId="fc601999-9e44-2983-a7fb-26c9b68b5726" testName="Merge_MultiplePassedResults_ShouldReturnPassed" computerName="ERICCARLSONBBE6" duration="00:00:00.0001260" startTime="2022-05-09T16:18:50.4195760-04:00" endTime="2022-05-09T16:18:50.4197021-04:00" testType="13cdc9d9-ddb5-4fa4-a97d-d965ccfc6d4b" outcome="Passed" testListId="8c84fa94-04c1-424b-9868-57a2d4851a1d" relativeResultsDirectory="b1bf9a2c-f69d-40e6-9454-d5b64689e6c3" />
    <UnitTestResult executionId="f6581997-c0c5-4b6b-b1b4-71184babf346" testId="245405dd-491a-55b3-14cd-299fc71fa07d" testName="Map_NoTags_ReturnsEmptyListOfTags" computerName="ERICCARLSONBBE6" duration="00:00:00.0000900" startTime="2022-05-09T16:18:50.3112732-04:00" endTime="2022-05-09T16:18:50.3113632-04:00" testType="13cdc9d9-ddb5-4fa4-a97d-d965ccfc6d4b" outcome="Passed" testListId="8c84fa94-04c1-424b-9868-57a2d4851a1d" relativeResultsDirectory="f6581997-c0c5-4b6b-b1b4-71184babf346" />
    <UnitTestResult executionId="55024c6b-8c4e-41f9-afe9-0631d7748e70" testId="15c6ac4d-16dc-6060-b25a-37948ceea996" testName="ThenCanResolveTheSelectedIDocumentationBuilderAsSingleton(Cucumber,PicklesDoc.Pickles.DocumentationBuilders.Cucumber.CucumberDocumentationBuilder)" computerName="ERICCARLSONBBE6" duration="00:00:00.0005230" startTime="2022-05-09T16:18:50.5047808-04:00" endTime="2022-05-09T16:18:50.5053035-04:00" testType="13cdc9d9-ddb5-4fa4-a97d-d965ccfc6d4b" outcome="Passed" testListId="8c84fa94-04c1-424b-9868-57a2d4851a1d" relativeResultsDirectory="55024c6b-8c4e-41f9-afe9-0631d7748e70" />
    <UnitTestResult executionId="8de0f222-504c-49d9-b517-17ec70c0743c" testId="15bff550-0c48-3ffe-9284-11b3c21248de" testName="Map_AnExampleWithDescription_ReturnsAJsonExampleWithName" computerName="ERICCARLSONBBE6" duration="00:00:00.0001080" startTime="2022-05-09T16:18:50.2973810-04:00" endTime="2022-05-09T16:18:50.2974890-04:00" testType="13cdc9d9-ddb5-4fa4-a97d-d965ccfc6d4b" outcome="Passed" testListId="8c84fa94-04c1-424b-9868-57a2d4851a1d" relativeResultsDirectory="8de0f222-504c-49d9-b517-17ec70c0743c" />
    <UnitTestResult executionId="e0989ecd-436f-441c-a635-7abf6a005910" testId="e1aea241-43f3-513e-2ce9-d6146ae98a5b" testName="Process_NullInput_ReturnsEmptyString" computerName="ERICCARLSONBBE6" duration="00:00:00.0000610" startTime="2022-05-09T16:18:49.5051817-04:00" endTime="2022-05-09T16:18:49.5052428-04:00" testType="13cdc9d9-ddb5-4fa4-a97d-d965ccfc6d4b" outcome="Passed" testListId="8c84fa94-04c1-424b-9868-57a2d4851a1d" relativeResultsDirectory="e0989ecd-436f-441c-a635-7abf6a005910" />
    <UnitTestResult executionId="648603f0-d6fe-4c70-82ad-2412c8b4a5e7" testId="e0dd9245-0af9-4add-c5ea-a8878a46de43" testName="Then_can_crawl_all_folders_including_subfolders_for_features_successfully" computerName="ERICCARLSONBBE6" duration="00:00:00.0144020" startTime="2022-05-09T16:18:50.4226106-04:00" endTime="2022-05-09T16:18:50.4370122-04:00" testType="13cdc9d9-ddb5-4fa4-a97d-d965ccfc6d4b" outcome="Passed" testListId="8c84fa94-04c1-424b-9868-57a2d4851a1d" relativeResultsDirectory="648603f0-d6fe-4c70-82ad-2412c8b4a5e7" />
    <UnitTestResult executionId="07d1556c-9037-45e8-88ec-8f0adc78bc37" testId="ef50a5c4-5ecf-67d2-2133-62db98825073" testName="Create_BogusLocationType_AddsEntryToReport" computerName="ERICCARLSONBBE6" duration="00:00:00.1345470" startTime="2022-05-09T16:18:49.5585318-04:00" endTime="2022-05-09T16:18:49.6930789-04:00" testType="13cdc9d9-ddb5-4fa4-a97d-d965ccfc6d4b" outcome="Passed" testListId="8c84fa94-04c1-424b-9868-57a2d4851a1d" relativeResultsDirectory="07d1556c-9037-45e8-88ec-8f0adc78bc37" />
    <UnitTestResult executionId="08ac128d-a345-429d-8cae-d0813aa5f719" testId="c3ab92f1-9919-8262-68eb-854764e7ba38" testName="IsRelevant_ValidFile_ReturnsTrue(&quot;image.bmp&quot;)" computerName="ERICCARLSONBBE6" duration="00:00:00.0000580" startTime="2022-05-09T16:18:49.5268093-04:00" endTime="2022-05-09T16:18:49.5268673-04:00" testType="13cdc9d9-ddb5-4fa4-a97d-d965ccfc6d4b" outcome="Passed" testListId="8c84fa94-04c1-424b-9868-57a2d4851a1d" relativeResultsDirectory="08ac128d-a345-429d-8cae-d0813aa5f719" />
    <UnitTestResult executionId="9e439342-6a53-4369-b1da-d9544a02e0c2" testId="8886bee6-e2cf-0623-d741-e916013e519a" testName="MapToStep_StepWithLocation_ReturnStepWithLocation" computerName="ERICCARLSONBBE6" duration="00:00:00.0011760" startTime="2022-05-09T16:18:50.4005774-04:00" endTime="2022-05-09T16:18:50.4017531-04:00" testType="13cdc9d9-ddb5-4fa4-a97d-d965ccfc6d4b" outcome="Passed" testListId="8c84fa94-04c1-424b-9868-57a2d4851a1d" relativeResultsDirectory="9e439342-6a53-4369-b1da-d9544a02e0c2" />
    <UnitTestResult executionId="5a1b9716-afcd-41ba-94c9-0cd5bd60366b" testId="45142e11-464c-9d21-08ec-b2dc0e449acc" testName="MapToScenarioOutline_Always_MapsFeatureProperty" computerName="ERICCARLSONBBE6" duration="00:00:00.0012800" startTime="2022-05-09T16:18:50.3910541-04:00" endTime="2022-05-09T16:18:50.3923341-04:00" testType="13cdc9d9-ddb5-4fa4-a97d-d965ccfc6d4b" outcome="Passed" testListId="8c84fa94-04c1-424b-9868-57a2d4851a1d" relativeResultsDirectory="5a1b9716-afcd-41ba-94c9-0cd5bd60366b" />
    <UnitTestResult executionId="d865ea53-5f4f-42d8-b93d-60bb9a2345bb" testId="ba53ca1c-8fc8-ce7b-1238-7a4281364dad" testName="Map_EnglishFeature_SetsNativeKeywordToExamples" computerName="ERICCARLSONBBE6" duration="00:00:00.0001340" startTime="2022-05-09T16:18:50.2992131-04:00" endTime="2022-05-09T16:18:50.2993471-04:00" testType="13cdc9d9-ddb5-4fa4-a97d-d965ccfc6d4b" outcome="Passed" testListId="8c84fa94-04c1-424b-9868-57a2d4851a1d" relativeResultsDirectory="d865ea53-5f4f-42d8-b93d-60bb9a2345bb" />
    <UnitTestResult executionId="7384f4e5-e881-4fc8-b394-29680884f618" testId="333786c1-b534-29dd-7545-8381a9bd91d8" testName="WhenIndicatingTheLanguageInTheFeature_ThenCanParseMostBasicFeatureSuccessfully" computerName="ERICCARLSONBBE6" duration="00:00:00.0039899" startTime="2022-05-09T16:18:50.4839873-04:00" endTime="2022-05-09T16:18:50.4879778-04:00" testType="13cdc9d9-ddb5-4fa4-a97d-d965ccfc6d4b" outcome="Passed" testListId="8c84fa94-04c1-424b-9868-57a2d4851a1d" relativeResultsDirectory="7384f4e5-e881-4fc8-b394-29680884f618" />
    <UnitTestResult executionId="c8398ac5-600a-4427-b479-e5e357178642" testId="18b2326c-4bed-936a-779f-ca59ee086658" testName="Map_NoSteps_ReturnsEmtpyListOfSteps" computerName="ERICCARLSONBBE6" duration="00:00:00.0001150" startTime="2022-05-09T16:18:50.3111502-04:00" endTime="2022-05-09T16:18:50.3112648-04:00" testType="13cdc9d9-ddb5-4fa4-a97d-d965ccfc6d4b" outcome="Passed" testListId="8c84fa94-04c1-424b-9868-57a2d4851a1d" relativeResultsDirectory="c8398ac5-600a-4427-b479-e5e357178642" />
    <UnitTestResult executionId="065f5348-626e-4650-a67f-8fb72559557e" testId="f5d77dae-7864-4aa7-6ea9-efd787914fdc" testName="IsRelevant_ValidFile_ReturnsTrue(&quot;image.gif&quot;)" computerName="ERICCARLSONBBE6" duration="00:00:00.0000640" startTime="2022-05-09T16:18:49.5268953-04:00" endTime="2022-05-09T16:18:49.5269589-04:00" testType="13cdc9d9-ddb5-4fa4-a97d-d965ccfc6d4b" outcome="Passed" testListId="8c84fa94-04c1-424b-9868-57a2d4851a1d" relativeResultsDirectory="065f5348-626e-4650-a67f-8fb72559557e" />
    <UnitTestResult executionId="966cb942-e004-4f98-945a-b0322af5672e" testId="efd251ba-1cdd-95f2-3fe2-824f7ed5e249" testName="MapToTableRow_NullTableRow_ReturnsNull" computerName="ERICCARLSONBBE6" duration="00:00:00.0019980" startTime="2022-05-09T16:18:50.3495315-04:00" endTime="2022-05-09T16:18:50.3515295-04:00" testType="13cdc9d9-ddb5-4fa4-a97d-d965ccfc6d4b" outcome="Passed" testListId="8c84fa94-04c1-424b-9868-57a2d4851a1d" relativeResultsDirectory="966cb942-e004-4f98-945a-b0322af5672e" />
    <UnitTestResult executionId="fdd53ac9-9e8c-4071-9254-285d04e20221" testId="f2a4d10f-7a23-0d3b-b616-b37bcd3d7f3d" testName="Map_WithName_ReturnsSlug" computerName="ERICCARLSONBBE6" duration="00:00:00.0000840" startTime="2022-05-09T16:18:50.3119677-04:00" endTime="2022-05-09T16:18:50.3120511-04:00" testType="13cdc9d9-ddb5-4fa4-a97d-d965ccfc6d4b" outcome="Passed" testListId="8c84fa94-04c1-424b-9868-57a2d4851a1d" relativeResultsDirectory="fdd53ac9-9e8c-4071-9254-285d04e20221" />
    <UnitTestResult executionId="eae4139f-6efa-4f7d-89ac-783883782987" testId="627adc13-8a7b-a068-2e61-4aa81780d9fd" testName="Map_Null_ReturnsNull" computerName="ERICCARLSONBBE6" duration="00:00:00.0000900" startTime="2022-05-09T16:18:50.3219360-04:00" endTime="2022-05-09T16:18:50.3220263-04:00" testType="13cdc9d9-ddb5-4fa4-a97d-d965ccfc6d4b" outcome="Passed" testListId="8c84fa94-04c1-424b-9868-57a2d4851a1d" relativeResultsDirectory="eae4139f-6efa-4f7d-89ac-783883782987" />
    <UnitTestResult executionId="7a59251c-fe4c-4cca-aa50-11496af9ed20" testId="f90d61a1-3540-ae8e-65c9-60ef6c04641b" testName="MapToScenarioBackground_RegularBackground_ReturnsScenario" computerName="ERICCARLSONBBE6" duration="00:00:00.0044079" startTime="2022-05-09T16:18:50.3333833-04:00" endTime="2022-05-09T16:18:50.3377907-04:00" testType="13cdc9d9-ddb5-4fa4-a97d-d965ccfc6d4b" outcome="Passed" testListId="8c84fa94-04c1-424b-9868-57a2d4851a1d" relativeResultsDirectory="7a59251c-fe4c-4cca-aa50-11496af9ed20" />
    <UnitTestResult executionId="20df953d-8f61-4edb-a695-27e5b7de73d9" testId="a9da35b8-99a8-fe50-9531-fe6e4dd9b7fc" testName="MapToStringTag_RegularTag_ReturnsStringOfTheTag" computerName="ERICCARLSONBBE6" duration="00:00:00.0010460" startTime="2022-05-09T16:18:50.4067129-04:00" endTime="2022-05-09T16:18:50.4077586-04:00" testType="13cdc9d9-ddb5-4fa4-a97d-d965ccfc6d4b" outcome="Passed" testListId="8c84fa94-04c1-424b-9868-57a2d4851a1d" relativeResultsDirectory="20df953d-8f61-4edb-a695-27e5b7de73d9" />
    <UnitTestResult executionId="9b3c7ac2-df26-4039-b198-d048b6c6857f" testId="d8574c62-7f64-edaf-9bb3-a57031c9c43d" testName="MapToStringTableCell_NullTableCell_ReturnsNull" computerName="ERICCARLSONBBE6" duration="00:00:00.0011070" startTime="2022-05-09T16:18:50.3434805-04:00" endTime="2022-05-09T16:18:50.3445873-04:00" testType="13cdc9d9-ddb5-4fa4-a97d-d965ccfc6d4b" outcome="Passed" testListId="8c84fa94-04c1-424b-9868-57a2d4851a1d" relativeResultsDirectory="9b3c7ac2-df26-4039-b198-d048b6c6857f" />
    <UnitTestResult executionId="138d0a11-7ed2-41e7-925f-dc833dd01819" testId="4fed08b0-6faa-29af-fffd-4a7101183958" testName="ShouldNotBlowUpWHenParsingEmptyFolder" computerName="ERICCARLSONBBE6" duration="00:00:00.1112750" startTime="2022-05-09T16:18:49.9010024-04:00" endTime="2022-05-09T16:18:50.0122776-04:00" testType="13cdc9d9-ddb5-4fa4-a97d-d965ccfc6d4b" outcome="Passed" testListId="8c84fa94-04c1-424b-9868-57a2d4851a1d" relativeResultsDirectory="138d0a11-7ed2-41e7-925f-dc833dd01819" />
    <UnitTestResult executionId="ca3976ca-2f77-42ad-8901-1089968d12ae" testId="af36d738-f453-f142-0ce1-e216fe6834e8" testName="Constructor_ValidFileSystemInfo_SetsOriginalLocationUrl" computerName="ERICCARLSONBBE6" duration="00:00:00.0019290" startTime="2022-05-09T16:18:49.5103502-04:00" endTime="2022-05-09T16:18:49.5122786-04:00" testType="13cdc9d9-ddb5-4fa4-a97d-d965ccfc6d4b" outcome="Passed" testListId="8c84fa94-04c1-424b-9868-57a2d4851a1d" relativeResultsDirectory="ca3976ca-2f77-42ad-8901-1089968d12ae" />
    <UnitTestResult executionId="ff76bd08-6441-4103-93de-78c3f39fa16e" testId="e1d5832b-53c8-bd83-2d7b-38a6c413e9e9" testName="Map_FeatureWithDescription_ReturnsDescription" computerName="ERICCARLSONBBE6" duration="00:00:00.0001040" startTime="2022-05-09T16:18:50.3000264-04:00" endTime="2022-05-09T16:18:50.3001305-04:00" testType="13cdc9d9-ddb5-4fa4-a97d-d965ccfc6d4b" outcome="Passed" testListId="8c84fa94-04c1-424b-9868-57a2d4851a1d" relativeResultsDirectory="ff76bd08-6441-4103-93de-78c3f39fa16e" />
    <UnitTestResult executionId="02a101aa-5138-4ee7-8b43-22e287073060" testId="842b0ea9-88ad-790a-c59e-e495e1c6e68b" testName="Map_WithTags_ReturnsTags" computerName="ERICCARLSONBBE6" duration="00:00:00.0001260" startTime="2022-05-09T16:18:50.3123251-04:00" endTime="2022-05-09T16:18:50.3124510-04:00" testType="13cdc9d9-ddb5-4fa4-a97d-d965ccfc6d4b" outcome="Passed" testListId="8c84fa94-04c1-424b-9868-57a2d4851a1d" relativeResultsDirectory="02a101aa-5138-4ee7-8b43-22e287073060" />
    <UnitTestResult executionId="f10b29d9-9efa-4afb-82fd-2381e4f2ab6c" testId="f8a55f69-4bb6-f4ce-d8cb-672a9c4c9f03" testName="ItShouldIndicateWasSuccessfulIsTrueForTheOtherSuccessFeature" computerName="ERICCARLSONBBE6" duration="00:00:00.0094680" startTime="2022-05-09T16:18:50.1684096-04:00" endTime="2022-05-09T16:18:50.1778772-04:00" testType="13cdc9d9-ddb5-4fa4-a97d-d965ccfc6d4b" outcome="Passed" testListId="8c84fa94-04c1-424b-9868-57a2d4851a1d" relativeResultsDirectory="f10b29d9-9efa-4afb-82fd-2381e4f2ab6c" />
    <UnitTestResult executionId="92e09ffa-7261-42fb-86e6-243bebe593cf" testId="3dd0b31c-7ae7-d396-3cb3-ba9a89f3a4d4" testName="Map_Example_ReturnsExample" computerName="ERICCARLSONBBE6" duration="00:00:00.0001360" startTime="2022-05-09T16:18:50.3108622-04:00" endTime="2022-05-09T16:18:50.3109983-04:00" testType="13cdc9d9-ddb5-4fa4-a97d-d965ccfc6d4b" outcome="Passed" testListId="8c84fa94-04c1-424b-9868-57a2d4851a1d" relativeResultsDirectory="92e09ffa-7261-42fb-86e6-243bebe593cf" />
    <UnitTestResult executionId="4495ea85-9157-4020-85fa-533e07e9bb84" testId="055dd1b0-0a2c-8108-d65a-6f6f4684a4ce" testName="MapToFeature_FeatureWithTags_ReturnsFeatureWithTags" computerName="ERICCARLSONBBE6" duration="00:00:00.0011340" startTime="2022-05-09T16:18:50.3716965-04:00" endTime="2022-05-09T16:18:50.3728306-04:00" testType="13cdc9d9-ddb5-4fa4-a97d-d965ccfc6d4b" outcome="Passed" testListId="8c84fa94-04c1-424b-9868-57a2d4851a1d" relativeResultsDirectory="4495ea85-9157-4020-85fa-533e07e9bb84" />
    <UnitTestResult executionId="1a53ac0e-b525-436e-931b-f42d39fd6ecc" testId="49bd8a06-7460-8a08-3a2a-32fcb61399a5" testName="Add_NullNode_ThrowArgumentNullException" computerName="ERICCARLSONBBE6" duration="00:00:00.0073890" startTime="2022-05-09T16:18:49.4834970-04:00" endTime="2022-05-09T16:18:49.4908865-04:00" testType="13cdc9d9-ddb5-4fa4-a97d-d965ccfc6d4b" outcome="Passed" testListId="8c84fa94-04c1-424b-9868-57a2d4851a1d" relativeResultsDirectory="1a53ac0e-b525-436e-931b-f42d39fd6ecc" />
    <UnitTestResult executionId="dafc9577-3dc4-42c1-bb77-868c5234e2d5" testId="902de792-f705-6364-b7ff-7e3bf94c757c" testName="ItShouldWasSuccessfulFalseForFeatureXJsonDocument" computerName="ERICCARLSONBBE6" duration="00:00:00.0110969" startTime="2022-05-09T16:18:50.1779082-04:00" endTime="2022-05-09T16:18:50.1890054-04:00" testType="13cdc9d9-ddb5-4fa4-a97d-d965ccfc6d4b" outcome="Passed" testListId="8c84fa94-04c1-424b-9868-57a2d4851a1d" relativeResultsDirectory="dafc9577-3dc4-42c1-bb77-868c5234e2d5" />
    <UnitTestResult executionId="1657b704-c244-4e2f-9b1a-776cd1c7b828" testId="a03e2c23-c864-b123-24c0-3ec5ce0b2cf3" testName="Map_WithResult_ReturnsResult" computerName="ERICCARLSONBBE6" duration="00:00:00.0001330" startTime="2022-05-09T16:18:50.3120591-04:00" endTime="2022-05-09T16:18:50.3121916-04:00" testType="13cdc9d9-ddb5-4fa4-a97d-d965ccfc6d4b" outcome="Passed" testListId="8c84fa94-04c1-424b-9868-57a2d4851a1d" relativeResultsDirectory="1657b704-c244-4e2f-9b1a-776cd1c7b828" />
    <UnitTestResult executionId="a6569c51-e5cb-4fbb-b992-9b047e85629d" testId="c64ab3fd-a5a1-5878-7c1a-1e8a8afbf3b9" testName="Merge_NullReference_ThrowsArgumentNullException" computerName="ERICCARLSONBBE6" duration="00:00:00.0006250" startTime="2022-05-09T16:18:50.4197271-04:00" endTime="2022-05-09T16:18:50.4203524-04:00" testType="13cdc9d9-ddb5-4fa4-a97d-d965ccfc6d4b" outcome="Passed" testListId="8c84fa94-04c1-424b-9868-57a2d4851a1d" relativeResultsDirectory="a6569c51-e5cb-4fbb-b992-9b047e85629d" />
    <UnitTestResult executionId="036b3a8d-94ad-4f1d-81c4-592c131c09cf" testId="2f10ab10-fdd8-2469-243c-352eb06f9e9c" testName="Map_Given_ReturnsGiven" computerName="ERICCARLSONBBE6" duration="00:00:00.0000980" startTime="2022-05-09T16:18:50.3094821-04:00" endTime="2022-05-09T16:18:50.3095804-04:00" testType="13cdc9d9-ddb5-4fa4-a97d-d965ccfc6d4b" outcome="Passed" testListId="8c84fa94-04c1-424b-9868-57a2d4851a1d" relativeResultsDirectory="036b3a8d-94ad-4f1d-81c4-592c131c09cf" />
    <UnitTestResult executionId="db2f66b9-80c5-47f9-b9d9-4a538cf380f6" testId="2ded35d7-32fa-b312-206c-4530f3316064" testName="WhenExperimentalIsDisabled_ResolveMarkdownProvider" computerName="ERICCARLSONBBE6" duration="00:00:00.0004510" startTime="2022-05-09T16:18:50.5065101-04:00" endTime="2022-05-09T16:18:50.5069615-04:00" testType="13cdc9d9-ddb5-4fa4-a97d-d965ccfc6d4b" outcome="Passed" testListId="8c84fa94-04c1-424b-9868-57a2d4851a1d" relativeResultsDirectory="db2f66b9-80c5-47f9-b9d9-4a538cf380f6" />
    <UnitTestResult executionId="c522777e-b790-4584-998f-a4b584e05195" testId="92e03e0f-edf9-aa46-0a93-130eee73dd0c" testName="Map_WithNullComments_ReturnsEmptyStepCommentsList" computerName="ERICCARLSONBBE6" duration="00:00:00.0000989" startTime="2022-05-09T16:18:50.3140387-04:00" endTime="2022-05-09T16:18:50.3141374-04:00" testType="13cdc9d9-ddb5-4fa4-a97d-d965ccfc6d4b" outcome="Passed" testListId="8c84fa94-04c1-424b-9868-57a2d4851a1d" relativeResultsDirectory="c522777e-b790-4584-998f-a4b584e05195" />
    <UnitTestResult executionId="1bdad65e-cc43-4e0b-81d2-ea6feb3dfa01" testId="475019ae-3d7f-95bf-6137-a7ac269ca177" testName="Process_OnlyLinesWithEmptySpaces_ReturnsAsManyEmptyLines" computerName="ERICCARLSONBBE6" duration="00:00:00.0005520" startTime="2022-05-09T16:18:49.5052503-04:00" endTime="2022-05-09T16:18:49.5058020-04:00" testType="13cdc9d9-ddb5-4fa4-a97d-d965ccfc6d4b" outcome="Passed" testListId="8c84fa94-04c1-424b-9868-57a2d4851a1d" relativeResultsDirectory="1bdad65e-cc43-4e0b-81d2-ea6feb3dfa01" />
    <UnitTestResult executionId="5595b000-5687-4afe-841b-ee30e2de0327" testId="91378188-0153-6848-6e24-0c45539dcf6d" testName="ThenCanResolveTheSelectedIDocumentationBuilder(DHtml,PicklesDoc.Pickles.DocumentationBuilders.Dhtml.DhtmlDocumentationBuilder)" computerName="ERICCARLSONBBE6" duration="00:00:00.0006160" startTime="2022-05-09T16:18:50.4965912-04:00" endTime="2022-05-09T16:18:50.4972068-04:00" testType="13cdc9d9-ddb5-4fa4-a97d-d965ccfc6d4b" outcome="Passed" testListId="8c84fa94-04c1-424b-9868-57a2d4851a1d" relativeResultsDirectory="5595b000-5687-4afe-841b-ee30e2de0327" />
    <UnitTestResult executionId="a061fb29-3f1d-414a-93b4-f612e8683d7e" testId="6dac4c1c-db66-2a51-4336-9a7010a21c77" testName="Can_crawl_directory_tree_for_features_successfully" computerName="ERICCARLSONBBE6" duration="00:00:00.0125490" startTime="2022-05-09T16:18:50.2222358-04:00" endTime="2022-05-09T16:18:50.2347852-04:00" testType="13cdc9d9-ddb5-4fa4-a97d-d965ccfc6d4b" outcome="Passed" testListId="8c84fa94-04c1-424b-9868-57a2d4851a1d" relativeResultsDirectory="a061fb29-3f1d-414a-93b4-f612e8683d7e" />
    <UnitTestResult executionId="71e1c3f1-58b0-4225-83e3-49cdb1b7d1c8" testId="b2f41475-071c-06b4-373d-577f6af5c5d6" testName="GetEncoding_FileDoesNotExist_DoesNotThrowException" computerName="ERICCARLSONBBE6" duration="00:00:00.0009080" startTime="2022-05-09T16:18:49.5342660-04:00" endTime="2022-05-09T16:18:49.5351737-04:00" testType="13cdc9d9-ddb5-4fa4-a97d-d965ccfc6d4b" outcome="Passed" testListId="8c84fa94-04c1-424b-9868-57a2d4851a1d" relativeResultsDirectory="71e1c3f1-58b0-4225-83e3-49cdb1b7d1c8" />
    <UnitTestResult executionId="e08f2fb3-6af9-4d09-9dab-300ae81db5f2" testId="99a25f48-0d46-1e4c-d856-1a93a4215220" testName="Then_can_parse_and_remove_technical_tag_in_configuration_remove_technical_tag" computerName="ERICCARLSONBBE6" duration="00:00:00.0076760" startTime="2022-05-09T16:18:50.4524347-04:00" endTime="2022-05-09T16:18:50.4601106-04:00" testType="13cdc9d9-ddb5-4fa4-a97d-d965ccfc6d4b" outcome="Passed" testListId="8c84fa94-04c1-424b-9868-57a2d4851a1d" relativeResultsDirectory="e08f2fb3-6af9-4d09-9dab-300ae81db5f2" />
    <UnitTestResult executionId="12fe64c4-3e90-497e-af5c-8ff9984718f9" testId="a3410762-c366-47a2-74c7-2581a7f438bc" testName="Merge_SingleItem_ReturnsThatItem" computerName="ERICCARLSONBBE6" duration="00:00:00.0000910" startTime="2022-05-09T16:18:50.4204985-04:00" endTime="2022-05-09T16:18:50.4205896-04:00" testType="13cdc9d9-ddb5-4fa4-a97d-d965ccfc6d4b" outcome="Passed" testListId="8c84fa94-04c1-424b-9868-57a2d4851a1d" relativeResultsDirectory="12fe64c4-3e90-497e-af5c-8ff9984718f9" />
    <UnitTestResult executionId="44bce74c-a594-4486-af8c-12332430b9a0" testId="91630d50-5bca-7acf-6341-4417c7067c35" testName="GetEncoding_FileIsLessThanFourBytes_DoesNotThrowException" computerName="ERICCARLSONBBE6" duration="00:00:00.0008500" startTime="2022-05-09T16:18:49.5351989-04:00" endTime="2022-05-09T16:18:49.5360488-04:00" testType="13cdc9d9-ddb5-4fa4-a97d-d965ccfc6d4b" outcome="Passed" testListId="8c84fa94-04c1-424b-9868-57a2d4851a1d" relativeResultsDirectory="44bce74c-a594-4486-af8c-12332430b9a0" />
    <UnitTestResult executionId="8efbcdaf-3c21-43bb-a427-6bf5fc176239" testId="9896fd01-1602-19ad-40eb-c38536268da9" testName="ItShouldIndicateWasSuccessfulIsFalseForFailingScenario" computerName="ERICCARLSONBBE6" duration="00:00:00.0087969" startTime="2022-05-09T16:18:50.1486102-04:00" endTime="2022-05-09T16:18:50.1574069-04:00" testType="13cdc9d9-ddb5-4fa4-a97d-d965ccfc6d4b" outcome="Passed" testListId="8c84fa94-04c1-424b-9868-57a2d4851a1d" relativeResultsDirectory="8efbcdaf-3c21-43bb-a427-6bf5fc176239" />
    <UnitTestResult executionId="2afdf9ef-4fa3-4f70-a89f-300802041aec" testId="fdc07046-cd97-c6a1-b694-bc2939683480" testName="ThenCanParseScenarioWithTableSuccessfully" computerName="ERICCARLSONBBE6" duration="00:00:00.0021700" startTime="2022-05-09T16:18:50.4778685-04:00" endTime="2022-05-09T16:18:50.4800380-04:00" testType="13cdc9d9-ddb5-4fa4-a97d-d965ccfc6d4b" outcome="Passed" testListId="8c84fa94-04c1-424b-9868-57a2d4851a1d" relativeResultsDirectory="2afdf9ef-4fa3-4f70-a89f-300802041aec" />
    <UnitTestResult executionId="2864c2bf-c66d-496f-9b1e-de3ea3728601" testId="a19c62ca-31cc-64e1-f5dd-6b73618efdbd" testName="MoveNamespace" computerName="ERICCARLSONBBE6" duration="00:00:00.0004230" startTime="2022-05-09T16:18:50.2957845-04:00" endTime="2022-05-09T16:18:50.2962077-04:00" testType="13cdc9d9-ddb5-4fa4-a97d-d965ccfc6d4b" outcome="Passed" testListId="8c84fa94-04c1-424b-9868-57a2d4851a1d" relativeResultsDirectory="2864c2bf-c66d-496f-9b1e-de3ea3728601" />
    <UnitTestResult executionId="08badc59-4f04-441d-8a31-a0b42d3e97a5" testId="c9dc8fda-f925-817c-ef19-f9b9572b50ff" testName="GetDialect_WithLanguageAndCulture_ReturnsThatLanguage" computerName="ERICCARLSONBBE6" duration="00:00:00.0111200" startTime="2022-05-09T16:18:49.1944651-04:00" endTime="2022-05-09T16:18:49.2055849-04:00" testType="13cdc9d9-ddb5-4fa4-a97d-d965ccfc6d4b" outcome="Passed" testListId="8c84fa94-04c1-424b-9868-57a2d4851a1d" relativeResultsDirectory="08badc59-4f04-441d-8a31-a0b42d3e97a5" />
    <UnitTestResult executionId="68c02d79-e969-477f-9343-71f034cc44d9" testId="b0f8f278-b262-e750-8aa3-1ea9a3b22ed7" testName="MapToExample_RegularExamples_ReturnsCorrectExample" computerName="ERICCARLSONBBE6" duration="00:00:00.0016030" startTime="2022-05-09T16:18:50.3565136-04:00" endTime="2022-05-09T16:18:50.3581159-04:00" testType="13cdc9d9-ddb5-4fa4-a97d-d965ccfc6d4b" outcome="Passed" testListId="8c84fa94-04c1-424b-9868-57a2d4851a1d" relativeResultsDirectory="68c02d79-e969-477f-9343-71f034cc44d9" />
    <UnitTestResult executionId="e321f420-1349-4475-9791-63bd34bf745d" testId="9a538a18-6713-44c0-7f91-be4011a7b21a" testName="ThenCanResolveTheSelectedIDocumentationBuilder(Markdown,PicklesDoc.Pickles.DocumentationBuilders.Markdown.MarkdownDocumentationBuilder)" computerName="ERICCARLSONBBE6" duration="00:00:00.0009230" startTime="2022-05-09T16:18:50.4983980-04:00" endTime="2022-05-09T16:18:50.4993209-04:00" testType="13cdc9d9-ddb5-4fa4-a97d-d965ccfc6d4b" outcome="Passed" testListId="8c84fa94-04c1-424b-9868-57a2d4851a1d" relativeResultsDirectory="e321f420-1349-4475-9791-63bd34bf745d" />
    <UnitTestResult executionId="b1a46b39-5660-4558-9c22-42e351c0e327" testId="6a374012-2fd6-0cd8-6683-20b8af7e8ea0" testName="ThenCanResolveTheSelectedIDocumentationBuilderAsSingleton(DHtml,PicklesDoc.Pickles.DocumentationBuilders.Dhtml.DhtmlDocumentationBuilder)" computerName="ERICCARLSONBBE6" duration="00:00:00.0017350" startTime="2022-05-09T16:18:50.5023902-04:00" endTime="2022-05-09T16:18:50.5041254-04:00" testType="13cdc9d9-ddb5-4fa4-a97d-d965ccfc6d4b" outcome="Passed" testListId="8c84fa94-04c1-424b-9868-57a2d4851a1d" relativeResultsDirectory="b1a46b39-5660-4558-9c22-42e351c0e327" />
    <UnitTestResult executionId="488615bd-1179-4f58-a544-7fbb92865641" testId="7c126b7b-3ee7-2707-c0f6-a67c3217c339" testName="Map_WithNullComments_ReturnsAfterLastStepCommentsList" computerName="ERICCARLSONBBE6" duration="00:00:00.0001810" startTime="2022-05-09T16:18:50.3138265-04:00" endTime="2022-05-09T16:18:50.3140074-04:00" testType="13cdc9d9-ddb5-4fa4-a97d-d965ccfc6d4b" outcome="Passed" testListId="8c84fa94-04c1-424b-9868-57a2d4851a1d" relativeResultsDirectory="488615bd-1179-4f58-a544-7fbb92865641" />
    <UnitTestResult executionId="7fe78378-1ef3-45dd-9234-84edd26e3278" testId="54394cfc-30d0-1b21-a9c9-bf82c6c4e0e4" testName="Map_FeatureWithScenario_ReturnsScenario" computerName="ERICCARLSONBBE6" duration="00:00:00.0026470" startTime="2022-05-09T16:18:50.3009423-04:00" endTime="2022-05-09T16:18:50.3035888-04:00" testType="13cdc9d9-ddb5-4fa4-a97d-d965ccfc6d4b" outcome="Passed" testListId="8c84fa94-04c1-424b-9868-57a2d4851a1d" relativeResultsDirectory="7fe78378-1ef3-45dd-9234-84edd26e3278" />
    <UnitTestResult executionId="98b07c5e-6f8e-49c3-b863-5e77ab1a8820" testId="f68824d7-0984-58d5-473e-d248d29d1f81" testName="MapToExample_NullExamples_ReturnsNullExample" computerName="ERICCARLSONBBE6" duration="00:00:00.0011630" startTime="2022-05-09T16:18:50.3553276-04:00" endTime="2022-05-09T16:18:50.3564903-04:00" testType="13cdc9d9-ddb5-4fa4-a97d-d965ccfc6d4b" outcome="Passed" testListId="8c84fa94-04c1-424b-9868-57a2d4851a1d" relativeResultsDirectory="98b07c5e-6f8e-49c3-b863-5e77ab1a8820" />
    <UnitTestResult executionId="8f792759-edad-42d2-ae1d-b40407b1b96e" testId="75dd8bd3-eae9-4577-2955-8c8531bc3c5b" testName="Create_InvalidFeatureFile_AddsEntryToReport" computerName="ERICCARLSONBBE6" duration="00:00:00.0174759" startTime="2022-05-09T16:18:49.6931217-04:00" endTime="2022-05-09T16:18:49.7105977-04:00" testType="13cdc9d9-ddb5-4fa4-a97d-d965ccfc6d4b" outcome="Passed" testListId="8c84fa94-04c1-424b-9868-57a2d4851a1d" relativeResultsDirectory="8f792759-edad-42d2-ae1d-b40407b1b96e" />
    <UnitTestResult executionId="a4859b02-895d-4f07-8855-ec46eed13f26" testId="d90c12dd-95d4-2680-665c-a9724bf3407c" testName="Merge_MultiplePassedOneInconclusiveResults_ShouldReturnInconclusive" computerName="ERICCARLSONBBE6" duration="00:00:00.0001360" startTime="2022-05-09T16:18:50.4194303-04:00" endTime="2022-05-09T16:18:50.4195664-04:00" testType="13cdc9d9-ddb5-4fa4-a97d-d965ccfc6d4b" outcome="Passed" testListId="8c84fa94-04c1-424b-9868-57a2d4851a1d" relativeResultsDirectory="a4859b02-895d-4f07-8855-ec46eed13f26" />
    <UnitTestResult executionId="51aa63d7-a175-444b-ba40-2e142b29d4c7" testId="2e5eb7c4-d75d-9cf6-4222-f8f1c9ac626a" testName="Map_WithNativeKeyword_ReturnsNativeKeyword" computerName="ERICCARLSONBBE6" duration="00:00:00.0000850" startTime="2022-05-09T16:18:50.3137183-04:00" endTime="2022-05-09T16:18:50.3138035-04:00" testType="13cdc9d9-ddb5-4fa4-a97d-d965ccfc6d4b" outcome="Passed" testListId="8c84fa94-04c1-424b-9868-57a2d4851a1d" relativeResultsDirectory="51aa63d7-a175-444b-ba40-2e142b29d4c7" />
    <UnitTestResult executionId="62190a35-4e3f-4aea-a83c-2e585ad31019" testId="47d60e4c-7728-7fa1-ef17-3a29405824ca" testName="Map_AnExampleWithName_ReturnsAJsonExampleWithName" computerName="ERICCARLSONBBE6" duration="00:00:00.0000910" startTime="2022-05-09T16:18:50.2974977-04:00" endTime="2022-05-09T16:18:50.2975882-04:00" testType="13cdc9d9-ddb5-4fa4-a97d-d965ccfc6d4b" outcome="Passed" testListId="8c84fa94-04c1-424b-9868-57a2d4851a1d" relativeResultsDirectory="62190a35-4e3f-4aea-a83c-2e585ad31019" />
    <UnitTestResult executionId="3ee4f9ce-80e7-4107-9984-7ed09392865a" testId="c826d657-b8f4-5226-a39c-eb7188bc6544" testName="ThenCanFormatTextWithAcronymAsWikiWordSuccessfully" computerName="ERICCARLSONBBE6" duration="00:00:00.0000740" startTime="2022-05-09T16:18:49.5442365-04:00" endTime="2022-05-09T16:18:49.5443100-04:00" testType="13cdc9d9-ddb5-4fa4-a97d-d965ccfc6d4b" outcome="Passed" testListId="8c84fa94-04c1-424b-9868-57a2d4851a1d" relativeResultsDirectory="3ee4f9ce-80e7-4107-9984-7ed09392865a" />
    <UnitTestResult executionId="e4159fc3-002c-4602-9e8f-2446039944f6" testId="2ab3b04b-4f0b-0b76-e6e9-98c397a4b936" testName="Then_can_parse_and_ignore_with_with_tag_without_sensitivity" computerName="ERICCARLSONBBE6" duration="00:00:00.0020650" startTime="2022-05-09T16:18:50.4482436-04:00" endTime="2022-05-09T16:18:50.4503083-04:00" testType="13cdc9d9-ddb5-4fa4-a97d-d965ccfc6d4b" outcome="Passed" testListId="8c84fa94-04c1-424b-9868-57a2d4851a1d" relativeResultsDirectory="e4159fc3-002c-4602-9e8f-2446039944f6" />
    <UnitTestResult executionId="406909dd-f187-42de-8ab9-9a373af46239" testId="d18e2342-ed93-20fc-1486-ab5d0965097b" testName="GetEncoding_UTF16BEBOM_ReturnsUnicode" computerName="ERICCARLSONBBE6" duration="00:00:00.0007249" startTime="2022-05-09T16:18:49.5369260-04:00" endTime="2022-05-09T16:18:49.5376507-04:00" testType="13cdc9d9-ddb5-4fa4-a97d-d965ccfc6d4b" outcome="Passed" testListId="8c84fa94-04c1-424b-9868-57a2d4851a1d" relativeResultsDirectory="406909dd-f187-42de-8ab9-9a373af46239" />
    <UnitTestResult executionId="230d3c36-aa01-4c1b-9129-95c8e6075f39" testId="33ddece8-ef6e-de86-ff9f-62192d743904" testName="Constructor_ValidRelativePath" computerName="ERICCARLSONBBE6" duration="00:00:00.0007060" startTime="2022-05-09T16:18:49.5123051-04:00" endTime="2022-05-09T16:18:49.5130107-04:00" testType="13cdc9d9-ddb5-4fa4-a97d-d965ccfc6d4b" outcome="Passed" testListId="8c84fa94-04c1-424b-9868-57a2d4851a1d" relativeResultsDirectory="230d3c36-aa01-4c1b-9129-95c8e6075f39" />
    <UnitTestResult executionId="2788d051-3184-4d95-90dc-7b8824c7b3d4" testId="2ecfc0bc-21d0-9225-7733-601491925d83" testName="ItShouldContainTheSutInfoInTheJsonDocument" computerName="ERICCARLSONBBE6" duration="00:00:00.0116480" startTime="2022-05-09T16:18:50.1149644-04:00" endTime="2022-05-09T16:18:50.1266121-04:00" testType="13cdc9d9-ddb5-4fa4-a97d-d965ccfc6d4b" outcome="Passed" testListId="8c84fa94-04c1-424b-9868-57a2d4851a1d" relativeResultsDirectory="2788d051-3184-4d95-90dc-7b8824c7b3d4" />
    <UnitTestResult executionId="77b77f86-6da3-43d5-a3cf-986a3e66da21" testId="c7b4be8c-405a-cff4-f09d-429800388a2f" testName="Map_Always_ReturnsNullFeature" computerName="ERICCARLSONBBE6" duration="00:00:00.0002030" startTime="2022-05-09T16:18:50.3106340-04:00" endTime="2022-05-09T16:18:50.3108370-04:00" testType="13cdc9d9-ddb5-4fa4-a97d-d965ccfc6d4b" outcome="Passed" testListId="8c84fa94-04c1-424b-9868-57a2d4851a1d" relativeResultsDirectory="77b77f86-6da3-43d5-a3cf-986a3e66da21" />
    <UnitTestResult executionId="08dbf2f6-d63c-40eb-8fc2-e686159cac77" testId="9bd1749b-1791-ec4a-f271-7478791738c2" testName="MapToTableRow_RowWithCellValues_ReturnsRowContainingThoseValues" computerName="ERICCARLSONBBE6" duration="00:00:00.0011470" startTime="2022-05-09T16:18:50.3515534-04:00" endTime="2022-05-09T16:18:50.3527003-04:00" testType="13cdc9d9-ddb5-4fa4-a97d-d965ccfc6d4b" outcome="Passed" testListId="8c84fa94-04c1-424b-9868-57a2d4851a1d" relativeResultsDirectory="08dbf2f6-d63c-40eb-8fc2-e686159cac77" />
    <UnitTestResult executionId="580d20af-16ac-49a2-9aed-973d3fe4952f" testId="f1eb8b6a-9375-3801-5631-df4597432bd1" testName="Map_When_ReturnsWhen" computerName="ERICCARLSONBBE6" duration="00:00:00.0001040" startTime="2022-05-09T16:18:50.3103031-04:00" endTime="2022-05-09T16:18:50.3104070-04:00" testType="13cdc9d9-ddb5-4fa4-a97d-d965ccfc6d4b" outcome="Passed" testListId="8c84fa94-04c1-424b-9868-57a2d4851a1d" relativeResultsDirectory="580d20af-16ac-49a2-9aed-973d3fe4952f" />
    <UnitTestResult executionId="6fb11383-e577-49bc-8d09-88093e60f275" testId="5722e0ae-ca74-4e51-7bf5-080a8bfd63bc" testName="Iterator_NodeWithNullName_ShouldNotThrowException" computerName="ERICCARLSONBBE6" duration="00:00:00.0021280" startTime="2022-05-09T16:18:49.4978767-04:00" endTime="2022-05-09T16:18:49.5000043-04:00" testType="13cdc9d9-ddb5-4fa4-a97d-d965ccfc6d4b" outcome="Passed" testListId="8c84fa94-04c1-424b-9868-57a2d4851a1d" relativeResultsDirectory="6fb11383-e577-49bc-8d09-88093e60f275" />
    <UnitTestResult executionId="cd15340a-daf5-4a57-9db4-140f0e412c1f" testId="69dcc676-4ef6-c241-adb3-07e8c9464faa" testName="RealData" computerName="ERICCARLSONBBE6" duration="00:00:00.0010580" startTime="2022-05-09T16:18:49.5220899-04:00" endTime="2022-05-09T16:18:49.5231477-04:00" testType="13cdc9d9-ddb5-4fa4-a97d-d965ccfc6d4b" outcome="Passed" testListId="8c84fa94-04c1-424b-9868-57a2d4851a1d" relativeResultsDirectory="cd15340a-daf5-4a57-9db4-140f0e412c1f" />
    <UnitTestResult executionId="8737ea29-70b3-4088-82d0-52b2a6dad8f4" testId="3a3ca858-e141-d107-a546-9b5950e81a79" testName="GetEncoding_UTF32BOM_ReturnsUnicode" computerName="ERICCARLSONBBE6" duration="00:00:00.0010839" startTime="2022-05-09T16:18:49.5384635-04:00" endTime="2022-05-09T16:18:49.5395479-04:00" testType="13cdc9d9-ddb5-4fa4-a97d-d965ccfc6d4b" outcome="Passed" testListId="8c84fa94-04c1-424b-9868-57a2d4851a1d" relativeResultsDirectory="8737ea29-70b3-4088-82d0-52b2a6dad8f4" />
    <UnitTestResult executionId="db198d92-e392-4618-bdda-f07f24ce7cc5" testId="a76a52d2-e464-7beb-7062-8f2eeda29156" testName="LineThatStartsWithEscapedHash_Header2_ShouldRemoveEscapeSign" computerName="ERICCARLSONBBE6" duration="00:00:00.0000860" startTime="2022-05-09T16:18:49.5046188-04:00" endTime="2022-05-09T16:18:49.5047045-04:00" testType="13cdc9d9-ddb5-4fa4-a97d-d965ccfc6d4b" outcome="Passed" testListId="8c84fa94-04c1-424b-9868-57a2d4851a1d" relativeResultsDirectory="db198d92-e392-4618-bdda-f07f24ce7cc5" />
    <UnitTestResult executionId="95e1f931-0f16-495f-a030-a63a6a009b04" testId="2c6cc121-0dd5-d647-685b-59af2aa3177a" testName="Then_can_parse_and_ignore_scenario_with_tag_in_configuration_ignore_tag" computerName="ERICCARLSONBBE6" duration="00:00:00.0025200" startTime="2022-05-09T16:18:50.4438797-04:00" endTime="2022-05-09T16:18:50.4463999-04:00" testType="13cdc9d9-ddb5-4fa4-a97d-d965ccfc6d4b" outcome="Passed" testListId="8c84fa94-04c1-424b-9868-57a2d4851a1d" relativeResultsDirectory="95e1f931-0f16-495f-a030-a63a6a009b04" />
    <UnitTestResult executionId="c3c49267-b440-4a33-b9e4-6c390f6c5464" testId="69d56e98-4eff-4355-eeb5-6709592411a0" testName="GetEncoding_NullArgument_ThrowsArgumentNullException" computerName="ERICCARLSONBBE6" duration="00:00:00.0008020" startTime="2022-05-09T16:18:49.5361003-04:00" endTime="2022-05-09T16:18:49.5369018-04:00" testType="13cdc9d9-ddb5-4fa4-a97d-d965ccfc6d4b" outcome="Passed" testListId="8c84fa94-04c1-424b-9868-57a2d4851a1d" relativeResultsDirectory="c3c49267-b440-4a33-b9e4-6c390f6c5464" />
    <UnitTestResult executionId="f2f2fc21-60e2-40bc-a881-f7a88caa3002" testId="98e469bb-9f52-5e59-ff5e-c657d094c2bb" testName="MapToStringTag_NullTag_ReturnsNull" computerName="ERICCARLSONBBE6" duration="00:00:00.0010480" startTime="2022-05-09T16:18:50.4056421-04:00" endTime="2022-05-09T16:18:50.4066906-04:00" testType="13cdc9d9-ddb5-4fa4-a97d-d965ccfc6d4b" outcome="Passed" testListId="8c84fa94-04c1-424b-9868-57a2d4851a1d" relativeResultsDirectory="f2f2fc21-60e2-40bc-a881-f7a88caa3002" />
    <UnitTestResult executionId="a8592c11-bdb7-4d26-871f-dc5592c1ce51" testId="74539da9-e8d8-3db8-fc39-faa5f1db68f1" testName="LineThatStartsWithEscapedHash_Header6_ShouldRemoveEscapeSign" computerName="ERICCARLSONBBE6" duration="00:00:00.0000649" startTime="2022-05-09T16:18:49.5049673-04:00" endTime="2022-05-09T16:18:49.5050323-04:00" testType="13cdc9d9-ddb5-4fa4-a97d-d965ccfc6d4b" outcome="Passed" testListId="8c84fa94-04c1-424b-9868-57a2d4851a1d" relativeResultsDirectory="a8592c11-bdb7-4d26-871f-dc5592c1ce51" />
    <UnitTestResult executionId="9c098533-8556-469d-9c21-323052c2f593" testId="7355de11-ecb9-78c1-e9a7-a6ad6863c717" testName="TableOfContent_Must_Contain_Link_To_Home" computerName="ERICCARLSONBBE6" duration="00:00:00.0105720" startTime="2022-05-09T16:18:50.2442819-04:00" endTime="2022-05-09T16:18:50.2548538-04:00" testType="13cdc9d9-ddb5-4fa4-a97d-d965ccfc6d4b" outcome="Passed" testListId="8c84fa94-04c1-424b-9868-57a2d4851a1d" relativeResultsDirectory="9c098533-8556-469d-9c21-323052c2f593" />
    <UnitTestResult executionId="fc0cfb2c-f1f7-41ba-bfb8-b1225e205408" testId="71ab70a9-ef4b-ca2c-f5d6-1ba5618c1d97" testName="Map_WithName_ReturnsName" computerName="ERICCARLSONBBE6" duration="00:00:00.0001299" startTime="2022-05-09T16:18:50.3118293-04:00" endTime="2022-05-09T16:18:50.3119593-04:00" testType="13cdc9d9-ddb5-4fa4-a97d-d965ccfc6d4b" outcome="Passed" testListId="8c84fa94-04c1-424b-9868-57a2d4851a1d" relativeResultsDirectory="fc0cfb2c-f1f7-41ba-bfb8-b1225e205408" />
    <UnitTestResult executionId="52691d23-6df0-4229-a808-3a6f5af2c59a" testId="2f32466c-54e6-c512-f429-2080bcc91825" testName="MapToScenario_BackgroundWithNullDescription_ReturnsScenarioWithEmptyDescription" computerName="ERICCARLSONBBE6" duration="00:00:00.0060390" startTime="2022-05-09T16:18:50.3261266-04:00" endTime="2022-05-09T16:18:50.3321651-04:00" testType="13cdc9d9-ddb5-4fa4-a97d-d965ccfc6d4b" outcome="Passed" testListId="8c84fa94-04c1-424b-9868-57a2d4851a1d" relativeResultsDirectory="52691d23-6df0-4229-a808-3a6f5af2c59a" />
    <UnitTestResult executionId="c1ae84cd-541b-44b4-91df-6874cb9108be" testId="0deeb8ae-3a20-2371-5a6c-b2ecc1099272" testName="MapToStep_StepWithDocStringArgument_ReturnStepWithDocString" computerName="ERICCARLSONBBE6" duration="00:00:00.0013860" startTime="2022-05-09T16:18:50.3991671-04:00" endTime="2022-05-09T16:18:50.4005534-04:00" testType="13cdc9d9-ddb5-4fa4-a97d-d965ccfc6d4b" outcome="Passed" testListId="8c84fa94-04c1-424b-9868-57a2d4851a1d" relativeResultsDirectory="c1ae84cd-541b-44b4-91df-6874cb9108be" />
    <UnitTestResult executionId="67df8373-0b11-45d2-a462-ad585698d2df" testId="7bb5e631-9147-0063-5795-e8fe0b38a046" testName="ThenCanFormatTextWithAcronymAndNumberAsWikiWordSuccessfully" computerName="ERICCARLSONBBE6" duration="00:00:00.0001160" startTime="2022-05-09T16:18:49.5441118-04:00" endTime="2022-05-09T16:18:49.5442276-04:00" testType="13cdc9d9-ddb5-4fa4-a97d-d965ccfc6d4b" outcome="Passed" testListId="8c84fa94-04c1-424b-9868-57a2d4851a1d" relativeResultsDirectory="67df8373-0b11-45d2-a462-ad585698d2df" />
    <UnitTestResult executionId="cdf0c2a2-6d97-44d2-9ee3-0e14e1ff7c33" testId="cba6d1e7-9efd-8bb5-d58c-bc7892bd4b07" testName="MapToComment_NullLocation_ReturnsNull" computerName="ERICCARLSONBBE6" duration="00:00:00.0011080" startTime="2022-05-09T16:18:50.3379121-04:00" endTime="2022-05-09T16:18:50.3390199-04:00" testType="13cdc9d9-ddb5-4fa4-a97d-d965ccfc6d4b" outcome="Passed" testListId="8c84fa94-04c1-424b-9868-57a2d4851a1d" relativeResultsDirectory="cdf0c2a2-6d97-44d2-9ee3-0e14e1ff7c33" />
    <UnitTestResult executionId="048927c2-abeb-42ad-94a6-cf162625054a" testId="01cf9393-974a-501b-772e-4a5b61f1c33b" testName="Map_DutchFeature_SetsNativeKeywordToExamples" computerName="ERICCARLSONBBE6" duration="00:00:00.0010600" startTime="2022-05-09T16:18:50.2981107-04:00" endTime="2022-05-09T16:18:50.2991705-04:00" testType="13cdc9d9-ddb5-4fa4-a97d-d965ccfc6d4b" outcome="Passed" testListId="8c84fa94-04c1-424b-9868-57a2d4851a1d" relativeResultsDirectory="048927c2-abeb-42ad-94a6-cf162625054a" />
    <UnitTestResult executionId="3704b8b9-4668-4966-8f28-7297477925fd" testId="ad9c4f1f-f3c4-4f5a-d866-e8e35b84d47b" testName="Create_InvalidFileType_AddsEntryToReport" computerName="ERICCARLSONBBE6" duration="00:00:00.0010810" startTime="2022-05-09T16:18:49.7106366-04:00" endTime="2022-05-09T16:18:49.7117090-04:00" testType="13cdc9d9-ddb5-4fa4-a97d-d965ccfc6d4b" outcome="Passed" testListId="8c84fa94-04c1-424b-9868-57a2d4851a1d" relativeResultsDirectory="3704b8b9-4668-4966-8f28-7297477925fd" />
    <UnitTestResult executionId="367df421-d207-4b16-b41c-911d281ad611" testId="f23064d7-8737-65a1-12a3-24572822c2d1" testName="Map_TableWithHeaderRow_ReturnsJsonTableWithHeaderRow" computerName="ERICCARLSONBBE6" duration="00:00:00.0001320" startTime="2022-05-09T16:18:50.3223473-04:00" endTime="2022-05-09T16:18:50.3224796-04:00" testType="13cdc9d9-ddb5-4fa4-a97d-d965ccfc6d4b" outcome="Passed" testListId="8c84fa94-04c1-424b-9868-57a2d4851a1d" relativeResultsDirectory="367df421-d207-4b16-b41c-911d281ad611" />
    <UnitTestResult executionId="e6692aa2-f0b7-4ab5-8235-21f72a90eb21" testId="28772bab-df5d-6054-e291-6e60f8a662fb" testName="ItShouldContainTheRelativePath" computerName="ERICCARLSONBBE6" duration="00:00:00.0008890" startTime="2022-05-09T16:18:50.0380719-04:00" endTime="2022-05-09T16:18:50.0389611-04:00" testType="13cdc9d9-ddb5-4fa4-a97d-d965ccfc6d4b" outcome="Passed" testListId="8c84fa94-04c1-424b-9868-57a2d4851a1d" relativeResultsDirectory="e6692aa2-f0b7-4ab5-8235-21f72a90eb21" />
    <UnitTestResult executionId="e16ccf7e-fe38-415e-9a6d-7bf272a5bbf6" testId="e8e9bd96-bced-3cd1-ed8b-8f1f5cb07968" testName="MapToScenario_RegularScenario_ReturnsScenario" computerName="ERICCARLSONBBE6" duration="00:00:00.0014120" startTime="2022-05-09T16:18:50.3796208-04:00" endTime="2022-05-09T16:18:50.3810325-04:00" testType="13cdc9d9-ddb5-4fa4-a97d-d965ccfc6d4b" outcome="Passed" testListId="8c84fa94-04c1-424b-9868-57a2d4851a1d" relativeResultsDirectory="e16ccf7e-fe38-415e-9a6d-7bf272a5bbf6" />
    <UnitTestResult executionId="8becefe9-d739-49f1-a508-f2c6b4f14f62" testId="8a496478-cb58-07dc-ff9e-8b8291b01ce1" testName="Map_Passed_ReturnsExecutedTrueSuccessfulTrue" computerName="ERICCARLSONBBE6" duration="00:00:00.0000850" startTime="2022-05-09T16:18:50.3233202-04:00" endTime="2022-05-09T16:18:50.3234050-04:00" testType="13cdc9d9-ddb5-4fa4-a97d-d965ccfc6d4b" outcome="Passed" testListId="8c84fa94-04c1-424b-9868-57a2d4851a1d" relativeResultsDirectory="8becefe9-d739-49f1-a508-f2c6b4f14f62" />
    <UnitTestResult executionId="041da227-9f9e-4b4a-acb5-07d9c18efde1" testId="1778f960-3877-9ea7-360f-a6725dc97989" testName="IsRelevant_ImageFileInfo_ReturnsTrue" computerName="ERICCARLSONBBE6" duration="00:00:00.0026570" startTime="2022-05-09T16:18:49.5272151-04:00" endTime="2022-05-09T16:18:49.5298724-04:00" testType="13cdc9d9-ddb5-4fa4-a97d-d965ccfc6d4b" outcome="Passed" testListId="8c84fa94-04c1-424b-9868-57a2d4851a1d" relativeResultsDirectory="041da227-9f9e-4b4a-acb5-07d9c18efde1" />
    <UnitTestResult executionId="45fa1a0e-872a-4d04-a155-2d9fc7a6e09e" testId="5b7d7e18-3797-759c-db9a-5e4c609a525d" testName="MapToFeature_Always_MapsFeaturePropertyOfBackground" computerName="ERICCARLSONBBE6" duration="00:00:00.0026020" startTime="2022-05-09T16:18:50.3234991-04:00" endTime="2022-05-09T16:18:50.3261004-04:00" testType="13cdc9d9-ddb5-4fa4-a97d-d965ccfc6d4b" outcome="Passed" testListId="8c84fa94-04c1-424b-9868-57a2d4851a1d" relativeResultsDirectory="45fa1a0e-872a-4d04-a155-2d9fc7a6e09e" />
    <UnitTestResult executionId="4bb37788-8bbe-4bf1-a01e-55dd256704e3" testId="8952b576-6631-ae17-2867-cd3e93cd8ea7" testName="MapToKeyWord_StringGiven_ReturnsGiven" computerName="ERICCARLSONBBE6" duration="00:00:00.0010760" startTime="2022-05-09T16:18:50.3948672-04:00" endTime="2022-05-09T16:18:50.3959427-04:00" testType="13cdc9d9-ddb5-4fa4-a97d-d965ccfc6d4b" outcome="Passed" testListId="8c84fa94-04c1-424b-9868-57a2d4851a1d" relativeResultsDirectory="4bb37788-8bbe-4bf1-a01e-55dd256704e3" />
    <UnitTestResult executionId="0c25ace4-b25d-47e8-af1a-0d06e7780e2a" testId="83e26a96-56bc-6d91-1739-e2e0f0465b03" testName="ThenCanDetectAllImagesSuccessfully" computerName="ERICCARLSONBBE6" duration="00:00:00.0026360" startTime="2022-05-09T16:18:50.6923102-04:00" endTime="2022-05-09T16:18:50.6949465-04:00" testType="13cdc9d9-ddb5-4fa4-a97d-d965ccfc6d4b" outcome="Passed" testListId="8c84fa94-04c1-424b-9868-57a2d4851a1d" relativeResultsDirectory="0c25ace4-b25d-47e8-af1a-0d06e7780e2a" />
    <UnitTestResult executionId="e59fd974-1c68-46a6-89a2-27fc73ce7ed9" testId="421a6e45-c786-7a38-bb88-c8e678f20118" testName="ThenCanParseScenarioWithDocstringSuccessfully" computerName="ERICCARLSONBBE6" duration="00:00:00.0034370" startTime="2022-05-09T16:18:50.4743991-04:00" endTime="2022-05-09T16:18:50.4778363-04:00" testType="13cdc9d9-ddb5-4fa4-a97d-d965ccfc6d4b" outcome="Passed" testListId="8c84fa94-04c1-424b-9868-57a2d4851a1d" relativeResultsDirectory="e59fd974-1c68-46a6-89a2-27fc73ce7ed9" />
    <UnitTestResult executionId="e8e9b984-773a-4413-9d9e-1ba46299ea7d" testId="e9d634e6-2f2a-133f-399f-5277298a79de" testName="MapToLocation_RegularLocation_ReturnsLocation" computerName="ERICCARLSONBBE6" duration="00:00:00.0011070" startTime="2022-05-09T16:18:50.3752697-04:00" endTime="2022-05-09T16:18:50.3763763-04:00" testType="13cdc9d9-ddb5-4fa4-a97d-d965ccfc6d4b" outcome="Passed" testListId="8c84fa94-04c1-424b-9868-57a2d4851a1d" relativeResultsDirectory="e8e9b984-773a-4413-9d9e-1ba46299ea7d" />
    <UnitTestResult executionId="72e7c28e-31ea-46ff-bc2b-1780a7b0b0b2" testId="47c9a237-7b62-75f9-e1ca-dd3cd3c91f8d" testName="ItShouldContainTheFeature" computerName="ERICCARLSONBBE6" duration="00:00:00.0033040" startTime="2022-05-09T16:18:50.0347397-04:00" endTime="2022-05-09T16:18:50.0380440-04:00" testType="13cdc9d9-ddb5-4fa4-a97d-d965ccfc6d4b" outcome="Passed" testListId="8c84fa94-04c1-424b-9868-57a2d4851a1d" relativeResultsDirectory="72e7c28e-31ea-46ff-bc2b-1780a7b0b0b2" />
    <UnitTestResult executionId="02208086-be7f-42cf-a4e5-953ad2c5822b" testId="53961c9e-5b44-6e8d-e692-db730794cc8f" testName="MapToKeyword_GivenInSwedish_ReturnsGiven" computerName="ERICCARLSONBBE6" duration="00:00:00.0010750" startTime="2022-05-09T16:18:50.4109762-04:00" endTime="2022-05-09T16:18:50.4120511-04:00" testType="13cdc9d9-ddb5-4fa4-a97d-d965ccfc6d4b" outcome="Passed" testListId="8c84fa94-04c1-424b-9868-57a2d4851a1d" relativeResultsDirectory="02208086-be7f-42cf-a4e5-953ad2c5822b" />
    <UnitTestResult executionId="45759d6f-abbd-4bda-b6fd-e87bd4473a92" testId="42016bf3-754c-eff4-cfc4-18801838538f" testName="MapToStep_StepWithoutArgument_ReturnStep" computerName="ERICCARLSONBBE6" duration="00:00:00.0011210" startTime="2022-05-09T16:18:50.4017768-04:00" endTime="2022-05-09T16:18:50.4028980-04:00" testType="13cdc9d9-ddb5-4fa4-a97d-d965ccfc6d4b" outcome="Passed" testListId="8c84fa94-04c1-424b-9868-57a2d4851a1d" relativeResultsDirectory="45759d6f-abbd-4bda-b6fd-e87bd4473a92" />
    <UnitTestResult executionId="8b94e2d1-5481-427e-8eef-b401300993fb" testId="77906bed-4a7d-5521-51c2-4f3d836434ba" testName="MapToStep_StepWithTableArgument_ReturnStepWithTable" computerName="ERICCARLSONBBE6" duration="00:00:00.0013780" startTime="2022-05-09T16:18:50.4029210-04:00" endTime="2022-05-09T16:18:50.4042989-04:00" testType="13cdc9d9-ddb5-4fa4-a97d-d965ccfc6d4b" outcome="Passed" testListId="8c84fa94-04c1-424b-9868-57a2d4851a1d" relativeResultsDirectory="8b94e2d1-5481-427e-8eef-b401300993fb" />
    <UnitTestResult executionId="fa92be8f-0224-4bf4-8980-19ac1c5305ef" testId="8de2a033-b676-2f53-2f59-0733a195f808" testName="Map_NoExamples_ReturnsEmptyListOfExamples" computerName="ERICCARLSONBBE6" duration="00:00:00.0000940" startTime="2022-05-09T16:18:50.3110075-04:00" endTime="2022-05-09T16:18:50.3111018-04:00" testType="13cdc9d9-ddb5-4fa4-a97d-d965ccfc6d4b" outcome="Passed" testListId="8c84fa94-04c1-424b-9868-57a2d4851a1d" relativeResultsDirectory="fa92be8f-0224-4bf4-8980-19ac1c5305ef" />
    <UnitTestResult executionId="eed6edc5-908b-4705-8cf7-298af6e56231" testId="2ff69b2c-15f7-7252-063e-2d4877f45ec0" testName="Map_TableWithDataRows_ReturnsJsonTableWithDataRows" computerName="ERICCARLSONBBE6" duration="00:00:00.0002890" startTime="2022-05-09T16:18:50.3220351-04:00" endTime="2022-05-09T16:18:50.3223236-04:00" testType="13cdc9d9-ddb5-4fa4-a97d-d965ccfc6d4b" outcome="Passed" testListId="8c84fa94-04c1-424b-9868-57a2d4851a1d" relativeResultsDirectory="eed6edc5-908b-4705-8cf7-298af6e56231" />
    <UnitTestResult executionId="3ece53ef-756c-48ff-86a0-a338f4992e71" testId="23955a31-cf35-8855-1092-98631cf687d8" testName="MapToKeyWord_StringThen_ReturnsThen" computerName="ERICCARLSONBBE6" duration="00:00:00.0012120" startTime="2022-05-09T16:18:50.3959651-04:00" endTime="2022-05-09T16:18:50.3971774-04:00" testType="13cdc9d9-ddb5-4fa4-a97d-d965ccfc6d4b" outcome="Passed" testListId="8c84fa94-04c1-424b-9868-57a2d4851a1d" relativeResultsDirectory="3ece53ef-756c-48ff-86a0-a338f4992e71" />
    <UnitTestResult executionId="a50339f1-873a-4b86-b979-5208a1c305a2" testId="bcbfdc88-f29f-53aa-6ac7-bd0cbdb624b9" testName="Map_NullStep_ReturnsNull" computerName="ERICCARLSONBBE6" duration="00:00:00.0001020" startTime="2022-05-09T16:18:50.3128430-04:00" endTime="2022-05-09T16:18:50.3129444-04:00" testType="13cdc9d9-ddb5-4fa4-a97d-d965ccfc6d4b" outcome="Passed" testListId="8c84fa94-04c1-424b-9868-57a2d4851a1d" relativeResultsDirectory="a50339f1-873a-4b86-b979-5208a1c305a2" />
    <UnitTestResult executionId="2994d520-078f-4a6c-a7d6-c3ded73c55f6" testId="5b0b7c95-f6d8-a2fe-eb27-9c403d882838" testName="MapToScenario_TitleSpecialCharacters_HasValidSlug" computerName="ERICCARLSONBBE6" duration="00:00:00.0012669" startTime="2022-05-09T16:18:50.3866469-04:00" endTime="2022-05-09T16:18:50.3879139-04:00" testType="13cdc9d9-ddb5-4fa4-a97d-d965ccfc6d4b" outcome="Passed" testListId="8c84fa94-04c1-424b-9868-57a2d4851a1d" relativeResultsDirectory="2994d520-078f-4a6c-a7d6-c3ded73c55f6" />
    <UnitTestResult executionId="b038d157-fb77-423c-bc14-1b151341470f" testId="061dd521-a1d0-0649-a878-d6361edc5bc9" testName="FirstUlNodeShouldBeIndex" computerName="ERICCARLSONBBE6" duration="00:00:00.0094410" startTime="2022-05-09T16:18:50.2348140-04:00" endTime="2022-05-09T16:18:50.2442549-04:00" testType="13cdc9d9-ddb5-4fa4-a97d-d965ccfc6d4b" outcome="Passed" testListId="8c84fa94-04c1-424b-9868-57a2d4851a1d" relativeResultsDirectory="b038d157-fb77-423c-bc14-1b151341470f" />
    <UnitTestResult executionId="137b210e-152a-4155-91a5-5f659dc63c12" testId="c45bafd9-44fe-eb94-223b-fb60dcc673d3" testName="MapToExample_RegularWithTagsExamples_ReturnsCorrectExample" computerName="ERICCARLSONBBE6" duration="00:00:00.0013380" startTime="2022-05-09T16:18:50.3581422-04:00" endTime="2022-05-09T16:18:50.3594801-04:00" testType="13cdc9d9-ddb5-4fa4-a97d-d965ccfc6d4b" outcome="Passed" testListId="8c84fa94-04c1-424b-9868-57a2d4851a1d" relativeResultsDirectory="137b210e-152a-4155-91a5-5f659dc63c12" />
    <UnitTestResult executionId="e157c2ab-e6bc-41f0-9435-9729fdf9a9c5" testId="7537e683-3e74-548a-5552-941c0a3f0e36" testName="Map_Null_ReturnsNull" computerName="ERICCARLSONBBE6" duration="00:00:00.0001050" startTime="2022-05-09T16:18:50.3114077-04:00" endTime="2022-05-09T16:18:50.3115131-04:00" testType="13cdc9d9-ddb5-4fa4-a97d-d965ccfc6d4b" outcome="Passed" testListId="8c84fa94-04c1-424b-9868-57a2d4851a1d" relativeResultsDirectory="e157c2ab-e6bc-41f0-9435-9729fdf9a9c5" />
    <UnitTestResult executionId="1ebca1f0-37a1-4486-be20-cc9aa6de80d7" testId="523f430c-589f-aafd-1b2b-05118044b2a8" testName="GetRelativeUriTo_FileToDirectory_ReturnsNodesFileName" computerName="ERICCARLSONBBE6" duration="00:00:00.0011509" startTime="2022-05-09T16:18:49.5201977-04:00" endTime="2022-05-09T16:18:49.5213486-04:00" testType="13cdc9d9-ddb5-4fa4-a97d-d965ccfc6d4b" outcome="Passed" testListId="8c84fa94-04c1-424b-9868-57a2d4851a1d" relativeResultsDirectory="1ebca1f0-37a1-4486-be20-cc9aa6de80d7" />
    <UnitTestResult executionId="7de5e999-2004-4d88-86ef-5ff8dc3ce3c0" testId="7d4b2fb4-4f47-e69c-8783-b5d5edc4e395" testName="ThenCanParseScenariosSuccessfully" computerName="ERICCARLSONBBE6" duration="00:00:00.0023710" startTime="2022-05-09T16:18:50.4701710-04:00" endTime="2022-05-09T16:18:50.4725422-04:00" testType="13cdc9d9-ddb5-4fa4-a97d-d965ccfc6d4b" outcome="Passed" testListId="8c84fa94-04c1-424b-9868-57a2d4851a1d" relativeResultsDirectory="7de5e999-2004-4d88-86ef-5ff8dc3ce3c0" />
    <UnitTestResult executionId="a38b5f22-a50f-4af9-8079-171669fa65b4" testId="8a192c30-8319-60ca-9b79-083c98f4c139" testName="MapToStringDocString_ArgumentWithStringValue_ReturnsThatString" computerName="ERICCARLSONBBE6" duration="00:00:00.0013200" startTime="2022-05-09T16:18:50.3528186-04:00" endTime="2022-05-09T16:18:50.3541386-04:00" testType="13cdc9d9-ddb5-4fa4-a97d-d965ccfc6d4b" outcome="Passed" testListId="8c84fa94-04c1-424b-9868-57a2d4851a1d" relativeResultsDirectory="a38b5f22-a50f-4af9-8079-171669fa65b4" />
    <UnitTestResult executionId="cb73869b-e8d4-4c38-9899-4aa35d078b9b" testId="299d9885-53d7-e812-ce71-f67d71904c3f" testName="Map_TableRowWithTestResult_ConvertsToJsonTableRowWithTestResult" computerName="ERICCARLSONBBE6" duration="00:00:00.0011490" startTime="2022-05-09T16:18:50.3183922-04:00" endTime="2022-05-09T16:18:50.3195413-04:00" testType="13cdc9d9-ddb5-4fa4-a97d-d965ccfc6d4b" outcome="Passed" testListId="8c84fa94-04c1-424b-9868-57a2d4851a1d" relativeResultsDirectory="cb73869b-e8d4-4c38-9899-4aa35d078b9b" />
    <UnitTestResult executionId="4be9d459-fa37-46e1-82f6-00f5b5dad17c" testId="aef537d8-2872-7fbb-f05d-3fcdf7a673b8" testName="ThenCanFormatTextWithLongNumbersAsWikiWordSuccessfully" computerName="ERICCARLSONBBE6" duration="00:00:00.0000680" startTime="2022-05-09T16:18:49.5443183-04:00" endTime="2022-05-09T16:18:49.5443863-04:00" testType="13cdc9d9-ddb5-4fa4-a97d-d965ccfc6d4b" outcome="Passed" testListId="8c84fa94-04c1-424b-9868-57a2d4851a1d" relativeResultsDirectory="4be9d459-fa37-46e1-82f6-00f5b5dad17c" />
    <UnitTestResult executionId="04bc8858-9d35-4f35-b56c-c26c7a3f8ec7" testId="c2fae702-1219-a5ae-f1ea-5e55a1f23bf4" testName="ThenCanFormatTextAsWikiWordSuccessfully" computerName="ERICCARLSONBBE6" duration="00:00:00.0009490" startTime="2022-05-09T16:18:49.5431357-04:00" endTime="2022-05-09T16:18:49.5440850-04:00" testType="13cdc9d9-ddb5-4fa4-a97d-d965ccfc6d4b" outcome="Passed" testListId="8c84fa94-04c1-424b-9868-57a2d4851a1d" relativeResultsDirectory="04bc8858-9d35-4f35-b56c-c26c7a3f8ec7" />
    <UnitTestResult executionId="1ce1b284-bb79-4653-bf34-0d4583446cb4" testId="4c3b0b4e-8fbb-7811-7a21-4748a52bc3e2" testName="Map_NonNullStep_ReturnsJsonStep" computerName="ERICCARLSONBBE6" duration="00:00:00.0002940" startTime="2022-05-09T16:18:50.3125289-04:00" endTime="2022-05-09T16:18:50.3128229-04:00" testType="13cdc9d9-ddb5-4fa4-a97d-d965ccfc6d4b" outcome="Passed" testListId="8c84fa94-04c1-424b-9868-57a2d4851a1d" relativeResultsDirectory="1ce1b284-bb79-4653-bf34-0d4583446cb4" />
    <UnitTestResult executionId="6eedf286-159d-4677-a874-800c65d2b1d2" testId="3c3842c3-f734-534b-fecc-cf8c356ba236" testName="Map_NotProvided_ReturnsExecutedFalseSuccessfulFalseProvidedFalse" computerName="ERICCARLSONBBE6" duration="00:00:00.0000810" startTime="2022-05-09T16:18:50.3232322-04:00" endTime="2022-05-09T16:18:50.3233126-04:00" testType="13cdc9d9-ddb5-4fa4-a97d-d965ccfc6d4b" outcome="Passed" testListId="8c84fa94-04c1-424b-9868-57a2d4851a1d" relativeResultsDirectory="6eedf286-159d-4677-a874-800c65d2b1d2" />
    <UnitTestResult executionId="b3d1448d-1611-40b6-961a-52c6d420893a" testId="aef8551c-05cb-2cf2-3f00-57a0d48780f4" testName="Map_TableRowWithCells_ConvertsToJsonTableRow" computerName="ERICCARLSONBBE6" duration="00:00:00.0003480" startTime="2022-05-09T16:18:50.3176973-04:00" endTime="2022-05-09T16:18:50.3180450-04:00" testType="13cdc9d9-ddb5-4fa4-a97d-d965ccfc6d4b" outcome="Passed" testListId="8c84fa94-04c1-424b-9868-57a2d4851a1d" relativeResultsDirectory="b3d1448d-1611-40b6-961a-52c6d420893a" />
    <UnitTestResult executionId="0bbc387f-8a6d-4e04-8510-390a840d56d7" testId="71626fb2-cfd5-3c05-82ee-59e28a2a2450" testName="GetRelativeUriTo_DirectoryToChildDirectory_ReturnsRelativePath" computerName="ERICCARLSONBBE6" duration="00:00:00.0039699" startTime="2022-05-09T16:18:49.5130354-04:00" endTime="2022-05-09T16:18:49.5170056-04:00" testType="13cdc9d9-ddb5-4fa4-a97d-d965ccfc6d4b" outcome="Passed" testListId="8c84fa94-04c1-424b-9868-57a2d4851a1d" relativeResultsDirectory="0bbc387f-8a6d-4e04-8510-390a840d56d7" />
    <UnitTestResult executionId="94bf2317-fd4d-4b98-839f-00e1d6b1e746" testId="5dc69bee-0bac-486b-6e0f-6ce7f05461ae" testName="Map_NullTableRow_ReturnsNull" computerName="ERICCARLSONBBE6" duration="00:00:00.0003360" startTime="2022-05-09T16:18:50.3150498-04:00" endTime="2022-05-09T16:18:50.3153858-04:00" testType="13cdc9d9-ddb5-4fa4-a97d-d965ccfc6d4b" outcome="Passed" testListId="8c84fa94-04c1-424b-9868-57a2d4851a1d" relativeResultsDirectory="94bf2317-fd4d-4b98-839f-00e1d6b1e746" />
    <UnitTestResult executionId="b857524b-3226-41a6-b863-ed7522d4a6c3" testId="5b3c5d54-7a5e-d899-2d9c-c16dbf4931ca" testName="Then_can_parse_scenario_with_comments_successfully" computerName="ERICCARLSONBBE6" duration="00:00:00.0028869" startTime="2022-05-09T16:18:50.4601445-04:00" endTime="2022-05-09T16:18:50.4630310-04:00" testType="13cdc9d9-ddb5-4fa4-a97d-d965ccfc6d4b" outcome="Passed" testListId="8c84fa94-04c1-424b-9868-57a2d4851a1d" relativeResultsDirectory="b857524b-3226-41a6-b863-ed7522d4a6c3" />
    <UnitTestResult executionId="4410b331-7a5d-487d-ba40-96b1a122191b" testId="f1ed17de-9249-363e-707b-4aac0d4a7566" testName="MapToKeyword_AndInSwedish_ReturnsAnd" computerName="ERICCARLSONBBE6" duration="00:00:00.0010390" startTime="2022-05-09T16:18:50.4078735-04:00" endTime="2022-05-09T16:18:50.4089120-04:00" testType="13cdc9d9-ddb5-4fa4-a97d-d965ccfc6d4b" outcome="Passed" testListId="8c84fa94-04c1-424b-9868-57a2d4851a1d" relativeResultsDirectory="4410b331-7a5d-487d-ba40-96b1a122191b" />
    <UnitTestResult executionId="ea2d7368-de67-408c-8ea5-b082707c73b8" testId="10fcbc64-84e0-4168-f0c5-d1d525e9969f" testName="ThenCanParseScenarioWithBackgroundSuccessfully" computerName="ERICCARLSONBBE6" duration="00:00:00.0018050" startTime="2022-05-09T16:18:50.4725691-04:00" endTime="2022-05-09T16:18:50.4743739-04:00" testType="13cdc9d9-ddb5-4fa4-a97d-d965ccfc6d4b" outcome="Passed" testListId="8c84fa94-04c1-424b-9868-57a2d4851a1d" relativeResultsDirectory="ea2d7368-de67-408c-8ea5-b082707c73b8" />
    <UnitTestResult executionId="ccecfd42-6c22-4742-aaac-8cefd9cf1003" testId="ed1cb2a1-5bce-8780-a88b-05d623ad378e" testName="ItShouldContainWasSuccessfulKeyInJsonDocument" computerName="ERICCARLSONBBE6" duration="00:00:00.0120179" startTime="2022-05-09T16:18:50.1266977-04:00" endTime="2022-05-09T16:18:50.1387156-04:00" testType="13cdc9d9-ddb5-4fa4-a97d-d965ccfc6d4b" outcome="Passed" testListId="8c84fa94-04c1-424b-9868-57a2d4851a1d" relativeResultsDirectory="ccecfd42-6c22-4742-aaac-8cefd9cf1003" />
    <UnitTestResult executionId="67bdf3f4-4487-4339-86fa-ee02eaf53220" testId="b4c3f351-61ef-8930-7ade-7ecfade50bdf" testName="MapToScenario_NullScenario_ReturnsNull" computerName="ERICCARLSONBBE6" duration="00:00:00.0011199" startTime="2022-05-09T16:18:50.3880428-04:00" endTime="2022-05-09T16:18:50.3891629-04:00" testType="13cdc9d9-ddb5-4fa4-a97d-d965ccfc6d4b" outcome="Passed" testListId="8c84fa94-04c1-424b-9868-57a2d4851a1d" relativeResultsDirectory="67bdf3f4-4487-4339-86fa-ee02eaf53220" />
    <UnitTestResult executionId="dd275f3d-dd61-4e87-a35d-8b245fa798d9" testId="81b5dd08-2dc8-a3e0-2f51-9318fd82024c" testName="GetEncoding_UTF16LEBOM_ReturnsUnicode" computerName="ERICCARLSONBBE6" duration="00:00:00.0007320" startTime="2022-05-09T16:18:49.5376750-04:00" endTime="2022-05-09T16:18:49.5384074-04:00" testType="13cdc9d9-ddb5-4fa4-a97d-d965ccfc6d4b" outcome="Passed" testListId="8c84fa94-04c1-424b-9868-57a2d4851a1d" relativeResultsDirectory="dd275f3d-dd61-4e87-a35d-8b245fa798d9" />
    <UnitTestResult executionId="94c09c23-657f-44f8-9488-9fd7f6626817" testId="8c668144-2935-03c4-cb76-374695bb843a" testName="Map_FeatureWithElements_ReturnsListofElements" computerName="ERICCARLSONBBE6" duration="00:00:00.0006700" startTime="2022-05-09T16:18:50.3001389-04:00" endTime="2022-05-09T16:18:50.3008087-04:00" testType="13cdc9d9-ddb5-4fa4-a97d-d965ccfc6d4b" outcome="Passed" testListId="8c84fa94-04c1-424b-9868-57a2d4851a1d" relativeResultsDirectory="94c09c23-657f-44f8-9488-9fd7f6626817" />
    <UnitTestResult executionId="4eb52b69-b332-4dba-b61d-3a7f6130033d" testId="20a92ec6-b034-8a96-bf54-9fb94fce27f7" testName="GetRelativeUriTo_DirectoryToParentDirectory_ReturnsRelativePath" computerName="ERICCARLSONBBE6" duration="00:00:00.0008510" startTime="2022-05-09T16:18:49.5193217-04:00" endTime="2022-05-09T16:18:49.5201728-04:00" testType="13cdc9d9-ddb5-4fa4-a97d-d965ccfc6d4b" outcome="Passed" testListId="8c84fa94-04c1-424b-9868-57a2d4851a1d" relativeResultsDirectory="4eb52b69-b332-4dba-b61d-3a7f6130033d" />
    <UnitTestResult executionId="ac6b49be-df3d-4efe-8ce1-b2141c75a6c7" testId="abc15c7b-e91f-721b-1bac-97e82836e053" testName="MapToKeyword_KeywordIsProvidedWithBlank_ReturnsKeyword" computerName="ERICCARLSONBBE6" duration="00:00:00.0010529" startTime="2022-05-09T16:18:50.4120740-04:00" endTime="2022-05-09T16:18:50.4131273-04:00" testType="13cdc9d9-ddb5-4fa4-a97d-d965ccfc6d4b" outcome="Passed" testListId="8c84fa94-04c1-424b-9868-57a2d4851a1d" relativeResultsDirectory="ac6b49be-df3d-4efe-8ce1-b2141c75a6c7" />
    <UnitTestResult executionId="521ac9f6-c249-44fa-882d-c5bdf6086a8e" testId="07a9d1df-9555-65c3-26a0-2bcdd39868c6" testName="Specification_Scenario3" computerName="ERICCARLSONBBE6" duration="00:00:00.0001660" startTime="2022-05-09T16:18:49.5062628-04:00" endTime="2022-05-09T16:18:49.5064285-04:00" testType="13cdc9d9-ddb5-4fa4-a97d-d965ccfc6d4b" outcome="Passed" testListId="8c84fa94-04c1-424b-9868-57a2d4851a1d" relativeResultsDirectory="521ac9f6-c249-44fa-882d-c5bdf6086a8e" />
    <UnitTestResult executionId="80bcd332-e755-4b06-8956-17faa5ba88d9" testId="469a685d-4e1b-0133-054e-35e10cec9810" testName="Format_ContentIsFeatureNode_UsesHtmlFeatureFormatterWithCorrectArgument" computerName="ERICCARLSONBBE6" duration="00:00:00.0154960" startTime="2022-05-09T16:18:49.8846603-04:00" endTime="2022-05-09T16:18:49.9001561-04:00" testType="13cdc9d9-ddb5-4fa4-a97d-d965ccfc6d4b" outcome="Passed" testListId="8c84fa94-04c1-424b-9868-57a2d4851a1d" relativeResultsDirectory="80bcd332-e755-4b06-8956-17faa5ba88d9" />
    <UnitTestResult executionId="b6f8dabf-b37a-469c-ba40-f7ee690a9c08" testId="91a1d4f4-07ed-e043-9cbe-b43f79013c8f" testName="ToUriFileSystemInfo_DirectoryWithTrailingSlash_ProducesUriWithTrailingSlash" computerName="ERICCARLSONBBE6" duration="00:00:00.0008600" startTime="2022-05-09T16:18:49.5560199-04:00" endTime="2022-05-09T16:18:49.5568795-04:00" testType="13cdc9d9-ddb5-4fa4-a97d-d965ccfc6d4b" outcome="Passed" testListId="8c84fa94-04c1-424b-9868-57a2d4851a1d" relativeResultsDirectory="b6f8dabf-b37a-469c-ba40-f7ee690a9c08" />
    <UnitTestResult executionId="6595dcef-c6df-4526-b172-e10e337b30c9" testId="2727f611-717b-e830-4bd0-bf3af2242d14" testName="Map_WithStepComments_ReturnsThoseComments" computerName="ERICCARLSONBBE6" duration="00:00:00.0001440" startTime="2022-05-09T16:18:50.3145833-04:00" endTime="2022-05-09T16:18:50.3147272-04:00" testType="13cdc9d9-ddb5-4fa4-a97d-d965ccfc6d4b" outcome="Passed" testListId="8c84fa94-04c1-424b-9868-57a2d4851a1d" relativeResultsDirectory="6595dcef-c6df-4526-b172-e10e337b30c9" />
    <UnitTestResult executionId="7f0c2b0d-a80e-46d9-9ba1-d9ea39a0d3f7" testId="b85c644b-8489-cbb9-6e06-ef4de46141c2" testName="Map_WithAfterLastStepComments_ReturnsThoseComments" computerName="ERICCARLSONBBE6" duration="00:00:00.0003030" startTime="2022-05-09T16:18:50.3129529-04:00" endTime="2022-05-09T16:18:50.3132560-04:00" testType="13cdc9d9-ddb5-4fa4-a97d-d965ccfc6d4b" outcome="Passed" testListId="8c84fa94-04c1-424b-9868-57a2d4851a1d" relativeResultsDirectory="7f0c2b0d-a80e-46d9-9ba1-d9ea39a0d3f7" />
    <UnitTestResult executionId="6dd11036-bb61-4005-baee-0706e391fb2c" testId="43552591-3b54-90fc-42f1-6f682043a4e0" testName="MapToFeature_FeatureWithComments_ReturnsFeatureWithComments" computerName="ERICCARLSONBBE6" duration="00:00:00.0024530" startTime="2022-05-09T16:18:50.3608618-04:00" endTime="2022-05-09T16:18:50.3633146-04:00" testType="13cdc9d9-ddb5-4fa4-a97d-d965ccfc6d4b" outcome="Passed" testListId="8c84fa94-04c1-424b-9868-57a2d4851a1d" relativeResultsDirectory="6dd11036-bb61-4005-baee-0706e391fb2c" />
    <UnitTestResult executionId="ec80625d-ae96-4983-8fe7-a65fa9f5bbd3" testId="efc98ff6-24a4-3785-7d11-0177db098370" testName="Create_MarkdownParsingError_AddsEntryToReport" computerName="ERICCARLSONBBE6" duration="00:00:00.0048340" startTime="2022-05-09T16:18:49.7117426-04:00" endTime="2022-05-09T16:18:49.7165767-04:00" testType="13cdc9d9-ddb5-4fa4-a97d-d965ccfc6d4b" outcome="Passed" testListId="8c84fa94-04c1-424b-9868-57a2d4851a1d" relativeResultsDirectory="ec80625d-ae96-4983-8fe7-a65fa9f5bbd3" />
    <UnitTestResult executionId="1f5ac7cc-3f34-4c2d-8999-aac4c9fb349c" testId="58fdf393-4dc1-4654-9f01-3990fd5b5cd7" testName="Map_TableRowWithRows_ReturnsObjectWithStrings" computerName="ERICCARLSONBBE6" duration="00:00:00.0001360" startTime="2022-05-09T16:18:50.3182337-04:00" endTime="2022-05-09T16:18:50.3183695-04:00" testType="13cdc9d9-ddb5-4fa4-a97d-d965ccfc6d4b" outcome="Passed" testListId="8c84fa94-04c1-424b-9868-57a2d4851a1d" relativeResultsDirectory="1f5ac7cc-3f34-4c2d-8999-aac4c9fb349c" />
    <UnitTestResult executionId="0d75d1ba-5672-4407-a41b-a6ccb7e5db7a" testId="bc057af5-36ed-77fb-c2b2-4b62175a9d61" testName="ThenCanParseFeatureWithMultipleScenariosSuccessfully" computerName="ERICCARLSONBBE6" duration="00:00:00.0027870" startTime="2022-05-09T16:18:50.4651294-04:00" endTime="2022-05-09T16:18:50.4679160-04:00" testType="13cdc9d9-ddb5-4fa4-a97d-d965ccfc6d4b" outcome="Passed" testListId="8c84fa94-04c1-424b-9868-57a2d4851a1d" relativeResultsDirectory="0d75d1ba-5672-4407-a41b-a6ccb7e5db7a" />
    <UnitTestResult executionId="3db25ff2-af87-4116-bb1e-5e6b809912c4" testId="023432c7-067d-a2df-fa8e-8d2b0c485356" testName="GetRelativeUriTo_DirectoryToFileBelow_ReturnsCurrentDirectory" computerName="ERICCARLSONBBE6" duration="00:00:00.0009990" startTime="2022-05-09T16:18:49.5170328-04:00" endTime="2022-05-09T16:18:49.5180314-04:00" testType="13cdc9d9-ddb5-4fa4-a97d-d965ccfc6d4b" outcome="Passed" testListId="8c84fa94-04c1-424b-9868-57a2d4851a1d" relativeResultsDirectory="3db25ff2-af87-4116-bb1e-5e6b809912c4" />
    <UnitTestResult executionId="78a24547-53b0-4746-b953-ade4206a2c4b" testId="e0322fac-aec1-23bb-b284-575e2e1315bf" testName="Map_SomeScenario_ReturnsSomeJsonScenario" computerName="ERICCARLSONBBE6" duration="00:00:00.0001120" startTime="2022-05-09T16:18:50.3115216-04:00" endTime="2022-05-09T16:18:50.3116330-04:00" testType="13cdc9d9-ddb5-4fa4-a97d-d965ccfc6d4b" outcome="Passed" testListId="8c84fa94-04c1-424b-9868-57a2d4851a1d" relativeResultsDirectory="78a24547-53b0-4746-b953-ade4206a2c4b" />
    <UnitTestResult executionId="03d936d8-2c55-445f-8b03-5c0e3403a338" testId="cd326f26-4b5c-a5b5-7db2-4bedf97529df" testName="Map_WithDocString_ReturnsDocStringAndNoTableArgument" computerName="ERICCARLSONBBE6" duration="00:00:00.0002310" startTime="2022-05-09T16:18:50.3132655-04:00" endTime="2022-05-09T16:18:50.3134960-04:00" testType="13cdc9d9-ddb5-4fa4-a97d-d965ccfc6d4b" outcome="Passed" testListId="8c84fa94-04c1-424b-9868-57a2d4851a1d" relativeResultsDirectory="03d936d8-2c55-445f-8b03-5c0e3403a338" />
    <UnitTestResult executionId="d32d9d2b-bde8-470c-94ff-9666904032b8" testId="f7e0777a-1331-1f40-67bd-d8c8374f16be" testName="Map_NotNull_ReturnsJsonCommentWithSameText" computerName="ERICCARLSONBBE6" duration="00:00:00.0002760" startTime="2022-05-09T16:18:50.2963014-04:00" endTime="2022-05-09T16:18:50.2965775-04:00" testType="13cdc9d9-ddb5-4fa4-a97d-d965ccfc6d4b" outcome="Passed" testListId="8c84fa94-04c1-424b-9868-57a2d4851a1d" relativeResultsDirectory="d32d9d2b-bde8-470c-94ff-9666904032b8" />
    <UnitTestResult executionId="6b20935e-1220-46ed-b0aa-ae7a686b87a9" testId="bec3fbce-3667-808b-c4b9-9a5dd3375e67" testName="MapToKeyword_NullString_ReturnsDefaultKeyword" computerName="ERICCARLSONBBE6" duration="00:00:00.0010360" startTime="2022-05-09T16:18:50.4131498-04:00" endTime="2022-05-09T16:18:50.4141857-04:00" testType="13cdc9d9-ddb5-4fa4-a97d-d965ccfc6d4b" outcome="Passed" testListId="8c84fa94-04c1-424b-9868-57a2d4851a1d" relativeResultsDirectory="6b20935e-1220-46ed-b0aa-ae7a686b87a9" />
    <UnitTestResult executionId="e7d0d552-822c-4591-b9d0-6c93318849da" testId="cea95d72-0e0c-6c38-dd31-2635e4fc12d8" testName="Map_TableRowWithTestResultsWithRows_ReturnsObjectWithStrings" computerName="ERICCARLSONBBE6" duration="00:00:00.0003260" startTime="2022-05-09T16:18:50.3195659-04:00" endTime="2022-05-09T16:18:50.3198915-04:00" testType="13cdc9d9-ddb5-4fa4-a97d-d965ccfc6d4b" outcome="Passed" testListId="8c84fa94-04c1-424b-9868-57a2d4851a1d" relativeResultsDirectory="e7d0d552-822c-4591-b9d0-6c93318849da" />
    <UnitTestResult executionId="c4a5549b-04c2-44c3-a25d-7e1fad4d4dc4" testId="4a3558be-633c-b5e1-e65c-31f677abdb6a" testName="MapToFeature_NullFeature_ReturnsNull" computerName="ERICCARLSONBBE6" duration="00:00:00.0010700" startTime="2022-05-09T16:18:50.3728545-04:00" endTime="2022-05-09T16:18:50.3739249-04:00" testType="13cdc9d9-ddb5-4fa4-a97d-d965ccfc6d4b" outcome="Passed" testListId="8c84fa94-04c1-424b-9868-57a2d4851a1d" relativeResultsDirectory="c4a5549b-04c2-44c3-a25d-7e1fad4d4dc4" />
    <UnitTestResult executionId="afa20451-66bb-40dc-989f-49a218f6d5b4" testId="c266fa7d-acb2-60c9-6e2b-3e6d7d99744e" testName="WhenSettingTheLanguageInTheConfiguration_ThenCanParseMostBasicFeatureSuccessfully" computerName="ERICCARLSONBBE6" duration="00:00:00.0029590" startTime="2022-05-09T16:18:50.4880046-04:00" endTime="2022-05-09T16:18:50.4909632-04:00" testType="13cdc9d9-ddb5-4fa4-a97d-d965ccfc6d4b" outcome="Passed" testListId="8c84fa94-04c1-424b-9868-57a2d4851a1d" relativeResultsDirectory="afa20451-66bb-40dc-989f-49a218f6d5b4" />
    <UnitTestResult executionId="bc5da43d-c14a-4a4a-a81f-5b32a42d4c8f" testId="216afdda-9f90-6646-2d48-d4b3f580d4ec" testName="ToUriFileInfo_NormalFilename_ProducesUri" computerName="ERICCARLSONBBE6" duration="00:00:00.0009850" startTime="2022-05-09T16:18:49.5550046-04:00" endTime="2022-05-09T16:18:49.5559890-04:00" testType="13cdc9d9-ddb5-4fa4-a97d-d965ccfc6d4b" outcome="Passed" testListId="8c84fa94-04c1-424b-9868-57a2d4851a1d" relativeResultsDirectory="bc5da43d-c14a-4a4a-a81f-5b32a42d4c8f" />
    <UnitTestResult executionId="7456d3a0-87c5-4e16-8c24-faacff9e283c" testId="406df244-d1c3-813e-16f9-3ed6d4fe1b59" testName="ThenCanDetectAllStylesheetsSuccessfully" computerName="ERICCARLSONBBE6" duration="00:00:00.0041160" startTime="2022-05-09T16:18:50.6988367-04:00" endTime="2022-05-09T16:18:50.7029522-04:00" testType="13cdc9d9-ddb5-4fa4-a97d-d965ccfc6d4b" outcome="Passed" testListId="8c84fa94-04c1-424b-9868-57a2d4851a1d" relativeResultsDirectory="7456d3a0-87c5-4e16-8c24-faacff9e283c" />
    <UnitTestResult executionId="33852ad4-bf2f-4e86-8ea6-fa3acee47910" testId="b3a40561-d822-6f86-f3da-df64bc9ebecd" testName="MapToScenario_ScenarioWithNullDescription_ReturnsScenarioWithEmptyDescription" computerName="ERICCARLSONBBE6" duration="00:00:00.0055649" startTime="2022-05-09T16:18:50.3810560-04:00" endTime="2022-05-09T16:18:50.3866208-04:00" testType="13cdc9d9-ddb5-4fa4-a97d-d965ccfc6d4b" outcome="Passed" testListId="8c84fa94-04c1-424b-9868-57a2d4851a1d" relativeResultsDirectory="33852ad4-bf2f-4e86-8ea6-fa3acee47910" />
    <UnitTestResult executionId="e2eec47b-1261-46b9-ad33-d2288212d44c" testId="a8850aa8-94db-71f8-8aa2-89556cda37d6" testName="Li_Element_Must_Not_Have_Id_Attribute" computerName="ERICCARLSONBBE6" duration="00:00:00.0207299" startTime="2022-05-09T16:18:50.0131584-04:00" endTime="2022-05-09T16:18:50.0338880-04:00" testType="13cdc9d9-ddb5-4fa4-a97d-d965ccfc6d4b" outcome="Passed" testListId="8c84fa94-04c1-424b-9868-57a2d4851a1d" relativeResultsDirectory="e2eec47b-1261-46b9-ad33-d2288212d44c" />
    <UnitTestResult executionId="98ad20e4-69e6-4424-b4ea-d5877cf3a5a7" testId="ae41c349-5474-73e3-363c-e03b2af702b4" testName="ThenCanResolveTheSelectedIDocumentationBuilder(Html,PicklesDoc.Pickles.DocumentationBuilders.Html.HtmlDocumentationBuilder)" computerName="ERICCARLSONBBE6" duration="00:00:00.0007550" startTime="2022-05-09T16:18:50.4915734-04:00" endTime="2022-05-09T16:18:50.4923280-04:00" testType="13cdc9d9-ddb5-4fa4-a97d-d965ccfc6d4b" outcome="Passed" testListId="8c84fa94-04c1-424b-9868-57a2d4851a1d" relativeResultsDirectory="98ad20e4-69e6-4424-b4ea-d5877cf3a5a7" />
    <UnitTestResult executionId="0d9601dc-a2ae-489a-8a7d-ec1e15220406" testId="6608e1a4-2d57-9534-02c8-9ed8cbf3fe3c" testName="Map_AnExampleWithTableArgument_ReturnsAJsonExampleWithTableArgument" computerName="ERICCARLSONBBE6" duration="00:00:00.0003370" startTime="2022-05-09T16:18:50.2975959-04:00" endTime="2022-05-09T16:18:50.2979324-04:00" testType="13cdc9d9-ddb5-4fa4-a97d-d965ccfc6d4b" outcome="Passed" testListId="8c84fa94-04c1-424b-9868-57a2d4851a1d" relativeResultsDirectory="0d9601dc-a2ae-489a-8a7d-ec1e15220406" />
    <UnitTestResult executionId="aceb50b8-08a0-4985-a11e-3384057eca13" testId="a0490bd8-72d0-eb80-99c2-9e2dd52b73ee" testName="MapToFeature_FeatureWithSimpleProperties_ReturnsFeaturesWithThoseProperties" computerName="ERICCARLSONBBE6" duration="00:00:00.0010970" startTime="2022-05-09T16:18:50.3705768-04:00" endTime="2022-05-09T16:18:50.3716736-04:00" testType="13cdc9d9-ddb5-4fa4-a97d-d965ccfc6d4b" outcome="Passed" testListId="8c84fa94-04c1-424b-9868-57a2d4851a1d" relativeResultsDirectory="aceb50b8-08a0-4985-a11e-3384057eca13" />
    <UnitTestResult executionId="0b884289-ffd9-4fad-aded-90cedb1e76ca" testId="ea670fd5-fafa-be15-3f39-ea160de405a5" testName="MapToScenarioOutline_TitleSpecialCharacters_HasValidSlug" computerName="ERICCARLSONBBE6" duration="00:00:00.0011670" startTime="2022-05-09T16:18:50.3935549-04:00" endTime="2022-05-09T16:18:50.3947214-04:00" testType="13cdc9d9-ddb5-4fa4-a97d-d965ccfc6d4b" outcome="Passed" testListId="8c84fa94-04c1-424b-9868-57a2d4851a1d" relativeResultsDirectory="0b884289-ffd9-4fad-aded-90cedb1e76ca" />
    <UnitTestResult executionId="9fd2f829-c8a9-4738-8c64-5d18906165e0" testId="f42df295-0a09-b35f-0a4f-b6a4d09ce712" testName="IsRelevant_ValidFile_ReturnsTrue(&quot;image.png&quot;)" computerName="ERICCARLSONBBE6" duration="00:00:00.0006200" startTime="2022-05-09T16:18:49.5261011-04:00" endTime="2022-05-09T16:18:49.5267205-04:00" testType="13cdc9d9-ddb5-4fa4-a97d-d965ccfc6d4b" outcome="Passed" testListId="8c84fa94-04c1-424b-9868-57a2d4851a1d" relativeResultsDirectory="9fd2f829-c8a9-4738-8c64-5d18906165e0" />
    <UnitTestResult executionId="603c68b9-25d6-4e75-8579-ce671539c705" testId="8e6eb9e8-caeb-6fdc-4c95-879f9b06c4bd" testName="LineThatStartsWithEscapedHash_Header5_ShouldRemoveEscapeSign" computerName="ERICCARLSONBBE6" duration="00:00:00.0000740" startTime="2022-05-09T16:18:49.5048854-04:00" endTime="2022-05-09T16:18:49.5049596-04:00" testType="13cdc9d9-ddb5-4fa4-a97d-d965ccfc6d4b" outcome="Passed" testListId="8c84fa94-04c1-424b-9868-57a2d4851a1d" relativeResultsDirectory="603c68b9-25d6-4e75-8579-ce671539c705" />
    <UnitTestResult executionId="2471e913-4a3d-470f-a41c-e7364696e289" testId="3945d961-caf9-46f1-6226-8ce537af5d08" testName="Constructor_NullHtmlIndexFormatter_ThrowsArgumentNullException" computerName="ERICCARLSONBBE6" duration="00:00:00.1587830" startTime="2022-05-09T16:18:49.7258306-04:00" endTime="2022-05-09T16:18:49.8846136-04:00" testType="13cdc9d9-ddb5-4fa4-a97d-d965ccfc6d4b" outcome="Passed" testListId="8c84fa94-04c1-424b-9868-57a2d4851a1d" relativeResultsDirectory="2471e913-4a3d-470f-a41c-e7364696e289" />
    <UnitTestResult executionId="f026d030-012a-4b4f-ba85-8e8631d93ac9" testId="c39cdb82-dd1e-353a-b6fd-bd61b49d028c" testName="MapToScenario_Always_MapsFeatureProperty" computerName="ERICCARLSONBBE6" duration="00:00:00.0009380" startTime="2022-05-09T16:18:50.3046713-04:00" endTime="2022-05-09T16:18:50.3056090-04:00" testType="13cdc9d9-ddb5-4fa4-a97d-d965ccfc6d4b" outcome="Passed" testListId="8c84fa94-04c1-424b-9868-57a2d4851a1d" relativeResultsDirectory="f026d030-012a-4b4f-ba85-8e8631d93ac9" />
    <UnitTestResult executionId="6c53db8d-047b-4849-b4d5-910b55ef5d2b" testId="facb13ba-4279-8129-3d61-b8f32c8851aa" testName="ToUriFileSystemInfo_FileInfo_ProducesUri" computerName="ERICCARLSONBBE6" duration="00:00:00.0008540" startTime="2022-05-09T16:18:49.5569088-04:00" endTime="2022-05-09T16:18:49.5577623-04:00" testType="13cdc9d9-ddb5-4fa4-a97d-d965ccfc6d4b" outcome="Passed" testListId="8c84fa94-04c1-424b-9868-57a2d4851a1d" relativeResultsDirectory="6c53db8d-047b-4849-b4d5-910b55ef5d2b" />
    <UnitTestResult executionId="32aa72a9-487b-48ae-8b0c-3dcfb2504274" testId="a83f3e46-a026-f6b2-8efd-ed8752f0f9e8" testName="ThenCanResolveTheSelectedIDocumentationBuilderAsSingleton(Markdown,PicklesDoc.Pickles.DocumentationBuilders.Markdown.MarkdownDocumentationBuilder)" computerName="ERICCARLSONBBE6" duration="00:00:00.0005980" startTime="2022-05-09T16:18:50.5053254-04:00" endTime="2022-05-09T16:18:50.5059229-04:00" testType="13cdc9d9-ddb5-4fa4-a97d-d965ccfc6d4b" outcome="Passed" testListId="8c84fa94-04c1-424b-9868-57a2d4851a1d" relativeResultsDirectory="32aa72a9-487b-48ae-8b0c-3dcfb2504274" />
    <UnitTestResult executionId="6f2dee10-1e17-45f3-8603-8351e7f0a52d" testId="4a5df4ca-f345-0994-08e9-9a292fd5e958" testName="IsRelevant_ByDefault_ReturnsFalse" computerName="ERICCARLSONBBE6" duration="00:00:00.0025240" startTime="2022-05-09T16:18:49.5233142-04:00" endTime="2022-05-09T16:18:49.5258377-04:00" testType="13cdc9d9-ddb5-4fa4-a97d-d965ccfc6d4b" outcome="Passed" testListId="8c84fa94-04c1-424b-9868-57a2d4851a1d" relativeResultsDirectory="6f2dee10-1e17-45f3-8603-8351e7f0a52d" />
    <UnitTestResult executionId="aff3b6cf-61f9-4d9d-82f2-fdaada233986" testId="6d702234-c5da-512c-d19b-11f0b003c6d1" testName="ThenCanDetectAllResourcesSuccessfully" computerName="ERICCARLSONBBE6" duration="00:00:00.0022910" startTime="2022-05-09T16:18:50.6949719-04:00" endTime="2022-05-09T16:18:50.6972630-04:00" testType="13cdc9d9-ddb5-4fa4-a97d-d965ccfc6d4b" outcome="Passed" testListId="8c84fa94-04c1-424b-9868-57a2d4851a1d" relativeResultsDirectory="aff3b6cf-61f9-4d9d-82f2-fdaada233986" />
    <UnitTestResult executionId="e429473f-b9af-424b-9eb1-86e8cc797a6d" testId="3ca12e18-ed2b-68bd-ab21-229d493594e6" testName="Map_Failed_ReturnsExecutedTrueSuccessfulFalse" computerName="ERICCARLSONBBE6" duration="00:00:00.0001330" startTime="2022-05-09T16:18:50.3229981-04:00" endTime="2022-05-09T16:18:50.3231313-04:00" testType="13cdc9d9-ddb5-4fa4-a97d-d965ccfc6d4b" outcome="Passed" testListId="8c84fa94-04c1-424b-9868-57a2d4851a1d" relativeResultsDirectory="e429473f-b9af-424b-9eb1-86e8cc797a6d" />
    <UnitTestResult executionId="db3e2cc4-37ec-42fa-8d4f-755c8d3a4560" testId="ee515d6c-2d47-b4a0-9e7c-d4b3563152a1" testName="ThenCanResolveTheSelectedIDocumentationBuilderAsSingleton(Word,PicklesDoc.Pickles.DocumentationBuilders.Word.WordDocumentationBuilder)" computerName="ERICCARLSONBBE6" duration="00:00:00.0015030" startTime="2022-05-09T16:18:50.5002989-04:00" endTime="2022-05-09T16:18:50.5018017-04:00" testType="13cdc9d9-ddb5-4fa4-a97d-d965ccfc6d4b" outcome="Passed" testListId="8c84fa94-04c1-424b-9868-57a2d4851a1d" relativeResultsDirectory="db3e2cc4-37ec-42fa-8d4f-755c8d3a4560" />
    <UnitTestResult executionId="e7f68681-33a1-427b-990c-fef5baf50541" testId="4d389c4f-c1a4-9777-3cc5-f0470e77453d" testName="ShouldContainTheFeatures" computerName="ERICCARLSONBBE6" duration="00:00:00.0317460" startTime="2022-05-09T16:18:50.1897468-04:00" endTime="2022-05-09T16:18:50.2214926-04:00" testType="13cdc9d9-ddb5-4fa4-a97d-d965ccfc6d4b" outcome="Passed" testListId="8c84fa94-04c1-424b-9868-57a2d4851a1d" relativeResultsDirectory="e7f68681-33a1-427b-990c-fef5baf50541" />
    <UnitTestResult executionId="34d3632e-3794-482a-bc1d-30158ede397a" testId="68f64e68-24e0-ca45-5d01-93a0ed765eae" testName="Map_Inconclusive_ReturnsExecutedFalseSuccessfulFalse" computerName="ERICCARLSONBBE6" duration="00:00:00.0000840" startTime="2022-05-09T16:18:50.3231405-04:00" endTime="2022-05-09T16:18:50.3232240-04:00" testType="13cdc9d9-ddb5-4fa4-a97d-d965ccfc6d4b" outcome="Passed" testListId="8c84fa94-04c1-424b-9868-57a2d4851a1d" relativeResultsDirectory="34d3632e-3794-482a-bc1d-30158ede397a" />
    <UnitTestResult executionId="3f962c69-d4b9-4e91-a933-8f986ae06f72" testId="d47a0e94-b401-7304-363c-d66f5512b23c" testName="Map_WithoutBackground_ReturnsNullBackground" computerName="ERICCARLSONBBE6" duration="00:00:00.0001780" startTime="2022-05-09T16:18:50.3039669-04:00" endTime="2022-05-09T16:18:50.3041452-04:00" testType="13cdc9d9-ddb5-4fa4-a97d-d965ccfc6d4b" outcome="Passed" testListId="8c84fa94-04c1-424b-9868-57a2d4851a1d" relativeResultsDirectory="3f962c69-d4b9-4e91-a933-8f986ae06f72" />
    <UnitTestResult executionId="38de1994-4230-4bc5-b7a9-a1b36f2170f0" testId="4ff43338-8721-dbba-445e-878079003ddc" testName="MapToScenarioOutline_ScenarioOutlineWithNullDescription_ReturnsScenarioOutlineWithEmptyDescription" computerName="ERICCARLSONBBE6" duration="00:00:00.0011710" startTime="2022-05-09T16:18:50.3923592-04:00" endTime="2022-05-09T16:18:50.3935298-04:00" testType="13cdc9d9-ddb5-4fa4-a97d-d965ccfc6d4b" outcome="Passed" testListId="8c84fa94-04c1-424b-9868-57a2d4851a1d" relativeResultsDirectory="38de1994-4230-4bc5-b7a9-a1b36f2170f0" />
    <UnitTestResult executionId="1b7953e8-22e9-4a08-9707-3294a5eccad2" testId="91b05bdf-ff91-2509-c0c6-ca5d28e711ee" testName="MapToTable_DataTableWithThreeRows_ReturnsTableWithHeaderRowAndTwoRows" computerName="ERICCARLSONBBE6" duration="00:00:00.0025770" startTime="2022-05-09T16:18:50.3457466-04:00" endTime="2022-05-09T16:18:50.3483232-04:00" testType="13cdc9d9-ddb5-4fa4-a97d-d965ccfc6d4b" outcome="Passed" testListId="8c84fa94-04c1-424b-9868-57a2d4851a1d" relativeResultsDirectory="1b7953e8-22e9-4a08-9707-3294a5eccad2" />
    <UnitTestResult executionId="09108d93-dcd6-46eb-b891-8cf2b660dee3" testId="90282de9-ec82-4e67-bd23-4cc70ee9315b" testName="ThenCanResolveTheSelectedIDocumentationBuilder(Cucumber,PicklesDoc.Pickles.DocumentationBuilders.Cucumber.CucumberDocumentationBuilder)" computerName="ERICCARLSONBBE6" duration="00:00:00.0005660" startTime="2022-05-09T16:18:50.4978075-04:00" endTime="2022-05-09T16:18:50.4983736-04:00" testType="13cdc9d9-ddb5-4fa4-a97d-d965ccfc6d4b" outcome="Passed" testListId="8c84fa94-04c1-424b-9868-57a2d4851a1d" relativeResultsDirectory="09108d93-dcd6-46eb-b891-8cf2b660dee3" />
    <UnitTestResult executionId="2637b9ab-b952-4bf2-8059-960d585320c0" testId="4d94901a-0408-1f44-6b67-c45adb96b544" testName="Map_AnExampleWithTags_ReturnsAJsonExampleWithTags" computerName="ERICCARLSONBBE6" duration="00:00:00.0001470" startTime="2022-05-09T16:18:50.2979555-04:00" endTime="2022-05-09T16:18:50.2981021-04:00" testType="13cdc9d9-ddb5-4fa4-a97d-d965ccfc6d4b" outcome="Passed" testListId="8c84fa94-04c1-424b-9868-57a2d4851a1d" relativeResultsDirectory="2637b9ab-b952-4bf2-8059-960d585320c0" />
    <UnitTestResult executionId="31bb91d4-802f-4be5-acf6-a5e0a65b44a7" testId="58c9e785-2ac6-9bcb-7efe-6d35daa42a6c" testName="Map_WithSteps_ReturnsSteps" computerName="ERICCARLSONBBE6" duration="00:00:00.0001180" startTime="2022-05-09T16:18:50.3121994-04:00" endTime="2022-05-09T16:18:50.3123172-04:00" testType="13cdc9d9-ddb5-4fa4-a97d-d965ccfc6d4b" outcome="Passed" testListId="8c84fa94-04c1-424b-9868-57a2d4851a1d" relativeResultsDirectory="31bb91d4-802f-4be5-acf6-a5e0a65b44a7" />
    <UnitTestResult executionId="f3cc951c-9fd9-4563-922f-0d6785d9cb86" testId="94b6fca8-7a3d-f453-0070-6471ff92bbfc" testName="MapToStep_NullStep_ReturnsNull" computerName="ERICCARLSONBBE6" duration="00:00:00.0019430" startTime="2022-05-09T16:18:50.3972000-04:00" endTime="2022-05-09T16:18:50.3991434-04:00" testType="13cdc9d9-ddb5-4fa4-a97d-d965ccfc6d4b" outcome="Passed" testListId="8c84fa94-04c1-424b-9868-57a2d4851a1d" relativeResultsDirectory="f3cc951c-9fd9-4563-922f-0d6785d9cb86" />
    <UnitTestResult executionId="b239e35b-a410-4a58-9f89-385effcc868e" testId="b4df1736-c2bd-dc63-b866-5fc06d2618cb" testName="Map_FeatureWithName_ReturnsName" computerName="ERICCARLSONBBE6" duration="00:00:00.0001000" startTime="2022-05-09T16:18:50.3008337-04:00" endTime="2022-05-09T16:18:50.3009335-04:00" testType="13cdc9d9-ddb5-4fa4-a97d-d965ccfc6d4b" outcome="Passed" testListId="8c84fa94-04c1-424b-9868-57a2d4851a1d" relativeResultsDirectory="b239e35b-a410-4a58-9f89-385effcc868e" />
    <UnitTestResult executionId="29320c9f-1f11-482e-ac06-b8f5e8838a0b" testId="ba5db6d3-9616-c3db-94c8-bbae1d87d95f" testName="Map_FeatureWithBogusFeatureElement_ShouldThrowArgumentException" computerName="ERICCARLSONBBE6" duration="00:00:00.0004820" startTime="2022-05-09T16:18:50.2995207-04:00" endTime="2022-05-09T16:18:50.3000031-04:00" testType="13cdc9d9-ddb5-4fa4-a97d-d965ccfc6d4b" outcome="Passed" testListId="8c84fa94-04c1-424b-9868-57a2d4851a1d" relativeResultsDirectory="29320c9f-1f11-482e-ac06-b8f5e8838a0b" />
    <UnitTestResult executionId="1d5762d2-cc6a-48cf-9fcd-2935a3ccea8f" testId="b5808cb5-1ccc-f6ad-2d48-84256ff70878" testName="IsRelevant_ValidFileWithMixedCaseExtension_ReturnsTrue" computerName="ERICCARLSONBBE6" duration="00:00:00.0001440" startTime="2022-05-09T16:18:49.5269763-04:00" endTime="2022-05-09T16:18:49.5271201-04:00" testType="13cdc9d9-ddb5-4fa4-a97d-d965ccfc6d4b" outcome="Passed" testListId="8c84fa94-04c1-424b-9868-57a2d4851a1d" relativeResultsDirectory="1d5762d2-cc6a-48cf-9fcd-2935a3ccea8f" />
    <UnitTestResult executionId="2ff8aea2-03bc-4116-9d5f-689cbc7ac079" testId="c3fc67c9-f6cc-0277-4e92-395574eb470c" testName="GetEncoding_UTF7BOM_ReturnsUTF" computerName="ERICCARLSONBBE6" duration="00:00:00.0010240" startTime="2022-05-09T16:18:49.5395728-04:00" endTime="2022-05-09T16:18:49.5405970-04:00" testType="13cdc9d9-ddb5-4fa4-a97d-d965ccfc6d4b" outcome="Passed" testListId="8c84fa94-04c1-424b-9868-57a2d4851a1d" relativeResultsDirectory="2ff8aea2-03bc-4116-9d5f-689cbc7ac079" />
    <UnitTestResult executionId="37c86814-341b-440a-9e16-169195d8939a" testId="c9dbbac5-4686-fc9f-849b-ef7f10b63035" testName="Map_Null_ReturnsNull" computerName="ERICCARLSONBBE6" duration="00:00:00.0002330" startTime="2022-05-09T16:18:50.2966015-04:00" endTime="2022-05-09T16:18:50.2968340-04:00" testType="13cdc9d9-ddb5-4fa4-a97d-d965ccfc6d4b" outcome="Passed" testListId="8c84fa94-04c1-424b-9868-57a2d4851a1d" relativeResultsDirectory="37c86814-341b-440a-9e16-169195d8939a" />
    <UnitTestResult executionId="e85e9e0d-6d62-4686-9660-df9b2dfa5915" testId="d7b9ae62-4462-ee76-b6c5-ced79f1a5234" testName="Map_WithTable_ReturnsTableAndNullDocString" computerName="ERICCARLSONBBE6" duration="00:00:00.0001930" startTime="2022-05-09T16:18:50.3147361-04:00" endTime="2022-05-09T16:18:50.3149294-04:00" testType="13cdc9d9-ddb5-4fa4-a97d-d965ccfc6d4b" outcome="Passed" testListId="8c84fa94-04c1-424b-9868-57a2d4851a1d" relativeResultsDirectory="e85e9e0d-6d62-4686-9660-df9b2dfa5915" />
    <UnitTestResult executionId="7625469a-b546-451c-ae0b-ad7631aafee1" testId="801681ec-6f06-528d-01cb-0c438e16a2db" testName="Constructor_NullHtmlFeatureFormatter_ThrowsArgumentNullException" computerName="ERICCARLSONBBE6" duration="00:00:00.0013290" startTime="2022-05-09T16:18:49.7244775-04:00" endTime="2022-05-09T16:18:49.7258061-04:00" testType="13cdc9d9-ddb5-4fa4-a97d-d965ccfc6d4b" outcome="Passed" testListId="8c84fa94-04c1-424b-9868-57a2d4851a1d" relativeResultsDirectory="7625469a-b546-451c-ae0b-ad7631aafee1" />
    <UnitTestResult executionId="a56f5810-5cc1-49c1-becd-07cd60fd36ef" testId="33105edf-e833-84c3-9d73-5c48e0d690f3" testName="Map_And_ReturnsAnd" computerName="ERICCARLSONBBE6" duration="00:00:00.0027110" startTime="2022-05-09T16:18:50.3057305-04:00" endTime="2022-05-09T16:18:50.3084409-04:00" testType="13cdc9d9-ddb5-4fa4-a97d-d965ccfc6d4b" outcome="Passed" testListId="8c84fa94-04c1-424b-9868-57a2d4851a1d" relativeResultsDirectory="a56f5810-5cc1-49c1-becd-07cd60fd36ef" />
    <UnitTestResult executionId="eddb936a-a7cd-480f-92a7-5d66925b1c7c" testId="c0fbf6e7-772e-29b3-6edc-0a3674abefb6" testName="MapToKeyword_WhenInSwedish_ReturnsWhen" computerName="ERICCARLSONBBE6" duration="00:00:00.0010330" startTime="2022-05-09T16:18:50.4153336-04:00" endTime="2022-05-09T16:18:50.4163664-04:00" testType="13cdc9d9-ddb5-4fa4-a97d-d965ccfc6d4b" outcome="Passed" testListId="8c84fa94-04c1-424b-9868-57a2d4851a1d" relativeResultsDirectory="eddb936a-a7cd-480f-92a7-5d66925b1c7c" />
    <UnitTestResult executionId="7a45be72-fa42-444d-95d5-c21b52cd7aba" testId="1a925225-7345-bea6-a5d1-7fa98d2cfa7a" testName="Map_TableHeaderWithValues_ConvertsToJsonTableHeader" computerName="ERICCARLSONBBE6" duration="00:00:00.0021150" startTime="2022-05-09T16:18:50.3153955-04:00" endTime="2022-05-09T16:18:50.3175100-04:00" testType="13cdc9d9-ddb5-4fa4-a97d-d965ccfc6d4b" outcome="Passed" testListId="8c84fa94-04c1-424b-9868-57a2d4851a1d" relativeResultsDirectory="7a45be72-fa42-444d-95d5-c21b52cd7aba" />
    <UnitTestResult executionId="86900b6e-293c-4725-a113-b961471fb61b" testId="81765902-660e-6877-86d8-ec70f35715ec" testName="ThenCanFormatTextWithNumberFollowedByCapitalAsWikiWordSuccessfully" computerName="ERICCARLSONBBE6" duration="00:00:00.0000630" startTime="2022-05-09T16:18:49.5443938-04:00" endTime="2022-05-09T16:18:49.5444568-04:00" testType="13cdc9d9-ddb5-4fa4-a97d-d965ccfc6d4b" outcome="Passed" testListId="8c84fa94-04c1-424b-9868-57a2d4851a1d" relativeResultsDirectory="86900b6e-293c-4725-a113-b961471fb61b" />
    <UnitTestResult executionId="fb40e6b1-7d32-4e17-8d06-d31d8606a015" testId="237aa86c-2a79-f857-6b0b-b15024d55da5" testName="MapToKeyword_ButInSwedish_ReturnsBut" computerName="ERICCARLSONBBE6" duration="00:00:00.0020100" startTime="2022-05-09T16:18:50.4089434-04:00" endTime="2022-05-09T16:18:50.4109533-04:00" testType="13cdc9d9-ddb5-4fa4-a97d-d965ccfc6d4b" outcome="Passed" testListId="8c84fa94-04c1-424b-9868-57a2d4851a1d" relativeResultsDirectory="fb40e6b1-7d32-4e17-8d06-d31d8606a015" />
    <UnitTestResult executionId="e32ef0de-b3bf-42d2-883e-936f688e8533" testId="b566615a-6a0e-ff7f-fdc9-66bffe7a7647" testName="ThenSavesCssFilesToCorrectLocation" computerName="ERICCARLSONBBE6" duration="00:00:00.0058190" startTime="2022-05-09T16:18:50.7029914-04:00" endTime="2022-05-09T16:18:50.7088106-04:00" testType="13cdc9d9-ddb5-4fa4-a97d-d965ccfc6d4b" outcome="Passed" testListId="8c84fa94-04c1-424b-9868-57a2d4851a1d" relativeResultsDirectory="e32ef0de-b3bf-42d2-883e-936f688e8533" />
    <UnitTestResult executionId="3a33d1ea-4d07-4915-9a6a-1d7ba1c82c08" testId="ce6a2b6c-c75a-0ab1-82b9-24f5e794be59" testName="MapToTable_NullDataTable_ReturnsNullTable" computerName="ERICCARLSONBBE6" duration="00:00:00.0011590" startTime="2022-05-09T16:18:50.3483485-04:00" endTime="2022-05-09T16:18:50.3495071-04:00" testType="13cdc9d9-ddb5-4fa4-a97d-d965ccfc6d4b" outcome="Passed" testListId="8c84fa94-04c1-424b-9868-57a2d4851a1d" relativeResultsDirectory="3a33d1ea-4d07-4915-9a6a-1d7ba1c82c08" />
    <UnitTestResult executionId="65466aca-f3d1-49ad-b5c7-445a636051af" testId="f00f3d6c-4b48-2938-84c4-a91f755f803f" testName="ThenCanFormatTextWithSpecialCharactersAsWikiWordSuccessfully" computerName="ERICCARLSONBBE6" duration="00:00:00.0000610" startTime="2022-05-09T16:18:49.5445350-04:00" endTime="2022-05-09T16:18:49.5445955-04:00" testType="13cdc9d9-ddb5-4fa4-a97d-d965ccfc6d4b" outcome="Passed" testListId="8c84fa94-04c1-424b-9868-57a2d4851a1d" relativeResultsDirectory="65466aca-f3d1-49ad-b5c7-445a636051af" />
    <UnitTestResult executionId="c11ea646-61bd-4140-a225-0ed0a6457fd0" testId="2d57c021-10f4-7573-e131-41b5e641b7f1" testName="WhenExperimentalIsEnabled_ResolveStrikeMarkdownProvider" computerName="ERICCARLSONBBE6" duration="00:00:00.1844200" startTime="2022-05-09T16:18:50.5069848-04:00" endTime="2022-05-09T16:18:50.6914049-04:00" testType="13cdc9d9-ddb5-4fa4-a97d-d965ccfc6d4b" outcome="Passed" testListId="8c84fa94-04c1-424b-9868-57a2d4851a1d" relativeResultsDirectory="c11ea646-61bd-4140-a225-0ed0a6457fd0" />
    <UnitTestResult executionId="3b7009b0-b646-4ae7-9ad3-7fe7bf091dfa" testId="9ec673de-4ee7-1c04-ca06-f2ecdbfb66c9" testName="IsRelevant_InvalidFile_ReturnsFalse" computerName="ERICCARLSONBBE6" duration="00:00:00.0001789" startTime="2022-05-09T16:18:49.5258667-04:00" endTime="2022-05-09T16:18:49.5260455-04:00" testType="13cdc9d9-ddb5-4fa4-a97d-d965ccfc6d4b" outcome="Passed" testListId="8c84fa94-04c1-424b-9868-57a2d4851a1d" relativeResultsDirectory="3b7009b0-b646-4ae7-9ad3-7fe7bf091dfa" />
    <UnitTestResult executionId="67c89ea9-c845-4998-bbe3-9225f0b00d89" testId="d92eaaf4-b839-67e3-ea8a-60df87c4cfbd" testName="MapToFeature_FeatureWithoutLanguage_ReturnsFeatureWithEnglish" computerName="ERICCARLSONBBE6" duration="00:00:00.0010880" startTime="2022-05-09T16:18:50.3681434-04:00" endTime="2022-05-09T16:18:50.3692310-04:00" testType="13cdc9d9-ddb5-4fa4-a97d-d965ccfc6d4b" outcome="Passed" testListId="8c84fa94-04c1-424b-9868-57a2d4851a1d" relativeResultsDirectory="67c89ea9-c845-4998-bbe3-9225f0b00d89" />
    <UnitTestResult executionId="ef0fcc8a-979d-43bd-81e7-23a052799fbf" testId="dc07b652-b5fa-fc33-626f-4ab4993e82ab" testName="Process_EmptySpaces_ReturnsEmptyString" computerName="ERICCARLSONBBE6" duration="00:00:00.0000630" startTime="2022-05-09T16:18:49.5051105-04:00" endTime="2022-05-09T16:18:49.5051733-04:00" testType="13cdc9d9-ddb5-4fa4-a97d-d965ccfc6d4b" outcome="Passed" testListId="8c84fa94-04c1-424b-9868-57a2d4851a1d" relativeResultsDirectory="ef0fcc8a-979d-43bd-81e7-23a052799fbf" />
    <UnitTestResult executionId="bd4172c2-19e8-4e93-b488-2dac3d79c282" testId="46b0f1f2-e2c0-2ed3-c0f5-cf8dfe1ffe79" testName="Get_A_Relative_Path_When_Location_Is_Deeper_Than_Root_Even_When_Root_Contains_End_Slash" computerName="ERICCARLSONBBE6" duration="00:00:00.0007470" startTime="2022-05-09T16:18:49.5422904-04:00" endTime="2022-05-09T16:18:49.5430369-04:00" testType="13cdc9d9-ddb5-4fa4-a97d-d965ccfc6d4b" outcome="Passed" testListId="8c84fa94-04c1-424b-9868-57a2d4851a1d" relativeResultsDirectory="bd4172c2-19e8-4e93-b488-2dac3d79c282" />
    <UnitTestResult executionId="5613fedc-c950-498e-85fa-675c034af9e0" testId="085184fe-e868-8379-b878-742948946639" testName="Merge_EmptySequence_ResultsInWasExecutedFalseAndWasSuccessfulFalse" computerName="ERICCARLSONBBE6" duration="00:00:00.0029310" startTime="2022-05-09T16:18:50.4164744-04:00" endTime="2022-05-09T16:18:50.4194050-04:00" testType="13cdc9d9-ddb5-4fa4-a97d-d965ccfc6d4b" outcome="Passed" testListId="8c84fa94-04c1-424b-9868-57a2d4851a1d" relativeResultsDirectory="5613fedc-c950-498e-85fa-675c034af9e0" />
    <UnitTestResult executionId="be826de3-2261-4bb0-9d77-19b2eddf2e84" testId="bfdbb567-bae3-a47b-dea2-4065a10042f7" testName="MapToStringDocString_NullArgument_ReturnsNull" computerName="ERICCARLSONBBE6" duration="00:00:00.0010570" startTime="2022-05-09T16:18:50.3541622-04:00" endTime="2022-05-09T16:18:50.3552188-04:00" testType="13cdc9d9-ddb5-4fa4-a97d-d965ccfc6d4b" outcome="Passed" testListId="8c84fa94-04c1-424b-9868-57a2d4851a1d" relativeResultsDirectory="be826de3-2261-4bb0-9d77-19b2eddf2e84" />
    <UnitTestResult executionId="9dba3508-9af2-43fc-b710-748d1ebb5fbe" testId="b26fb74e-729d-8047-377b-8be9da93dbdb" testName="ItShouldIndicateWasSuccessfulIsTrue" computerName="ERICCARLSONBBE6" duration="00:00:00.0109240" startTime="2022-05-09T16:18:50.1574477-04:00" endTime="2022-05-09T16:18:50.1683708-04:00" testType="13cdc9d9-ddb5-4fa4-a97d-d965ccfc6d4b" outcome="Passed" testListId="8c84fa94-04c1-424b-9868-57a2d4851a1d" relativeResultsDirectory="9dba3508-9af2-43fc-b710-748d1ebb5fbe" />
    <UnitTestResult executionId="2fa14a3a-d8f7-42ad-8c7b-8a7c3178e89b" testId="9f075bd6-5d09-682b-185d-903bddefcd8e" testName="Merge_PassedInconclusiveAndFailedResults_ShouldReturnFailed" computerName="ERICCARLSONBBE6" duration="00:00:00.0001140" startTime="2022-05-09T16:18:50.4203760-04:00" endTime="2022-05-09T16:18:50.4204898-04:00" testType="13cdc9d9-ddb5-4fa4-a97d-d965ccfc6d4b" outcome="Passed" testListId="8c84fa94-04c1-424b-9868-57a2d4851a1d" relativeResultsDirectory="2fa14a3a-d8f7-42ad-8c7b-8a7c3178e89b" />
    <UnitTestResult executionId="47f35d0d-21d3-4bbe-885e-0138d31a7ea2" testId="9f54fc7b-943f-a736-270e-322b76b12240" testName="Process_TwoLines_ReturnsText" computerName="ERICCARLSONBBE6" duration="00:00:00.0001360" startTime="2022-05-09T16:18:49.5058118-04:00" endTime="2022-05-09T16:18:49.5059474-04:00" testType="13cdc9d9-ddb5-4fa4-a97d-d965ccfc6d4b" outcome="Passed" testListId="8c84fa94-04c1-424b-9868-57a2d4851a1d" relativeResultsDirectory="47f35d0d-21d3-4bbe-885e-0138d31a7ea2" />
    <UnitTestResult executionId="6c727192-50a5-4b1b-a455-8e2a5e51f5be" testId="9cd5c73f-8266-3b6a-c78a-2aac24b20653" testName="ThenCanResolveTheSelectedIDocumentationBuilder(Word,PicklesDoc.Pickles.DocumentationBuilders.Word.WordDocumentationBuilder)" computerName="ERICCARLSONBBE6" duration="00:00:00.0033450" startTime="2022-05-09T16:18:50.4923521-04:00" endTime="2022-05-09T16:18:50.4956973-04:00" testType="13cdc9d9-ddb5-4fa4-a97d-d965ccfc6d4b" outcome="Passed" testListId="8c84fa94-04c1-424b-9868-57a2d4851a1d" relativeResultsDirectory="6c727192-50a5-4b1b-a455-8e2a5e51f5be" />
    <UnitTestResult executionId="b0de865c-64ec-44c6-9d87-e3b021be755c" testId="a9d18150-cea2-1f58-98af-2d8981b7023b" testName="Map_WithKeyword_ReturnsCorrectKeyword" computerName="ERICCARLSONBBE6" duration="00:00:00.0000950" startTime="2022-05-09T16:18:50.3135064-04:00" endTime="2022-05-09T16:18:50.3136015-04:00" testType="13cdc9d9-ddb5-4fa4-a97d-d965ccfc6d4b" outcome="Passed" testListId="8c84fa94-04c1-424b-9868-57a2d4851a1d" relativeResultsDirectory="b0de865c-64ec-44c6-9d87-e3b021be755c" />
    <UnitTestResult executionId="b01b31be-bb69-47f5-b1c2-b035e8852c8d" testId="eea99d72-2be5-3f19-63ae-66ae53007fed" testName="DefaultLanguage_ReturnsEnglish" computerName="ERICCARLSONBBE6" duration="00:00:00.0000920" startTime="2022-05-09T16:18:50.2953908-04:00" endTime="2022-05-09T16:18:50.2954832-04:00" testType="13cdc9d9-ddb5-4fa4-a97d-d965ccfc6d4b" outcome="Passed" testListId="8c84fa94-04c1-424b-9868-57a2d4851a1d" relativeResultsDirectory="b01b31be-bb69-47f5-b1c2-b035e8852c8d" />
    <UnitTestResult executionId="0b863015-3f4b-4bd8-b4c9-26de8ad2b60f" testId="0443b89a-0e19-7897-5ed1-52b3f67c6cf5" testName="Map_SomeFeature_ReturnsJsonFeature" computerName="ERICCARLSONBBE6" duration="00:00:00.0000940" startTime="2022-05-09T16:18:50.3037260-04:00" endTime="2022-05-09T16:18:50.3038195-04:00" testType="13cdc9d9-ddb5-4fa4-a97d-d965ccfc6d4b" outcome="Passed" testListId="8c84fa94-04c1-424b-9868-57a2d4851a1d" relativeResultsDirectory="0b863015-3f4b-4bd8-b4c9-26de8ad2b60f" />
    <UnitTestResult executionId="09ba2f61-8dc3-4a84-94d5-ebd26300968e" testId="ab19ff46-498b-9420-1130-607f4dc077aa" testName="GetLanguageServicesForLanguage_WithEnglish_ReturnsLanguageServicesForEnglish" computerName="ERICCARLSONBBE6" duration="00:00:00.0001320" startTime="2022-05-09T16:18:50.2954913-04:00" endTime="2022-05-09T16:18:50.2956228-04:00" testType="13cdc9d9-ddb5-4fa4-a97d-d965ccfc6d4b" outcome="Passed" testListId="8c84fa94-04c1-424b-9868-57a2d4851a1d" relativeResultsDirectory="09ba2f61-8dc3-4a84-94d5-ebd26300968e" />
    <UnitTestResult executionId="c01c8114-d089-478a-9517-719498c64701" testId="11ec8f68-45a3-af3f-4a85-f9e875a034b9" testName="Map_TableRow_ReturnsObject" computerName="ERICCARLSONBBE6" duration="00:00:00.0001520" startTime="2022-05-09T16:18:50.3175364-04:00" endTime="2022-05-09T16:18:50.3176879-04:00" testType="13cdc9d9-ddb5-4fa4-a97d-d965ccfc6d4b" outcome="Passed" testListId="8c84fa94-04c1-424b-9868-57a2d4851a1d" relativeResultsDirectory="c01c8114-d089-478a-9517-719498c64701" />
    <UnitTestResult executionId="61755f21-06f1-4166-8140-8bbd05a9d6be" testId="1bf0b620-508f-e5dc-9a04-0b8d440ef88c" testName="Constructor_NullArgument_ShouldThrowArgumentNullException" computerName="ERICCARLSONBBE6" duration="00:00:00.0052100" startTime="2022-05-09T16:18:49.4926423-04:00" endTime="2022-05-09T16:18:49.4978522-04:00" testType="13cdc9d9-ddb5-4fa4-a97d-d965ccfc6d4b" outcome="Passed" testListId="8c84fa94-04c1-424b-9868-57a2d4851a1d" relativeResultsDirectory="61755f21-06f1-4166-8140-8bbd05a9d6be" />
    <UnitTestResult executionId="27f37d42-13f5-4d94-8d68-80ff66792642" testId="0c97d668-a530-0371-fb9a-28c792581fe6" testName="ThenCanDetectAllScriptsSuccessfully" computerName="ERICCARLSONBBE6" duration="00:00:00.0015220" startTime="2022-05-09T16:18:50.6972899-04:00" endTime="2022-05-09T16:18:50.6988113-04:00" testType="13cdc9d9-ddb5-4fa4-a97d-d965ccfc6d4b" outcome="Passed" testListId="8c84fa94-04c1-424b-9868-57a2d4851a1d" relativeResultsDirectory="27f37d42-13f5-4d94-8d68-80ff66792642" />
    <UnitTestResult executionId="276e7c72-dc15-4d22-9ef0-b06366e91349" testId="5e5b21c4-f8f1-3d2f-7050-4379c0fa7d2f" testName="Then_can_parse_and_ignore_scenario_with_tag_in_configuration_ignore_tag_and_do_not_keep_feature" computerName="ERICCARLSONBBE6" duration="00:00:00.0017900" startTime="2022-05-09T16:18:50.4464279-04:00" endTime="2022-05-09T16:18:50.4482176-04:00" testType="13cdc9d9-ddb5-4fa4-a97d-d965ccfc6d4b" outcome="Passed" testListId="8c84fa94-04c1-424b-9868-57a2d4851a1d" relativeResultsDirectory="276e7c72-dc15-4d22-9ef0-b06366e91349" />
    <UnitTestResult executionId="fd68655f-d002-4632-9acd-c6479fc35b05" testId="285bb885-df8b-e1fa-0501-85b2d2ed57d2" testName="MapToComment_RegularComment_ReturnsComment" computerName="ERICCARLSONBBE6" duration="00:00:00.0043190" startTime="2022-05-09T16:18:50.3390438-04:00" endTime="2022-05-09T16:18:50.3433629-04:00" testType="13cdc9d9-ddb5-4fa4-a97d-d965ccfc6d4b" outcome="Passed" testListId="8c84fa94-04c1-424b-9868-57a2d4851a1d" relativeResultsDirectory="fd68655f-d002-4632-9acd-c6479fc35b05" />
    <UnitTestResult executionId="6124d5c4-0194-4372-ae71-5d65a8debaa4" testId="eae8d6d5-3d1b-9a28-35cb-83916a819bec" testName="Map_TableWithHeaderRow_ReturnsJsonTableWithoutHeaderRow" computerName="ERICCARLSONBBE6" duration="00:00:00.0001499" startTime="2022-05-09T16:18:50.3224895-04:00" endTime="2022-05-09T16:18:50.3226396-04:00" testType="13cdc9d9-ddb5-4fa4-a97d-d965ccfc6d4b" outcome="Passed" testListId="8c84fa94-04c1-424b-9868-57a2d4851a1d" relativeResultsDirectory="6124d5c4-0194-4372-ae71-5d65a8debaa4" />
    <UnitTestResult executionId="963e8234-4147-403f-a3e5-4d9cc61962d7" testId="2d1e8734-39be-985c-1537-9f979ee40cdf" testName="MapToLocation_NullLocation_ReturnsNull" computerName="ERICCARLSONBBE6" duration="00:00:00.0011970" startTime="2022-05-09T16:18:50.3740489-04:00" endTime="2022-05-09T16:18:50.3752460-04:00" testType="13cdc9d9-ddb5-4fa4-a97d-d965ccfc6d4b" outcome="Passed" testListId="8c84fa94-04c1-424b-9868-57a2d4851a1d" relativeResultsDirectory="963e8234-4147-403f-a3e5-4d9cc61962d7" />
    <UnitTestResult executionId="2d6f4f36-efa0-45a5-95cb-2627ea36a2ae" testId="4320c348-afea-ab45-3dd4-efc1eb3772fe" testName="ItShouldIndicateWasSuccessfulIsFalseForAnotherFailingScenario" computerName="ERICCARLSONBBE6" duration="00:00:00.0098170" startTime="2022-05-09T16:18:50.1387579-04:00" endTime="2022-05-09T16:18:50.1485748-04:00" testType="13cdc9d9-ddb5-4fa4-a97d-d965ccfc6d4b" outcome="Passed" testListId="8c84fa94-04c1-424b-9868-57a2d4851a1d" relativeResultsDirectory="2d6f4f36-efa0-45a5-95cb-2627ea36a2ae" />
    <UnitTestResult executionId="80eb0b16-a076-4ab5-9c49-7f02fba50747" testId="099963f8-8e00-3f84-3a38-4573687c4438" testName="MapToFeature_FeatureWithDutchLanguage_ReturnsFeatureWithDutch" computerName="ERICCARLSONBBE6" duration="00:00:00.0011400" startTime="2022-05-09T16:18:50.3658799-04:00" endTime="2022-05-09T16:18:50.3670195-04:00" testType="13cdc9d9-ddb5-4fa4-a97d-d965ccfc6d4b" outcome="Passed" testListId="8c84fa94-04c1-424b-9868-57a2d4851a1d" relativeResultsDirectory="80eb0b16-a076-4ab5-9c49-7f02fba50747" />
    <UnitTestResult executionId="f3b5242a-5a39-4ad9-96b9-74d828954e4a" testId="d08c1047-4425-a8ef-3977-424f7044543c" testName="MapToFeature_FeatureWithBackground_ReturnsFeatureWithBackground" computerName="ERICCARLSONBBE6" duration="00:00:00.0012170" startTime="2022-05-09T16:18:50.3596141-04:00" endTime="2022-05-09T16:18:50.3608310-04:00" testType="13cdc9d9-ddb5-4fa4-a97d-d965ccfc6d4b" outcome="Passed" testListId="8c84fa94-04c1-424b-9868-57a2d4851a1d" relativeResultsDirectory="f3b5242a-5a39-4ad9-96b9-74d828954e4a" />
    <UnitTestResult executionId="035a8c3e-12ed-47e0-a4f4-f9b101834e5b" testId="22e52513-2df6-8c27-3e3b-511650413f71" testName="ToFileUriCombined_ValidIntput_ValidOutput" computerName="ERICCARLSONBBE6" duration="00:00:00.0005400" startTime="2022-05-09T16:18:49.5452873-04:00" endTime="2022-05-09T16:18:49.5458272-04:00" testType="13cdc9d9-ddb5-4fa4-a97d-d965ccfc6d4b" outcome="Passed" testListId="8c84fa94-04c1-424b-9868-57a2d4851a1d" relativeResultsDirectory="035a8c3e-12ed-47e0-a4f4-f9b101834e5b" />
    <UnitTestResult executionId="ced38476-a356-4c75-81d7-46b2eb7f15d5" testId="e1f51bb1-2532-93e9-0f45-421d8bb3ec2a" testName="MapToFeature_FeatureWithScenarioDefinitions_ReturnsFeatureWithFeatureElements" computerName="ERICCARLSONBBE6" duration="00:00:00.0012990" startTime="2022-05-09T16:18:50.3692537-04:00" endTime="2022-05-09T16:18:50.3705522-04:00" testType="13cdc9d9-ddb5-4fa4-a97d-d965ccfc6d4b" outcome="Passed" testListId="8c84fa94-04c1-424b-9868-57a2d4851a1d" relativeResultsDirectory="ced38476-a356-4c75-81d7-46b2eb7f15d5" />
    <UnitTestResult executionId="7b7795d1-0fa5-43c0-a486-7f61d4c4ef6d" testId="45cb73b7-c03c-7dde-9cbf-274f19a6f153" testName="Specification_Scenario1" computerName="ERICCARLSONBBE6" duration="00:00:00.0001290" startTime="2022-05-09T16:18:49.5059564-04:00" endTime="2022-05-09T16:18:49.5060855-04:00" testType="13cdc9d9-ddb5-4fa4-a97d-d965ccfc6d4b" outcome="Passed" testListId="8c84fa94-04c1-424b-9868-57a2d4851a1d" relativeResultsDirectory="7b7795d1-0fa5-43c0-a486-7f61d4c4ef6d" />
    <UnitTestResult executionId="5498bec8-e542-4546-bb35-6c5537984aae" testId="e8b0726c-36bd-6c85-dd69-b7de9bafab06" testName="MapToScenarioBackground_NullBackground_ReturnsNullScenario" computerName="ERICCARLSONBBE6" duration="00:00:00.0011689" startTime="2022-05-09T16:18:50.3321899-04:00" endTime="2022-05-09T16:18:50.3333592-04:00" testType="13cdc9d9-ddb5-4fa4-a97d-d965ccfc6d4b" outcome="Passed" testListId="8c84fa94-04c1-424b-9868-57a2d4851a1d" relativeResultsDirectory="5498bec8-e542-4546-bb35-6c5537984aae" />
    <UnitTestResult executionId="355b70bb-666a-48a9-b7dc-7e706cd18694" testId="8ecd3a27-de14-37b0-a475-7f1b4251867d" testName="ThenCanFormatTextWithNumbersAsWikiWordSuccessfully" computerName="ERICCARLSONBBE6" duration="00:00:00.0000630" startTime="2022-05-09T16:18:49.5444644-04:00" endTime="2022-05-09T16:18:49.5445274-04:00" testType="13cdc9d9-ddb5-4fa4-a97d-d965ccfc6d4b" outcome="Passed" testListId="8c84fa94-04c1-424b-9868-57a2d4851a1d" relativeResultsDirectory="355b70bb-666a-48a9-b7dc-7e706cd18694" />
    <UnitTestResult executionId="c6ae0a01-cac5-44e1-b383-254d9a1722a4" testId="ee9a1573-ad49-6697-840a-72c1ec738307" testName="MapToFeature_FeatureWithComments_ReturnsFeatureWithoutComments_WhenConfigurationSpecifies" computerName="ERICCARLSONBBE6" duration="00:00:00.0025180" startTime="2022-05-09T16:18:50.3633392-04:00" endTime="2022-05-09T16:18:50.3658566-04:00" testType="13cdc9d9-ddb5-4fa4-a97d-d965ccfc6d4b" outcome="Passed" testListId="8c84fa94-04c1-424b-9868-57a2d4851a1d" relativeResultsDirectory="c6ae0a01-cac5-44e1-b383-254d9a1722a4" />
    <UnitTestResult executionId="e3518915-56f1-4127-9f7e-75ff56a891b1" testId="ad2deadc-28a2-719e-7150-17ba175aa913" testName="MapToFeature_FeatureWithNullDescription_ReturnsFeatureWithEmptyDescription" computerName="ERICCARLSONBBE6" duration="00:00:00.0010780" startTime="2022-05-09T16:18:50.3670426-04:00" endTime="2022-05-09T16:18:50.3681204-04:00" testType="13cdc9d9-ddb5-4fa4-a97d-d965ccfc6d4b" outcome="Passed" testListId="8c84fa94-04c1-424b-9868-57a2d4851a1d" relativeResultsDirectory="e3518915-56f1-4127-9f7e-75ff56a891b1" />
    <UnitTestResult executionId="d038f624-6fdb-486f-bc4b-52368b39e341" testId="22b55a68-c311-5ac6-5932-e95e99f46701" testName="GetRelativeUriTo_FileToFile_ReturnsNodesFileName" computerName="ERICCARLSONBBE6" duration="00:00:00.0006920" startTime="2022-05-09T16:18:49.5213736-04:00" endTime="2022-05-09T16:18:49.5220652-04:00" testType="13cdc9d9-ddb5-4fa4-a97d-d965ccfc6d4b" outcome="Passed" testListId="8c84fa94-04c1-424b-9868-57a2d4851a1d" relativeResultsDirectory="d038f624-6fdb-486f-bc4b-52368b39e341" />
    <UnitTestResult executionId="d9eaf468-93b2-4b16-a616-81e653439b42" testId="6fd40770-cb6f-4692-f9e6-68b2c60e90b9" testName="Ul_Element_Must_Contain_Li_Children_Only" computerName="ERICCARLSONBBE6" duration="00:00:00.0108089" startTime="2022-05-09T16:18:50.2844516-04:00" endTime="2022-05-09T16:18:50.2952608-04:00" testType="13cdc9d9-ddb5-4fa4-a97d-d965ccfc6d4b" outcome="Passed" testListId="8c84fa94-04c1-424b-9868-57a2d4851a1d" relativeResultsDirectory="d9eaf468-93b2-4b16-a616-81e653439b42" />
    <UnitTestResult executionId="65bfe151-2922-49b4-85e4-631c2faac22c" testId="b407155a-e5fd-8677-d804-23913edba29d" testName="ThenCanResolveTheSelectedIDocumentationBuilderAsSingleton(Html,PicklesDoc.Pickles.DocumentationBuilders.Html.HtmlDocumentationBuilder)" computerName="ERICCARLSONBBE6" duration="00:00:00.0009040" startTime="2022-05-09T16:18:50.4993699-04:00" endTime="2022-05-09T16:18:50.5002742-04:00" testType="13cdc9d9-ddb5-4fa4-a97d-d965ccfc6d4b" outcome="Passed" testListId="8c84fa94-04c1-424b-9868-57a2d4851a1d" relativeResultsDirectory="65bfe151-2922-49b4-85e4-631c2faac22c" />
    <UnitTestResult executionId="4cbb6213-c575-48db-85a0-bafd3e6a53c1" testId="6d88a6f4-e9ba-b488-7fca-3a2a8f87fcdb" testName="Map_But_ReturnsBut" computerName="ERICCARLSONBBE6" duration="00:00:00.0002110" startTime="2022-05-09T16:18:50.3085303-04:00" endTime="2022-05-09T16:18:50.3087415-04:00" testType="13cdc9d9-ddb5-4fa4-a97d-d965ccfc6d4b" outcome="Passed" testListId="8c84fa94-04c1-424b-9868-57a2d4851a1d" relativeResultsDirectory="4cbb6213-c575-48db-85a0-bafd3e6a53c1" />
    <UnitTestResult executionId="5229f1e8-05f5-4294-86b6-019fade11dcb" testId="40f30388-f8c4-beae-03f2-092496540fd0" testName="ToFolderUriString_WithTrailingSlash_ValidOutput" computerName="ERICCARLSONBBE6" duration="00:00:00.0060910" startTime="2022-05-09T16:18:49.5470886-04:00" endTime="2022-05-09T16:18:49.5531800-04:00" testType="13cdc9d9-ddb5-4fa4-a97d-d965ccfc6d4b" outcome="Passed" testListId="8c84fa94-04c1-424b-9868-57a2d4851a1d" relativeResultsDirectory="5229f1e8-05f5-4294-86b6-019fade11dcb" />
    <UnitTestResult executionId="fd64568c-3f7e-4d07-a35d-bb7795cdee0c" testId="4a414230-905d-7f8d-87d3-8884d0269163" testName="MapToScenario_RegularScenario_ReturnsScenario" computerName="ERICCARLSONBBE6" duration="00:00:00.0018400" startTime="2022-05-09T16:18:50.3891884-04:00" endTime="2022-05-09T16:18:50.3910280-04:00" testType="13cdc9d9-ddb5-4fa4-a97d-d965ccfc6d4b" outcome="Passed" testListId="8c84fa94-04c1-424b-9868-57a2d4851a1d" relativeResultsDirectory="fd64568c-3f7e-4d07-a35d-bb7795cdee0c" />
    <UnitTestResult executionId="2bc041e9-5c63-4dea-b6e3-f146bf7aa18e" testId="ba0a5a7d-c5b5-7dd0-271b-846e5b517e29" testName="MapToStep_StepWithWhen_ReturnStep" computerName="ERICCARLSONBBE6" duration="00:00:00.0011689" startTime="2022-05-09T16:18:50.4043245-04:00" endTime="2022-05-09T16:18:50.4054932-04:00" testType="13cdc9d9-ddb5-4fa4-a97d-d965ccfc6d4b" outcome="Passed" testListId="8c84fa94-04c1-424b-9868-57a2d4851a1d" relativeResultsDirectory="2bc041e9-5c63-4dea-b6e3-f146bf7aa18e" />
    <UnitTestResult executionId="b2e2ba41-d8e6-4f44-8787-5f06085a22e1" testId="c9d41f4b-061e-ad0e-ab6b-66d3fd7a5896" testName="LineThatStartsWithEscapedHash_Header3_ShouldRemoveEscapeSign" computerName="ERICCARLSONBBE6" duration="00:00:00.0000730" startTime="2022-05-09T16:18:49.5047124-04:00" endTime="2022-05-09T16:18:49.5047853-04:00" testType="13cdc9d9-ddb5-4fa4-a97d-d965ccfc6d4b" outcome="Passed" testListId="8c84fa94-04c1-424b-9868-57a2d4851a1d" relativeResultsDirectory="b2e2ba41-d8e6-4f44-8787-5f06085a22e1" />
    <UnitTestResult executionId="b1daab8a-c714-4371-83b1-7b9c14db9b04" testId="e8565e90-2492-6ea1-7c7e-a2f7e9a1f360" testName="ThenCanResolveTheSelectedIDocumentationBuilder(Json,PicklesDoc.Pickles.DocumentationBuilders.Json.JsonDocumentationBuilder)" computerName="ERICCARLSONBBE6" duration="00:00:00.0005550" startTime="2022-05-09T16:18:50.4972305-04:00" endTime="2022-05-09T16:18:50.4977855-04:00" testType="13cdc9d9-ddb5-4fa4-a97d-d965ccfc6d4b" outcome="Passed" testListId="8c84fa94-04c1-424b-9868-57a2d4851a1d" relativeResultsDirectory="b1daab8a-c714-4371-83b1-7b9c14db9b04" />
    <UnitTestResult executionId="0b1e66f5-4e22-4835-a64f-3acee22eb00a" testId="cb1cb307-beed-417a-ac8b-f4330065e350" testName="ThenCanResolveTheSelectedIDocumentationBuilder(Excel,PicklesDoc.Pickles.DocumentationBuilders.Excel.ExcelDocumentationBuilder)" computerName="ERICCARLSONBBE6" duration="00:00:00.0008460" startTime="2022-05-09T16:18:50.4957212-04:00" endTime="2022-05-09T16:18:50.4965675-04:00" testType="13cdc9d9-ddb5-4fa4-a97d-d965ccfc6d4b" outcome="Passed" testListId="8c84fa94-04c1-424b-9868-57a2d4851a1d" relativeResultsDirectory="0b1e66f5-4e22-4835-a64f-3acee22eb00a" />
    <UnitTestResult executionId="a9394f7d-2fb2-46e4-a3a7-f39236cff04b" testId="0aa79223-629c-5269-1c07-377109cd0bcb" testName="Constructor_Default_SetsLanguageToEnglish" computerName="ERICCARLSONBBE6" duration="00:00:00.0887710" startTime="2022-05-09T16:18:49.1023580-04:00" endTime="2022-05-09T16:18:49.1910318-04:00" testType="13cdc9d9-ddb5-4fa4-a97d-d965ccfc6d4b" outcome="Passed" testListId="8c84fa94-04c1-424b-9868-57a2d4851a1d" relativeResultsDirectory="a9394f7d-2fb2-46e4-a3a7-f39236cff04b" />
    <UnitTestResult executionId="98771b36-29f0-4701-9ebc-8a5c1df9ef9f" testId="e31e485a-1cf3-d830-234b-7b05e837d621" testName="MapToKeyword_ThenInSwedish_ReturnsThen" computerName="ERICCARLSONBBE6" duration="00:00:00.0011019" startTime="2022-05-09T16:18:50.4142086-04:00" endTime="2022-05-09T16:18:50.4153109-04:00" testType="13cdc9d9-ddb5-4fa4-a97d-d965ccfc6d4b" outcome="Passed" testListId="8c84fa94-04c1-424b-9868-57a2d4851a1d" relativeResultsDirectory="98771b36-29f0-4701-9ebc-8a5c1df9ef9f" />
    <UnitTestResult executionId="78e44c02-3c41-4800-86ee-56a73ed6a97e" testId="8b9757c9-77c1-3693-65ab-02394e92b990" testName="LineThatStartsWithEscapedHash_Header1_ShouldRemoveEscapeSign" computerName="ERICCARLSONBBE6" duration="00:00:00.0004550" startTime="2022-05-09T16:18:49.5041537-04:00" endTime="2022-05-09T16:18:49.5046088-04:00" testType="13cdc9d9-ddb5-4fa4-a97d-d965ccfc6d4b" outcome="Passed" testListId="8c84fa94-04c1-424b-9868-57a2d4851a1d" relativeResultsDirectory="78e44c02-3c41-4800-86ee-56a73ed6a97e" />
    <UnitTestResult executionId="35361194-8b37-4872-b0c5-a1b611066a73" testId="a4fe69d7-576a-c1e6-1303-8a61499629eb" testName="Parse_InvalidFeatureContent_ThrowsFeatureParseException" computerName="ERICCARLSONBBE6" duration="00:00:00.0025320" startTime="2022-05-09T16:18:49.7172348-04:00" endTime="2022-05-09T16:18:49.7197669-04:00" testType="13cdc9d9-ddb5-4fa4-a97d-d965ccfc6d4b" outcome="Passed" testListId="8c84fa94-04c1-424b-9868-57a2d4851a1d" relativeResultsDirectory="35361194-8b37-4872-b0c5-a1b611066a73" />
  </Results>
  <TestDefinitions>
    <UnitTest name="ItShouldContainTheFeature" storage="c:\users\ericcarlson\documents\github\pickles\src\pickles.test\bin\debug\net6.0\picklesdoc.pickles.test.dll" id="47c9a237-7b62-75f9-e1ca-dd3cd3c91f8d">
      <Execution id="72e7c28e-31ea-46ff-bc2b-1780a7b0b0b2" />
      <TestMethod codeBase="C:\Users\ericcarlson\Documents\GitHub\pickles\src\Pickles.Test\bin\Debug\net6.0\PicklesDoc.Pickles.Test.dll" adapterTypeName="executor://nunit3testexecutor/" className="PicklesDoc.Pickles.Test.Formatters.JSON.WhenCreatingAFeatureWithMetaInfo" name="ItShouldContainTheFeature" />
    </UnitTest>
    <UnitTest name="Map_Always_ReturnsNullFeature" storage="c:\users\ericcarlson\documents\github\pickles\src\pickles.test\bin\debug\net6.0\picklesdoc.pickles.test.dll" id="c7b4be8c-405a-cff4-f09d-429800388a2f">
      <Execution id="77b77f86-6da3-43d5-a3cf-986a3e66da21" />
      <TestMethod codeBase="C:\Users\ericcarlson\Documents\GitHub\pickles\src\Pickles.Test\bin\Debug\net6.0\PicklesDoc.Pickles.Test.dll" adapterTypeName="executor://nunit3testexecutor/" className="PicklesDoc.Pickles.Test.ObjectModel.Json.ScenarioToJsonScenarioMapperTests" name="Map_Always_ReturnsNullFeature" />
    </UnitTest>
    <UnitTest name="RealData" storage="c:\users\ericcarlson\documents\github\pickles\src\pickles.test\bin\debug\net6.0\picklesdoc.pickles.test.dll" id="69dcc676-4ef6-c241-adb3-07e8c9464faa">
      <Execution id="cd15340a-daf5-4a57-9db4-140f0e412c1f" />
      <TestMethod codeBase="C:\Users\ericcarlson\Documents\GitHub\pickles\src\Pickles.Test\bin\Debug\net6.0\PicklesDoc.Pickles.Test.dll" adapterTypeName="executor://nunit3testexecutor/" className="PicklesDoc.Pickles.Test.DirectoryCrawlers.FolderDirectoryTreeNodeTests" name="RealData" />
    </UnitTest>
    <UnitTest name="ThenCanFormatTextWithSpecialCharactersAsWikiWordSuccessfully" storage="c:\users\ericcarlson\documents\github\pickles\src\pickles.test\bin\debug\net6.0\picklesdoc.pickles.test.dll" id="f00f3d6c-4b48-2938-84c4-a91f755f803f">
      <Execution id="65466aca-f3d1-49ad-b5c7-445a636051af" />
      <TestMethod codeBase="C:\Users\ericcarlson\Documents\GitHub\pickles\src\Pickles.Test\bin\Debug\net6.0\PicklesDoc.Pickles.Test.dll" adapterTypeName="executor://nunit3testexecutor/" className="PicklesDoc.Pickles.Test.Extensions.StringExtensionsTests" name="ThenCanFormatTextWithSpecialCharactersAsWikiWordSuccessfully" />
    </UnitTest>
    <UnitTest name="IsRelevant_ByDefault_ReturnsFalse" storage="c:\users\ericcarlson\documents\github\pickles\src\pickles.test\bin\debug\net6.0\picklesdoc.pickles.test.dll" id="4a5df4ca-f345-0994-08e9-9a292fd5e958">
      <Execution id="6f2dee10-1e17-45f3-8603-8351e7f0a52d" />
      <TestMethod codeBase="C:\Users\ericcarlson\Documents\GitHub\pickles\src\Pickles.Test\bin\Debug\net6.0\PicklesDoc.Pickles.Test.dll" adapterTypeName="executor://nunit3testexecutor/" className="PicklesDoc.Pickles.Test.DirectoryCrawlers.ImageFileDetectorTests" name="IsRelevant_ByDefault_ReturnsFalse" />
    </UnitTest>
    <UnitTest name="GetEncoding_FileIsLessThanFourBytes_DoesNotThrowException" storage="c:\users\ericcarlson\documents\github\pickles\src\pickles.test\bin\debug\net6.0\picklesdoc.pickles.test.dll" id="91630d50-5bca-7acf-6341-4417c7067c35">
      <Execution id="44bce74c-a594-4486-af8c-12332430b9a0" />
      <TestMethod codeBase="C:\Users\ericcarlson\Documents\GitHub\pickles\src\Pickles.Test\bin\Debug\net6.0\PicklesDoc.Pickles.Test.dll" adapterTypeName="executor://nunit3testexecutor/" className="PicklesDoc.Pickles.Test.EncodingDetectorTests" name="GetEncoding_FileIsLessThanFourBytes_DoesNotThrowException" />
    </UnitTest>
    <UnitTest name="GetEncoding_FileDoesNotExist_DoesNotThrowException" storage="c:\users\ericcarlson\documents\github\pickles\src\pickles.test\bin\debug\net6.0\picklesdoc.pickles.test.dll" id="b2f41475-071c-06b4-373d-577f6af5c5d6">
      <Execution id="71e1c3f1-58b0-4225-83e3-49cdb1b7d1c8" />
      <TestMethod codeBase="C:\Users\ericcarlson\Documents\GitHub\pickles\src\Pickles.Test\bin\Debug\net6.0\PicklesDoc.Pickles.Test.dll" adapterTypeName="executor://nunit3testexecutor/" className="PicklesDoc.Pickles.Test.EncodingDetectorTests" name="GetEncoding_FileDoesNotExist_DoesNotThrowException" />
    </UnitTest>
    <UnitTest name="Map_WithDocString_ReturnsDocStringAndNoTableArgument" storage="c:\users\ericcarlson\documents\github\pickles\src\pickles.test\bin\debug\net6.0\picklesdoc.pickles.test.dll" id="cd326f26-4b5c-a5b5-7db2-4bedf97529df">
      <Execution id="03d936d8-2c55-445f-8b03-5c0e3403a338" />
      <TestMethod codeBase="C:\Users\ericcarlson\Documents\GitHub\pickles\src\Pickles.Test\bin\Debug\net6.0\PicklesDoc.Pickles.Test.dll" adapterTypeName="executor://nunit3testexecutor/" className="PicklesDoc.Pickles.Test.ObjectModel.Json.StepToJsonStepMapperTests" name="Map_WithDocString_ReturnsDocStringAndNoTableArgument" />
    </UnitTest>
    <UnitTest name="Map_Null_ReturnsNull" storage="c:\users\ericcarlson\documents\github\pickles\src\pickles.test\bin\debug\net6.0\picklesdoc.pickles.test.dll" id="e872ace4-29b8-3b56-871c-345e18778c92">
      <Execution id="042762a9-8a5d-40d8-9288-ac44859a1976" />
      <TestMethod codeBase="C:\Users\ericcarlson\Documents\GitHub\pickles\src\Pickles.Test\bin\Debug\net6.0\PicklesDoc.Pickles.Test.dll" adapterTypeName="executor://nunit3testexecutor/" className="PicklesDoc.Pickles.Test.ObjectModel.Json.ExampleToJsonExampleMapperTests" name="Map_Null_ReturnsNull" />
    </UnitTest>
    <UnitTest name="ItShouldContainTheRelativePath" storage="c:\users\ericcarlson\documents\github\pickles\src\pickles.test\bin\debug\net6.0\picklesdoc.pickles.test.dll" id="28772bab-df5d-6054-e291-6e60f8a662fb">
      <Execution id="e6692aa2-f0b7-4ab5-8235-21f72a90eb21" />
      <TestMethod codeBase="C:\Users\ericcarlson\Documents\GitHub\pickles\src\Pickles.Test\bin\Debug\net6.0\PicklesDoc.Pickles.Test.dll" adapterTypeName="executor://nunit3testexecutor/" className="PicklesDoc.Pickles.Test.Formatters.JSON.WhenCreatingAFeatureWithMetaInfo" name="ItShouldContainTheRelativePath" />
    </UnitTest>
    <UnitTest name="Map_WithSteps_ReturnsSteps" storage="c:\users\ericcarlson\documents\github\pickles\src\pickles.test\bin\debug\net6.0\picklesdoc.pickles.test.dll" id="58c9e785-2ac6-9bcb-7efe-6d35daa42a6c">
      <Execution id="31bb91d4-802f-4be5-acf6-a5e0a65b44a7" />
      <TestMethod codeBase="C:\Users\ericcarlson\Documents\GitHub\pickles\src\Pickles.Test\bin\Debug\net6.0\PicklesDoc.Pickles.Test.dll" adapterTypeName="executor://nunit3testexecutor/" className="PicklesDoc.Pickles.Test.ObjectModel.Json.ScenarioToJsonScenarioMapperTests" name="Map_WithSteps_ReturnsSteps" />
    </UnitTest>
    <UnitTest name="MapToComment_NullLocation_ReturnsNull" storage="c:\users\ericcarlson\documents\github\pickles\src\pickles.test\bin\debug\net6.0\picklesdoc.pickles.test.dll" id="cba6d1e7-9efd-8bb5-d58c-bc7892bd4b07">
      <Execution id="cdf0c2a2-6d97-44d2-9ee3-0e14e1ff7c33" />
      <TestMethod codeBase="C:\Users\ericcarlson\Documents\GitHub\pickles\src\Pickles.Test\bin\Debug\net6.0\PicklesDoc.Pickles.Test.dll" adapterTypeName="executor://nunit3testexecutor/" className="PicklesDoc.Pickles.Test.ObjectModel.MapperTestsForComment" name="MapToComment_NullLocation_ReturnsNull" />
    </UnitTest>
    <UnitTest name="Specification_Scenario4_WithTabs" storage="c:\users\ericcarlson\documents\github\pickles\src\pickles.test\bin\debug\net6.0\picklesdoc.pickles.test.dll" id="f4c7a1fe-8e1a-0bf7-6944-a7dc509a0e14">
      <Execution id="3d358001-8043-44da-a32d-9292ba346079" />
      <TestMethod codeBase="C:\Users\ericcarlson\Documents\GitHub\pickles\src\Pickles.Test\bin\Debug\net6.0\PicklesDoc.Pickles.Test.dll" adapterTypeName="executor://nunit3testexecutor/" className="PicklesDoc.Pickles.Test.DescriptionProcessorTests" name="Specification_Scenario4_WithTabs" />
    </UnitTest>
    <UnitTest name="TableOfContent_Must_Contain_One_Paragraph_With_Current_Class" storage="c:\users\ericcarlson\documents\github\pickles\src\pickles.test\bin\debug\net6.0\picklesdoc.pickles.test.dll" id="00441c96-4748-e7f5-f01b-e47727822d3b">
      <Execution id="5d86ef3a-979c-4a9e-851c-843602535062" />
      <TestMethod codeBase="C:\Users\ericcarlson\Documents\GitHub\pickles\src\Pickles.Test\bin\Debug\net6.0\PicklesDoc.Pickles.Test.dll" adapterTypeName="executor://nunit3testexecutor/" className="PicklesDoc.Pickles.Test.Formatters.TableOfContentsShouldBeCreatedFromAFolderStructure" name="TableOfContent_Must_Contain_One_Paragraph_With_Current_Class" />
    </UnitTest>
    <UnitTest name="IsRelevant_ImageFileInfo_ReturnsTrue" storage="c:\users\ericcarlson\documents\github\pickles\src\pickles.test\bin\debug\net6.0\picklesdoc.pickles.test.dll" id="1778f960-3877-9ea7-360f-a6725dc97989">
      <Execution id="041da227-9f9e-4b4a-acb5-07d9c18efde1" />
      <TestMethod codeBase="C:\Users\ericcarlson\Documents\GitHub\pickles\src\Pickles.Test\bin\Debug\net6.0\PicklesDoc.Pickles.Test.dll" adapterTypeName="executor://nunit3testexecutor/" className="PicklesDoc.Pickles.Test.DirectoryCrawlers.RelevantFileDetectorTests" name="IsRelevant_ImageFileInfo_ReturnsTrue" />
    </UnitTest>
    <UnitTest name="MapToStringTableCell_TableCellWithValue_ReturnsThatValue" storage="c:\users\ericcarlson\documents\github\pickles\src\pickles.test\bin\debug\net6.0\picklesdoc.pickles.test.dll" id="d8703a4d-64af-90ac-3d91-d91ec6e526a2">
      <Execution id="ffb7ee4d-7527-4177-9ff2-8f98ecc8069a" />
      <TestMethod codeBase="C:\Users\ericcarlson\Documents\GitHub\pickles\src\Pickles.Test\bin\Debug\net6.0\PicklesDoc.Pickles.Test.dll" adapterTypeName="executor://nunit3testexecutor/" className="PicklesDoc.Pickles.Test.ObjectModel.MapperTestsForDataTable" name="MapToStringTableCell_TableCellWithValue_ReturnsThatValue" />
    </UnitTest>
    <UnitTest name="Map_Null_ReturnsNull" storage="c:\users\ericcarlson\documents\github\pickles\src\pickles.test\bin\debug\net6.0\picklesdoc.pickles.test.dll" id="c9dbbac5-4686-fc9f-849b-ef7f10b63035">
      <Execution id="37c86814-341b-440a-9e16-169195d8939a" />
      <TestMethod codeBase="C:\Users\ericcarlson\Documents\GitHub\pickles\src\Pickles.Test\bin\Debug\net6.0\PicklesDoc.Pickles.Test.dll" adapterTypeName="executor://nunit3testexecutor/" className="PicklesDoc.Pickles.Test.ObjectModel.Json.CommentToJsonCommentMapperTests" name="Map_Null_ReturnsNull" />
    </UnitTest>
    <UnitTest name="ShouldContainTheFeatures" storage="c:\users\ericcarlson\documents\github\pickles\src\pickles.test\bin\debug\net6.0\picklesdoc.pickles.test.dll" id="4d389c4f-c1a4-9777-3cc5-f0470e77453d">
      <Execution id="e7f68681-33a1-427b-990c-fef5baf50541" />
      <TestMethod codeBase="C:\Users\ericcarlson\Documents\GitHub\pickles\src\Pickles.Test\bin\Debug\net6.0\PicklesDoc.Pickles.Test.dll" adapterTypeName="executor://nunit3testexecutor/" className="PicklesDoc.Pickles.Test.Formatters.JSON.WhenFormattingAFolderStructureWithFeatures" name="ShouldContainTheFeatures" />
    </UnitTest>
    <UnitTest name="ThenCanFormatTextWithNumbersAsWikiWordSuccessfully" storage="c:\users\ericcarlson\documents\github\pickles\src\pickles.test\bin\debug\net6.0\picklesdoc.pickles.test.dll" id="8ecd3a27-de14-37b0-a475-7f1b4251867d">
      <Execution id="355b70bb-666a-48a9-b7dc-7e706cd18694" />
      <TestMethod codeBase="C:\Users\ericcarlson\Documents\GitHub\pickles\src\Pickles.Test\bin\Debug\net6.0\PicklesDoc.Pickles.Test.dll" adapterTypeName="executor://nunit3testexecutor/" className="PicklesDoc.Pickles.Test.Extensions.StringExtensionsTests" name="ThenCanFormatTextWithNumbersAsWikiWordSuccessfully" />
    </UnitTest>
    <UnitTest name="MapToKeyword_WhenInSwedish_ReturnsWhen" storage="c:\users\ericcarlson\documents\github\pickles\src\pickles.test\bin\debug\net6.0\picklesdoc.pickles.test.dll" id="c0fbf6e7-772e-29b3-6edc-0a3674abefb6">
      <Execution id="eddb936a-a7cd-480f-92a7-5d66925b1c7c" />
      <TestMethod codeBase="C:\Users\ericcarlson\Documents\GitHub\pickles\src\Pickles.Test\bin\Debug\net6.0\PicklesDoc.Pickles.Test.dll" adapterTypeName="executor://nunit3testexecutor/" className="PicklesDoc.Pickles.Test.ObjectModel.MappingTestsForKeyword" name="MapToKeyword_WhenInSwedish_ReturnsWhen" />
    </UnitTest>
    <UnitTest name="Process_BlankThenText_ReturnsText" storage="c:\users\ericcarlson\documents\github\pickles\src\pickles.test\bin\debug\net6.0\picklesdoc.pickles.test.dll" id="359602d4-5c8b-a71b-3178-d67e251b597f">
      <Execution id="a086c8ca-9e2a-4472-8d48-2dc51b0eff9e" />
      <TestMethod codeBase="C:\Users\ericcarlson\Documents\GitHub\pickles\src\Pickles.Test\bin\Debug\net6.0\PicklesDoc.Pickles.Test.dll" adapterTypeName="executor://nunit3testexecutor/" className="PicklesDoc.Pickles.Test.DescriptionProcessorTests" name="Process_BlankThenText_ReturnsText" />
    </UnitTest>
    <UnitTest name="MapToScenario_ScenarioWithNullDescription_ReturnsScenarioWithEmptyDescription" storage="c:\users\ericcarlson\documents\github\pickles\src\pickles.test\bin\debug\net6.0\picklesdoc.pickles.test.dll" id="b3a40561-d822-6f86-f3da-df64bc9ebecd">
      <Execution id="33852ad4-bf2f-4e86-8ea6-fa3acee47910" />
      <TestMethod codeBase="C:\Users\ericcarlson\Documents\GitHub\pickles\src\Pickles.Test\bin\Debug\net6.0\PicklesDoc.Pickles.Test.dll" adapterTypeName="executor://nunit3testexecutor/" className="PicklesDoc.Pickles.Test.ObjectModel.MapperTestsForScenario" name="MapToScenario_ScenarioWithNullDescription_ReturnsScenarioWithEmptyDescription" />
    </UnitTest>
    <UnitTest name="Process_EmptySpaces_ReturnsEmptyString" storage="c:\users\ericcarlson\documents\github\pickles\src\pickles.test\bin\debug\net6.0\picklesdoc.pickles.test.dll" id="dc07b652-b5fa-fc33-626f-4ab4993e82ab">
      <Execution id="ef0fcc8a-979d-43bd-81e7-23a052799fbf" />
      <TestMethod codeBase="C:\Users\ericcarlson\Documents\GitHub\pickles\src\Pickles.Test\bin\Debug\net6.0\PicklesDoc.Pickles.Test.dll" adapterTypeName="executor://nunit3testexecutor/" className="PicklesDoc.Pickles.Test.DescriptionProcessorTests" name="Process_EmptySpaces_ReturnsEmptyString" />
    </UnitTest>
    <UnitTest name="Ul_Element_Must_Contain_Li_Children_Only" storage="c:\users\ericcarlson\documents\github\pickles\src\pickles.test\bin\debug\net6.0\picklesdoc.pickles.test.dll" id="6fd40770-cb6f-4692-f9e6-68b2c60e90b9">
      <Execution id="d9eaf468-93b2-4b16-a616-81e653439b42" />
      <TestMethod codeBase="C:\Users\ericcarlson\Documents\GitHub\pickles\src\Pickles.Test\bin\Debug\net6.0\PicklesDoc.Pickles.Test.dll" adapterTypeName="executor://nunit3testexecutor/" className="PicklesDoc.Pickles.Test.Formatters.TableOfContentsShouldBeCreatedFromAFolderStructure" name="Ul_Element_Must_Contain_Li_Children_Only" />
    </UnitTest>
    <UnitTest name="Map_FeatureWithScenario_ReturnsScenario" storage="c:\users\ericcarlson\documents\github\pickles\src\pickles.test\bin\debug\net6.0\picklesdoc.pickles.test.dll" id="54394cfc-30d0-1b21-a9c9-bf82c6c4e0e4">
      <Execution id="7fe78378-1ef3-45dd-9234-84edd26e3278" />
      <TestMethod codeBase="C:\Users\ericcarlson\Documents\GitHub\pickles\src\Pickles.Test\bin\Debug\net6.0\PicklesDoc.Pickles.Test.dll" adapterTypeName="executor://nunit3testexecutor/" className="PicklesDoc.Pickles.Test.ObjectModel.Json.FeatureToJsonFeatureMapperTests" name="Map_FeatureWithScenario_ReturnsScenario" />
    </UnitTest>
    <UnitTest name="GetLanguageServicesForLanguage_WithEnglish_ReturnsLanguageServicesForEnglish" storage="c:\users\ericcarlson\documents\github\pickles\src\pickles.test\bin\debug\net6.0\picklesdoc.pickles.test.dll" id="ab19ff46-498b-9420-1130-607f4dc077aa">
      <Execution id="09ba2f61-8dc3-4a84-94d5-ebd26300968e" />
      <TestMethod codeBase="C:\Users\ericcarlson\Documents\GitHub\pickles\src\Pickles.Test\bin\Debug\net6.0\PicklesDoc.Pickles.Test.dll" adapterTypeName="executor://nunit3testexecutor/" className="PicklesDoc.Pickles.Test.LanguageServicesRegistryTests" name="GetLanguageServicesForLanguage_WithEnglish_ReturnsLanguageServicesForEnglish" />
    </UnitTest>
    <UnitTest name="MapToKeyword_NullString_ReturnsDefaultKeyword" storage="c:\users\ericcarlson\documents\github\pickles\src\pickles.test\bin\debug\net6.0\picklesdoc.pickles.test.dll" id="bec3fbce-3667-808b-c4b9-9a5dd3375e67">
      <Execution id="6b20935e-1220-46ed-b0aa-ae7a686b87a9" />
      <TestMethod codeBase="C:\Users\ericcarlson\Documents\GitHub\pickles\src\Pickles.Test\bin\Debug\net6.0\PicklesDoc.Pickles.Test.dll" adapterTypeName="executor://nunit3testexecutor/" className="PicklesDoc.Pickles.Test.ObjectModel.MappingTestsForKeyword" name="MapToKeyword_NullString_ReturnsDefaultKeyword" />
    </UnitTest>
    <UnitTest name="Constructor_NullHtmlIndexFormatter_ThrowsArgumentNullException" storage="c:\users\ericcarlson\documents\github\pickles\src\pickles.test\bin\debug\net6.0\picklesdoc.pickles.test.dll" id="3945d961-caf9-46f1-6226-8ce537af5d08">
      <Execution id="2471e913-4a3d-470f-a41c-e7364696e289" />
      <TestMethod codeBase="C:\Users\ericcarlson\Documents\GitHub\pickles\src\Pickles.Test\bin\Debug\net6.0\PicklesDoc.Pickles.Test.dll" adapterTypeName="executor://nunit3testexecutor/" className="PicklesDoc.Pickles.Test.Formatters.HtmlContentFormatterTests" name="Constructor_NullHtmlIndexFormatter_ThrowsArgumentNullException" />
    </UnitTest>
    <UnitTest name="ThenCanResolveTheSelectedIDocumentationBuilderAsSingleton(Word,PicklesDoc.Pickles.DocumentationBuilders.Word.WordDocumentationBuilder)" storage="c:\users\ericcarlson\documents\github\pickles\src\pickles.test\bin\debug\net6.0\picklesdoc.pickles.test.dll" id="ee515d6c-2d47-b4a0-9e7c-d4b3563152a1">
      <Execution id="db3e2cc4-37ec-42fa-8d4f-755c8d3a4560" />
      <TestMethod codeBase="C:\Users\ericcarlson\Documents\GitHub\pickles\src\Pickles.Test\bin\Debug\net6.0\PicklesDoc.Pickles.Test.dll" adapterTypeName="executor://nunit3testexecutor/" className="PicklesDoc.Pickles.Test.WhenResolvingADocumentationBuilder" name="ThenCanResolveTheSelectedIDocumentationBuilderAsSingleton(Word,PicklesDoc.Pickles.DocumentationBuilders.Word.WordDocumentationBuilder)" />
    </UnitTest>
    <UnitTest name="ThenCanResolveTheSelectedIDocumentationBuilder(Excel,PicklesDoc.Pickles.DocumentationBuilders.Excel.ExcelDocumentationBuilder)" storage="c:\users\ericcarlson\documents\github\pickles\src\pickles.test\bin\debug\net6.0\picklesdoc.pickles.test.dll" id="cb1cb307-beed-417a-ac8b-f4330065e350">
      <Execution id="0b1e66f5-4e22-4835-a64f-3acee22eb00a" />
      <TestMethod codeBase="C:\Users\ericcarlson\Documents\GitHub\pickles\src\Pickles.Test\bin\Debug\net6.0\PicklesDoc.Pickles.Test.dll" adapterTypeName="executor://nunit3testexecutor/" className="PicklesDoc.Pickles.Test.WhenResolvingADocumentationBuilder" name="ThenCanResolveTheSelectedIDocumentationBuilder(Excel,PicklesDoc.Pickles.DocumentationBuilders.Excel.ExcelDocumentationBuilder)" />
    </UnitTest>
    <UnitTest name="Map_WithNullComments_ReturnsEmptyStepCommentsList" storage="c:\users\ericcarlson\documents\github\pickles\src\pickles.test\bin\debug\net6.0\picklesdoc.pickles.test.dll" id="92e03e0f-edf9-aa46-0a93-130eee73dd0c">
      <Execution id="c522777e-b790-4584-998f-a4b584e05195" />
      <TestMethod codeBase="C:\Users\ericcarlson\Documents\GitHub\pickles\src\Pickles.Test\bin\Debug\net6.0\PicklesDoc.Pickles.Test.dll" adapterTypeName="executor://nunit3testexecutor/" className="PicklesDoc.Pickles.Test.ObjectModel.Json.StepToJsonStepMapperTests" name="Map_WithNullComments_ReturnsEmptyStepCommentsList" />
    </UnitTest>
    <UnitTest name="IsRelevant_ValidFile_ReturnsTrue(&quot;image.bmp&quot;)" storage="c:\users\ericcarlson\documents\github\pickles\src\pickles.test\bin\debug\net6.0\picklesdoc.pickles.test.dll" id="c3ab92f1-9919-8262-68eb-854764e7ba38">
      <Execution id="08ac128d-a345-429d-8cae-d0813aa5f719" />
      <TestMethod codeBase="C:\Users\ericcarlson\Documents\GitHub\pickles\src\Pickles.Test\bin\Debug\net6.0\PicklesDoc.Pickles.Test.dll" adapterTypeName="executor://nunit3testexecutor/" className="PicklesDoc.Pickles.Test.DirectoryCrawlers.ImageFileDetectorTests" name="IsRelevant_ValidFile_ReturnsTrue(&quot;image.bmp&quot;)" />
    </UnitTest>
    <UnitTest name="Constructor_ValidFileSystemInfo_SetsOriginalLocationUrl" storage="c:\users\ericcarlson\documents\github\pickles\src\pickles.test\bin\debug\net6.0\picklesdoc.pickles.test.dll" id="af36d738-f453-f142-0ce1-e216fe6834e8">
      <Execution id="ca3976ca-2f77-42ad-8901-1089968d12ae" />
      <TestMethod codeBase="C:\Users\ericcarlson\Documents\GitHub\pickles\src\Pickles.Test\bin\Debug\net6.0\PicklesDoc.Pickles.Test.dll" adapterTypeName="executor://nunit3testexecutor/" className="PicklesDoc.Pickles.Test.DirectoryCrawlers.FolderDirectoryTreeNodeTests" name="Constructor_ValidFileSystemInfo_SetsOriginalLocationUrl" />
    </UnitTest>
    <UnitTest name="MapToExample_RegularExamples_ReturnsCorrectExample" storage="c:\users\ericcarlson\documents\github\pickles\src\pickles.test\bin\debug\net6.0\picklesdoc.pickles.test.dll" id="b0f8f278-b262-e750-8aa3-1ea9a3b22ed7">
      <Execution id="68c02d79-e969-477f-9343-71f034cc44d9" />
      <TestMethod codeBase="C:\Users\ericcarlson\Documents\GitHub\pickles\src\Pickles.Test\bin\Debug\net6.0\PicklesDoc.Pickles.Test.dll" adapterTypeName="executor://nunit3testexecutor/" className="PicklesDoc.Pickles.Test.ObjectModel.MapperTestsForExample" name="MapToExample_RegularExamples_ReturnsCorrectExample" />
    </UnitTest>
    <UnitTest name="Map_TableHeaderWithValues_ConvertsToJsonTableHeader" storage="c:\users\ericcarlson\documents\github\pickles\src\pickles.test\bin\debug\net6.0\picklesdoc.pickles.test.dll" id="1a925225-7345-bea6-a5d1-7fa98d2cfa7a">
      <Execution id="7a45be72-fa42-444d-95d5-c21b52cd7aba" />
      <TestMethod codeBase="C:\Users\ericcarlson\Documents\GitHub\pickles\src\Pickles.Test\bin\Debug\net6.0\PicklesDoc.Pickles.Test.dll" adapterTypeName="executor://nunit3testexecutor/" className="PicklesDoc.Pickles.Test.ObjectModel.Json.TableRowToJsonTableRowMapperTests" name="Map_TableHeaderWithValues_ConvertsToJsonTableHeader" />
    </UnitTest>
    <UnitTest name="Parse_InvalidFeatureFile_ThrowsFeatureParseExceptionWithFilename" storage="c:\users\ericcarlson\documents\github\pickles\src\pickles.test\bin\debug\net6.0\picklesdoc.pickles.test.dll" id="c4796383-dd20-0fa4-0454-b0730eb75248">
      <Execution id="ac8d5a30-82d1-41fc-a31c-659f2887b792" />
      <TestMethod codeBase="C:\Users\ericcarlson\Documents\GitHub\pickles\src\Pickles.Test\bin\Debug\net6.0\PicklesDoc.Pickles.Test.dll" adapterTypeName="executor://nunit3testexecutor/" className="PicklesDoc.Pickles.Test.FileSystemBasedFeatureParserTests" name="Parse_InvalidFeatureFile_ThrowsFeatureParseExceptionWithFilename" />
    </UnitTest>
    <UnitTest name="ThenCanResolveTheSelectedIDocumentationBuilderAsSingleton(DHtml,PicklesDoc.Pickles.DocumentationBuilders.Dhtml.DhtmlDocumentationBuilder)" storage="c:\users\ericcarlson\documents\github\pickles\src\pickles.test\bin\debug\net6.0\picklesdoc.pickles.test.dll" id="6a374012-2fd6-0cd8-6683-20b8af7e8ea0">
      <Execution id="b1a46b39-5660-4558-9c22-42e351c0e327" />
      <TestMethod codeBase="C:\Users\ericcarlson\Documents\GitHub\pickles\src\Pickles.Test\bin\Debug\net6.0\PicklesDoc.Pickles.Test.dll" adapterTypeName="executor://nunit3testexecutor/" className="PicklesDoc.Pickles.Test.WhenResolvingADocumentationBuilder" name="ThenCanResolveTheSelectedIDocumentationBuilderAsSingleton(DHtml,PicklesDoc.Pickles.DocumentationBuilders.Dhtml.DhtmlDocumentationBuilder)" />
    </UnitTest>
    <UnitTest name="FirstUlNodeShouldBeIndex" storage="c:\users\ericcarlson\documents\github\pickles\src\pickles.test\bin\debug\net6.0\picklesdoc.pickles.test.dll" id="061dd521-a1d0-0649-a878-d6361edc5bc9">
      <Execution id="b038d157-fb77-423c-bc14-1b151341470f" />
      <TestMethod codeBase="C:\Users\ericcarlson\Documents\GitHub\pickles\src\Pickles.Test\bin\Debug\net6.0\PicklesDoc.Pickles.Test.dll" adapterTypeName="executor://nunit3testexecutor/" className="PicklesDoc.Pickles.Test.Formatters.TableOfContentsShouldBeCreatedFromAFolderStructure" name="FirstUlNodeShouldBeIndex" />
    </UnitTest>
    <UnitTest name="ShouldNotBlowUpWHenParsingEmptyFolder" storage="c:\users\ericcarlson\documents\github\pickles\src\pickles.test\bin\debug\net6.0\picklesdoc.pickles.test.dll" id="4fed08b0-6faa-29af-fffd-4a7101183958">
      <Execution id="138d0a11-7ed2-41e7-925f-dc833dd01819" />
      <TestMethod codeBase="C:\Users\ericcarlson\Documents\GitHub\pickles\src\Pickles.Test\bin\Debug\net6.0\PicklesDoc.Pickles.Test.dll" adapterTypeName="executor://nunit3testexecutor/" className="PicklesDoc.Pickles.Test.Formatters.HtmlDocumentationBuilderTests" name="ShouldNotBlowUpWHenParsingEmptyFolder" />
    </UnitTest>
    <UnitTest name="MapToKeyword_KeywordIsProvidedWithBlank_ReturnsKeyword" storage="c:\users\ericcarlson\documents\github\pickles\src\pickles.test\bin\debug\net6.0\picklesdoc.pickles.test.dll" id="abc15c7b-e91f-721b-1bac-97e82836e053">
      <Execution id="ac6b49be-df3d-4efe-8ce1-b2141c75a6c7" />
      <TestMethod codeBase="C:\Users\ericcarlson\Documents\GitHub\pickles\src\Pickles.Test\bin\Debug\net6.0\PicklesDoc.Pickles.Test.dll" adapterTypeName="executor://nunit3testexecutor/" className="PicklesDoc.Pickles.Test.ObjectModel.MappingTestsForKeyword" name="MapToKeyword_KeywordIsProvidedWithBlank_ReturnsKeyword" />
    </UnitTest>
    <UnitTest name="Map_But_ReturnsBut" storage="c:\users\ericcarlson\documents\github\pickles\src\pickles.test\bin\debug\net6.0\picklesdoc.pickles.test.dll" id="6d88a6f4-e9ba-b488-7fca-3a2a8f87fcdb">
      <Execution id="4cbb6213-c575-48db-85a0-bafd3e6a53c1" />
      <TestMethod codeBase="C:\Users\ericcarlson\Documents\GitHub\pickles\src\Pickles.Test\bin\Debug\net6.0\PicklesDoc.Pickles.Test.dll" adapterTypeName="executor://nunit3testexecutor/" className="PicklesDoc.Pickles.Test.ObjectModel.Json.KeywordToJsonKeywordMapperTests" name="Map_But_ReturnsBut" />
    </UnitTest>
    <UnitTest name="Map_NoSteps_ReturnsEmtpyListOfSteps" storage="c:\users\ericcarlson\documents\github\pickles\src\pickles.test\bin\debug\net6.0\picklesdoc.pickles.test.dll" id="18b2326c-4bed-936a-779f-ca59ee086658">
      <Execution id="c8398ac5-600a-4427-b479-e5e357178642" />
      <TestMethod codeBase="C:\Users\ericcarlson\Documents\GitHub\pickles\src\Pickles.Test\bin\Debug\net6.0\PicklesDoc.Pickles.Test.dll" adapterTypeName="executor://nunit3testexecutor/" className="PicklesDoc.Pickles.Test.ObjectModel.Json.ScenarioToJsonScenarioMapperTests" name="Map_NoSteps_ReturnsEmtpyListOfSteps" />
    </UnitTest>
    <UnitTest name="ThenCanResolveTheSelectedIDocumentationBuilderAsSingleton(Json,PicklesDoc.Pickles.DocumentationBuilders.Json.JsonDocumentationBuilder)" storage="c:\users\ericcarlson\documents\github\pickles\src\pickles.test\bin\debug\net6.0\picklesdoc.pickles.test.dll" id="079afae8-e738-bf64-6da5-12a3d22bf9e1">
      <Execution id="e6242d12-95a2-4fc3-b84c-1717b0912716" />
      <TestMethod codeBase="C:\Users\ericcarlson\Documents\GitHub\pickles\src\Pickles.Test\bin\Debug\net6.0\PicklesDoc.Pickles.Test.dll" adapterTypeName="executor://nunit3testexecutor/" className="PicklesDoc.Pickles.Test.WhenResolvingADocumentationBuilder" name="ThenCanResolveTheSelectedIDocumentationBuilderAsSingleton(Json,PicklesDoc.Pickles.DocumentationBuilders.Json.JsonDocumentationBuilder)" />
    </UnitTest>
    <UnitTest name="GetDialect_WithLanguageAndCulture_ReturnsThatLanguage" storage="c:\users\ericcarlson\documents\github\pickles\src\pickles.test\bin\debug\net6.0\picklesdoc.pickles.test.dll" id="c9dc8fda-f925-817c-ef19-f9b9572b50ff">
      <Execution id="08badc59-4f04-441d-8a31-a0b42d3e97a5" />
      <TestMethod codeBase="C:\Users\ericcarlson\Documents\GitHub\pickles\src\Pickles.Test\bin\Debug\net6.0\PicklesDoc.Pickles.Test.dll" adapterTypeName="executor://nunit3testexecutor/" className="PicklesDoc.Pickles.Test.CultureAwareDialectProviderTests" name="GetDialect_WithLanguageAndCulture_ReturnsThatLanguage" />
    </UnitTest>
    <UnitTest name="MapToFeature_FeatureWithTags_ReturnsFeatureWithTags" storage="c:\users\ericcarlson\documents\github\pickles\src\pickles.test\bin\debug\net6.0\picklesdoc.pickles.test.dll" id="055dd1b0-0a2c-8108-d65a-6f6f4684a4ce">
      <Execution id="4495ea85-9157-4020-85fa-533e07e9bb84" />
      <TestMethod codeBase="C:\Users\ericcarlson\Documents\GitHub\pickles\src\Pickles.Test\bin\Debug\net6.0\PicklesDoc.Pickles.Test.dll" adapterTypeName="executor://nunit3testexecutor/" className="PicklesDoc.Pickles.Test.ObjectModel.MapperTestsForFeature" name="MapToFeature_FeatureWithTags_ReturnsFeatureWithTags" />
    </UnitTest>
    <UnitTest name="MapToFeature_FeatureWithSimpleProperties_ReturnsFeaturesWithThoseProperties" storage="c:\users\ericcarlson\documents\github\pickles\src\pickles.test\bin\debug\net6.0\picklesdoc.pickles.test.dll" id="a0490bd8-72d0-eb80-99c2-9e2dd52b73ee">
      <Execution id="aceb50b8-08a0-4985-a11e-3384057eca13" />
      <TestMethod codeBase="C:\Users\ericcarlson\Documents\GitHub\pickles\src\Pickles.Test\bin\Debug\net6.0\PicklesDoc.Pickles.Test.dll" adapterTypeName="executor://nunit3testexecutor/" className="PicklesDoc.Pickles.Test.ObjectModel.MapperTestsForFeature" name="MapToFeature_FeatureWithSimpleProperties_ReturnsFeaturesWithThoseProperties" />
    </UnitTest>
    <UnitTest name="ThenCanResolveTheSelectedIDocumentationBuilderAsSingleton(Markdown,PicklesDoc.Pickles.DocumentationBuilders.Markdown.MarkdownDocumentationBuilder)" storage="c:\users\ericcarlson\documents\github\pickles\src\pickles.test\bin\debug\net6.0\picklesdoc.pickles.test.dll" id="a83f3e46-a026-f6b2-8efd-ed8752f0f9e8">
      <Execution id="32aa72a9-487b-48ae-8b0c-3dcfb2504274" />
      <TestMethod codeBase="C:\Users\ericcarlson\Documents\GitHub\pickles\src\Pickles.Test\bin\Debug\net6.0\PicklesDoc.Pickles.Test.dll" adapterTypeName="executor://nunit3testexecutor/" className="PicklesDoc.Pickles.Test.WhenResolvingADocumentationBuilder" name="ThenCanResolveTheSelectedIDocumentationBuilderAsSingleton(Markdown,PicklesDoc.Pickles.DocumentationBuilders.Markdown.MarkdownDocumentationBuilder)" />
    </UnitTest>
    <UnitTest name="Constructor_NullHtmlFeatureFormatter_ThrowsArgumentNullException" storage="c:\users\ericcarlson\documents\github\pickles\src\pickles.test\bin\debug\net6.0\picklesdoc.pickles.test.dll" id="801681ec-6f06-528d-01cb-0c438e16a2db">
      <Execution id="7625469a-b546-451c-ae0b-ad7631aafee1" />
      <TestMethod codeBase="C:\Users\ericcarlson\Documents\GitHub\pickles\src\Pickles.Test\bin\Debug\net6.0\PicklesDoc.Pickles.Test.dll" adapterTypeName="executor://nunit3testexecutor/" className="PicklesDoc.Pickles.Test.Formatters.HtmlContentFormatterTests" name="Constructor_NullHtmlFeatureFormatter_ThrowsArgumentNullException" />
    </UnitTest>
    <UnitTest name="Then_can_crawl_all_folders_including_subfolders_for_features_successfully" storage="c:\users\ericcarlson\documents\github\pickles\src\pickles.test\bin\debug\net6.0\picklesdoc.pickles.test.dll" id="e0dd9245-0af9-4add-c5ea-a8878a46de43">
      <Execution id="648603f0-d6fe-4c70-82ad-2412c8b4a5e7" />
      <TestMethod codeBase="C:\Users\ericcarlson\Documents\GitHub\pickles\src\Pickles.Test\bin\Debug\net6.0\PicklesDoc.Pickles.Test.dll" adapterTypeName="executor://nunit3testexecutor/" className="PicklesDoc.Pickles.Test.WhenCrawlingFoldersForFeatures" name="Then_can_crawl_all_folders_including_subfolders_for_features_successfully" />
    </UnitTest>
    <UnitTest name="Merge_EmptySequence_ResultsInWasExecutedFalseAndWasSuccessfulFalse" storage="c:\users\ericcarlson\documents\github\pickles\src\pickles.test\bin\debug\net6.0\picklesdoc.pickles.test.dll" id="085184fe-e868-8379-b878-742948946639">
      <Execution id="5613fedc-c950-498e-85fa-675c034af9e0" />
      <TestMethod codeBase="C:\Users\ericcarlson\Documents\GitHub\pickles\src\Pickles.Test\bin\Debug\net6.0\PicklesDoc.Pickles.Test.dll" adapterTypeName="executor://nunit3testexecutor/" className="PicklesDoc.Pickles.Test.TestResultExtensionsTests" name="Merge_EmptySequence_ResultsInWasExecutedFalseAndWasSuccessfulFalse" />
    </UnitTest>
    <UnitTest name="Map_WithKeyword_ReturnsCorrectKeyword" storage="c:\users\ericcarlson\documents\github\pickles\src\pickles.test\bin\debug\net6.0\picklesdoc.pickles.test.dll" id="a9d18150-cea2-1f58-98af-2d8981b7023b">
      <Execution id="b0de865c-64ec-44c6-9d87-e3b021be755c" />
      <TestMethod codeBase="C:\Users\ericcarlson\Documents\GitHub\pickles\src\Pickles.Test\bin\Debug\net6.0\PicklesDoc.Pickles.Test.dll" adapterTypeName="executor://nunit3testexecutor/" className="PicklesDoc.Pickles.Test.ObjectModel.Json.StepToJsonStepMapperTests" name="Map_WithKeyword_ReturnsCorrectKeyword" />
    </UnitTest>
    <UnitTest name="ThenCanParseScenarioWithDocstringSuccessfully" storage="c:\users\ericcarlson\documents\github\pickles\src\pickles.test\bin\debug\net6.0\picklesdoc.pickles.test.dll" id="421a6e45-c786-7a38-bb88-c8e678f20118">
      <Execution id="e59fd974-1c68-46a6-89a2-27fc73ce7ed9" />
      <TestMethod codeBase="C:\Users\ericcarlson\Documents\GitHub\pickles\src\Pickles.Test\bin\Debug\net6.0\PicklesDoc.Pickles.Test.dll" adapterTypeName="executor://nunit3testexecutor/" className="PicklesDoc.Pickles.Test.WhenParsingFeatureFiles" name="ThenCanParseScenarioWithDocstringSuccessfully" />
    </UnitTest>
    <UnitTest name="ItShouldIndicateWasSuccessfulIsFalseForFailingScenario" storage="c:\users\ericcarlson\documents\github\pickles\src\pickles.test\bin\debug\net6.0\picklesdoc.pickles.test.dll" id="9896fd01-1602-19ad-40eb-c38536268da9">
      <Execution id="8efbcdaf-3c21-43bb-a427-6bf5fc176239" />
      <TestMethod codeBase="C:\Users\ericcarlson\Documents\GitHub\pickles\src\Pickles.Test\bin\Debug\net6.0\PicklesDoc.Pickles.Test.dll" adapterTypeName="executor://nunit3testexecutor/" className="PicklesDoc.Pickles.Test.Formatters.JSON.WhenCreatingAFeatureWithMetaInfoAndTestResultInMstestFormat" name="ItShouldIndicateWasSuccessfulIsFalseForFailingScenario" />
    </UnitTest>
    <UnitTest name="GetRelativeUriTo_DirectoryToChildDirectory_ReturnsRelativePath" storage="c:\users\ericcarlson\documents\github\pickles\src\pickles.test\bin\debug\net6.0\picklesdoc.pickles.test.dll" id="71626fb2-cfd5-3c05-82ee-59e28a2a2450">
      <Execution id="0bbc387f-8a6d-4e04-8510-390a840d56d7" />
      <TestMethod codeBase="C:\Users\ericcarlson\Documents\GitHub\pickles\src\Pickles.Test\bin\Debug\net6.0\PicklesDoc.Pickles.Test.dll" adapterTypeName="executor://nunit3testexecutor/" className="PicklesDoc.Pickles.Test.DirectoryCrawlers.FolderDirectoryTreeNodeTests" name="GetRelativeUriTo_DirectoryToChildDirectory_ReturnsRelativePath" />
    </UnitTest>
    <UnitTest name="ThenCanResolveTheSelectedIDocumentationBuilderAsSingleton(Excel,PicklesDoc.Pickles.DocumentationBuilders.Excel.ExcelDocumentationBuilder)" storage="c:\users\ericcarlson\documents\github\pickles\src\pickles.test\bin\debug\net6.0\picklesdoc.pickles.test.dll" id="4002bec3-2e84-8178-8fdb-096903003927">
      <Execution id="715146d6-5d04-46cf-ae9b-4cce74bb3779" />
      <TestMethod codeBase="C:\Users\ericcarlson\Documents\GitHub\pickles\src\Pickles.Test\bin\Debug\net6.0\PicklesDoc.Pickles.Test.dll" adapterTypeName="executor://nunit3testexecutor/" className="PicklesDoc.Pickles.Test.WhenResolvingADocumentationBuilder" name="ThenCanResolveTheSelectedIDocumentationBuilderAsSingleton(Excel,PicklesDoc.Pickles.DocumentationBuilders.Excel.ExcelDocumentationBuilder)" />
    </UnitTest>
    <UnitTest name="ToUriDirectoryInfo_WithoutTrailingSlash_ProducesUriWithTrailingSlash" storage="c:\users\ericcarlson\documents\github\pickles\src\pickles.test\bin\debug\net6.0\picklesdoc.pickles.test.dll" id="edbaf06d-2784-fb0b-6a51-d7a7b978a687">
      <Execution id="de91d8a6-b657-46a1-a9ef-0813eebb7e88" />
      <TestMethod codeBase="C:\Users\ericcarlson\Documents\GitHub\pickles\src\Pickles.Test\bin\Debug\net6.0\PicklesDoc.Pickles.Test.dll" adapterTypeName="executor://nunit3testexecutor/" className="PicklesDoc.Pickles.Test.Extensions.UriExtensionsTests" name="ToUriDirectoryInfo_WithoutTrailingSlash_ProducesUriWithTrailingSlash" />
    </UnitTest>
    <UnitTest name="MapToKeyWord_StringThen_ReturnsThen" storage="c:\users\ericcarlson\documents\github\pickles\src\pickles.test\bin\debug\net6.0\picklesdoc.pickles.test.dll" id="23955a31-cf35-8855-1092-98631cf687d8">
      <Execution id="3ece53ef-756c-48ff-86a0-a338f4992e71" />
      <TestMethod codeBase="C:\Users\ericcarlson\Documents\GitHub\pickles\src\Pickles.Test\bin\Debug\net6.0\PicklesDoc.Pickles.Test.dll" adapterTypeName="executor://nunit3testexecutor/" className="PicklesDoc.Pickles.Test.ObjectModel.MapperTestsForStep" name="MapToKeyWord_StringThen_ReturnsThen" />
    </UnitTest>
    <UnitTest name="MapToTableRow_NullTableRow_ReturnsNull" storage="c:\users\ericcarlson\documents\github\pickles\src\pickles.test\bin\debug\net6.0\picklesdoc.pickles.test.dll" id="efd251ba-1cdd-95f2-3fe2-824f7ed5e249">
      <Execution id="966cb942-e004-4f98-945a-b0322af5672e" />
      <TestMethod codeBase="C:\Users\ericcarlson\Documents\GitHub\pickles\src\Pickles.Test\bin\Debug\net6.0\PicklesDoc.Pickles.Test.dll" adapterTypeName="executor://nunit3testexecutor/" className="PicklesDoc.Pickles.Test.ObjectModel.MapperTestsForDataTable" name="MapToTableRow_NullTableRow_ReturnsNull" />
    </UnitTest>
    <UnitTest name="Map_Inconclusive_ReturnsExecutedFalseSuccessfulFalse" storage="c:\users\ericcarlson\documents\github\pickles\src\pickles.test\bin\debug\net6.0\picklesdoc.pickles.test.dll" id="68f64e68-24e0-ca45-5d01-93a0ed765eae">
      <Execution id="34d3632e-3794-482a-bc1d-30158ede397a" />
      <TestMethod codeBase="C:\Users\ericcarlson\Documents\GitHub\pickles\src\Pickles.Test\bin\Debug\net6.0\PicklesDoc.Pickles.Test.dll" adapterTypeName="executor://nunit3testexecutor/" className="PicklesDoc.Pickles.Test.ObjectModel.Json.TestResultToJsonTestResultMapperTests" name="Map_Inconclusive_ReturnsExecutedFalseSuccessfulFalse" />
    </UnitTest>
    <UnitTest name="Can_crawl_directory_tree_for_features_successfully" storage="c:\users\ericcarlson\documents\github\pickles\src\pickles.test\bin\debug\net6.0\picklesdoc.pickles.test.dll" id="6dac4c1c-db66-2a51-4336-9a7010a21c77">
      <Execution id="a061fb29-3f1d-414a-93b4-f612e8683d7e" />
      <TestMethod codeBase="C:\Users\ericcarlson\Documents\GitHub\pickles\src\Pickles.Test\bin\Debug\net6.0\PicklesDoc.Pickles.Test.dll" adapterTypeName="executor://nunit3testexecutor/" className="PicklesDoc.Pickles.Test.Formatters.TableOfContentsShouldBeCreatedFromAFolderStructure" name="Can_crawl_directory_tree_for_features_successfully" />
    </UnitTest>
    <UnitTest name="Map_WithTags_ReturnsTags" storage="c:\users\ericcarlson\documents\github\pickles\src\pickles.test\bin\debug\net6.0\picklesdoc.pickles.test.dll" id="842b0ea9-88ad-790a-c59e-e495e1c6e68b">
      <Execution id="02a101aa-5138-4ee7-8b43-22e287073060" />
      <TestMethod codeBase="C:\Users\ericcarlson\Documents\GitHub\pickles\src\Pickles.Test\bin\Debug\net6.0\PicklesDoc.Pickles.Test.dll" adapterTypeName="executor://nunit3testexecutor/" className="PicklesDoc.Pickles.Test.ObjectModel.Json.ScenarioToJsonScenarioMapperTests" name="Map_WithTags_ReturnsTags" />
    </UnitTest>
    <UnitTest name="TocShouldBeSetWithCorrectAttributes" storage="c:\users\ericcarlson\documents\github\pickles\src\pickles.test\bin\debug\net6.0\picklesdoc.pickles.test.dll" id="6dda5574-3208-47af-bda7-987e6b113677">
      <Execution id="5ec6700c-6ddf-4292-bc56-41a943215e79" />
      <TestMethod codeBase="C:\Users\ericcarlson\Documents\GitHub\pickles\src\Pickles.Test\bin\Debug\net6.0\PicklesDoc.Pickles.Test.dll" adapterTypeName="executor://nunit3testexecutor/" className="PicklesDoc.Pickles.Test.Formatters.TableOfContentsShouldBeCreatedFromAFolderStructure" name="TocShouldBeSetWithCorrectAttributes" />
    </UnitTest>
    <UnitTest name="ThenCanParseScenarioWithTableSuccessfully" storage="c:\users\ericcarlson\documents\github\pickles\src\pickles.test\bin\debug\net6.0\picklesdoc.pickles.test.dll" id="fdc07046-cd97-c6a1-b694-bc2939683480">
      <Execution id="2afdf9ef-4fa3-4f70-a89f-300802041aec" />
      <TestMethod codeBase="C:\Users\ericcarlson\Documents\GitHub\pickles\src\Pickles.Test\bin\Debug\net6.0\PicklesDoc.Pickles.Test.dll" adapterTypeName="executor://nunit3testexecutor/" className="PicklesDoc.Pickles.Test.WhenParsingFeatureFiles" name="ThenCanParseScenarioWithTableSuccessfully" />
    </UnitTest>
    <UnitTest name="Map_WithNullComments_ReturnsAfterLastStepCommentsList" storage="c:\users\ericcarlson\documents\github\pickles\src\pickles.test\bin\debug\net6.0\picklesdoc.pickles.test.dll" id="7c126b7b-3ee7-2707-c0f6-a67c3217c339">
      <Execution id="488615bd-1179-4f58-a544-7fbb92865641" />
      <TestMethod codeBase="C:\Users\ericcarlson\Documents\GitHub\pickles\src\Pickles.Test\bin\Debug\net6.0\PicklesDoc.Pickles.Test.dll" adapterTypeName="executor://nunit3testexecutor/" className="PicklesDoc.Pickles.Test.ObjectModel.Json.StepToJsonStepMapperTests" name="Map_WithNullComments_ReturnsAfterLastStepCommentsList" />
    </UnitTest>
    <UnitTest name="MapToLocation_NullLocation_ReturnsNull" storage="c:\users\ericcarlson\documents\github\pickles\src\pickles.test\bin\debug\net6.0\picklesdoc.pickles.test.dll" id="2d1e8734-39be-985c-1537-9f979ee40cdf">
      <Execution id="963e8234-4147-403f-a3e5-4d9cc61962d7" />
      <TestMethod codeBase="C:\Users\ericcarlson\Documents\GitHub\pickles\src\Pickles.Test\bin\Debug\net6.0\PicklesDoc.Pickles.Test.dll" adapterTypeName="executor://nunit3testexecutor/" className="PicklesDoc.Pickles.Test.ObjectModel.MapperTestsForLocation" name="MapToLocation_NullLocation_ReturnsNull" />
    </UnitTest>
    <UnitTest name="ItShouldContainResultKeysInTheJsonDocument" storage="c:\users\ericcarlson\documents\github\pickles\src\pickles.test\bin\debug\net6.0\picklesdoc.pickles.test.dll" id="f2da032d-91aa-95b3-1f3a-869ade8a89d3">
      <Execution id="d7a06e4f-48a7-448e-a66c-48c5623121b6" />
      <TestMethod codeBase="C:\Users\ericcarlson\Documents\GitHub\pickles\src\Pickles.Test\bin\Debug\net6.0\PicklesDoc.Pickles.Test.dll" adapterTypeName="executor://nunit3testexecutor/" className="PicklesDoc.Pickles.Test.Formatters.JSON.WhenCreatingAFeatureWithMetaInfoAndTestResultInMstestFormat" name="ItShouldContainResultKeysInTheJsonDocument" />
    </UnitTest>
    <UnitTest name="Create_InvalidFeatureFile_AddsEntryToReport" storage="c:\users\ericcarlson\documents\github\pickles\src\pickles.test\bin\debug\net6.0\picklesdoc.pickles.test.dll" id="75dd8bd3-eae9-4577-2955-8c8531bc3c5b">
      <Execution id="8f792759-edad-42d2-ae1d-b40407b1b96e" />
      <TestMethod codeBase="C:\Users\ericcarlson\Documents\GitHub\pickles\src\Pickles.Test\bin\Debug\net6.0\PicklesDoc.Pickles.Test.dll" adapterTypeName="executor://nunit3testexecutor/" className="PicklesDoc.Pickles.Test.FeatureNodeFactoryTests" name="Create_InvalidFeatureFile_AddsEntryToReport" />
    </UnitTest>
    <UnitTest name="IsRelevant_InvalidFile_ReturnsFalse" storage="c:\users\ericcarlson\documents\github\pickles\src\pickles.test\bin\debug\net6.0\picklesdoc.pickles.test.dll" id="9ec673de-4ee7-1c04-ca06-f2ecdbfb66c9">
      <Execution id="3b7009b0-b646-4ae7-9ad3-7fe7bf091dfa" />
      <TestMethod codeBase="C:\Users\ericcarlson\Documents\GitHub\pickles\src\Pickles.Test\bin\Debug\net6.0\PicklesDoc.Pickles.Test.dll" adapterTypeName="executor://nunit3testexecutor/" className="PicklesDoc.Pickles.Test.DirectoryCrawlers.ImageFileDetectorTests" name="IsRelevant_InvalidFile_ReturnsFalse" />
    </UnitTest>
    <UnitTest name="MapToScenarioBackground_NullBackground_ReturnsNullScenario" storage="c:\users\ericcarlson\documents\github\pickles\src\pickles.test\bin\debug\net6.0\picklesdoc.pickles.test.dll" id="e8b0726c-36bd-6c85-dd69-b7de9bafab06">
      <Execution id="5498bec8-e542-4546-bb35-6c5537984aae" />
      <TestMethod codeBase="C:\Users\ericcarlson\Documents\GitHub\pickles\src\Pickles.Test\bin\Debug\net6.0\PicklesDoc.Pickles.Test.dll" adapterTypeName="executor://nunit3testexecutor/" className="PicklesDoc.Pickles.Test.ObjectModel.MapperTestsForBackground" name="MapToScenarioBackground_NullBackground_ReturnsNullScenario" />
    </UnitTest>
    <UnitTest name="GetRelativeUriTo_DirectoryToParentDirectory_ReturnsRelativePath" storage="c:\users\ericcarlson\documents\github\pickles\src\pickles.test\bin\debug\net6.0\picklesdoc.pickles.test.dll" id="20a92ec6-b034-8a96-bf54-9fb94fce27f7">
      <Execution id="4eb52b69-b332-4dba-b61d-3a7f6130033d" />
      <TestMethod codeBase="C:\Users\ericcarlson\Documents\GitHub\pickles\src\Pickles.Test\bin\Debug\net6.0\PicklesDoc.Pickles.Test.dll" adapterTypeName="executor://nunit3testexecutor/" className="PicklesDoc.Pickles.Test.DirectoryCrawlers.FolderDirectoryTreeNodeTests" name="GetRelativeUriTo_DirectoryToParentDirectory_ReturnsRelativePath" />
    </UnitTest>
    <UnitTest name="MapToStep_StepWithWhen_ReturnStep" storage="c:\users\ericcarlson\documents\github\pickles\src\pickles.test\bin\debug\net6.0\picklesdoc.pickles.test.dll" id="ba0a5a7d-c5b5-7dd0-271b-846e5b517e29">
      <Execution id="2bc041e9-5c63-4dea-b6e3-f146bf7aa18e" />
      <TestMethod codeBase="C:\Users\ericcarlson\Documents\GitHub\pickles\src\Pickles.Test\bin\Debug\net6.0\PicklesDoc.Pickles.Test.dll" adapterTypeName="executor://nunit3testexecutor/" className="PicklesDoc.Pickles.Test.ObjectModel.MapperTestsForStep" name="MapToStep_StepWithWhen_ReturnStep" />
    </UnitTest>
    <UnitTest name="Merge_SingleItem_ReturnsThatItem" storage="c:\users\ericcarlson\documents\github\pickles\src\pickles.test\bin\debug\net6.0\picklesdoc.pickles.test.dll" id="a3410762-c366-47a2-74c7-2581a7f438bc">
      <Execution id="12fe64c4-3e90-497e-af5c-8ff9984718f9" />
      <TestMethod codeBase="C:\Users\ericcarlson\Documents\GitHub\pickles\src\Pickles.Test\bin\Debug\net6.0\PicklesDoc.Pickles.Test.dll" adapterTypeName="executor://nunit3testexecutor/" className="PicklesDoc.Pickles.Test.TestResultExtensionsTests" name="Merge_SingleItem_ReturnsThatItem" />
    </UnitTest>
    <UnitTest name="Merge_MultiplePassedOneInconclusiveResults_ShouldReturnInconclusive" storage="c:\users\ericcarlson\documents\github\pickles\src\pickles.test\bin\debug\net6.0\picklesdoc.pickles.test.dll" id="d90c12dd-95d4-2680-665c-a9724bf3407c">
      <Execution id="a4859b02-895d-4f07-8855-ec46eed13f26" />
      <TestMethod codeBase="C:\Users\ericcarlson\Documents\GitHub\pickles\src\Pickles.Test\bin\Debug\net6.0\PicklesDoc.Pickles.Test.dll" adapterTypeName="executor://nunit3testexecutor/" className="PicklesDoc.Pickles.Test.TestResultExtensionsTests" name="Merge_MultiplePassedOneInconclusiveResults_ShouldReturnInconclusive" />
    </UnitTest>
    <UnitTest name="LineThatStartsWithEscapedHash_Header3_ShouldRemoveEscapeSign" storage="c:\users\ericcarlson\documents\github\pickles\src\pickles.test\bin\debug\net6.0\picklesdoc.pickles.test.dll" id="c9d41f4b-061e-ad0e-ab6b-66d3fd7a5896">
      <Execution id="b2e2ba41-d8e6-4f44-8787-5f06085a22e1" />
      <TestMethod codeBase="C:\Users\ericcarlson\Documents\GitHub\pickles\src\Pickles.Test\bin\Debug\net6.0\PicklesDoc.Pickles.Test.dll" adapterTypeName="executor://nunit3testexecutor/" className="PicklesDoc.Pickles.Test.DescriptionProcessorTests" name="LineThatStartsWithEscapedHash_Header3_ShouldRemoveEscapeSign" />
    </UnitTest>
    <UnitTest name="Then_can_parse_and_remove_technical_tag_in_configuration_remove_technical_tag" storage="c:\users\ericcarlson\documents\github\pickles\src\pickles.test\bin\debug\net6.0\picklesdoc.pickles.test.dll" id="99a25f48-0d46-1e4c-d856-1a93a4215220">
      <Execution id="e08f2fb3-6af9-4d09-9dab-300ae81db5f2" />
      <TestMethod codeBase="C:\Users\ericcarlson\Documents\GitHub\pickles\src\Pickles.Test\bin\Debug\net6.0\PicklesDoc.Pickles.Test.dll" adapterTypeName="executor://nunit3testexecutor/" className="PicklesDoc.Pickles.Test.WhenParsingFeatureFiles" name="Then_can_parse_and_remove_technical_tag_in_configuration_remove_technical_tag" />
    </UnitTest>
    <UnitTest name="MapToFeature_FeatureWithComments_ReturnsFeatureWithComments" storage="c:\users\ericcarlson\documents\github\pickles\src\pickles.test\bin\debug\net6.0\picklesdoc.pickles.test.dll" id="43552591-3b54-90fc-42f1-6f682043a4e0">
      <Execution id="6dd11036-bb61-4005-baee-0706e391fb2c" />
      <TestMethod codeBase="C:\Users\ericcarlson\Documents\GitHub\pickles\src\Pickles.Test\bin\Debug\net6.0\PicklesDoc.Pickles.Test.dll" adapterTypeName="executor://nunit3testexecutor/" className="PicklesDoc.Pickles.Test.ObjectModel.MapperTestsForFeature" name="MapToFeature_FeatureWithComments_ReturnsFeatureWithComments" />
    </UnitTest>
    <UnitTest name="TableOfContent_Must_Contain_Link_To_Home" storage="c:\users\ericcarlson\documents\github\pickles\src\pickles.test\bin\debug\net6.0\picklesdoc.pickles.test.dll" id="7355de11-ecb9-78c1-e9a7-a6ad6863c717">
      <Execution id="9c098533-8556-469d-9c21-323052c2f593" />
      <TestMethod codeBase="C:\Users\ericcarlson\Documents\GitHub\pickles\src\Pickles.Test\bin\Debug\net6.0\PicklesDoc.Pickles.Test.dll" adapterTypeName="executor://nunit3testexecutor/" className="PicklesDoc.Pickles.Test.Formatters.TableOfContentsShouldBeCreatedFromAFolderStructure" name="TableOfContent_Must_Contain_Link_To_Home" />
    </UnitTest>
    <UnitTest name="Then_can_parse_and_ignore_scenario_with_tag_in_configuration_ignore_tag_and_do_not_keep_feature" storage="c:\users\ericcarlson\documents\github\pickles\src\pickles.test\bin\debug\net6.0\picklesdoc.pickles.test.dll" id="5e5b21c4-f8f1-3d2f-7050-4379c0fa7d2f">
      <Execution id="276e7c72-dc15-4d22-9ef0-b06366e91349" />
      <TestMethod codeBase="C:\Users\ericcarlson\Documents\GitHub\pickles\src\Pickles.Test\bin\Debug\net6.0\PicklesDoc.Pickles.Test.dll" adapterTypeName="executor://nunit3testexecutor/" className="PicklesDoc.Pickles.Test.WhenParsingFeatureFiles" name="Then_can_parse_and_ignore_scenario_with_tag_in_configuration_ignore_tag_and_do_not_keep_feature" />
    </UnitTest>
    <UnitTest name="Merge_NullReference_ThrowsArgumentNullException" storage="c:\users\ericcarlson\documents\github\pickles\src\pickles.test\bin\debug\net6.0\picklesdoc.pickles.test.dll" id="c64ab3fd-a5a1-5878-7c1a-1e8a8afbf3b9">
      <Execution id="a6569c51-e5cb-4fbb-b992-9b047e85629d" />
      <TestMethod codeBase="C:\Users\ericcarlson\Documents\GitHub\pickles\src\Pickles.Test\bin\Debug\net6.0\PicklesDoc.Pickles.Test.dll" adapterTypeName="executor://nunit3testexecutor/" className="PicklesDoc.Pickles.Test.TestResultExtensionsTests" name="Merge_NullReference_ThrowsArgumentNullException" />
    </UnitTest>
    <UnitTest name="GetEncoding_Default_ReturnsUTF8" storage="c:\users\ericcarlson\documents\github\pickles\src\pickles.test\bin\debug\net6.0\picklesdoc.pickles.test.dll" id="42ebbc3e-9cb4-7b29-f224-f1d9cba21bf9">
      <Execution id="b5d59e3d-bbf5-48a3-bc3d-a290ad2c0285" />
      <TestMethod codeBase="C:\Users\ericcarlson\Documents\GitHub\pickles\src\Pickles.Test\bin\Debug\net6.0\PicklesDoc.Pickles.Test.dll" adapterTypeName="executor://nunit3testexecutor/" className="PicklesDoc.Pickles.Test.EncodingDetectorTests" name="GetEncoding_Default_ReturnsUTF8" />
    </UnitTest>
    <UnitTest name="GetEncoding_UTF16BEBOM_ReturnsUnicode" storage="c:\users\ericcarlson\documents\github\pickles\src\pickles.test\bin\debug\net6.0\picklesdoc.pickles.test.dll" id="d18e2342-ed93-20fc-1486-ab5d0965097b">
      <Execution id="406909dd-f187-42de-8ab9-9a373af46239" />
      <TestMethod codeBase="C:\Users\ericcarlson\Documents\GitHub\pickles\src\Pickles.Test\bin\Debug\net6.0\PicklesDoc.Pickles.Test.dll" adapterTypeName="executor://nunit3testexecutor/" className="PicklesDoc.Pickles.Test.EncodingDetectorTests" name="GetEncoding_UTF16BEBOM_ReturnsUnicode" />
    </UnitTest>
    <UnitTest name="GetDialect_WithSimpleLanguage_ReturnsThatLanguage" storage="c:\users\ericcarlson\documents\github\pickles\src\pickles.test\bin\debug\net6.0\picklesdoc.pickles.test.dll" id="a97fbf30-a467-d383-085d-3cbf7f26c69d">
      <Execution id="7761c5bb-d798-4197-bcb1-28deaedb8e4b" />
      <TestMethod codeBase="C:\Users\ericcarlson\Documents\GitHub\pickles\src\Pickles.Test\bin\Debug\net6.0\PicklesDoc.Pickles.Test.dll" adapterTypeName="executor://nunit3testexecutor/" className="PicklesDoc.Pickles.Test.CultureAwareDialectProviderTests" name="GetDialect_WithSimpleLanguage_ReturnsThatLanguage" />
    </UnitTest>
    <UnitTest name="MapToScenarioOutline_ScenarioOutlineWithNullDescription_ReturnsScenarioOutlineWithEmptyDescription" storage="c:\users\ericcarlson\documents\github\pickles\src\pickles.test\bin\debug\net6.0\picklesdoc.pickles.test.dll" id="4ff43338-8721-dbba-445e-878079003ddc">
      <Execution id="38de1994-4230-4bc5-b7a9-a1b36f2170f0" />
      <TestMethod codeBase="C:\Users\ericcarlson\Documents\GitHub\pickles\src\Pickles.Test\bin\Debug\net6.0\PicklesDoc.Pickles.Test.dll" adapterTypeName="executor://nunit3testexecutor/" className="PicklesDoc.Pickles.Test.ObjectModel.MapperTestsForScenarioOutline" name="MapToScenarioOutline_ScenarioOutlineWithNullDescription_ReturnsScenarioOutlineWithEmptyDescription" />
    </UnitTest>
    <UnitTest name="Map_TableRowWithTestResultsWithRows_ReturnsObjectWithStrings" storage="c:\users\ericcarlson\documents\github\pickles\src\pickles.test\bin\debug\net6.0\picklesdoc.pickles.test.dll" id="cea95d72-0e0c-6c38-dd31-2635e4fc12d8">
      <Execution id="e7d0d552-822c-4591-b9d0-6c93318849da" />
      <TestMethod codeBase="C:\Users\ericcarlson\Documents\GitHub\pickles\src\Pickles.Test\bin\Debug\net6.0\PicklesDoc.Pickles.Test.dll" adapterTypeName="executor://nunit3testexecutor/" className="PicklesDoc.Pickles.Test.ObjectModel.Json.TableRowToJsonTableRowMapperTests" name="Map_TableRowWithTestResultsWithRows_ReturnsObjectWithStrings" />
    </UnitTest>
    <UnitTest name="MapToStringTableCell_NullTableCell_ReturnsNull" storage="c:\users\ericcarlson\documents\github\pickles\src\pickles.test\bin\debug\net6.0\picklesdoc.pickles.test.dll" id="d8574c62-7f64-edaf-9bb3-a57031c9c43d">
      <Execution id="9b3c7ac2-df26-4039-b198-d048b6c6857f" />
      <TestMethod codeBase="C:\Users\ericcarlson\Documents\GitHub\pickles\src\Pickles.Test\bin\Debug\net6.0\PicklesDoc.Pickles.Test.dll" adapterTypeName="executor://nunit3testexecutor/" className="PicklesDoc.Pickles.Test.ObjectModel.MapperTestsForDataTable" name="MapToStringTableCell_NullTableCell_ReturnsNull" />
    </UnitTest>
    <UnitTest name="ThenCanResolveTheSelectedIDocumentationBuilder(DHtml,PicklesDoc.Pickles.DocumentationBuilders.Dhtml.DhtmlDocumentationBuilder)" storage="c:\users\ericcarlson\documents\github\pickles\src\pickles.test\bin\debug\net6.0\picklesdoc.pickles.test.dll" id="91378188-0153-6848-6e24-0c45539dcf6d">
      <Execution id="5595b000-5687-4afe-841b-ee30e2de0327" />
      <TestMethod codeBase="C:\Users\ericcarlson\Documents\GitHub\pickles\src\Pickles.Test\bin\Debug\net6.0\PicklesDoc.Pickles.Test.dll" adapterTypeName="executor://nunit3testexecutor/" className="PicklesDoc.Pickles.Test.WhenResolvingADocumentationBuilder" name="ThenCanResolveTheSelectedIDocumentationBuilder(DHtml,PicklesDoc.Pickles.DocumentationBuilders.Dhtml.DhtmlDocumentationBuilder)" />
    </UnitTest>
    <UnitTest name="ThenCanFormatTextAsWikiWordSuccessfully" storage="c:\users\ericcarlson\documents\github\pickles\src\pickles.test\bin\debug\net6.0\picklesdoc.pickles.test.dll" id="c2fae702-1219-a5ae-f1ea-5e55a1f23bf4">
      <Execution id="04bc8858-9d35-4f35-b56c-c26c7a3f8ec7" />
      <TestMethod codeBase="C:\Users\ericcarlson\Documents\GitHub\pickles\src\Pickles.Test\bin\Debug\net6.0\PicklesDoc.Pickles.Test.dll" adapterTypeName="executor://nunit3testexecutor/" className="PicklesDoc.Pickles.Test.Extensions.StringExtensionsTests" name="ThenCanFormatTextAsWikiWordSuccessfully" />
    </UnitTest>
    <UnitTest name="Constructor_WithLanguageServicesRegistryThatDefaultsToDutch_SetsLangugageToDutch" storage="c:\users\ericcarlson\documents\github\pickles\src\pickles.test\bin\debug\net6.0\picklesdoc.pickles.test.dll" id="cfc02a44-6328-e237-93b8-8ccd4232e507">
      <Execution id="3ff8d7d7-66c8-4cca-906b-660afba7c973" />
      <TestMethod codeBase="C:\Users\ericcarlson\Documents\GitHub\pickles\src\Pickles.Test\bin\Debug\net6.0\PicklesDoc.Pickles.Test.dll" adapterTypeName="executor://nunit3testexecutor/" className="PicklesDoc.Pickles.Test.ConfigurationTests" name="Constructor_WithLanguageServicesRegistryThatDefaultsToDutch_SetsLangugageToDutch" />
    </UnitTest>
    <UnitTest name="MapToScenario_Always_MapsFeatureProperty" storage="c:\users\ericcarlson\documents\github\pickles\src\pickles.test\bin\debug\net6.0\picklesdoc.pickles.test.dll" id="c39cdb82-dd1e-353a-b6fd-bd61b49d028c">
      <Execution id="f026d030-012a-4b4f-ba85-8e8631d93ac9" />
      <TestMethod codeBase="C:\Users\ericcarlson\Documents\GitHub\pickles\src\Pickles.Test\bin\Debug\net6.0\PicklesDoc.Pickles.Test.dll" adapterTypeName="executor://nunit3testexecutor/" className="PicklesDoc.Pickles.Test.ObjectModel.Json.JsonScenarioTests" name="MapToScenario_Always_MapsFeatureProperty" />
    </UnitTest>
    <UnitTest name="Map_When_ReturnsWhen" storage="c:\users\ericcarlson\documents\github\pickles\src\pickles.test\bin\debug\net6.0\picklesdoc.pickles.test.dll" id="f1eb8b6a-9375-3801-5631-df4597432bd1">
      <Execution id="580d20af-16ac-49a2-9aed-973d3fe4952f" />
      <TestMethod codeBase="C:\Users\ericcarlson\Documents\GitHub\pickles\src\Pickles.Test\bin\Debug\net6.0\PicklesDoc.Pickles.Test.dll" adapterTypeName="executor://nunit3testexecutor/" className="PicklesDoc.Pickles.Test.ObjectModel.Json.KeywordToJsonKeywordMapperTests" name="Map_When_ReturnsWhen" />
    </UnitTest>
    <UnitTest name="MapToStep_StepWithTableArgument_ReturnStepWithTable" storage="c:\users\ericcarlson\documents\github\pickles\src\pickles.test\bin\debug\net6.0\picklesdoc.pickles.test.dll" id="77906bed-4a7d-5521-51c2-4f3d836434ba">
      <Execution id="8b94e2d1-5481-427e-8eef-b401300993fb" />
      <TestMethod codeBase="C:\Users\ericcarlson\Documents\GitHub\pickles\src\Pickles.Test\bin\Debug\net6.0\PicklesDoc.Pickles.Test.dll" adapterTypeName="executor://nunit3testexecutor/" className="PicklesDoc.Pickles.Test.ObjectModel.MapperTestsForStep" name="MapToStep_StepWithTableArgument_ReturnStepWithTable" />
    </UnitTest>
    <UnitTest name="ThenCanParseScenarioWithBackgroundSuccessfully" storage="c:\users\ericcarlson\documents\github\pickles\src\pickles.test\bin\debug\net6.0\picklesdoc.pickles.test.dll" id="10fcbc64-84e0-4168-f0c5-d1d525e9969f">
      <Execution id="ea2d7368-de67-408c-8ea5-b082707c73b8" />
      <TestMethod codeBase="C:\Users\ericcarlson\Documents\GitHub\pickles\src\Pickles.Test\bin\Debug\net6.0\PicklesDoc.Pickles.Test.dll" adapterTypeName="executor://nunit3testexecutor/" className="PicklesDoc.Pickles.Test.WhenParsingFeatureFiles" name="ThenCanParseScenarioWithBackgroundSuccessfully" />
    </UnitTest>
    <UnitTest name="LineThatStartsWithEscapedHash_Header4_ShouldRemoveEscapeSign" storage="c:\users\ericcarlson\documents\github\pickles\src\pickles.test\bin\debug\net6.0\picklesdoc.pickles.test.dll" id="fef5814c-e293-359f-3b1e-c7507dc38524">
      <Execution id="eac9570f-0648-4ddd-8e5e-f00d6ee8ff5f" />
      <TestMethod codeBase="C:\Users\ericcarlson\Documents\GitHub\pickles\src\Pickles.Test\bin\Debug\net6.0\PicklesDoc.Pickles.Test.dll" adapterTypeName="executor://nunit3testexecutor/" className="PicklesDoc.Pickles.Test.DescriptionProcessorTests" name="LineThatStartsWithEscapedHash_Header4_ShouldRemoveEscapeSign" />
    </UnitTest>
    <UnitTest name="Constructor_ValidFileSystemInfo_SetsOriginalLocation" storage="c:\users\ericcarlson\documents\github\pickles\src\pickles.test\bin\debug\net6.0\picklesdoc.pickles.test.dll" id="54bb1776-45b9-440f-39dc-4b42c206b81f">
      <Execution id="47b6c3d5-c842-4b40-bf1a-91538f3d3db9" />
      <TestMethod codeBase="C:\Users\ericcarlson\Documents\GitHub\pickles\src\Pickles.Test\bin\Debug\net6.0\PicklesDoc.Pickles.Test.dll" adapterTypeName="executor://nunit3testexecutor/" className="PicklesDoc.Pickles.Test.DirectoryCrawlers.FolderDirectoryTreeNodeTests" name="Constructor_ValidFileSystemInfo_SetsOriginalLocation" />
    </UnitTest>
    <UnitTest name="ThenCanDetectAllResourcesSuccessfully" storage="c:\users\ericcarlson\documents\github\pickles\src\pickles.test\bin\debug\net6.0\picklesdoc.pickles.test.dll" id="6d702234-c5da-512c-d19b-11f0b003c6d1">
      <Execution id="aff3b6cf-61f9-4d9d-82f2-fdaada233986" />
      <TestMethod codeBase="C:\Users\ericcarlson\Documents\GitHub\pickles\src\Pickles.Test\bin\Debug\net6.0\PicklesDoc.Pickles.Test.dll" adapterTypeName="executor://nunit3testexecutor/" className="PicklesDoc.Pickles.Test.WhenWorkingWithHtmlResources" name="ThenCanDetectAllResourcesSuccessfully" />
    </UnitTest>
    <UnitTest name="MapToScenarioOutline_Always_MapsFeatureProperty" storage="c:\users\ericcarlson\documents\github\pickles\src\pickles.test\bin\debug\net6.0\picklesdoc.pickles.test.dll" id="45142e11-464c-9d21-08ec-b2dc0e449acc">
      <Execution id="5a1b9716-afcd-41ba-94c9-0cd5bd60366b" />
      <TestMethod codeBase="C:\Users\ericcarlson\Documents\GitHub\pickles\src\Pickles.Test\bin\Debug\net6.0\PicklesDoc.Pickles.Test.dll" adapterTypeName="executor://nunit3testexecutor/" className="PicklesDoc.Pickles.Test.ObjectModel.MapperTestsForScenarioOutline" name="MapToScenarioOutline_Always_MapsFeatureProperty" />
    </UnitTest>
    <UnitTest name="Process_OnlyLinesWithEmptySpaces_ReturnsAsManyEmptyLines" storage="c:\users\ericcarlson\documents\github\pickles\src\pickles.test\bin\debug\net6.0\picklesdoc.pickles.test.dll" id="475019ae-3d7f-95bf-6137-a7ac269ca177">
      <Execution id="1bdad65e-cc43-4e0b-81d2-ea6feb3dfa01" />
      <TestMethod codeBase="C:\Users\ericcarlson\Documents\GitHub\pickles\src\Pickles.Test\bin\Debug\net6.0\PicklesDoc.Pickles.Test.dll" adapterTypeName="executor://nunit3testexecutor/" className="PicklesDoc.Pickles.Test.DescriptionProcessorTests" name="Process_OnlyLinesWithEmptySpaces_ReturnsAsManyEmptyLines" />
    </UnitTest>
    <UnitTest name="ItShouldContainTheSutInfoInTheJsonDocument" storage="c:\users\ericcarlson\documents\github\pickles\src\pickles.test\bin\debug\net6.0\picklesdoc.pickles.test.dll" id="2ecfc0bc-21d0-9225-7733-601491925d83">
      <Execution id="2788d051-3184-4d95-90dc-7b8824c7b3d4" />
      <TestMethod codeBase="C:\Users\ericcarlson\Documents\GitHub\pickles\src\Pickles.Test\bin\Debug\net6.0\PicklesDoc.Pickles.Test.dll" adapterTypeName="executor://nunit3testexecutor/" className="PicklesDoc.Pickles.Test.Formatters.JSON.WhenCreatingAFeatureWithMetaInfoAndTestResultInMstestFormat" name="ItShouldContainTheSutInfoInTheJsonDocument" />
    </UnitTest>
    <UnitTest name="ThenCanParseScenariosSuccessfully" storage="c:\users\ericcarlson\documents\github\pickles\src\pickles.test\bin\debug\net6.0\picklesdoc.pickles.test.dll" id="7d4b2fb4-4f47-e69c-8783-b5d5edc4e395">
      <Execution id="7de5e999-2004-4d88-86ef-5ff8dc3ce3c0" />
      <TestMethod codeBase="C:\Users\ericcarlson\Documents\GitHub\pickles\src\Pickles.Test\bin\Debug\net6.0\PicklesDoc.Pickles.Test.dll" adapterTypeName="executor://nunit3testexecutor/" className="PicklesDoc.Pickles.Test.WhenParsingFeatureFiles" name="ThenCanParseScenariosSuccessfully" />
    </UnitTest>
    <UnitTest name="Map_DutchFeature_SetsNativeKeywordToExamples" storage="c:\users\ericcarlson\documents\github\pickles\src\pickles.test\bin\debug\net6.0\picklesdoc.pickles.test.dll" id="01cf9393-974a-501b-772e-4a5b61f1c33b">
      <Execution id="048927c2-abeb-42ad-94a6-cf162625054a" />
      <TestMethod codeBase="C:\Users\ericcarlson\Documents\GitHub\pickles\src\Pickles.Test\bin\Debug\net6.0\PicklesDoc.Pickles.Test.dll" adapterTypeName="executor://nunit3testexecutor/" className="PicklesDoc.Pickles.Test.ObjectModel.Json.ExampleToJsonExampleMapperTests" name="Map_DutchFeature_SetsNativeKeywordToExamples" />
    </UnitTest>
    <UnitTest name="Merge_MultiplePassedResults_ShouldReturnPassed" storage="c:\users\ericcarlson\documents\github\pickles\src\pickles.test\bin\debug\net6.0\picklesdoc.pickles.test.dll" id="fc601999-9e44-2983-a7fb-26c9b68b5726">
      <Execution id="b1bf9a2c-f69d-40e6-9454-d5b64689e6c3" />
      <TestMethod codeBase="C:\Users\ericcarlson\Documents\GitHub\pickles\src\Pickles.Test\bin\Debug\net6.0\PicklesDoc.Pickles.Test.dll" adapterTypeName="executor://nunit3testexecutor/" className="PicklesDoc.Pickles.Test.TestResultExtensionsTests" name="Merge_MultiplePassedResults_ShouldReturnPassed" />
    </UnitTest>
    <UnitTest name="GetEncoding_NullArgument_ThrowsArgumentNullException" storage="c:\users\ericcarlson\documents\github\pickles\src\pickles.test\bin\debug\net6.0\picklesdoc.pickles.test.dll" id="69d56e98-4eff-4355-eeb5-6709592411a0">
      <Execution id="c3c49267-b440-4a33-b9e4-6c390f6c5464" />
      <TestMethod codeBase="C:\Users\ericcarlson\Documents\GitHub\pickles\src\Pickles.Test\bin\Debug\net6.0\PicklesDoc.Pickles.Test.dll" adapterTypeName="executor://nunit3testexecutor/" className="PicklesDoc.Pickles.Test.EncodingDetectorTests" name="GetEncoding_NullArgument_ThrowsArgumentNullException" />
    </UnitTest>
    <UnitTest name="ShouldIterateInRightOrder" storage="c:\users\ericcarlson\documents\github\pickles\src\pickles.test\bin\debug\net6.0\picklesdoc.pickles.test.dll" id="0537d0ef-2381-cd61-1563-2c44728b16d8">
      <Execution id="92470065-06cb-45af-96ac-cb5de2f7f44f" />
      <TestMethod codeBase="C:\Users\ericcarlson\Documents\GitHub\pickles\src\Pickles.Test\bin\Debug\net6.0\PicklesDoc.Pickles.Test.dll" adapterTypeName="executor://nunit3testexecutor/" className="PicklesDoc.Pickles.Test.DataStructures.TreeTests" name="ShouldIterateInRightOrder" />
    </UnitTest>
    <UnitTest name="ThenCanResolveTheSelectedIDocumentationBuilder(Markdown,PicklesDoc.Pickles.DocumentationBuilders.Markdown.MarkdownDocumentationBuilder)" storage="c:\users\ericcarlson\documents\github\pickles\src\pickles.test\bin\debug\net6.0\picklesdoc.pickles.test.dll" id="9a538a18-6713-44c0-7f91-be4011a7b21a">
      <Execution id="e321f420-1349-4475-9791-63bd34bf745d" />
      <TestMethod codeBase="C:\Users\ericcarlson\Documents\GitHub\pickles\src\Pickles.Test\bin\Debug\net6.0\PicklesDoc.Pickles.Test.dll" adapterTypeName="executor://nunit3testexecutor/" className="PicklesDoc.Pickles.Test.WhenResolvingADocumentationBuilder" name="ThenCanResolveTheSelectedIDocumentationBuilder(Markdown,PicklesDoc.Pickles.DocumentationBuilders.Markdown.MarkdownDocumentationBuilder)" />
    </UnitTest>
    <UnitTest name="Map_WithAfterLastStepComments_ReturnsThoseComments" storage="c:\users\ericcarlson\documents\github\pickles\src\pickles.test\bin\debug\net6.0\picklesdoc.pickles.test.dll" id="b85c644b-8489-cbb9-6e06-ef4de46141c2">
      <Execution id="7f0c2b0d-a80e-46d9-9ba1-d9ea39a0d3f7" />
      <TestMethod codeBase="C:\Users\ericcarlson\Documents\GitHub\pickles\src\Pickles.Test\bin\Debug\net6.0\PicklesDoc.Pickles.Test.dll" adapterTypeName="executor://nunit3testexecutor/" className="PicklesDoc.Pickles.Test.ObjectModel.Json.StepToJsonStepMapperTests" name="Map_WithAfterLastStepComments_ReturnsThoseComments" />
    </UnitTest>
    <UnitTest name="Map_Failed_ReturnsExecutedTrueSuccessfulFalse" storage="c:\users\ericcarlson\documents\github\pickles\src\pickles.test\bin\debug\net6.0\picklesdoc.pickles.test.dll" id="3ca12e18-ed2b-68bd-ab21-229d493594e6">
      <Execution id="e429473f-b9af-424b-9eb1-86e8cc797a6d" />
      <TestMethod codeBase="C:\Users\ericcarlson\Documents\GitHub\pickles\src\Pickles.Test\bin\Debug\net6.0\PicklesDoc.Pickles.Test.dll" adapterTypeName="executor://nunit3testexecutor/" className="PicklesDoc.Pickles.Test.ObjectModel.Json.TestResultToJsonTestResultMapperTests" name="Map_Failed_ReturnsExecutedTrueSuccessfulFalse" />
    </UnitTest>
    <UnitTest name="IsRelevant_ValidFile_ReturnsTrue(&quot;image.jpg&quot;)" storage="c:\users\ericcarlson\documents\github\pickles\src\pickles.test\bin\debug\net6.0\picklesdoc.pickles.test.dll" id="919a0def-61d6-a630-f655-9a4c320ae4c8">
      <Execution id="c52b5fd2-8e93-4b6d-8929-090e122b6dca" />
      <TestMethod codeBase="C:\Users\ericcarlson\Documents\GitHub\pickles\src\Pickles.Test\bin\Debug\net6.0\PicklesDoc.Pickles.Test.dll" adapterTypeName="executor://nunit3testexecutor/" className="PicklesDoc.Pickles.Test.DirectoryCrawlers.ImageFileDetectorTests" name="IsRelevant_ValidFile_ReturnsTrue(&quot;image.jpg&quot;)" />
    </UnitTest>
    <UnitTest name="Map_TableRowWithRows_ReturnsObjectWithStrings" storage="c:\users\ericcarlson\documents\github\pickles\src\pickles.test\bin\debug\net6.0\picklesdoc.pickles.test.dll" id="58fdf393-4dc1-4654-9f01-3990fd5b5cd7">
      <Execution id="1f5ac7cc-3f34-4c2d-8999-aac4c9fb349c" />
      <TestMethod codeBase="C:\Users\ericcarlson\Documents\GitHub\pickles\src\Pickles.Test\bin\Debug\net6.0\PicklesDoc.Pickles.Test.dll" adapterTypeName="executor://nunit3testexecutor/" className="PicklesDoc.Pickles.Test.ObjectModel.Json.TableRowToJsonTableRowMapperTests" name="Map_TableRowWithRows_ReturnsObjectWithStrings" />
    </UnitTest>
    <UnitTest name="Then_can_parse_and_ignore_with_with_tag_without_sensitivity" storage="c:\users\ericcarlson\documents\github\pickles\src\pickles.test\bin\debug\net6.0\picklesdoc.pickles.test.dll" id="2ab3b04b-4f0b-0b76-e6e9-98c397a4b936">
      <Execution id="e4159fc3-002c-4602-9e8f-2446039944f6" />
      <TestMethod codeBase="C:\Users\ericcarlson\Documents\GitHub\pickles\src\Pickles.Test\bin\Debug\net6.0\PicklesDoc.Pickles.Test.dll" adapterTypeName="executor://nunit3testexecutor/" className="PicklesDoc.Pickles.Test.WhenParsingFeatureFiles" name="Then_can_parse_and_ignore_with_with_tag_without_sensitivity" />
    </UnitTest>
    <UnitTest name="Map_TableRowWithResult_ReturnsObjectWithResult" storage="c:\users\ericcarlson\documents\github\pickles\src\pickles.test\bin\debug\net6.0\picklesdoc.pickles.test.dll" id="1c868ec4-ae6a-9888-5fc7-0dc13520ac66">
      <Execution id="2acdd897-caff-4aa4-8d04-c766d87b59a7" />
      <TestMethod codeBase="C:\Users\ericcarlson\Documents\GitHub\pickles\src\Pickles.Test\bin\Debug\net6.0\PicklesDoc.Pickles.Test.dll" adapterTypeName="executor://nunit3testexecutor/" className="PicklesDoc.Pickles.Test.ObjectModel.Json.TableRowToJsonTableRowMapperTests" name="Map_TableRowWithResult_ReturnsObjectWithResult" />
    </UnitTest>
    <UnitTest name="MapToTable_NullDataTable_ReturnsNullTable" storage="c:\users\ericcarlson\documents\github\pickles\src\pickles.test\bin\debug\net6.0\picklesdoc.pickles.test.dll" id="ce6a2b6c-c75a-0ab1-82b9-24f5e794be59">
      <Execution id="3a33d1ea-4d07-4915-9a6a-1d7ba1c82c08" />
      <TestMethod codeBase="C:\Users\ericcarlson\Documents\GitHub\pickles\src\Pickles.Test\bin\Debug\net6.0\PicklesDoc.Pickles.Test.dll" adapterTypeName="executor://nunit3testexecutor/" className="PicklesDoc.Pickles.Test.ObjectModel.MapperTestsForDataTable" name="MapToTable_NullDataTable_ReturnsNullTable" />
    </UnitTest>
    <UnitTest name="Specification_Scenario3" storage="c:\users\ericcarlson\documents\github\pickles\src\pickles.test\bin\debug\net6.0\picklesdoc.pickles.test.dll" id="07a9d1df-9555-65c3-26a0-2bcdd39868c6">
      <Execution id="521ac9f6-c249-44fa-882d-c5bdf6086a8e" />
      <TestMethod codeBase="C:\Users\ericcarlson\Documents\GitHub\pickles\src\Pickles.Test\bin\Debug\net6.0\PicklesDoc.Pickles.Test.dll" adapterTypeName="executor://nunit3testexecutor/" className="PicklesDoc.Pickles.Test.DescriptionProcessorTests" name="Specification_Scenario3" />
    </UnitTest>
    <UnitTest name="MapToFeature_NullFeature_ReturnsNull" storage="c:\users\ericcarlson\documents\github\pickles\src\pickles.test\bin\debug\net6.0\picklesdoc.pickles.test.dll" id="4a3558be-633c-b5e1-e65c-31f677abdb6a">
      <Execution id="c4a5549b-04c2-44c3-a25d-7e1fad4d4dc4" />
      <TestMethod codeBase="C:\Users\ericcarlson\Documents\GitHub\pickles\src\Pickles.Test\bin\Debug\net6.0\PicklesDoc.Pickles.Test.dll" adapterTypeName="executor://nunit3testexecutor/" className="PicklesDoc.Pickles.Test.ObjectModel.MapperTestsForFeature" name="MapToFeature_NullFeature_ReturnsNull" />
    </UnitTest>
    <UnitTest name="Map_WithName_ReturnsName" storage="c:\users\ericcarlson\documents\github\pickles\src\pickles.test\bin\debug\net6.0\picklesdoc.pickles.test.dll" id="ecfa8010-b0ed-0c28-6fc0-090d48a06e33">
      <Execution id="63206990-87b1-4052-b962-a581ffe133c1" />
      <TestMethod codeBase="C:\Users\ericcarlson\Documents\GitHub\pickles\src\Pickles.Test\bin\Debug\net6.0\PicklesDoc.Pickles.Test.dll" adapterTypeName="executor://nunit3testexecutor/" className="PicklesDoc.Pickles.Test.ObjectModel.Json.StepToJsonStepMapperTests" name="Map_WithName_ReturnsName" />
    </UnitTest>
    <UnitTest name="ItShouldIndicateWasSuccessfulIsTrueForTheOtherSuccessFeature" storage="c:\users\ericcarlson\documents\github\pickles\src\pickles.test\bin\debug\net6.0\picklesdoc.pickles.test.dll" id="f8a55f69-4bb6-f4ce-d8cb-672a9c4c9f03">
      <Execution id="f10b29d9-9efa-4afb-82fd-2381e4f2ab6c" />
      <TestMethod codeBase="C:\Users\ericcarlson\Documents\GitHub\pickles\src\Pickles.Test\bin\Debug\net6.0\PicklesDoc.Pickles.Test.dll" adapterTypeName="executor://nunit3testexecutor/" className="PicklesDoc.Pickles.Test.Formatters.JSON.WhenCreatingAFeatureWithMetaInfoAndTestResultInMstestFormat" name="ItShouldIndicateWasSuccessfulIsTrueForTheOtherSuccessFeature" />
    </UnitTest>
    <UnitTest name="ThenCanParseFeatureWithMultipleScenariosSuccessfully" storage="c:\users\ericcarlson\documents\github\pickles\src\pickles.test\bin\debug\net6.0\picklesdoc.pickles.test.dll" id="bc057af5-36ed-77fb-c2b2-4b62175a9d61">
      <Execution id="0d75d1ba-5672-4407-a41b-a6ccb7e5db7a" />
      <TestMethod codeBase="C:\Users\ericcarlson\Documents\GitHub\pickles\src\Pickles.Test\bin\Debug\net6.0\PicklesDoc.Pickles.Test.dll" adapterTypeName="executor://nunit3testexecutor/" className="PicklesDoc.Pickles.Test.WhenParsingFeatureFiles" name="ThenCanParseFeatureWithMultipleScenariosSuccessfully" />
    </UnitTest>
    <UnitTest name="Parse_InvalidFeatureContent_ThrowsFeatureParseException" storage="c:\users\ericcarlson\documents\github\pickles\src\pickles.test\bin\debug\net6.0\picklesdoc.pickles.test.dll" id="a4fe69d7-576a-c1e6-1303-8a61499629eb">
      <Execution id="35361194-8b37-4872-b0c5-a1b611066a73" />
      <TestMethod codeBase="C:\Users\ericcarlson\Documents\GitHub\pickles\src\Pickles.Test\bin\Debug\net6.0\PicklesDoc.Pickles.Test.dll" adapterTypeName="executor://nunit3testexecutor/" className="PicklesDoc.Pickles.Test.FeatureParserTests" name="Parse_InvalidFeatureContent_ThrowsFeatureParseException" />
    </UnitTest>
    <UnitTest name="ToFileUriCombined_ValidIntput_ValidOutput" storage="c:\users\ericcarlson\documents\github\pickles\src\pickles.test\bin\debug\net6.0\picklesdoc.pickles.test.dll" id="22e52513-2df6-8c27-3e3b-511650413f71">
      <Execution id="035a8c3e-12ed-47e0-a4f4-f9b101834e5b" />
      <TestMethod codeBase="C:\Users\ericcarlson\Documents\GitHub\pickles\src\Pickles.Test\bin\Debug\net6.0\PicklesDoc.Pickles.Test.dll" adapterTypeName="executor://nunit3testexecutor/" className="PicklesDoc.Pickles.Test.Extensions.UriExtensionsTests" name="ToFileUriCombined_ValidIntput_ValidOutput" />
    </UnitTest>
    <UnitTest name="MapToStringDocString_NullArgument_ReturnsNull" storage="c:\users\ericcarlson\documents\github\pickles\src\pickles.test\bin\debug\net6.0\picklesdoc.pickles.test.dll" id="bfdbb567-bae3-a47b-dea2-4065a10042f7">
      <Execution id="be826de3-2261-4bb0-9d77-19b2eddf2e84" />
      <TestMethod codeBase="C:\Users\ericcarlson\Documents\GitHub\pickles\src\Pickles.Test\bin\Debug\net6.0\PicklesDoc.Pickles.Test.dll" adapterTypeName="executor://nunit3testexecutor/" className="PicklesDoc.Pickles.Test.ObjectModel.MapperTestsForDocString" name="MapToStringDocString_NullArgument_ReturnsNull" />
    </UnitTest>
    <UnitTest name="ThenCanFormatTextWithAcronymAndNumberAsWikiWordSuccessfully" storage="c:\users\ericcarlson\documents\github\pickles\src\pickles.test\bin\debug\net6.0\picklesdoc.pickles.test.dll" id="7bb5e631-9147-0063-5795-e8fe0b38a046">
      <Execution id="67df8373-0b11-45d2-a462-ad585698d2df" />
      <TestMethod codeBase="C:\Users\ericcarlson\Documents\GitHub\pickles\src\Pickles.Test\bin\Debug\net6.0\PicklesDoc.Pickles.Test.dll" adapterTypeName="executor://nunit3testexecutor/" className="PicklesDoc.Pickles.Test.Extensions.StringExtensionsTests" name="ThenCanFormatTextWithAcronymAndNumberAsWikiWordSuccessfully" />
    </UnitTest>
    <UnitTest name="Map_TableWithNullDataRow_ReturnsJsonTableWithEmptyDataRows" storage="c:\users\ericcarlson\documents\github\pickles\src\pickles.test\bin\debug\net6.0\picklesdoc.pickles.test.dll" id="7dfff11c-46c3-c506-4197-5a652064eb50">
      <Execution id="d23d720d-86cc-48a8-ad8f-4c00643bce03" />
      <TestMethod codeBase="C:\Users\ericcarlson\Documents\GitHub\pickles\src\Pickles.Test\bin\Debug\net6.0\PicklesDoc.Pickles.Test.dll" adapterTypeName="executor://nunit3testexecutor/" className="PicklesDoc.Pickles.Test.ObjectModel.Json.TableToJsonTableMapperTests" name="Map_TableWithNullDataRow_ReturnsJsonTableWithEmptyDataRows" />
    </UnitTest>
    <UnitTest name="MapToLocation_RegularLocation_ReturnsLocation" storage="c:\users\ericcarlson\documents\github\pickles\src\pickles.test\bin\debug\net6.0\picklesdoc.pickles.test.dll" id="e9d634e6-2f2a-133f-399f-5277298a79de">
      <Execution id="e8e9b984-773a-4413-9d9e-1ba46299ea7d" />
      <TestMethod codeBase="C:\Users\ericcarlson\Documents\GitHub\pickles\src\Pickles.Test\bin\Debug\net6.0\PicklesDoc.Pickles.Test.dll" adapterTypeName="executor://nunit3testexecutor/" className="PicklesDoc.Pickles.Test.ObjectModel.MapperTestsForLocation" name="MapToLocation_RegularLocation_ReturnsLocation" />
    </UnitTest>
    <UnitTest name="Process_NullInput_ReturnsEmptyString" storage="c:\users\ericcarlson\documents\github\pickles\src\pickles.test\bin\debug\net6.0\picklesdoc.pickles.test.dll" id="e1aea241-43f3-513e-2ce9-d6146ae98a5b">
      <Execution id="e0989ecd-436f-441c-a635-7abf6a005910" />
      <TestMethod codeBase="C:\Users\ericcarlson\Documents\GitHub\pickles\src\Pickles.Test\bin\Debug\net6.0\PicklesDoc.Pickles.Test.dll" adapterTypeName="executor://nunit3testexecutor/" className="PicklesDoc.Pickles.Test.DescriptionProcessorTests" name="Process_NullInput_ReturnsEmptyString" />
    </UnitTest>
    <UnitTest name="Map_TableWithDataRows_ReturnsJsonTableWithDataRows" storage="c:\users\ericcarlson\documents\github\pickles\src\pickles.test\bin\debug\net6.0\picklesdoc.pickles.test.dll" id="2ff69b2c-15f7-7252-063e-2d4877f45ec0">
      <Execution id="eed6edc5-908b-4705-8cf7-298af6e56231" />
      <TestMethod codeBase="C:\Users\ericcarlson\Documents\GitHub\pickles\src\Pickles.Test\bin\Debug\net6.0\PicklesDoc.Pickles.Test.dll" adapterTypeName="executor://nunit3testexecutor/" className="PicklesDoc.Pickles.Test.ObjectModel.Json.TableToJsonTableMapperTests" name="Map_TableWithDataRows_ReturnsJsonTableWithDataRows" />
    </UnitTest>
    <UnitTest name="GetLanguageServicesForLanguage_WithNullLanguage_ReturnsLanguageServicesForEnglish" storage="c:\users\ericcarlson\documents\github\pickles\src\pickles.test\bin\debug\net6.0\picklesdoc.pickles.test.dll" id="2497e506-3dc8-5ae6-a611-63bce47ee455">
      <Execution id="5afe5209-86e5-46b7-bee6-91e08465ab3c" />
      <TestMethod codeBase="C:\Users\ericcarlson\Documents\GitHub\pickles\src\Pickles.Test\bin\Debug\net6.0\PicklesDoc.Pickles.Test.dll" adapterTypeName="executor://nunit3testexecutor/" className="PicklesDoc.Pickles.Test.LanguageServicesRegistryTests" name="GetLanguageServicesForLanguage_WithNullLanguage_ReturnsLanguageServicesForEnglish" />
    </UnitTest>
    <UnitTest name="MapToStep_StepWithoutArgument_ReturnStep" storage="c:\users\ericcarlson\documents\github\pickles\src\pickles.test\bin\debug\net6.0\picklesdoc.pickles.test.dll" id="42016bf3-754c-eff4-cfc4-18801838538f">
      <Execution id="45759d6f-abbd-4bda-b6fd-e87bd4473a92" />
      <TestMethod codeBase="C:\Users\ericcarlson\Documents\GitHub\pickles\src\Pickles.Test\bin\Debug\net6.0\PicklesDoc.Pickles.Test.dll" adapterTypeName="executor://nunit3testexecutor/" className="PicklesDoc.Pickles.Test.ObjectModel.MapperTestsForStep" name="MapToStep_StepWithoutArgument_ReturnStep" />
    </UnitTest>
    <UnitTest name="MapToKeyword_AndInSwedish_ReturnsAnd" storage="c:\users\ericcarlson\documents\github\pickles\src\pickles.test\bin\debug\net6.0\picklesdoc.pickles.test.dll" id="f1ed17de-9249-363e-707b-4aac0d4a7566">
      <Execution id="4410b331-7a5d-487d-ba40-96b1a122191b" />
      <TestMethod codeBase="C:\Users\ericcarlson\Documents\GitHub\pickles\src\Pickles.Test\bin\Debug\net6.0\PicklesDoc.Pickles.Test.dll" adapterTypeName="executor://nunit3testexecutor/" className="PicklesDoc.Pickles.Test.ObjectModel.MappingTestsForKeyword" name="MapToKeyword_AndInSwedish_ReturnsAnd" />
    </UnitTest>
    <UnitTest name="MapToStringTag_NullTag_ReturnsNull" storage="c:\users\ericcarlson\documents\github\pickles\src\pickles.test\bin\debug\net6.0\picklesdoc.pickles.test.dll" id="98e469bb-9f52-5e59-ff5e-c657d094c2bb">
      <Execution id="f2f2fc21-60e2-40bc-a881-f7a88caa3002" />
      <TestMethod codeBase="C:\Users\ericcarlson\Documents\GitHub\pickles\src\Pickles.Test\bin\Debug\net6.0\PicklesDoc.Pickles.Test.dll" adapterTypeName="executor://nunit3testexecutor/" className="PicklesDoc.Pickles.Test.ObjectModel.MapperTestsForTag" name="MapToStringTag_NullTag_ReturnsNull" />
    </UnitTest>
    <UnitTest name="GetRelativeUriTo_FileToFile_ReturnsNodesFileName" storage="c:\users\ericcarlson\documents\github\pickles\src\pickles.test\bin\debug\net6.0\picklesdoc.pickles.test.dll" id="22b55a68-c311-5ac6-5932-e95e99f46701">
      <Execution id="d038f624-6fdb-486f-bc4b-52368b39e341" />
      <TestMethod codeBase="C:\Users\ericcarlson\Documents\GitHub\pickles\src\Pickles.Test\bin\Debug\net6.0\PicklesDoc.Pickles.Test.dll" adapterTypeName="executor://nunit3testexecutor/" className="PicklesDoc.Pickles.Test.DirectoryCrawlers.FolderDirectoryTreeNodeTests" name="GetRelativeUriTo_FileToFile_ReturnsNodesFileName" />
    </UnitTest>
    <UnitTest name="Map_FeatureWithBogusFeatureElement_ShouldThrowArgumentException" storage="c:\users\ericcarlson\documents\github\pickles\src\pickles.test\bin\debug\net6.0\picklesdoc.pickles.test.dll" id="ba5db6d3-9616-c3db-94c8-bbae1d87d95f">
      <Execution id="29320c9f-1f11-482e-ac06-b8f5e8838a0b" />
      <TestMethod codeBase="C:\Users\ericcarlson\Documents\GitHub\pickles\src\Pickles.Test\bin\Debug\net6.0\PicklesDoc.Pickles.Test.dll" adapterTypeName="executor://nunit3testexecutor/" className="PicklesDoc.Pickles.Test.ObjectModel.Json.FeatureToJsonFeatureMapperTests" name="Map_FeatureWithBogusFeatureElement_ShouldThrowArgumentException" />
    </UnitTest>
    <UnitTest name="MapToStep_StepWithLocation_ReturnStepWithLocation" storage="c:\users\ericcarlson\documents\github\pickles\src\pickles.test\bin\debug\net6.0\picklesdoc.pickles.test.dll" id="8886bee6-e2cf-0623-d741-e916013e519a">
      <Execution id="9e439342-6a53-4369-b1da-d9544a02e0c2" />
      <TestMethod codeBase="C:\Users\ericcarlson\Documents\GitHub\pickles\src\Pickles.Test\bin\Debug\net6.0\PicklesDoc.Pickles.Test.dll" adapterTypeName="executor://nunit3testexecutor/" className="PicklesDoc.Pickles.Test.ObjectModel.MapperTestsForStep" name="MapToStep_StepWithLocation_ReturnStepWithLocation" />
    </UnitTest>
    <UnitTest name="ToFolderUriString_WithTrailingSlash_ValidOutput" storage="c:\users\ericcarlson\documents\github\pickles\src\pickles.test\bin\debug\net6.0\picklesdoc.pickles.test.dll" id="40f30388-f8c4-beae-03f2-092496540fd0">
      <Execution id="5229f1e8-05f5-4294-86b6-019fade11dcb" />
      <TestMethod codeBase="C:\Users\ericcarlson\Documents\GitHub\pickles\src\Pickles.Test\bin\Debug\net6.0\PicklesDoc.Pickles.Test.dll" adapterTypeName="executor://nunit3testexecutor/" className="PicklesDoc.Pickles.Test.Extensions.UriExtensionsTests" name="ToFolderUriString_WithTrailingSlash_ValidOutput" />
    </UnitTest>
    <UnitTest name="Map_WithTags_ReturnsTags" storage="c:\users\ericcarlson\documents\github\pickles\src\pickles.test\bin\debug\net6.0\picklesdoc.pickles.test.dll" id="ef1fded0-9368-0b89-add4-288e25a22d19">
      <Execution id="a11552a8-807c-4e6a-96b0-af491ca785fa" />
      <TestMethod codeBase="C:\Users\ericcarlson\Documents\GitHub\pickles\src\Pickles.Test\bin\Debug\net6.0\PicklesDoc.Pickles.Test.dll" adapterTypeName="executor://nunit3testexecutor/" className="PicklesDoc.Pickles.Test.ObjectModel.Json.FeatureToJsonFeatureMapperTests" name="Map_WithTags_ReturnsTags" />
    </UnitTest>
    <UnitTest name="GetEncoding_UTF32BOM_ReturnsUnicode" storage="c:\users\ericcarlson\documents\github\pickles\src\pickles.test\bin\debug\net6.0\picklesdoc.pickles.test.dll" id="3a3ca858-e141-d107-a546-9b5950e81a79">
      <Execution id="8737ea29-70b3-4088-82d0-52b2a6dad8f4" />
      <TestMethod codeBase="C:\Users\ericcarlson\Documents\GitHub\pickles\src\Pickles.Test\bin\Debug\net6.0\PicklesDoc.Pickles.Test.dll" adapterTypeName="executor://nunit3testexecutor/" className="PicklesDoc.Pickles.Test.EncodingDetectorTests" name="GetEncoding_UTF32BOM_ReturnsUnicode" />
    </UnitTest>
    <UnitTest name="MapToComment_RegularComment_ReturnsComment" storage="c:\users\ericcarlson\documents\github\pickles\src\pickles.test\bin\debug\net6.0\picklesdoc.pickles.test.dll" id="285bb885-df8b-e1fa-0501-85b2d2ed57d2">
      <Execution id="fd68655f-d002-4632-9acd-c6479fc35b05" />
      <TestMethod codeBase="C:\Users\ericcarlson\Documents\GitHub\pickles\src\Pickles.Test\bin\Debug\net6.0\PicklesDoc.Pickles.Test.dll" adapterTypeName="executor://nunit3testexecutor/" className="PicklesDoc.Pickles.Test.ObjectModel.MapperTestsForComment" name="MapToComment_RegularComment_ReturnsComment" />
    </UnitTest>
    <UnitTest name="Map_WithoutBackground_ReturnsNullBackground" storage="c:\users\ericcarlson\documents\github\pickles\src\pickles.test\bin\debug\net6.0\picklesdoc.pickles.test.dll" id="d47a0e94-b401-7304-363c-d66f5512b23c">
      <Execution id="3f962c69-d4b9-4e91-a933-8f986ae06f72" />
      <TestMethod codeBase="C:\Users\ericcarlson\Documents\GitHub\pickles\src\Pickles.Test\bin\Debug\net6.0\PicklesDoc.Pickles.Test.dll" adapterTypeName="executor://nunit3testexecutor/" className="PicklesDoc.Pickles.Test.ObjectModel.Json.FeatureToJsonFeatureMapperTests" name="Map_WithoutBackground_ReturnsNullBackground" />
    </UnitTest>
    <UnitTest name="Iterator_NodeWithNullName_ShouldNotThrowException" storage="c:\users\ericcarlson\documents\github\pickles\src\pickles.test\bin\debug\net6.0\picklesdoc.pickles.test.dll" id="5722e0ae-ca74-4e51-7bf5-080a8bfd63bc">
      <Execution id="6fb11383-e577-49bc-8d09-88093e60f275" />
      <TestMethod codeBase="C:\Users\ericcarlson\Documents\GitHub\pickles\src\Pickles.Test\bin\Debug\net6.0\PicklesDoc.Pickles.Test.dll" adapterTypeName="executor://nunit3testexecutor/" className="PicklesDoc.Pickles.Test.DataStructures.TreeTests" name="Iterator_NodeWithNullName_ShouldNotThrowException" />
    </UnitTest>
    <UnitTest name="ThenCanResolveTheSelectedIDocumentationBuilder(Json,PicklesDoc.Pickles.DocumentationBuilders.Json.JsonDocumentationBuilder)" storage="c:\users\ericcarlson\documents\github\pickles\src\pickles.test\bin\debug\net6.0\picklesdoc.pickles.test.dll" id="e8565e90-2492-6ea1-7c7e-a2f7e9a1f360">
      <Execution id="b1daab8a-c714-4371-83b1-7b9c14db9b04" />
      <TestMethod codeBase="C:\Users\ericcarlson\Documents\GitHub\pickles\src\Pickles.Test\bin\Debug\net6.0\PicklesDoc.Pickles.Test.dll" adapterTypeName="executor://nunit3testexecutor/" className="PicklesDoc.Pickles.Test.WhenResolvingADocumentationBuilder" name="ThenCanResolveTheSelectedIDocumentationBuilder(Json,PicklesDoc.Pickles.DocumentationBuilders.Json.JsonDocumentationBuilder)" />
    </UnitTest>
    <UnitTest name="ItShouldIndicateWasSuccessfulIsFalseForAnotherFailingScenario" storage="c:\users\ericcarlson\documents\github\pickles\src\pickles.test\bin\debug\net6.0\picklesdoc.pickles.test.dll" id="4320c348-afea-ab45-3dd4-efc1eb3772fe">
      <Execution id="2d6f4f36-efa0-45a5-95cb-2627ea36a2ae" />
      <TestMethod codeBase="C:\Users\ericcarlson\Documents\GitHub\pickles\src\Pickles.Test\bin\Debug\net6.0\PicklesDoc.Pickles.Test.dll" adapterTypeName="executor://nunit3testexecutor/" className="PicklesDoc.Pickles.Test.Formatters.JSON.WhenCreatingAFeatureWithMetaInfoAndTestResultInMstestFormat" name="ItShouldIndicateWasSuccessfulIsFalseForAnotherFailingScenario" />
    </UnitTest>
    <UnitTest name="ThenSavesCssFilesToCorrectLocation" storage="c:\users\ericcarlson\documents\github\pickles\src\pickles.test\bin\debug\net6.0\picklesdoc.pickles.test.dll" id="b566615a-6a0e-ff7f-fdc9-66bffe7a7647">
      <Execution id="e32ef0de-b3bf-42d2-883e-936f688e8533" />
      <TestMethod codeBase="C:\Users\ericcarlson\Documents\GitHub\pickles\src\Pickles.Test\bin\Debug\net6.0\PicklesDoc.Pickles.Test.dll" adapterTypeName="executor://nunit3testexecutor/" className="PicklesDoc.Pickles.Test.WhenWorkingWithHtmlResources" name="ThenSavesCssFilesToCorrectLocation" />
    </UnitTest>
    <UnitTest name="Map_WithoutAfterLastStepComments_ReturnsEmptyList" storage="c:\users\ericcarlson\documents\github\pickles\src\pickles.test\bin\debug\net6.0\picklesdoc.pickles.test.dll" id="5a022529-d884-a7d6-8c9f-86c67564ce23">
      <Execution id="9ea80359-d98c-475d-b191-5bf20e7198d2" />
      <TestMethod codeBase="C:\Users\ericcarlson\Documents\GitHub\pickles\src\Pickles.Test\bin\Debug\net6.0\PicklesDoc.Pickles.Test.dll" adapterTypeName="executor://nunit3testexecutor/" className="PicklesDoc.Pickles.Test.ObjectModel.Json.StepToJsonStepMapperTests" name="Map_WithoutAfterLastStepComments_ReturnsEmptyList" />
    </UnitTest>
    <UnitTest name="Map_NoExamples_ReturnsEmptyListOfExamples" storage="c:\users\ericcarlson\documents\github\pickles\src\pickles.test\bin\debug\net6.0\picklesdoc.pickles.test.dll" id="8de2a033-b676-2f53-2f59-0733a195f808">
      <Execution id="fa92be8f-0224-4bf4-8980-19ac1c5305ef" />
      <TestMethod codeBase="C:\Users\ericcarlson\Documents\GitHub\pickles\src\Pickles.Test\bin\Debug\net6.0\PicklesDoc.Pickles.Test.dll" adapterTypeName="executor://nunit3testexecutor/" className="PicklesDoc.Pickles.Test.ObjectModel.Json.ScenarioToJsonScenarioMapperTests" name="Map_NoExamples_ReturnsEmptyListOfExamples" />
    </UnitTest>
    <UnitTest name="Then_can_parse_and_ignore_feature_with_tag_in_configuration_ignore_tag" storage="c:\users\ericcarlson\documents\github\pickles\src\pickles.test\bin\debug\net6.0\picklesdoc.pickles.test.dll" id="1ae221e2-cbc4-5083-5871-886c8bde94bb">
      <Execution id="d8d1115a-91a6-49c8-975f-de4256637c46" />
      <TestMethod codeBase="C:\Users\ericcarlson\Documents\GitHub\pickles\src\Pickles.Test\bin\Debug\net6.0\PicklesDoc.Pickles.Test.dll" adapterTypeName="executor://nunit3testexecutor/" className="PicklesDoc.Pickles.Test.WhenParsingFeatureFiles" name="Then_can_parse_and_ignore_feature_with_tag_in_configuration_ignore_tag" />
    </UnitTest>
    <UnitTest name="GetEncoding_UTF16LEBOM_ReturnsUnicode" storage="c:\users\ericcarlson\documents\github\pickles\src\pickles.test\bin\debug\net6.0\picklesdoc.pickles.test.dll" id="81b5dd08-2dc8-a3e0-2f51-9318fd82024c">
      <Execution id="dd275f3d-dd61-4e87-a35d-8b245fa798d9" />
      <TestMethod codeBase="C:\Users\ericcarlson\Documents\GitHub\pickles\src\Pickles.Test\bin\Debug\net6.0\PicklesDoc.Pickles.Test.dll" adapterTypeName="executor://nunit3testexecutor/" className="PicklesDoc.Pickles.Test.EncodingDetectorTests" name="GetEncoding_UTF16LEBOM_ReturnsUnicode" />
    </UnitTest>
    <UnitTest name="Map_WithDescription_ReturnsSlug" storage="c:\users\ericcarlson\documents\github\pickles\src\pickles.test\bin\debug\net6.0\picklesdoc.pickles.test.dll" id="89911fa4-1c14-ab49-c42c-931bebac33c7">
      <Execution id="07b1b358-1009-4780-84a2-7b9ae22d6656" />
      <TestMethod codeBase="C:\Users\ericcarlson\Documents\GitHub\pickles\src\Pickles.Test\bin\Debug\net6.0\PicklesDoc.Pickles.Test.dll" adapterTypeName="executor://nunit3testexecutor/" className="PicklesDoc.Pickles.Test.ObjectModel.Json.ScenarioToJsonScenarioMapperTests" name="Map_WithDescription_ReturnsSlug" />
    </UnitTest>
    <UnitTest name="Map_AnExample_ReturnsAJsonExample" storage="c:\users\ericcarlson\documents\github\pickles\src\pickles.test\bin\debug\net6.0\picklesdoc.pickles.test.dll" id="684a3b2a-9d14-8186-77c4-3617426330bc">
      <Execution id="564e5b4b-63a1-4eed-9836-c437c2cabef0" />
      <TestMethod codeBase="C:\Users\ericcarlson\Documents\GitHub\pickles\src\Pickles.Test\bin\Debug\net6.0\PicklesDoc.Pickles.Test.dll" adapterTypeName="executor://nunit3testexecutor/" className="PicklesDoc.Pickles.Test.ObjectModel.Json.ExampleToJsonExampleMapperTests" name="Map_AnExample_ReturnsAJsonExample" />
    </UnitTest>
    <UnitTest name="Map_ExampleTableWithDataRows_ReturnsJsonTableWithDataRows" storage="c:\users\ericcarlson\documents\github\pickles\src\pickles.test\bin\debug\net6.0\picklesdoc.pickles.test.dll" id="3019d3c2-0c54-5274-c78e-81740248b858">
      <Execution id="5f488e24-cc53-410e-9eec-f3b36e3d9c2c" />
      <TestMethod codeBase="C:\Users\ericcarlson\Documents\GitHub\pickles\src\Pickles.Test\bin\Debug\net6.0\PicklesDoc.Pickles.Test.dll" adapterTypeName="executor://nunit3testexecutor/" className="PicklesDoc.Pickles.Test.ObjectModel.Json.TableToJsonTableMapperTests" name="Map_ExampleTableWithDataRows_ReturnsJsonTableWithDataRows" />
    </UnitTest>
    <UnitTest name="ThenCanFormatTextWithLongNumbersAsWikiWordSuccessfully" storage="c:\users\ericcarlson\documents\github\pickles\src\pickles.test\bin\debug\net6.0\picklesdoc.pickles.test.dll" id="aef537d8-2872-7fbb-f05d-3fcdf7a673b8">
      <Execution id="4be9d459-fa37-46e1-82f6-00f5b5dad17c" />
      <TestMethod codeBase="C:\Users\ericcarlson\Documents\GitHub\pickles\src\Pickles.Test\bin\Debug\net6.0\PicklesDoc.Pickles.Test.dll" adapterTypeName="executor://nunit3testexecutor/" className="PicklesDoc.Pickles.Test.Extensions.StringExtensionsTests" name="ThenCanFormatTextWithLongNumbersAsWikiWordSuccessfully" />
    </UnitTest>
    <UnitTest name="Map_Passed_ReturnsExecutedTrueSuccessfulTrue" storage="c:\users\ericcarlson\documents\github\pickles\src\pickles.test\bin\debug\net6.0\picklesdoc.pickles.test.dll" id="8a496478-cb58-07dc-ff9e-8b8291b01ce1">
      <Execution id="8becefe9-d739-49f1-a508-f2c6b4f14f62" />
      <TestMethod codeBase="C:\Users\ericcarlson\Documents\GitHub\pickles\src\Pickles.Test\bin\Debug\net6.0\PicklesDoc.Pickles.Test.dll" adapterTypeName="executor://nunit3testexecutor/" className="PicklesDoc.Pickles.Test.ObjectModel.Json.TestResultToJsonTestResultMapperTests" name="Map_Passed_ReturnsExecutedTrueSuccessfulTrue" />
    </UnitTest>
    <UnitTest name="Map_WithResult_ReturnsJsonTestResult" storage="c:\users\ericcarlson\documents\github\pickles\src\pickles.test\bin\debug\net6.0\picklesdoc.pickles.test.dll" id="bc86b314-5fe6-6bdd-9f3a-a18c69ce6d0f">
      <Execution id="6b621c19-31ab-4279-9d92-3322bccaeef9" />
      <TestMethod codeBase="C:\Users\ericcarlson\Documents\GitHub\pickles\src\Pickles.Test\bin\Debug\net6.0\PicklesDoc.Pickles.Test.dll" adapterTypeName="executor://nunit3testexecutor/" className="PicklesDoc.Pickles.Test.ObjectModel.Json.FeatureToJsonFeatureMapperTests" name="Map_WithResult_ReturnsJsonTestResult" />
    </UnitTest>
    <UnitTest name="MapToKeyword_GivenInSwedish_ReturnsGiven" storage="c:\users\ericcarlson\documents\github\pickles\src\pickles.test\bin\debug\net6.0\picklesdoc.pickles.test.dll" id="53961c9e-5b44-6e8d-e692-db730794cc8f">
      <Execution id="02208086-be7f-42cf-a4e5-953ad2c5822b" />
      <TestMethod codeBase="C:\Users\ericcarlson\Documents\GitHub\pickles\src\Pickles.Test\bin\Debug\net6.0\PicklesDoc.Pickles.Test.dll" adapterTypeName="executor://nunit3testexecutor/" className="PicklesDoc.Pickles.Test.ObjectModel.MappingTestsForKeyword" name="MapToKeyword_GivenInSwedish_ReturnsGiven" />
    </UnitTest>
    <UnitTest name="Map_WithNativeKeyword_ReturnsNativeKeyword" storage="c:\users\ericcarlson\documents\github\pickles\src\pickles.test\bin\debug\net6.0\picklesdoc.pickles.test.dll" id="2e5eb7c4-d75d-9cf6-4222-f8f1c9ac626a">
      <Execution id="51aa63d7-a175-444b-ba40-2e142b29d4c7" />
      <TestMethod codeBase="C:\Users\ericcarlson\Documents\GitHub\pickles\src\Pickles.Test\bin\Debug\net6.0\PicklesDoc.Pickles.Test.dll" adapterTypeName="executor://nunit3testexecutor/" className="PicklesDoc.Pickles.Test.ObjectModel.Json.StepToJsonStepMapperTests" name="Map_WithNativeKeyword_ReturnsNativeKeyword" />
    </UnitTest>
    <UnitTest name="GetRelativeUriTo_DirectoryToFileBelow_ReturnsCurrentDirectory" storage="c:\users\ericcarlson\documents\github\pickles\src\pickles.test\bin\debug\net6.0\picklesdoc.pickles.test.dll" id="023432c7-067d-a2df-fa8e-8d2b0c485356">
      <Execution id="3db25ff2-af87-4116-bb1e-5e6b809912c4" />
      <TestMethod codeBase="C:\Users\ericcarlson\Documents\GitHub\pickles\src\Pickles.Test\bin\Debug\net6.0\PicklesDoc.Pickles.Test.dll" adapterTypeName="executor://nunit3testexecutor/" className="PicklesDoc.Pickles.Test.DirectoryCrawlers.FolderDirectoryTreeNodeTests" name="GetRelativeUriTo_DirectoryToFileBelow_ReturnsCurrentDirectory" />
    </UnitTest>
    <UnitTest name="MapToExample_RegularWithTagsExamples_ReturnsCorrectExample" storage="c:\users\ericcarlson\documents\github\pickles\src\pickles.test\bin\debug\net6.0\picklesdoc.pickles.test.dll" id="c45bafd9-44fe-eb94-223b-fb60dcc673d3">
      <Execution id="137b210e-152a-4155-91a5-5f659dc63c12" />
      <TestMethod codeBase="C:\Users\ericcarlson\Documents\GitHub\pickles\src\Pickles.Test\bin\Debug\net6.0\PicklesDoc.Pickles.Test.dll" adapterTypeName="executor://nunit3testexecutor/" className="PicklesDoc.Pickles.Test.ObjectModel.MapperTestsForExample" name="MapToExample_RegularWithTagsExamples_ReturnsCorrectExample" />
    </UnitTest>
    <UnitTest name="IsRelevant_ValidFileWithMixedCaseExtension_ReturnsTrue" storage="c:\users\ericcarlson\documents\github\pickles\src\pickles.test\bin\debug\net6.0\picklesdoc.pickles.test.dll" id="b5808cb5-1ccc-f6ad-2d48-84256ff70878">
      <Execution id="1d5762d2-cc6a-48cf-9fcd-2935a3ccea8f" />
      <TestMethod codeBase="C:\Users\ericcarlson\Documents\GitHub\pickles\src\Pickles.Test\bin\Debug\net6.0\PicklesDoc.Pickles.Test.dll" adapterTypeName="executor://nunit3testexecutor/" className="PicklesDoc.Pickles.Test.DirectoryCrawlers.ImageFileDetectorTests" name="IsRelevant_ValidFileWithMixedCaseExtension_ReturnsTrue" />
    </UnitTest>
    <UnitTest name="Map_Null_ReturnsNull" storage="c:\users\ericcarlson\documents\github\pickles\src\pickles.test\bin\debug\net6.0\picklesdoc.pickles.test.dll" id="7537e683-3e74-548a-5552-941c0a3f0e36">
      <Execution id="e157c2ab-e6bc-41f0-9435-9729fdf9a9c5" />
      <TestMethod codeBase="C:\Users\ericcarlson\Documents\GitHub\pickles\src\Pickles.Test\bin\Debug\net6.0\PicklesDoc.Pickles.Test.dll" adapterTypeName="executor://nunit3testexecutor/" className="PicklesDoc.Pickles.Test.ObjectModel.Json.ScenarioToJsonScenarioMapperTests" name="Map_Null_ReturnsNull" />
    </UnitTest>
    <UnitTest name="MapToFeature_FeatureWithNullDescription_ReturnsFeatureWithEmptyDescription" storage="c:\users\ericcarlson\documents\github\pickles\src\pickles.test\bin\debug\net6.0\picklesdoc.pickles.test.dll" id="ad2deadc-28a2-719e-7150-17ba175aa913">
      <Execution id="e3518915-56f1-4127-9f7e-75ff56a891b1" />
      <TestMethod codeBase="C:\Users\ericcarlson\Documents\GitHub\pickles\src\Pickles.Test\bin\Debug\net6.0\PicklesDoc.Pickles.Test.dll" adapterTypeName="executor://nunit3testexecutor/" className="PicklesDoc.Pickles.Test.ObjectModel.MapperTestsForFeature" name="MapToFeature_FeatureWithNullDescription_ReturnsFeatureWithEmptyDescription" />
    </UnitTest>
    <UnitTest name="Constructor_ValidRelativePath" storage="c:\users\ericcarlson\documents\github\pickles\src\pickles.test\bin\debug\net6.0\picklesdoc.pickles.test.dll" id="33ddece8-ef6e-de86-ff9f-62192d743904">
      <Execution id="230d3c36-aa01-4c1b-9129-95c8e6075f39" />
      <TestMethod codeBase="C:\Users\ericcarlson\Documents\GitHub\pickles\src\Pickles.Test\bin\Debug\net6.0\PicklesDoc.Pickles.Test.dll" adapterTypeName="executor://nunit3testexecutor/" className="PicklesDoc.Pickles.Test.DirectoryCrawlers.FolderDirectoryTreeNodeTests" name="Constructor_ValidRelativePath" />
    </UnitTest>
    <UnitTest name="Map_TableRow_ReturnsObject" storage="c:\users\ericcarlson\documents\github\pickles\src\pickles.test\bin\debug\net6.0\picklesdoc.pickles.test.dll" id="11ec8f68-45a3-af3f-4a85-f9e875a034b9">
      <Execution id="c01c8114-d089-478a-9517-719498c64701" />
      <TestMethod codeBase="C:\Users\ericcarlson\Documents\GitHub\pickles\src\Pickles.Test\bin\Debug\net6.0\PicklesDoc.Pickles.Test.dll" adapterTypeName="executor://nunit3testexecutor/" className="PicklesDoc.Pickles.Test.ObjectModel.Json.TableRowToJsonTableRowMapperTests" name="Map_TableRow_ReturnsObject" />
    </UnitTest>
    <UnitTest name="Map_WithName_ReturnsSlug" storage="c:\users\ericcarlson\documents\github\pickles\src\pickles.test\bin\debug\net6.0\picklesdoc.pickles.test.dll" id="f2a4d10f-7a23-0d3b-b616-b37bcd3d7f3d">
      <Execution id="fdd53ac9-9e8c-4071-9254-285d04e20221" />
      <TestMethod codeBase="C:\Users\ericcarlson\Documents\GitHub\pickles\src\Pickles.Test\bin\Debug\net6.0\PicklesDoc.Pickles.Test.dll" adapterTypeName="executor://nunit3testexecutor/" className="PicklesDoc.Pickles.Test.ObjectModel.Json.ScenarioToJsonScenarioMapperTests" name="Map_WithName_ReturnsSlug" />
    </UnitTest>
    <UnitTest name="MapToFeature_FeatureWithoutLanguage_ReturnsFeatureWithEnglish" storage="c:\users\ericcarlson\documents\github\pickles\src\pickles.test\bin\debug\net6.0\picklesdoc.pickles.test.dll" id="d92eaaf4-b839-67e3-ea8a-60df87c4cfbd">
      <Execution id="67c89ea9-c845-4998-bbe3-9225f0b00d89" />
      <TestMethod codeBase="C:\Users\ericcarlson\Documents\GitHub\pickles\src\Pickles.Test\bin\Debug\net6.0\PicklesDoc.Pickles.Test.dll" adapterTypeName="executor://nunit3testexecutor/" className="PicklesDoc.Pickles.Test.ObjectModel.MapperTestsForFeature" name="MapToFeature_FeatureWithoutLanguage_ReturnsFeatureWithEnglish" />
    </UnitTest>
    <UnitTest name="Constructor_NullArgument_ShouldThrowArgumentNullException" storage="c:\users\ericcarlson\documents\github\pickles\src\pickles.test\bin\debug\net6.0\picklesdoc.pickles.test.dll" id="1bf0b620-508f-e5dc-9a04-0b8d440ef88c">
      <Execution id="61755f21-06f1-4166-8140-8bbd05a9d6be" />
      <TestMethod codeBase="C:\Users\ericcarlson\Documents\GitHub\pickles\src\Pickles.Test\bin\Debug\net6.0\PicklesDoc.Pickles.Test.dll" adapterTypeName="executor://nunit3testexecutor/" className="PicklesDoc.Pickles.Test.DataStructures.TreeTests" name="Constructor_NullArgument_ShouldThrowArgumentNullException" />
    </UnitTest>
    <UnitTest name="WhenIndicatingTheLanguageAndCultureInTheFeature_ThenCanParseTheFeature" storage="c:\users\ericcarlson\documents\github\pickles\src\pickles.test\bin\debug\net6.0\picklesdoc.pickles.test.dll" id="66492ce0-50fe-4131-fc04-f0f70d82b725">
      <Execution id="502988e1-7a8f-41cb-9712-8c663b55c034" />
      <TestMethod codeBase="C:\Users\ericcarlson\Documents\GitHub\pickles\src\Pickles.Test\bin\Debug\net6.0\PicklesDoc.Pickles.Test.dll" adapterTypeName="executor://nunit3testexecutor/" className="PicklesDoc.Pickles.Test.WhenParsingLocalizedFeatureFiles" name="WhenIndicatingTheLanguageAndCultureInTheFeature_ThenCanParseTheFeature" />
    </UnitTest>
    <UnitTest name="Map_TableWithHeaderRow_ReturnsJsonTableWithoutHeaderRow" storage="c:\users\ericcarlson\documents\github\pickles\src\pickles.test\bin\debug\net6.0\picklesdoc.pickles.test.dll" id="eae8d6d5-3d1b-9a28-35cb-83916a819bec">
      <Execution id="6124d5c4-0194-4372-ae71-5d65a8debaa4" />
      <TestMethod codeBase="C:\Users\ericcarlson\Documents\GitHub\pickles\src\Pickles.Test\bin\Debug\net6.0\PicklesDoc.Pickles.Test.dll" adapterTypeName="executor://nunit3testexecutor/" className="PicklesDoc.Pickles.Test.ObjectModel.Json.TableToJsonTableMapperTests" name="Map_TableWithHeaderRow_ReturnsJsonTableWithoutHeaderRow" />
    </UnitTest>
    <UnitTest name="Process_TwoLines_ReturnsText" storage="c:\users\ericcarlson\documents\github\pickles\src\pickles.test\bin\debug\net6.0\picklesdoc.pickles.test.dll" id="9f54fc7b-943f-a736-270e-322b76b12240">
      <Execution id="47f35d0d-21d3-4bbe-885e-0138d31a7ea2" />
      <TestMethod codeBase="C:\Users\ericcarlson\Documents\GitHub\pickles\src\Pickles.Test\bin\Debug\net6.0\PicklesDoc.Pickles.Test.dll" adapterTypeName="executor://nunit3testexecutor/" className="PicklesDoc.Pickles.Test.DescriptionProcessorTests" name="Process_TwoLines_ReturnsText" />
    </UnitTest>
    <UnitTest name="Map_WithBackground_ReturnsBackground" storage="c:\users\ericcarlson\documents\github\pickles\src\pickles.test\bin\debug\net6.0\picklesdoc.pickles.test.dll" id="5b735e33-8631-fc28-0819-93b4df2659c4">
      <Execution id="fe5a644f-74c8-4b9c-a354-590c83d6b645" />
      <TestMethod codeBase="C:\Users\ericcarlson\Documents\GitHub\pickles\src\Pickles.Test\bin\Debug\net6.0\PicklesDoc.Pickles.Test.dll" adapterTypeName="executor://nunit3testexecutor/" className="PicklesDoc.Pickles.Test.ObjectModel.Json.FeatureToJsonFeatureMapperTests" name="Map_WithBackground_ReturnsBackground" />
    </UnitTest>
    <UnitTest name="Map_Then_ReturnsThen" storage="c:\users\ericcarlson\documents\github\pickles\src\pickles.test\bin\debug\net6.0\picklesdoc.pickles.test.dll" id="5d7eb242-2da2-1aff-54be-febe9c23c1d1">
      <Execution id="18253bd1-4ec8-4011-a47a-cb4b7502cf2a" />
      <TestMethod codeBase="C:\Users\ericcarlson\Documents\GitHub\pickles\src\Pickles.Test\bin\Debug\net6.0\PicklesDoc.Pickles.Test.dll" adapterTypeName="executor://nunit3testexecutor/" className="PicklesDoc.Pickles.Test.ObjectModel.Json.KeywordToJsonKeywordMapperTests" name="Map_Then_ReturnsThen" />
    </UnitTest>
    <UnitTest name="Map_FeatureWithElements_ReturnsListofElements" storage="c:\users\ericcarlson\documents\github\pickles\src\pickles.test\bin\debug\net6.0\picklesdoc.pickles.test.dll" id="8c668144-2935-03c4-cb76-374695bb843a">
      <Execution id="94c09c23-657f-44f8-9488-9fd7f6626817" />
      <TestMethod codeBase="C:\Users\ericcarlson\Documents\GitHub\pickles\src\Pickles.Test\bin\Debug\net6.0\PicklesDoc.Pickles.Test.dll" adapterTypeName="executor://nunit3testexecutor/" className="PicklesDoc.Pickles.Test.ObjectModel.Json.FeatureToJsonFeatureMapperTests" name="Map_FeatureWithElements_ReturnsListofElements" />
    </UnitTest>
    <UnitTest name="LineThatStartsWithEscapedHash_Header2_ShouldRemoveEscapeSign" storage="c:\users\ericcarlson\documents\github\pickles\src\pickles.test\bin\debug\net6.0\picklesdoc.pickles.test.dll" id="a76a52d2-e464-7beb-7062-8f2eeda29156">
      <Execution id="db198d92-e392-4618-bdda-f07f24ce7cc5" />
      <TestMethod codeBase="C:\Users\ericcarlson\Documents\GitHub\pickles\src\Pickles.Test\bin\Debug\net6.0\PicklesDoc.Pickles.Test.dll" adapterTypeName="executor://nunit3testexecutor/" className="PicklesDoc.Pickles.Test.DescriptionProcessorTests" name="LineThatStartsWithEscapedHash_Header2_ShouldRemoveEscapeSign" />
    </UnitTest>
    <UnitTest name="WhenIndicatingTheLanguageInTheFeature_ThenCanParseMostBasicFeatureSuccessfully" storage="c:\users\ericcarlson\documents\github\pickles\src\pickles.test\bin\debug\net6.0\picklesdoc.pickles.test.dll" id="333786c1-b534-29dd-7545-8381a9bd91d8">
      <Execution id="7384f4e5-e881-4fc8-b394-29680884f618" />
      <TestMethod codeBase="C:\Users\ericcarlson\Documents\GitHub\pickles\src\Pickles.Test\bin\Debug\net6.0\PicklesDoc.Pickles.Test.dll" adapterTypeName="executor://nunit3testexecutor/" className="PicklesDoc.Pickles.Test.WhenParsingLocalizedFeatureFiles" name="WhenIndicatingTheLanguageInTheFeature_ThenCanParseMostBasicFeatureSuccessfully" />
    </UnitTest>
    <UnitTest name="MapToScenario_NullScenario_ReturnsNull" storage="c:\users\ericcarlson\documents\github\pickles\src\pickles.test\bin\debug\net6.0\picklesdoc.pickles.test.dll" id="d1607d13-bf37-a017-7c4d-310c80ac28d2">
      <Execution id="8b4e1cca-3edb-45a8-8a1d-256db19ecd1c" />
      <TestMethod codeBase="C:\Users\ericcarlson\Documents\GitHub\pickles\src\Pickles.Test\bin\Debug\net6.0\PicklesDoc.Pickles.Test.dll" adapterTypeName="executor://nunit3testexecutor/" className="PicklesDoc.Pickles.Test.ObjectModel.MapperTestsForScenario" name="MapToScenario_NullScenario_ReturnsNull" />
    </UnitTest>
    <UnitTest name="MapToKeyword_ButInSwedish_ReturnsBut" storage="c:\users\ericcarlson\documents\github\pickles\src\pickles.test\bin\debug\net6.0\picklesdoc.pickles.test.dll" id="237aa86c-2a79-f857-6b0b-b15024d55da5">
      <Execution id="fb40e6b1-7d32-4e17-8d06-d31d8606a015" />
      <TestMethod codeBase="C:\Users\ericcarlson\Documents\GitHub\pickles\src\Pickles.Test\bin\Debug\net6.0\PicklesDoc.Pickles.Test.dll" adapterTypeName="executor://nunit3testexecutor/" className="PicklesDoc.Pickles.Test.ObjectModel.MappingTestsForKeyword" name="MapToKeyword_ButInSwedish_ReturnsBut" />
    </UnitTest>
    <UnitTest name="MapToStep_NullStep_ReturnsNull" storage="c:\users\ericcarlson\documents\github\pickles\src\pickles.test\bin\debug\net6.0\picklesdoc.pickles.test.dll" id="94b6fca8-7a3d-f453-0070-6471ff92bbfc">
      <Execution id="f3cc951c-9fd9-4563-922f-0d6785d9cb86" />
      <TestMethod codeBase="C:\Users\ericcarlson\Documents\GitHub\pickles\src\Pickles.Test\bin\Debug\net6.0\PicklesDoc.Pickles.Test.dll" adapterTypeName="executor://nunit3testexecutor/" className="PicklesDoc.Pickles.Test.ObjectModel.MapperTestsForStep" name="MapToStep_NullStep_ReturnsNull" />
    </UnitTest>
    <UnitTest name="MapToTable_DataTableWithThreeRows_ReturnsTableWithHeaderRowAndTwoRows" storage="c:\users\ericcarlson\documents\github\pickles\src\pickles.test\bin\debug\net6.0\picklesdoc.pickles.test.dll" id="91b05bdf-ff91-2509-c0c6-ca5d28e711ee">
      <Execution id="1b7953e8-22e9-4a08-9707-3294a5eccad2" />
      <TestMethod codeBase="C:\Users\ericcarlson\Documents\GitHub\pickles\src\Pickles.Test\bin\Debug\net6.0\PicklesDoc.Pickles.Test.dll" adapterTypeName="executor://nunit3testexecutor/" className="PicklesDoc.Pickles.Test.ObjectModel.MapperTestsForDataTable" name="MapToTable_DataTableWithThreeRows_ReturnsTableWithHeaderRowAndTwoRows" />
    </UnitTest>
    <UnitTest name="Get_A_Relative_Path_When_Location_Is_Deeper_Than_Root" storage="c:\users\ericcarlson\documents\github\pickles\src\pickles.test\bin\debug\net6.0\picklesdoc.pickles.test.dll" id="e3729802-a92d-c297-8894-5684f6910af3">
      <Execution id="c5645d75-1612-4ad9-817b-0bf9649fc240" />
      <TestMethod codeBase="C:\Users\ericcarlson\Documents\GitHub\pickles\src\Pickles.Test\bin\Debug\net6.0\PicklesDoc.Pickles.Test.dll" adapterTypeName="executor://nunit3testexecutor/" className="PicklesDoc.Pickles.Test.Extensions.PathExtensionsTests" name="Get_A_Relative_Path_When_Location_Is_Deeper_Than_Root" />
    </UnitTest>
    <UnitTest name="Map_WithName_ReturnsName" storage="c:\users\ericcarlson\documents\github\pickles\src\pickles.test\bin\debug\net6.0\picklesdoc.pickles.test.dll" id="71ab70a9-ef4b-ca2c-f5d6-1ba5618c1d97">
      <Execution id="fc0cfb2c-f1f7-41ba-bfb8-b1225e205408" />
      <TestMethod codeBase="C:\Users\ericcarlson\Documents\GitHub\pickles\src\Pickles.Test\bin\Debug\net6.0\PicklesDoc.Pickles.Test.dll" adapterTypeName="executor://nunit3testexecutor/" className="PicklesDoc.Pickles.Test.ObjectModel.Json.ScenarioToJsonScenarioMapperTests" name="Map_WithName_ReturnsName" />
    </UnitTest>
    <UnitTest name="IsRelevant_ValidFile_ReturnsTrue(&quot;image.png&quot;)" storage="c:\users\ericcarlson\documents\github\pickles\src\pickles.test\bin\debug\net6.0\picklesdoc.pickles.test.dll" id="f42df295-0a09-b35f-0a4f-b6a4d09ce712">
      <Execution id="9fd2f829-c8a9-4738-8c64-5d18906165e0" />
      <TestMethod codeBase="C:\Users\ericcarlson\Documents\GitHub\pickles\src\Pickles.Test\bin\Debug\net6.0\PicklesDoc.Pickles.Test.dll" adapterTypeName="executor://nunit3testexecutor/" className="PicklesDoc.Pickles.Test.DirectoryCrawlers.ImageFileDetectorTests" name="IsRelevant_ValidFile_ReturnsTrue(&quot;image.png&quot;)" />
    </UnitTest>
    <UnitTest name="Map_NullFeature_ReturnsNullJsonFeature" storage="c:\users\ericcarlson\documents\github\pickles\src\pickles.test\bin\debug\net6.0\picklesdoc.pickles.test.dll" id="8ec388e9-fc91-4d25-bf6f-f8f08af7b2f5">
      <Execution id="e1980075-27bd-4560-8435-f2f79663c281" />
      <TestMethod codeBase="C:\Users\ericcarlson\Documents\GitHub\pickles\src\Pickles.Test\bin\Debug\net6.0\PicklesDoc.Pickles.Test.dll" adapterTypeName="executor://nunit3testexecutor/" className="PicklesDoc.Pickles.Test.ObjectModel.Json.FeatureToJsonFeatureMapperTests" name="Map_NullFeature_ReturnsNullJsonFeature" />
    </UnitTest>
    <UnitTest name="MapToStep_StepWithDocStringArgument_ReturnStepWithDocString" storage="c:\users\ericcarlson\documents\github\pickles\src\pickles.test\bin\debug\net6.0\picklesdoc.pickles.test.dll" id="0deeb8ae-3a20-2371-5a6c-b2ecc1099272">
      <Execution id="c1ae84cd-541b-44b4-91df-6874cb9108be" />
      <TestMethod codeBase="C:\Users\ericcarlson\Documents\GitHub\pickles\src\Pickles.Test\bin\Debug\net6.0\PicklesDoc.Pickles.Test.dll" adapterTypeName="executor://nunit3testexecutor/" className="PicklesDoc.Pickles.Test.ObjectModel.MapperTestsForStep" name="MapToStep_StepWithDocStringArgument_ReturnStepWithDocString" />
    </UnitTest>
    <UnitTest name="Map_WithResult_ReturnsResult" storage="c:\users\ericcarlson\documents\github\pickles\src\pickles.test\bin\debug\net6.0\picklesdoc.pickles.test.dll" id="a03e2c23-c864-b123-24c0-3ec5ce0b2cf3">
      <Execution id="1657b704-c244-4e2f-9b1a-776cd1c7b828" />
      <TestMethod codeBase="C:\Users\ericcarlson\Documents\GitHub\pickles\src\Pickles.Test\bin\Debug\net6.0\PicklesDoc.Pickles.Test.dll" adapterTypeName="executor://nunit3testexecutor/" className="PicklesDoc.Pickles.Test.ObjectModel.Json.ScenarioToJsonScenarioMapperTests" name="Map_WithResult_ReturnsResult" />
    </UnitTest>
    <UnitTest name="Map_TableWithHeaderRow_ReturnsJsonTableWithHeaderRow" storage="c:\users\ericcarlson\documents\github\pickles\src\pickles.test\bin\debug\net6.0\picklesdoc.pickles.test.dll" id="f23064d7-8737-65a1-12a3-24572822c2d1">
      <Execution id="367df421-d207-4b16-b41c-911d281ad611" />
      <TestMethod codeBase="C:\Users\ericcarlson\Documents\GitHub\pickles\src\Pickles.Test\bin\Debug\net6.0\PicklesDoc.Pickles.Test.dll" adapterTypeName="executor://nunit3testexecutor/" className="PicklesDoc.Pickles.Test.ObjectModel.Json.TableToJsonTableMapperTests" name="Map_TableWithHeaderRow_ReturnsJsonTableWithHeaderRow" />
    </UnitTest>
    <UnitTest name="Then_can_parse_scenario_with_comments_successfully" storage="c:\users\ericcarlson\documents\github\pickles\src\pickles.test\bin\debug\net6.0\picklesdoc.pickles.test.dll" id="5b3c5d54-7a5e-d899-2d9c-c16dbf4931ca">
      <Execution id="b857524b-3226-41a6-b863-ed7522d4a6c3" />
      <TestMethod codeBase="C:\Users\ericcarlson\Documents\GitHub\pickles\src\Pickles.Test\bin\Debug\net6.0\PicklesDoc.Pickles.Test.dll" adapterTypeName="executor://nunit3testexecutor/" className="PicklesDoc.Pickles.Test.WhenParsingFeatureFiles" name="Then_can_parse_scenario_with_comments_successfully" />
    </UnitTest>
    <UnitTest name="Map_NotProvided_ReturnsExecutedFalseSuccessfulFalseProvidedFalse" storage="c:\users\ericcarlson\documents\github\pickles\src\pickles.test\bin\debug\net6.0\picklesdoc.pickles.test.dll" id="3c3842c3-f734-534b-fecc-cf8c356ba236">
      <Execution id="6eedf286-159d-4677-a874-800c65d2b1d2" />
      <TestMethod codeBase="C:\Users\ericcarlson\Documents\GitHub\pickles\src\Pickles.Test\bin\Debug\net6.0\PicklesDoc.Pickles.Test.dll" adapterTypeName="executor://nunit3testexecutor/" className="PicklesDoc.Pickles.Test.ObjectModel.Json.TestResultToJsonTestResultMapperTests" name="Map_NotProvided_ReturnsExecutedFalseSuccessfulFalseProvidedFalse" />
    </UnitTest>
    <UnitTest name="Then_can_parse_and_ignore_scenario_with_tag_in_configuration_ignore_tag" storage="c:\users\ericcarlson\documents\github\pickles\src\pickles.test\bin\debug\net6.0\picklesdoc.pickles.test.dll" id="2c6cc121-0dd5-d647-685b-59af2aa3177a">
      <Execution id="95e1f931-0f16-495f-a030-a63a6a009b04" />
      <TestMethod codeBase="C:\Users\ericcarlson\Documents\GitHub\pickles\src\Pickles.Test\bin\Debug\net6.0\PicklesDoc.Pickles.Test.dll" adapterTypeName="executor://nunit3testexecutor/" className="PicklesDoc.Pickles.Test.WhenParsingFeatureFiles" name="Then_can_parse_and_ignore_scenario_with_tag_in_configuration_ignore_tag" />
    </UnitTest>
    <UnitTest name="IsRelevant_ValidFile_ReturnsTrue(&quot;image.gif&quot;)" storage="c:\users\ericcarlson\documents\github\pickles\src\pickles.test\bin\debug\net6.0\picklesdoc.pickles.test.dll" id="f5d77dae-7864-4aa7-6ea9-efd787914fdc">
      <Execution id="065f5348-626e-4650-a67f-8fb72559557e" />
      <TestMethod codeBase="C:\Users\ericcarlson\Documents\GitHub\pickles\src\Pickles.Test\bin\Debug\net6.0\PicklesDoc.Pickles.Test.dll" adapterTypeName="executor://nunit3testexecutor/" className="PicklesDoc.Pickles.Test.DirectoryCrawlers.ImageFileDetectorTests" name="IsRelevant_ValidFile_ReturnsTrue(&quot;image.gif&quot;)" />
    </UnitTest>
    <UnitTest name="Map_Given_ReturnsGiven" storage="c:\users\ericcarlson\documents\github\pickles\src\pickles.test\bin\debug\net6.0\picklesdoc.pickles.test.dll" id="2f10ab10-fdd8-2469-243c-352eb06f9e9c">
      <Execution id="036b3a8d-94ad-4f1d-81c4-592c131c09cf" />
      <TestMethod codeBase="C:\Users\ericcarlson\Documents\GitHub\pickles\src\Pickles.Test\bin\Debug\net6.0\PicklesDoc.Pickles.Test.dll" adapterTypeName="executor://nunit3testexecutor/" className="PicklesDoc.Pickles.Test.ObjectModel.Json.KeywordToJsonKeywordMapperTests" name="Map_Given_ReturnsGiven" />
    </UnitTest>
    <UnitTest name="MapToScenario_RegularScenario_ReturnsScenario" storage="c:\users\ericcarlson\documents\github\pickles\src\pickles.test\bin\debug\net6.0\picklesdoc.pickles.test.dll" id="4a414230-905d-7f8d-87d3-8884d0269163">
      <Execution id="fd64568c-3f7e-4d07-a35d-bb7795cdee0c" />
      <TestMethod codeBase="C:\Users\ericcarlson\Documents\GitHub\pickles\src\Pickles.Test\bin\Debug\net6.0\PicklesDoc.Pickles.Test.dll" adapterTypeName="executor://nunit3testexecutor/" className="PicklesDoc.Pickles.Test.ObjectModel.MapperTestsForScenarioOutline" name="MapToScenario_RegularScenario_ReturnsScenario" />
    </UnitTest>
    <UnitTest name="MapToScenario_RegularScenario_ReturnsScenario" storage="c:\users\ericcarlson\documents\github\pickles\src\pickles.test\bin\debug\net6.0\picklesdoc.pickles.test.dll" id="e8e9bd96-bced-3cd1-ed8b-8f1f5cb07968">
      <Execution id="e16ccf7e-fe38-415e-9a6d-7bf272a5bbf6" />
      <TestMethod codeBase="C:\Users\ericcarlson\Documents\GitHub\pickles\src\Pickles.Test\bin\Debug\net6.0\PicklesDoc.Pickles.Test.dll" adapterTypeName="executor://nunit3testexecutor/" className="PicklesDoc.Pickles.Test.ObjectModel.MapperTestsForScenario" name="MapToScenario_RegularScenario_ReturnsScenario" />
    </UnitTest>
    <UnitTest name="LineThatStartsWithEscapedHash_Header5_ShouldRemoveEscapeSign" storage="c:\users\ericcarlson\documents\github\pickles\src\pickles.test\bin\debug\net6.0\picklesdoc.pickles.test.dll" id="8e6eb9e8-caeb-6fdc-4c95-879f9b06c4bd">
      <Execution id="603c68b9-25d6-4e75-8579-ce671539c705" />
      <TestMethod codeBase="C:\Users\ericcarlson\Documents\GitHub\pickles\src\Pickles.Test\bin\Debug\net6.0\PicklesDoc.Pickles.Test.dll" adapterTypeName="executor://nunit3testexecutor/" className="PicklesDoc.Pickles.Test.DescriptionProcessorTests" name="LineThatStartsWithEscapedHash_Header5_ShouldRemoveEscapeSign" />
    </UnitTest>
    <UnitTest name="MoveNamespace" storage="c:\users\ericcarlson\documents\github\pickles\src\pickles.test\bin\debug\net6.0\picklesdoc.pickles.test.dll" id="a19c62ca-31cc-64e1-f5dd-6b73618efdbd">
      <Execution id="2864c2bf-c66d-496f-9b1e-de3ea3728601" />
      <TestMethod codeBase="C:\Users\ericcarlson\Documents\GitHub\pickles\src\Pickles.Test\bin\Debug\net6.0\PicklesDoc.Pickles.Test.dll" adapterTypeName="executor://nunit3testexecutor/" className="PicklesDoc.Pickles.Test.NamespaceExtensionsTests" name="MoveNamespace" />
    </UnitTest>
    <UnitTest name="MapToFeature_FeatureWithScenarioDefinitions_ReturnsFeatureWithFeatureElements" storage="c:\users\ericcarlson\documents\github\pickles\src\pickles.test\bin\debug\net6.0\picklesdoc.pickles.test.dll" id="e1f51bb1-2532-93e9-0f45-421d8bb3ec2a">
      <Execution id="ced38476-a356-4c75-81d7-46b2eb7f15d5" />
      <TestMethod codeBase="C:\Users\ericcarlson\Documents\GitHub\pickles\src\Pickles.Test\bin\Debug\net6.0\PicklesDoc.Pickles.Test.dll" adapterTypeName="executor://nunit3testexecutor/" className="PicklesDoc.Pickles.Test.ObjectModel.MapperTestsForFeature" name="MapToFeature_FeatureWithScenarioDefinitions_ReturnsFeatureWithFeatureElements" />
    </UnitTest>
    <UnitTest name="Map_WithTable_ReturnsTableAndNullDocString" storage="c:\users\ericcarlson\documents\github\pickles\src\pickles.test\bin\debug\net6.0\picklesdoc.pickles.test.dll" id="d7b9ae62-4462-ee76-b6c5-ced79f1a5234">
      <Execution id="e85e9e0d-6d62-4686-9660-df9b2dfa5915" />
      <TestMethod codeBase="C:\Users\ericcarlson\Documents\GitHub\pickles\src\Pickles.Test\bin\Debug\net6.0\PicklesDoc.Pickles.Test.dll" adapterTypeName="executor://nunit3testexecutor/" className="PicklesDoc.Pickles.Test.ObjectModel.Json.StepToJsonStepMapperTests" name="Map_WithTable_ReturnsTableAndNullDocString" />
    </UnitTest>
    <UnitTest name="Map_FeatureWithDescription_ReturnsDescription" storage="c:\users\ericcarlson\documents\github\pickles\src\pickles.test\bin\debug\net6.0\picklesdoc.pickles.test.dll" id="e1d5832b-53c8-bd83-2d7b-38a6c413e9e9">
      <Execution id="ff76bd08-6441-4103-93de-78c3f39fa16e" />
      <TestMethod codeBase="C:\Users\ericcarlson\Documents\GitHub\pickles\src\Pickles.Test\bin\Debug\net6.0\PicklesDoc.Pickles.Test.dll" adapterTypeName="executor://nunit3testexecutor/" className="PicklesDoc.Pickles.Test.ObjectModel.Json.FeatureToJsonFeatureMapperTests" name="Map_FeatureWithDescription_ReturnsDescription" />
    </UnitTest>
    <UnitTest name="ToUriDirectoryInfo_WithTrailingSlash_ProducesUriWithTrailingSlash" storage="c:\users\ericcarlson\documents\github\pickles\src\pickles.test\bin\debug\net6.0\picklesdoc.pickles.test.dll" id="a606fd29-5ae7-b480-ad67-6c591600d344">
      <Execution id="76e7d400-8984-4e53-ae38-80b6cd0e2244" />
      <TestMethod codeBase="C:\Users\ericcarlson\Documents\GitHub\pickles\src\Pickles.Test\bin\Debug\net6.0\PicklesDoc.Pickles.Test.dll" adapterTypeName="executor://nunit3testexecutor/" className="PicklesDoc.Pickles.Test.Extensions.UriExtensionsTests" name="ToUriDirectoryInfo_WithTrailingSlash_ProducesUriWithTrailingSlash" />
    </UnitTest>
    <UnitTest name="Map_NotNull_ReturnsJsonCommentWithSameText" storage="c:\users\ericcarlson\documents\github\pickles\src\pickles.test\bin\debug\net6.0\picklesdoc.pickles.test.dll" id="f7e0777a-1331-1f40-67bd-d8c8374f16be">
      <Execution id="d32d9d2b-bde8-470c-94ff-9666904032b8" />
      <TestMethod codeBase="C:\Users\ericcarlson\Documents\GitHub\pickles\src\Pickles.Test\bin\Debug\net6.0\PicklesDoc.Pickles.Test.dll" adapterTypeName="executor://nunit3testexecutor/" className="PicklesDoc.Pickles.Test.ObjectModel.Json.CommentToJsonCommentMapperTests" name="Map_NotNull_ReturnsJsonCommentWithSameText" />
    </UnitTest>
    <UnitTest name="ThenCanDetectFeatureFilesSuccessfully" storage="c:\users\ericcarlson\documents\github\pickles\src\pickles.test\bin\debug\net6.0\picklesdoc.pickles.test.dll" id="14c91b84-b688-7c5e-d960-73e0d6089384">
      <Execution id="3ccea24a-6bee-4e60-81cc-ffb4c441c123" />
      <TestMethod codeBase="C:\Users\ericcarlson\Documents\GitHub\pickles\src\Pickles.Test\bin\Debug\net6.0\PicklesDoc.Pickles.Test.dll" adapterTypeName="executor://nunit3testexecutor/" className="PicklesDoc.Pickles.Test.WhenDeterminingRelevantFilesToConsider" name="ThenCanDetectFeatureFilesSuccessfully" />
    </UnitTest>
    <UnitTest name="ToUriFileSystemInfo_DirectoryWithTrailingSlash_ProducesUriWithTrailingSlash" storage="c:\users\ericcarlson\documents\github\pickles\src\pickles.test\bin\debug\net6.0\picklesdoc.pickles.test.dll" id="91a1d4f4-07ed-e043-9cbe-b43f79013c8f">
      <Execution id="b6f8dabf-b37a-469c-ba40-f7ee690a9c08" />
      <TestMethod codeBase="C:\Users\ericcarlson\Documents\GitHub\pickles\src\Pickles.Test\bin\Debug\net6.0\PicklesDoc.Pickles.Test.dll" adapterTypeName="executor://nunit3testexecutor/" className="PicklesDoc.Pickles.Test.Extensions.UriExtensionsTests" name="ToUriFileSystemInfo_DirectoryWithTrailingSlash_ProducesUriWithTrailingSlash" />
    </UnitTest>
    <UnitTest name="ThenCanDetectAllImagesSuccessfully" storage="c:\users\ericcarlson\documents\github\pickles\src\pickles.test\bin\debug\net6.0\picklesdoc.pickles.test.dll" id="83e26a96-56bc-6d91-1739-e2e0f0465b03">
      <Execution id="0c25ace4-b25d-47e8-af1a-0d06e7780e2a" />
      <TestMethod codeBase="C:\Users\ericcarlson\Documents\GitHub\pickles\src\Pickles.Test\bin\Debug\net6.0\PicklesDoc.Pickles.Test.dll" adapterTypeName="executor://nunit3testexecutor/" className="PicklesDoc.Pickles.Test.WhenWorkingWithHtmlResources" name="ThenCanDetectAllImagesSuccessfully" />
    </UnitTest>
    <UnitTest name="Map_AnExampleWithDescription_ReturnsAJsonExampleWithName" storage="c:\users\ericcarlson\documents\github\pickles\src\pickles.test\bin\debug\net6.0\picklesdoc.pickles.test.dll" id="15bff550-0c48-3ffe-9284-11b3c21248de">
      <Execution id="8de0f222-504c-49d9-b517-17ec70c0743c" />
      <TestMethod codeBase="C:\Users\ericcarlson\Documents\GitHub\pickles\src\Pickles.Test\bin\Debug\net6.0\PicklesDoc.Pickles.Test.dll" adapterTypeName="executor://nunit3testexecutor/" className="PicklesDoc.Pickles.Test.ObjectModel.Json.ExampleToJsonExampleMapperTests" name="Map_AnExampleWithDescription_ReturnsAJsonExampleWithName" />
    </UnitTest>
    <UnitTest name="Create_BogusLocationType_AddsEntryToReport" storage="c:\users\ericcarlson\documents\github\pickles\src\pickles.test\bin\debug\net6.0\picklesdoc.pickles.test.dll" id="ef50a5c4-5ecf-67d2-2133-62db98825073">
      <Execution id="07d1556c-9037-45e8-88ec-8f0adc78bc37" />
      <TestMethod codeBase="C:\Users\ericcarlson\Documents\GitHub\pickles\src\Pickles.Test\bin\Debug\net6.0\PicklesDoc.Pickles.Test.dll" adapterTypeName="executor://nunit3testexecutor/" className="PicklesDoc.Pickles.Test.FeatureNodeFactoryTests" name="Create_BogusLocationType_AddsEntryToReport" />
    </UnitTest>
    <UnitTest name="LineThatStartsWithEscapedHash_Header6_ShouldRemoveEscapeSign" storage="c:\users\ericcarlson\documents\github\pickles\src\pickles.test\bin\debug\net6.0\picklesdoc.pickles.test.dll" id="74539da9-e8d8-3db8-fc39-faa5f1db68f1">
      <Execution id="a8592c11-bdb7-4d26-871f-dc5592c1ce51" />
      <TestMethod codeBase="C:\Users\ericcarlson\Documents\GitHub\pickles\src\Pickles.Test\bin\Debug\net6.0\PicklesDoc.Pickles.Test.dll" adapterTypeName="executor://nunit3testexecutor/" className="PicklesDoc.Pickles.Test.DescriptionProcessorTests" name="LineThatStartsWithEscapedHash_Header6_ShouldRemoveEscapeSign" />
    </UnitTest>
    <UnitTest name="ThenCanResolveTheSelectedIDocumentationBuilder(Word,PicklesDoc.Pickles.DocumentationBuilders.Word.WordDocumentationBuilder)" storage="c:\users\ericcarlson\documents\github\pickles\src\pickles.test\bin\debug\net6.0\picklesdoc.pickles.test.dll" id="9cd5c73f-8266-3b6a-c78a-2aac24b20653">
      <Execution id="6c727192-50a5-4b1b-a455-8e2a5e51f5be" />
      <TestMethod codeBase="C:\Users\ericcarlson\Documents\GitHub\pickles\src\Pickles.Test\bin\Debug\net6.0\PicklesDoc.Pickles.Test.dll" adapterTypeName="executor://nunit3testexecutor/" className="PicklesDoc.Pickles.Test.WhenResolvingADocumentationBuilder" name="ThenCanResolveTheSelectedIDocumentationBuilder(Word,PicklesDoc.Pickles.DocumentationBuilders.Word.WordDocumentationBuilder)" />
    </UnitTest>
    <UnitTest name="Map_AnExampleWithName_ReturnsAJsonExampleWithName" storage="c:\users\ericcarlson\documents\github\pickles\src\pickles.test\bin\debug\net6.0\picklesdoc.pickles.test.dll" id="47d60e4c-7728-7fa1-ef17-3a29405824ca">
      <Execution id="62190a35-4e3f-4aea-a83c-2e585ad31019" />
      <TestMethod codeBase="C:\Users\ericcarlson\Documents\GitHub\pickles\src\Pickles.Test\bin\Debug\net6.0\PicklesDoc.Pickles.Test.dll" adapterTypeName="executor://nunit3testexecutor/" className="PicklesDoc.Pickles.Test.ObjectModel.Json.ExampleToJsonExampleMapperTests" name="Map_AnExampleWithName_ReturnsAJsonExampleWithName" />
    </UnitTest>
    <UnitTest name="MapToScenario_Always_MapsFeatureProperty" storage="c:\users\ericcarlson\documents\github\pickles\src\pickles.test\bin\debug\net6.0\picklesdoc.pickles.test.dll" id="df26f463-6d21-97d6-0a42-9137aec5ea4c">
      <Execution id="e6314c98-64e6-428f-8ef4-3a1a17d93807" />
      <TestMethod codeBase="C:\Users\ericcarlson\Documents\GitHub\pickles\src\Pickles.Test\bin\Debug\net6.0\PicklesDoc.Pickles.Test.dll" adapterTypeName="executor://nunit3testexecutor/" className="PicklesDoc.Pickles.Test.ObjectModel.MapperTestsForScenario" name="MapToScenario_Always_MapsFeatureProperty" />
    </UnitTest>
    <UnitTest name="WhenExperimentalIsEnabled_ResolveStrikeMarkdownProvider" storage="c:\users\ericcarlson\documents\github\pickles\src\pickles.test\bin\debug\net6.0\picklesdoc.pickles.test.dll" id="2d57c021-10f4-7573-e131-41b5e641b7f1">
      <Execution id="c11ea646-61bd-4140-a225-0ed0a6457fd0" />
      <TestMethod codeBase="C:\Users\ericcarlson\Documents\GitHub\pickles\src\Pickles.Test\bin\Debug\net6.0\PicklesDoc.Pickles.Test.dll" adapterTypeName="executor://nunit3testexecutor/" className="PicklesDoc.Pickles.Test.WhenResolvingAMarkdownProvider" name="WhenExperimentalIsEnabled_ResolveStrikeMarkdownProvider" />
    </UnitTest>
    <UnitTest name="ThenCanResolveTheSelectedIDocumentationBuilderAsSingleton(Cucumber,PicklesDoc.Pickles.DocumentationBuilders.Cucumber.CucumberDocumentationBuilder)" storage="c:\users\ericcarlson\documents\github\pickles\src\pickles.test\bin\debug\net6.0\picklesdoc.pickles.test.dll" id="15c6ac4d-16dc-6060-b25a-37948ceea996">
      <Execution id="55024c6b-8c4e-41f9-afe9-0631d7748e70" />
      <TestMethod codeBase="C:\Users\ericcarlson\Documents\GitHub\pickles\src\Pickles.Test\bin\Debug\net6.0\PicklesDoc.Pickles.Test.dll" adapterTypeName="executor://nunit3testexecutor/" className="PicklesDoc.Pickles.Test.WhenResolvingADocumentationBuilder" name="ThenCanResolveTheSelectedIDocumentationBuilderAsSingleton(Cucumber,PicklesDoc.Pickles.DocumentationBuilders.Cucumber.CucumberDocumentationBuilder)" />
    </UnitTest>
    <UnitTest name="MapToStringDocString_ArgumentWithStringValue_ReturnsThatString" storage="c:\users\ericcarlson\documents\github\pickles\src\pickles.test\bin\debug\net6.0\picklesdoc.pickles.test.dll" id="8a192c30-8319-60ca-9b79-083c98f4c139">
      <Execution id="a38b5f22-a50f-4af9-8079-171669fa65b4" />
      <TestMethod codeBase="C:\Users\ericcarlson\Documents\GitHub\pickles\src\Pickles.Test\bin\Debug\net6.0\PicklesDoc.Pickles.Test.dll" adapterTypeName="executor://nunit3testexecutor/" className="PicklesDoc.Pickles.Test.ObjectModel.MapperTestsForDocString" name="MapToStringDocString_ArgumentWithStringValue_ReturnsThatString" />
    </UnitTest>
    <UnitTest name="ThenCanParseMostBasicFeatureSuccessfully" storage="c:\users\ericcarlson\documents\github\pickles\src\pickles.test\bin\debug\net6.0\picklesdoc.pickles.test.dll" id="1ef557f7-18cb-a8c3-1cc5-a8b4f5dc1b33">
      <Execution id="a788632a-2c44-4f7a-af3e-7a06c1a515cd" />
      <TestMethod codeBase="C:\Users\ericcarlson\Documents\GitHub\pickles\src\Pickles.Test\bin\Debug\net6.0\PicklesDoc.Pickles.Test.dll" adapterTypeName="executor://nunit3testexecutor/" className="PicklesDoc.Pickles.Test.WhenParsingFeatureFiles" name="ThenCanParseMostBasicFeatureSuccessfully" />
    </UnitTest>
    <UnitTest name="ThenCanResolveTheSelectedIDocumentationBuilderAsSingleton(Html,PicklesDoc.Pickles.DocumentationBuilders.Html.HtmlDocumentationBuilder)" storage="c:\users\ericcarlson\documents\github\pickles\src\pickles.test\bin\debug\net6.0\picklesdoc.pickles.test.dll" id="b407155a-e5fd-8677-d804-23913edba29d">
      <Execution id="65bfe151-2922-49b4-85e4-631c2faac22c" />
      <TestMethod codeBase="C:\Users\ericcarlson\Documents\GitHub\pickles\src\Pickles.Test\bin\Debug\net6.0\PicklesDoc.Pickles.Test.dll" adapterTypeName="executor://nunit3testexecutor/" className="PicklesDoc.Pickles.Test.WhenResolvingADocumentationBuilder" name="ThenCanResolveTheSelectedIDocumentationBuilderAsSingleton(Html,PicklesDoc.Pickles.DocumentationBuilders.Html.HtmlDocumentationBuilder)" />
    </UnitTest>
    <UnitTest name="Map_NoTags_ReturnsEmptyListOfTags" storage="c:\users\ericcarlson\documents\github\pickles\src\pickles.test\bin\debug\net6.0\picklesdoc.pickles.test.dll" id="245405dd-491a-55b3-14cd-299fc71fa07d">
      <Execution id="f6581997-c0c5-4b6b-b1b4-71184babf346" />
      <TestMethod codeBase="C:\Users\ericcarlson\Documents\GitHub\pickles\src\Pickles.Test\bin\Debug\net6.0\PicklesDoc.Pickles.Test.dll" adapterTypeName="executor://nunit3testexecutor/" className="PicklesDoc.Pickles.Test.ObjectModel.Json.ScenarioToJsonScenarioMapperTests" name="Map_NoTags_ReturnsEmptyListOfTags" />
    </UnitTest>
    <UnitTest name="MapToKeyword_ThenInSwedish_ReturnsThen" storage="c:\users\ericcarlson\documents\github\pickles\src\pickles.test\bin\debug\net6.0\picklesdoc.pickles.test.dll" id="e31e485a-1cf3-d830-234b-7b05e837d621">
      <Execution id="98771b36-29f0-4701-9ebc-8a5c1df9ef9f" />
      <TestMethod codeBase="C:\Users\ericcarlson\Documents\GitHub\pickles\src\Pickles.Test\bin\Debug\net6.0\PicklesDoc.Pickles.Test.dll" adapterTypeName="executor://nunit3testexecutor/" className="PicklesDoc.Pickles.Test.ObjectModel.MappingTestsForKeyword" name="MapToKeyword_ThenInSwedish_ReturnsThen" />
    </UnitTest>
    <UnitTest name="Map_FeatureWithName_ReturnsName" storage="c:\users\ericcarlson\documents\github\pickles\src\pickles.test\bin\debug\net6.0\picklesdoc.pickles.test.dll" id="b4df1736-c2bd-dc63-b866-5fc06d2618cb">
      <Execution id="b239e35b-a410-4a58-9f89-385effcc868e" />
      <TestMethod codeBase="C:\Users\ericcarlson\Documents\GitHub\pickles\src\Pickles.Test\bin\Debug\net6.0\PicklesDoc.Pickles.Test.dll" adapterTypeName="executor://nunit3testexecutor/" className="PicklesDoc.Pickles.Test.ObjectModel.Json.FeatureToJsonFeatureMapperTests" name="Map_FeatureWithName_ReturnsName" />
    </UnitTest>
    <UnitTest name="Map_WithDescription_ReturnsDescription" storage="c:\users\ericcarlson\documents\github\pickles\src\pickles.test\bin\debug\net6.0\picklesdoc.pickles.test.dll" id="e757d0a0-d7ae-d816-fce8-24ebc2d1e194">
      <Execution id="b97689b3-1a74-4661-9607-7d1efc2cd70d" />
      <TestMethod codeBase="C:\Users\ericcarlson\Documents\GitHub\pickles\src\Pickles.Test\bin\Debug\net6.0\PicklesDoc.Pickles.Test.dll" adapterTypeName="executor://nunit3testexecutor/" className="PicklesDoc.Pickles.Test.ObjectModel.Json.ScenarioToJsonScenarioMapperTests" name="Map_WithDescription_ReturnsDescription" />
    </UnitTest>
    <UnitTest name="LineThatStartsWithEscapedHash_Header1_ShouldRemoveEscapeSign" storage="c:\users\ericcarlson\documents\github\pickles\src\pickles.test\bin\debug\net6.0\picklesdoc.pickles.test.dll" id="8b9757c9-77c1-3693-65ab-02394e92b990">
      <Execution id="78e44c02-3c41-4800-86ee-56a73ed6a97e" />
      <TestMethod codeBase="C:\Users\ericcarlson\Documents\GitHub\pickles\src\Pickles.Test\bin\Debug\net6.0\PicklesDoc.Pickles.Test.dll" adapterTypeName="executor://nunit3testexecutor/" className="PicklesDoc.Pickles.Test.DescriptionProcessorTests" name="LineThatStartsWithEscapedHash_Header1_ShouldRemoveEscapeSign" />
    </UnitTest>
    <UnitTest name="Map_SomeScenario_ReturnsSomeJsonScenario" storage="c:\users\ericcarlson\documents\github\pickles\src\pickles.test\bin\debug\net6.0\picklesdoc.pickles.test.dll" id="e0322fac-aec1-23bb-b284-575e2e1315bf">
      <Execution id="78a24547-53b0-4746-b953-ade4206a2c4b" />
      <TestMethod codeBase="C:\Users\ericcarlson\Documents\GitHub\pickles\src\Pickles.Test\bin\Debug\net6.0\PicklesDoc.Pickles.Test.dll" adapterTypeName="executor://nunit3testexecutor/" className="PicklesDoc.Pickles.Test.ObjectModel.Json.ScenarioToJsonScenarioMapperTests" name="Map_SomeScenario_ReturnsSomeJsonScenario" />
    </UnitTest>
    <UnitTest name="Li_Element_Must_Not_Have_Id_Attribute" storage="c:\users\ericcarlson\documents\github\pickles\src\pickles.test\bin\debug\net6.0\picklesdoc.pickles.test.dll" id="a8850aa8-94db-71f8-8aa2-89556cda37d6">
      <Execution id="e2eec47b-1261-46b9-ad33-d2288212d44c" />
      <TestMethod codeBase="C:\Users\ericcarlson\Documents\GitHub\pickles\src\Pickles.Test\bin\Debug\net6.0\PicklesDoc.Pickles.Test.dll" adapterTypeName="executor://nunit3testexecutor/" className="PicklesDoc.Pickles.Test.Formatters.HtmlScenarioFormatterTests" name="Li_Element_Must_Not_Have_Id_Attribute" />
    </UnitTest>
    <UnitTest name="Map_WithoutStepComments_ReturnsEmptyList" storage="c:\users\ericcarlson\documents\github\pickles\src\pickles.test\bin\debug\net6.0\picklesdoc.pickles.test.dll" id="29a3c11d-efc3-2b7f-7226-91220f6ed839">
      <Execution id="8e99db3c-4b2e-4cc1-ad52-91865f25c11a" />
      <TestMethod codeBase="C:\Users\ericcarlson\Documents\GitHub\pickles\src\Pickles.Test\bin\Debug\net6.0\PicklesDoc.Pickles.Test.dll" adapterTypeName="executor://nunit3testexecutor/" className="PicklesDoc.Pickles.Test.ObjectModel.Json.StepToJsonStepMapperTests" name="Map_WithoutStepComments_ReturnsEmptyList" />
    </UnitTest>
    <UnitTest name="Map_Example_ReturnsExample" storage="c:\users\ericcarlson\documents\github\pickles\src\pickles.test\bin\debug\net6.0\picklesdoc.pickles.test.dll" id="3dd0b31c-7ae7-d396-3cb3-ba9a89f3a4d4">
      <Execution id="92e09ffa-7261-42fb-86e6-243bebe593cf" />
      <TestMethod codeBase="C:\Users\ericcarlson\Documents\GitHub\pickles\src\Pickles.Test\bin\Debug\net6.0\PicklesDoc.Pickles.Test.dll" adapterTypeName="executor://nunit3testexecutor/" className="PicklesDoc.Pickles.Test.ObjectModel.Json.ScenarioToJsonScenarioMapperTests" name="Map_Example_ReturnsExample" />
    </UnitTest>
    <UnitTest name="WhenExperimentalIsDisabled_ResolveMarkdownProvider" storage="c:\users\ericcarlson\documents\github\pickles\src\pickles.test\bin\debug\net6.0\picklesdoc.pickles.test.dll" id="2ded35d7-32fa-b312-206c-4530f3316064">
      <Execution id="db2f66b9-80c5-47f9-b9d9-4a538cf380f6" />
      <TestMethod codeBase="C:\Users\ericcarlson\Documents\GitHub\pickles\src\Pickles.Test\bin\Debug\net6.0\PicklesDoc.Pickles.Test.dll" adapterTypeName="executor://nunit3testexecutor/" className="PicklesDoc.Pickles.Test.WhenResolvingAMarkdownProvider" name="WhenExperimentalIsDisabled_ResolveMarkdownProvider" />
    </UnitTest>
    <UnitTest name="MapToScenario_NullScenario_ReturnsNull" storage="c:\users\ericcarlson\documents\github\pickles\src\pickles.test\bin\debug\net6.0\picklesdoc.pickles.test.dll" id="b4c3f351-61ef-8930-7ade-7ecfade50bdf">
      <Execution id="67bdf3f4-4487-4339-86fa-ee02eaf53220" />
      <TestMethod codeBase="C:\Users\ericcarlson\Documents\GitHub\pickles\src\Pickles.Test\bin\Debug\net6.0\PicklesDoc.Pickles.Test.dll" adapterTypeName="executor://nunit3testexecutor/" className="PicklesDoc.Pickles.Test.ObjectModel.MapperTestsForScenarioOutline" name="MapToScenario_NullScenario_ReturnsNull" />
    </UnitTest>
    <UnitTest name="Create_MarkdownParsingError_AddsEntryToReport" storage="c:\users\ericcarlson\documents\github\pickles\src\pickles.test\bin\debug\net6.0\picklesdoc.pickles.test.dll" id="efc98ff6-24a4-3785-7d11-0177db098370">
      <Execution id="ec80625d-ae96-4983-8fe7-a65fa9f5bbd3" />
      <TestMethod codeBase="C:\Users\ericcarlson\Documents\GitHub\pickles\src\Pickles.Test\bin\Debug\net6.0\PicklesDoc.Pickles.Test.dll" adapterTypeName="executor://nunit3testexecutor/" className="PicklesDoc.Pickles.Test.FeatureNodeFactoryTests" name="Create_MarkdownParsingError_AddsEntryToReport" />
    </UnitTest>
    <UnitTest name="Format_ContentIsFeatureNode_UsesHtmlFeatureFormatterWithCorrectArgument" storage="c:\users\ericcarlson\documents\github\pickles\src\pickles.test\bin\debug\net6.0\picklesdoc.pickles.test.dll" id="469a685d-4e1b-0133-054e-35e10cec9810">
      <Execution id="80bcd332-e755-4b06-8956-17faa5ba88d9" />
      <TestMethod codeBase="C:\Users\ericcarlson\Documents\GitHub\pickles\src\Pickles.Test\bin\Debug\net6.0\PicklesDoc.Pickles.Test.dll" adapterTypeName="executor://nunit3testexecutor/" className="PicklesDoc.Pickles.Test.Formatters.HtmlContentFormatterTests" name="Format_ContentIsFeatureNode_UsesHtmlFeatureFormatterWithCorrectArgument" />
    </UnitTest>
    <UnitTest name="MapToFeature_FeatureWithDutchLanguage_ReturnsFeatureWithDutch" storage="c:\users\ericcarlson\documents\github\pickles\src\pickles.test\bin\debug\net6.0\picklesdoc.pickles.test.dll" id="099963f8-8e00-3f84-3a38-4573687c4438">
      <Execution id="80eb0b16-a076-4ab5-9c49-7f02fba50747" />
      <TestMethod codeBase="C:\Users\ericcarlson\Documents\GitHub\pickles\src\Pickles.Test\bin\Debug\net6.0\PicklesDoc.Pickles.Test.dll" adapterTypeName="executor://nunit3testexecutor/" className="PicklesDoc.Pickles.Test.ObjectModel.MapperTestsForFeature" name="MapToFeature_FeatureWithDutchLanguage_ReturnsFeatureWithDutch" />
    </UnitTest>
    <UnitTest name="Get_A_Relative_Path_When_Location_Is_Deeper_Than_Root_Even_When_Root_Contains_End_Slash" storage="c:\users\ericcarlson\documents\github\pickles\src\pickles.test\bin\debug\net6.0\picklesdoc.pickles.test.dll" id="46b0f1f2-e2c0-2ed3-c0f5-cf8dfe1ffe79">
      <Execution id="bd4172c2-19e8-4e93-b488-2dac3d79c282" />
      <TestMethod codeBase="C:\Users\ericcarlson\Documents\GitHub\pickles\src\Pickles.Test\bin\Debug\net6.0\PicklesDoc.Pickles.Test.dll" adapterTypeName="executor://nunit3testexecutor/" className="PicklesDoc.Pickles.Test.Extensions.PathExtensionsTests" name="Get_A_Relative_Path_When_Location_Is_Deeper_Than_Root_Even_When_Root_Contains_End_Slash" />
    </UnitTest>
    <UnitTest name="Merge_PassedInconclusiveAndFailedResults_ShouldReturnFailed" storage="c:\users\ericcarlson\documents\github\pickles\src\pickles.test\bin\debug\net6.0\picklesdoc.pickles.test.dll" id="9f075bd6-5d09-682b-185d-903bddefcd8e">
      <Execution id="2fa14a3a-d8f7-42ad-8c7b-8a7c3178e89b" />
      <TestMethod codeBase="C:\Users\ericcarlson\Documents\GitHub\pickles\src\Pickles.Test\bin\Debug\net6.0\PicklesDoc.Pickles.Test.dll" adapterTypeName="executor://nunit3testexecutor/" className="PicklesDoc.Pickles.Test.TestResultExtensionsTests" name="Merge_PassedInconclusiveAndFailedResults_ShouldReturnFailed" />
    </UnitTest>
    <UnitTest name="MapToScenarioBackground_RegularBackground_ReturnsScenario" storage="c:\users\ericcarlson\documents\github\pickles\src\pickles.test\bin\debug\net6.0\picklesdoc.pickles.test.dll" id="f90d61a1-3540-ae8e-65c9-60ef6c04641b">
      <Execution id="7a59251c-fe4c-4cca-aa50-11496af9ed20" />
      <TestMethod codeBase="C:\Users\ericcarlson\Documents\GitHub\pickles\src\Pickles.Test\bin\Debug\net6.0\PicklesDoc.Pickles.Test.dll" adapterTypeName="executor://nunit3testexecutor/" className="PicklesDoc.Pickles.Test.ObjectModel.MapperTestsForBackground" name="MapToScenarioBackground_RegularBackground_ReturnsScenario" />
    </UnitTest>
    <UnitTest name="ToFolderUriString_WithoutTrailingSlash_ValidOutputWithTrailingSlash" storage="c:\users\ericcarlson\documents\github\pickles\src\pickles.test\bin\debug\net6.0\picklesdoc.pickles.test.dll" id="37fe9d09-a818-1ef8-df58-f72c0d297037">
      <Execution id="11a36323-5756-41d9-a385-ad5bcfa16574" />
      <TestMethod codeBase="C:\Users\ericcarlson\Documents\GitHub\pickles\src\Pickles.Test\bin\Debug\net6.0\PicklesDoc.Pickles.Test.dll" adapterTypeName="executor://nunit3testexecutor/" className="PicklesDoc.Pickles.Test.Extensions.UriExtensionsTests" name="ToFolderUriString_WithoutTrailingSlash_ValidOutputWithTrailingSlash" />
    </UnitTest>
    <UnitTest name="MapToStringTag_RegularTag_ReturnsStringOfTheTag" storage="c:\users\ericcarlson\documents\github\pickles\src\pickles.test\bin\debug\net6.0\picklesdoc.pickles.test.dll" id="a9da35b8-99a8-fe50-9531-fe6e4dd9b7fc">
      <Execution id="20df953d-8f61-4edb-a695-27e5b7de73d9" />
      <TestMethod codeBase="C:\Users\ericcarlson\Documents\GitHub\pickles\src\Pickles.Test\bin\Debug\net6.0\PicklesDoc.Pickles.Test.dll" adapterTypeName="executor://nunit3testexecutor/" className="PicklesDoc.Pickles.Test.ObjectModel.MapperTestsForTag" name="MapToStringTag_RegularTag_ReturnsStringOfTheTag" />
    </UnitTest>
    <UnitTest name="ThenCanDetectAllScriptsSuccessfully" storage="c:\users\ericcarlson\documents\github\pickles\src\pickles.test\bin\debug\net6.0\picklesdoc.pickles.test.dll" id="0c97d668-a530-0371-fb9a-28c792581fe6">
      <Execution id="27f37d42-13f5-4d94-8d68-80ff66792642" />
      <TestMethod codeBase="C:\Users\ericcarlson\Documents\GitHub\pickles\src\Pickles.Test\bin\Debug\net6.0\PicklesDoc.Pickles.Test.dll" adapterTypeName="executor://nunit3testexecutor/" className="PicklesDoc.Pickles.Test.WhenWorkingWithHtmlResources" name="ThenCanDetectAllScriptsSuccessfully" />
    </UnitTest>
    <UnitTest name="Specification_Scenario2" storage="c:\users\ericcarlson\documents\github\pickles\src\pickles.test\bin\debug\net6.0\picklesdoc.pickles.test.dll" id="441fccae-3b8f-46a3-a8ec-69ee090eade3">
      <Execution id="eeb13057-dea1-48f0-9947-d7a81630aa9d" />
      <TestMethod codeBase="C:\Users\ericcarlson\Documents\GitHub\pickles\src\Pickles.Test\bin\Debug\net6.0\PicklesDoc.Pickles.Test.dll" adapterTypeName="executor://nunit3testexecutor/" className="PicklesDoc.Pickles.Test.DescriptionProcessorTests" name="Specification_Scenario2" />
    </UnitTest>
    <UnitTest name="Constructor_Default_SetsLanguageToEnglish" storage="c:\users\ericcarlson\documents\github\pickles\src\pickles.test\bin\debug\net6.0\picklesdoc.pickles.test.dll" id="0aa79223-629c-5269-1c07-377109cd0bcb">
      <Execution id="a9394f7d-2fb2-46e4-a3a7-f39236cff04b" />
      <TestMethod codeBase="C:\Users\ericcarlson\Documents\GitHub\pickles\src\Pickles.Test\bin\Debug\net6.0\PicklesDoc.Pickles.Test.dll" adapterTypeName="executor://nunit3testexecutor/" className="PicklesDoc.Pickles.Test.ConfigurationTests" name="Constructor_Default_SetsLanguageToEnglish" />
    </UnitTest>
    <UnitTest name="MapToFeature_FeatureWithComments_ReturnsFeatureWithoutComments_WhenConfigurationSpecifies" storage="c:\users\ericcarlson\documents\github\pickles\src\pickles.test\bin\debug\net6.0\picklesdoc.pickles.test.dll" id="ee9a1573-ad49-6697-840a-72c1ec738307">
      <Execution id="c6ae0a01-cac5-44e1-b383-254d9a1722a4" />
      <TestMethod codeBase="C:\Users\ericcarlson\Documents\GitHub\pickles\src\Pickles.Test\bin\Debug\net6.0\PicklesDoc.Pickles.Test.dll" adapterTypeName="executor://nunit3testexecutor/" className="PicklesDoc.Pickles.Test.ObjectModel.MapperTestsForFeature" name="MapToFeature_FeatureWithComments_ReturnsFeatureWithoutComments_WhenConfigurationSpecifies" />
    </UnitTest>
    <UnitTest name="GetEncoding_UTF7BOM_ReturnsUTF" storage="c:\users\ericcarlson\documents\github\pickles\src\pickles.test\bin\debug\net6.0\picklesdoc.pickles.test.dll" id="c3fc67c9-f6cc-0277-4e92-395574eb470c">
      <Execution id="2ff8aea2-03bc-4116-9d5f-689cbc7ac079" />
      <TestMethod codeBase="C:\Users\ericcarlson\Documents\GitHub\pickles\src\Pickles.Test\bin\Debug\net6.0\PicklesDoc.Pickles.Test.dll" adapterTypeName="executor://nunit3testexecutor/" className="PicklesDoc.Pickles.Test.EncodingDetectorTests" name="GetEncoding_UTF7BOM_ReturnsUTF" />
    </UnitTest>
    <UnitTest name="Map_EnglishFeature_SetsNativeKeywordToExamples" storage="c:\users\ericcarlson\documents\github\pickles\src\pickles.test\bin\debug\net6.0\picklesdoc.pickles.test.dll" id="ba53ca1c-8fc8-ce7b-1238-7a4281364dad">
      <Execution id="d865ea53-5f4f-42d8-b93d-60bb9a2345bb" />
      <TestMethod codeBase="C:\Users\ericcarlson\Documents\GitHub\pickles\src\Pickles.Test\bin\Debug\net6.0\PicklesDoc.Pickles.Test.dll" adapterTypeName="executor://nunit3testexecutor/" className="PicklesDoc.Pickles.Test.ObjectModel.Json.ExampleToJsonExampleMapperTests" name="Map_EnglishFeature_SetsNativeKeywordToExamples" />
    </UnitTest>
    <UnitTest name="GetRelativeUriTo_DirectoryToFileOutside_ReturnsRelativePath" storage="c:\users\ericcarlson\documents\github\pickles\src\pickles.test\bin\debug\net6.0\picklesdoc.pickles.test.dll" id="8b1542e3-99b5-1273-5fd1-a9f37fb26ad5">
      <Execution id="3b65cc43-02c9-4206-bd92-8157f9ad3a99" />
      <TestMethod codeBase="C:\Users\ericcarlson\Documents\GitHub\pickles\src\Pickles.Test\bin\Debug\net6.0\PicklesDoc.Pickles.Test.dll" adapterTypeName="executor://nunit3testexecutor/" className="PicklesDoc.Pickles.Test.DirectoryCrawlers.FolderDirectoryTreeNodeTests" name="GetRelativeUriTo_DirectoryToFileOutside_ReturnsRelativePath" />
    </UnitTest>
    <UnitTest name="MapToTableRow_RowWithCellValues_ReturnsRowContainingThoseValues" storage="c:\users\ericcarlson\documents\github\pickles\src\pickles.test\bin\debug\net6.0\picklesdoc.pickles.test.dll" id="9bd1749b-1791-ec4a-f271-7478791738c2">
      <Execution id="08dbf2f6-d63c-40eb-8fc2-e686159cac77" />
      <TestMethod codeBase="C:\Users\ericcarlson\Documents\GitHub\pickles\src\Pickles.Test\bin\Debug\net6.0\PicklesDoc.Pickles.Test.dll" adapterTypeName="executor://nunit3testexecutor/" className="PicklesDoc.Pickles.Test.ObjectModel.MapperTestsForDataTable" name="MapToTableRow_RowWithCellValues_ReturnsRowContainingThoseValues" />
    </UnitTest>
    <UnitTest name="Add_NullNode_ThrowArgumentNullException" storage="c:\users\ericcarlson\documents\github\pickles\src\pickles.test\bin\debug\net6.0\picklesdoc.pickles.test.dll" id="49bd8a06-7460-8a08-3a2a-32fcb61399a5">
      <Execution id="1a53ac0e-b525-436e-931b-f42d39fd6ecc" />
      <TestMethod codeBase="C:\Users\ericcarlson\Documents\GitHub\pickles\src\Pickles.Test\bin\Debug\net6.0\PicklesDoc.Pickles.Test.dll" adapterTypeName="executor://nunit3testexecutor/" className="PicklesDoc.Pickles.Test.DataStructures.TreeTests" name="Add_NullNode_ThrowArgumentNullException" />
    </UnitTest>
    <UnitTest name="GetDialect_WithLanguageThatIncludesHyphen_ReturnsThatLanguage" storage="c:\users\ericcarlson\documents\github\pickles\src\pickles.test\bin\debug\net6.0\picklesdoc.pickles.test.dll" id="c064a3cb-594b-9f1c-fd00-9c99d07e5d7d">
      <Execution id="8320b370-44b6-4ac0-8930-8de6bf59119f" />
      <TestMethod codeBase="C:\Users\ericcarlson\Documents\GitHub\pickles\src\Pickles.Test\bin\Debug\net6.0\PicklesDoc.Pickles.Test.dll" adapterTypeName="executor://nunit3testexecutor/" className="PicklesDoc.Pickles.Test.CultureAwareDialectProviderTests" name="GetDialect_WithLanguageThatIncludesHyphen_ReturnsThatLanguage" />
    </UnitTest>
    <UnitTest name="Map_Null_ReturnsNull" storage="c:\users\ericcarlson\documents\github\pickles\src\pickles.test\bin\debug\net6.0\picklesdoc.pickles.test.dll" id="627adc13-8a7b-a068-2e61-4aa81780d9fd">
      <Execution id="eae4139f-6efa-4f7d-89ac-783883782987" />
      <TestMethod codeBase="C:\Users\ericcarlson\Documents\GitHub\pickles\src\Pickles.Test\bin\Debug\net6.0\PicklesDoc.Pickles.Test.dll" adapterTypeName="executor://nunit3testexecutor/" className="PicklesDoc.Pickles.Test.ObjectModel.Json.TableToJsonTableMapperTests" name="Map_Null_ReturnsNull" />
    </UnitTest>
    <UnitTest name="Map_WithStepComments_ReturnsThoseComments" storage="c:\users\ericcarlson\documents\github\pickles\src\pickles.test\bin\debug\net6.0\picklesdoc.pickles.test.dll" id="2727f611-717b-e830-4bd0-bf3af2242d14">
      <Execution id="6595dcef-c6df-4526-b172-e10e337b30c9" />
      <TestMethod codeBase="C:\Users\ericcarlson\Documents\GitHub\pickles\src\Pickles.Test\bin\Debug\net6.0\PicklesDoc.Pickles.Test.dll" adapterTypeName="executor://nunit3testexecutor/" className="PicklesDoc.Pickles.Test.ObjectModel.Json.StepToJsonStepMapperTests" name="Map_WithStepComments_ReturnsThoseComments" />
    </UnitTest>
    <UnitTest name="Map_NonNullStep_ReturnsJsonStep" storage="c:\users\ericcarlson\documents\github\pickles\src\pickles.test\bin\debug\net6.0\picklesdoc.pickles.test.dll" id="4c3b0b4e-8fbb-7811-7a21-4748a52bc3e2">
      <Execution id="1ce1b284-bb79-4653-bf34-0d4583446cb4" />
      <TestMethod codeBase="C:\Users\ericcarlson\Documents\GitHub\pickles\src\Pickles.Test\bin\Debug\net6.0\PicklesDoc.Pickles.Test.dll" adapterTypeName="executor://nunit3testexecutor/" className="PicklesDoc.Pickles.Test.ObjectModel.Json.StepToJsonStepMapperTests" name="Map_NonNullStep_ReturnsJsonStep" />
    </UnitTest>
    <UnitTest name="TableOfContent_Must_Link_Folder_Nodes_To_That_Folders_Index_File" storage="c:\users\ericcarlson\documents\github\pickles\src\pickles.test\bin\debug\net6.0\picklesdoc.pickles.test.dll" id="9434f0b6-144d-fa9a-e2fd-7b54edae4153">
      <Execution id="7d31ca31-69be-4e48-963e-30e5b3244369" />
      <TestMethod codeBase="C:\Users\ericcarlson\Documents\GitHub\pickles\src\Pickles.Test\bin\Debug\net6.0\PicklesDoc.Pickles.Test.dll" adapterTypeName="executor://nunit3testexecutor/" className="PicklesDoc.Pickles.Test.Formatters.TableOfContentsShouldBeCreatedFromAFolderStructure" name="TableOfContent_Must_Link_Folder_Nodes_To_That_Folders_Index_File" />
    </UnitTest>
    <UnitTest name="ToFileUriString_WithoutTrailingSlash_ValidOutputWithTrailingSlash" storage="c:\users\ericcarlson\documents\github\pickles\src\pickles.test\bin\debug\net6.0\picklesdoc.pickles.test.dll" id="79e9a2d5-6fd7-c594-c7c3-6a0aee043d3b">
      <Execution id="4fec4b61-ddd3-44f4-b38b-a6d0c303077f" />
      <TestMethod codeBase="C:\Users\ericcarlson\Documents\GitHub\pickles\src\Pickles.Test\bin\Debug\net6.0\PicklesDoc.Pickles.Test.dll" adapterTypeName="executor://nunit3testexecutor/" className="PicklesDoc.Pickles.Test.Extensions.UriExtensionsTests" name="ToFileUriString_WithoutTrailingSlash_ValidOutputWithTrailingSlash" />
    </UnitTest>
    <UnitTest name="Map_AnExampleWithTableArgument_ReturnsAJsonExampleWithTableArgument" storage="c:\users\ericcarlson\documents\github\pickles\src\pickles.test\bin\debug\net6.0\picklesdoc.pickles.test.dll" id="6608e1a4-2d57-9534-02c8-9ed8cbf3fe3c">
      <Execution id="0d9601dc-a2ae-489a-8a7d-ec1e15220406" />
      <TestMethod codeBase="C:\Users\ericcarlson\Documents\GitHub\pickles\src\Pickles.Test\bin\Debug\net6.0\PicklesDoc.Pickles.Test.dll" adapterTypeName="executor://nunit3testexecutor/" className="PicklesDoc.Pickles.Test.ObjectModel.Json.ExampleToJsonExampleMapperTests" name="Map_AnExampleWithTableArgument_ReturnsAJsonExampleWithTableArgument" />
    </UnitTest>
    <UnitTest name="Map_TableRowWithTestResult_ConvertsToJsonTableRowWithTestResult" storage="c:\users\ericcarlson\documents\github\pickles\src\pickles.test\bin\debug\net6.0\picklesdoc.pickles.test.dll" id="299d9885-53d7-e812-ce71-f67d71904c3f">
      <Execution id="cb73869b-e8d4-4c38-9899-4aa35d078b9b" />
      <TestMethod codeBase="C:\Users\ericcarlson\Documents\GitHub\pickles\src\Pickles.Test\bin\Debug\net6.0\PicklesDoc.Pickles.Test.dll" adapterTypeName="executor://nunit3testexecutor/" className="PicklesDoc.Pickles.Test.ObjectModel.Json.TableRowToJsonTableRowMapperTests" name="Map_TableRowWithTestResult_ConvertsToJsonTableRowWithTestResult" />
    </UnitTest>
    <UnitTest name="ThenCanDetectAllStylesheetsSuccessfully" storage="c:\users\ericcarlson\documents\github\pickles\src\pickles.test\bin\debug\net6.0\picklesdoc.pickles.test.dll" id="406df244-d1c3-813e-16f9-3ed6d4fe1b59">
      <Execution id="7456d3a0-87c5-4e16-8c24-faacff9e283c" />
      <TestMethod codeBase="C:\Users\ericcarlson\Documents\GitHub\pickles\src\Pickles.Test\bin\Debug\net6.0\PicklesDoc.Pickles.Test.dll" adapterTypeName="executor://nunit3testexecutor/" className="PicklesDoc.Pickles.Test.WhenWorkingWithHtmlResources" name="ThenCanDetectAllStylesheetsSuccessfully" />
    </UnitTest>
    <UnitTest name="ItShouldWasSuccessfulFalseForFeatureXJsonDocument" storage="c:\users\ericcarlson\documents\github\pickles\src\pickles.test\bin\debug\net6.0\picklesdoc.pickles.test.dll" id="902de792-f705-6364-b7ff-7e3bf94c757c">
      <Execution id="dafc9577-3dc4-42c1-bb77-868c5234e2d5" />
      <TestMethod codeBase="C:\Users\ericcarlson\Documents\GitHub\pickles\src\Pickles.Test\bin\Debug\net6.0\PicklesDoc.Pickles.Test.dll" adapterTypeName="executor://nunit3testexecutor/" className="PicklesDoc.Pickles.Test.Formatters.JSON.WhenCreatingAFeatureWithMetaInfoAndTestResultInMstestFormat" name="ItShouldWasSuccessfulFalseForFeatureXJsonDocument" />
    </UnitTest>
    <UnitTest name="Add_NullTree_ThrowArgumentNullException" storage="c:\users\ericcarlson\documents\github\pickles\src\pickles.test\bin\debug\net6.0\picklesdoc.pickles.test.dll" id="ddcc81ed-830c-5786-4d28-e9470c566f0e">
      <Execution id="52d1a308-e3ab-4c55-af9a-989bb576fa97" />
      <TestMethod codeBase="C:\Users\ericcarlson\Documents\GitHub\pickles\src\Pickles.Test\bin\Debug\net6.0\PicklesDoc.Pickles.Test.dll" adapterTypeName="executor://nunit3testexecutor/" className="PicklesDoc.Pickles.Test.DataStructures.TreeTests" name="Add_NullTree_ThrowArgumentNullException" />
    </UnitTest>
    <UnitTest name="WhenSettingTheLanguageInTheConfiguration_ThenCanParseMostBasicFeatureSuccessfully" storage="c:\users\ericcarlson\documents\github\pickles\src\pickles.test\bin\debug\net6.0\picklesdoc.pickles.test.dll" id="c266fa7d-acb2-60c9-6e2b-3e6d7d99744e">
      <Execution id="afa20451-66bb-40dc-989f-49a218f6d5b4" />
      <TestMethod codeBase="C:\Users\ericcarlson\Documents\GitHub\pickles\src\Pickles.Test\bin\Debug\net6.0\PicklesDoc.Pickles.Test.dll" adapterTypeName="executor://nunit3testexecutor/" className="PicklesDoc.Pickles.Test.WhenParsingLocalizedFeatureFiles" name="WhenSettingTheLanguageInTheConfiguration_ThenCanParseMostBasicFeatureSuccessfully" />
    </UnitTest>
    <UnitTest name="MapToKeyWord_StringGiven_ReturnsGiven" storage="c:\users\ericcarlson\documents\github\pickles\src\pickles.test\bin\debug\net6.0\picklesdoc.pickles.test.dll" id="8952b576-6631-ae17-2867-cd3e93cd8ea7">
      <Execution id="4bb37788-8bbe-4bf1-a01e-55dd256704e3" />
      <TestMethod codeBase="C:\Users\ericcarlson\Documents\GitHub\pickles\src\Pickles.Test\bin\Debug\net6.0\PicklesDoc.Pickles.Test.dll" adapterTypeName="executor://nunit3testexecutor/" className="PicklesDoc.Pickles.Test.ObjectModel.MapperTestsForStep" name="MapToKeyWord_StringGiven_ReturnsGiven" />
    </UnitTest>
    <UnitTest name="Map_SomeFeature_ReturnsJsonFeature" storage="c:\users\ericcarlson\documents\github\pickles\src\pickles.test\bin\debug\net6.0\picklesdoc.pickles.test.dll" id="0443b89a-0e19-7897-5ed1-52b3f67c6cf5">
      <Execution id="0b863015-3f4b-4bd8-b4c9-26de8ad2b60f" />
      <TestMethod codeBase="C:\Users\ericcarlson\Documents\GitHub\pickles\src\Pickles.Test\bin\Debug\net6.0\PicklesDoc.Pickles.Test.dll" adapterTypeName="executor://nunit3testexecutor/" className="PicklesDoc.Pickles.Test.ObjectModel.Json.FeatureToJsonFeatureMapperTests" name="Map_SomeFeature_ReturnsJsonFeature" />
    </UnitTest>
    <UnitTest name="Specification_Scenario1" storage="c:\users\ericcarlson\documents\github\pickles\src\pickles.test\bin\debug\net6.0\picklesdoc.pickles.test.dll" id="45cb73b7-c03c-7dde-9cbf-274f19a6f153">
      <Execution id="7b7795d1-0fa5-43c0-a486-7f61d4c4ef6d" />
      <TestMethod codeBase="C:\Users\ericcarlson\Documents\GitHub\pickles\src\Pickles.Test\bin\Debug\net6.0\PicklesDoc.Pickles.Test.dll" adapterTypeName="executor://nunit3testexecutor/" className="PicklesDoc.Pickles.Test.DescriptionProcessorTests" name="Specification_Scenario1" />
    </UnitTest>
    <UnitTest name="MapToFeature_Always_MapsFeaturePropertyOfBackground" storage="c:\users\ericcarlson\documents\github\pickles\src\pickles.test\bin\debug\net6.0\picklesdoc.pickles.test.dll" id="5b7d7e18-3797-759c-db9a-5e4c609a525d">
      <Execution id="45fa1a0e-872a-4d04-a155-2d9fc7a6e09e" />
      <TestMethod codeBase="C:\Users\ericcarlson\Documents\GitHub\pickles\src\Pickles.Test\bin\Debug\net6.0\PicklesDoc.Pickles.Test.dll" adapterTypeName="executor://nunit3testexecutor/" className="PicklesDoc.Pickles.Test.ObjectModel.MapperTestsForBackground" name="MapToFeature_Always_MapsFeaturePropertyOfBackground" />
    </UnitTest>
    <UnitTest name="ThenCanFormatTextWithAcronymAsWikiWordSuccessfully" storage="c:\users\ericcarlson\documents\github\pickles\src\pickles.test\bin\debug\net6.0\picklesdoc.pickles.test.dll" id="c826d657-b8f4-5226-a39c-eb7188bc6544">
      <Execution id="3ee4f9ce-80e7-4107-9984-7ed09392865a" />
      <TestMethod codeBase="C:\Users\ericcarlson\Documents\GitHub\pickles\src\Pickles.Test\bin\Debug\net6.0\PicklesDoc.Pickles.Test.dll" adapterTypeName="executor://nunit3testexecutor/" className="PicklesDoc.Pickles.Test.Extensions.StringExtensionsTests" name="ThenCanFormatTextWithAcronymAsWikiWordSuccessfully" />
    </UnitTest>
    <UnitTest name="DefaultLanguage_ReturnsEnglish" storage="c:\users\ericcarlson\documents\github\pickles\src\pickles.test\bin\debug\net6.0\picklesdoc.pickles.test.dll" id="eea99d72-2be5-3f19-63ae-66ae53007fed">
      <Execution id="b01b31be-bb69-47f5-b1c2-b035e8852c8d" />
      <TestMethod codeBase="C:\Users\ericcarlson\Documents\GitHub\pickles\src\Pickles.Test\bin\Debug\net6.0\PicklesDoc.Pickles.Test.dll" adapterTypeName="executor://nunit3testexecutor/" className="PicklesDoc.Pickles.Test.LanguageServicesRegistryTests" name="DefaultLanguage_ReturnsEnglish" />
    </UnitTest>
    <UnitTest name="Then_can_parse_and_remove_tag_in_configuration_remove_technical_tag_from_scenario" storage="c:\users\ericcarlson\documents\github\pickles\src\pickles.test\bin\debug\net6.0\picklesdoc.pickles.test.dll" id="920efb33-30de-9f4f-92fb-5da03c8d73d8">
      <Execution id="6260e1d4-cb5c-4f0a-82ae-073478684da0" />
      <TestMethod codeBase="C:\Users\ericcarlson\Documents\GitHub\pickles\src\Pickles.Test\bin\Debug\net6.0\PicklesDoc.Pickles.Test.dll" adapterTypeName="executor://nunit3testexecutor/" className="PicklesDoc.Pickles.Test.WhenParsingFeatureFiles" name="Then_can_parse_and_remove_tag_in_configuration_remove_technical_tag_from_scenario" />
    </UnitTest>
    <UnitTest name="ItShouldContainWasSuccessfulKeyInJsonDocument" storage="c:\users\ericcarlson\documents\github\pickles\src\pickles.test\bin\debug\net6.0\picklesdoc.pickles.test.dll" id="ed1cb2a1-5bce-8780-a88b-05d623ad378e">
      <Execution id="ccecfd42-6c22-4742-aaac-8cefd9cf1003" />
      <TestMethod codeBase="C:\Users\ericcarlson\Documents\GitHub\pickles\src\Pickles.Test\bin\Debug\net6.0\PicklesDoc.Pickles.Test.dll" adapterTypeName="executor://nunit3testexecutor/" className="PicklesDoc.Pickles.Test.Formatters.JSON.WhenCreatingAFeatureWithMetaInfoAndTestResultInMstestFormat" name="ItShouldContainWasSuccessfulKeyInJsonDocument" />
    </UnitTest>
    <UnitTest name="GetRelativeUriTo_FileToDirectory_ReturnsNodesFileName" storage="c:\users\ericcarlson\documents\github\pickles\src\pickles.test\bin\debug\net6.0\picklesdoc.pickles.test.dll" id="523f430c-589f-aafd-1b2b-05118044b2a8">
      <Execution id="1ebca1f0-37a1-4486-be20-cc9aa6de80d7" />
      <TestMethod codeBase="C:\Users\ericcarlson\Documents\GitHub\pickles\src\Pickles.Test\bin\Debug\net6.0\PicklesDoc.Pickles.Test.dll" adapterTypeName="executor://nunit3testexecutor/" className="PicklesDoc.Pickles.Test.DirectoryCrawlers.FolderDirectoryTreeNodeTests" name="GetRelativeUriTo_FileToDirectory_ReturnsNodesFileName" />
    </UnitTest>
    <UnitTest name="Create_InvalidFileType_AddsEntryToReport" storage="c:\users\ericcarlson\documents\github\pickles\src\pickles.test\bin\debug\net6.0\picklesdoc.pickles.test.dll" id="ad9c4f1f-f3c4-4f5a-d866-e8e35b84d47b">
      <Execution id="3704b8b9-4668-4966-8f28-7297477925fd" />
      <TestMethod codeBase="C:\Users\ericcarlson\Documents\GitHub\pickles\src\Pickles.Test\bin\Debug\net6.0\PicklesDoc.Pickles.Test.dll" adapterTypeName="executor://nunit3testexecutor/" className="PicklesDoc.Pickles.Test.FeatureNodeFactoryTests" name="Create_InvalidFileType_AddsEntryToReport" />
    </UnitTest>
    <UnitTest name="Map_NullTableRow_ReturnsNull" storage="c:\users\ericcarlson\documents\github\pickles\src\pickles.test\bin\debug\net6.0\picklesdoc.pickles.test.dll" id="5dc69bee-0bac-486b-6e0f-6ce7f05461ae">
      <Execution id="94bf2317-fd4d-4b98-839f-00e1d6b1e746" />
      <TestMethod codeBase="C:\Users\ericcarlson\Documents\GitHub\pickles\src\Pickles.Test\bin\Debug\net6.0\PicklesDoc.Pickles.Test.dll" adapterTypeName="executor://nunit3testexecutor/" className="PicklesDoc.Pickles.Test.ObjectModel.Json.TableRowToJsonTableRowMapperTests" name="Map_NullTableRow_ReturnsNull" />
    </UnitTest>
    <UnitTest name="MapToScenario_TitleSpecialCharacters_HasValidSlug" storage="c:\users\ericcarlson\documents\github\pickles\src\pickles.test\bin\debug\net6.0\picklesdoc.pickles.test.dll" id="5b0b7c95-f6d8-a2fe-eb27-9c403d882838">
      <Execution id="2994d520-078f-4a6c-a7d6-c3ded73c55f6" />
      <TestMethod codeBase="C:\Users\ericcarlson\Documents\GitHub\pickles\src\Pickles.Test\bin\Debug\net6.0\PicklesDoc.Pickles.Test.dll" adapterTypeName="executor://nunit3testexecutor/" className="PicklesDoc.Pickles.Test.ObjectModel.MapperTestsForScenario" name="MapToScenario_TitleSpecialCharacters_HasValidSlug" />
    </UnitTest>
    <UnitTest name="ItShouldIndicateWasSuccessfulIsTrue" storage="c:\users\ericcarlson\documents\github\pickles\src\pickles.test\bin\debug\net6.0\picklesdoc.pickles.test.dll" id="b26fb74e-729d-8047-377b-8be9da93dbdb">
      <Execution id="9dba3508-9af2-43fc-b710-748d1ebb5fbe" />
      <TestMethod codeBase="C:\Users\ericcarlson\Documents\GitHub\pickles\src\Pickles.Test\bin\Debug\net6.0\PicklesDoc.Pickles.Test.dll" adapterTypeName="executor://nunit3testexecutor/" className="PicklesDoc.Pickles.Test.Formatters.JSON.WhenCreatingAFeatureWithMetaInfoAndTestResultInMstestFormat" name="ItShouldIndicateWasSuccessfulIsTrue" />
    </UnitTest>
    <UnitTest name="Map_NullStep_ReturnsNull" storage="c:\users\ericcarlson\documents\github\pickles\src\pickles.test\bin\debug\net6.0\picklesdoc.pickles.test.dll" id="bcbfdc88-f29f-53aa-6ac7-bd0cbdb624b9">
      <Execution id="a50339f1-873a-4b86-b979-5208a1c305a2" />
      <TestMethod codeBase="C:\Users\ericcarlson\Documents\GitHub\pickles\src\Pickles.Test\bin\Debug\net6.0\PicklesDoc.Pickles.Test.dll" adapterTypeName="executor://nunit3testexecutor/" className="PicklesDoc.Pickles.Test.ObjectModel.Json.StepToJsonStepMapperTests" name="Map_NullStep_ReturnsNull" />
    </UnitTest>
    <UnitTest name="Map_AnExampleWithTags_ReturnsAJsonExampleWithTags" storage="c:\users\ericcarlson\documents\github\pickles\src\pickles.test\bin\debug\net6.0\picklesdoc.pickles.test.dll" id="4d94901a-0408-1f44-6b67-c45adb96b544">
      <Execution id="2637b9ab-b952-4bf2-8059-960d585320c0" />
      <TestMethod codeBase="C:\Users\ericcarlson\Documents\GitHub\pickles\src\Pickles.Test\bin\Debug\net6.0\PicklesDoc.Pickles.Test.dll" adapterTypeName="executor://nunit3testexecutor/" className="PicklesDoc.Pickles.Test.ObjectModel.Json.ExampleToJsonExampleMapperTests" name="Map_AnExampleWithTags_ReturnsAJsonExampleWithTags" />
    </UnitTest>
    <UnitTest name="ThenCanResolveTheSelectedIDocumentationBuilder(Cucumber,PicklesDoc.Pickles.DocumentationBuilders.Cucumber.CucumberDocumentationBuilder)" storage="c:\users\ericcarlson\documents\github\pickles\src\pickles.test\bin\debug\net6.0\picklesdoc.pickles.test.dll" id="90282de9-ec82-4e67-bd23-4cc70ee9315b">
      <Execution id="09108d93-dcd6-46eb-b891-8cf2b660dee3" />
      <TestMethod codeBase="C:\Users\ericcarlson\Documents\GitHub\pickles\src\Pickles.Test\bin\Debug\net6.0\PicklesDoc.Pickles.Test.dll" adapterTypeName="executor://nunit3testexecutor/" className="PicklesDoc.Pickles.Test.WhenResolvingADocumentationBuilder" name="ThenCanResolveTheSelectedIDocumentationBuilder(Cucumber,PicklesDoc.Pickles.DocumentationBuilders.Cucumber.CucumberDocumentationBuilder)" />
    </UnitTest>
    <UnitTest name="Map_TableRowWithCells_ConvertsToJsonTableRow" storage="c:\users\ericcarlson\documents\github\pickles\src\pickles.test\bin\debug\net6.0\picklesdoc.pickles.test.dll" id="aef8551c-05cb-2cf2-3f00-57a0d48780f4">
      <Execution id="b3d1448d-1611-40b6-961a-52c6d420893a" />
      <TestMethod codeBase="C:\Users\ericcarlson\Documents\GitHub\pickles\src\Pickles.Test\bin\Debug\net6.0\PicklesDoc.Pickles.Test.dll" adapterTypeName="executor://nunit3testexecutor/" className="PicklesDoc.Pickles.Test.ObjectModel.Json.TableRowToJsonTableRowMapperTests" name="Map_TableRowWithCells_ConvertsToJsonTableRow" />
    </UnitTest>
    <UnitTest name="MapToScenarioOutline_TitleSpecialCharacters_HasValidSlug" storage="c:\users\ericcarlson\documents\github\pickles\src\pickles.test\bin\debug\net6.0\picklesdoc.pickles.test.dll" id="ea670fd5-fafa-be15-3f39-ea160de405a5">
      <Execution id="0b884289-ffd9-4fad-aded-90cedb1e76ca" />
      <TestMethod codeBase="C:\Users\ericcarlson\Documents\GitHub\pickles\src\Pickles.Test\bin\Debug\net6.0\PicklesDoc.Pickles.Test.dll" adapterTypeName="executor://nunit3testexecutor/" className="PicklesDoc.Pickles.Test.ObjectModel.MapperTestsForScenarioOutline" name="MapToScenarioOutline_TitleSpecialCharacters_HasValidSlug" />
    </UnitTest>
    <UnitTest name="Then_can_parse_scenario_with_tags_successfully" storage="c:\users\ericcarlson\documents\github\pickles\src\pickles.test\bin\debug\net6.0\picklesdoc.pickles.test.dll" id="3469300e-035a-5249-282c-445c8034c44b">
      <Execution id="66ace6b1-de99-4d42-957a-7f813c74d239" />
      <TestMethod codeBase="C:\Users\ericcarlson\Documents\GitHub\pickles\src\Pickles.Test\bin\Debug\net6.0\PicklesDoc.Pickles.Test.dll" adapterTypeName="executor://nunit3testexecutor/" className="PicklesDoc.Pickles.Test.WhenParsingFeatureFiles" name="Then_can_parse_scenario_with_tags_successfully" />
    </UnitTest>
    <UnitTest name="Map_And_ReturnsAnd" storage="c:\users\ericcarlson\documents\github\pickles\src\pickles.test\bin\debug\net6.0\picklesdoc.pickles.test.dll" id="33105edf-e833-84c3-9d73-5c48e0d690f3">
      <Execution id="a56f5810-5cc1-49c1-becd-07cd60fd36ef" />
      <TestMethod codeBase="C:\Users\ericcarlson\Documents\GitHub\pickles\src\Pickles.Test\bin\Debug\net6.0\PicklesDoc.Pickles.Test.dll" adapterTypeName="executor://nunit3testexecutor/" className="PicklesDoc.Pickles.Test.ObjectModel.Json.KeywordToJsonKeywordMapperTests" name="Map_And_ReturnsAnd" />
    </UnitTest>
    <UnitTest name="ToUriFileSystemInfo_FileInfo_ProducesUri" storage="c:\users\ericcarlson\documents\github\pickles\src\pickles.test\bin\debug\net6.0\picklesdoc.pickles.test.dll" id="facb13ba-4279-8129-3d61-b8f32c8851aa">
      <Execution id="6c53db8d-047b-4849-b4d5-910b55ef5d2b" />
      <TestMethod codeBase="C:\Users\ericcarlson\Documents\GitHub\pickles\src\Pickles.Test\bin\Debug\net6.0\PicklesDoc.Pickles.Test.dll" adapterTypeName="executor://nunit3testexecutor/" className="PicklesDoc.Pickles.Test.Extensions.UriExtensionsTests" name="ToUriFileSystemInfo_FileInfo_ProducesUri" />
    </UnitTest>
    <UnitTest name="ToUriFileInfo_NormalFilename_ProducesUri" storage="c:\users\ericcarlson\documents\github\pickles\src\pickles.test\bin\debug\net6.0\picklesdoc.pickles.test.dll" id="216afdda-9f90-6646-2d48-d4b3f580d4ec">
      <Execution id="bc5da43d-c14a-4a4a-a81f-5b32a42d4c8f" />
      <TestMethod codeBase="C:\Users\ericcarlson\Documents\GitHub\pickles\src\Pickles.Test\bin\Debug\net6.0\PicklesDoc.Pickles.Test.dll" adapterTypeName="executor://nunit3testexecutor/" className="PicklesDoc.Pickles.Test.Extensions.UriExtensionsTests" name="ToUriFileInfo_NormalFilename_ProducesUri" />
    </UnitTest>
    <UnitTest name="ThenCanFormatTextWithNumberFollowedByCapitalAsWikiWordSuccessfully" storage="c:\users\ericcarlson\documents\github\pickles\src\pickles.test\bin\debug\net6.0\picklesdoc.pickles.test.dll" id="81765902-660e-6877-86d8-ec70f35715ec">
      <Execution id="86900b6e-293c-4725-a113-b961471fb61b" />
      <TestMethod codeBase="C:\Users\ericcarlson\Documents\GitHub\pickles\src\Pickles.Test\bin\Debug\net6.0\PicklesDoc.Pickles.Test.dll" adapterTypeName="executor://nunit3testexecutor/" className="PicklesDoc.Pickles.Test.Extensions.StringExtensionsTests" name="ThenCanFormatTextWithNumberFollowedByCapitalAsWikiWordSuccessfully" />
    </UnitTest>
    <UnitTest name="MapToExample_NullExamples_ReturnsNullExample" storage="c:\users\ericcarlson\documents\github\pickles\src\pickles.test\bin\debug\net6.0\picklesdoc.pickles.test.dll" id="f68824d7-0984-58d5-473e-d248d29d1f81">
      <Execution id="98b07c5e-6f8e-49c3-b863-5e77ab1a8820" />
      <TestMethod codeBase="C:\Users\ericcarlson\Documents\GitHub\pickles\src\Pickles.Test\bin\Debug\net6.0\PicklesDoc.Pickles.Test.dll" adapterTypeName="executor://nunit3testexecutor/" className="PicklesDoc.Pickles.Test.ObjectModel.MapperTestsForExample" name="MapToExample_NullExamples_ReturnsNullExample" />
    </UnitTest>
    <UnitTest name="MapToScenario_BackgroundWithNullDescription_ReturnsScenarioWithEmptyDescription" storage="c:\users\ericcarlson\documents\github\pickles\src\pickles.test\bin\debug\net6.0\picklesdoc.pickles.test.dll" id="2f32466c-54e6-c512-f429-2080bcc91825">
      <Execution id="52691d23-6df0-4229-a808-3a6f5af2c59a" />
      <TestMethod codeBase="C:\Users\ericcarlson\Documents\GitHub\pickles\src\Pickles.Test\bin\Debug\net6.0\PicklesDoc.Pickles.Test.dll" adapterTypeName="executor://nunit3testexecutor/" className="PicklesDoc.Pickles.Test.ObjectModel.MapperTestsForBackground" name="MapToScenario_BackgroundWithNullDescription_ReturnsScenarioWithEmptyDescription" />
    </UnitTest>
    <UnitTest name="MapToFeature_FeatureWithBackground_ReturnsFeatureWithBackground" storage="c:\users\ericcarlson\documents\github\pickles\src\pickles.test\bin\debug\net6.0\picklesdoc.pickles.test.dll" id="d08c1047-4425-a8ef-3977-424f7044543c">
      <Execution id="f3b5242a-5a39-4ad9-96b9-74d828954e4a" />
      <TestMethod codeBase="C:\Users\ericcarlson\Documents\GitHub\pickles\src\Pickles.Test\bin\Debug\net6.0\PicklesDoc.Pickles.Test.dll" adapterTypeName="executor://nunit3testexecutor/" className="PicklesDoc.Pickles.Test.ObjectModel.MapperTestsForFeature" name="MapToFeature_FeatureWithBackground_ReturnsFeatureWithBackground" />
    </UnitTest>
    <UnitTest name="ThenCanResolveTheSelectedIDocumentationBuilder(Html,PicklesDoc.Pickles.DocumentationBuilders.Html.HtmlDocumentationBuilder)" storage="c:\users\ericcarlson\documents\github\pickles\src\pickles.test\bin\debug\net6.0\picklesdoc.pickles.test.dll" id="ae41c349-5474-73e3-363c-e03b2af702b4">
      <Execution id="98ad20e4-69e6-4424-b4ea-d5877cf3a5a7" />
      <TestMethod codeBase="C:\Users\ericcarlson\Documents\GitHub\pickles\src\Pickles.Test\bin\Debug\net6.0\PicklesDoc.Pickles.Test.dll" adapterTypeName="executor://nunit3testexecutor/" className="PicklesDoc.Pickles.Test.WhenResolvingADocumentationBuilder" name="ThenCanResolveTheSelectedIDocumentationBuilder(Html,PicklesDoc.Pickles.DocumentationBuilders.Html.HtmlDocumentationBuilder)" />
    </UnitTest>
  </TestDefinitions>
  <TestEntries>
    <TestEntry testId="0537d0ef-2381-cd61-1563-2c44728b16d8" executionId="92470065-06cb-45af-96ac-cb5de2f7f44f" testListId="8c84fa94-04c1-424b-9868-57a2d4851a1d" />
    <TestEntry testId="5a022529-d884-a7d6-8c9f-86c67564ce23" executionId="9ea80359-d98c-475d-b191-5bf20e7198d2" testListId="8c84fa94-04c1-424b-9868-57a2d4851a1d" />
    <TestEntry testId="1c868ec4-ae6a-9888-5fc7-0dc13520ac66" executionId="2acdd897-caff-4aa4-8d04-c766d87b59a7" testListId="8c84fa94-04c1-424b-9868-57a2d4851a1d" />
    <TestEntry testId="ddcc81ed-830c-5786-4d28-e9470c566f0e" executionId="52d1a308-e3ab-4c55-af9a-989bb576fa97" testListId="8c84fa94-04c1-424b-9868-57a2d4851a1d" />
    <TestEntry testId="3019d3c2-0c54-5274-c78e-81740248b858" executionId="5f488e24-cc53-410e-9eec-f3b36e3d9c2c" testListId="8c84fa94-04c1-424b-9868-57a2d4851a1d" />
    <TestEntry testId="079afae8-e738-bf64-6da5-12a3d22bf9e1" executionId="e6242d12-95a2-4fc3-b84c-1717b0912716" testListId="8c84fa94-04c1-424b-9868-57a2d4851a1d" />
    <TestEntry testId="fef5814c-e293-359f-3b1e-c7507dc38524" executionId="eac9570f-0648-4ddd-8e5e-f00d6ee8ff5f" testListId="8c84fa94-04c1-424b-9868-57a2d4851a1d" />
    <TestEntry testId="684a3b2a-9d14-8186-77c4-3617426330bc" executionId="564e5b4b-63a1-4eed-9836-c437c2cabef0" testListId="8c84fa94-04c1-424b-9868-57a2d4851a1d" />
    <TestEntry testId="bc86b314-5fe6-6bdd-9f3a-a18c69ce6d0f" executionId="6b621c19-31ab-4279-9d92-3322bccaeef9" testListId="8c84fa94-04c1-424b-9868-57a2d4851a1d" />
    <TestEntry testId="e757d0a0-d7ae-d816-fce8-24ebc2d1e194" executionId="b97689b3-1a74-4661-9607-7d1efc2cd70d" testListId="8c84fa94-04c1-424b-9868-57a2d4851a1d" />
    <TestEntry testId="c4796383-dd20-0fa4-0454-b0730eb75248" executionId="ac8d5a30-82d1-41fc-a31c-659f2887b792" testListId="8c84fa94-04c1-424b-9868-57a2d4851a1d" />
    <TestEntry testId="2497e506-3dc8-5ae6-a611-63bce47ee455" executionId="5afe5209-86e5-46b7-bee6-91e08465ab3c" testListId="8c84fa94-04c1-424b-9868-57a2d4851a1d" />
    <TestEntry testId="f2da032d-91aa-95b3-1f3a-869ade8a89d3" executionId="d7a06e4f-48a7-448e-a66c-48c5623121b6" testListId="8c84fa94-04c1-424b-9868-57a2d4851a1d" />
    <TestEntry testId="6dda5574-3208-47af-bda7-987e6b113677" executionId="5ec6700c-6ddf-4292-bc56-41a943215e79" testListId="8c84fa94-04c1-424b-9868-57a2d4851a1d" />
    <TestEntry testId="42ebbc3e-9cb4-7b29-f224-f1d9cba21bf9" executionId="b5d59e3d-bbf5-48a3-bc3d-a290ad2c0285" testListId="8c84fa94-04c1-424b-9868-57a2d4851a1d" />
    <TestEntry testId="df26f463-6d21-97d6-0a42-9137aec5ea4c" executionId="e6314c98-64e6-428f-8ef4-3a1a17d93807" testListId="8c84fa94-04c1-424b-9868-57a2d4851a1d" />
    <TestEntry testId="66492ce0-50fe-4131-fc04-f0f70d82b725" executionId="502988e1-7a8f-41cb-9712-8c663b55c034" testListId="8c84fa94-04c1-424b-9868-57a2d4851a1d" />
    <TestEntry testId="14c91b84-b688-7c5e-d960-73e0d6089384" executionId="3ccea24a-6bee-4e60-81cc-ffb4c441c123" testListId="8c84fa94-04c1-424b-9868-57a2d4851a1d" />
    <TestEntry testId="cfc02a44-6328-e237-93b8-8ccd4232e507" executionId="3ff8d7d7-66c8-4cca-906b-660afba7c973" testListId="8c84fa94-04c1-424b-9868-57a2d4851a1d" />
    <TestEntry testId="79e9a2d5-6fd7-c594-c7c3-6a0aee043d3b" executionId="4fec4b61-ddd3-44f4-b38b-a6d0c303077f" testListId="8c84fa94-04c1-424b-9868-57a2d4851a1d" />
    <TestEntry testId="5d7eb242-2da2-1aff-54be-febe9c23c1d1" executionId="18253bd1-4ec8-4011-a47a-cb4b7502cf2a" testListId="8c84fa94-04c1-424b-9868-57a2d4851a1d" />
    <TestEntry testId="9434f0b6-144d-fa9a-e2fd-7b54edae4153" executionId="7d31ca31-69be-4e48-963e-30e5b3244369" testListId="8c84fa94-04c1-424b-9868-57a2d4851a1d" />
    <TestEntry testId="d8703a4d-64af-90ac-3d91-d91ec6e526a2" executionId="ffb7ee4d-7527-4177-9ff2-8f98ecc8069a" testListId="8c84fa94-04c1-424b-9868-57a2d4851a1d" />
    <TestEntry testId="8ec388e9-fc91-4d25-bf6f-f8f08af7b2f5" executionId="e1980075-27bd-4560-8435-f2f79663c281" testListId="8c84fa94-04c1-424b-9868-57a2d4851a1d" />
    <TestEntry testId="f4c7a1fe-8e1a-0bf7-6944-a7dc509a0e14" executionId="3d358001-8043-44da-a32d-9292ba346079" testListId="8c84fa94-04c1-424b-9868-57a2d4851a1d" />
    <TestEntry testId="a606fd29-5ae7-b480-ad67-6c591600d344" executionId="76e7d400-8984-4e53-ae38-80b6cd0e2244" testListId="8c84fa94-04c1-424b-9868-57a2d4851a1d" />
    <TestEntry testId="29a3c11d-efc3-2b7f-7226-91220f6ed839" executionId="8e99db3c-4b2e-4cc1-ad52-91865f25c11a" testListId="8c84fa94-04c1-424b-9868-57a2d4851a1d" />
    <TestEntry testId="4002bec3-2e84-8178-8fdb-096903003927" executionId="715146d6-5d04-46cf-ae9b-4cce74bb3779" testListId="8c84fa94-04c1-424b-9868-57a2d4851a1d" />
    <TestEntry testId="359602d4-5c8b-a71b-3178-d67e251b597f" executionId="a086c8ca-9e2a-4472-8d48-2dc51b0eff9e" testListId="8c84fa94-04c1-424b-9868-57a2d4851a1d" />
    <TestEntry testId="e872ace4-29b8-3b56-871c-345e18778c92" executionId="042762a9-8a5d-40d8-9288-ac44859a1976" testListId="8c84fa94-04c1-424b-9868-57a2d4851a1d" />
    <TestEntry testId="ef1fded0-9368-0b89-add4-288e25a22d19" executionId="a11552a8-807c-4e6a-96b0-af491ca785fa" testListId="8c84fa94-04c1-424b-9868-57a2d4851a1d" />
    <TestEntry testId="37fe9d09-a818-1ef8-df58-f72c0d297037" executionId="11a36323-5756-41d9-a385-ad5bcfa16574" testListId="8c84fa94-04c1-424b-9868-57a2d4851a1d" />
    <TestEntry testId="e3729802-a92d-c297-8894-5684f6910af3" executionId="c5645d75-1612-4ad9-817b-0bf9649fc240" testListId="8c84fa94-04c1-424b-9868-57a2d4851a1d" />
    <TestEntry testId="1ef557f7-18cb-a8c3-1cc5-a8b4f5dc1b33" executionId="a788632a-2c44-4f7a-af3e-7a06c1a515cd" testListId="8c84fa94-04c1-424b-9868-57a2d4851a1d" />
    <TestEntry testId="edbaf06d-2784-fb0b-6a51-d7a7b978a687" executionId="de91d8a6-b657-46a1-a9ef-0813eebb7e88" testListId="8c84fa94-04c1-424b-9868-57a2d4851a1d" />
    <TestEntry testId="54bb1776-45b9-440f-39dc-4b42c206b81f" executionId="47b6c3d5-c842-4b40-bf1a-91538f3d3db9" testListId="8c84fa94-04c1-424b-9868-57a2d4851a1d" />
    <TestEntry testId="d1607d13-bf37-a017-7c4d-310c80ac28d2" executionId="8b4e1cca-3edb-45a8-8a1d-256db19ecd1c" testListId="8c84fa94-04c1-424b-9868-57a2d4851a1d" />
    <TestEntry testId="7dfff11c-46c3-c506-4197-5a652064eb50" executionId="d23d720d-86cc-48a8-ad8f-4c00643bce03" testListId="8c84fa94-04c1-424b-9868-57a2d4851a1d" />
    <TestEntry testId="8b1542e3-99b5-1273-5fd1-a9f37fb26ad5" executionId="3b65cc43-02c9-4206-bd92-8157f9ad3a99" testListId="8c84fa94-04c1-424b-9868-57a2d4851a1d" />
    <TestEntry testId="89911fa4-1c14-ab49-c42c-931bebac33c7" executionId="07b1b358-1009-4780-84a2-7b9ae22d6656" testListId="8c84fa94-04c1-424b-9868-57a2d4851a1d" />
    <TestEntry testId="920efb33-30de-9f4f-92fb-5da03c8d73d8" executionId="6260e1d4-cb5c-4f0a-82ae-073478684da0" testListId="8c84fa94-04c1-424b-9868-57a2d4851a1d" />
    <TestEntry testId="441fccae-3b8f-46a3-a8ec-69ee090eade3" executionId="eeb13057-dea1-48f0-9947-d7a81630aa9d" testListId="8c84fa94-04c1-424b-9868-57a2d4851a1d" />
    <TestEntry testId="c064a3cb-594b-9f1c-fd00-9c99d07e5d7d" executionId="8320b370-44b6-4ac0-8930-8de6bf59119f" testListId="8c84fa94-04c1-424b-9868-57a2d4851a1d" />
    <TestEntry testId="3469300e-035a-5249-282c-445c8034c44b" executionId="66ace6b1-de99-4d42-957a-7f813c74d239" testListId="8c84fa94-04c1-424b-9868-57a2d4851a1d" />
    <TestEntry testId="1ae221e2-cbc4-5083-5871-886c8bde94bb" executionId="d8d1115a-91a6-49c8-975f-de4256637c46" testListId="8c84fa94-04c1-424b-9868-57a2d4851a1d" />
    <TestEntry testId="5b735e33-8631-fc28-0819-93b4df2659c4" executionId="fe5a644f-74c8-4b9c-a354-590c83d6b645" testListId="8c84fa94-04c1-424b-9868-57a2d4851a1d" />
    <TestEntry testId="a97fbf30-a467-d383-085d-3cbf7f26c69d" executionId="7761c5bb-d798-4197-bcb1-28deaedb8e4b" testListId="8c84fa94-04c1-424b-9868-57a2d4851a1d" />
    <TestEntry testId="919a0def-61d6-a630-f655-9a4c320ae4c8" executionId="c52b5fd2-8e93-4b6d-8929-090e122b6dca" testListId="8c84fa94-04c1-424b-9868-57a2d4851a1d" />
    <TestEntry testId="00441c96-4748-e7f5-f01b-e47727822d3b" executionId="5d86ef3a-979c-4a9e-851c-843602535062" testListId="8c84fa94-04c1-424b-9868-57a2d4851a1d" />
    <TestEntry testId="ecfa8010-b0ed-0c28-6fc0-090d48a06e33" executionId="63206990-87b1-4052-b962-a581ffe133c1" testListId="8c84fa94-04c1-424b-9868-57a2d4851a1d" />
    <TestEntry testId="fc601999-9e44-2983-a7fb-26c9b68b5726" executionId="b1bf9a2c-f69d-40e6-9454-d5b64689e6c3" testListId="8c84fa94-04c1-424b-9868-57a2d4851a1d" />
    <TestEntry testId="245405dd-491a-55b3-14cd-299fc71fa07d" executionId="f6581997-c0c5-4b6b-b1b4-71184babf346" testListId="8c84fa94-04c1-424b-9868-57a2d4851a1d" />
    <TestEntry testId="15c6ac4d-16dc-6060-b25a-37948ceea996" executionId="55024c6b-8c4e-41f9-afe9-0631d7748e70" testListId="8c84fa94-04c1-424b-9868-57a2d4851a1d" />
    <TestEntry testId="15bff550-0c48-3ffe-9284-11b3c21248de" executionId="8de0f222-504c-49d9-b517-17ec70c0743c" testListId="8c84fa94-04c1-424b-9868-57a2d4851a1d" />
    <TestEntry testId="e1aea241-43f3-513e-2ce9-d6146ae98a5b" executionId="e0989ecd-436f-441c-a635-7abf6a005910" testListId="8c84fa94-04c1-424b-9868-57a2d4851a1d" />
    <TestEntry testId="e0dd9245-0af9-4add-c5ea-a8878a46de43" executionId="648603f0-d6fe-4c70-82ad-2412c8b4a5e7" testListId="8c84fa94-04c1-424b-9868-57a2d4851a1d" />
    <TestEntry testId="ef50a5c4-5ecf-67d2-2133-62db98825073" executionId="07d1556c-9037-45e8-88ec-8f0adc78bc37" testListId="8c84fa94-04c1-424b-9868-57a2d4851a1d" />
    <TestEntry testId="c3ab92f1-9919-8262-68eb-854764e7ba38" executionId="08ac128d-a345-429d-8cae-d0813aa5f719" testListId="8c84fa94-04c1-424b-9868-57a2d4851a1d" />
    <TestEntry testId="8886bee6-e2cf-0623-d741-e916013e519a" executionId="9e439342-6a53-4369-b1da-d9544a02e0c2" testListId="8c84fa94-04c1-424b-9868-57a2d4851a1d" />
    <TestEntry testId="45142e11-464c-9d21-08ec-b2dc0e449acc" executionId="5a1b9716-afcd-41ba-94c9-0cd5bd60366b" testListId="8c84fa94-04c1-424b-9868-57a2d4851a1d" />
    <TestEntry testId="ba53ca1c-8fc8-ce7b-1238-7a4281364dad" executionId="d865ea53-5f4f-42d8-b93d-60bb9a2345bb" testListId="8c84fa94-04c1-424b-9868-57a2d4851a1d" />
    <TestEntry testId="333786c1-b534-29dd-7545-8381a9bd91d8" executionId="7384f4e5-e881-4fc8-b394-29680884f618" testListId="8c84fa94-04c1-424b-9868-57a2d4851a1d" />
    <TestEntry testId="18b2326c-4bed-936a-779f-ca59ee086658" executionId="c8398ac5-600a-4427-b479-e5e357178642" testListId="8c84fa94-04c1-424b-9868-57a2d4851a1d" />
    <TestEntry testId="f5d77dae-7864-4aa7-6ea9-efd787914fdc" executionId="065f5348-626e-4650-a67f-8fb72559557e" testListId="8c84fa94-04c1-424b-9868-57a2d4851a1d" />
    <TestEntry testId="efd251ba-1cdd-95f2-3fe2-824f7ed5e249" executionId="966cb942-e004-4f98-945a-b0322af5672e" testListId="8c84fa94-04c1-424b-9868-57a2d4851a1d" />
    <TestEntry testId="f2a4d10f-7a23-0d3b-b616-b37bcd3d7f3d" executionId="fdd53ac9-9e8c-4071-9254-285d04e20221" testListId="8c84fa94-04c1-424b-9868-57a2d4851a1d" />
    <TestEntry testId="627adc13-8a7b-a068-2e61-4aa81780d9fd" executionId="eae4139f-6efa-4f7d-89ac-783883782987" testListId="8c84fa94-04c1-424b-9868-57a2d4851a1d" />
    <TestEntry testId="f90d61a1-3540-ae8e-65c9-60ef6c04641b" executionId="7a59251c-fe4c-4cca-aa50-11496af9ed20" testListId="8c84fa94-04c1-424b-9868-57a2d4851a1d" />
    <TestEntry testId="a9da35b8-99a8-fe50-9531-fe6e4dd9b7fc" executionId="20df953d-8f61-4edb-a695-27e5b7de73d9" testListId="8c84fa94-04c1-424b-9868-57a2d4851a1d" />
    <TestEntry testId="d8574c62-7f64-edaf-9bb3-a57031c9c43d" executionId="9b3c7ac2-df26-4039-b198-d048b6c6857f" testListId="8c84fa94-04c1-424b-9868-57a2d4851a1d" />
    <TestEntry testId="4fed08b0-6faa-29af-fffd-4a7101183958" executionId="138d0a11-7ed2-41e7-925f-dc833dd01819" testListId="8c84fa94-04c1-424b-9868-57a2d4851a1d" />
    <TestEntry testId="af36d738-f453-f142-0ce1-e216fe6834e8" executionId="ca3976ca-2f77-42ad-8901-1089968d12ae" testListId="8c84fa94-04c1-424b-9868-57a2d4851a1d" />
    <TestEntry testId="e1d5832b-53c8-bd83-2d7b-38a6c413e9e9" executionId="ff76bd08-6441-4103-93de-78c3f39fa16e" testListId="8c84fa94-04c1-424b-9868-57a2d4851a1d" />
    <TestEntry testId="842b0ea9-88ad-790a-c59e-e495e1c6e68b" executionId="02a101aa-5138-4ee7-8b43-22e287073060" testListId="8c84fa94-04c1-424b-9868-57a2d4851a1d" />
    <TestEntry testId="f8a55f69-4bb6-f4ce-d8cb-672a9c4c9f03" executionId="f10b29d9-9efa-4afb-82fd-2381e4f2ab6c" testListId="8c84fa94-04c1-424b-9868-57a2d4851a1d" />
    <TestEntry testId="3dd0b31c-7ae7-d396-3cb3-ba9a89f3a4d4" executionId="92e09ffa-7261-42fb-86e6-243bebe593cf" testListId="8c84fa94-04c1-424b-9868-57a2d4851a1d" />
    <TestEntry testId="055dd1b0-0a2c-8108-d65a-6f6f4684a4ce" executionId="4495ea85-9157-4020-85fa-533e07e9bb84" testListId="8c84fa94-04c1-424b-9868-57a2d4851a1d" />
    <TestEntry testId="49bd8a06-7460-8a08-3a2a-32fcb61399a5" executionId="1a53ac0e-b525-436e-931b-f42d39fd6ecc" testListId="8c84fa94-04c1-424b-9868-57a2d4851a1d" />
    <TestEntry testId="902de792-f705-6364-b7ff-7e3bf94c757c" executionId="dafc9577-3dc4-42c1-bb77-868c5234e2d5" testListId="8c84fa94-04c1-424b-9868-57a2d4851a1d" />
    <TestEntry testId="a03e2c23-c864-b123-24c0-3ec5ce0b2cf3" executionId="1657b704-c244-4e2f-9b1a-776cd1c7b828" testListId="8c84fa94-04c1-424b-9868-57a2d4851a1d" />
    <TestEntry testId="c64ab3fd-a5a1-5878-7c1a-1e8a8afbf3b9" executionId="a6569c51-e5cb-4fbb-b992-9b047e85629d" testListId="8c84fa94-04c1-424b-9868-57a2d4851a1d" />
    <TestEntry testId="2f10ab10-fdd8-2469-243c-352eb06f9e9c" executionId="036b3a8d-94ad-4f1d-81c4-592c131c09cf" testListId="8c84fa94-04c1-424b-9868-57a2d4851a1d" />
    <TestEntry testId="2ded35d7-32fa-b312-206c-4530f3316064" executionId="db2f66b9-80c5-47f9-b9d9-4a538cf380f6" testListId="8c84fa94-04c1-424b-9868-57a2d4851a1d" />
    <TestEntry testId="92e03e0f-edf9-aa46-0a93-130eee73dd0c" executionId="c522777e-b790-4584-998f-a4b584e05195" testListId="8c84fa94-04c1-424b-9868-57a2d4851a1d" />
    <TestEntry testId="475019ae-3d7f-95bf-6137-a7ac269ca177" executionId="1bdad65e-cc43-4e0b-81d2-ea6feb3dfa01" testListId="8c84fa94-04c1-424b-9868-57a2d4851a1d" />
    <TestEntry testId="91378188-0153-6848-6e24-0c45539dcf6d" executionId="5595b000-5687-4afe-841b-ee30e2de0327" testListId="8c84fa94-04c1-424b-9868-57a2d4851a1d" />
    <TestEntry testId="6dac4c1c-db66-2a51-4336-9a7010a21c77" executionId="a061fb29-3f1d-414a-93b4-f612e8683d7e" testListId="8c84fa94-04c1-424b-9868-57a2d4851a1d" />
    <TestEntry testId="b2f41475-071c-06b4-373d-577f6af5c5d6" executionId="71e1c3f1-58b0-4225-83e3-49cdb1b7d1c8" testListId="8c84fa94-04c1-424b-9868-57a2d4851a1d" />
    <TestEntry testId="99a25f48-0d46-1e4c-d856-1a93a4215220" executionId="e08f2fb3-6af9-4d09-9dab-300ae81db5f2" testListId="8c84fa94-04c1-424b-9868-57a2d4851a1d" />
    <TestEntry testId="a3410762-c366-47a2-74c7-2581a7f438bc" executionId="12fe64c4-3e90-497e-af5c-8ff9984718f9" testListId="8c84fa94-04c1-424b-9868-57a2d4851a1d" />
    <TestEntry testId="91630d50-5bca-7acf-6341-4417c7067c35" executionId="44bce74c-a594-4486-af8c-12332430b9a0" testListId="8c84fa94-04c1-424b-9868-57a2d4851a1d" />
    <TestEntry testId="9896fd01-1602-19ad-40eb-c38536268da9" executionId="8efbcdaf-3c21-43bb-a427-6bf5fc176239" testListId="8c84fa94-04c1-424b-9868-57a2d4851a1d" />
    <TestEntry testId="fdc07046-cd97-c6a1-b694-bc2939683480" executionId="2afdf9ef-4fa3-4f70-a89f-300802041aec" testListId="8c84fa94-04c1-424b-9868-57a2d4851a1d" />
    <TestEntry testId="a19c62ca-31cc-64e1-f5dd-6b73618efdbd" executionId="2864c2bf-c66d-496f-9b1e-de3ea3728601" testListId="8c84fa94-04c1-424b-9868-57a2d4851a1d" />
    <TestEntry testId="c9dc8fda-f925-817c-ef19-f9b9572b50ff" executionId="08badc59-4f04-441d-8a31-a0b42d3e97a5" testListId="8c84fa94-04c1-424b-9868-57a2d4851a1d" />
    <TestEntry testId="b0f8f278-b262-e750-8aa3-1ea9a3b22ed7" executionId="68c02d79-e969-477f-9343-71f034cc44d9" testListId="8c84fa94-04c1-424b-9868-57a2d4851a1d" />
    <TestEntry testId="9a538a18-6713-44c0-7f91-be4011a7b21a" executionId="e321f420-1349-4475-9791-63bd34bf745d" testListId="8c84fa94-04c1-424b-9868-57a2d4851a1d" />
    <TestEntry testId="6a374012-2fd6-0cd8-6683-20b8af7e8ea0" executionId="b1a46b39-5660-4558-9c22-42e351c0e327" testListId="8c84fa94-04c1-424b-9868-57a2d4851a1d" />
    <TestEntry testId="7c126b7b-3ee7-2707-c0f6-a67c3217c339" executionId="488615bd-1179-4f58-a544-7fbb92865641" testListId="8c84fa94-04c1-424b-9868-57a2d4851a1d" />
    <TestEntry testId="54394cfc-30d0-1b21-a9c9-bf82c6c4e0e4" executionId="7fe78378-1ef3-45dd-9234-84edd26e3278" testListId="8c84fa94-04c1-424b-9868-57a2d4851a1d" />
    <TestEntry testId="f68824d7-0984-58d5-473e-d248d29d1f81" executionId="98b07c5e-6f8e-49c3-b863-5e77ab1a8820" testListId="8c84fa94-04c1-424b-9868-57a2d4851a1d" />
    <TestEntry testId="75dd8bd3-eae9-4577-2955-8c8531bc3c5b" executionId="8f792759-edad-42d2-ae1d-b40407b1b96e" testListId="8c84fa94-04c1-424b-9868-57a2d4851a1d" />
    <TestEntry testId="d90c12dd-95d4-2680-665c-a9724bf3407c" executionId="a4859b02-895d-4f07-8855-ec46eed13f26" testListId="8c84fa94-04c1-424b-9868-57a2d4851a1d" />
    <TestEntry testId="2e5eb7c4-d75d-9cf6-4222-f8f1c9ac626a" executionId="51aa63d7-a175-444b-ba40-2e142b29d4c7" testListId="8c84fa94-04c1-424b-9868-57a2d4851a1d" />
    <TestEntry testId="47d60e4c-7728-7fa1-ef17-3a29405824ca" executionId="62190a35-4e3f-4aea-a83c-2e585ad31019" testListId="8c84fa94-04c1-424b-9868-57a2d4851a1d" />
    <TestEntry testId="c826d657-b8f4-5226-a39c-eb7188bc6544" executionId="3ee4f9ce-80e7-4107-9984-7ed09392865a" testListId="8c84fa94-04c1-424b-9868-57a2d4851a1d" />
    <TestEntry testId="2ab3b04b-4f0b-0b76-e6e9-98c397a4b936" executionId="e4159fc3-002c-4602-9e8f-2446039944f6" testListId="8c84fa94-04c1-424b-9868-57a2d4851a1d" />
    <TestEntry testId="d18e2342-ed93-20fc-1486-ab5d0965097b" executionId="406909dd-f187-42de-8ab9-9a373af46239" testListId="8c84fa94-04c1-424b-9868-57a2d4851a1d" />
    <TestEntry testId="33ddece8-ef6e-de86-ff9f-62192d743904" executionId="230d3c36-aa01-4c1b-9129-95c8e6075f39" testListId="8c84fa94-04c1-424b-9868-57a2d4851a1d" />
    <TestEntry testId="2ecfc0bc-21d0-9225-7733-601491925d83" executionId="2788d051-3184-4d95-90dc-7b8824c7b3d4" testListId="8c84fa94-04c1-424b-9868-57a2d4851a1d" />
    <TestEntry testId="c7b4be8c-405a-cff4-f09d-429800388a2f" executionId="77b77f86-6da3-43d5-a3cf-986a3e66da21" testListId="8c84fa94-04c1-424b-9868-57a2d4851a1d" />
    <TestEntry testId="9bd1749b-1791-ec4a-f271-7478791738c2" executionId="08dbf2f6-d63c-40eb-8fc2-e686159cac77" testListId="8c84fa94-04c1-424b-9868-57a2d4851a1d" />
    <TestEntry testId="f1eb8b6a-9375-3801-5631-df4597432bd1" executionId="580d20af-16ac-49a2-9aed-973d3fe4952f" testListId="8c84fa94-04c1-424b-9868-57a2d4851a1d" />
    <TestEntry testId="5722e0ae-ca74-4e51-7bf5-080a8bfd63bc" executionId="6fb11383-e577-49bc-8d09-88093e60f275" testListId="8c84fa94-04c1-424b-9868-57a2d4851a1d" />
    <TestEntry testId="69dcc676-4ef6-c241-adb3-07e8c9464faa" executionId="cd15340a-daf5-4a57-9db4-140f0e412c1f" testListId="8c84fa94-04c1-424b-9868-57a2d4851a1d" />
    <TestEntry testId="3a3ca858-e141-d107-a546-9b5950e81a79" executionId="8737ea29-70b3-4088-82d0-52b2a6dad8f4" testListId="8c84fa94-04c1-424b-9868-57a2d4851a1d" />
    <TestEntry testId="a76a52d2-e464-7beb-7062-8f2eeda29156" executionId="db198d92-e392-4618-bdda-f07f24ce7cc5" testListId="8c84fa94-04c1-424b-9868-57a2d4851a1d" />
    <TestEntry testId="2c6cc121-0dd5-d647-685b-59af2aa3177a" executionId="95e1f931-0f16-495f-a030-a63a6a009b04" testListId="8c84fa94-04c1-424b-9868-57a2d4851a1d" />
    <TestEntry testId="69d56e98-4eff-4355-eeb5-6709592411a0" executionId="c3c49267-b440-4a33-b9e4-6c390f6c5464" testListId="8c84fa94-04c1-424b-9868-57a2d4851a1d" />
    <TestEntry testId="98e469bb-9f52-5e59-ff5e-c657d094c2bb" executionId="f2f2fc21-60e2-40bc-a881-f7a88caa3002" testListId="8c84fa94-04c1-424b-9868-57a2d4851a1d" />
    <TestEntry testId="74539da9-e8d8-3db8-fc39-faa5f1db68f1" executionId="a8592c11-bdb7-4d26-871f-dc5592c1ce51" testListId="8c84fa94-04c1-424b-9868-57a2d4851a1d" />
    <TestEntry testId="7355de11-ecb9-78c1-e9a7-a6ad6863c717" executionId="9c098533-8556-469d-9c21-323052c2f593" testListId="8c84fa94-04c1-424b-9868-57a2d4851a1d" />
    <TestEntry testId="71ab70a9-ef4b-ca2c-f5d6-1ba5618c1d97" executionId="fc0cfb2c-f1f7-41ba-bfb8-b1225e205408" testListId="8c84fa94-04c1-424b-9868-57a2d4851a1d" />
    <TestEntry testId="2f32466c-54e6-c512-f429-2080bcc91825" executionId="52691d23-6df0-4229-a808-3a6f5af2c59a" testListId="8c84fa94-04c1-424b-9868-57a2d4851a1d" />
    <TestEntry testId="0deeb8ae-3a20-2371-5a6c-b2ecc1099272" executionId="c1ae84cd-541b-44b4-91df-6874cb9108be" testListId="8c84fa94-04c1-424b-9868-57a2d4851a1d" />
    <TestEntry testId="7bb5e631-9147-0063-5795-e8fe0b38a046" executionId="67df8373-0b11-45d2-a462-ad585698d2df" testListId="8c84fa94-04c1-424b-9868-57a2d4851a1d" />
    <TestEntry testId="cba6d1e7-9efd-8bb5-d58c-bc7892bd4b07" executionId="cdf0c2a2-6d97-44d2-9ee3-0e14e1ff7c33" testListId="8c84fa94-04c1-424b-9868-57a2d4851a1d" />
    <TestEntry testId="01cf9393-974a-501b-772e-4a5b61f1c33b" executionId="048927c2-abeb-42ad-94a6-cf162625054a" testListId="8c84fa94-04c1-424b-9868-57a2d4851a1d" />
    <TestEntry testId="ad9c4f1f-f3c4-4f5a-d866-e8e35b84d47b" executionId="3704b8b9-4668-4966-8f28-7297477925fd" testListId="8c84fa94-04c1-424b-9868-57a2d4851a1d" />
    <TestEntry testId="f23064d7-8737-65a1-12a3-24572822c2d1" executionId="367df421-d207-4b16-b41c-911d281ad611" testListId="8c84fa94-04c1-424b-9868-57a2d4851a1d" />
    <TestEntry testId="28772bab-df5d-6054-e291-6e60f8a662fb" executionId="e6692aa2-f0b7-4ab5-8235-21f72a90eb21" testListId="8c84fa94-04c1-424b-9868-57a2d4851a1d" />
    <TestEntry testId="e8e9bd96-bced-3cd1-ed8b-8f1f5cb07968" executionId="e16ccf7e-fe38-415e-9a6d-7bf272a5bbf6" testListId="8c84fa94-04c1-424b-9868-57a2d4851a1d" />
    <TestEntry testId="8a496478-cb58-07dc-ff9e-8b8291b01ce1" executionId="8becefe9-d739-49f1-a508-f2c6b4f14f62" testListId="8c84fa94-04c1-424b-9868-57a2d4851a1d" />
    <TestEntry testId="1778f960-3877-9ea7-360f-a6725dc97989" executionId="041da227-9f9e-4b4a-acb5-07d9c18efde1" testListId="8c84fa94-04c1-424b-9868-57a2d4851a1d" />
    <TestEntry testId="5b7d7e18-3797-759c-db9a-5e4c609a525d" executionId="45fa1a0e-872a-4d04-a155-2d9fc7a6e09e" testListId="8c84fa94-04c1-424b-9868-57a2d4851a1d" />
    <TestEntry testId="8952b576-6631-ae17-2867-cd3e93cd8ea7" executionId="4bb37788-8bbe-4bf1-a01e-55dd256704e3" testListId="8c84fa94-04c1-424b-9868-57a2d4851a1d" />
    <TestEntry testId="83e26a96-56bc-6d91-1739-e2e0f0465b03" executionId="0c25ace4-b25d-47e8-af1a-0d06e7780e2a" testListId="8c84fa94-04c1-424b-9868-57a2d4851a1d" />
    <TestEntry testId="421a6e45-c786-7a38-bb88-c8e678f20118" executionId="e59fd974-1c68-46a6-89a2-27fc73ce7ed9" testListId="8c84fa94-04c1-424b-9868-57a2d4851a1d" />
    <TestEntry testId="e9d634e6-2f2a-133f-399f-5277298a79de" executionId="e8e9b984-773a-4413-9d9e-1ba46299ea7d" testListId="8c84fa94-04c1-424b-9868-57a2d4851a1d" />
    <TestEntry testId="47c9a237-7b62-75f9-e1ca-dd3cd3c91f8d" executionId="72e7c28e-31ea-46ff-bc2b-1780a7b0b0b2" testListId="8c84fa94-04c1-424b-9868-57a2d4851a1d" />
    <TestEntry testId="53961c9e-5b44-6e8d-e692-db730794cc8f" executionId="02208086-be7f-42cf-a4e5-953ad2c5822b" testListId="8c84fa94-04c1-424b-9868-57a2d4851a1d" />
    <TestEntry testId="42016bf3-754c-eff4-cfc4-18801838538f" executionId="45759d6f-abbd-4bda-b6fd-e87bd4473a92" testListId="8c84fa94-04c1-424b-9868-57a2d4851a1d" />
    <TestEntry testId="77906bed-4a7d-5521-51c2-4f3d836434ba" executionId="8b94e2d1-5481-427e-8eef-b401300993fb" testListId="8c84fa94-04c1-424b-9868-57a2d4851a1d" />
    <TestEntry testId="8de2a033-b676-2f53-2f59-0733a195f808" executionId="fa92be8f-0224-4bf4-8980-19ac1c5305ef" testListId="8c84fa94-04c1-424b-9868-57a2d4851a1d" />
    <TestEntry testId="2ff69b2c-15f7-7252-063e-2d4877f45ec0" executionId="eed6edc5-908b-4705-8cf7-298af6e56231" testListId="8c84fa94-04c1-424b-9868-57a2d4851a1d" />
    <TestEntry testId="23955a31-cf35-8855-1092-98631cf687d8" executionId="3ece53ef-756c-48ff-86a0-a338f4992e71" testListId="8c84fa94-04c1-424b-9868-57a2d4851a1d" />
    <TestEntry testId="bcbfdc88-f29f-53aa-6ac7-bd0cbdb624b9" executionId="a50339f1-873a-4b86-b979-5208a1c305a2" testListId="8c84fa94-04c1-424b-9868-57a2d4851a1d" />
    <TestEntry testId="5b0b7c95-f6d8-a2fe-eb27-9c403d882838" executionId="2994d520-078f-4a6c-a7d6-c3ded73c55f6" testListId="8c84fa94-04c1-424b-9868-57a2d4851a1d" />
    <TestEntry testId="061dd521-a1d0-0649-a878-d6361edc5bc9" executionId="b038d157-fb77-423c-bc14-1b151341470f" testListId="8c84fa94-04c1-424b-9868-57a2d4851a1d" />
    <TestEntry testId="c45bafd9-44fe-eb94-223b-fb60dcc673d3" executionId="137b210e-152a-4155-91a5-5f659dc63c12" testListId="8c84fa94-04c1-424b-9868-57a2d4851a1d" />
    <TestEntry testId="7537e683-3e74-548a-5552-941c0a3f0e36" executionId="e157c2ab-e6bc-41f0-9435-9729fdf9a9c5" testListId="8c84fa94-04c1-424b-9868-57a2d4851a1d" />
    <TestEntry testId="523f430c-589f-aafd-1b2b-05118044b2a8" executionId="1ebca1f0-37a1-4486-be20-cc9aa6de80d7" testListId="8c84fa94-04c1-424b-9868-57a2d4851a1d" />
    <TestEntry testId="7d4b2fb4-4f47-e69c-8783-b5d5edc4e395" executionId="7de5e999-2004-4d88-86ef-5ff8dc3ce3c0" testListId="8c84fa94-04c1-424b-9868-57a2d4851a1d" />
    <TestEntry testId="8a192c30-8319-60ca-9b79-083c98f4c139" executionId="a38b5f22-a50f-4af9-8079-171669fa65b4" testListId="8c84fa94-04c1-424b-9868-57a2d4851a1d" />
    <TestEntry testId="299d9885-53d7-e812-ce71-f67d71904c3f" executionId="cb73869b-e8d4-4c38-9899-4aa35d078b9b" testListId="8c84fa94-04c1-424b-9868-57a2d4851a1d" />
    <TestEntry testId="aef537d8-2872-7fbb-f05d-3fcdf7a673b8" executionId="4be9d459-fa37-46e1-82f6-00f5b5dad17c" testListId="8c84fa94-04c1-424b-9868-57a2d4851a1d" />
    <TestEntry testId="c2fae702-1219-a5ae-f1ea-5e55a1f23bf4" executionId="04bc8858-9d35-4f35-b56c-c26c7a3f8ec7" testListId="8c84fa94-04c1-424b-9868-57a2d4851a1d" />
    <TestEntry testId="4c3b0b4e-8fbb-7811-7a21-4748a52bc3e2" executionId="1ce1b284-bb79-4653-bf34-0d4583446cb4" testListId="8c84fa94-04c1-424b-9868-57a2d4851a1d" />
    <TestEntry testId="3c3842c3-f734-534b-fecc-cf8c356ba236" executionId="6eedf286-159d-4677-a874-800c65d2b1d2" testListId="8c84fa94-04c1-424b-9868-57a2d4851a1d" />
    <TestEntry testId="aef8551c-05cb-2cf2-3f00-57a0d48780f4" executionId="b3d1448d-1611-40b6-961a-52c6d420893a" testListId="8c84fa94-04c1-424b-9868-57a2d4851a1d" />
    <TestEntry testId="71626fb2-cfd5-3c05-82ee-59e28a2a2450" executionId="0bbc387f-8a6d-4e04-8510-390a840d56d7" testListId="8c84fa94-04c1-424b-9868-57a2d4851a1d" />
    <TestEntry testId="5dc69bee-0bac-486b-6e0f-6ce7f05461ae" executionId="94bf2317-fd4d-4b98-839f-00e1d6b1e746" testListId="8c84fa94-04c1-424b-9868-57a2d4851a1d" />
    <TestEntry testId="5b3c5d54-7a5e-d899-2d9c-c16dbf4931ca" executionId="b857524b-3226-41a6-b863-ed7522d4a6c3" testListId="8c84fa94-04c1-424b-9868-57a2d4851a1d" />
    <TestEntry testId="f1ed17de-9249-363e-707b-4aac0d4a7566" executionId="4410b331-7a5d-487d-ba40-96b1a122191b" testListId="8c84fa94-04c1-424b-9868-57a2d4851a1d" />
    <TestEntry testId="10fcbc64-84e0-4168-f0c5-d1d525e9969f" executionId="ea2d7368-de67-408c-8ea5-b082707c73b8" testListId="8c84fa94-04c1-424b-9868-57a2d4851a1d" />
    <TestEntry testId="ed1cb2a1-5bce-8780-a88b-05d623ad378e" executionId="ccecfd42-6c22-4742-aaac-8cefd9cf1003" testListId="8c84fa94-04c1-424b-9868-57a2d4851a1d" />
    <TestEntry testId="b4c3f351-61ef-8930-7ade-7ecfade50bdf" executionId="67bdf3f4-4487-4339-86fa-ee02eaf53220" testListId="8c84fa94-04c1-424b-9868-57a2d4851a1d" />
    <TestEntry testId="81b5dd08-2dc8-a3e0-2f51-9318fd82024c" executionId="dd275f3d-dd61-4e87-a35d-8b245fa798d9" testListId="8c84fa94-04c1-424b-9868-57a2d4851a1d" />
    <TestEntry testId="8c668144-2935-03c4-cb76-374695bb843a" executionId="94c09c23-657f-44f8-9488-9fd7f6626817" testListId="8c84fa94-04c1-424b-9868-57a2d4851a1d" />
    <TestEntry testId="20a92ec6-b034-8a96-bf54-9fb94fce27f7" executionId="4eb52b69-b332-4dba-b61d-3a7f6130033d" testListId="8c84fa94-04c1-424b-9868-57a2d4851a1d" />
    <TestEntry testId="abc15c7b-e91f-721b-1bac-97e82836e053" executionId="ac6b49be-df3d-4efe-8ce1-b2141c75a6c7" testListId="8c84fa94-04c1-424b-9868-57a2d4851a1d" />
    <TestEntry testId="07a9d1df-9555-65c3-26a0-2bcdd39868c6" executionId="521ac9f6-c249-44fa-882d-c5bdf6086a8e" testListId="8c84fa94-04c1-424b-9868-57a2d4851a1d" />
    <TestEntry testId="469a685d-4e1b-0133-054e-35e10cec9810" executionId="80bcd332-e755-4b06-8956-17faa5ba88d9" testListId="8c84fa94-04c1-424b-9868-57a2d4851a1d" />
    <TestEntry testId="91a1d4f4-07ed-e043-9cbe-b43f79013c8f" executionId="b6f8dabf-b37a-469c-ba40-f7ee690a9c08" testListId="8c84fa94-04c1-424b-9868-57a2d4851a1d" />
    <TestEntry testId="2727f611-717b-e830-4bd0-bf3af2242d14" executionId="6595dcef-c6df-4526-b172-e10e337b30c9" testListId="8c84fa94-04c1-424b-9868-57a2d4851a1d" />
    <TestEntry testId="b85c644b-8489-cbb9-6e06-ef4de46141c2" executionId="7f0c2b0d-a80e-46d9-9ba1-d9ea39a0d3f7" testListId="8c84fa94-04c1-424b-9868-57a2d4851a1d" />
    <TestEntry testId="43552591-3b54-90fc-42f1-6f682043a4e0" executionId="6dd11036-bb61-4005-baee-0706e391fb2c" testListId="8c84fa94-04c1-424b-9868-57a2d4851a1d" />
    <TestEntry testId="efc98ff6-24a4-3785-7d11-0177db098370" executionId="ec80625d-ae96-4983-8fe7-a65fa9f5bbd3" testListId="8c84fa94-04c1-424b-9868-57a2d4851a1d" />
    <TestEntry testId="58fdf393-4dc1-4654-9f01-3990fd5b5cd7" executionId="1f5ac7cc-3f34-4c2d-8999-aac4c9fb349c" testListId="8c84fa94-04c1-424b-9868-57a2d4851a1d" />
    <TestEntry testId="bc057af5-36ed-77fb-c2b2-4b62175a9d61" executionId="0d75d1ba-5672-4407-a41b-a6ccb7e5db7a" testListId="8c84fa94-04c1-424b-9868-57a2d4851a1d" />
    <TestEntry testId="023432c7-067d-a2df-fa8e-8d2b0c485356" executionId="3db25ff2-af87-4116-bb1e-5e6b809912c4" testListId="8c84fa94-04c1-424b-9868-57a2d4851a1d" />
    <TestEntry testId="e0322fac-aec1-23bb-b284-575e2e1315bf" executionId="78a24547-53b0-4746-b953-ade4206a2c4b" testListId="8c84fa94-04c1-424b-9868-57a2d4851a1d" />
    <TestEntry testId="cd326f26-4b5c-a5b5-7db2-4bedf97529df" executionId="03d936d8-2c55-445f-8b03-5c0e3403a338" testListId="8c84fa94-04c1-424b-9868-57a2d4851a1d" />
    <TestEntry testId="f7e0777a-1331-1f40-67bd-d8c8374f16be" executionId="d32d9d2b-bde8-470c-94ff-9666904032b8" testListId="8c84fa94-04c1-424b-9868-57a2d4851a1d" />
    <TestEntry testId="bec3fbce-3667-808b-c4b9-9a5dd3375e67" executionId="6b20935e-1220-46ed-b0aa-ae7a686b87a9" testListId="8c84fa94-04c1-424b-9868-57a2d4851a1d" />
    <TestEntry testId="cea95d72-0e0c-6c38-dd31-2635e4fc12d8" executionId="e7d0d552-822c-4591-b9d0-6c93318849da" testListId="8c84fa94-04c1-424b-9868-57a2d4851a1d" />
    <TestEntry testId="4a3558be-633c-b5e1-e65c-31f677abdb6a" executionId="c4a5549b-04c2-44c3-a25d-7e1fad4d4dc4" testListId="8c84fa94-04c1-424b-9868-57a2d4851a1d" />
    <TestEntry testId="c266fa7d-acb2-60c9-6e2b-3e6d7d99744e" executionId="afa20451-66bb-40dc-989f-49a218f6d5b4" testListId="8c84fa94-04c1-424b-9868-57a2d4851a1d" />
    <TestEntry testId="216afdda-9f90-6646-2d48-d4b3f580d4ec" executionId="bc5da43d-c14a-4a4a-a81f-5b32a42d4c8f" testListId="8c84fa94-04c1-424b-9868-57a2d4851a1d" />
    <TestEntry testId="406df244-d1c3-813e-16f9-3ed6d4fe1b59" executionId="7456d3a0-87c5-4e16-8c24-faacff9e283c" testListId="8c84fa94-04c1-424b-9868-57a2d4851a1d" />
    <TestEntry testId="b3a40561-d822-6f86-f3da-df64bc9ebecd" executionId="33852ad4-bf2f-4e86-8ea6-fa3acee47910" testListId="8c84fa94-04c1-424b-9868-57a2d4851a1d" />
    <TestEntry testId="a8850aa8-94db-71f8-8aa2-89556cda37d6" executionId="e2eec47b-1261-46b9-ad33-d2288212d44c" testListId="8c84fa94-04c1-424b-9868-57a2d4851a1d" />
    <TestEntry testId="ae41c349-5474-73e3-363c-e03b2af702b4" executionId="98ad20e4-69e6-4424-b4ea-d5877cf3a5a7" testListId="8c84fa94-04c1-424b-9868-57a2d4851a1d" />
    <TestEntry testId="6608e1a4-2d57-9534-02c8-9ed8cbf3fe3c" executionId="0d9601dc-a2ae-489a-8a7d-ec1e15220406" testListId="8c84fa94-04c1-424b-9868-57a2d4851a1d" />
    <TestEntry testId="a0490bd8-72d0-eb80-99c2-9e2dd52b73ee" executionId="aceb50b8-08a0-4985-a11e-3384057eca13" testListId="8c84fa94-04c1-424b-9868-57a2d4851a1d" />
    <TestEntry testId="ea670fd5-fafa-be15-3f39-ea160de405a5" executionId="0b884289-ffd9-4fad-aded-90cedb1e76ca" testListId="8c84fa94-04c1-424b-9868-57a2d4851a1d" />
    <TestEntry testId="f42df295-0a09-b35f-0a4f-b6a4d09ce712" executionId="9fd2f829-c8a9-4738-8c64-5d18906165e0" testListId="8c84fa94-04c1-424b-9868-57a2d4851a1d" />
    <TestEntry testId="8e6eb9e8-caeb-6fdc-4c95-879f9b06c4bd" executionId="603c68b9-25d6-4e75-8579-ce671539c705" testListId="8c84fa94-04c1-424b-9868-57a2d4851a1d" />
    <TestEntry testId="3945d961-caf9-46f1-6226-8ce537af5d08" executionId="2471e913-4a3d-470f-a41c-e7364696e289" testListId="8c84fa94-04c1-424b-9868-57a2d4851a1d" />
    <TestEntry testId="c39cdb82-dd1e-353a-b6fd-bd61b49d028c" executionId="f026d030-012a-4b4f-ba85-8e8631d93ac9" testListId="8c84fa94-04c1-424b-9868-57a2d4851a1d" />
    <TestEntry testId="facb13ba-4279-8129-3d61-b8f32c8851aa" executionId="6c53db8d-047b-4849-b4d5-910b55ef5d2b" testListId="8c84fa94-04c1-424b-9868-57a2d4851a1d" />
    <TestEntry testId="a83f3e46-a026-f6b2-8efd-ed8752f0f9e8" executionId="32aa72a9-487b-48ae-8b0c-3dcfb2504274" testListId="8c84fa94-04c1-424b-9868-57a2d4851a1d" />
    <TestEntry testId="4a5df4ca-f345-0994-08e9-9a292fd5e958" executionId="6f2dee10-1e17-45f3-8603-8351e7f0a52d" testListId="8c84fa94-04c1-424b-9868-57a2d4851a1d" />
    <TestEntry testId="6d702234-c5da-512c-d19b-11f0b003c6d1" executionId="aff3b6cf-61f9-4d9d-82f2-fdaada233986" testListId="8c84fa94-04c1-424b-9868-57a2d4851a1d" />
    <TestEntry testId="3ca12e18-ed2b-68bd-ab21-229d493594e6" executionId="e429473f-b9af-424b-9eb1-86e8cc797a6d" testListId="8c84fa94-04c1-424b-9868-57a2d4851a1d" />
    <TestEntry testId="ee515d6c-2d47-b4a0-9e7c-d4b3563152a1" executionId="db3e2cc4-37ec-42fa-8d4f-755c8d3a4560" testListId="8c84fa94-04c1-424b-9868-57a2d4851a1d" />
    <TestEntry testId="4d389c4f-c1a4-9777-3cc5-f0470e77453d" executionId="e7f68681-33a1-427b-990c-fef5baf50541" testListId="8c84fa94-04c1-424b-9868-57a2d4851a1d" />
    <TestEntry testId="68f64e68-24e0-ca45-5d01-93a0ed765eae" executionId="34d3632e-3794-482a-bc1d-30158ede397a" testListId="8c84fa94-04c1-424b-9868-57a2d4851a1d" />
    <TestEntry testId="d47a0e94-b401-7304-363c-d66f5512b23c" executionId="3f962c69-d4b9-4e91-a933-8f986ae06f72" testListId="8c84fa94-04c1-424b-9868-57a2d4851a1d" />
    <TestEntry testId="4ff43338-8721-dbba-445e-878079003ddc" executionId="38de1994-4230-4bc5-b7a9-a1b36f2170f0" testListId="8c84fa94-04c1-424b-9868-57a2d4851a1d" />
    <TestEntry testId="91b05bdf-ff91-2509-c0c6-ca5d28e711ee" executionId="1b7953e8-22e9-4a08-9707-3294a5eccad2" testListId="8c84fa94-04c1-424b-9868-57a2d4851a1d" />
    <TestEntry testId="90282de9-ec82-4e67-bd23-4cc70ee9315b" executionId="09108d93-dcd6-46eb-b891-8cf2b660dee3" testListId="8c84fa94-04c1-424b-9868-57a2d4851a1d" />
    <TestEntry testId="4d94901a-0408-1f44-6b67-c45adb96b544" executionId="2637b9ab-b952-4bf2-8059-960d585320c0" testListId="8c84fa94-04c1-424b-9868-57a2d4851a1d" />
    <TestEntry testId="58c9e785-2ac6-9bcb-7efe-6d35daa42a6c" executionId="31bb91d4-802f-4be5-acf6-a5e0a65b44a7" testListId="8c84fa94-04c1-424b-9868-57a2d4851a1d" />
    <TestEntry testId="94b6fca8-7a3d-f453-0070-6471ff92bbfc" executionId="f3cc951c-9fd9-4563-922f-0d6785d9cb86" testListId="8c84fa94-04c1-424b-9868-57a2d4851a1d" />
    <TestEntry testId="b4df1736-c2bd-dc63-b866-5fc06d2618cb" executionId="b239e35b-a410-4a58-9f89-385effcc868e" testListId="8c84fa94-04c1-424b-9868-57a2d4851a1d" />
    <TestEntry testId="ba5db6d3-9616-c3db-94c8-bbae1d87d95f" executionId="29320c9f-1f11-482e-ac06-b8f5e8838a0b" testListId="8c84fa94-04c1-424b-9868-57a2d4851a1d" />
    <TestEntry testId="b5808cb5-1ccc-f6ad-2d48-84256ff70878" executionId="1d5762d2-cc6a-48cf-9fcd-2935a3ccea8f" testListId="8c84fa94-04c1-424b-9868-57a2d4851a1d" />
    <TestEntry testId="c3fc67c9-f6cc-0277-4e92-395574eb470c" executionId="2ff8aea2-03bc-4116-9d5f-689cbc7ac079" testListId="8c84fa94-04c1-424b-9868-57a2d4851a1d" />
    <TestEntry testId="c9dbbac5-4686-fc9f-849b-ef7f10b63035" executionId="37c86814-341b-440a-9e16-169195d8939a" testListId="8c84fa94-04c1-424b-9868-57a2d4851a1d" />
    <TestEntry testId="d7b9ae62-4462-ee76-b6c5-ced79f1a5234" executionId="e85e9e0d-6d62-4686-9660-df9b2dfa5915" testListId="8c84fa94-04c1-424b-9868-57a2d4851a1d" />
    <TestEntry testId="801681ec-6f06-528d-01cb-0c438e16a2db" executionId="7625469a-b546-451c-ae0b-ad7631aafee1" testListId="8c84fa94-04c1-424b-9868-57a2d4851a1d" />
    <TestEntry testId="33105edf-e833-84c3-9d73-5c48e0d690f3" executionId="a56f5810-5cc1-49c1-becd-07cd60fd36ef" testListId="8c84fa94-04c1-424b-9868-57a2d4851a1d" />
    <TestEntry testId="c0fbf6e7-772e-29b3-6edc-0a3674abefb6" executionId="eddb936a-a7cd-480f-92a7-5d66925b1c7c" testListId="8c84fa94-04c1-424b-9868-57a2d4851a1d" />
    <TestEntry testId="1a925225-7345-bea6-a5d1-7fa98d2cfa7a" executionId="7a45be72-fa42-444d-95d5-c21b52cd7aba" testListId="8c84fa94-04c1-424b-9868-57a2d4851a1d" />
    <TestEntry testId="81765902-660e-6877-86d8-ec70f35715ec" executionId="86900b6e-293c-4725-a113-b961471fb61b" testListId="8c84fa94-04c1-424b-9868-57a2d4851a1d" />
    <TestEntry testId="237aa86c-2a79-f857-6b0b-b15024d55da5" executionId="fb40e6b1-7d32-4e17-8d06-d31d8606a015" testListId="8c84fa94-04c1-424b-9868-57a2d4851a1d" />
    <TestEntry testId="b566615a-6a0e-ff7f-fdc9-66bffe7a7647" executionId="e32ef0de-b3bf-42d2-883e-936f688e8533" testListId="8c84fa94-04c1-424b-9868-57a2d4851a1d" />
    <TestEntry testId="ce6a2b6c-c75a-0ab1-82b9-24f5e794be59" executionId="3a33d1ea-4d07-4915-9a6a-1d7ba1c82c08" testListId="8c84fa94-04c1-424b-9868-57a2d4851a1d" />
    <TestEntry testId="f00f3d6c-4b48-2938-84c4-a91f755f803f" executionId="65466aca-f3d1-49ad-b5c7-445a636051af" testListId="8c84fa94-04c1-424b-9868-57a2d4851a1d" />
    <TestEntry testId="2d57c021-10f4-7573-e131-41b5e641b7f1" executionId="c11ea646-61bd-4140-a225-0ed0a6457fd0" testListId="8c84fa94-04c1-424b-9868-57a2d4851a1d" />
    <TestEntry testId="9ec673de-4ee7-1c04-ca06-f2ecdbfb66c9" executionId="3b7009b0-b646-4ae7-9ad3-7fe7bf091dfa" testListId="8c84fa94-04c1-424b-9868-57a2d4851a1d" />
    <TestEntry testId="d92eaaf4-b839-67e3-ea8a-60df87c4cfbd" executionId="67c89ea9-c845-4998-bbe3-9225f0b00d89" testListId="8c84fa94-04c1-424b-9868-57a2d4851a1d" />
    <TestEntry testId="dc07b652-b5fa-fc33-626f-4ab4993e82ab" executionId="ef0fcc8a-979d-43bd-81e7-23a052799fbf" testListId="8c84fa94-04c1-424b-9868-57a2d4851a1d" />
    <TestEntry testId="46b0f1f2-e2c0-2ed3-c0f5-cf8dfe1ffe79" executionId="bd4172c2-19e8-4e93-b488-2dac3d79c282" testListId="8c84fa94-04c1-424b-9868-57a2d4851a1d" />
    <TestEntry testId="085184fe-e868-8379-b878-742948946639" executionId="5613fedc-c950-498e-85fa-675c034af9e0" testListId="8c84fa94-04c1-424b-9868-57a2d4851a1d" />
    <TestEntry testId="bfdbb567-bae3-a47b-dea2-4065a10042f7" executionId="be826de3-2261-4bb0-9d77-19b2eddf2e84" testListId="8c84fa94-04c1-424b-9868-57a2d4851a1d" />
    <TestEntry testId="b26fb74e-729d-8047-377b-8be9da93dbdb" executionId="9dba3508-9af2-43fc-b710-748d1ebb5fbe" testListId="8c84fa94-04c1-424b-9868-57a2d4851a1d" />
    <TestEntry testId="9f075bd6-5d09-682b-185d-903bddefcd8e" executionId="2fa14a3a-d8f7-42ad-8c7b-8a7c3178e89b" testListId="8c84fa94-04c1-424b-9868-57a2d4851a1d" />
    <TestEntry testId="9f54fc7b-943f-a736-270e-322b76b12240" executionId="47f35d0d-21d3-4bbe-885e-0138d31a7ea2" testListId="8c84fa94-04c1-424b-9868-57a2d4851a1d" />
    <TestEntry testId="9cd5c73f-8266-3b6a-c78a-2aac24b20653" executionId="6c727192-50a5-4b1b-a455-8e2a5e51f5be" testListId="8c84fa94-04c1-424b-9868-57a2d4851a1d" />
    <TestEntry testId="a9d18150-cea2-1f58-98af-2d8981b7023b" executionId="b0de865c-64ec-44c6-9d87-e3b021be755c" testListId="8c84fa94-04c1-424b-9868-57a2d4851a1d" />
    <TestEntry testId="eea99d72-2be5-3f19-63ae-66ae53007fed" executionId="b01b31be-bb69-47f5-b1c2-b035e8852c8d" testListId="8c84fa94-04c1-424b-9868-57a2d4851a1d" />
    <TestEntry testId="0443b89a-0e19-7897-5ed1-52b3f67c6cf5" executionId="0b863015-3f4b-4bd8-b4c9-26de8ad2b60f" testListId="8c84fa94-04c1-424b-9868-57a2d4851a1d" />
    <TestEntry testId="ab19ff46-498b-9420-1130-607f4dc077aa" executionId="09ba2f61-8dc3-4a84-94d5-ebd26300968e" testListId="8c84fa94-04c1-424b-9868-57a2d4851a1d" />
    <TestEntry testId="11ec8f68-45a3-af3f-4a85-f9e875a034b9" executionId="c01c8114-d089-478a-9517-719498c64701" testListId="8c84fa94-04c1-424b-9868-57a2d4851a1d" />
    <TestEntry testId="1bf0b620-508f-e5dc-9a04-0b8d440ef88c" executionId="61755f21-06f1-4166-8140-8bbd05a9d6be" testListId="8c84fa94-04c1-424b-9868-57a2d4851a1d" />
    <TestEntry testId="0c97d668-a530-0371-fb9a-28c792581fe6" executionId="27f37d42-13f5-4d94-8d68-80ff66792642" testListId="8c84fa94-04c1-424b-9868-57a2d4851a1d" />
    <TestEntry testId="5e5b21c4-f8f1-3d2f-7050-4379c0fa7d2f" executionId="276e7c72-dc15-4d22-9ef0-b06366e91349" testListId="8c84fa94-04c1-424b-9868-57a2d4851a1d" />
    <TestEntry testId="285bb885-df8b-e1fa-0501-85b2d2ed57d2" executionId="fd68655f-d002-4632-9acd-c6479fc35b05" testListId="8c84fa94-04c1-424b-9868-57a2d4851a1d" />
    <TestEntry testId="eae8d6d5-3d1b-9a28-35cb-83916a819bec" executionId="6124d5c4-0194-4372-ae71-5d65a8debaa4" testListId="8c84fa94-04c1-424b-9868-57a2d4851a1d" />
    <TestEntry testId="2d1e8734-39be-985c-1537-9f979ee40cdf" executionId="963e8234-4147-403f-a3e5-4d9cc61962d7" testListId="8c84fa94-04c1-424b-9868-57a2d4851a1d" />
    <TestEntry testId="4320c348-afea-ab45-3dd4-efc1eb3772fe" executionId="2d6f4f36-efa0-45a5-95cb-2627ea36a2ae" testListId="8c84fa94-04c1-424b-9868-57a2d4851a1d" />
    <TestEntry testId="099963f8-8e00-3f84-3a38-4573687c4438" executionId="80eb0b16-a076-4ab5-9c49-7f02fba50747" testListId="8c84fa94-04c1-424b-9868-57a2d4851a1d" />
    <TestEntry testId="d08c1047-4425-a8ef-3977-424f7044543c" executionId="f3b5242a-5a39-4ad9-96b9-74d828954e4a" testListId="8c84fa94-04c1-424b-9868-57a2d4851a1d" />
    <TestEntry testId="22e52513-2df6-8c27-3e3b-511650413f71" executionId="035a8c3e-12ed-47e0-a4f4-f9b101834e5b" testListId="8c84fa94-04c1-424b-9868-57a2d4851a1d" />
    <TestEntry testId="e1f51bb1-2532-93e9-0f45-421d8bb3ec2a" executionId="ced38476-a356-4c75-81d7-46b2eb7f15d5" testListId="8c84fa94-04c1-424b-9868-57a2d4851a1d" />
    <TestEntry testId="45cb73b7-c03c-7dde-9cbf-274f19a6f153" executionId="7b7795d1-0fa5-43c0-a486-7f61d4c4ef6d" testListId="8c84fa94-04c1-424b-9868-57a2d4851a1d" />
    <TestEntry testId="e8b0726c-36bd-6c85-dd69-b7de9bafab06" executionId="5498bec8-e542-4546-bb35-6c5537984aae" testListId="8c84fa94-04c1-424b-9868-57a2d4851a1d" />
    <TestEntry testId="8ecd3a27-de14-37b0-a475-7f1b4251867d" executionId="355b70bb-666a-48a9-b7dc-7e706cd18694" testListId="8c84fa94-04c1-424b-9868-57a2d4851a1d" />
    <TestEntry testId="ee9a1573-ad49-6697-840a-72c1ec738307" executionId="c6ae0a01-cac5-44e1-b383-254d9a1722a4" testListId="8c84fa94-04c1-424b-9868-57a2d4851a1d" />
    <TestEntry testId="ad2deadc-28a2-719e-7150-17ba175aa913" executionId="e3518915-56f1-4127-9f7e-75ff56a891b1" testListId="8c84fa94-04c1-424b-9868-57a2d4851a1d" />
    <TestEntry testId="22b55a68-c311-5ac6-5932-e95e99f46701" executionId="d038f624-6fdb-486f-bc4b-52368b39e341" testListId="8c84fa94-04c1-424b-9868-57a2d4851a1d" />
    <TestEntry testId="6fd40770-cb6f-4692-f9e6-68b2c60e90b9" executionId="d9eaf468-93b2-4b16-a616-81e653439b42" testListId="8c84fa94-04c1-424b-9868-57a2d4851a1d" />
    <TestEntry testId="b407155a-e5fd-8677-d804-23913edba29d" executionId="65bfe151-2922-49b4-85e4-631c2faac22c" testListId="8c84fa94-04c1-424b-9868-57a2d4851a1d" />
    <TestEntry testId="6d88a6f4-e9ba-b488-7fca-3a2a8f87fcdb" executionId="4cbb6213-c575-48db-85a0-bafd3e6a53c1" testListId="8c84fa94-04c1-424b-9868-57a2d4851a1d" />
    <TestEntry testId="40f30388-f8c4-beae-03f2-092496540fd0" executionId="5229f1e8-05f5-4294-86b6-019fade11dcb" testListId="8c84fa94-04c1-424b-9868-57a2d4851a1d" />
    <TestEntry testId="4a414230-905d-7f8d-87d3-8884d0269163" executionId="fd64568c-3f7e-4d07-a35d-bb7795cdee0c" testListId="8c84fa94-04c1-424b-9868-57a2d4851a1d" />
    <TestEntry testId="ba0a5a7d-c5b5-7dd0-271b-846e5b517e29" executionId="2bc041e9-5c63-4dea-b6e3-f146bf7aa18e" testListId="8c84fa94-04c1-424b-9868-57a2d4851a1d" />
    <TestEntry testId="c9d41f4b-061e-ad0e-ab6b-66d3fd7a5896" executionId="b2e2ba41-d8e6-4f44-8787-5f06085a22e1" testListId="8c84fa94-04c1-424b-9868-57a2d4851a1d" />
    <TestEntry testId="e8565e90-2492-6ea1-7c7e-a2f7e9a1f360" executionId="b1daab8a-c714-4371-83b1-7b9c14db9b04" testListId="8c84fa94-04c1-424b-9868-57a2d4851a1d" />
    <TestEntry testId="cb1cb307-beed-417a-ac8b-f4330065e350" executionId="0b1e66f5-4e22-4835-a64f-3acee22eb00a" testListId="8c84fa94-04c1-424b-9868-57a2d4851a1d" />
    <TestEntry testId="0aa79223-629c-5269-1c07-377109cd0bcb" executionId="a9394f7d-2fb2-46e4-a3a7-f39236cff04b" testListId="8c84fa94-04c1-424b-9868-57a2d4851a1d" />
    <TestEntry testId="e31e485a-1cf3-d830-234b-7b05e837d621" executionId="98771b36-29f0-4701-9ebc-8a5c1df9ef9f" testListId="8c84fa94-04c1-424b-9868-57a2d4851a1d" />
    <TestEntry testId="8b9757c9-77c1-3693-65ab-02394e92b990" executionId="78e44c02-3c41-4800-86ee-56a73ed6a97e" testListId="8c84fa94-04c1-424b-9868-57a2d4851a1d" />
    <TestEntry testId="a4fe69d7-576a-c1e6-1303-8a61499629eb" executionId="35361194-8b37-4872-b0c5-a1b611066a73" testListId="8c84fa94-04c1-424b-9868-57a2d4851a1d" />
  </TestEntries>
  <TestLists>
    <TestList name="Results Not in a List" id="8c84fa94-04c1-424b-9868-57a2d4851a1d" />
    <TestList name="All Loaded Results" id="19431567-8539-422a-85d7-44ee4e166bda" />
  </TestLists>
  <ResultSummary outcome="Completed">
    <Counters total="276" executed="276" passed="276" failed="0" error="0" timeout="0" aborted="0" inconclusive="0" passedButRunAborted="0" notRunnable="0" notExecuted="0" disconnected="0" warning="0" completed="0" inProgress="0" pending="0" />
    <Output>
      <StdOut>NUnit Adapter 3.17.0.0: Test execution started&#xD;
Running all tests in C:\Users\ericcarlson\Documents\GitHub\pickles\src\Pickles.Test\bin\Debug\net6.0\PicklesDoc.Pickles.Test.dll&#xD;
   NUnit3TestExecutor discovered 276 of 276 NUnit test cases&#xD;
NUnit Adapter 3.17.0.0: Test execution complete&#xD;
</StdOut>
    </Output>
  </ResultSummary>
</TestRun>