<?xml version="1.0" encoding="utf-8"?>
<TestRun id="6de0766d-ed43-436e-a069-f8349c491254" name="ericcarlson@ERICCARLSONBBE6 2022-05-09 16:19:15" runUser="ERICCARLSONBBE6\ericcarlson" xmlns="http://microsoft.com/schemas/VisualStudio/TeamTest/2010">
  <Times creation="2022-05-09T16:19:15.8027842-04:00" queuing="2022-05-09T16:19:15.8027844-04:00" start="2022-05-09T16:19:11.1950933-04:00" finish="2022-05-09T16:19:15.8088107-04:00" />
  <TestSettings name="default" id="67962380-3a80-4243-92db-8f9ee3c962d4">
    <Deployment runDeploymentRoot="ericcarlson_ERICCARLSONBBE6_2022-05-09_16_19_15" />
  </TestSettings>
  <Results>
    <UnitTestResult executionId="dd1c340b-bcbd-43eb-b408-359769127a68" testId="8ffcd521-b686-09ef-40ee-6003dae1bbfb" testName="ASimpleFeatureInAFolderWithFolderBaseUri" computerName="ERICCARLSONBBE6" duration="00:00:00.0049980" startTime="2022-05-09T16:19:15.6602858-04:00" endTime="2022-05-09T16:19:15.6652841-04:00" testType="13cdc9d9-ddb5-4fa4-a97d-d965ccfc6d4b" outcome="Passed" testListId="8c84fa94-04c1-424b-9868-57a2d4851a1d" relativeResultsDirectory="dd1c340b-bcbd-43eb-b408-359769127a68">
      <Output>
        <StdOut>Given I have this feature description placed in a folder 'FeatureTest' in a file 'SettingUriForAFeature.feature'&#xD;
  --- multiline step argument ---&#xD;
  Feature: Clearing Screen&#xD;
  Scenario: Clear the screen&#xD;
     Given I have entered 50 into the calculator&#xD;
     And I have entered 70 into the calculator&#xD;
     When I press C&#xD;
     Then the screen should be empty&#xD;
-&gt; done: StepDefinitions.GivenIHaveThisFeatureDescriptionPlacedInAFolder("FeatureTest", "SettingUriForAFea...", "Feature: Clearing...") (0.0s)&#xD;
And feature base uri is provided from configuration as 'root/test/'&#xD;
-&gt; done: StepDefinitions.GivenFeatureBaseUriIsProvidedFromConfigurationAs("root/test/") (0.0s)&#xD;
When I generate the documentation&#xD;
-&gt; done: StepDefinitions.WhenIGenerateTheJsonDocumentation() (0.0s)&#xD;
Then the JSON file should contain&#xD;
  --- multiline step argument ---&#xD;
  "uri": "root/test/FeatureTest/SettingUriForAFeature.feature"&#xD;
-&gt; done: StepDefinitions.ThenTheResultShouldBe(""uri": "root/test...") (0.0s)</StdOut>
      </Output>
    </UnitTestResult>
    <UnitTestResult executionId="241f7b00-f3a0-4875-8685-1a6ce73d9862" testId="a2666154-353c-538d-1d94-f354067d2903" testName="ASimpleFeatureInAFolderWithoutBaseUriSet" computerName="ERICCARLSONBBE6" duration="00:00:00.0118150" startTime="2022-05-09T16:19:15.6652971-04:00" endTime="2022-05-09T16:19:15.6771122-04:00" testType="13cdc9d9-ddb5-4fa4-a97d-d965ccfc6d4b" outcome="Passed" testListId="8c84fa94-04c1-424b-9868-57a2d4851a1d" relativeResultsDirectory="241f7b00-f3a0-4875-8685-1a6ce73d9862">
      <Output>
        <StdOut>Given I have this feature description placed in a folder 'FeatureTest' in a file 'SettingUriForAFeature.feature'&#xD;
  --- multiline step argument ---&#xD;
  Feature: Clearing Screen&#xD;
  Scenario: Clear the screen&#xD;
      Given I have entered 50 into the calculator&#xD;
      And I have entered 70 into the calculator&#xD;
      When I press C&#xD;
      Then the screen should be empty&#xD;
-&gt; done: StepDefinitions.GivenIHaveThisFeatureDescriptionPlacedInAFolder("FeatureTest", "SettingUriForAFea...", "Feature: Clearing...") (0.0s)&#xD;
When I generate the documentation&#xD;
-&gt; done: StepDefinitions.WhenIGenerateTheJsonDocumentation() (0.0s)&#xD;
Then the JSON file should contain&#xD;
  --- multiline step argument ---&#xD;
  "uri": "FeatureTest/SettingUriForAFeature.feature"&#xD;
-&gt; done: StepDefinitions.ThenTheResultShouldBe(""uri": "FeatureTe...") (0.0s)</StdOut>
      </Output>
    </UnitTestResult>
    <UnitTestResult executionId="6186ea17-ce48-4460-89c5-ad782b57ea9a" testId="f39f3621-b2db-acf4-6024-7330b5675c0a" testName="GIVEN_MacOS_test_When_create_document_Then_there_is_no_error" computerName="ERICCARLSONBBE6" duration="00:00:00.3410869" startTime="2022-05-09T16:19:14.2118547-04:00" endTime="2022-05-09T16:19:14.5528705-04:00" testType="13cdc9d9-ddb5-4fa4-a97d-d965ccfc6d4b" outcome="Passed" testListId="8c84fa94-04c1-424b-9868-57a2d4851a1d" relativeResultsDirectory="6186ea17-ce48-4460-89c5-ad782b57ea9a" />
    <UnitTestResult executionId="344ffc64-b404-4664-8177-6bb27852f92e" testId="797e3bf8-d1b0-5307-6959-1a39dacd6819" testName="ASimpleFeature" computerName="ERICCARLSONBBE6" duration="00:00:00.0036050" startTime="2022-05-09T16:19:15.6896181-04:00" endTime="2022-05-09T16:19:15.6932229-04:00" testType="13cdc9d9-ddb5-4fa4-a97d-d965ccfc6d4b" outcome="Passed" testListId="8c84fa94-04c1-424b-9868-57a2d4851a1d" relativeResultsDirectory="344ffc64-b404-4664-8177-6bb27852f92e">
      <Output>
        <StdOut>Given I have this feature description&#xD;
  --- multiline step argument ---&#xD;
  Feature: Clearing Screen&#xD;
      In order to restart a new set of calculations&#xD;
      As a math idiot&#xD;
      I want to be able to clear the screen&#xD;
  &#xD;
  @workflow @slow&#xD;
  Scenario: Clear the screen&#xD;
      Given I have entered 50 into the calculator&#xD;
      And I have entered 70 into the calculator&#xD;
      When I press C&#xD;
      Then the screen should be empty&#xD;
-&gt; done: StepDefinitions.IHaveThisFeatureDescription("Feature: Clearing...") (0.0s)&#xD;
When I generate the documentation&#xD;
-&gt; done: StepDefinitions.WhenIGenerateTheJsonDocumentation() (0.0s)&#xD;
Then the JSON file should contain&#xD;
  --- multiline step argument ---&#xD;
  [&#xD;
    {&#xD;
      "id": "clearing-screen",&#xD;
      "keyword": "Feature",&#xD;
      "name": "Clearing Screen",&#xD;
      "tags": [],&#xD;
      "line": 1,&#xD;
      "elements": [&#xD;
        {&#xD;
          "id": "clearing-screen;clear-the-screen",&#xD;
          "keyword": "Scenario",&#xD;
          "name": "Clear the screen",&#xD;
          "line": 7,&#xD;
          "type": "scenario",&#xD;
          "tags": [&#xD;
            {&#xD;
              "name": "@workflow"&#xD;
            },&#xD;
            {&#xD;
              "name": "@slow"&#xD;
            }&#xD;
          ],&#xD;
          "steps": [&#xD;
            {&#xD;
              "keyword": "Given",&#xD;
              "name": "I have entered 50 into the calculator",&#xD;
              "line": 8,&#xD;
              "hidden": false,&#xD;
              "result": {&#xD;
                "status": "Undefined",&#xD;
                "duration": 1&#xD;
              }&#xD;
            },&#xD;
            {&#xD;
              "keyword": "And",&#xD;
              "name": "I have entered 70 into the calculator",&#xD;
              "line": 9,&#xD;
              "hidden": false,&#xD;
              "result": {&#xD;
                "status": "Undefined",&#xD;
                "duration": 1&#xD;
              }&#xD;
            },&#xD;
            {&#xD;
              "keyword": "When",&#xD;
              "name": "I press C",&#xD;
              "line": 10,&#xD;
              "hidden": false,&#xD;
              "result": {&#xD;
                "status": "Undefined",&#xD;
                "duration": 1&#xD;
              }&#xD;
            },&#xD;
            {&#xD;
              "keyword": "Then",&#xD;
              "name": "the screen should be empty",&#xD;
              "line": 11,&#xD;
              "hidden": false,&#xD;
              "result": {&#xD;
                "status": "Undefined",&#xD;
                "duration": 1&#xD;
              }&#xD;
            }&#xD;
-&gt; done: StepDefinitions.ThenTheResultShouldBe("[\r\n  {\r\n    "...") (0.0s)</StdOut>
      </Output>
    </UnitTestResult>
    <UnitTestResult executionId="a8896d8d-5c26-4369-ba53-d6ac55e6709a" testId="4cd6546d-4c91-a70f-160f-162ed395a6c4" testName="AFeatureWithATable" computerName="ERICCARLSONBBE6" duration="00:00:00.0114360" startTime="2022-05-09T16:19:15.6781428-04:00" endTime="2022-05-09T16:19:15.6895786-04:00" testType="13cdc9d9-ddb5-4fa4-a97d-d965ccfc6d4b" outcome="Passed" testListId="8c84fa94-04c1-424b-9868-57a2d4851a1d" relativeResultsDirectory="a8896d8d-5c26-4369-ba53-d6ac55e6709a">
      <Output>
        <StdOut>Given I have this feature description&#xD;
  --- multiline step argument ---&#xD;
  Feature: Interactive DHTML View&#xD;
      In order to increase stakeholder engagement with pickled specs&#xD;
      As a SpecFlow evangelist&#xD;
      I want to adjust the level of detail in the DHTML view to suit my audience&#xD;
      So that I do not overwhelm them.&#xD;
  &#xD;
  Scenario: Scenario with large data table&#xD;
      Given a feature with a large table of data:&#xD;
          | heading    | page # |&#xD;
          | Chapter 1  | 1      |&#xD;
          | Chapter 2  | 5      |&#xD;
          | Chapter 3  | 10     |&#xD;
          | Chapter 4  | 15     |&#xD;
          | Chapter 5  | 20     |&#xD;
          | Chapter 6  | 25     |&#xD;
          | Chapter 7  | 30     |&#xD;
          | Chapter 8  | 35     |&#xD;
          | Chapter 9  | 40     |&#xD;
          | Chapter 10 | 45     |&#xD;
          | Chapter 11 | 50     |&#xD;
          | Chapter 12 | 55     |&#xD;
          | Chapter 13 | 60     |&#xD;
          | Chapter 14 | 65     |&#xD;
          | Chapter 15 | 70     |&#xD;
          | Chapter 16 | 75     |&#xD;
          | Chapter 17 | 80     |&#xD;
          | Chapter 18 | 85     |&#xD;
          | Chapter 19 | 90     |&#xD;
          | Chapter 20 | 95     |&#xD;
          | Chapter 21 | 100    |&#xD;
          | Chapter 22 | 105    |&#xD;
      When I click on the table heading&#xD;
      Then the table body should collapse&#xD;
-&gt; done: StepDefinitions.IHaveThisFeatureDescription("Feature: Interact...") (0.0s)&#xD;
When I generate the documentation&#xD;
-&gt; done: StepDefinitions.WhenIGenerateTheJsonDocumentation() (0.0s)&#xD;
Then the JSON file should contain&#xD;
  --- multiline step argument ---&#xD;
  [&#xD;
    {&#xD;
      "id": "interactive-dhtml-view",&#xD;
      "keyword": "Feature",&#xD;
      "name": "Interactive DHTML View",&#xD;
      "tags": [],&#xD;
      "line": 1,&#xD;
      "elements": [&#xD;
        {&#xD;
          "id": "interactive-dhtml-view;scenario-with-large-data-table",&#xD;
          "keyword": "Scenario",&#xD;
          "name": "Scenario with large data table",&#xD;
          "line": 7,&#xD;
          "type": "scenario",&#xD;
          "tags": [],&#xD;
          "steps": [&#xD;
            {&#xD;
              "keyword": "Given",&#xD;
              "name": "a feature with a large table of data:",&#xD;
              "line": 8,&#xD;
              "hidden": false,&#xD;
              "result": {&#xD;
                "status": "Undefined",&#xD;
                "duration": 1&#xD;
              }&#xD;
            },&#xD;
            {&#xD;
              "keyword": "When",&#xD;
              "name": "I click on the table heading",&#xD;
              "line": 32,&#xD;
              "hidden": false,&#xD;
              "result": {&#xD;
                "status": "Undefined",&#xD;
                "duration": 1&#xD;
              }&#xD;
            },&#xD;
            {&#xD;
              "keyword": "Then",&#xD;
              "name": "the table body should collapse",&#xD;
              "line": 33,&#xD;
              "hidden": false,&#xD;
              "result": {&#xD;
                "status": "Undefined",&#xD;
                "duration": 1&#xD;
              }&#xD;
            }&#xD;
-&gt; done: StepDefinitions.ThenTheResultShouldBe("[\r\n  {\r\n    "...") (0.0s)</StdOut>
      </Output>
    </UnitTestResult>
    <UnitTestResult executionId="af77eb25-5be4-48e9-82fb-c60fed72f330" testId="de3560be-e722-db99-5be6-2a40c144ed43" testName="ASimpleFeatureInAFolderWithFileBaseUri" computerName="ERICCARLSONBBE6" duration="00:00:00.0056770" startTime="2022-05-09T16:19:15.6545918-04:00" endTime="2022-05-09T16:19:15.6602690-04:00" testType="13cdc9d9-ddb5-4fa4-a97d-d965ccfc6d4b" outcome="Passed" testListId="8c84fa94-04c1-424b-9868-57a2d4851a1d" relativeResultsDirectory="af77eb25-5be4-48e9-82fb-c60fed72f330">
      <Output>
        <StdOut>Given I have this feature description placed in a folder 'FeatureTest' in a file 'SettingUriForAFeature.feature'&#xD;
  --- multiline step argument ---&#xD;
  Feature: Clearing Screen&#xD;
  Scenario: Clear the screen&#xD;
     Given I have entered 50 into the calculator&#xD;
     And I have entered 70 into the calculator&#xD;
     When I press C&#xD;
     Then the screen should be empty&#xD;
-&gt; done: StepDefinitions.GivenIHaveThisFeatureDescriptionPlacedInAFolder("FeatureTest", "SettingUriForAFea...", "Feature: Clearing...") (0.0s)&#xD;
And feature base uri is provided from configuration as 'test'&#xD;
-&gt; done: StepDefinitions.GivenFeatureBaseUriIsProvidedFromConfigurationAs("test") (0.0s)&#xD;
When I generate the documentation&#xD;
-&gt; done: StepDefinitions.WhenIGenerateTheJsonDocumentation() (0.0s)&#xD;
Then the JSON file should contain&#xD;
  --- multiline step argument ---&#xD;
  "uri": "test/FeatureTest/SettingUriForAFeature.feature"&#xD;
-&gt; done: StepDefinitions.ThenTheResultShouldBe(""uri": "test/Feat...") (0.0s)</StdOut>
      </Output>
    </UnitTestResult>
    <UnitTestResult executionId="9ed459a1-7618-400d-9bb6-91045843638f" testId="59ff08fb-5d87-ad92-134e-e652c18e54d2" testName="ASimpleFeatureInAFolderWithAnAbsoluteBaseUri" computerName="ERICCARLSONBBE6" duration="00:00:01.0939220" startTime="2022-05-09T16:19:14.5606224-04:00" endTime="2022-05-09T16:19:15.6545449-04:00" testType="13cdc9d9-ddb5-4fa4-a97d-d965ccfc6d4b" outcome="Passed" testListId="8c84fa94-04c1-424b-9868-57a2d4851a1d" relativeResultsDirectory="9ed459a1-7618-400d-9bb6-91045843638f">
      <Output>
        <StdOut>Given I have this feature description placed in a folder 'FeatureTest' in a file 'SettingUriForAFeature.feature'&#xD;
  --- multiline step argument ---&#xD;
  Feature: Clearing Screen&#xD;
  Scenario: Clear the screen&#xD;
     Given I have entered 50 into the calculator&#xD;
     And I have entered 70 into the calculator&#xD;
     When I press C&#xD;
     Then the screen should be empty&#xD;
-&gt; done: StepDefinitions.GivenIHaveThisFeatureDescriptionPlacedInAFolder("FeatureTest", "SettingUriForAFea...", "Feature: Clearing...") (1.0s)&#xD;
And feature base uri is provided from configuration as 'http://root/test/'&#xD;
-&gt; done: StepDefinitions.GivenFeatureBaseUriIsProvidedFromConfigurationAs("http://root/test/") (0.0s)&#xD;
When I generate the documentation&#xD;
-&gt; done: StepDefinitions.WhenIGenerateTheJsonDocumentation() (0.0s)&#xD;
Then the JSON file should contain&#xD;
  --- multiline step argument ---&#xD;
  "uri": "http://root/test/FeatureTest/SettingUriForAFeature.feature"&#xD;
-&gt; done: StepDefinitions.ThenTheResultShouldBe(""uri": "http://ro...") (0.1s)</StdOut>
      </Output>
    </UnitTestResult>
  </Results>
  <TestDefinitions>
    <UnitTest name="ASimpleFeatureInAFolderWithoutBaseUriSet" storage="c:\users\ericcarlson\documents\github\pickles\src\pickles.documentationbuilders.cucumber.unittests\bin\debug\net6.0\picklesdoc.pickles.documentationbuilders.cucumber.unittests.dll" id="a2666154-353c-538d-1d94-f354067d2903">
      <Execution id="241f7b00-f3a0-4875-8685-1a6ce73d9862" />
      <TestMethod codeBase="C:\Users\ericcarlson\Documents\GitHub\pickles\src\Pickles.DocumentationBuilders.Cucumber.UnitTests\bin\Debug\net6.0\PicklesDoc.Pickles.DocumentationBuilders.Cucumber.UnitTests.dll" adapterTypeName="executor://nunit3testexecutor/" className="PicklesDoc.Pickles.DocumentationBuilders.Cucumber.UnitTests.FeatureTest.SettingUriForAFeatureInAFolderFeature" name="ASimpleFeatureInAFolderWithoutBaseUriSet" />
    </UnitTest>
    <UnitTest name="ASimpleFeatureInAFolderWithAnAbsoluteBaseUri" storage="c:\users\ericcarlson\documents\github\pickles\src\pickles.documentationbuilders.cucumber.unittests\bin\debug\net6.0\picklesdoc.pickles.documentationbuilders.cucumber.unittests.dll" id="59ff08fb-5d87-ad92-134e-e652c18e54d2">
      <Execution id="9ed459a1-7618-400d-9bb6-91045843638f" />
      <TestMethod codeBase="C:\Users\ericcarlson\Documents\GitHub\pickles\src\Pickles.DocumentationBuilders.Cucumber.UnitTests\bin\Debug\net6.0\PicklesDoc.Pickles.DocumentationBuilders.Cucumber.UnitTests.dll" adapterTypeName="executor://nunit3testexecutor/" className="PicklesDoc.Pickles.DocumentationBuilders.Cucumber.UnitTests.FeatureTest.SettingUriForAFeatureInAFolderFeature" name="ASimpleFeatureInAFolderWithAnAbsoluteBaseUri" />
    </UnitTest>
    <UnitTest name="GIVEN_MacOS_test_When_create_document_Then_there_is_no_error" storage="c:\users\ericcarlson\documents\github\pickles\src\pickles.documentationbuilders.cucumber.unittests\bin\debug\net6.0\picklesdoc.pickles.documentationbuilders.cucumber.unittests.dll" id="f39f3621-b2db-acf4-6024-7330b5675c0a">
      <Execution id="6186ea17-ce48-4460-89c5-ad782b57ea9a" />
      <TestMethod codeBase="C:\Users\ericcarlson\Documents\GitHub\pickles\src\Pickles.DocumentationBuilders.Cucumber.UnitTests\bin\Debug\net6.0\PicklesDoc.Pickles.DocumentationBuilders.Cucumber.UnitTests.dll" adapterTypeName="executor://nunit3testexecutor/" className="PicklesDoc.Pickles.DocumentationBuilders.Cucumber.UnitTests.CucumberDocumentationBuilderTests" name="GIVEN_MacOS_test_When_create_document_Then_there_is_no_error" />
    </UnitTest>
    <UnitTest name="ASimpleFeature" storage="c:\users\ericcarlson\documents\github\pickles\src\pickles.documentationbuilders.cucumber.unittests\bin\debug\net6.0\picklesdoc.pickles.documentationbuilders.cucumber.unittests.dll" id="797e3bf8-d1b0-5307-6959-1a39dacd6819">
      <Execution id="344ffc64-b404-4664-8177-6bb27852f92e" />
      <TestMethod codeBase="C:\Users\ericcarlson\Documents\GitHub\pickles\src\Pickles.DocumentationBuilders.Cucumber.UnitTests\bin\Debug\net6.0\PicklesDoc.Pickles.DocumentationBuilders.Cucumber.UnitTests.dll" adapterTypeName="executor://nunit3testexecutor/" className="PicklesDoc.Pickles.DocumentationBuilders.Cucumber.UnitTests.FormattingAFeatureFeature" name="ASimpleFeature" />
    </UnitTest>
    <UnitTest name="AFeatureWithATable" storage="c:\users\ericcarlson\documents\github\pickles\src\pickles.documentationbuilders.cucumber.unittests\bin\debug\net6.0\picklesdoc.pickles.documentationbuilders.cucumber.unittests.dll" id="4cd6546d-4c91-a70f-160f-162ed395a6c4">
      <Execution id="a8896d8d-5c26-4369-ba53-d6ac55e6709a" />
      <TestMethod codeBase="C:\Users\ericcarlson\Documents\GitHub\pickles\src\Pickles.DocumentationBuilders.Cucumber.UnitTests\bin\Debug\net6.0\PicklesDoc.Pickles.DocumentationBuilders.Cucumber.UnitTests.dll" adapterTypeName="executor://nunit3testexecutor/" className="PicklesDoc.Pickles.DocumentationBuilders.Cucumber.UnitTests.FormattingAFeatureFeature" name="AFeatureWithATable" />
    </UnitTest>
    <UnitTest name="ASimpleFeatureInAFolderWithFileBaseUri" storage="c:\users\ericcarlson\documents\github\pickles\src\pickles.documentationbuilders.cucumber.unittests\bin\debug\net6.0\picklesdoc.pickles.documentationbuilders.cucumber.unittests.dll" id="de3560be-e722-db99-5be6-2a40c144ed43">
      <Execution id="af77eb25-5be4-48e9-82fb-c60fed72f330" />
      <TestMethod codeBase="C:\Users\ericcarlson\Documents\GitHub\pickles\src\Pickles.DocumentationBuilders.Cucumber.UnitTests\bin\Debug\net6.0\PicklesDoc.Pickles.DocumentationBuilders.Cucumber.UnitTests.dll" adapterTypeName="executor://nunit3testexecutor/" className="PicklesDoc.Pickles.DocumentationBuilders.Cucumber.UnitTests.FeatureTest.SettingUriForAFeatureInAFolderFeature" name="ASimpleFeatureInAFolderWithFileBaseUri" />
    </UnitTest>
    <UnitTest name="ASimpleFeatureInAFolderWithFolderBaseUri" storage="c:\users\ericcarlson\documents\github\pickles\src\pickles.documentationbuilders.cucumber.unittests\bin\debug\net6.0\picklesdoc.pickles.documentationbuilders.cucumber.unittests.dll" id="8ffcd521-b686-09ef-40ee-6003dae1bbfb">
      <Execution id="dd1c340b-bcbd-43eb-b408-359769127a68" />
      <TestMethod codeBase="C:\Users\ericcarlson\Documents\GitHub\pickles\src\Pickles.DocumentationBuilders.Cucumber.UnitTests\bin\Debug\net6.0\PicklesDoc.Pickles.DocumentationBuilders.Cucumber.UnitTests.dll" adapterTypeName="executor://nunit3testexecutor/" className="PicklesDoc.Pickles.DocumentationBuilders.Cucumber.UnitTests.FeatureTest.SettingUriForAFeatureInAFolderFeature" name="ASimpleFeatureInAFolderWithFolderBaseUri" />
    </UnitTest>
  </TestDefinitions>
  <TestEntries>
    <TestEntry testId="8ffcd521-b686-09ef-40ee-6003dae1bbfb" executionId="dd1c340b-bcbd-43eb-b408-359769127a68" testListId="8c84fa94-04c1-424b-9868-57a2d4851a1d" />
    <TestEntry testId="a2666154-353c-538d-1d94-f354067d2903" executionId="241f7b00-f3a0-4875-8685-1a6ce73d9862" testListId="8c84fa94-04c1-424b-9868-57a2d4851a1d" />
    <TestEntry testId="f39f3621-b2db-acf4-6024-7330b5675c0a" executionId="6186ea17-ce48-4460-89c5-ad782b57ea9a" testListId="8c84fa94-04c1-424b-9868-57a2d4851a1d" />
    <TestEntry testId="797e3bf8-d1b0-5307-6959-1a39dacd6819" executionId="344ffc64-b404-4664-8177-6bb27852f92e" testListId="8c84fa94-04c1-424b-9868-57a2d4851a1d" />
    <TestEntry testId="4cd6546d-4c91-a70f-160f-162ed395a6c4" executionId="a8896d8d-5c26-4369-ba53-d6ac55e6709a" testListId="8c84fa94-04c1-424b-9868-57a2d4851a1d" />
    <TestEntry testId="de3560be-e722-db99-5be6-2a40c144ed43" executionId="af77eb25-5be4-48e9-82fb-c60fed72f330" testListId="8c84fa94-04c1-424b-9868-57a2d4851a1d" />
    <TestEntry testId="59ff08fb-5d87-ad92-134e-e652c18e54d2" executionId="9ed459a1-7618-400d-9bb6-91045843638f" testListId="8c84fa94-04c1-424b-9868-57a2d4851a1d" />
  </TestEntries>
  <TestLists>
    <TestList name="Results Not in a List" id="8c84fa94-04c1-424b-9868-57a2d4851a1d" />
    <TestList name="All Loaded Results" id="19431567-8539-422a-85d7-44ee4e166bda" />
  </TestLists>
  <ResultSummary outcome="Completed">
    <Counters total="7" executed="7" passed="7" failed="0" error="0" timeout="0" aborted="0" inconclusive="0" passedButRunAborted="0" notRunnable="0" notExecuted="0" disconnected="0" warning="0" completed="0" inProgress="0" pending="0" />
    <Output>
      <StdOut>NUnit Adapter 3.17.0.0: Test execution started&#xD;
Running all tests in C:\Users\ericcarlson\Documents\GitHub\pickles\src\Pickles.DocumentationBuilders.Cucumber.UnitTests\bin\Debug\net6.0\PicklesDoc.Pickles.DocumentationBuilders.Cucumber.UnitTests.dll&#xD;
   NUnit3TestExecutor discovered 7 of 7 NUnit test cases&#xD;
Given I have this feature description placed in a folder 'FeatureTest' in a file 'SettingUriForAFeature.feature'&#xD;
  --- multiline step argument ---&#xD;
  Feature: Clearing Screen&#xD;
  Scenario: Clear the screen&#xD;
     Given I have entered 50 into the calculator&#xD;
     And I have entered 70 into the calculator&#xD;
     When I press C&#xD;
     Then the screen should be empty&#xD;
-&gt; done: StepDefinitions.GivenIHaveThisFeatureDescriptionPlacedInAFolder("FeatureTest", "SettingUriForAFea...", "Feature: Clearing...") (1.0s)&#xD;
And feature base uri is provided from configuration as 'http://root/test/'&#xD;
-&gt; done: StepDefinitions.GivenFeatureBaseUriIsProvidedFromConfigurationAs("http://root/test/") (0.0s)&#xD;
When I generate the documentation&#xD;
-&gt; done: StepDefinitions.WhenIGenerateTheJsonDocumentation() (0.0s)&#xD;
Then the JSON file should contain&#xD;
  --- multiline step argument ---&#xD;
  "uri": "http://root/test/FeatureTest/SettingUriForAFeature.feature"&#xD;
-&gt; done: StepDefinitions.ThenTheResultShouldBe(""uri": "http://ro...") (0.1s)&#xD;
&#xD;
Given I have this feature description placed in a folder 'FeatureTest' in a file 'SettingUriForAFeature.feature'&#xD;
  --- multiline step argument ---&#xD;
  Feature: Clearing Screen&#xD;
  Scenario: Clear the screen&#xD;
     Given I have entered 50 into the calculator&#xD;
     And I have entered 70 into the calculator&#xD;
     When I press C&#xD;
     Then the screen should be empty&#xD;
-&gt; done: StepDefinitions.GivenIHaveThisFeatureDescriptionPlacedInAFolder("FeatureTest", "SettingUriForAFea...", "Feature: Clearing...") (0.0s)&#xD;
And feature base uri is provided from configuration as 'test'&#xD;
-&gt; done: StepDefinitions.GivenFeatureBaseUriIsProvidedFromConfigurationAs("test") (0.0s)&#xD;
When I generate the documentation&#xD;
-&gt; done: StepDefinitions.WhenIGenerateTheJsonDocumentation() (0.0s)&#xD;
Then the JSON file should contain&#xD;
  --- multiline step argument ---&#xD;
  "uri": "test/FeatureTest/SettingUriForAFeature.feature"&#xD;
-&gt; done: StepDefinitions.ThenTheResultShouldBe(""uri": "test/Feat...") (0.0s)&#xD;
&#xD;
Given I have this feature description placed in a folder 'FeatureTest' in a file 'SettingUriForAFeature.feature'&#xD;
  --- multiline step argument ---&#xD;
  Feature: Clearing Screen&#xD;
  Scenario: Clear the screen&#xD;
     Given I have entered 50 into the calculator&#xD;
     And I have entered 70 into the calculator&#xD;
     When I press C&#xD;
     Then the screen should be empty&#xD;
-&gt; done: StepDefinitions.GivenIHaveThisFeatureDescriptionPlacedInAFolder("FeatureTest", "SettingUriForAFea...", "Feature: Clearing...") (0.0s)&#xD;
And feature base uri is provided from configuration as 'root/test/'&#xD;
-&gt; done: StepDefinitions.GivenFeatureBaseUriIsProvidedFromConfigurationAs("root/test/") (0.0s)&#xD;
When I generate the documentation&#xD;
-&gt; done: StepDefinitions.WhenIGenerateTheJsonDocumentation() (0.0s)&#xD;
Then the JSON file should contain&#xD;
  --- multiline step argument ---&#xD;
  "uri": "root/test/FeatureTest/SettingUriForAFeature.feature"&#xD;
-&gt; done: StepDefinitions.ThenTheResultShouldBe(""uri": "root/test...") (0.0s)&#xD;
&#xD;
Given I have this feature description placed in a folder 'FeatureTest' in a file 'SettingUriForAFeature.feature'&#xD;
  --- multiline step argument ---&#xD;
  Feature: Clearing Screen&#xD;
  Scenario: Clear the screen&#xD;
      Given I have entered 50 into the calculator&#xD;
      And I have entered 70 into the calculator&#xD;
      When I press C&#xD;
      Then the screen should be empty&#xD;
-&gt; done: StepDefinitions.GivenIHaveThisFeatureDescriptionPlacedInAFolder("FeatureTest", "SettingUriForAFea...", "Feature: Clearing...") (0.0s)&#xD;
When I generate the documentation&#xD;
-&gt; done: StepDefinitions.WhenIGenerateTheJsonDocumentation() (0.0s)&#xD;
Then the JSON file should contain&#xD;
  --- multiline step argument ---&#xD;
  "uri": "FeatureTest/SettingUriForAFeature.feature"&#xD;
-&gt; done: StepDefinitions.ThenTheResultShouldBe(""uri": "FeatureTe...") (0.0s)&#xD;
&#xD;
Given I have this feature description&#xD;
  --- multiline step argument ---&#xD;
  Feature: Interactive DHTML View&#xD;
      In order to increase stakeholder engagement with pickled specs&#xD;
      As a SpecFlow evangelist&#xD;
      I want to adjust the level of detail in the DHTML view to suit my audience&#xD;
      So that I do not overwhelm them.&#xD;
  &#xD;
  Scenario: Scenario with large data table&#xD;
      Given a feature with a large table of data:&#xD;
          | heading    | page # |&#xD;
          | Chapter 1  | 1      |&#xD;
          | Chapter 2  | 5      |&#xD;
          | Chapter 3  | 10     |&#xD;
          | Chapter 4  | 15     |&#xD;
          | Chapter 5  | 20     |&#xD;
          | Chapter 6  | 25     |&#xD;
          | Chapter 7  | 30     |&#xD;
          | Chapter 8  | 35     |&#xD;
          | Chapter 9  | 40     |&#xD;
          | Chapter 10 | 45     |&#xD;
          | Chapter 11 | 50     |&#xD;
          | Chapter 12 | 55     |&#xD;
          | Chapter 13 | 60     |&#xD;
          | Chapter 14 | 65     |&#xD;
          | Chapter 15 | 70     |&#xD;
          | Chapter 16 | 75     |&#xD;
          | Chapter 17 | 80     |&#xD;
          | Chapter 18 | 85     |&#xD;
          | Chapter 19 | 90     |&#xD;
          | Chapter 20 | 95     |&#xD;
          | Chapter 21 | 100    |&#xD;
          | Chapter 22 | 105    |&#xD;
      When I click on the table heading&#xD;
      Then the table body should collapse&#xD;
-&gt; done: StepDefinitions.IHaveThisFeatureDescription("Feature: Interact...") (0.0s)&#xD;
When I generate the documentation&#xD;
-&gt; done: StepDefinitions.WhenIGenerateTheJsonDocumentation() (0.0s)&#xD;
Then the JSON file should contain&#xD;
  --- multiline step argument ---&#xD;
  [&#xD;
    {&#xD;
      "id": "interactive-dhtml-view",&#xD;
      "keyword": "Feature",&#xD;
      "name": "Interactive DHTML View",&#xD;
      "tags": [],&#xD;
      "line": 1,&#xD;
      "elements": [&#xD;
        {&#xD;
          "id": "interactive-dhtml-view;scenario-with-large-data-table",&#xD;
          "keyword": "Scenario",&#xD;
          "name": "Scenario with large data table",&#xD;
          "line": 7,&#xD;
          "type": "scenario",&#xD;
          "tags": [],&#xD;
          "steps": [&#xD;
            {&#xD;
              "keyword": "Given",&#xD;
              "name": "a feature with a large table of data:",&#xD;
              "line": 8,&#xD;
              "hidden": false,&#xD;
              "result": {&#xD;
                "status": "Undefined",&#xD;
                "duration": 1&#xD;
              }&#xD;
            },&#xD;
            {&#xD;
              "keyword": "When",&#xD;
              "name": "I click on the table heading",&#xD;
              "line": 32,&#xD;
              "hidden": false,&#xD;
              "result": {&#xD;
                "status": "Undefined",&#xD;
                "duration": 1&#xD;
              }&#xD;
            },&#xD;
            {&#xD;
              "keyword": "Then",&#xD;
              "name": "the table body should collapse",&#xD;
              "line": 33,&#xD;
              "hidden": false,&#xD;
              "result": {&#xD;
                "status": "Undefined",&#xD;
                "duration": 1&#xD;
              }&#xD;
            }&#xD;
-&gt; done: StepDefinitions.ThenTheResultShouldBe("[\r\n  {\r\n    "...") (0.0s)&#xD;
&#xD;
Given I have this feature description&#xD;
  --- multiline step argument ---&#xD;
  Feature: Clearing Screen&#xD;
      In order to restart a new set of calculations&#xD;
      As a math idiot&#xD;
      I want to be able to clear the screen&#xD;
  &#xD;
  @workflow @slow&#xD;
  Scenario: Clear the screen&#xD;
      Given I have entered 50 into the calculator&#xD;
      And I have entered 70 into the calculator&#xD;
      When I press C&#xD;
      Then the screen should be empty&#xD;
-&gt; done: StepDefinitions.IHaveThisFeatureDescription("Feature: Clearing...") (0.0s)&#xD;
When I generate the documentation&#xD;
-&gt; done: StepDefinitions.WhenIGenerateTheJsonDocumentation() (0.0s)&#xD;
Then the JSON file should contain&#xD;
  --- multiline step argument ---&#xD;
  [&#xD;
    {&#xD;
      "id": "clearing-screen",&#xD;
      "keyword": "Feature",&#xD;
      "name": "Clearing Screen",&#xD;
      "tags": [],&#xD;
      "line": 1,&#xD;
      "elements": [&#xD;
        {&#xD;
          "id": "clearing-screen;clear-the-screen",&#xD;
          "keyword": "Scenario",&#xD;
          "name": "Clear the screen",&#xD;
          "line": 7,&#xD;
          "type": "scenario",&#xD;
          "tags": [&#xD;
            {&#xD;
              "name": "@workflow"&#xD;
            },&#xD;
            {&#xD;
              "name": "@slow"&#xD;
            }&#xD;
          ],&#xD;
          "steps": [&#xD;
            {&#xD;
              "keyword": "Given",&#xD;
              "name": "I have entered 50 into the calculator",&#xD;
              "line": 8,&#xD;
              "hidden": false,&#xD;
              "result": {&#xD;
                "status": "Undefined",&#xD;
                "duration": 1&#xD;
              }&#xD;
            },&#xD;
            {&#xD;
              "keyword": "And",&#xD;
              "name": "I have entered 70 into the calculator",&#xD;
              "line": 9,&#xD;
              "hidden": false,&#xD;
              "result": {&#xD;
                "status": "Undefined",&#xD;
                "duration": 1&#xD;
              }&#xD;
            },&#xD;
            {&#xD;
              "keyword": "When",&#xD;
              "name": "I press C",&#xD;
              "line": 10,&#xD;
              "hidden": false,&#xD;
              "result": {&#xD;
                "status": "Undefined",&#xD;
                "duration": 1&#xD;
              }&#xD;
            },&#xD;
            {&#xD;
              "keyword": "Then",&#xD;
              "name": "the screen should be empty",&#xD;
              "line": 11,&#xD;
              "hidden": false,&#xD;
              "result": {&#xD;
                "status": "Undefined",&#xD;
                "duration": 1&#xD;
              }&#xD;
            }&#xD;
-&gt; done: StepDefinitions.ThenTheResultShouldBe("[\r\n  {\r\n    "...") (0.0s)&#xD;
&#xD;
NUnit Adapter 3.17.0.0: Test execution complete&#xD;
</StdOut>
    </Output>
  </ResultSummary>
</TestRun>