<?xml version="1.0" encoding="utf-8"?>
<TestRun id="b8e927c4-852d-4adc-9f9f-c60d9472e95f" name="ericcarlson@ERICCARLSONBBE6 2022-05-04 14:46:16" runUser="ERICCARLSONBBE6\ericcarlson" xmlns="http://microsoft.com/schemas/VisualStudio/TeamTest/2010">
  <Times creation="2022-05-04T14:46:16.6330606-04:00" queuing="2022-05-04T14:46:16.6330609-04:00" start="2022-05-04T14:46:11.6143915-04:00" finish="2022-05-04T14:46:17.2245567-04:00" />
  <TestSettings name="default" id="06be76bf-a2ba-4b2d-a86e-469e6d903bf2">
    <Deployment runDeploymentRoot="ericcarlson_ERICCARLSONBBE6_2022-05-04_14_46_16" />
  </TestSettings>
  <Results>
    <UnitTestResult executionId="641eb36b-74c6-426a-8f30-d1e5b78f493b" testId="76a91881-48f8-2f7b-c424-8a97b8bf6740" testName="OutputHasBackgroundGivenStepForFeature" computerName="ERICCARLSONBBE6" duration="00:00:01.5041790" startTime="2022-05-04T14:46:15.0774448-04:00" endTime="2022-05-04T14:46:16.5815216-04:00" testType="13cdc9d9-ddb5-4fa4-a97d-d965ccfc6d4b" outcome="Passed" testListId="8c84fa94-04c1-424b-9868-57a2d4851a1d" relativeResultsDirectory="641eb36b-74c6-426a-8f30-d1e5b78f493b">
      <Output>
        <StdOut>Given I have a feature called 'My Background Steps Feature'&#xD;
-&gt; done: GherkinTreeSteps.GivenIHaveAFeatureCalled("My Background Ste...") (1.3s)&#xD;
And I have a background section&#xD;
-&gt; done: GherkinTreeSteps.GivenIHaveABackgroundSection() (0.0s)&#xD;
And I have the background steps&#xD;
  --- table step argument ---&#xD;
  | Keyword | Step                       |&#xD;
  | Given   | I have a simple given step |&#xD;
-&gt; done: GherkinTreeSteps.GivenIHaveTheBackgroundSteps(&lt;table&gt;) (0.0s)&#xD;
When I generate Markdown output&#xD;
-&gt; done: MarkdownSteps.When_I_Generate_Markdown_Output() (0.1s)&#xD;
Then the Markdown output has the lines in the following order&#xD;
  --- table step argument ---&#xD;
  | Content                                |&#xD;
  | #### Background:                       |&#xD;
  | &gt;                                      |&#xD;
  | &gt; **Given** I have a simple given step |&#xD;
-&gt; done: MarkdownSteps.Then_The_Markdown_Output_Has_The_Lines_In_The_Following_Order(&lt;table&gt;) (0.0s)</StdOut>
      </Output>
    </UnitTestResult>
    <UnitTestResult executionId="33f91b1e-b6ff-40c8-b887-9079f53120a3" testId="c0b1ee9c-f455-e634-bb7c-275492950bfa" testName="OutputHasScenarioHeading" computerName="ERICCARLSONBBE6" duration="00:00:00.0069290" startTime="2022-05-04T14:46:16.6674629-04:00" endTime="2022-05-04T14:46:16.6743922-04:00" testType="13cdc9d9-ddb5-4fa4-a97d-d965ccfc6d4b" outcome="Passed" testListId="8c84fa94-04c1-424b-9868-57a2d4851a1d" relativeResultsDirectory="33f91b1e-b6ff-40c8-b887-9079f53120a3">
      <Output>
        <StdOut>Given I have a feature called 'My Scenario Heading'&#xD;
-&gt; done: GherkinTreeSteps.GivenIHaveAFeatureCalled("My Scenario Heading") (0.0s)&#xD;
And I have a scenario called 'Scenario heading included in output'&#xD;
-&gt; done: GherkinTreeSteps.GivenIHaveAScenarioCalled("Scenario heading ...") (0.0s)&#xD;
When I generate Markdown output&#xD;
-&gt; done: MarkdownSteps.When_I_Generate_Markdown_Output() (0.0s)&#xD;
Then the Markdown output has the lines&#xD;
  --- table step argument ---&#xD;
  | Content                                            |&#xD;
  | #### Scenario: Scenario heading included in output |&#xD;
-&gt; done: MarkdownSteps.ThenTheMarkdownOutputHasTheLines(&lt;table&gt;) (0.0s)</StdOut>
      </Output>
    </UnitTestResult>
    <UnitTestResult executionId="34685b28-bd58-47af-9cea-1d48da0129d6" testId="89927b35-50ec-c5d2-f073-d7e7c9a64808" testName="OutputHasTagsForScenario" computerName="ERICCARLSONBBE6" duration="00:00:00.0116250" startTime="2022-05-04T14:46:17.1044551-04:00" endTime="2022-05-04T14:46:17.1160802-04:00" testType="13cdc9d9-ddb5-4fa4-a97d-d965ccfc6d4b" outcome="Passed" testListId="8c84fa94-04c1-424b-9868-57a2d4851a1d" relativeResultsDirectory="34685b28-bd58-47af-9cea-1d48da0129d6">
      <Output>
        <StdOut>Given I have a feature called 'My Tagged Feature'&#xD;
-&gt; done: GherkinTreeSteps.GivenIHaveAFeatureCalled("My Tagged Feature") (0.0s)&#xD;
And I have a scenario called 'Scenario With Tags'&#xD;
-&gt; done: GherkinTreeSteps.GivenIHaveAScenarioCalled("Scenario With Tags") (0.0s)&#xD;
And I have the scenario tags&#xD;
  --- table step argument ---&#xD;
  | Tag     |&#xD;
  | @ignore |&#xD;
  | @tagtwo |&#xD;
-&gt; done: GherkinTreeSteps.GivenIHaveTheScenarioTags(&lt;table&gt;) (0.0s)&#xD;
When I generate Markdown output&#xD;
-&gt; done: MarkdownSteps.When_I_Generate_Markdown_Output() (0.0s)&#xD;
Then the Markdown output has the lines in the following order&#xD;
  --- table step argument ---&#xD;
  | Content                           |&#xD;
  | *`@ignore`* *`@tagtwo`*           |&#xD;
  | #### Scenario: Scenario With Tags |&#xD;
-&gt; done: MarkdownSteps.Then_The_Markdown_Output_Has_The_Lines_In_The_Following_Order(&lt;table&gt;) (0.0s)</StdOut>
      </Output>
    </UnitTestResult>
    <UnitTestResult executionId="549d898a-6b3e-4c53-8891-1a29188f69d9" testId="efecd384-b47f-ed42-e21b-23b3777cbb82" testName="OutputHasSimpleGivenStepForScenario" computerName="ERICCARLSONBBE6" duration="00:00:00.0122970" startTime="2022-05-04T14:46:17.0853437-04:00" endTime="2022-05-04T14:46:17.0976416-04:00" testType="13cdc9d9-ddb5-4fa4-a97d-d965ccfc6d4b" outcome="Passed" testListId="8c84fa94-04c1-424b-9868-57a2d4851a1d" relativeResultsDirectory="549d898a-6b3e-4c53-8891-1a29188f69d9">
      <Output>
        <StdOut>Given I have a feature called 'My Scenario Steps Feature'&#xD;
-&gt; done: GherkinTreeSteps.GivenIHaveAFeatureCalled("My Scenario Steps...") (0.0s)&#xD;
And I have a scenario called 'Simple Given Step'&#xD;
-&gt; done: GherkinTreeSteps.GivenIHaveAScenarioCalled("Simple Given Step") (0.0s)&#xD;
And I have the scenario steps&#xD;
  --- table step argument ---&#xD;
  | Keyword | Step                       |&#xD;
  | Given   | I have a simple given step |&#xD;
-&gt; done: GherkinTreeSteps.GivenIHaveTheScenarioSteps(&lt;table&gt;) (0.0s)&#xD;
When I generate Markdown output&#xD;
-&gt; done: MarkdownSteps.When_I_Generate_Markdown_Output() (0.0s)&#xD;
Then the Markdown output has the lines in the following order&#xD;
  --- table step argument ---&#xD;
  | Content                                |&#xD;
  | #### Scenario: Simple Given Step       |&#xD;
  | &gt;                                      |&#xD;
  | &gt; **Given** I have a simple given step |&#xD;
-&gt; done: MarkdownSteps.Then_The_Markdown_Output_Has_The_Lines_In_The_Following_Order(&lt;table&gt;) (0.0s)</StdOut>
      </Output>
    </UnitTestResult>
    <UnitTestResult executionId="18b0857a-7a1d-4ec3-b395-f1309f32c66f" testId="ea98bfc2-9b61-ee7f-0ad3-fe468ff6f1f5" testName="ScenarioDisplaysResultsIcon(&quot;Passed&quot;,&quot;passed&quot;,&quot;pass.png&quot;,null)" computerName="ERICCARLSONBBE6" duration="00:00:00.0126490" startTime="2022-05-04T14:46:16.8957627-04:00" endTime="2022-05-04T14:46:16.9084121-04:00" testType="13cdc9d9-ddb5-4fa4-a97d-d965ccfc6d4b" outcome="Passed" testListId="8c84fa94-04c1-424b-9868-57a2d4851a1d" relativeResultsDirectory="18b0857a-7a1d-4ec3-b395-f1309f32c66f">
      <Output>
        <StdOut>Given I have a feature called 'My Scenario Results Feature'&#xD;
-&gt; done: GherkinTreeSteps.GivenIHaveAFeatureCalled("My Scenario Resul...") (0.0s)&#xD;
And I have a scenario called 'Scenario with result'&#xD;
-&gt; done: GherkinTreeSteps.GivenIHaveAScenarioCalled("Scenario with result") (0.0s)&#xD;
And the scenario test run outcome was passed&#xD;
-&gt; done: GherkinTreeSteps.Given_The_Scenario_Test_Run_Outcome_Was("passed") (0.0s)&#xD;
When I generate Markdown output&#xD;
-&gt; done: MarkdownSteps.When_I_Generate_Markdown_Output() (0.0s)&#xD;
Then the Markdown output has the lines in the following order&#xD;
  --- table step argument ---&#xD;
  | Content                                                 |&#xD;
  | #### Scenario: ![Passed](pass.png) Scenario with result |&#xD;
-&gt; done: MarkdownSteps.Then_The_Markdown_Output_Has_The_Lines_In_The_Following_Order(&lt;table&gt;) (0.0s)</StdOut>
      </Output>
    </UnitTestResult>
    <UnitTestResult executionId="d7a5aed7-9297-4628-9f75-3ecc3b931702" testId="070937af-0890-76c8-fc3a-6801ec8b808e" testName="OutputHasSimpleScenarioOutline" computerName="ERICCARLSONBBE6" duration="00:00:00.1175070" startTime="2022-05-04T14:46:16.7310342-04:00" endTime="2022-05-04T14:46:16.8485406-04:00" testType="13cdc9d9-ddb5-4fa4-a97d-d965ccfc6d4b" outcome="NotExecuted" testListId="8c84fa94-04c1-424b-9868-57a2d4851a1d" relativeResultsDirectory="d7a5aed7-9297-4628-9f75-3ecc3b931702">
      <Output>
        <StdOut>Given I have a feature called 'My Scenario Outline Feature'&#xD;
-&gt; done: GherkinTreeSteps.GivenIHaveAFeatureCalled("My Scenario Outli...") (0.0s)&#xD;
And I have a scenario outline called 'Scenario Outline with Single Example'&#xD;
-&gt; No matching step definition found for the step. Use the following code to create one:&#xD;
        [Given(@"I have a scenario outline called '(.*)'")]&#xD;
        public void GivenIHaveAScenarioOutlineCalled(string p0)&#xD;
        {&#xD;
            _scenarioContext.Pending();&#xD;
        }&#xD;
&#xD;
And I have the scenario steps&#xD;
  --- table step argument ---&#xD;
  | Keyword | Step                                      |&#xD;
  | Given   | I have a simple given step for &lt;data_one&gt; |&#xD;
  | And     | I have second given for &lt;data_two&gt;        |&#xD;
-&gt; skipped because of previous errors&#xD;
And I have an examples table&#xD;
  --- table step argument ---&#xD;
  | Scenario | data_one | data_two |&#xD;
  | First    | one      | wun      |&#xD;
  | Second   | two      | too      |&#xD;
  | Third    | three    | tree     |&#xD;
-&gt; skipped because of previous errors&#xD;
When I generate Markdown output&#xD;
-&gt; skipped because of previous errors&#xD;
Then the Markdown output has the lines in the following order&#xD;
  --- table step argument ---&#xD;
  | Content                                                     |&#xD;
  | #### Scenario Outline: Scenario Outline with Single Example |&#xD;
  | &gt;                                                           |&#xD;
  | &gt; **Given** I have a simple given step for \&lt;data_one\&gt;     |&#xD;
  | &gt;                                                           |&#xD;
  | &gt; **And** I have second given for \&lt;data_two\&gt;              |&#xD;
  | &gt;                                                           |&#xD;
  | &gt; Examples:                                                 |&#xD;
  | &gt;                                                           |&#xD;
  | &gt; | Scenario | data_one | data_two |                        |&#xD;
  | &gt; | --- | --- | --- |                                       |&#xD;
  | &gt; | First | one | wun |                                     |&#xD;
  | &gt; | Second | two | too |                                    |&#xD;
  | &gt; | Third | three | tree |                                  |&#xD;
-&gt; skipped because of previous errors&#xD;
&#xD;
No matching step definition found for one or more steps.&#xD;
using System;&#xD;
using TechTalk.SpecFlow;&#xD;
&#xD;
namespace MyNamespace&#xD;
{&#xD;
    [Binding]&#xD;
    public class StepDefinitions&#xD;
    {&#xD;
        private readonly ScenarioContext _scenarioContext;&#xD;
&#xD;
        public StepDefinitions(ScenarioContext scenarioContext)&#xD;
        {&#xD;
            _scenarioContext = scenarioContext;&#xD;
        }&#xD;
        [Given(@"I have a scenario outline called '(.*)'")]&#xD;
        public void GivenIHaveAScenarioOutlineCalled(string p0)&#xD;
        {&#xD;
            _scenarioContext.Pending();&#xD;
        }&#xD;
    }&#xD;
}</StdOut>
        <ErrorInfo>
          <Message>No matching step definition found for one or more steps.&#xD;
using System;&#xD;
using TechTalk.SpecFlow;&#xD;
&#xD;
namespace MyNamespace&#xD;
{&#xD;
    [Binding]&#xD;
    public class StepDefinitions&#xD;
    {&#xD;
        private readonly ScenarioContext _scenarioContext;&#xD;
&#xD;
        public StepDefinitions(ScenarioContext scenarioContext)&#xD;
        {&#xD;
            _scenarioContext = scenarioContext;&#xD;
        }&#xD;
        [Given(@"I have a scenario outline called '(.*)'")]&#xD;
        public void GivenIHaveAScenarioOutlineCalled(string p0)&#xD;
        {&#xD;
            _scenarioContext.Pending();&#xD;
        }&#xD;
    }&#xD;
}&#xD;
</Message>
        </ErrorInfo>
      </Output>
    </UnitTestResult>
    <UnitTestResult executionId="c7365bb4-9de2-4031-b619-97f2e271576b" testId="2106db9a-9b42-d6b4-2887-e18204fb75b0" testName="OutputHasFeatureSectionForEachFeature" computerName="ERICCARLSONBBE6" duration="00:00:00.0047910" startTime="2022-05-04T14:46:16.6236773-04:00" endTime="2022-05-04T14:46:16.6284700-04:00" testType="13cdc9d9-ddb5-4fa4-a97d-d965ccfc6d4b" outcome="Passed" testListId="8c84fa94-04c1-424b-9868-57a2d4851a1d" relativeResultsDirectory="c7365bb4-9de2-4031-b619-97f2e271576b">
      <Output>
        <StdOut>Given I have a feature called 'My First Feature'&#xD;
-&gt; done: GherkinTreeSteps.GivenIHaveAFeatureCalled("My First Feature") (0.0s)&#xD;
And I have a feature called 'My Second Feature'&#xD;
-&gt; done: GherkinTreeSteps.GivenIHaveAFeatureCalled("My Second Feature") (0.0s)&#xD;
When I generate Markdown output&#xD;
-&gt; done: MarkdownSteps.When_I_Generate_Markdown_Output() (0.0s)&#xD;
Then the Markdown output has the lines in the following order&#xD;
  --- table step argument ---&#xD;
  | Content               |&#xD;
  | ### My First Feature  |&#xD;
  | ### My Second Feature |&#xD;
-&gt; done: MarkdownSteps.Then_The_Markdown_Output_Has_The_Lines_In_The_Following_Order(&lt;table&gt;) (0.0s)</StdOut>
      </Output>
    </UnitTestResult>
    <UnitTestResult executionId="fa17c984-79cf-4372-95e9-2fa0fc4f16bb" testId="9fc7aa2a-6d38-b857-79eb-9023f0709ad5" testName="StatusIconsAreWrittenToSpecifiedLocation" computerName="ERICCARLSONBBE6" duration="00:00:00.0715490" startTime="2022-05-04T14:46:16.9730800-04:00" endTime="2022-05-04T14:46:17.0446301-04:00" testType="13cdc9d9-ddb5-4fa4-a97d-d965ccfc6d4b" outcome="NotExecuted" testListId="8c84fa94-04c1-424b-9868-57a2d4851a1d" relativeResultsDirectory="fa17c984-79cf-4372-95e9-2fa0fc4f16bb">
      <Output>
        <StdOut>Given I specify the output folder as 'C:\testing'&#xD;
-&gt; done: MarkdownSteps.Given_I_Specify_The_Output_File_As("C:\testing") (0.0s)&#xD;
When I generate Markdown output&#xD;
-&gt; done: MarkdownSteps.When_I_Generate_Markdown_Output() (0.0s)&#xD;
Then the file 'C:\testing\pass.png' exists&#xD;
-&gt; No matching step definition found for the step. Use the following code to create one:&#xD;
        [Then(@"the file '(.*)' exists")]&#xD;
        public void ThenTheFileExists(string p0)&#xD;
        {&#xD;
            _scenarioContext.Pending();&#xD;
        }&#xD;
&#xD;
And the file 'C:\testing\fail.png' exists&#xD;
-&gt; No matching step definition found for the step. Use the following code to create one:&#xD;
        [Then(@"the file '(.*)' exists")]&#xD;
        public void ThenTheFileExists(string p0)&#xD;
        {&#xD;
            _scenarioContext.Pending();&#xD;
        }&#xD;
&#xD;
And the file 'C:\testing\inconclusive.png' exists&#xD;
-&gt; No matching step definition found for the step. Use the following code to create one:&#xD;
        [Then(@"the file '(.*)' exists")]&#xD;
        public void ThenTheFileExists(string p0)&#xD;
        {&#xD;
            _scenarioContext.Pending();&#xD;
        }&#xD;
&#xD;
&#xD;
No matching step definition found for one or more steps.&#xD;
using System;&#xD;
using TechTalk.SpecFlow;&#xD;
&#xD;
namespace MyNamespace&#xD;
{&#xD;
    [Binding]&#xD;
    public class StepDefinitions&#xD;
    {&#xD;
        private readonly ScenarioContext _scenarioContext;&#xD;
&#xD;
        public StepDefinitions(ScenarioContext scenarioContext)&#xD;
        {&#xD;
            _scenarioContext = scenarioContext;&#xD;
        }&#xD;
        [Then(@"the file '(.*)' exists")]&#xD;
        public void ThenTheFileExists(string p0)&#xD;
        {&#xD;
            _scenarioContext.Pending();&#xD;
        }&#xD;
    }&#xD;
}</StdOut>
        <ErrorInfo>
          <Message>No matching step definition found for one or more steps.&#xD;
using System;&#xD;
using TechTalk.SpecFlow;&#xD;
&#xD;
namespace MyNamespace&#xD;
{&#xD;
    [Binding]&#xD;
    public class StepDefinitions&#xD;
    {&#xD;
        private readonly ScenarioContext _scenarioContext;&#xD;
&#xD;
        public StepDefinitions(ScenarioContext scenarioContext)&#xD;
        {&#xD;
            _scenarioContext = scenarioContext;&#xD;
        }&#xD;
        [Then(@"the file '(.*)' exists")]&#xD;
        public void ThenTheFileExists(string p0)&#xD;
        {&#xD;
            _scenarioContext.Pending();&#xD;
        }&#xD;
    }&#xD;
}&#xD;
</Message>
        </ErrorInfo>
      </Output>
    </UnitTestResult>
    <UnitTestResult executionId="a26a3a0c-31aa-43fc-919b-2ce1b46fec8d" testId="a273a767-3eae-cb2b-0c72-aae8888d3beb" testName="ScenarioOutlineExampleDisplaysResultsIcon" computerName="ERICCARLSONBBE6" duration="00:00:00.0159960" startTime="2022-05-04T14:46:16.9524117-04:00" endTime="2022-05-04T14:46:16.9684083-04:00" testType="13cdc9d9-ddb5-4fa4-a97d-d965ccfc6d4b" outcome="NotExecuted" testListId="8c84fa94-04c1-424b-9868-57a2d4851a1d" relativeResultsDirectory="a26a3a0c-31aa-43fc-919b-2ce1b46fec8d">
      <Output>
        <StdOut>Given I have a feature called 'My Scenario Outline Results Feature'&#xD;
-&gt; done: GherkinTreeSteps.GivenIHaveAFeatureCalled("My Scenario Outli...") (0.0s)&#xD;
And I have a scenario outline called 'Scenario Outline with result'&#xD;
-&gt; No matching step definition found for the step. Use the following code to create one:&#xD;
        [Given(@"I have a scenario outline called '(.*)'")]&#xD;
        public void GivenIHaveAScenarioOutlineCalled(string p0)&#xD;
        {&#xD;
            _scenarioContext.Pending();&#xD;
        }&#xD;
&#xD;
And I have an examples table with results&#xD;
  --- table step argument ---&#xD;
  | Scenario | data_one | data_two | outcome      |&#xD;
  | First    | one      | wun      | passed       |&#xD;
  | Second   | two      | too      | failed       |&#xD;
  | Third    | three    | tree     | inconclusive |&#xD;
-&gt; skipped because of previous errors&#xD;
When I generate Markdown output&#xD;
-&gt; skipped because of previous errors&#xD;
Then the Markdown output has the lines in the following order&#xD;
  --- table step argument ---&#xD;
  | Content                                                        |&#xD;
  | &gt; Examples:                                                    |&#xD;
  | &gt;                                                              |&#xD;
  | &gt; | Scenario | data_one | data_two | Result |                  |&#xD;
  | &gt; | --- | --- | --- | --- |                                    |&#xD;
  | &gt; | First | one | wun | ![Passed](pass.png) |                  |&#xD;
  | &gt; | Second | two | too | ![Failed](fail.png) |                 |&#xD;
  | &gt; | Third | three | tree | ![Inconclusive](inconclusive.png) | |&#xD;
-&gt; skipped because of previous errors&#xD;
&#xD;
No matching step definition found for one or more steps.&#xD;
using System;&#xD;
using TechTalk.SpecFlow;&#xD;
&#xD;
namespace MyNamespace&#xD;
{&#xD;
    [Binding]&#xD;
    public class StepDefinitions&#xD;
    {&#xD;
        private readonly ScenarioContext _scenarioContext;&#xD;
&#xD;
        public StepDefinitions(ScenarioContext scenarioContext)&#xD;
        {&#xD;
            _scenarioContext = scenarioContext;&#xD;
        }&#xD;
        [Given(@"I have a scenario outline called '(.*)'")]&#xD;
        public void GivenIHaveAScenarioOutlineCalled(string p0)&#xD;
        {&#xD;
            _scenarioContext.Pending();&#xD;
        }&#xD;
    }&#xD;
}</StdOut>
        <ErrorInfo>
          <Message>No matching step definition found for one or more steps.&#xD;
using System;&#xD;
using TechTalk.SpecFlow;&#xD;
&#xD;
namespace MyNamespace&#xD;
{&#xD;
    [Binding]&#xD;
    public class StepDefinitions&#xD;
    {&#xD;
        private readonly ScenarioContext _scenarioContext;&#xD;
&#xD;
        public StepDefinitions(ScenarioContext scenarioContext)&#xD;
        {&#xD;
            _scenarioContext = scenarioContext;&#xD;
        }&#xD;
        [Given(@"I have a scenario outline called '(.*)'")]&#xD;
        public void GivenIHaveAScenarioOutlineCalled(string p0)&#xD;
        {&#xD;
            _scenarioContext.Pending();&#xD;
        }&#xD;
    }&#xD;
}&#xD;
</Message>
        </ErrorInfo>
      </Output>
    </UnitTestResult>
    <UnitTestResult executionId="aa015c9c-11df-414a-a183-50e32b50491b" testId="f7a24e05-87a4-02a2-704f-1fb11f01bcf4" testName="OutputHasScenarioHeadingForEachScenarioInDifferentFeatures" computerName="ERICCARLSONBBE6" duration="00:00:00.0187800" startTime="2022-05-04T14:46:16.6976176-04:00" endTime="2022-05-04T14:46:16.7163996-04:00" testType="13cdc9d9-ddb5-4fa4-a97d-d965ccfc6d4b" outcome="Passed" testListId="8c84fa94-04c1-424b-9868-57a2d4851a1d" relativeResultsDirectory="aa015c9c-11df-414a-a183-50e32b50491b">
      <Output>
        <StdOut>Given I have a feature called 'My Scenario Heading A'&#xD;
-&gt; done: GherkinTreeSteps.GivenIHaveAFeatureCalled("My Scenario Headi...") (0.0s)&#xD;
And I have a scenario called 'Scenario heading included in output - A'&#xD;
-&gt; done: GherkinTreeSteps.GivenIHaveAScenarioCalled("Scenario heading ...") (0.0s)&#xD;
And I have a feature called 'My Scenario Heading B'&#xD;
-&gt; done: GherkinTreeSteps.GivenIHaveAFeatureCalled("My Scenario Headi...") (0.0s)&#xD;
And I have a scenario called 'Scenario heading included in output - B'&#xD;
-&gt; done: GherkinTreeSteps.GivenIHaveAScenarioCalled("Scenario heading ...") (0.0s)&#xD;
When I generate Markdown output&#xD;
-&gt; done: MarkdownSteps.When_I_Generate_Markdown_Output() (0.0s)&#xD;
Then the Markdown output has the lines in the following order&#xD;
  --- table step argument ---&#xD;
  | Content                                                |&#xD;
  | ### My Scenario Heading A                              |&#xD;
  | #### Scenario: Scenario heading included in output - A |&#xD;
  | ### My Scenario Heading B                              |&#xD;
  | #### Scenario: Scenario heading included in output - B |&#xD;
-&gt; done: MarkdownSteps.Then_The_Markdown_Output_Has_The_Lines_In_The_Following_Order(&lt;table&gt;) (0.0s)</StdOut>
      </Output>
    </UnitTestResult>
    <UnitTestResult executionId="f140c89a-1fa9-4999-b115-98f99931e894" testId="acff9c79-cf93-5ac4-8813-8afa29cff076" testName="ScenarioDisplaysResultsIcon(&quot;Inconclusive&quot;,&quot;inconclusive&quot;,&quot;inconclusive.png&quot;,null)" computerName="ERICCARLSONBBE6" duration="00:00:00.0141820" startTime="2022-05-04T14:46:16.9325055-04:00" endTime="2022-05-04T14:46:16.9466893-04:00" testType="13cdc9d9-ddb5-4fa4-a97d-d965ccfc6d4b" outcome="Passed" testListId="8c84fa94-04c1-424b-9868-57a2d4851a1d" relativeResultsDirectory="f140c89a-1fa9-4999-b115-98f99931e894">
      <Output>
        <StdOut>Given I have a feature called 'My Scenario Results Feature'&#xD;
-&gt; done: GherkinTreeSteps.GivenIHaveAFeatureCalled("My Scenario Resul...") (0.0s)&#xD;
And I have a scenario called 'Scenario with result'&#xD;
-&gt; done: GherkinTreeSteps.GivenIHaveAScenarioCalled("Scenario with result") (0.0s)&#xD;
And the scenario test run outcome was inconclusive&#xD;
-&gt; done: GherkinTreeSteps.Given_The_Scenario_Test_Run_Outcome_Was("inconclusive") (0.0s)&#xD;
When I generate Markdown output&#xD;
-&gt; done: MarkdownSteps.When_I_Generate_Markdown_Output() (0.0s)&#xD;
Then the Markdown output has the lines in the following order&#xD;
  --- table step argument ---&#xD;
  | Content                                                               |&#xD;
  | #### Scenario: ![Inconclusive](inconclusive.png) Scenario with result |&#xD;
-&gt; done: MarkdownSteps.Then_The_Markdown_Output_Has_The_Lines_In_The_Following_Order(&lt;table&gt;) (0.0s)</StdOut>
      </Output>
    </UnitTestResult>
    <UnitTestResult executionId="baffbfaa-f84d-46bb-a13b-b944625982c7" testId="a315689e-0a3d-1b07-2d11-f58d4a6bc2d8" testName="OutputHasTitleOnFirstLine" computerName="ERICCARLSONBBE6" duration="00:00:00.0100410" startTime="2022-05-04T14:46:17.1225204-04:00" endTime="2022-05-04T14:46:17.1325614-04:00" testType="13cdc9d9-ddb5-4fa4-a97d-d965ccfc6d4b" outcome="Passed" testListId="8c84fa94-04c1-424b-9868-57a2d4851a1d" relativeResultsDirectory="baffbfaa-f84d-46bb-a13b-b944625982c7">
      <Output>
        <StdOut>When I generate Markdown output&#xD;
-&gt; done: MarkdownSteps.When_I_Generate_Markdown_Output() (0.0s)&#xD;
Then the Markdown output has the line&#xD;
  --- table step argument ---&#xD;
  | Line No. | Content    |&#xD;
  | 1        | # Features |&#xD;
-&gt; done: MarkdownSteps.Then_The_Markdown_Output_Has_The_Line(&lt;table&gt;) (0.0s)</StdOut>
      </Output>
    </UnitTestResult>
    <UnitTestResult executionId="b72fd058-460a-4686-8ea1-736e417bcf01" testId="fee57c87-2a77-c491-7670-059c6a3a2555" testName="OutputIsWrittenToSpecifiedLocation" computerName="ERICCARLSONBBE6" duration="00:00:00.0054700" startTime="2022-05-04T14:46:16.6512018-04:00" endTime="2022-05-04T14:46:16.6566732-04:00" testType="13cdc9d9-ddb5-4fa4-a97d-d965ccfc6d4b" outcome="Passed" testListId="8c84fa94-04c1-424b-9868-57a2d4851a1d" relativeResultsDirectory="b72fd058-460a-4686-8ea1-736e417bcf01">
      <Output>
        <StdOut>Given I specify the output folder as 'testing'&#xD;
-&gt; done: MarkdownSteps.Given_I_Specify_The_Output_File_As("testing") (0.0s)&#xD;
When I generate Markdown output&#xD;
-&gt; done: MarkdownSteps.When_I_Generate_Markdown_Output() (0.0s)&#xD;
Then the file 'features.md' exists in folder 'testing'&#xD;
-&gt; done: MarkdownSteps.Then_The_File_Exists("features.md", "testing") (0.0s)</StdOut>
      </Output>
    </UnitTestResult>
    <UnitTestResult executionId="9ea22a80-c1f7-4d60-875e-6ddc443d11f2" testId="09180ce3-5f84-95ae-f71e-9e45bb8cd892" testName="OutputHasScenarioHeadingForEachScenarioInSameFeature" computerName="ERICCARLSONBBE6" duration="00:00:00.0047190" startTime="2022-05-04T14:46:16.7188570-04:00" endTime="2022-05-04T14:46:16.7235763-04:00" testType="13cdc9d9-ddb5-4fa4-a97d-d965ccfc6d4b" outcome="Passed" testListId="8c84fa94-04c1-424b-9868-57a2d4851a1d" relativeResultsDirectory="9ea22a80-c1f7-4d60-875e-6ddc443d11f2">
      <Output>
        <StdOut>Given I have a feature called 'My Scenario Heading'&#xD;
-&gt; done: GherkinTreeSteps.GivenIHaveAFeatureCalled("My Scenario Heading") (0.0s)&#xD;
And I have a scenario called 'Scenario heading included in output - 1'&#xD;
-&gt; done: GherkinTreeSteps.GivenIHaveAScenarioCalled("Scenario heading ...") (0.0s)&#xD;
And I have a scenario called 'Scenario heading included in output - 2'&#xD;
-&gt; done: GherkinTreeSteps.GivenIHaveAScenarioCalled("Scenario heading ...") (0.0s)&#xD;
When I generate Markdown output&#xD;
-&gt; done: MarkdownSteps.When_I_Generate_Markdown_Output() (0.0s)&#xD;
Then the Markdown output has the lines in the following order&#xD;
  --- table step argument ---&#xD;
  | Content                                                |&#xD;
  | ### My Scenario Heading                                |&#xD;
  | #### Scenario: Scenario heading included in output - 1 |&#xD;
  | #### Scenario: Scenario heading included in output - 2 |&#xD;
-&gt; done: MarkdownSteps.Then_The_Markdown_Output_Has_The_Lines_In_The_Following_Order(&lt;table&gt;) (0.0s)</StdOut>
      </Output>
    </UnitTestResult>
    <UnitTestResult executionId="40325ab9-9c94-4aef-82b4-671dc6416e77" testId="7731d6c5-b80f-f74d-ebb0-5bfea6e31836" testName="OutputHasTableStepScenarioOutline" computerName="ERICCARLSONBBE6" duration="00:00:00.0185940" startTime="2022-05-04T14:46:16.8619058-04:00" endTime="2022-05-04T14:46:16.8805042-04:00" testType="13cdc9d9-ddb5-4fa4-a97d-d965ccfc6d4b" outcome="NotExecuted" testListId="8c84fa94-04c1-424b-9868-57a2d4851a1d" relativeResultsDirectory="40325ab9-9c94-4aef-82b4-671dc6416e77">
      <Output>
        <StdOut>Given I have a feature called 'My Scenario Outline Feature'&#xD;
-&gt; done: GherkinTreeSteps.GivenIHaveAFeatureCalled("My Scenario Outli...") (0.0s)&#xD;
And I have a scenario outline called 'Scenario Outline with table step'&#xD;
-&gt; No matching step definition found for the step. Use the following code to create one:&#xD;
        [Given(@"I have a scenario outline called '(.*)'")]&#xD;
        public void GivenIHaveAScenarioOutlineCalled(string p0)&#xD;
        {&#xD;
            _scenarioContext.Pending();&#xD;
        }&#xD;
&#xD;
And I have the scenario step with table 'Given I have a table'&#xD;
  --- table step argument ---&#xD;
  | TableColA  | TableColb  |&#xD;
  | &lt;data_one&gt; | TDB1       |&#xD;
  | TDA2       | &lt;data_two&gt; |&#xD;
-&gt; skipped because of previous errors&#xD;
And I have an examples table&#xD;
  --- table step argument ---&#xD;
  | Scenario | data_one | data_two |&#xD;
  | First    | one      | wun      |&#xD;
  | Second   | two      | too      |&#xD;
  | Third    | three    | tree     |&#xD;
-&gt; skipped because of previous errors&#xD;
When I generate Markdown output&#xD;
-&gt; skipped because of previous errors&#xD;
Then the Markdown output has the lines in the following order&#xD;
  --- table step argument ---&#xD;
  | Content                                                 |&#xD;
  | #### Scenario Outline: Scenario Outline with table step |&#xD;
  | &gt;                                                       |&#xD;
  | &gt; **Given** I have a table                              |&#xD;
  | &gt;                                                       |&#xD;
  | &gt; | TableColA | TableColb |                             |&#xD;
  | &gt; | --- | --- |                                         |&#xD;
  | &gt; | \&lt;data_one\&gt; | TDB1 |                               |&#xD;
  | &gt; | TDA2 | \&lt;data_two\&gt; |                               |&#xD;
  | &gt;                                                       |&#xD;
  | &gt; Examples:                                             |&#xD;
  | &gt;                                                       |&#xD;
  | &gt; | Scenario | data_one | data_two |                    |&#xD;
  | &gt; | --- | --- | --- |                                   |&#xD;
  | &gt; | First | one | wun |                                 |&#xD;
  | &gt; | Second | two | too |                                |&#xD;
  | &gt; | Third | three | tree |                              |&#xD;
-&gt; skipped because of previous errors&#xD;
&#xD;
No matching step definition found for one or more steps.&#xD;
using System;&#xD;
using TechTalk.SpecFlow;&#xD;
&#xD;
namespace MyNamespace&#xD;
{&#xD;
    [Binding]&#xD;
    public class StepDefinitions&#xD;
    {&#xD;
        private readonly ScenarioContext _scenarioContext;&#xD;
&#xD;
        public StepDefinitions(ScenarioContext scenarioContext)&#xD;
        {&#xD;
            _scenarioContext = scenarioContext;&#xD;
        }&#xD;
        [Given(@"I have a scenario outline called '(.*)'")]&#xD;
        public void GivenIHaveAScenarioOutlineCalled(string p0)&#xD;
        {&#xD;
            _scenarioContext.Pending();&#xD;
        }&#xD;
    }&#xD;
}</StdOut>
        <ErrorInfo>
          <Message>No matching step definition found for one or more steps.&#xD;
using System;&#xD;
using TechTalk.SpecFlow;&#xD;
&#xD;
namespace MyNamespace&#xD;
{&#xD;
    [Binding]&#xD;
    public class StepDefinitions&#xD;
    {&#xD;
        private readonly ScenarioContext _scenarioContext;&#xD;
&#xD;
        public StepDefinitions(ScenarioContext scenarioContext)&#xD;
        {&#xD;
            _scenarioContext = scenarioContext;&#xD;
        }&#xD;
        [Given(@"I have a scenario outline called '(.*)'")]&#xD;
        public void GivenIHaveAScenarioOutlineCalled(string p0)&#xD;
        {&#xD;
            _scenarioContext.Pending();&#xD;
        }&#xD;
    }&#xD;
}&#xD;
</Message>
        </ErrorInfo>
      </Output>
    </UnitTestResult>
    <UnitTestResult executionId="eaedba24-37db-4307-b119-1014c055f88c" testId="b46302c3-cde4-45c9-b3a9-3bef7f7e5910" testName="OutputHasSimpleGivenAndStepForScenario" computerName="ERICCARLSONBBE6" duration="00:00:00.0099770" startTime="2022-05-04T14:46:17.0740299-04:00" endTime="2022-05-04T14:46:17.0840072-04:00" testType="13cdc9d9-ddb5-4fa4-a97d-d965ccfc6d4b" outcome="Passed" testListId="8c84fa94-04c1-424b-9868-57a2d4851a1d" relativeResultsDirectory="eaedba24-37db-4307-b119-1014c055f88c">
      <Output>
        <StdOut>Given I have a feature called 'My Scenario Steps Feature'&#xD;
-&gt; done: GherkinTreeSteps.GivenIHaveAFeatureCalled("My Scenario Steps...") (0.0s)&#xD;
And I have a scenario called 'Multiple Given Steps'&#xD;
-&gt; done: GherkinTreeSteps.GivenIHaveAScenarioCalled("Multiple Given Steps") (0.0s)&#xD;
And I have the scenario steps&#xD;
  --- table step argument ---&#xD;
  | Keyword | Step                       |&#xD;
  | Given   | I have a simple given step |&#xD;
  | And     | I have second given        |&#xD;
-&gt; done: GherkinTreeSteps.GivenIHaveTheScenarioSteps(&lt;table&gt;) (0.0s)&#xD;
When I generate Markdown output&#xD;
-&gt; done: MarkdownSteps.When_I_Generate_Markdown_Output() (0.0s)&#xD;
Then the Markdown output has the lines in the following order&#xD;
  --- table step argument ---&#xD;
  | Content                                |&#xD;
  | #### Scenario: Multiple Given Steps    |&#xD;
  | &gt;                                      |&#xD;
  | &gt; **Given** I have a simple given step |&#xD;
  | &gt;                                      |&#xD;
  | &gt; **And** I have second given          |&#xD;
-&gt; done: MarkdownSteps.Then_The_Markdown_Output_Has_The_Lines_In_The_Following_Order(&lt;table&gt;) (0.0s)</StdOut>
      </Output>
    </UnitTestResult>
    <UnitTestResult executionId="d5a0464e-aaff-4e2e-8949-ce572d88c9a0" testId="cb5a31eb-5613-c696-c78c-5bbfa7837427" testName="OutputHasAStepWithATableForScenario" computerName="ERICCARLSONBBE6" duration="00:00:00.0210950" startTime="2022-05-04T14:46:17.0513940-04:00" endTime="2022-05-04T14:46:17.0724899-04:00" testType="13cdc9d9-ddb5-4fa4-a97d-d965ccfc6d4b" outcome="Passed" testListId="8c84fa94-04c1-424b-9868-57a2d4851a1d" relativeResultsDirectory="d5a0464e-aaff-4e2e-8949-ce572d88c9a0">
      <Output>
        <StdOut>Given I have a feature called 'My Scenario Steps Feature'&#xD;
-&gt; done: GherkinTreeSteps.GivenIHaveAFeatureCalled("My Scenario Steps...") (0.0s)&#xD;
And I have a scenario called 'Table Given Step'&#xD;
-&gt; done: GherkinTreeSteps.GivenIHaveAScenarioCalled("Table Given Step") (0.0s)&#xD;
And I have the scenario step with table 'Given I have a table'&#xD;
  --- table step argument ---&#xD;
  | TableColA | TableColb |&#xD;
  | TDA1      | TDB1      |&#xD;
  | TDA2      | TDB2      |&#xD;
-&gt; done: GherkinTreeSteps.Given_I_Have_The_Scenario_Step_With_Table("Given ", "I have a table", &lt;table&gt;) (0.0s)&#xD;
When I generate Markdown output&#xD;
-&gt; done: MarkdownSteps.When_I_Generate_Markdown_Output() (0.0s)&#xD;
Then the Markdown output has the lines in the following order&#xD;
  --- table step argument ---&#xD;
  | Content                         |&#xD;
  | #### Scenario: Table Given Step |&#xD;
  | &gt;                               |&#xD;
  | &gt; **Given** I have a table      |&#xD;
  | &gt;                               |&#xD;
  | &gt; | TableColA | TableColb |     |&#xD;
  | &gt; | --- | --- |                 |&#xD;
  | &gt; | TDA1 | TDB1 |               |&#xD;
  | &gt; | TDA2 | TDB2 |               |&#xD;
-&gt; done: MarkdownSteps.Then_The_Markdown_Output_Has_The_Lines_In_The_Following_Order(&lt;table&gt;) (0.0s)</StdOut>
      </Output>
    </UnitTestResult>
    <UnitTestResult executionId="0ba00b80-2bdc-49f3-bc77-f2d645e5e498" testId="91e6cbf3-b1af-74fc-b7e8-9e370fdad471" testName="OutputHasTagsForFeature" computerName="ERICCARLSONBBE6" duration="00:00:00.0054530" startTime="2022-05-04T14:46:16.6385562-04:00" endTime="2022-05-04T14:46:16.6440104-04:00" testType="13cdc9d9-ddb5-4fa4-a97d-d965ccfc6d4b" outcome="Passed" testListId="8c84fa94-04c1-424b-9868-57a2d4851a1d" relativeResultsDirectory="0ba00b80-2bdc-49f3-bc77-f2d645e5e498">
      <Output>
        <StdOut>Given I have a feature called 'My Tagged Feature'&#xD;
-&gt; done: GherkinTreeSteps.GivenIHaveAFeatureCalled("My Tagged Feature") (0.0s)&#xD;
And I have the tags&#xD;
  --- table step argument ---&#xD;
  | Tag     |&#xD;
  | @ignore |&#xD;
  | @tagtwo |&#xD;
-&gt; done: GherkinTreeSteps.GivenIHaveTheTags(&lt;table&gt;) (0.0s)&#xD;
When I generate Markdown output&#xD;
-&gt; done: MarkdownSteps.When_I_Generate_Markdown_Output() (0.0s)&#xD;
Then the Markdown output has the lines in the following order&#xD;
  --- table step argument ---&#xD;
  | Content                 |&#xD;
  | *`@ignore`* *`@tagtwo`* |&#xD;
  | ### My Tagged Feature   |&#xD;
-&gt; done: MarkdownSteps.Then_The_Markdown_Output_Has_The_Lines_In_The_Following_Order(&lt;table&gt;) (0.0s)</StdOut>
      </Output>
    </UnitTestResult>
    <UnitTestResult executionId="454f0553-69e9-4e7e-ab78-f4c6d0b97448" testId="752345d7-6965-4f3b-cc14-87344eddb348" testName="OutputHasFeatureDescriptionForFeature" computerName="ERICCARLSONBBE6" duration="00:00:00.0062580" startTime="2022-05-04T14:46:16.5939034-04:00" endTime="2022-05-04T14:46:16.6001612-04:00" testType="13cdc9d9-ddb5-4fa4-a97d-d965ccfc6d4b" outcome="Passed" testListId="8c84fa94-04c1-424b-9868-57a2d4851a1d" relativeResultsDirectory="454f0553-69e9-4e7e-ab78-f4c6d0b97448">
      <Output>
        <StdOut>Given I have a feature called 'My Described Feature'&#xD;
-&gt; done: GherkinTreeSteps.GivenIHaveAFeatureCalled("My Described Feature") (0.0s)&#xD;
And I have the description&#xD;
  --- table step argument ---&#xD;
  | Description                                                                   |&#xD;
  | In order to include the description (In order, As a, I want) for each feature |&#xD;
  | As a reader of the generated documentation                                    |&#xD;
  | I want the feature description included below the feature heading.            |&#xD;
-&gt; done: GherkinTreeSteps.GivenIHaveTheDescription(&lt;table&gt;) (0.0s)&#xD;
When I generate Markdown output&#xD;
-&gt; done: MarkdownSteps.When_I_Generate_Markdown_Output() (0.0s)&#xD;
Then the Markdown output has the lines in the following order&#xD;
  --- table step argument ---&#xD;
  | Content                                                                       |&#xD;
  | ### My Described Feature                                                      |&#xD;
  | In order to include the description (In order, As a, I want) for each feature |&#xD;
  | As a reader of the generated documentation                                    |&#xD;
  | I want the feature description included below the feature heading.            |&#xD;
-&gt; done: MarkdownSteps.Then_The_Markdown_Output_Has_The_Lines_In_The_Following_Order(&lt;table&gt;) (0.0s)</StdOut>
      </Output>
    </UnitTestResult>
    <UnitTestResult executionId="ed3d78ea-82df-4f7c-8f1b-6fc978c784be" testId="a2e402c9-de56-912c-3457-c8299faabaea" testName="ScenarioDisplaysResultsIcon(&quot;Failed&quot;,&quot;failed&quot;,&quot;fail.png&quot;,null)" computerName="ERICCARLSONBBE6" duration="00:00:00.0105590" startTime="2022-05-04T14:46:16.9142739-04:00" endTime="2022-05-04T14:46:16.9248347-04:00" testType="13cdc9d9-ddb5-4fa4-a97d-d965ccfc6d4b" outcome="Passed" testListId="8c84fa94-04c1-424b-9868-57a2d4851a1d" relativeResultsDirectory="ed3d78ea-82df-4f7c-8f1b-6fc978c784be">
      <Output>
        <StdOut>Given I have a feature called 'My Scenario Results Feature'&#xD;
-&gt; done: GherkinTreeSteps.GivenIHaveAFeatureCalled("My Scenario Resul...") (0.0s)&#xD;
And I have a scenario called 'Scenario with result'&#xD;
-&gt; done: GherkinTreeSteps.GivenIHaveAScenarioCalled("Scenario with result") (0.0s)&#xD;
And the scenario test run outcome was failed&#xD;
-&gt; done: GherkinTreeSteps.Given_The_Scenario_Test_Run_Outcome_Was("failed") (0.0s)&#xD;
When I generate Markdown output&#xD;
-&gt; done: MarkdownSteps.When_I_Generate_Markdown_Output() (0.0s)&#xD;
Then the Markdown output has the lines in the following order&#xD;
  --- table step argument ---&#xD;
  | Content                                                 |&#xD;
  | #### Scenario: ![Failed](fail.png) Scenario with result |&#xD;
-&gt; done: MarkdownSteps.Then_The_Markdown_Output_Has_The_Lines_In_The_Following_Order(&lt;table&gt;) (0.0s)</StdOut>
      </Output>
    </UnitTestResult>
  </Results>
  <TestDefinitions>
    <UnitTest name="OutputHasScenarioHeading" storage="c:\users\ericcarlson\documents\github\pickles\src\pickles.documentationbuilders.markdown.acceptancetests\bin\debug\net6.0\picklesdoc.pickles.documentationbuilders.markdown.acceptancetests.dll" id="c0b1ee9c-f455-e634-bb7c-275492950bfa">
      <Execution id="33f91b1e-b6ff-40c8-b887-9079f53120a3" />
      <TestMethod codeBase="C:\Users\ericcarlson\Documents\GitHub\pickles\src\Pickles.DocumentationBuilders.Markdown.AcceptanceTests\bin\Debug\net6.0\PicklesDoc.Pickles.DocumentationBuilders.Markdown.AcceptanceTests.dll" adapterTypeName="executor://nunit3testexecutor/" className="PicklesDoc.Pickles.DocumentationBuilders.Markdown.AcceptanceTests.Features.ScenarioHeadingFeature" name="OutputHasScenarioHeading" />
    </UnitTest>
    <UnitTest name="ScenarioDisplaysResultsIcon(&quot;Failed&quot;,&quot;failed&quot;,&quot;fail.png&quot;,null)" storage="c:\users\ericcarlson\documents\github\pickles\src\pickles.documentationbuilders.markdown.acceptancetests\bin\debug\net6.0\picklesdoc.pickles.documentationbuilders.markdown.acceptancetests.dll" id="a2e402c9-de56-912c-3457-c8299faabaea">
      <Execution id="ed3d78ea-82df-4f7c-8f1b-6fc978c784be" />
      <TestMethod codeBase="C:\Users\ericcarlson\Documents\GitHub\pickles\src\Pickles.DocumentationBuilders.Markdown.AcceptanceTests\bin\Debug\net6.0\PicklesDoc.Pickles.DocumentationBuilders.Markdown.AcceptanceTests.dll" adapterTypeName="executor://nunit3testexecutor/" className="PicklesDoc.Pickles.DocumentationBuilders.Markdown.AcceptanceTests.Features.ScenarioStatusIconsFeature" name="ScenarioDisplaysResultsIcon(&quot;Failed&quot;,&quot;failed&quot;,&quot;fail.png&quot;,null)" />
    </UnitTest>
    <UnitTest name="OutputHasTitleOnFirstLine" storage="c:\users\ericcarlson\documents\github\pickles\src\pickles.documentationbuilders.markdown.acceptancetests\bin\debug\net6.0\picklesdoc.pickles.documentationbuilders.markdown.acceptancetests.dll" id="a315689e-0a3d-1b07-2d11-f58d4a6bc2d8">
      <Execution id="baffbfaa-f84d-46bb-a13b-b944625982c7" />
      <TestMethod codeBase="C:\Users\ericcarlson\Documents\GitHub\pickles\src\Pickles.DocumentationBuilders.Markdown.AcceptanceTests\bin\Debug\net6.0\PicklesDoc.Pickles.DocumentationBuilders.Markdown.AcceptanceTests.dll" adapterTypeName="executor://nunit3testexecutor/" className="PicklesDoc.Pickles.DocumentationBuilders.Markdown.AcceptanceTests.Features.TitleFeature" name="OutputHasTitleOnFirstLine" />
    </UnitTest>
    <UnitTest name="OutputHasTagsForFeature" storage="c:\users\ericcarlson\documents\github\pickles\src\pickles.documentationbuilders.markdown.acceptancetests\bin\debug\net6.0\picklesdoc.pickles.documentationbuilders.markdown.acceptancetests.dll" id="91e6cbf3-b1af-74fc-b7e8-9e370fdad471">
      <Execution id="0ba00b80-2bdc-49f3-bc77-f2d645e5e498" />
      <TestMethod codeBase="C:\Users\ericcarlson\Documents\GitHub\pickles\src\Pickles.DocumentationBuilders.Markdown.AcceptanceTests\bin\Debug\net6.0\PicklesDoc.Pickles.DocumentationBuilders.Markdown.AcceptanceTests.dll" adapterTypeName="executor://nunit3testexecutor/" className="PicklesDoc.Pickles.DocumentationBuilders.Markdown.AcceptanceTests.Features.FeatureTagsFeature" name="OutputHasTagsForFeature" />
    </UnitTest>
    <UnitTest name="OutputHasTagsForScenario" storage="c:\users\ericcarlson\documents\github\pickles\src\pickles.documentationbuilders.markdown.acceptancetests\bin\debug\net6.0\picklesdoc.pickles.documentationbuilders.markdown.acceptancetests.dll" id="89927b35-50ec-c5d2-f073-d7e7c9a64808">
      <Execution id="34685b28-bd58-47af-9cea-1d48da0129d6" />
      <TestMethod codeBase="C:\Users\ericcarlson\Documents\GitHub\pickles\src\Pickles.DocumentationBuilders.Markdown.AcceptanceTests\bin\Debug\net6.0\PicklesDoc.Pickles.DocumentationBuilders.Markdown.AcceptanceTests.dll" adapterTypeName="executor://nunit3testexecutor/" className="PicklesDoc.Pickles.DocumentationBuilders.Markdown.AcceptanceTests.Features.ScenarioTagsFeature" name="OutputHasTagsForScenario" />
    </UnitTest>
    <UnitTest name="OutputHasAStepWithATableForScenario" storage="c:\users\ericcarlson\documents\github\pickles\src\pickles.documentationbuilders.markdown.acceptancetests\bin\debug\net6.0\picklesdoc.pickles.documentationbuilders.markdown.acceptancetests.dll" id="cb5a31eb-5613-c696-c78c-5bbfa7837427">
      <Execution id="d5a0464e-aaff-4e2e-8949-ce572d88c9a0" />
      <TestMethod codeBase="C:\Users\ericcarlson\Documents\GitHub\pickles\src\Pickles.DocumentationBuilders.Markdown.AcceptanceTests\bin\Debug\net6.0\PicklesDoc.Pickles.DocumentationBuilders.Markdown.AcceptanceTests.dll" adapterTypeName="executor://nunit3testexecutor/" className="PicklesDoc.Pickles.DocumentationBuilders.Markdown.AcceptanceTests.Features.ScenarioStepsFeature" name="OutputHasAStepWithATableForScenario" />
    </UnitTest>
    <UnitTest name="OutputHasTableStepScenarioOutline" storage="c:\users\ericcarlson\documents\github\pickles\src\pickles.documentationbuilders.markdown.acceptancetests\bin\debug\net6.0\picklesdoc.pickles.documentationbuilders.markdown.acceptancetests.dll" id="7731d6c5-b80f-f74d-ebb0-5bfea6e31836">
      <Execution id="40325ab9-9c94-4aef-82b4-671dc6416e77" />
      <TestMethod codeBase="C:\Users\ericcarlson\Documents\GitHub\pickles\src\Pickles.DocumentationBuilders.Markdown.AcceptanceTests\bin\Debug\net6.0\PicklesDoc.Pickles.DocumentationBuilders.Markdown.AcceptanceTests.dll" adapterTypeName="executor://nunit3testexecutor/" className="PicklesDoc.Pickles.DocumentationBuilders.Markdown.AcceptanceTests.Features.ScenarioOutlinesFeature" name="OutputHasTableStepScenarioOutline" />
    </UnitTest>
    <UnitTest name="OutputHasSimpleGivenStepForScenario" storage="c:\users\ericcarlson\documents\github\pickles\src\pickles.documentationbuilders.markdown.acceptancetests\bin\debug\net6.0\picklesdoc.pickles.documentationbuilders.markdown.acceptancetests.dll" id="efecd384-b47f-ed42-e21b-23b3777cbb82">
      <Execution id="549d898a-6b3e-4c53-8891-1a29188f69d9" />
      <TestMethod codeBase="C:\Users\ericcarlson\Documents\GitHub\pickles\src\Pickles.DocumentationBuilders.Markdown.AcceptanceTests\bin\Debug\net6.0\PicklesDoc.Pickles.DocumentationBuilders.Markdown.AcceptanceTests.dll" adapterTypeName="executor://nunit3testexecutor/" className="PicklesDoc.Pickles.DocumentationBuilders.Markdown.AcceptanceTests.Features.ScenarioStepsFeature" name="OutputHasSimpleGivenStepForScenario" />
    </UnitTest>
    <UnitTest name="OutputHasScenarioHeadingForEachScenarioInSameFeature" storage="c:\users\ericcarlson\documents\github\pickles\src\pickles.documentationbuilders.markdown.acceptancetests\bin\debug\net6.0\picklesdoc.pickles.documentationbuilders.markdown.acceptancetests.dll" id="09180ce3-5f84-95ae-f71e-9e45bb8cd892">
      <Execution id="9ea22a80-c1f7-4d60-875e-6ddc443d11f2" />
      <TestMethod codeBase="C:\Users\ericcarlson\Documents\GitHub\pickles\src\Pickles.DocumentationBuilders.Markdown.AcceptanceTests\bin\Debug\net6.0\PicklesDoc.Pickles.DocumentationBuilders.Markdown.AcceptanceTests.dll" adapterTypeName="executor://nunit3testexecutor/" className="PicklesDoc.Pickles.DocumentationBuilders.Markdown.AcceptanceTests.Features.ScenarioHeadingFeature" name="OutputHasScenarioHeadingForEachScenarioInSameFeature" />
    </UnitTest>
    <UnitTest name="ScenarioOutlineExampleDisplaysResultsIcon" storage="c:\users\ericcarlson\documents\github\pickles\src\pickles.documentationbuilders.markdown.acceptancetests\bin\debug\net6.0\picklesdoc.pickles.documentationbuilders.markdown.acceptancetests.dll" id="a273a767-3eae-cb2b-0c72-aae8888d3beb">
      <Execution id="a26a3a0c-31aa-43fc-919b-2ce1b46fec8d" />
      <TestMethod codeBase="C:\Users\ericcarlson\Documents\GitHub\pickles\src\Pickles.DocumentationBuilders.Markdown.AcceptanceTests\bin\Debug\net6.0\PicklesDoc.Pickles.DocumentationBuilders.Markdown.AcceptanceTests.dll" adapterTypeName="executor://nunit3testexecutor/" className="PicklesDoc.Pickles.DocumentationBuilders.Markdown.AcceptanceTests.Features.ScenarioStatusIconsFeature" name="ScenarioOutlineExampleDisplaysResultsIcon" />
    </UnitTest>
    <UnitTest name="ScenarioDisplaysResultsIcon(&quot;Inconclusive&quot;,&quot;inconclusive&quot;,&quot;inconclusive.png&quot;,null)" storage="c:\users\ericcarlson\documents\github\pickles\src\pickles.documentationbuilders.markdown.acceptancetests\bin\debug\net6.0\picklesdoc.pickles.documentationbuilders.markdown.acceptancetests.dll" id="acff9c79-cf93-5ac4-8813-8afa29cff076">
      <Execution id="f140c89a-1fa9-4999-b115-98f99931e894" />
      <TestMethod codeBase="C:\Users\ericcarlson\Documents\GitHub\pickles\src\Pickles.DocumentationBuilders.Markdown.AcceptanceTests\bin\Debug\net6.0\PicklesDoc.Pickles.DocumentationBuilders.Markdown.AcceptanceTests.dll" adapterTypeName="executor://nunit3testexecutor/" className="PicklesDoc.Pickles.DocumentationBuilders.Markdown.AcceptanceTests.Features.ScenarioStatusIconsFeature" name="ScenarioDisplaysResultsIcon(&quot;Inconclusive&quot;,&quot;inconclusive&quot;,&quot;inconclusive.png&quot;,null)" />
    </UnitTest>
    <UnitTest name="OutputHasFeatureSectionForEachFeature" storage="c:\users\ericcarlson\documents\github\pickles\src\pickles.documentationbuilders.markdown.acceptancetests\bin\debug\net6.0\picklesdoc.pickles.documentationbuilders.markdown.acceptancetests.dll" id="2106db9a-9b42-d6b4-2887-e18204fb75b0">
      <Execution id="c7365bb4-9de2-4031-b619-97f2e271576b" />
      <TestMethod codeBase="C:\Users\ericcarlson\Documents\GitHub\pickles\src\Pickles.DocumentationBuilders.Markdown.AcceptanceTests\bin\Debug\net6.0\PicklesDoc.Pickles.DocumentationBuilders.Markdown.AcceptanceTests.dll" adapterTypeName="executor://nunit3testexecutor/" className="PicklesDoc.Pickles.DocumentationBuilders.Markdown.AcceptanceTests.Features.FeatureHeadingFeature" name="OutputHasFeatureSectionForEachFeature" />
    </UnitTest>
    <UnitTest name="StatusIconsAreWrittenToSpecifiedLocation" storage="c:\users\ericcarlson\documents\github\pickles\src\pickles.documentationbuilders.markdown.acceptancetests\bin\debug\net6.0\picklesdoc.pickles.documentationbuilders.markdown.acceptancetests.dll" id="9fc7aa2a-6d38-b857-79eb-9023f0709ad5">
      <Execution id="fa17c984-79cf-4372-95e9-2fa0fc4f16bb" />
      <TestMethod codeBase="C:\Users\ericcarlson\Documents\GitHub\pickles\src\Pickles.DocumentationBuilders.Markdown.AcceptanceTests\bin\Debug\net6.0\PicklesDoc.Pickles.DocumentationBuilders.Markdown.AcceptanceTests.dll" adapterTypeName="executor://nunit3testexecutor/" className="PicklesDoc.Pickles.DocumentationBuilders.Markdown.AcceptanceTests.Features.ScenarioStatusIconsFeature" name="StatusIconsAreWrittenToSpecifiedLocation" />
    </UnitTest>
    <UnitTest name="OutputHasFeatureDescriptionForFeature" storage="c:\users\ericcarlson\documents\github\pickles\src\pickles.documentationbuilders.markdown.acceptancetests\bin\debug\net6.0\picklesdoc.pickles.documentationbuilders.markdown.acceptancetests.dll" id="752345d7-6965-4f3b-cc14-87344eddb348">
      <Execution id="454f0553-69e9-4e7e-ab78-f4c6d0b97448" />
      <TestMethod codeBase="C:\Users\ericcarlson\Documents\GitHub\pickles\src\Pickles.DocumentationBuilders.Markdown.AcceptanceTests\bin\Debug\net6.0\PicklesDoc.Pickles.DocumentationBuilders.Markdown.AcceptanceTests.dll" adapterTypeName="executor://nunit3testexecutor/" className="PicklesDoc.Pickles.DocumentationBuilders.Markdown.AcceptanceTests.Features.FeatureDescriptionFeature" name="OutputHasFeatureDescriptionForFeature" />
    </UnitTest>
    <UnitTest name="OutputIsWrittenToSpecifiedLocation" storage="c:\users\ericcarlson\documents\github\pickles\src\pickles.documentationbuilders.markdown.acceptancetests\bin\debug\net6.0\picklesdoc.pickles.documentationbuilders.markdown.acceptancetests.dll" id="fee57c87-2a77-c491-7670-059c6a3a2555">
      <Execution id="b72fd058-460a-4686-8ea1-736e417bcf01" />
      <TestMethod codeBase="C:\Users\ericcarlson\Documents\GitHub\pickles\src\Pickles.DocumentationBuilders.Markdown.AcceptanceTests\bin\Debug\net6.0\PicklesDoc.Pickles.DocumentationBuilders.Markdown.AcceptanceTests.dll" adapterTypeName="executor://nunit3testexecutor/" className="PicklesDoc.Pickles.DocumentationBuilders.Markdown.AcceptanceTests.Features.FileLocationFeature" name="OutputIsWrittenToSpecifiedLocation" />
    </UnitTest>
    <UnitTest name="OutputHasScenarioHeadingForEachScenarioInDifferentFeatures" storage="c:\users\ericcarlson\documents\github\pickles\src\pickles.documentationbuilders.markdown.acceptancetests\bin\debug\net6.0\picklesdoc.pickles.documentationbuilders.markdown.acceptancetests.dll" id="f7a24e05-87a4-02a2-704f-1fb11f01bcf4">
      <Execution id="aa015c9c-11df-414a-a183-50e32b50491b" />
      <TestMethod codeBase="C:\Users\ericcarlson\Documents\GitHub\pickles\src\Pickles.DocumentationBuilders.Markdown.AcceptanceTests\bin\Debug\net6.0\PicklesDoc.Pickles.DocumentationBuilders.Markdown.AcceptanceTests.dll" adapterTypeName="executor://nunit3testexecutor/" className="PicklesDoc.Pickles.DocumentationBuilders.Markdown.AcceptanceTests.Features.ScenarioHeadingFeature" name="OutputHasScenarioHeadingForEachScenarioInDifferentFeatures" />
    </UnitTest>
    <UnitTest name="OutputHasSimpleGivenAndStepForScenario" storage="c:\users\ericcarlson\documents\github\pickles\src\pickles.documentationbuilders.markdown.acceptancetests\bin\debug\net6.0\picklesdoc.pickles.documentationbuilders.markdown.acceptancetests.dll" id="b46302c3-cde4-45c9-b3a9-3bef7f7e5910">
      <Execution id="eaedba24-37db-4307-b119-1014c055f88c" />
      <TestMethod codeBase="C:\Users\ericcarlson\Documents\GitHub\pickles\src\Pickles.DocumentationBuilders.Markdown.AcceptanceTests\bin\Debug\net6.0\PicklesDoc.Pickles.DocumentationBuilders.Markdown.AcceptanceTests.dll" adapterTypeName="executor://nunit3testexecutor/" className="PicklesDoc.Pickles.DocumentationBuilders.Markdown.AcceptanceTests.Features.ScenarioStepsFeature" name="OutputHasSimpleGivenAndStepForScenario" />
    </UnitTest>
    <UnitTest name="ScenarioDisplaysResultsIcon(&quot;Passed&quot;,&quot;passed&quot;,&quot;pass.png&quot;,null)" storage="c:\users\ericcarlson\documents\github\pickles\src\pickles.documentationbuilders.markdown.acceptancetests\bin\debug\net6.0\picklesdoc.pickles.documentationbuilders.markdown.acceptancetests.dll" id="ea98bfc2-9b61-ee7f-0ad3-fe468ff6f1f5">
      <Execution id="18b0857a-7a1d-4ec3-b395-f1309f32c66f" />
      <TestMethod codeBase="C:\Users\ericcarlson\Documents\GitHub\pickles\src\Pickles.DocumentationBuilders.Markdown.AcceptanceTests\bin\Debug\net6.0\PicklesDoc.Pickles.DocumentationBuilders.Markdown.AcceptanceTests.dll" adapterTypeName="executor://nunit3testexecutor/" className="PicklesDoc.Pickles.DocumentationBuilders.Markdown.AcceptanceTests.Features.ScenarioStatusIconsFeature" name="ScenarioDisplaysResultsIcon(&quot;Passed&quot;,&quot;passed&quot;,&quot;pass.png&quot;,null)" />
    </UnitTest>
    <UnitTest name="OutputHasSimpleScenarioOutline" storage="c:\users\ericcarlson\documents\github\pickles\src\pickles.documentationbuilders.markdown.acceptancetests\bin\debug\net6.0\picklesdoc.pickles.documentationbuilders.markdown.acceptancetests.dll" id="070937af-0890-76c8-fc3a-6801ec8b808e">
      <Execution id="d7a5aed7-9297-4628-9f75-3ecc3b931702" />
      <TestMethod codeBase="C:\Users\ericcarlson\Documents\GitHub\pickles\src\Pickles.DocumentationBuilders.Markdown.AcceptanceTests\bin\Debug\net6.0\PicklesDoc.Pickles.DocumentationBuilders.Markdown.AcceptanceTests.dll" adapterTypeName="executor://nunit3testexecutor/" className="PicklesDoc.Pickles.DocumentationBuilders.Markdown.AcceptanceTests.Features.ScenarioOutlinesFeature" name="OutputHasSimpleScenarioOutline" />
    </UnitTest>
    <UnitTest name="OutputHasBackgroundGivenStepForFeature" storage="c:\users\ericcarlson\documents\github\pickles\src\pickles.documentationbuilders.markdown.acceptancetests\bin\debug\net6.0\picklesdoc.pickles.documentationbuilders.markdown.acceptancetests.dll" id="76a91881-48f8-2f7b-c424-8a97b8bf6740">
      <Execution id="641eb36b-74c6-426a-8f30-d1e5b78f493b" />
      <TestMethod codeBase="C:\Users\ericcarlson\Documents\GitHub\pickles\src\Pickles.DocumentationBuilders.Markdown.AcceptanceTests\bin\Debug\net6.0\PicklesDoc.Pickles.DocumentationBuilders.Markdown.AcceptanceTests.dll" adapterTypeName="executor://nunit3testexecutor/" className="PicklesDoc.Pickles.DocumentationBuilders.Markdown.AcceptanceTests.Features.BackgroundStepsFeature" name="OutputHasBackgroundGivenStepForFeature" />
    </UnitTest>
  </TestDefinitions>
  <TestEntries>
    <TestEntry testId="76a91881-48f8-2f7b-c424-8a97b8bf6740" executionId="641eb36b-74c6-426a-8f30-d1e5b78f493b" testListId="8c84fa94-04c1-424b-9868-57a2d4851a1d" />
    <TestEntry testId="c0b1ee9c-f455-e634-bb7c-275492950bfa" executionId="33f91b1e-b6ff-40c8-b887-9079f53120a3" testListId="8c84fa94-04c1-424b-9868-57a2d4851a1d" />
    <TestEntry testId="89927b35-50ec-c5d2-f073-d7e7c9a64808" executionId="34685b28-bd58-47af-9cea-1d48da0129d6" testListId="8c84fa94-04c1-424b-9868-57a2d4851a1d" />
    <TestEntry testId="efecd384-b47f-ed42-e21b-23b3777cbb82" executionId="549d898a-6b3e-4c53-8891-1a29188f69d9" testListId="8c84fa94-04c1-424b-9868-57a2d4851a1d" />
    <TestEntry testId="ea98bfc2-9b61-ee7f-0ad3-fe468ff6f1f5" executionId="18b0857a-7a1d-4ec3-b395-f1309f32c66f" testListId="8c84fa94-04c1-424b-9868-57a2d4851a1d" />
    <TestEntry testId="070937af-0890-76c8-fc3a-6801ec8b808e" executionId="d7a5aed7-9297-4628-9f75-3ecc3b931702" testListId="8c84fa94-04c1-424b-9868-57a2d4851a1d" />
    <TestEntry testId="2106db9a-9b42-d6b4-2887-e18204fb75b0" executionId="c7365bb4-9de2-4031-b619-97f2e271576b" testListId="8c84fa94-04c1-424b-9868-57a2d4851a1d" />
    <TestEntry testId="9fc7aa2a-6d38-b857-79eb-9023f0709ad5" executionId="fa17c984-79cf-4372-95e9-2fa0fc4f16bb" testListId="8c84fa94-04c1-424b-9868-57a2d4851a1d" />
    <TestEntry testId="a273a767-3eae-cb2b-0c72-aae8888d3beb" executionId="a26a3a0c-31aa-43fc-919b-2ce1b46fec8d" testListId="8c84fa94-04c1-424b-9868-57a2d4851a1d" />
    <TestEntry testId="f7a24e05-87a4-02a2-704f-1fb11f01bcf4" executionId="aa015c9c-11df-414a-a183-50e32b50491b" testListId="8c84fa94-04c1-424b-9868-57a2d4851a1d" />
    <TestEntry testId="acff9c79-cf93-5ac4-8813-8afa29cff076" executionId="f140c89a-1fa9-4999-b115-98f99931e894" testListId="8c84fa94-04c1-424b-9868-57a2d4851a1d" />
    <TestEntry testId="a315689e-0a3d-1b07-2d11-f58d4a6bc2d8" executionId="baffbfaa-f84d-46bb-a13b-b944625982c7" testListId="8c84fa94-04c1-424b-9868-57a2d4851a1d" />
    <TestEntry testId="fee57c87-2a77-c491-7670-059c6a3a2555" executionId="b72fd058-460a-4686-8ea1-736e417bcf01" testListId="8c84fa94-04c1-424b-9868-57a2d4851a1d" />
    <TestEntry testId="09180ce3-5f84-95ae-f71e-9e45bb8cd892" executionId="9ea22a80-c1f7-4d60-875e-6ddc443d11f2" testListId="8c84fa94-04c1-424b-9868-57a2d4851a1d" />
    <TestEntry testId="7731d6c5-b80f-f74d-ebb0-5bfea6e31836" executionId="40325ab9-9c94-4aef-82b4-671dc6416e77" testListId="8c84fa94-04c1-424b-9868-57a2d4851a1d" />
    <TestEntry testId="b46302c3-cde4-45c9-b3a9-3bef7f7e5910" executionId="eaedba24-37db-4307-b119-1014c055f88c" testListId="8c84fa94-04c1-424b-9868-57a2d4851a1d" />
    <TestEntry testId="cb5a31eb-5613-c696-c78c-5bbfa7837427" executionId="d5a0464e-aaff-4e2e-8949-ce572d88c9a0" testListId="8c84fa94-04c1-424b-9868-57a2d4851a1d" />
    <TestEntry testId="91e6cbf3-b1af-74fc-b7e8-9e370fdad471" executionId="0ba00b80-2bdc-49f3-bc77-f2d645e5e498" testListId="8c84fa94-04c1-424b-9868-57a2d4851a1d" />
    <TestEntry testId="752345d7-6965-4f3b-cc14-87344eddb348" executionId="454f0553-69e9-4e7e-ab78-f4c6d0b97448" testListId="8c84fa94-04c1-424b-9868-57a2d4851a1d" />
    <TestEntry testId="a2e402c9-de56-912c-3457-c8299faabaea" executionId="ed3d78ea-82df-4f7c-8f1b-6fc978c784be" testListId="8c84fa94-04c1-424b-9868-57a2d4851a1d" />
  </TestEntries>
  <TestLists>
    <TestList name="Results Not in a List" id="8c84fa94-04c1-424b-9868-57a2d4851a1d" />
    <TestList name="All Loaded Results" id="19431567-8539-422a-85d7-44ee4e166bda" />
  </TestLists>
  <ResultSummary outcome="Completed">
    <Counters total="20" executed="16" passed="16" failed="0" error="0" timeout="0" aborted="0" inconclusive="0" passedButRunAborted="0" notRunnable="0" notExecuted="0" disconnected="0" warning="0" completed="0" inProgress="0" pending="0" />
    <Output>
      <StdOut>NUnit Adapter 3.17.0.0: Test execution started&#xD;
Running all tests in C:\Users\ericcarlson\Documents\GitHub\pickles\src\Pickles.DocumentationBuilders.Markdown.AcceptanceTests\bin\Debug\net6.0\PicklesDoc.Pickles.DocumentationBuilders.Markdown.AcceptanceTests.dll&#xD;
   NUnit3TestExecutor discovered 20 of 20 NUnit test cases&#xD;
Given I have a feature called 'My Background Steps Feature'&#xD;
-&gt; done: GherkinTreeSteps.GivenIHaveAFeatureCalled("My Background Ste...") (1.3s)&#xD;
And I have a background section&#xD;
-&gt; done: GherkinTreeSteps.GivenIHaveABackgroundSection() (0.0s)&#xD;
And I have the background steps&#xD;
  --- table step argument ---&#xD;
  | Keyword | Step                       |&#xD;
  | Given   | I have a simple given step |&#xD;
-&gt; done: GherkinTreeSteps.GivenIHaveTheBackgroundSteps(&lt;table&gt;) (0.0s)&#xD;
When I generate Markdown output&#xD;
-&gt; done: MarkdownSteps.When_I_Generate_Markdown_Output() (0.1s)&#xD;
Then the Markdown output has the lines in the following order&#xD;
  --- table step argument ---&#xD;
  | Content                                |&#xD;
  | #### Background:                       |&#xD;
  | &gt;                                      |&#xD;
  | &gt; **Given** I have a simple given step |&#xD;
-&gt; done: MarkdownSteps.Then_The_Markdown_Output_Has_The_Lines_In_The_Following_Order(&lt;table&gt;) (0.0s)&#xD;
&#xD;
Given I have a feature called 'My Described Feature'&#xD;
-&gt; done: GherkinTreeSteps.GivenIHaveAFeatureCalled("My Described Feature") (0.0s)&#xD;
And I have the description&#xD;
  --- table step argument ---&#xD;
  | Description                                                                   |&#xD;
  | In order to include the description (In order, As a, I want) for each feature |&#xD;
  | As a reader of the generated documentation                                    |&#xD;
  | I want the feature description included below the feature heading.            |&#xD;
-&gt; done: GherkinTreeSteps.GivenIHaveTheDescription(&lt;table&gt;) (0.0s)&#xD;
When I generate Markdown output&#xD;
-&gt; done: MarkdownSteps.When_I_Generate_Markdown_Output() (0.0s)&#xD;
Then the Markdown output has the lines in the following order&#xD;
  --- table step argument ---&#xD;
  | Content                                                                       |&#xD;
  | ### My Described Feature                                                      |&#xD;
  | In order to include the description (In order, As a, I want) for each feature |&#xD;
  | As a reader of the generated documentation                                    |&#xD;
  | I want the feature description included below the feature heading.            |&#xD;
-&gt; done: MarkdownSteps.Then_The_Markdown_Output_Has_The_Lines_In_The_Following_Order(&lt;table&gt;) (0.0s)&#xD;
&#xD;
Given I have a feature called 'My First Feature'&#xD;
-&gt; done: GherkinTreeSteps.GivenIHaveAFeatureCalled("My First Feature") (0.0s)&#xD;
And I have a feature called 'My Second Feature'&#xD;
-&gt; done: GherkinTreeSteps.GivenIHaveAFeatureCalled("My Second Feature") (0.0s)&#xD;
When I generate Markdown output&#xD;
-&gt; done: MarkdownSteps.When_I_Generate_Markdown_Output() (0.0s)&#xD;
Then the Markdown output has the lines in the following order&#xD;
  --- table step argument ---&#xD;
  | Content               |&#xD;
  | ### My First Feature  |&#xD;
  | ### My Second Feature |&#xD;
-&gt; done: MarkdownSteps.Then_The_Markdown_Output_Has_The_Lines_In_The_Following_Order(&lt;table&gt;) (0.0s)&#xD;
&#xD;
Given I have a feature called 'My Tagged Feature'&#xD;
-&gt; done: GherkinTreeSteps.GivenIHaveAFeatureCalled("My Tagged Feature") (0.0s)&#xD;
And I have the tags&#xD;
  --- table step argument ---&#xD;
  | Tag     |&#xD;
  | @ignore |&#xD;
  | @tagtwo |&#xD;
-&gt; done: GherkinTreeSteps.GivenIHaveTheTags(&lt;table&gt;) (0.0s)&#xD;
When I generate Markdown output&#xD;
-&gt; done: MarkdownSteps.When_I_Generate_Markdown_Output() (0.0s)&#xD;
Then the Markdown output has the lines in the following order&#xD;
  --- table step argument ---&#xD;
  | Content                 |&#xD;
  | *`@ignore`* *`@tagtwo`* |&#xD;
  | ### My Tagged Feature   |&#xD;
-&gt; done: MarkdownSteps.Then_The_Markdown_Output_Has_The_Lines_In_The_Following_Order(&lt;table&gt;) (0.0s)&#xD;
&#xD;
Given I specify the output folder as 'testing'&#xD;
-&gt; done: MarkdownSteps.Given_I_Specify_The_Output_File_As("testing") (0.0s)&#xD;
When I generate Markdown output&#xD;
-&gt; done: MarkdownSteps.When_I_Generate_Markdown_Output() (0.0s)&#xD;
Then the file 'features.md' exists in folder 'testing'&#xD;
-&gt; done: MarkdownSteps.Then_The_File_Exists("features.md", "testing") (0.0s)&#xD;
&#xD;
Given I have a feature called 'My Scenario Heading'&#xD;
-&gt; done: GherkinTreeSteps.GivenIHaveAFeatureCalled("My Scenario Heading") (0.0s)&#xD;
And I have a scenario called 'Scenario heading included in output'&#xD;
-&gt; done: GherkinTreeSteps.GivenIHaveAScenarioCalled("Scenario heading ...") (0.0s)&#xD;
When I generate Markdown output&#xD;
-&gt; done: MarkdownSteps.When_I_Generate_Markdown_Output() (0.0s)&#xD;
Then the Markdown output has the lines&#xD;
  --- table step argument ---&#xD;
  | Content                                            |&#xD;
  | #### Scenario: Scenario heading included in output |&#xD;
-&gt; done: MarkdownSteps.ThenTheMarkdownOutputHasTheLines(&lt;table&gt;) (0.0s)&#xD;
&#xD;
Given I have a feature called 'My Scenario Heading A'&#xD;
-&gt; done: GherkinTreeSteps.GivenIHaveAFeatureCalled("My Scenario Headi...") (0.0s)&#xD;
And I have a scenario called 'Scenario heading included in output - A'&#xD;
-&gt; done: GherkinTreeSteps.GivenIHaveAScenarioCalled("Scenario heading ...") (0.0s)&#xD;
And I have a feature called 'My Scenario Heading B'&#xD;
-&gt; done: GherkinTreeSteps.GivenIHaveAFeatureCalled("My Scenario Headi...") (0.0s)&#xD;
And I have a scenario called 'Scenario heading included in output - B'&#xD;
-&gt; done: GherkinTreeSteps.GivenIHaveAScenarioCalled("Scenario heading ...") (0.0s)&#xD;
When I generate Markdown output&#xD;
-&gt; done: MarkdownSteps.When_I_Generate_Markdown_Output() (0.0s)&#xD;
Then the Markdown output has the lines in the following order&#xD;
  --- table step argument ---&#xD;
  | Content                                                |&#xD;
  | ### My Scenario Heading A                              |&#xD;
  | #### Scenario: Scenario heading included in output - A |&#xD;
  | ### My Scenario Heading B                              |&#xD;
  | #### Scenario: Scenario heading included in output - B |&#xD;
-&gt; done: MarkdownSteps.Then_The_Markdown_Output_Has_The_Lines_In_The_Following_Order(&lt;table&gt;) (0.0s)&#xD;
&#xD;
Given I have a feature called 'My Scenario Heading'&#xD;
-&gt; done: GherkinTreeSteps.GivenIHaveAFeatureCalled("My Scenario Heading") (0.0s)&#xD;
And I have a scenario called 'Scenario heading included in output - 1'&#xD;
-&gt; done: GherkinTreeSteps.GivenIHaveAScenarioCalled("Scenario heading ...") (0.0s)&#xD;
And I have a scenario called 'Scenario heading included in output - 2'&#xD;
-&gt; done: GherkinTreeSteps.GivenIHaveAScenarioCalled("Scenario heading ...") (0.0s)&#xD;
When I generate Markdown output&#xD;
-&gt; done: MarkdownSteps.When_I_Generate_Markdown_Output() (0.0s)&#xD;
Then the Markdown output has the lines in the following order&#xD;
  --- table step argument ---&#xD;
  | Content                                                |&#xD;
  | ### My Scenario Heading                                |&#xD;
  | #### Scenario: Scenario heading included in output - 1 |&#xD;
  | #### Scenario: Scenario heading included in output - 2 |&#xD;
-&gt; done: MarkdownSteps.Then_The_Markdown_Output_Has_The_Lines_In_The_Following_Order(&lt;table&gt;) (0.0s)&#xD;
&#xD;
Given I have a feature called 'My Scenario Outline Feature'&#xD;
-&gt; done: GherkinTreeSteps.GivenIHaveAFeatureCalled("My Scenario Outli...") (0.0s)&#xD;
And I have a scenario outline called 'Scenario Outline with Single Example'&#xD;
-&gt; No matching step definition found for the step. Use the following code to create one:&#xD;
        [Given(@"I have a scenario outline called '(.*)'")]&#xD;
        public void GivenIHaveAScenarioOutlineCalled(string p0)&#xD;
        {&#xD;
            _scenarioContext.Pending();&#xD;
        }&#xD;
&#xD;
And I have the scenario steps&#xD;
  --- table step argument ---&#xD;
  | Keyword | Step                                      |&#xD;
  | Given   | I have a simple given step for &lt;data_one&gt; |&#xD;
  | And     | I have second given for &lt;data_two&gt;        |&#xD;
-&gt; skipped because of previous errors&#xD;
And I have an examples table&#xD;
  --- table step argument ---&#xD;
  | Scenario | data_one | data_two |&#xD;
  | First    | one      | wun      |&#xD;
  | Second   | two      | too      |&#xD;
  | Third    | three    | tree     |&#xD;
-&gt; skipped because of previous errors&#xD;
When I generate Markdown output&#xD;
-&gt; skipped because of previous errors&#xD;
Then the Markdown output has the lines in the following order&#xD;
  --- table step argument ---&#xD;
  | Content                                                     |&#xD;
  | #### Scenario Outline: Scenario Outline with Single Example |&#xD;
  | &gt;                                                           |&#xD;
  | &gt; **Given** I have a simple given step for \&lt;data_one\&gt;     |&#xD;
  | &gt;                                                           |&#xD;
  | &gt; **And** I have second given for \&lt;data_two\&gt;              |&#xD;
  | &gt;                                                           |&#xD;
  | &gt; Examples:                                                 |&#xD;
  | &gt;                                                           |&#xD;
  | &gt; | Scenario | data_one | data_two |                        |&#xD;
  | &gt; | --- | --- | --- |                                       |&#xD;
  | &gt; | First | one | wun |                                     |&#xD;
  | &gt; | Second | two | too |                                    |&#xD;
  | &gt; | Third | three | tree |                                  |&#xD;
-&gt; skipped because of previous errors&#xD;
&#xD;
OutputHasSimpleScenarioOutline: No matching step definition found for one or more steps.&#xD;
using System;&#xD;
using TechTalk.SpecFlow;&#xD;
&#xD;
namespace MyNamespace&#xD;
{&#xD;
    [Binding]&#xD;
    public class StepDefinitions&#xD;
    {&#xD;
        private readonly ScenarioContext _scenarioContext;&#xD;
&#xD;
        public StepDefinitions(ScenarioContext scenarioContext)&#xD;
        {&#xD;
            _scenarioContext = scenarioContext;&#xD;
        }&#xD;
        [Given(@"I have a scenario outline called '(.*)'")]&#xD;
        public void GivenIHaveAScenarioOutlineCalled(string p0)&#xD;
        {&#xD;
            _scenarioContext.Pending();&#xD;
        }&#xD;
    }&#xD;
}&#xD;
&#xD;
Given I have a feature called 'My Scenario Outline Feature'&#xD;
-&gt; done: GherkinTreeSteps.GivenIHaveAFeatureCalled("My Scenario Outli...") (0.0s)&#xD;
And I have a scenario outline called 'Scenario Outline with table step'&#xD;
-&gt; No matching step definition found for the step. Use the following code to create one:&#xD;
        [Given(@"I have a scenario outline called '(.*)'")]&#xD;
        public void GivenIHaveAScenarioOutlineCalled(string p0)&#xD;
        {&#xD;
            _scenarioContext.Pending();&#xD;
        }&#xD;
&#xD;
And I have the scenario step with table 'Given I have a table'&#xD;
  --- table step argument ---&#xD;
  | TableColA  | TableColb  |&#xD;
  | &lt;data_one&gt; | TDB1       |&#xD;
  | TDA2       | &lt;data_two&gt; |&#xD;
-&gt; skipped because of previous errors&#xD;
And I have an examples table&#xD;
  --- table step argument ---&#xD;
  | Scenario | data_one | data_two |&#xD;
  | First    | one      | wun      |&#xD;
  | Second   | two      | too      |&#xD;
  | Third    | three    | tree     |&#xD;
-&gt; skipped because of previous errors&#xD;
When I generate Markdown output&#xD;
-&gt; skipped because of previous errors&#xD;
Then the Markdown output has the lines in the following order&#xD;
  --- table step argument ---&#xD;
  | Content                                                 |&#xD;
  | #### Scenario Outline: Scenario Outline with table step |&#xD;
  | &gt;                                                       |&#xD;
  | &gt; **Given** I have a table                              |&#xD;
  | &gt;                                                       |&#xD;
  | &gt; | TableColA | TableColb |                             |&#xD;
  | &gt; | --- | --- |                                         |&#xD;
  | &gt; | \&lt;data_one\&gt; | TDB1 |                               |&#xD;
  | &gt; | TDA2 | \&lt;data_two\&gt; |                               |&#xD;
  | &gt;                                                       |&#xD;
  | &gt; Examples:                                             |&#xD;
  | &gt;                                                       |&#xD;
  | &gt; | Scenario | data_one | data_two |                    |&#xD;
  | &gt; | --- | --- | --- |                                   |&#xD;
  | &gt; | First | one | wun |                                 |&#xD;
  | &gt; | Second | two | too |                                |&#xD;
  | &gt; | Third | three | tree |                              |&#xD;
-&gt; skipped because of previous errors&#xD;
&#xD;
OutputHasTableStepScenarioOutline: No matching step definition found for one or more steps.&#xD;
using System;&#xD;
using TechTalk.SpecFlow;&#xD;
&#xD;
namespace MyNamespace&#xD;
{&#xD;
    [Binding]&#xD;
    public class StepDefinitions&#xD;
    {&#xD;
        private readonly ScenarioContext _scenarioContext;&#xD;
&#xD;
        public StepDefinitions(ScenarioContext scenarioContext)&#xD;
        {&#xD;
            _scenarioContext = scenarioContext;&#xD;
        }&#xD;
        [Given(@"I have a scenario outline called '(.*)'")]&#xD;
        public void GivenIHaveAScenarioOutlineCalled(string p0)&#xD;
        {&#xD;
            _scenarioContext.Pending();&#xD;
        }&#xD;
    }&#xD;
}&#xD;
&#xD;
Given I have a feature called 'My Scenario Results Feature'&#xD;
-&gt; done: GherkinTreeSteps.GivenIHaveAFeatureCalled("My Scenario Resul...") (0.0s)&#xD;
And I have a scenario called 'Scenario with result'&#xD;
-&gt; done: GherkinTreeSteps.GivenIHaveAScenarioCalled("Scenario with result") (0.0s)&#xD;
And the scenario test run outcome was passed&#xD;
-&gt; done: GherkinTreeSteps.Given_The_Scenario_Test_Run_Outcome_Was("passed") (0.0s)&#xD;
When I generate Markdown output&#xD;
-&gt; done: MarkdownSteps.When_I_Generate_Markdown_Output() (0.0s)&#xD;
Then the Markdown output has the lines in the following order&#xD;
  --- table step argument ---&#xD;
  | Content                                                 |&#xD;
  | #### Scenario: ![Passed](pass.png) Scenario with result |&#xD;
-&gt; done: MarkdownSteps.Then_The_Markdown_Output_Has_The_Lines_In_The_Following_Order(&lt;table&gt;) (0.0s)&#xD;
&#xD;
Given I have a feature called 'My Scenario Results Feature'&#xD;
-&gt; done: GherkinTreeSteps.GivenIHaveAFeatureCalled("My Scenario Resul...") (0.0s)&#xD;
And I have a scenario called 'Scenario with result'&#xD;
-&gt; done: GherkinTreeSteps.GivenIHaveAScenarioCalled("Scenario with result") (0.0s)&#xD;
And the scenario test run outcome was failed&#xD;
-&gt; done: GherkinTreeSteps.Given_The_Scenario_Test_Run_Outcome_Was("failed") (0.0s)&#xD;
When I generate Markdown output&#xD;
-&gt; done: MarkdownSteps.When_I_Generate_Markdown_Output() (0.0s)&#xD;
Then the Markdown output has the lines in the following order&#xD;
  --- table step argument ---&#xD;
  | Content                                                 |&#xD;
  | #### Scenario: ![Failed](fail.png) Scenario with result |&#xD;
-&gt; done: MarkdownSteps.Then_The_Markdown_Output_Has_The_Lines_In_The_Following_Order(&lt;table&gt;) (0.0s)&#xD;
&#xD;
Given I have a feature called 'My Scenario Results Feature'&#xD;
-&gt; done: GherkinTreeSteps.GivenIHaveAFeatureCalled("My Scenario Resul...") (0.0s)&#xD;
And I have a scenario called 'Scenario with result'&#xD;
-&gt; done: GherkinTreeSteps.GivenIHaveAScenarioCalled("Scenario with result") (0.0s)&#xD;
And the scenario test run outcome was inconclusive&#xD;
-&gt; done: GherkinTreeSteps.Given_The_Scenario_Test_Run_Outcome_Was("inconclusive") (0.0s)&#xD;
When I generate Markdown output&#xD;
-&gt; done: MarkdownSteps.When_I_Generate_Markdown_Output() (0.0s)&#xD;
Then the Markdown output has the lines in the following order&#xD;
  --- table step argument ---&#xD;
  | Content                                                               |&#xD;
  | #### Scenario: ![Inconclusive](inconclusive.png) Scenario with result |&#xD;
-&gt; done: MarkdownSteps.Then_The_Markdown_Output_Has_The_Lines_In_The_Following_Order(&lt;table&gt;) (0.0s)&#xD;
&#xD;
Given I have a feature called 'My Scenario Outline Results Feature'&#xD;
-&gt; done: GherkinTreeSteps.GivenIHaveAFeatureCalled("My Scenario Outli...") (0.0s)&#xD;
And I have a scenario outline called 'Scenario Outline with result'&#xD;
-&gt; No matching step definition found for the step. Use the following code to create one:&#xD;
        [Given(@"I have a scenario outline called '(.*)'")]&#xD;
        public void GivenIHaveAScenarioOutlineCalled(string p0)&#xD;
        {&#xD;
            _scenarioContext.Pending();&#xD;
        }&#xD;
&#xD;
And I have an examples table with results&#xD;
  --- table step argument ---&#xD;
  | Scenario | data_one | data_two | outcome      |&#xD;
  | First    | one      | wun      | passed       |&#xD;
  | Second   | two      | too      | failed       |&#xD;
  | Third    | three    | tree     | inconclusive |&#xD;
-&gt; skipped because of previous errors&#xD;
When I generate Markdown output&#xD;
-&gt; skipped because of previous errors&#xD;
Then the Markdown output has the lines in the following order&#xD;
  --- table step argument ---&#xD;
  | Content                                                        |&#xD;
  | &gt; Examples:                                                    |&#xD;
  | &gt;                                                              |&#xD;
  | &gt; | Scenario | data_one | data_two | Result |                  |&#xD;
  | &gt; | --- | --- | --- | --- |                                    |&#xD;
  | &gt; | First | one | wun | ![Passed](pass.png) |                  |&#xD;
  | &gt; | Second | two | too | ![Failed](fail.png) |                 |&#xD;
  | &gt; | Third | three | tree | ![Inconclusive](inconclusive.png) | |&#xD;
-&gt; skipped because of previous errors&#xD;
&#xD;
ScenarioOutlineExampleDisplaysResultsIcon: No matching step definition found for one or more steps.&#xD;
using System;&#xD;
using TechTalk.SpecFlow;&#xD;
&#xD;
namespace MyNamespace&#xD;
{&#xD;
    [Binding]&#xD;
    public class StepDefinitions&#xD;
    {&#xD;
        private readonly ScenarioContext _scenarioContext;&#xD;
&#xD;
        public StepDefinitions(ScenarioContext scenarioContext)&#xD;
        {&#xD;
            _scenarioContext = scenarioContext;&#xD;
        }&#xD;
        [Given(@"I have a scenario outline called '(.*)'")]&#xD;
        public void GivenIHaveAScenarioOutlineCalled(string p0)&#xD;
        {&#xD;
            _scenarioContext.Pending();&#xD;
        }&#xD;
    }&#xD;
}&#xD;
&#xD;
Given I specify the output folder as 'C:\testing'&#xD;
-&gt; done: MarkdownSteps.Given_I_Specify_The_Output_File_As("C:\testing") (0.0s)&#xD;
When I generate Markdown output&#xD;
-&gt; done: MarkdownSteps.When_I_Generate_Markdown_Output() (0.0s)&#xD;
Then the file 'C:\testing\pass.png' exists&#xD;
-&gt; No matching step definition found for the step. Use the following code to create one:&#xD;
        [Then(@"the file '(.*)' exists")]&#xD;
        public void ThenTheFileExists(string p0)&#xD;
        {&#xD;
            _scenarioContext.Pending();&#xD;
        }&#xD;
&#xD;
And the file 'C:\testing\fail.png' exists&#xD;
-&gt; No matching step definition found for the step. Use the following code to create one:&#xD;
        [Then(@"the file '(.*)' exists")]&#xD;
        public void ThenTheFileExists(string p0)&#xD;
        {&#xD;
            _scenarioContext.Pending();&#xD;
        }&#xD;
&#xD;
And the file 'C:\testing\inconclusive.png' exists&#xD;
-&gt; No matching step definition found for the step. Use the following code to create one:&#xD;
        [Then(@"the file '(.*)' exists")]&#xD;
        public void ThenTheFileExists(string p0)&#xD;
        {&#xD;
            _scenarioContext.Pending();&#xD;
        }&#xD;
&#xD;
&#xD;
StatusIconsAreWrittenToSpecifiedLocation: No matching step definition found for one or more steps.&#xD;
using System;&#xD;
using TechTalk.SpecFlow;&#xD;
&#xD;
namespace MyNamespace&#xD;
{&#xD;
    [Binding]&#xD;
    public class StepDefinitions&#xD;
    {&#xD;
        private readonly ScenarioContext _scenarioContext;&#xD;
&#xD;
        public StepDefinitions(ScenarioContext scenarioContext)&#xD;
        {&#xD;
            _scenarioContext = scenarioContext;&#xD;
        }&#xD;
        [Then(@"the file '(.*)' exists")]&#xD;
        public void ThenTheFileExists(string p0)&#xD;
        {&#xD;
            _scenarioContext.Pending();&#xD;
        }&#xD;
    }&#xD;
}&#xD;
&#xD;
Given I have a feature called 'My Scenario Steps Feature'&#xD;
-&gt; done: GherkinTreeSteps.GivenIHaveAFeatureCalled("My Scenario Steps...") (0.0s)&#xD;
And I have a scenario called 'Table Given Step'&#xD;
-&gt; done: GherkinTreeSteps.GivenIHaveAScenarioCalled("Table Given Step") (0.0s)&#xD;
And I have the scenario step with table 'Given I have a table'&#xD;
  --- table step argument ---&#xD;
  | TableColA | TableColb |&#xD;
  | TDA1      | TDB1      |&#xD;
  | TDA2      | TDB2      |&#xD;
-&gt; done: GherkinTreeSteps.Given_I_Have_The_Scenario_Step_With_Table("Given ", "I have a table", &lt;table&gt;) (0.0s)&#xD;
When I generate Markdown output&#xD;
-&gt; done: MarkdownSteps.When_I_Generate_Markdown_Output() (0.0s)&#xD;
Then the Markdown output has the lines in the following order&#xD;
  --- table step argument ---&#xD;
  | Content                         |&#xD;
  | #### Scenario: Table Given Step |&#xD;
  | &gt;                               |&#xD;
  | &gt; **Given** I have a table      |&#xD;
  | &gt;                               |&#xD;
  | &gt; | TableColA | TableColb |     |&#xD;
  | &gt; | --- | --- |                 |&#xD;
  | &gt; | TDA1 | TDB1 |               |&#xD;
  | &gt; | TDA2 | TDB2 |               |&#xD;
-&gt; done: MarkdownSteps.Then_The_Markdown_Output_Has_The_Lines_In_The_Following_Order(&lt;table&gt;) (0.0s)&#xD;
&#xD;
Given I have a feature called 'My Scenario Steps Feature'&#xD;
-&gt; done: GherkinTreeSteps.GivenIHaveAFeatureCalled("My Scenario Steps...") (0.0s)&#xD;
And I have a scenario called 'Multiple Given Steps'&#xD;
-&gt; done: GherkinTreeSteps.GivenIHaveAScenarioCalled("Multiple Given Steps") (0.0s)&#xD;
And I have the scenario steps&#xD;
  --- table step argument ---&#xD;
  | Keyword | Step                       |&#xD;
  | Given   | I have a simple given step |&#xD;
  | And     | I have second given        |&#xD;
-&gt; done: GherkinTreeSteps.GivenIHaveTheScenarioSteps(&lt;table&gt;) (0.0s)&#xD;
When I generate Markdown output&#xD;
-&gt; done: MarkdownSteps.When_I_Generate_Markdown_Output() (0.0s)&#xD;
Then the Markdown output has the lines in the following order&#xD;
  --- table step argument ---&#xD;
  | Content                                |&#xD;
  | #### Scenario: Multiple Given Steps    |&#xD;
  | &gt;                                      |&#xD;
  | &gt; **Given** I have a simple given step |&#xD;
  | &gt;                                      |&#xD;
  | &gt; **And** I have second given          |&#xD;
-&gt; done: MarkdownSteps.Then_The_Markdown_Output_Has_The_Lines_In_The_Following_Order(&lt;table&gt;) (0.0s)&#xD;
&#xD;
Given I have a feature called 'My Scenario Steps Feature'&#xD;
-&gt; done: GherkinTreeSteps.GivenIHaveAFeatureCalled("My Scenario Steps...") (0.0s)&#xD;
And I have a scenario called 'Simple Given Step'&#xD;
-&gt; done: GherkinTreeSteps.GivenIHaveAScenarioCalled("Simple Given Step") (0.0s)&#xD;
And I have the scenario steps&#xD;
  --- table step argument ---&#xD;
  | Keyword | Step                       |&#xD;
  | Given   | I have a simple given step |&#xD;
-&gt; done: GherkinTreeSteps.GivenIHaveTheScenarioSteps(&lt;table&gt;) (0.0s)&#xD;
When I generate Markdown output&#xD;
-&gt; done: MarkdownSteps.When_I_Generate_Markdown_Output() (0.0s)&#xD;
Then the Markdown output has the lines in the following order&#xD;
  --- table step argument ---&#xD;
  | Content                                |&#xD;
  | #### Scenario: Simple Given Step       |&#xD;
  | &gt;                                      |&#xD;
  | &gt; **Given** I have a simple given step |&#xD;
-&gt; done: MarkdownSteps.Then_The_Markdown_Output_Has_The_Lines_In_The_Following_Order(&lt;table&gt;) (0.0s)&#xD;
&#xD;
Given I have a feature called 'My Tagged Feature'&#xD;
-&gt; done: GherkinTreeSteps.GivenIHaveAFeatureCalled("My Tagged Feature") (0.0s)&#xD;
And I have a scenario called 'Scenario With Tags'&#xD;
-&gt; done: GherkinTreeSteps.GivenIHaveAScenarioCalled("Scenario With Tags") (0.0s)&#xD;
And I have the scenario tags&#xD;
  --- table step argument ---&#xD;
  | Tag     |&#xD;
  | @ignore |&#xD;
  | @tagtwo |&#xD;
-&gt; done: GherkinTreeSteps.GivenIHaveTheScenarioTags(&lt;table&gt;) (0.0s)&#xD;
When I generate Markdown output&#xD;
-&gt; done: MarkdownSteps.When_I_Generate_Markdown_Output() (0.0s)&#xD;
Then the Markdown output has the lines in the following order&#xD;
  --- table step argument ---&#xD;
  | Content                           |&#xD;
  | *`@ignore`* *`@tagtwo`*           |&#xD;
  | #### Scenario: Scenario With Tags |&#xD;
-&gt; done: MarkdownSteps.Then_The_Markdown_Output_Has_The_Lines_In_The_Following_Order(&lt;table&gt;) (0.0s)&#xD;
&#xD;
When I generate Markdown output&#xD;
-&gt; done: MarkdownSteps.When_I_Generate_Markdown_Output() (0.0s)&#xD;
Then the Markdown output has the line&#xD;
  --- table step argument ---&#xD;
  | Line No. | Content    |&#xD;
  | 1        | # Features |&#xD;
-&gt; done: MarkdownSteps.Then_The_Markdown_Output_Has_The_Line(&lt;table&gt;) (0.0s)&#xD;
&#xD;
NUnit Adapter 3.17.0.0: Test execution complete&#xD;
</StdOut>
    </Output>
  </ResultSummary>
</TestRun>