<?xml version="1.0" encoding="utf-8"?>
<TestRun id="5797ec82-9e3d-4964-a439-e28cef95c520" name="ericcarlson@ERICCARLSONBBE6 2022-05-09 16:19:10" runUser="ERICCARLSONBBE6\ericcarlson" xmlns="http://microsoft.com/schemas/VisualStudio/TeamTest/2010">
  <Times creation="2022-05-09T16:19:10.4065373-04:00" queuing="2022-05-09T16:19:10.4065377-04:00" start="2022-05-09T16:19:07.3018255-04:00" finish="2022-05-09T16:19:11.7246249-04:00" />
  <TestSettings name="default" id="fcc9943d-6e9f-4ed0-90af-d7047b1f1644">
    <Deployment runDeploymentRoot="ericcarlson_ERICCARLSONBBE6_2022-05-09_16_19_10" />
  </TestSettings>
  <Results>
    <UnitTestResult executionId="5c0ac2e2-8094-4d74-8709-90fcf5f704d0" testId="aa7d19ca-6be0-4851-e641-556ba8ce4420" testName="When_A_Background_Is_Present_Its_Included_In_Markdown_Output" computerName="ERICCARLSONBBE6" duration="00:00:00.0003940" startTime="2022-05-09T16:19:10.3766961-04:00" endTime="2022-05-09T16:19:10.3770897-04:00" testType="13cdc9d9-ddb5-4fa4-a97d-d965ccfc6d4b" outcome="Passed" testListId="8c84fa94-04c1-424b-9868-57a2d4851a1d" relativeResultsDirectory="5c0ac2e2-8094-4d74-8709-90fcf5f704d0" />
    <UnitTestResult executionId="9fe5c596-2784-4be0-8efe-dd398bcdff89" testId="0c96c7d8-9cb1-3161-df45-936c044c8a90" testName="When_I_Build_Documentation_A_File_Is_Created" computerName="ERICCARLSONBBE6" duration="00:00:00.1073410" startTime="2022-05-09T16:19:11.3932594-04:00" endTime="2022-05-09T16:19:11.5006006-04:00" testType="13cdc9d9-ddb5-4fa4-a97d-d965ccfc6d4b" outcome="Passed" testListId="8c84fa94-04c1-424b-9868-57a2d4851a1d" relativeResultsDirectory="9fe5c596-2784-4be0-8efe-dd398bcdff89" />
    <UnitTestResult executionId="c875b8f8-9eaa-410e-8cc1-35f68152a27f" testId="85251763-7039-42ec-11eb-8bd634e77dcb" testName="New_Documentation_With_Feature_Produces_Single_Page" computerName="ERICCARLSONBBE6" duration="00:00:00.0053619" startTime="2022-05-09T16:19:10.3631386-04:00" endTime="2022-05-09T16:19:10.3685005-04:00" testType="13cdc9d9-ddb5-4fa4-a97d-d965ccfc6d4b" outcome="Passed" testListId="8c84fa94-04c1-424b-9868-57a2d4851a1d" relativeResultsDirectory="c875b8f8-9eaa-410e-8cc1-35f68152a27f" />
    <UnitTestResult executionId="6535a066-6a19-411a-8bb2-600cdc7267cf" testId="087a7169-3864-8bdf-0f7a-767fa49fba60" testName="A_Stylist_Can_Style_An_Example_Heading" computerName="ERICCARLSONBBE6" duration="00:00:00.0001979" startTime="2022-05-09T16:19:11.6267633-04:00" endTime="2022-05-09T16:19:11.6269613-04:00" testType="13cdc9d9-ddb5-4fa4-a97d-d965ccfc6d4b" outcome="Passed" testListId="8c84fa94-04c1-424b-9868-57a2d4851a1d" relativeResultsDirectory="6535a066-6a19-411a-8bb2-600cdc7267cf" />
    <UnitTestResult executionId="ffdfb087-ab1d-47ee-bf8f-e8751ed0ba84" testId="72b92267-d82f-070d-84d0-a4aae3f63aa3" testName="Localization_Has_String_For_GenerationDateTime" computerName="ERICCARLSONBBE6" duration="00:00:00.0029070" startTime="2022-05-09T16:19:10.3801081-04:00" endTime="2022-05-09T16:19:10.3830149-04:00" testType="13cdc9d9-ddb5-4fa4-a97d-d965ccfc6d4b" outcome="Passed" testListId="8c84fa94-04c1-424b-9868-57a2d4851a1d" relativeResultsDirectory="ffdfb087-ab1d-47ee-bf8f-e8751ed0ba84" />
    <UnitTestResult executionId="02eee33e-c474-48ae-8193-71a7ab586d5d" testId="57425b88-59a5-ccd8-a4c4-1db736b8b082" testName="The_Step_Is_Formatted" computerName="ERICCARLSONBBE6" duration="00:00:00.0001920" startTime="2022-05-09T16:19:11.6220299-04:00" endTime="2022-05-09T16:19:11.6222223-04:00" testType="13cdc9d9-ddb5-4fa4-a97d-d965ccfc6d4b" outcome="Passed" testListId="8c84fa94-04c1-424b-9868-57a2d4851a1d" relativeResultsDirectory="02eee33e-c474-48ae-8193-71a7ab586d5d" />
    <UnitTestResult executionId="7136abcf-3623-4578-ac93-65cc33a2d734" testId="c4a96b56-67ee-ecaa-df28-8048dac51625" testName="A_Stylist_Can_Style_A_Scenario_Heading_With_Result" computerName="ERICCARLSONBBE6" duration="00:00:00.0001570" startTime="2022-05-09T16:19:11.6242343-04:00" endTime="2022-05-09T16:19:11.6243915-04:00" testType="13cdc9d9-ddb5-4fa4-a97d-d965ccfc6d4b" outcome="Passed" testListId="8c84fa94-04c1-424b-9868-57a2d4851a1d" relativeResultsDirectory="7136abcf-3623-4578-ac93-65cc33a2d734" />
    <UnitTestResult executionId="4bcec611-0902-4106-9042-d9c5eb877009" testId="dda46e0f-a121-b050-b857-b22ec5452c74" testName="Lines_Returns_A_Collection_Of_All_Block_Lines" computerName="ERICCARLSONBBE6" duration="00:00:00.0002570" startTime="2022-05-09T16:19:10.2627830-04:00" endTime="2022-05-09T16:19:10.2630401-04:00" testType="13cdc9d9-ddb5-4fa4-a97d-d965ccfc6d4b" outcome="Passed" testListId="8c84fa94-04c1-424b-9868-57a2d4851a1d" relativeResultsDirectory="4bcec611-0902-4106-9042-d9c5eb877009" />
    <UnitTestResult executionId="387041ce-b843-4d5a-a11e-36ef865ba6c9" testId="4ddc7a2b-873e-5268-25fb-47a5f8786352" testName="When_A_Scenario_Step_Has_A_Result__The_Result_Is_Included" computerName="ERICCARLSONBBE6" duration="00:00:00.0002580" startTime="2022-05-09T16:19:11.6176969-04:00" endTime="2022-05-09T16:19:11.6179551-04:00" testType="13cdc9d9-ddb5-4fa4-a97d-d965ccfc6d4b" outcome="Passed" testListId="8c84fa94-04c1-424b-9868-57a2d4851a1d" relativeResultsDirectory="387041ce-b843-4d5a-a11e-36ef865ba6c9" />
    <UnitTestResult executionId="7732fd83-2a34-45c2-a066-589f58814d5a" testId="7c0a4706-a36f-c154-2389-7d6506524c02" testName="A_New_ScenarioBlock_Has_Scenario_Heading_On_First_Line" computerName="ERICCARLSONBBE6" duration="00:00:00.0002560" startTime="2022-05-09T16:19:11.6151960-04:00" endTime="2022-05-09T16:19:11.6154515-04:00" testType="13cdc9d9-ddb5-4fa4-a97d-d965ccfc6d4b" outcome="Passed" testListId="8c84fa94-04c1-424b-9868-57a2d4851a1d" relativeResultsDirectory="7732fd83-2a34-45c2-a066-589f58814d5a" />
    <UnitTestResult executionId="cd2b390a-b4e9-4dd1-95a4-b148139c9ddb" testId="2868b6b7-f6c9-00fa-1a4e-9783c5b6bc0a" testName="A_Stylist_Can_Style_An_Example_Heading_Without_A_Name" computerName="ERICCARLSONBBE6" duration="00:00:00.0000960" startTime="2022-05-09T16:19:11.6269714-04:00" endTime="2022-05-09T16:19:11.6270675-04:00" testType="13cdc9d9-ddb5-4fa4-a97d-d965ccfc6d4b" outcome="Passed" testListId="8c84fa94-04c1-424b-9868-57a2d4851a1d" relativeResultsDirectory="cd2b390a-b4e9-4dd1-95a4-b148139c9ddb" />
    <UnitTestResult executionId="2051f01b-4bbc-439a-8200-66611f710b6d" testId="0dfe1c29-0f1e-edfc-3817-67b7033c14c1" testName="New_MarkdownDocumentationBuilder_Is_An_Implementation_Of_IDocumentationBuilder" computerName="ERICCARLSONBBE6" duration="00:00:00.0041020" startTime="2022-05-09T16:19:11.3889507-04:00" endTime="2022-05-09T16:19:11.3930520-04:00" testType="13cdc9d9-ddb5-4fa4-a97d-d965ccfc6d4b" outcome="Passed" testListId="8c84fa94-04c1-424b-9868-57a2d4851a1d" relativeResultsDirectory="2051f01b-4bbc-439a-8200-66611f710b6d" />
    <UnitTestResult executionId="61eef840-e034-4340-9f49-1f88cf42dee2" testId="e9c111f1-6ad0-4ab8-210c-997ef200a119" testName="A_Stylist_Can_Style_A_Tag" computerName="ERICCARLSONBBE6" duration="00:00:00.0002190" startTime="2022-05-09T16:19:11.6261941-04:00" endTime="2022-05-09T16:19:11.6264133-04:00" testType="13cdc9d9-ddb5-4fa4-a97d-d965ccfc6d4b" outcome="Passed" testListId="8c84fa94-04c1-424b-9868-57a2d4851a1d" relativeResultsDirectory="61eef840-e034-4340-9f49-1f88cf42dee2" />
    <UnitTestResult executionId="427915e2-5ac1-4911-a989-c95b38c54cb8" testId="e818896b-58a9-0f53-a62b-13637c17dc39" testName="A_New_FeatureBlock_Has_Feature_Heading_On_First_Line" computerName="ERICCARLSONBBE6" duration="00:00:00.0003720" startTime="2022-05-09T16:19:10.3762855-04:00" endTime="2022-05-09T16:19:10.3766574-04:00" testType="13cdc9d9-ddb5-4fa4-a97d-d965ccfc6d4b" outcome="Passed" testListId="8c84fa94-04c1-424b-9868-57a2d4851a1d" relativeResultsDirectory="427915e2-5ac1-4911-a989-c95b38c54cb8" />
    <UnitTestResult executionId="aa5c7d40-2101-4c03-ae5b-1a43b25be36a" testId="9004e8cb-7f80-03e1-c097-8d93237f7563" testName="An_Empty_Lines_Object_Has_No_Lines" computerName="ERICCARLSONBBE6" duration="00:00:00.0000910" startTime="2022-05-09T16:19:10.3798062-04:00" endTime="2022-05-09T16:19:10.3798968-04:00" testType="13cdc9d9-ddb5-4fa4-a97d-d965ccfc6d4b" outcome="Passed" testListId="8c84fa94-04c1-424b-9868-57a2d4851a1d" relativeResultsDirectory="aa5c7d40-2101-4c03-ae5b-1a43b25be36a" />
    <UnitTestResult executionId="b691263a-d313-4c6f-aace-b88e23e2f63d" testId="3978d76f-896f-700f-9f11-9d7049610568" testName="A_Stylist_Can_Style_A_Background_Heading_Without_A_Name" computerName="ERICCARLSONBBE6" duration="00:00:00.0001070" startTime="2022-05-09T16:19:11.6235372-04:00" endTime="2022-05-09T16:19:11.6236441-04:00" testType="13cdc9d9-ddb5-4fa4-a97d-d965ccfc6d4b" outcome="Passed" testListId="8c84fa94-04c1-424b-9868-57a2d4851a1d" relativeResultsDirectory="b691263a-d313-4c6f-aace-b88e23e2f63d" />
    <UnitTestResult executionId="75728725-9883-4fbb-8fde-af050bab1dbf" testId="c4d3054f-f69e-28a7-32ea-27cca40ff6c7" testName="A_Stylist_Can_Style_A_Step_With_Angle_Brakets" computerName="ERICCARLSONBBE6" duration="00:00:00.0000870" startTime="2022-05-09T16:19:11.6248277-04:00" endTime="2022-05-09T16:19:11.6249148-04:00" testType="13cdc9d9-ddb5-4fa4-a97d-d965ccfc6d4b" outcome="Passed" testListId="8c84fa94-04c1-424b-9868-57a2d4851a1d" relativeResultsDirectory="75728725-9883-4fbb-8fde-af050bab1dbf" />
    <UnitTestResult executionId="844cb791-eb36-4be6-81c8-9ab494650ddd" testId="f3c22ca4-1f1a-514e-fe27-7cf83db7d8e3" testName="Converting_Lines_Object_To_String_Returns_All_Lines_With_NewLine_Seperator" computerName="ERICCARLSONBBE6" duration="00:00:00.0001180" startTime="2022-05-09T16:19:10.3799059-04:00" endTime="2022-05-09T16:19:10.3800239-04:00" testType="13cdc9d9-ddb5-4fa4-a97d-d965ccfc6d4b" outcome="Passed" testListId="8c84fa94-04c1-424b-9868-57a2d4851a1d" relativeResultsDirectory="844cb791-eb36-4be6-81c8-9ab494650ddd" />
    <UnitTestResult executionId="7291f40c-256d-4858-956e-483cac65bdab" testId="7e1e3d83-08b7-34c6-d5a0-cb9c9210de3e" testName="A_Table_Is_Formatted_With_Placeholders" computerName="ERICCARLSONBBE6" duration="00:00:00.0003220" startTime="2022-05-09T16:19:11.6280363-04:00" endTime="2022-05-09T16:19:11.6283585-04:00" testType="13cdc9d9-ddb5-4fa4-a97d-d965ccfc6d4b" outcome="Passed" testListId="8c84fa94-04c1-424b-9868-57a2d4851a1d" relativeResultsDirectory="7291f40c-256d-4858-956e-483cac65bdab" />
    <UnitTestResult executionId="981550c0-3164-4edf-8e9d-e9f0dd59033d" testId="2be587f2-52cc-ecb6-a175-06d50e5ae2e7" testName="When_Scenario_Is_Available_It_Is_Included_After_Heading" computerName="ERICCARLSONBBE6" duration="00:00:00.0004500" startTime="2022-05-09T16:19:10.3789317-04:00" endTime="2022-05-09T16:19:10.3793819-04:00" testType="13cdc9d9-ddb5-4fa4-a97d-d965ccfc6d4b" outcome="Passed" testListId="8c84fa94-04c1-424b-9868-57a2d4851a1d" relativeResultsDirectory="981550c0-3164-4edf-8e9d-e9f0dd59033d" />
    <UnitTestResult executionId="8ee5ecec-c21c-47d3-bd0b-413a8e030f91" testId="36b01c4e-c867-a891-2fa1-97ad8d589431" testName="A_Stylist_Can_Style_A_Scenario_Heading" computerName="ERICCARLSONBBE6" duration="00:00:00.0001480" startTime="2022-05-09T16:19:11.6240775-04:00" endTime="2022-05-09T16:19:11.6242256-04:00" testType="13cdc9d9-ddb5-4fa4-a97d-d965ccfc6d4b" outcome="Passed" testListId="8c84fa94-04c1-424b-9868-57a2d4851a1d" relativeResultsDirectory="8ee5ecec-c21c-47d3-bd0b-413a8e030f91" />
    <UnitTestResult executionId="d2fce315-4625-46e5-b652-5e0156efe259" testId="33258916-b4e4-0851-5a91-8fe4143d3fb3" testName="When_Mutiple_Scenarios_Are_Available_They_Are_Included_After_Heading" computerName="ERICCARLSONBBE6" duration="00:00:00.0008920" startTime="2022-05-09T16:19:10.3778331-04:00" endTime="2022-05-09T16:19:10.3787253-04:00" testType="13cdc9d9-ddb5-4fa4-a97d-d965ccfc6d4b" outcome="Passed" testListId="8c84fa94-04c1-424b-9868-57a2d4851a1d" relativeResultsDirectory="d2fce315-4625-46e5-b652-5e0156efe259" />
    <UnitTestResult executionId="12b51e24-f32a-48a7-9e25-560a855d0241" testId="62b1c57a-1be9-64d3-3e69-6dfddc32e1ae" testName="A_Stylist_Can_Style_A_Feature_Heading" computerName="ERICCARLSONBBE6" duration="00:00:00.0001210" startTime="2022-05-09T16:19:11.6236727-04:00" endTime="2022-05-09T16:19:11.6237941-04:00" testType="13cdc9d9-ddb5-4fa4-a97d-d965ccfc6d4b" outcome="Passed" testListId="8c84fa94-04c1-424b-9868-57a2d4851a1d" relativeResultsDirectory="12b51e24-f32a-48a7-9e25-560a855d0241" />
    <UnitTestResult executionId="0cede433-0fb6-4c8e-93e4-62cc6d1af806" testId="1c45ea74-d176-4223-5c68-d75bf93dcd7b" testName="When_I_Build_Documentation_Icon_Files_Are_Created" computerName="ERICCARLSONBBE6" duration="00:00:00.0026140" startTime="2022-05-09T16:19:11.5006472-04:00" endTime="2022-05-09T16:19:11.5032607-04:00" testType="13cdc9d9-ddb5-4fa4-a97d-d965ccfc6d4b" outcome="Passed" testListId="8c84fa94-04c1-424b-9868-57a2d4851a1d" relativeResultsDirectory="0cede433-0fb6-4c8e-93e4-62cc6d1af806" />
    <UnitTestResult executionId="52e2085a-3a7c-44a8-b64a-8f777c381b64" testId="0c360c57-a6c3-40a3-5ea6-00aa7076731a" testName="A_New_BackgroundBlock_Has_Background_Heading_On_First_Line" computerName="ERICCARLSONBBE6" duration="00:00:00.0114880" startTime="2022-05-09T16:19:10.2477435-04:00" endTime="2022-05-09T16:19:10.2591600-04:00" testType="13cdc9d9-ddb5-4fa4-a97d-d965ccfc6d4b" outcome="Passed" testListId="8c84fa94-04c1-424b-9868-57a2d4851a1d" relativeResultsDirectory="52e2085a-3a7c-44a8-b64a-8f777c381b64" />
    <UnitTestResult executionId="b68a142b-eaf5-4001-9b35-3439621d8d7c" testId="6e8c8342-42b3-d728-2ad9-a240cd973e0d" testName="When_Feature_Description_Available_It_Is_Placed_Below_Feature_Heading" computerName="ERICCARLSONBBE6" duration="00:00:00.0003210" startTime="2022-05-09T16:19:10.3771181-04:00" endTime="2022-05-09T16:19:10.3774394-04:00" testType="13cdc9d9-ddb5-4fa4-a97d-d965ccfc6d4b" outcome="Passed" testListId="8c84fa94-04c1-424b-9868-57a2d4851a1d" relativeResultsDirectory="b68a142b-eaf5-4001-9b35-3439621d8d7c" />
    <UnitTestResult executionId="237e2932-af5b-496d-946d-0caa15e1a051" testId="a5c6e477-b34d-8cbd-e1f1-2c39ba8db21d" testName="When_Feature_Tags_Available_They_Are_Placed_On_Single_Line_Before_Heading" computerName="ERICCARLSONBBE6" duration="00:00:00.0003430" startTime="2022-05-09T16:19:10.3774629-04:00" endTime="2022-05-09T16:19:10.3778057-04:00" testType="13cdc9d9-ddb5-4fa4-a97d-d965ccfc6d4b" outcome="Passed" testListId="8c84fa94-04c1-424b-9868-57a2d4851a1d" relativeResultsDirectory="237e2932-af5b-496d-946d-0caa15e1a051" />
    <UnitTestResult executionId="16cb76bb-f12f-4d6c-89a3-6f3836334bf2" testId="d68f9102-0bcf-0245-35f2-d52fa462b6de" testName="A_Stylist_Can_Style_A_Step_Table" computerName="ERICCARLSONBBE6" duration="00:00:00.0000900" startTime="2022-05-09T16:19:11.6247291-04:00" endTime="2022-05-09T16:19:11.6248192-04:00" testType="13cdc9d9-ddb5-4fa4-a97d-d965ccfc6d4b" outcome="Passed" testListId="8c84fa94-04c1-424b-9868-57a2d4851a1d" relativeResultsDirectory="16cb76bb-f12f-4d6c-89a3-6f3836334bf2" />
    <UnitTestResult executionId="2314178c-0906-4d78-b1e8-ddac551c503c" testId="5d3d500d-237d-827e-aff0-b68712a3e455" testName="A_Table_Is_Formatted" computerName="ERICCARLSONBBE6" duration="00:00:00.0003280" startTime="2022-05-09T16:19:11.6271909-04:00" endTime="2022-05-09T16:19:11.6275185-04:00" testType="13cdc9d9-ddb5-4fa4-a97d-d965ccfc6d4b" outcome="Passed" testListId="8c84fa94-04c1-424b-9868-57a2d4851a1d" relativeResultsDirectory="2314178c-0906-4d78-b1e8-ddac551c503c" />
    <UnitTestResult executionId="d7c07b7b-f117-471f-870f-0a9b67884f17" testId="69f335ed-55f7-e738-817f-095a67fa17c4" testName="A_Step_Table_Is_Formatted" computerName="ERICCARLSONBBE6" duration="00:00:00.0004810" startTime="2022-05-09T16:19:11.6213627-04:00" endTime="2022-05-09T16:19:11.6218438-04:00" testType="13cdc9d9-ddb5-4fa4-a97d-d965ccfc6d4b" outcome="Passed" testListId="8c84fa94-04c1-424b-9868-57a2d4851a1d" relativeResultsDirectory="d7c07b7b-f117-471f-870f-0a9b67884f17" />
    <UnitTestResult executionId="57ae7992-ec97-48af-b584-d9e693298b68" testId="58c8736d-b187-f051-93fa-0f90a342760e" testName="Adding_A_Line_Increases_Count" computerName="ERICCARLSONBBE6" duration="00:00:00.0001200" startTime="2022-05-09T16:19:10.3795211-04:00" endTime="2022-05-09T16:19:10.3796415-04:00" testType="13cdc9d9-ddb5-4fa4-a97d-d965ccfc6d4b" outcome="Passed" testListId="8c84fa94-04c1-424b-9868-57a2d4851a1d" relativeResultsDirectory="57ae7992-ec97-48af-b584-d9e693298b68" />
    <UnitTestResult executionId="9f3a519d-073a-4940-a2ec-5fa883bd3c29" testId="b9082ac3-c344-775f-2ed2-5cef39b3a84e" testName="Examples_Are_Included_As_Table" computerName="ERICCARLSONBBE6" duration="00:00:00.0019490" startTime="2022-05-09T16:19:11.6155969-04:00" endTime="2022-05-09T16:19:11.6175462-04:00" testType="13cdc9d9-ddb5-4fa4-a97d-d965ccfc6d4b" outcome="Passed" testListId="8c84fa94-04c1-424b-9868-57a2d4851a1d" relativeResultsDirectory="9f3a519d-073a-4940-a2ec-5fa883bd3c29" />
    <UnitTestResult executionId="f3bb0e75-ad6d-4174-b423-4857a589df16" testId="00ebd793-751c-de7a-18e8-922b4a4d7a79" testName="Autofac_Can_Resolve_MarkdownDocumentationBuilder_Request" computerName="ERICCARLSONBBE6" duration="00:00:01.0056880" startTime="2022-05-09T16:19:10.3832140-04:00" endTime="2022-05-09T16:19:11.3889022-04:00" testType="13cdc9d9-ddb5-4fa4-a97d-d965ccfc6d4b" outcome="Passed" testListId="8c84fa94-04c1-424b-9868-57a2d4851a1d" relativeResultsDirectory="f3bb0e75-ad6d-4174-b423-4857a589df16" />
    <UnitTestResult executionId="d9f20a8a-c5a0-4c40-93c0-6d75c7cbb109" testId="a2168b55-c48f-7e82-a87f-c77a74fb04a1" testName="When_A_Scenario_Step_Is_Available_It_Is_Placed_On_Single_Line_After_Heading" computerName="ERICCARLSONBBE6" duration="00:00:00.0002780" startTime="2022-05-09T16:19:11.6201273-04:00" endTime="2022-05-09T16:19:11.6204055-04:00" testType="13cdc9d9-ddb5-4fa4-a97d-d965ccfc6d4b" outcome="Passed" testListId="8c84fa94-04c1-424b-9868-57a2d4851a1d" relativeResultsDirectory="d9f20a8a-c5a0-4c40-93c0-6d75c7cbb109" />
    <UnitTestResult executionId="1289ccfb-e20f-4f13-a7af-93e12a13d634" testId="6a10a0d4-c3cf-deff-8167-300a258c1337" testName="Adding_A_Lines_Object_Together_Combines_Them" computerName="ERICCARLSONBBE6" duration="00:00:00.0001440" startTime="2022-05-09T16:19:10.3796519-04:00" endTime="2022-05-09T16:19:10.3797962-04:00" testType="13cdc9d9-ddb5-4fa4-a97d-d965ccfc6d4b" outcome="Passed" testListId="8c84fa94-04c1-424b-9868-57a2d4851a1d" relativeResultsDirectory="1289ccfb-e20f-4f13-a7af-93e12a13d634" />
    <UnitTestResult executionId="9d6c4b54-1986-436b-b8c4-124acebcaa18" testId="af1cf20b-f98b-777e-b863-284fbdd4fe3d" testName="A_Stylist_Can_Style_A_Background_Heading" computerName="ERICCARLSONBBE6" duration="00:00:00.0001850" startTime="2022-05-09T16:19:11.6231340-04:00" endTime="2022-05-09T16:19:11.6233191-04:00" testType="13cdc9d9-ddb5-4fa4-a97d-d965ccfc6d4b" outcome="Passed" testListId="8c84fa94-04c1-424b-9868-57a2d4851a1d" relativeResultsDirectory="9d6c4b54-1986-436b-b8c4-124acebcaa18" />
    <UnitTestResult executionId="5adc00b1-0d1b-4273-af89-d2252f09cf11" testId="481fda8f-bee2-0a43-451d-33c920aaed33" testName="A_Stylist_Can_Style_A_Step" computerName="ERICCARLSONBBE6" duration="00:00:00.0001620" startTime="2022-05-09T16:19:11.6245589-04:00" endTime="2022-05-09T16:19:11.6247205-04:00" testType="13cdc9d9-ddb5-4fa4-a97d-d965ccfc6d4b" outcome="Passed" testListId="8c84fa94-04c1-424b-9868-57a2d4851a1d" relativeResultsDirectory="5adc00b1-0d1b-4273-af89-d2252f09cf11" />
    <UnitTestResult executionId="9e20afd3-f8bf-423e-8c15-f8a686189d9b" testId="52223580-48fe-c45f-1082-5d8220212c22" testName="A_New_TitleBlock_Has_Generation_Line" computerName="ERICCARLSONBBE6" duration="00:00:00.0002260" startTime="2022-05-09T16:19:11.6292796-04:00" endTime="2022-05-09T16:19:11.6295058-04:00" testType="13cdc9d9-ddb5-4fa4-a97d-d965ccfc6d4b" outcome="Passed" testListId="8c84fa94-04c1-424b-9868-57a2d4851a1d" relativeResultsDirectory="9e20afd3-f8bf-423e-8c15-f8a686189d9b" />
    <UnitTestResult executionId="affeddea-d9d6-4150-bcec-b213c1179ab7" testId="7e57b20e-af1e-50f7-b450-cb9820ac386c" testName="A_Stylist_Can_Style_A_Title" computerName="ERICCARLSONBBE6" duration="00:00:00.0001230" startTime="2022-05-09T16:19:11.6266102-04:00" endTime="2022-05-09T16:19:11.6267335-04:00" testType="13cdc9d9-ddb5-4fa4-a97d-d965ccfc6d4b" outcome="Passed" testListId="8c84fa94-04c1-424b-9868-57a2d4851a1d" relativeResultsDirectory="affeddea-d9d6-4150-bcec-b213c1179ab7" />
    <UnitTestResult executionId="f9430049-4743-4eaa-963b-dff388aa3933" testId="ee522eac-0e44-5daa-2d2b-320a63db01a7" testName="When_Scenario_Tags_Available_They_Are_Placed_On_Single_Line_Before_Heading" computerName="ERICCARLSONBBE6" duration="00:00:00.0002470" startTime="2022-05-09T16:19:11.6206090-04:00" endTime="2022-05-09T16:19:11.6208565-04:00" testType="13cdc9d9-ddb5-4fa4-a97d-d965ccfc6d4b" outcome="Passed" testListId="8c84fa94-04c1-424b-9868-57a2d4851a1d" relativeResultsDirectory="f9430049-4743-4eaa-963b-dff388aa3933" />
    <UnitTestResult executionId="dfe670f3-5d0e-4170-8d36-1f04b9c28103" testId="f6390755-b75b-1311-f0e2-639cacf50291" testName="A_Stylist_Can_Style_A_StepLine" computerName="ERICCARLSONBBE6" duration="00:00:00.0007770" startTime="2022-05-09T16:19:11.6249285-04:00" endTime="2022-05-09T16:19:11.6257056-04:00" testType="13cdc9d9-ddb5-4fa4-a97d-d965ccfc6d4b" outcome="Passed" testListId="8c84fa94-04c1-424b-9868-57a2d4851a1d" relativeResultsDirectory="dfe670f3-5d0e-4170-8d36-1f04b9c28103" />
    <UnitTestResult executionId="b5d82f35-b0c7-4cd0-87df-26efb89e7a31" testId="0c3d7bf3-c8d9-3999-b9c6-3e425af24857" testName="Localization_Has_String_For_Title" computerName="ERICCARLSONBBE6" duration="00:00:00.0001010" startTime="2022-05-09T16:19:10.3830283-04:00" endTime="2022-05-09T16:19:10.3831288-04:00" testType="13cdc9d9-ddb5-4fa4-a97d-d965ccfc6d4b" outcome="Passed" testListId="8c84fa94-04c1-424b-9868-57a2d4851a1d" relativeResultsDirectory="b5d82f35-b0c7-4cd0-87df-26efb89e7a31" />
    <UnitTestResult executionId="6422ae43-cfb7-4617-b5cf-1cde1943adc4" testId="89078dd5-dbe6-d29f-68ce-14d516c4a219" testName="A_Stylist_Can_Style_A_Table_Result_Heading" computerName="ERICCARLSONBBE6" duration="00:00:00.0001520" startTime="2022-05-09T16:19:11.6258578-04:00" endTime="2022-05-09T16:19:11.6260098-04:00" testType="13cdc9d9-ddb5-4fa4-a97d-d965ccfc6d4b" outcome="Passed" testListId="8c84fa94-04c1-424b-9868-57a2d4851a1d" relativeResultsDirectory="6422ae43-cfb7-4617-b5cf-1cde1943adc4" />
    <UnitTestResult executionId="133bbdac-37de-4f95-ae95-ba484e871573" testId="375a6997-a0a8-9897-2bc4-051254737b59" testName="With_A_Simple_Feature_The_Output_Has_Default_Content" computerName="ERICCARLSONBBE6" duration="00:00:00.0026000" startTime="2022-05-09T16:19:11.6121930-04:00" endTime="2022-05-09T16:19:11.6147934-04:00" testType="13cdc9d9-ddb5-4fa4-a97d-d965ccfc6d4b" outcome="Passed" testListId="8c84fa94-04c1-424b-9868-57a2d4851a1d" relativeResultsDirectory="133bbdac-37de-4f95-ae95-ba484e871573" />
    <UnitTestResult executionId="115abf97-8509-4fb5-88e1-38211d397286" testId="1b8d323f-0439-a0d3-db80-2d1f6152336b" testName="A_Table_Is_Formatted_With_Results" computerName="ERICCARLSONBBE6" duration="00:00:00.0006050" startTime="2022-05-09T16:19:11.6285544-04:00" endTime="2022-05-09T16:19:11.6291593-04:00" testType="13cdc9d9-ddb5-4fa4-a97d-d965ccfc6d4b" outcome="Passed" testListId="8c84fa94-04c1-424b-9868-57a2d4851a1d" relativeResultsDirectory="115abf97-8509-4fb5-88e1-38211d397286" />
    <UnitTestResult executionId="c649423e-6fbc-44b4-8000-d41480d0518e" testId="0b21c1a4-8f07-6205-9441-85483a8df440" testName="With_A_Null_Tree_The_Output_Has_Default_Content" computerName="ERICCARLSONBBE6" duration="00:00:00.1083430" startTime="2022-05-09T16:19:11.5035584-04:00" endTime="2022-05-09T16:19:11.6119008-04:00" testType="13cdc9d9-ddb5-4fa4-a97d-d965ccfc6d4b" outcome="Passed" testListId="8c84fa94-04c1-424b-9868-57a2d4851a1d" relativeResultsDirectory="c649423e-6fbc-44b4-8000-d41480d0518e" />
    <UnitTestResult executionId="f03305f4-a95f-43c8-b7b5-c47622bc80e3" testId="1162db81-968d-46e8-bc96-b388ff5ae09e" testName="A_Stylist_Can_Style_A_ScenarioOutline_Heading" computerName="ERICCARLSONBBE6" duration="00:00:00.0001490" startTime="2022-05-09T16:19:11.6244003-04:00" endTime="2022-05-09T16:19:11.6245496-04:00" testType="13cdc9d9-ddb5-4fa4-a97d-d965ccfc6d4b" outcome="Passed" testListId="8c84fa94-04c1-424b-9868-57a2d4851a1d" relativeResultsDirectory="f03305f4-a95f-43c8-b7b5-c47622bc80e3" />
    <UnitTestResult executionId="783a2f7a-145e-40ae-a438-52449f131e24" testId="c658766d-c5fb-3258-29b2-0a94adc9a21c" testName="A_New_TitleBlock_Has_Title_Line" computerName="ERICCARLSONBBE6" duration="00:00:00.0001689" startTime="2022-05-09T16:19:11.6295404-04:00" endTime="2022-05-09T16:19:11.6297096-04:00" testType="13cdc9d9-ddb5-4fa4-a97d-d965ccfc6d4b" outcome="Passed" testListId="8c84fa94-04c1-424b-9868-57a2d4851a1d" relativeResultsDirectory="783a2f7a-145e-40ae-a438-52449f131e24" />
    <UnitTestResult executionId="b726126c-1051-4480-92ab-d089536de7e8" testId="66a6d93e-e5a0-9b6b-059b-4ca000c89164" testName="When_A_Scenario_Step_Is_Available_It_Has_Escape_Characters_For_Placeholder_Brackets" computerName="ERICCARLSONBBE6" duration="00:00:00.0009280" startTime="2022-05-09T16:19:11.6180970-04:00" endTime="2022-05-09T16:19:11.6190252-04:00" testType="13cdc9d9-ddb5-4fa4-a97d-d965ccfc6d4b" outcome="Passed" testListId="8c84fa94-04c1-424b-9868-57a2d4851a1d" relativeResultsDirectory="b726126c-1051-4480-92ab-d089536de7e8" />
    <UnitTestResult executionId="e8872bf1-1840-4afc-9dca-ad7408b9c632" testId="d5bc32eb-f399-e3d6-72f2-d124bea1ff9f" testName="A_Stylist_Can_Style_A_Result" computerName="ERICCARLSONBBE6" duration="00:00:00.0002460" startTime="2022-05-09T16:19:11.6238044-04:00" endTime="2022-05-09T16:19:11.6240507-04:00" testType="13cdc9d9-ddb5-4fa4-a97d-d965ccfc6d4b" outcome="Passed" testListId="8c84fa94-04c1-424b-9868-57a2d4851a1d" relativeResultsDirectory="e8872bf1-1840-4afc-9dca-ad7408b9c632" />
    <UnitTestResult executionId="70f06f35-64f4-44aa-8598-93c50780d9ed" testId="00406124-e5b3-afc5-cb68-1b5f68830cc7" testName="ToString_Returns_Blocks_Markdown_Content" computerName="ERICCARLSONBBE6" duration="00:00:00.0001100" startTime="2022-05-09T16:19:10.2630736-04:00" endTime="2022-05-09T16:19:10.2631841-04:00" testType="13cdc9d9-ddb5-4fa4-a97d-d965ccfc6d4b" outcome="Passed" testListId="8c84fa94-04c1-424b-9868-57a2d4851a1d" relativeResultsDirectory="70f06f35-64f4-44aa-8598-93c50780d9ed" />
    <UnitTestResult executionId="18da71b8-a0f7-4b95-ae70-a622f8850c9e" testId="06d5cdf3-faa5-12cf-4029-56953a4c81e7" testName="New_Documentation_Produces_Default_Single_Page" computerName="ERICCARLSONBBE6" duration="00:00:00.0040360" startTime="2022-05-09T16:19:10.3587746-04:00" endTime="2022-05-09T16:19:10.3628111-04:00" testType="13cdc9d9-ddb5-4fa4-a97d-d965ccfc6d4b" outcome="Passed" testListId="8c84fa94-04c1-424b-9868-57a2d4851a1d" relativeResultsDirectory="18da71b8-a0f7-4b95-ae70-a622f8850c9e" />
  </Results>
  <TestDefinitions>
    <UnitTest name="A_Stylist_Can_Style_A_Step" storage="c:\users\ericcarlson\documents\github\pickles\src\pickles.documentationbuilders.markdown.unittests\bin\debug\net6.0\picklesdoc.pickles.documentationbuilders.markdown.unittests.dll" id="481fda8f-bee2-0a43-451d-33c920aaed33">
      <Execution id="5adc00b1-0d1b-4273-af89-d2252f09cf11" />
      <TestMethod codeBase="C:\Users\ericcarlson\Documents\GitHub\pickles\src\Pickles.DocumentationBuilders.Markdown.UnitTests\bin\Debug\net6.0\PicklesDoc.Pickles.DocumentationBuilders.Markdown.UnitTests.dll" adapterTypeName="executor://nunit3testexecutor/" className="PicklesDoc.Pickles.DocumentationBuilders.Markdown.UnitTests.Stylist_Tests" name="A_Stylist_Can_Style_A_Step" />
    </UnitTest>
    <UnitTest name="A_New_TitleBlock_Has_Generation_Line" storage="c:\users\ericcarlson\documents\github\pickles\src\pickles.documentationbuilders.markdown.unittests\bin\debug\net6.0\picklesdoc.pickles.documentationbuilders.markdown.unittests.dll" id="52223580-48fe-c45f-1082-5d8220212c22">
      <Execution id="9e20afd3-f8bf-423e-8c15-f8a686189d9b" />
      <TestMethod codeBase="C:\Users\ericcarlson\Documents\GitHub\pickles\src\Pickles.DocumentationBuilders.Markdown.UnitTests\bin\Debug\net6.0\PicklesDoc.Pickles.DocumentationBuilders.Markdown.UnitTests.dll" adapterTypeName="executor://nunit3testexecutor/" className="PicklesDoc.Pickles.DocumentationBuilders.Markdown.UnitTests.TitleBlock_Tests" name="A_New_TitleBlock_Has_Generation_Line" />
    </UnitTest>
    <UnitTest name="A_Table_Is_Formatted_With_Placeholders" storage="c:\users\ericcarlson\documents\github\pickles\src\pickles.documentationbuilders.markdown.unittests\bin\debug\net6.0\picklesdoc.pickles.documentationbuilders.markdown.unittests.dll" id="7e1e3d83-08b7-34c6-d5a0-cb9c9210de3e">
      <Execution id="7291f40c-256d-4858-956e-483cac65bdab" />
      <TestMethod codeBase="C:\Users\ericcarlson\Documents\GitHub\pickles\src\Pickles.DocumentationBuilders.Markdown.UnitTests\bin\Debug\net6.0\PicklesDoc.Pickles.DocumentationBuilders.Markdown.UnitTests.dll" adapterTypeName="executor://nunit3testexecutor/" className="PicklesDoc.Pickles.DocumentationBuilders.Markdown.UnitTests.TableBlock_Tests" name="A_Table_Is_Formatted_With_Placeholders" />
    </UnitTest>
    <UnitTest name="A_Table_Is_Formatted" storage="c:\users\ericcarlson\documents\github\pickles\src\pickles.documentationbuilders.markdown.unittests\bin\debug\net6.0\picklesdoc.pickles.documentationbuilders.markdown.unittests.dll" id="5d3d500d-237d-827e-aff0-b68712a3e455">
      <Execution id="2314178c-0906-4d78-b1e8-ddac551c503c" />
      <TestMethod codeBase="C:\Users\ericcarlson\Documents\GitHub\pickles\src\Pickles.DocumentationBuilders.Markdown.UnitTests\bin\Debug\net6.0\PicklesDoc.Pickles.DocumentationBuilders.Markdown.UnitTests.dll" adapterTypeName="executor://nunit3testexecutor/" className="PicklesDoc.Pickles.DocumentationBuilders.Markdown.UnitTests.TableBlock_Tests" name="A_Table_Is_Formatted" />
    </UnitTest>
    <UnitTest name="A_Stylist_Can_Style_An_Example_Heading" storage="c:\users\ericcarlson\documents\github\pickles\src\pickles.documentationbuilders.markdown.unittests\bin\debug\net6.0\picklesdoc.pickles.documentationbuilders.markdown.unittests.dll" id="087a7169-3864-8bdf-0f7a-767fa49fba60">
      <Execution id="6535a066-6a19-411a-8bb2-600cdc7267cf" />
      <TestMethod codeBase="C:\Users\ericcarlson\Documents\GitHub\pickles\src\Pickles.DocumentationBuilders.Markdown.UnitTests\bin\Debug\net6.0\PicklesDoc.Pickles.DocumentationBuilders.Markdown.UnitTests.dll" adapterTypeName="executor://nunit3testexecutor/" className="PicklesDoc.Pickles.DocumentationBuilders.Markdown.UnitTests.Stylist_Tests" name="A_Stylist_Can_Style_An_Example_Heading" />
    </UnitTest>
    <UnitTest name="When_A_Scenario_Step_Is_Available_It_Is_Placed_On_Single_Line_After_Heading" storage="c:\users\ericcarlson\documents\github\pickles\src\pickles.documentationbuilders.markdown.unittests\bin\debug\net6.0\picklesdoc.pickles.documentationbuilders.markdown.unittests.dll" id="a2168b55-c48f-7e82-a87f-c77a74fb04a1">
      <Execution id="d9f20a8a-c5a0-4c40-93c0-6d75c7cbb109" />
      <TestMethod codeBase="C:\Users\ericcarlson\Documents\GitHub\pickles\src\Pickles.DocumentationBuilders.Markdown.UnitTests\bin\Debug\net6.0\PicklesDoc.Pickles.DocumentationBuilders.Markdown.UnitTests.dll" adapterTypeName="executor://nunit3testexecutor/" className="PicklesDoc.Pickles.DocumentationBuilders.Markdown.UnitTests.ScenarioBlock_Tests" name="When_A_Scenario_Step_Is_Available_It_Is_Placed_On_Single_Line_After_Heading" />
    </UnitTest>
    <UnitTest name="Autofac_Can_Resolve_MarkdownDocumentationBuilder_Request" storage="c:\users\ericcarlson\documents\github\pickles\src\pickles.documentationbuilders.markdown.unittests\bin\debug\net6.0\picklesdoc.pickles.documentationbuilders.markdown.unittests.dll" id="00ebd793-751c-de7a-18e8-922b4a4d7a79">
      <Execution id="f3bb0e75-ad6d-4174-b423-4857a589df16" />
      <TestMethod codeBase="C:\Users\ericcarlson\Documents\GitHub\pickles\src\Pickles.DocumentationBuilders.Markdown.UnitTests\bin\Debug\net6.0\PicklesDoc.Pickles.DocumentationBuilders.Markdown.UnitTests.dll" adapterTypeName="executor://nunit3testexecutor/" className="PicklesDoc.Pickles.DocumentationBuilders.Markdown.UnitTests.MarkdownDocumentationBuilder_Tests" name="Autofac_Can_Resolve_MarkdownDocumentationBuilder_Request" />
    </UnitTest>
    <UnitTest name="Localization_Has_String_For_Title" storage="c:\users\ericcarlson\documents\github\pickles\src\pickles.documentationbuilders.markdown.unittests\bin\debug\net6.0\picklesdoc.pickles.documentationbuilders.markdown.unittests.dll" id="0c3d7bf3-c8d9-3999-b9c6-3e425af24857">
      <Execution id="b5d82f35-b0c7-4cd0-87df-26efb89e7a31" />
      <TestMethod codeBase="C:\Users\ericcarlson\Documents\GitHub\pickles\src\Pickles.DocumentationBuilders.Markdown.UnitTests\bin\Debug\net6.0\PicklesDoc.Pickles.DocumentationBuilders.Markdown.UnitTests.dll" adapterTypeName="executor://nunit3testexecutor/" className="PicklesDoc.Pickles.DocumentationBuilders.Markdown.UnitTests.Localization_Tests" name="Localization_Has_String_For_Title" />
    </UnitTest>
    <UnitTest name="Localization_Has_String_For_GenerationDateTime" storage="c:\users\ericcarlson\documents\github\pickles\src\pickles.documentationbuilders.markdown.unittests\bin\debug\net6.0\picklesdoc.pickles.documentationbuilders.markdown.unittests.dll" id="72b92267-d82f-070d-84d0-a4aae3f63aa3">
      <Execution id="ffdfb087-ab1d-47ee-bf8f-e8751ed0ba84" />
      <TestMethod codeBase="C:\Users\ericcarlson\Documents\GitHub\pickles\src\Pickles.DocumentationBuilders.Markdown.UnitTests\bin\Debug\net6.0\PicklesDoc.Pickles.DocumentationBuilders.Markdown.UnitTests.dll" adapterTypeName="executor://nunit3testexecutor/" className="PicklesDoc.Pickles.DocumentationBuilders.Markdown.UnitTests.Localization_Tests" name="Localization_Has_String_For_GenerationDateTime" />
    </UnitTest>
    <UnitTest name="A_Stylist_Can_Style_A_Background_Heading" storage="c:\users\ericcarlson\documents\github\pickles\src\pickles.documentationbuilders.markdown.unittests\bin\debug\net6.0\picklesdoc.pickles.documentationbuilders.markdown.unittests.dll" id="af1cf20b-f98b-777e-b863-284fbdd4fe3d">
      <Execution id="9d6c4b54-1986-436b-b8c4-124acebcaa18" />
      <TestMethod codeBase="C:\Users\ericcarlson\Documents\GitHub\pickles\src\Pickles.DocumentationBuilders.Markdown.UnitTests\bin\Debug\net6.0\PicklesDoc.Pickles.DocumentationBuilders.Markdown.UnitTests.dll" adapterTypeName="executor://nunit3testexecutor/" className="PicklesDoc.Pickles.DocumentationBuilders.Markdown.UnitTests.Stylist_Tests" name="A_Stylist_Can_Style_A_Background_Heading" />
    </UnitTest>
    <UnitTest name="A_Stylist_Can_Style_A_StepLine" storage="c:\users\ericcarlson\documents\github\pickles\src\pickles.documentationbuilders.markdown.unittests\bin\debug\net6.0\picklesdoc.pickles.documentationbuilders.markdown.unittests.dll" id="f6390755-b75b-1311-f0e2-639cacf50291">
      <Execution id="dfe670f3-5d0e-4170-8d36-1f04b9c28103" />
      <TestMethod codeBase="C:\Users\ericcarlson\Documents\GitHub\pickles\src\Pickles.DocumentationBuilders.Markdown.UnitTests\bin\Debug\net6.0\PicklesDoc.Pickles.DocumentationBuilders.Markdown.UnitTests.dll" adapterTypeName="executor://nunit3testexecutor/" className="PicklesDoc.Pickles.DocumentationBuilders.Markdown.UnitTests.Stylist_Tests" name="A_Stylist_Can_Style_A_StepLine" />
    </UnitTest>
    <UnitTest name="When_Feature_Tags_Available_They_Are_Placed_On_Single_Line_Before_Heading" storage="c:\users\ericcarlson\documents\github\pickles\src\pickles.documentationbuilders.markdown.unittests\bin\debug\net6.0\picklesdoc.pickles.documentationbuilders.markdown.unittests.dll" id="a5c6e477-b34d-8cbd-e1f1-2c39ba8db21d">
      <Execution id="237e2932-af5b-496d-946d-0caa15e1a051" />
      <TestMethod codeBase="C:\Users\ericcarlson\Documents\GitHub\pickles\src\Pickles.DocumentationBuilders.Markdown.UnitTests\bin\Debug\net6.0\PicklesDoc.Pickles.DocumentationBuilders.Markdown.UnitTests.dll" adapterTypeName="executor://nunit3testexecutor/" className="PicklesDoc.Pickles.DocumentationBuilders.Markdown.UnitTests.FeatureBlock_Tests" name="When_Feature_Tags_Available_They_Are_Placed_On_Single_Line_Before_Heading" />
    </UnitTest>
    <UnitTest name="A_Stylist_Can_Style_A_Tag" storage="c:\users\ericcarlson\documents\github\pickles\src\pickles.documentationbuilders.markdown.unittests\bin\debug\net6.0\picklesdoc.pickles.documentationbuilders.markdown.unittests.dll" id="e9c111f1-6ad0-4ab8-210c-997ef200a119">
      <Execution id="61eef840-e034-4340-9f49-1f88cf42dee2" />
      <TestMethod codeBase="C:\Users\ericcarlson\Documents\GitHub\pickles\src\Pickles.DocumentationBuilders.Markdown.UnitTests\bin\Debug\net6.0\PicklesDoc.Pickles.DocumentationBuilders.Markdown.UnitTests.dll" adapterTypeName="executor://nunit3testexecutor/" className="PicklesDoc.Pickles.DocumentationBuilders.Markdown.UnitTests.Stylist_Tests" name="A_Stylist_Can_Style_A_Tag" />
    </UnitTest>
    <UnitTest name="When_I_Build_Documentation_Icon_Files_Are_Created" storage="c:\users\ericcarlson\documents\github\pickles\src\pickles.documentationbuilders.markdown.unittests\bin\debug\net6.0\picklesdoc.pickles.documentationbuilders.markdown.unittests.dll" id="1c45ea74-d176-4223-5c68-d75bf93dcd7b">
      <Execution id="0cede433-0fb6-4c8e-93e4-62cc6d1af806" />
      <TestMethod codeBase="C:\Users\ericcarlson\Documents\GitHub\pickles\src\Pickles.DocumentationBuilders.Markdown.UnitTests\bin\Debug\net6.0\PicklesDoc.Pickles.DocumentationBuilders.Markdown.UnitTests.dll" adapterTypeName="executor://nunit3testexecutor/" className="PicklesDoc.Pickles.DocumentationBuilders.Markdown.UnitTests.MarkdownDocumentationBuilder_Tests" name="When_I_Build_Documentation_Icon_Files_Are_Created" />
    </UnitTest>
    <UnitTest name="A_Stylist_Can_Style_A_Table_Result_Heading" storage="c:\users\ericcarlson\documents\github\pickles\src\pickles.documentationbuilders.markdown.unittests\bin\debug\net6.0\picklesdoc.pickles.documentationbuilders.markdown.unittests.dll" id="89078dd5-dbe6-d29f-68ce-14d516c4a219">
      <Execution id="6422ae43-cfb7-4617-b5cf-1cde1943adc4" />
      <TestMethod codeBase="C:\Users\ericcarlson\Documents\GitHub\pickles\src\Pickles.DocumentationBuilders.Markdown.UnitTests\bin\Debug\net6.0\PicklesDoc.Pickles.DocumentationBuilders.Markdown.UnitTests.dll" adapterTypeName="executor://nunit3testexecutor/" className="PicklesDoc.Pickles.DocumentationBuilders.Markdown.UnitTests.Stylist_Tests" name="A_Stylist_Can_Style_A_Table_Result_Heading" />
    </UnitTest>
    <UnitTest name="New_Documentation_Produces_Default_Single_Page" storage="c:\users\ericcarlson\documents\github\pickles\src\pickles.documentationbuilders.markdown.unittests\bin\debug\net6.0\picklesdoc.pickles.documentationbuilders.markdown.unittests.dll" id="06d5cdf3-faa5-12cf-4029-56953a4c81e7">
      <Execution id="18da71b8-a0f7-4b95-ae70-a622f8850c9e" />
      <TestMethod codeBase="C:\Users\ericcarlson\Documents\GitHub\pickles\src\Pickles.DocumentationBuilders.Markdown.UnitTests\bin\Debug\net6.0\PicklesDoc.Pickles.DocumentationBuilders.Markdown.UnitTests.dll" adapterTypeName="executor://nunit3testexecutor/" className="PicklesDoc.Pickles.DocumentationBuilders.Markdown.UnitTests.Documentation_Tests" name="New_Documentation_Produces_Default_Single_Page" />
    </UnitTest>
    <UnitTest name="A_Stylist_Can_Style_A_Step_With_Angle_Brakets" storage="c:\users\ericcarlson\documents\github\pickles\src\pickles.documentationbuilders.markdown.unittests\bin\debug\net6.0\picklesdoc.pickles.documentationbuilders.markdown.unittests.dll" id="c4d3054f-f69e-28a7-32ea-27cca40ff6c7">
      <Execution id="75728725-9883-4fbb-8fde-af050bab1dbf" />
      <TestMethod codeBase="C:\Users\ericcarlson\Documents\GitHub\pickles\src\Pickles.DocumentationBuilders.Markdown.UnitTests\bin\Debug\net6.0\PicklesDoc.Pickles.DocumentationBuilders.Markdown.UnitTests.dll" adapterTypeName="executor://nunit3testexecutor/" className="PicklesDoc.Pickles.DocumentationBuilders.Markdown.UnitTests.Stylist_Tests" name="A_Stylist_Can_Style_A_Step_With_Angle_Brakets" />
    </UnitTest>
    <UnitTest name="When_Mutiple_Scenarios_Are_Available_They_Are_Included_After_Heading" storage="c:\users\ericcarlson\documents\github\pickles\src\pickles.documentationbuilders.markdown.unittests\bin\debug\net6.0\picklesdoc.pickles.documentationbuilders.markdown.unittests.dll" id="33258916-b4e4-0851-5a91-8fe4143d3fb3">
      <Execution id="d2fce315-4625-46e5-b652-5e0156efe259" />
      <TestMethod codeBase="C:\Users\ericcarlson\Documents\GitHub\pickles\src\Pickles.DocumentationBuilders.Markdown.UnitTests\bin\Debug\net6.0\PicklesDoc.Pickles.DocumentationBuilders.Markdown.UnitTests.dll" adapterTypeName="executor://nunit3testexecutor/" className="PicklesDoc.Pickles.DocumentationBuilders.Markdown.UnitTests.FeatureBlock_Tests" name="When_Mutiple_Scenarios_Are_Available_They_Are_Included_After_Heading" />
    </UnitTest>
    <UnitTest name="A_Stylist_Can_Style_A_Scenario_Heading" storage="c:\users\ericcarlson\documents\github\pickles\src\pickles.documentationbuilders.markdown.unittests\bin\debug\net6.0\picklesdoc.pickles.documentationbuilders.markdown.unittests.dll" id="36b01c4e-c867-a891-2fa1-97ad8d589431">
      <Execution id="8ee5ecec-c21c-47d3-bd0b-413a8e030f91" />
      <TestMethod codeBase="C:\Users\ericcarlson\Documents\GitHub\pickles\src\Pickles.DocumentationBuilders.Markdown.UnitTests\bin\Debug\net6.0\PicklesDoc.Pickles.DocumentationBuilders.Markdown.UnitTests.dll" adapterTypeName="executor://nunit3testexecutor/" className="PicklesDoc.Pickles.DocumentationBuilders.Markdown.UnitTests.Stylist_Tests" name="A_Stylist_Can_Style_A_Scenario_Heading" />
    </UnitTest>
    <UnitTest name="When_A_Scenario_Step_Has_A_Result__The_Result_Is_Included" storage="c:\users\ericcarlson\documents\github\pickles\src\pickles.documentationbuilders.markdown.unittests\bin\debug\net6.0\picklesdoc.pickles.documentationbuilders.markdown.unittests.dll" id="4ddc7a2b-873e-5268-25fb-47a5f8786352">
      <Execution id="387041ce-b843-4d5a-a11e-36ef865ba6c9" />
      <TestMethod codeBase="C:\Users\ericcarlson\Documents\GitHub\pickles\src\Pickles.DocumentationBuilders.Markdown.UnitTests\bin\Debug\net6.0\PicklesDoc.Pickles.DocumentationBuilders.Markdown.UnitTests.dll" adapterTypeName="executor://nunit3testexecutor/" className="PicklesDoc.Pickles.DocumentationBuilders.Markdown.UnitTests.ScenarioBlock_Tests" name="When_A_Scenario_Step_Has_A_Result__The_Result_Is_Included" />
    </UnitTest>
    <UnitTest name="A_Step_Table_Is_Formatted" storage="c:\users\ericcarlson\documents\github\pickles\src\pickles.documentationbuilders.markdown.unittests\bin\debug\net6.0\picklesdoc.pickles.documentationbuilders.markdown.unittests.dll" id="69f335ed-55f7-e738-817f-095a67fa17c4">
      <Execution id="d7c07b7b-f117-471f-870f-0a9b67884f17" />
      <TestMethod codeBase="C:\Users\ericcarlson\Documents\GitHub\pickles\src\Pickles.DocumentationBuilders.Markdown.UnitTests\bin\Debug\net6.0\PicklesDoc.Pickles.DocumentationBuilders.Markdown.UnitTests.dll" adapterTypeName="executor://nunit3testexecutor/" className="PicklesDoc.Pickles.DocumentationBuilders.Markdown.UnitTests.StepBlock_Tests" name="A_Step_Table_Is_Formatted" />
    </UnitTest>
    <UnitTest name="With_A_Simple_Feature_The_Output_Has_Default_Content" storage="c:\users\ericcarlson\documents\github\pickles\src\pickles.documentationbuilders.markdown.unittests\bin\debug\net6.0\picklesdoc.pickles.documentationbuilders.markdown.unittests.dll" id="375a6997-a0a8-9897-2bc4-051254737b59">
      <Execution id="133bbdac-37de-4f95-ae95-ba484e871573" />
      <TestMethod codeBase="C:\Users\ericcarlson\Documents\GitHub\pickles\src\Pickles.DocumentationBuilders.Markdown.UnitTests\bin\Debug\net6.0\PicklesDoc.Pickles.DocumentationBuilders.Markdown.UnitTests.dll" adapterTypeName="executor://nunit3testexecutor/" className="PicklesDoc.Pickles.DocumentationBuilders.Markdown.UnitTests.MarkdownDocumentationBuilder_Tests" name="With_A_Simple_Feature_The_Output_Has_Default_Content" />
    </UnitTest>
    <UnitTest name="Examples_Are_Included_As_Table" storage="c:\users\ericcarlson\documents\github\pickles\src\pickles.documentationbuilders.markdown.unittests\bin\debug\net6.0\picklesdoc.pickles.documentationbuilders.markdown.unittests.dll" id="b9082ac3-c344-775f-2ed2-5cef39b3a84e">
      <Execution id="9f3a519d-073a-4940-a2ec-5fa883bd3c29" />
      <TestMethod codeBase="C:\Users\ericcarlson\Documents\GitHub\pickles\src\Pickles.DocumentationBuilders.Markdown.UnitTests\bin\Debug\net6.0\PicklesDoc.Pickles.DocumentationBuilders.Markdown.UnitTests.dll" adapterTypeName="executor://nunit3testexecutor/" className="PicklesDoc.Pickles.DocumentationBuilders.Markdown.UnitTests.ScenarioBlock_Tests" name="Examples_Are_Included_As_Table" />
    </UnitTest>
    <UnitTest name="When_I_Build_Documentation_A_File_Is_Created" storage="c:\users\ericcarlson\documents\github\pickles\src\pickles.documentationbuilders.markdown.unittests\bin\debug\net6.0\picklesdoc.pickles.documentationbuilders.markdown.unittests.dll" id="0c96c7d8-9cb1-3161-df45-936c044c8a90">
      <Execution id="9fe5c596-2784-4be0-8efe-dd398bcdff89" />
      <TestMethod codeBase="C:\Users\ericcarlson\Documents\GitHub\pickles\src\Pickles.DocumentationBuilders.Markdown.UnitTests\bin\Debug\net6.0\PicklesDoc.Pickles.DocumentationBuilders.Markdown.UnitTests.dll" adapterTypeName="executor://nunit3testexecutor/" className="PicklesDoc.Pickles.DocumentationBuilders.Markdown.UnitTests.MarkdownDocumentationBuilder_Tests" name="When_I_Build_Documentation_A_File_Is_Created" />
    </UnitTest>
    <UnitTest name="When_Scenario_Is_Available_It_Is_Included_After_Heading" storage="c:\users\ericcarlson\documents\github\pickles\src\pickles.documentationbuilders.markdown.unittests\bin\debug\net6.0\picklesdoc.pickles.documentationbuilders.markdown.unittests.dll" id="2be587f2-52cc-ecb6-a175-06d50e5ae2e7">
      <Execution id="981550c0-3164-4edf-8e9d-e9f0dd59033d" />
      <TestMethod codeBase="C:\Users\ericcarlson\Documents\GitHub\pickles\src\Pickles.DocumentationBuilders.Markdown.UnitTests\bin\Debug\net6.0\PicklesDoc.Pickles.DocumentationBuilders.Markdown.UnitTests.dll" adapterTypeName="executor://nunit3testexecutor/" className="PicklesDoc.Pickles.DocumentationBuilders.Markdown.UnitTests.FeatureBlock_Tests" name="When_Scenario_Is_Available_It_Is_Included_After_Heading" />
    </UnitTest>
    <UnitTest name="When_A_Background_Is_Present_Its_Included_In_Markdown_Output" storage="c:\users\ericcarlson\documents\github\pickles\src\pickles.documentationbuilders.markdown.unittests\bin\debug\net6.0\picklesdoc.pickles.documentationbuilders.markdown.unittests.dll" id="aa7d19ca-6be0-4851-e641-556ba8ce4420">
      <Execution id="5c0ac2e2-8094-4d74-8709-90fcf5f704d0" />
      <TestMethod codeBase="C:\Users\ericcarlson\Documents\GitHub\pickles\src\Pickles.DocumentationBuilders.Markdown.UnitTests\bin\Debug\net6.0\PicklesDoc.Pickles.DocumentationBuilders.Markdown.UnitTests.dll" adapterTypeName="executor://nunit3testexecutor/" className="PicklesDoc.Pickles.DocumentationBuilders.Markdown.UnitTests.FeatureBlock_Tests" name="When_A_Background_Is_Present_Its_Included_In_Markdown_Output" />
    </UnitTest>
    <UnitTest name="A_New_TitleBlock_Has_Title_Line" storage="c:\users\ericcarlson\documents\github\pickles\src\pickles.documentationbuilders.markdown.unittests\bin\debug\net6.0\picklesdoc.pickles.documentationbuilders.markdown.unittests.dll" id="c658766d-c5fb-3258-29b2-0a94adc9a21c">
      <Execution id="783a2f7a-145e-40ae-a438-52449f131e24" />
      <TestMethod codeBase="C:\Users\ericcarlson\Documents\GitHub\pickles\src\Pickles.DocumentationBuilders.Markdown.UnitTests\bin\Debug\net6.0\PicklesDoc.Pickles.DocumentationBuilders.Markdown.UnitTests.dll" adapterTypeName="executor://nunit3testexecutor/" className="PicklesDoc.Pickles.DocumentationBuilders.Markdown.UnitTests.TitleBlock_Tests" name="A_New_TitleBlock_Has_Title_Line" />
    </UnitTest>
    <UnitTest name="New_MarkdownDocumentationBuilder_Is_An_Implementation_Of_IDocumentationBuilder" storage="c:\users\ericcarlson\documents\github\pickles\src\pickles.documentationbuilders.markdown.unittests\bin\debug\net6.0\picklesdoc.pickles.documentationbuilders.markdown.unittests.dll" id="0dfe1c29-0f1e-edfc-3817-67b7033c14c1">
      <Execution id="2051f01b-4bbc-439a-8200-66611f710b6d" />
      <TestMethod codeBase="C:\Users\ericcarlson\Documents\GitHub\pickles\src\Pickles.DocumentationBuilders.Markdown.UnitTests\bin\Debug\net6.0\PicklesDoc.Pickles.DocumentationBuilders.Markdown.UnitTests.dll" adapterTypeName="executor://nunit3testexecutor/" className="PicklesDoc.Pickles.DocumentationBuilders.Markdown.UnitTests.MarkdownDocumentationBuilder_Tests" name="New_MarkdownDocumentationBuilder_Is_An_Implementation_Of_IDocumentationBuilder" />
    </UnitTest>
    <UnitTest name="Adding_A_Line_Increases_Count" storage="c:\users\ericcarlson\documents\github\pickles\src\pickles.documentationbuilders.markdown.unittests\bin\debug\net6.0\picklesdoc.pickles.documentationbuilders.markdown.unittests.dll" id="58c8736d-b187-f051-93fa-0f90a342760e">
      <Execution id="57ae7992-ec97-48af-b584-d9e693298b68" />
      <TestMethod codeBase="C:\Users\ericcarlson\Documents\GitHub\pickles\src\Pickles.DocumentationBuilders.Markdown.UnitTests\bin\Debug\net6.0\PicklesDoc.Pickles.DocumentationBuilders.Markdown.UnitTests.dll" adapterTypeName="executor://nunit3testexecutor/" className="PicklesDoc.Pickles.DocumentationBuilders.Markdown.UnitTests.Lines_Tests" name="Adding_A_Line_Increases_Count" />
    </UnitTest>
    <UnitTest name="A_Stylist_Can_Style_A_Title" storage="c:\users\ericcarlson\documents\github\pickles\src\pickles.documentationbuilders.markdown.unittests\bin\debug\net6.0\picklesdoc.pickles.documentationbuilders.markdown.unittests.dll" id="7e57b20e-af1e-50f7-b450-cb9820ac386c">
      <Execution id="affeddea-d9d6-4150-bcec-b213c1179ab7" />
      <TestMethod codeBase="C:\Users\ericcarlson\Documents\GitHub\pickles\src\Pickles.DocumentationBuilders.Markdown.UnitTests\bin\Debug\net6.0\PicklesDoc.Pickles.DocumentationBuilders.Markdown.UnitTests.dll" adapterTypeName="executor://nunit3testexecutor/" className="PicklesDoc.Pickles.DocumentationBuilders.Markdown.UnitTests.Stylist_Tests" name="A_Stylist_Can_Style_A_Title" />
    </UnitTest>
    <UnitTest name="A_New_FeatureBlock_Has_Feature_Heading_On_First_Line" storage="c:\users\ericcarlson\documents\github\pickles\src\pickles.documentationbuilders.markdown.unittests\bin\debug\net6.0\picklesdoc.pickles.documentationbuilders.markdown.unittests.dll" id="e818896b-58a9-0f53-a62b-13637c17dc39">
      <Execution id="427915e2-5ac1-4911-a989-c95b38c54cb8" />
      <TestMethod codeBase="C:\Users\ericcarlson\Documents\GitHub\pickles\src\Pickles.DocumentationBuilders.Markdown.UnitTests\bin\Debug\net6.0\PicklesDoc.Pickles.DocumentationBuilders.Markdown.UnitTests.dll" adapterTypeName="executor://nunit3testexecutor/" className="PicklesDoc.Pickles.DocumentationBuilders.Markdown.UnitTests.FeatureBlock_Tests" name="A_New_FeatureBlock_Has_Feature_Heading_On_First_Line" />
    </UnitTest>
    <UnitTest name="A_Stylist_Can_Style_A_Background_Heading_Without_A_Name" storage="c:\users\ericcarlson\documents\github\pickles\src\pickles.documentationbuilders.markdown.unittests\bin\debug\net6.0\picklesdoc.pickles.documentationbuilders.markdown.unittests.dll" id="3978d76f-896f-700f-9f11-9d7049610568">
      <Execution id="b691263a-d313-4c6f-aace-b88e23e2f63d" />
      <TestMethod codeBase="C:\Users\ericcarlson\Documents\GitHub\pickles\src\Pickles.DocumentationBuilders.Markdown.UnitTests\bin\Debug\net6.0\PicklesDoc.Pickles.DocumentationBuilders.Markdown.UnitTests.dll" adapterTypeName="executor://nunit3testexecutor/" className="PicklesDoc.Pickles.DocumentationBuilders.Markdown.UnitTests.Stylist_Tests" name="A_Stylist_Can_Style_A_Background_Heading_Without_A_Name" />
    </UnitTest>
    <UnitTest name="A_New_ScenarioBlock_Has_Scenario_Heading_On_First_Line" storage="c:\users\ericcarlson\documents\github\pickles\src\pickles.documentationbuilders.markdown.unittests\bin\debug\net6.0\picklesdoc.pickles.documentationbuilders.markdown.unittests.dll" id="7c0a4706-a36f-c154-2389-7d6506524c02">
      <Execution id="7732fd83-2a34-45c2-a066-589f58814d5a" />
      <TestMethod codeBase="C:\Users\ericcarlson\Documents\GitHub\pickles\src\Pickles.DocumentationBuilders.Markdown.UnitTests\bin\Debug\net6.0\PicklesDoc.Pickles.DocumentationBuilders.Markdown.UnitTests.dll" adapterTypeName="executor://nunit3testexecutor/" className="PicklesDoc.Pickles.DocumentationBuilders.Markdown.UnitTests.ScenarioBlock_Tests" name="A_New_ScenarioBlock_Has_Scenario_Heading_On_First_Line" />
    </UnitTest>
    <UnitTest name="New_Documentation_With_Feature_Produces_Single_Page" storage="c:\users\ericcarlson\documents\github\pickles\src\pickles.documentationbuilders.markdown.unittests\bin\debug\net6.0\picklesdoc.pickles.documentationbuilders.markdown.unittests.dll" id="85251763-7039-42ec-11eb-8bd634e77dcb">
      <Execution id="c875b8f8-9eaa-410e-8cc1-35f68152a27f" />
      <TestMethod codeBase="C:\Users\ericcarlson\Documents\GitHub\pickles\src\Pickles.DocumentationBuilders.Markdown.UnitTests\bin\Debug\net6.0\PicklesDoc.Pickles.DocumentationBuilders.Markdown.UnitTests.dll" adapterTypeName="executor://nunit3testexecutor/" className="PicklesDoc.Pickles.DocumentationBuilders.Markdown.UnitTests.Documentation_Tests" name="New_Documentation_With_Feature_Produces_Single_Page" />
    </UnitTest>
    <UnitTest name="A_Stylist_Can_Style_A_Result" storage="c:\users\ericcarlson\documents\github\pickles\src\pickles.documentationbuilders.markdown.unittests\bin\debug\net6.0\picklesdoc.pickles.documentationbuilders.markdown.unittests.dll" id="d5bc32eb-f399-e3d6-72f2-d124bea1ff9f">
      <Execution id="e8872bf1-1840-4afc-9dca-ad7408b9c632" />
      <TestMethod codeBase="C:\Users\ericcarlson\Documents\GitHub\pickles\src\Pickles.DocumentationBuilders.Markdown.UnitTests\bin\Debug\net6.0\PicklesDoc.Pickles.DocumentationBuilders.Markdown.UnitTests.dll" adapterTypeName="executor://nunit3testexecutor/" className="PicklesDoc.Pickles.DocumentationBuilders.Markdown.UnitTests.Stylist_Tests" name="A_Stylist_Can_Style_A_Result" />
    </UnitTest>
    <UnitTest name="An_Empty_Lines_Object_Has_No_Lines" storage="c:\users\ericcarlson\documents\github\pickles\src\pickles.documentationbuilders.markdown.unittests\bin\debug\net6.0\picklesdoc.pickles.documentationbuilders.markdown.unittests.dll" id="9004e8cb-7f80-03e1-c097-8d93237f7563">
      <Execution id="aa5c7d40-2101-4c03-ae5b-1a43b25be36a" />
      <TestMethod codeBase="C:\Users\ericcarlson\Documents\GitHub\pickles\src\Pickles.DocumentationBuilders.Markdown.UnitTests\bin\Debug\net6.0\PicklesDoc.Pickles.DocumentationBuilders.Markdown.UnitTests.dll" adapterTypeName="executor://nunit3testexecutor/" className="PicklesDoc.Pickles.DocumentationBuilders.Markdown.UnitTests.Lines_Tests" name="An_Empty_Lines_Object_Has_No_Lines" />
    </UnitTest>
    <UnitTest name="Converting_Lines_Object_To_String_Returns_All_Lines_With_NewLine_Seperator" storage="c:\users\ericcarlson\documents\github\pickles\src\pickles.documentationbuilders.markdown.unittests\bin\debug\net6.0\picklesdoc.pickles.documentationbuilders.markdown.unittests.dll" id="f3c22ca4-1f1a-514e-fe27-7cf83db7d8e3">
      <Execution id="844cb791-eb36-4be6-81c8-9ab494650ddd" />
      <TestMethod codeBase="C:\Users\ericcarlson\Documents\GitHub\pickles\src\Pickles.DocumentationBuilders.Markdown.UnitTests\bin\Debug\net6.0\PicklesDoc.Pickles.DocumentationBuilders.Markdown.UnitTests.dll" adapterTypeName="executor://nunit3testexecutor/" className="PicklesDoc.Pickles.DocumentationBuilders.Markdown.UnitTests.Lines_Tests" name="Converting_Lines_Object_To_String_Returns_All_Lines_With_NewLine_Seperator" />
    </UnitTest>
    <UnitTest name="ToString_Returns_Blocks_Markdown_Content" storage="c:\users\ericcarlson\documents\github\pickles\src\pickles.documentationbuilders.markdown.unittests\bin\debug\net6.0\picklesdoc.pickles.documentationbuilders.markdown.unittests.dll" id="00406124-e5b3-afc5-cb68-1b5f68830cc7">
      <Execution id="70f06f35-64f4-44aa-8598-93c50780d9ed" />
      <TestMethod codeBase="C:\Users\ericcarlson\Documents\GitHub\pickles\src\Pickles.DocumentationBuilders.Markdown.UnitTests\bin\Debug\net6.0\PicklesDoc.Pickles.DocumentationBuilders.Markdown.UnitTests.dll" adapterTypeName="executor://nunit3testexecutor/" className="PicklesDoc.Pickles.DocumentationBuilders.Markdown.UnitTests.Blocks_Tests.Block_Tests" name="ToString_Returns_Blocks_Markdown_Content" />
    </UnitTest>
    <UnitTest name="A_New_BackgroundBlock_Has_Background_Heading_On_First_Line" storage="c:\users\ericcarlson\documents\github\pickles\src\pickles.documentationbuilders.markdown.unittests\bin\debug\net6.0\picklesdoc.pickles.documentationbuilders.markdown.unittests.dll" id="0c360c57-a6c3-40a3-5ea6-00aa7076731a">
      <Execution id="52e2085a-3a7c-44a8-b64a-8f777c381b64" />
      <TestMethod codeBase="C:\Users\ericcarlson\Documents\GitHub\pickles\src\Pickles.DocumentationBuilders.Markdown.UnitTests\bin\Debug\net6.0\PicklesDoc.Pickles.DocumentationBuilders.Markdown.UnitTests.dll" adapterTypeName="executor://nunit3testexecutor/" className="PicklesDoc.Pickles.DocumentationBuilders.Markdown.UnitTests.BackgroundBlock_Tests" name="A_New_BackgroundBlock_Has_Background_Heading_On_First_Line" />
    </UnitTest>
    <UnitTest name="With_A_Null_Tree_The_Output_Has_Default_Content" storage="c:\users\ericcarlson\documents\github\pickles\src\pickles.documentationbuilders.markdown.unittests\bin\debug\net6.0\picklesdoc.pickles.documentationbuilders.markdown.unittests.dll" id="0b21c1a4-8f07-6205-9441-85483a8df440">
      <Execution id="c649423e-6fbc-44b4-8000-d41480d0518e" />
      <TestMethod codeBase="C:\Users\ericcarlson\Documents\GitHub\pickles\src\Pickles.DocumentationBuilders.Markdown.UnitTests\bin\Debug\net6.0\PicklesDoc.Pickles.DocumentationBuilders.Markdown.UnitTests.dll" adapterTypeName="executor://nunit3testexecutor/" className="PicklesDoc.Pickles.DocumentationBuilders.Markdown.UnitTests.MarkdownDocumentationBuilder_Tests" name="With_A_Null_Tree_The_Output_Has_Default_Content" />
    </UnitTest>
    <UnitTest name="A_Stylist_Can_Style_A_ScenarioOutline_Heading" storage="c:\users\ericcarlson\documents\github\pickles\src\pickles.documentationbuilders.markdown.unittests\bin\debug\net6.0\picklesdoc.pickles.documentationbuilders.markdown.unittests.dll" id="1162db81-968d-46e8-bc96-b388ff5ae09e">
      <Execution id="f03305f4-a95f-43c8-b7b5-c47622bc80e3" />
      <TestMethod codeBase="C:\Users\ericcarlson\Documents\GitHub\pickles\src\Pickles.DocumentationBuilders.Markdown.UnitTests\bin\Debug\net6.0\PicklesDoc.Pickles.DocumentationBuilders.Markdown.UnitTests.dll" adapterTypeName="executor://nunit3testexecutor/" className="PicklesDoc.Pickles.DocumentationBuilders.Markdown.UnitTests.Stylist_Tests" name="A_Stylist_Can_Style_A_ScenarioOutline_Heading" />
    </UnitTest>
    <UnitTest name="A_Stylist_Can_Style_A_Feature_Heading" storage="c:\users\ericcarlson\documents\github\pickles\src\pickles.documentationbuilders.markdown.unittests\bin\debug\net6.0\picklesdoc.pickles.documentationbuilders.markdown.unittests.dll" id="62b1c57a-1be9-64d3-3e69-6dfddc32e1ae">
      <Execution id="12b51e24-f32a-48a7-9e25-560a855d0241" />
      <TestMethod codeBase="C:\Users\ericcarlson\Documents\GitHub\pickles\src\Pickles.DocumentationBuilders.Markdown.UnitTests\bin\Debug\net6.0\PicklesDoc.Pickles.DocumentationBuilders.Markdown.UnitTests.dll" adapterTypeName="executor://nunit3testexecutor/" className="PicklesDoc.Pickles.DocumentationBuilders.Markdown.UnitTests.Stylist_Tests" name="A_Stylist_Can_Style_A_Feature_Heading" />
    </UnitTest>
    <UnitTest name="The_Step_Is_Formatted" storage="c:\users\ericcarlson\documents\github\pickles\src\pickles.documentationbuilders.markdown.unittests\bin\debug\net6.0\picklesdoc.pickles.documentationbuilders.markdown.unittests.dll" id="57425b88-59a5-ccd8-a4c4-1db736b8b082">
      <Execution id="02eee33e-c474-48ae-8193-71a7ab586d5d" />
      <TestMethod codeBase="C:\Users\ericcarlson\Documents\GitHub\pickles\src\Pickles.DocumentationBuilders.Markdown.UnitTests\bin\Debug\net6.0\PicklesDoc.Pickles.DocumentationBuilders.Markdown.UnitTests.dll" adapterTypeName="executor://nunit3testexecutor/" className="PicklesDoc.Pickles.DocumentationBuilders.Markdown.UnitTests.StepBlock_Tests" name="The_Step_Is_Formatted" />
    </UnitTest>
    <UnitTest name="A_Stylist_Can_Style_An_Example_Heading_Without_A_Name" storage="c:\users\ericcarlson\documents\github\pickles\src\pickles.documentationbuilders.markdown.unittests\bin\debug\net6.0\picklesdoc.pickles.documentationbuilders.markdown.unittests.dll" id="2868b6b7-f6c9-00fa-1a4e-9783c5b6bc0a">
      <Execution id="cd2b390a-b4e9-4dd1-95a4-b148139c9ddb" />
      <TestMethod codeBase="C:\Users\ericcarlson\Documents\GitHub\pickles\src\Pickles.DocumentationBuilders.Markdown.UnitTests\bin\Debug\net6.0\PicklesDoc.Pickles.DocumentationBuilders.Markdown.UnitTests.dll" adapterTypeName="executor://nunit3testexecutor/" className="PicklesDoc.Pickles.DocumentationBuilders.Markdown.UnitTests.Stylist_Tests" name="A_Stylist_Can_Style_An_Example_Heading_Without_A_Name" />
    </UnitTest>
    <UnitTest name="When_Scenario_Tags_Available_They_Are_Placed_On_Single_Line_Before_Heading" storage="c:\users\ericcarlson\documents\github\pickles\src\pickles.documentationbuilders.markdown.unittests\bin\debug\net6.0\picklesdoc.pickles.documentationbuilders.markdown.unittests.dll" id="ee522eac-0e44-5daa-2d2b-320a63db01a7">
      <Execution id="f9430049-4743-4eaa-963b-dff388aa3933" />
      <TestMethod codeBase="C:\Users\ericcarlson\Documents\GitHub\pickles\src\Pickles.DocumentationBuilders.Markdown.UnitTests\bin\Debug\net6.0\PicklesDoc.Pickles.DocumentationBuilders.Markdown.UnitTests.dll" adapterTypeName="executor://nunit3testexecutor/" className="PicklesDoc.Pickles.DocumentationBuilders.Markdown.UnitTests.ScenarioBlock_Tests" name="When_Scenario_Tags_Available_They_Are_Placed_On_Single_Line_Before_Heading" />
    </UnitTest>
    <UnitTest name="When_Feature_Description_Available_It_Is_Placed_Below_Feature_Heading" storage="c:\users\ericcarlson\documents\github\pickles\src\pickles.documentationbuilders.markdown.unittests\bin\debug\net6.0\picklesdoc.pickles.documentationbuilders.markdown.unittests.dll" id="6e8c8342-42b3-d728-2ad9-a240cd973e0d">
      <Execution id="b68a142b-eaf5-4001-9b35-3439621d8d7c" />
      <TestMethod codeBase="C:\Users\ericcarlson\Documents\GitHub\pickles\src\Pickles.DocumentationBuilders.Markdown.UnitTests\bin\Debug\net6.0\PicklesDoc.Pickles.DocumentationBuilders.Markdown.UnitTests.dll" adapterTypeName="executor://nunit3testexecutor/" className="PicklesDoc.Pickles.DocumentationBuilders.Markdown.UnitTests.FeatureBlock_Tests" name="When_Feature_Description_Available_It_Is_Placed_Below_Feature_Heading" />
    </UnitTest>
    <UnitTest name="A_Stylist_Can_Style_A_Scenario_Heading_With_Result" storage="c:\users\ericcarlson\documents\github\pickles\src\pickles.documentationbuilders.markdown.unittests\bin\debug\net6.0\picklesdoc.pickles.documentationbuilders.markdown.unittests.dll" id="c4a96b56-67ee-ecaa-df28-8048dac51625">
      <Execution id="7136abcf-3623-4578-ac93-65cc33a2d734" />
      <TestMethod codeBase="C:\Users\ericcarlson\Documents\GitHub\pickles\src\Pickles.DocumentationBuilders.Markdown.UnitTests\bin\Debug\net6.0\PicklesDoc.Pickles.DocumentationBuilders.Markdown.UnitTests.dll" adapterTypeName="executor://nunit3testexecutor/" className="PicklesDoc.Pickles.DocumentationBuilders.Markdown.UnitTests.Stylist_Tests" name="A_Stylist_Can_Style_A_Scenario_Heading_With_Result" />
    </UnitTest>
    <UnitTest name="A_Table_Is_Formatted_With_Results" storage="c:\users\ericcarlson\documents\github\pickles\src\pickles.documentationbuilders.markdown.unittests\bin\debug\net6.0\picklesdoc.pickles.documentationbuilders.markdown.unittests.dll" id="1b8d323f-0439-a0d3-db80-2d1f6152336b">
      <Execution id="115abf97-8509-4fb5-88e1-38211d397286" />
      <TestMethod codeBase="C:\Users\ericcarlson\Documents\GitHub\pickles\src\Pickles.DocumentationBuilders.Markdown.UnitTests\bin\Debug\net6.0\PicklesDoc.Pickles.DocumentationBuilders.Markdown.UnitTests.dll" adapterTypeName="executor://nunit3testexecutor/" className="PicklesDoc.Pickles.DocumentationBuilders.Markdown.UnitTests.TableBlock_Tests" name="A_Table_Is_Formatted_With_Results" />
    </UnitTest>
    <UnitTest name="When_A_Scenario_Step_Is_Available_It_Has_Escape_Characters_For_Placeholder_Brackets" storage="c:\users\ericcarlson\documents\github\pickles\src\pickles.documentationbuilders.markdown.unittests\bin\debug\net6.0\picklesdoc.pickles.documentationbuilders.markdown.unittests.dll" id="66a6d93e-e5a0-9b6b-059b-4ca000c89164">
      <Execution id="b726126c-1051-4480-92ab-d089536de7e8" />
      <TestMethod codeBase="C:\Users\ericcarlson\Documents\GitHub\pickles\src\Pickles.DocumentationBuilders.Markdown.UnitTests\bin\Debug\net6.0\PicklesDoc.Pickles.DocumentationBuilders.Markdown.UnitTests.dll" adapterTypeName="executor://nunit3testexecutor/" className="PicklesDoc.Pickles.DocumentationBuilders.Markdown.UnitTests.ScenarioBlock_Tests" name="When_A_Scenario_Step_Is_Available_It_Has_Escape_Characters_For_Placeholder_Brackets" />
    </UnitTest>
    <UnitTest name="Lines_Returns_A_Collection_Of_All_Block_Lines" storage="c:\users\ericcarlson\documents\github\pickles\src\pickles.documentationbuilders.markdown.unittests\bin\debug\net6.0\picklesdoc.pickles.documentationbuilders.markdown.unittests.dll" id="dda46e0f-a121-b050-b857-b22ec5452c74">
      <Execution id="4bcec611-0902-4106-9042-d9c5eb877009" />
      <TestMethod codeBase="C:\Users\ericcarlson\Documents\GitHub\pickles\src\Pickles.DocumentationBuilders.Markdown.UnitTests\bin\Debug\net6.0\PicklesDoc.Pickles.DocumentationBuilders.Markdown.UnitTests.dll" adapterTypeName="executor://nunit3testexecutor/" className="PicklesDoc.Pickles.DocumentationBuilders.Markdown.UnitTests.Blocks_Tests.Block_Tests" name="Lines_Returns_A_Collection_Of_All_Block_Lines" />
    </UnitTest>
    <UnitTest name="A_Stylist_Can_Style_A_Step_Table" storage="c:\users\ericcarlson\documents\github\pickles\src\pickles.documentationbuilders.markdown.unittests\bin\debug\net6.0\picklesdoc.pickles.documentationbuilders.markdown.unittests.dll" id="d68f9102-0bcf-0245-35f2-d52fa462b6de">
      <Execution id="16cb76bb-f12f-4d6c-89a3-6f3836334bf2" />
      <TestMethod codeBase="C:\Users\ericcarlson\Documents\GitHub\pickles\src\Pickles.DocumentationBuilders.Markdown.UnitTests\bin\Debug\net6.0\PicklesDoc.Pickles.DocumentationBuilders.Markdown.UnitTests.dll" adapterTypeName="executor://nunit3testexecutor/" className="PicklesDoc.Pickles.DocumentationBuilders.Markdown.UnitTests.Stylist_Tests" name="A_Stylist_Can_Style_A_Step_Table" />
    </UnitTest>
    <UnitTest name="Adding_A_Lines_Object_Together_Combines_Them" storage="c:\users\ericcarlson\documents\github\pickles\src\pickles.documentationbuilders.markdown.unittests\bin\debug\net6.0\picklesdoc.pickles.documentationbuilders.markdown.unittests.dll" id="6a10a0d4-c3cf-deff-8167-300a258c1337">
      <Execution id="1289ccfb-e20f-4f13-a7af-93e12a13d634" />
      <TestMethod codeBase="C:\Users\ericcarlson\Documents\GitHub\pickles\src\Pickles.DocumentationBuilders.Markdown.UnitTests\bin\Debug\net6.0\PicklesDoc.Pickles.DocumentationBuilders.Markdown.UnitTests.dll" adapterTypeName="executor://nunit3testexecutor/" className="PicklesDoc.Pickles.DocumentationBuilders.Markdown.UnitTests.Lines_Tests" name="Adding_A_Lines_Object_Together_Combines_Them" />
    </UnitTest>
  </TestDefinitions>
  <TestEntries>
    <TestEntry testId="aa7d19ca-6be0-4851-e641-556ba8ce4420" executionId="5c0ac2e2-8094-4d74-8709-90fcf5f704d0" testListId="8c84fa94-04c1-424b-9868-57a2d4851a1d" />
    <TestEntry testId="0c96c7d8-9cb1-3161-df45-936c044c8a90" executionId="9fe5c596-2784-4be0-8efe-dd398bcdff89" testListId="8c84fa94-04c1-424b-9868-57a2d4851a1d" />
    <TestEntry testId="85251763-7039-42ec-11eb-8bd634e77dcb" executionId="c875b8f8-9eaa-410e-8cc1-35f68152a27f" testListId="8c84fa94-04c1-424b-9868-57a2d4851a1d" />
    <TestEntry testId="087a7169-3864-8bdf-0f7a-767fa49fba60" executionId="6535a066-6a19-411a-8bb2-600cdc7267cf" testListId="8c84fa94-04c1-424b-9868-57a2d4851a1d" />
    <TestEntry testId="72b92267-d82f-070d-84d0-a4aae3f63aa3" executionId="ffdfb087-ab1d-47ee-bf8f-e8751ed0ba84" testListId="8c84fa94-04c1-424b-9868-57a2d4851a1d" />
    <TestEntry testId="57425b88-59a5-ccd8-a4c4-1db736b8b082" executionId="02eee33e-c474-48ae-8193-71a7ab586d5d" testListId="8c84fa94-04c1-424b-9868-57a2d4851a1d" />
    <TestEntry testId="c4a96b56-67ee-ecaa-df28-8048dac51625" executionId="7136abcf-3623-4578-ac93-65cc33a2d734" testListId="8c84fa94-04c1-424b-9868-57a2d4851a1d" />
    <TestEntry testId="dda46e0f-a121-b050-b857-b22ec5452c74" executionId="4bcec611-0902-4106-9042-d9c5eb877009" testListId="8c84fa94-04c1-424b-9868-57a2d4851a1d" />
    <TestEntry testId="4ddc7a2b-873e-5268-25fb-47a5f8786352" executionId="387041ce-b843-4d5a-a11e-36ef865ba6c9" testListId="8c84fa94-04c1-424b-9868-57a2d4851a1d" />
    <TestEntry testId="7c0a4706-a36f-c154-2389-7d6506524c02" executionId="7732fd83-2a34-45c2-a066-589f58814d5a" testListId="8c84fa94-04c1-424b-9868-57a2d4851a1d" />
    <TestEntry testId="2868b6b7-f6c9-00fa-1a4e-9783c5b6bc0a" executionId="cd2b390a-b4e9-4dd1-95a4-b148139c9ddb" testListId="8c84fa94-04c1-424b-9868-57a2d4851a1d" />
    <TestEntry testId="0dfe1c29-0f1e-edfc-3817-67b7033c14c1" executionId="2051f01b-4bbc-439a-8200-66611f710b6d" testListId="8c84fa94-04c1-424b-9868-57a2d4851a1d" />
    <TestEntry testId="e9c111f1-6ad0-4ab8-210c-997ef200a119" executionId="61eef840-e034-4340-9f49-1f88cf42dee2" testListId="8c84fa94-04c1-424b-9868-57a2d4851a1d" />
    <TestEntry testId="e818896b-58a9-0f53-a62b-13637c17dc39" executionId="427915e2-5ac1-4911-a989-c95b38c54cb8" testListId="8c84fa94-04c1-424b-9868-57a2d4851a1d" />
    <TestEntry testId="9004e8cb-7f80-03e1-c097-8d93237f7563" executionId="aa5c7d40-2101-4c03-ae5b-1a43b25be36a" testListId="8c84fa94-04c1-424b-9868-57a2d4851a1d" />
    <TestEntry testId="3978d76f-896f-700f-9f11-9d7049610568" executionId="b691263a-d313-4c6f-aace-b88e23e2f63d" testListId="8c84fa94-04c1-424b-9868-57a2d4851a1d" />
    <TestEntry testId="c4d3054f-f69e-28a7-32ea-27cca40ff6c7" executionId="75728725-9883-4fbb-8fde-af050bab1dbf" testListId="8c84fa94-04c1-424b-9868-57a2d4851a1d" />
    <TestEntry testId="f3c22ca4-1f1a-514e-fe27-7cf83db7d8e3" executionId="844cb791-eb36-4be6-81c8-9ab494650ddd" testListId="8c84fa94-04c1-424b-9868-57a2d4851a1d" />
    <TestEntry testId="7e1e3d83-08b7-34c6-d5a0-cb9c9210de3e" executionId="7291f40c-256d-4858-956e-483cac65bdab" testListId="8c84fa94-04c1-424b-9868-57a2d4851a1d" />
    <TestEntry testId="2be587f2-52cc-ecb6-a175-06d50e5ae2e7" executionId="981550c0-3164-4edf-8e9d-e9f0dd59033d" testListId="8c84fa94-04c1-424b-9868-57a2d4851a1d" />
    <TestEntry testId="36b01c4e-c867-a891-2fa1-97ad8d589431" executionId="8ee5ecec-c21c-47d3-bd0b-413a8e030f91" testListId="8c84fa94-04c1-424b-9868-57a2d4851a1d" />
    <TestEntry testId="33258916-b4e4-0851-5a91-8fe4143d3fb3" executionId="d2fce315-4625-46e5-b652-5e0156efe259" testListId="8c84fa94-04c1-424b-9868-57a2d4851a1d" />
    <TestEntry testId="62b1c57a-1be9-64d3-3e69-6dfddc32e1ae" executionId="12b51e24-f32a-48a7-9e25-560a855d0241" testListId="8c84fa94-04c1-424b-9868-57a2d4851a1d" />
    <TestEntry testId="1c45ea74-d176-4223-5c68-d75bf93dcd7b" executionId="0cede433-0fb6-4c8e-93e4-62cc6d1af806" testListId="8c84fa94-04c1-424b-9868-57a2d4851a1d" />
    <TestEntry testId="0c360c57-a6c3-40a3-5ea6-00aa7076731a" executionId="52e2085a-3a7c-44a8-b64a-8f777c381b64" testListId="8c84fa94-04c1-424b-9868-57a2d4851a1d" />
    <TestEntry testId="6e8c8342-42b3-d728-2ad9-a240cd973e0d" executionId="b68a142b-eaf5-4001-9b35-3439621d8d7c" testListId="8c84fa94-04c1-424b-9868-57a2d4851a1d" />
    <TestEntry testId="a5c6e477-b34d-8cbd-e1f1-2c39ba8db21d" executionId="237e2932-af5b-496d-946d-0caa15e1a051" testListId="8c84fa94-04c1-424b-9868-57a2d4851a1d" />
    <TestEntry testId="d68f9102-0bcf-0245-35f2-d52fa462b6de" executionId="16cb76bb-f12f-4d6c-89a3-6f3836334bf2" testListId="8c84fa94-04c1-424b-9868-57a2d4851a1d" />
    <TestEntry testId="5d3d500d-237d-827e-aff0-b68712a3e455" executionId="2314178c-0906-4d78-b1e8-ddac551c503c" testListId="8c84fa94-04c1-424b-9868-57a2d4851a1d" />
    <TestEntry testId="69f335ed-55f7-e738-817f-095a67fa17c4" executionId="d7c07b7b-f117-471f-870f-0a9b67884f17" testListId="8c84fa94-04c1-424b-9868-57a2d4851a1d" />
    <TestEntry testId="58c8736d-b187-f051-93fa-0f90a342760e" executionId="57ae7992-ec97-48af-b584-d9e693298b68" testListId="8c84fa94-04c1-424b-9868-57a2d4851a1d" />
    <TestEntry testId="b9082ac3-c344-775f-2ed2-5cef39b3a84e" executionId="9f3a519d-073a-4940-a2ec-5fa883bd3c29" testListId="8c84fa94-04c1-424b-9868-57a2d4851a1d" />
    <TestEntry testId="00ebd793-751c-de7a-18e8-922b4a4d7a79" executionId="f3bb0e75-ad6d-4174-b423-4857a589df16" testListId="8c84fa94-04c1-424b-9868-57a2d4851a1d" />
    <TestEntry testId="a2168b55-c48f-7e82-a87f-c77a74fb04a1" executionId="d9f20a8a-c5a0-4c40-93c0-6d75c7cbb109" testListId="8c84fa94-04c1-424b-9868-57a2d4851a1d" />
    <TestEntry testId="6a10a0d4-c3cf-deff-8167-300a258c1337" executionId="1289ccfb-e20f-4f13-a7af-93e12a13d634" testListId="8c84fa94-04c1-424b-9868-57a2d4851a1d" />
    <TestEntry testId="af1cf20b-f98b-777e-b863-284fbdd4fe3d" executionId="9d6c4b54-1986-436b-b8c4-124acebcaa18" testListId="8c84fa94-04c1-424b-9868-57a2d4851a1d" />
    <TestEntry testId="481fda8f-bee2-0a43-451d-33c920aaed33" executionId="5adc00b1-0d1b-4273-af89-d2252f09cf11" testListId="8c84fa94-04c1-424b-9868-57a2d4851a1d" />
    <TestEntry testId="52223580-48fe-c45f-1082-5d8220212c22" executionId="9e20afd3-f8bf-423e-8c15-f8a686189d9b" testListId="8c84fa94-04c1-424b-9868-57a2d4851a1d" />
    <TestEntry testId="7e57b20e-af1e-50f7-b450-cb9820ac386c" executionId="affeddea-d9d6-4150-bcec-b213c1179ab7" testListId="8c84fa94-04c1-424b-9868-57a2d4851a1d" />
    <TestEntry testId="ee522eac-0e44-5daa-2d2b-320a63db01a7" executionId="f9430049-4743-4eaa-963b-dff388aa3933" testListId="8c84fa94-04c1-424b-9868-57a2d4851a1d" />
    <TestEntry testId="f6390755-b75b-1311-f0e2-639cacf50291" executionId="dfe670f3-5d0e-4170-8d36-1f04b9c28103" testListId="8c84fa94-04c1-424b-9868-57a2d4851a1d" />
    <TestEntry testId="0c3d7bf3-c8d9-3999-b9c6-3e425af24857" executionId="b5d82f35-b0c7-4cd0-87df-26efb89e7a31" testListId="8c84fa94-04c1-424b-9868-57a2d4851a1d" />
    <TestEntry testId="89078dd5-dbe6-d29f-68ce-14d516c4a219" executionId="6422ae43-cfb7-4617-b5cf-1cde1943adc4" testListId="8c84fa94-04c1-424b-9868-57a2d4851a1d" />
    <TestEntry testId="375a6997-a0a8-9897-2bc4-051254737b59" executionId="133bbdac-37de-4f95-ae95-ba484e871573" testListId="8c84fa94-04c1-424b-9868-57a2d4851a1d" />
    <TestEntry testId="1b8d323f-0439-a0d3-db80-2d1f6152336b" executionId="115abf97-8509-4fb5-88e1-38211d397286" testListId="8c84fa94-04c1-424b-9868-57a2d4851a1d" />
    <TestEntry testId="0b21c1a4-8f07-6205-9441-85483a8df440" executionId="c649423e-6fbc-44b4-8000-d41480d0518e" testListId="8c84fa94-04c1-424b-9868-57a2d4851a1d" />
    <TestEntry testId="1162db81-968d-46e8-bc96-b388ff5ae09e" executionId="f03305f4-a95f-43c8-b7b5-c47622bc80e3" testListId="8c84fa94-04c1-424b-9868-57a2d4851a1d" />
    <TestEntry testId="c658766d-c5fb-3258-29b2-0a94adc9a21c" executionId="783a2f7a-145e-40ae-a438-52449f131e24" testListId="8c84fa94-04c1-424b-9868-57a2d4851a1d" />
    <TestEntry testId="66a6d93e-e5a0-9b6b-059b-4ca000c89164" executionId="b726126c-1051-4480-92ab-d089536de7e8" testListId="8c84fa94-04c1-424b-9868-57a2d4851a1d" />
    <TestEntry testId="d5bc32eb-f399-e3d6-72f2-d124bea1ff9f" executionId="e8872bf1-1840-4afc-9dca-ad7408b9c632" testListId="8c84fa94-04c1-424b-9868-57a2d4851a1d" />
    <TestEntry testId="00406124-e5b3-afc5-cb68-1b5f68830cc7" executionId="70f06f35-64f4-44aa-8598-93c50780d9ed" testListId="8c84fa94-04c1-424b-9868-57a2d4851a1d" />
    <TestEntry testId="06d5cdf3-faa5-12cf-4029-56953a4c81e7" executionId="18da71b8-a0f7-4b95-ae70-a622f8850c9e" testListId="8c84fa94-04c1-424b-9868-57a2d4851a1d" />
  </TestEntries>
  <TestLists>
    <TestList name="Results Not in a List" id="8c84fa94-04c1-424b-9868-57a2d4851a1d" />
    <TestList name="All Loaded Results" id="19431567-8539-422a-85d7-44ee4e166bda" />
  </TestLists>
  <ResultSummary outcome="Completed">
    <Counters total="52" executed="52" passed="52" failed="0" error="0" timeout="0" aborted="0" inconclusive="0" passedButRunAborted="0" notRunnable="0" notExecuted="0" disconnected="0" warning="0" completed="0" inProgress="0" pending="0" />
    <Output>
      <StdOut>NUnit Adapter 3.17.0.0: Test execution started&#xD;
Running all tests in C:\Users\ericcarlson\Documents\GitHub\pickles\src\Pickles.DocumentationBuilders.Markdown.UnitTests\bin\Debug\net6.0\PicklesDoc.Pickles.DocumentationBuilders.Markdown.UnitTests.dll&#xD;
   NUnit3TestExecutor discovered 52 of 52 NUnit test cases&#xD;
NUnit Adapter 3.17.0.0: Test execution complete&#xD;
</StdOut>
    </Output>
  </ResultSummary>
</TestRun>