<?xml version="1.0" encoding="utf-8"?>
<TestRun id="b31fdd3a-d5e4-4ab5-b0dc-b7d1691a46d3" name="ericcarlson@ERICCARLSONBBE6 2022-05-04 14:46:04" runUser="ERICCARLSONBBE6\ericcarlson" xmlns="http://microsoft.com/schemas/VisualStudio/TeamTest/2010">
  <Times creation="2022-05-04T14:46:04.4210489-04:00" queuing="2022-05-04T14:46:04.4210491-04:00" start="2022-05-04T14:46:01.5183189-04:00" finish="2022-05-04T14:46:05.5422044-04:00" />
  <TestSettings name="default" id="a30d4c1a-ea45-4bf4-b178-d316738da3c3">
    <Deployment runDeploymentRoot="ericcarlson_ERICCARLSONBBE6_2022-05-04_14_46_04" />
  </TestSettings>
  <Results>
    <UnitTestResult executionId="0409fbe2-d008-4862-86a4-dc7cdda99293" testId="62b1c57a-1be9-64d3-3e69-6dfddc32e1ae" testName="A_Stylist_Can_Style_A_Feature_Heading" computerName="ERICCARLSONBBE6" duration="00:00:00.0001050" startTime="2022-05-04T14:46:05.4491251-04:00" endTime="2022-05-04T14:46:05.4492294-04:00" testType="13cdc9d9-ddb5-4fa4-a97d-d965ccfc6d4b" outcome="Passed" testListId="8c84fa94-04c1-424b-9868-57a2d4851a1d" relativeResultsDirectory="0409fbe2-d008-4862-86a4-dc7cdda99293" />
    <UnitTestResult executionId="4aba25ab-479e-4b49-abb2-347d98c4548a" testId="85251763-7039-42ec-11eb-8bd634e77dcb" testName="New_Documentation_With_Feature_Produces_Single_Page" computerName="ERICCARLSONBBE6" duration="00:00:00.0053070" startTime="2022-05-04T14:46:04.3800332-04:00" endTime="2022-05-04T14:46:04.3853396-04:00" testType="13cdc9d9-ddb5-4fa4-a97d-d965ccfc6d4b" outcome="Passed" testListId="8c84fa94-04c1-424b-9868-57a2d4851a1d" relativeResultsDirectory="4aba25ab-479e-4b49-abb2-347d98c4548a" />
    <UnitTestResult executionId="fb466767-21f1-40e3-919b-9f0a23663d18" testId="4ddc7a2b-873e-5268-25fb-47a5f8786352" testName="When_A_Scenario_Step_Has_A_Result__The_Result_Is_Included" computerName="ERICCARLSONBBE6" duration="00:00:00.0002820" startTime="2022-05-04T14:46:05.4462048-04:00" endTime="2022-05-04T14:46:05.4464865-04:00" testType="13cdc9d9-ddb5-4fa4-a97d-d965ccfc6d4b" outcome="Passed" testListId="8c84fa94-04c1-424b-9868-57a2d4851a1d" relativeResultsDirectory="fb466767-21f1-40e3-919b-9f0a23663d18" />
    <UnitTestResult executionId="b6aa5920-1483-4587-a8cd-1e5ffb306847" testId="c658766d-c5fb-3258-29b2-0a94adc9a21c" testName="A_New_TitleBlock_Has_Title_Line" computerName="ERICCARLSONBBE6" duration="00:00:00.0001270" startTime="2022-05-04T14:46:05.4528527-04:00" endTime="2022-05-04T14:46:05.4529794-04:00" testType="13cdc9d9-ddb5-4fa4-a97d-d965ccfc6d4b" outcome="Passed" testListId="8c84fa94-04c1-424b-9868-57a2d4851a1d" relativeResultsDirectory="b6aa5920-1483-4587-a8cd-1e5ffb306847" />
    <UnitTestResult executionId="d6bd698d-8ae2-40e2-91d3-56116d65c77a" testId="0c360c57-a6c3-40a3-5ea6-00aa7076731a" testName="A_New_BackgroundBlock_Has_Background_Heading_On_First_Line" computerName="ERICCARLSONBBE6" duration="00:00:00.0099100" startTime="2022-05-04T14:46:04.2347178-04:00" endTime="2022-05-04T14:46:04.2445609-04:00" testType="13cdc9d9-ddb5-4fa4-a97d-d965ccfc6d4b" outcome="Passed" testListId="8c84fa94-04c1-424b-9868-57a2d4851a1d" relativeResultsDirectory="d6bd698d-8ae2-40e2-91d3-56116d65c77a" />
    <UnitTestResult executionId="5deefce9-86c0-4c11-9788-830e74e1de33" testId="375a6997-a0a8-9897-2bc4-051254737b59" testName="With_A_Simple_Feature_The_Output_Has_Default_Content" computerName="ERICCARLSONBBE6" duration="00:00:00.0029050" startTime="2022-05-04T14:46:05.4408366-04:00" endTime="2022-05-04T14:46:05.4437411-04:00" testType="13cdc9d9-ddb5-4fa4-a97d-d965ccfc6d4b" outcome="Passed" testListId="8c84fa94-04c1-424b-9868-57a2d4851a1d" relativeResultsDirectory="5deefce9-86c0-4c11-9788-830e74e1de33" />
    <UnitTestResult executionId="cb100b18-0473-414c-b6a7-1e7615cc9cf8" testId="6e8c8342-42b3-d728-2ad9-a240cd973e0d" testName="When_Feature_Description_Available_It_Is_Placed_Below_Feature_Heading" computerName="ERICCARLSONBBE6" duration="00:00:00.0003420" startTime="2022-05-04T14:46:04.3921360-04:00" endTime="2022-05-04T14:46:04.3924777-04:00" testType="13cdc9d9-ddb5-4fa4-a97d-d965ccfc6d4b" outcome="Passed" testListId="8c84fa94-04c1-424b-9868-57a2d4851a1d" relativeResultsDirectory="cb100b18-0473-414c-b6a7-1e7615cc9cf8" />
    <UnitTestResult executionId="06a7a56a-8bcc-4e75-a156-a91db269726b" testId="06d5cdf3-faa5-12cf-4029-56953a4c81e7" testName="New_Documentation_Produces_Default_Single_Page" computerName="ERICCARLSONBBE6" duration="00:00:00.0037410" startTime="2022-05-04T14:46:04.3762574-04:00" endTime="2022-05-04T14:46:04.3799988-04:00" testType="13cdc9d9-ddb5-4fa4-a97d-d965ccfc6d4b" outcome="Passed" testListId="8c84fa94-04c1-424b-9868-57a2d4851a1d" relativeResultsDirectory="06a7a56a-8bcc-4e75-a156-a91db269726b" />
    <UnitTestResult executionId="10adcf39-f97a-47a8-96dc-158811e6d749" testId="6a10a0d4-c3cf-deff-8167-300a258c1337" testName="Adding_A_Lines_Object_Together_Combines_Them" computerName="ERICCARLSONBBE6" duration="00:00:00.0001530" startTime="2022-05-04T14:46:04.3941334-04:00" endTime="2022-05-04T14:46:04.3942868-04:00" testType="13cdc9d9-ddb5-4fa4-a97d-d965ccfc6d4b" outcome="Passed" testListId="8c84fa94-04c1-424b-9868-57a2d4851a1d" relativeResultsDirectory="10adcf39-f97a-47a8-96dc-158811e6d749" />
    <UnitTestResult executionId="d51a7483-0a9b-4818-b9e9-cbd4f171024d" testId="c4d3054f-f69e-28a7-32ea-27cca40ff6c7" testName="A_Stylist_Can_Style_A_Step_With_Angle_Brakets" computerName="ERICCARLSONBBE6" duration="00:00:00.0001000" startTime="2022-05-04T14:46:05.4503443-04:00" endTime="2022-05-04T14:46:05.4504444-04:00" testType="13cdc9d9-ddb5-4fa4-a97d-d965ccfc6d4b" outcome="Passed" testListId="8c84fa94-04c1-424b-9868-57a2d4851a1d" relativeResultsDirectory="d51a7483-0a9b-4818-b9e9-cbd4f171024d" />
    <UnitTestResult executionId="65611a5a-c3c6-40f6-a333-89a31229dcb6" testId="00406124-e5b3-afc5-cb68-1b5f68830cc7" testName="ToString_Returns_Blocks_Markdown_Content" computerName="ERICCARLSONBBE6" duration="00:00:00.0000970" startTime="2022-05-04T14:46:04.2479744-04:00" endTime="2022-05-04T14:46:04.2480715-04:00" testType="13cdc9d9-ddb5-4fa4-a97d-d965ccfc6d4b" outcome="Passed" testListId="8c84fa94-04c1-424b-9868-57a2d4851a1d" relativeResultsDirectory="65611a5a-c3c6-40f6-a333-89a31229dcb6" />
    <UnitTestResult executionId="4bd7ba12-e573-47a8-b2d0-b76b6625ea11" testId="1c45ea74-d176-4223-5c68-d75bf93dcd7b" testName="When_I_Build_Documentation_Icon_Files_Are_Created" computerName="ERICCARLSONBBE6" duration="00:00:00.0021620" startTime="2022-05-04T14:46:05.3376877-04:00" endTime="2022-05-04T14:46:05.3398492-04:00" testType="13cdc9d9-ddb5-4fa4-a97d-d965ccfc6d4b" outcome="Passed" testListId="8c84fa94-04c1-424b-9868-57a2d4851a1d" relativeResultsDirectory="4bd7ba12-e573-47a8-b2d0-b76b6625ea11" />
    <UnitTestResult executionId="a71e85ff-8811-4613-b888-ded73a90b1bc" testId="aa7d19ca-6be0-4851-e641-556ba8ce4420" testName="When_A_Background_Is_Present_Its_Included_In_Markdown_Output" computerName="ERICCARLSONBBE6" duration="00:00:00.0062810" startTime="2022-05-04T14:46:04.3858222-04:00" endTime="2022-05-04T14:46:04.3921033-04:00" testType="13cdc9d9-ddb5-4fa4-a97d-d965ccfc6d4b" outcome="Passed" testListId="8c84fa94-04c1-424b-9868-57a2d4851a1d" relativeResultsDirectory="a71e85ff-8811-4613-b888-ded73a90b1bc" />
    <UnitTestResult executionId="1aab9d4f-c42c-4de3-8b88-4aea80d3b7c2" testId="f6390755-b75b-1311-f0e2-639cacf50291" testName="A_Stylist_Can_Style_A_StepLine" computerName="ERICCARLSONBBE6" duration="00:00:00.0001180" startTime="2022-05-04T14:46:05.4504559-04:00" endTime="2022-05-04T14:46:05.4505734-04:00" testType="13cdc9d9-ddb5-4fa4-a97d-d965ccfc6d4b" outcome="Passed" testListId="8c84fa94-04c1-424b-9868-57a2d4851a1d" relativeResultsDirectory="1aab9d4f-c42c-4de3-8b88-4aea80d3b7c2" />
    <UnitTestResult executionId="f92eb905-d20c-44b2-acf3-c1555d1fdab7" testId="2868b6b7-f6c9-00fa-1a4e-9783c5b6bc0a" testName="A_Stylist_Can_Style_An_Example_Heading_Without_A_Name" computerName="ERICCARLSONBBE6" duration="00:00:00.0000989" startTime="2022-05-04T14:46:05.4511392-04:00" endTime="2022-05-04T14:46:05.4512381-04:00" testType="13cdc9d9-ddb5-4fa4-a97d-d965ccfc6d4b" outcome="Passed" testListId="8c84fa94-04c1-424b-9868-57a2d4851a1d" relativeResultsDirectory="f92eb905-d20c-44b2-acf3-c1555d1fdab7" />
    <UnitTestResult executionId="62ac810f-b88c-4172-aadb-e2d7f1cc7edd" testId="7e57b20e-af1e-50f7-b450-cb9820ac386c" testName="A_Stylist_Can_Style_A_Title" computerName="ERICCARLSONBBE6" duration="00:00:00.0001020" startTime="2022-05-04T14:46:05.4508666-04:00" endTime="2022-05-04T14:46:05.4509680-04:00" testType="13cdc9d9-ddb5-4fa4-a97d-d965ccfc6d4b" outcome="Passed" testListId="8c84fa94-04c1-424b-9868-57a2d4851a1d" relativeResultsDirectory="62ac810f-b88c-4172-aadb-e2d7f1cc7edd" />
    <UnitTestResult executionId="11e07b93-c614-4e04-9891-e9f8a350e92e" testId="89078dd5-dbe6-d29f-68ce-14d516c4a219" testName="A_Stylist_Can_Style_A_Table_Result_Heading" computerName="ERICCARLSONBBE6" duration="00:00:00.0001260" startTime="2022-05-04T14:46:05.4505831-04:00" endTime="2022-05-04T14:46:05.4507090-04:00" testType="13cdc9d9-ddb5-4fa4-a97d-d965ccfc6d4b" outcome="Passed" testListId="8c84fa94-04c1-424b-9868-57a2d4851a1d" relativeResultsDirectory="11e07b93-c614-4e04-9891-e9f8a350e92e" />
    <UnitTestResult executionId="6d77b09d-7878-4fe5-84c9-ecfaff7c465f" testId="b9082ac3-c344-775f-2ed2-5cef39b3a84e" testName="Examples_Are_Included_As_Table" computerName="ERICCARLSONBBE6" duration="00:00:00.0019960" startTime="2022-05-04T14:46:05.4441799-04:00" endTime="2022-05-04T14:46:05.4461754-04:00" testType="13cdc9d9-ddb5-4fa4-a97d-d965ccfc6d4b" outcome="Passed" testListId="8c84fa94-04c1-424b-9868-57a2d4851a1d" relativeResultsDirectory="6d77b09d-7878-4fe5-84c9-ecfaff7c465f" />
    <UnitTestResult executionId="07817d43-fd94-4d6a-87aa-8807b1e28142" testId="f3c22ca4-1f1a-514e-fe27-7cf83db7d8e3" testName="Converting_Lines_Object_To_String_Returns_All_Lines_With_NewLine_Seperator" computerName="ERICCARLSONBBE6" duration="00:00:00.0001410" startTime="2022-05-04T14:46:04.3944000-04:00" endTime="2022-05-04T14:46:04.3945410-04:00" testType="13cdc9d9-ddb5-4fa4-a97d-d965ccfc6d4b" outcome="Passed" testListId="8c84fa94-04c1-424b-9868-57a2d4851a1d" relativeResultsDirectory="07817d43-fd94-4d6a-87aa-8807b1e28142" />
    <UnitTestResult executionId="6896a675-e0f0-4f9f-bd3f-819b2c4cd5cb" testId="087a7169-3864-8bdf-0f7a-767fa49fba60" testName="A_Stylist_Can_Style_An_Example_Heading" computerName="ERICCARLSONBBE6" duration="00:00:00.0001530" startTime="2022-05-04T14:46:05.4509771-04:00" endTime="2022-05-04T14:46:05.4511297-04:00" testType="13cdc9d9-ddb5-4fa4-a97d-d965ccfc6d4b" outcome="Passed" testListId="8c84fa94-04c1-424b-9868-57a2d4851a1d" relativeResultsDirectory="6896a675-e0f0-4f9f-bd3f-819b2c4cd5cb" />
    <UnitTestResult executionId="1b3eba97-09be-4e2f-b1d4-539661ebaf93" testId="0dfe1c29-0f1e-edfc-3817-67b7033c14c1" testName="New_MarkdownDocumentationBuilder_Is_An_Implementation_Of_IDocumentationBuilder" computerName="ERICCARLSONBBE6" duration="00:00:00.0039430" startTime="2022-05-04T14:46:05.2366425-04:00" endTime="2022-05-04T14:46:05.2405850-04:00" testType="13cdc9d9-ddb5-4fa4-a97d-d965ccfc6d4b" outcome="Passed" testListId="8c84fa94-04c1-424b-9868-57a2d4851a1d" relativeResultsDirectory="1b3eba97-09be-4e2f-b1d4-539661ebaf93" />
    <UnitTestResult executionId="3d745566-7e63-4722-b0b8-c431dfaef723" testId="5d3d500d-237d-827e-aff0-b68712a3e455" testName="A_Table_Is_Formatted" computerName="ERICCARLSONBBE6" duration="00:00:00.0003089" startTime="2022-05-04T14:46:05.4513537-04:00" endTime="2022-05-04T14:46:05.4516625-04:00" testType="13cdc9d9-ddb5-4fa4-a97d-d965ccfc6d4b" outcome="Passed" testListId="8c84fa94-04c1-424b-9868-57a2d4851a1d" relativeResultsDirectory="3d745566-7e63-4722-b0b8-c431dfaef723" />
    <UnitTestResult executionId="b524c484-7b7d-4c29-afdf-a6757fa01c98" testId="58c8736d-b187-f051-93fa-0f90a342760e" testName="Adding_A_Line_Increases_Count" computerName="ERICCARLSONBBE6" duration="00:00:00.0001120" startTime="2022-05-04T14:46:04.3940116-04:00" endTime="2022-05-04T14:46:04.3941232-04:00" testType="13cdc9d9-ddb5-4fa4-a97d-d965ccfc6d4b" outcome="Passed" testListId="8c84fa94-04c1-424b-9868-57a2d4851a1d" relativeResultsDirectory="b524c484-7b7d-4c29-afdf-a6757fa01c98" />
    <UnitTestResult executionId="e711724c-5c43-4c1e-94d1-9161f07eddd0" testId="00ebd793-751c-de7a-18e8-922b4a4d7a79" testName="Autofac_Can_Resolve_MarkdownDocumentationBuilder_Request" computerName="ERICCARLSONBBE6" duration="00:00:00.8387220" startTime="2022-05-04T14:46:04.3978747-04:00" endTime="2022-05-04T14:46:05.2365967-04:00" testType="13cdc9d9-ddb5-4fa4-a97d-d965ccfc6d4b" outcome="Passed" testListId="8c84fa94-04c1-424b-9868-57a2d4851a1d" relativeResultsDirectory="e711724c-5c43-4c1e-94d1-9161f07eddd0" />
    <UnitTestResult executionId="cf1dc0b9-a600-437b-aeeb-a66512b8f717" testId="a2168b55-c48f-7e82-a87f-c77a74fb04a1" testName="When_A_Scenario_Step_Is_Available_It_Is_Placed_On_Single_Line_After_Heading" computerName="ERICCARLSONBBE6" duration="00:00:00.0002230" startTime="2022-05-04T14:46:05.4475648-04:00" endTime="2022-05-04T14:46:05.4477880-04:00" testType="13cdc9d9-ddb5-4fa4-a97d-d965ccfc6d4b" outcome="Passed" testListId="8c84fa94-04c1-424b-9868-57a2d4851a1d" relativeResultsDirectory="cf1dc0b9-a600-437b-aeeb-a66512b8f717" />
    <UnitTestResult executionId="762035b6-c09d-4b34-958a-d814e716262a" testId="3978d76f-896f-700f-9f11-9d7049610568" testName="A_Stylist_Can_Style_A_Background_Heading_Without_A_Name" computerName="ERICCARLSONBBE6" duration="00:00:00.0000920" startTime="2022-05-04T14:46:05.4490248-04:00" endTime="2022-05-04T14:46:05.4491162-04:00" testType="13cdc9d9-ddb5-4fa4-a97d-d965ccfc6d4b" outcome="Passed" testListId="8c84fa94-04c1-424b-9868-57a2d4851a1d" relativeResultsDirectory="762035b6-c09d-4b34-958a-d814e716262a" />
    <UnitTestResult executionId="9bad12b2-39a8-44e9-9cd3-daae0118114d" testId="ee522eac-0e44-5daa-2d2b-320a63db01a7" testName="When_Scenario_Tags_Available_They_Are_Placed_On_Single_Line_Before_Heading" computerName="ERICCARLSONBBE6" duration="00:00:00.0002090" startTime="2022-05-04T14:46:05.4477990-04:00" endTime="2022-05-04T14:46:05.4480081-04:00" testType="13cdc9d9-ddb5-4fa4-a97d-d965ccfc6d4b" outcome="Passed" testListId="8c84fa94-04c1-424b-9868-57a2d4851a1d" relativeResultsDirectory="9bad12b2-39a8-44e9-9cd3-daae0118114d" />
    <UnitTestResult executionId="ea1111df-91a2-46ae-b7aa-5eecabef4e18" testId="0b21c1a4-8f07-6205-9441-85483a8df440" testName="With_A_Null_Tree_The_Output_Has_Default_Content" computerName="ERICCARLSONBBE6" duration="00:00:00.1009150" startTime="2022-05-04T14:46:05.3398775-04:00" endTime="2022-05-04T14:46:05.4407924-04:00" testType="13cdc9d9-ddb5-4fa4-a97d-d965ccfc6d4b" outcome="Passed" testListId="8c84fa94-04c1-424b-9868-57a2d4851a1d" relativeResultsDirectory="ea1111df-91a2-46ae-b7aa-5eecabef4e18" />
    <UnitTestResult executionId="18032020-180d-4307-8fbd-d1080d8ce689" testId="d68f9102-0bcf-0245-35f2-d52fa462b6de" testName="A_Stylist_Can_Style_A_Step_Table" computerName="ERICCARLSONBBE6" duration="00:00:00.0001060" startTime="2022-05-04T14:46:05.4502073-04:00" endTime="2022-05-04T14:46:05.4503133-04:00" testType="13cdc9d9-ddb5-4fa4-a97d-d965ccfc6d4b" outcome="Passed" testListId="8c84fa94-04c1-424b-9868-57a2d4851a1d" relativeResultsDirectory="18032020-180d-4307-8fbd-d1080d8ce689" />
    <UnitTestResult executionId="b685cbe0-e69d-4886-9eaf-a6d659ae5ea2" testId="2be587f2-52cc-ecb6-a175-06d50e5ae2e7" testName="When_Scenario_Is_Available_It_Is_Included_After_Heading" computerName="ERICCARLSONBBE6" duration="00:00:00.0002120" startTime="2022-05-04T14:46:04.3936968-04:00" endTime="2022-05-04T14:46:04.3939086-04:00" testType="13cdc9d9-ddb5-4fa4-a97d-d965ccfc6d4b" outcome="Passed" testListId="8c84fa94-04c1-424b-9868-57a2d4851a1d" relativeResultsDirectory="b685cbe0-e69d-4886-9eaf-a6d659ae5ea2" />
    <UnitTestResult executionId="8bec44c8-6931-40cf-a0b5-1b2356568a75" testId="33258916-b4e4-0851-5a91-8fe4143d3fb3" testName="When_Mutiple_Scenarios_Are_Available_They_Are_Included_After_Heading" computerName="ERICCARLSONBBE6" duration="00:00:00.0007700" startTime="2022-05-04T14:46:04.3929141-04:00" endTime="2022-05-04T14:46:04.3936841-04:00" testType="13cdc9d9-ddb5-4fa4-a97d-d965ccfc6d4b" outcome="Passed" testListId="8c84fa94-04c1-424b-9868-57a2d4851a1d" relativeResultsDirectory="8bec44c8-6931-40cf-a0b5-1b2356568a75" />
    <UnitTestResult executionId="09f6cf7c-a983-4087-b6b1-5981c44c48a5" testId="69f335ed-55f7-e738-817f-095a67fa17c4" testName="A_Step_Table_Is_Formatted" computerName="ERICCARLSONBBE6" duration="00:00:00.0004530" startTime="2022-05-04T14:46:05.4481018-04:00" endTime="2022-05-04T14:46:05.4485543-04:00" testType="13cdc9d9-ddb5-4fa4-a97d-d965ccfc6d4b" outcome="Passed" testListId="8c84fa94-04c1-424b-9868-57a2d4851a1d" relativeResultsDirectory="09f6cf7c-a983-4087-b6b1-5981c44c48a5" />
    <UnitTestResult executionId="2ac06d14-addb-429b-9f7c-c0a4e9c16ffc" testId="57425b88-59a5-ccd8-a4c4-1db736b8b082" testName="The_Step_Is_Formatted" computerName="ERICCARLSONBBE6" duration="00:00:00.0001930" startTime="2022-05-04T14:46:05.4485665-04:00" endTime="2022-05-04T14:46:05.4487592-04:00" testType="13cdc9d9-ddb5-4fa4-a97d-d965ccfc6d4b" outcome="Passed" testListId="8c84fa94-04c1-424b-9868-57a2d4851a1d" relativeResultsDirectory="2ac06d14-addb-429b-9f7c-c0a4e9c16ffc" />
    <UnitTestResult executionId="7ae47822-d137-4da9-85f2-83486e995cef" testId="7e1e3d83-08b7-34c6-d5a0-cb9c9210de3e" testName="A_Table_Is_Formatted_With_Placeholders" computerName="ERICCARLSONBBE6" duration="00:00:00.0002999" startTime="2022-05-04T14:46:05.4516731-04:00" endTime="2022-05-04T14:46:05.4519729-04:00" testType="13cdc9d9-ddb5-4fa4-a97d-d965ccfc6d4b" outcome="Passed" testListId="8c84fa94-04c1-424b-9868-57a2d4851a1d" relativeResultsDirectory="7ae47822-d137-4da9-85f2-83486e995cef" />
    <UnitTestResult executionId="02b13d7c-feff-40ad-b8cb-ec20fa3a1ede" testId="e9c111f1-6ad0-4ab8-210c-997ef200a119" testName="A_Stylist_Can_Style_A_Tag" computerName="ERICCARLSONBBE6" duration="00:00:00.0001370" startTime="2022-05-04T14:46:05.4507182-04:00" endTime="2022-05-04T14:46:05.4508552-04:00" testType="13cdc9d9-ddb5-4fa4-a97d-d965ccfc6d4b" outcome="Passed" testListId="8c84fa94-04c1-424b-9868-57a2d4851a1d" relativeResultsDirectory="02b13d7c-feff-40ad-b8cb-ec20fa3a1ede" />
    <UnitTestResult executionId="645afa9b-1a9f-4ee7-9ba1-80a485d639c4" testId="a5c6e477-b34d-8cbd-e1f1-2c39ba8db21d" testName="When_Feature_Tags_Available_They_Are_Placed_On_Single_Line_Before_Heading" computerName="ERICCARLSONBBE6" duration="00:00:00.0003790" startTime="2022-05-04T14:46:04.3925067-04:00" endTime="2022-05-04T14:46:04.3928854-04:00" testType="13cdc9d9-ddb5-4fa4-a97d-d965ccfc6d4b" outcome="Passed" testListId="8c84fa94-04c1-424b-9868-57a2d4851a1d" relativeResultsDirectory="645afa9b-1a9f-4ee7-9ba1-80a485d639c4" />
    <UnitTestResult executionId="71e9bd2c-d109-4a03-ab99-559a6ea222bb" testId="1b8d323f-0439-a0d3-db80-2d1f6152336b" testName="A_Table_Is_Formatted_With_Results" computerName="ERICCARLSONBBE6" duration="00:00:00.0005509" startTime="2022-05-04T14:46:05.4519835-04:00" endTime="2022-05-04T14:46:05.4525339-04:00" testType="13cdc9d9-ddb5-4fa4-a97d-d965ccfc6d4b" outcome="Passed" testListId="8c84fa94-04c1-424b-9868-57a2d4851a1d" relativeResultsDirectory="71e9bd2c-d109-4a03-ab99-559a6ea222bb" />
    <UnitTestResult executionId="e65aaaef-514f-47c8-b9c6-9a902c0616fe" testId="481fda8f-bee2-0a43-451d-33c920aaed33" testName="A_Stylist_Can_Style_A_Step" computerName="ERICCARLSONBBE6" duration="00:00:00.0001600" startTime="2022-05-04T14:46:05.4500378-04:00" endTime="2022-05-04T14:46:05.4501975-04:00" testType="13cdc9d9-ddb5-4fa4-a97d-d965ccfc6d4b" outcome="Passed" testListId="8c84fa94-04c1-424b-9868-57a2d4851a1d" relativeResultsDirectory="e65aaaef-514f-47c8-b9c6-9a902c0616fe" />
    <UnitTestResult executionId="b363e500-dde9-4c8f-8659-3268d54e0693" testId="52223580-48fe-c45f-1082-5d8220212c22" testName="A_New_TitleBlock_Has_Generation_Line" computerName="ERICCARLSONBBE6" duration="00:00:00.0002130" startTime="2022-05-04T14:46:05.4526301-04:00" endTime="2022-05-04T14:46:05.4528427-04:00" testType="13cdc9d9-ddb5-4fa4-a97d-d965ccfc6d4b" outcome="Passed" testListId="8c84fa94-04c1-424b-9868-57a2d4851a1d" relativeResultsDirectory="b363e500-dde9-4c8f-8659-3268d54e0693" />
    <UnitTestResult executionId="890eb7e4-eaad-47e1-acee-1934745b3dd9" testId="e818896b-58a9-0f53-a62b-13637c17dc39" testName="A_New_FeatureBlock_Has_Feature_Heading_On_First_Line" computerName="ERICCARLSONBBE6" duration="00:00:00.0003110" startTime="2022-05-04T14:46:04.3854821-04:00" endTime="2022-05-04T14:46:04.3857934-04:00" testType="13cdc9d9-ddb5-4fa4-a97d-d965ccfc6d4b" outcome="Passed" testListId="8c84fa94-04c1-424b-9868-57a2d4851a1d" relativeResultsDirectory="890eb7e4-eaad-47e1-acee-1934745b3dd9" />
    <UnitTestResult executionId="7eecc506-3838-43e9-bbbf-2b4bb606e6e5" testId="72b92267-d82f-070d-84d0-a4aae3f63aa3" testName="Localization_Has_String_For_GenerationDateTime" computerName="ERICCARLSONBBE6" duration="00:00:00.0029560" startTime="2022-05-04T14:46:04.3946334-04:00" endTime="2022-05-04T14:46:04.3975890-04:00" testType="13cdc9d9-ddb5-4fa4-a97d-d965ccfc6d4b" outcome="Passed" testListId="8c84fa94-04c1-424b-9868-57a2d4851a1d" relativeResultsDirectory="7eecc506-3838-43e9-bbbf-2b4bb606e6e5" />
    <UnitTestResult executionId="f0302b60-1565-422f-a54f-f4ca018101ec" testId="36b01c4e-c867-a891-2fa1-97ad8d589431" testName="A_Stylist_Can_Style_A_Scenario_Heading" computerName="ERICCARLSONBBE6" duration="00:00:00.0001550" startTime="2022-05-04T14:46:05.4495433-04:00" endTime="2022-05-04T14:46:05.4496987-04:00" testType="13cdc9d9-ddb5-4fa4-a97d-d965ccfc6d4b" outcome="Passed" testListId="8c84fa94-04c1-424b-9868-57a2d4851a1d" relativeResultsDirectory="f0302b60-1565-422f-a54f-f4ca018101ec" />
    <UnitTestResult executionId="38a7abe5-e70d-4d2d-953a-b2f2464711bb" testId="0c96c7d8-9cb1-3161-df45-936c044c8a90" testName="When_I_Build_Documentation_A_File_Is_Created" computerName="ERICCARLSONBBE6" duration="00:00:00.0970240" startTime="2022-05-04T14:46:05.2406207-04:00" endTime="2022-05-04T14:46:05.3376440-04:00" testType="13cdc9d9-ddb5-4fa4-a97d-d965ccfc6d4b" outcome="Passed" testListId="8c84fa94-04c1-424b-9868-57a2d4851a1d" relativeResultsDirectory="38a7abe5-e70d-4d2d-953a-b2f2464711bb" />
    <UnitTestResult executionId="d50a1f6e-0c8c-43d5-a231-aa2d5df44608" testId="af1cf20b-f98b-777e-b863-284fbdd4fe3d" testName="A_Stylist_Can_Style_A_Background_Heading" computerName="ERICCARLSONBBE6" duration="00:00:00.0001570" startTime="2022-05-04T14:46:05.4488579-04:00" endTime="2022-05-04T14:46:05.4490146-04:00" testType="13cdc9d9-ddb5-4fa4-a97d-d965ccfc6d4b" outcome="Passed" testListId="8c84fa94-04c1-424b-9868-57a2d4851a1d" relativeResultsDirectory="d50a1f6e-0c8c-43d5-a231-aa2d5df44608" />
    <UnitTestResult executionId="ad5bae2a-9fc7-47a0-9f96-7a4f9f023133" testId="d5bc32eb-f399-e3d6-72f2-d124bea1ff9f" testName="A_Stylist_Can_Style_A_Result" computerName="ERICCARLSONBBE6" duration="00:00:00.0002770" startTime="2022-05-04T14:46:05.4492384-04:00" endTime="2022-05-04T14:46:05.4495153-04:00" testType="13cdc9d9-ddb5-4fa4-a97d-d965ccfc6d4b" outcome="Passed" testListId="8c84fa94-04c1-424b-9868-57a2d4851a1d" relativeResultsDirectory="ad5bae2a-9fc7-47a0-9f96-7a4f9f023133" />
    <UnitTestResult executionId="66e285fc-da10-454b-b74b-37423925f354" testId="66a6d93e-e5a0-9b6b-059b-4ca000c89164" testName="When_A_Scenario_Step_Is_Available_It_Has_Escape_Characters_For_Placeholder_Brackets" computerName="ERICCARLSONBBE6" duration="00:00:00.0010210" startTime="2022-05-04T14:46:05.4465144-04:00" endTime="2022-05-04T14:46:05.4475353-04:00" testType="13cdc9d9-ddb5-4fa4-a97d-d965ccfc6d4b" outcome="Passed" testListId="8c84fa94-04c1-424b-9868-57a2d4851a1d" relativeResultsDirectory="66e285fc-da10-454b-b74b-37423925f354" />
    <UnitTestResult executionId="442ec82b-07bc-4250-94fb-2b2ade26e91d" testId="dda46e0f-a121-b050-b857-b22ec5452c74" testName="Lines_Returns_A_Collection_Of_All_Block_Lines" computerName="ERICCARLSONBBE6" duration="00:00:00.0002530" startTime="2022-05-04T14:46:04.2477096-04:00" endTime="2022-05-04T14:46:04.2479630-04:00" testType="13cdc9d9-ddb5-4fa4-a97d-d965ccfc6d4b" outcome="Passed" testListId="8c84fa94-04c1-424b-9868-57a2d4851a1d" relativeResultsDirectory="442ec82b-07bc-4250-94fb-2b2ade26e91d" />
    <UnitTestResult executionId="15f2bfa6-e038-4cea-9763-2194a3ff15ce" testId="c4a96b56-67ee-ecaa-df28-8048dac51625" testName="A_Stylist_Can_Style_A_Scenario_Heading_With_Result" computerName="ERICCARLSONBBE6" duration="00:00:00.0001590" startTime="2022-05-04T14:46:05.4497090-04:00" endTime="2022-05-04T14:46:05.4498684-04:00" testType="13cdc9d9-ddb5-4fa4-a97d-d965ccfc6d4b" outcome="Passed" testListId="8c84fa94-04c1-424b-9868-57a2d4851a1d" relativeResultsDirectory="15f2bfa6-e038-4cea-9763-2194a3ff15ce" />
    <UnitTestResult executionId="da6076ed-59cc-44c3-b6c9-eb32c8de16b4" testId="0c3d7bf3-c8d9-3999-b9c6-3e425af24857" testName="Localization_Has_String_For_Title" computerName="ERICCARLSONBBE6" duration="00:00:00.0001330" startTime="2022-05-04T14:46:04.3976456-04:00" endTime="2022-05-04T14:46:04.3977785-04:00" testType="13cdc9d9-ddb5-4fa4-a97d-d965ccfc6d4b" outcome="Passed" testListId="8c84fa94-04c1-424b-9868-57a2d4851a1d" relativeResultsDirectory="da6076ed-59cc-44c3-b6c9-eb32c8de16b4" />
    <UnitTestResult executionId="d2b5a595-0ed8-42df-a484-f42bf1799dbc" testId="7c0a4706-a36f-c154-2389-7d6506524c02" testName="A_New_ScenarioBlock_Has_Scenario_Heading_On_First_Line" computerName="ERICCARLSONBBE6" duration="00:00:00.0002240" startTime="2022-05-04T14:46:05.4439273-04:00" endTime="2022-05-04T14:46:05.4441514-04:00" testType="13cdc9d9-ddb5-4fa4-a97d-d965ccfc6d4b" outcome="Passed" testListId="8c84fa94-04c1-424b-9868-57a2d4851a1d" relativeResultsDirectory="d2b5a595-0ed8-42df-a484-f42bf1799dbc" />
    <UnitTestResult executionId="516c852d-c389-4a71-ab70-47b002809372" testId="9004e8cb-7f80-03e1-c097-8d93237f7563" testName="An_Empty_Lines_Object_Has_No_Lines" computerName="ERICCARLSONBBE6" duration="00:00:00.0000940" startTime="2022-05-04T14:46:04.3942968-04:00" endTime="2022-05-04T14:46:04.3943905-04:00" testType="13cdc9d9-ddb5-4fa4-a97d-d965ccfc6d4b" outcome="Passed" testListId="8c84fa94-04c1-424b-9868-57a2d4851a1d" relativeResultsDirectory="516c852d-c389-4a71-ab70-47b002809372" />
    <UnitTestResult executionId="2cedf49d-aae4-47d1-9daa-5543a25a2c65" testId="1162db81-968d-46e8-bc96-b388ff5ae09e" testName="A_Stylist_Can_Style_A_ScenarioOutline_Heading" computerName="ERICCARLSONBBE6" duration="00:00:00.0001399" startTime="2022-05-04T14:46:05.4498871-04:00" endTime="2022-05-04T14:46:05.4500266-04:00" testType="13cdc9d9-ddb5-4fa4-a97d-d965ccfc6d4b" outcome="Passed" testListId="8c84fa94-04c1-424b-9868-57a2d4851a1d" relativeResultsDirectory="2cedf49d-aae4-47d1-9daa-5543a25a2c65" />
  </Results>
  <TestDefinitions>
    <UnitTest name="A_Stylist_Can_Style_A_Step" storage="c:\users\ericcarlson\documents\github\pickles\src\pickles.documentationbuilders.markdown.unittests\bin\debug\net6.0\picklesdoc.pickles.documentationbuilders.markdown.unittests.dll" id="481fda8f-bee2-0a43-451d-33c920aaed33">
      <Execution id="e65aaaef-514f-47c8-b9c6-9a902c0616fe" />
      <TestMethod codeBase="C:\Users\ericcarlson\Documents\GitHub\pickles\src\Pickles.DocumentationBuilders.Markdown.UnitTests\bin\Debug\net6.0\PicklesDoc.Pickles.DocumentationBuilders.Markdown.UnitTests.dll" adapterTypeName="executor://nunit3testexecutor/" className="PicklesDoc.Pickles.DocumentationBuilders.Markdown.UnitTests.Stylist_Tests" name="A_Stylist_Can_Style_A_Step" />
    </UnitTest>
    <UnitTest name="A_New_TitleBlock_Has_Generation_Line" storage="c:\users\ericcarlson\documents\github\pickles\src\pickles.documentationbuilders.markdown.unittests\bin\debug\net6.0\picklesdoc.pickles.documentationbuilders.markdown.unittests.dll" id="52223580-48fe-c45f-1082-5d8220212c22">
      <Execution id="b363e500-dde9-4c8f-8659-3268d54e0693" />
      <TestMethod codeBase="C:\Users\ericcarlson\Documents\GitHub\pickles\src\Pickles.DocumentationBuilders.Markdown.UnitTests\bin\Debug\net6.0\PicklesDoc.Pickles.DocumentationBuilders.Markdown.UnitTests.dll" adapterTypeName="executor://nunit3testexecutor/" className="PicklesDoc.Pickles.DocumentationBuilders.Markdown.UnitTests.TitleBlock_Tests" name="A_New_TitleBlock_Has_Generation_Line" />
    </UnitTest>
    <UnitTest name="A_Table_Is_Formatted_With_Placeholders" storage="c:\users\ericcarlson\documents\github\pickles\src\pickles.documentationbuilders.markdown.unittests\bin\debug\net6.0\picklesdoc.pickles.documentationbuilders.markdown.unittests.dll" id="7e1e3d83-08b7-34c6-d5a0-cb9c9210de3e">
      <Execution id="7ae47822-d137-4da9-85f2-83486e995cef" />
      <TestMethod codeBase="C:\Users\ericcarlson\Documents\GitHub\pickles\src\Pickles.DocumentationBuilders.Markdown.UnitTests\bin\Debug\net6.0\PicklesDoc.Pickles.DocumentationBuilders.Markdown.UnitTests.dll" adapterTypeName="executor://nunit3testexecutor/" className="PicklesDoc.Pickles.DocumentationBuilders.Markdown.UnitTests.TableBlock_Tests" name="A_Table_Is_Formatted_With_Placeholders" />
    </UnitTest>
    <UnitTest name="A_Table_Is_Formatted" storage="c:\users\ericcarlson\documents\github\pickles\src\pickles.documentationbuilders.markdown.unittests\bin\debug\net6.0\picklesdoc.pickles.documentationbuilders.markdown.unittests.dll" id="5d3d500d-237d-827e-aff0-b68712a3e455">
      <Execution id="3d745566-7e63-4722-b0b8-c431dfaef723" />
      <TestMethod codeBase="C:\Users\ericcarlson\Documents\GitHub\pickles\src\Pickles.DocumentationBuilders.Markdown.UnitTests\bin\Debug\net6.0\PicklesDoc.Pickles.DocumentationBuilders.Markdown.UnitTests.dll" adapterTypeName="executor://nunit3testexecutor/" className="PicklesDoc.Pickles.DocumentationBuilders.Markdown.UnitTests.TableBlock_Tests" name="A_Table_Is_Formatted" />
    </UnitTest>
    <UnitTest name="A_Stylist_Can_Style_An_Example_Heading" storage="c:\users\ericcarlson\documents\github\pickles\src\pickles.documentationbuilders.markdown.unittests\bin\debug\net6.0\picklesdoc.pickles.documentationbuilders.markdown.unittests.dll" id="087a7169-3864-8bdf-0f7a-767fa49fba60">
      <Execution id="6896a675-e0f0-4f9f-bd3f-819b2c4cd5cb" />
      <TestMethod codeBase="C:\Users\ericcarlson\Documents\GitHub\pickles\src\Pickles.DocumentationBuilders.Markdown.UnitTests\bin\Debug\net6.0\PicklesDoc.Pickles.DocumentationBuilders.Markdown.UnitTests.dll" adapterTypeName="executor://nunit3testexecutor/" className="PicklesDoc.Pickles.DocumentationBuilders.Markdown.UnitTests.Stylist_Tests" name="A_Stylist_Can_Style_An_Example_Heading" />
    </UnitTest>
    <UnitTest name="When_A_Scenario_Step_Is_Available_It_Is_Placed_On_Single_Line_After_Heading" storage="c:\users\ericcarlson\documents\github\pickles\src\pickles.documentationbuilders.markdown.unittests\bin\debug\net6.0\picklesdoc.pickles.documentationbuilders.markdown.unittests.dll" id="a2168b55-c48f-7e82-a87f-c77a74fb04a1">
      <Execution id="cf1dc0b9-a600-437b-aeeb-a66512b8f717" />
      <TestMethod codeBase="C:\Users\ericcarlson\Documents\GitHub\pickles\src\Pickles.DocumentationBuilders.Markdown.UnitTests\bin\Debug\net6.0\PicklesDoc.Pickles.DocumentationBuilders.Markdown.UnitTests.dll" adapterTypeName="executor://nunit3testexecutor/" className="PicklesDoc.Pickles.DocumentationBuilders.Markdown.UnitTests.ScenarioBlock_Tests" name="When_A_Scenario_Step_Is_Available_It_Is_Placed_On_Single_Line_After_Heading" />
    </UnitTest>
    <UnitTest name="Autofac_Can_Resolve_MarkdownDocumentationBuilder_Request" storage="c:\users\ericcarlson\documents\github\pickles\src\pickles.documentationbuilders.markdown.unittests\bin\debug\net6.0\picklesdoc.pickles.documentationbuilders.markdown.unittests.dll" id="00ebd793-751c-de7a-18e8-922b4a4d7a79">
      <Execution id="e711724c-5c43-4c1e-94d1-9161f07eddd0" />
      <TestMethod codeBase="C:\Users\ericcarlson\Documents\GitHub\pickles\src\Pickles.DocumentationBuilders.Markdown.UnitTests\bin\Debug\net6.0\PicklesDoc.Pickles.DocumentationBuilders.Markdown.UnitTests.dll" adapterTypeName="executor://nunit3testexecutor/" className="PicklesDoc.Pickles.DocumentationBuilders.Markdown.UnitTests.MarkdownDocumentationBuilder_Tests" name="Autofac_Can_Resolve_MarkdownDocumentationBuilder_Request" />
    </UnitTest>
    <UnitTest name="Localization_Has_String_For_Title" storage="c:\users\ericcarlson\documents\github\pickles\src\pickles.documentationbuilders.markdown.unittests\bin\debug\net6.0\picklesdoc.pickles.documentationbuilders.markdown.unittests.dll" id="0c3d7bf3-c8d9-3999-b9c6-3e425af24857">
      <Execution id="da6076ed-59cc-44c3-b6c9-eb32c8de16b4" />
      <TestMethod codeBase="C:\Users\ericcarlson\Documents\GitHub\pickles\src\Pickles.DocumentationBuilders.Markdown.UnitTests\bin\Debug\net6.0\PicklesDoc.Pickles.DocumentationBuilders.Markdown.UnitTests.dll" adapterTypeName="executor://nunit3testexecutor/" className="PicklesDoc.Pickles.DocumentationBuilders.Markdown.UnitTests.Localization_Tests" name="Localization_Has_String_For_Title" />
    </UnitTest>
    <UnitTest name="Localization_Has_String_For_GenerationDateTime" storage="c:\users\ericcarlson\documents\github\pickles\src\pickles.documentationbuilders.markdown.unittests\bin\debug\net6.0\picklesdoc.pickles.documentationbuilders.markdown.unittests.dll" id="72b92267-d82f-070d-84d0-a4aae3f63aa3">
      <Execution id="7eecc506-3838-43e9-bbbf-2b4bb606e6e5" />
      <TestMethod codeBase="C:\Users\ericcarlson\Documents\GitHub\pickles\src\Pickles.DocumentationBuilders.Markdown.UnitTests\bin\Debug\net6.0\PicklesDoc.Pickles.DocumentationBuilders.Markdown.UnitTests.dll" adapterTypeName="executor://nunit3testexecutor/" className="PicklesDoc.Pickles.DocumentationBuilders.Markdown.UnitTests.Localization_Tests" name="Localization_Has_String_For_GenerationDateTime" />
    </UnitTest>
    <UnitTest name="A_Stylist_Can_Style_A_Background_Heading" storage="c:\users\ericcarlson\documents\github\pickles\src\pickles.documentationbuilders.markdown.unittests\bin\debug\net6.0\picklesdoc.pickles.documentationbuilders.markdown.unittests.dll" id="af1cf20b-f98b-777e-b863-284fbdd4fe3d">
      <Execution id="d50a1f6e-0c8c-43d5-a231-aa2d5df44608" />
      <TestMethod codeBase="C:\Users\ericcarlson\Documents\GitHub\pickles\src\Pickles.DocumentationBuilders.Markdown.UnitTests\bin\Debug\net6.0\PicklesDoc.Pickles.DocumentationBuilders.Markdown.UnitTests.dll" adapterTypeName="executor://nunit3testexecutor/" className="PicklesDoc.Pickles.DocumentationBuilders.Markdown.UnitTests.Stylist_Tests" name="A_Stylist_Can_Style_A_Background_Heading" />
    </UnitTest>
    <UnitTest name="A_Stylist_Can_Style_A_StepLine" storage="c:\users\ericcarlson\documents\github\pickles\src\pickles.documentationbuilders.markdown.unittests\bin\debug\net6.0\picklesdoc.pickles.documentationbuilders.markdown.unittests.dll" id="f6390755-b75b-1311-f0e2-639cacf50291">
      <Execution id="1aab9d4f-c42c-4de3-8b88-4aea80d3b7c2" />
      <TestMethod codeBase="C:\Users\ericcarlson\Documents\GitHub\pickles\src\Pickles.DocumentationBuilders.Markdown.UnitTests\bin\Debug\net6.0\PicklesDoc.Pickles.DocumentationBuilders.Markdown.UnitTests.dll" adapterTypeName="executor://nunit3testexecutor/" className="PicklesDoc.Pickles.DocumentationBuilders.Markdown.UnitTests.Stylist_Tests" name="A_Stylist_Can_Style_A_StepLine" />
    </UnitTest>
    <UnitTest name="When_Feature_Tags_Available_They_Are_Placed_On_Single_Line_Before_Heading" storage="c:\users\ericcarlson\documents\github\pickles\src\pickles.documentationbuilders.markdown.unittests\bin\debug\net6.0\picklesdoc.pickles.documentationbuilders.markdown.unittests.dll" id="a5c6e477-b34d-8cbd-e1f1-2c39ba8db21d">
      <Execution id="645afa9b-1a9f-4ee7-9ba1-80a485d639c4" />
      <TestMethod codeBase="C:\Users\ericcarlson\Documents\GitHub\pickles\src\Pickles.DocumentationBuilders.Markdown.UnitTests\bin\Debug\net6.0\PicklesDoc.Pickles.DocumentationBuilders.Markdown.UnitTests.dll" adapterTypeName="executor://nunit3testexecutor/" className="PicklesDoc.Pickles.DocumentationBuilders.Markdown.UnitTests.FeatureBlock_Tests" name="When_Feature_Tags_Available_They_Are_Placed_On_Single_Line_Before_Heading" />
    </UnitTest>
    <UnitTest name="A_Stylist_Can_Style_A_Tag" storage="c:\users\ericcarlson\documents\github\pickles\src\pickles.documentationbuilders.markdown.unittests\bin\debug\net6.0\picklesdoc.pickles.documentationbuilders.markdown.unittests.dll" id="e9c111f1-6ad0-4ab8-210c-997ef200a119">
      <Execution id="02b13d7c-feff-40ad-b8cb-ec20fa3a1ede" />
      <TestMethod codeBase="C:\Users\ericcarlson\Documents\GitHub\pickles\src\Pickles.DocumentationBuilders.Markdown.UnitTests\bin\Debug\net6.0\PicklesDoc.Pickles.DocumentationBuilders.Markdown.UnitTests.dll" adapterTypeName="executor://nunit3testexecutor/" className="PicklesDoc.Pickles.DocumentationBuilders.Markdown.UnitTests.Stylist_Tests" name="A_Stylist_Can_Style_A_Tag" />
    </UnitTest>
    <UnitTest name="When_I_Build_Documentation_Icon_Files_Are_Created" storage="c:\users\ericcarlson\documents\github\pickles\src\pickles.documentationbuilders.markdown.unittests\bin\debug\net6.0\picklesdoc.pickles.documentationbuilders.markdown.unittests.dll" id="1c45ea74-d176-4223-5c68-d75bf93dcd7b">
      <Execution id="4bd7ba12-e573-47a8-b2d0-b76b6625ea11" />
      <TestMethod codeBase="C:\Users\ericcarlson\Documents\GitHub\pickles\src\Pickles.DocumentationBuilders.Markdown.UnitTests\bin\Debug\net6.0\PicklesDoc.Pickles.DocumentationBuilders.Markdown.UnitTests.dll" adapterTypeName="executor://nunit3testexecutor/" className="PicklesDoc.Pickles.DocumentationBuilders.Markdown.UnitTests.MarkdownDocumentationBuilder_Tests" name="When_I_Build_Documentation_Icon_Files_Are_Created" />
    </UnitTest>
    <UnitTest name="A_Stylist_Can_Style_A_Table_Result_Heading" storage="c:\users\ericcarlson\documents\github\pickles\src\pickles.documentationbuilders.markdown.unittests\bin\debug\net6.0\picklesdoc.pickles.documentationbuilders.markdown.unittests.dll" id="89078dd5-dbe6-d29f-68ce-14d516c4a219">
      <Execution id="11e07b93-c614-4e04-9891-e9f8a350e92e" />
      <TestMethod codeBase="C:\Users\ericcarlson\Documents\GitHub\pickles\src\Pickles.DocumentationBuilders.Markdown.UnitTests\bin\Debug\net6.0\PicklesDoc.Pickles.DocumentationBuilders.Markdown.UnitTests.dll" adapterTypeName="executor://nunit3testexecutor/" className="PicklesDoc.Pickles.DocumentationBuilders.Markdown.UnitTests.Stylist_Tests" name="A_Stylist_Can_Style_A_Table_Result_Heading" />
    </UnitTest>
    <UnitTest name="New_Documentation_Produces_Default_Single_Page" storage="c:\users\ericcarlson\documents\github\pickles\src\pickles.documentationbuilders.markdown.unittests\bin\debug\net6.0\picklesdoc.pickles.documentationbuilders.markdown.unittests.dll" id="06d5cdf3-faa5-12cf-4029-56953a4c81e7">
      <Execution id="06a7a56a-8bcc-4e75-a156-a91db269726b" />
      <TestMethod codeBase="C:\Users\ericcarlson\Documents\GitHub\pickles\src\Pickles.DocumentationBuilders.Markdown.UnitTests\bin\Debug\net6.0\PicklesDoc.Pickles.DocumentationBuilders.Markdown.UnitTests.dll" adapterTypeName="executor://nunit3testexecutor/" className="PicklesDoc.Pickles.DocumentationBuilders.Markdown.UnitTests.Documentation_Tests" name="New_Documentation_Produces_Default_Single_Page" />
    </UnitTest>
    <UnitTest name="A_Stylist_Can_Style_A_Step_With_Angle_Brakets" storage="c:\users\ericcarlson\documents\github\pickles\src\pickles.documentationbuilders.markdown.unittests\bin\debug\net6.0\picklesdoc.pickles.documentationbuilders.markdown.unittests.dll" id="c4d3054f-f69e-28a7-32ea-27cca40ff6c7">
      <Execution id="d51a7483-0a9b-4818-b9e9-cbd4f171024d" />
      <TestMethod codeBase="C:\Users\ericcarlson\Documents\GitHub\pickles\src\Pickles.DocumentationBuilders.Markdown.UnitTests\bin\Debug\net6.0\PicklesDoc.Pickles.DocumentationBuilders.Markdown.UnitTests.dll" adapterTypeName="executor://nunit3testexecutor/" className="PicklesDoc.Pickles.DocumentationBuilders.Markdown.UnitTests.Stylist_Tests" name="A_Stylist_Can_Style_A_Step_With_Angle_Brakets" />
    </UnitTest>
    <UnitTest name="When_Mutiple_Scenarios_Are_Available_They_Are_Included_After_Heading" storage="c:\users\ericcarlson\documents\github\pickles\src\pickles.documentationbuilders.markdown.unittests\bin\debug\net6.0\picklesdoc.pickles.documentationbuilders.markdown.unittests.dll" id="33258916-b4e4-0851-5a91-8fe4143d3fb3">
      <Execution id="8bec44c8-6931-40cf-a0b5-1b2356568a75" />
      <TestMethod codeBase="C:\Users\ericcarlson\Documents\GitHub\pickles\src\Pickles.DocumentationBuilders.Markdown.UnitTests\bin\Debug\net6.0\PicklesDoc.Pickles.DocumentationBuilders.Markdown.UnitTests.dll" adapterTypeName="executor://nunit3testexecutor/" className="PicklesDoc.Pickles.DocumentationBuilders.Markdown.UnitTests.FeatureBlock_Tests" name="When_Mutiple_Scenarios_Are_Available_They_Are_Included_After_Heading" />
    </UnitTest>
    <UnitTest name="A_Stylist_Can_Style_A_Scenario_Heading" storage="c:\users\ericcarlson\documents\github\pickles\src\pickles.documentationbuilders.markdown.unittests\bin\debug\net6.0\picklesdoc.pickles.documentationbuilders.markdown.unittests.dll" id="36b01c4e-c867-a891-2fa1-97ad8d589431">
      <Execution id="f0302b60-1565-422f-a54f-f4ca018101ec" />
      <TestMethod codeBase="C:\Users\ericcarlson\Documents\GitHub\pickles\src\Pickles.DocumentationBuilders.Markdown.UnitTests\bin\Debug\net6.0\PicklesDoc.Pickles.DocumentationBuilders.Markdown.UnitTests.dll" adapterTypeName="executor://nunit3testexecutor/" className="PicklesDoc.Pickles.DocumentationBuilders.Markdown.UnitTests.Stylist_Tests" name="A_Stylist_Can_Style_A_Scenario_Heading" />
    </UnitTest>
    <UnitTest name="When_A_Scenario_Step_Has_A_Result__The_Result_Is_Included" storage="c:\users\ericcarlson\documents\github\pickles\src\pickles.documentationbuilders.markdown.unittests\bin\debug\net6.0\picklesdoc.pickles.documentationbuilders.markdown.unittests.dll" id="4ddc7a2b-873e-5268-25fb-47a5f8786352">
      <Execution id="fb466767-21f1-40e3-919b-9f0a23663d18" />
      <TestMethod codeBase="C:\Users\ericcarlson\Documents\GitHub\pickles\src\Pickles.DocumentationBuilders.Markdown.UnitTests\bin\Debug\net6.0\PicklesDoc.Pickles.DocumentationBuilders.Markdown.UnitTests.dll" adapterTypeName="executor://nunit3testexecutor/" className="PicklesDoc.Pickles.DocumentationBuilders.Markdown.UnitTests.ScenarioBlock_Tests" name="When_A_Scenario_Step_Has_A_Result__The_Result_Is_Included" />
    </UnitTest>
    <UnitTest name="A_Step_Table_Is_Formatted" storage="c:\users\ericcarlson\documents\github\pickles\src\pickles.documentationbuilders.markdown.unittests\bin\debug\net6.0\picklesdoc.pickles.documentationbuilders.markdown.unittests.dll" id="69f335ed-55f7-e738-817f-095a67fa17c4">
      <Execution id="09f6cf7c-a983-4087-b6b1-5981c44c48a5" />
      <TestMethod codeBase="C:\Users\ericcarlson\Documents\GitHub\pickles\src\Pickles.DocumentationBuilders.Markdown.UnitTests\bin\Debug\net6.0\PicklesDoc.Pickles.DocumentationBuilders.Markdown.UnitTests.dll" adapterTypeName="executor://nunit3testexecutor/" className="PicklesDoc.Pickles.DocumentationBuilders.Markdown.UnitTests.StepBlock_Tests" name="A_Step_Table_Is_Formatted" />
    </UnitTest>
    <UnitTest name="With_A_Simple_Feature_The_Output_Has_Default_Content" storage="c:\users\ericcarlson\documents\github\pickles\src\pickles.documentationbuilders.markdown.unittests\bin\debug\net6.0\picklesdoc.pickles.documentationbuilders.markdown.unittests.dll" id="375a6997-a0a8-9897-2bc4-051254737b59">
      <Execution id="5deefce9-86c0-4c11-9788-830e74e1de33" />
      <TestMethod codeBase="C:\Users\ericcarlson\Documents\GitHub\pickles\src\Pickles.DocumentationBuilders.Markdown.UnitTests\bin\Debug\net6.0\PicklesDoc.Pickles.DocumentationBuilders.Markdown.UnitTests.dll" adapterTypeName="executor://nunit3testexecutor/" className="PicklesDoc.Pickles.DocumentationBuilders.Markdown.UnitTests.MarkdownDocumentationBuilder_Tests" name="With_A_Simple_Feature_The_Output_Has_Default_Content" />
    </UnitTest>
    <UnitTest name="Examples_Are_Included_As_Table" storage="c:\users\ericcarlson\documents\github\pickles\src\pickles.documentationbuilders.markdown.unittests\bin\debug\net6.0\picklesdoc.pickles.documentationbuilders.markdown.unittests.dll" id="b9082ac3-c344-775f-2ed2-5cef39b3a84e">
      <Execution id="6d77b09d-7878-4fe5-84c9-ecfaff7c465f" />
      <TestMethod codeBase="C:\Users\ericcarlson\Documents\GitHub\pickles\src\Pickles.DocumentationBuilders.Markdown.UnitTests\bin\Debug\net6.0\PicklesDoc.Pickles.DocumentationBuilders.Markdown.UnitTests.dll" adapterTypeName="executor://nunit3testexecutor/" className="PicklesDoc.Pickles.DocumentationBuilders.Markdown.UnitTests.ScenarioBlock_Tests" name="Examples_Are_Included_As_Table" />
    </UnitTest>
    <UnitTest name="When_I_Build_Documentation_A_File_Is_Created" storage="c:\users\ericcarlson\documents\github\pickles\src\pickles.documentationbuilders.markdown.unittests\bin\debug\net6.0\picklesdoc.pickles.documentationbuilders.markdown.unittests.dll" id="0c96c7d8-9cb1-3161-df45-936c044c8a90">
      <Execution id="38a7abe5-e70d-4d2d-953a-b2f2464711bb" />
      <TestMethod codeBase="C:\Users\ericcarlson\Documents\GitHub\pickles\src\Pickles.DocumentationBuilders.Markdown.UnitTests\bin\Debug\net6.0\PicklesDoc.Pickles.DocumentationBuilders.Markdown.UnitTests.dll" adapterTypeName="executor://nunit3testexecutor/" className="PicklesDoc.Pickles.DocumentationBuilders.Markdown.UnitTests.MarkdownDocumentationBuilder_Tests" name="When_I_Build_Documentation_A_File_Is_Created" />
    </UnitTest>
    <UnitTest name="When_Scenario_Is_Available_It_Is_Included_After_Heading" storage="c:\users\ericcarlson\documents\github\pickles\src\pickles.documentationbuilders.markdown.unittests\bin\debug\net6.0\picklesdoc.pickles.documentationbuilders.markdown.unittests.dll" id="2be587f2-52cc-ecb6-a175-06d50e5ae2e7">
      <Execution id="b685cbe0-e69d-4886-9eaf-a6d659ae5ea2" />
      <TestMethod codeBase="C:\Users\ericcarlson\Documents\GitHub\pickles\src\Pickles.DocumentationBuilders.Markdown.UnitTests\bin\Debug\net6.0\PicklesDoc.Pickles.DocumentationBuilders.Markdown.UnitTests.dll" adapterTypeName="executor://nunit3testexecutor/" className="PicklesDoc.Pickles.DocumentationBuilders.Markdown.UnitTests.FeatureBlock_Tests" name="When_Scenario_Is_Available_It_Is_Included_After_Heading" />
    </UnitTest>
    <UnitTest name="When_A_Background_Is_Present_Its_Included_In_Markdown_Output" storage="c:\users\ericcarlson\documents\github\pickles\src\pickles.documentationbuilders.markdown.unittests\bin\debug\net6.0\picklesdoc.pickles.documentationbuilders.markdown.unittests.dll" id="aa7d19ca-6be0-4851-e641-556ba8ce4420">
      <Execution id="a71e85ff-8811-4613-b888-ded73a90b1bc" />
      <TestMethod codeBase="C:\Users\ericcarlson\Documents\GitHub\pickles\src\Pickles.DocumentationBuilders.Markdown.UnitTests\bin\Debug\net6.0\PicklesDoc.Pickles.DocumentationBuilders.Markdown.UnitTests.dll" adapterTypeName="executor://nunit3testexecutor/" className="PicklesDoc.Pickles.DocumentationBuilders.Markdown.UnitTests.FeatureBlock_Tests" name="When_A_Background_Is_Present_Its_Included_In_Markdown_Output" />
    </UnitTest>
    <UnitTest name="A_New_TitleBlock_Has_Title_Line" storage="c:\users\ericcarlson\documents\github\pickles\src\pickles.documentationbuilders.markdown.unittests\bin\debug\net6.0\picklesdoc.pickles.documentationbuilders.markdown.unittests.dll" id="c658766d-c5fb-3258-29b2-0a94adc9a21c">
      <Execution id="b6aa5920-1483-4587-a8cd-1e5ffb306847" />
      <TestMethod codeBase="C:\Users\ericcarlson\Documents\GitHub\pickles\src\Pickles.DocumentationBuilders.Markdown.UnitTests\bin\Debug\net6.0\PicklesDoc.Pickles.DocumentationBuilders.Markdown.UnitTests.dll" adapterTypeName="executor://nunit3testexecutor/" className="PicklesDoc.Pickles.DocumentationBuilders.Markdown.UnitTests.TitleBlock_Tests" name="A_New_TitleBlock_Has_Title_Line" />
    </UnitTest>
    <UnitTest name="New_MarkdownDocumentationBuilder_Is_An_Implementation_Of_IDocumentationBuilder" storage="c:\users\ericcarlson\documents\github\pickles\src\pickles.documentationbuilders.markdown.unittests\bin\debug\net6.0\picklesdoc.pickles.documentationbuilders.markdown.unittests.dll" id="0dfe1c29-0f1e-edfc-3817-67b7033c14c1">
      <Execution id="1b3eba97-09be-4e2f-b1d4-539661ebaf93" />
      <TestMethod codeBase="C:\Users\ericcarlson\Documents\GitHub\pickles\src\Pickles.DocumentationBuilders.Markdown.UnitTests\bin\Debug\net6.0\PicklesDoc.Pickles.DocumentationBuilders.Markdown.UnitTests.dll" adapterTypeName="executor://nunit3testexecutor/" className="PicklesDoc.Pickles.DocumentationBuilders.Markdown.UnitTests.MarkdownDocumentationBuilder_Tests" name="New_MarkdownDocumentationBuilder_Is_An_Implementation_Of_IDocumentationBuilder" />
    </UnitTest>
    <UnitTest name="Adding_A_Line_Increases_Count" storage="c:\users\ericcarlson\documents\github\pickles\src\pickles.documentationbuilders.markdown.unittests\bin\debug\net6.0\picklesdoc.pickles.documentationbuilders.markdown.unittests.dll" id="58c8736d-b187-f051-93fa-0f90a342760e">
      <Execution id="b524c484-7b7d-4c29-afdf-a6757fa01c98" />
      <TestMethod codeBase="C:\Users\ericcarlson\Documents\GitHub\pickles\src\Pickles.DocumentationBuilders.Markdown.UnitTests\bin\Debug\net6.0\PicklesDoc.Pickles.DocumentationBuilders.Markdown.UnitTests.dll" adapterTypeName="executor://nunit3testexecutor/" className="PicklesDoc.Pickles.DocumentationBuilders.Markdown.UnitTests.Lines_Tests" name="Adding_A_Line_Increases_Count" />
    </UnitTest>
    <UnitTest name="A_Stylist_Can_Style_A_Title" storage="c:\users\ericcarlson\documents\github\pickles\src\pickles.documentationbuilders.markdown.unittests\bin\debug\net6.0\picklesdoc.pickles.documentationbuilders.markdown.unittests.dll" id="7e57b20e-af1e-50f7-b450-cb9820ac386c">
      <Execution id="62ac810f-b88c-4172-aadb-e2d7f1cc7edd" />
      <TestMethod codeBase="C:\Users\ericcarlson\Documents\GitHub\pickles\src\Pickles.DocumentationBuilders.Markdown.UnitTests\bin\Debug\net6.0\PicklesDoc.Pickles.DocumentationBuilders.Markdown.UnitTests.dll" adapterTypeName="executor://nunit3testexecutor/" className="PicklesDoc.Pickles.DocumentationBuilders.Markdown.UnitTests.Stylist_Tests" name="A_Stylist_Can_Style_A_Title" />
    </UnitTest>
    <UnitTest name="A_New_FeatureBlock_Has_Feature_Heading_On_First_Line" storage="c:\users\ericcarlson\documents\github\pickles\src\pickles.documentationbuilders.markdown.unittests\bin\debug\net6.0\picklesdoc.pickles.documentationbuilders.markdown.unittests.dll" id="e818896b-58a9-0f53-a62b-13637c17dc39">
      <Execution id="890eb7e4-eaad-47e1-acee-1934745b3dd9" />
      <TestMethod codeBase="C:\Users\ericcarlson\Documents\GitHub\pickles\src\Pickles.DocumentationBuilders.Markdown.UnitTests\bin\Debug\net6.0\PicklesDoc.Pickles.DocumentationBuilders.Markdown.UnitTests.dll" adapterTypeName="executor://nunit3testexecutor/" className="PicklesDoc.Pickles.DocumentationBuilders.Markdown.UnitTests.FeatureBlock_Tests" name="A_New_FeatureBlock_Has_Feature_Heading_On_First_Line" />
    </UnitTest>
    <UnitTest name="A_Stylist_Can_Style_A_Background_Heading_Without_A_Name" storage="c:\users\ericcarlson\documents\github\pickles\src\pickles.documentationbuilders.markdown.unittests\bin\debug\net6.0\picklesdoc.pickles.documentationbuilders.markdown.unittests.dll" id="3978d76f-896f-700f-9f11-9d7049610568">
      <Execution id="762035b6-c09d-4b34-958a-d814e716262a" />
      <TestMethod codeBase="C:\Users\ericcarlson\Documents\GitHub\pickles\src\Pickles.DocumentationBuilders.Markdown.UnitTests\bin\Debug\net6.0\PicklesDoc.Pickles.DocumentationBuilders.Markdown.UnitTests.dll" adapterTypeName="executor://nunit3testexecutor/" className="PicklesDoc.Pickles.DocumentationBuilders.Markdown.UnitTests.Stylist_Tests" name="A_Stylist_Can_Style_A_Background_Heading_Without_A_Name" />
    </UnitTest>
    <UnitTest name="A_New_ScenarioBlock_Has_Scenario_Heading_On_First_Line" storage="c:\users\ericcarlson\documents\github\pickles\src\pickles.documentationbuilders.markdown.unittests\bin\debug\net6.0\picklesdoc.pickles.documentationbuilders.markdown.unittests.dll" id="7c0a4706-a36f-c154-2389-7d6506524c02">
      <Execution id="d2b5a595-0ed8-42df-a484-f42bf1799dbc" />
      <TestMethod codeBase="C:\Users\ericcarlson\Documents\GitHub\pickles\src\Pickles.DocumentationBuilders.Markdown.UnitTests\bin\Debug\net6.0\PicklesDoc.Pickles.DocumentationBuilders.Markdown.UnitTests.dll" adapterTypeName="executor://nunit3testexecutor/" className="PicklesDoc.Pickles.DocumentationBuilders.Markdown.UnitTests.ScenarioBlock_Tests" name="A_New_ScenarioBlock_Has_Scenario_Heading_On_First_Line" />
    </UnitTest>
    <UnitTest name="New_Documentation_With_Feature_Produces_Single_Page" storage="c:\users\ericcarlson\documents\github\pickles\src\pickles.documentationbuilders.markdown.unittests\bin\debug\net6.0\picklesdoc.pickles.documentationbuilders.markdown.unittests.dll" id="85251763-7039-42ec-11eb-8bd634e77dcb">
      <Execution id="4aba25ab-479e-4b49-abb2-347d98c4548a" />
      <TestMethod codeBase="C:\Users\ericcarlson\Documents\GitHub\pickles\src\Pickles.DocumentationBuilders.Markdown.UnitTests\bin\Debug\net6.0\PicklesDoc.Pickles.DocumentationBuilders.Markdown.UnitTests.dll" adapterTypeName="executor://nunit3testexecutor/" className="PicklesDoc.Pickles.DocumentationBuilders.Markdown.UnitTests.Documentation_Tests" name="New_Documentation_With_Feature_Produces_Single_Page" />
    </UnitTest>
    <UnitTest name="A_Stylist_Can_Style_A_Result" storage="c:\users\ericcarlson\documents\github\pickles\src\pickles.documentationbuilders.markdown.unittests\bin\debug\net6.0\picklesdoc.pickles.documentationbuilders.markdown.unittests.dll" id="d5bc32eb-f399-e3d6-72f2-d124bea1ff9f">
      <Execution id="ad5bae2a-9fc7-47a0-9f96-7a4f9f023133" />
      <TestMethod codeBase="C:\Users\ericcarlson\Documents\GitHub\pickles\src\Pickles.DocumentationBuilders.Markdown.UnitTests\bin\Debug\net6.0\PicklesDoc.Pickles.DocumentationBuilders.Markdown.UnitTests.dll" adapterTypeName="executor://nunit3testexecutor/" className="PicklesDoc.Pickles.DocumentationBuilders.Markdown.UnitTests.Stylist_Tests" name="A_Stylist_Can_Style_A_Result" />
    </UnitTest>
    <UnitTest name="An_Empty_Lines_Object_Has_No_Lines" storage="c:\users\ericcarlson\documents\github\pickles\src\pickles.documentationbuilders.markdown.unittests\bin\debug\net6.0\picklesdoc.pickles.documentationbuilders.markdown.unittests.dll" id="9004e8cb-7f80-03e1-c097-8d93237f7563">
      <Execution id="516c852d-c389-4a71-ab70-47b002809372" />
      <TestMethod codeBase="C:\Users\ericcarlson\Documents\GitHub\pickles\src\Pickles.DocumentationBuilders.Markdown.UnitTests\bin\Debug\net6.0\PicklesDoc.Pickles.DocumentationBuilders.Markdown.UnitTests.dll" adapterTypeName="executor://nunit3testexecutor/" className="PicklesDoc.Pickles.DocumentationBuilders.Markdown.UnitTests.Lines_Tests" name="An_Empty_Lines_Object_Has_No_Lines" />
    </UnitTest>
    <UnitTest name="Converting_Lines_Object_To_String_Returns_All_Lines_With_NewLine_Seperator" storage="c:\users\ericcarlson\documents\github\pickles\src\pickles.documentationbuilders.markdown.unittests\bin\debug\net6.0\picklesdoc.pickles.documentationbuilders.markdown.unittests.dll" id="f3c22ca4-1f1a-514e-fe27-7cf83db7d8e3">
      <Execution id="07817d43-fd94-4d6a-87aa-8807b1e28142" />
      <TestMethod codeBase="C:\Users\ericcarlson\Documents\GitHub\pickles\src\Pickles.DocumentationBuilders.Markdown.UnitTests\bin\Debug\net6.0\PicklesDoc.Pickles.DocumentationBuilders.Markdown.UnitTests.dll" adapterTypeName="executor://nunit3testexecutor/" className="PicklesDoc.Pickles.DocumentationBuilders.Markdown.UnitTests.Lines_Tests" name="Converting_Lines_Object_To_String_Returns_All_Lines_With_NewLine_Seperator" />
    </UnitTest>
    <UnitTest name="ToString_Returns_Blocks_Markdown_Content" storage="c:\users\ericcarlson\documents\github\pickles\src\pickles.documentationbuilders.markdown.unittests\bin\debug\net6.0\picklesdoc.pickles.documentationbuilders.markdown.unittests.dll" id="00406124-e5b3-afc5-cb68-1b5f68830cc7">
      <Execution id="65611a5a-c3c6-40f6-a333-89a31229dcb6" />
      <TestMethod codeBase="C:\Users\ericcarlson\Documents\GitHub\pickles\src\Pickles.DocumentationBuilders.Markdown.UnitTests\bin\Debug\net6.0\PicklesDoc.Pickles.DocumentationBuilders.Markdown.UnitTests.dll" adapterTypeName="executor://nunit3testexecutor/" className="PicklesDoc.Pickles.DocumentationBuilders.Markdown.UnitTests.Blocks_Tests.Block_Tests" name="ToString_Returns_Blocks_Markdown_Content" />
    </UnitTest>
    <UnitTest name="A_New_BackgroundBlock_Has_Background_Heading_On_First_Line" storage="c:\users\ericcarlson\documents\github\pickles\src\pickles.documentationbuilders.markdown.unittests\bin\debug\net6.0\picklesdoc.pickles.documentationbuilders.markdown.unittests.dll" id="0c360c57-a6c3-40a3-5ea6-00aa7076731a">
      <Execution id="d6bd698d-8ae2-40e2-91d3-56116d65c77a" />
      <TestMethod codeBase="C:\Users\ericcarlson\Documents\GitHub\pickles\src\Pickles.DocumentationBuilders.Markdown.UnitTests\bin\Debug\net6.0\PicklesDoc.Pickles.DocumentationBuilders.Markdown.UnitTests.dll" adapterTypeName="executor://nunit3testexecutor/" className="PicklesDoc.Pickles.DocumentationBuilders.Markdown.UnitTests.BackgroundBlock_Tests" name="A_New_BackgroundBlock_Has_Background_Heading_On_First_Line" />
    </UnitTest>
    <UnitTest name="With_A_Null_Tree_The_Output_Has_Default_Content" storage="c:\users\ericcarlson\documents\github\pickles\src\pickles.documentationbuilders.markdown.unittests\bin\debug\net6.0\picklesdoc.pickles.documentationbuilders.markdown.unittests.dll" id="0b21c1a4-8f07-6205-9441-85483a8df440">
      <Execution id="ea1111df-91a2-46ae-b7aa-5eecabef4e18" />
      <TestMethod codeBase="C:\Users\ericcarlson\Documents\GitHub\pickles\src\Pickles.DocumentationBuilders.Markdown.UnitTests\bin\Debug\net6.0\PicklesDoc.Pickles.DocumentationBuilders.Markdown.UnitTests.dll" adapterTypeName="executor://nunit3testexecutor/" className="PicklesDoc.Pickles.DocumentationBuilders.Markdown.UnitTests.MarkdownDocumentationBuilder_Tests" name="With_A_Null_Tree_The_Output_Has_Default_Content" />
    </UnitTest>
    <UnitTest name="A_Stylist_Can_Style_A_ScenarioOutline_Heading" storage="c:\users\ericcarlson\documents\github\pickles\src\pickles.documentationbuilders.markdown.unittests\bin\debug\net6.0\picklesdoc.pickles.documentationbuilders.markdown.unittests.dll" id="1162db81-968d-46e8-bc96-b388ff5ae09e">
      <Execution id="2cedf49d-aae4-47d1-9daa-5543a25a2c65" />
      <TestMethod codeBase="C:\Users\ericcarlson\Documents\GitHub\pickles\src\Pickles.DocumentationBuilders.Markdown.UnitTests\bin\Debug\net6.0\PicklesDoc.Pickles.DocumentationBuilders.Markdown.UnitTests.dll" adapterTypeName="executor://nunit3testexecutor/" className="PicklesDoc.Pickles.DocumentationBuilders.Markdown.UnitTests.Stylist_Tests" name="A_Stylist_Can_Style_A_ScenarioOutline_Heading" />
    </UnitTest>
    <UnitTest name="A_Stylist_Can_Style_A_Feature_Heading" storage="c:\users\ericcarlson\documents\github\pickles\src\pickles.documentationbuilders.markdown.unittests\bin\debug\net6.0\picklesdoc.pickles.documentationbuilders.markdown.unittests.dll" id="62b1c57a-1be9-64d3-3e69-6dfddc32e1ae">
      <Execution id="0409fbe2-d008-4862-86a4-dc7cdda99293" />
      <TestMethod codeBase="C:\Users\ericcarlson\Documents\GitHub\pickles\src\Pickles.DocumentationBuilders.Markdown.UnitTests\bin\Debug\net6.0\PicklesDoc.Pickles.DocumentationBuilders.Markdown.UnitTests.dll" adapterTypeName="executor://nunit3testexecutor/" className="PicklesDoc.Pickles.DocumentationBuilders.Markdown.UnitTests.Stylist_Tests" name="A_Stylist_Can_Style_A_Feature_Heading" />
    </UnitTest>
    <UnitTest name="The_Step_Is_Formatted" storage="c:\users\ericcarlson\documents\github\pickles\src\pickles.documentationbuilders.markdown.unittests\bin\debug\net6.0\picklesdoc.pickles.documentationbuilders.markdown.unittests.dll" id="57425b88-59a5-ccd8-a4c4-1db736b8b082">
      <Execution id="2ac06d14-addb-429b-9f7c-c0a4e9c16ffc" />
      <TestMethod codeBase="C:\Users\ericcarlson\Documents\GitHub\pickles\src\Pickles.DocumentationBuilders.Markdown.UnitTests\bin\Debug\net6.0\PicklesDoc.Pickles.DocumentationBuilders.Markdown.UnitTests.dll" adapterTypeName="executor://nunit3testexecutor/" className="PicklesDoc.Pickles.DocumentationBuilders.Markdown.UnitTests.StepBlock_Tests" name="The_Step_Is_Formatted" />
    </UnitTest>
    <UnitTest name="A_Stylist_Can_Style_An_Example_Heading_Without_A_Name" storage="c:\users\ericcarlson\documents\github\pickles\src\pickles.documentationbuilders.markdown.unittests\bin\debug\net6.0\picklesdoc.pickles.documentationbuilders.markdown.unittests.dll" id="2868b6b7-f6c9-00fa-1a4e-9783c5b6bc0a">
      <Execution id="f92eb905-d20c-44b2-acf3-c1555d1fdab7" />
      <TestMethod codeBase="C:\Users\ericcarlson\Documents\GitHub\pickles\src\Pickles.DocumentationBuilders.Markdown.UnitTests\bin\Debug\net6.0\PicklesDoc.Pickles.DocumentationBuilders.Markdown.UnitTests.dll" adapterTypeName="executor://nunit3testexecutor/" className="PicklesDoc.Pickles.DocumentationBuilders.Markdown.UnitTests.Stylist_Tests" name="A_Stylist_Can_Style_An_Example_Heading_Without_A_Name" />
    </UnitTest>
    <UnitTest name="When_Scenario_Tags_Available_They_Are_Placed_On_Single_Line_Before_Heading" storage="c:\users\ericcarlson\documents\github\pickles\src\pickles.documentationbuilders.markdown.unittests\bin\debug\net6.0\picklesdoc.pickles.documentationbuilders.markdown.unittests.dll" id="ee522eac-0e44-5daa-2d2b-320a63db01a7">
      <Execution id="9bad12b2-39a8-44e9-9cd3-daae0118114d" />
      <TestMethod codeBase="C:\Users\ericcarlson\Documents\GitHub\pickles\src\Pickles.DocumentationBuilders.Markdown.UnitTests\bin\Debug\net6.0\PicklesDoc.Pickles.DocumentationBuilders.Markdown.UnitTests.dll" adapterTypeName="executor://nunit3testexecutor/" className="PicklesDoc.Pickles.DocumentationBuilders.Markdown.UnitTests.ScenarioBlock_Tests" name="When_Scenario_Tags_Available_They_Are_Placed_On_Single_Line_Before_Heading" />
    </UnitTest>
    <UnitTest name="When_Feature_Description_Available_It_Is_Placed_Below_Feature_Heading" storage="c:\users\ericcarlson\documents\github\pickles\src\pickles.documentationbuilders.markdown.unittests\bin\debug\net6.0\picklesdoc.pickles.documentationbuilders.markdown.unittests.dll" id="6e8c8342-42b3-d728-2ad9-a240cd973e0d">
      <Execution id="cb100b18-0473-414c-b6a7-1e7615cc9cf8" />
      <TestMethod codeBase="C:\Users\ericcarlson\Documents\GitHub\pickles\src\Pickles.DocumentationBuilders.Markdown.UnitTests\bin\Debug\net6.0\PicklesDoc.Pickles.DocumentationBuilders.Markdown.UnitTests.dll" adapterTypeName="executor://nunit3testexecutor/" className="PicklesDoc.Pickles.DocumentationBuilders.Markdown.UnitTests.FeatureBlock_Tests" name="When_Feature_Description_Available_It_Is_Placed_Below_Feature_Heading" />
    </UnitTest>
    <UnitTest name="A_Stylist_Can_Style_A_Scenario_Heading_With_Result" storage="c:\users\ericcarlson\documents\github\pickles\src\pickles.documentationbuilders.markdown.unittests\bin\debug\net6.0\picklesdoc.pickles.documentationbuilders.markdown.unittests.dll" id="c4a96b56-67ee-ecaa-df28-8048dac51625">
      <Execution id="15f2bfa6-e038-4cea-9763-2194a3ff15ce" />
      <TestMethod codeBase="C:\Users\ericcarlson\Documents\GitHub\pickles\src\Pickles.DocumentationBuilders.Markdown.UnitTests\bin\Debug\net6.0\PicklesDoc.Pickles.DocumentationBuilders.Markdown.UnitTests.dll" adapterTypeName="executor://nunit3testexecutor/" className="PicklesDoc.Pickles.DocumentationBuilders.Markdown.UnitTests.Stylist_Tests" name="A_Stylist_Can_Style_A_Scenario_Heading_With_Result" />
    </UnitTest>
    <UnitTest name="A_Table_Is_Formatted_With_Results" storage="c:\users\ericcarlson\documents\github\pickles\src\pickles.documentationbuilders.markdown.unittests\bin\debug\net6.0\picklesdoc.pickles.documentationbuilders.markdown.unittests.dll" id="1b8d323f-0439-a0d3-db80-2d1f6152336b">
      <Execution id="71e9bd2c-d109-4a03-ab99-559a6ea222bb" />
      <TestMethod codeBase="C:\Users\ericcarlson\Documents\GitHub\pickles\src\Pickles.DocumentationBuilders.Markdown.UnitTests\bin\Debug\net6.0\PicklesDoc.Pickles.DocumentationBuilders.Markdown.UnitTests.dll" adapterTypeName="executor://nunit3testexecutor/" className="PicklesDoc.Pickles.DocumentationBuilders.Markdown.UnitTests.TableBlock_Tests" name="A_Table_Is_Formatted_With_Results" />
    </UnitTest>
    <UnitTest name="When_A_Scenario_Step_Is_Available_It_Has_Escape_Characters_For_Placeholder_Brackets" storage="c:\users\ericcarlson\documents\github\pickles\src\pickles.documentationbuilders.markdown.unittests\bin\debug\net6.0\picklesdoc.pickles.documentationbuilders.markdown.unittests.dll" id="66a6d93e-e5a0-9b6b-059b-4ca000c89164">
      <Execution id="66e285fc-da10-454b-b74b-37423925f354" />
      <TestMethod codeBase="C:\Users\ericcarlson\Documents\GitHub\pickles\src\Pickles.DocumentationBuilders.Markdown.UnitTests\bin\Debug\net6.0\PicklesDoc.Pickles.DocumentationBuilders.Markdown.UnitTests.dll" adapterTypeName="executor://nunit3testexecutor/" className="PicklesDoc.Pickles.DocumentationBuilders.Markdown.UnitTests.ScenarioBlock_Tests" name="When_A_Scenario_Step_Is_Available_It_Has_Escape_Characters_For_Placeholder_Brackets" />
    </UnitTest>
    <UnitTest name="Lines_Returns_A_Collection_Of_All_Block_Lines" storage="c:\users\ericcarlson\documents\github\pickles\src\pickles.documentationbuilders.markdown.unittests\bin\debug\net6.0\picklesdoc.pickles.documentationbuilders.markdown.unittests.dll" id="dda46e0f-a121-b050-b857-b22ec5452c74">
      <Execution id="442ec82b-07bc-4250-94fb-2b2ade26e91d" />
      <TestMethod codeBase="C:\Users\ericcarlson\Documents\GitHub\pickles\src\Pickles.DocumentationBuilders.Markdown.UnitTests\bin\Debug\net6.0\PicklesDoc.Pickles.DocumentationBuilders.Markdown.UnitTests.dll" adapterTypeName="executor://nunit3testexecutor/" className="PicklesDoc.Pickles.DocumentationBuilders.Markdown.UnitTests.Blocks_Tests.Block_Tests" name="Lines_Returns_A_Collection_Of_All_Block_Lines" />
    </UnitTest>
    <UnitTest name="A_Stylist_Can_Style_A_Step_Table" storage="c:\users\ericcarlson\documents\github\pickles\src\pickles.documentationbuilders.markdown.unittests\bin\debug\net6.0\picklesdoc.pickles.documentationbuilders.markdown.unittests.dll" id="d68f9102-0bcf-0245-35f2-d52fa462b6de">
      <Execution id="18032020-180d-4307-8fbd-d1080d8ce689" />
      <TestMethod codeBase="C:\Users\ericcarlson\Documents\GitHub\pickles\src\Pickles.DocumentationBuilders.Markdown.UnitTests\bin\Debug\net6.0\PicklesDoc.Pickles.DocumentationBuilders.Markdown.UnitTests.dll" adapterTypeName="executor://nunit3testexecutor/" className="PicklesDoc.Pickles.DocumentationBuilders.Markdown.UnitTests.Stylist_Tests" name="A_Stylist_Can_Style_A_Step_Table" />
    </UnitTest>
    <UnitTest name="Adding_A_Lines_Object_Together_Combines_Them" storage="c:\users\ericcarlson\documents\github\pickles\src\pickles.documentationbuilders.markdown.unittests\bin\debug\net6.0\picklesdoc.pickles.documentationbuilders.markdown.unittests.dll" id="6a10a0d4-c3cf-deff-8167-300a258c1337">
      <Execution id="10adcf39-f97a-47a8-96dc-158811e6d749" />
      <TestMethod codeBase="C:\Users\ericcarlson\Documents\GitHub\pickles\src\Pickles.DocumentationBuilders.Markdown.UnitTests\bin\Debug\net6.0\PicklesDoc.Pickles.DocumentationBuilders.Markdown.UnitTests.dll" adapterTypeName="executor://nunit3testexecutor/" className="PicklesDoc.Pickles.DocumentationBuilders.Markdown.UnitTests.Lines_Tests" name="Adding_A_Lines_Object_Together_Combines_Them" />
    </UnitTest>
  </TestDefinitions>
  <TestEntries>
    <TestEntry testId="62b1c57a-1be9-64d3-3e69-6dfddc32e1ae" executionId="0409fbe2-d008-4862-86a4-dc7cdda99293" testListId="8c84fa94-04c1-424b-9868-57a2d4851a1d" />
    <TestEntry testId="85251763-7039-42ec-11eb-8bd634e77dcb" executionId="4aba25ab-479e-4b49-abb2-347d98c4548a" testListId="8c84fa94-04c1-424b-9868-57a2d4851a1d" />
    <TestEntry testId="4ddc7a2b-873e-5268-25fb-47a5f8786352" executionId="fb466767-21f1-40e3-919b-9f0a23663d18" testListId="8c84fa94-04c1-424b-9868-57a2d4851a1d" />
    <TestEntry testId="c658766d-c5fb-3258-29b2-0a94adc9a21c" executionId="b6aa5920-1483-4587-a8cd-1e5ffb306847" testListId="8c84fa94-04c1-424b-9868-57a2d4851a1d" />
    <TestEntry testId="0c360c57-a6c3-40a3-5ea6-00aa7076731a" executionId="d6bd698d-8ae2-40e2-91d3-56116d65c77a" testListId="8c84fa94-04c1-424b-9868-57a2d4851a1d" />
    <TestEntry testId="375a6997-a0a8-9897-2bc4-051254737b59" executionId="5deefce9-86c0-4c11-9788-830e74e1de33" testListId="8c84fa94-04c1-424b-9868-57a2d4851a1d" />
    <TestEntry testId="6e8c8342-42b3-d728-2ad9-a240cd973e0d" executionId="cb100b18-0473-414c-b6a7-1e7615cc9cf8" testListId="8c84fa94-04c1-424b-9868-57a2d4851a1d" />
    <TestEntry testId="06d5cdf3-faa5-12cf-4029-56953a4c81e7" executionId="06a7a56a-8bcc-4e75-a156-a91db269726b" testListId="8c84fa94-04c1-424b-9868-57a2d4851a1d" />
    <TestEntry testId="6a10a0d4-c3cf-deff-8167-300a258c1337" executionId="10adcf39-f97a-47a8-96dc-158811e6d749" testListId="8c84fa94-04c1-424b-9868-57a2d4851a1d" />
    <TestEntry testId="c4d3054f-f69e-28a7-32ea-27cca40ff6c7" executionId="d51a7483-0a9b-4818-b9e9-cbd4f171024d" testListId="8c84fa94-04c1-424b-9868-57a2d4851a1d" />
    <TestEntry testId="00406124-e5b3-afc5-cb68-1b5f68830cc7" executionId="65611a5a-c3c6-40f6-a333-89a31229dcb6" testListId="8c84fa94-04c1-424b-9868-57a2d4851a1d" />
    <TestEntry testId="1c45ea74-d176-4223-5c68-d75bf93dcd7b" executionId="4bd7ba12-e573-47a8-b2d0-b76b6625ea11" testListId="8c84fa94-04c1-424b-9868-57a2d4851a1d" />
    <TestEntry testId="aa7d19ca-6be0-4851-e641-556ba8ce4420" executionId="a71e85ff-8811-4613-b888-ded73a90b1bc" testListId="8c84fa94-04c1-424b-9868-57a2d4851a1d" />
    <TestEntry testId="f6390755-b75b-1311-f0e2-639cacf50291" executionId="1aab9d4f-c42c-4de3-8b88-4aea80d3b7c2" testListId="8c84fa94-04c1-424b-9868-57a2d4851a1d" />
    <TestEntry testId="2868b6b7-f6c9-00fa-1a4e-9783c5b6bc0a" executionId="f92eb905-d20c-44b2-acf3-c1555d1fdab7" testListId="8c84fa94-04c1-424b-9868-57a2d4851a1d" />
    <TestEntry testId="7e57b20e-af1e-50f7-b450-cb9820ac386c" executionId="62ac810f-b88c-4172-aadb-e2d7f1cc7edd" testListId="8c84fa94-04c1-424b-9868-57a2d4851a1d" />
    <TestEntry testId="89078dd5-dbe6-d29f-68ce-14d516c4a219" executionId="11e07b93-c614-4e04-9891-e9f8a350e92e" testListId="8c84fa94-04c1-424b-9868-57a2d4851a1d" />
    <TestEntry testId="b9082ac3-c344-775f-2ed2-5cef39b3a84e" executionId="6d77b09d-7878-4fe5-84c9-ecfaff7c465f" testListId="8c84fa94-04c1-424b-9868-57a2d4851a1d" />
    <TestEntry testId="f3c22ca4-1f1a-514e-fe27-7cf83db7d8e3" executionId="07817d43-fd94-4d6a-87aa-8807b1e28142" testListId="8c84fa94-04c1-424b-9868-57a2d4851a1d" />
    <TestEntry testId="087a7169-3864-8bdf-0f7a-767fa49fba60" executionId="6896a675-e0f0-4f9f-bd3f-819b2c4cd5cb" testListId="8c84fa94-04c1-424b-9868-57a2d4851a1d" />
    <TestEntry testId="0dfe1c29-0f1e-edfc-3817-67b7033c14c1" executionId="1b3eba97-09be-4e2f-b1d4-539661ebaf93" testListId="8c84fa94-04c1-424b-9868-57a2d4851a1d" />
    <TestEntry testId="5d3d500d-237d-827e-aff0-b68712a3e455" executionId="3d745566-7e63-4722-b0b8-c431dfaef723" testListId="8c84fa94-04c1-424b-9868-57a2d4851a1d" />
    <TestEntry testId="58c8736d-b187-f051-93fa-0f90a342760e" executionId="b524c484-7b7d-4c29-afdf-a6757fa01c98" testListId="8c84fa94-04c1-424b-9868-57a2d4851a1d" />
    <TestEntry testId="00ebd793-751c-de7a-18e8-922b4a4d7a79" executionId="e711724c-5c43-4c1e-94d1-9161f07eddd0" testListId="8c84fa94-04c1-424b-9868-57a2d4851a1d" />
    <TestEntry testId="a2168b55-c48f-7e82-a87f-c77a74fb04a1" executionId="cf1dc0b9-a600-437b-aeeb-a66512b8f717" testListId="8c84fa94-04c1-424b-9868-57a2d4851a1d" />
    <TestEntry testId="3978d76f-896f-700f-9f11-9d7049610568" executionId="762035b6-c09d-4b34-958a-d814e716262a" testListId="8c84fa94-04c1-424b-9868-57a2d4851a1d" />
    <TestEntry testId="ee522eac-0e44-5daa-2d2b-320a63db01a7" executionId="9bad12b2-39a8-44e9-9cd3-daae0118114d" testListId="8c84fa94-04c1-424b-9868-57a2d4851a1d" />
    <TestEntry testId="0b21c1a4-8f07-6205-9441-85483a8df440" executionId="ea1111df-91a2-46ae-b7aa-5eecabef4e18" testListId="8c84fa94-04c1-424b-9868-57a2d4851a1d" />
    <TestEntry testId="d68f9102-0bcf-0245-35f2-d52fa462b6de" executionId="18032020-180d-4307-8fbd-d1080d8ce689" testListId="8c84fa94-04c1-424b-9868-57a2d4851a1d" />
    <TestEntry testId="2be587f2-52cc-ecb6-a175-06d50e5ae2e7" executionId="b685cbe0-e69d-4886-9eaf-a6d659ae5ea2" testListId="8c84fa94-04c1-424b-9868-57a2d4851a1d" />
    <TestEntry testId="33258916-b4e4-0851-5a91-8fe4143d3fb3" executionId="8bec44c8-6931-40cf-a0b5-1b2356568a75" testListId="8c84fa94-04c1-424b-9868-57a2d4851a1d" />
    <TestEntry testId="69f335ed-55f7-e738-817f-095a67fa17c4" executionId="09f6cf7c-a983-4087-b6b1-5981c44c48a5" testListId="8c84fa94-04c1-424b-9868-57a2d4851a1d" />
    <TestEntry testId="57425b88-59a5-ccd8-a4c4-1db736b8b082" executionId="2ac06d14-addb-429b-9f7c-c0a4e9c16ffc" testListId="8c84fa94-04c1-424b-9868-57a2d4851a1d" />
    <TestEntry testId="7e1e3d83-08b7-34c6-d5a0-cb9c9210de3e" executionId="7ae47822-d137-4da9-85f2-83486e995cef" testListId="8c84fa94-04c1-424b-9868-57a2d4851a1d" />
    <TestEntry testId="e9c111f1-6ad0-4ab8-210c-997ef200a119" executionId="02b13d7c-feff-40ad-b8cb-ec20fa3a1ede" testListId="8c84fa94-04c1-424b-9868-57a2d4851a1d" />
    <TestEntry testId="a5c6e477-b34d-8cbd-e1f1-2c39ba8db21d" executionId="645afa9b-1a9f-4ee7-9ba1-80a485d639c4" testListId="8c84fa94-04c1-424b-9868-57a2d4851a1d" />
    <TestEntry testId="1b8d323f-0439-a0d3-db80-2d1f6152336b" executionId="71e9bd2c-d109-4a03-ab99-559a6ea222bb" testListId="8c84fa94-04c1-424b-9868-57a2d4851a1d" />
    <TestEntry testId="481fda8f-bee2-0a43-451d-33c920aaed33" executionId="e65aaaef-514f-47c8-b9c6-9a902c0616fe" testListId="8c84fa94-04c1-424b-9868-57a2d4851a1d" />
    <TestEntry testId="52223580-48fe-c45f-1082-5d8220212c22" executionId="b363e500-dde9-4c8f-8659-3268d54e0693" testListId="8c84fa94-04c1-424b-9868-57a2d4851a1d" />
    <TestEntry testId="e818896b-58a9-0f53-a62b-13637c17dc39" executionId="890eb7e4-eaad-47e1-acee-1934745b3dd9" testListId="8c84fa94-04c1-424b-9868-57a2d4851a1d" />
    <TestEntry testId="72b92267-d82f-070d-84d0-a4aae3f63aa3" executionId="7eecc506-3838-43e9-bbbf-2b4bb606e6e5" testListId="8c84fa94-04c1-424b-9868-57a2d4851a1d" />
    <TestEntry testId="36b01c4e-c867-a891-2fa1-97ad8d589431" executionId="f0302b60-1565-422f-a54f-f4ca018101ec" testListId="8c84fa94-04c1-424b-9868-57a2d4851a1d" />
    <TestEntry testId="0c96c7d8-9cb1-3161-df45-936c044c8a90" executionId="38a7abe5-e70d-4d2d-953a-b2f2464711bb" testListId="8c84fa94-04c1-424b-9868-57a2d4851a1d" />
    <TestEntry testId="af1cf20b-f98b-777e-b863-284fbdd4fe3d" executionId="d50a1f6e-0c8c-43d5-a231-aa2d5df44608" testListId="8c84fa94-04c1-424b-9868-57a2d4851a1d" />
    <TestEntry testId="d5bc32eb-f399-e3d6-72f2-d124bea1ff9f" executionId="ad5bae2a-9fc7-47a0-9f96-7a4f9f023133" testListId="8c84fa94-04c1-424b-9868-57a2d4851a1d" />
    <TestEntry testId="66a6d93e-e5a0-9b6b-059b-4ca000c89164" executionId="66e285fc-da10-454b-b74b-37423925f354" testListId="8c84fa94-04c1-424b-9868-57a2d4851a1d" />
    <TestEntry testId="dda46e0f-a121-b050-b857-b22ec5452c74" executionId="442ec82b-07bc-4250-94fb-2b2ade26e91d" testListId="8c84fa94-04c1-424b-9868-57a2d4851a1d" />
    <TestEntry testId="c4a96b56-67ee-ecaa-df28-8048dac51625" executionId="15f2bfa6-e038-4cea-9763-2194a3ff15ce" testListId="8c84fa94-04c1-424b-9868-57a2d4851a1d" />
    <TestEntry testId="0c3d7bf3-c8d9-3999-b9c6-3e425af24857" executionId="da6076ed-59cc-44c3-b6c9-eb32c8de16b4" testListId="8c84fa94-04c1-424b-9868-57a2d4851a1d" />
    <TestEntry testId="7c0a4706-a36f-c154-2389-7d6506524c02" executionId="d2b5a595-0ed8-42df-a484-f42bf1799dbc" testListId="8c84fa94-04c1-424b-9868-57a2d4851a1d" />
    <TestEntry testId="9004e8cb-7f80-03e1-c097-8d93237f7563" executionId="516c852d-c389-4a71-ab70-47b002809372" testListId="8c84fa94-04c1-424b-9868-57a2d4851a1d" />
    <TestEntry testId="1162db81-968d-46e8-bc96-b388ff5ae09e" executionId="2cedf49d-aae4-47d1-9daa-5543a25a2c65" testListId="8c84fa94-04c1-424b-9868-57a2d4851a1d" />
  </TestEntries>
  <TestLists>
    <TestList name="Results Not in a List" id="8c84fa94-04c1-424b-9868-57a2d4851a1d" />
    <TestList name="All Loaded Results" id="19431567-8539-422a-85d7-44ee4e166bda" />
  </TestLists>
  <ResultSummary outcome="Completed">
    <Counters total="52" executed="52" passed="52" failed="0" error="0" timeout="0" aborted="0" inconclusive="0" passedButRunAborted="0" notRunnable="0" notExecuted="0" disconnected="0" warning="0" completed="0" inProgress="0" pending="0" />
    <Output>
      <StdOut>NUnit Adapter 3.17.0.0: Test execution started&#xD;
Running all tests in C:\Users\ericcarlson\Documents\GitHub\pickles\src\Pickles.DocumentationBuilders.Markdown.UnitTests\bin\Debug\net6.0\PicklesDoc.Pickles.DocumentationBuilders.Markdown.UnitTests.dll&#xD;
   NUnit3TestExecutor discovered 52 of 52 NUnit test cases&#xD;
NUnit Adapter 3.17.0.0: Test execution complete&#xD;
</StdOut>
    </Output>
  </ResultSummary>
</TestRun>