<?xml version="1.0" encoding="utf-8"?>
<TestRun id="76048d47-ff22-4180-9a25-c350c8529d03" name="ericcarlson@ERICCARLSONBBE6 2022-11-23 12:19:40" runUser="ERICCARLSONBBE6\ericcarlson" xmlns="http://microsoft.com/schemas/VisualStudio/TeamTest/2010">
  <Times creation="2022-11-23T12:19:40.5985046-05:00" queuing="2022-11-23T12:19:40.5985049-05:00" start="2022-11-23T12:19:37.3750790-05:00" finish="2022-11-23T12:19:42.1756148-05:00" />
  <TestSettings name="default" id="408ae802-3da1-46fc-adca-602e87d56caa">
    <Deployment runDeploymentRoot="ericcarlson_ERICCARLSONBBE6_2022-11-23_12_19_40" />
  </TestSettings>
  <Results>
    <UnitTestResult executionId="bd26e0ed-43b5-4135-aed7-050031b15771" testId="2868b6b7-f6c9-00fa-1a4e-9783c5b6bc0a" testName="A_Stylist_Can_Style_An_Example_Heading_Without_A_Name" computerName="ERICCARLSONBBE6" duration="00:00:00.0001180" startTime="2022-11-23T12:19:42.0778808-05:00" endTime="2022-11-23T12:19:42.0779986-05:00" testType="13cdc9d9-ddb5-4fa4-a97d-d965ccfc6d4b" outcome="Passed" testListId="8c84fa94-04c1-424b-9868-57a2d4851a1d" relativeResultsDirectory="bd26e0ed-43b5-4135-aed7-050031b15771" />
    <UnitTestResult executionId="81663e2a-2437-419e-8618-d6e8c31d7e1e" testId="ee522eac-0e44-5daa-2d2b-320a63db01a7" testName="When_Scenario_Tags_Available_They_Are_Placed_On_Single_Line_Before_Heading" computerName="ERICCARLSONBBE6" duration="00:00:00.0002620" startTime="2022-11-23T12:19:42.0733866-05:00" endTime="2022-11-23T12:19:42.0736487-05:00" testType="13cdc9d9-ddb5-4fa4-a97d-d965ccfc6d4b" outcome="Passed" testListId="8c84fa94-04c1-424b-9868-57a2d4851a1d" relativeResultsDirectory="81663e2a-2437-419e-8618-d6e8c31d7e1e" />
    <UnitTestResult executionId="f95ede53-e4a6-4582-a130-ba48cdde2dc0" testId="7c0a4706-a36f-c154-2389-7d6506524c02" testName="A_New_ScenarioBlock_Has_Scenario_Heading_On_First_Line" computerName="ERICCARLSONBBE6" duration="00:00:00.0002190" startTime="2022-11-23T12:19:42.0692490-05:00" endTime="2022-11-23T12:19:42.0694678-05:00" testType="13cdc9d9-ddb5-4fa4-a97d-d965ccfc6d4b" outcome="Passed" testListId="8c84fa94-04c1-424b-9868-57a2d4851a1d" relativeResultsDirectory="f95ede53-e4a6-4582-a130-ba48cdde2dc0" />
    <UnitTestResult executionId="dbb0ac88-8dc0-4162-b17b-1291e27722cd" testId="af1cf20b-f98b-777e-b863-284fbdd4fe3d" testName="A_Stylist_Can_Style_A_Background_Heading" computerName="ERICCARLSONBBE6" duration="00:00:00.0001650" startTime="2022-11-23T12:19:42.0745427-05:00" endTime="2022-11-23T12:19:42.0747075-05:00" testType="13cdc9d9-ddb5-4fa4-a97d-d965ccfc6d4b" outcome="Passed" testListId="8c84fa94-04c1-424b-9868-57a2d4851a1d" relativeResultsDirectory="dbb0ac88-8dc0-4162-b17b-1291e27722cd" />
    <UnitTestResult executionId="eb016698-4d50-4c05-95d9-680d2fd06b6b" testId="0c96c7d8-9cb1-3161-df45-936c044c8a90" testName="When_I_Build_Documentation_A_File_Is_Created" computerName="ERICCARLSONBBE6" duration="00:00:00.2901080" startTime="2022-11-23T12:19:41.6531738-05:00" endTime="2022-11-23T12:19:41.9432811-05:00" testType="13cdc9d9-ddb5-4fa4-a97d-d965ccfc6d4b" outcome="Passed" testListId="8c84fa94-04c1-424b-9868-57a2d4851a1d" relativeResultsDirectory="eb016698-4d50-4c05-95d9-680d2fd06b6b" />
    <UnitTestResult executionId="c2ad9f78-f439-422b-ad81-8d2b7030e6b7" testId="b9082ac3-c344-775f-2ed2-5cef39b3a84e" testName="Examples_Are_Included_As_Table" computerName="ERICCARLSONBBE6" duration="00:00:00.0020970" startTime="2022-11-23T12:19:42.0694966-05:00" endTime="2022-11-23T12:19:42.0715932-05:00" testType="13cdc9d9-ddb5-4fa4-a97d-d965ccfc6d4b" outcome="Passed" testListId="8c84fa94-04c1-424b-9868-57a2d4851a1d" relativeResultsDirectory="c2ad9f78-f439-422b-ad81-8d2b7030e6b7" />
    <UnitTestResult executionId="17439a1c-941b-4fb3-9e6a-b347943de484" testId="1b8d323f-0439-a0d3-db80-2d1f6152336b" testName="A_Table_Is_Formatted_With_Results" computerName="ERICCARLSONBBE6" duration="00:00:00.0073750" startTime="2022-11-23T12:19:42.0787389-05:00" endTime="2022-11-23T12:19:42.0861132-05:00" testType="13cdc9d9-ddb5-4fa4-a97d-d965ccfc6d4b" outcome="Passed" testListId="8c84fa94-04c1-424b-9868-57a2d4851a1d" relativeResultsDirectory="17439a1c-941b-4fb3-9e6a-b347943de484" />
    <UnitTestResult executionId="89c84f4a-702f-4b0a-bff8-39b58e08b149" testId="f3c22ca4-1f1a-514e-fe27-7cf83db7d8e3" testName="Converting_Lines_Object_To_String_Returns_All_Lines_With_NewLine_Seperator" computerName="ERICCARLSONBBE6" duration="00:00:00.0000960" startTime="2022-11-23T12:19:40.5694656-05:00" endTime="2022-11-23T12:19:40.5695611-05:00" testType="13cdc9d9-ddb5-4fa4-a97d-d965ccfc6d4b" outcome="Passed" testListId="8c84fa94-04c1-424b-9868-57a2d4851a1d" relativeResultsDirectory="89c84f4a-702f-4b0a-bff8-39b58e08b149" />
    <UnitTestResult executionId="2ea77f8a-f587-413e-be31-301484931a52" testId="00ebd793-751c-de7a-18e8-922b4a4d7a79" testName="Autofac_Can_Resolve_MarkdownDocumentationBuilder_Request" computerName="ERICCARLSONBBE6" duration="00:00:01.0769940" startTime="2022-11-23T12:19:40.5722718-05:00" endTime="2022-11-23T12:19:41.6492653-05:00" testType="13cdc9d9-ddb5-4fa4-a97d-d965ccfc6d4b" outcome="Passed" testListId="8c84fa94-04c1-424b-9868-57a2d4851a1d" relativeResultsDirectory="2ea77f8a-f587-413e-be31-301484931a52" />
    <UnitTestResult executionId="167ae726-6492-4f7c-9d97-000fb01b64e7" testId="85251763-7039-42ec-11eb-8bd634e77dcb" testName="New_Documentation_With_Feature_Produces_Single_Page" computerName="ERICCARLSONBBE6" duration="00:00:00.0044660" startTime="2022-11-23T12:19:40.5563729-05:00" endTime="2022-11-23T12:19:40.5608390-05:00" testType="13cdc9d9-ddb5-4fa4-a97d-d965ccfc6d4b" outcome="Passed" testListId="8c84fa94-04c1-424b-9868-57a2d4851a1d" relativeResultsDirectory="167ae726-6492-4f7c-9d97-000fb01b64e7" />
    <UnitTestResult executionId="252771d0-597e-4e55-bca6-adcea7540299" testId="087a7169-3864-8bdf-0f7a-767fa49fba60" testName="A_Stylist_Can_Style_An_Example_Heading" computerName="ERICCARLSONBBE6" duration="00:00:00.0001610" startTime="2022-11-23T12:19:42.0777103-05:00" endTime="2022-11-23T12:19:42.0778710-05:00" testType="13cdc9d9-ddb5-4fa4-a97d-d965ccfc6d4b" outcome="Passed" testListId="8c84fa94-04c1-424b-9868-57a2d4851a1d" relativeResultsDirectory="252771d0-597e-4e55-bca6-adcea7540299" />
    <UnitTestResult executionId="fbb44dbd-96dc-4b44-b76f-82935ec065c5" testId="dda46e0f-a121-b050-b857-b22ec5452c74" testName="Lines_Returns_A_Collection_Of_All_Block_Lines" computerName="ERICCARLSONBBE6" duration="00:00:00.0003130" startTime="2022-11-23T12:19:40.4410892-05:00" endTime="2022-11-23T12:19:40.4414024-05:00" testType="13cdc9d9-ddb5-4fa4-a97d-d965ccfc6d4b" outcome="Passed" testListId="8c84fa94-04c1-424b-9868-57a2d4851a1d" relativeResultsDirectory="fbb44dbd-96dc-4b44-b76f-82935ec065c5" />
    <UnitTestResult executionId="0d86c689-d576-4ecc-bceb-00758d499179" testId="72b92267-d82f-070d-84d0-a4aae3f63aa3" testName="Localization_Has_String_For_GenerationDateTime" computerName="ERICCARLSONBBE6" duration="00:00:00.0024670" startTime="2022-11-23T12:19:40.5696322-05:00" endTime="2022-11-23T12:19:40.5720989-05:00" testType="13cdc9d9-ddb5-4fa4-a97d-d965ccfc6d4b" outcome="Passed" testListId="8c84fa94-04c1-424b-9868-57a2d4851a1d" relativeResultsDirectory="0d86c689-d576-4ecc-bceb-00758d499179" />
    <UnitTestResult executionId="c8a30ad6-491b-4f39-ad43-226186bc45b7" testId="2be587f2-52cc-ecb6-a175-06d50e5ae2e7" testName="When_Scenario_Is_Available_It_Is_Included_After_Heading" computerName="ERICCARLSONBBE6" duration="00:00:00.0002230" startTime="2022-11-23T12:19:40.5688422-05:00" endTime="2022-11-23T12:19:40.5690651-05:00" testType="13cdc9d9-ddb5-4fa4-a97d-d965ccfc6d4b" outcome="Passed" testListId="8c84fa94-04c1-424b-9868-57a2d4851a1d" relativeResultsDirectory="c8a30ad6-491b-4f39-ad43-226186bc45b7" />
    <UnitTestResult executionId="49630130-7e74-455e-96f7-e70bc3e456da" testId="57425b88-59a5-ccd8-a4c4-1db736b8b082" testName="The_Step_Is_Formatted" computerName="ERICCARLSONBBE6" duration="00:00:00.0001890" startTime="2022-11-23T12:19:42.0742581-05:00" endTime="2022-11-23T12:19:42.0744470-05:00" testType="13cdc9d9-ddb5-4fa4-a97d-d965ccfc6d4b" outcome="Passed" testListId="8c84fa94-04c1-424b-9868-57a2d4851a1d" relativeResultsDirectory="49630130-7e74-455e-96f7-e70bc3e456da" />
    <UnitTestResult executionId="03ffd703-9196-4b87-8300-26db4680948d" testId="4ddc7a2b-873e-5268-25fb-47a5f8786352" testName="When_A_Scenario_Step_Has_A_Result__The_Result_Is_Included" computerName="ERICCARLSONBBE6" duration="00:00:00.0002680" startTime="2022-11-23T12:19:42.0716244-05:00" endTime="2022-11-23T12:19:42.0718926-05:00" testType="13cdc9d9-ddb5-4fa4-a97d-d965ccfc6d4b" outcome="Passed" testListId="8c84fa94-04c1-424b-9868-57a2d4851a1d" relativeResultsDirectory="03ffd703-9196-4b87-8300-26db4680948d" />
    <UnitTestResult executionId="2167e4f2-5fb8-47fb-bfb1-5f3ed8256506" testId="e818896b-58a9-0f53-a62b-13637c17dc39" testName="A_New_FeatureBlock_Has_Feature_Heading_On_First_Line" computerName="ERICCARLSONBBE6" duration="00:00:00.0002260" startTime="2022-11-23T12:19:40.5609738-05:00" endTime="2022-11-23T12:19:40.5611996-05:00" testType="13cdc9d9-ddb5-4fa4-a97d-d965ccfc6d4b" outcome="Passed" testListId="8c84fa94-04c1-424b-9868-57a2d4851a1d" relativeResultsDirectory="2167e4f2-5fb8-47fb-bfb1-5f3ed8256506" />
    <UnitTestResult executionId="a3c1879d-0e41-44fc-9861-44b1a02a1bda" testId="d5bc32eb-f399-e3d6-72f2-d124bea1ff9f" testName="A_Stylist_Can_Style_A_Result" computerName="ERICCARLSONBBE6" duration="00:00:00.0003089" startTime="2022-11-23T12:19:42.0749786-05:00" endTime="2022-11-23T12:19:42.0752876-05:00" testType="13cdc9d9-ddb5-4fa4-a97d-d965ccfc6d4b" outcome="Passed" testListId="8c84fa94-04c1-424b-9868-57a2d4851a1d" relativeResultsDirectory="a3c1879d-0e41-44fc-9861-44b1a02a1bda" />
    <UnitTestResult executionId="6a0791ba-9b12-4bee-8fa4-388b58947c1a" testId="c4d3054f-f69e-28a7-32ea-27cca40ff6c7" testName="A_Stylist_Can_Style_A_Step_With_Angle_Brakets" computerName="ERICCARLSONBBE6" duration="00:00:00.0005520" startTime="2022-11-23T12:19:42.0761457-05:00" endTime="2022-11-23T12:19:42.0766979-05:00" testType="13cdc9d9-ddb5-4fa4-a97d-d965ccfc6d4b" outcome="Passed" testListId="8c84fa94-04c1-424b-9868-57a2d4851a1d" relativeResultsDirectory="6a0791ba-9b12-4bee-8fa4-388b58947c1a" />
    <UnitTestResult executionId="67b9cd4f-8d85-418d-a219-08a883c8df3e" testId="1162db81-968d-46e8-bc96-b388ff5ae09e" testName="A_Stylist_Can_Style_A_ScenarioOutline_Heading" computerName="ERICCARLSONBBE6" duration="00:00:00.0001460" startTime="2022-11-23T12:19:42.0756887-05:00" endTime="2022-11-23T12:19:42.0758345-05:00" testType="13cdc9d9-ddb5-4fa4-a97d-d965ccfc6d4b" outcome="Passed" testListId="8c84fa94-04c1-424b-9868-57a2d4851a1d" relativeResultsDirectory="67b9cd4f-8d85-418d-a219-08a883c8df3e" />
    <UnitTestResult executionId="67976de1-9cd2-40c5-a858-8ab4afdcfb1b" testId="d68f9102-0bcf-0245-35f2-d52fa462b6de" testName="A_Stylist_Can_Style_A_Step_Table" computerName="ERICCARLSONBBE6" duration="00:00:00.0001050" startTime="2022-11-23T12:19:42.0760321-05:00" endTime="2022-11-23T12:19:42.0761372-05:00" testType="13cdc9d9-ddb5-4fa4-a97d-d965ccfc6d4b" outcome="Passed" testListId="8c84fa94-04c1-424b-9868-57a2d4851a1d" relativeResultsDirectory="67976de1-9cd2-40c5-a858-8ab4afdcfb1b" />
    <UnitTestResult executionId="8082b4ee-3e8e-4926-98cd-8bc6d0a6c73c" testId="5d3d500d-237d-827e-aff0-b68712a3e455" testName="A_Table_Is_Formatted" computerName="ERICCARLSONBBE6" duration="00:00:00.0003289" startTime="2022-11-23T12:19:42.0781001-05:00" endTime="2022-11-23T12:19:42.0784291-05:00" testType="13cdc9d9-ddb5-4fa4-a97d-d965ccfc6d4b" outcome="Passed" testListId="8c84fa94-04c1-424b-9868-57a2d4851a1d" relativeResultsDirectory="8082b4ee-3e8e-4926-98cd-8bc6d0a6c73c" />
    <UnitTestResult executionId="3863b151-e8e2-47d0-9f81-1172817cb8d0" testId="62b1c57a-1be9-64d3-3e69-6dfddc32e1ae" testName="A_Stylist_Can_Style_A_Feature_Heading" computerName="ERICCARLSONBBE6" duration="00:00:00.0001250" startTime="2022-11-23T12:19:42.0748448-05:00" endTime="2022-11-23T12:19:42.0749691-05:00" testType="13cdc9d9-ddb5-4fa4-a97d-d965ccfc6d4b" outcome="Passed" testListId="8c84fa94-04c1-424b-9868-57a2d4851a1d" relativeResultsDirectory="3863b151-e8e2-47d0-9f81-1172817cb8d0" />
    <UnitTestResult executionId="eda846ce-2c32-42ee-b3ac-721c4c3abc69" testId="0c360c57-a6c3-40a3-5ea6-00aa7076731a" testName="A_New_BackgroundBlock_Has_Background_Heading_On_First_Line" computerName="ERICCARLSONBBE6" duration="00:00:00.0113490" startTime="2022-11-23T12:19:40.4260713-05:00" endTime="2022-11-23T12:19:40.4373418-05:00" testType="13cdc9d9-ddb5-4fa4-a97d-d965ccfc6d4b" outcome="Passed" testListId="8c84fa94-04c1-424b-9868-57a2d4851a1d" relativeResultsDirectory="eda846ce-2c32-42ee-b3ac-721c4c3abc69" />
    <UnitTestResult executionId="58d569c6-4881-4ae5-bce4-a563f41eaf54" testId="7e57b20e-af1e-50f7-b450-cb9820ac386c" testName="A_Stylist_Can_Style_A_Title" computerName="ERICCARLSONBBE6" duration="00:00:00.0001060" startTime="2022-11-23T12:19:42.0775948-05:00" endTime="2022-11-23T12:19:42.0777009-05:00" testType="13cdc9d9-ddb5-4fa4-a97d-d965ccfc6d4b" outcome="Passed" testListId="8c84fa94-04c1-424b-9868-57a2d4851a1d" relativeResultsDirectory="58d569c6-4881-4ae5-bce4-a563f41eaf54" />
    <UnitTestResult executionId="3d2dc11f-cde7-479e-9f9d-a699268a802b" testId="9004e8cb-7f80-03e1-c097-8d93237f7563" testName="An_Empty_Lines_Object_Has_No_Lines" computerName="ERICCARLSONBBE6" duration="00:00:00.0000760" startTime="2022-11-23T12:19:40.5693820-05:00" endTime="2022-11-23T12:19:40.5694582-05:00" testType="13cdc9d9-ddb5-4fa4-a97d-d965ccfc6d4b" outcome="Passed" testListId="8c84fa94-04c1-424b-9868-57a2d4851a1d" relativeResultsDirectory="3d2dc11f-cde7-479e-9f9d-a699268a802b" />
    <UnitTestResult executionId="a65e3998-82cb-4933-b605-46c79486e909" testId="0dfe1c29-0f1e-edfc-3817-67b7033c14c1" testName="New_MarkdownDocumentationBuilder_Is_An_Implementation_Of_IDocumentationBuilder" computerName="ERICCARLSONBBE6" duration="00:00:00.0038170" startTime="2022-11-23T12:19:41.6493193-05:00" endTime="2022-11-23T12:19:41.6531359-05:00" testType="13cdc9d9-ddb5-4fa4-a97d-d965ccfc6d4b" outcome="Passed" testListId="8c84fa94-04c1-424b-9868-57a2d4851a1d" relativeResultsDirectory="a65e3998-82cb-4933-b605-46c79486e909" />
    <UnitTestResult executionId="199f181c-29c6-4300-902a-0565f45872c6" testId="06d5cdf3-faa5-12cf-4029-56953a4c81e7" testName="New_Documentation_Produces_Default_Single_Page" computerName="ERICCARLSONBBE6" duration="00:00:00.0037530" startTime="2022-11-23T12:19:40.5525857-05:00" endTime="2022-11-23T12:19:40.5563388-05:00" testType="13cdc9d9-ddb5-4fa4-a97d-d965ccfc6d4b" outcome="Passed" testListId="8c84fa94-04c1-424b-9868-57a2d4851a1d" relativeResultsDirectory="199f181c-29c6-4300-902a-0565f45872c6" />
    <UnitTestResult executionId="04448b79-216b-4afd-87e9-850841d2aba7" testId="6a10a0d4-c3cf-deff-8167-300a258c1337" testName="Adding_A_Lines_Object_Together_Combines_Them" computerName="ERICCARLSONBBE6" duration="00:00:00.0001170" startTime="2022-11-23T12:19:40.5692576-05:00" endTime="2022-11-23T12:19:40.5693741-05:00" testType="13cdc9d9-ddb5-4fa4-a97d-d965ccfc6d4b" outcome="Passed" testListId="8c84fa94-04c1-424b-9868-57a2d4851a1d" relativeResultsDirectory="04448b79-216b-4afd-87e9-850841d2aba7" />
    <UnitTestResult executionId="38dbd0aa-7817-4e9b-a093-902b06745b67" testId="6e8c8342-42b3-d728-2ad9-a240cd973e0d" testName="When_Feature_Description_Available_It_Is_Placed_Below_Feature_Heading" computerName="ERICCARLSONBBE6" duration="00:00:00.0002670" startTime="2022-11-23T12:19:40.5615530-05:00" endTime="2022-11-23T12:19:40.5618203-05:00" testType="13cdc9d9-ddb5-4fa4-a97d-d965ccfc6d4b" outcome="Passed" testListId="8c84fa94-04c1-424b-9868-57a2d4851a1d" relativeResultsDirectory="38dbd0aa-7817-4e9b-a093-902b06745b67" />
    <UnitTestResult executionId="0c7051a8-d389-4d89-8e56-6a2aa1e9797e" testId="375a6997-a0a8-9897-2bc4-051254737b59" testName="With_A_Simple_Feature_The_Output_Has_Default_Content" computerName="ERICCARLSONBBE6" duration="00:00:00.0024050" startTime="2022-11-23T12:19:42.0666454-05:00" endTime="2022-11-23T12:19:42.0690504-05:00" testType="13cdc9d9-ddb5-4fa4-a97d-d965ccfc6d4b" outcome="Passed" testListId="8c84fa94-04c1-424b-9868-57a2d4851a1d" relativeResultsDirectory="0c7051a8-d389-4d89-8e56-6a2aa1e9797e" />
    <UnitTestResult executionId="17626eb7-866c-41fd-96fc-c2caa113da04" testId="33258916-b4e4-0851-5a91-8fe4143d3fb3" testName="When_Mutiple_Scenarios_Are_Available_They_Are_Included_After_Heading" computerName="ERICCARLSONBBE6" duration="00:00:00.0064910" startTime="2022-11-23T12:19:40.5623359-05:00" endTime="2022-11-23T12:19:40.5688268-05:00" testType="13cdc9d9-ddb5-4fa4-a97d-d965ccfc6d4b" outcome="Passed" testListId="8c84fa94-04c1-424b-9868-57a2d4851a1d" relativeResultsDirectory="17626eb7-866c-41fd-96fc-c2caa113da04" />
    <UnitTestResult executionId="209ab5f0-d8ca-49b4-b6df-df959daf67d7" testId="0b21c1a4-8f07-6205-9441-85483a8df440" testName="With_A_Null_Tree_The_Output_Has_Default_Content" computerName="ERICCARLSONBBE6" duration="00:00:00.1213220" startTime="2022-11-23T12:19:41.9452769-05:00" endTime="2022-11-23T12:19:42.0665981-05:00" testType="13cdc9d9-ddb5-4fa4-a97d-d965ccfc6d4b" outcome="Passed" testListId="8c84fa94-04c1-424b-9868-57a2d4851a1d" relativeResultsDirectory="209ab5f0-d8ca-49b4-b6df-df959daf67d7" />
    <UnitTestResult executionId="7481eae7-902f-4e9a-8ddb-330e1dfbce01" testId="52223580-48fe-c45f-1082-5d8220212c22" testName="A_New_TitleBlock_Has_Generation_Line" computerName="ERICCARLSONBBE6" duration="00:00:00.0002640" startTime="2022-11-23T12:19:42.0862584-05:00" endTime="2022-11-23T12:19:42.0865224-05:00" testType="13cdc9d9-ddb5-4fa4-a97d-d965ccfc6d4b" outcome="Passed" testListId="8c84fa94-04c1-424b-9868-57a2d4851a1d" relativeResultsDirectory="7481eae7-902f-4e9a-8ddb-330e1dfbce01" />
    <UnitTestResult executionId="0a540681-8b74-4fdb-aeea-7ce29c6d470e" testId="a2168b55-c48f-7e82-a87f-c77a74fb04a1" testName="When_A_Scenario_Step_Is_Available_It_Is_Placed_On_Single_Line_After_Heading" computerName="ERICCARLSONBBE6" duration="00:00:00.0003420" startTime="2022-11-23T12:19:42.0728786-05:00" endTime="2022-11-23T12:19:42.0732200-05:00" testType="13cdc9d9-ddb5-4fa4-a97d-d965ccfc6d4b" outcome="Passed" testListId="8c84fa94-04c1-424b-9868-57a2d4851a1d" relativeResultsDirectory="0a540681-8b74-4fdb-aeea-7ce29c6d470e" />
    <UnitTestResult executionId="97351ebc-98e4-4bff-bde3-de90c327fd8f" testId="481fda8f-bee2-0a43-451d-33c920aaed33" testName="A_Stylist_Can_Style_A_Step" computerName="ERICCARLSONBBE6" duration="00:00:00.0001789" startTime="2022-11-23T12:19:42.0758434-05:00" endTime="2022-11-23T12:19:42.0760224-05:00" testType="13cdc9d9-ddb5-4fa4-a97d-d965ccfc6d4b" outcome="Passed" testListId="8c84fa94-04c1-424b-9868-57a2d4851a1d" relativeResultsDirectory="97351ebc-98e4-4bff-bde3-de90c327fd8f" />
    <UnitTestResult executionId="6dfc6076-ff3e-4a29-a1c3-37d946d1fbec" testId="58c8736d-b187-f051-93fa-0f90a342760e" testName="Adding_A_Line_Increases_Count" computerName="ERICCARLSONBBE6" duration="00:00:00.0000930" startTime="2022-11-23T12:19:40.5691567-05:00" endTime="2022-11-23T12:19:40.5692497-05:00" testType="13cdc9d9-ddb5-4fa4-a97d-d965ccfc6d4b" outcome="Passed" testListId="8c84fa94-04c1-424b-9868-57a2d4851a1d" relativeResultsDirectory="6dfc6076-ff3e-4a29-a1c3-37d946d1fbec" />
    <UnitTestResult executionId="8ca6fc96-4611-4c80-b061-a3dc19b1f348" testId="c658766d-c5fb-3258-29b2-0a94adc9a21c" testName="A_New_TitleBlock_Has_Title_Line" computerName="ERICCARLSONBBE6" duration="00:00:00.0001410" startTime="2022-11-23T12:19:42.0865652-05:00" endTime="2022-11-23T12:19:42.0867067-05:00" testType="13cdc9d9-ddb5-4fa4-a97d-d965ccfc6d4b" outcome="Passed" testListId="8c84fa94-04c1-424b-9868-57a2d4851a1d" relativeResultsDirectory="8ca6fc96-4611-4c80-b061-a3dc19b1f348" />
    <UnitTestResult executionId="41e056c0-609d-44ad-84be-3d8e8fdbbe57" testId="a5c6e477-b34d-8cbd-e1f1-2c39ba8db21d" testName="When_Feature_Tags_Available_They_Are_Placed_On_Single_Line_Before_Heading" computerName="ERICCARLSONBBE6" duration="00:00:00.0004700" startTime="2022-11-23T12:19:40.5618435-05:00" endTime="2022-11-23T12:19:40.5623131-05:00" testType="13cdc9d9-ddb5-4fa4-a97d-d965ccfc6d4b" outcome="Passed" testListId="8c84fa94-04c1-424b-9868-57a2d4851a1d" relativeResultsDirectory="41e056c0-609d-44ad-84be-3d8e8fdbbe57" />
    <UnitTestResult executionId="d4a75aed-b232-4ea4-8963-33a146eac657" testId="1c45ea74-d176-4223-5c68-d75bf93dcd7b" testName="When_I_Build_Documentation_Icon_Files_Are_Created" computerName="ERICCARLSONBBE6" duration="00:00:00.0019280" startTime="2022-11-23T12:19:41.9433231-05:00" endTime="2022-11-23T12:19:41.9452509-05:00" testType="13cdc9d9-ddb5-4fa4-a97d-d965ccfc6d4b" outcome="Passed" testListId="8c84fa94-04c1-424b-9868-57a2d4851a1d" relativeResultsDirectory="d4a75aed-b232-4ea4-8963-33a146eac657" />
    <UnitTestResult executionId="adff06e9-dcf1-494d-8d0f-d01dd0ccf666" testId="69f335ed-55f7-e738-817f-095a67fa17c4" testName="A_Step_Table_Is_Formatted" computerName="ERICCARLSONBBE6" duration="00:00:00.0004720" startTime="2022-11-23T12:19:42.0737501-05:00" endTime="2022-11-23T12:19:42.0742222-05:00" testType="13cdc9d9-ddb5-4fa4-a97d-d965ccfc6d4b" outcome="Passed" testListId="8c84fa94-04c1-424b-9868-57a2d4851a1d" relativeResultsDirectory="adff06e9-dcf1-494d-8d0f-d01dd0ccf666" />
    <UnitTestResult executionId="a4c57ec9-1b21-4039-95e2-e2bf0fb8e78f" testId="36b01c4e-c867-a891-2fa1-97ad8d589431" testName="A_Stylist_Can_Style_A_Scenario_Heading" computerName="ERICCARLSONBBE6" duration="00:00:00.0001880" startTime="2022-11-23T12:19:42.0753176-05:00" endTime="2022-11-23T12:19:42.0755058-05:00" testType="13cdc9d9-ddb5-4fa4-a97d-d965ccfc6d4b" outcome="Passed" testListId="8c84fa94-04c1-424b-9868-57a2d4851a1d" relativeResultsDirectory="a4c57ec9-1b21-4039-95e2-e2bf0fb8e78f" />
    <UnitTestResult executionId="c3f7a75b-c491-45c8-b20b-ea39b27ac93c" testId="f6390755-b75b-1311-f0e2-639cacf50291" testName="A_Stylist_Can_Style_A_StepLine" computerName="ERICCARLSONBBE6" duration="00:00:00.0001770" startTime="2022-11-23T12:19:42.0768512-05:00" endTime="2022-11-23T12:19:42.0770285-05:00" testType="13cdc9d9-ddb5-4fa4-a97d-d965ccfc6d4b" outcome="Passed" testListId="8c84fa94-04c1-424b-9868-57a2d4851a1d" relativeResultsDirectory="c3f7a75b-c491-45c8-b20b-ea39b27ac93c" />
    <UnitTestResult executionId="461ea7e3-5928-43bc-9a70-8615e8289667" testId="c4a96b56-67ee-ecaa-df28-8048dac51625" testName="A_Stylist_Can_Style_A_Scenario_Heading_With_Result" computerName="ERICCARLSONBBE6" duration="00:00:00.0001640" startTime="2022-11-23T12:19:42.0755157-05:00" endTime="2022-11-23T12:19:42.0756795-05:00" testType="13cdc9d9-ddb5-4fa4-a97d-d965ccfc6d4b" outcome="Passed" testListId="8c84fa94-04c1-424b-9868-57a2d4851a1d" relativeResultsDirectory="461ea7e3-5928-43bc-9a70-8615e8289667" />
    <UnitTestResult executionId="826a543b-4bbc-4953-b923-60e733bdc930" testId="7e1e3d83-08b7-34c6-d5a0-cb9c9210de3e" testName="A_Table_Is_Formatted_With_Placeholders" computerName="ERICCARLSONBBE6" duration="00:00:00.0002900" startTime="2022-11-23T12:19:42.0784393-05:00" endTime="2022-11-23T12:19:42.0787292-05:00" testType="13cdc9d9-ddb5-4fa4-a97d-d965ccfc6d4b" outcome="Passed" testListId="8c84fa94-04c1-424b-9868-57a2d4851a1d" relativeResultsDirectory="826a543b-4bbc-4953-b923-60e733bdc930" />
    <UnitTestResult executionId="b5d3a3a5-d059-4f7e-bbac-19d533b58386" testId="3978d76f-896f-700f-9f11-9d7049610568" testName="A_Stylist_Can_Style_A_Background_Heading_Without_A_Name" computerName="ERICCARLSONBBE6" duration="00:00:00.0001010" startTime="2022-11-23T12:19:42.0747344-05:00" endTime="2022-11-23T12:19:42.0748355-05:00" testType="13cdc9d9-ddb5-4fa4-a97d-d965ccfc6d4b" outcome="Passed" testListId="8c84fa94-04c1-424b-9868-57a2d4851a1d" relativeResultsDirectory="b5d3a3a5-d059-4f7e-bbac-19d533b58386" />
    <UnitTestResult executionId="7f2f235b-551c-4109-a053-9fdb23204393" testId="00406124-e5b3-afc5-cb68-1b5f68830cc7" testName="ToString_Returns_Blocks_Markdown_Content" computerName="ERICCARLSONBBE6" duration="00:00:00.0001210" startTime="2022-11-23T12:19:40.4414171-05:00" endTime="2022-11-23T12:19:40.4415380-05:00" testType="13cdc9d9-ddb5-4fa4-a97d-d965ccfc6d4b" outcome="Passed" testListId="8c84fa94-04c1-424b-9868-57a2d4851a1d" relativeResultsDirectory="7f2f235b-551c-4109-a053-9fdb23204393" />
    <UnitTestResult executionId="2df47b3b-4667-411d-b12b-cc0ebffd74ea" testId="0c3d7bf3-c8d9-3999-b9c6-3e425af24857" testName="Localization_Has_String_For_Title" computerName="ERICCARLSONBBE6" duration="00:00:00.0000900" startTime="2022-11-23T12:19:40.5721097-05:00" endTime="2022-11-23T12:19:40.5721997-05:00" testType="13cdc9d9-ddb5-4fa4-a97d-d965ccfc6d4b" outcome="Passed" testListId="8c84fa94-04c1-424b-9868-57a2d4851a1d" relativeResultsDirectory="2df47b3b-4667-411d-b12b-cc0ebffd74ea" />
    <UnitTestResult executionId="29316e58-a50f-41d7-a26f-aed6b366155f" testId="aa7d19ca-6be0-4851-e641-556ba8ce4420" testName="When_A_Background_Is_Present_Its_Included_In_Markdown_Output" computerName="ERICCARLSONBBE6" duration="00:00:00.0003070" startTime="2022-11-23T12:19:40.5612236-05:00" endTime="2022-11-23T12:19:40.5615303-05:00" testType="13cdc9d9-ddb5-4fa4-a97d-d965ccfc6d4b" outcome="Passed" testListId="8c84fa94-04c1-424b-9868-57a2d4851a1d" relativeResultsDirectory="29316e58-a50f-41d7-a26f-aed6b366155f" />
    <UnitTestResult executionId="46bc81f3-9ecf-4f6c-be84-1af69edc00c2" testId="66a6d93e-e5a0-9b6b-059b-4ca000c89164" testName="When_A_Scenario_Step_Is_Available_It_Has_Escape_Characters_For_Placeholder_Brackets" computerName="ERICCARLSONBBE6" duration="00:00:00.0009160" startTime="2022-11-23T12:19:42.0719351-05:00" endTime="2022-11-23T12:19:42.0728506-05:00" testType="13cdc9d9-ddb5-4fa4-a97d-d965ccfc6d4b" outcome="Passed" testListId="8c84fa94-04c1-424b-9868-57a2d4851a1d" relativeResultsDirectory="46bc81f3-9ecf-4f6c-be84-1af69edc00c2" />
    <UnitTestResult executionId="0106db27-96e6-420f-a416-6b02e6d5c539" testId="e9c111f1-6ad0-4ab8-210c-997ef200a119" testName="A_Stylist_Can_Style_A_Tag" computerName="ERICCARLSONBBE6" duration="00:00:00.0001800" startTime="2022-11-23T12:19:42.0773855-05:00" endTime="2022-11-23T12:19:42.0775654-05:00" testType="13cdc9d9-ddb5-4fa4-a97d-d965ccfc6d4b" outcome="Passed" testListId="8c84fa94-04c1-424b-9868-57a2d4851a1d" relativeResultsDirectory="0106db27-96e6-420f-a416-6b02e6d5c539" />
    <UnitTestResult executionId="d1bfac72-e9b0-4bfb-96d8-c090624e4ac2" testId="89078dd5-dbe6-d29f-68ce-14d516c4a219" testName="A_Stylist_Can_Style_A_Table_Result_Heading" computerName="ERICCARLSONBBE6" duration="00:00:00.0001370" startTime="2022-11-23T12:19:42.0771761-05:00" endTime="2022-11-23T12:19:42.0773131-05:00" testType="13cdc9d9-ddb5-4fa4-a97d-d965ccfc6d4b" outcome="Passed" testListId="8c84fa94-04c1-424b-9868-57a2d4851a1d" relativeResultsDirectory="d1bfac72-e9b0-4bfb-96d8-c090624e4ac2" />
  </Results>
  <TestDefinitions>
    <UnitTest name="A_Stylist_Can_Style_A_Step" storage="c:\users\ericcarlson\documents\github\pickles\src\pickles.documentationbuilders.markdown.unittests\bin\debug\net6.0\picklesdoc.pickles.documentationbuilders.markdown.unittests.dll" id="481fda8f-bee2-0a43-451d-33c920aaed33">
      <Execution id="97351ebc-98e4-4bff-bde3-de90c327fd8f" />
      <TestMethod codeBase="C:\Users\ericcarlson\documents\github\pickles\src\Pickles.DocumentationBuilders.Markdown.UnitTests\bin\Debug\net6.0\PicklesDoc.Pickles.DocumentationBuilders.Markdown.UnitTests.dll" adapterTypeName="executor://nunit3testexecutor/" className="PicklesDoc.Pickles.DocumentationBuilders.Markdown.UnitTests.Stylist_Tests" name="A_Stylist_Can_Style_A_Step" />
    </UnitTest>
    <UnitTest name="A_New_TitleBlock_Has_Generation_Line" storage="c:\users\ericcarlson\documents\github\pickles\src\pickles.documentationbuilders.markdown.unittests\bin\debug\net6.0\picklesdoc.pickles.documentationbuilders.markdown.unittests.dll" id="52223580-48fe-c45f-1082-5d8220212c22">
      <Execution id="7481eae7-902f-4e9a-8ddb-330e1dfbce01" />
      <TestMethod codeBase="C:\Users\ericcarlson\documents\github\pickles\src\Pickles.DocumentationBuilders.Markdown.UnitTests\bin\Debug\net6.0\PicklesDoc.Pickles.DocumentationBuilders.Markdown.UnitTests.dll" adapterTypeName="executor://nunit3testexecutor/" className="PicklesDoc.Pickles.DocumentationBuilders.Markdown.UnitTests.TitleBlock_Tests" name="A_New_TitleBlock_Has_Generation_Line" />
    </UnitTest>
    <UnitTest name="A_Table_Is_Formatted_With_Placeholders" storage="c:\users\ericcarlson\documents\github\pickles\src\pickles.documentationbuilders.markdown.unittests\bin\debug\net6.0\picklesdoc.pickles.documentationbuilders.markdown.unittests.dll" id="7e1e3d83-08b7-34c6-d5a0-cb9c9210de3e">
      <Execution id="826a543b-4bbc-4953-b923-60e733bdc930" />
      <TestMethod codeBase="C:\Users\ericcarlson\documents\github\pickles\src\Pickles.DocumentationBuilders.Markdown.UnitTests\bin\Debug\net6.0\PicklesDoc.Pickles.DocumentationBuilders.Markdown.UnitTests.dll" adapterTypeName="executor://nunit3testexecutor/" className="PicklesDoc.Pickles.DocumentationBuilders.Markdown.UnitTests.TableBlock_Tests" name="A_Table_Is_Formatted_With_Placeholders" />
    </UnitTest>
    <UnitTest name="A_Table_Is_Formatted" storage="c:\users\ericcarlson\documents\github\pickles\src\pickles.documentationbuilders.markdown.unittests\bin\debug\net6.0\picklesdoc.pickles.documentationbuilders.markdown.unittests.dll" id="5d3d500d-237d-827e-aff0-b68712a3e455">
      <Execution id="8082b4ee-3e8e-4926-98cd-8bc6d0a6c73c" />
      <TestMethod codeBase="C:\Users\ericcarlson\documents\github\pickles\src\Pickles.DocumentationBuilders.Markdown.UnitTests\bin\Debug\net6.0\PicklesDoc.Pickles.DocumentationBuilders.Markdown.UnitTests.dll" adapterTypeName="executor://nunit3testexecutor/" className="PicklesDoc.Pickles.DocumentationBuilders.Markdown.UnitTests.TableBlock_Tests" name="A_Table_Is_Formatted" />
    </UnitTest>
    <UnitTest name="A_Stylist_Can_Style_An_Example_Heading" storage="c:\users\ericcarlson\documents\github\pickles\src\pickles.documentationbuilders.markdown.unittests\bin\debug\net6.0\picklesdoc.pickles.documentationbuilders.markdown.unittests.dll" id="087a7169-3864-8bdf-0f7a-767fa49fba60">
      <Execution id="252771d0-597e-4e55-bca6-adcea7540299" />
      <TestMethod codeBase="C:\Users\ericcarlson\documents\github\pickles\src\Pickles.DocumentationBuilders.Markdown.UnitTests\bin\Debug\net6.0\PicklesDoc.Pickles.DocumentationBuilders.Markdown.UnitTests.dll" adapterTypeName="executor://nunit3testexecutor/" className="PicklesDoc.Pickles.DocumentationBuilders.Markdown.UnitTests.Stylist_Tests" name="A_Stylist_Can_Style_An_Example_Heading" />
    </UnitTest>
    <UnitTest name="When_A_Scenario_Step_Is_Available_It_Is_Placed_On_Single_Line_After_Heading" storage="c:\users\ericcarlson\documents\github\pickles\src\pickles.documentationbuilders.markdown.unittests\bin\debug\net6.0\picklesdoc.pickles.documentationbuilders.markdown.unittests.dll" id="a2168b55-c48f-7e82-a87f-c77a74fb04a1">
      <Execution id="0a540681-8b74-4fdb-aeea-7ce29c6d470e" />
      <TestMethod codeBase="C:\Users\ericcarlson\documents\github\pickles\src\Pickles.DocumentationBuilders.Markdown.UnitTests\bin\Debug\net6.0\PicklesDoc.Pickles.DocumentationBuilders.Markdown.UnitTests.dll" adapterTypeName="executor://nunit3testexecutor/" className="PicklesDoc.Pickles.DocumentationBuilders.Markdown.UnitTests.ScenarioBlock_Tests" name="When_A_Scenario_Step_Is_Available_It_Is_Placed_On_Single_Line_After_Heading" />
    </UnitTest>
    <UnitTest name="Autofac_Can_Resolve_MarkdownDocumentationBuilder_Request" storage="c:\users\ericcarlson\documents\github\pickles\src\pickles.documentationbuilders.markdown.unittests\bin\debug\net6.0\picklesdoc.pickles.documentationbuilders.markdown.unittests.dll" id="00ebd793-751c-de7a-18e8-922b4a4d7a79">
      <Execution id="2ea77f8a-f587-413e-be31-301484931a52" />
      <TestMethod codeBase="C:\Users\ericcarlson\documents\github\pickles\src\Pickles.DocumentationBuilders.Markdown.UnitTests\bin\Debug\net6.0\PicklesDoc.Pickles.DocumentationBuilders.Markdown.UnitTests.dll" adapterTypeName="executor://nunit3testexecutor/" className="PicklesDoc.Pickles.DocumentationBuilders.Markdown.UnitTests.MarkdownDocumentationBuilder_Tests" name="Autofac_Can_Resolve_MarkdownDocumentationBuilder_Request" />
    </UnitTest>
    <UnitTest name="Localization_Has_String_For_Title" storage="c:\users\ericcarlson\documents\github\pickles\src\pickles.documentationbuilders.markdown.unittests\bin\debug\net6.0\picklesdoc.pickles.documentationbuilders.markdown.unittests.dll" id="0c3d7bf3-c8d9-3999-b9c6-3e425af24857">
      <Execution id="2df47b3b-4667-411d-b12b-cc0ebffd74ea" />
      <TestMethod codeBase="C:\Users\ericcarlson\documents\github\pickles\src\Pickles.DocumentationBuilders.Markdown.UnitTests\bin\Debug\net6.0\PicklesDoc.Pickles.DocumentationBuilders.Markdown.UnitTests.dll" adapterTypeName="executor://nunit3testexecutor/" className="PicklesDoc.Pickles.DocumentationBuilders.Markdown.UnitTests.Localization_Tests" name="Localization_Has_String_For_Title" />
    </UnitTest>
    <UnitTest name="Localization_Has_String_For_GenerationDateTime" storage="c:\users\ericcarlson\documents\github\pickles\src\pickles.documentationbuilders.markdown.unittests\bin\debug\net6.0\picklesdoc.pickles.documentationbuilders.markdown.unittests.dll" id="72b92267-d82f-070d-84d0-a4aae3f63aa3">
      <Execution id="0d86c689-d576-4ecc-bceb-00758d499179" />
      <TestMethod codeBase="C:\Users\ericcarlson\documents\github\pickles\src\Pickles.DocumentationBuilders.Markdown.UnitTests\bin\Debug\net6.0\PicklesDoc.Pickles.DocumentationBuilders.Markdown.UnitTests.dll" adapterTypeName="executor://nunit3testexecutor/" className="PicklesDoc.Pickles.DocumentationBuilders.Markdown.UnitTests.Localization_Tests" name="Localization_Has_String_For_GenerationDateTime" />
    </UnitTest>
    <UnitTest name="A_Stylist_Can_Style_A_Background_Heading" storage="c:\users\ericcarlson\documents\github\pickles\src\pickles.documentationbuilders.markdown.unittests\bin\debug\net6.0\picklesdoc.pickles.documentationbuilders.markdown.unittests.dll" id="af1cf20b-f98b-777e-b863-284fbdd4fe3d">
      <Execution id="dbb0ac88-8dc0-4162-b17b-1291e27722cd" />
      <TestMethod codeBase="C:\Users\ericcarlson\documents\github\pickles\src\Pickles.DocumentationBuilders.Markdown.UnitTests\bin\Debug\net6.0\PicklesDoc.Pickles.DocumentationBuilders.Markdown.UnitTests.dll" adapterTypeName="executor://nunit3testexecutor/" className="PicklesDoc.Pickles.DocumentationBuilders.Markdown.UnitTests.Stylist_Tests" name="A_Stylist_Can_Style_A_Background_Heading" />
    </UnitTest>
    <UnitTest name="A_Stylist_Can_Style_A_StepLine" storage="c:\users\ericcarlson\documents\github\pickles\src\pickles.documentationbuilders.markdown.unittests\bin\debug\net6.0\picklesdoc.pickles.documentationbuilders.markdown.unittests.dll" id="f6390755-b75b-1311-f0e2-639cacf50291">
      <Execution id="c3f7a75b-c491-45c8-b20b-ea39b27ac93c" />
      <TestMethod codeBase="C:\Users\ericcarlson\documents\github\pickles\src\Pickles.DocumentationBuilders.Markdown.UnitTests\bin\Debug\net6.0\PicklesDoc.Pickles.DocumentationBuilders.Markdown.UnitTests.dll" adapterTypeName="executor://nunit3testexecutor/" className="PicklesDoc.Pickles.DocumentationBuilders.Markdown.UnitTests.Stylist_Tests" name="A_Stylist_Can_Style_A_StepLine" />
    </UnitTest>
    <UnitTest name="When_Feature_Tags_Available_They_Are_Placed_On_Single_Line_Before_Heading" storage="c:\users\ericcarlson\documents\github\pickles\src\pickles.documentationbuilders.markdown.unittests\bin\debug\net6.0\picklesdoc.pickles.documentationbuilders.markdown.unittests.dll" id="a5c6e477-b34d-8cbd-e1f1-2c39ba8db21d">
      <Execution id="41e056c0-609d-44ad-84be-3d8e8fdbbe57" />
      <TestMethod codeBase="C:\Users\ericcarlson\documents\github\pickles\src\Pickles.DocumentationBuilders.Markdown.UnitTests\bin\Debug\net6.0\PicklesDoc.Pickles.DocumentationBuilders.Markdown.UnitTests.dll" adapterTypeName="executor://nunit3testexecutor/" className="PicklesDoc.Pickles.DocumentationBuilders.Markdown.UnitTests.FeatureBlock_Tests" name="When_Feature_Tags_Available_They_Are_Placed_On_Single_Line_Before_Heading" />
    </UnitTest>
    <UnitTest name="A_Stylist_Can_Style_A_Tag" storage="c:\users\ericcarlson\documents\github\pickles\src\pickles.documentationbuilders.markdown.unittests\bin\debug\net6.0\picklesdoc.pickles.documentationbuilders.markdown.unittests.dll" id="e9c111f1-6ad0-4ab8-210c-997ef200a119">
      <Execution id="0106db27-96e6-420f-a416-6b02e6d5c539" />
      <TestMethod codeBase="C:\Users\ericcarlson\documents\github\pickles\src\Pickles.DocumentationBuilders.Markdown.UnitTests\bin\Debug\net6.0\PicklesDoc.Pickles.DocumentationBuilders.Markdown.UnitTests.dll" adapterTypeName="executor://nunit3testexecutor/" className="PicklesDoc.Pickles.DocumentationBuilders.Markdown.UnitTests.Stylist_Tests" name="A_Stylist_Can_Style_A_Tag" />
    </UnitTest>
    <UnitTest name="When_I_Build_Documentation_Icon_Files_Are_Created" storage="c:\users\ericcarlson\documents\github\pickles\src\pickles.documentationbuilders.markdown.unittests\bin\debug\net6.0\picklesdoc.pickles.documentationbuilders.markdown.unittests.dll" id="1c45ea74-d176-4223-5c68-d75bf93dcd7b">
      <Execution id="d4a75aed-b232-4ea4-8963-33a146eac657" />
      <TestMethod codeBase="C:\Users\ericcarlson\documents\github\pickles\src\Pickles.DocumentationBuilders.Markdown.UnitTests\bin\Debug\net6.0\PicklesDoc.Pickles.DocumentationBuilders.Markdown.UnitTests.dll" adapterTypeName="executor://nunit3testexecutor/" className="PicklesDoc.Pickles.DocumentationBuilders.Markdown.UnitTests.MarkdownDocumentationBuilder_Tests" name="When_I_Build_Documentation_Icon_Files_Are_Created" />
    </UnitTest>
    <UnitTest name="A_Stylist_Can_Style_A_Table_Result_Heading" storage="c:\users\ericcarlson\documents\github\pickles\src\pickles.documentationbuilders.markdown.unittests\bin\debug\net6.0\picklesdoc.pickles.documentationbuilders.markdown.unittests.dll" id="89078dd5-dbe6-d29f-68ce-14d516c4a219">
      <Execution id="d1bfac72-e9b0-4bfb-96d8-c090624e4ac2" />
      <TestMethod codeBase="C:\Users\ericcarlson\documents\github\pickles\src\Pickles.DocumentationBuilders.Markdown.UnitTests\bin\Debug\net6.0\PicklesDoc.Pickles.DocumentationBuilders.Markdown.UnitTests.dll" adapterTypeName="executor://nunit3testexecutor/" className="PicklesDoc.Pickles.DocumentationBuilders.Markdown.UnitTests.Stylist_Tests" name="A_Stylist_Can_Style_A_Table_Result_Heading" />
    </UnitTest>
    <UnitTest name="New_Documentation_Produces_Default_Single_Page" storage="c:\users\ericcarlson\documents\github\pickles\src\pickles.documentationbuilders.markdown.unittests\bin\debug\net6.0\picklesdoc.pickles.documentationbuilders.markdown.unittests.dll" id="06d5cdf3-faa5-12cf-4029-56953a4c81e7">
      <Execution id="199f181c-29c6-4300-902a-0565f45872c6" />
      <TestMethod codeBase="C:\Users\ericcarlson\documents\github\pickles\src\Pickles.DocumentationBuilders.Markdown.UnitTests\bin\Debug\net6.0\PicklesDoc.Pickles.DocumentationBuilders.Markdown.UnitTests.dll" adapterTypeName="executor://nunit3testexecutor/" className="PicklesDoc.Pickles.DocumentationBuilders.Markdown.UnitTests.Documentation_Tests" name="New_Documentation_Produces_Default_Single_Page" />
    </UnitTest>
    <UnitTest name="A_Stylist_Can_Style_A_Step_With_Angle_Brakets" storage="c:\users\ericcarlson\documents\github\pickles\src\pickles.documentationbuilders.markdown.unittests\bin\debug\net6.0\picklesdoc.pickles.documentationbuilders.markdown.unittests.dll" id="c4d3054f-f69e-28a7-32ea-27cca40ff6c7">
      <Execution id="6a0791ba-9b12-4bee-8fa4-388b58947c1a" />
      <TestMethod codeBase="C:\Users\ericcarlson\documents\github\pickles\src\Pickles.DocumentationBuilders.Markdown.UnitTests\bin\Debug\net6.0\PicklesDoc.Pickles.DocumentationBuilders.Markdown.UnitTests.dll" adapterTypeName="executor://nunit3testexecutor/" className="PicklesDoc.Pickles.DocumentationBuilders.Markdown.UnitTests.Stylist_Tests" name="A_Stylist_Can_Style_A_Step_With_Angle_Brakets" />
    </UnitTest>
    <UnitTest name="When_Mutiple_Scenarios_Are_Available_They_Are_Included_After_Heading" storage="c:\users\ericcarlson\documents\github\pickles\src\pickles.documentationbuilders.markdown.unittests\bin\debug\net6.0\picklesdoc.pickles.documentationbuilders.markdown.unittests.dll" id="33258916-b4e4-0851-5a91-8fe4143d3fb3">
      <Execution id="17626eb7-866c-41fd-96fc-c2caa113da04" />
      <TestMethod codeBase="C:\Users\ericcarlson\documents\github\pickles\src\Pickles.DocumentationBuilders.Markdown.UnitTests\bin\Debug\net6.0\PicklesDoc.Pickles.DocumentationBuilders.Markdown.UnitTests.dll" adapterTypeName="executor://nunit3testexecutor/" className="PicklesDoc.Pickles.DocumentationBuilders.Markdown.UnitTests.FeatureBlock_Tests" name="When_Mutiple_Scenarios_Are_Available_They_Are_Included_After_Heading" />
    </UnitTest>
    <UnitTest name="A_Stylist_Can_Style_A_Scenario_Heading" storage="c:\users\ericcarlson\documents\github\pickles\src\pickles.documentationbuilders.markdown.unittests\bin\debug\net6.0\picklesdoc.pickles.documentationbuilders.markdown.unittests.dll" id="36b01c4e-c867-a891-2fa1-97ad8d589431">
      <Execution id="a4c57ec9-1b21-4039-95e2-e2bf0fb8e78f" />
      <TestMethod codeBase="C:\Users\ericcarlson\documents\github\pickles\src\Pickles.DocumentationBuilders.Markdown.UnitTests\bin\Debug\net6.0\PicklesDoc.Pickles.DocumentationBuilders.Markdown.UnitTests.dll" adapterTypeName="executor://nunit3testexecutor/" className="PicklesDoc.Pickles.DocumentationBuilders.Markdown.UnitTests.Stylist_Tests" name="A_Stylist_Can_Style_A_Scenario_Heading" />
    </UnitTest>
    <UnitTest name="When_A_Scenario_Step_Has_A_Result__The_Result_Is_Included" storage="c:\users\ericcarlson\documents\github\pickles\src\pickles.documentationbuilders.markdown.unittests\bin\debug\net6.0\picklesdoc.pickles.documentationbuilders.markdown.unittests.dll" id="4ddc7a2b-873e-5268-25fb-47a5f8786352">
      <Execution id="03ffd703-9196-4b87-8300-26db4680948d" />
      <TestMethod codeBase="C:\Users\ericcarlson\documents\github\pickles\src\Pickles.DocumentationBuilders.Markdown.UnitTests\bin\Debug\net6.0\PicklesDoc.Pickles.DocumentationBuilders.Markdown.UnitTests.dll" adapterTypeName="executor://nunit3testexecutor/" className="PicklesDoc.Pickles.DocumentationBuilders.Markdown.UnitTests.ScenarioBlock_Tests" name="When_A_Scenario_Step_Has_A_Result__The_Result_Is_Included" />
    </UnitTest>
    <UnitTest name="A_Step_Table_Is_Formatted" storage="c:\users\ericcarlson\documents\github\pickles\src\pickles.documentationbuilders.markdown.unittests\bin\debug\net6.0\picklesdoc.pickles.documentationbuilders.markdown.unittests.dll" id="69f335ed-55f7-e738-817f-095a67fa17c4">
      <Execution id="adff06e9-dcf1-494d-8d0f-d01dd0ccf666" />
      <TestMethod codeBase="C:\Users\ericcarlson\documents\github\pickles\src\Pickles.DocumentationBuilders.Markdown.UnitTests\bin\Debug\net6.0\PicklesDoc.Pickles.DocumentationBuilders.Markdown.UnitTests.dll" adapterTypeName="executor://nunit3testexecutor/" className="PicklesDoc.Pickles.DocumentationBuilders.Markdown.UnitTests.StepBlock_Tests" name="A_Step_Table_Is_Formatted" />
    </UnitTest>
    <UnitTest name="With_A_Simple_Feature_The_Output_Has_Default_Content" storage="c:\users\ericcarlson\documents\github\pickles\src\pickles.documentationbuilders.markdown.unittests\bin\debug\net6.0\picklesdoc.pickles.documentationbuilders.markdown.unittests.dll" id="375a6997-a0a8-9897-2bc4-051254737b59">
      <Execution id="0c7051a8-d389-4d89-8e56-6a2aa1e9797e" />
      <TestMethod codeBase="C:\Users\ericcarlson\documents\github\pickles\src\Pickles.DocumentationBuilders.Markdown.UnitTests\bin\Debug\net6.0\PicklesDoc.Pickles.DocumentationBuilders.Markdown.UnitTests.dll" adapterTypeName="executor://nunit3testexecutor/" className="PicklesDoc.Pickles.DocumentationBuilders.Markdown.UnitTests.MarkdownDocumentationBuilder_Tests" name="With_A_Simple_Feature_The_Output_Has_Default_Content" />
    </UnitTest>
    <UnitTest name="Examples_Are_Included_As_Table" storage="c:\users\ericcarlson\documents\github\pickles\src\pickles.documentationbuilders.markdown.unittests\bin\debug\net6.0\picklesdoc.pickles.documentationbuilders.markdown.unittests.dll" id="b9082ac3-c344-775f-2ed2-5cef39b3a84e">
      <Execution id="c2ad9f78-f439-422b-ad81-8d2b7030e6b7" />
      <TestMethod codeBase="C:\Users\ericcarlson\documents\github\pickles\src\Pickles.DocumentationBuilders.Markdown.UnitTests\bin\Debug\net6.0\PicklesDoc.Pickles.DocumentationBuilders.Markdown.UnitTests.dll" adapterTypeName="executor://nunit3testexecutor/" className="PicklesDoc.Pickles.DocumentationBuilders.Markdown.UnitTests.ScenarioBlock_Tests" name="Examples_Are_Included_As_Table" />
    </UnitTest>
    <UnitTest name="When_I_Build_Documentation_A_File_Is_Created" storage="c:\users\ericcarlson\documents\github\pickles\src\pickles.documentationbuilders.markdown.unittests\bin\debug\net6.0\picklesdoc.pickles.documentationbuilders.markdown.unittests.dll" id="0c96c7d8-9cb1-3161-df45-936c044c8a90">
      <Execution id="eb016698-4d50-4c05-95d9-680d2fd06b6b" />
      <TestMethod codeBase="C:\Users\ericcarlson\documents\github\pickles\src\Pickles.DocumentationBuilders.Markdown.UnitTests\bin\Debug\net6.0\PicklesDoc.Pickles.DocumentationBuilders.Markdown.UnitTests.dll" adapterTypeName="executor://nunit3testexecutor/" className="PicklesDoc.Pickles.DocumentationBuilders.Markdown.UnitTests.MarkdownDocumentationBuilder_Tests" name="When_I_Build_Documentation_A_File_Is_Created" />
    </UnitTest>
    <UnitTest name="When_Scenario_Is_Available_It_Is_Included_After_Heading" storage="c:\users\ericcarlson\documents\github\pickles\src\pickles.documentationbuilders.markdown.unittests\bin\debug\net6.0\picklesdoc.pickles.documentationbuilders.markdown.unittests.dll" id="2be587f2-52cc-ecb6-a175-06d50e5ae2e7">
      <Execution id="c8a30ad6-491b-4f39-ad43-226186bc45b7" />
      <TestMethod codeBase="C:\Users\ericcarlson\documents\github\pickles\src\Pickles.DocumentationBuilders.Markdown.UnitTests\bin\Debug\net6.0\PicklesDoc.Pickles.DocumentationBuilders.Markdown.UnitTests.dll" adapterTypeName="executor://nunit3testexecutor/" className="PicklesDoc.Pickles.DocumentationBuilders.Markdown.UnitTests.FeatureBlock_Tests" name="When_Scenario_Is_Available_It_Is_Included_After_Heading" />
    </UnitTest>
    <UnitTest name="When_A_Background_Is_Present_Its_Included_In_Markdown_Output" storage="c:\users\ericcarlson\documents\github\pickles\src\pickles.documentationbuilders.markdown.unittests\bin\debug\net6.0\picklesdoc.pickles.documentationbuilders.markdown.unittests.dll" id="aa7d19ca-6be0-4851-e641-556ba8ce4420">
      <Execution id="29316e58-a50f-41d7-a26f-aed6b366155f" />
      <TestMethod codeBase="C:\Users\ericcarlson\documents\github\pickles\src\Pickles.DocumentationBuilders.Markdown.UnitTests\bin\Debug\net6.0\PicklesDoc.Pickles.DocumentationBuilders.Markdown.UnitTests.dll" adapterTypeName="executor://nunit3testexecutor/" className="PicklesDoc.Pickles.DocumentationBuilders.Markdown.UnitTests.FeatureBlock_Tests" name="When_A_Background_Is_Present_Its_Included_In_Markdown_Output" />
    </UnitTest>
    <UnitTest name="A_New_TitleBlock_Has_Title_Line" storage="c:\users\ericcarlson\documents\github\pickles\src\pickles.documentationbuilders.markdown.unittests\bin\debug\net6.0\picklesdoc.pickles.documentationbuilders.markdown.unittests.dll" id="c658766d-c5fb-3258-29b2-0a94adc9a21c">
      <Execution id="8ca6fc96-4611-4c80-b061-a3dc19b1f348" />
      <TestMethod codeBase="C:\Users\ericcarlson\documents\github\pickles\src\Pickles.DocumentationBuilders.Markdown.UnitTests\bin\Debug\net6.0\PicklesDoc.Pickles.DocumentationBuilders.Markdown.UnitTests.dll" adapterTypeName="executor://nunit3testexecutor/" className="PicklesDoc.Pickles.DocumentationBuilders.Markdown.UnitTests.TitleBlock_Tests" name="A_New_TitleBlock_Has_Title_Line" />
    </UnitTest>
    <UnitTest name="New_MarkdownDocumentationBuilder_Is_An_Implementation_Of_IDocumentationBuilder" storage="c:\users\ericcarlson\documents\github\pickles\src\pickles.documentationbuilders.markdown.unittests\bin\debug\net6.0\picklesdoc.pickles.documentationbuilders.markdown.unittests.dll" id="0dfe1c29-0f1e-edfc-3817-67b7033c14c1">
      <Execution id="a65e3998-82cb-4933-b605-46c79486e909" />
      <TestMethod codeBase="C:\Users\ericcarlson\documents\github\pickles\src\Pickles.DocumentationBuilders.Markdown.UnitTests\bin\Debug\net6.0\PicklesDoc.Pickles.DocumentationBuilders.Markdown.UnitTests.dll" adapterTypeName="executor://nunit3testexecutor/" className="PicklesDoc.Pickles.DocumentationBuilders.Markdown.UnitTests.MarkdownDocumentationBuilder_Tests" name="New_MarkdownDocumentationBuilder_Is_An_Implementation_Of_IDocumentationBuilder" />
    </UnitTest>
    <UnitTest name="Adding_A_Line_Increases_Count" storage="c:\users\ericcarlson\documents\github\pickles\src\pickles.documentationbuilders.markdown.unittests\bin\debug\net6.0\picklesdoc.pickles.documentationbuilders.markdown.unittests.dll" id="58c8736d-b187-f051-93fa-0f90a342760e">
      <Execution id="6dfc6076-ff3e-4a29-a1c3-37d946d1fbec" />
      <TestMethod codeBase="C:\Users\ericcarlson\documents\github\pickles\src\Pickles.DocumentationBuilders.Markdown.UnitTests\bin\Debug\net6.0\PicklesDoc.Pickles.DocumentationBuilders.Markdown.UnitTests.dll" adapterTypeName="executor://nunit3testexecutor/" className="PicklesDoc.Pickles.DocumentationBuilders.Markdown.UnitTests.Lines_Tests" name="Adding_A_Line_Increases_Count" />
    </UnitTest>
    <UnitTest name="A_Stylist_Can_Style_A_Title" storage="c:\users\ericcarlson\documents\github\pickles\src\pickles.documentationbuilders.markdown.unittests\bin\debug\net6.0\picklesdoc.pickles.documentationbuilders.markdown.unittests.dll" id="7e57b20e-af1e-50f7-b450-cb9820ac386c">
      <Execution id="58d569c6-4881-4ae5-bce4-a563f41eaf54" />
      <TestMethod codeBase="C:\Users\ericcarlson\documents\github\pickles\src\Pickles.DocumentationBuilders.Markdown.UnitTests\bin\Debug\net6.0\PicklesDoc.Pickles.DocumentationBuilders.Markdown.UnitTests.dll" adapterTypeName="executor://nunit3testexecutor/" className="PicklesDoc.Pickles.DocumentationBuilders.Markdown.UnitTests.Stylist_Tests" name="A_Stylist_Can_Style_A_Title" />
    </UnitTest>
    <UnitTest name="A_New_FeatureBlock_Has_Feature_Heading_On_First_Line" storage="c:\users\ericcarlson\documents\github\pickles\src\pickles.documentationbuilders.markdown.unittests\bin\debug\net6.0\picklesdoc.pickles.documentationbuilders.markdown.unittests.dll" id="e818896b-58a9-0f53-a62b-13637c17dc39">
      <Execution id="2167e4f2-5fb8-47fb-bfb1-5f3ed8256506" />
      <TestMethod codeBase="C:\Users\ericcarlson\documents\github\pickles\src\Pickles.DocumentationBuilders.Markdown.UnitTests\bin\Debug\net6.0\PicklesDoc.Pickles.DocumentationBuilders.Markdown.UnitTests.dll" adapterTypeName="executor://nunit3testexecutor/" className="PicklesDoc.Pickles.DocumentationBuilders.Markdown.UnitTests.FeatureBlock_Tests" name="A_New_FeatureBlock_Has_Feature_Heading_On_First_Line" />
    </UnitTest>
    <UnitTest name="A_Stylist_Can_Style_A_Background_Heading_Without_A_Name" storage="c:\users\ericcarlson\documents\github\pickles\src\pickles.documentationbuilders.markdown.unittests\bin\debug\net6.0\picklesdoc.pickles.documentationbuilders.markdown.unittests.dll" id="3978d76f-896f-700f-9f11-9d7049610568">
      <Execution id="b5d3a3a5-d059-4f7e-bbac-19d533b58386" />
      <TestMethod codeBase="C:\Users\ericcarlson\documents\github\pickles\src\Pickles.DocumentationBuilders.Markdown.UnitTests\bin\Debug\net6.0\PicklesDoc.Pickles.DocumentationBuilders.Markdown.UnitTests.dll" adapterTypeName="executor://nunit3testexecutor/" className="PicklesDoc.Pickles.DocumentationBuilders.Markdown.UnitTests.Stylist_Tests" name="A_Stylist_Can_Style_A_Background_Heading_Without_A_Name" />
    </UnitTest>
    <UnitTest name="A_New_ScenarioBlock_Has_Scenario_Heading_On_First_Line" storage="c:\users\ericcarlson\documents\github\pickles\src\pickles.documentationbuilders.markdown.unittests\bin\debug\net6.0\picklesdoc.pickles.documentationbuilders.markdown.unittests.dll" id="7c0a4706-a36f-c154-2389-7d6506524c02">
      <Execution id="f95ede53-e4a6-4582-a130-ba48cdde2dc0" />
      <TestMethod codeBase="C:\Users\ericcarlson\documents\github\pickles\src\Pickles.DocumentationBuilders.Markdown.UnitTests\bin\Debug\net6.0\PicklesDoc.Pickles.DocumentationBuilders.Markdown.UnitTests.dll" adapterTypeName="executor://nunit3testexecutor/" className="PicklesDoc.Pickles.DocumentationBuilders.Markdown.UnitTests.ScenarioBlock_Tests" name="A_New_ScenarioBlock_Has_Scenario_Heading_On_First_Line" />
    </UnitTest>
    <UnitTest name="New_Documentation_With_Feature_Produces_Single_Page" storage="c:\users\ericcarlson\documents\github\pickles\src\pickles.documentationbuilders.markdown.unittests\bin\debug\net6.0\picklesdoc.pickles.documentationbuilders.markdown.unittests.dll" id="85251763-7039-42ec-11eb-8bd634e77dcb">
      <Execution id="167ae726-6492-4f7c-9d97-000fb01b64e7" />
      <TestMethod codeBase="C:\Users\ericcarlson\documents\github\pickles\src\Pickles.DocumentationBuilders.Markdown.UnitTests\bin\Debug\net6.0\PicklesDoc.Pickles.DocumentationBuilders.Markdown.UnitTests.dll" adapterTypeName="executor://nunit3testexecutor/" className="PicklesDoc.Pickles.DocumentationBuilders.Markdown.UnitTests.Documentation_Tests" name="New_Documentation_With_Feature_Produces_Single_Page" />
    </UnitTest>
    <UnitTest name="A_Stylist_Can_Style_A_Result" storage="c:\users\ericcarlson\documents\github\pickles\src\pickles.documentationbuilders.markdown.unittests\bin\debug\net6.0\picklesdoc.pickles.documentationbuilders.markdown.unittests.dll" id="d5bc32eb-f399-e3d6-72f2-d124bea1ff9f">
      <Execution id="a3c1879d-0e41-44fc-9861-44b1a02a1bda" />
      <TestMethod codeBase="C:\Users\ericcarlson\documents\github\pickles\src\Pickles.DocumentationBuilders.Markdown.UnitTests\bin\Debug\net6.0\PicklesDoc.Pickles.DocumentationBuilders.Markdown.UnitTests.dll" adapterTypeName="executor://nunit3testexecutor/" className="PicklesDoc.Pickles.DocumentationBuilders.Markdown.UnitTests.Stylist_Tests" name="A_Stylist_Can_Style_A_Result" />
    </UnitTest>
    <UnitTest name="An_Empty_Lines_Object_Has_No_Lines" storage="c:\users\ericcarlson\documents\github\pickles\src\pickles.documentationbuilders.markdown.unittests\bin\debug\net6.0\picklesdoc.pickles.documentationbuilders.markdown.unittests.dll" id="9004e8cb-7f80-03e1-c097-8d93237f7563">
      <Execution id="3d2dc11f-cde7-479e-9f9d-a699268a802b" />
      <TestMethod codeBase="C:\Users\ericcarlson\documents\github\pickles\src\Pickles.DocumentationBuilders.Markdown.UnitTests\bin\Debug\net6.0\PicklesDoc.Pickles.DocumentationBuilders.Markdown.UnitTests.dll" adapterTypeName="executor://nunit3testexecutor/" className="PicklesDoc.Pickles.DocumentationBuilders.Markdown.UnitTests.Lines_Tests" name="An_Empty_Lines_Object_Has_No_Lines" />
    </UnitTest>
    <UnitTest name="Converting_Lines_Object_To_String_Returns_All_Lines_With_NewLine_Seperator" storage="c:\users\ericcarlson\documents\github\pickles\src\pickles.documentationbuilders.markdown.unittests\bin\debug\net6.0\picklesdoc.pickles.documentationbuilders.markdown.unittests.dll" id="f3c22ca4-1f1a-514e-fe27-7cf83db7d8e3">
      <Execution id="89c84f4a-702f-4b0a-bff8-39b58e08b149" />
      <TestMethod codeBase="C:\Users\ericcarlson\documents\github\pickles\src\Pickles.DocumentationBuilders.Markdown.UnitTests\bin\Debug\net6.0\PicklesDoc.Pickles.DocumentationBuilders.Markdown.UnitTests.dll" adapterTypeName="executor://nunit3testexecutor/" className="PicklesDoc.Pickles.DocumentationBuilders.Markdown.UnitTests.Lines_Tests" name="Converting_Lines_Object_To_String_Returns_All_Lines_With_NewLine_Seperator" />
    </UnitTest>
    <UnitTest name="ToString_Returns_Blocks_Markdown_Content" storage="c:\users\ericcarlson\documents\github\pickles\src\pickles.documentationbuilders.markdown.unittests\bin\debug\net6.0\picklesdoc.pickles.documentationbuilders.markdown.unittests.dll" id="00406124-e5b3-afc5-cb68-1b5f68830cc7">
      <Execution id="7f2f235b-551c-4109-a053-9fdb23204393" />
      <TestMethod codeBase="C:\Users\ericcarlson\documents\github\pickles\src\Pickles.DocumentationBuilders.Markdown.UnitTests\bin\Debug\net6.0\PicklesDoc.Pickles.DocumentationBuilders.Markdown.UnitTests.dll" adapterTypeName="executor://nunit3testexecutor/" className="PicklesDoc.Pickles.DocumentationBuilders.Markdown.UnitTests.Blocks_Tests.Block_Tests" name="ToString_Returns_Blocks_Markdown_Content" />
    </UnitTest>
    <UnitTest name="A_New_BackgroundBlock_Has_Background_Heading_On_First_Line" storage="c:\users\ericcarlson\documents\github\pickles\src\pickles.documentationbuilders.markdown.unittests\bin\debug\net6.0\picklesdoc.pickles.documentationbuilders.markdown.unittests.dll" id="0c360c57-a6c3-40a3-5ea6-00aa7076731a">
      <Execution id="eda846ce-2c32-42ee-b3ac-721c4c3abc69" />
      <TestMethod codeBase="C:\Users\ericcarlson\documents\github\pickles\src\Pickles.DocumentationBuilders.Markdown.UnitTests\bin\Debug\net6.0\PicklesDoc.Pickles.DocumentationBuilders.Markdown.UnitTests.dll" adapterTypeName="executor://nunit3testexecutor/" className="PicklesDoc.Pickles.DocumentationBuilders.Markdown.UnitTests.BackgroundBlock_Tests" name="A_New_BackgroundBlock_Has_Background_Heading_On_First_Line" />
    </UnitTest>
    <UnitTest name="With_A_Null_Tree_The_Output_Has_Default_Content" storage="c:\users\ericcarlson\documents\github\pickles\src\pickles.documentationbuilders.markdown.unittests\bin\debug\net6.0\picklesdoc.pickles.documentationbuilders.markdown.unittests.dll" id="0b21c1a4-8f07-6205-9441-85483a8df440">
      <Execution id="209ab5f0-d8ca-49b4-b6df-df959daf67d7" />
      <TestMethod codeBase="C:\Users\ericcarlson\documents\github\pickles\src\Pickles.DocumentationBuilders.Markdown.UnitTests\bin\Debug\net6.0\PicklesDoc.Pickles.DocumentationBuilders.Markdown.UnitTests.dll" adapterTypeName="executor://nunit3testexecutor/" className="PicklesDoc.Pickles.DocumentationBuilders.Markdown.UnitTests.MarkdownDocumentationBuilder_Tests" name="With_A_Null_Tree_The_Output_Has_Default_Content" />
    </UnitTest>
    <UnitTest name="A_Stylist_Can_Style_A_ScenarioOutline_Heading" storage="c:\users\ericcarlson\documents\github\pickles\src\pickles.documentationbuilders.markdown.unittests\bin\debug\net6.0\picklesdoc.pickles.documentationbuilders.markdown.unittests.dll" id="1162db81-968d-46e8-bc96-b388ff5ae09e">
      <Execution id="67b9cd4f-8d85-418d-a219-08a883c8df3e" />
      <TestMethod codeBase="C:\Users\ericcarlson\documents\github\pickles\src\Pickles.DocumentationBuilders.Markdown.UnitTests\bin\Debug\net6.0\PicklesDoc.Pickles.DocumentationBuilders.Markdown.UnitTests.dll" adapterTypeName="executor://nunit3testexecutor/" className="PicklesDoc.Pickles.DocumentationBuilders.Markdown.UnitTests.Stylist_Tests" name="A_Stylist_Can_Style_A_ScenarioOutline_Heading" />
    </UnitTest>
    <UnitTest name="A_Stylist_Can_Style_A_Feature_Heading" storage="c:\users\ericcarlson\documents\github\pickles\src\pickles.documentationbuilders.markdown.unittests\bin\debug\net6.0\picklesdoc.pickles.documentationbuilders.markdown.unittests.dll" id="62b1c57a-1be9-64d3-3e69-6dfddc32e1ae">
      <Execution id="3863b151-e8e2-47d0-9f81-1172817cb8d0" />
      <TestMethod codeBase="C:\Users\ericcarlson\documents\github\pickles\src\Pickles.DocumentationBuilders.Markdown.UnitTests\bin\Debug\net6.0\PicklesDoc.Pickles.DocumentationBuilders.Markdown.UnitTests.dll" adapterTypeName="executor://nunit3testexecutor/" className="PicklesDoc.Pickles.DocumentationBuilders.Markdown.UnitTests.Stylist_Tests" name="A_Stylist_Can_Style_A_Feature_Heading" />
    </UnitTest>
    <UnitTest name="The_Step_Is_Formatted" storage="c:\users\ericcarlson\documents\github\pickles\src\pickles.documentationbuilders.markdown.unittests\bin\debug\net6.0\picklesdoc.pickles.documentationbuilders.markdown.unittests.dll" id="57425b88-59a5-ccd8-a4c4-1db736b8b082">
      <Execution id="49630130-7e74-455e-96f7-e70bc3e456da" />
      <TestMethod codeBase="C:\Users\ericcarlson\documents\github\pickles\src\Pickles.DocumentationBuilders.Markdown.UnitTests\bin\Debug\net6.0\PicklesDoc.Pickles.DocumentationBuilders.Markdown.UnitTests.dll" adapterTypeName="executor://nunit3testexecutor/" className="PicklesDoc.Pickles.DocumentationBuilders.Markdown.UnitTests.StepBlock_Tests" name="The_Step_Is_Formatted" />
    </UnitTest>
    <UnitTest name="A_Stylist_Can_Style_An_Example_Heading_Without_A_Name" storage="c:\users\ericcarlson\documents\github\pickles\src\pickles.documentationbuilders.markdown.unittests\bin\debug\net6.0\picklesdoc.pickles.documentationbuilders.markdown.unittests.dll" id="2868b6b7-f6c9-00fa-1a4e-9783c5b6bc0a">
      <Execution id="bd26e0ed-43b5-4135-aed7-050031b15771" />
      <TestMethod codeBase="C:\Users\ericcarlson\documents\github\pickles\src\Pickles.DocumentationBuilders.Markdown.UnitTests\bin\Debug\net6.0\PicklesDoc.Pickles.DocumentationBuilders.Markdown.UnitTests.dll" adapterTypeName="executor://nunit3testexecutor/" className="PicklesDoc.Pickles.DocumentationBuilders.Markdown.UnitTests.Stylist_Tests" name="A_Stylist_Can_Style_An_Example_Heading_Without_A_Name" />
    </UnitTest>
    <UnitTest name="When_Scenario_Tags_Available_They_Are_Placed_On_Single_Line_Before_Heading" storage="c:\users\ericcarlson\documents\github\pickles\src\pickles.documentationbuilders.markdown.unittests\bin\debug\net6.0\picklesdoc.pickles.documentationbuilders.markdown.unittests.dll" id="ee522eac-0e44-5daa-2d2b-320a63db01a7">
      <Execution id="81663e2a-2437-419e-8618-d6e8c31d7e1e" />
      <TestMethod codeBase="C:\Users\ericcarlson\documents\github\pickles\src\Pickles.DocumentationBuilders.Markdown.UnitTests\bin\Debug\net6.0\PicklesDoc.Pickles.DocumentationBuilders.Markdown.UnitTests.dll" adapterTypeName="executor://nunit3testexecutor/" className="PicklesDoc.Pickles.DocumentationBuilders.Markdown.UnitTests.ScenarioBlock_Tests" name="When_Scenario_Tags_Available_They_Are_Placed_On_Single_Line_Before_Heading" />
    </UnitTest>
    <UnitTest name="When_Feature_Description_Available_It_Is_Placed_Below_Feature_Heading" storage="c:\users\ericcarlson\documents\github\pickles\src\pickles.documentationbuilders.markdown.unittests\bin\debug\net6.0\picklesdoc.pickles.documentationbuilders.markdown.unittests.dll" id="6e8c8342-42b3-d728-2ad9-a240cd973e0d">
      <Execution id="38dbd0aa-7817-4e9b-a093-902b06745b67" />
      <TestMethod codeBase="C:\Users\ericcarlson\documents\github\pickles\src\Pickles.DocumentationBuilders.Markdown.UnitTests\bin\Debug\net6.0\PicklesDoc.Pickles.DocumentationBuilders.Markdown.UnitTests.dll" adapterTypeName="executor://nunit3testexecutor/" className="PicklesDoc.Pickles.DocumentationBuilders.Markdown.UnitTests.FeatureBlock_Tests" name="When_Feature_Description_Available_It_Is_Placed_Below_Feature_Heading" />
    </UnitTest>
    <UnitTest name="A_Stylist_Can_Style_A_Scenario_Heading_With_Result" storage="c:\users\ericcarlson\documents\github\pickles\src\pickles.documentationbuilders.markdown.unittests\bin\debug\net6.0\picklesdoc.pickles.documentationbuilders.markdown.unittests.dll" id="c4a96b56-67ee-ecaa-df28-8048dac51625">
      <Execution id="461ea7e3-5928-43bc-9a70-8615e8289667" />
      <TestMethod codeBase="C:\Users\ericcarlson\documents\github\pickles\src\Pickles.DocumentationBuilders.Markdown.UnitTests\bin\Debug\net6.0\PicklesDoc.Pickles.DocumentationBuilders.Markdown.UnitTests.dll" adapterTypeName="executor://nunit3testexecutor/" className="PicklesDoc.Pickles.DocumentationBuilders.Markdown.UnitTests.Stylist_Tests" name="A_Stylist_Can_Style_A_Scenario_Heading_With_Result" />
    </UnitTest>
    <UnitTest name="A_Table_Is_Formatted_With_Results" storage="c:\users\ericcarlson\documents\github\pickles\src\pickles.documentationbuilders.markdown.unittests\bin\debug\net6.0\picklesdoc.pickles.documentationbuilders.markdown.unittests.dll" id="1b8d323f-0439-a0d3-db80-2d1f6152336b">
      <Execution id="17439a1c-941b-4fb3-9e6a-b347943de484" />
      <TestMethod codeBase="C:\Users\ericcarlson\documents\github\pickles\src\Pickles.DocumentationBuilders.Markdown.UnitTests\bin\Debug\net6.0\PicklesDoc.Pickles.DocumentationBuilders.Markdown.UnitTests.dll" adapterTypeName="executor://nunit3testexecutor/" className="PicklesDoc.Pickles.DocumentationBuilders.Markdown.UnitTests.TableBlock_Tests" name="A_Table_Is_Formatted_With_Results" />
    </UnitTest>
    <UnitTest name="When_A_Scenario_Step_Is_Available_It_Has_Escape_Characters_For_Placeholder_Brackets" storage="c:\users\ericcarlson\documents\github\pickles\src\pickles.documentationbuilders.markdown.unittests\bin\debug\net6.0\picklesdoc.pickles.documentationbuilders.markdown.unittests.dll" id="66a6d93e-e5a0-9b6b-059b-4ca000c89164">
      <Execution id="46bc81f3-9ecf-4f6c-be84-1af69edc00c2" />
      <TestMethod codeBase="C:\Users\ericcarlson\documents\github\pickles\src\Pickles.DocumentationBuilders.Markdown.UnitTests\bin\Debug\net6.0\PicklesDoc.Pickles.DocumentationBuilders.Markdown.UnitTests.dll" adapterTypeName="executor://nunit3testexecutor/" className="PicklesDoc.Pickles.DocumentationBuilders.Markdown.UnitTests.ScenarioBlock_Tests" name="When_A_Scenario_Step_Is_Available_It_Has_Escape_Characters_For_Placeholder_Brackets" />
    </UnitTest>
    <UnitTest name="Lines_Returns_A_Collection_Of_All_Block_Lines" storage="c:\users\ericcarlson\documents\github\pickles\src\pickles.documentationbuilders.markdown.unittests\bin\debug\net6.0\picklesdoc.pickles.documentationbuilders.markdown.unittests.dll" id="dda46e0f-a121-b050-b857-b22ec5452c74">
      <Execution id="fbb44dbd-96dc-4b44-b76f-82935ec065c5" />
      <TestMethod codeBase="C:\Users\ericcarlson\documents\github\pickles\src\Pickles.DocumentationBuilders.Markdown.UnitTests\bin\Debug\net6.0\PicklesDoc.Pickles.DocumentationBuilders.Markdown.UnitTests.dll" adapterTypeName="executor://nunit3testexecutor/" className="PicklesDoc.Pickles.DocumentationBuilders.Markdown.UnitTests.Blocks_Tests.Block_Tests" name="Lines_Returns_A_Collection_Of_All_Block_Lines" />
    </UnitTest>
    <UnitTest name="A_Stylist_Can_Style_A_Step_Table" storage="c:\users\ericcarlson\documents\github\pickles\src\pickles.documentationbuilders.markdown.unittests\bin\debug\net6.0\picklesdoc.pickles.documentationbuilders.markdown.unittests.dll" id="d68f9102-0bcf-0245-35f2-d52fa462b6de">
      <Execution id="67976de1-9cd2-40c5-a858-8ab4afdcfb1b" />
      <TestMethod codeBase="C:\Users\ericcarlson\documents\github\pickles\src\Pickles.DocumentationBuilders.Markdown.UnitTests\bin\Debug\net6.0\PicklesDoc.Pickles.DocumentationBuilders.Markdown.UnitTests.dll" adapterTypeName="executor://nunit3testexecutor/" className="PicklesDoc.Pickles.DocumentationBuilders.Markdown.UnitTests.Stylist_Tests" name="A_Stylist_Can_Style_A_Step_Table" />
    </UnitTest>
    <UnitTest name="Adding_A_Lines_Object_Together_Combines_Them" storage="c:\users\ericcarlson\documents\github\pickles\src\pickles.documentationbuilders.markdown.unittests\bin\debug\net6.0\picklesdoc.pickles.documentationbuilders.markdown.unittests.dll" id="6a10a0d4-c3cf-deff-8167-300a258c1337">
      <Execution id="04448b79-216b-4afd-87e9-850841d2aba7" />
      <TestMethod codeBase="C:\Users\ericcarlson\documents\github\pickles\src\Pickles.DocumentationBuilders.Markdown.UnitTests\bin\Debug\net6.0\PicklesDoc.Pickles.DocumentationBuilders.Markdown.UnitTests.dll" adapterTypeName="executor://nunit3testexecutor/" className="PicklesDoc.Pickles.DocumentationBuilders.Markdown.UnitTests.Lines_Tests" name="Adding_A_Lines_Object_Together_Combines_Them" />
    </UnitTest>
  </TestDefinitions>
  <TestEntries>
    <TestEntry testId="2868b6b7-f6c9-00fa-1a4e-9783c5b6bc0a" executionId="bd26e0ed-43b5-4135-aed7-050031b15771" testListId="8c84fa94-04c1-424b-9868-57a2d4851a1d" />
    <TestEntry testId="ee522eac-0e44-5daa-2d2b-320a63db01a7" executionId="81663e2a-2437-419e-8618-d6e8c31d7e1e" testListId="8c84fa94-04c1-424b-9868-57a2d4851a1d" />
    <TestEntry testId="7c0a4706-a36f-c154-2389-7d6506524c02" executionId="f95ede53-e4a6-4582-a130-ba48cdde2dc0" testListId="8c84fa94-04c1-424b-9868-57a2d4851a1d" />
    <TestEntry testId="af1cf20b-f98b-777e-b863-284fbdd4fe3d" executionId="dbb0ac88-8dc0-4162-b17b-1291e27722cd" testListId="8c84fa94-04c1-424b-9868-57a2d4851a1d" />
    <TestEntry testId="0c96c7d8-9cb1-3161-df45-936c044c8a90" executionId="eb016698-4d50-4c05-95d9-680d2fd06b6b" testListId="8c84fa94-04c1-424b-9868-57a2d4851a1d" />
    <TestEntry testId="b9082ac3-c344-775f-2ed2-5cef39b3a84e" executionId="c2ad9f78-f439-422b-ad81-8d2b7030e6b7" testListId="8c84fa94-04c1-424b-9868-57a2d4851a1d" />
    <TestEntry testId="1b8d323f-0439-a0d3-db80-2d1f6152336b" executionId="17439a1c-941b-4fb3-9e6a-b347943de484" testListId="8c84fa94-04c1-424b-9868-57a2d4851a1d" />
    <TestEntry testId="f3c22ca4-1f1a-514e-fe27-7cf83db7d8e3" executionId="89c84f4a-702f-4b0a-bff8-39b58e08b149" testListId="8c84fa94-04c1-424b-9868-57a2d4851a1d" />
    <TestEntry testId="00ebd793-751c-de7a-18e8-922b4a4d7a79" executionId="2ea77f8a-f587-413e-be31-301484931a52" testListId="8c84fa94-04c1-424b-9868-57a2d4851a1d" />
    <TestEntry testId="85251763-7039-42ec-11eb-8bd634e77dcb" executionId="167ae726-6492-4f7c-9d97-000fb01b64e7" testListId="8c84fa94-04c1-424b-9868-57a2d4851a1d" />
    <TestEntry testId="087a7169-3864-8bdf-0f7a-767fa49fba60" executionId="252771d0-597e-4e55-bca6-adcea7540299" testListId="8c84fa94-04c1-424b-9868-57a2d4851a1d" />
    <TestEntry testId="dda46e0f-a121-b050-b857-b22ec5452c74" executionId="fbb44dbd-96dc-4b44-b76f-82935ec065c5" testListId="8c84fa94-04c1-424b-9868-57a2d4851a1d" />
    <TestEntry testId="72b92267-d82f-070d-84d0-a4aae3f63aa3" executionId="0d86c689-d576-4ecc-bceb-00758d499179" testListId="8c84fa94-04c1-424b-9868-57a2d4851a1d" />
    <TestEntry testId="2be587f2-52cc-ecb6-a175-06d50e5ae2e7" executionId="c8a30ad6-491b-4f39-ad43-226186bc45b7" testListId="8c84fa94-04c1-424b-9868-57a2d4851a1d" />
    <TestEntry testId="57425b88-59a5-ccd8-a4c4-1db736b8b082" executionId="49630130-7e74-455e-96f7-e70bc3e456da" testListId="8c84fa94-04c1-424b-9868-57a2d4851a1d" />
    <TestEntry testId="4ddc7a2b-873e-5268-25fb-47a5f8786352" executionId="03ffd703-9196-4b87-8300-26db4680948d" testListId="8c84fa94-04c1-424b-9868-57a2d4851a1d" />
    <TestEntry testId="e818896b-58a9-0f53-a62b-13637c17dc39" executionId="2167e4f2-5fb8-47fb-bfb1-5f3ed8256506" testListId="8c84fa94-04c1-424b-9868-57a2d4851a1d" />
    <TestEntry testId="d5bc32eb-f399-e3d6-72f2-d124bea1ff9f" executionId="a3c1879d-0e41-44fc-9861-44b1a02a1bda" testListId="8c84fa94-04c1-424b-9868-57a2d4851a1d" />
    <TestEntry testId="c4d3054f-f69e-28a7-32ea-27cca40ff6c7" executionId="6a0791ba-9b12-4bee-8fa4-388b58947c1a" testListId="8c84fa94-04c1-424b-9868-57a2d4851a1d" />
    <TestEntry testId="1162db81-968d-46e8-bc96-b388ff5ae09e" executionId="67b9cd4f-8d85-418d-a219-08a883c8df3e" testListId="8c84fa94-04c1-424b-9868-57a2d4851a1d" />
    <TestEntry testId="d68f9102-0bcf-0245-35f2-d52fa462b6de" executionId="67976de1-9cd2-40c5-a858-8ab4afdcfb1b" testListId="8c84fa94-04c1-424b-9868-57a2d4851a1d" />
    <TestEntry testId="5d3d500d-237d-827e-aff0-b68712a3e455" executionId="8082b4ee-3e8e-4926-98cd-8bc6d0a6c73c" testListId="8c84fa94-04c1-424b-9868-57a2d4851a1d" />
    <TestEntry testId="62b1c57a-1be9-64d3-3e69-6dfddc32e1ae" executionId="3863b151-e8e2-47d0-9f81-1172817cb8d0" testListId="8c84fa94-04c1-424b-9868-57a2d4851a1d" />
    <TestEntry testId="0c360c57-a6c3-40a3-5ea6-00aa7076731a" executionId="eda846ce-2c32-42ee-b3ac-721c4c3abc69" testListId="8c84fa94-04c1-424b-9868-57a2d4851a1d" />
    <TestEntry testId="7e57b20e-af1e-50f7-b450-cb9820ac386c" executionId="58d569c6-4881-4ae5-bce4-a563f41eaf54" testListId="8c84fa94-04c1-424b-9868-57a2d4851a1d" />
    <TestEntry testId="9004e8cb-7f80-03e1-c097-8d93237f7563" executionId="3d2dc11f-cde7-479e-9f9d-a699268a802b" testListId="8c84fa94-04c1-424b-9868-57a2d4851a1d" />
    <TestEntry testId="0dfe1c29-0f1e-edfc-3817-67b7033c14c1" executionId="a65e3998-82cb-4933-b605-46c79486e909" testListId="8c84fa94-04c1-424b-9868-57a2d4851a1d" />
    <TestEntry testId="06d5cdf3-faa5-12cf-4029-56953a4c81e7" executionId="199f181c-29c6-4300-902a-0565f45872c6" testListId="8c84fa94-04c1-424b-9868-57a2d4851a1d" />
    <TestEntry testId="6a10a0d4-c3cf-deff-8167-300a258c1337" executionId="04448b79-216b-4afd-87e9-850841d2aba7" testListId="8c84fa94-04c1-424b-9868-57a2d4851a1d" />
    <TestEntry testId="6e8c8342-42b3-d728-2ad9-a240cd973e0d" executionId="38dbd0aa-7817-4e9b-a093-902b06745b67" testListId="8c84fa94-04c1-424b-9868-57a2d4851a1d" />
    <TestEntry testId="375a6997-a0a8-9897-2bc4-051254737b59" executionId="0c7051a8-d389-4d89-8e56-6a2aa1e9797e" testListId="8c84fa94-04c1-424b-9868-57a2d4851a1d" />
    <TestEntry testId="33258916-b4e4-0851-5a91-8fe4143d3fb3" executionId="17626eb7-866c-41fd-96fc-c2caa113da04" testListId="8c84fa94-04c1-424b-9868-57a2d4851a1d" />
    <TestEntry testId="0b21c1a4-8f07-6205-9441-85483a8df440" executionId="209ab5f0-d8ca-49b4-b6df-df959daf67d7" testListId="8c84fa94-04c1-424b-9868-57a2d4851a1d" />
    <TestEntry testId="52223580-48fe-c45f-1082-5d8220212c22" executionId="7481eae7-902f-4e9a-8ddb-330e1dfbce01" testListId="8c84fa94-04c1-424b-9868-57a2d4851a1d" />
    <TestEntry testId="a2168b55-c48f-7e82-a87f-c77a74fb04a1" executionId="0a540681-8b74-4fdb-aeea-7ce29c6d470e" testListId="8c84fa94-04c1-424b-9868-57a2d4851a1d" />
    <TestEntry testId="481fda8f-bee2-0a43-451d-33c920aaed33" executionId="97351ebc-98e4-4bff-bde3-de90c327fd8f" testListId="8c84fa94-04c1-424b-9868-57a2d4851a1d" />
    <TestEntry testId="58c8736d-b187-f051-93fa-0f90a342760e" executionId="6dfc6076-ff3e-4a29-a1c3-37d946d1fbec" testListId="8c84fa94-04c1-424b-9868-57a2d4851a1d" />
    <TestEntry testId="c658766d-c5fb-3258-29b2-0a94adc9a21c" executionId="8ca6fc96-4611-4c80-b061-a3dc19b1f348" testListId="8c84fa94-04c1-424b-9868-57a2d4851a1d" />
    <TestEntry testId="a5c6e477-b34d-8cbd-e1f1-2c39ba8db21d" executionId="41e056c0-609d-44ad-84be-3d8e8fdbbe57" testListId="8c84fa94-04c1-424b-9868-57a2d4851a1d" />
    <TestEntry testId="1c45ea74-d176-4223-5c68-d75bf93dcd7b" executionId="d4a75aed-b232-4ea4-8963-33a146eac657" testListId="8c84fa94-04c1-424b-9868-57a2d4851a1d" />
    <TestEntry testId="69f335ed-55f7-e738-817f-095a67fa17c4" executionId="adff06e9-dcf1-494d-8d0f-d01dd0ccf666" testListId="8c84fa94-04c1-424b-9868-57a2d4851a1d" />
    <TestEntry testId="36b01c4e-c867-a891-2fa1-97ad8d589431" executionId="a4c57ec9-1b21-4039-95e2-e2bf0fb8e78f" testListId="8c84fa94-04c1-424b-9868-57a2d4851a1d" />
    <TestEntry testId="f6390755-b75b-1311-f0e2-639cacf50291" executionId="c3f7a75b-c491-45c8-b20b-ea39b27ac93c" testListId="8c84fa94-04c1-424b-9868-57a2d4851a1d" />
    <TestEntry testId="c4a96b56-67ee-ecaa-df28-8048dac51625" executionId="461ea7e3-5928-43bc-9a70-8615e8289667" testListId="8c84fa94-04c1-424b-9868-57a2d4851a1d" />
    <TestEntry testId="7e1e3d83-08b7-34c6-d5a0-cb9c9210de3e" executionId="826a543b-4bbc-4953-b923-60e733bdc930" testListId="8c84fa94-04c1-424b-9868-57a2d4851a1d" />
    <TestEntry testId="3978d76f-896f-700f-9f11-9d7049610568" executionId="b5d3a3a5-d059-4f7e-bbac-19d533b58386" testListId="8c84fa94-04c1-424b-9868-57a2d4851a1d" />
    <TestEntry testId="00406124-e5b3-afc5-cb68-1b5f68830cc7" executionId="7f2f235b-551c-4109-a053-9fdb23204393" testListId="8c84fa94-04c1-424b-9868-57a2d4851a1d" />
    <TestEntry testId="0c3d7bf3-c8d9-3999-b9c6-3e425af24857" executionId="2df47b3b-4667-411d-b12b-cc0ebffd74ea" testListId="8c84fa94-04c1-424b-9868-57a2d4851a1d" />
    <TestEntry testId="aa7d19ca-6be0-4851-e641-556ba8ce4420" executionId="29316e58-a50f-41d7-a26f-aed6b366155f" testListId="8c84fa94-04c1-424b-9868-57a2d4851a1d" />
    <TestEntry testId="66a6d93e-e5a0-9b6b-059b-4ca000c89164" executionId="46bc81f3-9ecf-4f6c-be84-1af69edc00c2" testListId="8c84fa94-04c1-424b-9868-57a2d4851a1d" />
    <TestEntry testId="e9c111f1-6ad0-4ab8-210c-997ef200a119" executionId="0106db27-96e6-420f-a416-6b02e6d5c539" testListId="8c84fa94-04c1-424b-9868-57a2d4851a1d" />
    <TestEntry testId="89078dd5-dbe6-d29f-68ce-14d516c4a219" executionId="d1bfac72-e9b0-4bfb-96d8-c090624e4ac2" testListId="8c84fa94-04c1-424b-9868-57a2d4851a1d" />
  </TestEntries>
  <TestLists>
    <TestList name="Results Not in a List" id="8c84fa94-04c1-424b-9868-57a2d4851a1d" />
    <TestList name="All Loaded Results" id="19431567-8539-422a-85d7-44ee4e166bda" />
  </TestLists>
  <ResultSummary outcome="Completed">
    <Counters total="52" executed="52" passed="52" failed="0" error="0" timeout="0" aborted="0" inconclusive="0" passedButRunAborted="0" notRunnable="0" notExecuted="0" disconnected="0" warning="0" completed="0" inProgress="0" pending="0" />
    <Output>
      <StdOut>NUnit Adapter 3.17.0.0: Test execution started&#xD;
Running all tests in C:\Users\ericcarlson\documents\github\pickles\src\Pickles.DocumentationBuilders.Markdown.UnitTests\bin\Debug\net6.0\PicklesDoc.Pickles.DocumentationBuilders.Markdown.UnitTests.dll&#xD;
   NUnit3TestExecutor discovered 52 of 52 NUnit test cases&#xD;
NUnit Adapter 3.17.0.0: Test execution complete&#xD;
</StdOut>
    </Output>
  </ResultSummary>
</TestRun>