<?xml version="1.0" encoding="utf-8"?>
<TestRun id="ae5e49de-cb62-4d48-8247-83f353ae9516" name="ericcarlson@ERICCARLSONBBE6 2022-11-23 12:19:22" runUser="ERICCARLSONBBE6\ericcarlson" xmlns="http://microsoft.com/schemas/VisualStudio/TeamTest/2010">
  <Times creation="2022-11-23T12:19:22.4397435-05:00" queuing="2022-11-23T12:19:22.4397439-05:00" start="2022-11-23T12:19:18.6492578-05:00" finish="2022-11-23T12:19:24.1707931-05:00" />
  <TestSettings name="default" id="787657e4-8cb2-49bf-a229-3d4924c281c4">
    <Deployment runDeploymentRoot="ericcarlson_ERICCARLSONBBE6_2022-11-23_12_19_22" />
  </TestSettings>
  <Results>
    <UnitTestResult executionId="c169c34d-d4f6-408d-833e-77efa4c5b8b7" testId="6e48abaa-e94e-4cb3-4e64-703c4702dc60" testName="ThenCanReadResultOfScenarioWithSpecialCharacters" computerName="ERICCARLSONBBE6" duration="00:00:00.0021330" startTime="2022-11-23T12:19:23.0280645-05:00" endTime="2022-11-23T12:19:23.0301973-05:00" testType="13cdc9d9-ddb5-4fa4-a97d-d965ccfc6d4b" outcome="Passed" testListId="8c84fa94-04c1-424b-9868-57a2d4851a1d" relativeResultsDirectory="c169c34d-d4f6-408d-833e-77efa4c5b8b7" />
    <UnitTestResult executionId="65f4b65c-db34-4cc2-a72b-fa68d66678ec" testId="b736c82a-c3a6-bc95-1791-413638f9de59" testName="ThenCanReadResultOfScenarioWithSpecialCharacters" computerName="ERICCARLSONBBE6" duration="00:00:00.0073340" startTime="2022-11-23T12:19:23.7502664-05:00" endTime="2022-11-23T12:19:23.7576001-05:00" testType="13cdc9d9-ddb5-4fa4-a97d-d965ccfc6d4b" outcome="Passed" testListId="8c84fa94-04c1-424b-9868-57a2d4851a1d" relativeResultsDirectory="65f4b65c-db34-4cc2-a72b-fa68d66678ec" />
    <UnitTestResult executionId="36691b6e-b6ba-4094-a6e7-dceef759daae" testId="86e3825d-829f-92fe-d878-0ca95ca51e4d" testName="ThenCanReadIndividualResultsFromScenarioOutline_MultipleNamedExamples_ShouldMatchExamples" computerName="ERICCARLSONBBE6" duration="00:00:00.0016250" startTime="2022-11-23T12:19:22.9202693-05:00" endTime="2022-11-23T12:19:22.9218942-05:00" testType="13cdc9d9-ddb5-4fa4-a97d-d965ccfc6d4b" outcome="Passed" testListId="8c84fa94-04c1-424b-9868-57a2d4851a1d" relativeResultsDirectory="36691b6e-b6ba-4094-a6e7-dceef759daae" />
    <UnitTestResult executionId="3076a44a-730f-48e6-a5e3-d04f6b9128f3" testId="4c3f6b35-48a0-d207-99c1-65bbc2fa071b" testName="ThenCanReadIndividualResultsFromScenarioOutline_MultipleExampleSections_ShouldBeTestResultFailed" computerName="ERICCARLSONBBE6" duration="00:00:00.0026020" startTime="2022-11-23T12:19:22.6096485-05:00" endTime="2022-11-23T12:19:22.6122507-05:00" testType="13cdc9d9-ddb5-4fa4-a97d-d965ccfc6d4b" outcome="Passed" testListId="8c84fa94-04c1-424b-9868-57a2d4851a1d" relativeResultsDirectory="3076a44a-730f-48e6-a5e3-d04f6b9128f3" />
    <UnitTestResult executionId="cda9415f-7403-4068-b645-dd4bc3ed5ea9" testId="fa88707c-fe6b-f9d4-e057-126c8ed49b45" testName="ThenCanReadResultOfFeatureWithFailingBackground" computerName="ERICCARLSONBBE6" duration="00:00:00.0008100" startTime="2022-11-23T12:19:23.2851466-05:00" endTime="2022-11-23T12:19:23.2859561-05:00" testType="13cdc9d9-ddb5-4fa4-a97d-d965ccfc6d4b" outcome="Passed" testListId="8c84fa94-04c1-424b-9868-57a2d4851a1d" relativeResultsDirectory="cda9415f-7403-4068-b645-dd4bc3ed5ea9" />
    <UnitTestResult executionId="9ce4fe62-dc2c-4074-a73d-9dcdc955e4f4" testId="180590d6-2062-6933-d951-813229d01ede" testName="ThenCanReadResultOfScenarioOutlineWithSpecialCharacters" computerName="ERICCARLSONBBE6" duration="00:00:00.0027250" startTime="2022-11-23T12:19:23.6343231-05:00" endTime="2022-11-23T12:19:23.6370483-05:00" testType="13cdc9d9-ddb5-4fa4-a97d-d965ccfc6d4b" outcome="Passed" testListId="8c84fa94-04c1-424b-9868-57a2d4851a1d" relativeResultsDirectory="9ce4fe62-dc2c-4074-a73d-9dcdc955e4f4" />
    <UnitTestResult executionId="62e9d1b1-896a-453e-9010-c44fe25fc6bb" testId="72f321e8-2790-5738-6c76-f3c93e06a4d9" testName="ThenCanReadNotFoundScenarioCorrectly" computerName="ERICCARLSONBBE6" duration="00:00:00.0020110" startTime="2022-11-23T12:19:22.9428593-05:00" endTime="2022-11-23T12:19:22.9448706-05:00" testType="13cdc9d9-ddb5-4fa4-a97d-d965ccfc6d4b" outcome="Passed" testListId="8c84fa94-04c1-424b-9868-57a2d4851a1d" relativeResultsDirectory="62e9d1b1-896a-453e-9010-c44fe25fc6bb" />
    <UnitTestResult executionId="946bfe2a-e71a-47af-8256-85c71f3eefc3" testId="53f842ac-f46d-7d71-9da8-af83d620085a" testName="ThenCanReadResultOfScenarioOutlineWithAmpersand" computerName="ERICCARLSONBBE6" duration="00:00:00.0020130" startTime="2022-11-23T12:19:23.0143428-05:00" endTime="2022-11-23T12:19:23.0163556-05:00" testType="13cdc9d9-ddb5-4fa4-a97d-d965ccfc6d4b" outcome="Passed" testListId="8c84fa94-04c1-424b-9868-57a2d4851a1d" relativeResultsDirectory="946bfe2a-e71a-47af-8256-85c71f3eefc3" />
    <UnitTestResult executionId="cc5d5880-479b-48c6-bfc7-50f2848b3ecf" testId="5e1aca6a-d9b7-23f6-c415-c9c2a91cd790" testName="ThenCanReadFeatureResultWithoutThrowingException" computerName="ERICCARLSONBBE6" duration="00:00:00.0005140" startTime="2022-11-23T12:19:23.7803150-05:00" endTime="2022-11-23T12:19:23.7808296-05:00" testType="13cdc9d9-ddb5-4fa4-a97d-d965ccfc6d4b" outcome="Passed" testListId="8c84fa94-04c1-424b-9868-57a2d4851a1d" relativeResultsDirectory="cc5d5880-479b-48c6-bfc7-50f2848b3ecf" />
    <UnitTestResult executionId="06c28cc4-0113-4f31-8040-8484a4134602" testId="65a73572-199f-331d-bb7a-e00446e83c06" testName="ThenCanReadIndividualResultsFromScenarioOutline_ContainingDollarSigns_ShouldBeTestResultSuccess" computerName="ERICCARLSONBBE6" duration="00:00:00.0004570" startTime="2022-11-23T12:19:22.9273172-05:00" endTime="2022-11-23T12:19:22.9277738-05:00" testType="13cdc9d9-ddb5-4fa4-a97d-d965ccfc6d4b" outcome="Passed" testListId="8c84fa94-04c1-424b-9868-57a2d4851a1d" relativeResultsDirectory="06c28cc4-0113-4f31-8040-8484a4134602" />
    <UnitTestResult executionId="cf2eb698-22d3-42a1-9fc6-7c52921703cd" testId="95a5821f-1395-86bd-c7b5-2db60e40402a" testName="RegularExpressionAsExampleContentMatches_With_Asterisk" computerName="ERICCARLSONBBE6" duration="00:00:00.0006070" startTime="2022-11-23T12:19:23.7050492-05:00" endTime="2022-11-23T12:19:23.7056562-05:00" testType="13cdc9d9-ddb5-4fa4-a97d-d965ccfc6d4b" outcome="Passed" testListId="8c84fa94-04c1-424b-9868-57a2d4851a1d" relativeResultsDirectory="cf2eb698-22d3-42a1-9fc6-7c52921703cd" />
    <UnitTestResult executionId="d924fe04-6efe-42d4-a854-7a0e12cbe7f5" testId="2d1b5a90-7f10-fbfd-da30-c50a58b8259b" testName="ThenCanReadIndividualResultsFromScenarioOutline_AllPass_ShouldBeTestResultPassed" computerName="ERICCARLSONBBE6" duration="00:00:00.0024840" startTime="2022-11-23T12:19:23.6780883-05:00" endTime="2022-11-23T12:19:23.6805723-05:00" testType="13cdc9d9-ddb5-4fa4-a97d-d965ccfc6d4b" outcome="Passed" testListId="8c84fa94-04c1-424b-9868-57a2d4851a1d" relativeResultsDirectory="d924fe04-6efe-42d4-a854-7a0e12cbe7f5" />
    <UnitTestResult executionId="ac620c92-1922-457f-a4cf-26983d55c56f" testId="e64bca34-3589-7be5-702b-1f171a1b0f81" testName="ThenCanReadIndividualResultsFromScenarioOutline_MultipleExampleSections_ShouldBeTestResultFailed" computerName="ERICCARLSONBBE6" duration="00:00:00.0527380" startTime="2022-11-23T12:19:23.8995177-05:00" endTime="2022-11-23T12:19:23.9522552-05:00" testType="13cdc9d9-ddb5-4fa4-a97d-d965ccfc6d4b" outcome="Passed" testListId="8c84fa94-04c1-424b-9868-57a2d4851a1d" relativeResultsDirectory="ac620c92-1922-457f-a4cf-26983d55c56f" />
    <UnitTestResult executionId="02e005ec-f864-4a8f-a7f4-724862864f8f" testId="098238b9-0456-1247-ed8e-8206ed9eaecc" testName="ThenCanReadInconclusiveScenarioResultSuccessfully" computerName="ERICCARLSONBBE6" duration="00:00:00.0022520" startTime="2022-11-23T12:19:23.3418439-05:00" endTime="2022-11-23T12:19:23.3440959-05:00" testType="13cdc9d9-ddb5-4fa4-a97d-d965ccfc6d4b" outcome="Passed" testListId="8c84fa94-04c1-424b-9868-57a2d4851a1d" relativeResultsDirectory="02e005ec-f864-4a8f-a7f4-724862864f8f" />
    <UnitTestResult executionId="2abc8d15-77ae-4298-a746-a80b6c549d2d" testId="c8836a8e-d919-c2fa-5c2d-61cd7e788ac3" testName="ThenCanReadFailedScenarioResultSuccessfully" computerName="ERICCARLSONBBE6" duration="00:00:00.0014020" startTime="2022-11-23T12:19:22.9949708-05:00" endTime="2022-11-23T12:19:22.9963727-05:00" testType="13cdc9d9-ddb5-4fa4-a97d-d965ccfc6d4b" outcome="Passed" testListId="8c84fa94-04c1-424b-9868-57a2d4851a1d" relativeResultsDirectory="2abc8d15-77ae-4298-a746-a80b6c549d2d" />
    <UnitTestResult executionId="5912e738-1d84-4c4e-bf43-81ebfcd3e552" testId="ecb801c4-d95f-4cd2-61bc-83f8f51ba916" testName="ThenCanReadResultOfScenarioWithFailingBackground" computerName="ERICCARLSONBBE6" duration="00:00:00.0077110" startTime="2022-11-23T12:19:22.4398910-05:00" endTime="2022-11-23T12:19:22.4476019-05:00" testType="13cdc9d9-ddb5-4fa4-a97d-d965ccfc6d4b" outcome="Passed" testListId="8c84fa94-04c1-424b-9868-57a2d4851a1d" relativeResultsDirectory="5912e738-1d84-4c4e-bf43-81ebfcd3e552" />
    <UnitTestResult executionId="00b2bece-865e-47a4-824c-788930878cf4" testId="39aaf2dd-3448-323b-0eb5-0e11c3f52c46" testName="ThenCanReadResultsWithParenthesis" computerName="ERICCARLSONBBE6" duration="00:00:00.0048800" startTime="2022-11-23T12:19:23.7625869-05:00" endTime="2022-11-23T12:19:23.7674671-05:00" testType="13cdc9d9-ddb5-4fa4-a97d-d965ccfc6d4b" outcome="Passed" testListId="8c84fa94-04c1-424b-9868-57a2d4851a1d" relativeResultsDirectory="00b2bece-865e-47a4-824c-788930878cf4" />
    <UnitTestResult executionId="6915b949-c08d-4c75-bb01-7af65d9bafc4" testId="249eb19e-fedc-463a-7645-04bc4a4b0dd3" testName="ThenCanReadPassedScenarioResultSuccessfully" computerName="ERICCARLSONBBE6" duration="00:00:00.0010190" startTime="2022-11-23T12:19:22.8456500-05:00" endTime="2022-11-23T12:19:22.8466693-05:00" testType="13cdc9d9-ddb5-4fa4-a97d-d965ccfc6d4b" outcome="Passed" testListId="8c84fa94-04c1-424b-9868-57a2d4851a1d" relativeResultsDirectory="6915b949-c08d-4c75-bb01-7af65d9bafc4" />
    <UnitTestResult executionId="27379a19-0d7e-4f91-88eb-d542edcd1349" testId="1ba666a9-505f-17c4-4bdf-33a9bb6fc01d" testName="ThenCanReadSuccessfulScenarioResultSuccessfully" computerName="ERICCARLSONBBE6" duration="00:00:00.0021970" startTime="2022-11-23T12:19:22.9920020-05:00" endTime="2022-11-23T12:19:22.9941985-05:00" testType="13cdc9d9-ddb5-4fa4-a97d-d965ccfc6d4b" outcome="Passed" testListId="8c84fa94-04c1-424b-9868-57a2d4851a1d" relativeResultsDirectory="27379a19-0d7e-4f91-88eb-d542edcd1349" />
    <UnitTestResult executionId="f499b63d-7468-4eec-8a58-a0cda98514b3" testId="81bd21f5-845e-aa35-fada-47a8b94de4c8" testName="ThenCanReadResultOfScenarioOutlineWithSpecialCharacters" computerName="ERICCARLSONBBE6" duration="00:00:00.0032900" startTime="2022-11-23T12:19:22.7238648-05:00" endTime="2022-11-23T12:19:22.7271542-05:00" testType="13cdc9d9-ddb5-4fa4-a97d-d965ccfc6d4b" outcome="Passed" testListId="8c84fa94-04c1-424b-9868-57a2d4851a1d" relativeResultsDirectory="f499b63d-7468-4eec-8a58-a0cda98514b3" />
    <UnitTestResult executionId="39c96f9b-dee4-4af2-a4e0-5ae9dbfd6b36" testId="b60b2e32-2e62-9f1a-0957-c89aa9a236dd" testName="ThenCanReadIndividualResultsFromScenarioOutline_OneFailed_ShouldBeTestResultFailed" computerName="ERICCARLSONBBE6" duration="00:00:00.0008950" startTime="2022-11-23T12:19:23.3040248-05:00" endTime="2022-11-23T12:19:23.3049200-05:00" testType="13cdc9d9-ddb5-4fa4-a97d-d965ccfc6d4b" outcome="Passed" testListId="8c84fa94-04c1-424b-9868-57a2d4851a1d" relativeResultsDirectory="39c96f9b-dee4-4af2-a4e0-5ae9dbfd6b36" />
    <UnitTestResult executionId="c44d604c-dad2-4ed3-bf01-550d677950d8" testId="731f5d07-dc75-9cda-bd6a-a157696b5258" testName="ThenIgnoredScenarioIsSetToInconclusive" computerName="ERICCARLSONBBE6" duration="00:00:00.0006100" startTime="2022-11-23T12:19:22.7755704-05:00" endTime="2022-11-23T12:19:22.7761807-05:00" testType="13cdc9d9-ddb5-4fa4-a97d-d965ccfc6d4b" outcome="Passed" testListId="8c84fa94-04c1-424b-9868-57a2d4851a1d" relativeResultsDirectory="c44d604c-dad2-4ed3-bf01-550d677950d8" />
    <UnitTestResult executionId="815aa193-9f69-4fec-84a1-df6b1bfa0c9a" testId="1cb4c3cc-9e82-454c-91a1-b2116b3e1595" testName="ThenCanReadResultOfScenarioWithFailingBackground" computerName="ERICCARLSONBBE6" duration="00:00:00.0018310" startTime="2022-11-23T12:19:23.6424095-05:00" endTime="2022-11-23T12:19:23.6442407-05:00" testType="13cdc9d9-ddb5-4fa4-a97d-d965ccfc6d4b" outcome="Passed" testListId="8c84fa94-04c1-424b-9868-57a2d4851a1d" relativeResultsDirectory="815aa193-9f69-4fec-84a1-df6b1bfa0c9a" />
    <UnitTestResult executionId="e28da8ce-d42d-4128-956d-38777a8b7fb8" testId="aa75de74-31a0-219d-da36-2e429565c098" testName="ThenCanReadIndividualResultsFromScenarioOutline_MultipleExampleSections_ShouldBeTestResultFailed" computerName="ERICCARLSONBBE6" duration="00:00:00.0029700" startTime="2022-11-23T12:19:22.4862279-05:00" endTime="2022-11-23T12:19:22.4891979-05:00" testType="13cdc9d9-ddb5-4fa4-a97d-d965ccfc6d4b" outcome="Passed" testListId="8c84fa94-04c1-424b-9868-57a2d4851a1d" relativeResultsDirectory="e28da8ce-d42d-4128-956d-38777a8b7fb8" />
    <UnitTestResult executionId="f3e28e3f-bb98-4e38-bed1-387f96f5e767" testId="df779c3e-867d-628d-d601-319a18d1823c" testName="ThenCanReadExamplesWithLongExampleValues" computerName="ERICCARLSONBBE6" duration="00:00:00.0037470" startTime="2022-11-23T12:19:23.7813522-05:00" endTime="2022-11-23T12:19:23.7850988-05:00" testType="13cdc9d9-ddb5-4fa4-a97d-d965ccfc6d4b" outcome="Passed" testListId="8c84fa94-04c1-424b-9868-57a2d4851a1d" relativeResultsDirectory="f3e28e3f-bb98-4e38-bed1-387f96f5e767" />
    <UnitTestResult executionId="e6f59ce8-343d-4591-bd41-38e9dab0ed73" testId="661b4fd7-8a74-3489-35c5-59457dbca55e" testName="ThenCanReadResultsWithParenthesis" computerName="ERICCARLSONBBE6" duration="00:00:00.0014800" startTime="2022-11-23T12:19:22.9036357-05:00" endTime="2022-11-23T12:19:22.9051158-05:00" testType="13cdc9d9-ddb5-4fa4-a97d-d965ccfc6d4b" outcome="Passed" testListId="8c84fa94-04c1-424b-9868-57a2d4851a1d" relativeResultsDirectory="e6f59ce8-343d-4591-bd41-38e9dab0ed73" />
    <UnitTestResult executionId="643592b9-975d-4344-b49b-7b9dd0f12c85" testId="bf8a77e3-2a8b-534e-97d8-864c929c5c23" testName="ThenCanReadIndividualResultsFromScenarioOutline_OneInconclusive_ShouldBeTestResultInconclusive" computerName="ERICCARLSONBBE6" duration="00:00:00.0096470" startTime="2022-11-23T12:19:23.4795693-05:00" endTime="2022-11-23T12:19:23.4892161-05:00" testType="13cdc9d9-ddb5-4fa4-a97d-d965ccfc6d4b" outcome="Passed" testListId="8c84fa94-04c1-424b-9868-57a2d4851a1d" relativeResultsDirectory="643592b9-975d-4344-b49b-7b9dd0f12c85" />
    <UnitTestResult executionId="d10fc0bf-d7c3-41e9-9e9b-b22e8b052272" testId="9d0329db-f847-cb4f-973e-3879b2c2692c" testName="ThenCanReadIndividualResultsFromScenarioOutline_OneFailed_ShouldBeTestResultFailed" computerName="ERICCARLSONBBE6" duration="00:00:00.0023360" startTime="2022-11-23T12:19:22.6243476-05:00" endTime="2022-11-23T12:19:22.6266837-05:00" testType="13cdc9d9-ddb5-4fa4-a97d-d965ccfc6d4b" outcome="Passed" testListId="8c84fa94-04c1-424b-9868-57a2d4851a1d" relativeResultsDirectory="d10fc0bf-d7c3-41e9-9e9b-b22e8b052272" />
    <UnitTestResult executionId="8b258844-b75a-4ea0-ae08-823f31afec7e" testId="256a8d96-ed89-157f-5f7b-6e821bc88fbc" testName="ThenCanReadIndividualResultsFromScenarioOutline_OneInconclusive_ShouldBeTestResultInconclusive" computerName="ERICCARLSONBBE6" duration="00:00:00.0043050" startTime="2022-11-23T12:19:22.8326993-05:00" endTime="2022-11-23T12:19:22.8370045-05:00" testType="13cdc9d9-ddb5-4fa4-a97d-d965ccfc6d4b" outcome="Passed" testListId="8c84fa94-04c1-424b-9868-57a2d4851a1d" relativeResultsDirectory="8b258844-b75a-4ea0-ae08-823f31afec7e" />
    <UnitTestResult executionId="9d0184ac-626d-47fa-99f5-71d1107a090b" testId="2a458999-94a8-df5e-d99f-8bcf0589d98d" testName="ThenCanReadResultOfScenarioWithSpanishCharacters" computerName="ERICCARLSONBBE6" duration="00:00:00.0023430" startTime="2022-11-23T12:19:22.9749614-05:00" endTime="2022-11-23T12:19:22.9773040-05:00" testType="13cdc9d9-ddb5-4fa4-a97d-d965ccfc6d4b" outcome="Passed" testListId="8c84fa94-04c1-424b-9868-57a2d4851a1d" relativeResultsDirectory="9d0184ac-626d-47fa-99f5-71d1107a090b" />
    <UnitTestResult executionId="c5fbd660-7e88-4614-bae3-1692bee12e4f" testId="564ab877-3eea-6f19-973d-0b36bea909da" testName="ThenCanReadResultsWithBackslashes" computerName="ERICCARLSONBBE6" duration="00:00:00.0027169" startTime="2022-11-23T12:19:22.4529576-05:00" endTime="2022-11-23T12:19:22.4556739-05:00" testType="13cdc9d9-ddb5-4fa4-a97d-d965ccfc6d4b" outcome="Passed" testListId="8c84fa94-04c1-424b-9868-57a2d4851a1d" relativeResultsDirectory="c5fbd660-7e88-4614-bae3-1692bee12e4f" />
    <UnitTestResult executionId="93b620a5-a3f9-40a1-8ec2-2f39584d623b" testId="1427994f-dfc2-3b8f-5f19-9134cfec26f2" testName="ThenCanReadResultOfScenarioOutlineWithFailingBackground" computerName="ERICCARLSONBBE6" duration="00:00:00.0027970" startTime="2022-11-23T12:19:23.7389204-05:00" endTime="2022-11-23T12:19:23.7417171-05:00" testType="13cdc9d9-ddb5-4fa4-a97d-d965ccfc6d4b" outcome="Passed" testListId="8c84fa94-04c1-424b-9868-57a2d4851a1d" relativeResultsDirectory="93b620a5-a3f9-40a1-8ec2-2f39584d623b" />
    <UnitTestResult executionId="e6176ea5-a6f9-4557-a70d-05ebd4b79c10" testId="789c4d26-9e90-9921-3680-81bb7e50813e" testName="ThenCanReadIgnoredScenarioResultSuccessfully" computerName="ERICCARLSONBBE6" duration="00:00:00.0009490" startTime="2022-11-23T12:19:23.2813652-05:00" endTime="2022-11-23T12:19:23.2823145-05:00" testType="13cdc9d9-ddb5-4fa4-a97d-d965ccfc6d4b" outcome="Passed" testListId="8c84fa94-04c1-424b-9868-57a2d4851a1d" relativeResultsDirectory="e6176ea5-a6f9-4557-a70d-05ebd4b79c10" />
    <UnitTestResult executionId="dde11a75-85e5-4c4c-ae8a-4acd1d6539e6" testId="ad26ac72-d472-3446-b429-a39e27a79b16" testName="ThenCanReadResultOfScenarioWithDanishCharacters" computerName="ERICCARLSONBBE6" duration="00:00:00.0019400" startTime="2022-11-23T12:19:23.0222517-05:00" endTime="2022-11-23T12:19:23.0241915-05:00" testType="13cdc9d9-ddb5-4fa4-a97d-d965ccfc6d4b" outcome="Passed" testListId="8c84fa94-04c1-424b-9868-57a2d4851a1d" relativeResultsDirectory="dde11a75-85e5-4c4c-ae8a-4acd1d6539e6" />
    <UnitTestResult executionId="a8f10082-0b2f-417e-a554-367a7af6be76" testId="7746c945-7215-2f12-d241-54991e7b255d" testName="ThenCanReadIndividualResultsFromScenarioOutline_OneFailed_ShouldBeTestResultFailed" computerName="ERICCARLSONBBE6" duration="00:00:00.0041340" startTime="2022-11-23T12:19:23.4754072-05:00" endTime="2022-11-23T12:19:23.4795408-05:00" testType="13cdc9d9-ddb5-4fa4-a97d-d965ccfc6d4b" outcome="Passed" testListId="8c84fa94-04c1-424b-9868-57a2d4851a1d" relativeResultsDirectory="a8f10082-0b2f-417e-a554-367a7af6be76" />
    <UnitTestResult executionId="f83d2d49-a825-46de-abbc-69cf6fae88cc" testId="004b9067-5a36-6ae9-8540-490519439bb2" testName="ThenCanReadIndividualResultsFromScenarioOutline_OneInconclusive_ShouldBeTestResultInconclusive" computerName="ERICCARLSONBBE6" duration="00:00:00.0178350" startTime="2022-11-23T12:19:24.0656151-05:00" endTime="2022-11-23T12:19:24.0834498-05:00" testType="13cdc9d9-ddb5-4fa4-a97d-d965ccfc6d4b" outcome="Passed" testListId="8c84fa94-04c1-424b-9868-57a2d4851a1d" relativeResultsDirectory="f83d2d49-a825-46de-abbc-69cf6fae88cc" />
    <UnitTestResult executionId="73609970-d011-49fc-86eb-f4a0292323e4" testId="471f48b3-66b4-1d2b-45d6-de2cd4b57983" testName="ThenCanReadIgnoredScenarioResultSuccessfully" computerName="ERICCARLSONBBE6" duration="00:00:00.0025720" startTime="2022-11-23T12:19:22.5224807-05:00" endTime="2022-11-23T12:19:22.5250529-05:00" testType="13cdc9d9-ddb5-4fa4-a97d-d965ccfc6d4b" outcome="Passed" testListId="8c84fa94-04c1-424b-9868-57a2d4851a1d" relativeResultsDirectory="73609970-d011-49fc-86eb-f4a0292323e4" />
    <UnitTestResult executionId="e93fc055-85e7-4dbc-ba1c-8e2096b3deeb" testId="bd67c30d-1d82-4e89-6c61-dfcd016668cb" testName="ThenCanReadScenarioOutlineResultSuccessfully" computerName="ERICCARLSONBBE6" duration="00:00:00.0023540" startTime="2022-11-23T12:19:23.4236251-05:00" endTime="2022-11-23T12:19:23.4259789-05:00" testType="13cdc9d9-ddb5-4fa4-a97d-d965ccfc6d4b" outcome="Passed" testListId="8c84fa94-04c1-424b-9868-57a2d4851a1d" relativeResultsDirectory="e93fc055-85e7-4dbc-ba1c-8e2096b3deeb" />
    <UnitTestResult executionId="f478f34c-8406-4120-9ff5-7b17de0dec6e" testId="32e9b154-88f8-7f55-059c-e846ef3efc38" testName="ThenCanResolve(&quot;results-example-xunit2.xml&quot;,&quot;XUnit.XUnit2.results-example-xunit2.xml&quot;,xUnit2,PicklesDoc.Pickles.TestFrameworks.XUnit.XUnit2.XUnit2Results)" computerName="ERICCARLSONBBE6" duration="00:00:00.0410100" startTime="2022-11-23T12:19:23.5130720-05:00" endTime="2022-11-23T12:19:23.5540815-05:00" testType="13cdc9d9-ddb5-4fa4-a97d-d965ccfc6d4b" outcome="Passed" testListId="8c84fa94-04c1-424b-9868-57a2d4851a1d" relativeResultsDirectory="f478f34c-8406-4120-9ff5-7b17de0dec6e" />
    <UnitTestResult executionId="1214ac66-95b5-4361-9a09-595fd3fc1e02" testId="39ac623f-fdf7-17f3-6ce0-9e1b4bfb7236" testName="ThenCanReadIndividualResultsFromScenarioOutline_MultipleNamedExamplesWithDuplicateValues_ShouldMatchExamples" computerName="ERICCARLSONBBE6" duration="00:00:00.0403770" startTime="2022-11-23T12:19:24.0078685-05:00" endTime="2022-11-23T12:19:24.0482457-05:00" testType="13cdc9d9-ddb5-4fa4-a97d-d965ccfc6d4b" outcome="Passed" testListId="8c84fa94-04c1-424b-9868-57a2d4851a1d" relativeResultsDirectory="1214ac66-95b5-4361-9a09-595fd3fc1e02" />
    <UnitTestResult executionId="a9afd086-0d42-4d59-97f3-2d643769464c" testId="c437592f-ad90-49b0-0c63-3ab7616bb2a4" testName="ThenCanReadIndividualResultsFromScenarioOutline_MultipleExampleSections_ShouldBeTestResultFailed" computerName="ERICCARLSONBBE6" duration="00:00:00.0023550" startTime="2022-11-23T12:19:23.3016288-05:00" endTime="2022-11-23T12:19:23.3039833-05:00" testType="13cdc9d9-ddb5-4fa4-a97d-d965ccfc6d4b" outcome="Passed" testListId="8c84fa94-04c1-424b-9868-57a2d4851a1d" relativeResultsDirectory="a9afd086-0d42-4d59-97f3-2d643769464c" />
    <UnitTestResult executionId="a22d9e92-14a0-49c1-af79-ede61ac84daa" testId="75c1372b-c80e-ab1f-dc10-8b8dc4679533" testName="ThenCanResolveAsSingleton(&quot;results-example-vstest.trx&quot;,&quot;VsTest.results-example-vstest.trx&quot;,VsTest,PicklesDoc.Pickles.TestFrameworks.VsTest.VsTestResults)" computerName="ERICCARLSONBBE6" duration="00:00:00.0066810" startTime="2022-11-23T12:19:23.5825257-05:00" endTime="2022-11-23T12:19:23.5892066-05:00" testType="13cdc9d9-ddb5-4fa4-a97d-d965ccfc6d4b" outcome="Passed" testListId="8c84fa94-04c1-424b-9868-57a2d4851a1d" relativeResultsDirectory="a22d9e92-14a0-49c1-af79-ede61ac84daa" />
    <UnitTestResult executionId="08ce992d-4c9d-4f7d-b256-cedc5d91370c" testId="15d64ad8-f453-6ded-46ce-06d0f8e68caf" testName="ThenCanReadIndividualResultsFromScenarioOutline_MultipleNamedExamplesWithDuplicateValues_ShouldMatchExamples" computerName="ERICCARLSONBBE6" duration="00:00:00.0016920" startTime="2022-11-23T12:19:22.9219174-05:00" endTime="2022-11-23T12:19:22.9236097-05:00" testType="13cdc9d9-ddb5-4fa4-a97d-d965ccfc6d4b" outcome="Passed" testListId="8c84fa94-04c1-424b-9868-57a2d4851a1d" relativeResultsDirectory="08ce992d-4c9d-4f7d-b256-cedc5d91370c" />
    <UnitTestResult executionId="4cfcd55d-ccc5-4ce9-80c6-96d9696fc8b9" testId="3aa1d18f-f8de-dbde-ff88-7a89e4d8499f" testName="ThenCanReadResultOfScenarioOutlineExampleWithFailingBackground" computerName="ERICCARLSONBBE6" duration="00:00:00.0088000" startTime="2022-11-23T12:19:23.7300822-05:00" endTime="2022-11-23T12:19:23.7388815-05:00" testType="13cdc9d9-ddb5-4fa4-a97d-d965ccfc6d4b" outcome="Passed" testListId="8c84fa94-04c1-424b-9868-57a2d4851a1d" relativeResultsDirectory="4cfcd55d-ccc5-4ce9-80c6-96d9696fc8b9" />
    <UnitTestResult executionId="6ca03667-6ab3-4ffa-9a1e-243d3af122ac" testId="fde1c954-98a7-7238-71c0-b624bf2faef3" testName="ThenCanReadScenarioOutlineResultSuccessfully" computerName="ERICCARLSONBBE6" duration="00:00:00.0105780" startTime="2022-11-23T12:19:23.7675003-05:00" endTime="2022-11-23T12:19:23.7780780-05:00" testType="13cdc9d9-ddb5-4fa4-a97d-d965ccfc6d4b" outcome="Passed" testListId="8c84fa94-04c1-424b-9868-57a2d4851a1d" relativeResultsDirectory="6ca03667-6ab3-4ffa-9a1e-243d3af122ac" />
    <UnitTestResult executionId="1e0d6853-dca7-4adb-a388-94a2d0a0eb27" testId="4f051dee-273d-fcff-0b9b-bfaf6bbfa98d" testName="ThenMatchWillBeFoundEvenIfACarriageReturnWasFoundInValueField" computerName="ERICCARLSONBBE6" duration="00:00:00.0011190" startTime="2022-11-23T12:19:22.7737154-05:00" endTime="2022-11-23T12:19:22.7748343-05:00" testType="13cdc9d9-ddb5-4fa4-a97d-d965ccfc6d4b" outcome="Passed" testListId="8c84fa94-04c1-424b-9868-57a2d4851a1d" relativeResultsDirectory="1e0d6853-dca7-4adb-a388-94a2d0a0eb27" />
    <UnitTestResult executionId="feb2d06b-ad87-41cd-ac36-9d290fea3868" testId="4bfa13d1-17a0-4954-0e3e-a26d2de2fb23" testName="ThenCanReadResultOfScenarioOutlineWithFailingBackground" computerName="ERICCARLSONBBE6" duration="00:00:00.0022940" startTime="2022-11-23T12:19:23.6319989-05:00" endTime="2022-11-23T12:19:23.6342926-05:00" testType="13cdc9d9-ddb5-4fa4-a97d-d965ccfc6d4b" outcome="Passed" testListId="8c84fa94-04c1-424b-9868-57a2d4851a1d" relativeResultsDirectory="feb2d06b-ad87-41cd-ac36-9d290fea3868" />
    <UnitTestResult executionId="d7255fbf-a96d-4cca-8268-2f17165b6daa" testId="c830e46b-5a37-f382-9022-bd36e87a160f" testName="ThenCanReadResultOfScenarioWithSpecialCharacters" computerName="ERICCARLSONBBE6" duration="00:00:00.0025800" startTime="2022-11-23T12:19:22.5778328-05:00" endTime="2022-11-23T12:19:22.5804125-05:00" testType="13cdc9d9-ddb5-4fa4-a97d-d965ccfc6d4b" outcome="Passed" testListId="8c84fa94-04c1-424b-9868-57a2d4851a1d" relativeResultsDirectory="d7255fbf-a96d-4cca-8268-2f17165b6daa" />
    <UnitTestResult executionId="b80b05f3-b2e9-462d-aae9-8b626369cfad" testId="1c544035-38ea-054f-e87c-73d6a628523a" testName="ThenCanReadResultOfScenarioOutlineWithUmlauts" computerName="ERICCARLSONBBE6" duration="00:00:00.0093300" startTime="2022-11-23T12:19:22.9606028-05:00" endTime="2022-11-23T12:19:22.9699323-05:00" testType="13cdc9d9-ddb5-4fa4-a97d-d965ccfc6d4b" outcome="Passed" testListId="8c84fa94-04c1-424b-9868-57a2d4851a1d" relativeResultsDirectory="b80b05f3-b2e9-462d-aae9-8b626369cfad" />
    <UnitTestResult executionId="6d18e28c-2193-4a64-a096-eee8896cecca" testId="6c46f24c-c8b8-c4b7-29db-f35f6312df35" testName="ThenCanReadBackgroundResultSuccessfully" computerName="ERICCARLSONBBE6" duration="00:00:00.0151300" startTime="2022-11-23T12:19:22.6350102-05:00" endTime="2022-11-23T12:19:22.6501395-05:00" testType="13cdc9d9-ddb5-4fa4-a97d-d965ccfc6d4b" outcome="Passed" testListId="8c84fa94-04c1-424b-9868-57a2d4851a1d" relativeResultsDirectory="6d18e28c-2193-4a64-a096-eee8896cecca" />
    <UnitTestResult executionId="2300a7e8-600e-4230-b819-5a45c5f3b02b" testId="98025163-67c4-34a3-d0e7-9dbdb150f12f" testName="ThenCanReadInconclusiveFeatureResultSuccessfully" computerName="ERICCARLSONBBE6" duration="00:00:00.0015580" startTime="2022-11-23T12:19:22.8720918-05:00" endTime="2022-11-23T12:19:22.8736495-05:00" testType="13cdc9d9-ddb5-4fa4-a97d-d965ccfc6d4b" outcome="Passed" testListId="8c84fa94-04c1-424b-9868-57a2d4851a1d" relativeResultsDirectory="2300a7e8-600e-4230-b819-5a45c5f3b02b" />
    <UnitTestResult executionId="c3e28bc8-4a37-4264-8c67-dfbd455fca47" testId="62779f41-de77-189d-2845-837ff5a12f04" testName="ThenCanReadNotFoundFeatureCorrectly" computerName="ERICCARLSONBBE6" duration="00:00:00.0080470" startTime="2022-11-23T12:19:22.5306723-05:00" endTime="2022-11-23T12:19:22.5387196-05:00" testType="13cdc9d9-ddb5-4fa4-a97d-d965ccfc6d4b" outcome="Passed" testListId="8c84fa94-04c1-424b-9868-57a2d4851a1d" relativeResultsDirectory="c3e28bc8-4a37-4264-8c67-dfbd455fca47" />
    <UnitTestResult executionId="7a390d04-b23c-40a3-9d73-6bd01aa48d8e" testId="2bc825b9-9d72-ab78-dc57-730a6f14b2c6" testName="ThenCanReadInconclusiveScenarioResultSuccessfully" computerName="ERICCARLSONBBE6" duration="00:00:00.0008880" startTime="2022-11-23T12:19:23.2833521-05:00" endTime="2022-11-23T12:19:23.2842397-05:00" testType="13cdc9d9-ddb5-4fa4-a97d-d965ccfc6d4b" outcome="Passed" testListId="8c84fa94-04c1-424b-9868-57a2d4851a1d" relativeResultsDirectory="7a390d04-b23c-40a3-9d73-6bd01aa48d8e" />
    <UnitTestResult executionId="27d3b587-7dbc-47e8-bc39-ae93a10eded9" testId="bed3e0a6-5997-3869-73cc-50bad3fe5334" testName="ThenCanReadResultOfScenarioWithDanishCharacters" computerName="ERICCARLSONBBE6" duration="00:00:00.0022560" startTime="2022-11-23T12:19:23.2930859-05:00" endTime="2022-11-23T12:19:23.2953412-05:00" testType="13cdc9d9-ddb5-4fa4-a97d-d965ccfc6d4b" outcome="Passed" testListId="8c84fa94-04c1-424b-9868-57a2d4851a1d" relativeResultsDirectory="27d3b587-7dbc-47e8-bc39-ae93a10eded9" />
    <UnitTestResult executionId="dfe40fd7-8ff1-436a-bc74-87e898a5291f" testId="60839290-1eeb-d8b9-fa35-6da60cd7d64a" testName="ThenCanReadIndividualResultsFromScenarioOutline_MultipleNamedExamples_ShouldMatchExamples" computerName="ERICCARLSONBBE6" duration="00:00:00.0046070" startTime="2022-11-23T12:19:23.4658222-05:00" endTime="2022-11-23T12:19:23.4704285-05:00" testType="13cdc9d9-ddb5-4fa4-a97d-d965ccfc6d4b" outcome="Passed" testListId="8c84fa94-04c1-424b-9868-57a2d4851a1d" relativeResultsDirectory="dfe40fd7-8ff1-436a-bc74-87e898a5291f" />
    <UnitTestResult executionId="37090af3-86d4-4071-b822-0cfbca7fc0fe" testId="dda4734d-9263-9683-bcf1-0cc612cb1594" testName="ThenCanReadIndividualResultsFromScenarioOutline_MultipleExamplesWithDuplicateValues_ShouldMatchExamples" computerName="ERICCARLSONBBE6" duration="00:00:00.0023840" startTime="2022-11-23T12:19:23.0588337-05:00" endTime="2022-11-23T12:19:23.0612177-05:00" testType="13cdc9d9-ddb5-4fa4-a97d-d965ccfc6d4b" outcome="Passed" testListId="8c84fa94-04c1-424b-9868-57a2d4851a1d" relativeResultsDirectory="37090af3-86d4-4071-b822-0cfbca7fc0fe" />
    <UnitTestResult executionId="a5c399b7-1054-497a-9438-9b6909901560" testId="eaddf983-315a-e36c-c3b9-c9529d03d71a" testName="ThenCanReadPassedFeatureResultSuccessfully" computerName="ERICCARLSONBBE6" duration="00:00:00.0038980" startTime="2022-11-23T12:19:22.6949647-05:00" endTime="2022-11-23T12:19:22.6988629-05:00" testType="13cdc9d9-ddb5-4fa4-a97d-d965ccfc6d4b" outcome="Passed" testListId="8c84fa94-04c1-424b-9868-57a2d4851a1d" relativeResultsDirectory="a5c399b7-1054-497a-9438-9b6909901560" />
    <UnitTestResult executionId="1c4fef18-d5c9-43a0-857a-bce2247884a1" testId="452e3d33-0c18-0604-61d2-e49750ee89e5" testName="ThenCanResolve(null,null,null,PicklesDoc.Pickles.TestFrameworks.NullTestResults)" computerName="ERICCARLSONBBE6" duration="00:00:00.0052710" startTime="2022-11-23T12:19:23.4912046-05:00" endTime="2022-11-23T12:19:23.4964755-05:00" testType="13cdc9d9-ddb5-4fa4-a97d-d965ccfc6d4b" outcome="Passed" testListId="8c84fa94-04c1-424b-9868-57a2d4851a1d" relativeResultsDirectory="1c4fef18-d5c9-43a0-857a-bce2247884a1" />
    <UnitTestResult executionId="2791b51e-bc77-4b41-9425-0fce3fc6a2ca" testId="3f1adbc0-0196-34e5-6649-a85c5488fa91" testName="ThenCanReadResultOfScenarioWithDanishCharacters" computerName="ERICCARLSONBBE6" duration="00:00:00.0083830" startTime="2022-11-23T12:19:22.7305018-05:00" endTime="2022-11-23T12:19:22.7388841-05:00" testType="13cdc9d9-ddb5-4fa4-a97d-d965ccfc6d4b" outcome="Passed" testListId="8c84fa94-04c1-424b-9868-57a2d4851a1d" relativeResultsDirectory="2791b51e-bc77-4b41-9425-0fce3fc6a2ca" />
    <UnitTestResult executionId="cab1b183-b0dc-4c27-8ca9-c69445b98991" testId="a24366aa-9e79-801f-e1af-8419027c8a13" testName="ThenCanReadResultOfScenarioOutlineWithSpecialCharacters" computerName="ERICCARLSONBBE6" duration="00:00:00.0010230" startTime="2022-11-23T12:19:23.2893596-05:00" endTime="2022-11-23T12:19:23.2903822-05:00" testType="13cdc9d9-ddb5-4fa4-a97d-d965ccfc6d4b" outcome="Passed" testListId="8c84fa94-04c1-424b-9868-57a2d4851a1d" relativeResultsDirectory="cab1b183-b0dc-4c27-8ca9-c69445b98991" />
    <UnitTestResult executionId="ae29568c-751a-4c52-a178-54b0ad20e358" testId="74b4106b-4b89-70e5-ec6d-b53991f24ded" testName="ThenCanReadNotFoundScenarioCorrectly" computerName="ERICCARLSONBBE6" duration="00:00:00.0024950" startTime="2022-11-23T12:19:22.4058155-05:00" endTime="2022-11-23T12:19:22.4083107-05:00" testType="13cdc9d9-ddb5-4fa4-a97d-d965ccfc6d4b" outcome="Passed" testListId="8c84fa94-04c1-424b-9868-57a2d4851a1d" relativeResultsDirectory="ae29568c-751a-4c52-a178-54b0ad20e358" />
    <UnitTestResult executionId="49f9a01a-b535-4356-a3de-468c264ee999" testId="66978603-05d4-2099-985f-ef7844bf2b32" testName="ThenCanReadResultsWithBackslashes" computerName="ERICCARLSONBBE6" duration="00:00:00.0074540" startTime="2022-11-23T12:19:23.4133259-05:00" endTime="2022-11-23T12:19:23.4207798-05:00" testType="13cdc9d9-ddb5-4fa4-a97d-d965ccfc6d4b" outcome="Passed" testListId="8c84fa94-04c1-424b-9868-57a2d4851a1d" relativeResultsDirectory="49f9a01a-b535-4356-a3de-468c264ee999" />
    <UnitTestResult executionId="98386aac-b45b-4f95-af11-cc1d6bbf2808" testId="883b6ac9-ac51-b5f6-5a08-17161bbcc88f" testName="ThenCanReadIndividualResultsFromScenarioOutline_AllPass_ShouldBeTestResultPassed" computerName="ERICCARLSONBBE6" duration="00:00:00.0008650" startTime="2022-11-23T12:19:23.3007385-05:00" endTime="2022-11-23T12:19:23.3016037-05:00" testType="13cdc9d9-ddb5-4fa4-a97d-d965ccfc6d4b" outcome="Passed" testListId="8c84fa94-04c1-424b-9868-57a2d4851a1d" relativeResultsDirectory="98386aac-b45b-4f95-af11-cc1d6bbf2808" />
    <UnitTestResult executionId="5c459de0-77f9-4f4b-9c62-d3ccce882328" testId="5528f4d8-ebd5-6f1e-e4bf-3f7dddfcc499" testName="ThenCanReadResultOfScenarioOutlineWithSpecialCharacters" computerName="ERICCARLSONBBE6" duration="00:00:00.0024530" startTime="2022-11-23T12:19:22.5603150-05:00" endTime="2022-11-23T12:19:22.5627683-05:00" testType="13cdc9d9-ddb5-4fa4-a97d-d965ccfc6d4b" outcome="Passed" testListId="8c84fa94-04c1-424b-9868-57a2d4851a1d" relativeResultsDirectory="5c459de0-77f9-4f4b-9c62-d3ccce882328" />
    <UnitTestResult executionId="7b25ded6-7e4b-4649-87bd-42e73dfd1d2d" testId="8f0f2481-35fe-ae01-bfcb-690467c4a7bc" testName="ThenCanReadResultOfScenarioOutlineWithAmpersand" computerName="ERICCARLSONBBE6" duration="00:00:00.0016630" startTime="2022-11-23T12:19:22.8875964-05:00" endTime="2022-11-23T12:19:22.8892589-05:00" testType="13cdc9d9-ddb5-4fa4-a97d-d965ccfc6d4b" outcome="Passed" testListId="8c84fa94-04c1-424b-9868-57a2d4851a1d" relativeResultsDirectory="7b25ded6-7e4b-4649-87bd-42e73dfd1d2d" />
    <UnitTestResult executionId="42b579a9-235d-4783-9698-618696e7f996" testId="704a0578-e150-f687-8667-46c29aab4a2d" testName="ThenCanReadSuccessfulScenarioResultSuccessfully" computerName="ERICCARLSONBBE6" duration="00:00:00.0069220" startTime="2022-11-23T12:19:23.4260012-05:00" endTime="2022-11-23T12:19:23.4329233-05:00" testType="13cdc9d9-ddb5-4fa4-a97d-d965ccfc6d4b" outcome="Passed" testListId="8c84fa94-04c1-424b-9868-57a2d4851a1d" relativeResultsDirectory="42b579a9-235d-4783-9698-618696e7f996" />
    <UnitTestResult executionId="65a974cb-e8ee-4d93-bb7c-39c371bffe99" testId="e2225881-39fd-7f1c-d804-53db9fd0bebf" testName="ThenCanReadScenarioOutlineResultSuccessfully" computerName="ERICCARLSONBBE6" duration="00:00:00.0022640" startTime="2022-11-23T12:19:22.9897070-05:00" endTime="2022-11-23T12:19:22.9919709-05:00" testType="13cdc9d9-ddb5-4fa4-a97d-d965ccfc6d4b" outcome="Passed" testListId="8c84fa94-04c1-424b-9868-57a2d4851a1d" relativeResultsDirectory="65a974cb-e8ee-4d93-bb7c-39c371bffe99" />
    <UnitTestResult executionId="3d774b0f-c2c4-4f88-b455-04b94c697796" testId="bd707b6d-52c2-46b2-18db-713a0a8d72d0" testName="ThenCanReadIndividualResultsFromScenarioOutline_AllPass_ShouldBeTestResultPassed" computerName="ERICCARLSONBBE6" duration="00:00:00.0026110" startTime="2022-11-23T12:19:23.0511716-05:00" endTime="2022-11-23T12:19:23.0537826-05:00" testType="13cdc9d9-ddb5-4fa4-a97d-d965ccfc6d4b" outcome="Passed" testListId="8c84fa94-04c1-424b-9868-57a2d4851a1d" relativeResultsDirectory="3d774b0f-c2c4-4f88-b455-04b94c697796" />
    <UnitTestResult executionId="4c6337fe-93f4-44ec-8cbb-d3697cf5247c" testId="0c1060a1-daea-cc27-1eec-f91d6e03fb50" testName="ThenCanReadResultOfScenarioWithSpanishCharacters" computerName="ERICCARLSONBBE6" duration="00:00:00.0082150" startTime="2022-11-23T12:19:22.7428161-05:00" endTime="2022-11-23T12:19:22.7510307-05:00" testType="13cdc9d9-ddb5-4fa4-a97d-d965ccfc6d4b" outcome="Passed" testListId="8c84fa94-04c1-424b-9868-57a2d4851a1d" relativeResultsDirectory="4c6337fe-93f4-44ec-8cbb-d3697cf5247c" />
    <UnitTestResult executionId="8b418bcc-fd1a-4de6-8916-4ff3152415a9" testId="8f694c62-d589-ac54-3491-78ce2e9f9173" testName="GetScenarioOutlineResult_OnePassingOneFailing_ReturnsFailed" computerName="ERICCARLSONBBE6" duration="00:00:00.0022070" startTime="2022-11-23T12:19:23.2698550-05:00" endTime="2022-11-23T12:19:23.2720623-05:00" testType="13cdc9d9-ddb5-4fa4-a97d-d965ccfc6d4b" outcome="Passed" testListId="8c84fa94-04c1-424b-9868-57a2d4851a1d" relativeResultsDirectory="8b418bcc-fd1a-4de6-8916-4ff3152415a9" />
    <UnitTestResult executionId="ece7422b-226a-4487-9460-7772e637b6a0" testId="756b1026-c36e-4a38-c9bf-9c8381bc803a" testName="ThenCanResolve(&quot;results-example-vstest.trx&quot;,&quot;VsTest.results-example-vstest.trx&quot;,VsTest,PicklesDoc.Pickles.TestFrameworks.VsTest.VsTestResults)" computerName="ERICCARLSONBBE6" duration="00:00:00.0028880" startTime="2022-11-23T12:19:23.5573998-05:00" endTime="2022-11-23T12:19:23.5602877-05:00" testType="13cdc9d9-ddb5-4fa4-a97d-d965ccfc6d4b" outcome="Passed" testListId="8c84fa94-04c1-424b-9868-57a2d4851a1d" relativeResultsDirectory="ece7422b-226a-4487-9460-7772e637b6a0" />
    <UnitTestResult executionId="33c4c923-81cf-4c57-81c1-55bf81880b46" testId="eee8715c-d733-130b-cc22-7b1892f2f926" testName="ThenCanReadResultOfScenarioWithSpecialCharacters" computerName="ERICCARLSONBBE6" duration="00:00:00.0007780" startTime="2022-11-23T12:19:23.2972925-05:00" endTime="2022-11-23T12:19:23.2980699-05:00" testType="13cdc9d9-ddb5-4fa4-a97d-d965ccfc6d4b" outcome="Passed" testListId="8c84fa94-04c1-424b-9868-57a2d4851a1d" relativeResultsDirectory="33c4c923-81cf-4c57-81c1-55bf81880b46" />
    <UnitTestResult executionId="47666edb-34d8-4cb4-b505-f40656cfac92" testId="e2f7c893-77fd-2757-2bf1-4ba1cfd4b69d" testName="ThenCanResolveAsSingleton(&quot;results-example-xunit2.xml&quot;,&quot;XUnit.XUnit2.results-example-xunit2.xml&quot;,xUnit2,PicklesDoc.Pickles.TestFrameworks.XUnit.XUnit2.XUnit2Results)" computerName="ERICCARLSONBBE6" duration="00:00:00.0017670" startTime="2022-11-23T12:19:23.5777086-05:00" endTime="2022-11-23T12:19:23.5794750-05:00" testType="13cdc9d9-ddb5-4fa4-a97d-d965ccfc6d4b" outcome="Passed" testListId="8c84fa94-04c1-424b-9868-57a2d4851a1d" relativeResultsDirectory="47666edb-34d8-4cb4-b505-f40656cfac92" />
    <UnitTestResult executionId="27c329d3-fa1f-4189-9eb4-9ad564d0c35c" testId="e1734028-fada-4af3-8a5c-ef092b76d644" testName="ThenCanReadResultOfScenarioWithDanishCharacters" computerName="ERICCARLSONBBE6" duration="00:00:00.0029900" startTime="2022-11-23T12:19:23.3970472-05:00" endTime="2022-11-23T12:19:23.4000373-05:00" testType="13cdc9d9-ddb5-4fa4-a97d-d965ccfc6d4b" outcome="Passed" testListId="8c84fa94-04c1-424b-9868-57a2d4851a1d" relativeResultsDirectory="27c329d3-fa1f-4189-9eb4-9ad564d0c35c" />
    <UnitTestResult executionId="6fa6adf7-ffcb-46d6-ab2c-6a0b72a6dfac" testId="0c0cf1bc-2dcb-ded4-066e-2e2566c6bb19" testName="ThenCanReadResultsWithBackslashes" computerName="ERICCARLSONBBE6" duration="00:00:00.0049240" startTime="2022-11-23T12:19:23.7576324-05:00" endTime="2022-11-23T12:19:23.7625558-05:00" testType="13cdc9d9-ddb5-4fa4-a97d-d965ccfc6d4b" outcome="Passed" testListId="8c84fa94-04c1-424b-9868-57a2d4851a1d" relativeResultsDirectory="6fa6adf7-ffcb-46d6-ab2c-6a0b72a6dfac" />
    <UnitTestResult executionId="0bc2c240-381e-43be-8e0c-0f75c718966f" testId="af52bc0c-9d4d-dbfe-1e9a-8d33e897ef69" testName="ThenCanReadFailedFeatureResultSuccessfully" computerName="ERICCARLSONBBE6" duration="00:00:00.0009560" startTime="2022-11-23T12:19:22.8657277-05:00" endTime="2022-11-23T12:19:22.8666832-05:00" testType="13cdc9d9-ddb5-4fa4-a97d-d965ccfc6d4b" outcome="Passed" testListId="8c84fa94-04c1-424b-9868-57a2d4851a1d" relativeResultsDirectory="0bc2c240-381e-43be-8e0c-0f75c718966f" />
    <UnitTestResult executionId="af65478d-3e12-460a-9e7b-6d4c5898de45" testId="a7393586-64bb-69dc-eba3-1463201a4419" testName="ThenCanResolve(&quot;results-example-json.json&quot;,&quot;CucumberJson.results-example-json.json&quot;,CucumberJson,PicklesDoc.Pickles.TestFrameworks.CucumberJson.CucumberJsonResults)" computerName="ERICCARLSONBBE6" duration="00:00:00.0021600" startTime="2022-11-23T12:19:23.5541261-05:00" endTime="2022-11-23T12:19:23.5562863-05:00" testType="13cdc9d9-ddb5-4fa4-a97d-d965ccfc6d4b" outcome="Passed" testListId="8c84fa94-04c1-424b-9868-57a2d4851a1d" relativeResultsDirectory="af65478d-3e12-460a-9e7b-6d4c5898de45" />
    <UnitTestResult executionId="9b671340-8818-4c9e-b551-7338fa0e57a6" testId="631fe5fb-b05e-5e70-7bfe-0a09b32bd7e6" testName="ThenCanReadInconclusiveScenarioResultSuccessfully" computerName="ERICCARLSONBBE6" duration="00:00:00.0014790" startTime="2022-11-23T12:19:22.8736965-05:00" endTime="2022-11-23T12:19:22.8751758-05:00" testType="13cdc9d9-ddb5-4fa4-a97d-d965ccfc6d4b" outcome="Passed" testListId="8c84fa94-04c1-424b-9868-57a2d4851a1d" relativeResultsDirectory="9b671340-8818-4c9e-b551-7338fa0e57a6" />
    <UnitTestResult executionId="67c32b5f-e906-4dd5-9630-cb9e6dfbc518" testId="c5348a36-5365-9e63-699c-dd523aa894a2" testName="RegularExpressionAsExampleContentMatches_With_Plus" computerName="ERICCARLSONBBE6" duration="00:00:00.0004830" startTime="2022-11-23T12:19:23.7077280-05:00" endTime="2022-11-23T12:19:23.7082106-05:00" testType="13cdc9d9-ddb5-4fa4-a97d-d965ccfc6d4b" outcome="Passed" testListId="8c84fa94-04c1-424b-9868-57a2d4851a1d" relativeResultsDirectory="67c32b5f-e906-4dd5-9630-cb9e6dfbc518" />
    <UnitTestResult executionId="1752b544-2fc1-405d-b5cb-404a84516ecd" testId="4fd0e4d4-201f-f92a-a4bd-73991d73bd74" testName="ThenCanReadIndividualResultsFromScenarioOutline_OneFailed_ShouldBeTestResultFailed" computerName="ERICCARLSONBBE6" duration="00:00:00.0023430" startTime="2022-11-23T12:19:23.0719939-05:00" endTime="2022-11-23T12:19:23.0743370-05:00" testType="13cdc9d9-ddb5-4fa4-a97d-d965ccfc6d4b" outcome="Passed" testListId="8c84fa94-04c1-424b-9868-57a2d4851a1d" relativeResultsDirectory="1752b544-2fc1-405d-b5cb-404a84516ecd" />
    <UnitTestResult executionId="c5f492db-a645-42c5-be5a-bfa9948b3112" testId="d8eb6d98-9b62-c231-99fb-5444406d89a8" testName="GetFeatureResult_OnePassingOneFailed_ReturnsPassed" computerName="ERICCARLSONBBE6" duration="00:00:00.1923820" startTime="2022-11-23T12:19:23.0768946-05:00" endTime="2022-11-23T12:19:23.2692759-05:00" testType="13cdc9d9-ddb5-4fa4-a97d-d965ccfc6d4b" outcome="Passed" testListId="8c84fa94-04c1-424b-9868-57a2d4851a1d" relativeResultsDirectory="c5f492db-a645-42c5-be5a-bfa9948b3112" />
    <UnitTestResult executionId="823cd6cd-7966-4399-a711-e4a78592a8b5" testId="6b71b8f6-958a-0474-734c-5037b2d776ec" testName="ThenCanReadResultsWithBackslashes" computerName="ERICCARLSONBBE6" duration="00:00:00.0069610" startTime="2022-11-23T12:19:22.5804427-05:00" endTime="2022-11-23T12:19:22.5874031-05:00" testType="13cdc9d9-ddb5-4fa4-a97d-d965ccfc6d4b" outcome="Passed" testListId="8c84fa94-04c1-424b-9868-57a2d4851a1d" relativeResultsDirectory="823cd6cd-7966-4399-a711-e4a78592a8b5" />
    <UnitTestResult executionId="1a09bc03-1eb9-4367-aa7f-b6293677f591" testId="906d5dad-24a2-c194-0157-f7aa409300ef" testName="ThenCanReadExamplesWithRegexValuesFromScenarioOutline_ShouldBeTestResultPassed" computerName="ERICCARLSONBBE6" duration="00:00:00.0075710" startTime="2022-11-23T12:19:23.0435681-05:00" endTime="2022-11-23T12:19:23.0511388-05:00" testType="13cdc9d9-ddb5-4fa4-a97d-d965ccfc6d4b" outcome="Passed" testListId="8c84fa94-04c1-424b-9868-57a2d4851a1d" relativeResultsDirectory="1a09bc03-1eb9-4367-aa7f-b6293677f591" />
    <UnitTestResult executionId="cff014fb-821e-49d6-8d7b-3b26c0f4b900" testId="480a0e18-f143-bc50-4b24-c10a44209bde" testName="ThenCanReadResultOfScenarioOutlineWithUmlauts" computerName="ERICCARLSONBBE6" duration="00:00:00.0019450" startTime="2022-11-23T12:19:23.0202778-05:00" endTime="2022-11-23T12:19:23.0222227-05:00" testType="13cdc9d9-ddb5-4fa4-a97d-d965ccfc6d4b" outcome="Passed" testListId="8c84fa94-04c1-424b-9868-57a2d4851a1d" relativeResultsDirectory="cff014fb-821e-49d6-8d7b-3b26c0f4b900" />
    <UnitTestResult executionId="c6323a9b-fd66-447d-b03e-80085dceedfd" testId="03cd529c-594e-f5f4-394a-38e5c1ffbbd4" testName="ThenCanReadInconclusiveScenarioResultSuccessfully" computerName="ERICCARLSONBBE6" duration="00:00:00.0028750" startTime="2022-11-23T12:19:22.5276136-05:00" endTime="2022-11-23T12:19:22.5304890-05:00" testType="13cdc9d9-ddb5-4fa4-a97d-d965ccfc6d4b" outcome="Passed" testListId="8c84fa94-04c1-424b-9868-57a2d4851a1d" relativeResultsDirectory="c6323a9b-fd66-447d-b03e-80085dceedfd" />
    <UnitTestResult executionId="43e186e8-805e-4c34-87cf-71e344a35620" testId="656ebfc5-79d6-d4de-e713-26261e054dac" testName="ThenCanReadFailedScenarioResultSuccessfully" computerName="ERICCARLSONBBE6" duration="00:00:00.0114070" startTime="2022-11-23T12:19:22.3762543-05:00" endTime="2022-11-23T12:19:22.3876617-05:00" testType="13cdc9d9-ddb5-4fa4-a97d-d965ccfc6d4b" outcome="Passed" testListId="8c84fa94-04c1-424b-9868-57a2d4851a1d" relativeResultsDirectory="43e186e8-805e-4c34-87cf-71e344a35620" />
    <UnitTestResult executionId="d61cf71c-4ee1-452e-a906-6bb3c260f84d" testId="53b5d2b4-1979-aefd-9cc8-74b7bed357fa" testName="ThenCanReadResultOfScenarioWithFailingBackground" computerName="ERICCARLSONBBE6" duration="00:00:00.0024840" startTime="2022-11-23T12:19:22.9724382-05:00" endTime="2022-11-23T12:19:22.9749221-05:00" testType="13cdc9d9-ddb5-4fa4-a97d-d965ccfc6d4b" outcome="Passed" testListId="8c84fa94-04c1-424b-9868-57a2d4851a1d" relativeResultsDirectory="d61cf71c-4ee1-452e-a906-6bb3c260f84d" />
    <UnitTestResult executionId="10eaba88-77ef-48f6-94b7-fc2112528ecd" testId="2919e6b2-199b-6849-cc30-63eff40ca1e9" testName="ThenCanReadFailedScenarioResultSuccessfully" computerName="ERICCARLSONBBE6" duration="00:00:00.0030260" startTime="2022-11-23T12:19:23.3267809-05:00" endTime="2022-11-23T12:19:23.3298068-05:00" testType="13cdc9d9-ddb5-4fa4-a97d-d965ccfc6d4b" outcome="Passed" testListId="8c84fa94-04c1-424b-9868-57a2d4851a1d" relativeResultsDirectory="10eaba88-77ef-48f6-94b7-fc2112528ecd" />
    <UnitTestResult executionId="03baccf8-f73f-4352-a166-6654341f31f8" testId="2b2c3e93-fce0-8fb6-cf91-4df9fcc9f54b" testName="ThenCanReadResultsWithParenthesis" computerName="ERICCARLSONBBE6" duration="00:00:00.0023460" startTime="2022-11-23T12:19:22.9873300-05:00" endTime="2022-11-23T12:19:22.9896755-05:00" testType="13cdc9d9-ddb5-4fa4-a97d-d965ccfc6d4b" outcome="Passed" testListId="8c84fa94-04c1-424b-9868-57a2d4851a1d" relativeResultsDirectory="03baccf8-f73f-4352-a166-6654341f31f8" />
    <UnitTestResult executionId="748c4535-7943-4f88-ac7f-b946d60867af" testId="bfd25a89-37a1-8b6d-3055-743f4224a763" testName="GetScenarioOutlineResult_TwoInconclusive_ReturnsInconclusive" computerName="ERICCARLSONBBE6" duration="00:00:00.0002090" startTime="2022-11-23T12:19:23.2721058-05:00" endTime="2022-11-23T12:19:23.2723144-05:00" testType="13cdc9d9-ddb5-4fa4-a97d-d965ccfc6d4b" outcome="Passed" testListId="8c84fa94-04c1-424b-9868-57a2d4851a1d" relativeResultsDirectory="748c4535-7943-4f88-ac7f-b946d60867af" />
    <UnitTestResult executionId="40c704fc-1f66-49b6-a51c-3edb019f7c73" testId="47086e35-06f3-bc27-02fb-3f657d13b0a3" testName="ThenCanResolve(&quot;results-example-xunit.xml&quot;,&quot;XUnit.XUnit1.results-example-xunit.xml&quot;,XUnit1,PicklesDoc.Pickles.TestFrameworks.XUnit.XUnit1.XUnit1Results)" computerName="ERICCARLSONBBE6" duration="00:00:00.0082019" startTime="2022-11-23T12:19:23.5048360-05:00" endTime="2022-11-23T12:19:23.5130377-05:00" testType="13cdc9d9-ddb5-4fa4-a97d-d965ccfc6d4b" outcome="Passed" testListId="8c84fa94-04c1-424b-9868-57a2d4851a1d" relativeResultsDirectory="40c704fc-1f66-49b6-a51c-3edb019f7c73" />
    <UnitTestResult executionId="406b8187-351c-4103-b22d-acd1618cc220" testId="dc101341-c73f-f576-2045-514a0c7d85da" testName="ThenCanReadResultOfScenarioWithSpanishCharacters" computerName="ERICCARLSONBBE6" duration="00:00:00.0056220" startTime="2022-11-23T12:19:23.6442696-05:00" endTime="2022-11-23T12:19:23.6498911-05:00" testType="13cdc9d9-ddb5-4fa4-a97d-d965ccfc6d4b" outcome="Passed" testListId="8c84fa94-04c1-424b-9868-57a2d4851a1d" relativeResultsDirectory="406b8187-351c-4103-b22d-acd1618cc220" />
    <UnitTestResult executionId="cb339373-889a-46c5-bbf4-5724ded3de85" testId="e812cd4a-a493-8488-cd92-0f068742969b" testName="ThenCanReadIndividualResultsFromScenarioOutline_MultipleNamedExamples_ShouldMatchExamples" computerName="ERICCARLSONBBE6" duration="00:00:00.0023800" startTime="2022-11-23T12:19:22.6195657-05:00" endTime="2022-11-23T12:19:22.6219458-05:00" testType="13cdc9d9-ddb5-4fa4-a97d-d965ccfc6d4b" outcome="Passed" testListId="8c84fa94-04c1-424b-9868-57a2d4851a1d" relativeResultsDirectory="cb339373-889a-46c5-bbf4-5724ded3de85" />
    <UnitTestResult executionId="6208230d-67d3-4bf8-9529-1506718793fa" testId="fd4a59cc-11a9-fb21-8351-7acacb7d6743" testName="ThenCanReadResultOfScenarioOutlineWithFailingBackground" computerName="ERICCARLSONBBE6" duration="00:00:00.0084920" startTime="2022-11-23T12:19:22.7153388-05:00" endTime="2022-11-23T12:19:22.7238304-05:00" testType="13cdc9d9-ddb5-4fa4-a97d-d965ccfc6d4b" outcome="Passed" testListId="8c84fa94-04c1-424b-9868-57a2d4851a1d" relativeResultsDirectory="6208230d-67d3-4bf8-9529-1506718793fa" />
    <UnitTestResult executionId="cc44c311-256c-4376-9728-b586594fe9ac" testId="eaaf3dd9-2849-68dd-8b63-3348a310054b" testName="ThenCanReadResultsWithBackslashes" computerName="ERICCARLSONBBE6" duration="00:00:00.0020350" startTime="2022-11-23T12:19:23.6526730-05:00" endTime="2022-11-23T12:19:23.6547078-05:00" testType="13cdc9d9-ddb5-4fa4-a97d-d965ccfc6d4b" outcome="Passed" testListId="8c84fa94-04c1-424b-9868-57a2d4851a1d" relativeResultsDirectory="cc44c311-256c-4376-9728-b586594fe9ac" />
    <UnitTestResult executionId="8a9ff66c-c0d5-499f-bafe-56dcda6707fa" testId="1ab3cefc-49c6-5a53-95db-2b52b6f9c551" testName="ThenCanReadResultOfScenarioWithFailingBackground" computerName="ERICCARLSONBBE6" duration="00:00:00.0010820" startTime="2022-11-23T12:19:23.2953669-05:00" endTime="2022-11-23T12:19:23.2964488-05:00" testType="13cdc9d9-ddb5-4fa4-a97d-d965ccfc6d4b" outcome="Passed" testListId="8c84fa94-04c1-424b-9868-57a2d4851a1d" relativeResultsDirectory="8a9ff66c-c0d5-499f-bafe-56dcda6707fa" />
    <UnitTestResult executionId="e525799a-06b5-47ff-88fe-f69bea0f761b" testId="66835627-edbb-e359-6b21-3e0100bfad91" testName="ThenCanReadFailedFeatureResultSuccessfully" computerName="ERICCARLSONBBE6" duration="00:00:00.0014280" startTime="2022-11-23T12:19:23.2765070-05:00" endTime="2022-11-23T12:19:23.2779351-05:00" testType="13cdc9d9-ddb5-4fa4-a97d-d965ccfc6d4b" outcome="Passed" testListId="8c84fa94-04c1-424b-9868-57a2d4851a1d" relativeResultsDirectory="e525799a-06b5-47ff-88fe-f69bea0f761b" />
    <UnitTestResult executionId="8d4d605d-1b10-45ff-bcde-02175a58d1f2" testId="b6b4e5c5-badb-9c66-8425-431f3f703e83" testName="ThenCanReadResultOfScenarioOutlineExampleWithFailingBackground" computerName="ERICCARLSONBBE6" duration="00:00:00.0075880" startTime="2022-11-23T12:19:22.5475470-05:00" endTime="2022-11-23T12:19:22.5551347-05:00" testType="13cdc9d9-ddb5-4fa4-a97d-d965ccfc6d4b" outcome="Passed" testListId="8c84fa94-04c1-424b-9868-57a2d4851a1d" relativeResultsDirectory="8d4d605d-1b10-45ff-bcde-02175a58d1f2" />
    <UnitTestResult executionId="0f620c00-298e-456f-9417-b6bbb4f810a0" testId="eecc6ae5-4868-d53f-bcda-2ec72c5d7ea3" testName="ThenCanReadIgnoredScenarioResultSuccessfully" computerName="ERICCARLSONBBE6" duration="00:00:00.0023019" startTime="2022-11-23T12:19:22.9405326-05:00" endTime="2022-11-23T12:19:22.9428345-05:00" testType="13cdc9d9-ddb5-4fa4-a97d-d965ccfc6d4b" outcome="Passed" testListId="8c84fa94-04c1-424b-9868-57a2d4851a1d" relativeResultsDirectory="0f620c00-298e-456f-9417-b6bbb4f810a0" />
    <UnitTestResult executionId="d3964c95-deba-468b-8c97-cdc6c519a137" testId="5f02bd55-47a0-e81d-b9df-6ab6392dc956" testName="ThenCanReadResultOfScenarioOutlineExampleWithFailingBackground" computerName="ERICCARLSONBBE6" duration="00:00:00.0072920" startTime="2022-11-23T12:19:23.0070112-05:00" endTime="2022-11-23T12:19:23.0143032-05:00" testType="13cdc9d9-ddb5-4fa4-a97d-d965ccfc6d4b" outcome="Passed" testListId="8c84fa94-04c1-424b-9868-57a2d4851a1d" relativeResultsDirectory="d3964c95-deba-468b-8c97-cdc6c519a137" />
    <UnitTestResult executionId="f8bd2cca-c551-4bc1-8f2d-2cce37e74483" testId="cc57926d-969f-f4d6-e13e-e69125306611" testName="ThenCanReadScenarioOutlineResultSuccessfully" computerName="ERICCARLSONBBE6" duration="00:00:00.0008240" startTime="2022-11-23T12:19:23.2980934-05:00" endTime="2022-11-23T12:19:23.2989173-05:00" testType="13cdc9d9-ddb5-4fa4-a97d-d965ccfc6d4b" outcome="Passed" testListId="8c84fa94-04c1-424b-9868-57a2d4851a1d" relativeResultsDirectory="f8bd2cca-c551-4bc1-8f2d-2cce37e74483" />
    <UnitTestResult executionId="367fef1c-d2f6-4c50-9eb8-bbb4789a98c6" testId="86c41238-e1bd-d4dd-850b-3f251771aebe" testName="ThenCanReadNotFoundScenarioCorrectly" computerName="ERICCARLSONBBE6" duration="00:00:00.0028120" startTime="2022-11-23T12:19:22.5389645-05:00" endTime="2022-11-23T12:19:22.5417769-05:00" testType="13cdc9d9-ddb5-4fa4-a97d-d965ccfc6d4b" outcome="Passed" testListId="8c84fa94-04c1-424b-9868-57a2d4851a1d" relativeResultsDirectory="367fef1c-d2f6-4c50-9eb8-bbb4789a98c6" />
    <UnitTestResult executionId="9b90905d-b62f-41e2-a252-cef79c012aff" testId="174b6e17-833b-348f-bc26-a67a058e5e9c" testName="ThenCanReadFeatureResultWithoutThrowingException" computerName="ERICCARLSONBBE6" duration="00:00:00.0026310" startTime="2022-11-23T12:19:23.6056785-05:00" endTime="2022-11-23T12:19:23.6083105-05:00" testType="13cdc9d9-ddb5-4fa4-a97d-d965ccfc6d4b" outcome="Passed" testListId="8c84fa94-04c1-424b-9868-57a2d4851a1d" relativeResultsDirectory="9b90905d-b62f-41e2-a252-cef79c012aff" />
    <UnitTestResult executionId="24a065ee-50eb-4fed-baf1-7a7a5033891b" testId="f77ac471-dd6b-3503-d4b1-30115c337f42" testName="ThenCanReadIndividualResultsFromScenarioOutline_ExamplesWithDuplicateValues_ShouldMatchExamples" computerName="ERICCARLSONBBE6" duration="00:00:00.0016019" startTime="2022-11-23T12:19:22.9144196-05:00" endTime="2022-11-23T12:19:22.9160219-05:00" testType="13cdc9d9-ddb5-4fa4-a97d-d965ccfc6d4b" outcome="Passed" testListId="8c84fa94-04c1-424b-9868-57a2d4851a1d" relativeResultsDirectory="24a065ee-50eb-4fed-baf1-7a7a5033891b" />
    <UnitTestResult executionId="20516a48-9d22-4e0c-a7b9-f3534646f6e2" testId="dd0a53f6-9608-d074-ec6b-1fd826ef275e" testName="ThenCanReadResultOfScenarioOutlineWithUmlauts" computerName="ERICCARLSONBBE6" duration="00:00:00.0025520" startTime="2022-11-23T12:19:22.5627988-05:00" endTime="2022-11-23T12:19:22.5653502-05:00" testType="13cdc9d9-ddb5-4fa4-a97d-d965ccfc6d4b" outcome="Passed" testListId="8c84fa94-04c1-424b-9868-57a2d4851a1d" relativeResultsDirectory="20516a48-9d22-4e0c-a7b9-f3534646f6e2" />
    <UnitTestResult executionId="7ce43557-87a8-4df7-8dec-71c5068081e8" testId="9c713a2b-9e76-2415-d955-46aa4b04bc55" testName="ThenCanReadFailedScenarioResultSuccessfully" computerName="ERICCARLSONBBE6" duration="00:00:00.0009840" startTime="2022-11-23T12:19:22.8446299-05:00" endTime="2022-11-23T12:19:22.8456142-05:00" testType="13cdc9d9-ddb5-4fa4-a97d-d965ccfc6d4b" outcome="Passed" testListId="8c84fa94-04c1-424b-9868-57a2d4851a1d" relativeResultsDirectory="7ce43557-87a8-4df7-8dec-71c5068081e8" />
    <UnitTestResult executionId="24b8bf96-b342-4625-8d5e-c2b7cc41fb31" testId="f6472f07-5ce8-7db5-6dd2-9068452de237" testName="ThenCanReadIndividualResultsFromScenarioOutline_MultipleNamedExamplesWithDuplicateValues_ShouldMatchExamples" computerName="ERICCARLSONBBE6" duration="00:00:00.0049179" startTime="2022-11-23T12:19:23.4704599-05:00" endTime="2022-11-23T12:19:23.4753782-05:00" testType="13cdc9d9-ddb5-4fa4-a97d-d965ccfc6d4b" outcome="Passed" testListId="8c84fa94-04c1-424b-9868-57a2d4851a1d" relativeResultsDirectory="24b8bf96-b342-4625-8d5e-c2b7cc41fb31" />
    <UnitTestResult executionId="e2555123-3382-4627-8564-6708c562225d" testId="20f75a53-728a-3e27-2cbb-bec08c93c778" testName="ThenCanReadResultOfScenarioOutlineWithSpecialCharacters" computerName="ERICCARLSONBBE6" duration="00:00:00.0015710" startTime="2022-11-23T12:19:22.8908917-05:00" endTime="2022-11-23T12:19:22.8924630-05:00" testType="13cdc9d9-ddb5-4fa4-a97d-d965ccfc6d4b" outcome="Passed" testListId="8c84fa94-04c1-424b-9868-57a2d4851a1d" relativeResultsDirectory="e2555123-3382-4627-8564-6708c562225d" />
    <UnitTestResult executionId="945eda9d-c994-4806-a349-9aa1f7ece2df" testId="741a4e57-0cca-d960-3bbc-2a95ae33db53" testName="ThenCanReadIndividualResultsFromScenarioOutline_AllPass_ShouldBeTestResultPassed" computerName="ERICCARLSONBBE6" duration="00:00:00.0027370" startTime="2022-11-23T12:19:22.4753438-05:00" endTime="2022-11-23T12:19:22.4780809-05:00" testType="13cdc9d9-ddb5-4fa4-a97d-d965ccfc6d4b" outcome="Passed" testListId="8c84fa94-04c1-424b-9868-57a2d4851a1d" relativeResultsDirectory="945eda9d-c994-4806-a349-9aa1f7ece2df" />
    <UnitTestResult executionId="b6afd27a-2526-4e59-8fda-c33e6c032987" testId="de18a748-0d83-3063-60c5-28a7e3807695" testName="ThenCanReadIndividualResultsFromScenarioOutline_ExamplesWithDuplicateValues_ShouldMatchExamples" computerName="ERICCARLSONBBE6" duration="00:00:00.0079810" startTime="2022-11-23T12:19:22.4781087-05:00" endTime="2022-11-23T12:19:22.4860899-05:00" testType="13cdc9d9-ddb5-4fa4-a97d-d965ccfc6d4b" outcome="Passed" testListId="8c84fa94-04c1-424b-9868-57a2d4851a1d" relativeResultsDirectory="b6afd27a-2526-4e59-8fda-c33e6c032987" />
    <UnitTestResult executionId="9055757c-8f88-4197-82aa-6777f1dbb6f8" testId="78a4d834-d8c9-b5a6-8099-63f422dfe326" testName="ThenCanReadInconclusiveFeatureResultSuccessfully" computerName="ERICCARLSONBBE6" duration="00:00:00.0009210" startTime="2022-11-23T12:19:23.2823587-05:00" endTime="2022-11-23T12:19:23.2832796-05:00" testType="13cdc9d9-ddb5-4fa4-a97d-d965ccfc6d4b" outcome="Passed" testListId="8c84fa94-04c1-424b-9868-57a2d4851a1d" relativeResultsDirectory="9055757c-8f88-4197-82aa-6777f1dbb6f8" />
    <UnitTestResult executionId="925c9d1e-b0d5-464b-89bf-aa20fef470ee" testId="c0743634-0e8c-60ff-dd33-aa3c1f7c437b" testName="ThenCanReadIgnoredScenarioResultSuccessfully" computerName="ERICCARLSONBBE6" duration="00:00:00.0014830" startTime="2022-11-23T12:19:23.7240233-05:00" endTime="2022-11-23T12:19:23.7255066-05:00" testType="13cdc9d9-ddb5-4fa4-a97d-d965ccfc6d4b" outcome="Passed" testListId="8c84fa94-04c1-424b-9868-57a2d4851a1d" relativeResultsDirectory="925c9d1e-b0d5-464b-89bf-aa20fef470ee" />
    <UnitTestResult executionId="75118738-ea7d-40be-b16d-5987bd43ddc7" testId="82d58c85-8bb5-21d8-f720-e76e5b78cc40" testName="ThenCanReadResultOfScenarioOutlineWithAmpersand" computerName="ERICCARLSONBBE6" duration="00:00:00.0031630" startTime="2022-11-23T12:19:22.4192124-05:00" endTime="2022-11-23T12:19:22.4223755-05:00" testType="13cdc9d9-ddb5-4fa4-a97d-d965ccfc6d4b" outcome="Passed" testListId="8c84fa94-04c1-424b-9868-57a2d4851a1d" relativeResultsDirectory="75118738-ea7d-40be-b16d-5987bd43ddc7" />
    <UnitTestResult executionId="984bd9ba-4f3a-472b-94bf-7ac8a4eb7a4f" testId="468fc6f1-090e-af4a-e3f5-89b42d48597a" testName="ThenCanReadResultOfScenarioOutlineWithUmlauts" computerName="ERICCARLSONBBE6" duration="00:00:00.0032870" startTime="2022-11-23T12:19:22.7271843-05:00" endTime="2022-11-23T12:19:22.7304709-05:00" testType="13cdc9d9-ddb5-4fa4-a97d-d965ccfc6d4b" outcome="Passed" testListId="8c84fa94-04c1-424b-9868-57a2d4851a1d" relativeResultsDirectory="984bd9ba-4f3a-472b-94bf-7ac8a4eb7a4f" />
    <UnitTestResult executionId="0ac1c7f3-1223-498d-9fcd-e2267ca28643" testId="0d0f4cc2-46ec-cf86-fc13-2bff0b09bc6d" testName="ThenCanReadIndividualResultsFromScenarioOutline_OneInconclusive_ShouldBeTestResultInconclusive" computerName="ERICCARLSONBBE6" duration="00:00:00.0020750" startTime="2022-11-23T12:19:23.7021349-05:00" endTime="2022-11-23T12:19:23.7042098-05:00" testType="13cdc9d9-ddb5-4fa4-a97d-d965ccfc6d4b" outcome="Passed" testListId="8c84fa94-04c1-424b-9868-57a2d4851a1d" relativeResultsDirectory="0ac1c7f3-1223-498d-9fcd-e2267ca28643" />
    <UnitTestResult executionId="17bec15b-af2e-49c5-9a6c-1760a5c8669e" testId="0be35ca5-d72a-7b15-1c8a-f42c97327233" testName="ThenCanReadIndividualResultsFromScenarioOutline_ExamplesWithDuplicateValues_ShouldMatchExamples" computerName="ERICCARLSONBBE6" duration="00:00:00.0025520" startTime="2022-11-23T12:19:23.6806031-05:00" endTime="2022-11-23T12:19:23.6831552-05:00" testType="13cdc9d9-ddb5-4fa4-a97d-d965ccfc6d4b" outcome="Passed" testListId="8c84fa94-04c1-424b-9868-57a2d4851a1d" relativeResultsDirectory="17bec15b-af2e-49c5-9a6c-1760a5c8669e" />
    <UnitTestResult executionId="f96aa819-2113-4095-893a-b098931c40c1" testId="8073691c-21a5-9107-fb79-56e4b2e81fb1" testName="ThenCanReadNotFoundScenarioCorrectly" computerName="ERICCARLSONBBE6" duration="00:00:00.0030250" startTime="2022-11-23T12:19:23.3520265-05:00" endTime="2022-11-23T12:19:23.3550510-05:00" testType="13cdc9d9-ddb5-4fa4-a97d-d965ccfc6d4b" outcome="Passed" testListId="8c84fa94-04c1-424b-9868-57a2d4851a1d" relativeResultsDirectory="f96aa819-2113-4095-893a-b098931c40c1" />
    <UnitTestResult executionId="3be2ed05-2fa4-42f1-bbf2-77683dad0a60" testId="aff9e195-4e54-a676-8f24-47ec072e3f76" testName="ThenCanReadExamplesWithRegexValuesFromScenarioOutline_ShouldBeTestResultPassed" computerName="ERICCARLSONBBE6" duration="00:00:00.0053940" startTime="2022-11-23T12:19:22.7853907-05:00" endTime="2022-11-23T12:19:22.7907848-05:00" testType="13cdc9d9-ddb5-4fa4-a97d-d965ccfc6d4b" outcome="Passed" testListId="8c84fa94-04c1-424b-9868-57a2d4851a1d" relativeResultsDirectory="3be2ed05-2fa4-42f1-bbf2-77683dad0a60" />
    <UnitTestResult executionId="0f11f012-9257-4529-9f54-22d3594ba0e1" testId="0377b2ee-902b-c8d6-74bf-d614453dc1d9" testName="ThenCanReadResultOfScenarioOutlineWithUmlauts" computerName="ERICCARLSONBBE6" duration="00:00:00.0028110" startTime="2022-11-23T12:19:22.4340270-05:00" endTime="2022-11-23T12:19:22.4368376-05:00" testType="13cdc9d9-ddb5-4fa4-a97d-d965ccfc6d4b" outcome="Passed" testListId="8c84fa94-04c1-424b-9868-57a2d4851a1d" relativeResultsDirectory="0f11f012-9257-4529-9f54-22d3594ba0e1" />
    <UnitTestResult executionId="d1d51b68-e510-4fde-8fa3-aab173c34822" testId="5c950b01-6cc7-ac13-30ea-969ec9b73be8" testName="ThenCanSuccessfullyMatch" computerName="ERICCARLSONBBE6" duration="00:00:00.0090740" startTime="2022-11-23T12:19:22.8472988-05:00" endTime="2022-11-23T12:19:22.8563727-05:00" testType="13cdc9d9-ddb5-4fa4-a97d-d965ccfc6d4b" outcome="Passed" testListId="8c84fa94-04c1-424b-9868-57a2d4851a1d" relativeResultsDirectory="d1d51b68-e510-4fde-8fa3-aab173c34822" />
    <UnitTestResult executionId="5cfc62c9-eee9-4284-95c2-92bd40b16033" testId="787e4f4b-a6f8-e61e-60f5-7ef57c15df22" testName="ThenCanReadExamplesWithRegexValuesFromScenarioOutline_ShouldBeTestResultPassed" computerName="ERICCARLSONBBE6" duration="00:00:00.0034290" startTime="2022-11-23T12:19:22.4717512-05:00" endTime="2022-11-23T12:19:22.4751804-05:00" testType="13cdc9d9-ddb5-4fa4-a97d-d965ccfc6d4b" outcome="Passed" testListId="8c84fa94-04c1-424b-9868-57a2d4851a1d" relativeResultsDirectory="5cfc62c9-eee9-4284-95c2-92bd40b16033" />
    <UnitTestResult executionId="81d352ac-945e-44be-9127-b5c7abd00f65" testId="3f5af0d1-875c-7462-d712-e00deb320d7a" testName="ThenCanReadResultOfFeatureWithFailingBackground" computerName="ERICCARLSONBBE6" duration="00:00:00.0027320" startTime="2022-11-23T12:19:22.4110932-05:00" endTime="2022-11-23T12:19:22.4138252-05:00" testType="13cdc9d9-ddb5-4fa4-a97d-d965ccfc6d4b" outcome="Passed" testListId="8c84fa94-04c1-424b-9868-57a2d4851a1d" relativeResultsDirectory="81d352ac-945e-44be-9127-b5c7abd00f65" />
    <UnitTestResult executionId="0bcbbb61-a2c4-4aad-bacb-80f25049491a" testId="c878e9ba-46bf-00b5-a8be-a988ac37f973" testName="ThenCanReadFeatureResultSuccessfully" computerName="ERICCARLSONBBE6" duration="00:00:00.0021730" startTime="2022-11-23T12:19:22.8583699-05:00" endTime="2022-11-23T12:19:22.8605430-05:00" testType="13cdc9d9-ddb5-4fa4-a97d-d965ccfc6d4b" outcome="Passed" testListId="8c84fa94-04c1-424b-9868-57a2d4851a1d" relativeResultsDirectory="0bcbbb61-a2c4-4aad-bacb-80f25049491a" />
    <UnitTestResult executionId="0c5ac60b-c3a5-4dfa-9827-85e72751066d" testId="a77eef62-81f7-6544-83f9-95298ec32c95" testName="ThenCanReadScenarioOutlineResultSuccessfully" computerName="ERICCARLSONBBE6" duration="00:00:00.0037560" startTime="2022-11-23T12:19:22.7658208-05:00" endTime="2022-11-23T12:19:22.7695765-05:00" testType="13cdc9d9-ddb5-4fa4-a97d-d965ccfc6d4b" outcome="Passed" testListId="8c84fa94-04c1-424b-9868-57a2d4851a1d" relativeResultsDirectory="0c5ac60b-c3a5-4dfa-9827-85e72751066d" />
    <UnitTestResult executionId="8e37f822-703f-450f-8ae8-63756dcfd0c6" testId="e1e175ed-feba-4c6f-4525-385ac52e4ff1" testName="ThenCanReadIndividualResultsFromScenarioOutline_AllPass_ShouldBeTestResultPassed" computerName="ERICCARLSONBBE6" duration="00:00:00.0080730" startTime="2022-11-23T12:19:23.4404712-05:00" endTime="2022-11-23T12:19:23.4485437-05:00" testType="13cdc9d9-ddb5-4fa4-a97d-d965ccfc6d4b" outcome="Passed" testListId="8c84fa94-04c1-424b-9868-57a2d4851a1d" relativeResultsDirectory="8e37f822-703f-450f-8ae8-63756dcfd0c6" />
    <UnitTestResult executionId="4c277595-a7e0-4dc5-b900-5cab4f8bd8fd" testId="d2ebcdb0-238b-cbb7-f625-318772534557" testName="ThenCanReadPassedFeatureResultSuccessfully" computerName="ERICCARLSONBBE6" duration="00:00:00.0014730" startTime="2022-11-23T12:19:22.8829517-05:00" endTime="2022-11-23T12:19:22.8844249-05:00" testType="13cdc9d9-ddb5-4fa4-a97d-d965ccfc6d4b" outcome="Passed" testListId="8c84fa94-04c1-424b-9868-57a2d4851a1d" relativeResultsDirectory="4c277595-a7e0-4dc5-b900-5cab4f8bd8fd" />
    <UnitTestResult executionId="026bead8-a944-49ae-9ed9-d1769db43f53" testId="13bb17c0-9c5e-610c-5753-956c620e1962" testName="ThenCanReadNotFoundFeatureCorrectly" computerName="ERICCARLSONBBE6" duration="00:00:00.0032770" startTime="2022-11-23T12:19:22.6831622-05:00" endTime="2022-11-23T12:19:22.6864395-05:00" testType="13cdc9d9-ddb5-4fa4-a97d-d965ccfc6d4b" outcome="Passed" testListId="8c84fa94-04c1-424b-9868-57a2d4851a1d" relativeResultsDirectory="026bead8-a944-49ae-9ed9-d1769db43f53" />
    <UnitTestResult executionId="58be9bef-6d02-43dd-9fa9-f6dd78c27e69" testId="179cc0df-2279-559c-aebb-9ee7ba5aaaf0" testName="ThenCanReadFailedFeatureResultSuccessfully" computerName="ERICCARLSONBBE6" duration="00:00:00.2126200" startTime="2022-11-23T12:19:22.1622353-05:00" endTime="2022-11-23T12:19:22.3747831-05:00" testType="13cdc9d9-ddb5-4fa4-a97d-d965ccfc6d4b" outcome="Passed" testListId="8c84fa94-04c1-424b-9868-57a2d4851a1d" relativeResultsDirectory="58be9bef-6d02-43dd-9fa9-f6dd78c27e69" />
    <UnitTestResult executionId="01087214-93f8-48ee-ae40-3162ca6b0da9" testId="a64081be-e7d0-830f-dfc8-24bbee2a32f5" testName="ThenCanReadIndividualResultsFromScenarioOutline_MultipleExamplesWithDuplicateValues_ShouldMatchExamples" computerName="ERICCARLSONBBE6" duration="00:00:00.0029400" startTime="2022-11-23T12:19:22.4893738-05:00" endTime="2022-11-23T12:19:22.4923142-05:00" testType="13cdc9d9-ddb5-4fa4-a97d-d965ccfc6d4b" outcome="Passed" testListId="8c84fa94-04c1-424b-9868-57a2d4851a1d" relativeResultsDirectory="01087214-93f8-48ee-ae40-3162ca6b0da9" />
    <UnitTestResult executionId="8fb47264-6bf7-4bcb-9b2e-9717a6aed93b" testId="51b05b71-c723-8fd8-a294-f2801277fd50" testName="ThenCanReadSuccessfulScenarioResultSuccessfully" computerName="ERICCARLSONBBE6" duration="00:00:00.0007890" startTime="2022-11-23T12:19:23.2989410-05:00" endTime="2022-11-23T12:19:23.2997299-05:00" testType="13cdc9d9-ddb5-4fa4-a97d-d965ccfc6d4b" outcome="Passed" testListId="8c84fa94-04c1-424b-9868-57a2d4851a1d" relativeResultsDirectory="8fb47264-6bf7-4bcb-9b2e-9717a6aed93b" />
    <UnitTestResult executionId="3a134552-4de4-480c-a789-ffdb698e21d5" testId="25c1bea4-c0ff-d075-22a4-63b5c72151e9" testName="ThenCanReadNotFoundScenarioCorrectly" computerName="ERICCARLSONBBE6" duration="00:00:00.0084600" startTime="2022-11-23T12:19:22.6864708-05:00" endTime="2022-11-23T12:19:22.6949300-05:00" testType="13cdc9d9-ddb5-4fa4-a97d-d965ccfc6d4b" outcome="Passed" testListId="8c84fa94-04c1-424b-9868-57a2d4851a1d" relativeResultsDirectory="3a134552-4de4-480c-a789-ffdb698e21d5" />
    <UnitTestResult executionId="bf5a9a59-4ac2-4add-90f0-cff2868970ec" testId="4227e0f9-8436-5214-22f2-5b8f8dec94a3" testName="ThenCanReadNotFoundFeatureCorrectly" computerName="ERICCARLSONBBE6" duration="00:00:00.0078630" startTime="2022-11-23T12:19:23.3441189-05:00" endTime="2022-11-23T12:19:23.3519818-05:00" testType="13cdc9d9-ddb5-4fa4-a97d-d965ccfc6d4b" outcome="Passed" testListId="8c84fa94-04c1-424b-9868-57a2d4851a1d" relativeResultsDirectory="bf5a9a59-4ac2-4add-90f0-cff2868970ec" />
    <UnitTestResult executionId="7f1a0996-9aca-4f45-a8f1-79dbfcf5c40a" testId="65c51164-1841-273f-ce30-d1469bd02f88" testName="ThenCanReadResultOfScenarioOutlineWithFailingBackground" computerName="ERICCARLSONBBE6" duration="00:00:00.0018210" startTime="2022-11-23T12:19:23.2874959-05:00" endTime="2022-11-23T12:19:23.2893170-05:00" testType="13cdc9d9-ddb5-4fa4-a97d-d965ccfc6d4b" outcome="Passed" testListId="8c84fa94-04c1-424b-9868-57a2d4851a1d" relativeResultsDirectory="7f1a0996-9aca-4f45-a8f1-79dbfcf5c40a" />
    <UnitTestResult executionId="f850fe12-ad4d-4e17-848d-9f1667984fe1" testId="8e1e0562-0c98-e226-1bf8-4de563a5fa13" testName="ThenCanReadResultOfFeatureWithFailingBackground" computerName="ERICCARLSONBBE6" duration="00:00:00.0018510" startTime="2022-11-23T12:19:23.6220593-05:00" endTime="2022-11-23T12:19:23.6239100-05:00" testType="13cdc9d9-ddb5-4fa4-a97d-d965ccfc6d4b" outcome="Passed" testListId="8c84fa94-04c1-424b-9868-57a2d4851a1d" relativeResultsDirectory="f850fe12-ad4d-4e17-848d-9f1667984fe1" />
    <UnitTestResult executionId="46f32f5b-2b8d-4b92-9c32-f777d135208a" testId="1926ccdc-00d6-72e9-1270-04d414099d1b" testName="ThenCanReadIndividualResultsFromScenarioOutline_OneInconclusive_ShouldBeTestResultInconclusive" computerName="ERICCARLSONBBE6" duration="00:00:00.0015670" startTime="2022-11-23T12:19:22.9251694-05:00" endTime="2022-11-23T12:19:22.9267362-05:00" testType="13cdc9d9-ddb5-4fa4-a97d-d965ccfc6d4b" outcome="Passed" testListId="8c84fa94-04c1-424b-9868-57a2d4851a1d" relativeResultsDirectory="46f32f5b-2b8d-4b92-9c32-f777d135208a" />
    <UnitTestResult executionId="f032677d-67a3-4019-8fd2-b8b916d40b08" testId="8ace6733-ba13-8c23-aec1-3ea938759ad0" testName="ThenCanReadResultOfFeatureWithFailingBackground" computerName="ERICCARLSONBBE6" duration="00:00:00.0015010" startTime="2022-11-23T12:19:22.8844530-05:00" endTime="2022-11-23T12:19:22.8859541-05:00" testType="13cdc9d9-ddb5-4fa4-a97d-d965ccfc6d4b" outcome="Passed" testListId="8c84fa94-04c1-424b-9868-57a2d4851a1d" relativeResultsDirectory="f032677d-67a3-4019-8fd2-b8b916d40b08" />
    <UnitTestResult executionId="a3b72cd5-952f-41a7-9487-8214f19f7529" testId="ac03ec4c-67a9-1776-5723-d08e339146c5" testName="ThenCanSuccessfullyMatch" computerName="ERICCARLSONBBE6" duration="00:00:00.0005490" startTime="2022-11-23T12:19:23.7082346-05:00" endTime="2022-11-23T12:19:23.7087830-05:00" testType="13cdc9d9-ddb5-4fa4-a97d-d965ccfc6d4b" outcome="Passed" testListId="8c84fa94-04c1-424b-9868-57a2d4851a1d" relativeResultsDirectory="a3b72cd5-952f-41a7-9487-8214f19f7529" />
    <UnitTestResult executionId="cad71967-4e1a-470c-b8f6-f7c141d0dc03" testId="1367b65e-0b94-ba69-b954-fb8124eb22d5" testName="ThenCanReadFailedScenarioResultSuccessfully" computerName="ERICCARLSONBBE6" duration="00:00:00.0032310" startTime="2022-11-23T12:19:23.7190691-05:00" endTime="2022-11-23T12:19:23.7222998-05:00" testType="13cdc9d9-ddb5-4fa4-a97d-d965ccfc6d4b" outcome="Passed" testListId="8c84fa94-04c1-424b-9868-57a2d4851a1d" relativeResultsDirectory="cad71967-4e1a-470c-b8f6-f7c141d0dc03" />
    <UnitTestResult executionId="4c0d7b92-6434-4a58-a0b5-05418a203dc4" testId="4af94715-f0ba-c849-32a4-dbc86e4a475a" testName="ThenCanReadScenarioOutlineResultSuccessfully" computerName="ERICCARLSONBBE6" duration="00:00:00.0026780" startTime="2022-11-23T12:19:22.4586392-05:00" endTime="2022-11-23T12:19:22.4613173-05:00" testType="13cdc9d9-ddb5-4fa4-a97d-d965ccfc6d4b" outcome="Passed" testListId="8c84fa94-04c1-424b-9868-57a2d4851a1d" relativeResultsDirectory="4c0d7b92-6434-4a58-a0b5-05418a203dc4" />
    <UnitTestResult executionId="56215c13-7f8e-43e6-891d-1cabc617ee95" testId="51b33863-1938-707d-697f-94c37596fd6d" testName="ThenCanReadResultOfFeatureWithFailingBackground" computerName="ERICCARLSONBBE6" duration="00:00:00.0028400" startTime="2022-11-23T12:19:22.5446752-05:00" endTime="2022-11-23T12:19:22.5475156-05:00" testType="13cdc9d9-ddb5-4fa4-a97d-d965ccfc6d4b" outcome="Passed" testListId="8c84fa94-04c1-424b-9868-57a2d4851a1d" relativeResultsDirectory="56215c13-7f8e-43e6-891d-1cabc617ee95" />
    <UnitTestResult executionId="9b38d6ee-b37a-4829-927a-2f8af8cf6e13" testId="6768218c-6567-ac9b-b338-b8819476acaf" testName="RegularExpressionAsExampleContentMatches_With_Full_Regular_Expression" computerName="ERICCARLSONBBE6" duration="00:00:00.0004780" startTime="2022-11-23T12:19:23.7062017-05:00" endTime="2022-11-23T12:19:23.7066800-05:00" testType="13cdc9d9-ddb5-4fa4-a97d-d965ccfc6d4b" outcome="Passed" testListId="8c84fa94-04c1-424b-9868-57a2d4851a1d" relativeResultsDirectory="9b38d6ee-b37a-4829-927a-2f8af8cf6e13" />
    <UnitTestResult executionId="ee8a4627-f3f4-4178-8143-8e326d9ada58" testId="dbf1db3e-c119-5966-af76-e8157d531ea2" testName="ThenCanReadIndividualResultsFromScenarioOutline_OneInconclusive_ShouldBeTestResultInconclusive" computerName="ERICCARLSONBBE6" duration="00:00:00.0009480" startTime="2022-11-23T12:19:23.3049625-05:00" endTime="2022-11-23T12:19:23.3059102-05:00" testType="13cdc9d9-ddb5-4fa4-a97d-d965ccfc6d4b" outcome="Passed" testListId="8c84fa94-04c1-424b-9868-57a2d4851a1d" relativeResultsDirectory="ee8a4627-f3f4-4178-8143-8e326d9ada58" />
    <UnitTestResult executionId="0f2455dd-7b3e-4c81-8e89-4d28ab4f8dee" testId="11a87397-1757-077d-c7e6-d2ba1dcbdd5b" testName="ThenCanReadIndividualResultsFromScenarioOutline_OneInconclusive_ShouldBeTestResultInconclusive" computerName="ERICCARLSONBBE6" duration="00:00:00.0051550" startTime="2022-11-23T12:19:22.5017449-05:00" endTime="2022-11-23T12:19:22.5068995-05:00" testType="13cdc9d9-ddb5-4fa4-a97d-d965ccfc6d4b" outcome="Passed" testListId="8c84fa94-04c1-424b-9868-57a2d4851a1d" relativeResultsDirectory="0f2455dd-7b3e-4c81-8e89-4d28ab4f8dee" />
    <UnitTestResult executionId="baac1e09-7dad-4fa5-9fa6-ab7d270d46ba" testId="1b78643d-a4c2-713e-da90-2e6b0238a12b" testName="ThenCanResolveAsSingleton(null,null,null,PicklesDoc.Pickles.TestFrameworks.NullTestResults)" computerName="ERICCARLSONBBE6" duration="00:00:00.0016290" startTime="2022-11-23T12:19:23.5603473-05:00" endTime="2022-11-23T12:19:23.5619766-05:00" testType="13cdc9d9-ddb5-4fa4-a97d-d965ccfc6d4b" outcome="Passed" testListId="8c84fa94-04c1-424b-9868-57a2d4851a1d" relativeResultsDirectory="baac1e09-7dad-4fa5-9fa6-ab7d270d46ba" />
    <UnitTestResult executionId="86a4ff03-3a3d-4073-902f-ddc285e2641a" testId="864c1316-42be-ac84-4487-0c84ff96ddee" testName="ThenCanReadScenarioResultSuccessfully" computerName="ERICCARLSONBBE6" duration="00:00:00.0035320" startTime="2022-11-23T12:19:22.8605672-05:00" endTime="2022-11-23T12:19:22.8640988-05:00" testType="13cdc9d9-ddb5-4fa4-a97d-d965ccfc6d4b" outcome="Passed" testListId="8c84fa94-04c1-424b-9868-57a2d4851a1d" relativeResultsDirectory="86a4ff03-3a3d-4073-902f-ddc285e2641a" />
    <UnitTestResult executionId="6546441f-11b8-4d93-914b-d9db40131fc2" testId="8bb3b051-fd54-70fa-37da-5e1986e478a5" testName="ThenCanReadIgnoredScenarioResultSuccessfully" computerName="ERICCARLSONBBE6" duration="00:00:00.0039780" startTime="2022-11-23T12:19:22.9982937-05:00" endTime="2022-11-23T12:19:23.0022718-05:00" testType="13cdc9d9-ddb5-4fa4-a97d-d965ccfc6d4b" outcome="Passed" testListId="8c84fa94-04c1-424b-9868-57a2d4851a1d" relativeResultsDirectory="6546441f-11b8-4d93-914b-d9db40131fc2" />
    <UnitTestResult executionId="94794365-b370-46e6-a54c-4f84a2510e3a" testId="75f81ce1-0b2c-cf84-fe16-219224722139" testName="ThenCanReadIgnoredScenarioResultSuccessfully" computerName="ERICCARLSONBBE6" duration="00:00:00.0031900" startTime="2022-11-23T12:19:22.6676227-05:00" endTime="2022-11-23T12:19:22.6708125-05:00" testType="13cdc9d9-ddb5-4fa4-a97d-d965ccfc6d4b" outcome="Passed" testListId="8c84fa94-04c1-424b-9868-57a2d4851a1d" relativeResultsDirectory="94794365-b370-46e6-a54c-4f84a2510e3a" />
    <UnitTestResult executionId="a0ab1da2-5e3b-460f-98c3-176165f29677" testId="e70aaa39-34a4-5c29-d102-ad4674ca6ab6" testName="ThenCanResolveAsSingleton(&quot;results-example-nunit.xml&quot;,&quot;NUnit.NUnit2.results-example-nunit.xml&quot;,NUnit,PicklesDoc.Pickles.TestFrameworks.NUnit.NUnit2.NUnit2Results)" computerName="ERICCARLSONBBE6" duration="00:00:00.0016450" startTime="2022-11-23T12:19:23.5719793-05:00" endTime="2022-11-23T12:19:23.5736239-05:00" testType="13cdc9d9-ddb5-4fa4-a97d-d965ccfc6d4b" outcome="Passed" testListId="8c84fa94-04c1-424b-9868-57a2d4851a1d" relativeResultsDirectory="a0ab1da2-5e3b-460f-98c3-176165f29677" />
    <UnitTestResult executionId="00b353ae-8f9b-4fa7-a708-fe42ef486023" testId="a1781e25-4782-9e03-dffd-5a8b1b4e811d" testName="ThenCanSuccessfullyMatch" computerName="ERICCARLSONBBE6" duration="00:00:00.0003720" startTime="2022-11-23T12:19:22.9283523-05:00" endTime="2022-11-23T12:19:22.9287243-05:00" testType="13cdc9d9-ddb5-4fa4-a97d-d965ccfc6d4b" outcome="Passed" testListId="8c84fa94-04c1-424b-9868-57a2d4851a1d" relativeResultsDirectory="00b353ae-8f9b-4fa7-a708-fe42ef486023" />
    <UnitTestResult executionId="b3f4dbae-8545-47cf-aa4c-56119cdc1bca" testId="76e6779b-a81e-af08-fa5a-6175a7306b7c" testName="ThenCanReadResultOfScenarioOutlineExampleWithFailingBackground" computerName="ERICCARLSONBBE6" duration="00:00:00.0025740" startTime="2022-11-23T12:19:22.9520509-05:00" endTime="2022-11-23T12:19:22.9546252-05:00" testType="13cdc9d9-ddb5-4fa4-a97d-d965ccfc6d4b" outcome="Passed" testListId="8c84fa94-04c1-424b-9868-57a2d4851a1d" relativeResultsDirectory="b3f4dbae-8545-47cf-aa4c-56119cdc1bca" />
    <UnitTestResult executionId="293a71dd-eaa5-46a9-894f-085550992bb9" testId="6cb01e3f-a03d-67b1-8f23-89bbdd8943a3" testName="ThenCanReadFeatureResultSuccessfully" computerName="ERICCARLSONBBE6" duration="00:00:00.0013740" startTime="2022-11-23T12:19:22.8689993-05:00" endTime="2022-11-23T12:19:22.8703731-05:00" testType="13cdc9d9-ddb5-4fa4-a97d-d965ccfc6d4b" outcome="Passed" testListId="8c84fa94-04c1-424b-9868-57a2d4851a1d" relativeResultsDirectory="293a71dd-eaa5-46a9-894f-085550992bb9" />
    <UnitTestResult executionId="3473b860-c23c-4a3b-820e-0f7ff3c700ec" testId="8859dd67-9eea-687f-ff9c-c8608298b7a0" testName="ThenCanReadIgnoredScenarioResultSuccessfully" computerName="ERICCARLSONBBE6" duration="00:00:00.0016690" startTime="2022-11-23T12:19:22.8703979-05:00" endTime="2022-11-23T12:19:22.8720663-05:00" testType="13cdc9d9-ddb5-4fa4-a97d-d965ccfc6d4b" outcome="Passed" testListId="8c84fa94-04c1-424b-9868-57a2d4851a1d" relativeResultsDirectory="3473b860-c23c-4a3b-820e-0f7ff3c700ec" />
    <UnitTestResult executionId="f18090ad-94cf-4b48-82b8-cc8c9d2826bd" testId="fe0fe535-97ea-db97-278f-86c835cfa276" testName="ThenCanReadBackgroundResultSuccessfully" computerName="ERICCARLSONBBE6" duration="00:00:00.0026790" startTime="2022-11-23T12:19:23.2737837-05:00" endTime="2022-11-23T12:19:23.2764624-05:00" testType="13cdc9d9-ddb5-4fa4-a97d-d965ccfc6d4b" outcome="Passed" testListId="8c84fa94-04c1-424b-9868-57a2d4851a1d" relativeResultsDirectory="f18090ad-94cf-4b48-82b8-cc8c9d2826bd" />
    <UnitTestResult executionId="ed09510d-e488-4353-94d2-bc9452525c10" testId="4daa0264-d422-7a85-989e-1ae9e712a1eb" testName="ThenCanSuccessfullyMatchExamplesWithLongValues" computerName="ERICCARLSONBBE6" duration="00:00:00.0006770" startTime="2022-11-23T12:19:22.8563985-05:00" endTime="2022-11-23T12:19:22.8570757-05:00" testType="13cdc9d9-ddb5-4fa4-a97d-d965ccfc6d4b" outcome="Passed" testListId="8c84fa94-04c1-424b-9868-57a2d4851a1d" relativeResultsDirectory="ed09510d-e488-4353-94d2-bc9452525c10" />
    <UnitTestResult executionId="8b17b02f-a5b2-4c1e-8e5e-cf0950de4ac9" testId="58020c11-c291-9fff-a6eb-d178031b96c9" testName="ThenCanReadIndividualResultsFromScenarioOutline_OneFailed_ShouldBeTestResultFailed" computerName="ERICCARLSONBBE6" duration="00:00:00.0083680" startTime="2022-11-23T12:19:22.8243000-05:00" endTime="2022-11-23T12:19:22.8326674-05:00" testType="13cdc9d9-ddb5-4fa4-a97d-d965ccfc6d4b" outcome="Passed" testListId="8c84fa94-04c1-424b-9868-57a2d4851a1d" relativeResultsDirectory="8b17b02f-a5b2-4c1e-8e5e-cf0950de4ac9" />
    <UnitTestResult executionId="5ee167a7-36ca-4b7d-88b8-f220874fc1d9" testId="b3391feb-285b-6d84-ca18-8c0b0036158b" testName="ThenCanReadNotFoundScenarioCorrectly" computerName="ERICCARLSONBBE6" duration="00:00:00.0014150" startTime="2022-11-23T12:19:23.7270405-05:00" endTime="2022-11-23T12:19:23.7284554-05:00" testType="13cdc9d9-ddb5-4fa4-a97d-d965ccfc6d4b" outcome="Passed" testListId="8c84fa94-04c1-424b-9868-57a2d4851a1d" relativeResultsDirectory="5ee167a7-36ca-4b7d-88b8-f220874fc1d9" />
    <UnitTestResult executionId="4d35f827-39ee-4a0b-9a49-43baaba22251" testId="84ecda38-a103-69a6-dbd6-ef8eb51c722d" testName="ThenCanReadResultOfScenarioWithSpecialCharacters" computerName="ERICCARLSONBBE6" duration="00:00:00.0024719" startTime="2022-11-23T12:19:22.4504582-05:00" endTime="2022-11-23T12:19:22.4529300-05:00" testType="13cdc9d9-ddb5-4fa4-a97d-d965ccfc6d4b" outcome="Passed" testListId="8c84fa94-04c1-424b-9868-57a2d4851a1d" relativeResultsDirectory="4d35f827-39ee-4a0b-9a49-43baaba22251" />
    <UnitTestResult executionId="85efe17c-dfeb-4b24-be5c-8cb1f593cdfb" testId="58f9e5ce-1bab-0c6b-1e0b-98e0a0083c94" testName="ThenCanReadResultOfScenarioOutlineExampleWithFailingBackground" computerName="ERICCARLSONBBE6" duration="00:00:00.0051230" startTime="2022-11-23T12:19:22.4138990-05:00" endTime="2022-11-23T12:19:22.4190219-05:00" testType="13cdc9d9-ddb5-4fa4-a97d-d965ccfc6d4b" outcome="Passed" testListId="8c84fa94-04c1-424b-9868-57a2d4851a1d" relativeResultsDirectory="85efe17c-dfeb-4b24-be5c-8cb1f593cdfb" />
    <UnitTestResult executionId="fd8caae6-9f3c-48fd-a619-a15733010a68" testId="f7956f7c-5887-9a0c-7c3e-645573a0e845" testName="ThenCanReadResultOfScenarioWithFailingBackground" computerName="ERICCARLSONBBE6" duration="00:00:00.0038680" startTime="2022-11-23T12:19:22.7389186-05:00" endTime="2022-11-23T12:19:22.7427866-05:00" testType="13cdc9d9-ddb5-4fa4-a97d-d965ccfc6d4b" outcome="Passed" testListId="8c84fa94-04c1-424b-9868-57a2d4851a1d" relativeResultsDirectory="fd8caae6-9f3c-48fd-a619-a15733010a68" />
    <UnitTestResult executionId="b19cbb69-87cb-4250-9f97-ec130bbd218f" testId="47fb6ba8-e618-b876-538b-b25771c9cf5f" testName="ThenCanReadFailedScenarioResultSuccessfully" computerName="ERICCARLSONBBE6" duration="00:00:00.0017790" startTime="2022-11-23T12:19:23.3127268-05:00" endTime="2022-11-23T12:19:23.3145061-05:00" testType="13cdc9d9-ddb5-4fa4-a97d-d965ccfc6d4b" outcome="Passed" testListId="8c84fa94-04c1-424b-9868-57a2d4851a1d" relativeResultsDirectory="b19cbb69-87cb-4250-9f97-ec130bbd218f" />
    <UnitTestResult executionId="7eda9a8f-02b5-40c9-8ec0-5db4a92c33ee" testId="c60ed206-bcf7-dc0f-cf55-94fdc287fbf9" testName="ThenCanSuccessfullyMatch" computerName="ERICCARLSONBBE6" duration="00:00:00.0016019" startTime="2022-11-23T12:19:23.5900165-05:00" endTime="2022-11-23T12:19:23.5916188-05:00" testType="13cdc9d9-ddb5-4fa4-a97d-d965ccfc6d4b" outcome="Passed" testListId="8c84fa94-04c1-424b-9868-57a2d4851a1d" relativeResultsDirectory="7eda9a8f-02b5-40c9-8ec0-5db4a92c33ee" />
    <UnitTestResult executionId="01ad3d13-3cff-48a2-8674-6fa6027da41b" testId="1f0e270c-d2e3-6abe-d46c-198f7828d432" testName="ThenCanReadResultOfScenarioOutlineWithUmlauts" computerName="ERICCARLSONBBE6" duration="00:00:00.0029430" startTime="2022-11-23T12:19:22.8924899-05:00" endTime="2022-11-23T12:19:22.8954324-05:00" testType="13cdc9d9-ddb5-4fa4-a97d-d965ccfc6d4b" outcome="Passed" testListId="8c84fa94-04c1-424b-9868-57a2d4851a1d" relativeResultsDirectory="01ad3d13-3cff-48a2-8674-6fa6027da41b" />
    <UnitTestResult executionId="1861054a-5510-4307-a9f7-8edfb1877e82" testId="5bf4d307-a36a-3c36-5190-d6315ecad070" testName="ThenCanReadResultsWithBackslashes" computerName="ERICCARLSONBBE6" duration="00:00:00.0020170" startTime="2022-11-23T12:19:23.0302295-05:00" endTime="2022-11-23T12:19:23.0322467-05:00" testType="13cdc9d9-ddb5-4fa4-a97d-d965ccfc6d4b" outcome="Passed" testListId="8c84fa94-04c1-424b-9868-57a2d4851a1d" relativeResultsDirectory="1861054a-5510-4307-a9f7-8edfb1877e82" />
    <UnitTestResult executionId="26e664e2-cf1f-4d3f-8e02-89152e551e96" testId="a80ce00d-8fef-39f6-2b9d-90a0409ab21e" testName="ThenCanReadExamplesWithLongExampleValues" computerName="ERICCARLSONBBE6" duration="00:00:00.0015760" startTime="2022-11-23T12:19:23.6612046-05:00" endTime="2022-11-23T12:19:23.6627811-05:00" testType="13cdc9d9-ddb5-4fa4-a97d-d965ccfc6d4b" outcome="Passed" testListId="8c84fa94-04c1-424b-9868-57a2d4851a1d" relativeResultsDirectory="26e664e2-cf1f-4d3f-8e02-89152e551e96" />
    <UnitTestResult executionId="d6f4ba2d-6adf-4777-b9b3-66c0d44b32c3" testId="430e1815-dd76-b549-699a-644e400c7601" testName="ThenCanResolve(&quot;results-example-nunit.xml&quot;,&quot;NUnit.NUnit2.results-example-nunit.xml&quot;,NUnit,PicklesDoc.Pickles.TestFrameworks.NUnit.NUnit2.NUnit2Results)" computerName="ERICCARLSONBBE6" duration="00:00:00.0016270" startTime="2022-11-23T12:19:23.5007925-05:00" endTime="2022-11-23T12:19:23.5024196-05:00" testType="13cdc9d9-ddb5-4fa4-a97d-d965ccfc6d4b" outcome="Passed" testListId="8c84fa94-04c1-424b-9868-57a2d4851a1d" relativeResultsDirectory="d6f4ba2d-6adf-4777-b9b3-66c0d44b32c3" />
    <UnitTestResult executionId="c4d5f041-a133-4b6a-8aa9-2e4019312248" testId="5f6ec94d-79db-fbc6-a975-8fcf5e6da5de" testName="ThenCanReadResultOfScenarioWithDanishCharacters" computerName="ERICCARLSONBBE6" duration="00:00:00.0071080" startTime="2022-11-23T12:19:22.5653807-05:00" endTime="2022-11-23T12:19:22.5724889-05:00" testType="13cdc9d9-ddb5-4fa4-a97d-d965ccfc6d4b" outcome="Passed" testListId="8c84fa94-04c1-424b-9868-57a2d4851a1d" relativeResultsDirectory="c4d5f041-a133-4b6a-8aa9-2e4019312248" />
    <UnitTestResult executionId="4189fd34-4c91-44ce-a344-ff7c8c110d43" testId="6f030a63-1915-c5bb-effc-e00334ecdc58" testName="ThenCanReadNotFoundFeatureCorrectly" computerName="ERICCARLSONBBE6" duration="00:00:00.0074440" startTime="2022-11-23T12:19:22.3983401-05:00" endTime="2022-11-23T12:19:22.4057838-05:00" testType="13cdc9d9-ddb5-4fa4-a97d-d965ccfc6d4b" outcome="Passed" testListId="8c84fa94-04c1-424b-9868-57a2d4851a1d" relativeResultsDirectory="4189fd34-4c91-44ce-a344-ff7c8c110d43" />
    <UnitTestResult executionId="246ecb6e-8738-4ecf-919f-c5a555a03c94" testId="ad512448-3972-9a5f-6725-9bed00cac1bb" testName="ThenCanReadIndividualResultsFromScenarioOutline_ExamplesWithDuplicateValues_ShouldMatchExamples" computerName="ERICCARLSONBBE6" duration="00:00:00.0025980" startTime="2022-11-23T12:19:22.6070208-05:00" endTime="2022-11-23T12:19:22.6096182-05:00" testType="13cdc9d9-ddb5-4fa4-a97d-d965ccfc6d4b" outcome="Passed" testListId="8c84fa94-04c1-424b-9868-57a2d4851a1d" relativeResultsDirectory="246ecb6e-8738-4ecf-919f-c5a555a03c94" />
    <UnitTestResult executionId="b9f18990-388a-404a-9f9d-fb889b5a63dd" testId="0c92b541-a11c-af2d-cc00-baa08658eac8" testName="ThenCanReadPassedScenarioResultSuccessfully" computerName="ERICCARLSONBBE6" duration="00:00:00.0008500" startTime="2022-11-23T12:19:23.3145502-05:00" endTime="2022-11-23T12:19:23.3154003-05:00" testType="13cdc9d9-ddb5-4fa4-a97d-d965ccfc6d4b" outcome="Passed" testListId="8c84fa94-04c1-424b-9868-57a2d4851a1d" relativeResultsDirectory="b9f18990-388a-404a-9f9d-fb889b5a63dd" />
    <UnitTestResult executionId="44ee1d26-3857-4cb2-a33c-cfaf0d076593" testId="6ee23e15-5212-e5e6-0d67-3661442b479b" testName="ThenCanReadResultOfFeatureWithFailingBackground" computerName="ERICCARLSONBBE6" duration="00:00:00.0071140" startTime="2022-11-23T12:19:22.9448940-05:00" endTime="2022-11-23T12:19:22.9520078-05:00" testType="13cdc9d9-ddb5-4fa4-a97d-d965ccfc6d4b" outcome="Passed" testListId="8c84fa94-04c1-424b-9868-57a2d4851a1d" relativeResultsDirectory="44ee1d26-3857-4cb2-a33c-cfaf0d076593" />
    <UnitTestResult executionId="4db81ed0-7a1c-4808-887c-c47d11c651f2" testId="cadefb20-407b-c6d2-35c6-2e9949364070" testName="ThenCanReadResultOfScenarioOutlineExampleWithFailingBackground" computerName="ERICCARLSONBBE6" duration="00:00:00.0015839" startTime="2022-11-23T12:19:22.8859824-05:00" endTime="2022-11-23T12:19:22.8875666-05:00" testType="13cdc9d9-ddb5-4fa4-a97d-d965ccfc6d4b" outcome="Passed" testListId="8c84fa94-04c1-424b-9868-57a2d4851a1d" relativeResultsDirectory="4db81ed0-7a1c-4808-887c-c47d11c651f2" />
    <UnitTestResult executionId="6f27602f-6858-4b6b-a092-5ada7ec97b9c" testId="8efb377e-4b03-38b4-bd1f-fee940d3e651" testName="ExecutionIdElement_NullArgument_ShouldReturnGuidEmpty" computerName="ERICCARLSONBBE6" duration="00:00:00.0048100" startTime="2022-11-23T12:19:22.6293298-05:00" endTime="2022-11-23T12:19:22.6341392-05:00" testType="13cdc9d9-ddb5-4fa4-a97d-d965ccfc6d4b" outcome="Passed" testListId="8c84fa94-04c1-424b-9868-57a2d4851a1d" relativeResultsDirectory="6f27602f-6858-4b6b-a092-5ada7ec97b9c" />
    <UnitTestResult executionId="2465f761-e59c-4d83-820d-244447d0eb9d" testId="7efd0b0b-8ee2-d5e8-47e2-5ba5eebb44d2" testName="ThenCanReadFeatureResultSuccessfully" computerName="ERICCARLSONBBE6" duration="00:00:00.0022350" startTime="2022-11-23T12:19:23.6124745-05:00" endTime="2022-11-23T12:19:23.6147096-05:00" testType="13cdc9d9-ddb5-4fa4-a97d-d965ccfc6d4b" outcome="Passed" testListId="8c84fa94-04c1-424b-9868-57a2d4851a1d" relativeResultsDirectory="2465f761-e59c-4d83-820d-244447d0eb9d" />
    <UnitTestResult executionId="6cbd2dd3-d907-4619-b5e5-b5a8a41e2f39" testId="04e26c3f-1210-a75b-c0bc-6ef78e296957" testName="ThenCanReadFeatureResultSuccessfully" computerName="ERICCARLSONBBE6" duration="00:00:00.0022290" startTime="2022-11-23T12:19:22.9382797-05:00" endTime="2022-11-23T12:19:22.9405086-05:00" testType="13cdc9d9-ddb5-4fa4-a97d-d965ccfc6d4b" outcome="Passed" testListId="8c84fa94-04c1-424b-9868-57a2d4851a1d" relativeResultsDirectory="6cbd2dd3-d907-4619-b5e5-b5a8a41e2f39" />
    <UnitTestResult executionId="741e40a0-0ce4-4a4d-9229-9ec809594ba3" testId="d06109ca-bc0c-33f1-28f4-f8127946b5ef" testName="ThenCanReadResultOfScenarioOutlineExampleWithFailingBackground" computerName="ERICCARLSONBBE6" duration="00:00:00.0049600" startTime="2022-11-23T12:19:22.7070544-05:00" endTime="2022-11-23T12:19:22.7120145-05:00" testType="13cdc9d9-ddb5-4fa4-a97d-d965ccfc6d4b" outcome="Passed" testListId="8c84fa94-04c1-424b-9868-57a2d4851a1d" relativeResultsDirectory="741e40a0-0ce4-4a4d-9229-9ec809594ba3" />
    <UnitTestResult executionId="2ac27271-fdbe-4460-9988-fb745d7ebb25" testId="30c3cce2-7c89-bcba-f34c-cd4f8b59ce23" testName="ThenCanReadInconclusiveFeatureResultSuccessfully" computerName="ERICCARLSONBBE6" duration="00:00:00.0024050" startTime="2022-11-23T12:19:23.3394157-05:00" endTime="2022-11-23T12:19:23.3418202-05:00" testType="13cdc9d9-ddb5-4fa4-a97d-d965ccfc6d4b" outcome="Passed" testListId="8c84fa94-04c1-424b-9868-57a2d4851a1d" relativeResultsDirectory="2ac27271-fdbe-4460-9988-fb745d7ebb25" />
    <UnitTestResult executionId="06024807-b62d-4fdb-aaf0-301540cb7146" testId="654eaa9a-fb20-1f7a-8fb7-20107e7e962f" testName="ThenCanReadFeatureResultSuccessfully" computerName="ERICCARLSONBBE6" duration="00:00:00.0028490" startTime="2022-11-23T12:19:23.3298676-05:00" endTime="2022-11-23T12:19:23.3327162-05:00" testType="13cdc9d9-ddb5-4fa4-a97d-d965ccfc6d4b" outcome="Passed" testListId="8c84fa94-04c1-424b-9868-57a2d4851a1d" relativeResultsDirectory="06024807-b62d-4fdb-aaf0-301540cb7146" />
    <UnitTestResult executionId="26a2fd26-1bf4-4b35-9208-5da6edb08c03" testId="71b016af-5365-c420-5627-629663f2e7e7" testName="ThenCanReadFeatureResultWithoutThrowingException" computerName="ERICCARLSONBBE6" duration="00:00:00.0006110" startTime="2022-11-23T12:19:23.4899587-05:00" endTime="2022-11-23T12:19:23.4905703-05:00" testType="13cdc9d9-ddb5-4fa4-a97d-d965ccfc6d4b" outcome="Passed" testListId="8c84fa94-04c1-424b-9868-57a2d4851a1d" relativeResultsDirectory="26a2fd26-1bf4-4b35-9208-5da6edb08c03" />
    <UnitTestResult executionId="70402ec5-06c5-4f26-9e64-b10a1f2f6b92" testId="5b940e7e-5602-6e2d-9bb4-ea58b2e075ab" testName="ThenCanReadResultOfScenarioOutlineWithFailingBackground" computerName="ERICCARLSONBBE6" duration="00:00:00.0082900" startTime="2022-11-23T12:19:23.3832302-05:00" endTime="2022-11-23T12:19:23.3915196-05:00" testType="13cdc9d9-ddb5-4fa4-a97d-d965ccfc6d4b" outcome="Passed" testListId="8c84fa94-04c1-424b-9868-57a2d4851a1d" relativeResultsDirectory="70402ec5-06c5-4f26-9e64-b10a1f2f6b92" />
    <UnitTestResult executionId="0e2fb713-88ed-4173-b91d-a8c0b5a2371f" testId="d38f3350-2c4c-d044-aa67-55d99697e67a" testName="ThenCanReadFeatureResultWithoutThrowingException" computerName="ERICCARLSONBBE6" duration="00:00:00.0006780" startTime="2022-11-23T12:19:23.0401357-05:00" endTime="2022-11-23T12:19:23.0408141-05:00" testType="13cdc9d9-ddb5-4fa4-a97d-d965ccfc6d4b" outcome="Passed" testListId="8c84fa94-04c1-424b-9868-57a2d4851a1d" relativeResultsDirectory="0e2fb713-88ed-4173-b91d-a8c0b5a2371f" />
    <UnitTestResult executionId="72c66fb9-f4a5-4fbf-a47b-ce8c58a5b27f" testId="49f08ad4-e3ca-7af9-80e5-b685a0b47674" testName="ThenCanReadFailedScenarioResultSuccessfully" computerName="ERICCARLSONBBE6" duration="00:00:00.0032970" startTime="2022-11-23T12:19:23.6091435-05:00" endTime="2022-11-23T12:19:23.6124401-05:00" testType="13cdc9d9-ddb5-4fa4-a97d-d965ccfc6d4b" outcome="Passed" testListId="8c84fa94-04c1-424b-9868-57a2d4851a1d" relativeResultsDirectory="72c66fb9-f4a5-4fbf-a47b-ce8c58a5b27f" />
    <UnitTestResult executionId="231c46bf-f21c-456e-9a8a-daca80c73d91" testId="ca034f59-6d8f-3d39-f10e-3725456122ef" testName="ThenCanReadResultOfScenarioWithFailingBackground" computerName="ERICCARLSONBBE6" duration="00:00:00.0018300" startTime="2022-11-23T12:19:23.7466185-05:00" endTime="2022-11-23T12:19:23.7484479-05:00" testType="13cdc9d9-ddb5-4fa4-a97d-d965ccfc6d4b" outcome="Passed" testListId="8c84fa94-04c1-424b-9868-57a2d4851a1d" relativeResultsDirectory="231c46bf-f21c-456e-9a8a-daca80c73d91" />
    <UnitTestResult executionId="b05dd3a4-c749-4dd3-931a-95f8b9268af0" testId="ffc628dd-c985-e3f1-ca17-da9cca506fbc" testName="GetScenarioResult_TwoInconclusive_ReturnsInconclusive" computerName="ERICCARLSONBBE6" duration="00:00:00.0001830" startTime="2022-11-23T12:19:23.2728546-05:00" endTime="2022-11-23T12:19:23.2730374-05:00" testType="13cdc9d9-ddb5-4fa4-a97d-d965ccfc6d4b" outcome="Passed" testListId="8c84fa94-04c1-424b-9868-57a2d4851a1d" relativeResultsDirectory="b05dd3a4-c749-4dd3-931a-95f8b9268af0" />
    <UnitTestResult executionId="bf01fae3-444d-4c56-bc0b-2c36a4a620d9" testId="b326ef4c-7f50-dcc1-8e16-23f12d57cfac" testName="ThenCanReadNotFoundFeatureCorrectly" computerName="ERICCARLSONBBE6" duration="00:00:00.0014859" startTime="2022-11-23T12:19:23.7255301-05:00" endTime="2022-11-23T12:19:23.7270164-05:00" testType="13cdc9d9-ddb5-4fa4-a97d-d965ccfc6d4b" outcome="Passed" testListId="8c84fa94-04c1-424b-9868-57a2d4851a1d" relativeResultsDirectory="bf01fae3-444d-4c56-bc0b-2c36a4a620d9" />
    <UnitTestResult executionId="72618b62-393f-447f-945f-bdc02609b802" testId="ed1f5b6f-32d8-84ac-275a-18cb835c861f" testName="ThenCanReadResultOfFeatureWithFailingBackground" computerName="ERICCARLSONBBE6" duration="00:00:00.0081290" startTime="2022-11-23T12:19:22.6988936-05:00" endTime="2022-11-23T12:19:22.7070225-05:00" testType="13cdc9d9-ddb5-4fa4-a97d-d965ccfc6d4b" outcome="Passed" testListId="8c84fa94-04c1-424b-9868-57a2d4851a1d" relativeResultsDirectory="72618b62-393f-447f-945f-bdc02609b802" />
    <UnitTestResult executionId="6fdac8bd-9a21-45e7-913d-cb085ccd6b6b" testId="562129e5-360d-2549-3c09-e4b49f36264d" testName="ThenCanReadFailedFeatureResultSuccessfully" computerName="ERICCARLSONBBE6" duration="00:00:00.0061870" startTime="2022-11-23T12:19:23.3064963-05:00" endTime="2022-11-23T12:19:23.3126828-05:00" testType="13cdc9d9-ddb5-4fa4-a97d-d965ccfc6d4b" outcome="Passed" testListId="8c84fa94-04c1-424b-9868-57a2d4851a1d" relativeResultsDirectory="6fdac8bd-9a21-45e7-913d-cb085ccd6b6b" />
    <UnitTestResult executionId="506c860a-cc96-4967-9ea9-21de0fa591aa" testId="09eb03c3-6c6b-d07d-0c0e-f69b7a3941d2" testName="ThenCanReadSuccessfulScenarioResultSuccessfully" computerName="ERICCARLSONBBE6" duration="00:00:00.0016320" startTime="2022-11-23T12:19:23.7781034-05:00" endTime="2022-11-23T12:19:23.7797353-05:00" testType="13cdc9d9-ddb5-4fa4-a97d-d965ccfc6d4b" outcome="Passed" testListId="8c84fa94-04c1-424b-9868-57a2d4851a1d" relativeResultsDirectory="506c860a-cc96-4967-9ea9-21de0fa591aa" />
    <UnitTestResult executionId="4c781686-d9de-4cf9-82e6-bddbbb6f0a71" testId="3f5c3338-429f-c1bb-e1a8-d8bab8ab3016" testName="ThenCanReadResultOfFeatureWithFailingBackground" computerName="ERICCARLSONBBE6" duration="00:00:00.0026850" startTime="2022-11-23T12:19:23.0042794-05:00" endTime="2022-11-23T12:19:23.0069637-05:00" testType="13cdc9d9-ddb5-4fa4-a97d-d965ccfc6d4b" outcome="Passed" testListId="8c84fa94-04c1-424b-9868-57a2d4851a1d" relativeResultsDirectory="4c781686-d9de-4cf9-82e6-bddbbb6f0a71" />
    <UnitTestResult executionId="2b8aee55-133d-49c2-95cb-33ddf06e5724" testId="a9afc403-29e6-88a4-c2af-4c0ff8d8a28b" testName="ThenCanReadIgnoredScenarioResultSuccessfully" computerName="ERICCARLSONBBE6" duration="00:00:00.0027210" startTime="2022-11-23T12:19:22.3906283-05:00" endTime="2022-11-23T12:19:22.3933490-05:00" testType="13cdc9d9-ddb5-4fa4-a97d-d965ccfc6d4b" outcome="Passed" testListId="8c84fa94-04c1-424b-9868-57a2d4851a1d" relativeResultsDirectory="2b8aee55-133d-49c2-95cb-33ddf06e5724" />
    <UnitTestResult executionId="75409fcf-76c2-4ab8-8649-2a6efa727ebd" testId="4127f69b-e124-236a-5b11-95ef3fc8f483" testName="ThenCanReadIndividualResultsFromScenarioOutline_MultipleExampleSections_ShouldBeTestResultFailed" computerName="ERICCARLSONBBE6" duration="00:00:00.0051370" startTime="2022-11-23T12:19:23.4516397-05:00" endTime="2022-11-23T12:19:23.4567769-05:00" testType="13cdc9d9-ddb5-4fa4-a97d-d965ccfc6d4b" outcome="Passed" testListId="8c84fa94-04c1-424b-9868-57a2d4851a1d" relativeResultsDirectory="75409fcf-76c2-4ab8-8649-2a6efa727ebd" />
    <UnitTestResult executionId="93f96a32-4411-42ae-b6d3-93f4b5ad1e40" testId="1d8da37b-0383-95ed-5f34-6e3377ad113e" testName="ThenCanReadExamplesWithLongExampleValues" computerName="ERICCARLSONBBE6" duration="00:00:00.0019060" startTime="2022-11-23T12:19:22.5952217-05:00" endTime="2022-11-23T12:19:22.5971281-05:00" testType="13cdc9d9-ddb5-4fa4-a97d-d965ccfc6d4b" outcome="Passed" testListId="8c84fa94-04c1-424b-9868-57a2d4851a1d" relativeResultsDirectory="93f96a32-4411-42ae-b6d3-93f4b5ad1e40" />
    <UnitTestResult executionId="d97f3bc8-f82c-41e0-9801-0f109308d993" testId="128b2e33-c1df-6a98-010e-1414bed50de5" testName="ThenCanReadSuccessfulScenarioResultSuccessfully" computerName="ERICCARLSONBBE6" duration="00:00:00.0048320" startTime="2022-11-23T12:19:22.4614890-05:00" endTime="2022-11-23T12:19:22.4663207-05:00" testType="13cdc9d9-ddb5-4fa4-a97d-d965ccfc6d4b" outcome="Passed" testListId="8c84fa94-04c1-424b-9868-57a2d4851a1d" relativeResultsDirectory="d97f3bc8-f82c-41e0-9801-0f109308d993" />
    <UnitTestResult executionId="6c76c179-1f5b-4b4c-a7af-523ba300c301" testId="9893997e-53da-cb26-1457-0e4e96142bee" testName="ThenCanReadResultOfScenarioWithFailingBackground" computerName="ERICCARLSONBBE6" duration="00:00:00.0038130" startTime="2022-11-23T12:19:23.0242212-05:00" endTime="2022-11-23T12:19:23.0280340-05:00" testType="13cdc9d9-ddb5-4fa4-a97d-d965ccfc6d4b" outcome="Passed" testListId="8c84fa94-04c1-424b-9868-57a2d4851a1d" relativeResultsDirectory="6c76c179-1f5b-4b4c-a7af-523ba300c301" />
    <UnitTestResult executionId="13810d9b-aea7-46bc-a6b1-522f6de3c0d5" testId="06d185b1-8e0c-2b9c-5317-e602212f73e4" testName="ThenCanReadIndividualResultsFromScenarioOutline_MultipleNamedExamples_ShouldMatchExamples" computerName="ERICCARLSONBBE6" duration="00:00:00.0080520" startTime="2022-11-23T12:19:23.0612446-05:00" endTime="2022-11-23T12:19:23.0692960-05:00" testType="13cdc9d9-ddb5-4fa4-a97d-d965ccfc6d4b" outcome="Passed" testListId="8c84fa94-04c1-424b-9868-57a2d4851a1d" relativeResultsDirectory="13810d9b-aea7-46bc-a6b1-522f6de3c0d5" />
    <UnitTestResult executionId="45d59980-5c04-4cb0-8cad-79291d27c1e6" testId="81a1abf8-6be1-aea7-389f-5894b71b2368" testName="ThenCanResolveAsSingleton(&quot;results-example-specrun.html&quot;,&quot;SpecRun.results-example-specrun.html&quot;,SpecRun,PicklesDoc.Pickles.TestFrameworks.SpecRun.SpecRunResults)" computerName="ERICCARLSONBBE6" duration="00:00:00.0009460" startTime="2022-11-23T12:19:23.5815516-05:00" endTime="2022-11-23T12:19:23.5824972-05:00" testType="13cdc9d9-ddb5-4fa4-a97d-d965ccfc6d4b" outcome="Passed" testListId="8c84fa94-04c1-424b-9868-57a2d4851a1d" relativeResultsDirectory="45d59980-5c04-4cb0-8cad-79291d27c1e6" />
    <UnitTestResult executionId="f4d58b22-2fba-4af6-9924-456d0900a119" testId="ce027c0e-b7b6-30e8-95b9-9af781c2b3c7" testName="ThenCanReadResultOfScenarioWithSpecialCharacters" computerName="ERICCARLSONBBE6" duration="00:00:00.0024190" startTime="2022-11-23T12:19:22.9773416-05:00" endTime="2022-11-23T12:19:22.9797600-05:00" testType="13cdc9d9-ddb5-4fa4-a97d-d965ccfc6d4b" outcome="Passed" testListId="8c84fa94-04c1-424b-9868-57a2d4851a1d" relativeResultsDirectory="f4d58b22-2fba-4af6-9924-456d0900a119" />
    <UnitTestResult executionId="9af3ff90-587d-4341-97f2-e7f32d9aef99" testId="87211bb6-e48e-1d49-fcdf-06cad7d36de4" testName="ThenCanReadIndividualResultsFromScenarioOutline_MultipleExampleSections_ShouldBeTestResultFailed" computerName="ERICCARLSONBBE6" duration="00:00:00.0031240" startTime="2022-11-23T12:19:23.6831841-05:00" endTime="2022-11-23T12:19:23.6863082-05:00" testType="13cdc9d9-ddb5-4fa4-a97d-d965ccfc6d4b" outcome="Passed" testListId="8c84fa94-04c1-424b-9868-57a2d4851a1d" relativeResultsDirectory="9af3ff90-587d-4341-97f2-e7f32d9aef99" />
    <UnitTestResult executionId="a783911f-c5b7-4ace-9ebd-52d52ea3d2da" testId="0586ee37-1679-40ac-d62d-77bb3679488e" testName="ThenCanReadIndividualResultsFromScenarioOutline_OneFailed_ShouldBeTestResultFailed" computerName="ERICCARLSONBBE6" duration="00:00:00.0021800" startTime="2022-11-23T12:19:23.6999299-05:00" endTime="2022-11-23T12:19:23.7021103-05:00" testType="13cdc9d9-ddb5-4fa4-a97d-d965ccfc6d4b" outcome="Passed" testListId="8c84fa94-04c1-424b-9868-57a2d4851a1d" relativeResultsDirectory="a783911f-c5b7-4ace-9ebd-52d52ea3d2da" />
    <UnitTestResult executionId="cbe327e3-2fbf-4e84-9153-0c56329d0916" testId="d7f6d945-38ba-f308-695a-8462453f5d48" testName="ThenCanReadIndividualResultsFromScenarioOutline_MultipleNamedExamplesWithDuplicateValues_ShouldMatchExamples" computerName="ERICCARLSONBBE6" duration="00:00:00.0030360" startTime="2022-11-23T12:19:22.4954991-05:00" endTime="2022-11-23T12:19:22.4985351-05:00" testType="13cdc9d9-ddb5-4fa4-a97d-d965ccfc6d4b" outcome="Passed" testListId="8c84fa94-04c1-424b-9868-57a2d4851a1d" relativeResultsDirectory="cbe327e3-2fbf-4e84-9153-0c56329d0916" />
    <UnitTestResult executionId="7a3a49c7-7772-4f03-9fd4-eb06fdae33e8" testId="d4ee9b79-4196-caa7-d7b1-e48434993a78" testName="ThenCanReadIndividualResultsFromScenarioOutline_ExamplesWithDuplicateValues_ShouldMatchExamples" computerName="ERICCARLSONBBE6" duration="00:00:00.0023600" startTime="2022-11-23T12:19:23.0538152-05:00" endTime="2022-11-23T12:19:23.0561752-05:00" testType="13cdc9d9-ddb5-4fa4-a97d-d965ccfc6d4b" outcome="Passed" testListId="8c84fa94-04c1-424b-9868-57a2d4851a1d" relativeResultsDirectory="7a3a49c7-7772-4f03-9fd4-eb06fdae33e8" />
    <UnitTestResult executionId="c419b15c-6054-4ddb-a6d6-1d450388a269" testId="63c783d3-cd4f-c315-c316-5735ac8dfa26" testName="ThenCanReadFailedFeatureResultSuccessfully" computerName="ERICCARLSONBBE6" duration="00:00:00.0005130" startTime="2022-11-23T12:19:22.8440907-05:00" endTime="2022-11-23T12:19:22.8446036-05:00" testType="13cdc9d9-ddb5-4fa4-a97d-d965ccfc6d4b" outcome="Passed" testListId="8c84fa94-04c1-424b-9868-57a2d4851a1d" relativeResultsDirectory="c419b15c-6054-4ddb-a6d6-1d450388a269" />
    <UnitTestResult executionId="f19546ab-49b7-46fa-8df6-45510d64a831" testId="5cb8adb0-f986-570a-997c-7c2904e5d79c" testName="ThenCanResolve(&quot;results-example-mstest.trx&quot;,&quot;MsTest.results-example-mstest.trx&quot;,MsTest,PicklesDoc.Pickles.TestFrameworks.MsTest.MsTestResults)" computerName="ERICCARLSONBBE6" duration="00:00:00.0042700" startTime="2022-11-23T12:19:23.4964925-05:00" endTime="2022-11-23T12:19:23.5007618-05:00" testType="13cdc9d9-ddb5-4fa4-a97d-d965ccfc6d4b" outcome="Passed" testListId="8c84fa94-04c1-424b-9868-57a2d4851a1d" relativeResultsDirectory="f19546ab-49b7-46fa-8df6-45510d64a831" />
    <UnitTestResult executionId="591e5c9b-8c97-494d-9c99-aac97b16584c" testId="c129ca2d-465d-f65c-dd70-3e713e975538" testName="ThenCanReadInconclusiveScenarioResultSuccessfully" computerName="ERICCARLSONBBE6" duration="00:00:00.0022010" startTime="2022-11-23T12:19:22.3961155-05:00" endTime="2022-11-23T12:19:22.3983161-05:00" testType="13cdc9d9-ddb5-4fa4-a97d-d965ccfc6d4b" outcome="Passed" testListId="8c84fa94-04c1-424b-9868-57a2d4851a1d" relativeResultsDirectory="591e5c9b-8c97-494d-9c99-aac97b16584c" />
    <UnitTestResult executionId="2a897c84-b86a-4562-9127-dd08206e2cb5" testId="e41e37c8-c167-4d5a-947f-916a5e4f0a98" testName="ThenCanReadIgnoredScenarioResultSuccessfully" computerName="ERICCARLSONBBE6" duration="00:00:00.0066520" startTime="2022-11-23T12:19:23.3327393-05:00" endTime="2022-11-23T12:19:23.3393914-05:00" testType="13cdc9d9-ddb5-4fa4-a97d-d965ccfc6d4b" outcome="Passed" testListId="8c84fa94-04c1-424b-9868-57a2d4851a1d" relativeResultsDirectory="2a897c84-b86a-4562-9127-dd08206e2cb5" />
    <UnitTestResult executionId="4f9e93f4-8e77-48de-936d-d6da399354e9" testId="cff9ba3d-2dbc-742f-d119-8f20ec27c96a" testName="ThenCanReadIndividualResultsFromScenarioOutline_MultipleExamplesWithDuplicateValues_ShouldMatchExamples" computerName="ERICCARLSONBBE6" duration="00:00:00.0089900" startTime="2022-11-23T12:19:23.4567993-05:00" endTime="2022-11-23T12:19:23.4657893-05:00" testType="13cdc9d9-ddb5-4fa4-a97d-d965ccfc6d4b" outcome="Passed" testListId="8c84fa94-04c1-424b-9868-57a2d4851a1d" relativeResultsDirectory="4f9e93f4-8e77-48de-936d-d6da399354e9" />
    <UnitTestResult executionId="4310ccfd-d520-4609-ac05-f9ac0e7bb08a" testId="c7e76d21-7d2a-305a-821d-d13e50bc910e" testName="ThenCanReadExamplesWithLongExampleValues" computerName="ERICCARLSONBBE6" duration="00:00:00.0019840" startTime="2022-11-23T12:19:23.0415525-05:00" endTime="2022-11-23T12:19:23.0435365-05:00" testType="13cdc9d9-ddb5-4fa4-a97d-d965ccfc6d4b" outcome="Passed" testListId="8c84fa94-04c1-424b-9868-57a2d4851a1d" relativeResultsDirectory="4310ccfd-d520-4609-ac05-f9ac0e7bb08a" />
    <UnitTestResult executionId="82ec6aea-5136-4606-911e-77c4ad2e5816" testId="cb84e372-0db4-cadb-ea5a-8162f8875b13" testName="ThenCanReadIndividualResultsFromScenarioOutline_OneFailed_ShouldBeTestResultFailed" computerName="ERICCARLSONBBE6" duration="00:00:00.0173020" startTime="2022-11-23T12:19:24.0482803-05:00" endTime="2022-11-23T12:19:24.0655817-05:00" testType="13cdc9d9-ddb5-4fa4-a97d-d965ccfc6d4b" outcome="Passed" testListId="8c84fa94-04c1-424b-9868-57a2d4851a1d" relativeResultsDirectory="82ec6aea-5136-4606-911e-77c4ad2e5816" />
    <UnitTestResult executionId="09270f26-5bea-48f3-a25c-c9a436eca7a0" testId="5202701f-df81-3f07-3fd3-41cc028b9321" testName="ThenCanReadResultOfScenarioOutlineWithFailingBackground" computerName="ERICCARLSONBBE6" duration="00:00:00.0079850" startTime="2022-11-23T12:19:22.4226312-05:00" endTime="2022-11-23T12:19:22.4306158-05:00" testType="13cdc9d9-ddb5-4fa4-a97d-d965ccfc6d4b" outcome="Passed" testListId="8c84fa94-04c1-424b-9868-57a2d4851a1d" relativeResultsDirectory="09270f26-5bea-48f3-a25c-c9a436eca7a0" />
    <UnitTestResult executionId="16adb58e-18b5-43a5-829b-db87e12a51c6" testId="286050a7-100a-f742-a554-97960a8416b4" testName="ThenCanReadIndividualResultsFromScenarioOutline_MultipleNamedExamples_ShouldMatchExamples" computerName="ERICCARLSONBBE6" duration="00:00:00.0037290" startTime="2022-11-23T12:19:22.8165506-05:00" endTime="2022-11-23T12:19:22.8202797-05:00" testType="13cdc9d9-ddb5-4fa4-a97d-d965ccfc6d4b" outcome="Passed" testListId="8c84fa94-04c1-424b-9868-57a2d4851a1d" relativeResultsDirectory="16adb58e-18b5-43a5-829b-db87e12a51c6" />
    <UnitTestResult executionId="db63b9ee-a0fb-4ab8-9f3a-d9150f446ae7" testId="22ff405e-4e4b-ec94-1d81-69603bb819cf" testName="ThenCanReadPassedFeatureResultSuccessfully" computerName="ERICCARLSONBBE6" duration="00:00:00.0022810" startTime="2022-11-23T12:19:23.3550756-05:00" endTime="2022-11-23T12:19:23.3573562-05:00" testType="13cdc9d9-ddb5-4fa4-a97d-d965ccfc6d4b" outcome="Passed" testListId="8c84fa94-04c1-424b-9868-57a2d4851a1d" relativeResultsDirectory="db63b9ee-a0fb-4ab8-9f3a-d9150f446ae7" />
    <UnitTestResult executionId="716573b4-e3fe-4007-9299-712914e98721" testId="c2c6b748-9b14-6f0a-0f8d-8c173d1905eb" testName="ThenCanReadIndividualResultsFromScenarioOutline_MultipleNamedExamplesWithDuplicateValues_ShouldMatchExamples" computerName="ERICCARLSONBBE6" duration="00:00:00.0039650" startTime="2022-11-23T12:19:22.8203092-05:00" endTime="2022-11-23T12:19:22.8242738-05:00" testType="13cdc9d9-ddb5-4fa4-a97d-d965ccfc6d4b" outcome="Passed" testListId="8c84fa94-04c1-424b-9868-57a2d4851a1d" relativeResultsDirectory="716573b4-e3fe-4007-9299-712914e98721" />
    <UnitTestResult executionId="5c88f1fe-0596-4294-9d15-344ce0c881d3" testId="8f98acd7-c84b-a7f7-fb7f-0412075549d6" testName="ThenCanSuccessfullyMatchExamplesWithLongValues" computerName="ERICCARLSONBBE6" duration="00:00:00.0007700" startTime="2022-11-23T12:19:22.9287479-05:00" endTime="2022-11-23T12:19:22.9295174-05:00" testType="13cdc9d9-ddb5-4fa4-a97d-d965ccfc6d4b" outcome="Passed" testListId="8c84fa94-04c1-424b-9868-57a2d4851a1d" relativeResultsDirectory="5c88f1fe-0596-4294-9d15-344ce0c881d3" />
    <UnitTestResult executionId="133f5bb4-c0e2-4be6-95fc-093906f1c7ab" testId="9553bcf1-c46a-a9e1-ecea-160af9ebe5b9" testName="ThenCanReadSuccessfulScenarioResultSuccessfully" computerName="ERICCARLSONBBE6" duration="00:00:00.0022659" startTime="2022-11-23T12:19:22.5921730-05:00" endTime="2022-11-23T12:19:22.5944390-05:00" testType="13cdc9d9-ddb5-4fa4-a97d-d965ccfc6d4b" outcome="Passed" testListId="8c84fa94-04c1-424b-9868-57a2d4851a1d" relativeResultsDirectory="133f5bb4-c0e2-4be6-95fc-093906f1c7ab" />
    <UnitTestResult executionId="7396696e-8cdd-4c43-93df-15a525ca281a" testId="bfcb74b4-5613-466e-636e-46588ff6d874" testName="ThenCanReadResultOfScenarioWithSpanishCharacters" computerName="ERICCARLSONBBE6" duration="00:00:00.0016170" startTime="2022-11-23T12:19:22.8988334-05:00" endTime="2022-11-23T12:19:22.9004505-05:00" testType="13cdc9d9-ddb5-4fa4-a97d-d965ccfc6d4b" outcome="Passed" testListId="8c84fa94-04c1-424b-9868-57a2d4851a1d" relativeResultsDirectory="7396696e-8cdd-4c43-93df-15a525ca281a" />
    <UnitTestResult executionId="dc847ba2-419a-4002-9ba3-2bd8e5f64c0c" testId="ca7c5320-b258-ec0a-0209-15c9a535c03a" testName="ThenCanReadIndividualResultsFromScenarioOutline_MultipleExamplesWithDuplicateValues_ShouldMatchExamples" computerName="ERICCARLSONBBE6" duration="00:00:00.0072530" startTime="2022-11-23T12:19:22.6122803-05:00" endTime="2022-11-23T12:19:22.6195332-05:00" testType="13cdc9d9-ddb5-4fa4-a97d-d965ccfc6d4b" outcome="Passed" testListId="8c84fa94-04c1-424b-9868-57a2d4851a1d" relativeResultsDirectory="dc847ba2-419a-4002-9ba3-2bd8e5f64c0c" />
    <UnitTestResult executionId="4e98cc02-cda8-4174-8440-d28fbc5aff13" testId="11042bfa-6f03-b286-ef0b-94ab219837bb" testName="ThenCanReadIndividualResultsFromScenarioOutline_MultipleNamedExamplesWithDuplicateValues_ShouldMatchExamples" computerName="ERICCARLSONBBE6" duration="00:00:00.0023420" startTime="2022-11-23T12:19:22.6219763-05:00" endTime="2022-11-23T12:19:22.6243179-05:00" testType="13cdc9d9-ddb5-4fa4-a97d-d965ccfc6d4b" outcome="Passed" testListId="8c84fa94-04c1-424b-9868-57a2d4851a1d" relativeResultsDirectory="4e98cc02-cda8-4174-8440-d28fbc5aff13" />
    <UnitTestResult executionId="617cde04-4be0-40bf-8eb7-c18f954c6376" testId="086f68bd-b3fd-894f-d1fe-0dbb71a51984" testName="ThenCanReadNotFoundScenarioCorrectly" computerName="ERICCARLSONBBE6" duration="00:00:00.0019910" startTime="2022-11-23T12:19:23.6200400-05:00" endTime="2022-11-23T12:19:23.6220308-05:00" testType="13cdc9d9-ddb5-4fa4-a97d-d965ccfc6d4b" outcome="Passed" testListId="8c84fa94-04c1-424b-9868-57a2d4851a1d" relativeResultsDirectory="617cde04-4be0-40bf-8eb7-c18f954c6376" />
    <UnitTestResult executionId="8e930172-c610-460c-ae21-b507a66c038a" testId="b35efadf-d298-a3ae-5e0d-2f5be75318ec" testName="ThenCanResolveAsSingleton(&quot;results-example-json.json&quot;,&quot;CucumberJson.results-example-json.json&quot;,CucumberJson,PicklesDoc.Pickles.TestFrameworks.CucumberJson.CucumberJsonResults)" computerName="ERICCARLSONBBE6" duration="00:00:00.0020180" startTime="2022-11-23T12:19:23.5795040-05:00" endTime="2022-11-23T12:19:23.5815223-05:00" testType="13cdc9d9-ddb5-4fa4-a97d-d965ccfc6d4b" outcome="Passed" testListId="8c84fa94-04c1-424b-9868-57a2d4851a1d" relativeResultsDirectory="8e930172-c610-460c-ae21-b507a66c038a" />
    <UnitTestResult executionId="f77177d4-4f34-4e1b-b3f2-8e7a8f90b230" testId="d09ead03-57a4-a7c5-33ac-18bdf2ed785e" testName="ThenCanReadResultOfScenarioOutlineWithSpecialCharacters" computerName="ERICCARLSONBBE6" duration="00:00:00.0019920" startTime="2022-11-23T12:19:23.0182562-05:00" endTime="2022-11-23T12:19:23.0202480-05:00" testType="13cdc9d9-ddb5-4fa4-a97d-d965ccfc6d4b" outcome="Passed" testListId="8c84fa94-04c1-424b-9868-57a2d4851a1d" relativeResultsDirectory="f77177d4-4f34-4e1b-b3f2-8e7a8f90b230" />
    <UnitTestResult executionId="3e3e0795-0090-45a4-8e68-6475f1e43af2" testId="8acd974b-58e6-d71d-65a7-9fcbeabcb975" testName="ThenCanReadFeatureResultSuccessfully" computerName="ERICCARLSONBBE6" duration="00:00:00.0035440" startTime="2022-11-23T12:19:22.6640479-05:00" endTime="2022-11-23T12:19:22.6675915-05:00" testType="13cdc9d9-ddb5-4fa4-a97d-d965ccfc6d4b" outcome="Passed" testListId="8c84fa94-04c1-424b-9868-57a2d4851a1d" relativeResultsDirectory="3e3e0795-0090-45a4-8e68-6475f1e43af2" />
    <UnitTestResult executionId="e13a86bf-b30f-4269-8e2e-593758d75e3c" testId="fa2fb9d9-01c1-922c-5d5a-386819eb8668" testName="ThenCanReadExamplesWithLongExampleValues" computerName="ERICCARLSONBBE6" duration="00:00:00.0020860" startTime="2022-11-23T12:19:22.4696332-05:00" endTime="2022-11-23T12:19:22.4717198-05:00" testType="13cdc9d9-ddb5-4fa4-a97d-d965ccfc6d4b" outcome="Passed" testListId="8c84fa94-04c1-424b-9868-57a2d4851a1d" relativeResultsDirectory="e13a86bf-b30f-4269-8e2e-593758d75e3c" />
    <UnitTestResult executionId="82da8076-7bff-4c45-89b3-499282b15794" testId="cf93dd1e-782f-a497-0561-e7df285ec6b5" testName="ThenCanReadExamplesWithRegexValuesFromScenarioOutline_ShouldBeTestResultPassed" computerName="ERICCARLSONBBE6" duration="00:00:00.0716530" startTime="2022-11-23T12:19:23.7851237-05:00" endTime="2022-11-23T12:19:23.8567764-05:00" testType="13cdc9d9-ddb5-4fa4-a97d-d965ccfc6d4b" outcome="Passed" testListId="8c84fa94-04c1-424b-9868-57a2d4851a1d" relativeResultsDirectory="82da8076-7bff-4c45-89b3-499282b15794" />
    <UnitTestResult executionId="b270c7b3-4253-4e1d-be6e-b6313089a089" testId="8d94802d-53d7-d3b2-047f-ec9d0a5e3623" testName="ThenCanResolve(&quot;results-example-nunit3.xml&quot;,&quot;NUnit.NUnit3.results-example-nunit3.xml&quot;,NUnit3,PicklesDoc.Pickles.TestFrameworks.NUnit.NUnit3.NUnit3Results)" computerName="ERICCARLSONBBE6" duration="00:00:00.0023570" startTime="2022-11-23T12:19:23.5024494-05:00" endTime="2022-11-23T12:19:23.5048065-05:00" testType="13cdc9d9-ddb5-4fa4-a97d-d965ccfc6d4b" outcome="Passed" testListId="8c84fa94-04c1-424b-9868-57a2d4851a1d" relativeResultsDirectory="b270c7b3-4253-4e1d-be6e-b6313089a089" />
    <UnitTestResult executionId="d08e6462-7e94-40d9-a613-205213bdb53e" testId="25b79e49-f078-c9d3-fc26-60ff43e1f658" testName="ThenCanResolveAsSingleton(&quot;results-example-xunit.xml&quot;,&quot;XUnit.XUnit1.results-example-xunit.xml&quot;,XUnit1,PicklesDoc.Pickles.TestFrameworks.XUnit.XUnit1.XUnit1Results)" computerName="ERICCARLSONBBE6" duration="00:00:00.0018050" startTime="2022-11-23T12:19:23.5758758-05:00" endTime="2022-11-23T12:19:23.5776803-05:00" testType="13cdc9d9-ddb5-4fa4-a97d-d965ccfc6d4b" outcome="Passed" testListId="8c84fa94-04c1-424b-9868-57a2d4851a1d" relativeResultsDirectory="d08e6462-7e94-40d9-a613-205213bdb53e" />
    <UnitTestResult executionId="31320c4a-a162-4a00-b9ca-18e6d873be73" testId="76480529-7b76-e863-86e1-c858751ba287" testName="ThenCanReadResultOfFeatureWithFailingBackground" computerName="ERICCARLSONBBE6" duration="00:00:00.0068820" startTime="2022-11-23T12:19:23.3573797-05:00" endTime="2022-11-23T12:19:23.3642613-05:00" testType="13cdc9d9-ddb5-4fa4-a97d-d965ccfc6d4b" outcome="Passed" testListId="8c84fa94-04c1-424b-9868-57a2d4851a1d" relativeResultsDirectory="31320c4a-a162-4a00-b9ca-18e6d873be73" />
    <UnitTestResult executionId="1dc222e4-05c4-433f-8f3f-ef4deaf991f2" testId="6bd493a3-ac41-907d-ed2a-363507596529" testName="ThenCanReadIndividualResultsFromScenarioOutline_MultipleExamplesWithDuplicateValues_ShouldMatchExamples" computerName="ERICCARLSONBBE6" duration="00:00:00.0024510" startTime="2022-11-23T12:19:22.9177953-05:00" endTime="2022-11-23T12:19:22.9202462-05:00" testType="13cdc9d9-ddb5-4fa4-a97d-d965ccfc6d4b" outcome="Passed" testListId="8c84fa94-04c1-424b-9868-57a2d4851a1d" relativeResultsDirectory="1dc222e4-05c4-433f-8f3f-ef4deaf991f2" />
    <UnitTestResult executionId="80c09ae5-297c-42bc-ad02-b08619dbd3a2" testId="0b31d2fc-41d9-baed-8aab-114ee6aaff9e" testName="RegularExpressionAsExampleContentMatches_With_Angle_Brackets" computerName="ERICCARLSONBBE6" duration="00:00:00.0002650" startTime="2022-11-23T12:19:23.7047602-05:00" endTime="2022-11-23T12:19:23.7050255-05:00" testType="13cdc9d9-ddb5-4fa4-a97d-d965ccfc6d4b" outcome="Passed" testListId="8c84fa94-04c1-424b-9868-57a2d4851a1d" relativeResultsDirectory="80c09ae5-297c-42bc-ad02-b08619dbd3a2" />
    <UnitTestResult executionId="cec496e0-b06d-4714-bf9a-0676f01fffd7" testId="789bb7c5-38de-ac73-095d-7a54a206a4c4" testName="ThenCanReadResultOfScenarioWithSpanishCharacters" computerName="ERICCARLSONBBE6" duration="00:00:00.0017600" startTime="2022-11-23T12:19:23.7484778-05:00" endTime="2022-11-23T12:19:23.7502372-05:00" testType="13cdc9d9-ddb5-4fa4-a97d-d965ccfc6d4b" outcome="Passed" testListId="8c84fa94-04c1-424b-9868-57a2d4851a1d" relativeResultsDirectory="cec496e0-b06d-4714-bf9a-0676f01fffd7" />
    <UnitTestResult executionId="62eae2f5-9695-4eda-9723-d671ddb75cba" testId="06a88817-6ff8-d8d0-0cd7-9f4aa269e975" testName="ThenCanReadSuccessfulScenarioResultSuccessfully" computerName="ERICCARLSONBBE6" duration="00:00:00.0019870" startTime="2022-11-23T12:19:23.0363510-05:00" endTime="2022-11-23T12:19:23.0383382-05:00" testType="13cdc9d9-ddb5-4fa4-a97d-d965ccfc6d4b" outcome="Passed" testListId="8c84fa94-04c1-424b-9868-57a2d4851a1d" relativeResultsDirectory="62eae2f5-9695-4eda-9723-d671ddb75cba" />
    <UnitTestResult executionId="1db7a150-5bd8-4609-a112-3c169ca1a3c6" testId="fb45c14f-031e-2628-e205-53c6379c578f" testName="GetFeatureResult_OnePassingOneInconclusive_ReturnsPassed" computerName="ERICCARLSONBBE6" duration="00:00:00.0002470" startTime="2022-11-23T12:19:23.2693522-05:00" endTime="2022-11-23T12:19:23.2695987-05:00" testType="13cdc9d9-ddb5-4fa4-a97d-d965ccfc6d4b" outcome="Passed" testListId="8c84fa94-04c1-424b-9868-57a2d4851a1d" relativeResultsDirectory="1db7a150-5bd8-4609-a112-3c169ca1a3c6" />
    <UnitTestResult executionId="58b15698-0dfc-4e0c-aa94-86258839fe90" testId="ff3d2d05-1397-0038-c496-c12b7435aaee" testName="ThenCanReadExamplesWithLongExampleValues" computerName="ERICCARLSONBBE6" duration="00:00:00.0004780" startTime="2022-11-23T12:19:23.3002375-05:00" endTime="2022-11-23T12:19:23.3007161-05:00" testType="13cdc9d9-ddb5-4fa4-a97d-d965ccfc6d4b" outcome="Passed" testListId="8c84fa94-04c1-424b-9868-57a2d4851a1d" relativeResultsDirectory="58b15698-0dfc-4e0c-aa94-86258839fe90" />
    <UnitTestResult executionId="a535fdf8-75ac-4fbb-a31d-1762c97d37ef" testId="26745cdf-54c9-6722-4605-f8b66ff30e43" testName="ThenCanReadResultOfScenarioOutlineWithSpecialCharacters" computerName="ERICCARLSONBBE6" duration="00:00:00.0018120" startTime="2022-11-23T12:19:22.9587659-05:00" endTime="2022-11-23T12:19:22.9605780-05:00" testType="13cdc9d9-ddb5-4fa4-a97d-d965ccfc6d4b" outcome="Passed" testListId="8c84fa94-04c1-424b-9868-57a2d4851a1d" relativeResultsDirectory="a535fdf8-75ac-4fbb-a31d-1762c97d37ef" />
    <UnitTestResult executionId="f069cba4-eeea-4423-bd8a-f191907b79f7" testId="ac0a91f2-dd7a-5fc1-8193-eac940cd0656" testName="ThenCanReadSuccessfulScenarioResultSuccessfully" computerName="ERICCARLSONBBE6" duration="00:00:00.0013950" startTime="2022-11-23T12:19:22.9078145-05:00" endTime="2022-11-23T12:19:22.9092092-05:00" testType="13cdc9d9-ddb5-4fa4-a97d-d965ccfc6d4b" outcome="Passed" testListId="8c84fa94-04c1-424b-9868-57a2d4851a1d" relativeResultsDirectory="f069cba4-eeea-4423-bd8a-f191907b79f7" />
    <UnitTestResult executionId="3ba22e5a-3ad4-4a89-85d6-bfff2d207e04" testId="2fbca240-d73e-90fe-fa10-66a717472df8" testName="RegularExpressionAsExampleContentMatches_With_FullStop_And_Asterisk" computerName="ERICCARLSONBBE6" duration="00:00:00.0005080" startTime="2022-11-23T12:19:23.7067032-05:00" endTime="2022-11-23T12:19:23.7072106-05:00" testType="13cdc9d9-ddb5-4fa4-a97d-d965ccfc6d4b" outcome="Passed" testListId="8c84fa94-04c1-424b-9868-57a2d4851a1d" relativeResultsDirectory="3ba22e5a-3ad4-4a89-85d6-bfff2d207e04" />
    <UnitTestResult executionId="4bd4e253-7ada-41a8-8160-adf8c2596764" testId="8fac2b79-9e79-56e1-c8b9-dbffbd82ae43" testName="ThenCanReadExamplesWithRegexValuesFromScenarioOutline_ShouldBeTestResultPassed" computerName="ERICCARLSONBBE6" duration="00:00:00.0152410" startTime="2022-11-23T12:19:23.6628111-05:00" endTime="2022-11-23T12:19:23.6780513-05:00" testType="13cdc9d9-ddb5-4fa4-a97d-d965ccfc6d4b" outcome="Passed" testListId="8c84fa94-04c1-424b-9868-57a2d4851a1d" relativeResultsDirectory="4bd4e253-7ada-41a8-8160-adf8c2596764" />
    <UnitTestResult executionId="250ae8ea-d5df-47b5-a6ee-72f1a96026cf" testId="bdb55858-84b2-f69a-3f3e-7530e9bd9a2f" testName="ThenCanReadIndividualResultsFromScenarioOutline_ExamplesWithDuplicateValues_ShouldMatchExamples" computerName="ERICCARLSONBBE6" duration="00:00:00.0030469" startTime="2022-11-23T12:19:23.4485705-05:00" endTime="2022-11-23T12:19:23.4516171-05:00" testType="13cdc9d9-ddb5-4fa4-a97d-d965ccfc6d4b" outcome="Passed" testListId="8c84fa94-04c1-424b-9868-57a2d4851a1d" relativeResultsDirectory="250ae8ea-d5df-47b5-a6ee-72f1a96026cf" />
    <UnitTestResult executionId="11617d1f-a3d6-4b0d-afae-2a8201492352" testId="3912834e-3d92-476d-bcd0-c1ca3109cfb6" testName="ThenCanReadResultOfScenarioOutlineWithAmpersand" computerName="ERICCARLSONBBE6" duration="00:00:00.0032620" startTime="2022-11-23T12:19:22.7120466-05:00" endTime="2022-11-23T12:19:22.7153082-05:00" testType="13cdc9d9-ddb5-4fa4-a97d-d965ccfc6d4b" outcome="Passed" testListId="8c84fa94-04c1-424b-9868-57a2d4851a1d" relativeResultsDirectory="11617d1f-a3d6-4b0d-afae-2a8201492352" />
    <UnitTestResult executionId="7eac7846-d2e8-4431-8675-f7764ee74a9a" testId="8237b5ca-ec4b-2f2b-c709-52a921fafd5c" testName="ThenCanReadResultOfScenarioWithSpanishCharacters" computerName="ERICCARLSONBBE6" duration="00:00:00.0026840" startTime="2022-11-23T12:19:23.4077466-05:00" endTime="2022-11-23T12:19:23.4104307-05:00" testType="13cdc9d9-ddb5-4fa4-a97d-d965ccfc6d4b" outcome="Passed" testListId="8c84fa94-04c1-424b-9868-57a2d4851a1d" relativeResultsDirectory="7eac7846-d2e8-4431-8675-f7764ee74a9a" />
    <UnitTestResult executionId="5c853c3f-9190-46f3-aed5-271978987d00" testId="70bec1df-5a68-44f4-dc37-08e0c2b5dd45" testName="GetScenarioResult_OnePassingOneFailing_ReturnsFailed" computerName="ERICCARLSONBBE6" duration="00:00:00.0001890" startTime="2022-11-23T12:19:23.2723558-05:00" endTime="2022-11-23T12:19:23.2725451-05:00" testType="13cdc9d9-ddb5-4fa4-a97d-d965ccfc6d4b" outcome="Passed" testListId="8c84fa94-04c1-424b-9868-57a2d4851a1d" relativeResultsDirectory="5c853c3f-9190-46f3-aed5-271978987d00" />
    <UnitTestResult executionId="8921dc02-8183-4a57-b53f-d44f551ac9b8" testId="98e742b5-a9e8-df93-45b6-fa0d531caa6b" testName="TestResultsFileIsMessingElementsForAFeature_ShouldReturnInconclusive" computerName="ERICCARLSONBBE6" duration="00:00:00.0004710" startTime="2022-11-23T12:19:22.5081219-05:00" endTime="2022-11-23T12:19:22.5085932-05:00" testType="13cdc9d9-ddb5-4fa4-a97d-d965ccfc6d4b" outcome="Passed" testListId="8c84fa94-04c1-424b-9868-57a2d4851a1d" relativeResultsDirectory="8921dc02-8183-4a57-b53f-d44f551ac9b8" />
    <UnitTestResult executionId="0277dc9e-1a76-4222-8245-802858465b1c" testId="43af3814-604d-ceff-d278-6fdeab109940" testName="GetScenarioResult_OnePassingOneInconclusive_ReturnsPassed" computerName="ERICCARLSONBBE6" duration="00:00:00.0002290" startTime="2022-11-23T12:19:23.2725861-05:00" endTime="2022-11-23T12:19:23.2728151-05:00" testType="13cdc9d9-ddb5-4fa4-a97d-d965ccfc6d4b" outcome="Passed" testListId="8c84fa94-04c1-424b-9868-57a2d4851a1d" relativeResultsDirectory="0277dc9e-1a76-4222-8245-802858465b1c" />
    <UnitTestResult executionId="40195fd1-5987-4fdc-af34-4b597ac8d0b6" testId="ec80a51d-21e0-d5fc-5b4e-aaa2b87640b8" testName="ThenCanReadIndividualResultsFromScenarioOutline_AllPass_ShouldBeTestResultPassed" computerName="ERICCARLSONBBE6" duration="00:00:00.0179300" startTime="2022-11-23T12:19:23.8568111-05:00" endTime="2022-11-23T12:19:23.8747405-05:00" testType="13cdc9d9-ddb5-4fa4-a97d-d965ccfc6d4b" outcome="Passed" testListId="8c84fa94-04c1-424b-9868-57a2d4851a1d" relativeResultsDirectory="40195fd1-5987-4fdc-af34-4b597ac8d0b6" />
    <UnitTestResult executionId="9740204a-916c-4e07-b3ff-c09478ea0591" testId="62d8a504-87cb-5ba7-c255-1d3c38bd41a0" testName="ThenCanReadResultOfScenarioOutlineWithAmpersand" computerName="ERICCARLSONBBE6" duration="00:00:00.0018770" startTime="2022-11-23T12:19:22.9546568-05:00" endTime="2022-11-23T12:19:22.9565342-05:00" testType="13cdc9d9-ddb5-4fa4-a97d-d965ccfc6d4b" outcome="Passed" testListId="8c84fa94-04c1-424b-9868-57a2d4851a1d" relativeResultsDirectory="9740204a-916c-4e07-b3ff-c09478ea0591" />
    <UnitTestResult executionId="786d606a-88f9-4241-8384-83592fcb2349" testId="d39a468f-9980-5d97-4555-244415136c85" testName="ThenCanReadExamplesWithRegexValuesFromScenarioOutline_ShouldBeTestResultPassed" computerName="ERICCARLSONBBE6" duration="00:00:00.0071270" startTime="2022-11-23T12:19:22.5971579-05:00" endTime="2022-11-23T12:19:22.6042847-05:00" testType="13cdc9d9-ddb5-4fa4-a97d-d965ccfc6d4b" outcome="Passed" testListId="8c84fa94-04c1-424b-9868-57a2d4851a1d" relativeResultsDirectory="786d606a-88f9-4241-8384-83592fcb2349" />
    <UnitTestResult executionId="5bc39e73-adb2-422d-989d-ea512977ab4e" testId="f433ab30-ec94-3266-329c-2d06d086eb91" testName="ThenCanReadResultOfScenarioOutlineWithSpecialCharacters" computerName="ERICCARLSONBBE6" duration="00:00:00.0029670" startTime="2022-11-23T12:19:22.4308822-05:00" endTime="2022-11-23T12:19:22.4338490-05:00" testType="13cdc9d9-ddb5-4fa4-a97d-d965ccfc6d4b" outcome="Passed" testListId="8c84fa94-04c1-424b-9868-57a2d4851a1d" relativeResultsDirectory="5bc39e73-adb2-422d-989d-ea512977ab4e" />
    <UnitTestResult executionId="90392536-f4cb-4b16-8a08-1cc69873c72d" testId="62eaccee-691a-dc72-a0c7-fc4bd9bbc8f7" testName="ThenCanReadResultOfScenarioOutlineWithAmpersand" computerName="ERICCARLSONBBE6" duration="00:00:00.0026990" startTime="2022-11-23T12:19:23.6292707-05:00" endTime="2022-11-23T12:19:23.6319691-05:00" testType="13cdc9d9-ddb5-4fa4-a97d-d965ccfc6d4b" outcome="Passed" testListId="8c84fa94-04c1-424b-9868-57a2d4851a1d" relativeResultsDirectory="90392536-f4cb-4b16-8a08-1cc69873c72d" />
    <UnitTestResult executionId="ae6372e7-a272-4bfd-97b8-258d83b181e0" testId="c50cc28e-ba3b-5d96-dbce-01f62e4d3c72" testName="ThenCanReadResultOfScenarioOutlineWithUmlauts" computerName="ERICCARLSONBBE6" duration="00:00:00.0026660" startTime="2022-11-23T12:19:23.6370781-05:00" endTime="2022-11-23T12:19:23.6397439-05:00" testType="13cdc9d9-ddb5-4fa4-a97d-d965ccfc6d4b" outcome="Passed" testListId="8c84fa94-04c1-424b-9868-57a2d4851a1d" relativeResultsDirectory="ae6372e7-a272-4bfd-97b8-258d83b181e0" />
    <UnitTestResult executionId="68af31e2-91eb-408d-a902-5e9f6651ea82" testId="9efd92db-4c9f-0192-da69-654d8f42ce4b" testName="ThenCanReadIndividualResultsFromScenarioOutline_OneInconclusive_ShouldBeTestResultInconclusive" computerName="ERICCARLSONBBE6" duration="00:00:00.0023830" startTime="2022-11-23T12:19:23.0743677-05:00" endTime="2022-11-23T12:19:23.0767504-05:00" testType="13cdc9d9-ddb5-4fa4-a97d-d965ccfc6d4b" outcome="Passed" testListId="8c84fa94-04c1-424b-9868-57a2d4851a1d" relativeResultsDirectory="68af31e2-91eb-408d-a902-5e9f6651ea82" />
    <UnitTestResult executionId="832161ba-0a1a-477b-a80f-08f341443f70" testId="ba610d56-53b0-45dd-63d9-9d6b77e9ef0d" testName="ThenCanReadScenarioOutlineResultSuccessfully" computerName="ERICCARLSONBBE6" duration="00:00:00.0020640" startTime="2022-11-23T12:19:23.0342562-05:00" endTime="2022-11-23T12:19:23.0363198-05:00" testType="13cdc9d9-ddb5-4fa4-a97d-d965ccfc6d4b" outcome="Passed" testListId="8c84fa94-04c1-424b-9868-57a2d4851a1d" relativeResultsDirectory="832161ba-0a1a-477b-a80f-08f341443f70" />
    <UnitTestResult executionId="4a285c7d-83ce-4910-b285-6a0a1875ded0" testId="c6f15296-0fc2-f115-2027-fc75b24fa682" testName="ThenCanReadNotFoundFeatureCorrectly" computerName="ERICCARLSONBBE6" duration="00:00:00.0028840" startTime="2022-11-23T12:19:23.6168367-05:00" endTime="2022-11-23T12:19:23.6197206-05:00" testType="13cdc9d9-ddb5-4fa4-a97d-d965ccfc6d4b" outcome="Passed" testListId="8c84fa94-04c1-424b-9868-57a2d4851a1d" relativeResultsDirectory="4a285c7d-83ce-4910-b285-6a0a1875ded0" />
    <UnitTestResult executionId="4a1a0384-11c4-47f4-a005-85f1e39119b1" testId="60f4f078-0154-b41b-3de6-b38d34b12689" testName="ThenCanReadIndividualResultsFromScenarioOutline_ExamplesWithDuplicateValues_ShouldMatchExamples" computerName="ERICCARLSONBBE6" duration="00:00:00.0246840" startTime="2022-11-23T12:19:23.8748008-05:00" endTime="2022-11-23T12:19:23.8994842-05:00" testType="13cdc9d9-ddb5-4fa4-a97d-d965ccfc6d4b" outcome="Passed" testListId="8c84fa94-04c1-424b-9868-57a2d4851a1d" relativeResultsDirectory="4a1a0384-11c4-47f4-a005-85f1e39119b1" />
    <UnitTestResult executionId="98c0f296-7a8f-4ec2-9a75-5c6465426591" testId="efb45302-0f2f-f7b4-5294-ebcf02624fff" testName="ThenCanReadResultsWithParenthesis" computerName="ERICCARLSONBBE6" duration="00:00:00.0080240" startTime="2022-11-23T12:19:22.7577646-05:00" endTime="2022-11-23T12:19:22.7657888-05:00" testType="13cdc9d9-ddb5-4fa4-a97d-d965ccfc6d4b" outcome="Passed" testListId="8c84fa94-04c1-424b-9868-57a2d4851a1d" relativeResultsDirectory="98c0f296-7a8f-4ec2-9a75-5c6465426591" />
    <UnitTestResult executionId="66a69ec4-b068-48ef-816b-8822cfb115da" testId="dc712ba9-82f8-4816-135c-198a6c843205" testName="ThenCanReadResultOfScenarioWithSpecialCharacters" computerName="ERICCARLSONBBE6" duration="00:00:00.0027180" startTime="2022-11-23T12:19:23.6499262-05:00" endTime="2022-11-23T12:19:23.6526445-05:00" testType="13cdc9d9-ddb5-4fa4-a97d-d965ccfc6d4b" outcome="Passed" testListId="8c84fa94-04c1-424b-9868-57a2d4851a1d" relativeResultsDirectory="66a69ec4-b068-48ef-816b-8822cfb115da" />
    <UnitTestResult executionId="390ab39c-bf5a-4904-9cf0-2d8e56112b5c" testId="ced3616f-3c88-db6e-d1dd-4edc14da40be" testName="ThenCanReadIndividualResultsFromScenarioOutline_AllPass_ShouldBeTestResultPassed" computerName="ERICCARLSONBBE6" duration="00:00:00.0085620" startTime="2022-11-23T12:19:22.7908147-05:00" endTime="2022-11-23T12:19:22.7993761-05:00" testType="13cdc9d9-ddb5-4fa4-a97d-d965ccfc6d4b" outcome="Passed" testListId="8c84fa94-04c1-424b-9868-57a2d4851a1d" relativeResultsDirectory="390ab39c-bf5a-4904-9cf0-2d8e56112b5c" />
    <UnitTestResult executionId="7afdb55f-60d0-4000-982b-9ac882db24c7" testId="0743b053-5f80-39e3-2415-87af7f5a56f8" testName="ThenCanReadResultOfScenarioOutlineExampleWithFailingBackground" computerName="ERICCARLSONBBE6" duration="00:00:00.0052969" startTime="2022-11-23T12:19:23.6239391-05:00" endTime="2022-11-23T12:19:23.6292358-05:00" testType="13cdc9d9-ddb5-4fa4-a97d-d965ccfc6d4b" outcome="Passed" testListId="8c84fa94-04c1-424b-9868-57a2d4851a1d" relativeResultsDirectory="7afdb55f-60d0-4000-982b-9ac882db24c7" />
    <UnitTestResult executionId="039257d2-3088-4d2f-96f2-b342ff67906e" testId="8fd04541-1f43-6b67-271f-30979468cdcb" testName="ThenCanReadResultOfFeatureWithFailingBackground" computerName="ERICCARLSONBBE6" duration="00:00:00.0015790" startTime="2022-11-23T12:19:23.7284791-05:00" endTime="2022-11-23T12:19:23.7300579-05:00" testType="13cdc9d9-ddb5-4fa4-a97d-d965ccfc6d4b" outcome="Passed" testListId="8c84fa94-04c1-424b-9868-57a2d4851a1d" relativeResultsDirectory="039257d2-3088-4d2f-96f2-b342ff67906e" />
    <UnitTestResult executionId="3387e546-6319-4eae-b06b-dfba949878f5" testId="465b8b22-ae43-8771-bab3-c61bdf88be2c" testName="ThenCanReadPassedFeatureResultSuccessfully" computerName="ERICCARLSONBBE6" duration="00:00:00.0027090" startTime="2022-11-23T12:19:22.5418081-05:00" endTime="2022-11-23T12:19:22.5445170-05:00" testType="13cdc9d9-ddb5-4fa4-a97d-d965ccfc6d4b" outcome="Passed" testListId="8c84fa94-04c1-424b-9868-57a2d4851a1d" relativeResultsDirectory="3387e546-6319-4eae-b06b-dfba949878f5" />
    <UnitTestResult executionId="feb77038-cc57-4739-9f9d-729262ae5635" testId="279277b8-c475-1740-4b89-51c71b5e60bc" testName="ThenCanReadResultOfScenarioWithSpecialCharacters" computerName="ERICCARLSONBBE6" duration="00:00:00.0032600" startTime="2022-11-23T12:19:22.7510621-05:00" endTime="2022-11-23T12:19:22.7543218-05:00" testType="13cdc9d9-ddb5-4fa4-a97d-d965ccfc6d4b" outcome="Passed" testListId="8c84fa94-04c1-424b-9868-57a2d4851a1d" relativeResultsDirectory="feb77038-cc57-4739-9f9d-729262ae5635" />
    <UnitTestResult executionId="137794b7-ac66-4090-a0a8-6f3f77c79e48" testId="99f5e557-c1c6-7f3a-33fd-4b0fa5a0fc7b" testName="ThenCanReadResultOfScenarioOutlineWithAmpersand" computerName="ERICCARLSONBBE6" duration="00:00:00.0025280" startTime="2022-11-23T12:19:22.5551710-05:00" endTime="2022-11-23T12:19:22.5576983-05:00" testType="13cdc9d9-ddb5-4fa4-a97d-d965ccfc6d4b" outcome="Passed" testListId="8c84fa94-04c1-424b-9868-57a2d4851a1d" relativeResultsDirectory="137794b7-ac66-4090-a0a8-6f3f77c79e48" />
    <UnitTestResult executionId="7afbff35-0695-43f0-8d82-4fcbe42293ca" testId="5dfc668d-d86b-26a4-226b-e2a6e77eef12" testName="ThenCanReadResultsWithParenthesis" computerName="ERICCARLSONBBE6" duration="00:00:00.0027950" startTime="2022-11-23T12:19:23.4208073-05:00" endTime="2022-11-23T12:19:23.4236021-05:00" testType="13cdc9d9-ddb5-4fa4-a97d-d965ccfc6d4b" outcome="Passed" testListId="8c84fa94-04c1-424b-9868-57a2d4851a1d" relativeResultsDirectory="7afbff35-0695-43f0-8d82-4fcbe42293ca" />
    <UnitTestResult executionId="762ca5de-8a4c-4acd-8602-0b84710dbfa8" testId="9347f5be-5008-ff2d-ab85-8c6415e57b12" testName="ThenCanReadResultOfScenarioOutlineWithUmlauts" computerName="ERICCARLSONBBE6" duration="00:00:00.0019100" startTime="2022-11-23T12:19:23.2911197-05:00" endTime="2022-11-23T12:19:23.2930298-05:00" testType="13cdc9d9-ddb5-4fa4-a97d-d965ccfc6d4b" outcome="Passed" testListId="8c84fa94-04c1-424b-9868-57a2d4851a1d" relativeResultsDirectory="762ca5de-8a4c-4acd-8602-0b84710dbfa8" />
    <UnitTestResult executionId="1a617b3c-062f-4d0d-8d81-74660eccccc0" testId="5178c6a1-917a-63ef-4a44-3f3fa3a4a76b" testName="ThenCanReadIndividualResultsFromScenarioOutline_MultipleExamplesWithDuplicateValues_ShouldMatchExamples" computerName="ERICCARLSONBBE6" duration="00:00:00.0089100" startTime="2022-11-23T12:19:22.8076099-05:00" endTime="2022-11-23T12:19:22.8165192-05:00" testType="13cdc9d9-ddb5-4fa4-a97d-d965ccfc6d4b" outcome="Passed" testListId="8c84fa94-04c1-424b-9868-57a2d4851a1d" relativeResultsDirectory="1a617b3c-062f-4d0d-8d81-74660eccccc0" />
    <UnitTestResult executionId="8bda3939-066b-4c16-a3a6-e8c4176ea970" testId="20095e8b-1aec-bdd5-2c64-cc198f7229e3" testName="ThenCanReadIndividualResultsFromScenarioOutline_OneInconclusive_ShouldBeTestResultInconclusive" computerName="ERICCARLSONBBE6" duration="00:00:00.0024640" startTime="2022-11-23T12:19:22.6267146-05:00" endTime="2022-11-23T12:19:22.6291783-05:00" testType="13cdc9d9-ddb5-4fa4-a97d-d965ccfc6d4b" outcome="Passed" testListId="8c84fa94-04c1-424b-9868-57a2d4851a1d" relativeResultsDirectory="8bda3939-066b-4c16-a3a6-e8c4176ea970" />
    <UnitTestResult executionId="cab0eab4-2d7a-43bb-a498-fbc646952ad6" testId="d4a217ca-816a-5180-50f8-63455cbe611d" testName="ThenCanReadIndividualResultsFromScenarioOutline_OneFailed_ShouldBeTestResultFailed" computerName="ERICCARLSONBBE6" duration="00:00:00.0014930" startTime="2022-11-23T12:19:22.9236532-05:00" endTime="2022-11-23T12:19:22.9251459-05:00" testType="13cdc9d9-ddb5-4fa4-a97d-d965ccfc6d4b" outcome="Passed" testListId="8c84fa94-04c1-424b-9868-57a2d4851a1d" relativeResultsDirectory="cab0eab4-2d7a-43bb-a498-fbc646952ad6" />
    <UnitTestResult executionId="ab8df96e-208b-4b72-915c-7b987fd66d89" testId="ec063bfd-14dd-1deb-4fd4-311c75309607" testName="ThenCanReadInconclusiveFeatureResultSuccessfully" computerName="ERICCARLSONBBE6" duration="00:00:00.0088530" startTime="2022-11-23T12:19:22.6708437-05:00" endTime="2022-11-23T12:19:22.6796969-05:00" testType="13cdc9d9-ddb5-4fa4-a97d-d965ccfc6d4b" outcome="Passed" testListId="8c84fa94-04c1-424b-9868-57a2d4851a1d" relativeResultsDirectory="ab8df96e-208b-4b72-915c-7b987fd66d89" />
    <UnitTestResult executionId="9671d31f-ab9f-45cf-8796-19a99975ac38" testId="f85689af-bccc-784d-b093-f7a296ae9b10" testName="ThenCanReadResultOfScenarioWithSpecialCharacters" computerName="ERICCARLSONBBE6" duration="00:00:00.0028260" startTime="2022-11-23T12:19:23.4104552-05:00" endTime="2022-11-23T12:19:23.4132814-05:00" testType="13cdc9d9-ddb5-4fa4-a97d-d965ccfc6d4b" outcome="Passed" testListId="8c84fa94-04c1-424b-9868-57a2d4851a1d" relativeResultsDirectory="9671d31f-ab9f-45cf-8796-19a99975ac38" />
    <UnitTestResult executionId="d180c08d-66b6-4a7a-8929-0197c2ec2029" testId="ecd5df6d-1685-a29f-808d-8af5b0a515ad" testName="ThenCanReadIndividualResultsFromScenarioOutline_MultipleExampleSections_ShouldBeTestResultFailed" computerName="ERICCARLSONBBE6" duration="00:00:00.0016890" startTime="2022-11-23T12:19:22.9160642-05:00" endTime="2022-11-23T12:19:22.9177530-05:00" testType="13cdc9d9-ddb5-4fa4-a97d-d965ccfc6d4b" outcome="Passed" testListId="8c84fa94-04c1-424b-9868-57a2d4851a1d" relativeResultsDirectory="d180c08d-66b6-4a7a-8929-0197c2ec2029" />
    <UnitTestResult executionId="11331243-59cc-40c4-a472-54d19dbb8914" testId="91607d23-bc6b-f681-4a48-14272be4cab9" testName="ThenCanReadFeatureResultWithoutThrowingException" computerName="ERICCARLSONBBE6" duration="00:00:00.0056169" startTime="2022-11-23T12:19:22.8377527-05:00" endTime="2022-11-23T12:19:22.8433698-05:00" testType="13cdc9d9-ddb5-4fa4-a97d-d965ccfc6d4b" outcome="Passed" testListId="8c84fa94-04c1-424b-9868-57a2d4851a1d" relativeResultsDirectory="11331243-59cc-40c4-a472-54d19dbb8914" />
    <UnitTestResult executionId="f968d9b7-d558-42da-940e-368b654f41b9" testId="680a57ed-aef7-7627-554b-2ab01bc33ccf" testName="ThenCanReadIndividualResultsFromScenarioOutline_MultipleExamplesWithDuplicateValues_ShouldMatchExamples" computerName="ERICCARLSONBBE6" duration="00:00:00.0359500" startTime="2022-11-23T12:19:23.9523063-05:00" endTime="2022-11-23T12:19:23.9882565-05:00" testType="13cdc9d9-ddb5-4fa4-a97d-d965ccfc6d4b" outcome="Passed" testListId="8c84fa94-04c1-424b-9868-57a2d4851a1d" relativeResultsDirectory="f968d9b7-d558-42da-940e-368b654f41b9" />
    <UnitTestResult executionId="b7b4aee1-234a-4e03-9e41-228b746e23c3" testId="e1b783a4-63da-62c3-ab50-be899fdd79e2" testName="ThenCanReadResultOfScenarioOutlineWithFailingBackground" computerName="ERICCARLSONBBE6" duration="00:00:00.0021840" startTime="2022-11-23T12:19:22.9565581-05:00" endTime="2022-11-23T12:19:22.9587419-05:00" testType="13cdc9d9-ddb5-4fa4-a97d-d965ccfc6d4b" outcome="Passed" testListId="8c84fa94-04c1-424b-9868-57a2d4851a1d" relativeResultsDirectory="b7b4aee1-234a-4e03-9e41-228b746e23c3" />
    <UnitTestResult executionId="c062f334-1c27-46b9-91ae-1962fe5bee7c" testId="66e03bc3-9a1a-bb82-873e-d256b3c27477" testName="ThenCanReadSuccessfulScenarioResultSuccessfully" computerName="ERICCARLSONBBE6" duration="00:00:00.0032920" startTime="2022-11-23T12:19:22.7696093-05:00" endTime="2022-11-23T12:19:22.7729007-05:00" testType="13cdc9d9-ddb5-4fa4-a97d-d965ccfc6d4b" outcome="Passed" testListId="8c84fa94-04c1-424b-9868-57a2d4851a1d" relativeResultsDirectory="c062f334-1c27-46b9-91ae-1962fe5bee7c" />
    <UnitTestResult executionId="20ff26ce-e4fe-470a-bb07-019cd010cd5d" testId="273b19f2-bc2e-0fff-03d9-8e3fde4e1105" testName="ThenIgnoredScenarioIsSetToInconclusive" computerName="ERICCARLSONBBE6" duration="00:00:00.0005490" startTime="2022-11-23T12:19:23.4335864-05:00" endTime="2022-11-23T12:19:23.4341357-05:00" testType="13cdc9d9-ddb5-4fa4-a97d-d965ccfc6d4b" outcome="Passed" testListId="8c84fa94-04c1-424b-9868-57a2d4851a1d" relativeResultsDirectory="20ff26ce-e4fe-470a-bb07-019cd010cd5d" />
    <UnitTestResult executionId="7dc60a77-e470-4f83-b7a2-10814da98cb5" testId="1fdd6646-6375-970a-197e-20c3648dadc9" testName="ThenCanReadResultOfScenarioOutlineExampleWithFailingBackground" computerName="ERICCARLSONBBE6" duration="00:00:00.0161770" startTime="2022-11-23T12:19:23.3642866-05:00" endTime="2022-11-23T12:19:23.3804639-05:00" testType="13cdc9d9-ddb5-4fa4-a97d-d965ccfc6d4b" outcome="Passed" testListId="8c84fa94-04c1-424b-9868-57a2d4851a1d" relativeResultsDirectory="7dc60a77-e470-4f83-b7a2-10814da98cb5" />
    <UnitTestResult executionId="079d905c-da05-461b-983d-10d23aa45211" testId="1b904dc2-8da7-b28a-8a35-1d3fce5defa3" testName="ThenCanReadResultsWithBackslashes" computerName="ERICCARLSONBBE6" duration="00:00:00.0015400" startTime="2022-11-23T12:19:22.9020702-05:00" endTime="2022-11-23T12:19:22.9036099-05:00" testType="13cdc9d9-ddb5-4fa4-a97d-d965ccfc6d4b" outcome="Passed" testListId="8c84fa94-04c1-424b-9868-57a2d4851a1d" relativeResultsDirectory="079d905c-da05-461b-983d-10d23aa45211" />
    <UnitTestResult executionId="348ee426-4241-4d8d-8efa-d723f34edc26" testId="5ba0ef3d-e993-fb04-f50d-80614c1f48e6" testName="ThenCanReadResultsWithParenthesis" computerName="ERICCARLSONBBE6" duration="00:00:00.0019500" startTime="2022-11-23T12:19:23.0322764-05:00" endTime="2022-11-23T12:19:23.0342266-05:00" testType="13cdc9d9-ddb5-4fa4-a97d-d965ccfc6d4b" outcome="Passed" testListId="8c84fa94-04c1-424b-9868-57a2d4851a1d" relativeResultsDirectory="348ee426-4241-4d8d-8efa-d723f34edc26" />
    <UnitTestResult executionId="91803e3c-781b-4a03-a9e5-5a9dd3863824" testId="dd671476-ed2b-7b45-cac8-cb394e9796e3" testName="ThenCanReadResultOfScenarioWithFailingBackground" computerName="ERICCARLSONBBE6" duration="00:00:00.0074630" startTime="2022-11-23T12:19:23.4002560-05:00" endTime="2022-11-23T12:19:23.4077185-05:00" testType="13cdc9d9-ddb5-4fa4-a97d-d965ccfc6d4b" outcome="Passed" testListId="8c84fa94-04c1-424b-9868-57a2d4851a1d" relativeResultsDirectory="91803e3c-781b-4a03-a9e5-5a9dd3863824" />
    <UnitTestResult executionId="0c0c5da4-f0a5-46ec-b008-cbbd6e492ea7" testId="2d61dcee-0012-4326-757b-21eec977f81e" testName="ThenCanReadFailedFeatureResultSuccessfully" computerName="ERICCARLSONBBE6" duration="00:00:00.0076280" startTime="2022-11-23T12:19:23.3190885-05:00" endTime="2022-11-23T12:19:23.3267165-05:00" testType="13cdc9d9-ddb5-4fa4-a97d-d965ccfc6d4b" outcome="Passed" testListId="8c84fa94-04c1-424b-9868-57a2d4851a1d" relativeResultsDirectory="0c0c5da4-f0a5-46ec-b008-cbbd6e492ea7" />
    <UnitTestResult executionId="23befc55-82f3-44fa-a157-f2cc65bede19" testId="ecd9a953-91a9-d4a0-56ca-0eb0a06434eb" testName="ThenCanReadResultsWithBackslashes" computerName="ERICCARLSONBBE6" duration="00:00:00.0074960" startTime="2022-11-23T12:19:22.9797994-05:00" endTime="2022-11-23T12:19:22.9872947-05:00" testType="13cdc9d9-ddb5-4fa4-a97d-d965ccfc6d4b" outcome="Passed" testListId="8c84fa94-04c1-424b-9868-57a2d4851a1d" relativeResultsDirectory="23befc55-82f3-44fa-a157-f2cc65bede19" />
    <UnitTestResult executionId="c2426d4c-56fc-4770-aaa4-602850a28b0f" testId="37561f65-3332-c899-f5ae-4fb0281f2762" testName="ThenCanResolveAsSingleton(&quot;results-example-nunit3.xml&quot;,&quot;NUnit.NUnit3.results-example-nunit3.xml&quot;,NUnit3,PicklesDoc.Pickles.TestFrameworks.NUnit.NUnit3.NUnit3Results)" computerName="ERICCARLSONBBE6" duration="00:00:00.0021940" startTime="2022-11-23T12:19:23.5736525-05:00" endTime="2022-11-23T12:19:23.5758466-05:00" testType="13cdc9d9-ddb5-4fa4-a97d-d965ccfc6d4b" outcome="Passed" testListId="8c84fa94-04c1-424b-9868-57a2d4851a1d" relativeResultsDirectory="c2426d4c-56fc-4770-aaa4-602850a28b0f" />
    <UnitTestResult executionId="8a4163c6-6b00-45ff-a22a-2e3f8c084618" testId="6f8b015e-fbb6-5aab-26fd-c4459351481b" testName="ThenCanReadFailedScenarioResultSuccessfully" computerName="ERICCARLSONBBE6" duration="00:00:00.0083979" startTime="2022-11-23T12:19:22.6556130-05:00" endTime="2022-11-23T12:19:22.6640105-05:00" testType="13cdc9d9-ddb5-4fa4-a97d-d965ccfc6d4b" outcome="Passed" testListId="8c84fa94-04c1-424b-9868-57a2d4851a1d" relativeResultsDirectory="8a4163c6-6b00-45ff-a22a-2e3f8c084618" />
    <UnitTestResult executionId="9328aa9e-fb48-4c5f-a77e-10b9d1c7c355" testId="b65bf01a-1b91-6b6e-4a80-ca1071e8595d" testName="ThenDontThrowIfTheOutlineWasIgnored" computerName="ERICCARLSONBBE6" duration="00:00:00.0073970" startTime="2022-11-23T12:19:23.7098864-05:00" endTime="2022-11-23T12:19:23.7172839-05:00" testType="13cdc9d9-ddb5-4fa4-a97d-d965ccfc6d4b" outcome="Passed" testListId="8c84fa94-04c1-424b-9868-57a2d4851a1d" relativeResultsDirectory="9328aa9e-fb48-4c5f-a77e-10b9d1c7c355" />
    <UnitTestResult executionId="388c1486-b419-4da3-a296-8f919e066884" testId="38e54b38-917c-5b2b-c952-bdf2eaa51d0c" testName="ThenCanResolveAsSingleton(&quot;results-example-mstest.trx&quot;,&quot;MsTest.results-example-mstest.trx&quot;,MsTest,PicklesDoc.Pickles.TestFrameworks.MsTest.MsTestResults)" computerName="ERICCARLSONBBE6" duration="00:00:00.0099420" startTime="2022-11-23T12:19:23.5620073-05:00" endTime="2022-11-23T12:19:23.5719488-05:00" testType="13cdc9d9-ddb5-4fa4-a97d-d965ccfc6d4b" outcome="Passed" testListId="8c84fa94-04c1-424b-9868-57a2d4851a1d" relativeResultsDirectory="388c1486-b419-4da3-a296-8f919e066884" />
    <UnitTestResult executionId="5101266b-bdc6-44e2-94ac-5caa20de54c6" testId="900d4084-ca2a-a561-f0ce-b663527c6003" testName="ThenCanReadIgnoredScenarioResultSuccessfully" computerName="ERICCARLSONBBE6" duration="00:00:00.0020439" startTime="2022-11-23T12:19:23.6147611-05:00" endTime="2022-11-23T12:19:23.6168050-05:00" testType="13cdc9d9-ddb5-4fa4-a97d-d965ccfc6d4b" outcome="Passed" testListId="8c84fa94-04c1-424b-9868-57a2d4851a1d" relativeResultsDirectory="5101266b-bdc6-44e2-94ac-5caa20de54c6" />
    <UnitTestResult executionId="d25b5a81-ccc8-4c9b-91d9-38789e9024a6" testId="00c90b43-b77b-0b3c-b457-9469df9e7f8e" testName="ThenCanReadInconclusiveFeatureResultSuccessfully" computerName="ERICCARLSONBBE6" duration="00:00:00.0023560" startTime="2022-11-23T12:19:22.5250864-05:00" endTime="2022-11-23T12:19:22.5274321-05:00" testType="13cdc9d9-ddb5-4fa4-a97d-d965ccfc6d4b" outcome="Passed" testListId="8c84fa94-04c1-424b-9868-57a2d4851a1d" relativeResultsDirectory="d25b5a81-ccc8-4c9b-91d9-38789e9024a6" />
    <UnitTestResult executionId="b63ffb2f-9a17-4aa8-a4f5-24ff7cad512c" testId="b931d369-9310-8747-a788-ef7d7112806a" testName="ThenCanReadResultOfScenarioOutlineWithSpecialCharacters" computerName="ERICCARLSONBBE6" duration="00:00:00.0026210" startTime="2022-11-23T12:19:23.3915705-05:00" endTime="2022-11-23T12:19:23.3941920-05:00" testType="13cdc9d9-ddb5-4fa4-a97d-d965ccfc6d4b" outcome="Passed" testListId="8c84fa94-04c1-424b-9868-57a2d4851a1d" relativeResultsDirectory="b63ffb2f-9a17-4aa8-a4f5-24ff7cad512c" />
    <UnitTestResult executionId="2ec9449e-a95f-40ad-906f-3e636339d13c" testId="ef5a7c41-c0be-df83-b30a-5c970829c937" testName="ThenCanReadFailedFeatureResultSuccessfully" computerName="ERICCARLSONBBE6" duration="00:00:00.0053980" startTime="2022-11-23T12:19:22.6501815-05:00" endTime="2022-11-23T12:19:22.6555791-05:00" testType="13cdc9d9-ddb5-4fa4-a97d-d965ccfc6d4b" outcome="Passed" testListId="8c84fa94-04c1-424b-9868-57a2d4851a1d" relativeResultsDirectory="2ec9449e-a95f-40ad-906f-3e636339d13c" />
    <UnitTestResult executionId="0ffb5ca5-6923-4b10-82f9-ad060756d2e3" testId="f6f57a3d-4eb8-1874-da57-7a9e4d6b9c42" testName="ThenCanReadFailedScenarioResultSuccessfully" computerName="ERICCARLSONBBE6" duration="00:00:00.0032290" startTime="2022-11-23T12:19:22.9350258-05:00" endTime="2022-11-23T12:19:22.9382546-05:00" testType="13cdc9d9-ddb5-4fa4-a97d-d965ccfc6d4b" outcome="Passed" testListId="8c84fa94-04c1-424b-9868-57a2d4851a1d" relativeResultsDirectory="0ffb5ca5-6923-4b10-82f9-ad060756d2e3" />
    <UnitTestResult executionId="bdf598ad-f50e-4a6d-a913-c23367c56200" testId="d0bc7ea5-e2a0-6790-9331-20e93b51d0a9" testName="ThenCanReadExamplesWithLongExampleValues" computerName="ERICCARLSONBBE6" duration="00:00:00.0009690" startTime="2022-11-23T12:19:22.9098348-05:00" endTime="2022-11-23T12:19:22.9108039-05:00" testType="13cdc9d9-ddb5-4fa4-a97d-d965ccfc6d4b" outcome="Passed" testListId="8c84fa94-04c1-424b-9868-57a2d4851a1d" relativeResultsDirectory="bdf598ad-f50e-4a6d-a913-c23367c56200" />
    <UnitTestResult executionId="3ad139a3-caeb-46ea-b584-03236dcaec0e" testId="feef8d1e-733e-c97b-cae9-59e37cf87fb6" testName="ThenCanReadResultsWithParenthesis" computerName="ERICCARLSONBBE6" duration="00:00:00.0019540" startTime="2022-11-23T12:19:23.6547540-05:00" endTime="2022-11-23T12:19:23.6567074-05:00" testType="13cdc9d9-ddb5-4fa4-a97d-d965ccfc6d4b" outcome="Passed" testListId="8c84fa94-04c1-424b-9868-57a2d4851a1d" relativeResultsDirectory="3ad139a3-caeb-46ea-b584-03236dcaec0e" />
    <UnitTestResult executionId="82161d33-35d0-4581-9863-9da2d36e741c" testId="2a27032e-00ea-3b79-aa12-bae663492183" testName="ThenCanReadIndividualResultsFromScenarioOutline_MultipleExamplesWithDuplicateValues_ShouldMatchExamples" computerName="ERICCARLSONBBE6" duration="00:00:00.0028999" startTime="2022-11-23T12:19:23.6863391-05:00" endTime="2022-11-23T12:19:23.6892388-05:00" testType="13cdc9d9-ddb5-4fa4-a97d-d965ccfc6d4b" outcome="Passed" testListId="8c84fa94-04c1-424b-9868-57a2d4851a1d" relativeResultsDirectory="82161d33-35d0-4581-9863-9da2d36e741c" />
    <UnitTestResult executionId="eab9b42d-e341-4184-9508-e07cdb353395" testId="606a7735-aef6-0113-4704-36b83853043c" testName="ThenCanReadFeatureResultSuccessfully" computerName="ERICCARLSONBBE6" duration="00:00:00.0029229" startTime="2022-11-23T12:19:22.3876923-05:00" endTime="2022-11-23T12:19:22.3906152-05:00" testType="13cdc9d9-ddb5-4fa4-a97d-d965ccfc6d4b" outcome="Passed" testListId="8c84fa94-04c1-424b-9868-57a2d4851a1d" relativeResultsDirectory="eab9b42d-e341-4184-9508-e07cdb353395" />
    <UnitTestResult executionId="5c100f3c-f403-4b2b-804d-d50d861478b6" testId="432777c4-85ce-08a8-7a5e-5d42b9d61e9b" testName="ThenCanSuccessfullyMatchExamplesWithLongValues" computerName="ERICCARLSONBBE6" duration="00:00:00.0005540" startTime="2022-11-23T12:19:23.7088059-05:00" endTime="2022-11-23T12:19:23.7093597-05:00" testType="13cdc9d9-ddb5-4fa4-a97d-d965ccfc6d4b" outcome="Passed" testListId="8c84fa94-04c1-424b-9868-57a2d4851a1d" relativeResultsDirectory="5c100f3c-f403-4b2b-804d-d50d861478b6" />
    <UnitTestResult executionId="8a4c5283-23a9-4b36-9d80-9ed25eb65267" testId="616fe719-bf7f-7000-9e32-4cae5f1dd897" testName="ThenCanReadSuccessfulScenarioResultSuccessfully" computerName="ERICCARLSONBBE6" duration="00:00:00.0018250" startTime="2022-11-23T12:19:23.6587078-05:00" endTime="2022-11-23T12:19:23.6605323-05:00" testType="13cdc9d9-ddb5-4fa4-a97d-d965ccfc6d4b" outcome="Passed" testListId="8c84fa94-04c1-424b-9868-57a2d4851a1d" relativeResultsDirectory="8a4c5283-23a9-4b36-9d80-9ed25eb65267" />
    <UnitTestResult executionId="b5518db2-fde0-4561-a06d-c3dc21800a3b" testId="0bcd34cc-6526-724a-3466-15a3045d227d" testName="ThenCanReadFeatureResultSuccessfully" computerName="ERICCARLSONBBE6" duration="00:00:00.0018590" startTime="2022-11-23T12:19:22.9964039-05:00" endTime="2022-11-23T12:19:22.9982632-05:00" testType="13cdc9d9-ddb5-4fa4-a97d-d965ccfc6d4b" outcome="Passed" testListId="8c84fa94-04c1-424b-9868-57a2d4851a1d" relativeResultsDirectory="b5518db2-fde0-4561-a06d-c3dc21800a3b" />
    <UnitTestResult executionId="c7f767ea-ddd1-4756-acf8-7338b22e8f4f" testId="be92073c-cf35-830c-7fa7-636e79ce0e65" testName="ThenCanReadIndividualResultsFromScenarioOutline_MultipleNamedExamples_ShouldMatchExamples" computerName="ERICCARLSONBBE6" duration="00:00:00.0029660" startTime="2022-11-23T12:19:22.4925050-05:00" endTime="2022-11-23T12:19:22.4954709-05:00" testType="13cdc9d9-ddb5-4fa4-a97d-d965ccfc6d4b" outcome="Passed" testListId="8c84fa94-04c1-424b-9868-57a2d4851a1d" relativeResultsDirectory="c7f767ea-ddd1-4756-acf8-7338b22e8f4f" />
    <UnitTestResult executionId="0ab7bb36-1f4f-4758-a5ff-073259c6ef1c" testId="3ac61dc8-78ef-0ee4-9390-ba6ea3941593" testName="ThenCanReadResultOfScenarioOutlineExampleWithFailingBackground" computerName="ERICCARLSONBBE6" duration="00:00:00.0014430" startTime="2022-11-23T12:19:23.2859979-05:00" endTime="2022-11-23T12:19:23.2874404-05:00" testType="13cdc9d9-ddb5-4fa4-a97d-d965ccfc6d4b" outcome="Passed" testListId="8c84fa94-04c1-424b-9868-57a2d4851a1d" relativeResultsDirectory="0ab7bb36-1f4f-4758-a5ff-073259c6ef1c" />
    <UnitTestResult executionId="a1046b54-aa57-43bf-b77b-8e6634e19817" testId="b8387dd6-f890-7e0b-f414-a4e07ecc407b" testName="GetFeatureResult_TwoInconclusive_ReturnsInconclusive" computerName="ERICCARLSONBBE6" duration="00:00:00.0002390" startTime="2022-11-23T12:19:23.2696075-05:00" endTime="2022-11-23T12:19:23.2698467-05:00" testType="13cdc9d9-ddb5-4fa4-a97d-d965ccfc6d4b" outcome="Passed" testListId="8c84fa94-04c1-424b-9868-57a2d4851a1d" relativeResultsDirectory="a1046b54-aa57-43bf-b77b-8e6634e19817" />
    <UnitTestResult executionId="99115ae7-1530-47e8-bc88-f57fa95b49a5" testId="c453c6ec-7ac7-6aba-4513-ebc0b71441c4" testName="ThenCanReadResultOfScenarioWithDanishCharacters" computerName="ERICCARLSONBBE6" duration="00:00:00.0016490" startTime="2022-11-23T12:19:22.8954604-05:00" endTime="2022-11-23T12:19:22.8971093-05:00" testType="13cdc9d9-ddb5-4fa4-a97d-d965ccfc6d4b" outcome="Passed" testListId="8c84fa94-04c1-424b-9868-57a2d4851a1d" relativeResultsDirectory="99115ae7-1530-47e8-bc88-f57fa95b49a5" />
    <UnitTestResult executionId="2c1e61b7-e2c1-4685-b64f-5058adc600aa" testId="79eb825b-0ac9-6c28-1949-0ddaebf10cfc" testName="ThenCanReadPassedFeatureResultSuccessfully" computerName="ERICCARLSONBBE6" duration="00:00:00.0024930" startTime="2022-11-23T12:19:22.4084890-05:00" endTime="2022-11-23T12:19:22.4109825-05:00" testType="13cdc9d9-ddb5-4fa4-a97d-d965ccfc6d4b" outcome="Passed" testListId="8c84fa94-04c1-424b-9868-57a2d4851a1d" relativeResultsDirectory="2c1e61b7-e2c1-4685-b64f-5058adc600aa" />
    <UnitTestResult executionId="edd93e0b-6c81-4b9a-b7bf-ae4fdc7a0a2e" testId="a082270a-fadb-de54-1aa3-b3ff6bca16d1" testName="ThenCanReadIndividualResultsFromScenarioOutline_AllPass_ShouldBeTestResultPassed" computerName="ERICCARLSONBBE6" duration="00:00:00.0026770" startTime="2022-11-23T12:19:22.6043144-05:00" endTime="2022-11-23T12:19:22.6069911-05:00" testType="13cdc9d9-ddb5-4fa4-a97d-d965ccfc6d4b" outcome="Passed" testListId="8c84fa94-04c1-424b-9868-57a2d4851a1d" relativeResultsDirectory="edd93e0b-6c81-4b9a-b7bf-ae4fdc7a0a2e" />
    <UnitTestResult executionId="538645c0-f98b-4ec6-8c3f-a5478eeecb50" testId="fcdc4ad3-b05f-80e2-df7c-dfcaf995ac74" testName="ThenCanReadResultOfScenarioWithDanishCharacters" computerName="ERICCARLSONBBE6" duration="00:00:00.0028460" startTime="2022-11-23T12:19:22.4370068-05:00" endTime="2022-11-23T12:19:22.4398532-05:00" testType="13cdc9d9-ddb5-4fa4-a97d-d965ccfc6d4b" outcome="Passed" testListId="8c84fa94-04c1-424b-9868-57a2d4851a1d" relativeResultsDirectory="538645c0-f98b-4ec6-8c3f-a5478eeecb50" />
    <UnitTestResult executionId="d1684046-124d-4987-83c4-9baa8f4e22f3" testId="4bc5f009-c973-f931-1d45-f0addc813db2" testName="ThenCanReadFeatureResultSuccessfully" computerName="ERICCARLSONBBE6" duration="00:00:00.0025530" startTime="2022-11-23T12:19:22.5198747-05:00" endTime="2022-11-23T12:19:22.5224275-05:00" testType="13cdc9d9-ddb5-4fa4-a97d-d965ccfc6d4b" outcome="Passed" testListId="8c84fa94-04c1-424b-9868-57a2d4851a1d" relativeResultsDirectory="d1684046-124d-4987-83c4-9baa8f4e22f3" />
    <UnitTestResult executionId="73263f49-7366-418c-b7a7-b6a9f4417266" testId="39588d47-2e56-432b-359a-0110f3e63f57" testName="ThenCanReadExamplesWithLongExampleValues" computerName="ERICCARLSONBBE6" duration="00:00:00.0025090" startTime="2022-11-23T12:19:23.4346498-05:00" endTime="2022-11-23T12:19:23.4371588-05:00" testType="13cdc9d9-ddb5-4fa4-a97d-d965ccfc6d4b" outcome="Passed" testListId="8c84fa94-04c1-424b-9868-57a2d4851a1d" relativeResultsDirectory="73263f49-7366-418c-b7a7-b6a9f4417266" />
    <UnitTestResult executionId="767800b2-530e-4f62-8392-c797989edf64" testId="13f1786b-ba98-dd5e-fe5d-f541f09404b5" testName="ThenCanReadInconclusiveFeatureResultSuccessfully" computerName="ERICCARLSONBBE6" duration="00:00:00.0027140" startTime="2022-11-23T12:19:22.3933768-05:00" endTime="2022-11-23T12:19:22.3960903-05:00" testType="13cdc9d9-ddb5-4fa4-a97d-d965ccfc6d4b" outcome="Passed" testListId="8c84fa94-04c1-424b-9868-57a2d4851a1d" relativeResultsDirectory="767800b2-530e-4f62-8392-c797989edf64" />
    <UnitTestResult executionId="df9b087e-9290-4000-ba42-cc566d974f6f" testId="108c2052-fc39-fc7d-462e-5ca8813e0e6a" testName="ThenCanReadResultOfScenarioWithSpecialCharacters" computerName="ERICCARLSONBBE6" duration="00:00:00.0015640" startTime="2022-11-23T12:19:22.9004798-05:00" endTime="2022-11-23T12:19:22.9020438-05:00" testType="13cdc9d9-ddb5-4fa4-a97d-d965ccfc6d4b" outcome="Passed" testListId="8c84fa94-04c1-424b-9868-57a2d4851a1d" relativeResultsDirectory="df9b087e-9290-4000-ba42-cc566d974f6f" />
    <UnitTestResult executionId="d29af5e5-57d3-4f89-87b6-68c15e9e3893" testId="5c207727-4ce6-c546-30ce-9e08049db82c" testName="ThenCanReadNotFoundScenarioCorrectly" computerName="ERICCARLSONBBE6" duration="00:00:00.0056290" startTime="2022-11-23T12:19:22.8772817-05:00" endTime="2022-11-23T12:19:22.8829107-05:00" testType="13cdc9d9-ddb5-4fa4-a97d-d965ccfc6d4b" outcome="Passed" testListId="8c84fa94-04c1-424b-9868-57a2d4851a1d" relativeResultsDirectory="d29af5e5-57d3-4f89-87b6-68c15e9e3893" />
    <UnitTestResult executionId="838d0b1c-a1f3-43af-94c3-56ca41f65bf4" testId="a0f0b9fe-c760-fce9-98fe-b72d6b75fdd4" testName="ThenCanReadResultOfScenarioWithDanishCharacters" computerName="ERICCARLSONBBE6" duration="00:00:00.0024220" startTime="2022-11-23T12:19:22.9699731-05:00" endTime="2022-11-23T12:19:22.9723945-05:00" testType="13cdc9d9-ddb5-4fa4-a97d-d965ccfc6d4b" outcome="Passed" testListId="8c84fa94-04c1-424b-9868-57a2d4851a1d" relativeResultsDirectory="838d0b1c-a1f3-43af-94c3-56ca41f65bf4" />
    <UnitTestResult executionId="03f7a243-e6af-4b40-813e-2883605f4ab0" testId="aa6ed367-4142-c0b5-bc61-0c60c3e84f7e" testName="ThenCanReadResultOfScenarioOutlineWithAmpersand" computerName="ERICCARLSONBBE6" duration="00:00:00.0027130" startTime="2022-11-23T12:19:23.3804936-05:00" endTime="2022-11-23T12:19:23.3832061-05:00" testType="13cdc9d9-ddb5-4fa4-a97d-d965ccfc6d4b" outcome="Passed" testListId="8c84fa94-04c1-424b-9868-57a2d4851a1d" relativeResultsDirectory="03f7a243-e6af-4b40-813e-2883605f4ab0" />
    <UnitTestResult executionId="a2d002b3-bedd-4a54-86cb-79ef43e515da" testId="e931af6a-3452-9003-decc-ede4ba4ec081" testName="ThenCanReadResultOfScenarioOutlineWithFailingBackground" computerName="ERICCARLSONBBE6" duration="00:00:00.0018370" startTime="2022-11-23T12:19:23.0163880-05:00" endTime="2022-11-23T12:19:23.0182245-05:00" testType="13cdc9d9-ddb5-4fa4-a97d-d965ccfc6d4b" outcome="Passed" testListId="8c84fa94-04c1-424b-9868-57a2d4851a1d" relativeResultsDirectory="a2d002b3-bedd-4a54-86cb-79ef43e515da" />
    <UnitTestResult executionId="3d426c29-e57d-4622-8f1c-b79af0e21a70" testId="95936557-3c3b-a0be-ca02-74d60844464c" testName="ThenCanReadIndividualResultsFromScenarioOutline_ExamplesWithDuplicateValues_ShouldMatchExamples" computerName="ERICCARLSONBBE6" duration="00:00:00.0040930" startTime="2022-11-23T12:19:22.7994074-05:00" endTime="2022-11-23T12:19:22.8035006-05:00" testType="13cdc9d9-ddb5-4fa4-a97d-d965ccfc6d4b" outcome="Passed" testListId="8c84fa94-04c1-424b-9868-57a2d4851a1d" relativeResultsDirectory="3d426c29-e57d-4622-8f1c-b79af0e21a70" />
    <UnitTestResult executionId="8b5dfe68-c5eb-481d-aa8e-676cef75cbb6" testId="0490562c-80e0-39a9-2279-32a1d1908d6e" testName="ThenCanReadExamplesWithRegexValuesFromScenarioOutline_ShouldBeTestResultPassed" computerName="ERICCARLSONBBE6" duration="00:00:00.0018050" startTime="2022-11-23T12:19:22.9108291-05:00" endTime="2022-11-23T12:19:22.9126343-05:00" testType="13cdc9d9-ddb5-4fa4-a97d-d965ccfc6d4b" outcome="Passed" testListId="8c84fa94-04c1-424b-9868-57a2d4851a1d" relativeResultsDirectory="8b5dfe68-c5eb-481d-aa8e-676cef75cbb6" />
    <UnitTestResult executionId="72790004-5e39-4667-aefe-368031f85bf1" testId="d350588b-1fce-1d28-5c54-f6126b74c227" testName="ThenCanReadIndividualResultsFromScenarioOutline_MultipleNamedExamples_ShouldMatchExamples" computerName="ERICCARLSONBBE6" duration="00:00:00.0195450" startTime="2022-11-23T12:19:23.9882871-05:00" endTime="2022-11-23T12:19:24.0078320-05:00" testType="13cdc9d9-ddb5-4fa4-a97d-d965ccfc6d4b" outcome="Passed" testListId="8c84fa94-04c1-424b-9868-57a2d4851a1d" relativeResultsDirectory="72790004-5e39-4667-aefe-368031f85bf1" />
    <UnitTestResult executionId="5739399b-d159-4123-b028-2379dd5e0fb9" testId="b3b74f06-0222-4a33-dfad-ee23ddfbb054" testName="ThenCanReadScenarioOutlineResultSuccessfully" computerName="ERICCARLSONBBE6" duration="00:00:00.0019250" startTime="2022-11-23T12:19:23.6567529-05:00" endTime="2022-11-23T12:19:23.6586781-05:00" testType="13cdc9d9-ddb5-4fa4-a97d-d965ccfc6d4b" outcome="Passed" testListId="8c84fa94-04c1-424b-9868-57a2d4851a1d" relativeResultsDirectory="5739399b-d159-4123-b028-2379dd5e0fb9" />
    <UnitTestResult executionId="c7b68da6-c52c-423b-8d1f-66c9716e00b8" testId="66032912-b178-4308-e9cd-9139f23f4710" testName="ThenCanReadResultOfScenarioWithFailingBackground" computerName="ERICCARLSONBBE6" duration="00:00:00.0026670" startTime="2022-11-23T12:19:22.5725198-05:00" endTime="2022-11-23T12:19:22.5751870-05:00" testType="13cdc9d9-ddb5-4fa4-a97d-d965ccfc6d4b" outcome="Passed" testListId="8c84fa94-04c1-424b-9868-57a2d4851a1d" relativeResultsDirectory="c7b68da6-c52c-423b-8d1f-66c9716e00b8" />
    <UnitTestResult executionId="a3e3d357-4110-4c21-bb89-0a3ea0b06131" testId="d5b1edb5-b12f-6f9b-d326-d112d604818d" testName="ThenCanReadResultsWithParenthesis" computerName="ERICCARLSONBBE6" duration="00:00:00.0027680" startTime="2022-11-23T12:19:22.4558387-05:00" endTime="2022-11-23T12:19:22.4586069-05:00" testType="13cdc9d9-ddb5-4fa4-a97d-d965ccfc6d4b" outcome="Passed" testListId="8c84fa94-04c1-424b-9868-57a2d4851a1d" relativeResultsDirectory="a3e3d357-4110-4c21-bb89-0a3ea0b06131" />
    <UnitTestResult executionId="4bc7a822-36d3-4420-880e-09d2b83be0e3" testId="2f77d4eb-b7a9-7cda-63c7-d0a9b8c15e31" testName="ThenCanSuccessfullyMatchSpecialCharacters" computerName="ERICCARLSONBBE6" duration="00:00:00.0006950" startTime="2022-11-23T12:19:22.8570999-05:00" endTime="2022-11-23T12:19:22.8577948-05:00" testType="13cdc9d9-ddb5-4fa4-a97d-d965ccfc6d4b" outcome="Passed" testListId="8c84fa94-04c1-424b-9868-57a2d4851a1d" relativeResultsDirectory="4bc7a822-36d3-4420-880e-09d2b83be0e3" />
    <UnitTestResult executionId="a00907da-84fd-4c1c-a642-d71ed4e85e61" testId="3363618d-ba10-7be9-e717-ba2f8beb1f14" testName="ThenCanReadBackgroundResultSuccessfully" computerName="ERICCARLSONBBE6" duration="00:00:00.0030890" startTime="2022-11-23T12:19:23.3159553-05:00" endTime="2022-11-23T12:19:23.3190439-05:00" testType="13cdc9d9-ddb5-4fa4-a97d-d965ccfc6d4b" outcome="Passed" testListId="8c84fa94-04c1-424b-9868-57a2d4851a1d" relativeResultsDirectory="a00907da-84fd-4c1c-a642-d71ed4e85e61" />
    <UnitTestResult executionId="48ced949-53fc-4b98-8bf6-b10c89116380" testId="9c345799-e138-7ed0-5b4a-1011418b61de" testName="RegularExpressionAsExampleContentMatches_With_Parentheses" computerName="ERICCARLSONBBE6" duration="00:00:00.0004710" startTime="2022-11-23T12:19:23.7072341-05:00" endTime="2022-11-23T12:19:23.7077046-05:00" testType="13cdc9d9-ddb5-4fa4-a97d-d965ccfc6d4b" outcome="Passed" testListId="8c84fa94-04c1-424b-9868-57a2d4851a1d" relativeResultsDirectory="48ced949-53fc-4b98-8bf6-b10c89116380" />
    <UnitTestResult executionId="b5acdca3-7596-46d9-80df-427d8d7e9428" testId="9a8b25bf-7a36-53ce-c4e8-c6d59d1e4d9b" testName="ThenCanReadIndividualResultsFromScenarioOutline_MultipleNamedExamplesWithDuplicateValues_ShouldMatchExamples" computerName="ERICCARLSONBBE6" duration="00:00:00.0082349" startTime="2022-11-23T12:19:23.6916664-05:00" endTime="2022-11-23T12:19:23.6999016-05:00" testType="13cdc9d9-ddb5-4fa4-a97d-d965ccfc6d4b" outcome="Passed" testListId="8c84fa94-04c1-424b-9868-57a2d4851a1d" relativeResultsDirectory="b5acdca3-7596-46d9-80df-427d8d7e9428" />
    <UnitTestResult executionId="55f2db10-102b-4517-ab6a-1f98578aa3ab" testId="99b61c03-de66-2cd6-57c4-fe88d42b339c" testName="ThenCanReadResultOfScenarioWithSpanishCharacters" computerName="ERICCARLSONBBE6" duration="00:00:00.0025880" startTime="2022-11-23T12:19:22.5752160-05:00" endTime="2022-11-23T12:19:22.5778037-05:00" testType="13cdc9d9-ddb5-4fa4-a97d-d965ccfc6d4b" outcome="Passed" testListId="8c84fa94-04c1-424b-9868-57a2d4851a1d" relativeResultsDirectory="55f2db10-102b-4517-ab6a-1f98578aa3ab" />
    <UnitTestResult executionId="f68f7e6f-af80-4d2a-b1b3-f36779c1d484" testId="e32ceaf5-2044-6a33-b092-c29de2fe095b" testName="ThenCanReadIndividualResultsFromScenarioOutline_MultipleNamedExamplesWithDuplicateValues_ShouldMatchExamples" computerName="ERICCARLSONBBE6" duration="00:00:00.0026340" startTime="2022-11-23T12:19:23.0693297-05:00" endTime="2022-11-23T12:19:23.0719641-05:00" testType="13cdc9d9-ddb5-4fa4-a97d-d965ccfc6d4b" outcome="Passed" testListId="8c84fa94-04c1-424b-9868-57a2d4851a1d" relativeResultsDirectory="f68f7e6f-af80-4d2a-b1b3-f36779c1d484" />
    <UnitTestResult executionId="403d132c-06e6-4800-a8c9-77ed7d6bbeed" testId="6d53e524-577b-617b-04c0-cc99f9396f86" testName="ThenCanReadFailedScenarioResultSuccessfully" computerName="ERICCARLSONBBE6" duration="00:00:00.0033430" startTime="2022-11-23T12:19:23.2779785-05:00" endTime="2022-11-23T12:19:23.2813217-05:00" testType="13cdc9d9-ddb5-4fa4-a97d-d965ccfc6d4b" outcome="Passed" testListId="8c84fa94-04c1-424b-9868-57a2d4851a1d" relativeResultsDirectory="403d132c-06e6-4800-a8c9-77ed7d6bbeed" />
    <UnitTestResult executionId="77c38968-d2c0-495b-b801-4592d6bbd564" testId="877ca2ae-a522-d5d7-2fd9-a3dd2ef9b711" testName="ThenCanReadIndividualResultsFromScenarioOutline_MultipleExampleSections_ShouldBeTestResultFailed" computerName="ERICCARLSONBBE6" duration="00:00:00.0040510" startTime="2022-11-23T12:19:22.8035302-05:00" endTime="2022-11-23T12:19:22.8075813-05:00" testType="13cdc9d9-ddb5-4fa4-a97d-d965ccfc6d4b" outcome="Passed" testListId="8c84fa94-04c1-424b-9868-57a2d4851a1d" relativeResultsDirectory="77c38968-d2c0-495b-b801-4592d6bbd564" />
    <UnitTestResult executionId="18c2cc73-1a4a-4a2c-984a-c771ddc6ef50" testId="e4275a9b-8bad-38b9-332e-74176d2eb25f" testName="ThenCanReadResultOfScenarioWithFailingBackground" computerName="ERICCARLSONBBE6" duration="00:00:00.0016650" startTime="2022-11-23T12:19:22.8971384-05:00" endTime="2022-11-23T12:19:22.8988034-05:00" testType="13cdc9d9-ddb5-4fa4-a97d-d965ccfc6d4b" outcome="Passed" testListId="8c84fa94-04c1-424b-9868-57a2d4851a1d" relativeResultsDirectory="18c2cc73-1a4a-4a2c-984a-c771ddc6ef50" />
    <UnitTestResult executionId="51165c23-6b87-4d5f-aac7-838fd01bece8" testId="e42f56d1-0116-4ec2-39ce-514840e88883" testName="ThenCanReadResultOfScenarioWithDanishCharacters" computerName="ERICCARLSONBBE6" duration="00:00:00.0025870" startTime="2022-11-23T12:19:23.6397913-05:00" endTime="2022-11-23T12:19:23.6423785-05:00" testType="13cdc9d9-ddb5-4fa4-a97d-d965ccfc6d4b" outcome="Passed" testListId="8c84fa94-04c1-424b-9868-57a2d4851a1d" relativeResultsDirectory="51165c23-6b87-4d5f-aac7-838fd01bece8" />
    <UnitTestResult executionId="1d1de207-c76a-4fda-ac50-77f0c564131a" testId="e88e51df-0600-5288-c5bd-454451abcf17" testName="ThenCanReadIndividualResultsFromScenarioOutline_MultipleExampleSections_ShouldBeTestResultFailed" computerName="ERICCARLSONBBE6" duration="00:00:00.0026000" startTime="2022-11-23T12:19:23.0562049-05:00" endTime="2022-11-23T12:19:23.0588044-05:00" testType="13cdc9d9-ddb5-4fa4-a97d-d965ccfc6d4b" outcome="Passed" testListId="8c84fa94-04c1-424b-9868-57a2d4851a1d" relativeResultsDirectory="1d1de207-c76a-4fda-ac50-77f0c564131a" />
    <UnitTestResult executionId="ced290f2-5ac1-4086-938e-377464105574" testId="443d82e7-b131-4eab-c0c2-77bcf8c78c0e" testName="ThenCanReadFailedFeatureResultSuccessfully" computerName="ERICCARLSONBBE6" duration="00:00:00.0023820" startTime="2022-11-23T12:19:22.5093819-05:00" endTime="2022-11-23T12:19:22.5117645-05:00" testType="13cdc9d9-ddb5-4fa4-a97d-d965ccfc6d4b" outcome="Passed" testListId="8c84fa94-04c1-424b-9868-57a2d4851a1d" relativeResultsDirectory="ced290f2-5ac1-4086-938e-377464105574" />
    <UnitTestResult executionId="c42fbaf1-3e79-4502-80ef-da8267329973" testId="75d8d6f7-e4a2-354d-194b-4c3a8e25de5b" testName="ThenCanReadNotFoundScenarioCorrectly" computerName="ERICCARLSONBBE6" duration="00:00:00.0019470" startTime="2022-11-23T12:19:23.0023024-05:00" endTime="2022-11-23T12:19:23.0042488-05:00" testType="13cdc9d9-ddb5-4fa4-a97d-d965ccfc6d4b" outcome="Passed" testListId="8c84fa94-04c1-424b-9868-57a2d4851a1d" relativeResultsDirectory="c42fbaf1-3e79-4502-80ef-da8267329973" />
    <UnitTestResult executionId="94b5733f-868d-4aea-8510-88ec0062b030" testId="1fd45540-89f6-40d1-32d1-2043299aad61" testName="ThenCanReadPassedFeatureResultSuccessfully" computerName="ERICCARLSONBBE6" duration="00:00:00.0008230" startTime="2022-11-23T12:19:23.2842824-05:00" endTime="2022-11-23T12:19:23.2851048-05:00" testType="13cdc9d9-ddb5-4fa4-a97d-d965ccfc6d4b" outcome="Passed" testListId="8c84fa94-04c1-424b-9868-57a2d4851a1d" relativeResultsDirectory="94b5733f-868d-4aea-8510-88ec0062b030" />
    <UnitTestResult executionId="78abf771-973e-45ed-825f-1a45d9ad5d7a" testId="7003fa29-5d8b-f503-a549-5fe616789c37" testName="RegularExpressionAsExampleContentMatches_With_Curly_Braces" computerName="ERICCARLSONBBE6" duration="00:00:00.0004980" startTime="2022-11-23T12:19:23.7056804-05:00" endTime="2022-11-23T12:19:23.7061781-05:00" testType="13cdc9d9-ddb5-4fa4-a97d-d965ccfc6d4b" outcome="Passed" testListId="8c84fa94-04c1-424b-9868-57a2d4851a1d" relativeResultsDirectory="78abf771-973e-45ed-825f-1a45d9ad5d7a" />
    <UnitTestResult executionId="fa17bfba-7550-41a7-a90f-2b8b6fcadf86" testId="2fa9a1f4-abc4-ffa0-207f-983e0f96fe73" testName="ThenCanReadResultOfScenarioWithSpanishCharacters" computerName="ERICCARLSONBBE6" duration="00:00:00.0007960" startTime="2022-11-23T12:19:23.2964733-05:00" endTime="2022-11-23T12:19:23.2972691-05:00" testType="13cdc9d9-ddb5-4fa4-a97d-d965ccfc6d4b" outcome="Passed" testListId="8c84fa94-04c1-424b-9868-57a2d4851a1d" relativeResultsDirectory="fa17bfba-7550-41a7-a90f-2b8b6fcadf86" />
    <UnitTestResult executionId="3de461b6-b32e-4fb6-91b5-584b8fec5e49" testId="577232fa-4820-0031-8220-5c10c6849f65" testName="ThenCanReadFailedScenarioResultSuccessfully" computerName="ERICCARLSONBBE6" duration="00:00:00.0079760" startTime="2022-11-23T12:19:22.5118596-05:00" endTime="2022-11-23T12:19:22.5198357-05:00" testType="13cdc9d9-ddb5-4fa4-a97d-d965ccfc6d4b" outcome="Passed" testListId="8c84fa94-04c1-424b-9868-57a2d4851a1d" relativeResultsDirectory="3de461b6-b32e-4fb6-91b5-584b8fec5e49" />
    <UnitTestResult executionId="c34c55db-aed2-41ef-a9f2-c1765d7bc536" testId="a7365563-432a-a490-6278-92d0ebb084fc" testName="ThenCanReadResultOfScenarioOutlineWithUmlauts" computerName="ERICCARLSONBBE6" duration="00:00:00.0027659" startTime="2022-11-23T12:19:23.3942366-05:00" endTime="2022-11-23T12:19:23.3970025-05:00" testType="13cdc9d9-ddb5-4fa4-a97d-d965ccfc6d4b" outcome="Passed" testListId="8c84fa94-04c1-424b-9868-57a2d4851a1d" relativeResultsDirectory="c34c55db-aed2-41ef-a9f2-c1765d7bc536" />
    <UnitTestResult executionId="a225222b-f5b5-4f26-991b-a252249541ef" testId="2f1248d0-a771-9597-d90a-fb612873ab24" testName="ThenCanReadResultOfScenarioOutlineWithFailingBackground" computerName="ERICCARLSONBBE6" duration="00:00:00.0024290" startTime="2022-11-23T12:19:22.5577297-05:00" endTime="2022-11-23T12:19:22.5601577-05:00" testType="13cdc9d9-ddb5-4fa4-a97d-d965ccfc6d4b" outcome="Passed" testListId="8c84fa94-04c1-424b-9868-57a2d4851a1d" relativeResultsDirectory="a225222b-f5b5-4f26-991b-a252249541ef" />
    <UnitTestResult executionId="f0c5aada-30ee-4aa8-84e3-423eab10e4ac" testId="996b6d38-8904-1e30-ea22-94e60915db8c" testName="ThenCanReadScenarioOutlineResultSuccessfully" computerName="ERICCARLSONBBE6" duration="00:00:00.0026520" startTime="2022-11-23T12:19:22.9051396-05:00" endTime="2022-11-23T12:19:22.9077910-05:00" testType="13cdc9d9-ddb5-4fa4-a97d-d965ccfc6d4b" outcome="Passed" testListId="8c84fa94-04c1-424b-9868-57a2d4851a1d" relativeResultsDirectory="f0c5aada-30ee-4aa8-84e3-423eab10e4ac" />
    <UnitTestResult executionId="48e54fdd-33ea-4035-86ff-1d02534bdaf2" testId="33f1da4b-412f-f4c7-12b2-2ccec879b8cc" testName="ThenCanReadExamplesWithRegexValuesFromScenarioOutline_ShouldBeTestResultPassed" computerName="ERICCARLSONBBE6" duration="00:00:00.0032529" startTime="2022-11-23T12:19:23.4371817-05:00" endTime="2022-11-23T12:19:23.4404347-05:00" testType="13cdc9d9-ddb5-4fa4-a97d-d965ccfc6d4b" outcome="Passed" testListId="8c84fa94-04c1-424b-9868-57a2d4851a1d" relativeResultsDirectory="48e54fdd-33ea-4035-86ff-1d02534bdaf2" />
    <UnitTestResult executionId="1fb41b58-6857-4014-94af-36d90eac89ba" testId="ce9f63bc-f09c-6c5b-d0d3-a2c6899e0bb7" testName="ThenCanReadIndividualResultsFromScenarioOutline_OneFailed_ShouldBeTestResultFailed" computerName="ERICCARLSONBBE6" duration="00:00:00.0030180" startTime="2022-11-23T12:19:22.4986928-05:00" endTime="2022-11-23T12:19:22.5017106-05:00" testType="13cdc9d9-ddb5-4fa4-a97d-d965ccfc6d4b" outcome="Passed" testListId="8c84fa94-04c1-424b-9868-57a2d4851a1d" relativeResultsDirectory="1fb41b58-6857-4014-94af-36d90eac89ba" />
    <UnitTestResult executionId="63804e50-933a-45a5-bfd8-c9be57f4900e" testId="35ba7772-dced-01ec-65bd-9f0afe402f1a" testName="ThenCanReadExamplesWithLongExampleValues" computerName="ERICCARLSONBBE6" duration="00:00:00.0084260" startTime="2022-11-23T12:19:22.7769329-05:00" endTime="2022-11-23T12:19:22.7853589-05:00" testType="13cdc9d9-ddb5-4fa4-a97d-d965ccfc6d4b" outcome="Passed" testListId="8c84fa94-04c1-424b-9868-57a2d4851a1d" relativeResultsDirectory="63804e50-933a-45a5-bfd8-c9be57f4900e" />
    <UnitTestResult executionId="3a18053f-09fc-4967-b456-d0f3bead390c" testId="40fd2da8-e1b0-4d77-57fd-878737b69c52" testName="ThenCanReadFeatureResultWithoutThrowingException" computerName="ERICCARLSONBBE6" duration="00:00:00.0004890" startTime="2022-11-23T12:19:22.8646787-05:00" endTime="2022-11-23T12:19:22.8651676-05:00" testType="13cdc9d9-ddb5-4fa4-a97d-d965ccfc6d4b" outcome="Passed" testListId="8c84fa94-04c1-424b-9868-57a2d4851a1d" relativeResultsDirectory="3a18053f-09fc-4967-b456-d0f3bead390c" />
    <UnitTestResult executionId="211080d8-93c1-40bc-b3d1-14046a8269f7" testId="3baf913f-526d-3c8d-eef9-0705cb381b53" testName="ThenCanReadScenarioOutlineResultSuccessfully" computerName="ERICCARLSONBBE6" duration="00:00:00.0023040" startTime="2022-11-23T12:19:22.5898403-05:00" endTime="2022-11-23T12:19:22.5921438-05:00" testType="13cdc9d9-ddb5-4fa4-a97d-d965ccfc6d4b" outcome="Passed" testListId="8c84fa94-04c1-424b-9868-57a2d4851a1d" relativeResultsDirectory="211080d8-93c1-40bc-b3d1-14046a8269f7" />
    <UnitTestResult executionId="7f3a85f1-3de2-44fa-9814-1cb8ece37ca9" testId="ded252ea-8f84-3526-fab0-59d3517f77f7" testName="ThenCanSuccessfullyMatchSpecialCharacters" computerName="ERICCARLSONBBE6" duration="00:00:00.0005750" startTime="2022-11-23T12:19:22.9295401-05:00" endTime="2022-11-23T12:19:22.9301148-05:00" testType="13cdc9d9-ddb5-4fa4-a97d-d965ccfc6d4b" outcome="Passed" testListId="8c84fa94-04c1-424b-9868-57a2d4851a1d" relativeResultsDirectory="7f3a85f1-3de2-44fa-9814-1cb8ece37ca9" />
    <UnitTestResult executionId="11f69cf5-6c0b-4128-bf5f-2d48757c1486" testId="59fc518d-691e-1e5f-347b-11ecb9d13e9d" testName="ThenCanReadNotFoundFeatureCorrectly" computerName="ERICCARLSONBBE6" duration="00:00:00.0020580" startTime="2022-11-23T12:19:22.8751988-05:00" endTime="2022-11-23T12:19:22.8772569-05:00" testType="13cdc9d9-ddb5-4fa4-a97d-d965ccfc6d4b" outcome="Passed" testListId="8c84fa94-04c1-424b-9868-57a2d4851a1d" relativeResultsDirectory="11f69cf5-6c0b-4128-bf5f-2d48757c1486" />
    <UnitTestResult executionId="74f86963-cc33-440b-90c2-249bf64aac16" testId="ad017908-8d1a-0341-56bc-07e221b7fa03" testName="ThenCanReadResultOfScenarioWithSpanishCharacters" computerName="ERICCARLSONBBE6" duration="00:00:00.0025170" startTime="2022-11-23T12:19:22.4476428-05:00" endTime="2022-11-23T12:19:22.4501597-05:00" testType="13cdc9d9-ddb5-4fa4-a97d-d965ccfc6d4b" outcome="Passed" testListId="8c84fa94-04c1-424b-9868-57a2d4851a1d" relativeResultsDirectory="74f86963-cc33-440b-90c2-249bf64aac16" />
    <UnitTestResult executionId="d738a81b-55ee-42dc-a685-29408bd1ca16" testId="10cbd16f-822a-fdd7-e8ae-fa1a3eaa3761" testName="ThenCanReadIndividualResultsFromScenarioOutline_MultipleNamedExamples_ShouldMatchExamples" computerName="ERICCARLSONBBE6" duration="00:00:00.0023720" startTime="2022-11-23T12:19:23.6892676-05:00" endTime="2022-11-23T12:19:23.6916395-05:00" testType="13cdc9d9-ddb5-4fa4-a97d-d965ccfc6d4b" outcome="Passed" testListId="8c84fa94-04c1-424b-9868-57a2d4851a1d" relativeResultsDirectory="d738a81b-55ee-42dc-a685-29408bd1ca16" />
    <UnitTestResult executionId="971b227c-259f-4880-9bfe-cb32abaa412e" testId="9e40b804-42b0-5011-3b04-cc25d4d70de0" testName="ThenCanReadResultsWithParenthesis" computerName="ERICCARLSONBBE6" duration="00:00:00.0023770" startTime="2022-11-23T12:19:22.5874337-05:00" endTime="2022-11-23T12:19:22.5898107-05:00" testType="13cdc9d9-ddb5-4fa4-a97d-d965ccfc6d4b" outcome="Passed" testListId="8c84fa94-04c1-424b-9868-57a2d4851a1d" relativeResultsDirectory="971b227c-259f-4880-9bfe-cb32abaa412e" />
    <UnitTestResult executionId="78db1f9e-0f3d-465b-9978-3ff42269294d" testId="71c22708-dbaa-79ff-057b-e788d4505184" testName="ThenCanReadResultOfScenarioOutlineWithSpecialCharacters" computerName="ERICCARLSONBBE6" duration="00:00:00.0048290" startTime="2022-11-23T12:19:23.7417579-05:00" endTime="2022-11-23T12:19:23.7465872-05:00" testType="13cdc9d9-ddb5-4fa4-a97d-d965ccfc6d4b" outcome="Passed" testListId="8c84fa94-04c1-424b-9868-57a2d4851a1d" relativeResultsDirectory="78db1f9e-0f3d-465b-9978-3ff42269294d" />
    <UnitTestResult executionId="ab697ac3-1489-4c46-bdd0-54e7e61d4c78" testId="d8c07703-c6ba-2990-8554-e0597fbd2a9a" testName="ThenCanReadInconclusiveScenarioResultSuccessfully" computerName="ERICCARLSONBBE6" duration="00:00:00.0033990" startTime="2022-11-23T12:19:22.6797327-05:00" endTime="2022-11-23T12:19:22.6831312-05:00" testType="13cdc9d9-ddb5-4fa4-a97d-d965ccfc6d4b" outcome="Passed" testListId="8c84fa94-04c1-424b-9868-57a2d4851a1d" relativeResultsDirectory="ab697ac3-1489-4c46-bdd0-54e7e61d4c78" />
    <UnitTestResult executionId="fee41d76-aff9-4d91-9ac6-cb418f511679" testId="5dcd44f1-cbb8-8d6b-534f-9d513b76d8e6" testName="ThenCanReadFailedScenarioResultSuccessfully" computerName="ERICCARLSONBBE6" duration="00:00:00.0022690" startTime="2022-11-23T12:19:22.8667052-05:00" endTime="2022-11-23T12:19:22.8689741-05:00" testType="13cdc9d9-ddb5-4fa4-a97d-d965ccfc6d4b" outcome="Passed" testListId="8c84fa94-04c1-424b-9868-57a2d4851a1d" relativeResultsDirectory="fee41d76-aff9-4d91-9ac6-cb418f511679" />
    <UnitTestResult executionId="7d542a2d-1261-4bc3-ab9d-3a6a72e435cd" testId="0fb4b634-81ad-43fa-a70e-b06cb2c289b2" testName="ThenCanReadFeatureResultSuccessfully" computerName="ERICCARLSONBBE6" duration="00:00:00.0016600" startTime="2022-11-23T12:19:23.7223256-05:00" endTime="2022-11-23T12:19:23.7239853-05:00" testType="13cdc9d9-ddb5-4fa4-a97d-d965ccfc6d4b" outcome="Passed" testListId="8c84fa94-04c1-424b-9868-57a2d4851a1d" relativeResultsDirectory="7d542a2d-1261-4bc3-ab9d-3a6a72e435cd" />
    <UnitTestResult executionId="e293ee9a-5d47-4249-bb03-70dcf6053f5d" testId="a345261d-59be-f694-1a7a-ca5ce2d2d4c4" testName="ThenCanReadResultOfScenarioOutlineWithFailingBackground" computerName="ERICCARLSONBBE6" duration="00:00:00.0015770" startTime="2022-11-23T12:19:22.8892873-05:00" endTime="2022-11-23T12:19:22.8908646-05:00" testType="13cdc9d9-ddb5-4fa4-a97d-d965ccfc6d4b" outcome="Passed" testListId="8c84fa94-04c1-424b-9868-57a2d4851a1d" relativeResultsDirectory="e293ee9a-5d47-4249-bb03-70dcf6053f5d" />
    <UnitTestResult executionId="d8ca487b-44fd-48ee-8267-6e01b533b653" testId="349afda0-a849-d994-1cb5-43ab74afdf0c" testName="ThenCanReadIndividualResultsFromScenarioOutline_AllPass_ShouldBeTestResultPassed" computerName="ERICCARLSONBBE6" duration="00:00:00.0017380" startTime="2022-11-23T12:19:22.9126581-05:00" endTime="2022-11-23T12:19:22.9143957-05:00" testType="13cdc9d9-ddb5-4fa4-a97d-d965ccfc6d4b" outcome="Passed" testListId="8c84fa94-04c1-424b-9868-57a2d4851a1d" relativeResultsDirectory="d8ca487b-44fd-48ee-8267-6e01b533b653" />
    <UnitTestResult executionId="66db0258-e069-43c4-9075-a9bd1093cfc5" testId="7590abfc-e3f9-c5c4-d7ce-a5409c12a2d1" testName="ThenCanResolve(&quot;results-example-specrun.html&quot;,&quot;SpecRun.results-example-specrun.html&quot;,SpecRun,PicklesDoc.Pickles.TestFrameworks.SpecRun.SpecRunResults)" computerName="ERICCARLSONBBE6" duration="00:00:00.0010520" startTime="2022-11-23T12:19:23.5563155-05:00" endTime="2022-11-23T12:19:23.5573672-05:00" testType="13cdc9d9-ddb5-4fa4-a97d-d965ccfc6d4b" outcome="Passed" testListId="8c84fa94-04c1-424b-9868-57a2d4851a1d" relativeResultsDirectory="66db0258-e069-43c4-9075-a9bd1093cfc5" />
    <UnitTestResult executionId="1f4cc336-94a2-4bf2-9275-20ba49009c99" testId="0d4c793d-3e33-a08f-1290-d7f68ea68b15" testName="ThenCanReadResultsWithBackslashes" computerName="ERICCARLSONBBE6" duration="00:00:00.0033790" startTime="2022-11-23T12:19:22.7543525-05:00" endTime="2022-11-23T12:19:22.7577309-05:00" testType="13cdc9d9-ddb5-4fa4-a97d-d965ccfc6d4b" outcome="Passed" testListId="8c84fa94-04c1-424b-9868-57a2d4851a1d" relativeResultsDirectory="1f4cc336-94a2-4bf2-9275-20ba49009c99" />
  </Results>
  <TestDefinitions>
    <UnitTest name="ThenCanReadResultOfScenarioOutlineWithUmlauts" storage="c:\users\ericcarlson\documents\github\pickles\src\pickles.testframeworks.unittests\bin\debug\net6.0\picklesdoc.pickles.testframeworks.unittests.dll" id="a7365563-432a-a490-6278-92d0ebb084fc">
      <Execution id="c34c55db-aed2-41ef-a9f2-c1765d7bc536" />
      <TestMethod codeBase="C:\Users\ericcarlson\documents\github\pickles\src\Pickles.TestFrameworks.UnitTests\bin\Debug\net6.0\PicklesDoc.Pickles.TestFrameworks.UnitTests.dll" adapterTypeName="executor://nunit3testexecutor/" className="PicklesDoc.Pickles.TestFrameworks.UnitTests.VsTest.WhenParsingVsTestResultsFile" name="ThenCanReadResultOfScenarioOutlineWithUmlauts" />
    </UnitTest>
    <UnitTest name="ThenCanReadResultOfScenarioOutlineExampleWithFailingBackground" storage="c:\users\ericcarlson\documents\github\pickles\src\pickles.testframeworks.unittests\bin\debug\net6.0\picklesdoc.pickles.testframeworks.unittests.dll" id="0743b053-5f80-39e3-2415-87af7f5a56f8">
      <Execution id="7afdb55f-60d0-4000-982b-9ac882db24c7" />
      <TestMethod codeBase="C:\Users\ericcarlson\documents\github\pickles\src\Pickles.TestFrameworks.UnitTests\bin\Debug\net6.0\PicklesDoc.Pickles.TestFrameworks.UnitTests.dll" adapterTypeName="executor://nunit3testexecutor/" className="PicklesDoc.Pickles.TestFrameworks.UnitTests.XUnit.XUnit1.WhenParsingxUnitResultsFile" name="ThenCanReadResultOfScenarioOutlineExampleWithFailingBackground" />
    </UnitTest>
    <UnitTest name="ThenCanReadPassedFeatureResultSuccessfully" storage="c:\users\ericcarlson\documents\github\pickles\src\pickles.testframeworks.unittests\bin\debug\net6.0\picklesdoc.pickles.testframeworks.unittests.dll" id="22ff405e-4e4b-ec94-1d81-69603bb819cf">
      <Execution id="db63b9ee-a0fb-4ab8-9f3a-d9150f446ae7" />
      <TestMethod codeBase="C:\Users\ericcarlson\documents\github\pickles\src\Pickles.TestFrameworks.UnitTests\bin\Debug\net6.0\PicklesDoc.Pickles.TestFrameworks.UnitTests.dll" adapterTypeName="executor://nunit3testexecutor/" className="PicklesDoc.Pickles.TestFrameworks.UnitTests.VsTest.WhenParsingVsTestResultsFile" name="ThenCanReadPassedFeatureResultSuccessfully" />
    </UnitTest>
    <UnitTest name="ThenCanResolve(&quot;results-example-nunit3.xml&quot;,&quot;NUnit.NUnit3.results-example-nunit3.xml&quot;,NUnit3,PicklesDoc.Pickles.TestFrameworks.NUnit.NUnit3.NUnit3Results)" storage="c:\users\ericcarlson\documents\github\pickles\src\pickles.testframeworks.unittests\bin\debug\net6.0\picklesdoc.pickles.testframeworks.unittests.dll" id="8d94802d-53d7-d3b2-047f-ec9d0a5e3623">
      <Execution id="b270c7b3-4253-4e1d-be6e-b6313089a089" />
      <TestMethod codeBase="C:\Users\ericcarlson\documents\github\pickles\src\Pickles.TestFrameworks.UnitTests\bin\Debug\net6.0\PicklesDoc.Pickles.TestFrameworks.UnitTests.dll" adapterTypeName="executor://nunit3testexecutor/" className="PicklesDoc.Pickles.TestFrameworks.UnitTests.WhenResolvingTestResults" name="ThenCanResolve(&quot;results-example-nunit3.xml&quot;,&quot;NUnit.NUnit3.results-example-nunit3.xml&quot;,NUnit3,PicklesDoc.Pickles.TestFrameworks.NUnit.NUnit3.NUnit3Results)" />
    </UnitTest>
    <UnitTest name="ThenCanReadResultOfScenarioWithSpecialCharacters" storage="c:\users\ericcarlson\documents\github\pickles\src\pickles.testframeworks.unittests\bin\debug\net6.0\picklesdoc.pickles.testframeworks.unittests.dll" id="b736c82a-c3a6-bc95-1791-413638f9de59">
      <Execution id="65f4b65c-db34-4cc2-a72b-fa68d66678ec" />
      <TestMethod codeBase="C:\Users\ericcarlson\documents\github\pickles\src\Pickles.TestFrameworks.UnitTests\bin\Debug\net6.0\PicklesDoc.Pickles.TestFrameworks.UnitTests.dll" adapterTypeName="executor://nunit3testexecutor/" className="PicklesDoc.Pickles.TestFrameworks.UnitTests.XUnit.XUnit2.WhenParsingxUnit2ResultsFile" name="ThenCanReadResultOfScenarioWithSpecialCharacters" />
    </UnitTest>
    <UnitTest name="ThenCanResolveAsSingleton(&quot;results-example-xunit.xml&quot;,&quot;XUnit.XUnit1.results-example-xunit.xml&quot;,XUnit1,PicklesDoc.Pickles.TestFrameworks.XUnit.XUnit1.XUnit1Results)" storage="c:\users\ericcarlson\documents\github\pickles\src\pickles.testframeworks.unittests\bin\debug\net6.0\picklesdoc.pickles.testframeworks.unittests.dll" id="25b79e49-f078-c9d3-fc26-60ff43e1f658">
      <Execution id="d08e6462-7e94-40d9-a613-205213bdb53e" />
      <TestMethod codeBase="C:\Users\ericcarlson\documents\github\pickles\src\Pickles.TestFrameworks.UnitTests\bin\Debug\net6.0\PicklesDoc.Pickles.TestFrameworks.UnitTests.dll" adapterTypeName="executor://nunit3testexecutor/" className="PicklesDoc.Pickles.TestFrameworks.UnitTests.WhenResolvingTestResults" name="ThenCanResolveAsSingleton(&quot;results-example-xunit.xml&quot;,&quot;XUnit.XUnit1.results-example-xunit.xml&quot;,XUnit1,PicklesDoc.Pickles.TestFrameworks.XUnit.XUnit1.XUnit1Results)" />
    </UnitTest>
    <UnitTest name="ThenCanReadResultsWithBackslashes" storage="c:\users\ericcarlson\documents\github\pickles\src\pickles.testframeworks.unittests\bin\debug\net6.0\picklesdoc.pickles.testframeworks.unittests.dll" id="564ab877-3eea-6f19-973d-0b36bea909da">
      <Execution id="c5fbd660-7e88-4614-bae3-1692bee12e4f" />
      <TestMethod codeBase="C:\Users\ericcarlson\documents\github\pickles\src\Pickles.TestFrameworks.UnitTests\bin\Debug\net6.0\PicklesDoc.Pickles.TestFrameworks.UnitTests.dll" adapterTypeName="executor://nunit3testexecutor/" className="PicklesDoc.Pickles.TestFrameworks.UnitTests.CucumberJson.WhenParsingCucumberJsonFromJSResultsFile" name="ThenCanReadResultsWithBackslashes" />
    </UnitTest>
    <UnitTest name="ThenCanReadIndividualResultsFromScenarioOutline_OneFailed_ShouldBeTestResultFailed" storage="c:\users\ericcarlson\documents\github\pickles\src\pickles.testframeworks.unittests\bin\debug\net6.0\picklesdoc.pickles.testframeworks.unittests.dll" id="58020c11-c291-9fff-a6eb-d178031b96c9">
      <Execution id="8b17b02f-a5b2-4c1e-8e5e-cf0950de4ac9" />
      <TestMethod codeBase="C:\Users\ericcarlson\documents\github\pickles\src\Pickles.TestFrameworks.UnitTests\bin\Debug\net6.0\PicklesDoc.Pickles.TestFrameworks.UnitTests.dll" adapterTypeName="executor://nunit3testexecutor/" className="PicklesDoc.Pickles.TestFrameworks.UnitTests.MsTest.WhenParsingMsTestResultsFileWithIndividualResults" name="ThenCanReadIndividualResultsFromScenarioOutline_OneFailed_ShouldBeTestResultFailed" />
    </UnitTest>
    <UnitTest name="ThenCanReadIndividualResultsFromScenarioOutline_OneInconclusive_ShouldBeTestResultInconclusive" storage="c:\users\ericcarlson\documents\github\pickles\src\pickles.testframeworks.unittests\bin\debug\net6.0\picklesdoc.pickles.testframeworks.unittests.dll" id="1926ccdc-00d6-72e9-1270-04d414099d1b">
      <Execution id="46f32f5b-2b8d-4b92-9c32-f777d135208a" />
      <TestMethod codeBase="C:\Users\ericcarlson\documents\github\pickles\src\Pickles.TestFrameworks.UnitTests\bin\Debug\net6.0\PicklesDoc.Pickles.TestFrameworks.UnitTests.dll" adapterTypeName="executor://nunit3testexecutor/" className="PicklesDoc.Pickles.TestFrameworks.UnitTests.NUnit.NUnit2.WhenParsingNUnitResultsFileWithIndividualResults" name="ThenCanReadIndividualResultsFromScenarioOutline_OneInconclusive_ShouldBeTestResultInconclusive" />
    </UnitTest>
    <UnitTest name="ThenCanReadIndividualResultsFromScenarioOutline_AllPass_ShouldBeTestResultPassed" storage="c:\users\ericcarlson\documents\github\pickles\src\pickles.testframeworks.unittests\bin\debug\net6.0\picklesdoc.pickles.testframeworks.unittests.dll" id="349afda0-a849-d994-1cb5-43ab74afdf0c">
      <Execution id="d8ca487b-44fd-48ee-8267-6e01b533b653" />
      <TestMethod codeBase="C:\Users\ericcarlson\documents\github\pickles\src\Pickles.TestFrameworks.UnitTests\bin\Debug\net6.0\PicklesDoc.Pickles.TestFrameworks.UnitTests.dll" adapterTypeName="executor://nunit3testexecutor/" className="PicklesDoc.Pickles.TestFrameworks.UnitTests.NUnit.NUnit2.WhenParsingNUnitResultsFileWithIndividualResults" name="ThenCanReadIndividualResultsFromScenarioOutline_AllPass_ShouldBeTestResultPassed" />
    </UnitTest>
    <UnitTest name="ThenCanReadExamplesWithRegexValuesFromScenarioOutline_ShouldBeTestResultPassed" storage="c:\users\ericcarlson\documents\github\pickles\src\pickles.testframeworks.unittests\bin\debug\net6.0\picklesdoc.pickles.testframeworks.unittests.dll" id="8fac2b79-9e79-56e1-c8b9-dbffbd82ae43">
      <Execution id="4bd4e253-7ada-41a8-8160-adf8c2596764" />
      <TestMethod codeBase="C:\Users\ericcarlson\documents\github\pickles\src\Pickles.TestFrameworks.UnitTests\bin\Debug\net6.0\PicklesDoc.Pickles.TestFrameworks.UnitTests.dll" adapterTypeName="executor://nunit3testexecutor/" className="PicklesDoc.Pickles.TestFrameworks.UnitTests.XUnit.XUnit1.WhenParsingXUnitResultsFileWithIndividualResults" name="ThenCanReadExamplesWithRegexValuesFromScenarioOutline_ShouldBeTestResultPassed" />
    </UnitTest>
    <UnitTest name="ThenCanReadNotFoundScenarioCorrectly" storage="c:\users\ericcarlson\documents\github\pickles\src\pickles.testframeworks.unittests\bin\debug\net6.0\picklesdoc.pickles.testframeworks.unittests.dll" id="5c207727-4ce6-c546-30ce-9e08049db82c">
      <Execution id="d29af5e5-57d3-4f89-87b6-68c15e9e3893" />
      <TestMethod codeBase="C:\Users\ericcarlson\documents\github\pickles\src\Pickles.TestFrameworks.UnitTests\bin\Debug\net6.0\PicklesDoc.Pickles.TestFrameworks.UnitTests.dll" adapterTypeName="executor://nunit3testexecutor/" className="PicklesDoc.Pickles.TestFrameworks.UnitTests.NUnit.NUnit2.WhenParsingNUnitResultsFile" name="ThenCanReadNotFoundScenarioCorrectly" />
    </UnitTest>
    <UnitTest name="GetFeatureResult_OnePassingOneInconclusive_ReturnsPassed" storage="c:\users\ericcarlson\documents\github\pickles\src\pickles.testframeworks.unittests\bin\debug\net6.0\picklesdoc.pickles.testframeworks.unittests.dll" id="fb45c14f-031e-2628-e205-53c6379c578f">
      <Execution id="1db7a150-5bd8-4609-a112-3c169ca1a3c6" />
      <TestMethod codeBase="C:\Users\ericcarlson\documents\github\pickles\src\Pickles.TestFrameworks.UnitTests\bin\Debug\net6.0\PicklesDoc.Pickles.TestFrameworks.UnitTests.dll" adapterTypeName="executor://nunit3testexecutor/" className="PicklesDoc.Pickles.TestFrameworks.UnitTests.SpecRun.WhenParsingMultipleTestResultsTests" name="GetFeatureResult_OnePassingOneInconclusive_ReturnsPassed" />
    </UnitTest>
    <UnitTest name="ThenCanReadNotFoundFeatureCorrectly" storage="c:\users\ericcarlson\documents\github\pickles\src\pickles.testframeworks.unittests\bin\debug\net6.0\picklesdoc.pickles.testframeworks.unittests.dll" id="13bb17c0-9c5e-610c-5753-956c620e1962">
      <Execution id="026bead8-a944-49ae-9ed9-d1769db43f53" />
      <TestMethod codeBase="C:\Users\ericcarlson\documents\github\pickles\src\Pickles.TestFrameworks.UnitTests\bin\Debug\net6.0\PicklesDoc.Pickles.TestFrameworks.UnitTests.dll" adapterTypeName="executor://nunit3testexecutor/" className="PicklesDoc.Pickles.TestFrameworks.UnitTests.MsTest.WhenParsingMsTestResultsFile" name="ThenCanReadNotFoundFeatureCorrectly" />
    </UnitTest>
    <UnitTest name="ThenCanReadResultOfScenarioOutlineWithUmlauts" storage="c:\users\ericcarlson\documents\github\pickles\src\pickles.testframeworks.unittests\bin\debug\net6.0\picklesdoc.pickles.testframeworks.unittests.dll" id="480a0e18-f143-bc50-4b24-c10a44209bde">
      <Execution id="cff014fb-821e-49d6-8d7b-3b26c0f4b900" />
      <TestMethod codeBase="C:\Users\ericcarlson\documents\github\pickles\src\Pickles.TestFrameworks.UnitTests\bin\Debug\net6.0\PicklesDoc.Pickles.TestFrameworks.UnitTests.dll" adapterTypeName="executor://nunit3testexecutor/" className="PicklesDoc.Pickles.TestFrameworks.UnitTests.NUnit.NUnit3.WhenParsingNunit3ResultsFileForNunit2Tests" name="ThenCanReadResultOfScenarioOutlineWithUmlauts" />
    </UnitTest>
    <UnitTest name="ThenCanReadIndividualResultsFromScenarioOutline_AllPass_ShouldBeTestResultPassed" storage="c:\users\ericcarlson\documents\github\pickles\src\pickles.testframeworks.unittests\bin\debug\net6.0\picklesdoc.pickles.testframeworks.unittests.dll" id="e1e175ed-feba-4c6f-4525-385ac52e4ff1">
      <Execution id="8e37f822-703f-450f-8ae8-63756dcfd0c6" />
      <TestMethod codeBase="C:\Users\ericcarlson\documents\github\pickles\src\Pickles.TestFrameworks.UnitTests\bin\Debug\net6.0\PicklesDoc.Pickles.TestFrameworks.UnitTests.dll" adapterTypeName="executor://nunit3testexecutor/" className="PicklesDoc.Pickles.TestFrameworks.UnitTests.VsTest.WhenParsingVsTestResultsFileWithIndividualResults" name="ThenCanReadIndividualResultsFromScenarioOutline_AllPass_ShouldBeTestResultPassed" />
    </UnitTest>
    <UnitTest name="ThenCanReadExamplesWithRegexValuesFromScenarioOutline_ShouldBeTestResultPassed" storage="c:\users\ericcarlson\documents\github\pickles\src\pickles.testframeworks.unittests\bin\debug\net6.0\picklesdoc.pickles.testframeworks.unittests.dll" id="cf93dd1e-782f-a497-0561-e7df285ec6b5">
      <Execution id="82da8076-7bff-4c45-89b3-499282b15794" />
      <TestMethod codeBase="C:\Users\ericcarlson\documents\github\pickles\src\Pickles.TestFrameworks.UnitTests\bin\Debug\net6.0\PicklesDoc.Pickles.TestFrameworks.UnitTests.dll" adapterTypeName="executor://nunit3testexecutor/" className="PicklesDoc.Pickles.TestFrameworks.UnitTests.XUnit.XUnit2.WhenParsingXUnitResultsFileWithIndividualResults" name="ThenCanReadExamplesWithRegexValuesFromScenarioOutline_ShouldBeTestResultPassed" />
    </UnitTest>
    <UnitTest name="ThenCanReadResultsWithParenthesis" storage="c:\users\ericcarlson\documents\github\pickles\src\pickles.testframeworks.unittests\bin\debug\net6.0\picklesdoc.pickles.testframeworks.unittests.dll" id="661b4fd7-8a74-3489-35c5-59457dbca55e">
      <Execution id="e6f59ce8-343d-4591-bd41-38e9dab0ed73" />
      <TestMethod codeBase="C:\Users\ericcarlson\documents\github\pickles\src\Pickles.TestFrameworks.UnitTests\bin\Debug\net6.0\PicklesDoc.Pickles.TestFrameworks.UnitTests.dll" adapterTypeName="executor://nunit3testexecutor/" className="PicklesDoc.Pickles.TestFrameworks.UnitTests.NUnit.NUnit2.WhenParsingNUnitResultsFile" name="ThenCanReadResultsWithParenthesis" />
    </UnitTest>
    <UnitTest name="ThenCanResolve(&quot;results-example-specrun.html&quot;,&quot;SpecRun.results-example-specrun.html&quot;,SpecRun,PicklesDoc.Pickles.TestFrameworks.SpecRun.SpecRunResults)" storage="c:\users\ericcarlson\documents\github\pickles\src\pickles.testframeworks.unittests\bin\debug\net6.0\picklesdoc.pickles.testframeworks.unittests.dll" id="7590abfc-e3f9-c5c4-d7ce-a5409c12a2d1">
      <Execution id="66db0258-e069-43c4-9075-a9bd1093cfc5" />
      <TestMethod codeBase="C:\Users\ericcarlson\documents\github\pickles\src\Pickles.TestFrameworks.UnitTests\bin\Debug\net6.0\PicklesDoc.Pickles.TestFrameworks.UnitTests.dll" adapterTypeName="executor://nunit3testexecutor/" className="PicklesDoc.Pickles.TestFrameworks.UnitTests.WhenResolvingTestResults" name="ThenCanResolve(&quot;results-example-specrun.html&quot;,&quot;SpecRun.results-example-specrun.html&quot;,SpecRun,PicklesDoc.Pickles.TestFrameworks.SpecRun.SpecRunResults)" />
    </UnitTest>
    <UnitTest name="ThenCanReadInconclusiveScenarioResultSuccessfully" storage="c:\users\ericcarlson\documents\github\pickles\src\pickles.testframeworks.unittests\bin\debug\net6.0\picklesdoc.pickles.testframeworks.unittests.dll" id="2bc825b9-9d72-ab78-dc57-730a6f14b2c6">
      <Execution id="7a390d04-b23c-40a3-9d73-6bd01aa48d8e" />
      <TestMethod codeBase="C:\Users\ericcarlson\documents\github\pickles\src\Pickles.TestFrameworks.UnitTests\bin\Debug\net6.0\PicklesDoc.Pickles.TestFrameworks.UnitTests.dll" adapterTypeName="executor://nunit3testexecutor/" className="PicklesDoc.Pickles.TestFrameworks.UnitTests.SpecRun.WhenParsingSpecRunTestResultsFile" name="ThenCanReadInconclusiveScenarioResultSuccessfully" />
    </UnitTest>
    <UnitTest name="ThenCanReadIndividualResultsFromScenarioOutline_MultipleNamedExamplesWithDuplicateValues_ShouldMatchExamples" storage="c:\users\ericcarlson\documents\github\pickles\src\pickles.testframeworks.unittests\bin\debug\net6.0\picklesdoc.pickles.testframeworks.unittests.dll" id="d7f6d945-38ba-f308-695a-8462453f5d48">
      <Execution id="cbe327e3-2fbf-4e84-9153-0c56329d0916" />
      <TestMethod codeBase="C:\Users\ericcarlson\documents\github\pickles\src\Pickles.TestFrameworks.UnitTests\bin\Debug\net6.0\PicklesDoc.Pickles.TestFrameworks.UnitTests.dll" adapterTypeName="executor://nunit3testexecutor/" className="PicklesDoc.Pickles.TestFrameworks.UnitTests.CucumberJson.WhenParsingCucumberJsonFromJSResultsFileWithIndividualResults" name="ThenCanReadIndividualResultsFromScenarioOutline_MultipleNamedExamplesWithDuplicateValues_ShouldMatchExamples" />
    </UnitTest>
    <UnitTest name="ThenCanReadIndividualResultsFromScenarioOutline_MultipleNamedExamples_ShouldMatchExamples" storage="c:\users\ericcarlson\documents\github\pickles\src\pickles.testframeworks.unittests\bin\debug\net6.0\picklesdoc.pickles.testframeworks.unittests.dll" id="be92073c-cf35-830c-7fa7-636e79ce0e65">
      <Execution id="c7f767ea-ddd1-4756-acf8-7338b22e8f4f" />
      <TestMethod codeBase="C:\Users\ericcarlson\documents\github\pickles\src\Pickles.TestFrameworks.UnitTests\bin\Debug\net6.0\PicklesDoc.Pickles.TestFrameworks.UnitTests.dll" adapterTypeName="executor://nunit3testexecutor/" className="PicklesDoc.Pickles.TestFrameworks.UnitTests.CucumberJson.WhenParsingCucumberJsonFromJSResultsFileWithIndividualResults" name="ThenCanReadIndividualResultsFromScenarioOutline_MultipleNamedExamples_ShouldMatchExamples" />
    </UnitTest>
    <UnitTest name="ThenCanReadInconclusiveScenarioResultSuccessfully" storage="c:\users\ericcarlson\documents\github\pickles\src\pickles.testframeworks.unittests\bin\debug\net6.0\picklesdoc.pickles.testframeworks.unittests.dll" id="d8c07703-c6ba-2990-8554-e0597fbd2a9a">
      <Execution id="ab697ac3-1489-4c46-bdd0-54e7e61d4c78" />
      <TestMethod codeBase="C:\Users\ericcarlson\documents\github\pickles\src\Pickles.TestFrameworks.UnitTests\bin\Debug\net6.0\PicklesDoc.Pickles.TestFrameworks.UnitTests.dll" adapterTypeName="executor://nunit3testexecutor/" className="PicklesDoc.Pickles.TestFrameworks.UnitTests.MsTest.WhenParsingMsTestResultsFile" name="ThenCanReadInconclusiveScenarioResultSuccessfully" />
    </UnitTest>
    <UnitTest name="ThenCanReadResultOfScenarioOutlineWithSpecialCharacters" storage="c:\users\ericcarlson\documents\github\pickles\src\pickles.testframeworks.unittests\bin\debug\net6.0\picklesdoc.pickles.testframeworks.unittests.dll" id="f433ab30-ec94-3266-329c-2d06d086eb91">
      <Execution id="5bc39e73-adb2-422d-989d-ea512977ab4e" />
      <TestMethod codeBase="C:\Users\ericcarlson\documents\github\pickles\src\Pickles.TestFrameworks.UnitTests\bin\Debug\net6.0\PicklesDoc.Pickles.TestFrameworks.UnitTests.dll" adapterTypeName="executor://nunit3testexecutor/" className="PicklesDoc.Pickles.TestFrameworks.UnitTests.CucumberJson.WhenParsingCucumberJsonFromJSResultsFile" name="ThenCanReadResultOfScenarioOutlineWithSpecialCharacters" />
    </UnitTest>
    <UnitTest name="ThenCanReadResultsWithBackslashes" storage="c:\users\ericcarlson\documents\github\pickles\src\pickles.testframeworks.unittests\bin\debug\net6.0\picklesdoc.pickles.testframeworks.unittests.dll" id="5bf4d307-a36a-3c36-5190-d6315ecad070">
      <Execution id="1861054a-5510-4307-a9f7-8edfb1877e82" />
      <TestMethod codeBase="C:\Users\ericcarlson\documents\github\pickles\src\Pickles.TestFrameworks.UnitTests\bin\Debug\net6.0\PicklesDoc.Pickles.TestFrameworks.UnitTests.dll" adapterTypeName="executor://nunit3testexecutor/" className="PicklesDoc.Pickles.TestFrameworks.UnitTests.NUnit.NUnit3.WhenParsingNunit3ResultsFileForNunit2Tests" name="ThenCanReadResultsWithBackslashes" />
    </UnitTest>
    <UnitTest name="ThenCanReadIgnoredScenarioResultSuccessfully" storage="c:\users\ericcarlson\documents\github\pickles\src\pickles.testframeworks.unittests\bin\debug\net6.0\picklesdoc.pickles.testframeworks.unittests.dll" id="e41e37c8-c167-4d5a-947f-916a5e4f0a98">
      <Execution id="2a897c84-b86a-4562-9127-dd08206e2cb5" />
      <TestMethod codeBase="C:\Users\ericcarlson\documents\github\pickles\src\Pickles.TestFrameworks.UnitTests\bin\Debug\net6.0\PicklesDoc.Pickles.TestFrameworks.UnitTests.dll" adapterTypeName="executor://nunit3testexecutor/" className="PicklesDoc.Pickles.TestFrameworks.UnitTests.VsTest.WhenParsingVsTestResultsFile" name="ThenCanReadIgnoredScenarioResultSuccessfully" />
    </UnitTest>
    <UnitTest name="RegularExpressionAsExampleContentMatches_With_FullStop_And_Asterisk" storage="c:\users\ericcarlson\documents\github\pickles\src\pickles.testframeworks.unittests\bin\debug\net6.0\picklesdoc.pickles.testframeworks.unittests.dll" id="2fbca240-d73e-90fe-fa10-66a717472df8">
      <Execution id="3ba22e5a-3ad4-4a89-85d6-bfff2d207e04" />
      <TestMethod codeBase="C:\Users\ericcarlson\documents\github\pickles\src\Pickles.TestFrameworks.UnitTests\bin\Debug\net6.0\PicklesDoc.Pickles.TestFrameworks.UnitTests.dll" adapterTypeName="executor://nunit3testexecutor/" className="PicklesDoc.Pickles.TestFrameworks.UnitTests.XUnit.XUnit2.WhenDeterminingTheSignatureOfAnXUnit2ExampleRow" name="RegularExpressionAsExampleContentMatches_With_FullStop_And_Asterisk" />
    </UnitTest>
    <UnitTest name="ThenCanReadIndividualResultsFromScenarioOutline_MultipleExampleSections_ShouldBeTestResultFailed" storage="c:\users\ericcarlson\documents\github\pickles\src\pickles.testframeworks.unittests\bin\debug\net6.0\picklesdoc.pickles.testframeworks.unittests.dll" id="e88e51df-0600-5288-c5bd-454451abcf17">
      <Execution id="1d1de207-c76a-4fda-ac50-77f0c564131a" />
      <TestMethod codeBase="C:\Users\ericcarlson\documents\github\pickles\src\Pickles.TestFrameworks.UnitTests\bin\Debug\net6.0\PicklesDoc.Pickles.TestFrameworks.UnitTests.dll" adapterTypeName="executor://nunit3testexecutor/" className="PicklesDoc.Pickles.TestFrameworks.UnitTests.NUnit.NUnit3.WhenParsingNUnitResultsFileWithIndividualResults" name="ThenCanReadIndividualResultsFromScenarioOutline_MultipleExampleSections_ShouldBeTestResultFailed" />
    </UnitTest>
    <UnitTest name="ThenCanReadResultOfScenarioOutlineWithAmpersand" storage="c:\users\ericcarlson\documents\github\pickles\src\pickles.testframeworks.unittests\bin\debug\net6.0\picklesdoc.pickles.testframeworks.unittests.dll" id="99f5e557-c1c6-7f3a-33fd-4b0fa5a0fc7b">
      <Execution id="137794b7-ac66-4090-a0a8-6f3f77c79e48" />
      <TestMethod codeBase="C:\Users\ericcarlson\documents\github\pickles\src\Pickles.TestFrameworks.UnitTests\bin\Debug\net6.0\PicklesDoc.Pickles.TestFrameworks.UnitTests.dll" adapterTypeName="executor://nunit3testexecutor/" className="PicklesDoc.Pickles.TestFrameworks.UnitTests.CucumberJson.WhenParsingCucumberJsonFromRubyResultsFile" name="ThenCanReadResultOfScenarioOutlineWithAmpersand" />
    </UnitTest>
    <UnitTest name="ThenCanReadIndividualResultsFromScenarioOutline_OneInconclusive_ShouldBeTestResultInconclusive" storage="c:\users\ericcarlson\documents\github\pickles\src\pickles.testframeworks.unittests\bin\debug\net6.0\picklesdoc.pickles.testframeworks.unittests.dll" id="0d0f4cc2-46ec-cf86-fc13-2bff0b09bc6d">
      <Execution id="0ac1c7f3-1223-498d-9fcd-e2267ca28643" />
      <TestMethod codeBase="C:\Users\ericcarlson\documents\github\pickles\src\Pickles.TestFrameworks.UnitTests\bin\Debug\net6.0\PicklesDoc.Pickles.TestFrameworks.UnitTests.dll" adapterTypeName="executor://nunit3testexecutor/" className="PicklesDoc.Pickles.TestFrameworks.UnitTests.XUnit.XUnit1.WhenParsingXUnitResultsFileWithIndividualResults" name="ThenCanReadIndividualResultsFromScenarioOutline_OneInconclusive_ShouldBeTestResultInconclusive" />
    </UnitTest>
    <UnitTest name="ThenCanReadFeatureResultSuccessfully" storage="c:\users\ericcarlson\documents\github\pickles\src\pickles.testframeworks.unittests\bin\debug\net6.0\picklesdoc.pickles.testframeworks.unittests.dll" id="0bcd34cc-6526-724a-3466-15a3045d227d">
      <Execution id="b5518db2-fde0-4561-a06d-c3dc21800a3b" />
      <TestMethod codeBase="C:\Users\ericcarlson\documents\github\pickles\src\Pickles.TestFrameworks.UnitTests\bin\Debug\net6.0\PicklesDoc.Pickles.TestFrameworks.UnitTests.dll" adapterTypeName="executor://nunit3testexecutor/" className="PicklesDoc.Pickles.TestFrameworks.UnitTests.NUnit.NUnit3.WhenParsingNunit3ResultsFileForNunit2Tests" name="ThenCanReadFeatureResultSuccessfully" />
    </UnitTest>
    <UnitTest name="ThenCanReadResultOfScenarioOutlineWithAmpersand" storage="c:\users\ericcarlson\documents\github\pickles\src\pickles.testframeworks.unittests\bin\debug\net6.0\picklesdoc.pickles.testframeworks.unittests.dll" id="62eaccee-691a-dc72-a0c7-fc4bd9bbc8f7">
      <Execution id="90392536-f4cb-4b16-8a08-1cc69873c72d" />
      <TestMethod codeBase="C:\Users\ericcarlson\documents\github\pickles\src\Pickles.TestFrameworks.UnitTests\bin\Debug\net6.0\PicklesDoc.Pickles.TestFrameworks.UnitTests.dll" adapterTypeName="executor://nunit3testexecutor/" className="PicklesDoc.Pickles.TestFrameworks.UnitTests.XUnit.XUnit1.WhenParsingxUnitResultsFile" name="ThenCanReadResultOfScenarioOutlineWithAmpersand" />
    </UnitTest>
    <UnitTest name="ThenCanReadResultsWithBackslashes" storage="c:\users\ericcarlson\documents\github\pickles\src\pickles.testframeworks.unittests\bin\debug\net6.0\picklesdoc.pickles.testframeworks.unittests.dll" id="0d4c793d-3e33-a08f-1290-d7f68ea68b15">
      <Execution id="1f4cc336-94a2-4bf2-9275-20ba49009c99" />
      <TestMethod codeBase="C:\Users\ericcarlson\documents\github\pickles\src\Pickles.TestFrameworks.UnitTests\bin\Debug\net6.0\PicklesDoc.Pickles.TestFrameworks.UnitTests.dll" adapterTypeName="executor://nunit3testexecutor/" className="PicklesDoc.Pickles.TestFrameworks.UnitTests.MsTest.WhenParsingMsTestResultsFile" name="ThenCanReadResultsWithBackslashes" />
    </UnitTest>
    <UnitTest name="ThenCanReadResultOfScenarioOutlineWithSpecialCharacters" storage="c:\users\ericcarlson\documents\github\pickles\src\pickles.testframeworks.unittests\bin\debug\net6.0\picklesdoc.pickles.testframeworks.unittests.dll" id="5528f4d8-ebd5-6f1e-e4bf-3f7dddfcc499">
      <Execution id="5c459de0-77f9-4f4b-9c62-d3ccce882328" />
      <TestMethod codeBase="C:\Users\ericcarlson\documents\github\pickles\src\Pickles.TestFrameworks.UnitTests\bin\Debug\net6.0\PicklesDoc.Pickles.TestFrameworks.UnitTests.dll" adapterTypeName="executor://nunit3testexecutor/" className="PicklesDoc.Pickles.TestFrameworks.UnitTests.CucumberJson.WhenParsingCucumberJsonFromRubyResultsFile" name="ThenCanReadResultOfScenarioOutlineWithSpecialCharacters" />
    </UnitTest>
    <UnitTest name="ThenCanReadResultOfScenarioOutlineWithSpecialCharacters" storage="c:\users\ericcarlson\documents\github\pickles\src\pickles.testframeworks.unittests\bin\debug\net6.0\picklesdoc.pickles.testframeworks.unittests.dll" id="d09ead03-57a4-a7c5-33ac-18bdf2ed785e">
      <Execution id="f77177d4-4f34-4e1b-b3f2-8e7a8f90b230" />
      <TestMethod codeBase="C:\Users\ericcarlson\documents\github\pickles\src\Pickles.TestFrameworks.UnitTests\bin\Debug\net6.0\PicklesDoc.Pickles.TestFrameworks.UnitTests.dll" adapterTypeName="executor://nunit3testexecutor/" className="PicklesDoc.Pickles.TestFrameworks.UnitTests.NUnit.NUnit3.WhenParsingNunit3ResultsFileForNunit2Tests" name="ThenCanReadResultOfScenarioOutlineWithSpecialCharacters" />
    </UnitTest>
    <UnitTest name="ThenCanReadResultOfScenarioWithSpanishCharacters" storage="c:\users\ericcarlson\documents\github\pickles\src\pickles.testframeworks.unittests\bin\debug\net6.0\picklesdoc.pickles.testframeworks.unittests.dll" id="dc101341-c73f-f576-2045-514a0c7d85da">
      <Execution id="406b8187-351c-4103-b22d-acd1618cc220" />
      <TestMethod codeBase="C:\Users\ericcarlson\documents\github\pickles\src\Pickles.TestFrameworks.UnitTests\bin\Debug\net6.0\PicklesDoc.Pickles.TestFrameworks.UnitTests.dll" adapterTypeName="executor://nunit3testexecutor/" className="PicklesDoc.Pickles.TestFrameworks.UnitTests.XUnit.XUnit1.WhenParsingxUnitResultsFile" name="ThenCanReadResultOfScenarioWithSpanishCharacters" />
    </UnitTest>
    <UnitTest name="ThenCanReadIndividualResultsFromScenarioOutline_MultipleNamedExamples_ShouldMatchExamples" storage="c:\users\ericcarlson\documents\github\pickles\src\pickles.testframeworks.unittests\bin\debug\net6.0\picklesdoc.pickles.testframeworks.unittests.dll" id="86e3825d-829f-92fe-d878-0ca95ca51e4d">
      <Execution id="36691b6e-b6ba-4094-a6e7-dceef759daae" />
      <TestMethod codeBase="C:\Users\ericcarlson\documents\github\pickles\src\Pickles.TestFrameworks.UnitTests\bin\Debug\net6.0\PicklesDoc.Pickles.TestFrameworks.UnitTests.dll" adapterTypeName="executor://nunit3testexecutor/" className="PicklesDoc.Pickles.TestFrameworks.UnitTests.NUnit.NUnit2.WhenParsingNUnitResultsFileWithIndividualResults" name="ThenCanReadIndividualResultsFromScenarioOutline_MultipleNamedExamples_ShouldMatchExamples" />
    </UnitTest>
    <UnitTest name="ThenCanReadResultOfScenarioWithFailingBackground" storage="c:\users\ericcarlson\documents\github\pickles\src\pickles.testframeworks.unittests\bin\debug\net6.0\picklesdoc.pickles.testframeworks.unittests.dll" id="9893997e-53da-cb26-1457-0e4e96142bee">
      <Execution id="6c76c179-1f5b-4b4c-a7af-523ba300c301" />
      <TestMethod codeBase="C:\Users\ericcarlson\documents\github\pickles\src\Pickles.TestFrameworks.UnitTests\bin\Debug\net6.0\PicklesDoc.Pickles.TestFrameworks.UnitTests.dll" adapterTypeName="executor://nunit3testexecutor/" className="PicklesDoc.Pickles.TestFrameworks.UnitTests.NUnit.NUnit3.WhenParsingNunit3ResultsFileForNunit2Tests" name="ThenCanReadResultOfScenarioWithFailingBackground" />
    </UnitTest>
    <UnitTest name="ThenCanReadResultOfFeatureWithFailingBackground" storage="c:\users\ericcarlson\documents\github\pickles\src\pickles.testframeworks.unittests\bin\debug\net6.0\picklesdoc.pickles.testframeworks.unittests.dll" id="8ace6733-ba13-8c23-aec1-3ea938759ad0">
      <Execution id="f032677d-67a3-4019-8fd2-b8b916d40b08" />
      <TestMethod codeBase="C:\Users\ericcarlson\documents\github\pickles\src\Pickles.TestFrameworks.UnitTests\bin\Debug\net6.0\PicklesDoc.Pickles.TestFrameworks.UnitTests.dll" adapterTypeName="executor://nunit3testexecutor/" className="PicklesDoc.Pickles.TestFrameworks.UnitTests.NUnit.NUnit2.WhenParsingNUnitResultsFile" name="ThenCanReadResultOfFeatureWithFailingBackground" />
    </UnitTest>
    <UnitTest name="ThenCanReadSuccessfulScenarioResultSuccessfully" storage="c:\users\ericcarlson\documents\github\pickles\src\pickles.testframeworks.unittests\bin\debug\net6.0\picklesdoc.pickles.testframeworks.unittests.dll" id="704a0578-e150-f687-8667-46c29aab4a2d">
      <Execution id="42b579a9-235d-4783-9698-618696e7f996" />
      <TestMethod codeBase="C:\Users\ericcarlson\documents\github\pickles\src\Pickles.TestFrameworks.UnitTests\bin\Debug\net6.0\PicklesDoc.Pickles.TestFrameworks.UnitTests.dll" adapterTypeName="executor://nunit3testexecutor/" className="PicklesDoc.Pickles.TestFrameworks.UnitTests.VsTest.WhenParsingVsTestResultsFile" name="ThenCanReadSuccessfulScenarioResultSuccessfully" />
    </UnitTest>
    <UnitTest name="ThenCanReadExamplesWithLongExampleValues" storage="c:\users\ericcarlson\documents\github\pickles\src\pickles.testframeworks.unittests\bin\debug\net6.0\picklesdoc.pickles.testframeworks.unittests.dll" id="35ba7772-dced-01ec-65bd-9f0afe402f1a">
      <Execution id="63804e50-933a-45a5-bfd8-c9be57f4900e" />
      <TestMethod codeBase="C:\Users\ericcarlson\documents\github\pickles\src\Pickles.TestFrameworks.UnitTests\bin\Debug\net6.0\PicklesDoc.Pickles.TestFrameworks.UnitTests.dll" adapterTypeName="executor://nunit3testexecutor/" className="PicklesDoc.Pickles.TestFrameworks.UnitTests.MsTest.WhenParsingMsTestResultsFileWithIndividualResults" name="ThenCanReadExamplesWithLongExampleValues" />
    </UnitTest>
    <UnitTest name="ThenCanReadResultOfScenarioWithSpecialCharacters" storage="c:\users\ericcarlson\documents\github\pickles\src\pickles.testframeworks.unittests\bin\debug\net6.0\picklesdoc.pickles.testframeworks.unittests.dll" id="279277b8-c475-1740-4b89-51c71b5e60bc">
      <Execution id="feb77038-cc57-4739-9f9d-729262ae5635" />
      <TestMethod codeBase="C:\Users\ericcarlson\documents\github\pickles\src\Pickles.TestFrameworks.UnitTests\bin\Debug\net6.0\PicklesDoc.Pickles.TestFrameworks.UnitTests.dll" adapterTypeName="executor://nunit3testexecutor/" className="PicklesDoc.Pickles.TestFrameworks.UnitTests.MsTest.WhenParsingMsTestResultsFile" name="ThenCanReadResultOfScenarioWithSpecialCharacters" />
    </UnitTest>
    <UnitTest name="ThenCanReadResultOfScenarioOutlineWithSpecialCharacters" storage="c:\users\ericcarlson\documents\github\pickles\src\pickles.testframeworks.unittests\bin\debug\net6.0\picklesdoc.pickles.testframeworks.unittests.dll" id="20f75a53-728a-3e27-2cbb-bec08c93c778">
      <Execution id="e2555123-3382-4627-8564-6708c562225d" />
      <TestMethod codeBase="C:\Users\ericcarlson\documents\github\pickles\src\Pickles.TestFrameworks.UnitTests\bin\Debug\net6.0\PicklesDoc.Pickles.TestFrameworks.UnitTests.dll" adapterTypeName="executor://nunit3testexecutor/" className="PicklesDoc.Pickles.TestFrameworks.UnitTests.NUnit.NUnit2.WhenParsingNUnitResultsFile" name="ThenCanReadResultOfScenarioOutlineWithSpecialCharacters" />
    </UnitTest>
    <UnitTest name="ThenCanReadResultOfScenarioWithSpanishCharacters" storage="c:\users\ericcarlson\documents\github\pickles\src\pickles.testframeworks.unittests\bin\debug\net6.0\picklesdoc.pickles.testframeworks.unittests.dll" id="2fa9a1f4-abc4-ffa0-207f-983e0f96fe73">
      <Execution id="fa17bfba-7550-41a7-a90f-2b8b6fcadf86" />
      <TestMethod codeBase="C:\Users\ericcarlson\documents\github\pickles\src\Pickles.TestFrameworks.UnitTests\bin\Debug\net6.0\PicklesDoc.Pickles.TestFrameworks.UnitTests.dll" adapterTypeName="executor://nunit3testexecutor/" className="PicklesDoc.Pickles.TestFrameworks.UnitTests.SpecRun.WhenParsingSpecRunTestResultsFile" name="ThenCanReadResultOfScenarioWithSpanishCharacters" />
    </UnitTest>
    <UnitTest name="ThenCanReadSuccessfulScenarioResultSuccessfully" storage="c:\users\ericcarlson\documents\github\pickles\src\pickles.testframeworks.unittests\bin\debug\net6.0\picklesdoc.pickles.testframeworks.unittests.dll" id="66e03bc3-9a1a-bb82-873e-d256b3c27477">
      <Execution id="c062f334-1c27-46b9-91ae-1962fe5bee7c" />
      <TestMethod codeBase="C:\Users\ericcarlson\documents\github\pickles\src\Pickles.TestFrameworks.UnitTests\bin\Debug\net6.0\PicklesDoc.Pickles.TestFrameworks.UnitTests.dll" adapterTypeName="executor://nunit3testexecutor/" className="PicklesDoc.Pickles.TestFrameworks.UnitTests.MsTest.WhenParsingMsTestResultsFile" name="ThenCanReadSuccessfulScenarioResultSuccessfully" />
    </UnitTest>
    <UnitTest name="RegularExpressionAsExampleContentMatches_With_Full_Regular_Expression" storage="c:\users\ericcarlson\documents\github\pickles\src\pickles.testframeworks.unittests\bin\debug\net6.0\picklesdoc.pickles.testframeworks.unittests.dll" id="6768218c-6567-ac9b-b338-b8819476acaf">
      <Execution id="9b38d6ee-b37a-4829-927a-2f8af8cf6e13" />
      <TestMethod codeBase="C:\Users\ericcarlson\documents\github\pickles\src\Pickles.TestFrameworks.UnitTests\bin\Debug\net6.0\PicklesDoc.Pickles.TestFrameworks.UnitTests.dll" adapterTypeName="executor://nunit3testexecutor/" className="PicklesDoc.Pickles.TestFrameworks.UnitTests.XUnit.XUnit2.WhenDeterminingTheSignatureOfAnXUnit2ExampleRow" name="RegularExpressionAsExampleContentMatches_With_Full_Regular_Expression" />
    </UnitTest>
    <UnitTest name="ThenCanReadResultOfFeatureWithFailingBackground" storage="c:\users\ericcarlson\documents\github\pickles\src\pickles.testframeworks.unittests\bin\debug\net6.0\picklesdoc.pickles.testframeworks.unittests.dll" id="51b33863-1938-707d-697f-94c37596fd6d">
      <Execution id="56215c13-7f8e-43e6-891d-1cabc617ee95" />
      <TestMethod codeBase="C:\Users\ericcarlson\documents\github\pickles\src\Pickles.TestFrameworks.UnitTests\bin\Debug\net6.0\PicklesDoc.Pickles.TestFrameworks.UnitTests.dll" adapterTypeName="executor://nunit3testexecutor/" className="PicklesDoc.Pickles.TestFrameworks.UnitTests.CucumberJson.WhenParsingCucumberJsonFromRubyResultsFile" name="ThenCanReadResultOfFeatureWithFailingBackground" />
    </UnitTest>
    <UnitTest name="ThenCanReadResultOfScenarioOutlineWithFailingBackground" storage="c:\users\ericcarlson\documents\github\pickles\src\pickles.testframeworks.unittests\bin\debug\net6.0\picklesdoc.pickles.testframeworks.unittests.dll" id="2f1248d0-a771-9597-d90a-fb612873ab24">
      <Execution id="a225222b-f5b5-4f26-991b-a252249541ef" />
      <TestMethod codeBase="C:\Users\ericcarlson\documents\github\pickles\src\Pickles.TestFrameworks.UnitTests\bin\Debug\net6.0\PicklesDoc.Pickles.TestFrameworks.UnitTests.dll" adapterTypeName="executor://nunit3testexecutor/" className="PicklesDoc.Pickles.TestFrameworks.UnitTests.CucumberJson.WhenParsingCucumberJsonFromRubyResultsFile" name="ThenCanReadResultOfScenarioOutlineWithFailingBackground" />
    </UnitTest>
    <UnitTest name="ThenCanResolve(&quot;results-example-xunit.xml&quot;,&quot;XUnit.XUnit1.results-example-xunit.xml&quot;,XUnit1,PicklesDoc.Pickles.TestFrameworks.XUnit.XUnit1.XUnit1Results)" storage="c:\users\ericcarlson\documents\github\pickles\src\pickles.testframeworks.unittests\bin\debug\net6.0\picklesdoc.pickles.testframeworks.unittests.dll" id="47086e35-06f3-bc27-02fb-3f657d13b0a3">
      <Execution id="40c704fc-1f66-49b6-a51c-3edb019f7c73" />
      <TestMethod codeBase="C:\Users\ericcarlson\documents\github\pickles\src\Pickles.TestFrameworks.UnitTests\bin\Debug\net6.0\PicklesDoc.Pickles.TestFrameworks.UnitTests.dll" adapterTypeName="executor://nunit3testexecutor/" className="PicklesDoc.Pickles.TestFrameworks.UnitTests.WhenResolvingTestResults" name="ThenCanResolve(&quot;results-example-xunit.xml&quot;,&quot;XUnit.XUnit1.results-example-xunit.xml&quot;,XUnit1,PicklesDoc.Pickles.TestFrameworks.XUnit.XUnit1.XUnit1Results)" />
    </UnitTest>
    <UnitTest name="ThenCanReadIndividualResultsFromScenarioOutline_MultipleExamplesWithDuplicateValues_ShouldMatchExamples" storage="c:\users\ericcarlson\documents\github\pickles\src\pickles.testframeworks.unittests\bin\debug\net6.0\picklesdoc.pickles.testframeworks.unittests.dll" id="dda4734d-9263-9683-bcf1-0cc612cb1594">
      <Execution id="37090af3-86d4-4071-b822-0cfbca7fc0fe" />
      <TestMethod codeBase="C:\Users\ericcarlson\documents\github\pickles\src\Pickles.TestFrameworks.UnitTests\bin\Debug\net6.0\PicklesDoc.Pickles.TestFrameworks.UnitTests.dll" adapterTypeName="executor://nunit3testexecutor/" className="PicklesDoc.Pickles.TestFrameworks.UnitTests.NUnit.NUnit3.WhenParsingNUnitResultsFileWithIndividualResults" name="ThenCanReadIndividualResultsFromScenarioOutline_MultipleExamplesWithDuplicateValues_ShouldMatchExamples" />
    </UnitTest>
    <UnitTest name="ThenCanReadIgnoredScenarioResultSuccessfully" storage="c:\users\ericcarlson\documents\github\pickles\src\pickles.testframeworks.unittests\bin\debug\net6.0\picklesdoc.pickles.testframeworks.unittests.dll" id="8bb3b051-fd54-70fa-37da-5e1986e478a5">
      <Execution id="6546441f-11b8-4d93-914b-d9db40131fc2" />
      <TestMethod codeBase="C:\Users\ericcarlson\documents\github\pickles\src\Pickles.TestFrameworks.UnitTests\bin\Debug\net6.0\PicklesDoc.Pickles.TestFrameworks.UnitTests.dll" adapterTypeName="executor://nunit3testexecutor/" className="PicklesDoc.Pickles.TestFrameworks.UnitTests.NUnit.NUnit3.WhenParsingNunit3ResultsFileForNunit2Tests" name="ThenCanReadIgnoredScenarioResultSuccessfully" />
    </UnitTest>
    <UnitTest name="ThenCanReadResultOfScenarioWithDanishCharacters" storage="c:\users\ericcarlson\documents\github\pickles\src\pickles.testframeworks.unittests\bin\debug\net6.0\picklesdoc.pickles.testframeworks.unittests.dll" id="c453c6ec-7ac7-6aba-4513-ebc0b71441c4">
      <Execution id="99115ae7-1530-47e8-bc88-f57fa95b49a5" />
      <TestMethod codeBase="C:\Users\ericcarlson\documents\github\pickles\src\Pickles.TestFrameworks.UnitTests\bin\Debug\net6.0\PicklesDoc.Pickles.TestFrameworks.UnitTests.dll" adapterTypeName="executor://nunit3testexecutor/" className="PicklesDoc.Pickles.TestFrameworks.UnitTests.NUnit.NUnit2.WhenParsingNUnitResultsFile" name="ThenCanReadResultOfScenarioWithDanishCharacters" />
    </UnitTest>
    <UnitTest name="ThenCanResolveAsSingleton(null,null,null,PicklesDoc.Pickles.TestFrameworks.NullTestResults)" storage="c:\users\ericcarlson\documents\github\pickles\src\pickles.testframeworks.unittests\bin\debug\net6.0\picklesdoc.pickles.testframeworks.unittests.dll" id="1b78643d-a4c2-713e-da90-2e6b0238a12b">
      <Execution id="baac1e09-7dad-4fa5-9fa6-ab7d270d46ba" />
      <TestMethod codeBase="C:\Users\ericcarlson\documents\github\pickles\src\Pickles.TestFrameworks.UnitTests\bin\Debug\net6.0\PicklesDoc.Pickles.TestFrameworks.UnitTests.dll" adapterTypeName="executor://nunit3testexecutor/" className="PicklesDoc.Pickles.TestFrameworks.UnitTests.WhenResolvingTestResults" name="ThenCanResolveAsSingleton(null,null,null,PicklesDoc.Pickles.TestFrameworks.NullTestResults)" />
    </UnitTest>
    <UnitTest name="ThenCanSuccessfullyMatchExamplesWithLongValues" storage="c:\users\ericcarlson\documents\github\pickles\src\pickles.testframeworks.unittests\bin\debug\net6.0\picklesdoc.pickles.testframeworks.unittests.dll" id="4daa0264-d422-7a85-989e-1ae9e712a1eb">
      <Execution id="ed09510d-e488-4353-94d2-bc9452525c10" />
      <TestMethod codeBase="C:\Users\ericcarlson\documents\github\pickles\src\Pickles.TestFrameworks.UnitTests\bin\Debug\net6.0\PicklesDoc.Pickles.TestFrameworks.UnitTests.dll" adapterTypeName="executor://nunit3testexecutor/" className="PicklesDoc.Pickles.TestFrameworks.UnitTests.NUnit.NUnit2.WhenDeterminingTheSignatureOfAnNUnitExampleRow" name="ThenCanSuccessfullyMatchExamplesWithLongValues" />
    </UnitTest>
    <UnitTest name="ThenCanReadResultOfScenarioWithFailingBackground" storage="c:\users\ericcarlson\documents\github\pickles\src\pickles.testframeworks.unittests\bin\debug\net6.0\picklesdoc.pickles.testframeworks.unittests.dll" id="f7956f7c-5887-9a0c-7c3e-645573a0e845">
      <Execution id="fd8caae6-9f3c-48fd-a619-a15733010a68" />
      <TestMethod codeBase="C:\Users\ericcarlson\documents\github\pickles\src\Pickles.TestFrameworks.UnitTests\bin\Debug\net6.0\PicklesDoc.Pickles.TestFrameworks.UnitTests.dll" adapterTypeName="executor://nunit3testexecutor/" className="PicklesDoc.Pickles.TestFrameworks.UnitTests.MsTest.WhenParsingMsTestResultsFile" name="ThenCanReadResultOfScenarioWithFailingBackground" />
    </UnitTest>
    <UnitTest name="ThenCanReadIndividualResultsFromScenarioOutline_ExamplesWithDuplicateValues_ShouldMatchExamples" storage="c:\users\ericcarlson\documents\github\pickles\src\pickles.testframeworks.unittests\bin\debug\net6.0\picklesdoc.pickles.testframeworks.unittests.dll" id="ad512448-3972-9a5f-6725-9bed00cac1bb">
      <Execution id="246ecb6e-8738-4ecf-919f-c5a555a03c94" />
      <TestMethod codeBase="C:\Users\ericcarlson\documents\github\pickles\src\Pickles.TestFrameworks.UnitTests\bin\Debug\net6.0\PicklesDoc.Pickles.TestFrameworks.UnitTests.dll" adapterTypeName="executor://nunit3testexecutor/" className="PicklesDoc.Pickles.TestFrameworks.UnitTests.CucumberJson.WhenParsingCucumberJsonFromRubyResultsFileWithIndividualResults" name="ThenCanReadIndividualResultsFromScenarioOutline_ExamplesWithDuplicateValues_ShouldMatchExamples" />
    </UnitTest>
    <UnitTest name="ThenCanReadFeatureResultSuccessfully" storage="c:\users\ericcarlson\documents\github\pickles\src\pickles.testframeworks.unittests\bin\debug\net6.0\picklesdoc.pickles.testframeworks.unittests.dll" id="04e26c3f-1210-a75b-c0bc-6ef78e296957">
      <Execution id="6cbd2dd3-d907-4619-b5e5-b5a8a41e2f39" />
      <TestMethod codeBase="C:\Users\ericcarlson\documents\github\pickles\src\Pickles.TestFrameworks.UnitTests\bin\Debug\net6.0\PicklesDoc.Pickles.TestFrameworks.UnitTests.dll" adapterTypeName="executor://nunit3testexecutor/" className="PicklesDoc.Pickles.TestFrameworks.UnitTests.NUnit.NUnit3.WhenParsingNunit3ResultsFile" name="ThenCanReadFeatureResultSuccessfully" />
    </UnitTest>
    <UnitTest name="ThenCanReadFailedScenarioResultSuccessfully" storage="c:\users\ericcarlson\documents\github\pickles\src\pickles.testframeworks.unittests\bin\debug\net6.0\picklesdoc.pickles.testframeworks.unittests.dll" id="577232fa-4820-0031-8220-5c10c6849f65">
      <Execution id="3de461b6-b32e-4fb6-91b5-584b8fec5e49" />
      <TestMethod codeBase="C:\Users\ericcarlson\documents\github\pickles\src\Pickles.TestFrameworks.UnitTests\bin\Debug\net6.0\PicklesDoc.Pickles.TestFrameworks.UnitTests.dll" adapterTypeName="executor://nunit3testexecutor/" className="PicklesDoc.Pickles.TestFrameworks.UnitTests.CucumberJson.WhenParsingCucumberJsonFromRubyResultsFile" name="ThenCanReadFailedScenarioResultSuccessfully" />
    </UnitTest>
    <UnitTest name="ThenCanReadResultOfScenarioWithFailingBackground" storage="c:\users\ericcarlson\documents\github\pickles\src\pickles.testframeworks.unittests\bin\debug\net6.0\picklesdoc.pickles.testframeworks.unittests.dll" id="53b5d2b4-1979-aefd-9cc8-74b7bed357fa">
      <Execution id="d61cf71c-4ee1-452e-a906-6bb3c260f84d" />
      <TestMethod codeBase="C:\Users\ericcarlson\documents\github\pickles\src\Pickles.TestFrameworks.UnitTests\bin\Debug\net6.0\PicklesDoc.Pickles.TestFrameworks.UnitTests.dll" adapterTypeName="executor://nunit3testexecutor/" className="PicklesDoc.Pickles.TestFrameworks.UnitTests.NUnit.NUnit3.WhenParsingNunit3ResultsFile" name="ThenCanReadResultOfScenarioWithFailingBackground" />
    </UnitTest>
    <UnitTest name="ThenCanReadPassedFeatureResultSuccessfully" storage="c:\users\ericcarlson\documents\github\pickles\src\pickles.testframeworks.unittests\bin\debug\net6.0\picklesdoc.pickles.testframeworks.unittests.dll" id="1fd45540-89f6-40d1-32d1-2043299aad61">
      <Execution id="94b5733f-868d-4aea-8510-88ec0062b030" />
      <TestMethod codeBase="C:\Users\ericcarlson\documents\github\pickles\src\Pickles.TestFrameworks.UnitTests\bin\Debug\net6.0\PicklesDoc.Pickles.TestFrameworks.UnitTests.dll" adapterTypeName="executor://nunit3testexecutor/" className="PicklesDoc.Pickles.TestFrameworks.UnitTests.SpecRun.WhenParsingSpecRunTestResultsFile" name="ThenCanReadPassedFeatureResultSuccessfully" />
    </UnitTest>
    <UnitTest name="ThenCanReadIndividualResultsFromScenarioOutline_AllPass_ShouldBeTestResultPassed" storage="c:\users\ericcarlson\documents\github\pickles\src\pickles.testframeworks.unittests\bin\debug\net6.0\picklesdoc.pickles.testframeworks.unittests.dll" id="883b6ac9-ac51-b5f6-5a08-17161bbcc88f">
      <Execution id="98386aac-b45b-4f95-af11-cc1d6bbf2808" />
      <TestMethod codeBase="C:\Users\ericcarlson\documents\github\pickles\src\Pickles.TestFrameworks.UnitTests\bin\Debug\net6.0\PicklesDoc.Pickles.TestFrameworks.UnitTests.dll" adapterTypeName="executor://nunit3testexecutor/" className="PicklesDoc.Pickles.TestFrameworks.UnitTests.SpecRun.WhenParsingSpecRunTestResultsFileWithIndividualResults" name="ThenCanReadIndividualResultsFromScenarioOutline_AllPass_ShouldBeTestResultPassed" />
    </UnitTest>
    <UnitTest name="ThenCanReadScenarioOutlineResultSuccessfully" storage="c:\users\ericcarlson\documents\github\pickles\src\pickles.testframeworks.unittests\bin\debug\net6.0\picklesdoc.pickles.testframeworks.unittests.dll" id="3baf913f-526d-3c8d-eef9-0705cb381b53">
      <Execution id="211080d8-93c1-40bc-b3d1-14046a8269f7" />
      <TestMethod codeBase="C:\Users\ericcarlson\documents\github\pickles\src\Pickles.TestFrameworks.UnitTests\bin\Debug\net6.0\PicklesDoc.Pickles.TestFrameworks.UnitTests.dll" adapterTypeName="executor://nunit3testexecutor/" className="PicklesDoc.Pickles.TestFrameworks.UnitTests.CucumberJson.WhenParsingCucumberJsonFromRubyResultsFile" name="ThenCanReadScenarioOutlineResultSuccessfully" />
    </UnitTest>
    <UnitTest name="ThenCanReadExamplesWithLongExampleValues" storage="c:\users\ericcarlson\documents\github\pickles\src\pickles.testframeworks.unittests\bin\debug\net6.0\picklesdoc.pickles.testframeworks.unittests.dll" id="d0bc7ea5-e2a0-6790-9331-20e93b51d0a9">
      <Execution id="bdf598ad-f50e-4a6d-a913-c23367c56200" />
      <TestMethod codeBase="C:\Users\ericcarlson\documents\github\pickles\src\Pickles.TestFrameworks.UnitTests\bin\Debug\net6.0\PicklesDoc.Pickles.TestFrameworks.UnitTests.dll" adapterTypeName="executor://nunit3testexecutor/" className="PicklesDoc.Pickles.TestFrameworks.UnitTests.NUnit.NUnit2.WhenParsingNUnitResultsFileWithIndividualResults" name="ThenCanReadExamplesWithLongExampleValues" />
    </UnitTest>
    <UnitTest name="ThenCanReadIndividualResultsFromScenarioOutline_OneFailed_ShouldBeTestResultFailed" storage="c:\users\ericcarlson\documents\github\pickles\src\pickles.testframeworks.unittests\bin\debug\net6.0\picklesdoc.pickles.testframeworks.unittests.dll" id="4fd0e4d4-201f-f92a-a4bd-73991d73bd74">
      <Execution id="1752b544-2fc1-405d-b5cb-404a84516ecd" />
      <TestMethod codeBase="C:\Users\ericcarlson\documents\github\pickles\src\Pickles.TestFrameworks.UnitTests\bin\Debug\net6.0\PicklesDoc.Pickles.TestFrameworks.UnitTests.dll" adapterTypeName="executor://nunit3testexecutor/" className="PicklesDoc.Pickles.TestFrameworks.UnitTests.NUnit.NUnit3.WhenParsingNUnitResultsFileWithIndividualResults" name="ThenCanReadIndividualResultsFromScenarioOutline_OneFailed_ShouldBeTestResultFailed" />
    </UnitTest>
    <UnitTest name="ThenCanReadResultOfScenarioOutlineWithSpecialCharacters" storage="c:\users\ericcarlson\documents\github\pickles\src\pickles.testframeworks.unittests\bin\debug\net6.0\picklesdoc.pickles.testframeworks.unittests.dll" id="81bd21f5-845e-aa35-fada-47a8b94de4c8">
      <Execution id="f499b63d-7468-4eec-8a58-a0cda98514b3" />
      <TestMethod codeBase="C:\Users\ericcarlson\documents\github\pickles\src\Pickles.TestFrameworks.UnitTests\bin\Debug\net6.0\PicklesDoc.Pickles.TestFrameworks.UnitTests.dll" adapterTypeName="executor://nunit3testexecutor/" className="PicklesDoc.Pickles.TestFrameworks.UnitTests.MsTest.WhenParsingMsTestResultsFile" name="ThenCanReadResultOfScenarioOutlineWithSpecialCharacters" />
    </UnitTest>
    <UnitTest name="ThenCanReadResultOfScenarioWithDanishCharacters" storage="c:\users\ericcarlson\documents\github\pickles\src\pickles.testframeworks.unittests\bin\debug\net6.0\picklesdoc.pickles.testframeworks.unittests.dll" id="e42f56d1-0116-4ec2-39ce-514840e88883">
      <Execution id="51165c23-6b87-4d5f-aac7-838fd01bece8" />
      <TestMethod codeBase="C:\Users\ericcarlson\documents\github\pickles\src\Pickles.TestFrameworks.UnitTests\bin\Debug\net6.0\PicklesDoc.Pickles.TestFrameworks.UnitTests.dll" adapterTypeName="executor://nunit3testexecutor/" className="PicklesDoc.Pickles.TestFrameworks.UnitTests.XUnit.XUnit1.WhenParsingxUnitResultsFile" name="ThenCanReadResultOfScenarioWithDanishCharacters" />
    </UnitTest>
    <UnitTest name="ThenCanReadIndividualResultsFromScenarioOutline_MultipleExamplesWithDuplicateValues_ShouldMatchExamples" storage="c:\users\ericcarlson\documents\github\pickles\src\pickles.testframeworks.unittests\bin\debug\net6.0\picklesdoc.pickles.testframeworks.unittests.dll" id="a64081be-e7d0-830f-dfc8-24bbee2a32f5">
      <Execution id="01087214-93f8-48ee-ae40-3162ca6b0da9" />
      <TestMethod codeBase="C:\Users\ericcarlson\documents\github\pickles\src\Pickles.TestFrameworks.UnitTests\bin\Debug\net6.0\PicklesDoc.Pickles.TestFrameworks.UnitTests.dll" adapterTypeName="executor://nunit3testexecutor/" className="PicklesDoc.Pickles.TestFrameworks.UnitTests.CucumberJson.WhenParsingCucumberJsonFromJSResultsFileWithIndividualResults" name="ThenCanReadIndividualResultsFromScenarioOutline_MultipleExamplesWithDuplicateValues_ShouldMatchExamples" />
    </UnitTest>
    <UnitTest name="ThenCanReadFeatureResultSuccessfully" storage="c:\users\ericcarlson\documents\github\pickles\src\pickles.testframeworks.unittests\bin\debug\net6.0\picklesdoc.pickles.testframeworks.unittests.dll" id="4bc5f009-c973-f931-1d45-f0addc813db2">
      <Execution id="d1684046-124d-4987-83c4-9baa8f4e22f3" />
      <TestMethod codeBase="C:\Users\ericcarlson\documents\github\pickles\src\Pickles.TestFrameworks.UnitTests\bin\Debug\net6.0\PicklesDoc.Pickles.TestFrameworks.UnitTests.dll" adapterTypeName="executor://nunit3testexecutor/" className="PicklesDoc.Pickles.TestFrameworks.UnitTests.CucumberJson.WhenParsingCucumberJsonFromRubyResultsFile" name="ThenCanReadFeatureResultSuccessfully" />
    </UnitTest>
    <UnitTest name="ThenCanResolveAsSingleton(&quot;results-example-xunit2.xml&quot;,&quot;XUnit.XUnit2.results-example-xunit2.xml&quot;,xUnit2,PicklesDoc.Pickles.TestFrameworks.XUnit.XUnit2.XUnit2Results)" storage="c:\users\ericcarlson\documents\github\pickles\src\pickles.testframeworks.unittests\bin\debug\net6.0\picklesdoc.pickles.testframeworks.unittests.dll" id="e2f7c893-77fd-2757-2bf1-4ba1cfd4b69d">
      <Execution id="47666edb-34d8-4cb4-b505-f40656cfac92" />
      <TestMethod codeBase="C:\Users\ericcarlson\documents\github\pickles\src\Pickles.TestFrameworks.UnitTests\bin\Debug\net6.0\PicklesDoc.Pickles.TestFrameworks.UnitTests.dll" adapterTypeName="executor://nunit3testexecutor/" className="PicklesDoc.Pickles.TestFrameworks.UnitTests.WhenResolvingTestResults" name="ThenCanResolveAsSingleton(&quot;results-example-xunit2.xml&quot;,&quot;XUnit.XUnit2.results-example-xunit2.xml&quot;,xUnit2,PicklesDoc.Pickles.TestFrameworks.XUnit.XUnit2.XUnit2Results)" />
    </UnitTest>
    <UnitTest name="ThenCanResolveAsSingleton(&quot;results-example-specrun.html&quot;,&quot;SpecRun.results-example-specrun.html&quot;,SpecRun,PicklesDoc.Pickles.TestFrameworks.SpecRun.SpecRunResults)" storage="c:\users\ericcarlson\documents\github\pickles\src\pickles.testframeworks.unittests\bin\debug\net6.0\picklesdoc.pickles.testframeworks.unittests.dll" id="81a1abf8-6be1-aea7-389f-5894b71b2368">
      <Execution id="45d59980-5c04-4cb0-8cad-79291d27c1e6" />
      <TestMethod codeBase="C:\Users\ericcarlson\documents\github\pickles\src\Pickles.TestFrameworks.UnitTests\bin\Debug\net6.0\PicklesDoc.Pickles.TestFrameworks.UnitTests.dll" adapterTypeName="executor://nunit3testexecutor/" className="PicklesDoc.Pickles.TestFrameworks.UnitTests.WhenResolvingTestResults" name="ThenCanResolveAsSingleton(&quot;results-example-specrun.html&quot;,&quot;SpecRun.results-example-specrun.html&quot;,SpecRun,PicklesDoc.Pickles.TestFrameworks.SpecRun.SpecRunResults)" />
    </UnitTest>
    <UnitTest name="ThenCanReadFailedFeatureResultSuccessfully" storage="c:\users\ericcarlson\documents\github\pickles\src\pickles.testframeworks.unittests\bin\debug\net6.0\picklesdoc.pickles.testframeworks.unittests.dll" id="562129e5-360d-2549-3c09-e4b49f36264d">
      <Execution id="6fdac8bd-9a21-45e7-913d-cb085ccd6b6b" />
      <TestMethod codeBase="C:\Users\ericcarlson\documents\github\pickles\src\Pickles.TestFrameworks.UnitTests\bin\Debug\net6.0\PicklesDoc.Pickles.TestFrameworks.UnitTests.dll" adapterTypeName="executor://nunit3testexecutor/" className="PicklesDoc.Pickles.TestFrameworks.UnitTests.VsTest.WhenParsingMultipleVsTestTestResultsFiles" name="ThenCanReadFailedFeatureResultSuccessfully" />
    </UnitTest>
    <UnitTest name="ThenCanReadExamplesWithLongExampleValues" storage="c:\users\ericcarlson\documents\github\pickles\src\pickles.testframeworks.unittests\bin\debug\net6.0\picklesdoc.pickles.testframeworks.unittests.dll" id="39588d47-2e56-432b-359a-0110f3e63f57">
      <Execution id="73263f49-7366-418c-b7a7-b6a9f4417266" />
      <TestMethod codeBase="C:\Users\ericcarlson\documents\github\pickles\src\Pickles.TestFrameworks.UnitTests\bin\Debug\net6.0\PicklesDoc.Pickles.TestFrameworks.UnitTests.dll" adapterTypeName="executor://nunit3testexecutor/" className="PicklesDoc.Pickles.TestFrameworks.UnitTests.VsTest.WhenParsingVsTestResultsFileWithIndividualResults" name="ThenCanReadExamplesWithLongExampleValues" />
    </UnitTest>
    <UnitTest name="ThenCanReadIndividualResultsFromScenarioOutline_OneFailed_ShouldBeTestResultFailed" storage="c:\users\ericcarlson\documents\github\pickles\src\pickles.testframeworks.unittests\bin\debug\net6.0\picklesdoc.pickles.testframeworks.unittests.dll" id="7746c945-7215-2f12-d241-54991e7b255d">
      <Execution id="a8f10082-0b2f-417e-a554-367a7af6be76" />
      <TestMethod codeBase="C:\Users\ericcarlson\documents\github\pickles\src\Pickles.TestFrameworks.UnitTests\bin\Debug\net6.0\PicklesDoc.Pickles.TestFrameworks.UnitTests.dll" adapterTypeName="executor://nunit3testexecutor/" className="PicklesDoc.Pickles.TestFrameworks.UnitTests.VsTest.WhenParsingVsTestResultsFileWithIndividualResults" name="ThenCanReadIndividualResultsFromScenarioOutline_OneFailed_ShouldBeTestResultFailed" />
    </UnitTest>
    <UnitTest name="ThenCanReadIndividualResultsFromScenarioOutline_MultipleExampleSections_ShouldBeTestResultFailed" storage="c:\users\ericcarlson\documents\github\pickles\src\pickles.testframeworks.unittests\bin\debug\net6.0\picklesdoc.pickles.testframeworks.unittests.dll" id="4c3f6b35-48a0-d207-99c1-65bbc2fa071b">
      <Execution id="3076a44a-730f-48e6-a5e3-d04f6b9128f3" />
      <TestMethod codeBase="C:\Users\ericcarlson\documents\github\pickles\src\Pickles.TestFrameworks.UnitTests\bin\Debug\net6.0\PicklesDoc.Pickles.TestFrameworks.UnitTests.dll" adapterTypeName="executor://nunit3testexecutor/" className="PicklesDoc.Pickles.TestFrameworks.UnitTests.CucumberJson.WhenParsingCucumberJsonFromRubyResultsFileWithIndividualResults" name="ThenCanReadIndividualResultsFromScenarioOutline_MultipleExampleSections_ShouldBeTestResultFailed" />
    </UnitTest>
    <UnitTest name="ThenCanResolve(null,null,null,PicklesDoc.Pickles.TestFrameworks.NullTestResults)" storage="c:\users\ericcarlson\documents\github\pickles\src\pickles.testframeworks.unittests\bin\debug\net6.0\picklesdoc.pickles.testframeworks.unittests.dll" id="452e3d33-0c18-0604-61d2-e49750ee89e5">
      <Execution id="1c4fef18-d5c9-43a0-857a-bce2247884a1" />
      <TestMethod codeBase="C:\Users\ericcarlson\documents\github\pickles\src\Pickles.TestFrameworks.UnitTests\bin\Debug\net6.0\PicklesDoc.Pickles.TestFrameworks.UnitTests.dll" adapterTypeName="executor://nunit3testexecutor/" className="PicklesDoc.Pickles.TestFrameworks.UnitTests.WhenResolvingTestResults" name="ThenCanResolve(null,null,null,PicklesDoc.Pickles.TestFrameworks.NullTestResults)" />
    </UnitTest>
    <UnitTest name="ThenCanResolveAsSingleton(&quot;results-example-nunit3.xml&quot;,&quot;NUnit.NUnit3.results-example-nunit3.xml&quot;,NUnit3,PicklesDoc.Pickles.TestFrameworks.NUnit.NUnit3.NUnit3Results)" storage="c:\users\ericcarlson\documents\github\pickles\src\pickles.testframeworks.unittests\bin\debug\net6.0\picklesdoc.pickles.testframeworks.unittests.dll" id="37561f65-3332-c899-f5ae-4fb0281f2762">
      <Execution id="c2426d4c-56fc-4770-aaa4-602850a28b0f" />
      <TestMethod codeBase="C:\Users\ericcarlson\documents\github\pickles\src\Pickles.TestFrameworks.UnitTests\bin\Debug\net6.0\PicklesDoc.Pickles.TestFrameworks.UnitTests.dll" adapterTypeName="executor://nunit3testexecutor/" className="PicklesDoc.Pickles.TestFrameworks.UnitTests.WhenResolvingTestResults" name="ThenCanResolveAsSingleton(&quot;results-example-nunit3.xml&quot;,&quot;NUnit.NUnit3.results-example-nunit3.xml&quot;,NUnit3,PicklesDoc.Pickles.TestFrameworks.NUnit.NUnit3.NUnit3Results)" />
    </UnitTest>
    <UnitTest name="ThenCanReadIndividualResultsFromScenarioOutline_OneFailed_ShouldBeTestResultFailed" storage="c:\users\ericcarlson\documents\github\pickles\src\pickles.testframeworks.unittests\bin\debug\net6.0\picklesdoc.pickles.testframeworks.unittests.dll" id="0586ee37-1679-40ac-d62d-77bb3679488e">
      <Execution id="a783911f-c5b7-4ace-9ebd-52d52ea3d2da" />
      <TestMethod codeBase="C:\Users\ericcarlson\documents\github\pickles\src\Pickles.TestFrameworks.UnitTests\bin\Debug\net6.0\PicklesDoc.Pickles.TestFrameworks.UnitTests.dll" adapterTypeName="executor://nunit3testexecutor/" className="PicklesDoc.Pickles.TestFrameworks.UnitTests.XUnit.XUnit1.WhenParsingXUnitResultsFileWithIndividualResults" name="ThenCanReadIndividualResultsFromScenarioOutline_OneFailed_ShouldBeTestResultFailed" />
    </UnitTest>
    <UnitTest name="ThenCanReadResultOfScenarioWithSpecialCharacters" storage="c:\users\ericcarlson\documents\github\pickles\src\pickles.testframeworks.unittests\bin\debug\net6.0\picklesdoc.pickles.testframeworks.unittests.dll" id="f85689af-bccc-784d-b093-f7a296ae9b10">
      <Execution id="9671d31f-ab9f-45cf-8796-19a99975ac38" />
      <TestMethod codeBase="C:\Users\ericcarlson\documents\github\pickles\src\Pickles.TestFrameworks.UnitTests\bin\Debug\net6.0\PicklesDoc.Pickles.TestFrameworks.UnitTests.dll" adapterTypeName="executor://nunit3testexecutor/" className="PicklesDoc.Pickles.TestFrameworks.UnitTests.VsTest.WhenParsingVsTestResultsFile" name="ThenCanReadResultOfScenarioWithSpecialCharacters" />
    </UnitTest>
    <UnitTest name="ThenCanReadResultOfScenarioWithSpecialCharacters" storage="c:\users\ericcarlson\documents\github\pickles\src\pickles.testframeworks.unittests\bin\debug\net6.0\picklesdoc.pickles.testframeworks.unittests.dll" id="108c2052-fc39-fc7d-462e-5ca8813e0e6a">
      <Execution id="df9b087e-9290-4000-ba42-cc566d974f6f" />
      <TestMethod codeBase="C:\Users\ericcarlson\documents\github\pickles\src\Pickles.TestFrameworks.UnitTests\bin\Debug\net6.0\PicklesDoc.Pickles.TestFrameworks.UnitTests.dll" adapterTypeName="executor://nunit3testexecutor/" className="PicklesDoc.Pickles.TestFrameworks.UnitTests.NUnit.NUnit2.WhenParsingNUnitResultsFile" name="ThenCanReadResultOfScenarioWithSpecialCharacters" />
    </UnitTest>
    <UnitTest name="ThenCanReadIndividualResultsFromScenarioOutline_MultipleNamedExamplesWithDuplicateValues_ShouldMatchExamples" storage="c:\users\ericcarlson\documents\github\pickles\src\pickles.testframeworks.unittests\bin\debug\net6.0\picklesdoc.pickles.testframeworks.unittests.dll" id="9a8b25bf-7a36-53ce-c4e8-c6d59d1e4d9b">
      <Execution id="b5acdca3-7596-46d9-80df-427d8d7e9428" />
      <TestMethod codeBase="C:\Users\ericcarlson\documents\github\pickles\src\Pickles.TestFrameworks.UnitTests\bin\Debug\net6.0\PicklesDoc.Pickles.TestFrameworks.UnitTests.dll" adapterTypeName="executor://nunit3testexecutor/" className="PicklesDoc.Pickles.TestFrameworks.UnitTests.XUnit.XUnit1.WhenParsingXUnitResultsFileWithIndividualResults" name="ThenCanReadIndividualResultsFromScenarioOutline_MultipleNamedExamplesWithDuplicateValues_ShouldMatchExamples" />
    </UnitTest>
    <UnitTest name="ThenCanSuccessfullyMatchSpecialCharacters" storage="c:\users\ericcarlson\documents\github\pickles\src\pickles.testframeworks.unittests\bin\debug\net6.0\picklesdoc.pickles.testframeworks.unittests.dll" id="2f77d4eb-b7a9-7cda-63c7-d0a9b8c15e31">
      <Execution id="4bc7a822-36d3-4420-880e-09d2b83be0e3" />
      <TestMethod codeBase="C:\Users\ericcarlson\documents\github\pickles\src\Pickles.TestFrameworks.UnitTests\bin\Debug\net6.0\PicklesDoc.Pickles.TestFrameworks.UnitTests.dll" adapterTypeName="executor://nunit3testexecutor/" className="PicklesDoc.Pickles.TestFrameworks.UnitTests.NUnit.NUnit2.WhenDeterminingTheSignatureOfAnNUnitExampleRow" name="ThenCanSuccessfullyMatchSpecialCharacters" />
    </UnitTest>
    <UnitTest name="ThenCanReadInconclusiveFeatureResultSuccessfully" storage="c:\users\ericcarlson\documents\github\pickles\src\pickles.testframeworks.unittests\bin\debug\net6.0\picklesdoc.pickles.testframeworks.unittests.dll" id="ec063bfd-14dd-1deb-4fd4-311c75309607">
      <Execution id="ab8df96e-208b-4b72-915c-7b987fd66d89" />
      <TestMethod codeBase="C:\Users\ericcarlson\documents\github\pickles\src\Pickles.TestFrameworks.UnitTests\bin\Debug\net6.0\PicklesDoc.Pickles.TestFrameworks.UnitTests.dll" adapterTypeName="executor://nunit3testexecutor/" className="PicklesDoc.Pickles.TestFrameworks.UnitTests.MsTest.WhenParsingMsTestResultsFile" name="ThenCanReadInconclusiveFeatureResultSuccessfully" />
    </UnitTest>
    <UnitTest name="ThenCanReadIndividualResultsFromScenarioOutline_ExamplesWithDuplicateValues_ShouldMatchExamples" storage="c:\users\ericcarlson\documents\github\pickles\src\pickles.testframeworks.unittests\bin\debug\net6.0\picklesdoc.pickles.testframeworks.unittests.dll" id="de18a748-0d83-3063-60c5-28a7e3807695">
      <Execution id="b6afd27a-2526-4e59-8fda-c33e6c032987" />
      <TestMethod codeBase="C:\Users\ericcarlson\documents\github\pickles\src\Pickles.TestFrameworks.UnitTests\bin\Debug\net6.0\PicklesDoc.Pickles.TestFrameworks.UnitTests.dll" adapterTypeName="executor://nunit3testexecutor/" className="PicklesDoc.Pickles.TestFrameworks.UnitTests.CucumberJson.WhenParsingCucumberJsonFromJSResultsFileWithIndividualResults" name="ThenCanReadIndividualResultsFromScenarioOutline_ExamplesWithDuplicateValues_ShouldMatchExamples" />
    </UnitTest>
    <UnitTest name="ThenCanReadIndividualResultsFromScenarioOutline_MultipleExampleSections_ShouldBeTestResultFailed" storage="c:\users\ericcarlson\documents\github\pickles\src\pickles.testframeworks.unittests\bin\debug\net6.0\picklesdoc.pickles.testframeworks.unittests.dll" id="aa75de74-31a0-219d-da36-2e429565c098">
      <Execution id="e28da8ce-d42d-4128-956d-38777a8b7fb8" />
      <TestMethod codeBase="C:\Users\ericcarlson\documents\github\pickles\src\Pickles.TestFrameworks.UnitTests\bin\Debug\net6.0\PicklesDoc.Pickles.TestFrameworks.UnitTests.dll" adapterTypeName="executor://nunit3testexecutor/" className="PicklesDoc.Pickles.TestFrameworks.UnitTests.CucumberJson.WhenParsingCucumberJsonFromJSResultsFileWithIndividualResults" name="ThenCanReadIndividualResultsFromScenarioOutline_MultipleExampleSections_ShouldBeTestResultFailed" />
    </UnitTest>
    <UnitTest name="ThenCanReadResultOfScenarioOutlineWithSpecialCharacters" storage="c:\users\ericcarlson\documents\github\pickles\src\pickles.testframeworks.unittests\bin\debug\net6.0\picklesdoc.pickles.testframeworks.unittests.dll" id="71c22708-dbaa-79ff-057b-e788d4505184">
      <Execution id="78db1f9e-0f3d-465b-9978-3ff42269294d" />
      <TestMethod codeBase="C:\Users\ericcarlson\documents\github\pickles\src\Pickles.TestFrameworks.UnitTests\bin\Debug\net6.0\PicklesDoc.Pickles.TestFrameworks.UnitTests.dll" adapterTypeName="executor://nunit3testexecutor/" className="PicklesDoc.Pickles.TestFrameworks.UnitTests.XUnit.XUnit2.WhenParsingxUnit2ResultsFile" name="ThenCanReadResultOfScenarioOutlineWithSpecialCharacters" />
    </UnitTest>
    <UnitTest name="ThenCanReadFailedFeatureResultSuccessfully" storage="c:\users\ericcarlson\documents\github\pickles\src\pickles.testframeworks.unittests\bin\debug\net6.0\picklesdoc.pickles.testframeworks.unittests.dll" id="2d61dcee-0012-4326-757b-21eec977f81e">
      <Execution id="0c0c5da4-f0a5-46ec-b008-cbbd6e492ea7" />
      <TestMethod codeBase="C:\Users\ericcarlson\documents\github\pickles\src\Pickles.TestFrameworks.UnitTests\bin\Debug\net6.0\PicklesDoc.Pickles.TestFrameworks.UnitTests.dll" adapterTypeName="executor://nunit3testexecutor/" className="PicklesDoc.Pickles.TestFrameworks.UnitTests.VsTest.WhenParsingVsTestResultsFile" name="ThenCanReadFailedFeatureResultSuccessfully" />
    </UnitTest>
    <UnitTest name="ThenCanReadIgnoredScenarioResultSuccessfully" storage="c:\users\ericcarlson\documents\github\pickles\src\pickles.testframeworks.unittests\bin\debug\net6.0\picklesdoc.pickles.testframeworks.unittests.dll" id="471f48b3-66b4-1d2b-45d6-de2cd4b57983">
      <Execution id="73609970-d011-49fc-86eb-f4a0292323e4" />
      <TestMethod codeBase="C:\Users\ericcarlson\documents\github\pickles\src\Pickles.TestFrameworks.UnitTests\bin\Debug\net6.0\PicklesDoc.Pickles.TestFrameworks.UnitTests.dll" adapterTypeName="executor://nunit3testexecutor/" className="PicklesDoc.Pickles.TestFrameworks.UnitTests.CucumberJson.WhenParsingCucumberJsonFromRubyResultsFile" name="ThenCanReadIgnoredScenarioResultSuccessfully" />
    </UnitTest>
    <UnitTest name="ThenCanReadResultOfFeatureWithFailingBackground" storage="c:\users\ericcarlson\documents\github\pickles\src\pickles.testframeworks.unittests\bin\debug\net6.0\picklesdoc.pickles.testframeworks.unittests.dll" id="8e1e0562-0c98-e226-1bf8-4de563a5fa13">
      <Execution id="f850fe12-ad4d-4e17-848d-9f1667984fe1" />
      <TestMethod codeBase="C:\Users\ericcarlson\documents\github\pickles\src\Pickles.TestFrameworks.UnitTests\bin\Debug\net6.0\PicklesDoc.Pickles.TestFrameworks.UnitTests.dll" adapterTypeName="executor://nunit3testexecutor/" className="PicklesDoc.Pickles.TestFrameworks.UnitTests.XUnit.XUnit1.WhenParsingxUnitResultsFile" name="ThenCanReadResultOfFeatureWithFailingBackground" />
    </UnitTest>
    <UnitTest name="ThenCanReadNotFoundScenarioCorrectly" storage="c:\users\ericcarlson\documents\github\pickles\src\pickles.testframeworks.unittests\bin\debug\net6.0\picklesdoc.pickles.testframeworks.unittests.dll" id="75d8d6f7-e4a2-354d-194b-4c3a8e25de5b">
      <Execution id="c42fbaf1-3e79-4502-80ef-da8267329973" />
      <TestMethod codeBase="C:\Users\ericcarlson\documents\github\pickles\src\Pickles.TestFrameworks.UnitTests\bin\Debug\net6.0\PicklesDoc.Pickles.TestFrameworks.UnitTests.dll" adapterTypeName="executor://nunit3testexecutor/" className="PicklesDoc.Pickles.TestFrameworks.UnitTests.NUnit.NUnit3.WhenParsingNunit3ResultsFileForNunit2Tests" name="ThenCanReadNotFoundScenarioCorrectly" />
    </UnitTest>
    <UnitTest name="ThenCanReadIgnoredScenarioResultSuccessfully" storage="c:\users\ericcarlson\documents\github\pickles\src\pickles.testframeworks.unittests\bin\debug\net6.0\picklesdoc.pickles.testframeworks.unittests.dll" id="900d4084-ca2a-a561-f0ce-b663527c6003">
      <Execution id="5101266b-bdc6-44e2-94ac-5caa20de54c6" />
      <TestMethod codeBase="C:\Users\ericcarlson\documents\github\pickles\src\Pickles.TestFrameworks.UnitTests\bin\Debug\net6.0\PicklesDoc.Pickles.TestFrameworks.UnitTests.dll" adapterTypeName="executor://nunit3testexecutor/" className="PicklesDoc.Pickles.TestFrameworks.UnitTests.XUnit.XUnit1.WhenParsingxUnitResultsFile" name="ThenCanReadIgnoredScenarioResultSuccessfully" />
    </UnitTest>
    <UnitTest name="ThenCanReadFailedScenarioResultSuccessfully" storage="c:\users\ericcarlson\documents\github\pickles\src\pickles.testframeworks.unittests\bin\debug\net6.0\picklesdoc.pickles.testframeworks.unittests.dll" id="47fb6ba8-e618-b876-538b-b25771c9cf5f">
      <Execution id="b19cbb69-87cb-4250-9f97-ec130bbd218f" />
      <TestMethod codeBase="C:\Users\ericcarlson\documents\github\pickles\src\Pickles.TestFrameworks.UnitTests\bin\Debug\net6.0\PicklesDoc.Pickles.TestFrameworks.UnitTests.dll" adapterTypeName="executor://nunit3testexecutor/" className="PicklesDoc.Pickles.TestFrameworks.UnitTests.VsTest.WhenParsingMultipleVsTestTestResultsFiles" name="ThenCanReadFailedScenarioResultSuccessfully" />
    </UnitTest>
    <UnitTest name="ThenCanReadExamplesWithLongExampleValues" storage="c:\users\ericcarlson\documents\github\pickles\src\pickles.testframeworks.unittests\bin\debug\net6.0\picklesdoc.pickles.testframeworks.unittests.dll" id="1d8da37b-0383-95ed-5f34-6e3377ad113e">
      <Execution id="93f96a32-4411-42ae-b6d3-93f4b5ad1e40" />
      <TestMethod codeBase="C:\Users\ericcarlson\documents\github\pickles\src\Pickles.TestFrameworks.UnitTests\bin\Debug\net6.0\PicklesDoc.Pickles.TestFrameworks.UnitTests.dll" adapterTypeName="executor://nunit3testexecutor/" className="PicklesDoc.Pickles.TestFrameworks.UnitTests.CucumberJson.WhenParsingCucumberJsonFromRubyResultsFileWithIndividualResults" name="ThenCanReadExamplesWithLongExampleValues" />
    </UnitTest>
    <UnitTest name="ThenCanReadResultOfScenarioWithSpecialCharacters" storage="c:\users\ericcarlson\documents\github\pickles\src\pickles.testframeworks.unittests\bin\debug\net6.0\picklesdoc.pickles.testframeworks.unittests.dll" id="c830e46b-5a37-f382-9022-bd36e87a160f">
      <Execution id="d7255fbf-a96d-4cca-8268-2f17165b6daa" />
      <TestMethod codeBase="C:\Users\ericcarlson\documents\github\pickles\src\Pickles.TestFrameworks.UnitTests\bin\Debug\net6.0\PicklesDoc.Pickles.TestFrameworks.UnitTests.dll" adapterTypeName="executor://nunit3testexecutor/" className="PicklesDoc.Pickles.TestFrameworks.UnitTests.CucumberJson.WhenParsingCucumberJsonFromRubyResultsFile" name="ThenCanReadResultOfScenarioWithSpecialCharacters" />
    </UnitTest>
    <UnitTest name="ExecutionIdElement_NullArgument_ShouldReturnGuidEmpty" storage="c:\users\ericcarlson\documents\github\pickles\src\pickles.testframeworks.unittests\bin\debug\net6.0\picklesdoc.pickles.testframeworks.unittests.dll" id="8efb377e-4b03-38b4-bd1f-fee940d3e651">
      <Execution id="6f27602f-6858-4b6b-a092-5ada7ec97b9c" />
      <TestMethod codeBase="C:\Users\ericcarlson\documents\github\pickles\src\Pickles.TestFrameworks.UnitTests\bin\Debug\net6.0\PicklesDoc.Pickles.TestFrameworks.UnitTests.dll" adapterTypeName="executor://nunit3testexecutor/" className="PicklesDoc.Pickles.TestFrameworks.UnitTests.MsTest.MsTestElementExtensionsTests" name="ExecutionIdElement_NullArgument_ShouldReturnGuidEmpty" />
    </UnitTest>
    <UnitTest name="ThenCanReadFailedScenarioResultSuccessfully" storage="c:\users\ericcarlson\documents\github\pickles\src\pickles.testframeworks.unittests\bin\debug\net6.0\picklesdoc.pickles.testframeworks.unittests.dll" id="49f08ad4-e3ca-7af9-80e5-b685a0b47674">
      <Execution id="72c66fb9-f4a5-4fbf-a47b-ce8c58a5b27f" />
      <TestMethod codeBase="C:\Users\ericcarlson\documents\github\pickles\src\Pickles.TestFrameworks.UnitTests\bin\Debug\net6.0\PicklesDoc.Pickles.TestFrameworks.UnitTests.dll" adapterTypeName="executor://nunit3testexecutor/" className="PicklesDoc.Pickles.TestFrameworks.UnitTests.XUnit.XUnit1.WhenParsingxUnitResultsFile" name="ThenCanReadFailedScenarioResultSuccessfully" />
    </UnitTest>
    <UnitTest name="ThenCanReadResultOfScenarioOutlineWithFailingBackground" storage="c:\users\ericcarlson\documents\github\pickles\src\pickles.testframeworks.unittests\bin\debug\net6.0\picklesdoc.pickles.testframeworks.unittests.dll" id="fd4a59cc-11a9-fb21-8351-7acacb7d6743">
      <Execution id="6208230d-67d3-4bf8-9529-1506718793fa" />
      <TestMethod codeBase="C:\Users\ericcarlson\documents\github\pickles\src\Pickles.TestFrameworks.UnitTests\bin\Debug\net6.0\PicklesDoc.Pickles.TestFrameworks.UnitTests.dll" adapterTypeName="executor://nunit3testexecutor/" className="PicklesDoc.Pickles.TestFrameworks.UnitTests.MsTest.WhenParsingMsTestResultsFile" name="ThenCanReadResultOfScenarioOutlineWithFailingBackground" />
    </UnitTest>
    <UnitTest name="ThenCanReadResultOfScenarioWithDanishCharacters" storage="c:\users\ericcarlson\documents\github\pickles\src\pickles.testframeworks.unittests\bin\debug\net6.0\picklesdoc.pickles.testframeworks.unittests.dll" id="bed3e0a6-5997-3869-73cc-50bad3fe5334">
      <Execution id="27d3b587-7dbc-47e8-bc39-ae93a10eded9" />
      <TestMethod codeBase="C:\Users\ericcarlson\documents\github\pickles\src\Pickles.TestFrameworks.UnitTests\bin\Debug\net6.0\PicklesDoc.Pickles.TestFrameworks.UnitTests.dll" adapterTypeName="executor://nunit3testexecutor/" className="PicklesDoc.Pickles.TestFrameworks.UnitTests.SpecRun.WhenParsingSpecRunTestResultsFile" name="ThenCanReadResultOfScenarioWithDanishCharacters" />
    </UnitTest>
    <UnitTest name="ThenCanReadResultsWithParenthesis" storage="c:\users\ericcarlson\documents\github\pickles\src\pickles.testframeworks.unittests\bin\debug\net6.0\picklesdoc.pickles.testframeworks.unittests.dll" id="5dfc668d-d86b-26a4-226b-e2a6e77eef12">
      <Execution id="7afbff35-0695-43f0-8d82-4fcbe42293ca" />
      <TestMethod codeBase="C:\Users\ericcarlson\documents\github\pickles\src\Pickles.TestFrameworks.UnitTests\bin\Debug\net6.0\PicklesDoc.Pickles.TestFrameworks.UnitTests.dll" adapterTypeName="executor://nunit3testexecutor/" className="PicklesDoc.Pickles.TestFrameworks.UnitTests.VsTest.WhenParsingVsTestResultsFile" name="ThenCanReadResultsWithParenthesis" />
    </UnitTest>
    <UnitTest name="ThenCanReadIndividualResultsFromScenarioOutline_MultipleNamedExamplesWithDuplicateValues_ShouldMatchExamples" storage="c:\users\ericcarlson\documents\github\pickles\src\pickles.testframeworks.unittests\bin\debug\net6.0\picklesdoc.pickles.testframeworks.unittests.dll" id="39ac623f-fdf7-17f3-6ce0-9e1b4bfb7236">
      <Execution id="1214ac66-95b5-4361-9a09-595fd3fc1e02" />
      <TestMethod codeBase="C:\Users\ericcarlson\documents\github\pickles\src\Pickles.TestFrameworks.UnitTests\bin\Debug\net6.0\PicklesDoc.Pickles.TestFrameworks.UnitTests.dll" adapterTypeName="executor://nunit3testexecutor/" className="PicklesDoc.Pickles.TestFrameworks.UnitTests.XUnit.XUnit2.WhenParsingXUnitResultsFileWithIndividualResults" name="ThenCanReadIndividualResultsFromScenarioOutline_MultipleNamedExamplesWithDuplicateValues_ShouldMatchExamples" />
    </UnitTest>
    <UnitTest name="ThenCanReadResultOfFeatureWithFailingBackground" storage="c:\users\ericcarlson\documents\github\pickles\src\pickles.testframeworks.unittests\bin\debug\net6.0\picklesdoc.pickles.testframeworks.unittests.dll" id="3f5c3338-429f-c1bb-e1a8-d8bab8ab3016">
      <Execution id="4c781686-d9de-4cf9-82e6-bddbbb6f0a71" />
      <TestMethod codeBase="C:\Users\ericcarlson\documents\github\pickles\src\Pickles.TestFrameworks.UnitTests\bin\Debug\net6.0\PicklesDoc.Pickles.TestFrameworks.UnitTests.dll" adapterTypeName="executor://nunit3testexecutor/" className="PicklesDoc.Pickles.TestFrameworks.UnitTests.NUnit.NUnit3.WhenParsingNunit3ResultsFileForNunit2Tests" name="ThenCanReadResultOfFeatureWithFailingBackground" />
    </UnitTest>
    <UnitTest name="ThenCanReadFailedFeatureResultSuccessfully" storage="c:\users\ericcarlson\documents\github\pickles\src\pickles.testframeworks.unittests\bin\debug\net6.0\picklesdoc.pickles.testframeworks.unittests.dll" id="179cc0df-2279-559c-aebb-9ee7ba5aaaf0">
      <Execution id="58be9bef-6d02-43dd-9fa9-f6dd78c27e69" />
      <TestMethod codeBase="C:\Users\ericcarlson\documents\github\pickles\src\Pickles.TestFrameworks.UnitTests\bin\Debug\net6.0\PicklesDoc.Pickles.TestFrameworks.UnitTests.dll" adapterTypeName="executor://nunit3testexecutor/" className="PicklesDoc.Pickles.TestFrameworks.UnitTests.CucumberJson.WhenParsingCucumberJsonFromJSResultsFile" name="ThenCanReadFailedFeatureResultSuccessfully" />
    </UnitTest>
    <UnitTest name="ThenCanReadResultOfScenarioOutlineWithAmpersand" storage="c:\users\ericcarlson\documents\github\pickles\src\pickles.testframeworks.unittests\bin\debug\net6.0\picklesdoc.pickles.testframeworks.unittests.dll" id="3912834e-3d92-476d-bcd0-c1ca3109cfb6">
      <Execution id="11617d1f-a3d6-4b0d-afae-2a8201492352" />
      <TestMethod codeBase="C:\Users\ericcarlson\documents\github\pickles\src\Pickles.TestFrameworks.UnitTests\bin\Debug\net6.0\PicklesDoc.Pickles.TestFrameworks.UnitTests.dll" adapterTypeName="executor://nunit3testexecutor/" className="PicklesDoc.Pickles.TestFrameworks.UnitTests.MsTest.WhenParsingMsTestResultsFile" name="ThenCanReadResultOfScenarioOutlineWithAmpersand" />
    </UnitTest>
    <UnitTest name="RegularExpressionAsExampleContentMatches_With_Angle_Brackets" storage="c:\users\ericcarlson\documents\github\pickles\src\pickles.testframeworks.unittests\bin\debug\net6.0\picklesdoc.pickles.testframeworks.unittests.dll" id="0b31d2fc-41d9-baed-8aab-114ee6aaff9e">
      <Execution id="80c09ae5-297c-42bc-ad02-b08619dbd3a2" />
      <TestMethod codeBase="C:\Users\ericcarlson\documents\github\pickles\src\Pickles.TestFrameworks.UnitTests\bin\Debug\net6.0\PicklesDoc.Pickles.TestFrameworks.UnitTests.dll" adapterTypeName="executor://nunit3testexecutor/" className="PicklesDoc.Pickles.TestFrameworks.UnitTests.XUnit.XUnit2.WhenDeterminingTheSignatureOfAnXUnit2ExampleRow" name="RegularExpressionAsExampleContentMatches_With_Angle_Brackets" />
    </UnitTest>
    <UnitTest name="ThenCanReadIndividualResultsFromScenarioOutline_MultipleExampleSections_ShouldBeTestResultFailed" storage="c:\users\ericcarlson\documents\github\pickles\src\pickles.testframeworks.unittests\bin\debug\net6.0\picklesdoc.pickles.testframeworks.unittests.dll" id="ecd5df6d-1685-a29f-808d-8af5b0a515ad">
      <Execution id="d180c08d-66b6-4a7a-8929-0197c2ec2029" />
      <TestMethod codeBase="C:\Users\ericcarlson\documents\github\pickles\src\Pickles.TestFrameworks.UnitTests\bin\Debug\net6.0\PicklesDoc.Pickles.TestFrameworks.UnitTests.dll" adapterTypeName="executor://nunit3testexecutor/" className="PicklesDoc.Pickles.TestFrameworks.UnitTests.NUnit.NUnit2.WhenParsingNUnitResultsFileWithIndividualResults" name="ThenCanReadIndividualResultsFromScenarioOutline_MultipleExampleSections_ShouldBeTestResultFailed" />
    </UnitTest>
    <UnitTest name="ThenCanReadResultOfScenarioOutlineWithSpecialCharacters" storage="c:\users\ericcarlson\documents\github\pickles\src\pickles.testframeworks.unittests\bin\debug\net6.0\picklesdoc.pickles.testframeworks.unittests.dll" id="180590d6-2062-6933-d951-813229d01ede">
      <Execution id="9ce4fe62-dc2c-4074-a73d-9dcdc955e4f4" />
      <TestMethod codeBase="C:\Users\ericcarlson\documents\github\pickles\src\Pickles.TestFrameworks.UnitTests\bin\Debug\net6.0\PicklesDoc.Pickles.TestFrameworks.UnitTests.dll" adapterTypeName="executor://nunit3testexecutor/" className="PicklesDoc.Pickles.TestFrameworks.UnitTests.XUnit.XUnit1.WhenParsingxUnitResultsFile" name="ThenCanReadResultOfScenarioOutlineWithSpecialCharacters" />
    </UnitTest>
    <UnitTest name="ThenCanReadResultOfScenarioWithSpecialCharacters" storage="c:\users\ericcarlson\documents\github\pickles\src\pickles.testframeworks.unittests\bin\debug\net6.0\picklesdoc.pickles.testframeworks.unittests.dll" id="84ecda38-a103-69a6-dbd6-ef8eb51c722d">
      <Execution id="4d35f827-39ee-4a0b-9a49-43baaba22251" />
      <TestMethod codeBase="C:\Users\ericcarlson\documents\github\pickles\src\Pickles.TestFrameworks.UnitTests\bin\Debug\net6.0\PicklesDoc.Pickles.TestFrameworks.UnitTests.dll" adapterTypeName="executor://nunit3testexecutor/" className="PicklesDoc.Pickles.TestFrameworks.UnitTests.CucumberJson.WhenParsingCucumberJsonFromJSResultsFile" name="ThenCanReadResultOfScenarioWithSpecialCharacters" />
    </UnitTest>
    <UnitTest name="ThenCanReadFeatureResultSuccessfully" storage="c:\users\ericcarlson\documents\github\pickles\src\pickles.testframeworks.unittests\bin\debug\net6.0\picklesdoc.pickles.testframeworks.unittests.dll" id="0fb4b634-81ad-43fa-a70e-b06cb2c289b2">
      <Execution id="7d542a2d-1261-4bc3-ab9d-3a6a72e435cd" />
      <TestMethod codeBase="C:\Users\ericcarlson\documents\github\pickles\src\Pickles.TestFrameworks.UnitTests\bin\Debug\net6.0\PicklesDoc.Pickles.TestFrameworks.UnitTests.dll" adapterTypeName="executor://nunit3testexecutor/" className="PicklesDoc.Pickles.TestFrameworks.UnitTests.XUnit.XUnit2.WhenParsingxUnit2ResultsFile" name="ThenCanReadFeatureResultSuccessfully" />
    </UnitTest>
    <UnitTest name="ThenCanSuccessfullyMatch" storage="c:\users\ericcarlson\documents\github\pickles\src\pickles.testframeworks.unittests\bin\debug\net6.0\picklesdoc.pickles.testframeworks.unittests.dll" id="5c950b01-6cc7-ac13-30ea-969ec9b73be8">
      <Execution id="d1d51b68-e510-4fde-8fa3-aab173c34822" />
      <TestMethod codeBase="C:\Users\ericcarlson\documents\github\pickles\src\Pickles.TestFrameworks.UnitTests\bin\Debug\net6.0\PicklesDoc.Pickles.TestFrameworks.UnitTests.dll" adapterTypeName="executor://nunit3testexecutor/" className="PicklesDoc.Pickles.TestFrameworks.UnitTests.NUnit.NUnit2.WhenDeterminingTheSignatureOfAnNUnitExampleRow" name="ThenCanSuccessfullyMatch" />
    </UnitTest>
    <UnitTest name="ThenCanResolveAsSingleton(&quot;results-example-json.json&quot;,&quot;CucumberJson.results-example-json.json&quot;,CucumberJson,PicklesDoc.Pickles.TestFrameworks.CucumberJson.CucumberJsonResults)" storage="c:\users\ericcarlson\documents\github\pickles\src\pickles.testframeworks.unittests\bin\debug\net6.0\picklesdoc.pickles.testframeworks.unittests.dll" id="b35efadf-d298-a3ae-5e0d-2f5be75318ec">
      <Execution id="8e930172-c610-460c-ae21-b507a66c038a" />
      <TestMethod codeBase="C:\Users\ericcarlson\documents\github\pickles\src\Pickles.TestFrameworks.UnitTests\bin\Debug\net6.0\PicklesDoc.Pickles.TestFrameworks.UnitTests.dll" adapterTypeName="executor://nunit3testexecutor/" className="PicklesDoc.Pickles.TestFrameworks.UnitTests.WhenResolvingTestResults" name="ThenCanResolveAsSingleton(&quot;results-example-json.json&quot;,&quot;CucumberJson.results-example-json.json&quot;,CucumberJson,PicklesDoc.Pickles.TestFrameworks.CucumberJson.CucumberJsonResults)" />
    </UnitTest>
    <UnitTest name="ThenCanReadFailedFeatureResultSuccessfully" storage="c:\users\ericcarlson\documents\github\pickles\src\pickles.testframeworks.unittests\bin\debug\net6.0\picklesdoc.pickles.testframeworks.unittests.dll" id="443d82e7-b131-4eab-c0c2-77bcf8c78c0e">
      <Execution id="ced290f2-5ac1-4086-938e-377464105574" />
      <TestMethod codeBase="C:\Users\ericcarlson\documents\github\pickles\src\Pickles.TestFrameworks.UnitTests\bin\Debug\net6.0\PicklesDoc.Pickles.TestFrameworks.UnitTests.dll" adapterTypeName="executor://nunit3testexecutor/" className="PicklesDoc.Pickles.TestFrameworks.UnitTests.CucumberJson.WhenParsingCucumberJsonFromRubyResultsFile" name="ThenCanReadFailedFeatureResultSuccessfully" />
    </UnitTest>
    <UnitTest name="ThenCanReadResultOfScenarioOutlineWithUmlauts" storage="c:\users\ericcarlson\documents\github\pickles\src\pickles.testframeworks.unittests\bin\debug\net6.0\picklesdoc.pickles.testframeworks.unittests.dll" id="1f0e270c-d2e3-6abe-d46c-198f7828d432">
      <Execution id="01ad3d13-3cff-48a2-8674-6fa6027da41b" />
      <TestMethod codeBase="C:\Users\ericcarlson\documents\github\pickles\src\Pickles.TestFrameworks.UnitTests\bin\Debug\net6.0\PicklesDoc.Pickles.TestFrameworks.UnitTests.dll" adapterTypeName="executor://nunit3testexecutor/" className="PicklesDoc.Pickles.TestFrameworks.UnitTests.NUnit.NUnit2.WhenParsingNUnitResultsFile" name="ThenCanReadResultOfScenarioOutlineWithUmlauts" />
    </UnitTest>
    <UnitTest name="ThenCanReadResultOfScenarioOutlineWithSpecialCharacters" storage="c:\users\ericcarlson\documents\github\pickles\src\pickles.testframeworks.unittests\bin\debug\net6.0\picklesdoc.pickles.testframeworks.unittests.dll" id="b931d369-9310-8747-a788-ef7d7112806a">
      <Execution id="b63ffb2f-9a17-4aa8-a4f5-24ff7cad512c" />
      <TestMethod codeBase="C:\Users\ericcarlson\documents\github\pickles\src\Pickles.TestFrameworks.UnitTests\bin\Debug\net6.0\PicklesDoc.Pickles.TestFrameworks.UnitTests.dll" adapterTypeName="executor://nunit3testexecutor/" className="PicklesDoc.Pickles.TestFrameworks.UnitTests.VsTest.WhenParsingVsTestResultsFile" name="ThenCanReadResultOfScenarioOutlineWithSpecialCharacters" />
    </UnitTest>
    <UnitTest name="ThenCanReadNotFoundScenarioCorrectly" storage="c:\users\ericcarlson\documents\github\pickles\src\pickles.testframeworks.unittests\bin\debug\net6.0\picklesdoc.pickles.testframeworks.unittests.dll" id="8073691c-21a5-9107-fb79-56e4b2e81fb1">
      <Execution id="f96aa819-2113-4095-893a-b098931c40c1" />
      <TestMethod codeBase="C:\Users\ericcarlson\documents\github\pickles\src\Pickles.TestFrameworks.UnitTests\bin\Debug\net6.0\PicklesDoc.Pickles.TestFrameworks.UnitTests.dll" adapterTypeName="executor://nunit3testexecutor/" className="PicklesDoc.Pickles.TestFrameworks.UnitTests.VsTest.WhenParsingVsTestResultsFile" name="ThenCanReadNotFoundScenarioCorrectly" />
    </UnitTest>
    <UnitTest name="ThenCanReadNotFoundScenarioCorrectly" storage="c:\users\ericcarlson\documents\github\pickles\src\pickles.testframeworks.unittests\bin\debug\net6.0\picklesdoc.pickles.testframeworks.unittests.dll" id="086f68bd-b3fd-894f-d1fe-0dbb71a51984">
      <Execution id="617cde04-4be0-40bf-8eb7-c18f954c6376" />
      <TestMethod codeBase="C:\Users\ericcarlson\documents\github\pickles\src\Pickles.TestFrameworks.UnitTests\bin\Debug\net6.0\PicklesDoc.Pickles.TestFrameworks.UnitTests.dll" adapterTypeName="executor://nunit3testexecutor/" className="PicklesDoc.Pickles.TestFrameworks.UnitTests.XUnit.XUnit1.WhenParsingxUnitResultsFile" name="ThenCanReadNotFoundScenarioCorrectly" />
    </UnitTest>
    <UnitTest name="ThenCanReadScenarioOutlineResultSuccessfully" storage="c:\users\ericcarlson\documents\github\pickles\src\pickles.testframeworks.unittests\bin\debug\net6.0\picklesdoc.pickles.testframeworks.unittests.dll" id="a77eef62-81f7-6544-83f9-95298ec32c95">
      <Execution id="0c5ac60b-c3a5-4dfa-9827-85e72751066d" />
      <TestMethod codeBase="C:\Users\ericcarlson\documents\github\pickles\src\Pickles.TestFrameworks.UnitTests\bin\Debug\net6.0\PicklesDoc.Pickles.TestFrameworks.UnitTests.dll" adapterTypeName="executor://nunit3testexecutor/" className="PicklesDoc.Pickles.TestFrameworks.UnitTests.MsTest.WhenParsingMsTestResultsFile" name="ThenCanReadScenarioOutlineResultSuccessfully" />
    </UnitTest>
    <UnitTest name="ThenCanReadResultOfScenarioOutlineWithFailingBackground" storage="c:\users\ericcarlson\documents\github\pickles\src\pickles.testframeworks.unittests\bin\debug\net6.0\picklesdoc.pickles.testframeworks.unittests.dll" id="5b940e7e-5602-6e2d-9bb4-ea58b2e075ab">
      <Execution id="70402ec5-06c5-4f26-9e64-b10a1f2f6b92" />
      <TestMethod codeBase="C:\Users\ericcarlson\documents\github\pickles\src\Pickles.TestFrameworks.UnitTests\bin\Debug\net6.0\PicklesDoc.Pickles.TestFrameworks.UnitTests.dll" adapterTypeName="executor://nunit3testexecutor/" className="PicklesDoc.Pickles.TestFrameworks.UnitTests.VsTest.WhenParsingVsTestResultsFile" name="ThenCanReadResultOfScenarioOutlineWithFailingBackground" />
    </UnitTest>
    <UnitTest name="ThenCanReadIndividualResultsFromScenarioOutline_MultipleNamedExamples_ShouldMatchExamples" storage="c:\users\ericcarlson\documents\github\pickles\src\pickles.testframeworks.unittests\bin\debug\net6.0\picklesdoc.pickles.testframeworks.unittests.dll" id="286050a7-100a-f742-a554-97960a8416b4">
      <Execution id="16adb58e-18b5-43a5-829b-db87e12a51c6" />
      <TestMethod codeBase="C:\Users\ericcarlson\documents\github\pickles\src\Pickles.TestFrameworks.UnitTests\bin\Debug\net6.0\PicklesDoc.Pickles.TestFrameworks.UnitTests.dll" adapterTypeName="executor://nunit3testexecutor/" className="PicklesDoc.Pickles.TestFrameworks.UnitTests.MsTest.WhenParsingMsTestResultsFileWithIndividualResults" name="ThenCanReadIndividualResultsFromScenarioOutline_MultipleNamedExamples_ShouldMatchExamples" />
    </UnitTest>
    <UnitTest name="ThenCanReadFeatureResultWithoutThrowingException" storage="c:\users\ericcarlson\documents\github\pickles\src\pickles.testframeworks.unittests\bin\debug\net6.0\picklesdoc.pickles.testframeworks.unittests.dll" id="174b6e17-833b-348f-bc26-a67a058e5e9c">
      <Execution id="9b90905d-b62f-41e2-a252-cef79c012aff" />
      <TestMethod codeBase="C:\Users\ericcarlson\documents\github\pickles\src\Pickles.TestFrameworks.UnitTests\bin\Debug\net6.0\PicklesDoc.Pickles.TestFrameworks.UnitTests.dll" adapterTypeName="executor://nunit3testexecutor/" className="PicklesDoc.Pickles.TestFrameworks.UnitTests.XUnit.XUnit1.WhenParsingxUnit1ResultsFileWithMissingTraits" name="ThenCanReadFeatureResultWithoutThrowingException" />
    </UnitTest>
    <UnitTest name="ThenCanReadScenarioResultSuccessfully" storage="c:\users\ericcarlson\documents\github\pickles\src\pickles.testframeworks.unittests\bin\debug\net6.0\picklesdoc.pickles.testframeworks.unittests.dll" id="864c1316-42be-ac84-4487-0c84ff96ddee">
      <Execution id="86a4ff03-3a3d-4073-902f-ddc285e2641a" />
      <TestMethod codeBase="C:\Users\ericcarlson\documents\github\pickles\src\Pickles.TestFrameworks.UnitTests\bin\Debug\net6.0\PicklesDoc.Pickles.TestFrameworks.UnitTests.dll" adapterTypeName="executor://nunit3testexecutor/" className="PicklesDoc.Pickles.TestFrameworks.UnitTests.NUnit.NUnit2.WhenParsingMultipleNUnitResultsFilesForASingleFeature" name="ThenCanReadScenarioResultSuccessfully" />
    </UnitTest>
    <UnitTest name="ThenCanReadIndividualResultsFromScenarioOutline_MultipleNamedExamples_ShouldMatchExamples" storage="c:\users\ericcarlson\documents\github\pickles\src\pickles.testframeworks.unittests\bin\debug\net6.0\picklesdoc.pickles.testframeworks.unittests.dll" id="06d185b1-8e0c-2b9c-5317-e602212f73e4">
      <Execution id="13810d9b-aea7-46bc-a6b1-522f6de3c0d5" />
      <TestMethod codeBase="C:\Users\ericcarlson\documents\github\pickles\src\Pickles.TestFrameworks.UnitTests\bin\Debug\net6.0\PicklesDoc.Pickles.TestFrameworks.UnitTests.dll" adapterTypeName="executor://nunit3testexecutor/" className="PicklesDoc.Pickles.TestFrameworks.UnitTests.NUnit.NUnit3.WhenParsingNUnitResultsFileWithIndividualResults" name="ThenCanReadIndividualResultsFromScenarioOutline_MultipleNamedExamples_ShouldMatchExamples" />
    </UnitTest>
    <UnitTest name="ThenCanReadFailedScenarioResultSuccessfully" storage="c:\users\ericcarlson\documents\github\pickles\src\pickles.testframeworks.unittests\bin\debug\net6.0\picklesdoc.pickles.testframeworks.unittests.dll" id="656ebfc5-79d6-d4de-e713-26261e054dac">
      <Execution id="43e186e8-805e-4c34-87cf-71e344a35620" />
      <TestMethod codeBase="C:\Users\ericcarlson\documents\github\pickles\src\Pickles.TestFrameworks.UnitTests\bin\Debug\net6.0\PicklesDoc.Pickles.TestFrameworks.UnitTests.dll" adapterTypeName="executor://nunit3testexecutor/" className="PicklesDoc.Pickles.TestFrameworks.UnitTests.CucumberJson.WhenParsingCucumberJsonFromJSResultsFile" name="ThenCanReadFailedScenarioResultSuccessfully" />
    </UnitTest>
    <UnitTest name="ThenCanReadPassedScenarioResultSuccessfully" storage="c:\users\ericcarlson\documents\github\pickles\src\pickles.testframeworks.unittests\bin\debug\net6.0\picklesdoc.pickles.testframeworks.unittests.dll" id="0c92b541-a11c-af2d-cc00-baa08658eac8">
      <Execution id="b9f18990-388a-404a-9f9d-fb889b5a63dd" />
      <TestMethod codeBase="C:\Users\ericcarlson\documents\github\pickles\src\Pickles.TestFrameworks.UnitTests\bin\Debug\net6.0\PicklesDoc.Pickles.TestFrameworks.UnitTests.dll" adapterTypeName="executor://nunit3testexecutor/" className="PicklesDoc.Pickles.TestFrameworks.UnitTests.VsTest.WhenParsingMultipleVsTestTestResultsFiles" name="ThenCanReadPassedScenarioResultSuccessfully" />
    </UnitTest>
    <UnitTest name="GetScenarioResult_OnePassingOneInconclusive_ReturnsPassed" storage="c:\users\ericcarlson\documents\github\pickles\src\pickles.testframeworks.unittests\bin\debug\net6.0\picklesdoc.pickles.testframeworks.unittests.dll" id="43af3814-604d-ceff-d278-6fdeab109940">
      <Execution id="0277dc9e-1a76-4222-8245-802858465b1c" />
      <TestMethod codeBase="C:\Users\ericcarlson\documents\github\pickles\src\Pickles.TestFrameworks.UnitTests\bin\Debug\net6.0\PicklesDoc.Pickles.TestFrameworks.UnitTests.dll" adapterTypeName="executor://nunit3testexecutor/" className="PicklesDoc.Pickles.TestFrameworks.UnitTests.SpecRun.WhenParsingMultipleTestResultsTests" name="GetScenarioResult_OnePassingOneInconclusive_ReturnsPassed" />
    </UnitTest>
    <UnitTest name="ThenCanReadInconclusiveScenarioResultSuccessfully" storage="c:\users\ericcarlson\documents\github\pickles\src\pickles.testframeworks.unittests\bin\debug\net6.0\picklesdoc.pickles.testframeworks.unittests.dll" id="03cd529c-594e-f5f4-394a-38e5c1ffbbd4">
      <Execution id="c6323a9b-fd66-447d-b03e-80085dceedfd" />
      <TestMethod codeBase="C:\Users\ericcarlson\documents\github\pickles\src\Pickles.TestFrameworks.UnitTests\bin\Debug\net6.0\PicklesDoc.Pickles.TestFrameworks.UnitTests.dll" adapterTypeName="executor://nunit3testexecutor/" className="PicklesDoc.Pickles.TestFrameworks.UnitTests.CucumberJson.WhenParsingCucumberJsonFromRubyResultsFile" name="ThenCanReadInconclusiveScenarioResultSuccessfully" />
    </UnitTest>
    <UnitTest name="ThenCanReadScenarioOutlineResultSuccessfully" storage="c:\users\ericcarlson\documents\github\pickles\src\pickles.testframeworks.unittests\bin\debug\net6.0\picklesdoc.pickles.testframeworks.unittests.dll" id="4af94715-f0ba-c849-32a4-dbc86e4a475a">
      <Execution id="4c0d7b92-6434-4a58-a0b5-05418a203dc4" />
      <TestMethod codeBase="C:\Users\ericcarlson\documents\github\pickles\src\Pickles.TestFrameworks.UnitTests\bin\Debug\net6.0\PicklesDoc.Pickles.TestFrameworks.UnitTests.dll" adapterTypeName="executor://nunit3testexecutor/" className="PicklesDoc.Pickles.TestFrameworks.UnitTests.CucumberJson.WhenParsingCucumberJsonFromJSResultsFile" name="ThenCanReadScenarioOutlineResultSuccessfully" />
    </UnitTest>
    <UnitTest name="ThenCanReadResultsWithBackslashes" storage="c:\users\ericcarlson\documents\github\pickles\src\pickles.testframeworks.unittests\bin\debug\net6.0\picklesdoc.pickles.testframeworks.unittests.dll" id="ecd9a953-91a9-d4a0-56ca-0eb0a06434eb">
      <Execution id="23befc55-82f3-44fa-a157-f2cc65bede19" />
      <TestMethod codeBase="C:\Users\ericcarlson\documents\github\pickles\src\Pickles.TestFrameworks.UnitTests\bin\Debug\net6.0\PicklesDoc.Pickles.TestFrameworks.UnitTests.dll" adapterTypeName="executor://nunit3testexecutor/" className="PicklesDoc.Pickles.TestFrameworks.UnitTests.NUnit.NUnit3.WhenParsingNunit3ResultsFile" name="ThenCanReadResultsWithBackslashes" />
    </UnitTest>
    <UnitTest name="ThenCanReadFailedFeatureResultSuccessfully" storage="c:\users\ericcarlson\documents\github\pickles\src\pickles.testframeworks.unittests\bin\debug\net6.0\picklesdoc.pickles.testframeworks.unittests.dll" id="66835627-edbb-e359-6b21-3e0100bfad91">
      <Execution id="e525799a-06b5-47ff-88fe-f69bea0f761b" />
      <TestMethod codeBase="C:\Users\ericcarlson\documents\github\pickles\src\Pickles.TestFrameworks.UnitTests\bin\Debug\net6.0\PicklesDoc.Pickles.TestFrameworks.UnitTests.dll" adapterTypeName="executor://nunit3testexecutor/" className="PicklesDoc.Pickles.TestFrameworks.UnitTests.SpecRun.WhenParsingSpecRunTestResultsFile" name="ThenCanReadFailedFeatureResultSuccessfully" />
    </UnitTest>
    <UnitTest name="ThenCanReadFeatureResultWithoutThrowingException" storage="c:\users\ericcarlson\documents\github\pickles\src\pickles.testframeworks.unittests\bin\debug\net6.0\picklesdoc.pickles.testframeworks.unittests.dll" id="5e1aca6a-d9b7-23f6-c415-c9c2a91cd790">
      <Execution id="cc5d5880-479b-48c6-bfc7-50f2848b3ecf" />
      <TestMethod codeBase="C:\Users\ericcarlson\documents\github\pickles\src\Pickles.TestFrameworks.UnitTests\bin\Debug\net6.0\PicklesDoc.Pickles.TestFrameworks.UnitTests.dll" adapterTypeName="executor://nunit3testexecutor/" className="PicklesDoc.Pickles.TestFrameworks.UnitTests.XUnit.XUnit2.WhenParsingxUnit2ResultsFileWithMissingTraits" name="ThenCanReadFeatureResultWithoutThrowingException" />
    </UnitTest>
    <UnitTest name="ThenCanSuccessfullyMatch" storage="c:\users\ericcarlson\documents\github\pickles\src\pickles.testframeworks.unittests\bin\debug\net6.0\picklesdoc.pickles.testframeworks.unittests.dll" id="a1781e25-4782-9e03-dffd-5a8b1b4e811d">
      <Execution id="00b353ae-8f9b-4fa7-a708-fe42ef486023" />
      <TestMethod codeBase="C:\Users\ericcarlson\documents\github\pickles\src\Pickles.TestFrameworks.UnitTests\bin\Debug\net6.0\PicklesDoc.Pickles.TestFrameworks.UnitTests.dll" adapterTypeName="executor://nunit3testexecutor/" className="PicklesDoc.Pickles.TestFrameworks.UnitTests.NUnit.NUnit3.WhenDeterminingTheSignatureOfAnNunit3ExampleRow" name="ThenCanSuccessfullyMatch" />
    </UnitTest>
    <UnitTest name="ThenCanReadSuccessfulScenarioResultSuccessfully" storage="c:\users\ericcarlson\documents\github\pickles\src\pickles.testframeworks.unittests\bin\debug\net6.0\picklesdoc.pickles.testframeworks.unittests.dll" id="ac0a91f2-dd7a-5fc1-8193-eac940cd0656">
      <Execution id="f069cba4-eeea-4423-bd8a-f191907b79f7" />
      <TestMethod codeBase="C:\Users\ericcarlson\documents\github\pickles\src\Pickles.TestFrameworks.UnitTests\bin\Debug\net6.0\PicklesDoc.Pickles.TestFrameworks.UnitTests.dll" adapterTypeName="executor://nunit3testexecutor/" className="PicklesDoc.Pickles.TestFrameworks.UnitTests.NUnit.NUnit2.WhenParsingNUnitResultsFile" name="ThenCanReadSuccessfulScenarioResultSuccessfully" />
    </UnitTest>
    <UnitTest name="ThenCanReadIndividualResultsFromScenarioOutline_MultipleExampleSections_ShouldBeTestResultFailed" storage="c:\users\ericcarlson\documents\github\pickles\src\pickles.testframeworks.unittests\bin\debug\net6.0\picklesdoc.pickles.testframeworks.unittests.dll" id="4127f69b-e124-236a-5b11-95ef3fc8f483">
      <Execution id="75409fcf-76c2-4ab8-8649-2a6efa727ebd" />
      <TestMethod codeBase="C:\Users\ericcarlson\documents\github\pickles\src\Pickles.TestFrameworks.UnitTests\bin\Debug\net6.0\PicklesDoc.Pickles.TestFrameworks.UnitTests.dll" adapterTypeName="executor://nunit3testexecutor/" className="PicklesDoc.Pickles.TestFrameworks.UnitTests.VsTest.WhenParsingVsTestResultsFileWithIndividualResults" name="ThenCanReadIndividualResultsFromScenarioOutline_MultipleExampleSections_ShouldBeTestResultFailed" />
    </UnitTest>
    <UnitTest name="ThenCanReadResultsWithBackslashes" storage="c:\users\ericcarlson\documents\github\pickles\src\pickles.testframeworks.unittests\bin\debug\net6.0\picklesdoc.pickles.testframeworks.unittests.dll" id="6b71b8f6-958a-0474-734c-5037b2d776ec">
      <Execution id="823cd6cd-7966-4399-a711-e4a78592a8b5" />
      <TestMethod codeBase="C:\Users\ericcarlson\documents\github\pickles\src\Pickles.TestFrameworks.UnitTests\bin\Debug\net6.0\PicklesDoc.Pickles.TestFrameworks.UnitTests.dll" adapterTypeName="executor://nunit3testexecutor/" className="PicklesDoc.Pickles.TestFrameworks.UnitTests.CucumberJson.WhenParsingCucumberJsonFromRubyResultsFile" name="ThenCanReadResultsWithBackslashes" />
    </UnitTest>
    <UnitTest name="ThenMatchWillBeFoundEvenIfACarriageReturnWasFoundInValueField" storage="c:\users\ericcarlson\documents\github\pickles\src\pickles.testframeworks.unittests\bin\debug\net6.0\picklesdoc.pickles.testframeworks.unittests.dll" id="4f051dee-273d-fcff-0b9b-bfaf6bbfa98d">
      <Execution id="1e0d6853-dca7-4adb-a388-94a2d0a0eb27" />
      <TestMethod codeBase="C:\Users\ericcarlson\documents\github\pickles\src\Pickles.TestFrameworks.UnitTests\bin\Debug\net6.0\PicklesDoc.Pickles.TestFrameworks.UnitTests.dll" adapterTypeName="executor://nunit3testexecutor/" className="PicklesDoc.Pickles.TestFrameworks.UnitTests.MsTest.WhenParsingMsTestResultsFileWithEmptyExampleValues" name="ThenMatchWillBeFoundEvenIfACarriageReturnWasFoundInValueField" />
    </UnitTest>
    <UnitTest name="ThenCanReadFailedScenarioResultSuccessfully" storage="c:\users\ericcarlson\documents\github\pickles\src\pickles.testframeworks.unittests\bin\debug\net6.0\picklesdoc.pickles.testframeworks.unittests.dll" id="6f8b015e-fbb6-5aab-26fd-c4459351481b">
      <Execution id="8a4163c6-6b00-45ff-a22a-2e3f8c084618" />
      <TestMethod codeBase="C:\Users\ericcarlson\documents\github\pickles\src\Pickles.TestFrameworks.UnitTests\bin\Debug\net6.0\PicklesDoc.Pickles.TestFrameworks.UnitTests.dll" adapterTypeName="executor://nunit3testexecutor/" className="PicklesDoc.Pickles.TestFrameworks.UnitTests.MsTest.WhenParsingMsTestResultsFile" name="ThenCanReadFailedScenarioResultSuccessfully" />
    </UnitTest>
    <UnitTest name="ThenCanReadResultOfScenarioOutlineExampleWithFailingBackground" storage="c:\users\ericcarlson\documents\github\pickles\src\pickles.testframeworks.unittests\bin\debug\net6.0\picklesdoc.pickles.testframeworks.unittests.dll" id="3aa1d18f-f8de-dbde-ff88-7a89e4d8499f">
      <Execution id="4cfcd55d-ccc5-4ce9-80c6-96d9696fc8b9" />
      <TestMethod codeBase="C:\Users\ericcarlson\documents\github\pickles\src\Pickles.TestFrameworks.UnitTests\bin\Debug\net6.0\PicklesDoc.Pickles.TestFrameworks.UnitTests.dll" adapterTypeName="executor://nunit3testexecutor/" className="PicklesDoc.Pickles.TestFrameworks.UnitTests.XUnit.XUnit2.WhenParsingxUnit2ResultsFile" name="ThenCanReadResultOfScenarioOutlineExampleWithFailingBackground" />
    </UnitTest>
    <UnitTest name="ThenCanReadExamplesWithRegexValuesFromScenarioOutline_ShouldBeTestResultPassed" storage="c:\users\ericcarlson\documents\github\pickles\src\pickles.testframeworks.unittests\bin\debug\net6.0\picklesdoc.pickles.testframeworks.unittests.dll" id="aff9e195-4e54-a676-8f24-47ec072e3f76">
      <Execution id="3be2ed05-2fa4-42f1-bbf2-77683dad0a60" />
      <TestMethod codeBase="C:\Users\ericcarlson\documents\github\pickles\src\Pickles.TestFrameworks.UnitTests\bin\Debug\net6.0\PicklesDoc.Pickles.TestFrameworks.UnitTests.dll" adapterTypeName="executor://nunit3testexecutor/" className="PicklesDoc.Pickles.TestFrameworks.UnitTests.MsTest.WhenParsingMsTestResultsFileWithIndividualResults" name="ThenCanReadExamplesWithRegexValuesFromScenarioOutline_ShouldBeTestResultPassed" />
    </UnitTest>
    <UnitTest name="ThenCanReadExamplesWithRegexValuesFromScenarioOutline_ShouldBeTestResultPassed" storage="c:\users\ericcarlson\documents\github\pickles\src\pickles.testframeworks.unittests\bin\debug\net6.0\picklesdoc.pickles.testframeworks.unittests.dll" id="33f1da4b-412f-f4c7-12b2-2ccec879b8cc">
      <Execution id="48e54fdd-33ea-4035-86ff-1d02534bdaf2" />
      <TestMethod codeBase="C:\Users\ericcarlson\documents\github\pickles\src\Pickles.TestFrameworks.UnitTests\bin\Debug\net6.0\PicklesDoc.Pickles.TestFrameworks.UnitTests.dll" adapterTypeName="executor://nunit3testexecutor/" className="PicklesDoc.Pickles.TestFrameworks.UnitTests.VsTest.WhenParsingVsTestResultsFileWithIndividualResults" name="ThenCanReadExamplesWithRegexValuesFromScenarioOutline_ShouldBeTestResultPassed" />
    </UnitTest>
    <UnitTest name="ThenCanReadIndividualResultsFromScenarioOutline_ExamplesWithDuplicateValues_ShouldMatchExamples" storage="c:\users\ericcarlson\documents\github\pickles\src\pickles.testframeworks.unittests\bin\debug\net6.0\picklesdoc.pickles.testframeworks.unittests.dll" id="bdb55858-84b2-f69a-3f3e-7530e9bd9a2f">
      <Execution id="250ae8ea-d5df-47b5-a6ee-72f1a96026cf" />
      <TestMethod codeBase="C:\Users\ericcarlson\documents\github\pickles\src\Pickles.TestFrameworks.UnitTests\bin\Debug\net6.0\PicklesDoc.Pickles.TestFrameworks.UnitTests.dll" adapterTypeName="executor://nunit3testexecutor/" className="PicklesDoc.Pickles.TestFrameworks.UnitTests.VsTest.WhenParsingVsTestResultsFileWithIndividualResults" name="ThenCanReadIndividualResultsFromScenarioOutline_ExamplesWithDuplicateValues_ShouldMatchExamples" />
    </UnitTest>
    <UnitTest name="ThenCanReadResultOfFeatureWithFailingBackground" storage="c:\users\ericcarlson\documents\github\pickles\src\pickles.testframeworks.unittests\bin\debug\net6.0\picklesdoc.pickles.testframeworks.unittests.dll" id="6ee23e15-5212-e5e6-0d67-3661442b479b">
      <Execution id="44ee1d26-3857-4cb2-a33c-cfaf0d076593" />
      <TestMethod codeBase="C:\Users\ericcarlson\documents\github\pickles\src\Pickles.TestFrameworks.UnitTests\bin\Debug\net6.0\PicklesDoc.Pickles.TestFrameworks.UnitTests.dll" adapterTypeName="executor://nunit3testexecutor/" className="PicklesDoc.Pickles.TestFrameworks.UnitTests.NUnit.NUnit3.WhenParsingNunit3ResultsFile" name="ThenCanReadResultOfFeatureWithFailingBackground" />
    </UnitTest>
    <UnitTest name="ThenCanReadScenarioOutlineResultSuccessfully" storage="c:\users\ericcarlson\documents\github\pickles\src\pickles.testframeworks.unittests\bin\debug\net6.0\picklesdoc.pickles.testframeworks.unittests.dll" id="fde1c954-98a7-7238-71c0-b624bf2faef3">
      <Execution id="6ca03667-6ab3-4ffa-9a1e-243d3af122ac" />
      <TestMethod codeBase="C:\Users\ericcarlson\documents\github\pickles\src\Pickles.TestFrameworks.UnitTests\bin\Debug\net6.0\PicklesDoc.Pickles.TestFrameworks.UnitTests.dll" adapterTypeName="executor://nunit3testexecutor/" className="PicklesDoc.Pickles.TestFrameworks.UnitTests.XUnit.XUnit2.WhenParsingxUnit2ResultsFile" name="ThenCanReadScenarioOutlineResultSuccessfully" />
    </UnitTest>
    <UnitTest name="ThenCanReadNotFoundScenarioCorrectly" storage="c:\users\ericcarlson\documents\github\pickles\src\pickles.testframeworks.unittests\bin\debug\net6.0\picklesdoc.pickles.testframeworks.unittests.dll" id="86c41238-e1bd-d4dd-850b-3f251771aebe">
      <Execution id="367fef1c-d2f6-4c50-9eb8-bbb4789a98c6" />
      <TestMethod codeBase="C:\Users\ericcarlson\documents\github\pickles\src\Pickles.TestFrameworks.UnitTests\bin\Debug\net6.0\PicklesDoc.Pickles.TestFrameworks.UnitTests.dll" adapterTypeName="executor://nunit3testexecutor/" className="PicklesDoc.Pickles.TestFrameworks.UnitTests.CucumberJson.WhenParsingCucumberJsonFromRubyResultsFile" name="ThenCanReadNotFoundScenarioCorrectly" />
    </UnitTest>
    <UnitTest name="ThenCanReadResultsWithBackslashes" storage="c:\users\ericcarlson\documents\github\pickles\src\pickles.testframeworks.unittests\bin\debug\net6.0\picklesdoc.pickles.testframeworks.unittests.dll" id="1b904dc2-8da7-b28a-8a35-1d3fce5defa3">
      <Execution id="079d905c-da05-461b-983d-10d23aa45211" />
      <TestMethod codeBase="C:\Users\ericcarlson\documents\github\pickles\src\Pickles.TestFrameworks.UnitTests\bin\Debug\net6.0\PicklesDoc.Pickles.TestFrameworks.UnitTests.dll" adapterTypeName="executor://nunit3testexecutor/" className="PicklesDoc.Pickles.TestFrameworks.UnitTests.NUnit.NUnit2.WhenParsingNUnitResultsFile" name="ThenCanReadResultsWithBackslashes" />
    </UnitTest>
    <UnitTest name="ThenCanReadResultOfScenarioOutlineWithUmlauts" storage="c:\users\ericcarlson\documents\github\pickles\src\pickles.testframeworks.unittests\bin\debug\net6.0\picklesdoc.pickles.testframeworks.unittests.dll" id="0377b2ee-902b-c8d6-74bf-d614453dc1d9">
      <Execution id="0f11f012-9257-4529-9f54-22d3594ba0e1" />
      <TestMethod codeBase="C:\Users\ericcarlson\documents\github\pickles\src\Pickles.TestFrameworks.UnitTests\bin\Debug\net6.0\PicklesDoc.Pickles.TestFrameworks.UnitTests.dll" adapterTypeName="executor://nunit3testexecutor/" className="PicklesDoc.Pickles.TestFrameworks.UnitTests.CucumberJson.WhenParsingCucumberJsonFromJSResultsFile" name="ThenCanReadResultOfScenarioOutlineWithUmlauts" />
    </UnitTest>
    <UnitTest name="GetFeatureResult_OnePassingOneFailed_ReturnsPassed" storage="c:\users\ericcarlson\documents\github\pickles\src\pickles.testframeworks.unittests\bin\debug\net6.0\picklesdoc.pickles.testframeworks.unittests.dll" id="d8eb6d98-9b62-c231-99fb-5444406d89a8">
      <Execution id="c5f492db-a645-42c5-be5a-bfa9948b3112" />
      <TestMethod codeBase="C:\Users\ericcarlson\documents\github\pickles\src\Pickles.TestFrameworks.UnitTests\bin\Debug\net6.0\PicklesDoc.Pickles.TestFrameworks.UnitTests.dll" adapterTypeName="executor://nunit3testexecutor/" className="PicklesDoc.Pickles.TestFrameworks.UnitTests.SpecRun.WhenParsingMultipleTestResultsTests" name="GetFeatureResult_OnePassingOneFailed_ReturnsPassed" />
    </UnitTest>
    <UnitTest name="ThenCanReadInconclusiveFeatureResultSuccessfully" storage="c:\users\ericcarlson\documents\github\pickles\src\pickles.testframeworks.unittests\bin\debug\net6.0\picklesdoc.pickles.testframeworks.unittests.dll" id="13f1786b-ba98-dd5e-fe5d-f541f09404b5">
      <Execution id="767800b2-530e-4f62-8392-c797989edf64" />
      <TestMethod codeBase="C:\Users\ericcarlson\documents\github\pickles\src\Pickles.TestFrameworks.UnitTests\bin\Debug\net6.0\PicklesDoc.Pickles.TestFrameworks.UnitTests.dll" adapterTypeName="executor://nunit3testexecutor/" className="PicklesDoc.Pickles.TestFrameworks.UnitTests.CucumberJson.WhenParsingCucumberJsonFromJSResultsFile" name="ThenCanReadInconclusiveFeatureResultSuccessfully" />
    </UnitTest>
    <UnitTest name="ThenCanReadIndividualResultsFromScenarioOutline_OneInconclusive_ShouldBeTestResultInconclusive" storage="c:\users\ericcarlson\documents\github\pickles\src\pickles.testframeworks.unittests\bin\debug\net6.0\picklesdoc.pickles.testframeworks.unittests.dll" id="bf8a77e3-2a8b-534e-97d8-864c929c5c23">
      <Execution id="643592b9-975d-4344-b49b-7b9dd0f12c85" />
      <TestMethod codeBase="C:\Users\ericcarlson\documents\github\pickles\src\Pickles.TestFrameworks.UnitTests\bin\Debug\net6.0\PicklesDoc.Pickles.TestFrameworks.UnitTests.dll" adapterTypeName="executor://nunit3testexecutor/" className="PicklesDoc.Pickles.TestFrameworks.UnitTests.VsTest.WhenParsingVsTestResultsFileWithIndividualResults" name="ThenCanReadIndividualResultsFromScenarioOutline_OneInconclusive_ShouldBeTestResultInconclusive" />
    </UnitTest>
    <UnitTest name="ThenCanReadFeatureResultWithoutThrowingException" storage="c:\users\ericcarlson\documents\github\pickles\src\pickles.testframeworks.unittests\bin\debug\net6.0\picklesdoc.pickles.testframeworks.unittests.dll" id="40fd2da8-e1b0-4d77-57fd-878737b69c52">
      <Execution id="3a18053f-09fc-4967-b456-d0f3bead390c" />
      <TestMethod codeBase="C:\Users\ericcarlson\documents\github\pickles\src\Pickles.TestFrameworks.UnitTests\bin\Debug\net6.0\PicklesDoc.Pickles.TestFrameworks.UnitTests.dll" adapterTypeName="executor://nunit3testexecutor/" className="PicklesDoc.Pickles.TestFrameworks.UnitTests.NUnit.NUnit2.WhenParsingnUnit2ResultsFileWithMissingTraits" name="ThenCanReadFeatureResultWithoutThrowingException" />
    </UnitTest>
    <UnitTest name="ThenCanReadExamplesWithLongExampleValues" storage="c:\users\ericcarlson\documents\github\pickles\src\pickles.testframeworks.unittests\bin\debug\net6.0\picklesdoc.pickles.testframeworks.unittests.dll" id="ff3d2d05-1397-0038-c496-c12b7435aaee">
      <Execution id="58b15698-0dfc-4e0c-aa94-86258839fe90" />
      <TestMethod codeBase="C:\Users\ericcarlson\documents\github\pickles\src\Pickles.TestFrameworks.UnitTests\bin\Debug\net6.0\PicklesDoc.Pickles.TestFrameworks.UnitTests.dll" adapterTypeName="executor://nunit3testexecutor/" className="PicklesDoc.Pickles.TestFrameworks.UnitTests.SpecRun.WhenParsingSpecRunTestResultsFileWithIndividualResults" name="ThenCanReadExamplesWithLongExampleValues" />
    </UnitTest>
    <UnitTest name="ThenCanReadResultOfScenarioWithFailingBackground" storage="c:\users\ericcarlson\documents\github\pickles\src\pickles.testframeworks.unittests\bin\debug\net6.0\picklesdoc.pickles.testframeworks.unittests.dll" id="ecb801c4-d95f-4cd2-61bc-83f8f51ba916">
      <Execution id="5912e738-1d84-4c4e-bf43-81ebfcd3e552" />
      <TestMethod codeBase="C:\Users\ericcarlson\documents\github\pickles\src\Pickles.TestFrameworks.UnitTests\bin\Debug\net6.0\PicklesDoc.Pickles.TestFrameworks.UnitTests.dll" adapterTypeName="executor://nunit3testexecutor/" className="PicklesDoc.Pickles.TestFrameworks.UnitTests.CucumberJson.WhenParsingCucumberJsonFromJSResultsFile" name="ThenCanReadResultOfScenarioWithFailingBackground" />
    </UnitTest>
    <UnitTest name="ThenCanReadResultOfScenarioWithSpanishCharacters" storage="c:\users\ericcarlson\documents\github\pickles\src\pickles.testframeworks.unittests\bin\debug\net6.0\picklesdoc.pickles.testframeworks.unittests.dll" id="2a458999-94a8-df5e-d99f-8bcf0589d98d">
      <Execution id="9d0184ac-626d-47fa-99f5-71d1107a090b" />
      <TestMethod codeBase="C:\Users\ericcarlson\documents\github\pickles\src\Pickles.TestFrameworks.UnitTests\bin\Debug\net6.0\PicklesDoc.Pickles.TestFrameworks.UnitTests.dll" adapterTypeName="executor://nunit3testexecutor/" className="PicklesDoc.Pickles.TestFrameworks.UnitTests.NUnit.NUnit3.WhenParsingNunit3ResultsFile" name="ThenCanReadResultOfScenarioWithSpanishCharacters" />
    </UnitTest>
    <UnitTest name="ThenCanReadFailedFeatureResultSuccessfully" storage="c:\users\ericcarlson\documents\github\pickles\src\pickles.testframeworks.unittests\bin\debug\net6.0\picklesdoc.pickles.testframeworks.unittests.dll" id="63c783d3-cd4f-c315-c316-5735ac8dfa26">
      <Execution id="c419b15c-6054-4ddb-a6d6-1d450388a269" />
      <TestMethod codeBase="C:\Users\ericcarlson\documents\github\pickles\src\Pickles.TestFrameworks.UnitTests\bin\Debug\net6.0\PicklesDoc.Pickles.TestFrameworks.UnitTests.dll" adapterTypeName="executor://nunit3testexecutor/" className="PicklesDoc.Pickles.TestFrameworks.UnitTests.MsTest.WhenParsingMultipleMsTestTestResultsFiles" name="ThenCanReadFailedFeatureResultSuccessfully" />
    </UnitTest>
    <UnitTest name="ThenCanReadExamplesWithLongExampleValues" storage="c:\users\ericcarlson\documents\github\pickles\src\pickles.testframeworks.unittests\bin\debug\net6.0\picklesdoc.pickles.testframeworks.unittests.dll" id="df779c3e-867d-628d-d601-319a18d1823c">
      <Execution id="f3e28e3f-bb98-4e38-bed1-387f96f5e767" />
      <TestMethod codeBase="C:\Users\ericcarlson\documents\github\pickles\src\Pickles.TestFrameworks.UnitTests\bin\Debug\net6.0\PicklesDoc.Pickles.TestFrameworks.UnitTests.dll" adapterTypeName="executor://nunit3testexecutor/" className="PicklesDoc.Pickles.TestFrameworks.UnitTests.XUnit.XUnit2.WhenParsingXUnitResultsFileWithIndividualResults" name="ThenCanReadExamplesWithLongExampleValues" />
    </UnitTest>
    <UnitTest name="ThenCanReadResultOfFeatureWithFailingBackground" storage="c:\users\ericcarlson\documents\github\pickles\src\pickles.testframeworks.unittests\bin\debug\net6.0\picklesdoc.pickles.testframeworks.unittests.dll" id="fa88707c-fe6b-f9d4-e057-126c8ed49b45">
      <Execution id="cda9415f-7403-4068-b645-dd4bc3ed5ea9" />
      <TestMethod codeBase="C:\Users\ericcarlson\documents\github\pickles\src\Pickles.TestFrameworks.UnitTests\bin\Debug\net6.0\PicklesDoc.Pickles.TestFrameworks.UnitTests.dll" adapterTypeName="executor://nunit3testexecutor/" className="PicklesDoc.Pickles.TestFrameworks.UnitTests.SpecRun.WhenParsingSpecRunTestResultsFile" name="ThenCanReadResultOfFeatureWithFailingBackground" />
    </UnitTest>
    <UnitTest name="ThenCanReadIndividualResultsFromScenarioOutline_AllPass_ShouldBeTestResultPassed" storage="c:\users\ericcarlson\documents\github\pickles\src\pickles.testframeworks.unittests\bin\debug\net6.0\picklesdoc.pickles.testframeworks.unittests.dll" id="741a4e57-0cca-d960-3bbc-2a95ae33db53">
      <Execution id="945eda9d-c994-4806-a349-9aa1f7ece2df" />
      <TestMethod codeBase="C:\Users\ericcarlson\documents\github\pickles\src\Pickles.TestFrameworks.UnitTests\bin\Debug\net6.0\PicklesDoc.Pickles.TestFrameworks.UnitTests.dll" adapterTypeName="executor://nunit3testexecutor/" className="PicklesDoc.Pickles.TestFrameworks.UnitTests.CucumberJson.WhenParsingCucumberJsonFromJSResultsFileWithIndividualResults" name="ThenCanReadIndividualResultsFromScenarioOutline_AllPass_ShouldBeTestResultPassed" />
    </UnitTest>
    <UnitTest name="ThenCanReadNotFoundScenarioCorrectly" storage="c:\users\ericcarlson\documents\github\pickles\src\pickles.testframeworks.unittests\bin\debug\net6.0\picklesdoc.pickles.testframeworks.unittests.dll" id="74b4106b-4b89-70e5-ec6d-b53991f24ded">
      <Execution id="ae29568c-751a-4c52-a178-54b0ad20e358" />
      <TestMethod codeBase="C:\Users\ericcarlson\documents\github\pickles\src\Pickles.TestFrameworks.UnitTests\bin\Debug\net6.0\PicklesDoc.Pickles.TestFrameworks.UnitTests.dll" adapterTypeName="executor://nunit3testexecutor/" className="PicklesDoc.Pickles.TestFrameworks.UnitTests.CucumberJson.WhenParsingCucumberJsonFromJSResultsFile" name="ThenCanReadNotFoundScenarioCorrectly" />
    </UnitTest>
    <UnitTest name="ThenCanReadResultOfScenarioOutlineExampleWithFailingBackground" storage="c:\users\ericcarlson\documents\github\pickles\src\pickles.testframeworks.unittests\bin\debug\net6.0\picklesdoc.pickles.testframeworks.unittests.dll" id="1fdd6646-6375-970a-197e-20c3648dadc9">
      <Execution id="7dc60a77-e470-4f83-b7a2-10814da98cb5" />
      <TestMethod codeBase="C:\Users\ericcarlson\documents\github\pickles\src\Pickles.TestFrameworks.UnitTests\bin\Debug\net6.0\PicklesDoc.Pickles.TestFrameworks.UnitTests.dll" adapterTypeName="executor://nunit3testexecutor/" className="PicklesDoc.Pickles.TestFrameworks.UnitTests.VsTest.WhenParsingVsTestResultsFile" name="ThenCanReadResultOfScenarioOutlineExampleWithFailingBackground" />
    </UnitTest>
    <UnitTest name="ThenCanReadResultOfScenarioOutlineWithAmpersand" storage="c:\users\ericcarlson\documents\github\pickles\src\pickles.testframeworks.unittests\bin\debug\net6.0\picklesdoc.pickles.testframeworks.unittests.dll" id="aa6ed367-4142-c0b5-bc61-0c60c3e84f7e">
      <Execution id="03f7a243-e6af-4b40-813e-2883605f4ab0" />
      <TestMethod codeBase="C:\Users\ericcarlson\documents\github\pickles\src\Pickles.TestFrameworks.UnitTests\bin\Debug\net6.0\PicklesDoc.Pickles.TestFrameworks.UnitTests.dll" adapterTypeName="executor://nunit3testexecutor/" className="PicklesDoc.Pickles.TestFrameworks.UnitTests.VsTest.WhenParsingVsTestResultsFile" name="ThenCanReadResultOfScenarioOutlineWithAmpersand" />
    </UnitTest>
    <UnitTest name="ThenCanReadResultOfScenarioWithFailingBackground" storage="c:\users\ericcarlson\documents\github\pickles\src\pickles.testframeworks.unittests\bin\debug\net6.0\picklesdoc.pickles.testframeworks.unittests.dll" id="66032912-b178-4308-e9cd-9139f23f4710">
      <Execution id="c7b68da6-c52c-423b-8d1f-66c9716e00b8" />
      <TestMethod codeBase="C:\Users\ericcarlson\documents\github\pickles\src\Pickles.TestFrameworks.UnitTests\bin\Debug\net6.0\PicklesDoc.Pickles.TestFrameworks.UnitTests.dll" adapterTypeName="executor://nunit3testexecutor/" className="PicklesDoc.Pickles.TestFrameworks.UnitTests.CucumberJson.WhenParsingCucumberJsonFromRubyResultsFile" name="ThenCanReadResultOfScenarioWithFailingBackground" />
    </UnitTest>
    <UnitTest name="ThenCanReadResultOfScenarioWithSpanishCharacters" storage="c:\users\ericcarlson\documents\github\pickles\src\pickles.testframeworks.unittests\bin\debug\net6.0\picklesdoc.pickles.testframeworks.unittests.dll" id="789bb7c5-38de-ac73-095d-7a54a206a4c4">
      <Execution id="cec496e0-b06d-4714-bf9a-0676f01fffd7" />
      <TestMethod codeBase="C:\Users\ericcarlson\documents\github\pickles\src\Pickles.TestFrameworks.UnitTests\bin\Debug\net6.0\PicklesDoc.Pickles.TestFrameworks.UnitTests.dll" adapterTypeName="executor://nunit3testexecutor/" className="PicklesDoc.Pickles.TestFrameworks.UnitTests.XUnit.XUnit2.WhenParsingxUnit2ResultsFile" name="ThenCanReadResultOfScenarioWithSpanishCharacters" />
    </UnitTest>
    <UnitTest name="ThenCanReadResultOfFeatureWithFailingBackground" storage="c:\users\ericcarlson\documents\github\pickles\src\pickles.testframeworks.unittests\bin\debug\net6.0\picklesdoc.pickles.testframeworks.unittests.dll" id="3f5af0d1-875c-7462-d712-e00deb320d7a">
      <Execution id="81d352ac-945e-44be-9127-b5c7abd00f65" />
      <TestMethod codeBase="C:\Users\ericcarlson\documents\github\pickles\src\Pickles.TestFrameworks.UnitTests\bin\Debug\net6.0\PicklesDoc.Pickles.TestFrameworks.UnitTests.dll" adapterTypeName="executor://nunit3testexecutor/" className="PicklesDoc.Pickles.TestFrameworks.UnitTests.CucumberJson.WhenParsingCucumberJsonFromJSResultsFile" name="ThenCanReadResultOfFeatureWithFailingBackground" />
    </UnitTest>
    <UnitTest name="ThenCanReadResultOfScenarioWithDanishCharacters" storage="c:\users\ericcarlson\documents\github\pickles\src\pickles.testframeworks.unittests\bin\debug\net6.0\picklesdoc.pickles.testframeworks.unittests.dll" id="3f1adbc0-0196-34e5-6649-a85c5488fa91">
      <Execution id="2791b51e-bc77-4b41-9425-0fce3fc6a2ca" />
      <TestMethod codeBase="C:\Users\ericcarlson\documents\github\pickles\src\Pickles.TestFrameworks.UnitTests\bin\Debug\net6.0\PicklesDoc.Pickles.TestFrameworks.UnitTests.dll" adapterTypeName="executor://nunit3testexecutor/" className="PicklesDoc.Pickles.TestFrameworks.UnitTests.MsTest.WhenParsingMsTestResultsFile" name="ThenCanReadResultOfScenarioWithDanishCharacters" />
    </UnitTest>
    <UnitTest name="ThenCanReadFailedScenarioResultSuccessfully" storage="c:\users\ericcarlson\documents\github\pickles\src\pickles.testframeworks.unittests\bin\debug\net6.0\picklesdoc.pickles.testframeworks.unittests.dll" id="f6f57a3d-4eb8-1874-da57-7a9e4d6b9c42">
      <Execution id="0ffb5ca5-6923-4b10-82f9-ad060756d2e3" />
      <TestMethod codeBase="C:\Users\ericcarlson\documents\github\pickles\src\Pickles.TestFrameworks.UnitTests\bin\Debug\net6.0\PicklesDoc.Pickles.TestFrameworks.UnitTests.dll" adapterTypeName="executor://nunit3testexecutor/" className="PicklesDoc.Pickles.TestFrameworks.UnitTests.NUnit.NUnit3.WhenParsingNunit3ResultsFile" name="ThenCanReadFailedScenarioResultSuccessfully" />
    </UnitTest>
    <UnitTest name="ThenCanReadFailedFeatureResultSuccessfully" storage="c:\users\ericcarlson\documents\github\pickles\src\pickles.testframeworks.unittests\bin\debug\net6.0\picklesdoc.pickles.testframeworks.unittests.dll" id="af52bc0c-9d4d-dbfe-1e9a-8d33e897ef69">
      <Execution id="0bc2c240-381e-43be-8e0c-0f75c718966f" />
      <TestMethod codeBase="C:\Users\ericcarlson\documents\github\pickles\src\Pickles.TestFrameworks.UnitTests\bin\Debug\net6.0\PicklesDoc.Pickles.TestFrameworks.UnitTests.dll" adapterTypeName="executor://nunit3testexecutor/" className="PicklesDoc.Pickles.TestFrameworks.UnitTests.NUnit.NUnit2.WhenParsingNUnitResultsFile" name="ThenCanReadFailedFeatureResultSuccessfully" />
    </UnitTest>
    <UnitTest name="ThenCanReadFailedScenarioResultSuccessfully" storage="c:\users\ericcarlson\documents\github\pickles\src\pickles.testframeworks.unittests\bin\debug\net6.0\picklesdoc.pickles.testframeworks.unittests.dll" id="c8836a8e-d919-c2fa-5c2d-61cd7e788ac3">
      <Execution id="2abc8d15-77ae-4298-a746-a80b6c549d2d" />
      <TestMethod codeBase="C:\Users\ericcarlson\documents\github\pickles\src\Pickles.TestFrameworks.UnitTests\bin\Debug\net6.0\PicklesDoc.Pickles.TestFrameworks.UnitTests.dll" adapterTypeName="executor://nunit3testexecutor/" className="PicklesDoc.Pickles.TestFrameworks.UnitTests.NUnit.NUnit3.WhenParsingNunit3ResultsFileForNunit2Tests" name="ThenCanReadFailedScenarioResultSuccessfully" />
    </UnitTest>
    <UnitTest name="ThenCanReadFeatureResultSuccessfully" storage="c:\users\ericcarlson\documents\github\pickles\src\pickles.testframeworks.unittests\bin\debug\net6.0\picklesdoc.pickles.testframeworks.unittests.dll" id="c878e9ba-46bf-00b5-a8be-a988ac37f973">
      <Execution id="0bcbbb61-a2c4-4aad-bacb-80f25049491a" />
      <TestMethod codeBase="C:\Users\ericcarlson\documents\github\pickles\src\Pickles.TestFrameworks.UnitTests\bin\Debug\net6.0\PicklesDoc.Pickles.TestFrameworks.UnitTests.dll" adapterTypeName="executor://nunit3testexecutor/" className="PicklesDoc.Pickles.TestFrameworks.UnitTests.NUnit.NUnit2.WhenParsingMultipleNUnitResultsFilesForASingleFeature" name="ThenCanReadFeatureResultSuccessfully" />
    </UnitTest>
    <UnitTest name="ThenCanReadResultOfScenarioWithSpanishCharacters" storage="c:\users\ericcarlson\documents\github\pickles\src\pickles.testframeworks.unittests\bin\debug\net6.0\picklesdoc.pickles.testframeworks.unittests.dll" id="0c1060a1-daea-cc27-1eec-f91d6e03fb50">
      <Execution id="4c6337fe-93f4-44ec-8cbb-d3697cf5247c" />
      <TestMethod codeBase="C:\Users\ericcarlson\documents\github\pickles\src\Pickles.TestFrameworks.UnitTests\bin\Debug\net6.0\PicklesDoc.Pickles.TestFrameworks.UnitTests.dll" adapterTypeName="executor://nunit3testexecutor/" className="PicklesDoc.Pickles.TestFrameworks.UnitTests.MsTest.WhenParsingMsTestResultsFile" name="ThenCanReadResultOfScenarioWithSpanishCharacters" />
    </UnitTest>
    <UnitTest name="GetScenarioOutlineResult_TwoInconclusive_ReturnsInconclusive" storage="c:\users\ericcarlson\documents\github\pickles\src\pickles.testframeworks.unittests\bin\debug\net6.0\picklesdoc.pickles.testframeworks.unittests.dll" id="bfd25a89-37a1-8b6d-3055-743f4224a763">
      <Execution id="748c4535-7943-4f88-ac7f-b946d60867af" />
      <TestMethod codeBase="C:\Users\ericcarlson\documents\github\pickles\src\Pickles.TestFrameworks.UnitTests\bin\Debug\net6.0\PicklesDoc.Pickles.TestFrameworks.UnitTests.dll" adapterTypeName="executor://nunit3testexecutor/" className="PicklesDoc.Pickles.TestFrameworks.UnitTests.SpecRun.WhenParsingMultipleTestResultsTests" name="GetScenarioOutlineResult_TwoInconclusive_ReturnsInconclusive" />
    </UnitTest>
    <UnitTest name="ThenCanReadResultOfScenarioWithSpanishCharacters" storage="c:\users\ericcarlson\documents\github\pickles\src\pickles.testframeworks.unittests\bin\debug\net6.0\picklesdoc.pickles.testframeworks.unittests.dll" id="8237b5ca-ec4b-2f2b-c709-52a921fafd5c">
      <Execution id="7eac7846-d2e8-4431-8675-f7764ee74a9a" />
      <TestMethod codeBase="C:\Users\ericcarlson\documents\github\pickles\src\Pickles.TestFrameworks.UnitTests\bin\Debug\net6.0\PicklesDoc.Pickles.TestFrameworks.UnitTests.dll" adapterTypeName="executor://nunit3testexecutor/" className="PicklesDoc.Pickles.TestFrameworks.UnitTests.VsTest.WhenParsingVsTestResultsFile" name="ThenCanReadResultOfScenarioWithSpanishCharacters" />
    </UnitTest>
    <UnitTest name="TestResultsFileIsMessingElementsForAFeature_ShouldReturnInconclusive" storage="c:\users\ericcarlson\documents\github\pickles\src\pickles.testframeworks.unittests\bin\debug\net6.0\picklesdoc.pickles.testframeworks.unittests.dll" id="98e742b5-a9e8-df93-45b6-fa0d531caa6b">
      <Execution id="8921dc02-8183-4a57-b53f-d44f551ac9b8" />
      <TestMethod codeBase="C:\Users\ericcarlson\documents\github\pickles\src\Pickles.TestFrameworks.UnitTests\bin\Debug\net6.0\PicklesDoc.Pickles.TestFrameworks.UnitTests.dll" adapterTypeName="executor://nunit3testexecutor/" className="PicklesDoc.Pickles.TestFrameworks.UnitTests.CucumberJson.WhenParsingCucumberJsonFromJSResultsFileWithMissingElements" name="TestResultsFileIsMessingElementsForAFeature_ShouldReturnInconclusive" />
    </UnitTest>
    <UnitTest name="ThenCanReadIndividualResultsFromScenarioOutline_MultipleExampleSections_ShouldBeTestResultFailed" storage="c:\users\ericcarlson\documents\github\pickles\src\pickles.testframeworks.unittests\bin\debug\net6.0\picklesdoc.pickles.testframeworks.unittests.dll" id="c437592f-ad90-49b0-0c63-3ab7616bb2a4">
      <Execution id="a9afd086-0d42-4d59-97f3-2d643769464c" />
      <TestMethod codeBase="C:\Users\ericcarlson\documents\github\pickles\src\Pickles.TestFrameworks.UnitTests\bin\Debug\net6.0\PicklesDoc.Pickles.TestFrameworks.UnitTests.dll" adapterTypeName="executor://nunit3testexecutor/" className="PicklesDoc.Pickles.TestFrameworks.UnitTests.SpecRun.WhenParsingSpecRunTestResultsFileWithIndividualResults" name="ThenCanReadIndividualResultsFromScenarioOutline_MultipleExampleSections_ShouldBeTestResultFailed" />
    </UnitTest>
    <UnitTest name="RegularExpressionAsExampleContentMatches_With_Plus" storage="c:\users\ericcarlson\documents\github\pickles\src\pickles.testframeworks.unittests\bin\debug\net6.0\picklesdoc.pickles.testframeworks.unittests.dll" id="c5348a36-5365-9e63-699c-dd523aa894a2">
      <Execution id="67c32b5f-e906-4dd5-9630-cb9e6dfbc518" />
      <TestMethod codeBase="C:\Users\ericcarlson\documents\github\pickles\src\Pickles.TestFrameworks.UnitTests\bin\Debug\net6.0\PicklesDoc.Pickles.TestFrameworks.UnitTests.dll" adapterTypeName="executor://nunit3testexecutor/" className="PicklesDoc.Pickles.TestFrameworks.UnitTests.XUnit.XUnit2.WhenDeterminingTheSignatureOfAnXUnit2ExampleRow" name="RegularExpressionAsExampleContentMatches_With_Plus" />
    </UnitTest>
    <UnitTest name="ThenCanReadResultOfScenarioOutlineWithFailingBackground" storage="c:\users\ericcarlson\documents\github\pickles\src\pickles.testframeworks.unittests\bin\debug\net6.0\picklesdoc.pickles.testframeworks.unittests.dll" id="e1b783a4-63da-62c3-ab50-be899fdd79e2">
      <Execution id="b7b4aee1-234a-4e03-9e41-228b746e23c3" />
      <TestMethod codeBase="C:\Users\ericcarlson\documents\github\pickles\src\Pickles.TestFrameworks.UnitTests\bin\Debug\net6.0\PicklesDoc.Pickles.TestFrameworks.UnitTests.dll" adapterTypeName="executor://nunit3testexecutor/" className="PicklesDoc.Pickles.TestFrameworks.UnitTests.NUnit.NUnit3.WhenParsingNunit3ResultsFile" name="ThenCanReadResultOfScenarioOutlineWithFailingBackground" />
    </UnitTest>
    <UnitTest name="ThenCanResolveAsSingleton(&quot;results-example-vstest.trx&quot;,&quot;VsTest.results-example-vstest.trx&quot;,VsTest,PicklesDoc.Pickles.TestFrameworks.VsTest.VsTestResults)" storage="c:\users\ericcarlson\documents\github\pickles\src\pickles.testframeworks.unittests\bin\debug\net6.0\picklesdoc.pickles.testframeworks.unittests.dll" id="75c1372b-c80e-ab1f-dc10-8b8dc4679533">
      <Execution id="a22d9e92-14a0-49c1-af79-ede61ac84daa" />
      <TestMethod codeBase="C:\Users\ericcarlson\documents\github\pickles\src\Pickles.TestFrameworks.UnitTests\bin\Debug\net6.0\PicklesDoc.Pickles.TestFrameworks.UnitTests.dll" adapterTypeName="executor://nunit3testexecutor/" className="PicklesDoc.Pickles.TestFrameworks.UnitTests.WhenResolvingTestResults" name="ThenCanResolveAsSingleton(&quot;results-example-vstest.trx&quot;,&quot;VsTest.results-example-vstest.trx&quot;,VsTest,PicklesDoc.Pickles.TestFrameworks.VsTest.VsTestResults)" />
    </UnitTest>
    <UnitTest name="RegularExpressionAsExampleContentMatches_With_Parentheses" storage="c:\users\ericcarlson\documents\github\pickles\src\pickles.testframeworks.unittests\bin\debug\net6.0\picklesdoc.pickles.testframeworks.unittests.dll" id="9c345799-e138-7ed0-5b4a-1011418b61de">
      <Execution id="48ced949-53fc-4b98-8bf6-b10c89116380" />
      <TestMethod codeBase="C:\Users\ericcarlson\documents\github\pickles\src\Pickles.TestFrameworks.UnitTests\bin\Debug\net6.0\PicklesDoc.Pickles.TestFrameworks.UnitTests.dll" adapterTypeName="executor://nunit3testexecutor/" className="PicklesDoc.Pickles.TestFrameworks.UnitTests.XUnit.XUnit2.WhenDeterminingTheSignatureOfAnXUnit2ExampleRow" name="RegularExpressionAsExampleContentMatches_With_Parentheses" />
    </UnitTest>
    <UnitTest name="ThenCanReadIndividualResultsFromScenarioOutline_MultipleNamedExamplesWithDuplicateValues_ShouldMatchExamples" storage="c:\users\ericcarlson\documents\github\pickles\src\pickles.testframeworks.unittests\bin\debug\net6.0\picklesdoc.pickles.testframeworks.unittests.dll" id="15d64ad8-f453-6ded-46ce-06d0f8e68caf">
      <Execution id="08ce992d-4c9d-4f7d-b256-cedc5d91370c" />
      <TestMethod codeBase="C:\Users\ericcarlson\documents\github\pickles\src\Pickles.TestFrameworks.UnitTests\bin\Debug\net6.0\PicklesDoc.Pickles.TestFrameworks.UnitTests.dll" adapterTypeName="executor://nunit3testexecutor/" className="PicklesDoc.Pickles.TestFrameworks.UnitTests.NUnit.NUnit2.WhenParsingNUnitResultsFileWithIndividualResults" name="ThenCanReadIndividualResultsFromScenarioOutline_MultipleNamedExamplesWithDuplicateValues_ShouldMatchExamples" />
    </UnitTest>
    <UnitTest name="ThenCanReadNotFoundFeatureCorrectly" storage="c:\users\ericcarlson\documents\github\pickles\src\pickles.testframeworks.unittests\bin\debug\net6.0\picklesdoc.pickles.testframeworks.unittests.dll" id="59fc518d-691e-1e5f-347b-11ecb9d13e9d">
      <Execution id="11f69cf5-6c0b-4128-bf5f-2d48757c1486" />
      <TestMethod codeBase="C:\Users\ericcarlson\documents\github\pickles\src\Pickles.TestFrameworks.UnitTests\bin\Debug\net6.0\PicklesDoc.Pickles.TestFrameworks.UnitTests.dll" adapterTypeName="executor://nunit3testexecutor/" className="PicklesDoc.Pickles.TestFrameworks.UnitTests.NUnit.NUnit2.WhenParsingNUnitResultsFile" name="ThenCanReadNotFoundFeatureCorrectly" />
    </UnitTest>
    <UnitTest name="ThenCanReadScenarioOutlineResultSuccessfully" storage="c:\users\ericcarlson\documents\github\pickles\src\pickles.testframeworks.unittests\bin\debug\net6.0\picklesdoc.pickles.testframeworks.unittests.dll" id="bd67c30d-1d82-4e89-6c61-dfcd016668cb">
      <Execution id="e93fc055-85e7-4dbc-ba1c-8e2096b3deeb" />
      <TestMethod codeBase="C:\Users\ericcarlson\documents\github\pickles\src\Pickles.TestFrameworks.UnitTests\bin\Debug\net6.0\PicklesDoc.Pickles.TestFrameworks.UnitTests.dll" adapterTypeName="executor://nunit3testexecutor/" className="PicklesDoc.Pickles.TestFrameworks.UnitTests.VsTest.WhenParsingVsTestResultsFile" name="ThenCanReadScenarioOutlineResultSuccessfully" />
    </UnitTest>
    <UnitTest name="ThenCanReadSuccessfulScenarioResultSuccessfully" storage="c:\users\ericcarlson\documents\github\pickles\src\pickles.testframeworks.unittests\bin\debug\net6.0\picklesdoc.pickles.testframeworks.unittests.dll" id="128b2e33-c1df-6a98-010e-1414bed50de5">
      <Execution id="d97f3bc8-f82c-41e0-9801-0f109308d993" />
      <TestMethod codeBase="C:\Users\ericcarlson\documents\github\pickles\src\Pickles.TestFrameworks.UnitTests\bin\Debug\net6.0\PicklesDoc.Pickles.TestFrameworks.UnitTests.dll" adapterTypeName="executor://nunit3testexecutor/" className="PicklesDoc.Pickles.TestFrameworks.UnitTests.CucumberJson.WhenParsingCucumberJsonFromJSResultsFile" name="ThenCanReadSuccessfulScenarioResultSuccessfully" />
    </UnitTest>
    <UnitTest name="ThenCanReadExamplesWithLongExampleValues" storage="c:\users\ericcarlson\documents\github\pickles\src\pickles.testframeworks.unittests\bin\debug\net6.0\picklesdoc.pickles.testframeworks.unittests.dll" id="fa2fb9d9-01c1-922c-5d5a-386819eb8668">
      <Execution id="e13a86bf-b30f-4269-8e2e-593758d75e3c" />
      <TestMethod codeBase="C:\Users\ericcarlson\documents\github\pickles\src\Pickles.TestFrameworks.UnitTests\bin\Debug\net6.0\PicklesDoc.Pickles.TestFrameworks.UnitTests.dll" adapterTypeName="executor://nunit3testexecutor/" className="PicklesDoc.Pickles.TestFrameworks.UnitTests.CucumberJson.WhenParsingCucumberJsonFromJSResultsFileWithIndividualResults" name="ThenCanReadExamplesWithLongExampleValues" />
    </UnitTest>
    <UnitTest name="ThenCanReadInconclusiveFeatureResultSuccessfully" storage="c:\users\ericcarlson\documents\github\pickles\src\pickles.testframeworks.unittests\bin\debug\net6.0\picklesdoc.pickles.testframeworks.unittests.dll" id="98025163-67c4-34a3-d0e7-9dbdb150f12f">
      <Execution id="2300a7e8-600e-4230-b819-5a45c5f3b02b" />
      <TestMethod codeBase="C:\Users\ericcarlson\documents\github\pickles\src\Pickles.TestFrameworks.UnitTests\bin\Debug\net6.0\PicklesDoc.Pickles.TestFrameworks.UnitTests.dll" adapterTypeName="executor://nunit3testexecutor/" className="PicklesDoc.Pickles.TestFrameworks.UnitTests.NUnit.NUnit2.WhenParsingNUnitResultsFile" name="ThenCanReadInconclusiveFeatureResultSuccessfully" />
    </UnitTest>
    <UnitTest name="ThenCanReadResultOfScenarioOutlineExampleWithFailingBackground" storage="c:\users\ericcarlson\documents\github\pickles\src\pickles.testframeworks.unittests\bin\debug\net6.0\picklesdoc.pickles.testframeworks.unittests.dll" id="5f02bd55-47a0-e81d-b9df-6ab6392dc956">
      <Execution id="d3964c95-deba-468b-8c97-cdc6c519a137" />
      <TestMethod codeBase="C:\Users\ericcarlson\documents\github\pickles\src\Pickles.TestFrameworks.UnitTests\bin\Debug\net6.0\PicklesDoc.Pickles.TestFrameworks.UnitTests.dll" adapterTypeName="executor://nunit3testexecutor/" className="PicklesDoc.Pickles.TestFrameworks.UnitTests.NUnit.NUnit3.WhenParsingNunit3ResultsFileForNunit2Tests" name="ThenCanReadResultOfScenarioOutlineExampleWithFailingBackground" />
    </UnitTest>
    <UnitTest name="ThenCanReadSuccessfulScenarioResultSuccessfully" storage="c:\users\ericcarlson\documents\github\pickles\src\pickles.testframeworks.unittests\bin\debug\net6.0\picklesdoc.pickles.testframeworks.unittests.dll" id="616fe719-bf7f-7000-9e32-4cae5f1dd897">
      <Execution id="8a4c5283-23a9-4b36-9d80-9ed25eb65267" />
      <TestMethod codeBase="C:\Users\ericcarlson\documents\github\pickles\src\Pickles.TestFrameworks.UnitTests\bin\Debug\net6.0\PicklesDoc.Pickles.TestFrameworks.UnitTests.dll" adapterTypeName="executor://nunit3testexecutor/" className="PicklesDoc.Pickles.TestFrameworks.UnitTests.XUnit.XUnit1.WhenParsingxUnitResultsFile" name="ThenCanReadSuccessfulScenarioResultSuccessfully" />
    </UnitTest>
    <UnitTest name="ThenCanReadResultOfScenarioOutlineWithUmlauts" storage="c:\users\ericcarlson\documents\github\pickles\src\pickles.testframeworks.unittests\bin\debug\net6.0\picklesdoc.pickles.testframeworks.unittests.dll" id="dd0a53f6-9608-d074-ec6b-1fd826ef275e">
      <Execution id="20516a48-9d22-4e0c-a7b9-f3534646f6e2" />
      <TestMethod codeBase="C:\Users\ericcarlson\documents\github\pickles\src\Pickles.TestFrameworks.UnitTests\bin\Debug\net6.0\PicklesDoc.Pickles.TestFrameworks.UnitTests.dll" adapterTypeName="executor://nunit3testexecutor/" className="PicklesDoc.Pickles.TestFrameworks.UnitTests.CucumberJson.WhenParsingCucumberJsonFromRubyResultsFile" name="ThenCanReadResultOfScenarioOutlineWithUmlauts" />
    </UnitTest>
    <UnitTest name="ThenCanReadResultOfScenarioOutlineWithSpecialCharacters" storage="c:\users\ericcarlson\documents\github\pickles\src\pickles.testframeworks.unittests\bin\debug\net6.0\picklesdoc.pickles.testframeworks.unittests.dll" id="a24366aa-9e79-801f-e1af-8419027c8a13">
      <Execution id="cab1b183-b0dc-4c27-8ca9-c69445b98991" />
      <TestMethod codeBase="C:\Users\ericcarlson\documents\github\pickles\src\Pickles.TestFrameworks.UnitTests\bin\Debug\net6.0\PicklesDoc.Pickles.TestFrameworks.UnitTests.dll" adapterTypeName="executor://nunit3testexecutor/" className="PicklesDoc.Pickles.TestFrameworks.UnitTests.SpecRun.WhenParsingSpecRunTestResultsFile" name="ThenCanReadResultOfScenarioOutlineWithSpecialCharacters" />
    </UnitTest>
    <UnitTest name="ThenCanReadResultOfScenarioOutlineWithFailingBackground" storage="c:\users\ericcarlson\documents\github\pickles\src\pickles.testframeworks.unittests\bin\debug\net6.0\picklesdoc.pickles.testframeworks.unittests.dll" id="e931af6a-3452-9003-decc-ede4ba4ec081">
      <Execution id="a2d002b3-bedd-4a54-86cb-79ef43e515da" />
      <TestMethod codeBase="C:\Users\ericcarlson\documents\github\pickles\src\Pickles.TestFrameworks.UnitTests\bin\Debug\net6.0\PicklesDoc.Pickles.TestFrameworks.UnitTests.dll" adapterTypeName="executor://nunit3testexecutor/" className="PicklesDoc.Pickles.TestFrameworks.UnitTests.NUnit.NUnit3.WhenParsingNunit3ResultsFileForNunit2Tests" name="ThenCanReadResultOfScenarioOutlineWithFailingBackground" />
    </UnitTest>
    <UnitTest name="ThenCanReadResultOfScenarioWithFailingBackground" storage="c:\users\ericcarlson\documents\github\pickles\src\pickles.testframeworks.unittests\bin\debug\net6.0\picklesdoc.pickles.testframeworks.unittests.dll" id="ca034f59-6d8f-3d39-f10e-3725456122ef">
      <Execution id="231c46bf-f21c-456e-9a8a-daca80c73d91" />
      <TestMethod codeBase="C:\Users\ericcarlson\documents\github\pickles\src\Pickles.TestFrameworks.UnitTests\bin\Debug\net6.0\PicklesDoc.Pickles.TestFrameworks.UnitTests.dll" adapterTypeName="executor://nunit3testexecutor/" className="PicklesDoc.Pickles.TestFrameworks.UnitTests.XUnit.XUnit2.WhenParsingxUnit2ResultsFile" name="ThenCanReadResultOfScenarioWithFailingBackground" />
    </UnitTest>
    <UnitTest name="ThenCanResolveAsSingleton(&quot;results-example-nunit.xml&quot;,&quot;NUnit.NUnit2.results-example-nunit.xml&quot;,NUnit,PicklesDoc.Pickles.TestFrameworks.NUnit.NUnit2.NUnit2Results)" storage="c:\users\ericcarlson\documents\github\pickles\src\pickles.testframeworks.unittests\bin\debug\net6.0\picklesdoc.pickles.testframeworks.unittests.dll" id="e70aaa39-34a4-5c29-d102-ad4674ca6ab6">
      <Execution id="a0ab1da2-5e3b-460f-98c3-176165f29677" />
      <TestMethod codeBase="C:\Users\ericcarlson\documents\github\pickles\src\Pickles.TestFrameworks.UnitTests\bin\Debug\net6.0\PicklesDoc.Pickles.TestFrameworks.UnitTests.dll" adapterTypeName="executor://nunit3testexecutor/" className="PicklesDoc.Pickles.TestFrameworks.UnitTests.WhenResolvingTestResults" name="ThenCanResolveAsSingleton(&quot;results-example-nunit.xml&quot;,&quot;NUnit.NUnit2.results-example-nunit.xml&quot;,NUnit,PicklesDoc.Pickles.TestFrameworks.NUnit.NUnit2.NUnit2Results)" />
    </UnitTest>
    <UnitTest name="ThenCanReadResultOfScenarioOutlineWithAmpersand" storage="c:\users\ericcarlson\documents\github\pickles\src\pickles.testframeworks.unittests\bin\debug\net6.0\picklesdoc.pickles.testframeworks.unittests.dll" id="62d8a504-87cb-5ba7-c255-1d3c38bd41a0">
      <Execution id="9740204a-916c-4e07-b3ff-c09478ea0591" />
      <TestMethod codeBase="C:\Users\ericcarlson\documents\github\pickles\src\Pickles.TestFrameworks.UnitTests\bin\Debug\net6.0\PicklesDoc.Pickles.TestFrameworks.UnitTests.dll" adapterTypeName="executor://nunit3testexecutor/" className="PicklesDoc.Pickles.TestFrameworks.UnitTests.NUnit.NUnit3.WhenParsingNunit3ResultsFile" name="ThenCanReadResultOfScenarioOutlineWithAmpersand" />
    </UnitTest>
    <UnitTest name="ThenCanReadFeatureResultSuccessfully" storage="c:\users\ericcarlson\documents\github\pickles\src\pickles.testframeworks.unittests\bin\debug\net6.0\picklesdoc.pickles.testframeworks.unittests.dll" id="654eaa9a-fb20-1f7a-8fb7-20107e7e962f">
      <Execution id="06024807-b62d-4fdb-aaf0-301540cb7146" />
      <TestMethod codeBase="C:\Users\ericcarlson\documents\github\pickles\src\Pickles.TestFrameworks.UnitTests\bin\Debug\net6.0\PicklesDoc.Pickles.TestFrameworks.UnitTests.dll" adapterTypeName="executor://nunit3testexecutor/" className="PicklesDoc.Pickles.TestFrameworks.UnitTests.VsTest.WhenParsingVsTestResultsFile" name="ThenCanReadFeatureResultSuccessfully" />
    </UnitTest>
    <UnitTest name="GetFeatureResult_TwoInconclusive_ReturnsInconclusive" storage="c:\users\ericcarlson\documents\github\pickles\src\pickles.testframeworks.unittests\bin\debug\net6.0\picklesdoc.pickles.testframeworks.unittests.dll" id="b8387dd6-f890-7e0b-f414-a4e07ecc407b">
      <Execution id="a1046b54-aa57-43bf-b77b-8e6634e19817" />
      <TestMethod codeBase="C:\Users\ericcarlson\documents\github\pickles\src\Pickles.TestFrameworks.UnitTests\bin\Debug\net6.0\PicklesDoc.Pickles.TestFrameworks.UnitTests.dll" adapterTypeName="executor://nunit3testexecutor/" className="PicklesDoc.Pickles.TestFrameworks.UnitTests.SpecRun.WhenParsingMultipleTestResultsTests" name="GetFeatureResult_TwoInconclusive_ReturnsInconclusive" />
    </UnitTest>
    <UnitTest name="ThenCanReadPassedFeatureResultSuccessfully" storage="c:\users\ericcarlson\documents\github\pickles\src\pickles.testframeworks.unittests\bin\debug\net6.0\picklesdoc.pickles.testframeworks.unittests.dll" id="eaddf983-315a-e36c-c3b9-c9529d03d71a">
      <Execution id="a5c399b7-1054-497a-9438-9b6909901560" />
      <TestMethod codeBase="C:\Users\ericcarlson\documents\github\pickles\src\Pickles.TestFrameworks.UnitTests\bin\Debug\net6.0\PicklesDoc.Pickles.TestFrameworks.UnitTests.dll" adapterTypeName="executor://nunit3testexecutor/" className="PicklesDoc.Pickles.TestFrameworks.UnitTests.MsTest.WhenParsingMsTestResultsFile" name="ThenCanReadPassedFeatureResultSuccessfully" />
    </UnitTest>
    <UnitTest name="ThenCanReadSuccessfulScenarioResultSuccessfully" storage="c:\users\ericcarlson\documents\github\pickles\src\pickles.testframeworks.unittests\bin\debug\net6.0\picklesdoc.pickles.testframeworks.unittests.dll" id="09eb03c3-6c6b-d07d-0c0e-f69b7a3941d2">
      <Execution id="506c860a-cc96-4967-9ea9-21de0fa591aa" />
      <TestMethod codeBase="C:\Users\ericcarlson\documents\github\pickles\src\Pickles.TestFrameworks.UnitTests\bin\Debug\net6.0\PicklesDoc.Pickles.TestFrameworks.UnitTests.dll" adapterTypeName="executor://nunit3testexecutor/" className="PicklesDoc.Pickles.TestFrameworks.UnitTests.XUnit.XUnit2.WhenParsingxUnit2ResultsFile" name="ThenCanReadSuccessfulScenarioResultSuccessfully" />
    </UnitTest>
    <UnitTest name="ThenCanReadIgnoredScenarioResultSuccessfully" storage="c:\users\ericcarlson\documents\github\pickles\src\pickles.testframeworks.unittests\bin\debug\net6.0\picklesdoc.pickles.testframeworks.unittests.dll" id="c0743634-0e8c-60ff-dd33-aa3c1f7c437b">
      <Execution id="925c9d1e-b0d5-464b-89bf-aa20fef470ee" />
      <TestMethod codeBase="C:\Users\ericcarlson\documents\github\pickles\src\Pickles.TestFrameworks.UnitTests\bin\Debug\net6.0\PicklesDoc.Pickles.TestFrameworks.UnitTests.dll" adapterTypeName="executor://nunit3testexecutor/" className="PicklesDoc.Pickles.TestFrameworks.UnitTests.XUnit.XUnit2.WhenParsingxUnit2ResultsFile" name="ThenCanReadIgnoredScenarioResultSuccessfully" />
    </UnitTest>
    <UnitTest name="ThenCanReadFailedScenarioResultSuccessfully" storage="c:\users\ericcarlson\documents\github\pickles\src\pickles.testframeworks.unittests\bin\debug\net6.0\picklesdoc.pickles.testframeworks.unittests.dll" id="9c713a2b-9e76-2415-d955-46aa4b04bc55">
      <Execution id="7ce43557-87a8-4df7-8dec-71c5068081e8" />
      <TestMethod codeBase="C:\Users\ericcarlson\documents\github\pickles\src\Pickles.TestFrameworks.UnitTests\bin\Debug\net6.0\PicklesDoc.Pickles.TestFrameworks.UnitTests.dll" adapterTypeName="executor://nunit3testexecutor/" className="PicklesDoc.Pickles.TestFrameworks.UnitTests.MsTest.WhenParsingMultipleMsTestTestResultsFiles" name="ThenCanReadFailedScenarioResultSuccessfully" />
    </UnitTest>
    <UnitTest name="ThenCanReadInconclusiveScenarioResultSuccessfully" storage="c:\users\ericcarlson\documents\github\pickles\src\pickles.testframeworks.unittests\bin\debug\net6.0\picklesdoc.pickles.testframeworks.unittests.dll" id="098238b9-0456-1247-ed8e-8206ed9eaecc">
      <Execution id="02e005ec-f864-4a8f-a7f4-724862864f8f" />
      <TestMethod codeBase="C:\Users\ericcarlson\documents\github\pickles\src\Pickles.TestFrameworks.UnitTests\bin\Debug\net6.0\PicklesDoc.Pickles.TestFrameworks.UnitTests.dll" adapterTypeName="executor://nunit3testexecutor/" className="PicklesDoc.Pickles.TestFrameworks.UnitTests.VsTest.WhenParsingVsTestResultsFile" name="ThenCanReadInconclusiveScenarioResultSuccessfully" />
    </UnitTest>
    <UnitTest name="ThenCanReadExamplesWithLongExampleValues" storage="c:\users\ericcarlson\documents\github\pickles\src\pickles.testframeworks.unittests\bin\debug\net6.0\picklesdoc.pickles.testframeworks.unittests.dll" id="c7e76d21-7d2a-305a-821d-d13e50bc910e">
      <Execution id="4310ccfd-d520-4609-ac05-f9ac0e7bb08a" />
      <TestMethod codeBase="C:\Users\ericcarlson\documents\github\pickles\src\Pickles.TestFrameworks.UnitTests\bin\Debug\net6.0\PicklesDoc.Pickles.TestFrameworks.UnitTests.dll" adapterTypeName="executor://nunit3testexecutor/" className="PicklesDoc.Pickles.TestFrameworks.UnitTests.NUnit.NUnit3.WhenParsingNUnitResultsFileWithIndividualResults" name="ThenCanReadExamplesWithLongExampleValues" />
    </UnitTest>
    <UnitTest name="GetScenarioResult_OnePassingOneFailing_ReturnsFailed" storage="c:\users\ericcarlson\documents\github\pickles\src\pickles.testframeworks.unittests\bin\debug\net6.0\picklesdoc.pickles.testframeworks.unittests.dll" id="70bec1df-5a68-44f4-dc37-08e0c2b5dd45">
      <Execution id="5c853c3f-9190-46f3-aed5-271978987d00" />
      <TestMethod codeBase="C:\Users\ericcarlson\documents\github\pickles\src\Pickles.TestFrameworks.UnitTests\bin\Debug\net6.0\PicklesDoc.Pickles.TestFrameworks.UnitTests.dll" adapterTypeName="executor://nunit3testexecutor/" className="PicklesDoc.Pickles.TestFrameworks.UnitTests.SpecRun.WhenParsingMultipleTestResultsTests" name="GetScenarioResult_OnePassingOneFailing_ReturnsFailed" />
    </UnitTest>
    <UnitTest name="ThenCanReadFailedFeatureResultSuccessfully" storage="c:\users\ericcarlson\documents\github\pickles\src\pickles.testframeworks.unittests\bin\debug\net6.0\picklesdoc.pickles.testframeworks.unittests.dll" id="ef5a7c41-c0be-df83-b30a-5c970829c937">
      <Execution id="2ec9449e-a95f-40ad-906f-3e636339d13c" />
      <TestMethod codeBase="C:\Users\ericcarlson\documents\github\pickles\src\Pickles.TestFrameworks.UnitTests\bin\Debug\net6.0\PicklesDoc.Pickles.TestFrameworks.UnitTests.dll" adapterTypeName="executor://nunit3testexecutor/" className="PicklesDoc.Pickles.TestFrameworks.UnitTests.MsTest.WhenParsingMsTestResultsFile" name="ThenCanReadFailedFeatureResultSuccessfully" />
    </UnitTest>
    <UnitTest name="ThenCanReadResultsWithParenthesis" storage="c:\users\ericcarlson\documents\github\pickles\src\pickles.testframeworks.unittests\bin\debug\net6.0\picklesdoc.pickles.testframeworks.unittests.dll" id="feef8d1e-733e-c97b-cae9-59e37cf87fb6">
      <Execution id="3ad139a3-caeb-46ea-b584-03236dcaec0e" />
      <TestMethod codeBase="C:\Users\ericcarlson\documents\github\pickles\src\Pickles.TestFrameworks.UnitTests\bin\Debug\net6.0\PicklesDoc.Pickles.TestFrameworks.UnitTests.dll" adapterTypeName="executor://nunit3testexecutor/" className="PicklesDoc.Pickles.TestFrameworks.UnitTests.XUnit.XUnit1.WhenParsingxUnitResultsFile" name="ThenCanReadResultsWithParenthesis" />
    </UnitTest>
    <UnitTest name="ThenCanReadPassedFeatureResultSuccessfully" storage="c:\users\ericcarlson\documents\github\pickles\src\pickles.testframeworks.unittests\bin\debug\net6.0\picklesdoc.pickles.testframeworks.unittests.dll" id="d2ebcdb0-238b-cbb7-f625-318772534557">
      <Execution id="4c277595-a7e0-4dc5-b900-5cab4f8bd8fd" />
      <TestMethod codeBase="C:\Users\ericcarlson\documents\github\pickles\src\Pickles.TestFrameworks.UnitTests\bin\Debug\net6.0\PicklesDoc.Pickles.TestFrameworks.UnitTests.dll" adapterTypeName="executor://nunit3testexecutor/" className="PicklesDoc.Pickles.TestFrameworks.UnitTests.NUnit.NUnit2.WhenParsingNUnitResultsFile" name="ThenCanReadPassedFeatureResultSuccessfully" />
    </UnitTest>
    <UnitTest name="ThenCanReadResultOfScenarioWithSpecialCharacters" storage="c:\users\ericcarlson\documents\github\pickles\src\pickles.testframeworks.unittests\bin\debug\net6.0\picklesdoc.pickles.testframeworks.unittests.dll" id="ce027c0e-b7b6-30e8-95b9-9af781c2b3c7">
      <Execution id="f4d58b22-2fba-4af6-9924-456d0900a119" />
      <TestMethod codeBase="C:\Users\ericcarlson\documents\github\pickles\src\Pickles.TestFrameworks.UnitTests\bin\Debug\net6.0\PicklesDoc.Pickles.TestFrameworks.UnitTests.dll" adapterTypeName="executor://nunit3testexecutor/" className="PicklesDoc.Pickles.TestFrameworks.UnitTests.NUnit.NUnit3.WhenParsingNunit3ResultsFile" name="ThenCanReadResultOfScenarioWithSpecialCharacters" />
    </UnitTest>
    <UnitTest name="ThenCanReadFailedScenarioResultSuccessfully" storage="c:\users\ericcarlson\documents\github\pickles\src\pickles.testframeworks.unittests\bin\debug\net6.0\picklesdoc.pickles.testframeworks.unittests.dll" id="6d53e524-577b-617b-04c0-cc99f9396f86">
      <Execution id="403d132c-06e6-4800-a8c9-77ed7d6bbeed" />
      <TestMethod codeBase="C:\Users\ericcarlson\documents\github\pickles\src\Pickles.TestFrameworks.UnitTests\bin\Debug\net6.0\PicklesDoc.Pickles.TestFrameworks.UnitTests.dll" adapterTypeName="executor://nunit3testexecutor/" className="PicklesDoc.Pickles.TestFrameworks.UnitTests.SpecRun.WhenParsingSpecRunTestResultsFile" name="ThenCanReadFailedScenarioResultSuccessfully" />
    </UnitTest>
    <UnitTest name="ThenIgnoredScenarioIsSetToInconclusive" storage="c:\users\ericcarlson\documents\github\pickles\src\pickles.testframeworks.unittests\bin\debug\net6.0\picklesdoc.pickles.testframeworks.unittests.dll" id="273b19f2-bc2e-0fff-03d9-8e3fde4e1105">
      <Execution id="20ff26ce-e4fe-470a-bb07-019cd010cd5d" />
      <TestMethod codeBase="C:\Users\ericcarlson\documents\github\pickles\src\Pickles.TestFrameworks.UnitTests\bin\Debug\net6.0\PicklesDoc.Pickles.TestFrameworks.UnitTests.dll" adapterTypeName="executor://nunit3testexecutor/" className="PicklesDoc.Pickles.TestFrameworks.UnitTests.VsTest.WhenParsingVsTestResultsFileWithIgnoredExample" name="ThenIgnoredScenarioIsSetToInconclusive" />
    </UnitTest>
    <UnitTest name="ThenCanReadExamplesWithRegexValuesFromScenarioOutline_ShouldBeTestResultPassed" storage="c:\users\ericcarlson\documents\github\pickles\src\pickles.testframeworks.unittests\bin\debug\net6.0\picklesdoc.pickles.testframeworks.unittests.dll" id="906d5dad-24a2-c194-0157-f7aa409300ef">
      <Execution id="1a09bc03-1eb9-4367-aa7f-b6293677f591" />
      <TestMethod codeBase="C:\Users\ericcarlson\documents\github\pickles\src\Pickles.TestFrameworks.UnitTests\bin\Debug\net6.0\PicklesDoc.Pickles.TestFrameworks.UnitTests.dll" adapterTypeName="executor://nunit3testexecutor/" className="PicklesDoc.Pickles.TestFrameworks.UnitTests.NUnit.NUnit3.WhenParsingNUnitResultsFileWithIndividualResults" name="ThenCanReadExamplesWithRegexValuesFromScenarioOutline_ShouldBeTestResultPassed" />
    </UnitTest>
    <UnitTest name="ThenCanReadScenarioOutlineResultSuccessfully" storage="c:\users\ericcarlson\documents\github\pickles\src\pickles.testframeworks.unittests\bin\debug\net6.0\picklesdoc.pickles.testframeworks.unittests.dll" id="e2225881-39fd-7f1c-d804-53db9fd0bebf">
      <Execution id="65a974cb-e8ee-4d93-bb7c-39c371bffe99" />
      <TestMethod codeBase="C:\Users\ericcarlson\documents\github\pickles\src\Pickles.TestFrameworks.UnitTests\bin\Debug\net6.0\PicklesDoc.Pickles.TestFrameworks.UnitTests.dll" adapterTypeName="executor://nunit3testexecutor/" className="PicklesDoc.Pickles.TestFrameworks.UnitTests.NUnit.NUnit3.WhenParsingNunit3ResultsFile" name="ThenCanReadScenarioOutlineResultSuccessfully" />
    </UnitTest>
    <UnitTest name="ThenCanReadResultOfScenarioWithSpecialCharacters" storage="c:\users\ericcarlson\documents\github\pickles\src\pickles.testframeworks.unittests\bin\debug\net6.0\picklesdoc.pickles.testframeworks.unittests.dll" id="eee8715c-d733-130b-cc22-7b1892f2f926">
      <Execution id="33c4c923-81cf-4c57-81c1-55bf81880b46" />
      <TestMethod codeBase="C:\Users\ericcarlson\documents\github\pickles\src\Pickles.TestFrameworks.UnitTests\bin\Debug\net6.0\PicklesDoc.Pickles.TestFrameworks.UnitTests.dll" adapterTypeName="executor://nunit3testexecutor/" className="PicklesDoc.Pickles.TestFrameworks.UnitTests.SpecRun.WhenParsingSpecRunTestResultsFile" name="ThenCanReadResultOfScenarioWithSpecialCharacters" />
    </UnitTest>
    <UnitTest name="ThenCanReadIndividualResultsFromScenarioOutline_ExamplesWithDuplicateValues_ShouldMatchExamples" storage="c:\users\ericcarlson\documents\github\pickles\src\pickles.testframeworks.unittests\bin\debug\net6.0\picklesdoc.pickles.testframeworks.unittests.dll" id="0be35ca5-d72a-7b15-1c8a-f42c97327233">
      <Execution id="17bec15b-af2e-49c5-9a6c-1760a5c8669e" />
      <TestMethod codeBase="C:\Users\ericcarlson\documents\github\pickles\src\Pickles.TestFrameworks.UnitTests\bin\Debug\net6.0\PicklesDoc.Pickles.TestFrameworks.UnitTests.dll" adapterTypeName="executor://nunit3testexecutor/" className="PicklesDoc.Pickles.TestFrameworks.UnitTests.XUnit.XUnit1.WhenParsingXUnitResultsFileWithIndividualResults" name="ThenCanReadIndividualResultsFromScenarioOutline_ExamplesWithDuplicateValues_ShouldMatchExamples" />
    </UnitTest>
    <UnitTest name="ThenCanReadFeatureResultWithoutThrowingException" storage="c:\users\ericcarlson\documents\github\pickles\src\pickles.testframeworks.unittests\bin\debug\net6.0\picklesdoc.pickles.testframeworks.unittests.dll" id="71b016af-5365-c420-5627-629663f2e7e7">
      <Execution id="26a2fd26-1bf4-4b35-9208-5da6edb08c03" />
      <TestMethod codeBase="C:\Users\ericcarlson\documents\github\pickles\src\Pickles.TestFrameworks.UnitTests\bin\Debug\net6.0\PicklesDoc.Pickles.TestFrameworks.UnitTests.dll" adapterTypeName="executor://nunit3testexecutor/" className="PicklesDoc.Pickles.TestFrameworks.UnitTests.VsTest.WhenParsingVsTestResultsFileWithMissingTraits" name="ThenCanReadFeatureResultWithoutThrowingException" />
    </UnitTest>
    <UnitTest name="ThenCanReadNotFoundScenarioCorrectly" storage="c:\users\ericcarlson\documents\github\pickles\src\pickles.testframeworks.unittests\bin\debug\net6.0\picklesdoc.pickles.testframeworks.unittests.dll" id="b3391feb-285b-6d84-ca18-8c0b0036158b">
      <Execution id="5ee167a7-36ca-4b7d-88b8-f220874fc1d9" />
      <TestMethod codeBase="C:\Users\ericcarlson\documents\github\pickles\src\Pickles.TestFrameworks.UnitTests\bin\Debug\net6.0\PicklesDoc.Pickles.TestFrameworks.UnitTests.dll" adapterTypeName="executor://nunit3testexecutor/" className="PicklesDoc.Pickles.TestFrameworks.UnitTests.XUnit.XUnit2.WhenParsingxUnit2ResultsFile" name="ThenCanReadNotFoundScenarioCorrectly" />
    </UnitTest>
    <UnitTest name="ThenCanReadIndividualResultsFromScenarioOutline_MultipleExamplesWithDuplicateValues_ShouldMatchExamples" storage="c:\users\ericcarlson\documents\github\pickles\src\pickles.testframeworks.unittests\bin\debug\net6.0\picklesdoc.pickles.testframeworks.unittests.dll" id="2a27032e-00ea-3b79-aa12-bae663492183">
      <Execution id="82161d33-35d0-4581-9863-9da2d36e741c" />
      <TestMethod codeBase="C:\Users\ericcarlson\documents\github\pickles\src\Pickles.TestFrameworks.UnitTests\bin\Debug\net6.0\PicklesDoc.Pickles.TestFrameworks.UnitTests.dll" adapterTypeName="executor://nunit3testexecutor/" className="PicklesDoc.Pickles.TestFrameworks.UnitTests.XUnit.XUnit1.WhenParsingXUnitResultsFileWithIndividualResults" name="ThenCanReadIndividualResultsFromScenarioOutline_MultipleExamplesWithDuplicateValues_ShouldMatchExamples" />
    </UnitTest>
    <UnitTest name="ThenCanReadNotFoundFeatureCorrectly" storage="c:\users\ericcarlson\documents\github\pickles\src\pickles.testframeworks.unittests\bin\debug\net6.0\picklesdoc.pickles.testframeworks.unittests.dll" id="c6f15296-0fc2-f115-2027-fc75b24fa682">
      <Execution id="4a285c7d-83ce-4910-b285-6a0a1875ded0" />
      <TestMethod codeBase="C:\Users\ericcarlson\documents\github\pickles\src\Pickles.TestFrameworks.UnitTests\bin\Debug\net6.0\PicklesDoc.Pickles.TestFrameworks.UnitTests.dll" adapterTypeName="executor://nunit3testexecutor/" className="PicklesDoc.Pickles.TestFrameworks.UnitTests.XUnit.XUnit1.WhenParsingxUnitResultsFile" name="ThenCanReadNotFoundFeatureCorrectly" />
    </UnitTest>
    <UnitTest name="ThenCanReadScenarioOutlineResultSuccessfully" storage="c:\users\ericcarlson\documents\github\pickles\src\pickles.testframeworks.unittests\bin\debug\net6.0\picklesdoc.pickles.testframeworks.unittests.dll" id="cc57926d-969f-f4d6-e13e-e69125306611">
      <Execution id="f8bd2cca-c551-4bc1-8f2d-2cce37e74483" />
      <TestMethod codeBase="C:\Users\ericcarlson\documents\github\pickles\src\Pickles.TestFrameworks.UnitTests\bin\Debug\net6.0\PicklesDoc.Pickles.TestFrameworks.UnitTests.dll" adapterTypeName="executor://nunit3testexecutor/" className="PicklesDoc.Pickles.TestFrameworks.UnitTests.SpecRun.WhenParsingSpecRunTestResultsFile" name="ThenCanReadScenarioOutlineResultSuccessfully" />
    </UnitTest>
    <UnitTest name="ThenCanReadResultOfScenarioOutlineWithFailingBackground" storage="c:\users\ericcarlson\documents\github\pickles\src\pickles.testframeworks.unittests\bin\debug\net6.0\picklesdoc.pickles.testframeworks.unittests.dll" id="a345261d-59be-f694-1a7a-ca5ce2d2d4c4">
      <Execution id="e293ee9a-5d47-4249-bb03-70dcf6053f5d" />
      <TestMethod codeBase="C:\Users\ericcarlson\documents\github\pickles\src\Pickles.TestFrameworks.UnitTests\bin\Debug\net6.0\PicklesDoc.Pickles.TestFrameworks.UnitTests.dll" adapterTypeName="executor://nunit3testexecutor/" className="PicklesDoc.Pickles.TestFrameworks.UnitTests.NUnit.NUnit2.WhenParsingNUnitResultsFile" name="ThenCanReadResultOfScenarioOutlineWithFailingBackground" />
    </UnitTest>
    <UnitTest name="ThenCanReadNotFoundFeatureCorrectly" storage="c:\users\ericcarlson\documents\github\pickles\src\pickles.testframeworks.unittests\bin\debug\net6.0\picklesdoc.pickles.testframeworks.unittests.dll" id="4227e0f9-8436-5214-22f2-5b8f8dec94a3">
      <Execution id="bf5a9a59-4ac2-4add-90f0-cff2868970ec" />
      <TestMethod codeBase="C:\Users\ericcarlson\documents\github\pickles\src\Pickles.TestFrameworks.UnitTests\bin\Debug\net6.0\PicklesDoc.Pickles.TestFrameworks.UnitTests.dll" adapterTypeName="executor://nunit3testexecutor/" className="PicklesDoc.Pickles.TestFrameworks.UnitTests.VsTest.WhenParsingVsTestResultsFile" name="ThenCanReadNotFoundFeatureCorrectly" />
    </UnitTest>
    <UnitTest name="ThenCanReadFeatureResultSuccessfully" storage="c:\users\ericcarlson\documents\github\pickles\src\pickles.testframeworks.unittests\bin\debug\net6.0\picklesdoc.pickles.testframeworks.unittests.dll" id="8acd974b-58e6-d71d-65a7-9fcbeabcb975">
      <Execution id="3e3e0795-0090-45a4-8e68-6475f1e43af2" />
      <TestMethod codeBase="C:\Users\ericcarlson\documents\github\pickles\src\Pickles.TestFrameworks.UnitTests\bin\Debug\net6.0\PicklesDoc.Pickles.TestFrameworks.UnitTests.dll" adapterTypeName="executor://nunit3testexecutor/" className="PicklesDoc.Pickles.TestFrameworks.UnitTests.MsTest.WhenParsingMsTestResultsFile" name="ThenCanReadFeatureResultSuccessfully" />
    </UnitTest>
    <UnitTest name="ThenCanSuccessfullyMatchExamplesWithLongValues" storage="c:\users\ericcarlson\documents\github\pickles\src\pickles.testframeworks.unittests\bin\debug\net6.0\picklesdoc.pickles.testframeworks.unittests.dll" id="8f98acd7-c84b-a7f7-fb7f-0412075549d6">
      <Execution id="5c88f1fe-0596-4294-9d15-344ce0c881d3" />
      <TestMethod codeBase="C:\Users\ericcarlson\documents\github\pickles\src\Pickles.TestFrameworks.UnitTests\bin\Debug\net6.0\PicklesDoc.Pickles.TestFrameworks.UnitTests.dll" adapterTypeName="executor://nunit3testexecutor/" className="PicklesDoc.Pickles.TestFrameworks.UnitTests.NUnit.NUnit3.WhenDeterminingTheSignatureOfAnNunit3ExampleRow" name="ThenCanSuccessfullyMatchExamplesWithLongValues" />
    </UnitTest>
    <UnitTest name="ThenCanReadExamplesWithRegexValuesFromScenarioOutline_ShouldBeTestResultPassed" storage="c:\users\ericcarlson\documents\github\pickles\src\pickles.testframeworks.unittests\bin\debug\net6.0\picklesdoc.pickles.testframeworks.unittests.dll" id="0490562c-80e0-39a9-2279-32a1d1908d6e">
      <Execution id="8b5dfe68-c5eb-481d-aa8e-676cef75cbb6" />
      <TestMethod codeBase="C:\Users\ericcarlson\documents\github\pickles\src\Pickles.TestFrameworks.UnitTests\bin\Debug\net6.0\PicklesDoc.Pickles.TestFrameworks.UnitTests.dll" adapterTypeName="executor://nunit3testexecutor/" className="PicklesDoc.Pickles.TestFrameworks.UnitTests.NUnit.NUnit2.WhenParsingNUnitResultsFileWithIndividualResults" name="ThenCanReadExamplesWithRegexValuesFromScenarioOutline_ShouldBeTestResultPassed" />
    </UnitTest>
    <UnitTest name="ThenCanReadResultOfScenarioOutlineExampleWithFailingBackground" storage="c:\users\ericcarlson\documents\github\pickles\src\pickles.testframeworks.unittests\bin\debug\net6.0\picklesdoc.pickles.testframeworks.unittests.dll" id="cadefb20-407b-c6d2-35c6-2e9949364070">
      <Execution id="4db81ed0-7a1c-4808-887c-c47d11c651f2" />
      <TestMethod codeBase="C:\Users\ericcarlson\documents\github\pickles\src\Pickles.TestFrameworks.UnitTests\bin\Debug\net6.0\PicklesDoc.Pickles.TestFrameworks.UnitTests.dll" adapterTypeName="executor://nunit3testexecutor/" className="PicklesDoc.Pickles.TestFrameworks.UnitTests.NUnit.NUnit2.WhenParsingNUnitResultsFile" name="ThenCanReadResultOfScenarioOutlineExampleWithFailingBackground" />
    </UnitTest>
    <UnitTest name="ThenCanReadResultOfScenarioOutlineWithUmlauts" storage="c:\users\ericcarlson\documents\github\pickles\src\pickles.testframeworks.unittests\bin\debug\net6.0\picklesdoc.pickles.testframeworks.unittests.dll" id="c50cc28e-ba3b-5d96-dbce-01f62e4d3c72">
      <Execution id="ae6372e7-a272-4bfd-97b8-258d83b181e0" />
      <TestMethod codeBase="C:\Users\ericcarlson\documents\github\pickles\src\Pickles.TestFrameworks.UnitTests\bin\Debug\net6.0\PicklesDoc.Pickles.TestFrameworks.UnitTests.dll" adapterTypeName="executor://nunit3testexecutor/" className="PicklesDoc.Pickles.TestFrameworks.UnitTests.XUnit.XUnit1.WhenParsingxUnitResultsFile" name="ThenCanReadResultOfScenarioOutlineWithUmlauts" />
    </UnitTest>
    <UnitTest name="ThenCanReadIndividualResultsFromScenarioOutline_MultipleNamedExamplesWithDuplicateValues_ShouldMatchExamples" storage="c:\users\ericcarlson\documents\github\pickles\src\pickles.testframeworks.unittests\bin\debug\net6.0\picklesdoc.pickles.testframeworks.unittests.dll" id="c2c6b748-9b14-6f0a-0f8d-8c173d1905eb">
      <Execution id="716573b4-e3fe-4007-9299-712914e98721" />
      <TestMethod codeBase="C:\Users\ericcarlson\documents\github\pickles\src\Pickles.TestFrameworks.UnitTests\bin\Debug\net6.0\PicklesDoc.Pickles.TestFrameworks.UnitTests.dll" adapterTypeName="executor://nunit3testexecutor/" className="PicklesDoc.Pickles.TestFrameworks.UnitTests.MsTest.WhenParsingMsTestResultsFileWithIndividualResults" name="ThenCanReadIndividualResultsFromScenarioOutline_MultipleNamedExamplesWithDuplicateValues_ShouldMatchExamples" />
    </UnitTest>
    <UnitTest name="ThenCanReadIndividualResultsFromScenarioOutline_MultipleNamedExamplesWithDuplicateValues_ShouldMatchExamples" storage="c:\users\ericcarlson\documents\github\pickles\src\pickles.testframeworks.unittests\bin\debug\net6.0\picklesdoc.pickles.testframeworks.unittests.dll" id="11042bfa-6f03-b286-ef0b-94ab219837bb">
      <Execution id="4e98cc02-cda8-4174-8440-d28fbc5aff13" />
      <TestMethod codeBase="C:\Users\ericcarlson\documents\github\pickles\src\Pickles.TestFrameworks.UnitTests\bin\Debug\net6.0\PicklesDoc.Pickles.TestFrameworks.UnitTests.dll" adapterTypeName="executor://nunit3testexecutor/" className="PicklesDoc.Pickles.TestFrameworks.UnitTests.CucumberJson.WhenParsingCucumberJsonFromRubyResultsFileWithIndividualResults" name="ThenCanReadIndividualResultsFromScenarioOutline_MultipleNamedExamplesWithDuplicateValues_ShouldMatchExamples" />
    </UnitTest>
    <UnitTest name="ThenCanReadResultOfScenarioOutlineExampleWithFailingBackground" storage="c:\users\ericcarlson\documents\github\pickles\src\pickles.testframeworks.unittests\bin\debug\net6.0\picklesdoc.pickles.testframeworks.unittests.dll" id="3ac61dc8-78ef-0ee4-9390-ba6ea3941593">
      <Execution id="0ab7bb36-1f4f-4758-a5ff-073259c6ef1c" />
      <TestMethod codeBase="C:\Users\ericcarlson\documents\github\pickles\src\Pickles.TestFrameworks.UnitTests\bin\Debug\net6.0\PicklesDoc.Pickles.TestFrameworks.UnitTests.dll" adapterTypeName="executor://nunit3testexecutor/" className="PicklesDoc.Pickles.TestFrameworks.UnitTests.SpecRun.WhenParsingSpecRunTestResultsFile" name="ThenCanReadResultOfScenarioOutlineExampleWithFailingBackground" />
    </UnitTest>
    <UnitTest name="ThenCanReadFeatureResultWithoutThrowingException" storage="c:\users\ericcarlson\documents\github\pickles\src\pickles.testframeworks.unittests\bin\debug\net6.0\picklesdoc.pickles.testframeworks.unittests.dll" id="d38f3350-2c4c-d044-aa67-55d99697e67a">
      <Execution id="0e2fb713-88ed-4173-b91d-a8c0b5a2371f" />
      <TestMethod codeBase="C:\Users\ericcarlson\documents\github\pickles\src\Pickles.TestFrameworks.UnitTests\bin\Debug\net6.0\PicklesDoc.Pickles.TestFrameworks.UnitTests.dll" adapterTypeName="executor://nunit3testexecutor/" className="PicklesDoc.Pickles.TestFrameworks.UnitTests.NUnit.NUnit3.WhenParsingnUnit3ResultsFileWithMissingTraits" name="ThenCanReadFeatureResultWithoutThrowingException" />
    </UnitTest>
    <UnitTest name="ThenCanReadIndividualResultsFromScenarioOutline_OneFailed_ShouldBeTestResultFailed" storage="c:\users\ericcarlson\documents\github\pickles\src\pickles.testframeworks.unittests\bin\debug\net6.0\picklesdoc.pickles.testframeworks.unittests.dll" id="9d0329db-f847-cb4f-973e-3879b2c2692c">
      <Execution id="d10fc0bf-d7c3-41e9-9e9b-b22e8b052272" />
      <TestMethod codeBase="C:\Users\ericcarlson\documents\github\pickles\src\Pickles.TestFrameworks.UnitTests\bin\Debug\net6.0\PicklesDoc.Pickles.TestFrameworks.UnitTests.dll" adapterTypeName="executor://nunit3testexecutor/" className="PicklesDoc.Pickles.TestFrameworks.UnitTests.CucumberJson.WhenParsingCucumberJsonFromRubyResultsFileWithIndividualResults" name="ThenCanReadIndividualResultsFromScenarioOutline_OneFailed_ShouldBeTestResultFailed" />
    </UnitTest>
    <UnitTest name="ThenCanResolve(&quot;results-example-nunit.xml&quot;,&quot;NUnit.NUnit2.results-example-nunit.xml&quot;,NUnit,PicklesDoc.Pickles.TestFrameworks.NUnit.NUnit2.NUnit2Results)" storage="c:\users\ericcarlson\documents\github\pickles\src\pickles.testframeworks.unittests\bin\debug\net6.0\picklesdoc.pickles.testframeworks.unittests.dll" id="430e1815-dd76-b549-699a-644e400c7601">
      <Execution id="d6f4ba2d-6adf-4777-b9b3-66c0d44b32c3" />
      <TestMethod codeBase="C:\Users\ericcarlson\documents\github\pickles\src\Pickles.TestFrameworks.UnitTests\bin\Debug\net6.0\PicklesDoc.Pickles.TestFrameworks.UnitTests.dll" adapterTypeName="executor://nunit3testexecutor/" className="PicklesDoc.Pickles.TestFrameworks.UnitTests.WhenResolvingTestResults" name="ThenCanResolve(&quot;results-example-nunit.xml&quot;,&quot;NUnit.NUnit2.results-example-nunit.xml&quot;,NUnit,PicklesDoc.Pickles.TestFrameworks.NUnit.NUnit2.NUnit2Results)" />
    </UnitTest>
    <UnitTest name="ThenCanReadIndividualResultsFromScenarioOutline_MultipleNamedExamples_ShouldMatchExamples" storage="c:\users\ericcarlson\documents\github\pickles\src\pickles.testframeworks.unittests\bin\debug\net6.0\picklesdoc.pickles.testframeworks.unittests.dll" id="60839290-1eeb-d8b9-fa35-6da60cd7d64a">
      <Execution id="dfe40fd7-8ff1-436a-bc74-87e898a5291f" />
      <TestMethod codeBase="C:\Users\ericcarlson\documents\github\pickles\src\Pickles.TestFrameworks.UnitTests\bin\Debug\net6.0\PicklesDoc.Pickles.TestFrameworks.UnitTests.dll" adapterTypeName="executor://nunit3testexecutor/" className="PicklesDoc.Pickles.TestFrameworks.UnitTests.VsTest.WhenParsingVsTestResultsFileWithIndividualResults" name="ThenCanReadIndividualResultsFromScenarioOutline_MultipleNamedExamples_ShouldMatchExamples" />
    </UnitTest>
    <UnitTest name="ThenCanReadSuccessfulScenarioResultSuccessfully" storage="c:\users\ericcarlson\documents\github\pickles\src\pickles.testframeworks.unittests\bin\debug\net6.0\picklesdoc.pickles.testframeworks.unittests.dll" id="9553bcf1-c46a-a9e1-ecea-160af9ebe5b9">
      <Execution id="133f5bb4-c0e2-4be6-95fc-093906f1c7ab" />
      <TestMethod codeBase="C:\Users\ericcarlson\documents\github\pickles\src\Pickles.TestFrameworks.UnitTests\bin\Debug\net6.0\PicklesDoc.Pickles.TestFrameworks.UnitTests.dll" adapterTypeName="executor://nunit3testexecutor/" className="PicklesDoc.Pickles.TestFrameworks.UnitTests.CucumberJson.WhenParsingCucumberJsonFromRubyResultsFile" name="ThenCanReadSuccessfulScenarioResultSuccessfully" />
    </UnitTest>
    <UnitTest name="ThenCanReadPassedFeatureResultSuccessfully" storage="c:\users\ericcarlson\documents\github\pickles\src\pickles.testframeworks.unittests\bin\debug\net6.0\picklesdoc.pickles.testframeworks.unittests.dll" id="465b8b22-ae43-8771-bab3-c61bdf88be2c">
      <Execution id="3387e546-6319-4eae-b06b-dfba949878f5" />
      <TestMethod codeBase="C:\Users\ericcarlson\documents\github\pickles\src\Pickles.TestFrameworks.UnitTests\bin\Debug\net6.0\PicklesDoc.Pickles.TestFrameworks.UnitTests.dll" adapterTypeName="executor://nunit3testexecutor/" className="PicklesDoc.Pickles.TestFrameworks.UnitTests.CucumberJson.WhenParsingCucumberJsonFromRubyResultsFile" name="ThenCanReadPassedFeatureResultSuccessfully" />
    </UnitTest>
    <UnitTest name="ThenCanReadIndividualResultsFromScenarioOutline_OneFailed_ShouldBeTestResultFailed" storage="c:\users\ericcarlson\documents\github\pickles\src\pickles.testframeworks.unittests\bin\debug\net6.0\picklesdoc.pickles.testframeworks.unittests.dll" id="b60b2e32-2e62-9f1a-0957-c89aa9a236dd">
      <Execution id="39c96f9b-dee4-4af2-a4e0-5ae9dbfd6b36" />
      <TestMethod codeBase="C:\Users\ericcarlson\documents\github\pickles\src\Pickles.TestFrameworks.UnitTests\bin\Debug\net6.0\PicklesDoc.Pickles.TestFrameworks.UnitTests.dll" adapterTypeName="executor://nunit3testexecutor/" className="PicklesDoc.Pickles.TestFrameworks.UnitTests.SpecRun.WhenParsingSpecRunTestResultsFileWithIndividualResults" name="ThenCanReadIndividualResultsFromScenarioOutline_OneFailed_ShouldBeTestResultFailed" />
    </UnitTest>
    <UnitTest name="GetScenarioOutlineResult_OnePassingOneFailing_ReturnsFailed" storage="c:\users\ericcarlson\documents\github\pickles\src\pickles.testframeworks.unittests\bin\debug\net6.0\picklesdoc.pickles.testframeworks.unittests.dll" id="8f694c62-d589-ac54-3491-78ce2e9f9173">
      <Execution id="8b418bcc-fd1a-4de6-8916-4ff3152415a9" />
      <TestMethod codeBase="C:\Users\ericcarlson\documents\github\pickles\src\Pickles.TestFrameworks.UnitTests\bin\Debug\net6.0\PicklesDoc.Pickles.TestFrameworks.UnitTests.dll" adapterTypeName="executor://nunit3testexecutor/" className="PicklesDoc.Pickles.TestFrameworks.UnitTests.SpecRun.WhenParsingMultipleTestResultsTests" name="GetScenarioOutlineResult_OnePassingOneFailing_ReturnsFailed" />
    </UnitTest>
    <UnitTest name="ThenCanReadIndividualResultsFromScenarioOutline_AllPass_ShouldBeTestResultPassed" storage="c:\users\ericcarlson\documents\github\pickles\src\pickles.testframeworks.unittests\bin\debug\net6.0\picklesdoc.pickles.testframeworks.unittests.dll" id="ced3616f-3c88-db6e-d1dd-4edc14da40be">
      <Execution id="390ab39c-bf5a-4904-9cf0-2d8e56112b5c" />
      <TestMethod codeBase="C:\Users\ericcarlson\documents\github\pickles\src\Pickles.TestFrameworks.UnitTests\bin\Debug\net6.0\PicklesDoc.Pickles.TestFrameworks.UnitTests.dll" adapterTypeName="executor://nunit3testexecutor/" className="PicklesDoc.Pickles.TestFrameworks.UnitTests.MsTest.WhenParsingMsTestResultsFileWithIndividualResults" name="ThenCanReadIndividualResultsFromScenarioOutline_AllPass_ShouldBeTestResultPassed" />
    </UnitTest>
    <UnitTest name="ThenCanReadInconclusiveScenarioResultSuccessfully" storage="c:\users\ericcarlson\documents\github\pickles\src\pickles.testframeworks.unittests\bin\debug\net6.0\picklesdoc.pickles.testframeworks.unittests.dll" id="631fe5fb-b05e-5e70-7bfe-0a09b32bd7e6">
      <Execution id="9b671340-8818-4c9e-b551-7338fa0e57a6" />
      <TestMethod codeBase="C:\Users\ericcarlson\documents\github\pickles\src\Pickles.TestFrameworks.UnitTests\bin\Debug\net6.0\PicklesDoc.Pickles.TestFrameworks.UnitTests.dll" adapterTypeName="executor://nunit3testexecutor/" className="PicklesDoc.Pickles.TestFrameworks.UnitTests.NUnit.NUnit2.WhenParsingNUnitResultsFile" name="ThenCanReadInconclusiveScenarioResultSuccessfully" />
    </UnitTest>
    <UnitTest name="ThenCanReadIndividualResultsFromScenarioOutline_MultipleExamplesWithDuplicateValues_ShouldMatchExamples" storage="c:\users\ericcarlson\documents\github\pickles\src\pickles.testframeworks.unittests\bin\debug\net6.0\picklesdoc.pickles.testframeworks.unittests.dll" id="6bd493a3-ac41-907d-ed2a-363507596529">
      <Execution id="1dc222e4-05c4-433f-8f3f-ef4deaf991f2" />
      <TestMethod codeBase="C:\Users\ericcarlson\documents\github\pickles\src\Pickles.TestFrameworks.UnitTests\bin\Debug\net6.0\PicklesDoc.Pickles.TestFrameworks.UnitTests.dll" adapterTypeName="executor://nunit3testexecutor/" className="PicklesDoc.Pickles.TestFrameworks.UnitTests.NUnit.NUnit2.WhenParsingNUnitResultsFileWithIndividualResults" name="ThenCanReadIndividualResultsFromScenarioOutline_MultipleExamplesWithDuplicateValues_ShouldMatchExamples" />
    </UnitTest>
    <UnitTest name="ThenCanReadResultOfScenarioOutlineWithFailingBackground" storage="c:\users\ericcarlson\documents\github\pickles\src\pickles.testframeworks.unittests\bin\debug\net6.0\picklesdoc.pickles.testframeworks.unittests.dll" id="65c51164-1841-273f-ce30-d1469bd02f88">
      <Execution id="7f1a0996-9aca-4f45-a8f1-79dbfcf5c40a" />
      <TestMethod codeBase="C:\Users\ericcarlson\documents\github\pickles\src\Pickles.TestFrameworks.UnitTests\bin\Debug\net6.0\PicklesDoc.Pickles.TestFrameworks.UnitTests.dll" adapterTypeName="executor://nunit3testexecutor/" className="PicklesDoc.Pickles.TestFrameworks.UnitTests.SpecRun.WhenParsingSpecRunTestResultsFile" name="ThenCanReadResultOfScenarioOutlineWithFailingBackground" />
    </UnitTest>
    <UnitTest name="ThenCanReadIndividualResultsFromScenarioOutline_ExamplesWithDuplicateValues_ShouldMatchExamples" storage="c:\users\ericcarlson\documents\github\pickles\src\pickles.testframeworks.unittests\bin\debug\net6.0\picklesdoc.pickles.testframeworks.unittests.dll" id="95936557-3c3b-a0be-ca02-74d60844464c">
      <Execution id="3d426c29-e57d-4622-8f1c-b79af0e21a70" />
      <TestMethod codeBase="C:\Users\ericcarlson\documents\github\pickles\src\Pickles.TestFrameworks.UnitTests\bin\Debug\net6.0\PicklesDoc.Pickles.TestFrameworks.UnitTests.dll" adapterTypeName="executor://nunit3testexecutor/" className="PicklesDoc.Pickles.TestFrameworks.UnitTests.MsTest.WhenParsingMsTestResultsFileWithIndividualResults" name="ThenCanReadIndividualResultsFromScenarioOutline_ExamplesWithDuplicateValues_ShouldMatchExamples" />
    </UnitTest>
    <UnitTest name="ThenCanReadFeatureResultSuccessfully" storage="c:\users\ericcarlson\documents\github\pickles\src\pickles.testframeworks.unittests\bin\debug\net6.0\picklesdoc.pickles.testframeworks.unittests.dll" id="606a7735-aef6-0113-4704-36b83853043c">
      <Execution id="eab9b42d-e341-4184-9508-e07cdb353395" />
      <TestMethod codeBase="C:\Users\ericcarlson\documents\github\pickles\src\Pickles.TestFrameworks.UnitTests\bin\Debug\net6.0\PicklesDoc.Pickles.TestFrameworks.UnitTests.dll" adapterTypeName="executor://nunit3testexecutor/" className="PicklesDoc.Pickles.TestFrameworks.UnitTests.CucumberJson.WhenParsingCucumberJsonFromJSResultsFile" name="ThenCanReadFeatureResultSuccessfully" />
    </UnitTest>
    <UnitTest name="ThenCanReadSuccessfulScenarioResultSuccessfully" storage="c:\users\ericcarlson\documents\github\pickles\src\pickles.testframeworks.unittests\bin\debug\net6.0\picklesdoc.pickles.testframeworks.unittests.dll" id="1ba666a9-505f-17c4-4bdf-33a9bb6fc01d">
      <Execution id="27379a19-0d7e-4f91-88eb-d542edcd1349" />
      <TestMethod codeBase="C:\Users\ericcarlson\documents\github\pickles\src\Pickles.TestFrameworks.UnitTests\bin\Debug\net6.0\PicklesDoc.Pickles.TestFrameworks.UnitTests.dll" adapterTypeName="executor://nunit3testexecutor/" className="PicklesDoc.Pickles.TestFrameworks.UnitTests.NUnit.NUnit3.WhenParsingNunit3ResultsFile" name="ThenCanReadSuccessfulScenarioResultSuccessfully" />
    </UnitTest>
    <UnitTest name="ThenCanReadIndividualResultsFromScenarioOutline_MultipleExamplesWithDuplicateValues_ShouldMatchExamples" storage="c:\users\ericcarlson\documents\github\pickles\src\pickles.testframeworks.unittests\bin\debug\net6.0\picklesdoc.pickles.testframeworks.unittests.dll" id="ca7c5320-b258-ec0a-0209-15c9a535c03a">
      <Execution id="dc847ba2-419a-4002-9ba3-2bd8e5f64c0c" />
      <TestMethod codeBase="C:\Users\ericcarlson\documents\github\pickles\src\Pickles.TestFrameworks.UnitTests\bin\Debug\net6.0\PicklesDoc.Pickles.TestFrameworks.UnitTests.dll" adapterTypeName="executor://nunit3testexecutor/" className="PicklesDoc.Pickles.TestFrameworks.UnitTests.CucumberJson.WhenParsingCucumberJsonFromRubyResultsFileWithIndividualResults" name="ThenCanReadIndividualResultsFromScenarioOutline_MultipleExamplesWithDuplicateValues_ShouldMatchExamples" />
    </UnitTest>
    <UnitTest name="ThenCanReadResultOfScenarioWithFailingBackground" storage="c:\users\ericcarlson\documents\github\pickles\src\pickles.testframeworks.unittests\bin\debug\net6.0\picklesdoc.pickles.testframeworks.unittests.dll" id="e4275a9b-8bad-38b9-332e-74176d2eb25f">
      <Execution id="18c2cc73-1a4a-4a2c-984a-c771ddc6ef50" />
      <TestMethod codeBase="C:\Users\ericcarlson\documents\github\pickles\src\Pickles.TestFrameworks.UnitTests\bin\Debug\net6.0\PicklesDoc.Pickles.TestFrameworks.UnitTests.dll" adapterTypeName="executor://nunit3testexecutor/" className="PicklesDoc.Pickles.TestFrameworks.UnitTests.NUnit.NUnit2.WhenParsingNUnitResultsFile" name="ThenCanReadResultOfScenarioWithFailingBackground" />
    </UnitTest>
    <UnitTest name="ThenDontThrowIfTheOutlineWasIgnored" storage="c:\users\ericcarlson\documents\github\pickles\src\pickles.testframeworks.unittests\bin\debug\net6.0\picklesdoc.pickles.testframeworks.unittests.dll" id="b65bf01a-1b91-6b6e-4a80-ca1071e8595d">
      <Execution id="9328aa9e-fb48-4c5f-a77e-10b9d1c7c355" />
      <TestMethod codeBase="C:\Users\ericcarlson\documents\github\pickles\src\Pickles.TestFrameworks.UnitTests\bin\Debug\net6.0\PicklesDoc.Pickles.TestFrameworks.UnitTests.dll" adapterTypeName="executor://nunit3testexecutor/" className="PicklesDoc.Pickles.TestFrameworks.UnitTests.XUnit.XUnit2.WhenMatchingAnXunit2ScenarioOutlineExample" name="ThenDontThrowIfTheOutlineWasIgnored" />
    </UnitTest>
    <UnitTest name="ThenCanReadResultOfScenarioWithDanishCharacters" storage="c:\users\ericcarlson\documents\github\pickles\src\pickles.testframeworks.unittests\bin\debug\net6.0\picklesdoc.pickles.testframeworks.unittests.dll" id="a0f0b9fe-c760-fce9-98fe-b72d6b75fdd4">
      <Execution id="838d0b1c-a1f3-43af-94c3-56ca41f65bf4" />
      <TestMethod codeBase="C:\Users\ericcarlson\documents\github\pickles\src\Pickles.TestFrameworks.UnitTests\bin\Debug\net6.0\PicklesDoc.Pickles.TestFrameworks.UnitTests.dll" adapterTypeName="executor://nunit3testexecutor/" className="PicklesDoc.Pickles.TestFrameworks.UnitTests.NUnit.NUnit3.WhenParsingNunit3ResultsFile" name="ThenCanReadResultOfScenarioWithDanishCharacters" />
    </UnitTest>
    <UnitTest name="RegularExpressionAsExampleContentMatches_With_Asterisk" storage="c:\users\ericcarlson\documents\github\pickles\src\pickles.testframeworks.unittests\bin\debug\net6.0\picklesdoc.pickles.testframeworks.unittests.dll" id="95a5821f-1395-86bd-c7b5-2db60e40402a">
      <Execution id="cf2eb698-22d3-42a1-9fc6-7c52921703cd" />
      <TestMethod codeBase="C:\Users\ericcarlson\documents\github\pickles\src\Pickles.TestFrameworks.UnitTests\bin\Debug\net6.0\PicklesDoc.Pickles.TestFrameworks.UnitTests.dll" adapterTypeName="executor://nunit3testexecutor/" className="PicklesDoc.Pickles.TestFrameworks.UnitTests.XUnit.XUnit2.WhenDeterminingTheSignatureOfAnXUnit2ExampleRow" name="RegularExpressionAsExampleContentMatches_With_Asterisk" />
    </UnitTest>
    <UnitTest name="ThenCanReadResultOfScenarioWithSpanishCharacters" storage="c:\users\ericcarlson\documents\github\pickles\src\pickles.testframeworks.unittests\bin\debug\net6.0\picklesdoc.pickles.testframeworks.unittests.dll" id="bfcb74b4-5613-466e-636e-46588ff6d874">
      <Execution id="7396696e-8cdd-4c43-93df-15a525ca281a" />
      <TestMethod codeBase="C:\Users\ericcarlson\documents\github\pickles\src\Pickles.TestFrameworks.UnitTests\bin\Debug\net6.0\PicklesDoc.Pickles.TestFrameworks.UnitTests.dll" adapterTypeName="executor://nunit3testexecutor/" className="PicklesDoc.Pickles.TestFrameworks.UnitTests.NUnit.NUnit2.WhenParsingNUnitResultsFile" name="ThenCanReadResultOfScenarioWithSpanishCharacters" />
    </UnitTest>
    <UnitTest name="ThenCanReadResultOfScenarioWithSpanishCharacters" storage="c:\users\ericcarlson\documents\github\pickles\src\pickles.testframeworks.unittests\bin\debug\net6.0\picklesdoc.pickles.testframeworks.unittests.dll" id="ad017908-8d1a-0341-56bc-07e221b7fa03">
      <Execution id="74f86963-cc33-440b-90c2-249bf64aac16" />
      <TestMethod codeBase="C:\Users\ericcarlson\documents\github\pickles\src\Pickles.TestFrameworks.UnitTests\bin\Debug\net6.0\PicklesDoc.Pickles.TestFrameworks.UnitTests.dll" adapterTypeName="executor://nunit3testexecutor/" className="PicklesDoc.Pickles.TestFrameworks.UnitTests.CucumberJson.WhenParsingCucumberJsonFromJSResultsFile" name="ThenCanReadResultOfScenarioWithSpanishCharacters" />
    </UnitTest>
    <UnitTest name="ThenCanReadBackgroundResultSuccessfully" storage="c:\users\ericcarlson\documents\github\pickles\src\pickles.testframeworks.unittests\bin\debug\net6.0\picklesdoc.pickles.testframeworks.unittests.dll" id="fe0fe535-97ea-db97-278f-86c835cfa276">
      <Execution id="f18090ad-94cf-4b48-82b8-cc8c9d2826bd" />
      <TestMethod codeBase="C:\Users\ericcarlson\documents\github\pickles\src\Pickles.TestFrameworks.UnitTests\bin\Debug\net6.0\PicklesDoc.Pickles.TestFrameworks.UnitTests.dll" adapterTypeName="executor://nunit3testexecutor/" className="PicklesDoc.Pickles.TestFrameworks.UnitTests.SpecRun.WhenParsingSpecRunTestResultsFile" name="ThenCanReadBackgroundResultSuccessfully" />
    </UnitTest>
    <UnitTest name="ThenCanReadResultOfScenarioWithDanishCharacters" storage="c:\users\ericcarlson\documents\github\pickles\src\pickles.testframeworks.unittests\bin\debug\net6.0\picklesdoc.pickles.testframeworks.unittests.dll" id="fcdc4ad3-b05f-80e2-df7c-dfcaf995ac74">
      <Execution id="538645c0-f98b-4ec6-8c3f-a5478eeecb50" />
      <TestMethod codeBase="C:\Users\ericcarlson\documents\github\pickles\src\Pickles.TestFrameworks.UnitTests\bin\Debug\net6.0\PicklesDoc.Pickles.TestFrameworks.UnitTests.dll" adapterTypeName="executor://nunit3testexecutor/" className="PicklesDoc.Pickles.TestFrameworks.UnitTests.CucumberJson.WhenParsingCucumberJsonFromJSResultsFile" name="ThenCanReadResultOfScenarioWithDanishCharacters" />
    </UnitTest>
    <UnitTest name="ThenCanReadResultOfScenarioOutlineExampleWithFailingBackground" storage="c:\users\ericcarlson\documents\github\pickles\src\pickles.testframeworks.unittests\bin\debug\net6.0\picklesdoc.pickles.testframeworks.unittests.dll" id="76e6779b-a81e-af08-fa5a-6175a7306b7c">
      <Execution id="b3f4dbae-8545-47cf-aa4c-56119cdc1bca" />
      <TestMethod codeBase="C:\Users\ericcarlson\documents\github\pickles\src\Pickles.TestFrameworks.UnitTests\bin\Debug\net6.0\PicklesDoc.Pickles.TestFrameworks.UnitTests.dll" adapterTypeName="executor://nunit3testexecutor/" className="PicklesDoc.Pickles.TestFrameworks.UnitTests.NUnit.NUnit3.WhenParsingNunit3ResultsFile" name="ThenCanReadResultOfScenarioOutlineExampleWithFailingBackground" />
    </UnitTest>
    <UnitTest name="ThenCanReadIndividualResultsFromScenarioOutline_MultipleNamedExamplesWithDuplicateValues_ShouldMatchExamples" storage="c:\users\ericcarlson\documents\github\pickles\src\pickles.testframeworks.unittests\bin\debug\net6.0\picklesdoc.pickles.testframeworks.unittests.dll" id="f6472f07-5ce8-7db5-6dd2-9068452de237">
      <Execution id="24b8bf96-b342-4625-8d5e-c2b7cc41fb31" />
      <TestMethod codeBase="C:\Users\ericcarlson\documents\github\pickles\src\Pickles.TestFrameworks.UnitTests\bin\Debug\net6.0\PicklesDoc.Pickles.TestFrameworks.UnitTests.dll" adapterTypeName="executor://nunit3testexecutor/" className="PicklesDoc.Pickles.TestFrameworks.UnitTests.VsTest.WhenParsingVsTestResultsFileWithIndividualResults" name="ThenCanReadIndividualResultsFromScenarioOutline_MultipleNamedExamplesWithDuplicateValues_ShouldMatchExamples" />
    </UnitTest>
    <UnitTest name="ThenCanReadFeatureResultWithoutThrowingException" storage="c:\users\ericcarlson\documents\github\pickles\src\pickles.testframeworks.unittests\bin\debug\net6.0\picklesdoc.pickles.testframeworks.unittests.dll" id="91607d23-bc6b-f681-4a48-14272be4cab9">
      <Execution id="11331243-59cc-40c4-a472-54d19dbb8914" />
      <TestMethod codeBase="C:\Users\ericcarlson\documents\github\pickles\src\Pickles.TestFrameworks.UnitTests\bin\Debug\net6.0\PicklesDoc.Pickles.TestFrameworks.UnitTests.dll" adapterTypeName="executor://nunit3testexecutor/" className="PicklesDoc.Pickles.TestFrameworks.UnitTests.MsTest.WhenParsingMsTestResultsFileWithMissingTraits" name="ThenCanReadFeatureResultWithoutThrowingException" />
    </UnitTest>
    <UnitTest name="ThenCanReadScenarioOutlineResultSuccessfully" storage="c:\users\ericcarlson\documents\github\pickles\src\pickles.testframeworks.unittests\bin\debug\net6.0\picklesdoc.pickles.testframeworks.unittests.dll" id="996b6d38-8904-1e30-ea22-94e60915db8c">
      <Execution id="f0c5aada-30ee-4aa8-84e3-423eab10e4ac" />
      <TestMethod codeBase="C:\Users\ericcarlson\documents\github\pickles\src\Pickles.TestFrameworks.UnitTests\bin\Debug\net6.0\PicklesDoc.Pickles.TestFrameworks.UnitTests.dll" adapterTypeName="executor://nunit3testexecutor/" className="PicklesDoc.Pickles.TestFrameworks.UnitTests.NUnit.NUnit2.WhenParsingNUnitResultsFile" name="ThenCanReadScenarioOutlineResultSuccessfully" />
    </UnitTest>
    <UnitTest name="ThenCanReadPassedFeatureResultSuccessfully" storage="c:\users\ericcarlson\documents\github\pickles\src\pickles.testframeworks.unittests\bin\debug\net6.0\picklesdoc.pickles.testframeworks.unittests.dll" id="79eb825b-0ac9-6c28-1949-0ddaebf10cfc">
      <Execution id="2c1e61b7-e2c1-4685-b64f-5058adc600aa" />
      <TestMethod codeBase="C:\Users\ericcarlson\documents\github\pickles\src\Pickles.TestFrameworks.UnitTests\bin\Debug\net6.0\PicklesDoc.Pickles.TestFrameworks.UnitTests.dll" adapterTypeName="executor://nunit3testexecutor/" className="PicklesDoc.Pickles.TestFrameworks.UnitTests.CucumberJson.WhenParsingCucumberJsonFromJSResultsFile" name="ThenCanReadPassedFeatureResultSuccessfully" />
    </UnitTest>
    <UnitTest name="ThenCanReadResultOfScenarioOutlineWithUmlauts" storage="c:\users\ericcarlson\documents\github\pickles\src\pickles.testframeworks.unittests\bin\debug\net6.0\picklesdoc.pickles.testframeworks.unittests.dll" id="9347f5be-5008-ff2d-ab85-8c6415e57b12">
      <Execution id="762ca5de-8a4c-4acd-8602-0b84710dbfa8" />
      <TestMethod codeBase="C:\Users\ericcarlson\documents\github\pickles\src\Pickles.TestFrameworks.UnitTests\bin\Debug\net6.0\PicklesDoc.Pickles.TestFrameworks.UnitTests.dll" adapterTypeName="executor://nunit3testexecutor/" className="PicklesDoc.Pickles.TestFrameworks.UnitTests.SpecRun.WhenParsingSpecRunTestResultsFile" name="ThenCanReadResultOfScenarioOutlineWithUmlauts" />
    </UnitTest>
    <UnitTest name="ThenCanReadResultOfFeatureWithFailingBackground" storage="c:\users\ericcarlson\documents\github\pickles\src\pickles.testframeworks.unittests\bin\debug\net6.0\picklesdoc.pickles.testframeworks.unittests.dll" id="ed1f5b6f-32d8-84ac-275a-18cb835c861f">
      <Execution id="72618b62-393f-447f-945f-bdc02609b802" />
      <TestMethod codeBase="C:\Users\ericcarlson\documents\github\pickles\src\Pickles.TestFrameworks.UnitTests\bin\Debug\net6.0\PicklesDoc.Pickles.TestFrameworks.UnitTests.dll" adapterTypeName="executor://nunit3testexecutor/" className="PicklesDoc.Pickles.TestFrameworks.UnitTests.MsTest.WhenParsingMsTestResultsFile" name="ThenCanReadResultOfFeatureWithFailingBackground" />
    </UnitTest>
    <UnitTest name="ThenCanReadIgnoredScenarioResultSuccessfully" storage="c:\users\ericcarlson\documents\github\pickles\src\pickles.testframeworks.unittests\bin\debug\net6.0\picklesdoc.pickles.testframeworks.unittests.dll" id="8859dd67-9eea-687f-ff9c-c8608298b7a0">
      <Execution id="3473b860-c23c-4a3b-820e-0f7ff3c700ec" />
      <TestMethod codeBase="C:\Users\ericcarlson\documents\github\pickles\src\Pickles.TestFrameworks.UnitTests\bin\Debug\net6.0\PicklesDoc.Pickles.TestFrameworks.UnitTests.dll" adapterTypeName="executor://nunit3testexecutor/" className="PicklesDoc.Pickles.TestFrameworks.UnitTests.NUnit.NUnit2.WhenParsingNUnitResultsFile" name="ThenCanReadIgnoredScenarioResultSuccessfully" />
    </UnitTest>
    <UnitTest name="ThenCanSuccessfullyMatchSpecialCharacters" storage="c:\users\ericcarlson\documents\github\pickles\src\pickles.testframeworks.unittests\bin\debug\net6.0\picklesdoc.pickles.testframeworks.unittests.dll" id="ded252ea-8f84-3526-fab0-59d3517f77f7">
      <Execution id="7f3a85f1-3de2-44fa-9814-1cb8ece37ca9" />
      <TestMethod codeBase="C:\Users\ericcarlson\documents\github\pickles\src\Pickles.TestFrameworks.UnitTests\bin\Debug\net6.0\PicklesDoc.Pickles.TestFrameworks.UnitTests.dll" adapterTypeName="executor://nunit3testexecutor/" className="PicklesDoc.Pickles.TestFrameworks.UnitTests.NUnit.NUnit3.WhenDeterminingTheSignatureOfAnNunit3ExampleRow" name="ThenCanSuccessfullyMatchSpecialCharacters" />
    </UnitTest>
    <UnitTest name="ThenCanReadExamplesWithRegexValuesFromScenarioOutline_ShouldBeTestResultPassed" storage="c:\users\ericcarlson\documents\github\pickles\src\pickles.testframeworks.unittests\bin\debug\net6.0\picklesdoc.pickles.testframeworks.unittests.dll" id="787e4f4b-a6f8-e61e-60f5-7ef57c15df22">
      <Execution id="5cfc62c9-eee9-4284-95c2-92bd40b16033" />
      <TestMethod codeBase="C:\Users\ericcarlson\documents\github\pickles\src\Pickles.TestFrameworks.UnitTests\bin\Debug\net6.0\PicklesDoc.Pickles.TestFrameworks.UnitTests.dll" adapterTypeName="executor://nunit3testexecutor/" className="PicklesDoc.Pickles.TestFrameworks.UnitTests.CucumberJson.WhenParsingCucumberJsonFromJSResultsFileWithIndividualResults" name="ThenCanReadExamplesWithRegexValuesFromScenarioOutline_ShouldBeTestResultPassed" />
    </UnitTest>
    <UnitTest name="ThenCanReadIndividualResultsFromScenarioOutline_OneInconclusive_ShouldBeTestResultInconclusive" storage="c:\users\ericcarlson\documents\github\pickles\src\pickles.testframeworks.unittests\bin\debug\net6.0\picklesdoc.pickles.testframeworks.unittests.dll" id="11a87397-1757-077d-c7e6-d2ba1dcbdd5b">
      <Execution id="0f2455dd-7b3e-4c81-8e89-4d28ab4f8dee" />
      <TestMethod codeBase="C:\Users\ericcarlson\documents\github\pickles\src\Pickles.TestFrameworks.UnitTests\bin\Debug\net6.0\PicklesDoc.Pickles.TestFrameworks.UnitTests.dll" adapterTypeName="executor://nunit3testexecutor/" className="PicklesDoc.Pickles.TestFrameworks.UnitTests.CucumberJson.WhenParsingCucumberJsonFromJSResultsFileWithIndividualResults" name="ThenCanReadIndividualResultsFromScenarioOutline_OneInconclusive_ShouldBeTestResultInconclusive" />
    </UnitTest>
    <UnitTest name="ThenCanReadExamplesWithRegexValuesFromScenarioOutline_ShouldBeTestResultPassed" storage="c:\users\ericcarlson\documents\github\pickles\src\pickles.testframeworks.unittests\bin\debug\net6.0\picklesdoc.pickles.testframeworks.unittests.dll" id="d39a468f-9980-5d97-4555-244415136c85">
      <Execution id="786d606a-88f9-4241-8384-83592fcb2349" />
      <TestMethod codeBase="C:\Users\ericcarlson\documents\github\pickles\src\Pickles.TestFrameworks.UnitTests\bin\Debug\net6.0\PicklesDoc.Pickles.TestFrameworks.UnitTests.dll" adapterTypeName="executor://nunit3testexecutor/" className="PicklesDoc.Pickles.TestFrameworks.UnitTests.CucumberJson.WhenParsingCucumberJsonFromRubyResultsFileWithIndividualResults" name="ThenCanReadExamplesWithRegexValuesFromScenarioOutline_ShouldBeTestResultPassed" />
    </UnitTest>
    <UnitTest name="ThenCanReadResultOfScenarioWithDanishCharacters" storage="c:\users\ericcarlson\documents\github\pickles\src\pickles.testframeworks.unittests\bin\debug\net6.0\picklesdoc.pickles.testframeworks.unittests.dll" id="ad26ac72-d472-3446-b429-a39e27a79b16">
      <Execution id="dde11a75-85e5-4c4c-ae8a-4acd1d6539e6" />
      <TestMethod codeBase="C:\Users\ericcarlson\documents\github\pickles\src\Pickles.TestFrameworks.UnitTests\bin\Debug\net6.0\PicklesDoc.Pickles.TestFrameworks.UnitTests.dll" adapterTypeName="executor://nunit3testexecutor/" className="PicklesDoc.Pickles.TestFrameworks.UnitTests.NUnit.NUnit3.WhenParsingNunit3ResultsFileForNunit2Tests" name="ThenCanReadResultOfScenarioWithDanishCharacters" />
    </UnitTest>
    <UnitTest name="ThenCanReadBackgroundResultSuccessfully" storage="c:\users\ericcarlson\documents\github\pickles\src\pickles.testframeworks.unittests\bin\debug\net6.0\picklesdoc.pickles.testframeworks.unittests.dll" id="6c46f24c-c8b8-c4b7-29db-f35f6312df35">
      <Execution id="6d18e28c-2193-4a64-a096-eee8896cecca" />
      <TestMethod codeBase="C:\Users\ericcarlson\documents\github\pickles\src\Pickles.TestFrameworks.UnitTests\bin\Debug\net6.0\PicklesDoc.Pickles.TestFrameworks.UnitTests.dll" adapterTypeName="executor://nunit3testexecutor/" className="PicklesDoc.Pickles.TestFrameworks.UnitTests.MsTest.WhenParsingMsTestResultsFile" name="ThenCanReadBackgroundResultSuccessfully" />
    </UnitTest>
    <UnitTest name="ThenCanReadIgnoredScenarioResultSuccessfully" storage="c:\users\ericcarlson\documents\github\pickles\src\pickles.testframeworks.unittests\bin\debug\net6.0\picklesdoc.pickles.testframeworks.unittests.dll" id="789c4d26-9e90-9921-3680-81bb7e50813e">
      <Execution id="e6176ea5-a6f9-4557-a70d-05ebd4b79c10" />
      <TestMethod codeBase="C:\Users\ericcarlson\documents\github\pickles\src\Pickles.TestFrameworks.UnitTests\bin\Debug\net6.0\PicklesDoc.Pickles.TestFrameworks.UnitTests.dll" adapterTypeName="executor://nunit3testexecutor/" className="PicklesDoc.Pickles.TestFrameworks.UnitTests.SpecRun.WhenParsingSpecRunTestResultsFile" name="ThenCanReadIgnoredScenarioResultSuccessfully" />
    </UnitTest>
    <UnitTest name="ThenCanReadIndividualResultsFromScenarioOutline_OneInconclusive_ShouldBeTestResultInconclusive" storage="c:\users\ericcarlson\documents\github\pickles\src\pickles.testframeworks.unittests\bin\debug\net6.0\picklesdoc.pickles.testframeworks.unittests.dll" id="256a8d96-ed89-157f-5f7b-6e821bc88fbc">
      <Execution id="8b258844-b75a-4ea0-ae08-823f31afec7e" />
      <TestMethod codeBase="C:\Users\ericcarlson\documents\github\pickles\src\Pickles.TestFrameworks.UnitTests\bin\Debug\net6.0\PicklesDoc.Pickles.TestFrameworks.UnitTests.dll" adapterTypeName="executor://nunit3testexecutor/" className="PicklesDoc.Pickles.TestFrameworks.UnitTests.MsTest.WhenParsingMsTestResultsFileWithIndividualResults" name="ThenCanReadIndividualResultsFromScenarioOutline_OneInconclusive_ShouldBeTestResultInconclusive" />
    </UnitTest>
    <UnitTest name="ThenCanReadResultOfScenarioOutlineWithSpecialCharacters" storage="c:\users\ericcarlson\documents\github\pickles\src\pickles.testframeworks.unittests\bin\debug\net6.0\picklesdoc.pickles.testframeworks.unittests.dll" id="26745cdf-54c9-6722-4605-f8b66ff30e43">
      <Execution id="a535fdf8-75ac-4fbb-a31d-1762c97d37ef" />
      <TestMethod codeBase="C:\Users\ericcarlson\documents\github\pickles\src\Pickles.TestFrameworks.UnitTests\bin\Debug\net6.0\PicklesDoc.Pickles.TestFrameworks.UnitTests.dll" adapterTypeName="executor://nunit3testexecutor/" className="PicklesDoc.Pickles.TestFrameworks.UnitTests.NUnit.NUnit3.WhenParsingNunit3ResultsFile" name="ThenCanReadResultOfScenarioOutlineWithSpecialCharacters" />
    </UnitTest>
    <UnitTest name="ThenCanReadNotFoundFeatureCorrectly" storage="c:\users\ericcarlson\documents\github\pickles\src\pickles.testframeworks.unittests\bin\debug\net6.0\picklesdoc.pickles.testframeworks.unittests.dll" id="6f030a63-1915-c5bb-effc-e00334ecdc58">
      <Execution id="4189fd34-4c91-44ce-a344-ff7c8c110d43" />
      <TestMethod codeBase="C:\Users\ericcarlson\documents\github\pickles\src\Pickles.TestFrameworks.UnitTests\bin\Debug\net6.0\PicklesDoc.Pickles.TestFrameworks.UnitTests.dll" adapterTypeName="executor://nunit3testexecutor/" className="PicklesDoc.Pickles.TestFrameworks.UnitTests.CucumberJson.WhenParsingCucumberJsonFromJSResultsFile" name="ThenCanReadNotFoundFeatureCorrectly" />
    </UnitTest>
    <UnitTest name="ThenCanReadIndividualResultsFromScenarioOutline_ContainingDollarSigns_ShouldBeTestResultSuccess" storage="c:\users\ericcarlson\documents\github\pickles\src\pickles.testframeworks.unittests\bin\debug\net6.0\picklesdoc.pickles.testframeworks.unittests.dll" id="65a73572-199f-331d-bb7a-e00446e83c06">
      <Execution id="06c28cc4-0113-4f31-8040-8484a4134602" />
      <TestMethod codeBase="C:\Users\ericcarlson\documents\github\pickles\src\Pickles.TestFrameworks.UnitTests\bin\Debug\net6.0\PicklesDoc.Pickles.TestFrameworks.UnitTests.dll" adapterTypeName="executor://nunit3testexecutor/" className="PicklesDoc.Pickles.TestFrameworks.UnitTests.NUnit.NUnit2.WhenParsingProblematicScenarioOutlineResults" name="ThenCanReadIndividualResultsFromScenarioOutline_ContainingDollarSigns_ShouldBeTestResultSuccess" />
    </UnitTest>
    <UnitTest name="ThenCanReadFailedScenarioResultSuccessfully" storage="c:\users\ericcarlson\documents\github\pickles\src\pickles.testframeworks.unittests\bin\debug\net6.0\picklesdoc.pickles.testframeworks.unittests.dll" id="5dcd44f1-cbb8-8d6b-534f-9d513b76d8e6">
      <Execution id="fee41d76-aff9-4d91-9ac6-cb418f511679" />
      <TestMethod codeBase="C:\Users\ericcarlson\documents\github\pickles\src\Pickles.TestFrameworks.UnitTests\bin\Debug\net6.0\PicklesDoc.Pickles.TestFrameworks.UnitTests.dll" adapterTypeName="executor://nunit3testexecutor/" className="PicklesDoc.Pickles.TestFrameworks.UnitTests.NUnit.NUnit2.WhenParsingNUnitResultsFile" name="ThenCanReadFailedScenarioResultSuccessfully" />
    </UnitTest>
    <UnitTest name="ThenCanReadPassedScenarioResultSuccessfully" storage="c:\users\ericcarlson\documents\github\pickles\src\pickles.testframeworks.unittests\bin\debug\net6.0\picklesdoc.pickles.testframeworks.unittests.dll" id="249eb19e-fedc-463a-7645-04bc4a4b0dd3">
      <Execution id="6915b949-c08d-4c75-bb01-7af65d9bafc4" />
      <TestMethod codeBase="C:\Users\ericcarlson\documents\github\pickles\src\Pickles.TestFrameworks.UnitTests\bin\Debug\net6.0\PicklesDoc.Pickles.TestFrameworks.UnitTests.dll" adapterTypeName="executor://nunit3testexecutor/" className="PicklesDoc.Pickles.TestFrameworks.UnitTests.MsTest.WhenParsingMultipleMsTestTestResultsFiles" name="ThenCanReadPassedScenarioResultSuccessfully" />
    </UnitTest>
    <UnitTest name="ThenCanResolve(&quot;results-example-xunit2.xml&quot;,&quot;XUnit.XUnit2.results-example-xunit2.xml&quot;,xUnit2,PicklesDoc.Pickles.TestFrameworks.XUnit.XUnit2.XUnit2Results)" storage="c:\users\ericcarlson\documents\github\pickles\src\pickles.testframeworks.unittests\bin\debug\net6.0\picklesdoc.pickles.testframeworks.unittests.dll" id="32e9b154-88f8-7f55-059c-e846ef3efc38">
      <Execution id="f478f34c-8406-4120-9ff5-7b17de0dec6e" />
      <TestMethod codeBase="C:\Users\ericcarlson\documents\github\pickles\src\Pickles.TestFrameworks.UnitTests\bin\Debug\net6.0\PicklesDoc.Pickles.TestFrameworks.UnitTests.dll" adapterTypeName="executor://nunit3testexecutor/" className="PicklesDoc.Pickles.TestFrameworks.UnitTests.WhenResolvingTestResults" name="ThenCanResolve(&quot;results-example-xunit2.xml&quot;,&quot;XUnit.XUnit2.results-example-xunit2.xml&quot;,xUnit2,PicklesDoc.Pickles.TestFrameworks.XUnit.XUnit2.XUnit2Results)" />
    </UnitTest>
    <UnitTest name="ThenCanReadIndividualResultsFromScenarioOutline_AllPass_ShouldBeTestResultPassed" storage="c:\users\ericcarlson\documents\github\pickles\src\pickles.testframeworks.unittests\bin\debug\net6.0\picklesdoc.pickles.testframeworks.unittests.dll" id="a082270a-fadb-de54-1aa3-b3ff6bca16d1">
      <Execution id="edd93e0b-6c81-4b9a-b7bf-ae4fdc7a0a2e" />
      <TestMethod codeBase="C:\Users\ericcarlson\documents\github\pickles\src\Pickles.TestFrameworks.UnitTests\bin\Debug\net6.0\PicklesDoc.Pickles.TestFrameworks.UnitTests.dll" adapterTypeName="executor://nunit3testexecutor/" className="PicklesDoc.Pickles.TestFrameworks.UnitTests.CucumberJson.WhenParsingCucumberJsonFromRubyResultsFileWithIndividualResults" name="ThenCanReadIndividualResultsFromScenarioOutline_AllPass_ShouldBeTestResultPassed" />
    </UnitTest>
    <UnitTest name="ThenCanReadResultOfFeatureWithFailingBackground" storage="c:\users\ericcarlson\documents\github\pickles\src\pickles.testframeworks.unittests\bin\debug\net6.0\picklesdoc.pickles.testframeworks.unittests.dll" id="8fd04541-1f43-6b67-271f-30979468cdcb">
      <Execution id="039257d2-3088-4d2f-96f2-b342ff67906e" />
      <TestMethod codeBase="C:\Users\ericcarlson\documents\github\pickles\src\Pickles.TestFrameworks.UnitTests\bin\Debug\net6.0\PicklesDoc.Pickles.TestFrameworks.UnitTests.dll" adapterTypeName="executor://nunit3testexecutor/" className="PicklesDoc.Pickles.TestFrameworks.UnitTests.XUnit.XUnit2.WhenParsingxUnit2ResultsFile" name="ThenCanReadResultOfFeatureWithFailingBackground" />
    </UnitTest>
    <UnitTest name="ThenCanReadIndividualResultsFromScenarioOutline_MultipleExamplesWithDuplicateValues_ShouldMatchExamples" storage="c:\users\ericcarlson\documents\github\pickles\src\pickles.testframeworks.unittests\bin\debug\net6.0\picklesdoc.pickles.testframeworks.unittests.dll" id="5178c6a1-917a-63ef-4a44-3f3fa3a4a76b">
      <Execution id="1a617b3c-062f-4d0d-8d81-74660eccccc0" />
      <TestMethod codeBase="C:\Users\ericcarlson\documents\github\pickles\src\Pickles.TestFrameworks.UnitTests\bin\Debug\net6.0\PicklesDoc.Pickles.TestFrameworks.UnitTests.dll" adapterTypeName="executor://nunit3testexecutor/" className="PicklesDoc.Pickles.TestFrameworks.UnitTests.MsTest.WhenParsingMsTestResultsFileWithIndividualResults" name="ThenCanReadIndividualResultsFromScenarioOutline_MultipleExamplesWithDuplicateValues_ShouldMatchExamples" />
    </UnitTest>
    <UnitTest name="ThenCanReadResultOfScenarioOutlineExampleWithFailingBackground" storage="c:\users\ericcarlson\documents\github\pickles\src\pickles.testframeworks.unittests\bin\debug\net6.0\picklesdoc.pickles.testframeworks.unittests.dll" id="b6b4e5c5-badb-9c66-8425-431f3f703e83">
      <Execution id="8d4d605d-1b10-45ff-bcde-02175a58d1f2" />
      <TestMethod codeBase="C:\Users\ericcarlson\documents\github\pickles\src\Pickles.TestFrameworks.UnitTests\bin\Debug\net6.0\PicklesDoc.Pickles.TestFrameworks.UnitTests.dll" adapterTypeName="executor://nunit3testexecutor/" className="PicklesDoc.Pickles.TestFrameworks.UnitTests.CucumberJson.WhenParsingCucumberJsonFromRubyResultsFile" name="ThenCanReadResultOfScenarioOutlineExampleWithFailingBackground" />
    </UnitTest>
    <UnitTest name="ThenCanReadResultsWithParenthesis" storage="c:\users\ericcarlson\documents\github\pickles\src\pickles.testframeworks.unittests\bin\debug\net6.0\picklesdoc.pickles.testframeworks.unittests.dll" id="2b2c3e93-fce0-8fb6-cf91-4df9fcc9f54b">
      <Execution id="03baccf8-f73f-4352-a166-6654341f31f8" />
      <TestMethod codeBase="C:\Users\ericcarlson\documents\github\pickles\src\Pickles.TestFrameworks.UnitTests\bin\Debug\net6.0\PicklesDoc.Pickles.TestFrameworks.UnitTests.dll" adapterTypeName="executor://nunit3testexecutor/" className="PicklesDoc.Pickles.TestFrameworks.UnitTests.NUnit.NUnit3.WhenParsingNunit3ResultsFile" name="ThenCanReadResultsWithParenthesis" />
    </UnitTest>
    <UnitTest name="ThenCanReadIgnoredScenarioResultSuccessfully" storage="c:\users\ericcarlson\documents\github\pickles\src\pickles.testframeworks.unittests\bin\debug\net6.0\picklesdoc.pickles.testframeworks.unittests.dll" id="eecc6ae5-4868-d53f-bcda-2ec72c5d7ea3">
      <Execution id="0f620c00-298e-456f-9417-b6bbb4f810a0" />
      <TestMethod codeBase="C:\Users\ericcarlson\documents\github\pickles\src\Pickles.TestFrameworks.UnitTests\bin\Debug\net6.0\PicklesDoc.Pickles.TestFrameworks.UnitTests.dll" adapterTypeName="executor://nunit3testexecutor/" className="PicklesDoc.Pickles.TestFrameworks.UnitTests.NUnit.NUnit3.WhenParsingNunit3ResultsFile" name="ThenCanReadIgnoredScenarioResultSuccessfully" />
    </UnitTest>
    <UnitTest name="ThenCanReadIndividualResultsFromScenarioOutline_MultipleExampleSections_ShouldBeTestResultFailed" storage="c:\users\ericcarlson\documents\github\pickles\src\pickles.testframeworks.unittests\bin\debug\net6.0\picklesdoc.pickles.testframeworks.unittests.dll" id="87211bb6-e48e-1d49-fcdf-06cad7d36de4">
      <Execution id="9af3ff90-587d-4341-97f2-e7f32d9aef99" />
      <TestMethod codeBase="C:\Users\ericcarlson\documents\github\pickles\src\Pickles.TestFrameworks.UnitTests\bin\Debug\net6.0\PicklesDoc.Pickles.TestFrameworks.UnitTests.dll" adapterTypeName="executor://nunit3testexecutor/" className="PicklesDoc.Pickles.TestFrameworks.UnitTests.XUnit.XUnit1.WhenParsingXUnitResultsFileWithIndividualResults" name="ThenCanReadIndividualResultsFromScenarioOutline_MultipleExampleSections_ShouldBeTestResultFailed" />
    </UnitTest>
    <UnitTest name="ThenCanReadIndividualResultsFromScenarioOutline_OneFailed_ShouldBeTestResultFailed" storage="c:\users\ericcarlson\documents\github\pickles\src\pickles.testframeworks.unittests\bin\debug\net6.0\picklesdoc.pickles.testframeworks.unittests.dll" id="cb84e372-0db4-cadb-ea5a-8162f8875b13">
      <Execution id="82ec6aea-5136-4606-911e-77c4ad2e5816" />
      <TestMethod codeBase="C:\Users\ericcarlson\documents\github\pickles\src\Pickles.TestFrameworks.UnitTests\bin\Debug\net6.0\PicklesDoc.Pickles.TestFrameworks.UnitTests.dll" adapterTypeName="executor://nunit3testexecutor/" className="PicklesDoc.Pickles.TestFrameworks.UnitTests.XUnit.XUnit2.WhenParsingXUnitResultsFileWithIndividualResults" name="ThenCanReadIndividualResultsFromScenarioOutline_OneFailed_ShouldBeTestResultFailed" />
    </UnitTest>
    <UnitTest name="ThenCanReadResultOfScenarioWithFailingBackground" storage="c:\users\ericcarlson\documents\github\pickles\src\pickles.testframeworks.unittests\bin\debug\net6.0\picklesdoc.pickles.testframeworks.unittests.dll" id="dd671476-ed2b-7b45-cac8-cb394e9796e3">
      <Execution id="91803e3c-781b-4a03-a9e5-5a9dd3863824" />
      <TestMethod codeBase="C:\Users\ericcarlson\documents\github\pickles\src\Pickles.TestFrameworks.UnitTests\bin\Debug\net6.0\PicklesDoc.Pickles.TestFrameworks.UnitTests.dll" adapterTypeName="executor://nunit3testexecutor/" className="PicklesDoc.Pickles.TestFrameworks.UnitTests.VsTest.WhenParsingVsTestResultsFile" name="ThenCanReadResultOfScenarioWithFailingBackground" />
    </UnitTest>
    <UnitTest name="ThenCanReadIgnoredScenarioResultSuccessfully" storage="c:\users\ericcarlson\documents\github\pickles\src\pickles.testframeworks.unittests\bin\debug\net6.0\picklesdoc.pickles.testframeworks.unittests.dll" id="75f81ce1-0b2c-cf84-fe16-219224722139">
      <Execution id="94794365-b370-46e6-a54c-4f84a2510e3a" />
      <TestMethod codeBase="C:\Users\ericcarlson\documents\github\pickles\src\Pickles.TestFrameworks.UnitTests\bin\Debug\net6.0\PicklesDoc.Pickles.TestFrameworks.UnitTests.dll" adapterTypeName="executor://nunit3testexecutor/" className="PicklesDoc.Pickles.TestFrameworks.UnitTests.MsTest.WhenParsingMsTestResultsFile" name="ThenCanReadIgnoredScenarioResultSuccessfully" />
    </UnitTest>
    <UnitTest name="ThenCanReadResultsWithParenthesis" storage="c:\users\ericcarlson\documents\github\pickles\src\pickles.testframeworks.unittests\bin\debug\net6.0\picklesdoc.pickles.testframeworks.unittests.dll" id="efb45302-0f2f-f7b4-5294-ebcf02624fff">
      <Execution id="98c0f296-7a8f-4ec2-9a75-5c6465426591" />
      <TestMethod codeBase="C:\Users\ericcarlson\documents\github\pickles\src\Pickles.TestFrameworks.UnitTests\bin\Debug\net6.0\PicklesDoc.Pickles.TestFrameworks.UnitTests.dll" adapterTypeName="executor://nunit3testexecutor/" className="PicklesDoc.Pickles.TestFrameworks.UnitTests.MsTest.WhenParsingMsTestResultsFile" name="ThenCanReadResultsWithParenthesis" />
    </UnitTest>
    <UnitTest name="ThenCanReadIndividualResultsFromScenarioOutline_MultipleNamedExamples_ShouldMatchExamples" storage="c:\users\ericcarlson\documents\github\pickles\src\pickles.testframeworks.unittests\bin\debug\net6.0\picklesdoc.pickles.testframeworks.unittests.dll" id="10cbd16f-822a-fdd7-e8ae-fa1a3eaa3761">
      <Execution id="d738a81b-55ee-42dc-a685-29408bd1ca16" />
      <TestMethod codeBase="C:\Users\ericcarlson\documents\github\pickles\src\Pickles.TestFrameworks.UnitTests\bin\Debug\net6.0\PicklesDoc.Pickles.TestFrameworks.UnitTests.dll" adapterTypeName="executor://nunit3testexecutor/" className="PicklesDoc.Pickles.TestFrameworks.UnitTests.XUnit.XUnit1.WhenParsingXUnitResultsFileWithIndividualResults" name="ThenCanReadIndividualResultsFromScenarioOutline_MultipleNamedExamples_ShouldMatchExamples" />
    </UnitTest>
    <UnitTest name="GetScenarioResult_TwoInconclusive_ReturnsInconclusive" storage="c:\users\ericcarlson\documents\github\pickles\src\pickles.testframeworks.unittests\bin\debug\net6.0\picklesdoc.pickles.testframeworks.unittests.dll" id="ffc628dd-c985-e3f1-ca17-da9cca506fbc">
      <Execution id="b05dd3a4-c749-4dd3-931a-95f8b9268af0" />
      <TestMethod codeBase="C:\Users\ericcarlson\documents\github\pickles\src\Pickles.TestFrameworks.UnitTests\bin\Debug\net6.0\PicklesDoc.Pickles.TestFrameworks.UnitTests.dll" adapterTypeName="executor://nunit3testexecutor/" className="PicklesDoc.Pickles.TestFrameworks.UnitTests.SpecRun.WhenParsingMultipleTestResultsTests" name="GetScenarioResult_TwoInconclusive_ReturnsInconclusive" />
    </UnitTest>
    <UnitTest name="ThenCanReadIndividualResultsFromScenarioOutline_OneFailed_ShouldBeTestResultFailed" storage="c:\users\ericcarlson\documents\github\pickles\src\pickles.testframeworks.unittests\bin\debug\net6.0\picklesdoc.pickles.testframeworks.unittests.dll" id="ce9f63bc-f09c-6c5b-d0d3-a2c6899e0bb7">
      <Execution id="1fb41b58-6857-4014-94af-36d90eac89ba" />
      <TestMethod codeBase="C:\Users\ericcarlson\documents\github\pickles\src\Pickles.TestFrameworks.UnitTests\bin\Debug\net6.0\PicklesDoc.Pickles.TestFrameworks.UnitTests.dll" adapterTypeName="executor://nunit3testexecutor/" className="PicklesDoc.Pickles.TestFrameworks.UnitTests.CucumberJson.WhenParsingCucumberJsonFromJSResultsFileWithIndividualResults" name="ThenCanReadIndividualResultsFromScenarioOutline_OneFailed_ShouldBeTestResultFailed" />
    </UnitTest>
    <UnitTest name="ThenCanReadScenarioOutlineResultSuccessfully" storage="c:\users\ericcarlson\documents\github\pickles\src\pickles.testframeworks.unittests\bin\debug\net6.0\picklesdoc.pickles.testframeworks.unittests.dll" id="ba610d56-53b0-45dd-63d9-9d6b77e9ef0d">
      <Execution id="832161ba-0a1a-477b-a80f-08f341443f70" />
      <TestMethod codeBase="C:\Users\ericcarlson\documents\github\pickles\src\Pickles.TestFrameworks.UnitTests\bin\Debug\net6.0\PicklesDoc.Pickles.TestFrameworks.UnitTests.dll" adapterTypeName="executor://nunit3testexecutor/" className="PicklesDoc.Pickles.TestFrameworks.UnitTests.NUnit.NUnit3.WhenParsingNunit3ResultsFileForNunit2Tests" name="ThenCanReadScenarioOutlineResultSuccessfully" />
    </UnitTest>
    <UnitTest name="ThenCanReadResultOfScenarioWithDanishCharacters" storage="c:\users\ericcarlson\documents\github\pickles\src\pickles.testframeworks.unittests\bin\debug\net6.0\picklesdoc.pickles.testframeworks.unittests.dll" id="e1734028-fada-4af3-8a5c-ef092b76d644">
      <Execution id="27c329d3-fa1f-4189-9eb4-9ad564d0c35c" />
      <TestMethod codeBase="C:\Users\ericcarlson\documents\github\pickles\src\Pickles.TestFrameworks.UnitTests\bin\Debug\net6.0\PicklesDoc.Pickles.TestFrameworks.UnitTests.dll" adapterTypeName="executor://nunit3testexecutor/" className="PicklesDoc.Pickles.TestFrameworks.UnitTests.VsTest.WhenParsingVsTestResultsFile" name="ThenCanReadResultOfScenarioWithDanishCharacters" />
    </UnitTest>
    <UnitTest name="ThenCanReadResultsWithParenthesis" storage="c:\users\ericcarlson\documents\github\pickles\src\pickles.testframeworks.unittests\bin\debug\net6.0\picklesdoc.pickles.testframeworks.unittests.dll" id="39aaf2dd-3448-323b-0eb5-0e11c3f52c46">
      <Execution id="00b2bece-865e-47a4-824c-788930878cf4" />
      <TestMethod codeBase="C:\Users\ericcarlson\documents\github\pickles\src\Pickles.TestFrameworks.UnitTests\bin\Debug\net6.0\PicklesDoc.Pickles.TestFrameworks.UnitTests.dll" adapterTypeName="executor://nunit3testexecutor/" className="PicklesDoc.Pickles.TestFrameworks.UnitTests.XUnit.XUnit2.WhenParsingxUnit2ResultsFile" name="ThenCanReadResultsWithParenthesis" />
    </UnitTest>
    <UnitTest name="ThenCanReadFeatureResultSuccessfully" storage="c:\users\ericcarlson\documents\github\pickles\src\pickles.testframeworks.unittests\bin\debug\net6.0\picklesdoc.pickles.testframeworks.unittests.dll" id="7efd0b0b-8ee2-d5e8-47e2-5ba5eebb44d2">
      <Execution id="2465f761-e59c-4d83-820d-244447d0eb9d" />
      <TestMethod codeBase="C:\Users\ericcarlson\documents\github\pickles\src\Pickles.TestFrameworks.UnitTests\bin\Debug\net6.0\PicklesDoc.Pickles.TestFrameworks.UnitTests.dll" adapterTypeName="executor://nunit3testexecutor/" className="PicklesDoc.Pickles.TestFrameworks.UnitTests.XUnit.XUnit1.WhenParsingxUnitResultsFile" name="ThenCanReadFeatureResultSuccessfully" />
    </UnitTest>
    <UnitTest name="ThenCanReadIndividualResultsFromScenarioOutline_MultipleExampleSections_ShouldBeTestResultFailed" storage="c:\users\ericcarlson\documents\github\pickles\src\pickles.testframeworks.unittests\bin\debug\net6.0\picklesdoc.pickles.testframeworks.unittests.dll" id="877ca2ae-a522-d5d7-2fd9-a3dd2ef9b711">
      <Execution id="77c38968-d2c0-495b-b801-4592d6bbd564" />
      <TestMethod codeBase="C:\Users\ericcarlson\documents\github\pickles\src\Pickles.TestFrameworks.UnitTests\bin\Debug\net6.0\PicklesDoc.Pickles.TestFrameworks.UnitTests.dll" adapterTypeName="executor://nunit3testexecutor/" className="PicklesDoc.Pickles.TestFrameworks.UnitTests.MsTest.WhenParsingMsTestResultsFileWithIndividualResults" name="ThenCanReadIndividualResultsFromScenarioOutline_MultipleExampleSections_ShouldBeTestResultFailed" />
    </UnitTest>
    <UnitTest name="ThenCanReadExamplesWithLongExampleValues" storage="c:\users\ericcarlson\documents\github\pickles\src\pickles.testframeworks.unittests\bin\debug\net6.0\picklesdoc.pickles.testframeworks.unittests.dll" id="a80ce00d-8fef-39f6-2b9d-90a0409ab21e">
      <Execution id="26e664e2-cf1f-4d3f-8e02-89152e551e96" />
      <TestMethod codeBase="C:\Users\ericcarlson\documents\github\pickles\src\Pickles.TestFrameworks.UnitTests\bin\Debug\net6.0\PicklesDoc.Pickles.TestFrameworks.UnitTests.dll" adapterTypeName="executor://nunit3testexecutor/" className="PicklesDoc.Pickles.TestFrameworks.UnitTests.XUnit.XUnit1.WhenParsingXUnitResultsFileWithIndividualResults" name="ThenCanReadExamplesWithLongExampleValues" />
    </UnitTest>
    <UnitTest name="ThenCanReadIndividualResultsFromScenarioOutline_ExamplesWithDuplicateValues_ShouldMatchExamples" storage="c:\users\ericcarlson\documents\github\pickles\src\pickles.testframeworks.unittests\bin\debug\net6.0\picklesdoc.pickles.testframeworks.unittests.dll" id="d4ee9b79-4196-caa7-d7b1-e48434993a78">
      <Execution id="7a3a49c7-7772-4f03-9fd4-eb06fdae33e8" />
      <TestMethod codeBase="C:\Users\ericcarlson\documents\github\pickles\src\Pickles.TestFrameworks.UnitTests\bin\Debug\net6.0\PicklesDoc.Pickles.TestFrameworks.UnitTests.dll" adapterTypeName="executor://nunit3testexecutor/" className="PicklesDoc.Pickles.TestFrameworks.UnitTests.NUnit.NUnit3.WhenParsingNUnitResultsFileWithIndividualResults" name="ThenCanReadIndividualResultsFromScenarioOutline_ExamplesWithDuplicateValues_ShouldMatchExamples" />
    </UnitTest>
    <UnitTest name="ThenCanReadResultOfScenarioOutlineWithAmpersand" storage="c:\users\ericcarlson\documents\github\pickles\src\pickles.testframeworks.unittests\bin\debug\net6.0\picklesdoc.pickles.testframeworks.unittests.dll" id="82d58c85-8bb5-21d8-f720-e76e5b78cc40">
      <Execution id="75118738-ea7d-40be-b16d-5987bd43ddc7" />
      <TestMethod codeBase="C:\Users\ericcarlson\documents\github\pickles\src\Pickles.TestFrameworks.UnitTests\bin\Debug\net6.0\PicklesDoc.Pickles.TestFrameworks.UnitTests.dll" adapterTypeName="executor://nunit3testexecutor/" className="PicklesDoc.Pickles.TestFrameworks.UnitTests.CucumberJson.WhenParsingCucumberJsonFromJSResultsFile" name="ThenCanReadResultOfScenarioOutlineWithAmpersand" />
    </UnitTest>
    <UnitTest name="ThenCanReadIndividualResultsFromScenarioOutline_OneFailed_ShouldBeTestResultFailed" storage="c:\users\ericcarlson\documents\github\pickles\src\pickles.testframeworks.unittests\bin\debug\net6.0\picklesdoc.pickles.testframeworks.unittests.dll" id="d4a217ca-816a-5180-50f8-63455cbe611d">
      <Execution id="cab0eab4-2d7a-43bb-a498-fbc646952ad6" />
      <TestMethod codeBase="C:\Users\ericcarlson\documents\github\pickles\src\Pickles.TestFrameworks.UnitTests\bin\Debug\net6.0\PicklesDoc.Pickles.TestFrameworks.UnitTests.dll" adapterTypeName="executor://nunit3testexecutor/" className="PicklesDoc.Pickles.TestFrameworks.UnitTests.NUnit.NUnit2.WhenParsingNUnitResultsFileWithIndividualResults" name="ThenCanReadIndividualResultsFromScenarioOutline_OneFailed_ShouldBeTestResultFailed" />
    </UnitTest>
    <UnitTest name="ThenCanReadIndividualResultsFromScenarioOutline_OneInconclusive_ShouldBeTestResultInconclusive" storage="c:\users\ericcarlson\documents\github\pickles\src\pickles.testframeworks.unittests\bin\debug\net6.0\picklesdoc.pickles.testframeworks.unittests.dll" id="9efd92db-4c9f-0192-da69-654d8f42ce4b">
      <Execution id="68af31e2-91eb-408d-a902-5e9f6651ea82" />
      <TestMethod codeBase="C:\Users\ericcarlson\documents\github\pickles\src\Pickles.TestFrameworks.UnitTests\bin\Debug\net6.0\PicklesDoc.Pickles.TestFrameworks.UnitTests.dll" adapterTypeName="executor://nunit3testexecutor/" className="PicklesDoc.Pickles.TestFrameworks.UnitTests.NUnit.NUnit3.WhenParsingNUnitResultsFileWithIndividualResults" name="ThenCanReadIndividualResultsFromScenarioOutline_OneInconclusive_ShouldBeTestResultInconclusive" />
    </UnitTest>
    <UnitTest name="ThenCanReadResultOfScenarioWithDanishCharacters" storage="c:\users\ericcarlson\documents\github\pickles\src\pickles.testframeworks.unittests\bin\debug\net6.0\picklesdoc.pickles.testframeworks.unittests.dll" id="5f6ec94d-79db-fbc6-a975-8fcf5e6da5de">
      <Execution id="c4d5f041-a133-4b6a-8aa9-2e4019312248" />
      <TestMethod codeBase="C:\Users\ericcarlson\documents\github\pickles\src\Pickles.TestFrameworks.UnitTests\bin\Debug\net6.0\PicklesDoc.Pickles.TestFrameworks.UnitTests.dll" adapterTypeName="executor://nunit3testexecutor/" className="PicklesDoc.Pickles.TestFrameworks.UnitTests.CucumberJson.WhenParsingCucumberJsonFromRubyResultsFile" name="ThenCanReadResultOfScenarioWithDanishCharacters" />
    </UnitTest>
    <UnitTest name="ThenCanReadResultsWithParenthesis" storage="c:\users\ericcarlson\documents\github\pickles\src\pickles.testframeworks.unittests\bin\debug\net6.0\picklesdoc.pickles.testframeworks.unittests.dll" id="5ba0ef3d-e993-fb04-f50d-80614c1f48e6">
      <Execution id="348ee426-4241-4d8d-8efa-d723f34edc26" />
      <TestMethod codeBase="C:\Users\ericcarlson\documents\github\pickles\src\Pickles.TestFrameworks.UnitTests\bin\Debug\net6.0\PicklesDoc.Pickles.TestFrameworks.UnitTests.dll" adapterTypeName="executor://nunit3testexecutor/" className="PicklesDoc.Pickles.TestFrameworks.UnitTests.NUnit.NUnit3.WhenParsingNunit3ResultsFileForNunit2Tests" name="ThenCanReadResultsWithParenthesis" />
    </UnitTest>
    <UnitTest name="ThenCanReadIndividualResultsFromScenarioOutline_MultipleNamedExamples_ShouldMatchExamples" storage="c:\users\ericcarlson\documents\github\pickles\src\pickles.testframeworks.unittests\bin\debug\net6.0\picklesdoc.pickles.testframeworks.unittests.dll" id="e812cd4a-a493-8488-cd92-0f068742969b">
      <Execution id="cb339373-889a-46c5-bbf4-5724ded3de85" />
      <TestMethod codeBase="C:\Users\ericcarlson\documents\github\pickles\src\Pickles.TestFrameworks.UnitTests\bin\Debug\net6.0\PicklesDoc.Pickles.TestFrameworks.UnitTests.dll" adapterTypeName="executor://nunit3testexecutor/" className="PicklesDoc.Pickles.TestFrameworks.UnitTests.CucumberJson.WhenParsingCucumberJsonFromRubyResultsFileWithIndividualResults" name="ThenCanReadIndividualResultsFromScenarioOutline_MultipleNamedExamples_ShouldMatchExamples" />
    </UnitTest>
    <UnitTest name="ThenCanReadIndividualResultsFromScenarioOutline_AllPass_ShouldBeTestResultPassed" storage="c:\users\ericcarlson\documents\github\pickles\src\pickles.testframeworks.unittests\bin\debug\net6.0\picklesdoc.pickles.testframeworks.unittests.dll" id="2d1b5a90-7f10-fbfd-da30-c50a58b8259b">
      <Execution id="d924fe04-6efe-42d4-a854-7a0e12cbe7f5" />
      <TestMethod codeBase="C:\Users\ericcarlson\documents\github\pickles\src\Pickles.TestFrameworks.UnitTests\bin\Debug\net6.0\PicklesDoc.Pickles.TestFrameworks.UnitTests.dll" adapterTypeName="executor://nunit3testexecutor/" className="PicklesDoc.Pickles.TestFrameworks.UnitTests.XUnit.XUnit1.WhenParsingXUnitResultsFileWithIndividualResults" name="ThenCanReadIndividualResultsFromScenarioOutline_AllPass_ShouldBeTestResultPassed" />
    </UnitTest>
    <UnitTest name="ThenCanReadResultOfScenarioOutlineExampleWithFailingBackground" storage="c:\users\ericcarlson\documents\github\pickles\src\pickles.testframeworks.unittests\bin\debug\net6.0\picklesdoc.pickles.testframeworks.unittests.dll" id="d06109ca-bc0c-33f1-28f4-f8127946b5ef">
      <Execution id="741e40a0-0ce4-4a4d-9229-9ec809594ba3" />
      <TestMethod codeBase="C:\Users\ericcarlson\documents\github\pickles\src\Pickles.TestFrameworks.UnitTests\bin\Debug\net6.0\PicklesDoc.Pickles.TestFrameworks.UnitTests.dll" adapterTypeName="executor://nunit3testexecutor/" className="PicklesDoc.Pickles.TestFrameworks.UnitTests.MsTest.WhenParsingMsTestResultsFile" name="ThenCanReadResultOfScenarioOutlineExampleWithFailingBackground" />
    </UnitTest>
    <UnitTest name="ThenCanReadResultOfScenarioOutlineWithAmpersand" storage="c:\users\ericcarlson\documents\github\pickles\src\pickles.testframeworks.unittests\bin\debug\net6.0\picklesdoc.pickles.testframeworks.unittests.dll" id="53f842ac-f46d-7d71-9da8-af83d620085a">
      <Execution id="946bfe2a-e71a-47af-8256-85c71f3eefc3" />
      <TestMethod codeBase="C:\Users\ericcarlson\documents\github\pickles\src\Pickles.TestFrameworks.UnitTests\bin\Debug\net6.0\PicklesDoc.Pickles.TestFrameworks.UnitTests.dll" adapterTypeName="executor://nunit3testexecutor/" className="PicklesDoc.Pickles.TestFrameworks.UnitTests.NUnit.NUnit3.WhenParsingNunit3ResultsFileForNunit2Tests" name="ThenCanReadResultOfScenarioOutlineWithAmpersand" />
    </UnitTest>
    <UnitTest name="ThenCanReadResultOfScenarioWithFailingBackground" storage="c:\users\ericcarlson\documents\github\pickles\src\pickles.testframeworks.unittests\bin\debug\net6.0\picklesdoc.pickles.testframeworks.unittests.dll" id="1ab3cefc-49c6-5a53-95db-2b52b6f9c551">
      <Execution id="8a9ff66c-c0d5-499f-bafe-56dcda6707fa" />
      <TestMethod codeBase="C:\Users\ericcarlson\documents\github\pickles\src\Pickles.TestFrameworks.UnitTests\bin\Debug\net6.0\PicklesDoc.Pickles.TestFrameworks.UnitTests.dll" adapterTypeName="executor://nunit3testexecutor/" className="PicklesDoc.Pickles.TestFrameworks.UnitTests.SpecRun.WhenParsingSpecRunTestResultsFile" name="ThenCanReadResultOfScenarioWithFailingBackground" />
    </UnitTest>
    <UnitTest name="ThenCanReadResultOfScenarioWithSpanishCharacters" storage="c:\users\ericcarlson\documents\github\pickles\src\pickles.testframeworks.unittests\bin\debug\net6.0\picklesdoc.pickles.testframeworks.unittests.dll" id="99b61c03-de66-2cd6-57c4-fe88d42b339c">
      <Execution id="55f2db10-102b-4517-ab6a-1f98578aa3ab" />
      <TestMethod codeBase="C:\Users\ericcarlson\documents\github\pickles\src\Pickles.TestFrameworks.UnitTests\bin\Debug\net6.0\PicklesDoc.Pickles.TestFrameworks.UnitTests.dll" adapterTypeName="executor://nunit3testexecutor/" className="PicklesDoc.Pickles.TestFrameworks.UnitTests.CucumberJson.WhenParsingCucumberJsonFromRubyResultsFile" name="ThenCanReadResultOfScenarioWithSpanishCharacters" />
    </UnitTest>
    <UnitTest name="ThenCanReadIndividualResultsFromScenarioOutline_OneInconclusive_ShouldBeTestResultInconclusive" storage="c:\users\ericcarlson\documents\github\pickles\src\pickles.testframeworks.unittests\bin\debug\net6.0\picklesdoc.pickles.testframeworks.unittests.dll" id="20095e8b-1aec-bdd5-2c64-cc198f7229e3">
      <Execution id="8bda3939-066b-4c16-a3a6-e8c4176ea970" />
      <TestMethod codeBase="C:\Users\ericcarlson\documents\github\pickles\src\Pickles.TestFrameworks.UnitTests\bin\Debug\net6.0\PicklesDoc.Pickles.TestFrameworks.UnitTests.dll" adapterTypeName="executor://nunit3testexecutor/" className="PicklesDoc.Pickles.TestFrameworks.UnitTests.CucumberJson.WhenParsingCucumberJsonFromRubyResultsFileWithIndividualResults" name="ThenCanReadIndividualResultsFromScenarioOutline_OneInconclusive_ShouldBeTestResultInconclusive" />
    </UnitTest>
    <UnitTest name="ThenCanReadFailedScenarioResultSuccessfully" storage="c:\users\ericcarlson\documents\github\pickles\src\pickles.testframeworks.unittests\bin\debug\net6.0\picklesdoc.pickles.testframeworks.unittests.dll" id="1367b65e-0b94-ba69-b954-fb8124eb22d5">
      <Execution id="cad71967-4e1a-470c-b8f6-f7c141d0dc03" />
      <TestMethod codeBase="C:\Users\ericcarlson\documents\github\pickles\src\Pickles.TestFrameworks.UnitTests\bin\Debug\net6.0\PicklesDoc.Pickles.TestFrameworks.UnitTests.dll" adapterTypeName="executor://nunit3testexecutor/" className="PicklesDoc.Pickles.TestFrameworks.UnitTests.XUnit.XUnit2.WhenParsingxUnit2ResultsFile" name="ThenCanReadFailedScenarioResultSuccessfully" />
    </UnitTest>
    <UnitTest name="ThenCanReadInconclusiveScenarioResultSuccessfully" storage="c:\users\ericcarlson\documents\github\pickles\src\pickles.testframeworks.unittests\bin\debug\net6.0\picklesdoc.pickles.testframeworks.unittests.dll" id="c129ca2d-465d-f65c-dd70-3e713e975538">
      <Execution id="591e5c9b-8c97-494d-9c99-aac97b16584c" />
      <TestMethod codeBase="C:\Users\ericcarlson\documents\github\pickles\src\Pickles.TestFrameworks.UnitTests\bin\Debug\net6.0\PicklesDoc.Pickles.TestFrameworks.UnitTests.dll" adapterTypeName="executor://nunit3testexecutor/" className="PicklesDoc.Pickles.TestFrameworks.UnitTests.CucumberJson.WhenParsingCucumberJsonFromJSResultsFile" name="ThenCanReadInconclusiveScenarioResultSuccessfully" />
    </UnitTest>
    <UnitTest name="ThenCanReadIndividualResultsFromScenarioOutline_ExamplesWithDuplicateValues_ShouldMatchExamples" storage="c:\users\ericcarlson\documents\github\pickles\src\pickles.testframeworks.unittests\bin\debug\net6.0\picklesdoc.pickles.testframeworks.unittests.dll" id="f77ac471-dd6b-3503-d4b1-30115c337f42">
      <Execution id="24a065ee-50eb-4fed-baf1-7a7a5033891b" />
      <TestMethod codeBase="C:\Users\ericcarlson\documents\github\pickles\src\Pickles.TestFrameworks.UnitTests\bin\Debug\net6.0\PicklesDoc.Pickles.TestFrameworks.UnitTests.dll" adapterTypeName="executor://nunit3testexecutor/" className="PicklesDoc.Pickles.TestFrameworks.UnitTests.NUnit.NUnit2.WhenParsingNUnitResultsFileWithIndividualResults" name="ThenCanReadIndividualResultsFromScenarioOutline_ExamplesWithDuplicateValues_ShouldMatchExamples" />
    </UnitTest>
    <UnitTest name="ThenCanReadIndividualResultsFromScenarioOutline_MultipleExamplesWithDuplicateValues_ShouldMatchExamples" storage="c:\users\ericcarlson\documents\github\pickles\src\pickles.testframeworks.unittests\bin\debug\net6.0\picklesdoc.pickles.testframeworks.unittests.dll" id="680a57ed-aef7-7627-554b-2ab01bc33ccf">
      <Execution id="f968d9b7-d558-42da-940e-368b654f41b9" />
      <TestMethod codeBase="C:\Users\ericcarlson\documents\github\pickles\src\Pickles.TestFrameworks.UnitTests\bin\Debug\net6.0\PicklesDoc.Pickles.TestFrameworks.UnitTests.dll" adapterTypeName="executor://nunit3testexecutor/" className="PicklesDoc.Pickles.TestFrameworks.UnitTests.XUnit.XUnit2.WhenParsingXUnitResultsFileWithIndividualResults" name="ThenCanReadIndividualResultsFromScenarioOutline_MultipleExamplesWithDuplicateValues_ShouldMatchExamples" />
    </UnitTest>
    <UnitTest name="ThenCanReadIndividualResultsFromScenarioOutline_MultipleNamedExamplesWithDuplicateValues_ShouldMatchExamples" storage="c:\users\ericcarlson\documents\github\pickles\src\pickles.testframeworks.unittests\bin\debug\net6.0\picklesdoc.pickles.testframeworks.unittests.dll" id="e32ceaf5-2044-6a33-b092-c29de2fe095b">
      <Execution id="f68f7e6f-af80-4d2a-b1b3-f36779c1d484" />
      <TestMethod codeBase="C:\Users\ericcarlson\documents\github\pickles\src\Pickles.TestFrameworks.UnitTests\bin\Debug\net6.0\PicklesDoc.Pickles.TestFrameworks.UnitTests.dll" adapterTypeName="executor://nunit3testexecutor/" className="PicklesDoc.Pickles.TestFrameworks.UnitTests.NUnit.NUnit3.WhenParsingNUnitResultsFileWithIndividualResults" name="ThenCanReadIndividualResultsFromScenarioOutline_MultipleNamedExamplesWithDuplicateValues_ShouldMatchExamples" />
    </UnitTest>
    <UnitTest name="ThenCanReadResultsWithParenthesis" storage="c:\users\ericcarlson\documents\github\pickles\src\pickles.testframeworks.unittests\bin\debug\net6.0\picklesdoc.pickles.testframeworks.unittests.dll" id="d5b1edb5-b12f-6f9b-d326-d112d604818d">
      <Execution id="a3e3d357-4110-4c21-bb89-0a3ea0b06131" />
      <TestMethod codeBase="C:\Users\ericcarlson\documents\github\pickles\src\Pickles.TestFrameworks.UnitTests\bin\Debug\net6.0\PicklesDoc.Pickles.TestFrameworks.UnitTests.dll" adapterTypeName="executor://nunit3testexecutor/" className="PicklesDoc.Pickles.TestFrameworks.UnitTests.CucumberJson.WhenParsingCucumberJsonFromJSResultsFile" name="ThenCanReadResultsWithParenthesis" />
    </UnitTest>
    <UnitTest name="ThenCanResolve(&quot;results-example-mstest.trx&quot;,&quot;MsTest.results-example-mstest.trx&quot;,MsTest,PicklesDoc.Pickles.TestFrameworks.MsTest.MsTestResults)" storage="c:\users\ericcarlson\documents\github\pickles\src\pickles.testframeworks.unittests\bin\debug\net6.0\picklesdoc.pickles.testframeworks.unittests.dll" id="5cb8adb0-f986-570a-997c-7c2904e5d79c">
      <Execution id="f19546ab-49b7-46fa-8df6-45510d64a831" />
      <TestMethod codeBase="C:\Users\ericcarlson\documents\github\pickles\src\Pickles.TestFrameworks.UnitTests\bin\Debug\net6.0\PicklesDoc.Pickles.TestFrameworks.UnitTests.dll" adapterTypeName="executor://nunit3testexecutor/" className="PicklesDoc.Pickles.TestFrameworks.UnitTests.WhenResolvingTestResults" name="ThenCanResolve(&quot;results-example-mstest.trx&quot;,&quot;MsTest.results-example-mstest.trx&quot;,MsTest,PicklesDoc.Pickles.TestFrameworks.MsTest.MsTestResults)" />
    </UnitTest>
    <UnitTest name="ThenCanReadScenarioOutlineResultSuccessfully" storage="c:\users\ericcarlson\documents\github\pickles\src\pickles.testframeworks.unittests\bin\debug\net6.0\picklesdoc.pickles.testframeworks.unittests.dll" id="b3b74f06-0222-4a33-dfad-ee23ddfbb054">
      <Execution id="5739399b-d159-4123-b028-2379dd5e0fb9" />
      <TestMethod codeBase="C:\Users\ericcarlson\documents\github\pickles\src\Pickles.TestFrameworks.UnitTests\bin\Debug\net6.0\PicklesDoc.Pickles.TestFrameworks.UnitTests.dll" adapterTypeName="executor://nunit3testexecutor/" className="PicklesDoc.Pickles.TestFrameworks.UnitTests.XUnit.XUnit1.WhenParsingxUnitResultsFile" name="ThenCanReadScenarioOutlineResultSuccessfully" />
    </UnitTest>
    <UnitTest name="ThenCanReadInconclusiveFeatureResultSuccessfully" storage="c:\users\ericcarlson\documents\github\pickles\src\pickles.testframeworks.unittests\bin\debug\net6.0\picklesdoc.pickles.testframeworks.unittests.dll" id="00c90b43-b77b-0b3c-b457-9469df9e7f8e">
      <Execution id="d25b5a81-ccc8-4c9b-91d9-38789e9024a6" />
      <TestMethod codeBase="C:\Users\ericcarlson\documents\github\pickles\src\Pickles.TestFrameworks.UnitTests\bin\Debug\net6.0\PicklesDoc.Pickles.TestFrameworks.UnitTests.dll" adapterTypeName="executor://nunit3testexecutor/" className="PicklesDoc.Pickles.TestFrameworks.UnitTests.CucumberJson.WhenParsingCucumberJsonFromRubyResultsFile" name="ThenCanReadInconclusiveFeatureResultSuccessfully" />
    </UnitTest>
    <UnitTest name="ThenCanReadResultOfFeatureWithFailingBackground" storage="c:\users\ericcarlson\documents\github\pickles\src\pickles.testframeworks.unittests\bin\debug\net6.0\picklesdoc.pickles.testframeworks.unittests.dll" id="76480529-7b76-e863-86e1-c858751ba287">
      <Execution id="31320c4a-a162-4a00-b9ca-18e6d873be73" />
      <TestMethod codeBase="C:\Users\ericcarlson\documents\github\pickles\src\Pickles.TestFrameworks.UnitTests\bin\Debug\net6.0\PicklesDoc.Pickles.TestFrameworks.UnitTests.dll" adapterTypeName="executor://nunit3testexecutor/" className="PicklesDoc.Pickles.TestFrameworks.UnitTests.VsTest.WhenParsingVsTestResultsFile" name="ThenCanReadResultOfFeatureWithFailingBackground" />
    </UnitTest>
    <UnitTest name="ThenCanReadIndividualResultsFromScenarioOutline_MultipleExamplesWithDuplicateValues_ShouldMatchExamples" storage="c:\users\ericcarlson\documents\github\pickles\src\pickles.testframeworks.unittests\bin\debug\net6.0\picklesdoc.pickles.testframeworks.unittests.dll" id="cff9ba3d-2dbc-742f-d119-8f20ec27c96a">
      <Execution id="4f9e93f4-8e77-48de-936d-d6da399354e9" />
      <TestMethod codeBase="C:\Users\ericcarlson\documents\github\pickles\src\Pickles.TestFrameworks.UnitTests\bin\Debug\net6.0\PicklesDoc.Pickles.TestFrameworks.UnitTests.dll" adapterTypeName="executor://nunit3testexecutor/" className="PicklesDoc.Pickles.TestFrameworks.UnitTests.VsTest.WhenParsingVsTestResultsFileWithIndividualResults" name="ThenCanReadIndividualResultsFromScenarioOutline_MultipleExamplesWithDuplicateValues_ShouldMatchExamples" />
    </UnitTest>
    <UnitTest name="ThenCanResolveAsSingleton(&quot;results-example-mstest.trx&quot;,&quot;MsTest.results-example-mstest.trx&quot;,MsTest,PicklesDoc.Pickles.TestFrameworks.MsTest.MsTestResults)" storage="c:\users\ericcarlson\documents\github\pickles\src\pickles.testframeworks.unittests\bin\debug\net6.0\picklesdoc.pickles.testframeworks.unittests.dll" id="38e54b38-917c-5b2b-c952-bdf2eaa51d0c">
      <Execution id="388c1486-b419-4da3-a296-8f919e066884" />
      <TestMethod codeBase="C:\Users\ericcarlson\documents\github\pickles\src\Pickles.TestFrameworks.UnitTests\bin\Debug\net6.0\PicklesDoc.Pickles.TestFrameworks.UnitTests.dll" adapterTypeName="executor://nunit3testexecutor/" className="PicklesDoc.Pickles.TestFrameworks.UnitTests.WhenResolvingTestResults" name="ThenCanResolveAsSingleton(&quot;results-example-mstest.trx&quot;,&quot;MsTest.results-example-mstest.trx&quot;,MsTest,PicklesDoc.Pickles.TestFrameworks.MsTest.MsTestResults)" />
    </UnitTest>
    <UnitTest name="ThenCanResolve(&quot;results-example-vstest.trx&quot;,&quot;VsTest.results-example-vstest.trx&quot;,VsTest,PicklesDoc.Pickles.TestFrameworks.VsTest.VsTestResults)" storage="c:\users\ericcarlson\documents\github\pickles\src\pickles.testframeworks.unittests\bin\debug\net6.0\picklesdoc.pickles.testframeworks.unittests.dll" id="756b1026-c36e-4a38-c9bf-9c8381bc803a">
      <Execution id="ece7422b-226a-4487-9460-7772e637b6a0" />
      <TestMethod codeBase="C:\Users\ericcarlson\documents\github\pickles\src\Pickles.TestFrameworks.UnitTests\bin\Debug\net6.0\PicklesDoc.Pickles.TestFrameworks.UnitTests.dll" adapterTypeName="executor://nunit3testexecutor/" className="PicklesDoc.Pickles.TestFrameworks.UnitTests.WhenResolvingTestResults" name="ThenCanResolve(&quot;results-example-vstest.trx&quot;,&quot;VsTest.results-example-vstest.trx&quot;,VsTest,PicklesDoc.Pickles.TestFrameworks.VsTest.VsTestResults)" />
    </UnitTest>
    <UnitTest name="ThenCanSuccessfullyMatch" storage="c:\users\ericcarlson\documents\github\pickles\src\pickles.testframeworks.unittests\bin\debug\net6.0\picklesdoc.pickles.testframeworks.unittests.dll" id="c60ed206-bcf7-dc0f-cf55-94fdc287fbf9">
      <Execution id="7eda9a8f-02b5-40c9-8ec0-5db4a92c33ee" />
      <TestMethod codeBase="C:\Users\ericcarlson\documents\github\pickles\src\Pickles.TestFrameworks.UnitTests\bin\Debug\net6.0\PicklesDoc.Pickles.TestFrameworks.UnitTests.dll" adapterTypeName="executor://nunit3testexecutor/" className="PicklesDoc.Pickles.TestFrameworks.UnitTests.XUnit.XUnit1.WhenDeterminingTheSignatureOfAnXUnitExampleRow" name="ThenCanSuccessfullyMatch" />
    </UnitTest>
    <UnitTest name="ThenCanReadFeatureResultSuccessfully" storage="c:\users\ericcarlson\documents\github\pickles\src\pickles.testframeworks.unittests\bin\debug\net6.0\picklesdoc.pickles.testframeworks.unittests.dll" id="6cb01e3f-a03d-67b1-8f23-89bbdd8943a3">
      <Execution id="293a71dd-eaa5-46a9-894f-085550992bb9" />
      <TestMethod codeBase="C:\Users\ericcarlson\documents\github\pickles\src\Pickles.TestFrameworks.UnitTests\bin\Debug\net6.0\PicklesDoc.Pickles.TestFrameworks.UnitTests.dll" adapterTypeName="executor://nunit3testexecutor/" className="PicklesDoc.Pickles.TestFrameworks.UnitTests.NUnit.NUnit2.WhenParsingNUnitResultsFile" name="ThenCanReadFeatureResultSuccessfully" />
    </UnitTest>
    <UnitTest name="ThenCanReadFailedScenarioResultSuccessfully" storage="c:\users\ericcarlson\documents\github\pickles\src\pickles.testframeworks.unittests\bin\debug\net6.0\picklesdoc.pickles.testframeworks.unittests.dll" id="2919e6b2-199b-6849-cc30-63eff40ca1e9">
      <Execution id="10eaba88-77ef-48f6-94b7-fc2112528ecd" />
      <TestMethod codeBase="C:\Users\ericcarlson\documents\github\pickles\src\Pickles.TestFrameworks.UnitTests\bin\Debug\net6.0\PicklesDoc.Pickles.TestFrameworks.UnitTests.dll" adapterTypeName="executor://nunit3testexecutor/" className="PicklesDoc.Pickles.TestFrameworks.UnitTests.VsTest.WhenParsingVsTestResultsFile" name="ThenCanReadFailedScenarioResultSuccessfully" />
    </UnitTest>
    <UnitTest name="ThenCanReadIndividualResultsFromScenarioOutline_MultipleNamedExamples_ShouldMatchExamples" storage="c:\users\ericcarlson\documents\github\pickles\src\pickles.testframeworks.unittests\bin\debug\net6.0\picklesdoc.pickles.testframeworks.unittests.dll" id="d350588b-1fce-1d28-5c54-f6126b74c227">
      <Execution id="72790004-5e39-4667-aefe-368031f85bf1" />
      <TestMethod codeBase="C:\Users\ericcarlson\documents\github\pickles\src\Pickles.TestFrameworks.UnitTests\bin\Debug\net6.0\PicklesDoc.Pickles.TestFrameworks.UnitTests.dll" adapterTypeName="executor://nunit3testexecutor/" className="PicklesDoc.Pickles.TestFrameworks.UnitTests.XUnit.XUnit2.WhenParsingXUnitResultsFileWithIndividualResults" name="ThenCanReadIndividualResultsFromScenarioOutline_MultipleNamedExamples_ShouldMatchExamples" />
    </UnitTest>
    <UnitTest name="ThenIgnoredScenarioIsSetToInconclusive" storage="c:\users\ericcarlson\documents\github\pickles\src\pickles.testframeworks.unittests\bin\debug\net6.0\picklesdoc.pickles.testframeworks.unittests.dll" id="731f5d07-dc75-9cda-bd6a-a157696b5258">
      <Execution id="c44d604c-dad2-4ed3-bf01-550d677950d8" />
      <TestMethod codeBase="C:\Users\ericcarlson\documents\github\pickles\src\Pickles.TestFrameworks.UnitTests\bin\Debug\net6.0\PicklesDoc.Pickles.TestFrameworks.UnitTests.dll" adapterTypeName="executor://nunit3testexecutor/" className="PicklesDoc.Pickles.TestFrameworks.UnitTests.MsTest.WhenParsingMsTestResultsFileWithIgnoredExample" name="ThenIgnoredScenarioIsSetToInconclusive" />
    </UnitTest>
    <UnitTest name="ThenCanReadResultOfScenarioWithFailingBackground" storage="c:\users\ericcarlson\documents\github\pickles\src\pickles.testframeworks.unittests\bin\debug\net6.0\picklesdoc.pickles.testframeworks.unittests.dll" id="1cb4c3cc-9e82-454c-91a1-b2116b3e1595">
      <Execution id="815aa193-9f69-4fec-84a1-df6b1bfa0c9a" />
      <TestMethod codeBase="C:\Users\ericcarlson\documents\github\pickles\src\Pickles.TestFrameworks.UnitTests\bin\Debug\net6.0\PicklesDoc.Pickles.TestFrameworks.UnitTests.dll" adapterTypeName="executor://nunit3testexecutor/" className="PicklesDoc.Pickles.TestFrameworks.UnitTests.XUnit.XUnit1.WhenParsingxUnitResultsFile" name="ThenCanReadResultOfScenarioWithFailingBackground" />
    </UnitTest>
    <UnitTest name="ThenCanReadSuccessfulScenarioResultSuccessfully" storage="c:\users\ericcarlson\documents\github\pickles\src\pickles.testframeworks.unittests\bin\debug\net6.0\picklesdoc.pickles.testframeworks.unittests.dll" id="06a88817-6ff8-d8d0-0cd7-9f4aa269e975">
      <Execution id="62eae2f5-9695-4eda-9723-d671ddb75cba" />
      <TestMethod codeBase="C:\Users\ericcarlson\documents\github\pickles\src\Pickles.TestFrameworks.UnitTests\bin\Debug\net6.0\PicklesDoc.Pickles.TestFrameworks.UnitTests.dll" adapterTypeName="executor://nunit3testexecutor/" className="PicklesDoc.Pickles.TestFrameworks.UnitTests.NUnit.NUnit3.WhenParsingNunit3ResultsFileForNunit2Tests" name="ThenCanReadSuccessfulScenarioResultSuccessfully" />
    </UnitTest>
    <UnitTest name="ThenCanReadResultsWithBackslashes" storage="c:\users\ericcarlson\documents\github\pickles\src\pickles.testframeworks.unittests\bin\debug\net6.0\picklesdoc.pickles.testframeworks.unittests.dll" id="eaaf3dd9-2849-68dd-8b63-3348a310054b">
      <Execution id="cc44c311-256c-4376-9728-b586594fe9ac" />
      <TestMethod codeBase="C:\Users\ericcarlson\documents\github\pickles\src\Pickles.TestFrameworks.UnitTests\bin\Debug\net6.0\PicklesDoc.Pickles.TestFrameworks.UnitTests.dll" adapterTypeName="executor://nunit3testexecutor/" className="PicklesDoc.Pickles.TestFrameworks.UnitTests.XUnit.XUnit1.WhenParsingxUnitResultsFile" name="ThenCanReadResultsWithBackslashes" />
    </UnitTest>
    <UnitTest name="ThenCanReadInconclusiveFeatureResultSuccessfully" storage="c:\users\ericcarlson\documents\github\pickles\src\pickles.testframeworks.unittests\bin\debug\net6.0\picklesdoc.pickles.testframeworks.unittests.dll" id="30c3cce2-7c89-bcba-f34c-cd4f8b59ce23">
      <Execution id="2ac27271-fdbe-4460-9988-fb745d7ebb25" />
      <TestMethod codeBase="C:\Users\ericcarlson\documents\github\pickles\src\Pickles.TestFrameworks.UnitTests\bin\Debug\net6.0\PicklesDoc.Pickles.TestFrameworks.UnitTests.dll" adapterTypeName="executor://nunit3testexecutor/" className="PicklesDoc.Pickles.TestFrameworks.UnitTests.VsTest.WhenParsingVsTestResultsFile" name="ThenCanReadInconclusiveFeatureResultSuccessfully" />
    </UnitTest>
    <UnitTest name="ThenCanReadResultOfScenarioOutlineExampleWithFailingBackground" storage="c:\users\ericcarlson\documents\github\pickles\src\pickles.testframeworks.unittests\bin\debug\net6.0\picklesdoc.pickles.testframeworks.unittests.dll" id="58f9e5ce-1bab-0c6b-1e0b-98e0a0083c94">
      <Execution id="85efe17c-dfeb-4b24-be5c-8cb1f593cdfb" />
      <TestMethod codeBase="C:\Users\ericcarlson\documents\github\pickles\src\Pickles.TestFrameworks.UnitTests\bin\Debug\net6.0\PicklesDoc.Pickles.TestFrameworks.UnitTests.dll" adapterTypeName="executor://nunit3testexecutor/" className="PicklesDoc.Pickles.TestFrameworks.UnitTests.CucumberJson.WhenParsingCucumberJsonFromJSResultsFile" name="ThenCanReadResultOfScenarioOutlineExampleWithFailingBackground" />
    </UnitTest>
    <UnitTest name="ThenCanReadResultsWithBackslashes" storage="c:\users\ericcarlson\documents\github\pickles\src\pickles.testframeworks.unittests\bin\debug\net6.0\picklesdoc.pickles.testframeworks.unittests.dll" id="0c0cf1bc-2dcb-ded4-066e-2e2566c6bb19">
      <Execution id="6fa6adf7-ffcb-46d6-ab2c-6a0b72a6dfac" />
      <TestMethod codeBase="C:\Users\ericcarlson\documents\github\pickles\src\Pickles.TestFrameworks.UnitTests\bin\Debug\net6.0\PicklesDoc.Pickles.TestFrameworks.UnitTests.dll" adapterTypeName="executor://nunit3testexecutor/" className="PicklesDoc.Pickles.TestFrameworks.UnitTests.XUnit.XUnit2.WhenParsingxUnit2ResultsFile" name="ThenCanReadResultsWithBackslashes" />
    </UnitTest>
    <UnitTest name="ThenCanReadResultOfScenarioWithSpecialCharacters" storage="c:\users\ericcarlson\documents\github\pickles\src\pickles.testframeworks.unittests\bin\debug\net6.0\picklesdoc.pickles.testframeworks.unittests.dll" id="6e48abaa-e94e-4cb3-4e64-703c4702dc60">
      <Execution id="c169c34d-d4f6-408d-833e-77efa4c5b8b7" />
      <TestMethod codeBase="C:\Users\ericcarlson\documents\github\pickles\src\Pickles.TestFrameworks.UnitTests\bin\Debug\net6.0\PicklesDoc.Pickles.TestFrameworks.UnitTests.dll" adapterTypeName="executor://nunit3testexecutor/" className="PicklesDoc.Pickles.TestFrameworks.UnitTests.NUnit.NUnit3.WhenParsingNunit3ResultsFileForNunit2Tests" name="ThenCanReadResultOfScenarioWithSpecialCharacters" />
    </UnitTest>
    <UnitTest name="ThenCanReadIndividualResultsFromScenarioOutline_ExamplesWithDuplicateValues_ShouldMatchExamples" storage="c:\users\ericcarlson\documents\github\pickles\src\pickles.testframeworks.unittests\bin\debug\net6.0\picklesdoc.pickles.testframeworks.unittests.dll" id="60f4f078-0154-b41b-3de6-b38d34b12689">
      <Execution id="4a1a0384-11c4-47f4-a005-85f1e39119b1" />
      <TestMethod codeBase="C:\Users\ericcarlson\documents\github\pickles\src\Pickles.TestFrameworks.UnitTests\bin\Debug\net6.0\PicklesDoc.Pickles.TestFrameworks.UnitTests.dll" adapterTypeName="executor://nunit3testexecutor/" className="PicklesDoc.Pickles.TestFrameworks.UnitTests.XUnit.XUnit2.WhenParsingXUnitResultsFileWithIndividualResults" name="ThenCanReadIndividualResultsFromScenarioOutline_ExamplesWithDuplicateValues_ShouldMatchExamples" />
    </UnitTest>
    <UnitTest name="ThenCanReadIndividualResultsFromScenarioOutline_OneInconclusive_ShouldBeTestResultInconclusive" storage="c:\users\ericcarlson\documents\github\pickles\src\pickles.testframeworks.unittests\bin\debug\net6.0\picklesdoc.pickles.testframeworks.unittests.dll" id="dbf1db3e-c119-5966-af76-e8157d531ea2">
      <Execution id="ee8a4627-f3f4-4178-8143-8e326d9ada58" />
      <TestMethod codeBase="C:\Users\ericcarlson\documents\github\pickles\src\Pickles.TestFrameworks.UnitTests\bin\Debug\net6.0\PicklesDoc.Pickles.TestFrameworks.UnitTests.dll" adapterTypeName="executor://nunit3testexecutor/" className="PicklesDoc.Pickles.TestFrameworks.UnitTests.SpecRun.WhenParsingSpecRunTestResultsFileWithIndividualResults" name="ThenCanReadIndividualResultsFromScenarioOutline_OneInconclusive_ShouldBeTestResultInconclusive" />
    </UnitTest>
    <UnitTest name="ThenCanReadResultOfScenarioOutlineWithFailingBackground" storage="c:\users\ericcarlson\documents\github\pickles\src\pickles.testframeworks.unittests\bin\debug\net6.0\picklesdoc.pickles.testframeworks.unittests.dll" id="5202701f-df81-3f07-3fd3-41cc028b9321">
      <Execution id="09270f26-5bea-48f3-a25c-c9a436eca7a0" />
      <TestMethod codeBase="C:\Users\ericcarlson\documents\github\pickles\src\Pickles.TestFrameworks.UnitTests\bin\Debug\net6.0\PicklesDoc.Pickles.TestFrameworks.UnitTests.dll" adapterTypeName="executor://nunit3testexecutor/" className="PicklesDoc.Pickles.TestFrameworks.UnitTests.CucumberJson.WhenParsingCucumberJsonFromJSResultsFile" name="ThenCanReadResultOfScenarioOutlineWithFailingBackground" />
    </UnitTest>
    <UnitTest name="ThenCanReadNotFoundFeatureCorrectly" storage="c:\users\ericcarlson\documents\github\pickles\src\pickles.testframeworks.unittests\bin\debug\net6.0\picklesdoc.pickles.testframeworks.unittests.dll" id="b326ef4c-7f50-dcc1-8e16-23f12d57cfac">
      <Execution id="bf01fae3-444d-4c56-bc0b-2c36a4a620d9" />
      <TestMethod codeBase="C:\Users\ericcarlson\documents\github\pickles\src\Pickles.TestFrameworks.UnitTests\bin\Debug\net6.0\PicklesDoc.Pickles.TestFrameworks.UnitTests.dll" adapterTypeName="executor://nunit3testexecutor/" className="PicklesDoc.Pickles.TestFrameworks.UnitTests.XUnit.XUnit2.WhenParsingxUnit2ResultsFile" name="ThenCanReadNotFoundFeatureCorrectly" />
    </UnitTest>
    <UnitTest name="ThenCanSuccessfullyMatchExamplesWithLongValues" storage="c:\users\ericcarlson\documents\github\pickles\src\pickles.testframeworks.unittests\bin\debug\net6.0\picklesdoc.pickles.testframeworks.unittests.dll" id="432777c4-85ce-08a8-7a5e-5d42b9d61e9b">
      <Execution id="5c100f3c-f403-4b2b-804d-d50d861478b6" />
      <TestMethod codeBase="C:\Users\ericcarlson\documents\github\pickles\src\Pickles.TestFrameworks.UnitTests\bin\Debug\net6.0\PicklesDoc.Pickles.TestFrameworks.UnitTests.dll" adapterTypeName="executor://nunit3testexecutor/" className="PicklesDoc.Pickles.TestFrameworks.UnitTests.XUnit.XUnit2.WhenDeterminingTheSignatureOfAnXUnit2ExampleRow" name="ThenCanSuccessfullyMatchExamplesWithLongValues" />
    </UnitTest>
    <UnitTest name="ThenCanReadNotFoundScenarioCorrectly" storage="c:\users\ericcarlson\documents\github\pickles\src\pickles.testframeworks.unittests\bin\debug\net6.0\picklesdoc.pickles.testframeworks.unittests.dll" id="25c1bea4-c0ff-d075-22a4-63b5c72151e9">
      <Execution id="3a134552-4de4-480c-a789-ffdb698e21d5" />
      <TestMethod codeBase="C:\Users\ericcarlson\documents\github\pickles\src\Pickles.TestFrameworks.UnitTests\bin\Debug\net6.0\PicklesDoc.Pickles.TestFrameworks.UnitTests.dll" adapterTypeName="executor://nunit3testexecutor/" className="PicklesDoc.Pickles.TestFrameworks.UnitTests.MsTest.WhenParsingMsTestResultsFile" name="ThenCanReadNotFoundScenarioCorrectly" />
    </UnitTest>
    <UnitTest name="ThenCanReadSuccessfulScenarioResultSuccessfully" storage="c:\users\ericcarlson\documents\github\pickles\src\pickles.testframeworks.unittests\bin\debug\net6.0\picklesdoc.pickles.testframeworks.unittests.dll" id="51b05b71-c723-8fd8-a294-f2801277fd50">
      <Execution id="8fb47264-6bf7-4bcb-9b2e-9717a6aed93b" />
      <TestMethod codeBase="C:\Users\ericcarlson\documents\github\pickles\src\Pickles.TestFrameworks.UnitTests\bin\Debug\net6.0\PicklesDoc.Pickles.TestFrameworks.UnitTests.dll" adapterTypeName="executor://nunit3testexecutor/" className="PicklesDoc.Pickles.TestFrameworks.UnitTests.SpecRun.WhenParsingSpecRunTestResultsFile" name="ThenCanReadSuccessfulScenarioResultSuccessfully" />
    </UnitTest>
    <UnitTest name="ThenCanReadNotFoundFeatureCorrectly" storage="c:\users\ericcarlson\documents\github\pickles\src\pickles.testframeworks.unittests\bin\debug\net6.0\picklesdoc.pickles.testframeworks.unittests.dll" id="62779f41-de77-189d-2845-837ff5a12f04">
      <Execution id="c3e28bc8-4a37-4264-8c67-dfbd455fca47" />
      <TestMethod codeBase="C:\Users\ericcarlson\documents\github\pickles\src\Pickles.TestFrameworks.UnitTests\bin\Debug\net6.0\PicklesDoc.Pickles.TestFrameworks.UnitTests.dll" adapterTypeName="executor://nunit3testexecutor/" className="PicklesDoc.Pickles.TestFrameworks.UnitTests.CucumberJson.WhenParsingCucumberJsonFromRubyResultsFile" name="ThenCanReadNotFoundFeatureCorrectly" />
    </UnitTest>
    <UnitTest name="ThenCanReadIndividualResultsFromScenarioOutline_OneInconclusive_ShouldBeTestResultInconclusive" storage="c:\users\ericcarlson\documents\github\pickles\src\pickles.testframeworks.unittests\bin\debug\net6.0\picklesdoc.pickles.testframeworks.unittests.dll" id="004b9067-5a36-6ae9-8540-490519439bb2">
      <Execution id="f83d2d49-a825-46de-abbc-69cf6fae88cc" />
      <TestMethod codeBase="C:\Users\ericcarlson\documents\github\pickles\src\Pickles.TestFrameworks.UnitTests\bin\Debug\net6.0\PicklesDoc.Pickles.TestFrameworks.UnitTests.dll" adapterTypeName="executor://nunit3testexecutor/" className="PicklesDoc.Pickles.TestFrameworks.UnitTests.XUnit.XUnit2.WhenParsingXUnitResultsFileWithIndividualResults" name="ThenCanReadIndividualResultsFromScenarioOutline_OneInconclusive_ShouldBeTestResultInconclusive" />
    </UnitTest>
    <UnitTest name="ThenCanReadIgnoredScenarioResultSuccessfully" storage="c:\users\ericcarlson\documents\github\pickles\src\pickles.testframeworks.unittests\bin\debug\net6.0\picklesdoc.pickles.testframeworks.unittests.dll" id="a9afc403-29e6-88a4-c2af-4c0ff8d8a28b">
      <Execution id="2b8aee55-133d-49c2-95cb-33ddf06e5724" />
      <TestMethod codeBase="C:\Users\ericcarlson\documents\github\pickles\src\Pickles.TestFrameworks.UnitTests\bin\Debug\net6.0\PicklesDoc.Pickles.TestFrameworks.UnitTests.dll" adapterTypeName="executor://nunit3testexecutor/" className="PicklesDoc.Pickles.TestFrameworks.UnitTests.CucumberJson.WhenParsingCucumberJsonFromJSResultsFile" name="ThenCanReadIgnoredScenarioResultSuccessfully" />
    </UnitTest>
    <UnitTest name="ThenCanResolve(&quot;results-example-json.json&quot;,&quot;CucumberJson.results-example-json.json&quot;,CucumberJson,PicklesDoc.Pickles.TestFrameworks.CucumberJson.CucumberJsonResults)" storage="c:\users\ericcarlson\documents\github\pickles\src\pickles.testframeworks.unittests\bin\debug\net6.0\picklesdoc.pickles.testframeworks.unittests.dll" id="a7393586-64bb-69dc-eba3-1463201a4419">
      <Execution id="af65478d-3e12-460a-9e7b-6d4c5898de45" />
      <TestMethod codeBase="C:\Users\ericcarlson\documents\github\pickles\src\Pickles.TestFrameworks.UnitTests\bin\Debug\net6.0\PicklesDoc.Pickles.TestFrameworks.UnitTests.dll" adapterTypeName="executor://nunit3testexecutor/" className="PicklesDoc.Pickles.TestFrameworks.UnitTests.WhenResolvingTestResults" name="ThenCanResolve(&quot;results-example-json.json&quot;,&quot;CucumberJson.results-example-json.json&quot;,CucumberJson,PicklesDoc.Pickles.TestFrameworks.CucumberJson.CucumberJsonResults)" />
    </UnitTest>
    <UnitTest name="ThenCanReadResultOfScenarioOutlineWithUmlauts" storage="c:\users\ericcarlson\documents\github\pickles\src\pickles.testframeworks.unittests\bin\debug\net6.0\picklesdoc.pickles.testframeworks.unittests.dll" id="468fc6f1-090e-af4a-e3f5-89b42d48597a">
      <Execution id="984bd9ba-4f3a-472b-94bf-7ac8a4eb7a4f" />
      <TestMethod codeBase="C:\Users\ericcarlson\documents\github\pickles\src\Pickles.TestFrameworks.UnitTests\bin\Debug\net6.0\PicklesDoc.Pickles.TestFrameworks.UnitTests.dll" adapterTypeName="executor://nunit3testexecutor/" className="PicklesDoc.Pickles.TestFrameworks.UnitTests.MsTest.WhenParsingMsTestResultsFile" name="ThenCanReadResultOfScenarioOutlineWithUmlauts" />
    </UnitTest>
    <UnitTest name="ThenCanReadNotFoundScenarioCorrectly" storage="c:\users\ericcarlson\documents\github\pickles\src\pickles.testframeworks.unittests\bin\debug\net6.0\picklesdoc.pickles.testframeworks.unittests.dll" id="72f321e8-2790-5738-6c76-f3c93e06a4d9">
      <Execution id="62e9d1b1-896a-453e-9010-c44fe25fc6bb" />
      <TestMethod codeBase="C:\Users\ericcarlson\documents\github\pickles\src\Pickles.TestFrameworks.UnitTests\bin\Debug\net6.0\PicklesDoc.Pickles.TestFrameworks.UnitTests.dll" adapterTypeName="executor://nunit3testexecutor/" className="PicklesDoc.Pickles.TestFrameworks.UnitTests.NUnit.NUnit3.WhenParsingNunit3ResultsFile" name="ThenCanReadNotFoundScenarioCorrectly" />
    </UnitTest>
    <UnitTest name="ThenCanReadIndividualResultsFromScenarioOutline_AllPass_ShouldBeTestResultPassed" storage="c:\users\ericcarlson\documents\github\pickles\src\pickles.testframeworks.unittests\bin\debug\net6.0\picklesdoc.pickles.testframeworks.unittests.dll" id="ec80a51d-21e0-d5fc-5b4e-aaa2b87640b8">
      <Execution id="40195fd1-5987-4fdc-af34-4b597ac8d0b6" />
      <TestMethod codeBase="C:\Users\ericcarlson\documents\github\pickles\src\Pickles.TestFrameworks.UnitTests\bin\Debug\net6.0\PicklesDoc.Pickles.TestFrameworks.UnitTests.dll" adapterTypeName="executor://nunit3testexecutor/" className="PicklesDoc.Pickles.TestFrameworks.UnitTests.XUnit.XUnit2.WhenParsingXUnitResultsFileWithIndividualResults" name="ThenCanReadIndividualResultsFromScenarioOutline_AllPass_ShouldBeTestResultPassed" />
    </UnitTest>
    <UnitTest name="ThenCanReadResultsWithParenthesis" storage="c:\users\ericcarlson\documents\github\pickles\src\pickles.testframeworks.unittests\bin\debug\net6.0\picklesdoc.pickles.testframeworks.unittests.dll" id="9e40b804-42b0-5011-3b04-cc25d4d70de0">
      <Execution id="971b227c-259f-4880-9bfe-cb32abaa412e" />
      <TestMethod codeBase="C:\Users\ericcarlson\documents\github\pickles\src\Pickles.TestFrameworks.UnitTests\bin\Debug\net6.0\PicklesDoc.Pickles.TestFrameworks.UnitTests.dll" adapterTypeName="executor://nunit3testexecutor/" className="PicklesDoc.Pickles.TestFrameworks.UnitTests.CucumberJson.WhenParsingCucumberJsonFromRubyResultsFile" name="ThenCanReadResultsWithParenthesis" />
    </UnitTest>
    <UnitTest name="ThenCanReadBackgroundResultSuccessfully" storage="c:\users\ericcarlson\documents\github\pickles\src\pickles.testframeworks.unittests\bin\debug\net6.0\picklesdoc.pickles.testframeworks.unittests.dll" id="3363618d-ba10-7be9-e717-ba2f8beb1f14">
      <Execution id="a00907da-84fd-4c1c-a642-d71ed4e85e61" />
      <TestMethod codeBase="C:\Users\ericcarlson\documents\github\pickles\src\Pickles.TestFrameworks.UnitTests\bin\Debug\net6.0\PicklesDoc.Pickles.TestFrameworks.UnitTests.dll" adapterTypeName="executor://nunit3testexecutor/" className="PicklesDoc.Pickles.TestFrameworks.UnitTests.VsTest.WhenParsingVsTestResultsFile" name="ThenCanReadBackgroundResultSuccessfully" />
    </UnitTest>
    <UnitTest name="ThenCanSuccessfullyMatch" storage="c:\users\ericcarlson\documents\github\pickles\src\pickles.testframeworks.unittests\bin\debug\net6.0\picklesdoc.pickles.testframeworks.unittests.dll" id="ac03ec4c-67a9-1776-5723-d08e339146c5">
      <Execution id="a3b72cd5-952f-41a7-9487-8214f19f7529" />
      <TestMethod codeBase="C:\Users\ericcarlson\documents\github\pickles\src\Pickles.TestFrameworks.UnitTests\bin\Debug\net6.0\PicklesDoc.Pickles.TestFrameworks.UnitTests.dll" adapterTypeName="executor://nunit3testexecutor/" className="PicklesDoc.Pickles.TestFrameworks.UnitTests.XUnit.XUnit2.WhenDeterminingTheSignatureOfAnXUnit2ExampleRow" name="ThenCanSuccessfullyMatch" />
    </UnitTest>
    <UnitTest name="ThenCanReadResultOfScenarioOutlineWithAmpersand" storage="c:\users\ericcarlson\documents\github\pickles\src\pickles.testframeworks.unittests\bin\debug\net6.0\picklesdoc.pickles.testframeworks.unittests.dll" id="8f0f2481-35fe-ae01-bfcb-690467c4a7bc">
      <Execution id="7b25ded6-7e4b-4649-87bd-42e73dfd1d2d" />
      <TestMethod codeBase="C:\Users\ericcarlson\documents\github\pickles\src\Pickles.TestFrameworks.UnitTests\bin\Debug\net6.0\PicklesDoc.Pickles.TestFrameworks.UnitTests.dll" adapterTypeName="executor://nunit3testexecutor/" className="PicklesDoc.Pickles.TestFrameworks.UnitTests.NUnit.NUnit2.WhenParsingNUnitResultsFile" name="ThenCanReadResultOfScenarioOutlineWithAmpersand" />
    </UnitTest>
    <UnitTest name="ThenCanReadResultOfScenarioOutlineWithUmlauts" storage="c:\users\ericcarlson\documents\github\pickles\src\pickles.testframeworks.unittests\bin\debug\net6.0\picklesdoc.pickles.testframeworks.unittests.dll" id="1c544035-38ea-054f-e87c-73d6a628523a">
      <Execution id="b80b05f3-b2e9-462d-aae9-8b626369cfad" />
      <TestMethod codeBase="C:\Users\ericcarlson\documents\github\pickles\src\Pickles.TestFrameworks.UnitTests\bin\Debug\net6.0\PicklesDoc.Pickles.TestFrameworks.UnitTests.dll" adapterTypeName="executor://nunit3testexecutor/" className="PicklesDoc.Pickles.TestFrameworks.UnitTests.NUnit.NUnit3.WhenParsingNunit3ResultsFile" name="ThenCanReadResultOfScenarioOutlineWithUmlauts" />
    </UnitTest>
    <UnitTest name="ThenCanReadResultOfScenarioWithSpecialCharacters" storage="c:\users\ericcarlson\documents\github\pickles\src\pickles.testframeworks.unittests\bin\debug\net6.0\picklesdoc.pickles.testframeworks.unittests.dll" id="dc712ba9-82f8-4816-135c-198a6c843205">
      <Execution id="66a69ec4-b068-48ef-816b-8822cfb115da" />
      <TestMethod codeBase="C:\Users\ericcarlson\documents\github\pickles\src\Pickles.TestFrameworks.UnitTests\bin\Debug\net6.0\PicklesDoc.Pickles.TestFrameworks.UnitTests.dll" adapterTypeName="executor://nunit3testexecutor/" className="PicklesDoc.Pickles.TestFrameworks.UnitTests.XUnit.XUnit1.WhenParsingxUnitResultsFile" name="ThenCanReadResultOfScenarioWithSpecialCharacters" />
    </UnitTest>
    <UnitTest name="ThenCanReadInconclusiveFeatureResultSuccessfully" storage="c:\users\ericcarlson\documents\github\pickles\src\pickles.testframeworks.unittests\bin\debug\net6.0\picklesdoc.pickles.testframeworks.unittests.dll" id="78a4d834-d8c9-b5a6-8099-63f422dfe326">
      <Execution id="9055757c-8f88-4197-82aa-6777f1dbb6f8" />
      <TestMethod codeBase="C:\Users\ericcarlson\documents\github\pickles\src\Pickles.TestFrameworks.UnitTests\bin\Debug\net6.0\PicklesDoc.Pickles.TestFrameworks.UnitTests.dll" adapterTypeName="executor://nunit3testexecutor/" className="PicklesDoc.Pickles.TestFrameworks.UnitTests.SpecRun.WhenParsingSpecRunTestResultsFile" name="ThenCanReadInconclusiveFeatureResultSuccessfully" />
    </UnitTest>
    <UnitTest name="ThenCanReadIndividualResultsFromScenarioOutline_AllPass_ShouldBeTestResultPassed" storage="c:\users\ericcarlson\documents\github\pickles\src\pickles.testframeworks.unittests\bin\debug\net6.0\picklesdoc.pickles.testframeworks.unittests.dll" id="bd707b6d-52c2-46b2-18db-713a0a8d72d0">
      <Execution id="3d774b0f-c2c4-4f88-b455-04b94c697796" />
      <TestMethod codeBase="C:\Users\ericcarlson\documents\github\pickles\src\Pickles.TestFrameworks.UnitTests\bin\Debug\net6.0\PicklesDoc.Pickles.TestFrameworks.UnitTests.dll" adapterTypeName="executor://nunit3testexecutor/" className="PicklesDoc.Pickles.TestFrameworks.UnitTests.NUnit.NUnit3.WhenParsingNUnitResultsFileWithIndividualResults" name="ThenCanReadIndividualResultsFromScenarioOutline_AllPass_ShouldBeTestResultPassed" />
    </UnitTest>
    <UnitTest name="ThenCanReadIndividualResultsFromScenarioOutline_MultipleExampleSections_ShouldBeTestResultFailed" storage="c:\users\ericcarlson\documents\github\pickles\src\pickles.testframeworks.unittests\bin\debug\net6.0\picklesdoc.pickles.testframeworks.unittests.dll" id="e64bca34-3589-7be5-702b-1f171a1b0f81">
      <Execution id="ac620c92-1922-457f-a4cf-26983d55c56f" />
      <TestMethod codeBase="C:\Users\ericcarlson\documents\github\pickles\src\Pickles.TestFrameworks.UnitTests\bin\Debug\net6.0\PicklesDoc.Pickles.TestFrameworks.UnitTests.dll" adapterTypeName="executor://nunit3testexecutor/" className="PicklesDoc.Pickles.TestFrameworks.UnitTests.XUnit.XUnit2.WhenParsingXUnitResultsFileWithIndividualResults" name="ThenCanReadIndividualResultsFromScenarioOutline_MultipleExampleSections_ShouldBeTestResultFailed" />
    </UnitTest>
    <UnitTest name="ThenCanReadResultOfScenarioOutlineWithFailingBackground" storage="c:\users\ericcarlson\documents\github\pickles\src\pickles.testframeworks.unittests\bin\debug\net6.0\picklesdoc.pickles.testframeworks.unittests.dll" id="4bfa13d1-17a0-4954-0e3e-a26d2de2fb23">
      <Execution id="feb2d06b-ad87-41cd-ac36-9d290fea3868" />
      <TestMethod codeBase="C:\Users\ericcarlson\documents\github\pickles\src\Pickles.TestFrameworks.UnitTests\bin\Debug\net6.0\PicklesDoc.Pickles.TestFrameworks.UnitTests.dll" adapterTypeName="executor://nunit3testexecutor/" className="PicklesDoc.Pickles.TestFrameworks.UnitTests.XUnit.XUnit1.WhenParsingxUnitResultsFile" name="ThenCanReadResultOfScenarioOutlineWithFailingBackground" />
    </UnitTest>
    <UnitTest name="ThenCanReadResultsWithBackslashes" storage="c:\users\ericcarlson\documents\github\pickles\src\pickles.testframeworks.unittests\bin\debug\net6.0\picklesdoc.pickles.testframeworks.unittests.dll" id="66978603-05d4-2099-985f-ef7844bf2b32">
      <Execution id="49f9a01a-b535-4356-a3de-468c264ee999" />
      <TestMethod codeBase="C:\Users\ericcarlson\documents\github\pickles\src\Pickles.TestFrameworks.UnitTests\bin\Debug\net6.0\PicklesDoc.Pickles.TestFrameworks.UnitTests.dll" adapterTypeName="executor://nunit3testexecutor/" className="PicklesDoc.Pickles.TestFrameworks.UnitTests.VsTest.WhenParsingVsTestResultsFile" name="ThenCanReadResultsWithBackslashes" />
    </UnitTest>
    <UnitTest name="ThenCanReadResultOfScenarioOutlineWithFailingBackground" storage="c:\users\ericcarlson\documents\github\pickles\src\pickles.testframeworks.unittests\bin\debug\net6.0\picklesdoc.pickles.testframeworks.unittests.dll" id="1427994f-dfc2-3b8f-5f19-9134cfec26f2">
      <Execution id="93b620a5-a3f9-40a1-8ec2-2f39584d623b" />
      <TestMethod codeBase="C:\Users\ericcarlson\documents\github\pickles\src\Pickles.TestFrameworks.UnitTests\bin\Debug\net6.0\PicklesDoc.Pickles.TestFrameworks.UnitTests.dll" adapterTypeName="executor://nunit3testexecutor/" className="PicklesDoc.Pickles.TestFrameworks.UnitTests.XUnit.XUnit2.WhenParsingxUnit2ResultsFile" name="ThenCanReadResultOfScenarioOutlineWithFailingBackground" />
    </UnitTest>
    <UnitTest name="RegularExpressionAsExampleContentMatches_With_Curly_Braces" storage="c:\users\ericcarlson\documents\github\pickles\src\pickles.testframeworks.unittests\bin\debug\net6.0\picklesdoc.pickles.testframeworks.unittests.dll" id="7003fa29-5d8b-f503-a549-5fe616789c37">
      <Execution id="78abf771-973e-45ed-825f-1a45d9ad5d7a" />
      <TestMethod codeBase="C:\Users\ericcarlson\documents\github\pickles\src\Pickles.TestFrameworks.UnitTests\bin\Debug\net6.0\PicklesDoc.Pickles.TestFrameworks.UnitTests.dll" adapterTypeName="executor://nunit3testexecutor/" className="PicklesDoc.Pickles.TestFrameworks.UnitTests.XUnit.XUnit2.WhenDeterminingTheSignatureOfAnXUnit2ExampleRow" name="RegularExpressionAsExampleContentMatches_With_Curly_Braces" />
    </UnitTest>
  </TestDefinitions>
  <TestEntries>
    <TestEntry testId="6e48abaa-e94e-4cb3-4e64-703c4702dc60" executionId="c169c34d-d4f6-408d-833e-77efa4c5b8b7" testListId="8c84fa94-04c1-424b-9868-57a2d4851a1d" />
    <TestEntry testId="b736c82a-c3a6-bc95-1791-413638f9de59" executionId="65f4b65c-db34-4cc2-a72b-fa68d66678ec" testListId="8c84fa94-04c1-424b-9868-57a2d4851a1d" />
    <TestEntry testId="86e3825d-829f-92fe-d878-0ca95ca51e4d" executionId="36691b6e-b6ba-4094-a6e7-dceef759daae" testListId="8c84fa94-04c1-424b-9868-57a2d4851a1d" />
    <TestEntry testId="4c3f6b35-48a0-d207-99c1-65bbc2fa071b" executionId="3076a44a-730f-48e6-a5e3-d04f6b9128f3" testListId="8c84fa94-04c1-424b-9868-57a2d4851a1d" />
    <TestEntry testId="fa88707c-fe6b-f9d4-e057-126c8ed49b45" executionId="cda9415f-7403-4068-b645-dd4bc3ed5ea9" testListId="8c84fa94-04c1-424b-9868-57a2d4851a1d" />
    <TestEntry testId="180590d6-2062-6933-d951-813229d01ede" executionId="9ce4fe62-dc2c-4074-a73d-9dcdc955e4f4" testListId="8c84fa94-04c1-424b-9868-57a2d4851a1d" />
    <TestEntry testId="72f321e8-2790-5738-6c76-f3c93e06a4d9" executionId="62e9d1b1-896a-453e-9010-c44fe25fc6bb" testListId="8c84fa94-04c1-424b-9868-57a2d4851a1d" />
    <TestEntry testId="53f842ac-f46d-7d71-9da8-af83d620085a" executionId="946bfe2a-e71a-47af-8256-85c71f3eefc3" testListId="8c84fa94-04c1-424b-9868-57a2d4851a1d" />
    <TestEntry testId="5e1aca6a-d9b7-23f6-c415-c9c2a91cd790" executionId="cc5d5880-479b-48c6-bfc7-50f2848b3ecf" testListId="8c84fa94-04c1-424b-9868-57a2d4851a1d" />
    <TestEntry testId="65a73572-199f-331d-bb7a-e00446e83c06" executionId="06c28cc4-0113-4f31-8040-8484a4134602" testListId="8c84fa94-04c1-424b-9868-57a2d4851a1d" />
    <TestEntry testId="95a5821f-1395-86bd-c7b5-2db60e40402a" executionId="cf2eb698-22d3-42a1-9fc6-7c52921703cd" testListId="8c84fa94-04c1-424b-9868-57a2d4851a1d" />
    <TestEntry testId="2d1b5a90-7f10-fbfd-da30-c50a58b8259b" executionId="d924fe04-6efe-42d4-a854-7a0e12cbe7f5" testListId="8c84fa94-04c1-424b-9868-57a2d4851a1d" />
    <TestEntry testId="e64bca34-3589-7be5-702b-1f171a1b0f81" executionId="ac620c92-1922-457f-a4cf-26983d55c56f" testListId="8c84fa94-04c1-424b-9868-57a2d4851a1d" />
    <TestEntry testId="098238b9-0456-1247-ed8e-8206ed9eaecc" executionId="02e005ec-f864-4a8f-a7f4-724862864f8f" testListId="8c84fa94-04c1-424b-9868-57a2d4851a1d" />
    <TestEntry testId="c8836a8e-d919-c2fa-5c2d-61cd7e788ac3" executionId="2abc8d15-77ae-4298-a746-a80b6c549d2d" testListId="8c84fa94-04c1-424b-9868-57a2d4851a1d" />
    <TestEntry testId="ecb801c4-d95f-4cd2-61bc-83f8f51ba916" executionId="5912e738-1d84-4c4e-bf43-81ebfcd3e552" testListId="8c84fa94-04c1-424b-9868-57a2d4851a1d" />
    <TestEntry testId="39aaf2dd-3448-323b-0eb5-0e11c3f52c46" executionId="00b2bece-865e-47a4-824c-788930878cf4" testListId="8c84fa94-04c1-424b-9868-57a2d4851a1d" />
    <TestEntry testId="249eb19e-fedc-463a-7645-04bc4a4b0dd3" executionId="6915b949-c08d-4c75-bb01-7af65d9bafc4" testListId="8c84fa94-04c1-424b-9868-57a2d4851a1d" />
    <TestEntry testId="1ba666a9-505f-17c4-4bdf-33a9bb6fc01d" executionId="27379a19-0d7e-4f91-88eb-d542edcd1349" testListId="8c84fa94-04c1-424b-9868-57a2d4851a1d" />
    <TestEntry testId="81bd21f5-845e-aa35-fada-47a8b94de4c8" executionId="f499b63d-7468-4eec-8a58-a0cda98514b3" testListId="8c84fa94-04c1-424b-9868-57a2d4851a1d" />
    <TestEntry testId="b60b2e32-2e62-9f1a-0957-c89aa9a236dd" executionId="39c96f9b-dee4-4af2-a4e0-5ae9dbfd6b36" testListId="8c84fa94-04c1-424b-9868-57a2d4851a1d" />
    <TestEntry testId="731f5d07-dc75-9cda-bd6a-a157696b5258" executionId="c44d604c-dad2-4ed3-bf01-550d677950d8" testListId="8c84fa94-04c1-424b-9868-57a2d4851a1d" />
    <TestEntry testId="1cb4c3cc-9e82-454c-91a1-b2116b3e1595" executionId="815aa193-9f69-4fec-84a1-df6b1bfa0c9a" testListId="8c84fa94-04c1-424b-9868-57a2d4851a1d" />
    <TestEntry testId="aa75de74-31a0-219d-da36-2e429565c098" executionId="e28da8ce-d42d-4128-956d-38777a8b7fb8" testListId="8c84fa94-04c1-424b-9868-57a2d4851a1d" />
    <TestEntry testId="df779c3e-867d-628d-d601-319a18d1823c" executionId="f3e28e3f-bb98-4e38-bed1-387f96f5e767" testListId="8c84fa94-04c1-424b-9868-57a2d4851a1d" />
    <TestEntry testId="661b4fd7-8a74-3489-35c5-59457dbca55e" executionId="e6f59ce8-343d-4591-bd41-38e9dab0ed73" testListId="8c84fa94-04c1-424b-9868-57a2d4851a1d" />
    <TestEntry testId="bf8a77e3-2a8b-534e-97d8-864c929c5c23" executionId="643592b9-975d-4344-b49b-7b9dd0f12c85" testListId="8c84fa94-04c1-424b-9868-57a2d4851a1d" />
    <TestEntry testId="9d0329db-f847-cb4f-973e-3879b2c2692c" executionId="d10fc0bf-d7c3-41e9-9e9b-b22e8b052272" testListId="8c84fa94-04c1-424b-9868-57a2d4851a1d" />
    <TestEntry testId="256a8d96-ed89-157f-5f7b-6e821bc88fbc" executionId="8b258844-b75a-4ea0-ae08-823f31afec7e" testListId="8c84fa94-04c1-424b-9868-57a2d4851a1d" />
    <TestEntry testId="2a458999-94a8-df5e-d99f-8bcf0589d98d" executionId="9d0184ac-626d-47fa-99f5-71d1107a090b" testListId="8c84fa94-04c1-424b-9868-57a2d4851a1d" />
    <TestEntry testId="564ab877-3eea-6f19-973d-0b36bea909da" executionId="c5fbd660-7e88-4614-bae3-1692bee12e4f" testListId="8c84fa94-04c1-424b-9868-57a2d4851a1d" />
    <TestEntry testId="1427994f-dfc2-3b8f-5f19-9134cfec26f2" executionId="93b620a5-a3f9-40a1-8ec2-2f39584d623b" testListId="8c84fa94-04c1-424b-9868-57a2d4851a1d" />
    <TestEntry testId="789c4d26-9e90-9921-3680-81bb7e50813e" executionId="e6176ea5-a6f9-4557-a70d-05ebd4b79c10" testListId="8c84fa94-04c1-424b-9868-57a2d4851a1d" />
    <TestEntry testId="ad26ac72-d472-3446-b429-a39e27a79b16" executionId="dde11a75-85e5-4c4c-ae8a-4acd1d6539e6" testListId="8c84fa94-04c1-424b-9868-57a2d4851a1d" />
    <TestEntry testId="7746c945-7215-2f12-d241-54991e7b255d" executionId="a8f10082-0b2f-417e-a554-367a7af6be76" testListId="8c84fa94-04c1-424b-9868-57a2d4851a1d" />
    <TestEntry testId="004b9067-5a36-6ae9-8540-490519439bb2" executionId="f83d2d49-a825-46de-abbc-69cf6fae88cc" testListId="8c84fa94-04c1-424b-9868-57a2d4851a1d" />
    <TestEntry testId="471f48b3-66b4-1d2b-45d6-de2cd4b57983" executionId="73609970-d011-49fc-86eb-f4a0292323e4" testListId="8c84fa94-04c1-424b-9868-57a2d4851a1d" />
    <TestEntry testId="bd67c30d-1d82-4e89-6c61-dfcd016668cb" executionId="e93fc055-85e7-4dbc-ba1c-8e2096b3deeb" testListId="8c84fa94-04c1-424b-9868-57a2d4851a1d" />
    <TestEntry testId="32e9b154-88f8-7f55-059c-e846ef3efc38" executionId="f478f34c-8406-4120-9ff5-7b17de0dec6e" testListId="8c84fa94-04c1-424b-9868-57a2d4851a1d" />
    <TestEntry testId="39ac623f-fdf7-17f3-6ce0-9e1b4bfb7236" executionId="1214ac66-95b5-4361-9a09-595fd3fc1e02" testListId="8c84fa94-04c1-424b-9868-57a2d4851a1d" />
    <TestEntry testId="c437592f-ad90-49b0-0c63-3ab7616bb2a4" executionId="a9afd086-0d42-4d59-97f3-2d643769464c" testListId="8c84fa94-04c1-424b-9868-57a2d4851a1d" />
    <TestEntry testId="75c1372b-c80e-ab1f-dc10-8b8dc4679533" executionId="a22d9e92-14a0-49c1-af79-ede61ac84daa" testListId="8c84fa94-04c1-424b-9868-57a2d4851a1d" />
    <TestEntry testId="15d64ad8-f453-6ded-46ce-06d0f8e68caf" executionId="08ce992d-4c9d-4f7d-b256-cedc5d91370c" testListId="8c84fa94-04c1-424b-9868-57a2d4851a1d" />
    <TestEntry testId="3aa1d18f-f8de-dbde-ff88-7a89e4d8499f" executionId="4cfcd55d-ccc5-4ce9-80c6-96d9696fc8b9" testListId="8c84fa94-04c1-424b-9868-57a2d4851a1d" />
    <TestEntry testId="fde1c954-98a7-7238-71c0-b624bf2faef3" executionId="6ca03667-6ab3-4ffa-9a1e-243d3af122ac" testListId="8c84fa94-04c1-424b-9868-57a2d4851a1d" />
    <TestEntry testId="4f051dee-273d-fcff-0b9b-bfaf6bbfa98d" executionId="1e0d6853-dca7-4adb-a388-94a2d0a0eb27" testListId="8c84fa94-04c1-424b-9868-57a2d4851a1d" />
    <TestEntry testId="4bfa13d1-17a0-4954-0e3e-a26d2de2fb23" executionId="feb2d06b-ad87-41cd-ac36-9d290fea3868" testListId="8c84fa94-04c1-424b-9868-57a2d4851a1d" />
    <TestEntry testId="c830e46b-5a37-f382-9022-bd36e87a160f" executionId="d7255fbf-a96d-4cca-8268-2f17165b6daa" testListId="8c84fa94-04c1-424b-9868-57a2d4851a1d" />
    <TestEntry testId="1c544035-38ea-054f-e87c-73d6a628523a" executionId="b80b05f3-b2e9-462d-aae9-8b626369cfad" testListId="8c84fa94-04c1-424b-9868-57a2d4851a1d" />
    <TestEntry testId="6c46f24c-c8b8-c4b7-29db-f35f6312df35" executionId="6d18e28c-2193-4a64-a096-eee8896cecca" testListId="8c84fa94-04c1-424b-9868-57a2d4851a1d" />
    <TestEntry testId="98025163-67c4-34a3-d0e7-9dbdb150f12f" executionId="2300a7e8-600e-4230-b819-5a45c5f3b02b" testListId="8c84fa94-04c1-424b-9868-57a2d4851a1d" />
    <TestEntry testId="62779f41-de77-189d-2845-837ff5a12f04" executionId="c3e28bc8-4a37-4264-8c67-dfbd455fca47" testListId="8c84fa94-04c1-424b-9868-57a2d4851a1d" />
    <TestEntry testId="2bc825b9-9d72-ab78-dc57-730a6f14b2c6" executionId="7a390d04-b23c-40a3-9d73-6bd01aa48d8e" testListId="8c84fa94-04c1-424b-9868-57a2d4851a1d" />
    <TestEntry testId="bed3e0a6-5997-3869-73cc-50bad3fe5334" executionId="27d3b587-7dbc-47e8-bc39-ae93a10eded9" testListId="8c84fa94-04c1-424b-9868-57a2d4851a1d" />
    <TestEntry testId="60839290-1eeb-d8b9-fa35-6da60cd7d64a" executionId="dfe40fd7-8ff1-436a-bc74-87e898a5291f" testListId="8c84fa94-04c1-424b-9868-57a2d4851a1d" />
    <TestEntry testId="dda4734d-9263-9683-bcf1-0cc612cb1594" executionId="37090af3-86d4-4071-b822-0cfbca7fc0fe" testListId="8c84fa94-04c1-424b-9868-57a2d4851a1d" />
    <TestEntry testId="eaddf983-315a-e36c-c3b9-c9529d03d71a" executionId="a5c399b7-1054-497a-9438-9b6909901560" testListId="8c84fa94-04c1-424b-9868-57a2d4851a1d" />
    <TestEntry testId="452e3d33-0c18-0604-61d2-e49750ee89e5" executionId="1c4fef18-d5c9-43a0-857a-bce2247884a1" testListId="8c84fa94-04c1-424b-9868-57a2d4851a1d" />
    <TestEntry testId="3f1adbc0-0196-34e5-6649-a85c5488fa91" executionId="2791b51e-bc77-4b41-9425-0fce3fc6a2ca" testListId="8c84fa94-04c1-424b-9868-57a2d4851a1d" />
    <TestEntry testId="a24366aa-9e79-801f-e1af-8419027c8a13" executionId="cab1b183-b0dc-4c27-8ca9-c69445b98991" testListId="8c84fa94-04c1-424b-9868-57a2d4851a1d" />
    <TestEntry testId="74b4106b-4b89-70e5-ec6d-b53991f24ded" executionId="ae29568c-751a-4c52-a178-54b0ad20e358" testListId="8c84fa94-04c1-424b-9868-57a2d4851a1d" />
    <TestEntry testId="66978603-05d4-2099-985f-ef7844bf2b32" executionId="49f9a01a-b535-4356-a3de-468c264ee999" testListId="8c84fa94-04c1-424b-9868-57a2d4851a1d" />
    <TestEntry testId="883b6ac9-ac51-b5f6-5a08-17161bbcc88f" executionId="98386aac-b45b-4f95-af11-cc1d6bbf2808" testListId="8c84fa94-04c1-424b-9868-57a2d4851a1d" />
    <TestEntry testId="5528f4d8-ebd5-6f1e-e4bf-3f7dddfcc499" executionId="5c459de0-77f9-4f4b-9c62-d3ccce882328" testListId="8c84fa94-04c1-424b-9868-57a2d4851a1d" />
    <TestEntry testId="8f0f2481-35fe-ae01-bfcb-690467c4a7bc" executionId="7b25ded6-7e4b-4649-87bd-42e73dfd1d2d" testListId="8c84fa94-04c1-424b-9868-57a2d4851a1d" />
    <TestEntry testId="704a0578-e150-f687-8667-46c29aab4a2d" executionId="42b579a9-235d-4783-9698-618696e7f996" testListId="8c84fa94-04c1-424b-9868-57a2d4851a1d" />
    <TestEntry testId="e2225881-39fd-7f1c-d804-53db9fd0bebf" executionId="65a974cb-e8ee-4d93-bb7c-39c371bffe99" testListId="8c84fa94-04c1-424b-9868-57a2d4851a1d" />
    <TestEntry testId="bd707b6d-52c2-46b2-18db-713a0a8d72d0" executionId="3d774b0f-c2c4-4f88-b455-04b94c697796" testListId="8c84fa94-04c1-424b-9868-57a2d4851a1d" />
    <TestEntry testId="0c1060a1-daea-cc27-1eec-f91d6e03fb50" executionId="4c6337fe-93f4-44ec-8cbb-d3697cf5247c" testListId="8c84fa94-04c1-424b-9868-57a2d4851a1d" />
    <TestEntry testId="8f694c62-d589-ac54-3491-78ce2e9f9173" executionId="8b418bcc-fd1a-4de6-8916-4ff3152415a9" testListId="8c84fa94-04c1-424b-9868-57a2d4851a1d" />
    <TestEntry testId="756b1026-c36e-4a38-c9bf-9c8381bc803a" executionId="ece7422b-226a-4487-9460-7772e637b6a0" testListId="8c84fa94-04c1-424b-9868-57a2d4851a1d" />
    <TestEntry testId="eee8715c-d733-130b-cc22-7b1892f2f926" executionId="33c4c923-81cf-4c57-81c1-55bf81880b46" testListId="8c84fa94-04c1-424b-9868-57a2d4851a1d" />
    <TestEntry testId="e2f7c893-77fd-2757-2bf1-4ba1cfd4b69d" executionId="47666edb-34d8-4cb4-b505-f40656cfac92" testListId="8c84fa94-04c1-424b-9868-57a2d4851a1d" />
    <TestEntry testId="e1734028-fada-4af3-8a5c-ef092b76d644" executionId="27c329d3-fa1f-4189-9eb4-9ad564d0c35c" testListId="8c84fa94-04c1-424b-9868-57a2d4851a1d" />
    <TestEntry testId="0c0cf1bc-2dcb-ded4-066e-2e2566c6bb19" executionId="6fa6adf7-ffcb-46d6-ab2c-6a0b72a6dfac" testListId="8c84fa94-04c1-424b-9868-57a2d4851a1d" />
    <TestEntry testId="af52bc0c-9d4d-dbfe-1e9a-8d33e897ef69" executionId="0bc2c240-381e-43be-8e0c-0f75c718966f" testListId="8c84fa94-04c1-424b-9868-57a2d4851a1d" />
    <TestEntry testId="a7393586-64bb-69dc-eba3-1463201a4419" executionId="af65478d-3e12-460a-9e7b-6d4c5898de45" testListId="8c84fa94-04c1-424b-9868-57a2d4851a1d" />
    <TestEntry testId="631fe5fb-b05e-5e70-7bfe-0a09b32bd7e6" executionId="9b671340-8818-4c9e-b551-7338fa0e57a6" testListId="8c84fa94-04c1-424b-9868-57a2d4851a1d" />
    <TestEntry testId="c5348a36-5365-9e63-699c-dd523aa894a2" executionId="67c32b5f-e906-4dd5-9630-cb9e6dfbc518" testListId="8c84fa94-04c1-424b-9868-57a2d4851a1d" />
    <TestEntry testId="4fd0e4d4-201f-f92a-a4bd-73991d73bd74" executionId="1752b544-2fc1-405d-b5cb-404a84516ecd" testListId="8c84fa94-04c1-424b-9868-57a2d4851a1d" />
    <TestEntry testId="d8eb6d98-9b62-c231-99fb-5444406d89a8" executionId="c5f492db-a645-42c5-be5a-bfa9948b3112" testListId="8c84fa94-04c1-424b-9868-57a2d4851a1d" />
    <TestEntry testId="6b71b8f6-958a-0474-734c-5037b2d776ec" executionId="823cd6cd-7966-4399-a711-e4a78592a8b5" testListId="8c84fa94-04c1-424b-9868-57a2d4851a1d" />
    <TestEntry testId="906d5dad-24a2-c194-0157-f7aa409300ef" executionId="1a09bc03-1eb9-4367-aa7f-b6293677f591" testListId="8c84fa94-04c1-424b-9868-57a2d4851a1d" />
    <TestEntry testId="480a0e18-f143-bc50-4b24-c10a44209bde" executionId="cff014fb-821e-49d6-8d7b-3b26c0f4b900" testListId="8c84fa94-04c1-424b-9868-57a2d4851a1d" />
    <TestEntry testId="03cd529c-594e-f5f4-394a-38e5c1ffbbd4" executionId="c6323a9b-fd66-447d-b03e-80085dceedfd" testListId="8c84fa94-04c1-424b-9868-57a2d4851a1d" />
    <TestEntry testId="656ebfc5-79d6-d4de-e713-26261e054dac" executionId="43e186e8-805e-4c34-87cf-71e344a35620" testListId="8c84fa94-04c1-424b-9868-57a2d4851a1d" />
    <TestEntry testId="53b5d2b4-1979-aefd-9cc8-74b7bed357fa" executionId="d61cf71c-4ee1-452e-a906-6bb3c260f84d" testListId="8c84fa94-04c1-424b-9868-57a2d4851a1d" />
    <TestEntry testId="2919e6b2-199b-6849-cc30-63eff40ca1e9" executionId="10eaba88-77ef-48f6-94b7-fc2112528ecd" testListId="8c84fa94-04c1-424b-9868-57a2d4851a1d" />
    <TestEntry testId="2b2c3e93-fce0-8fb6-cf91-4df9fcc9f54b" executionId="03baccf8-f73f-4352-a166-6654341f31f8" testListId="8c84fa94-04c1-424b-9868-57a2d4851a1d" />
    <TestEntry testId="bfd25a89-37a1-8b6d-3055-743f4224a763" executionId="748c4535-7943-4f88-ac7f-b946d60867af" testListId="8c84fa94-04c1-424b-9868-57a2d4851a1d" />
    <TestEntry testId="47086e35-06f3-bc27-02fb-3f657d13b0a3" executionId="40c704fc-1f66-49b6-a51c-3edb019f7c73" testListId="8c84fa94-04c1-424b-9868-57a2d4851a1d" />
    <TestEntry testId="dc101341-c73f-f576-2045-514a0c7d85da" executionId="406b8187-351c-4103-b22d-acd1618cc220" testListId="8c84fa94-04c1-424b-9868-57a2d4851a1d" />
    <TestEntry testId="e812cd4a-a493-8488-cd92-0f068742969b" executionId="cb339373-889a-46c5-bbf4-5724ded3de85" testListId="8c84fa94-04c1-424b-9868-57a2d4851a1d" />
    <TestEntry testId="fd4a59cc-11a9-fb21-8351-7acacb7d6743" executionId="6208230d-67d3-4bf8-9529-1506718793fa" testListId="8c84fa94-04c1-424b-9868-57a2d4851a1d" />
    <TestEntry testId="eaaf3dd9-2849-68dd-8b63-3348a310054b" executionId="cc44c311-256c-4376-9728-b586594fe9ac" testListId="8c84fa94-04c1-424b-9868-57a2d4851a1d" />
    <TestEntry testId="1ab3cefc-49c6-5a53-95db-2b52b6f9c551" executionId="8a9ff66c-c0d5-499f-bafe-56dcda6707fa" testListId="8c84fa94-04c1-424b-9868-57a2d4851a1d" />
    <TestEntry testId="66835627-edbb-e359-6b21-3e0100bfad91" executionId="e525799a-06b5-47ff-88fe-f69bea0f761b" testListId="8c84fa94-04c1-424b-9868-57a2d4851a1d" />
    <TestEntry testId="b6b4e5c5-badb-9c66-8425-431f3f703e83" executionId="8d4d605d-1b10-45ff-bcde-02175a58d1f2" testListId="8c84fa94-04c1-424b-9868-57a2d4851a1d" />
    <TestEntry testId="eecc6ae5-4868-d53f-bcda-2ec72c5d7ea3" executionId="0f620c00-298e-456f-9417-b6bbb4f810a0" testListId="8c84fa94-04c1-424b-9868-57a2d4851a1d" />
    <TestEntry testId="5f02bd55-47a0-e81d-b9df-6ab6392dc956" executionId="d3964c95-deba-468b-8c97-cdc6c519a137" testListId="8c84fa94-04c1-424b-9868-57a2d4851a1d" />
    <TestEntry testId="cc57926d-969f-f4d6-e13e-e69125306611" executionId="f8bd2cca-c551-4bc1-8f2d-2cce37e74483" testListId="8c84fa94-04c1-424b-9868-57a2d4851a1d" />
    <TestEntry testId="86c41238-e1bd-d4dd-850b-3f251771aebe" executionId="367fef1c-d2f6-4c50-9eb8-bbb4789a98c6" testListId="8c84fa94-04c1-424b-9868-57a2d4851a1d" />
    <TestEntry testId="174b6e17-833b-348f-bc26-a67a058e5e9c" executionId="9b90905d-b62f-41e2-a252-cef79c012aff" testListId="8c84fa94-04c1-424b-9868-57a2d4851a1d" />
    <TestEntry testId="f77ac471-dd6b-3503-d4b1-30115c337f42" executionId="24a065ee-50eb-4fed-baf1-7a7a5033891b" testListId="8c84fa94-04c1-424b-9868-57a2d4851a1d" />
    <TestEntry testId="dd0a53f6-9608-d074-ec6b-1fd826ef275e" executionId="20516a48-9d22-4e0c-a7b9-f3534646f6e2" testListId="8c84fa94-04c1-424b-9868-57a2d4851a1d" />
    <TestEntry testId="9c713a2b-9e76-2415-d955-46aa4b04bc55" executionId="7ce43557-87a8-4df7-8dec-71c5068081e8" testListId="8c84fa94-04c1-424b-9868-57a2d4851a1d" />
    <TestEntry testId="f6472f07-5ce8-7db5-6dd2-9068452de237" executionId="24b8bf96-b342-4625-8d5e-c2b7cc41fb31" testListId="8c84fa94-04c1-424b-9868-57a2d4851a1d" />
    <TestEntry testId="20f75a53-728a-3e27-2cbb-bec08c93c778" executionId="e2555123-3382-4627-8564-6708c562225d" testListId="8c84fa94-04c1-424b-9868-57a2d4851a1d" />
    <TestEntry testId="741a4e57-0cca-d960-3bbc-2a95ae33db53" executionId="945eda9d-c994-4806-a349-9aa1f7ece2df" testListId="8c84fa94-04c1-424b-9868-57a2d4851a1d" />
    <TestEntry testId="de18a748-0d83-3063-60c5-28a7e3807695" executionId="b6afd27a-2526-4e59-8fda-c33e6c032987" testListId="8c84fa94-04c1-424b-9868-57a2d4851a1d" />
    <TestEntry testId="78a4d834-d8c9-b5a6-8099-63f422dfe326" executionId="9055757c-8f88-4197-82aa-6777f1dbb6f8" testListId="8c84fa94-04c1-424b-9868-57a2d4851a1d" />
    <TestEntry testId="c0743634-0e8c-60ff-dd33-aa3c1f7c437b" executionId="925c9d1e-b0d5-464b-89bf-aa20fef470ee" testListId="8c84fa94-04c1-424b-9868-57a2d4851a1d" />
    <TestEntry testId="82d58c85-8bb5-21d8-f720-e76e5b78cc40" executionId="75118738-ea7d-40be-b16d-5987bd43ddc7" testListId="8c84fa94-04c1-424b-9868-57a2d4851a1d" />
    <TestEntry testId="468fc6f1-090e-af4a-e3f5-89b42d48597a" executionId="984bd9ba-4f3a-472b-94bf-7ac8a4eb7a4f" testListId="8c84fa94-04c1-424b-9868-57a2d4851a1d" />
    <TestEntry testId="0d0f4cc2-46ec-cf86-fc13-2bff0b09bc6d" executionId="0ac1c7f3-1223-498d-9fcd-e2267ca28643" testListId="8c84fa94-04c1-424b-9868-57a2d4851a1d" />
    <TestEntry testId="0be35ca5-d72a-7b15-1c8a-f42c97327233" executionId="17bec15b-af2e-49c5-9a6c-1760a5c8669e" testListId="8c84fa94-04c1-424b-9868-57a2d4851a1d" />
    <TestEntry testId="8073691c-21a5-9107-fb79-56e4b2e81fb1" executionId="f96aa819-2113-4095-893a-b098931c40c1" testListId="8c84fa94-04c1-424b-9868-57a2d4851a1d" />
    <TestEntry testId="aff9e195-4e54-a676-8f24-47ec072e3f76" executionId="3be2ed05-2fa4-42f1-bbf2-77683dad0a60" testListId="8c84fa94-04c1-424b-9868-57a2d4851a1d" />
    <TestEntry testId="0377b2ee-902b-c8d6-74bf-d614453dc1d9" executionId="0f11f012-9257-4529-9f54-22d3594ba0e1" testListId="8c84fa94-04c1-424b-9868-57a2d4851a1d" />
    <TestEntry testId="5c950b01-6cc7-ac13-30ea-969ec9b73be8" executionId="d1d51b68-e510-4fde-8fa3-aab173c34822" testListId="8c84fa94-04c1-424b-9868-57a2d4851a1d" />
    <TestEntry testId="787e4f4b-a6f8-e61e-60f5-7ef57c15df22" executionId="5cfc62c9-eee9-4284-95c2-92bd40b16033" testListId="8c84fa94-04c1-424b-9868-57a2d4851a1d" />
    <TestEntry testId="3f5af0d1-875c-7462-d712-e00deb320d7a" executionId="81d352ac-945e-44be-9127-b5c7abd00f65" testListId="8c84fa94-04c1-424b-9868-57a2d4851a1d" />
    <TestEntry testId="c878e9ba-46bf-00b5-a8be-a988ac37f973" executionId="0bcbbb61-a2c4-4aad-bacb-80f25049491a" testListId="8c84fa94-04c1-424b-9868-57a2d4851a1d" />
    <TestEntry testId="a77eef62-81f7-6544-83f9-95298ec32c95" executionId="0c5ac60b-c3a5-4dfa-9827-85e72751066d" testListId="8c84fa94-04c1-424b-9868-57a2d4851a1d" />
    <TestEntry testId="e1e175ed-feba-4c6f-4525-385ac52e4ff1" executionId="8e37f822-703f-450f-8ae8-63756dcfd0c6" testListId="8c84fa94-04c1-424b-9868-57a2d4851a1d" />
    <TestEntry testId="d2ebcdb0-238b-cbb7-f625-318772534557" executionId="4c277595-a7e0-4dc5-b900-5cab4f8bd8fd" testListId="8c84fa94-04c1-424b-9868-57a2d4851a1d" />
    <TestEntry testId="13bb17c0-9c5e-610c-5753-956c620e1962" executionId="026bead8-a944-49ae-9ed9-d1769db43f53" testListId="8c84fa94-04c1-424b-9868-57a2d4851a1d" />
    <TestEntry testId="179cc0df-2279-559c-aebb-9ee7ba5aaaf0" executionId="58be9bef-6d02-43dd-9fa9-f6dd78c27e69" testListId="8c84fa94-04c1-424b-9868-57a2d4851a1d" />
    <TestEntry testId="a64081be-e7d0-830f-dfc8-24bbee2a32f5" executionId="01087214-93f8-48ee-ae40-3162ca6b0da9" testListId="8c84fa94-04c1-424b-9868-57a2d4851a1d" />
    <TestEntry testId="51b05b71-c723-8fd8-a294-f2801277fd50" executionId="8fb47264-6bf7-4bcb-9b2e-9717a6aed93b" testListId="8c84fa94-04c1-424b-9868-57a2d4851a1d" />
    <TestEntry testId="25c1bea4-c0ff-d075-22a4-63b5c72151e9" executionId="3a134552-4de4-480c-a789-ffdb698e21d5" testListId="8c84fa94-04c1-424b-9868-57a2d4851a1d" />
    <TestEntry testId="4227e0f9-8436-5214-22f2-5b8f8dec94a3" executionId="bf5a9a59-4ac2-4add-90f0-cff2868970ec" testListId="8c84fa94-04c1-424b-9868-57a2d4851a1d" />
    <TestEntry testId="65c51164-1841-273f-ce30-d1469bd02f88" executionId="7f1a0996-9aca-4f45-a8f1-79dbfcf5c40a" testListId="8c84fa94-04c1-424b-9868-57a2d4851a1d" />
    <TestEntry testId="8e1e0562-0c98-e226-1bf8-4de563a5fa13" executionId="f850fe12-ad4d-4e17-848d-9f1667984fe1" testListId="8c84fa94-04c1-424b-9868-57a2d4851a1d" />
    <TestEntry testId="1926ccdc-00d6-72e9-1270-04d414099d1b" executionId="46f32f5b-2b8d-4b92-9c32-f777d135208a" testListId="8c84fa94-04c1-424b-9868-57a2d4851a1d" />
    <TestEntry testId="8ace6733-ba13-8c23-aec1-3ea938759ad0" executionId="f032677d-67a3-4019-8fd2-b8b916d40b08" testListId="8c84fa94-04c1-424b-9868-57a2d4851a1d" />
    <TestEntry testId="ac03ec4c-67a9-1776-5723-d08e339146c5" executionId="a3b72cd5-952f-41a7-9487-8214f19f7529" testListId="8c84fa94-04c1-424b-9868-57a2d4851a1d" />
    <TestEntry testId="1367b65e-0b94-ba69-b954-fb8124eb22d5" executionId="cad71967-4e1a-470c-b8f6-f7c141d0dc03" testListId="8c84fa94-04c1-424b-9868-57a2d4851a1d" />
    <TestEntry testId="4af94715-f0ba-c849-32a4-dbc86e4a475a" executionId="4c0d7b92-6434-4a58-a0b5-05418a203dc4" testListId="8c84fa94-04c1-424b-9868-57a2d4851a1d" />
    <TestEntry testId="51b33863-1938-707d-697f-94c37596fd6d" executionId="56215c13-7f8e-43e6-891d-1cabc617ee95" testListId="8c84fa94-04c1-424b-9868-57a2d4851a1d" />
    <TestEntry testId="6768218c-6567-ac9b-b338-b8819476acaf" executionId="9b38d6ee-b37a-4829-927a-2f8af8cf6e13" testListId="8c84fa94-04c1-424b-9868-57a2d4851a1d" />
    <TestEntry testId="dbf1db3e-c119-5966-af76-e8157d531ea2" executionId="ee8a4627-f3f4-4178-8143-8e326d9ada58" testListId="8c84fa94-04c1-424b-9868-57a2d4851a1d" />
    <TestEntry testId="11a87397-1757-077d-c7e6-d2ba1dcbdd5b" executionId="0f2455dd-7b3e-4c81-8e89-4d28ab4f8dee" testListId="8c84fa94-04c1-424b-9868-57a2d4851a1d" />
    <TestEntry testId="1b78643d-a4c2-713e-da90-2e6b0238a12b" executionId="baac1e09-7dad-4fa5-9fa6-ab7d270d46ba" testListId="8c84fa94-04c1-424b-9868-57a2d4851a1d" />
    <TestEntry testId="864c1316-42be-ac84-4487-0c84ff96ddee" executionId="86a4ff03-3a3d-4073-902f-ddc285e2641a" testListId="8c84fa94-04c1-424b-9868-57a2d4851a1d" />
    <TestEntry testId="8bb3b051-fd54-70fa-37da-5e1986e478a5" executionId="6546441f-11b8-4d93-914b-d9db40131fc2" testListId="8c84fa94-04c1-424b-9868-57a2d4851a1d" />
    <TestEntry testId="75f81ce1-0b2c-cf84-fe16-219224722139" executionId="94794365-b370-46e6-a54c-4f84a2510e3a" testListId="8c84fa94-04c1-424b-9868-57a2d4851a1d" />
    <TestEntry testId="e70aaa39-34a4-5c29-d102-ad4674ca6ab6" executionId="a0ab1da2-5e3b-460f-98c3-176165f29677" testListId="8c84fa94-04c1-424b-9868-57a2d4851a1d" />
    <TestEntry testId="a1781e25-4782-9e03-dffd-5a8b1b4e811d" executionId="00b353ae-8f9b-4fa7-a708-fe42ef486023" testListId="8c84fa94-04c1-424b-9868-57a2d4851a1d" />
    <TestEntry testId="76e6779b-a81e-af08-fa5a-6175a7306b7c" executionId="b3f4dbae-8545-47cf-aa4c-56119cdc1bca" testListId="8c84fa94-04c1-424b-9868-57a2d4851a1d" />
    <TestEntry testId="6cb01e3f-a03d-67b1-8f23-89bbdd8943a3" executionId="293a71dd-eaa5-46a9-894f-085550992bb9" testListId="8c84fa94-04c1-424b-9868-57a2d4851a1d" />
    <TestEntry testId="8859dd67-9eea-687f-ff9c-c8608298b7a0" executionId="3473b860-c23c-4a3b-820e-0f7ff3c700ec" testListId="8c84fa94-04c1-424b-9868-57a2d4851a1d" />
    <TestEntry testId="fe0fe535-97ea-db97-278f-86c835cfa276" executionId="f18090ad-94cf-4b48-82b8-cc8c9d2826bd" testListId="8c84fa94-04c1-424b-9868-57a2d4851a1d" />
    <TestEntry testId="4daa0264-d422-7a85-989e-1ae9e712a1eb" executionId="ed09510d-e488-4353-94d2-bc9452525c10" testListId="8c84fa94-04c1-424b-9868-57a2d4851a1d" />
    <TestEntry testId="58020c11-c291-9fff-a6eb-d178031b96c9" executionId="8b17b02f-a5b2-4c1e-8e5e-cf0950de4ac9" testListId="8c84fa94-04c1-424b-9868-57a2d4851a1d" />
    <TestEntry testId="b3391feb-285b-6d84-ca18-8c0b0036158b" executionId="5ee167a7-36ca-4b7d-88b8-f220874fc1d9" testListId="8c84fa94-04c1-424b-9868-57a2d4851a1d" />
    <TestEntry testId="84ecda38-a103-69a6-dbd6-ef8eb51c722d" executionId="4d35f827-39ee-4a0b-9a49-43baaba22251" testListId="8c84fa94-04c1-424b-9868-57a2d4851a1d" />
    <TestEntry testId="58f9e5ce-1bab-0c6b-1e0b-98e0a0083c94" executionId="85efe17c-dfeb-4b24-be5c-8cb1f593cdfb" testListId="8c84fa94-04c1-424b-9868-57a2d4851a1d" />
    <TestEntry testId="f7956f7c-5887-9a0c-7c3e-645573a0e845" executionId="fd8caae6-9f3c-48fd-a619-a15733010a68" testListId="8c84fa94-04c1-424b-9868-57a2d4851a1d" />
    <TestEntry testId="47fb6ba8-e618-b876-538b-b25771c9cf5f" executionId="b19cbb69-87cb-4250-9f97-ec130bbd218f" testListId="8c84fa94-04c1-424b-9868-57a2d4851a1d" />
    <TestEntry testId="c60ed206-bcf7-dc0f-cf55-94fdc287fbf9" executionId="7eda9a8f-02b5-40c9-8ec0-5db4a92c33ee" testListId="8c84fa94-04c1-424b-9868-57a2d4851a1d" />
    <TestEntry testId="1f0e270c-d2e3-6abe-d46c-198f7828d432" executionId="01ad3d13-3cff-48a2-8674-6fa6027da41b" testListId="8c84fa94-04c1-424b-9868-57a2d4851a1d" />
    <TestEntry testId="5bf4d307-a36a-3c36-5190-d6315ecad070" executionId="1861054a-5510-4307-a9f7-8edfb1877e82" testListId="8c84fa94-04c1-424b-9868-57a2d4851a1d" />
    <TestEntry testId="a80ce00d-8fef-39f6-2b9d-90a0409ab21e" executionId="26e664e2-cf1f-4d3f-8e02-89152e551e96" testListId="8c84fa94-04c1-424b-9868-57a2d4851a1d" />
    <TestEntry testId="430e1815-dd76-b549-699a-644e400c7601" executionId="d6f4ba2d-6adf-4777-b9b3-66c0d44b32c3" testListId="8c84fa94-04c1-424b-9868-57a2d4851a1d" />
    <TestEntry testId="5f6ec94d-79db-fbc6-a975-8fcf5e6da5de" executionId="c4d5f041-a133-4b6a-8aa9-2e4019312248" testListId="8c84fa94-04c1-424b-9868-57a2d4851a1d" />
    <TestEntry testId="6f030a63-1915-c5bb-effc-e00334ecdc58" executionId="4189fd34-4c91-44ce-a344-ff7c8c110d43" testListId="8c84fa94-04c1-424b-9868-57a2d4851a1d" />
    <TestEntry testId="ad512448-3972-9a5f-6725-9bed00cac1bb" executionId="246ecb6e-8738-4ecf-919f-c5a555a03c94" testListId="8c84fa94-04c1-424b-9868-57a2d4851a1d" />
    <TestEntry testId="0c92b541-a11c-af2d-cc00-baa08658eac8" executionId="b9f18990-388a-404a-9f9d-fb889b5a63dd" testListId="8c84fa94-04c1-424b-9868-57a2d4851a1d" />
    <TestEntry testId="6ee23e15-5212-e5e6-0d67-3661442b479b" executionId="44ee1d26-3857-4cb2-a33c-cfaf0d076593" testListId="8c84fa94-04c1-424b-9868-57a2d4851a1d" />
    <TestEntry testId="cadefb20-407b-c6d2-35c6-2e9949364070" executionId="4db81ed0-7a1c-4808-887c-c47d11c651f2" testListId="8c84fa94-04c1-424b-9868-57a2d4851a1d" />
    <TestEntry testId="8efb377e-4b03-38b4-bd1f-fee940d3e651" executionId="6f27602f-6858-4b6b-a092-5ada7ec97b9c" testListId="8c84fa94-04c1-424b-9868-57a2d4851a1d" />
    <TestEntry testId="7efd0b0b-8ee2-d5e8-47e2-5ba5eebb44d2" executionId="2465f761-e59c-4d83-820d-244447d0eb9d" testListId="8c84fa94-04c1-424b-9868-57a2d4851a1d" />
    <TestEntry testId="04e26c3f-1210-a75b-c0bc-6ef78e296957" executionId="6cbd2dd3-d907-4619-b5e5-b5a8a41e2f39" testListId="8c84fa94-04c1-424b-9868-57a2d4851a1d" />
    <TestEntry testId="d06109ca-bc0c-33f1-28f4-f8127946b5ef" executionId="741e40a0-0ce4-4a4d-9229-9ec809594ba3" testListId="8c84fa94-04c1-424b-9868-57a2d4851a1d" />
    <TestEntry testId="30c3cce2-7c89-bcba-f34c-cd4f8b59ce23" executionId="2ac27271-fdbe-4460-9988-fb745d7ebb25" testListId="8c84fa94-04c1-424b-9868-57a2d4851a1d" />
    <TestEntry testId="654eaa9a-fb20-1f7a-8fb7-20107e7e962f" executionId="06024807-b62d-4fdb-aaf0-301540cb7146" testListId="8c84fa94-04c1-424b-9868-57a2d4851a1d" />
    <TestEntry testId="71b016af-5365-c420-5627-629663f2e7e7" executionId="26a2fd26-1bf4-4b35-9208-5da6edb08c03" testListId="8c84fa94-04c1-424b-9868-57a2d4851a1d" />
    <TestEntry testId="5b940e7e-5602-6e2d-9bb4-ea58b2e075ab" executionId="70402ec5-06c5-4f26-9e64-b10a1f2f6b92" testListId="8c84fa94-04c1-424b-9868-57a2d4851a1d" />
    <TestEntry testId="d38f3350-2c4c-d044-aa67-55d99697e67a" executionId="0e2fb713-88ed-4173-b91d-a8c0b5a2371f" testListId="8c84fa94-04c1-424b-9868-57a2d4851a1d" />
    <TestEntry testId="49f08ad4-e3ca-7af9-80e5-b685a0b47674" executionId="72c66fb9-f4a5-4fbf-a47b-ce8c58a5b27f" testListId="8c84fa94-04c1-424b-9868-57a2d4851a1d" />
    <TestEntry testId="ca034f59-6d8f-3d39-f10e-3725456122ef" executionId="231c46bf-f21c-456e-9a8a-daca80c73d91" testListId="8c84fa94-04c1-424b-9868-57a2d4851a1d" />
    <TestEntry testId="ffc628dd-c985-e3f1-ca17-da9cca506fbc" executionId="b05dd3a4-c749-4dd3-931a-95f8b9268af0" testListId="8c84fa94-04c1-424b-9868-57a2d4851a1d" />
    <TestEntry testId="b326ef4c-7f50-dcc1-8e16-23f12d57cfac" executionId="bf01fae3-444d-4c56-bc0b-2c36a4a620d9" testListId="8c84fa94-04c1-424b-9868-57a2d4851a1d" />
    <TestEntry testId="ed1f5b6f-32d8-84ac-275a-18cb835c861f" executionId="72618b62-393f-447f-945f-bdc02609b802" testListId="8c84fa94-04c1-424b-9868-57a2d4851a1d" />
    <TestEntry testId="562129e5-360d-2549-3c09-e4b49f36264d" executionId="6fdac8bd-9a21-45e7-913d-cb085ccd6b6b" testListId="8c84fa94-04c1-424b-9868-57a2d4851a1d" />
    <TestEntry testId="09eb03c3-6c6b-d07d-0c0e-f69b7a3941d2" executionId="506c860a-cc96-4967-9ea9-21de0fa591aa" testListId="8c84fa94-04c1-424b-9868-57a2d4851a1d" />
    <TestEntry testId="3f5c3338-429f-c1bb-e1a8-d8bab8ab3016" executionId="4c781686-d9de-4cf9-82e6-bddbbb6f0a71" testListId="8c84fa94-04c1-424b-9868-57a2d4851a1d" />
    <TestEntry testId="a9afc403-29e6-88a4-c2af-4c0ff8d8a28b" executionId="2b8aee55-133d-49c2-95cb-33ddf06e5724" testListId="8c84fa94-04c1-424b-9868-57a2d4851a1d" />
    <TestEntry testId="4127f69b-e124-236a-5b11-95ef3fc8f483" executionId="75409fcf-76c2-4ab8-8649-2a6efa727ebd" testListId="8c84fa94-04c1-424b-9868-57a2d4851a1d" />
    <TestEntry testId="1d8da37b-0383-95ed-5f34-6e3377ad113e" executionId="93f96a32-4411-42ae-b6d3-93f4b5ad1e40" testListId="8c84fa94-04c1-424b-9868-57a2d4851a1d" />
    <TestEntry testId="128b2e33-c1df-6a98-010e-1414bed50de5" executionId="d97f3bc8-f82c-41e0-9801-0f109308d993" testListId="8c84fa94-04c1-424b-9868-57a2d4851a1d" />
    <TestEntry testId="9893997e-53da-cb26-1457-0e4e96142bee" executionId="6c76c179-1f5b-4b4c-a7af-523ba300c301" testListId="8c84fa94-04c1-424b-9868-57a2d4851a1d" />
    <TestEntry testId="06d185b1-8e0c-2b9c-5317-e602212f73e4" executionId="13810d9b-aea7-46bc-a6b1-522f6de3c0d5" testListId="8c84fa94-04c1-424b-9868-57a2d4851a1d" />
    <TestEntry testId="81a1abf8-6be1-aea7-389f-5894b71b2368" executionId="45d59980-5c04-4cb0-8cad-79291d27c1e6" testListId="8c84fa94-04c1-424b-9868-57a2d4851a1d" />
    <TestEntry testId="ce027c0e-b7b6-30e8-95b9-9af781c2b3c7" executionId="f4d58b22-2fba-4af6-9924-456d0900a119" testListId="8c84fa94-04c1-424b-9868-57a2d4851a1d" />
    <TestEntry testId="87211bb6-e48e-1d49-fcdf-06cad7d36de4" executionId="9af3ff90-587d-4341-97f2-e7f32d9aef99" testListId="8c84fa94-04c1-424b-9868-57a2d4851a1d" />
    <TestEntry testId="0586ee37-1679-40ac-d62d-77bb3679488e" executionId="a783911f-c5b7-4ace-9ebd-52d52ea3d2da" testListId="8c84fa94-04c1-424b-9868-57a2d4851a1d" />
    <TestEntry testId="d7f6d945-38ba-f308-695a-8462453f5d48" executionId="cbe327e3-2fbf-4e84-9153-0c56329d0916" testListId="8c84fa94-04c1-424b-9868-57a2d4851a1d" />
    <TestEntry testId="d4ee9b79-4196-caa7-d7b1-e48434993a78" executionId="7a3a49c7-7772-4f03-9fd4-eb06fdae33e8" testListId="8c84fa94-04c1-424b-9868-57a2d4851a1d" />
    <TestEntry testId="63c783d3-cd4f-c315-c316-5735ac8dfa26" executionId="c419b15c-6054-4ddb-a6d6-1d450388a269" testListId="8c84fa94-04c1-424b-9868-57a2d4851a1d" />
    <TestEntry testId="5cb8adb0-f986-570a-997c-7c2904e5d79c" executionId="f19546ab-49b7-46fa-8df6-45510d64a831" testListId="8c84fa94-04c1-424b-9868-57a2d4851a1d" />
    <TestEntry testId="c129ca2d-465d-f65c-dd70-3e713e975538" executionId="591e5c9b-8c97-494d-9c99-aac97b16584c" testListId="8c84fa94-04c1-424b-9868-57a2d4851a1d" />
    <TestEntry testId="e41e37c8-c167-4d5a-947f-916a5e4f0a98" executionId="2a897c84-b86a-4562-9127-dd08206e2cb5" testListId="8c84fa94-04c1-424b-9868-57a2d4851a1d" />
    <TestEntry testId="cff9ba3d-2dbc-742f-d119-8f20ec27c96a" executionId="4f9e93f4-8e77-48de-936d-d6da399354e9" testListId="8c84fa94-04c1-424b-9868-57a2d4851a1d" />
    <TestEntry testId="c7e76d21-7d2a-305a-821d-d13e50bc910e" executionId="4310ccfd-d520-4609-ac05-f9ac0e7bb08a" testListId="8c84fa94-04c1-424b-9868-57a2d4851a1d" />
    <TestEntry testId="cb84e372-0db4-cadb-ea5a-8162f8875b13" executionId="82ec6aea-5136-4606-911e-77c4ad2e5816" testListId="8c84fa94-04c1-424b-9868-57a2d4851a1d" />
    <TestEntry testId="5202701f-df81-3f07-3fd3-41cc028b9321" executionId="09270f26-5bea-48f3-a25c-c9a436eca7a0" testListId="8c84fa94-04c1-424b-9868-57a2d4851a1d" />
    <TestEntry testId="286050a7-100a-f742-a554-97960a8416b4" executionId="16adb58e-18b5-43a5-829b-db87e12a51c6" testListId="8c84fa94-04c1-424b-9868-57a2d4851a1d" />
    <TestEntry testId="22ff405e-4e4b-ec94-1d81-69603bb819cf" executionId="db63b9ee-a0fb-4ab8-9f3a-d9150f446ae7" testListId="8c84fa94-04c1-424b-9868-57a2d4851a1d" />
    <TestEntry testId="c2c6b748-9b14-6f0a-0f8d-8c173d1905eb" executionId="716573b4-e3fe-4007-9299-712914e98721" testListId="8c84fa94-04c1-424b-9868-57a2d4851a1d" />
    <TestEntry testId="8f98acd7-c84b-a7f7-fb7f-0412075549d6" executionId="5c88f1fe-0596-4294-9d15-344ce0c881d3" testListId="8c84fa94-04c1-424b-9868-57a2d4851a1d" />
    <TestEntry testId="9553bcf1-c46a-a9e1-ecea-160af9ebe5b9" executionId="133f5bb4-c0e2-4be6-95fc-093906f1c7ab" testListId="8c84fa94-04c1-424b-9868-57a2d4851a1d" />
    <TestEntry testId="bfcb74b4-5613-466e-636e-46588ff6d874" executionId="7396696e-8cdd-4c43-93df-15a525ca281a" testListId="8c84fa94-04c1-424b-9868-57a2d4851a1d" />
    <TestEntry testId="ca7c5320-b258-ec0a-0209-15c9a535c03a" executionId="dc847ba2-419a-4002-9ba3-2bd8e5f64c0c" testListId="8c84fa94-04c1-424b-9868-57a2d4851a1d" />
    <TestEntry testId="11042bfa-6f03-b286-ef0b-94ab219837bb" executionId="4e98cc02-cda8-4174-8440-d28fbc5aff13" testListId="8c84fa94-04c1-424b-9868-57a2d4851a1d" />
    <TestEntry testId="086f68bd-b3fd-894f-d1fe-0dbb71a51984" executionId="617cde04-4be0-40bf-8eb7-c18f954c6376" testListId="8c84fa94-04c1-424b-9868-57a2d4851a1d" />
    <TestEntry testId="b35efadf-d298-a3ae-5e0d-2f5be75318ec" executionId="8e930172-c610-460c-ae21-b507a66c038a" testListId="8c84fa94-04c1-424b-9868-57a2d4851a1d" />
    <TestEntry testId="d09ead03-57a4-a7c5-33ac-18bdf2ed785e" executionId="f77177d4-4f34-4e1b-b3f2-8e7a8f90b230" testListId="8c84fa94-04c1-424b-9868-57a2d4851a1d" />
    <TestEntry testId="8acd974b-58e6-d71d-65a7-9fcbeabcb975" executionId="3e3e0795-0090-45a4-8e68-6475f1e43af2" testListId="8c84fa94-04c1-424b-9868-57a2d4851a1d" />
    <TestEntry testId="fa2fb9d9-01c1-922c-5d5a-386819eb8668" executionId="e13a86bf-b30f-4269-8e2e-593758d75e3c" testListId="8c84fa94-04c1-424b-9868-57a2d4851a1d" />
    <TestEntry testId="cf93dd1e-782f-a497-0561-e7df285ec6b5" executionId="82da8076-7bff-4c45-89b3-499282b15794" testListId="8c84fa94-04c1-424b-9868-57a2d4851a1d" />
    <TestEntry testId="8d94802d-53d7-d3b2-047f-ec9d0a5e3623" executionId="b270c7b3-4253-4e1d-be6e-b6313089a089" testListId="8c84fa94-04c1-424b-9868-57a2d4851a1d" />
    <TestEntry testId="25b79e49-f078-c9d3-fc26-60ff43e1f658" executionId="d08e6462-7e94-40d9-a613-205213bdb53e" testListId="8c84fa94-04c1-424b-9868-57a2d4851a1d" />
    <TestEntry testId="76480529-7b76-e863-86e1-c858751ba287" executionId="31320c4a-a162-4a00-b9ca-18e6d873be73" testListId="8c84fa94-04c1-424b-9868-57a2d4851a1d" />
    <TestEntry testId="6bd493a3-ac41-907d-ed2a-363507596529" executionId="1dc222e4-05c4-433f-8f3f-ef4deaf991f2" testListId="8c84fa94-04c1-424b-9868-57a2d4851a1d" />
    <TestEntry testId="0b31d2fc-41d9-baed-8aab-114ee6aaff9e" executionId="80c09ae5-297c-42bc-ad02-b08619dbd3a2" testListId="8c84fa94-04c1-424b-9868-57a2d4851a1d" />
    <TestEntry testId="789bb7c5-38de-ac73-095d-7a54a206a4c4" executionId="cec496e0-b06d-4714-bf9a-0676f01fffd7" testListId="8c84fa94-04c1-424b-9868-57a2d4851a1d" />
    <TestEntry testId="06a88817-6ff8-d8d0-0cd7-9f4aa269e975" executionId="62eae2f5-9695-4eda-9723-d671ddb75cba" testListId="8c84fa94-04c1-424b-9868-57a2d4851a1d" />
    <TestEntry testId="fb45c14f-031e-2628-e205-53c6379c578f" executionId="1db7a150-5bd8-4609-a112-3c169ca1a3c6" testListId="8c84fa94-04c1-424b-9868-57a2d4851a1d" />
    <TestEntry testId="ff3d2d05-1397-0038-c496-c12b7435aaee" executionId="58b15698-0dfc-4e0c-aa94-86258839fe90" testListId="8c84fa94-04c1-424b-9868-57a2d4851a1d" />
    <TestEntry testId="26745cdf-54c9-6722-4605-f8b66ff30e43" executionId="a535fdf8-75ac-4fbb-a31d-1762c97d37ef" testListId="8c84fa94-04c1-424b-9868-57a2d4851a1d" />
    <TestEntry testId="ac0a91f2-dd7a-5fc1-8193-eac940cd0656" executionId="f069cba4-eeea-4423-bd8a-f191907b79f7" testListId="8c84fa94-04c1-424b-9868-57a2d4851a1d" />
    <TestEntry testId="2fbca240-d73e-90fe-fa10-66a717472df8" executionId="3ba22e5a-3ad4-4a89-85d6-bfff2d207e04" testListId="8c84fa94-04c1-424b-9868-57a2d4851a1d" />
    <TestEntry testId="8fac2b79-9e79-56e1-c8b9-dbffbd82ae43" executionId="4bd4e253-7ada-41a8-8160-adf8c2596764" testListId="8c84fa94-04c1-424b-9868-57a2d4851a1d" />
    <TestEntry testId="bdb55858-84b2-f69a-3f3e-7530e9bd9a2f" executionId="250ae8ea-d5df-47b5-a6ee-72f1a96026cf" testListId="8c84fa94-04c1-424b-9868-57a2d4851a1d" />
    <TestEntry testId="3912834e-3d92-476d-bcd0-c1ca3109cfb6" executionId="11617d1f-a3d6-4b0d-afae-2a8201492352" testListId="8c84fa94-04c1-424b-9868-57a2d4851a1d" />
    <TestEntry testId="8237b5ca-ec4b-2f2b-c709-52a921fafd5c" executionId="7eac7846-d2e8-4431-8675-f7764ee74a9a" testListId="8c84fa94-04c1-424b-9868-57a2d4851a1d" />
    <TestEntry testId="70bec1df-5a68-44f4-dc37-08e0c2b5dd45" executionId="5c853c3f-9190-46f3-aed5-271978987d00" testListId="8c84fa94-04c1-424b-9868-57a2d4851a1d" />
    <TestEntry testId="98e742b5-a9e8-df93-45b6-fa0d531caa6b" executionId="8921dc02-8183-4a57-b53f-d44f551ac9b8" testListId="8c84fa94-04c1-424b-9868-57a2d4851a1d" />
    <TestEntry testId="43af3814-604d-ceff-d278-6fdeab109940" executionId="0277dc9e-1a76-4222-8245-802858465b1c" testListId="8c84fa94-04c1-424b-9868-57a2d4851a1d" />
    <TestEntry testId="ec80a51d-21e0-d5fc-5b4e-aaa2b87640b8" executionId="40195fd1-5987-4fdc-af34-4b597ac8d0b6" testListId="8c84fa94-04c1-424b-9868-57a2d4851a1d" />
    <TestEntry testId="62d8a504-87cb-5ba7-c255-1d3c38bd41a0" executionId="9740204a-916c-4e07-b3ff-c09478ea0591" testListId="8c84fa94-04c1-424b-9868-57a2d4851a1d" />
    <TestEntry testId="d39a468f-9980-5d97-4555-244415136c85" executionId="786d606a-88f9-4241-8384-83592fcb2349" testListId="8c84fa94-04c1-424b-9868-57a2d4851a1d" />
    <TestEntry testId="f433ab30-ec94-3266-329c-2d06d086eb91" executionId="5bc39e73-adb2-422d-989d-ea512977ab4e" testListId="8c84fa94-04c1-424b-9868-57a2d4851a1d" />
    <TestEntry testId="62eaccee-691a-dc72-a0c7-fc4bd9bbc8f7" executionId="90392536-f4cb-4b16-8a08-1cc69873c72d" testListId="8c84fa94-04c1-424b-9868-57a2d4851a1d" />
    <TestEntry testId="c50cc28e-ba3b-5d96-dbce-01f62e4d3c72" executionId="ae6372e7-a272-4bfd-97b8-258d83b181e0" testListId="8c84fa94-04c1-424b-9868-57a2d4851a1d" />
    <TestEntry testId="9efd92db-4c9f-0192-da69-654d8f42ce4b" executionId="68af31e2-91eb-408d-a902-5e9f6651ea82" testListId="8c84fa94-04c1-424b-9868-57a2d4851a1d" />
    <TestEntry testId="ba610d56-53b0-45dd-63d9-9d6b77e9ef0d" executionId="832161ba-0a1a-477b-a80f-08f341443f70" testListId="8c84fa94-04c1-424b-9868-57a2d4851a1d" />
    <TestEntry testId="c6f15296-0fc2-f115-2027-fc75b24fa682" executionId="4a285c7d-83ce-4910-b285-6a0a1875ded0" testListId="8c84fa94-04c1-424b-9868-57a2d4851a1d" />
    <TestEntry testId="60f4f078-0154-b41b-3de6-b38d34b12689" executionId="4a1a0384-11c4-47f4-a005-85f1e39119b1" testListId="8c84fa94-04c1-424b-9868-57a2d4851a1d" />
    <TestEntry testId="efb45302-0f2f-f7b4-5294-ebcf02624fff" executionId="98c0f296-7a8f-4ec2-9a75-5c6465426591" testListId="8c84fa94-04c1-424b-9868-57a2d4851a1d" />
    <TestEntry testId="dc712ba9-82f8-4816-135c-198a6c843205" executionId="66a69ec4-b068-48ef-816b-8822cfb115da" testListId="8c84fa94-04c1-424b-9868-57a2d4851a1d" />
    <TestEntry testId="ced3616f-3c88-db6e-d1dd-4edc14da40be" executionId="390ab39c-bf5a-4904-9cf0-2d8e56112b5c" testListId="8c84fa94-04c1-424b-9868-57a2d4851a1d" />
    <TestEntry testId="0743b053-5f80-39e3-2415-87af7f5a56f8" executionId="7afdb55f-60d0-4000-982b-9ac882db24c7" testListId="8c84fa94-04c1-424b-9868-57a2d4851a1d" />
    <TestEntry testId="8fd04541-1f43-6b67-271f-30979468cdcb" executionId="039257d2-3088-4d2f-96f2-b342ff67906e" testListId="8c84fa94-04c1-424b-9868-57a2d4851a1d" />
    <TestEntry testId="465b8b22-ae43-8771-bab3-c61bdf88be2c" executionId="3387e546-6319-4eae-b06b-dfba949878f5" testListId="8c84fa94-04c1-424b-9868-57a2d4851a1d" />
    <TestEntry testId="279277b8-c475-1740-4b89-51c71b5e60bc" executionId="feb77038-cc57-4739-9f9d-729262ae5635" testListId="8c84fa94-04c1-424b-9868-57a2d4851a1d" />
    <TestEntry testId="99f5e557-c1c6-7f3a-33fd-4b0fa5a0fc7b" executionId="137794b7-ac66-4090-a0a8-6f3f77c79e48" testListId="8c84fa94-04c1-424b-9868-57a2d4851a1d" />
    <TestEntry testId="5dfc668d-d86b-26a4-226b-e2a6e77eef12" executionId="7afbff35-0695-43f0-8d82-4fcbe42293ca" testListId="8c84fa94-04c1-424b-9868-57a2d4851a1d" />
    <TestEntry testId="9347f5be-5008-ff2d-ab85-8c6415e57b12" executionId="762ca5de-8a4c-4acd-8602-0b84710dbfa8" testListId="8c84fa94-04c1-424b-9868-57a2d4851a1d" />
    <TestEntry testId="5178c6a1-917a-63ef-4a44-3f3fa3a4a76b" executionId="1a617b3c-062f-4d0d-8d81-74660eccccc0" testListId="8c84fa94-04c1-424b-9868-57a2d4851a1d" />
    <TestEntry testId="20095e8b-1aec-bdd5-2c64-cc198f7229e3" executionId="8bda3939-066b-4c16-a3a6-e8c4176ea970" testListId="8c84fa94-04c1-424b-9868-57a2d4851a1d" />
    <TestEntry testId="d4a217ca-816a-5180-50f8-63455cbe611d" executionId="cab0eab4-2d7a-43bb-a498-fbc646952ad6" testListId="8c84fa94-04c1-424b-9868-57a2d4851a1d" />
    <TestEntry testId="ec063bfd-14dd-1deb-4fd4-311c75309607" executionId="ab8df96e-208b-4b72-915c-7b987fd66d89" testListId="8c84fa94-04c1-424b-9868-57a2d4851a1d" />
    <TestEntry testId="f85689af-bccc-784d-b093-f7a296ae9b10" executionId="9671d31f-ab9f-45cf-8796-19a99975ac38" testListId="8c84fa94-04c1-424b-9868-57a2d4851a1d" />
    <TestEntry testId="ecd5df6d-1685-a29f-808d-8af5b0a515ad" executionId="d180c08d-66b6-4a7a-8929-0197c2ec2029" testListId="8c84fa94-04c1-424b-9868-57a2d4851a1d" />
    <TestEntry testId="91607d23-bc6b-f681-4a48-14272be4cab9" executionId="11331243-59cc-40c4-a472-54d19dbb8914" testListId="8c84fa94-04c1-424b-9868-57a2d4851a1d" />
    <TestEntry testId="680a57ed-aef7-7627-554b-2ab01bc33ccf" executionId="f968d9b7-d558-42da-940e-368b654f41b9" testListId="8c84fa94-04c1-424b-9868-57a2d4851a1d" />
    <TestEntry testId="e1b783a4-63da-62c3-ab50-be899fdd79e2" executionId="b7b4aee1-234a-4e03-9e41-228b746e23c3" testListId="8c84fa94-04c1-424b-9868-57a2d4851a1d" />
    <TestEntry testId="66e03bc3-9a1a-bb82-873e-d256b3c27477" executionId="c062f334-1c27-46b9-91ae-1962fe5bee7c" testListId="8c84fa94-04c1-424b-9868-57a2d4851a1d" />
    <TestEntry testId="273b19f2-bc2e-0fff-03d9-8e3fde4e1105" executionId="20ff26ce-e4fe-470a-bb07-019cd010cd5d" testListId="8c84fa94-04c1-424b-9868-57a2d4851a1d" />
    <TestEntry testId="1fdd6646-6375-970a-197e-20c3648dadc9" executionId="7dc60a77-e470-4f83-b7a2-10814da98cb5" testListId="8c84fa94-04c1-424b-9868-57a2d4851a1d" />
    <TestEntry testId="1b904dc2-8da7-b28a-8a35-1d3fce5defa3" executionId="079d905c-da05-461b-983d-10d23aa45211" testListId="8c84fa94-04c1-424b-9868-57a2d4851a1d" />
    <TestEntry testId="5ba0ef3d-e993-fb04-f50d-80614c1f48e6" executionId="348ee426-4241-4d8d-8efa-d723f34edc26" testListId="8c84fa94-04c1-424b-9868-57a2d4851a1d" />
    <TestEntry testId="dd671476-ed2b-7b45-cac8-cb394e9796e3" executionId="91803e3c-781b-4a03-a9e5-5a9dd3863824" testListId="8c84fa94-04c1-424b-9868-57a2d4851a1d" />
    <TestEntry testId="2d61dcee-0012-4326-757b-21eec977f81e" executionId="0c0c5da4-f0a5-46ec-b008-cbbd6e492ea7" testListId="8c84fa94-04c1-424b-9868-57a2d4851a1d" />
    <TestEntry testId="ecd9a953-91a9-d4a0-56ca-0eb0a06434eb" executionId="23befc55-82f3-44fa-a157-f2cc65bede19" testListId="8c84fa94-04c1-424b-9868-57a2d4851a1d" />
    <TestEntry testId="37561f65-3332-c899-f5ae-4fb0281f2762" executionId="c2426d4c-56fc-4770-aaa4-602850a28b0f" testListId="8c84fa94-04c1-424b-9868-57a2d4851a1d" />
    <TestEntry testId="6f8b015e-fbb6-5aab-26fd-c4459351481b" executionId="8a4163c6-6b00-45ff-a22a-2e3f8c084618" testListId="8c84fa94-04c1-424b-9868-57a2d4851a1d" />
    <TestEntry testId="b65bf01a-1b91-6b6e-4a80-ca1071e8595d" executionId="9328aa9e-fb48-4c5f-a77e-10b9d1c7c355" testListId="8c84fa94-04c1-424b-9868-57a2d4851a1d" />
    <TestEntry testId="38e54b38-917c-5b2b-c952-bdf2eaa51d0c" executionId="388c1486-b419-4da3-a296-8f919e066884" testListId="8c84fa94-04c1-424b-9868-57a2d4851a1d" />
    <TestEntry testId="900d4084-ca2a-a561-f0ce-b663527c6003" executionId="5101266b-bdc6-44e2-94ac-5caa20de54c6" testListId="8c84fa94-04c1-424b-9868-57a2d4851a1d" />
    <TestEntry testId="00c90b43-b77b-0b3c-b457-9469df9e7f8e" executionId="d25b5a81-ccc8-4c9b-91d9-38789e9024a6" testListId="8c84fa94-04c1-424b-9868-57a2d4851a1d" />
    <TestEntry testId="b931d369-9310-8747-a788-ef7d7112806a" executionId="b63ffb2f-9a17-4aa8-a4f5-24ff7cad512c" testListId="8c84fa94-04c1-424b-9868-57a2d4851a1d" />
    <TestEntry testId="ef5a7c41-c0be-df83-b30a-5c970829c937" executionId="2ec9449e-a95f-40ad-906f-3e636339d13c" testListId="8c84fa94-04c1-424b-9868-57a2d4851a1d" />
    <TestEntry testId="f6f57a3d-4eb8-1874-da57-7a9e4d6b9c42" executionId="0ffb5ca5-6923-4b10-82f9-ad060756d2e3" testListId="8c84fa94-04c1-424b-9868-57a2d4851a1d" />
    <TestEntry testId="d0bc7ea5-e2a0-6790-9331-20e93b51d0a9" executionId="bdf598ad-f50e-4a6d-a913-c23367c56200" testListId="8c84fa94-04c1-424b-9868-57a2d4851a1d" />
    <TestEntry testId="feef8d1e-733e-c97b-cae9-59e37cf87fb6" executionId="3ad139a3-caeb-46ea-b584-03236dcaec0e" testListId="8c84fa94-04c1-424b-9868-57a2d4851a1d" />
    <TestEntry testId="2a27032e-00ea-3b79-aa12-bae663492183" executionId="82161d33-35d0-4581-9863-9da2d36e741c" testListId="8c84fa94-04c1-424b-9868-57a2d4851a1d" />
    <TestEntry testId="606a7735-aef6-0113-4704-36b83853043c" executionId="eab9b42d-e341-4184-9508-e07cdb353395" testListId="8c84fa94-04c1-424b-9868-57a2d4851a1d" />
    <TestEntry testId="432777c4-85ce-08a8-7a5e-5d42b9d61e9b" executionId="5c100f3c-f403-4b2b-804d-d50d861478b6" testListId="8c84fa94-04c1-424b-9868-57a2d4851a1d" />
    <TestEntry testId="616fe719-bf7f-7000-9e32-4cae5f1dd897" executionId="8a4c5283-23a9-4b36-9d80-9ed25eb65267" testListId="8c84fa94-04c1-424b-9868-57a2d4851a1d" />
    <TestEntry testId="0bcd34cc-6526-724a-3466-15a3045d227d" executionId="b5518db2-fde0-4561-a06d-c3dc21800a3b" testListId="8c84fa94-04c1-424b-9868-57a2d4851a1d" />
    <TestEntry testId="be92073c-cf35-830c-7fa7-636e79ce0e65" executionId="c7f767ea-ddd1-4756-acf8-7338b22e8f4f" testListId="8c84fa94-04c1-424b-9868-57a2d4851a1d" />
    <TestEntry testId="3ac61dc8-78ef-0ee4-9390-ba6ea3941593" executionId="0ab7bb36-1f4f-4758-a5ff-073259c6ef1c" testListId="8c84fa94-04c1-424b-9868-57a2d4851a1d" />
    <TestEntry testId="b8387dd6-f890-7e0b-f414-a4e07ecc407b" executionId="a1046b54-aa57-43bf-b77b-8e6634e19817" testListId="8c84fa94-04c1-424b-9868-57a2d4851a1d" />
    <TestEntry testId="c453c6ec-7ac7-6aba-4513-ebc0b71441c4" executionId="99115ae7-1530-47e8-bc88-f57fa95b49a5" testListId="8c84fa94-04c1-424b-9868-57a2d4851a1d" />
    <TestEntry testId="79eb825b-0ac9-6c28-1949-0ddaebf10cfc" executionId="2c1e61b7-e2c1-4685-b64f-5058adc600aa" testListId="8c84fa94-04c1-424b-9868-57a2d4851a1d" />
    <TestEntry testId="a082270a-fadb-de54-1aa3-b3ff6bca16d1" executionId="edd93e0b-6c81-4b9a-b7bf-ae4fdc7a0a2e" testListId="8c84fa94-04c1-424b-9868-57a2d4851a1d" />
    <TestEntry testId="fcdc4ad3-b05f-80e2-df7c-dfcaf995ac74" executionId="538645c0-f98b-4ec6-8c3f-a5478eeecb50" testListId="8c84fa94-04c1-424b-9868-57a2d4851a1d" />
    <TestEntry testId="4bc5f009-c973-f931-1d45-f0addc813db2" executionId="d1684046-124d-4987-83c4-9baa8f4e22f3" testListId="8c84fa94-04c1-424b-9868-57a2d4851a1d" />
    <TestEntry testId="39588d47-2e56-432b-359a-0110f3e63f57" executionId="73263f49-7366-418c-b7a7-b6a9f4417266" testListId="8c84fa94-04c1-424b-9868-57a2d4851a1d" />
    <TestEntry testId="13f1786b-ba98-dd5e-fe5d-f541f09404b5" executionId="767800b2-530e-4f62-8392-c797989edf64" testListId="8c84fa94-04c1-424b-9868-57a2d4851a1d" />
    <TestEntry testId="108c2052-fc39-fc7d-462e-5ca8813e0e6a" executionId="df9b087e-9290-4000-ba42-cc566d974f6f" testListId="8c84fa94-04c1-424b-9868-57a2d4851a1d" />
    <TestEntry testId="5c207727-4ce6-c546-30ce-9e08049db82c" executionId="d29af5e5-57d3-4f89-87b6-68c15e9e3893" testListId="8c84fa94-04c1-424b-9868-57a2d4851a1d" />
    <TestEntry testId="a0f0b9fe-c760-fce9-98fe-b72d6b75fdd4" executionId="838d0b1c-a1f3-43af-94c3-56ca41f65bf4" testListId="8c84fa94-04c1-424b-9868-57a2d4851a1d" />
    <TestEntry testId="aa6ed367-4142-c0b5-bc61-0c60c3e84f7e" executionId="03f7a243-e6af-4b40-813e-2883605f4ab0" testListId="8c84fa94-04c1-424b-9868-57a2d4851a1d" />
    <TestEntry testId="e931af6a-3452-9003-decc-ede4ba4ec081" executionId="a2d002b3-bedd-4a54-86cb-79ef43e515da" testListId="8c84fa94-04c1-424b-9868-57a2d4851a1d" />
    <TestEntry testId="95936557-3c3b-a0be-ca02-74d60844464c" executionId="3d426c29-e57d-4622-8f1c-b79af0e21a70" testListId="8c84fa94-04c1-424b-9868-57a2d4851a1d" />
    <TestEntry testId="0490562c-80e0-39a9-2279-32a1d1908d6e" executionId="8b5dfe68-c5eb-481d-aa8e-676cef75cbb6" testListId="8c84fa94-04c1-424b-9868-57a2d4851a1d" />
    <TestEntry testId="d350588b-1fce-1d28-5c54-f6126b74c227" executionId="72790004-5e39-4667-aefe-368031f85bf1" testListId="8c84fa94-04c1-424b-9868-57a2d4851a1d" />
    <TestEntry testId="b3b74f06-0222-4a33-dfad-ee23ddfbb054" executionId="5739399b-d159-4123-b028-2379dd5e0fb9" testListId="8c84fa94-04c1-424b-9868-57a2d4851a1d" />
    <TestEntry testId="66032912-b178-4308-e9cd-9139f23f4710" executionId="c7b68da6-c52c-423b-8d1f-66c9716e00b8" testListId="8c84fa94-04c1-424b-9868-57a2d4851a1d" />
    <TestEntry testId="d5b1edb5-b12f-6f9b-d326-d112d604818d" executionId="a3e3d357-4110-4c21-bb89-0a3ea0b06131" testListId="8c84fa94-04c1-424b-9868-57a2d4851a1d" />
    <TestEntry testId="2f77d4eb-b7a9-7cda-63c7-d0a9b8c15e31" executionId="4bc7a822-36d3-4420-880e-09d2b83be0e3" testListId="8c84fa94-04c1-424b-9868-57a2d4851a1d" />
    <TestEntry testId="3363618d-ba10-7be9-e717-ba2f8beb1f14" executionId="a00907da-84fd-4c1c-a642-d71ed4e85e61" testListId="8c84fa94-04c1-424b-9868-57a2d4851a1d" />
    <TestEntry testId="9c345799-e138-7ed0-5b4a-1011418b61de" executionId="48ced949-53fc-4b98-8bf6-b10c89116380" testListId="8c84fa94-04c1-424b-9868-57a2d4851a1d" />
    <TestEntry testId="9a8b25bf-7a36-53ce-c4e8-c6d59d1e4d9b" executionId="b5acdca3-7596-46d9-80df-427d8d7e9428" testListId="8c84fa94-04c1-424b-9868-57a2d4851a1d" />
    <TestEntry testId="99b61c03-de66-2cd6-57c4-fe88d42b339c" executionId="55f2db10-102b-4517-ab6a-1f98578aa3ab" testListId="8c84fa94-04c1-424b-9868-57a2d4851a1d" />
    <TestEntry testId="e32ceaf5-2044-6a33-b092-c29de2fe095b" executionId="f68f7e6f-af80-4d2a-b1b3-f36779c1d484" testListId="8c84fa94-04c1-424b-9868-57a2d4851a1d" />
    <TestEntry testId="6d53e524-577b-617b-04c0-cc99f9396f86" executionId="403d132c-06e6-4800-a8c9-77ed7d6bbeed" testListId="8c84fa94-04c1-424b-9868-57a2d4851a1d" />
    <TestEntry testId="877ca2ae-a522-d5d7-2fd9-a3dd2ef9b711" executionId="77c38968-d2c0-495b-b801-4592d6bbd564" testListId="8c84fa94-04c1-424b-9868-57a2d4851a1d" />
    <TestEntry testId="e4275a9b-8bad-38b9-332e-74176d2eb25f" executionId="18c2cc73-1a4a-4a2c-984a-c771ddc6ef50" testListId="8c84fa94-04c1-424b-9868-57a2d4851a1d" />
    <TestEntry testId="e42f56d1-0116-4ec2-39ce-514840e88883" executionId="51165c23-6b87-4d5f-aac7-838fd01bece8" testListId="8c84fa94-04c1-424b-9868-57a2d4851a1d" />
    <TestEntry testId="e88e51df-0600-5288-c5bd-454451abcf17" executionId="1d1de207-c76a-4fda-ac50-77f0c564131a" testListId="8c84fa94-04c1-424b-9868-57a2d4851a1d" />
    <TestEntry testId="443d82e7-b131-4eab-c0c2-77bcf8c78c0e" executionId="ced290f2-5ac1-4086-938e-377464105574" testListId="8c84fa94-04c1-424b-9868-57a2d4851a1d" />
    <TestEntry testId="75d8d6f7-e4a2-354d-194b-4c3a8e25de5b" executionId="c42fbaf1-3e79-4502-80ef-da8267329973" testListId="8c84fa94-04c1-424b-9868-57a2d4851a1d" />
    <TestEntry testId="1fd45540-89f6-40d1-32d1-2043299aad61" executionId="94b5733f-868d-4aea-8510-88ec0062b030" testListId="8c84fa94-04c1-424b-9868-57a2d4851a1d" />
    <TestEntry testId="7003fa29-5d8b-f503-a549-5fe616789c37" executionId="78abf771-973e-45ed-825f-1a45d9ad5d7a" testListId="8c84fa94-04c1-424b-9868-57a2d4851a1d" />
    <TestEntry testId="2fa9a1f4-abc4-ffa0-207f-983e0f96fe73" executionId="fa17bfba-7550-41a7-a90f-2b8b6fcadf86" testListId="8c84fa94-04c1-424b-9868-57a2d4851a1d" />
    <TestEntry testId="577232fa-4820-0031-8220-5c10c6849f65" executionId="3de461b6-b32e-4fb6-91b5-584b8fec5e49" testListId="8c84fa94-04c1-424b-9868-57a2d4851a1d" />
    <TestEntry testId="a7365563-432a-a490-6278-92d0ebb084fc" executionId="c34c55db-aed2-41ef-a9f2-c1765d7bc536" testListId="8c84fa94-04c1-424b-9868-57a2d4851a1d" />
    <TestEntry testId="2f1248d0-a771-9597-d90a-fb612873ab24" executionId="a225222b-f5b5-4f26-991b-a252249541ef" testListId="8c84fa94-04c1-424b-9868-57a2d4851a1d" />
    <TestEntry testId="996b6d38-8904-1e30-ea22-94e60915db8c" executionId="f0c5aada-30ee-4aa8-84e3-423eab10e4ac" testListId="8c84fa94-04c1-424b-9868-57a2d4851a1d" />
    <TestEntry testId="33f1da4b-412f-f4c7-12b2-2ccec879b8cc" executionId="48e54fdd-33ea-4035-86ff-1d02534bdaf2" testListId="8c84fa94-04c1-424b-9868-57a2d4851a1d" />
    <TestEntry testId="ce9f63bc-f09c-6c5b-d0d3-a2c6899e0bb7" executionId="1fb41b58-6857-4014-94af-36d90eac89ba" testListId="8c84fa94-04c1-424b-9868-57a2d4851a1d" />
    <TestEntry testId="35ba7772-dced-01ec-65bd-9f0afe402f1a" executionId="63804e50-933a-45a5-bfd8-c9be57f4900e" testListId="8c84fa94-04c1-424b-9868-57a2d4851a1d" />
    <TestEntry testId="40fd2da8-e1b0-4d77-57fd-878737b69c52" executionId="3a18053f-09fc-4967-b456-d0f3bead390c" testListId="8c84fa94-04c1-424b-9868-57a2d4851a1d" />
    <TestEntry testId="3baf913f-526d-3c8d-eef9-0705cb381b53" executionId="211080d8-93c1-40bc-b3d1-14046a8269f7" testListId="8c84fa94-04c1-424b-9868-57a2d4851a1d" />
    <TestEntry testId="ded252ea-8f84-3526-fab0-59d3517f77f7" executionId="7f3a85f1-3de2-44fa-9814-1cb8ece37ca9" testListId="8c84fa94-04c1-424b-9868-57a2d4851a1d" />
    <TestEntry testId="59fc518d-691e-1e5f-347b-11ecb9d13e9d" executionId="11f69cf5-6c0b-4128-bf5f-2d48757c1486" testListId="8c84fa94-04c1-424b-9868-57a2d4851a1d" />
    <TestEntry testId="ad017908-8d1a-0341-56bc-07e221b7fa03" executionId="74f86963-cc33-440b-90c2-249bf64aac16" testListId="8c84fa94-04c1-424b-9868-57a2d4851a1d" />
    <TestEntry testId="10cbd16f-822a-fdd7-e8ae-fa1a3eaa3761" executionId="d738a81b-55ee-42dc-a685-29408bd1ca16" testListId="8c84fa94-04c1-424b-9868-57a2d4851a1d" />
    <TestEntry testId="9e40b804-42b0-5011-3b04-cc25d4d70de0" executionId="971b227c-259f-4880-9bfe-cb32abaa412e" testListId="8c84fa94-04c1-424b-9868-57a2d4851a1d" />
    <TestEntry testId="71c22708-dbaa-79ff-057b-e788d4505184" executionId="78db1f9e-0f3d-465b-9978-3ff42269294d" testListId="8c84fa94-04c1-424b-9868-57a2d4851a1d" />
    <TestEntry testId="d8c07703-c6ba-2990-8554-e0597fbd2a9a" executionId="ab697ac3-1489-4c46-bdd0-54e7e61d4c78" testListId="8c84fa94-04c1-424b-9868-57a2d4851a1d" />
    <TestEntry testId="5dcd44f1-cbb8-8d6b-534f-9d513b76d8e6" executionId="fee41d76-aff9-4d91-9ac6-cb418f511679" testListId="8c84fa94-04c1-424b-9868-57a2d4851a1d" />
    <TestEntry testId="0fb4b634-81ad-43fa-a70e-b06cb2c289b2" executionId="7d542a2d-1261-4bc3-ab9d-3a6a72e435cd" testListId="8c84fa94-04c1-424b-9868-57a2d4851a1d" />
    <TestEntry testId="a345261d-59be-f694-1a7a-ca5ce2d2d4c4" executionId="e293ee9a-5d47-4249-bb03-70dcf6053f5d" testListId="8c84fa94-04c1-424b-9868-57a2d4851a1d" />
    <TestEntry testId="349afda0-a849-d994-1cb5-43ab74afdf0c" executionId="d8ca487b-44fd-48ee-8267-6e01b533b653" testListId="8c84fa94-04c1-424b-9868-57a2d4851a1d" />
    <TestEntry testId="7590abfc-e3f9-c5c4-d7ce-a5409c12a2d1" executionId="66db0258-e069-43c4-9075-a9bd1093cfc5" testListId="8c84fa94-04c1-424b-9868-57a2d4851a1d" />
    <TestEntry testId="0d4c793d-3e33-a08f-1290-d7f68ea68b15" executionId="1f4cc336-94a2-4bf2-9275-20ba49009c99" testListId="8c84fa94-04c1-424b-9868-57a2d4851a1d" />
  </TestEntries>
  <TestLists>
    <TestList name="Results Not in a List" id="8c84fa94-04c1-424b-9868-57a2d4851a1d" />
    <TestList name="All Loaded Results" id="19431567-8539-422a-85d7-44ee4e166bda" />
  </TestLists>
  <ResultSummary outcome="Completed">
    <Counters total="353" executed="353" passed="353" failed="0" error="0" timeout="0" aborted="0" inconclusive="0" passedButRunAborted="0" notRunnable="0" notExecuted="0" disconnected="0" warning="0" completed="0" inProgress="0" pending="0" />
    <Output>
      <StdOut>NUnit Adapter 3.17.0.0: Test execution started&#xD;
Running all tests in C:\Users\ericcarlson\documents\github\pickles\src\Pickles.TestFrameworks.UnitTests\bin\Debug\net6.0\PicklesDoc.Pickles.TestFrameworks.UnitTests.dll&#xD;
   NUnit3TestExecutor discovered 353 of 353 NUnit test cases&#xD;
NUnit Adapter 3.17.0.0: Test execution complete&#xD;
</StdOut>
    </Output>
  </ResultSummary>
</TestRun>