<?xml version="1.0" encoding="utf-8"?>
<TestRun id="ce5651a6-c5b8-4983-ac9f-d832d67212b1" name="ericcarlson@ERICCARLSONBBE6 2022-05-04 14:46:15" runUser="ERICCARLSONBBE6\ericcarlson" xmlns="http://microsoft.com/schemas/VisualStudio/TeamTest/2010">
  <Times creation="2022-05-04T14:46:15.8692722-04:00" queuing="2022-05-04T14:46:15.8692725-04:00" start="2022-05-04T14:46:11.9191457-04:00" finish="2022-05-04T14:46:18.8372051-04:00" />
  <TestSettings name="default" id="2e3cc221-caff-4531-a88f-a3dedb4bcb4a">
    <Deployment runDeploymentRoot="ericcarlson_ERICCARLSONBBE6_2022-05-04_14_46_15" />
  </TestSettings>
  <Results>
    <UnitTestResult executionId="7249dabf-5bc6-4aad-be46-d98d7d9a5191" testId="a1781e25-4782-9e03-dffd-5a8b1b4e811d" testName="ThenCanSuccessfullyMatch" computerName="ERICCARLSONBBE6" duration="00:00:00.0004929" startTime="2022-05-04T14:46:17.1922534-04:00" endTime="2022-05-04T14:46:17.1927461-04:00" testType="13cdc9d9-ddb5-4fa4-a97d-d965ccfc6d4b" outcome="Passed" testListId="8c84fa94-04c1-424b-9868-57a2d4851a1d" relativeResultsDirectory="7249dabf-5bc6-4aad-be46-d98d7d9a5191" />
    <UnitTestResult executionId="55869443-9852-44e7-b39f-3e3e72d629b4" testId="b931d369-9310-8747-a788-ef7d7112806a" testName="ThenCanReadResultOfScenarioOutlineWithSpecialCharacters" computerName="ERICCARLSONBBE6" duration="00:00:00.0032510" startTime="2022-05-04T14:46:17.9287830-04:00" endTime="2022-05-04T14:46:17.9320338-04:00" testType="13cdc9d9-ddb5-4fa4-a97d-d965ccfc6d4b" outcome="Passed" testListId="8c84fa94-04c1-424b-9868-57a2d4851a1d" relativeResultsDirectory="55869443-9852-44e7-b39f-3e3e72d629b4" />
    <UnitTestResult executionId="c9de61c4-0922-4f60-bdf7-b4e2c0c64091" testId="aff9e195-4e54-a676-8f24-47ec072e3f76" testName="ThenCanReadExamplesWithRegexValuesFromScenarioOutline_ShouldBeTestResultPassed" computerName="ERICCARLSONBBE6" duration="00:00:00.0083850" startTime="2022-05-04T14:46:16.7704992-04:00" endTime="2022-05-04T14:46:16.7788847-04:00" testType="13cdc9d9-ddb5-4fa4-a97d-d965ccfc6d4b" outcome="Passed" testListId="8c84fa94-04c1-424b-9868-57a2d4851a1d" relativeResultsDirectory="c9de61c4-0922-4f60-bdf7-b4e2c0c64091" />
    <UnitTestResult executionId="0dd53dad-69b0-465d-85c7-47dc81687129" testId="20095e8b-1aec-bdd5-2c64-cc198f7229e3" testName="ThenCanReadIndividualResultsFromScenarioOutline_OneInconclusive_ShouldBeTestResultInconclusive" computerName="ERICCARLSONBBE6" duration="00:00:00.0025420" startTime="2022-05-04T14:46:16.4497386-04:00" endTime="2022-05-04T14:46:16.4522809-04:00" testType="13cdc9d9-ddb5-4fa4-a97d-d965ccfc6d4b" outcome="Passed" testListId="8c84fa94-04c1-424b-9868-57a2d4851a1d" relativeResultsDirectory="0dd53dad-69b0-465d-85c7-47dc81687129" />
    <UnitTestResult executionId="4448e93a-c4c9-45b4-b6b5-67f45d0586f1" testId="4127f69b-e124-236a-5b11-95ef3fc8f483" testName="ThenCanReadIndividualResultsFromScenarioOutline_MultipleExampleSections_ShouldBeTestResultFailed" computerName="ERICCARLSONBBE6" duration="00:00:00.0073910" startTime="2022-05-04T14:46:18.0090805-04:00" endTime="2022-05-04T14:46:18.0164705-04:00" testType="13cdc9d9-ddb5-4fa4-a97d-d965ccfc6d4b" outcome="Passed" testListId="8c84fa94-04c1-424b-9868-57a2d4851a1d" relativeResultsDirectory="4448e93a-c4c9-45b4-b6b5-67f45d0586f1" />
    <UnitTestResult executionId="933991a8-4088-44d1-8c71-80feebdaa7ef" testId="bdb55858-84b2-f69a-3f3e-7530e9bd9a2f" testName="ThenCanReadIndividualResultsFromScenarioOutline_ExamplesWithDuplicateValues_ShouldMatchExamples" computerName="ERICCARLSONBBE6" duration="00:00:00.0036740" startTime="2022-05-04T14:46:18.0053778-04:00" endTime="2022-05-04T14:46:18.0090512-04:00" testType="13cdc9d9-ddb5-4fa4-a97d-d965ccfc6d4b" outcome="Passed" testListId="8c84fa94-04c1-424b-9868-57a2d4851a1d" relativeResultsDirectory="933991a8-4088-44d1-8c71-80feebdaa7ef" />
    <UnitTestResult executionId="70660b0b-63ab-43d6-b2ef-d29372c90a7f" testId="32e9b154-88f8-7f55-059c-e846ef3efc38" testName="ThenCanResolve(&quot;results-example-xunit2.xml&quot;,&quot;XUnit.XUnit2.results-example-xunit2.xml&quot;,xUnit2,PicklesDoc.Pickles.TestFrameworks.XUnit.XUnit2.XUnit2Results)" computerName="ERICCARLSONBBE6" duration="00:00:00.0560410" startTime="2022-05-04T14:46:18.1292042-04:00" endTime="2022-05-04T14:46:18.1852452-04:00" testType="13cdc9d9-ddb5-4fa4-a97d-d965ccfc6d4b" outcome="Passed" testListId="8c84fa94-04c1-424b-9868-57a2d4851a1d" relativeResultsDirectory="70660b0b-63ab-43d6-b2ef-d29372c90a7f" />
    <UnitTestResult executionId="8fc4e7d1-850b-4f11-9d2b-b90c449ccdf9" testId="4227e0f9-8436-5214-22f2-5b8f8dec94a3" testName="ThenCanReadNotFoundFeatureCorrectly" computerName="ERICCARLSONBBE6" duration="00:00:00.0099840" startTime="2022-05-04T14:46:17.8568796-04:00" endTime="2022-05-04T14:46:17.8668631-04:00" testType="13cdc9d9-ddb5-4fa4-a97d-d965ccfc6d4b" outcome="Passed" testListId="8c84fa94-04c1-424b-9868-57a2d4851a1d" relativeResultsDirectory="8fc4e7d1-850b-4f11-9d2b-b90c449ccdf9" />
    <UnitTestResult executionId="12ee8ac1-fa9b-4a64-944d-748f031acc7f" testId="53b5d2b4-1979-aefd-9cc8-74b7bed357fa" testName="ThenCanReadResultOfScenarioWithFailingBackground" computerName="ERICCARLSONBBE6" duration="00:00:00.0043440" startTime="2022-05-04T14:46:17.2645344-04:00" endTime="2022-05-04T14:46:17.2688787-04:00" testType="13cdc9d9-ddb5-4fa4-a97d-d965ccfc6d4b" outcome="Passed" testListId="8c84fa94-04c1-424b-9868-57a2d4851a1d" relativeResultsDirectory="12ee8ac1-fa9b-4a64-944d-748f031acc7f" />
    <UnitTestResult executionId="e8bd14e8-a097-4d7d-b79a-903dc9a5e2bf" testId="0c0cf1bc-2dcb-ded4-066e-2e2566c6bb19" testName="ThenCanReadResultsWithBackslashes" computerName="ERICCARLSONBBE6" duration="00:00:00.0041560" startTime="2022-05-04T14:46:18.3952822-04:00" endTime="2022-05-04T14:46:18.3994379-04:00" testType="13cdc9d9-ddb5-4fa4-a97d-d965ccfc6d4b" outcome="Passed" testListId="8c84fa94-04c1-424b-9868-57a2d4851a1d" relativeResultsDirectory="e8bd14e8-a097-4d7d-b79a-903dc9a5e2bf" />
    <UnitTestResult executionId="9021535f-e20d-4d90-b211-567353df46f3" testId="c453c6ec-7ac7-6aba-4513-ebc0b71441c4" testName="ThenCanReadResultOfScenarioWithDanishCharacters" computerName="ERICCARLSONBBE6" duration="00:00:00.0032270" startTime="2022-05-04T14:46:17.1429112-04:00" endTime="2022-05-04T14:46:17.1461379-04:00" testType="13cdc9d9-ddb5-4fa4-a97d-d965ccfc6d4b" outcome="Passed" testListId="8c84fa94-04c1-424b-9868-57a2d4851a1d" relativeResultsDirectory="9021535f-e20d-4d90-b211-567353df46f3" />
    <UnitTestResult executionId="eb0d57c0-2cf5-4465-8690-c95403bc837d" testId="06d185b1-8e0c-2b9c-5317-e602212f73e4" testName="ThenCanReadIndividualResultsFromScenarioOutline_MultipleNamedExamples_ShouldMatchExamples" computerName="ERICCARLSONBBE6" duration="00:00:00.0090820" startTime="2022-05-04T14:46:17.3729482-04:00" endTime="2022-05-04T14:46:17.3820302-04:00" testType="13cdc9d9-ddb5-4fa4-a97d-d965ccfc6d4b" outcome="Passed" testListId="8c84fa94-04c1-424b-9868-57a2d4851a1d" relativeResultsDirectory="eb0d57c0-2cf5-4465-8690-c95403bc837d" />
    <UnitTestResult executionId="91d4b5a3-d69f-4669-858b-547cd4f3c5ac" testId="5c950b01-6cc7-ac13-30ea-969ec9b73be8" testName="ThenCanSuccessfullyMatch" computerName="ERICCARLSONBBE6" duration="00:00:00.0239530" startTime="2022-05-04T14:46:16.9965981-04:00" endTime="2022-05-04T14:46:17.0205515-04:00" testType="13cdc9d9-ddb5-4fa4-a97d-d965ccfc6d4b" outcome="Passed" testListId="8c84fa94-04c1-424b-9868-57a2d4851a1d" relativeResultsDirectory="91d4b5a3-d69f-4669-858b-547cd4f3c5ac" />
    <UnitTestResult executionId="86578175-b0ec-42c6-8945-a1106b9af300" testId="c6f15296-0fc2-f115-2027-fc75b24fa682" testName="ThenCanReadNotFoundFeatureCorrectly" computerName="ERICCARLSONBBE6" duration="00:00:00.0025460" startTime="2022-05-04T14:46:18.2430340-04:00" endTime="2022-05-04T14:46:18.2455802-04:00" testType="13cdc9d9-ddb5-4fa4-a97d-d965ccfc6d4b" outcome="Passed" testListId="8c84fa94-04c1-424b-9868-57a2d4851a1d" relativeResultsDirectory="86578175-b0ec-42c6-8945-a1106b9af300" />
    <UnitTestResult executionId="771a3163-a85a-4dd5-bc57-138d510ee3a8" testId="c129ca2d-465d-f65c-dd70-3e713e975538" testName="ThenCanReadInconclusiveScenarioResultSuccessfully" computerName="ERICCARLSONBBE6" duration="00:00:00.0033170" startTime="2022-05-04T14:46:15.7724889-04:00" endTime="2022-05-04T14:46:15.7758062-04:00" testType="13cdc9d9-ddb5-4fa4-a97d-d965ccfc6d4b" outcome="Passed" testListId="8c84fa94-04c1-424b-9868-57a2d4851a1d" relativeResultsDirectory="771a3163-a85a-4dd5-bc57-138d510ee3a8" />
    <UnitTestResult executionId="50453d5a-3a40-46a0-bccc-c38520c27349" testId="2fa9a1f4-abc4-ffa0-207f-983e0f96fe73" testName="ThenCanReadResultOfScenarioWithSpanishCharacters" computerName="ERICCARLSONBBE6" duration="00:00:00.0013600" startTime="2022-05-04T14:46:17.7765780-04:00" endTime="2022-05-04T14:46:17.7779380-04:00" testType="13cdc9d9-ddb5-4fa4-a97d-d965ccfc6d4b" outcome="Passed" testListId="8c84fa94-04c1-424b-9868-57a2d4851a1d" relativeResultsDirectory="50453d5a-3a40-46a0-bccc-c38520c27349" />
    <UnitTestResult executionId="4a2d4318-8372-4d55-944d-cfbff8e4a600" testId="62d8a504-87cb-5ba7-c255-1d3c38bd41a0" testName="ThenCanReadResultOfScenarioOutlineWithAmpersand" computerName="ERICCARLSONBBE6" duration="00:00:00.0026000" startTime="2022-05-04T14:46:17.2378224-04:00" endTime="2022-05-04T14:46:17.2404221-04:00" testType="13cdc9d9-ddb5-4fa4-a97d-d965ccfc6d4b" outcome="Passed" testListId="8c84fa94-04c1-424b-9868-57a2d4851a1d" relativeResultsDirectory="4a2d4318-8372-4d55-944d-cfbff8e4a600" />
    <UnitTestResult executionId="5f1016cd-e773-411e-bab3-59936ca4555d" testId="ce9f63bc-f09c-6c5b-d0d3-a2c6899e0bb7" testName="ThenCanReadIndividualResultsFromScenarioOutline_OneFailed_ShouldBeTestResultFailed" computerName="ERICCARLSONBBE6" duration="00:00:00.0036130" startTime="2022-05-04T14:46:16.1215588-04:00" endTime="2022-05-04T14:46:16.1251721-04:00" testType="13cdc9d9-ddb5-4fa4-a97d-d965ccfc6d4b" outcome="Passed" testListId="8c84fa94-04c1-424b-9868-57a2d4851a1d" relativeResultsDirectory="5f1016cd-e773-411e-bab3-59936ca4555d" />
    <UnitTestResult executionId="d61d3c8c-77df-4fb0-bf48-8e5387032d86" testId="efb45302-0f2f-f7b4-5294-ebcf02624fff" testName="ThenCanReadResultsWithParenthesis" computerName="ERICCARLSONBBE6" duration="00:00:00.0104040" startTime="2022-05-04T14:46:16.6654701-04:00" endTime="2022-05-04T14:46:16.6758745-04:00" testType="13cdc9d9-ddb5-4fa4-a97d-d965ccfc6d4b" outcome="Passed" testListId="8c84fa94-04c1-424b-9868-57a2d4851a1d" relativeResultsDirectory="d61d3c8c-77df-4fb0-bf48-8e5387032d86" />
    <UnitTestResult executionId="f2fc78be-0a4c-4473-bfb4-e8096f758fe7" testId="fe0fe535-97ea-db97-278f-86c835cfa276" testName="ThenCanReadBackgroundResultSuccessfully" computerName="ERICCARLSONBBE6" duration="00:00:00.0029090" startTime="2022-05-04T14:46:17.7371217-04:00" endTime="2022-05-04T14:46:17.7400302-04:00" testType="13cdc9d9-ddb5-4fa4-a97d-d965ccfc6d4b" outcome="Passed" testListId="8c84fa94-04c1-424b-9868-57a2d4851a1d" relativeResultsDirectory="f2fc78be-0a4c-4473-bfb4-e8096f758fe7" />
    <UnitTestResult executionId="beb6719f-1511-49fc-91f6-a8b74155e6ee" testId="3f5c3338-429f-c1bb-e1a8-d8bab8ab3016" testName="ThenCanReadResultOfFeatureWithFailingBackground" computerName="ERICCARLSONBBE6" duration="00:00:00.0018870" startTime="2022-05-04T14:46:17.3036999-04:00" endTime="2022-05-04T14:46:17.3055870-04:00" testType="13cdc9d9-ddb5-4fa4-a97d-d965ccfc6d4b" outcome="Passed" testListId="8c84fa94-04c1-424b-9868-57a2d4851a1d" relativeResultsDirectory="beb6719f-1511-49fc-91f6-a8b74155e6ee" />
    <UnitTestResult executionId="85a1d62d-2084-42ee-b48c-936de2ab05c0" testId="cff9ba3d-2dbc-742f-d119-8f20ec27c96a" testName="ThenCanReadIndividualResultsFromScenarioOutline_MultipleExamplesWithDuplicateValues_ShouldMatchExamples" computerName="ERICCARLSONBBE6" duration="00:00:00.0106290" startTime="2022-05-04T14:46:18.0167794-04:00" endTime="2022-05-04T14:46:18.0274085-04:00" testType="13cdc9d9-ddb5-4fa4-a97d-d965ccfc6d4b" outcome="Passed" testListId="8c84fa94-04c1-424b-9868-57a2d4851a1d" relativeResultsDirectory="85a1d62d-2084-42ee-b48c-936de2ab05c0" />
    <UnitTestResult executionId="3f27cd7b-fa05-445e-a5e8-58231f3fc66a" testId="ded252ea-8f84-3526-fab0-59d3517f77f7" testName="ThenCanSuccessfullyMatchSpecialCharacters" computerName="ERICCARLSONBBE6" duration="00:00:00.0008470" startTime="2022-05-04T14:46:17.1935276-04:00" endTime="2022-05-04T14:46:17.1943739-04:00" testType="13cdc9d9-ddb5-4fa4-a97d-d965ccfc6d4b" outcome="Passed" testListId="8c84fa94-04c1-424b-9868-57a2d4851a1d" relativeResultsDirectory="3f27cd7b-fa05-445e-a5e8-58231f3fc66a" />
    <UnitTestResult executionId="b30ad29a-5594-4153-8572-06d84a78f973" testId="99f5e557-c1c6-7f3a-33fd-4b0fa5a0fc7b" testName="ThenCanReadResultOfScenarioOutlineWithAmpersand" computerName="ERICCARLSONBBE6" duration="00:00:00.0026270" startTime="2022-05-04T14:46:16.2118593-04:00" endTime="2022-05-04T14:46:16.2144869-04:00" testType="13cdc9d9-ddb5-4fa4-a97d-d965ccfc6d4b" outcome="Passed" testListId="8c84fa94-04c1-424b-9868-57a2d4851a1d" relativeResultsDirectory="b30ad29a-5594-4153-8572-06d84a78f973" />
    <UnitTestResult executionId="42e47af5-2bfd-41ed-8000-a9a06d6c5b0b" testId="eaddf983-315a-e36c-c3b9-c9529d03d71a" testName="ThenCanReadPassedFeatureResultSuccessfully" computerName="ERICCARLSONBBE6" duration="00:00:00.0042810" startTime="2022-05-04T14:46:16.5458889-04:00" endTime="2022-05-04T14:46:16.5501700-04:00" testType="13cdc9d9-ddb5-4fa4-a97d-d965ccfc6d4b" outcome="Passed" testListId="8c84fa94-04c1-424b-9868-57a2d4851a1d" relativeResultsDirectory="42e47af5-2bfd-41ed-8000-a9a06d6c5b0b" />
    <UnitTestResult executionId="215cecdb-7c70-4525-a7da-527d93aca342" testId="789bb7c5-38de-ac73-095d-7a54a206a4c4" testName="ThenCanReadResultOfScenarioWithSpanishCharacters" computerName="ERICCARLSONBBE6" duration="00:00:00.0017210" startTime="2022-05-04T14:46:18.3918393-04:00" endTime="2022-05-04T14:46:18.3935597-04:00" testType="13cdc9d9-ddb5-4fa4-a97d-d965ccfc6d4b" outcome="Passed" testListId="8c84fa94-04c1-424b-9868-57a2d4851a1d" relativeResultsDirectory="215cecdb-7c70-4525-a7da-527d93aca342" />
    <UnitTestResult executionId="12ebb412-1c0b-4c86-bc38-467d2e9f100d" testId="098238b9-0456-1247-ed8e-8206ed9eaecc" testName="ThenCanReadInconclusiveScenarioResultSuccessfully" computerName="ERICCARLSONBBE6" duration="00:00:00.0037120" startTime="2022-05-04T14:46:17.8516009-04:00" endTime="2022-05-04T14:46:17.8553138-04:00" testType="13cdc9d9-ddb5-4fa4-a97d-d965ccfc6d4b" outcome="Passed" testListId="8c84fa94-04c1-424b-9868-57a2d4851a1d" relativeResultsDirectory="12ebb412-1c0b-4c86-bc38-467d2e9f100d" />
    <UnitTestResult executionId="5402b105-5778-467f-8141-19194d9cbde6" testId="a24366aa-9e79-801f-e1af-8419027c8a13" testName="ThenCanReadResultOfScenarioOutlineWithSpecialCharacters" computerName="ERICCARLSONBBE6" duration="00:00:00.0023140" startTime="2022-05-04T14:46:17.7625554-04:00" endTime="2022-05-04T14:46:17.7648696-04:00" testType="13cdc9d9-ddb5-4fa4-a97d-d965ccfc6d4b" outcome="Passed" testListId="8c84fa94-04c1-424b-9868-57a2d4851a1d" relativeResultsDirectory="5402b105-5778-467f-8141-19194d9cbde6" />
    <UnitTestResult executionId="e5ec2edd-6c0d-47a3-b01f-d67dbdb675d2" testId="cadefb20-407b-c6d2-35c6-2e9949364070" testName="ThenCanReadResultOfScenarioOutlineExampleWithFailingBackground" computerName="ERICCARLSONBBE6" duration="00:00:00.0018380" startTime="2022-05-04T14:46:17.1234799-04:00" endTime="2022-05-04T14:46:17.1253181-04:00" testType="13cdc9d9-ddb5-4fa4-a97d-d965ccfc6d4b" outcome="Passed" testListId="8c84fa94-04c1-424b-9868-57a2d4851a1d" relativeResultsDirectory="e5ec2edd-6c0d-47a3-b01f-d67dbdb675d2" />
    <UnitTestResult executionId="3ee94ce8-453a-4155-9c6e-63749cc1fc5c" testId="eee8715c-d733-130b-cc22-7b1892f2f926" testName="ThenCanReadResultOfScenarioWithSpecialCharacters" computerName="ERICCARLSONBBE6" duration="00:00:00.0024110" startTime="2022-05-04T14:46:17.7790702-04:00" endTime="2022-05-04T14:46:17.7814810-04:00" testType="13cdc9d9-ddb5-4fa4-a97d-d965ccfc6d4b" outcome="Passed" testListId="8c84fa94-04c1-424b-9868-57a2d4851a1d" relativeResultsDirectory="3ee94ce8-453a-4155-9c6e-63749cc1fc5c" />
    <UnitTestResult executionId="9f0856b0-bdae-461e-b4f4-373a3c07da01" testId="95a5821f-1395-86bd-c7b5-2db60e40402a" testName="RegularExpressionAsExampleContentMatches_With_Asterisk" computerName="ERICCARLSONBBE6" duration="00:00:00.0007210" startTime="2022-05-04T14:46:18.3408255-04:00" endTime="2022-05-04T14:46:18.3415461-04:00" testType="13cdc9d9-ddb5-4fa4-a97d-d965ccfc6d4b" outcome="Passed" testListId="8c84fa94-04c1-424b-9868-57a2d4851a1d" relativeResultsDirectory="9f0856b0-bdae-461e-b4f4-373a3c07da01" />
    <UnitTestResult executionId="b60759d0-3422-4b54-be76-7ff0d5a4df61" testId="40fd2da8-e1b0-4d77-57fd-878737b69c52" testName="ThenCanReadFeatureResultWithoutThrowingException" computerName="ERICCARLSONBBE6" duration="00:00:00.0015650" startTime="2022-05-04T14:46:17.0599843-04:00" endTime="2022-05-04T14:46:17.0615498-04:00" testType="13cdc9d9-ddb5-4fa4-a97d-d965ccfc6d4b" outcome="Passed" testListId="8c84fa94-04c1-424b-9868-57a2d4851a1d" relativeResultsDirectory="b60759d0-3422-4b54-be76-7ff0d5a4df61" />
    <UnitTestResult executionId="395954bc-64f2-4a3b-8282-f4fe109b9376" testId="84ecda38-a103-69a6-dbd6-ef8eb51c722d" testName="ThenCanReadResultOfScenarioWithSpecialCharacters" computerName="ERICCARLSONBBE6" duration="00:00:00.0057330" startTime="2022-05-04T14:46:15.9983788-04:00" endTime="2022-05-04T14:46:16.0041125-04:00" testType="13cdc9d9-ddb5-4fa4-a97d-d965ccfc6d4b" outcome="Passed" testListId="8c84fa94-04c1-424b-9868-57a2d4851a1d" relativeResultsDirectory="395954bc-64f2-4a3b-8282-f4fe109b9376" />
    <UnitTestResult executionId="fd8f93f5-2f2f-4049-8e4a-c06f26b3c09d" testId="75f81ce1-0b2c-cf84-fe16-219224722139" testName="ThenCanReadIgnoredScenarioResultSuccessfully" computerName="ERICCARLSONBBE6" duration="00:00:00.0034060" startTime="2022-05-04T14:46:16.5033563-04:00" endTime="2022-05-04T14:46:16.5067617-04:00" testType="13cdc9d9-ddb5-4fa4-a97d-d965ccfc6d4b" outcome="Passed" testListId="8c84fa94-04c1-424b-9868-57a2d4851a1d" relativeResultsDirectory="fd8f93f5-2f2f-4049-8e4a-c06f26b3c09d" />
    <UnitTestResult executionId="8776f3df-9ca2-4538-a34c-f5d986e43815" testId="9d0329db-f847-cb4f-973e-3879b2c2692c" testName="ThenCanReadIndividualResultsFromScenarioOutline_OneFailed_ShouldBeTestResultFailed" computerName="ERICCARLSONBBE6" duration="00:00:00.0022420" startTime="2022-05-04T14:46:16.4429015-04:00" endTime="2022-05-04T14:46:16.4451439-04:00" testType="13cdc9d9-ddb5-4fa4-a97d-d965ccfc6d4b" outcome="Passed" testListId="8c84fa94-04c1-424b-9868-57a2d4851a1d" relativeResultsDirectory="8776f3df-9ca2-4538-a34c-f5d986e43815" />
    <UnitTestResult executionId="e4e34361-83d5-4d9f-b4ce-ddf0e1040988" testId="dc712ba9-82f8-4816-135c-198a6c843205" testName="ThenCanReadResultOfScenarioWithSpecialCharacters" computerName="ERICCARLSONBBE6" duration="00:00:00.0027020" startTime="2022-05-04T14:46:18.2835737-04:00" endTime="2022-05-04T14:46:18.2862757-04:00" testType="13cdc9d9-ddb5-4fa4-a97d-d965ccfc6d4b" outcome="Passed" testListId="8c84fa94-04c1-424b-9868-57a2d4851a1d" relativeResultsDirectory="e4e34361-83d5-4d9f-b4ce-ddf0e1040988" />
    <UnitTestResult executionId="0c2d21fc-3c49-489b-a729-9d0b54dc9f3a" testId="432777c4-85ce-08a8-7a5e-5d42b9d61e9b" testName="ThenCanSuccessfullyMatchExamplesWithLongValues" computerName="ERICCARLSONBBE6" duration="00:00:00.0007829" startTime="2022-05-04T14:46:18.3466520-04:00" endTime="2022-05-04T14:46:18.3474350-04:00" testType="13cdc9d9-ddb5-4fa4-a97d-d965ccfc6d4b" outcome="Passed" testListId="8c84fa94-04c1-424b-9868-57a2d4851a1d" relativeResultsDirectory="0c2d21fc-3c49-489b-a729-9d0b54dc9f3a" />
    <UnitTestResult executionId="2c15bc1a-870c-40a3-bcae-04ae7108febd" testId="a0f0b9fe-c760-fce9-98fe-b72d6b75fdd4" testName="ThenCanReadResultOfScenarioWithDanishCharacters" computerName="ERICCARLSONBBE6" duration="00:00:00.0025220" startTime="2022-05-04T14:46:17.2619508-04:00" endTime="2022-05-04T14:46:17.2644729-04:00" testType="13cdc9d9-ddb5-4fa4-a97d-d965ccfc6d4b" outcome="Passed" testListId="8c84fa94-04c1-424b-9868-57a2d4851a1d" relativeResultsDirectory="2c15bc1a-870c-40a3-bcae-04ae7108febd" />
    <UnitTestResult executionId="f70b9ecf-c492-40b3-8022-36025c3260df" testId="e41e37c8-c167-4d5a-947f-916a5e4f0a98" testName="ThenCanReadIgnoredScenarioResultSuccessfully" computerName="ERICCARLSONBBE6" duration="00:00:00.0106300" startTime="2022-05-04T14:46:17.8334831-04:00" endTime="2022-05-04T14:46:17.8441124-04:00" testType="13cdc9d9-ddb5-4fa4-a97d-d965ccfc6d4b" outcome="Passed" testListId="8c84fa94-04c1-424b-9868-57a2d4851a1d" relativeResultsDirectory="f70b9ecf-c492-40b3-8022-36025c3260df" />
    <UnitTestResult executionId="22bf4605-9f42-4894-bfc8-18f27dc76316" testId="2f77d4eb-b7a9-7cda-63c7-d0a9b8c15e31" testName="ThenCanSuccessfullyMatchSpecialCharacters" computerName="ERICCARLSONBBE6" duration="00:00:00.0021170" startTime="2022-05-04T14:46:17.0247809-04:00" endTime="2022-05-04T14:46:17.0268981-04:00" testType="13cdc9d9-ddb5-4fa4-a97d-d965ccfc6d4b" outcome="Passed" testListId="8c84fa94-04c1-424b-9868-57a2d4851a1d" relativeResultsDirectory="22bf4605-9f42-4894-bfc8-18f27dc76316" />
    <UnitTestResult executionId="65a9d66f-8d1f-4562-9ee8-80b2473c1f2d" testId="00c90b43-b77b-0b3c-b457-9469df9e7f8e" testName="ThenCanReadInconclusiveFeatureResultSuccessfully" computerName="ERICCARLSONBBE6" duration="00:00:00.0031300" startTime="2022-05-04T14:46:16.1713725-04:00" endTime="2022-05-04T14:46:16.1745025-04:00" testType="13cdc9d9-ddb5-4fa4-a97d-d965ccfc6d4b" outcome="Passed" testListId="8c84fa94-04c1-424b-9868-57a2d4851a1d" relativeResultsDirectory="65a9d66f-8d1f-4562-9ee8-80b2473c1f2d" />
    <UnitTestResult executionId="9d6411de-8bdb-436a-9b21-468e60bffd0f" testId="feef8d1e-733e-c97b-cae9-59e37cf87fb6" testName="ThenCanReadResultsWithParenthesis" computerName="ERICCARLSONBBE6" duration="00:00:00.0020840" startTime="2022-05-04T14:46:18.2889286-04:00" endTime="2022-05-04T14:46:18.2910130-04:00" testType="13cdc9d9-ddb5-4fa4-a97d-d965ccfc6d4b" outcome="Passed" testListId="8c84fa94-04c1-424b-9868-57a2d4851a1d" relativeResultsDirectory="9d6411de-8bdb-436a-9b21-468e60bffd0f" />
    <UnitTestResult executionId="1525f755-bf32-4702-aa21-75de3da28eb5" testId="66978603-05d4-2099-985f-ef7844bf2b32" testName="ThenCanReadResultsWithBackslashes" computerName="ERICCARLSONBBE6" duration="00:00:00.0099850" startTime="2022-05-04T14:46:17.9579580-04:00" endTime="2022-05-04T14:46:17.9679427-04:00" testType="13cdc9d9-ddb5-4fa4-a97d-d965ccfc6d4b" outcome="Passed" testListId="8c84fa94-04c1-424b-9868-57a2d4851a1d" relativeResultsDirectory="1525f755-bf32-4702-aa21-75de3da28eb5" />
    <UnitTestResult executionId="45847585-09bf-4184-ab49-d9a67156c0d3" testId="6d53e524-577b-617b-04c0-cc99f9396f86" testName="ThenCanReadFailedScenarioResultSuccessfully" computerName="ERICCARLSONBBE6" duration="00:00:00.0054570" startTime="2022-05-04T14:46:17.7416552-04:00" endTime="2022-05-04T14:46:17.7471116-04:00" testType="13cdc9d9-ddb5-4fa4-a97d-d965ccfc6d4b" outcome="Passed" testListId="8c84fa94-04c1-424b-9868-57a2d4851a1d" relativeResultsDirectory="45847585-09bf-4184-ab49-d9a67156c0d3" />
    <UnitTestResult executionId="abd9c7ad-97f5-4111-8044-16e7187f3902" testId="3ac61dc8-78ef-0ee4-9390-ba6ea3941593" testName="ThenCanReadResultOfScenarioOutlineExampleWithFailingBackground" computerName="ERICCARLSONBBE6" duration="00:00:00.0017550" startTime="2022-05-04T14:46:17.7573729-04:00" endTime="2022-05-04T14:46:17.7591278-04:00" testType="13cdc9d9-ddb5-4fa4-a97d-d965ccfc6d4b" outcome="Passed" testListId="8c84fa94-04c1-424b-9868-57a2d4851a1d" relativeResultsDirectory="abd9c7ad-97f5-4111-8044-16e7187f3902" />
    <UnitTestResult executionId="e2d17d3a-98e2-479b-b60c-81d1d6501f32" testId="65a73572-199f-331d-bb7a-e00446e83c06" testName="ThenCanReadIndividualResultsFromScenarioOutline_ContainingDollarSigns_ShouldBeTestResultSuccess" computerName="ERICCARLSONBBE6" duration="00:00:00.0008910" startTime="2022-05-04T14:46:17.1904220-04:00" endTime="2022-05-04T14:46:17.1913131-04:00" testType="13cdc9d9-ddb5-4fa4-a97d-d965ccfc6d4b" outcome="Passed" testListId="8c84fa94-04c1-424b-9868-57a2d4851a1d" relativeResultsDirectory="e2d17d3a-98e2-479b-b60c-81d1d6501f32" />
    <UnitTestResult executionId="90757b52-9dcc-4212-a3a4-1f0c42bf1b55" testId="b3391feb-285b-6d84-ca18-8c0b0036158b" testName="ThenCanReadNotFoundScenarioCorrectly" computerName="ERICCARLSONBBE6" duration="00:00:00.0018220" startTime="2022-05-04T14:46:18.3719295-04:00" endTime="2022-05-04T14:46:18.3737513-04:00" testType="13cdc9d9-ddb5-4fa4-a97d-d965ccfc6d4b" outcome="Passed" testListId="8c84fa94-04c1-424b-9868-57a2d4851a1d" relativeResultsDirectory="90757b52-9dcc-4212-a3a4-1f0c42bf1b55" />
    <UnitTestResult executionId="5487ea07-9ff2-4945-a46d-e2f486088fcf" testId="e70aaa39-34a4-5c29-d102-ad4674ca6ab6" testName="ThenCanResolveAsSingleton(&quot;results-example-nunit.xml&quot;,&quot;NUnit.NUnit2.results-example-nunit.xml&quot;,NUnit,PicklesDoc.Pickles.TestFrameworks.NUnit.NUnit2.NUnit2Results)" computerName="ERICCARLSONBBE6" duration="00:00:00.0016790" startTime="2022-05-04T14:46:18.2041736-04:00" endTime="2022-05-04T14:46:18.2058525-04:00" testType="13cdc9d9-ddb5-4fa4-a97d-d965ccfc6d4b" outcome="Passed" testListId="8c84fa94-04c1-424b-9868-57a2d4851a1d" relativeResultsDirectory="5487ea07-9ff2-4945-a46d-e2f486088fcf" />
    <UnitTestResult executionId="e13dee15-cfe2-4569-91d2-3b2163bfc442" testId="15d64ad8-f453-6ded-46ce-06d0f8e68caf" testName="ThenCanReadIndividualResultsFromScenarioOutline_MultipleNamedExamplesWithDuplicateValues_ShouldMatchExamples" computerName="ERICCARLSONBBE6" duration="00:00:00.0026030" startTime="2022-05-04T14:46:17.1824478-04:00" endTime="2022-05-04T14:46:17.1850507-04:00" testType="13cdc9d9-ddb5-4fa4-a97d-d965ccfc6d4b" outcome="Passed" testListId="8c84fa94-04c1-424b-9868-57a2d4851a1d" relativeResultsDirectory="e13dee15-cfe2-4569-91d2-3b2163bfc442" />
    <UnitTestResult executionId="0abdab77-dd6c-4f9d-9f92-aa4801bbbbfd" testId="a77eef62-81f7-6544-83f9-95298ec32c95" testName="ThenCanReadScenarioOutlineResultSuccessfully" computerName="ERICCARLSONBBE6" duration="00:00:00.0045530" startTime="2022-05-04T14:46:16.6977434-04:00" endTime="2022-05-04T14:46:16.7022975-04:00" testType="13cdc9d9-ddb5-4fa4-a97d-d965ccfc6d4b" outcome="Passed" testListId="8c84fa94-04c1-424b-9868-57a2d4851a1d" relativeResultsDirectory="0abdab77-dd6c-4f9d-9f92-aa4801bbbbfd" />
    <UnitTestResult executionId="f8088231-9cbc-406f-a91a-328d0f45d28d" testId="0be35ca5-d72a-7b15-1c8a-f42c97327233" testName="ThenCanReadIndividualResultsFromScenarioOutline_ExamplesWithDuplicateValues_ShouldMatchExamples" computerName="ERICCARLSONBBE6" duration="00:00:00.0023290" startTime="2022-05-04T14:46:18.3134902-04:00" endTime="2022-05-04T14:46:18.3158197-04:00" testType="13cdc9d9-ddb5-4fa4-a97d-d965ccfc6d4b" outcome="Passed" testListId="8c84fa94-04c1-424b-9868-57a2d4851a1d" relativeResultsDirectory="f8088231-9cbc-406f-a91a-328d0f45d28d" />
    <UnitTestResult executionId="be579945-da84-4041-a96a-2803d5b44c63" testId="7590abfc-e3f9-c5c4-d7ce-a5409c12a2d1" testName="ThenCanResolve(&quot;results-example-specrun.html&quot;,&quot;SpecRun.results-example-specrun.html&quot;,SpecRun,PicklesDoc.Pickles.TestFrameworks.SpecRun.SpecRunResults)" computerName="ERICCARLSONBBE6" duration="00:00:00.0010410" startTime="2022-05-04T14:46:18.1878689-04:00" endTime="2022-05-04T14:46:18.1889095-04:00" testType="13cdc9d9-ddb5-4fa4-a97d-d965ccfc6d4b" outcome="Passed" testListId="8c84fa94-04c1-424b-9868-57a2d4851a1d" relativeResultsDirectory="be579945-da84-4041-a96a-2803d5b44c63" />
    <UnitTestResult executionId="c65cfa3a-075c-40c6-b279-e8dae207baa9" testId="ac03ec4c-67a9-1776-5723-d08e339146c5" testName="ThenCanSuccessfullyMatch" computerName="ERICCARLSONBBE6" duration="00:00:00.0007100" startTime="2022-05-04T14:46:18.3459139-04:00" endTime="2022-05-04T14:46:18.3466239-04:00" testType="13cdc9d9-ddb5-4fa4-a97d-d965ccfc6d4b" outcome="Passed" testListId="8c84fa94-04c1-424b-9868-57a2d4851a1d" relativeResultsDirectory="c65cfa3a-075c-40c6-b279-e8dae207baa9" />
    <UnitTestResult executionId="fe9f6b36-9dbe-4373-ab2b-0f736f55adca" testId="df779c3e-867d-628d-d601-319a18d1823c" testName="ThenCanReadExamplesWithLongExampleValues" computerName="ERICCARLSONBBE6" duration="00:00:00.0044690" startTime="2022-05-04T14:46:18.4272833-04:00" endTime="2022-05-04T14:46:18.4317524-04:00" testType="13cdc9d9-ddb5-4fa4-a97d-d965ccfc6d4b" outcome="Passed" testListId="8c84fa94-04c1-424b-9868-57a2d4851a1d" relativeResultsDirectory="fe9f6b36-9dbe-4373-ab2b-0f736f55adca" />
    <UnitTestResult executionId="769aa229-03ab-4063-9d78-dcbbad5686e8" testId="564ab877-3eea-6f19-973d-0b36bea909da" testName="ThenCanReadResultsWithBackslashes" computerName="ERICCARLSONBBE6" duration="00:00:00.0042440" startTime="2022-05-04T14:46:16.0080882-04:00" endTime="2022-05-04T14:46:16.0123319-04:00" testType="13cdc9d9-ddb5-4fa4-a97d-d965ccfc6d4b" outcome="Passed" testListId="8c84fa94-04c1-424b-9868-57a2d4851a1d" relativeResultsDirectory="769aa229-03ab-4063-9d78-dcbbad5686e8" />
    <UnitTestResult executionId="447f3417-4fa2-490c-8fc9-b51c306e7734" testId="af52bc0c-9d4d-dbfe-1e9a-8d33e897ef69" testName="ThenCanReadFailedFeatureResultSuccessfully" computerName="ERICCARLSONBBE6" duration="00:00:00.0019270" startTime="2022-05-04T14:46:17.0723872-04:00" endTime="2022-05-04T14:46:17.0743142-04:00" testType="13cdc9d9-ddb5-4fa4-a97d-d965ccfc6d4b" outcome="Passed" testListId="8c84fa94-04c1-424b-9868-57a2d4851a1d" relativeResultsDirectory="447f3417-4fa2-490c-8fc9-b51c306e7734" />
    <UnitTestResult executionId="6f76a0af-d7dd-48b4-a02c-cc134bef57fb" testId="aa6ed367-4142-c0b5-bc61-0c60c3e84f7e" testName="ThenCanReadResultOfScenarioOutlineWithAmpersand" computerName="ERICCARLSONBBE6" duration="00:00:00.0048690" startTime="2022-05-04T14:46:17.9138324-04:00" endTime="2022-05-04T14:46:17.9187016-04:00" testType="13cdc9d9-ddb5-4fa4-a97d-d965ccfc6d4b" outcome="Passed" testListId="8c84fa94-04c1-424b-9868-57a2d4851a1d" relativeResultsDirectory="6f76a0af-d7dd-48b4-a02c-cc134bef57fb" />
    <UnitTestResult executionId="6827ef3a-22cc-47b2-b248-844863646943" testId="3aa1d18f-f8de-dbde-ff88-7a89e4d8499f" testName="ThenCanReadResultOfScenarioOutlineExampleWithFailingBackground" computerName="ERICCARLSONBBE6" duration="00:00:00.0054270" startTime="2022-05-04T14:46:18.3756435-04:00" endTime="2022-05-04T14:46:18.3810703-04:00" testType="13cdc9d9-ddb5-4fa4-a97d-d965ccfc6d4b" outcome="Passed" testListId="8c84fa94-04c1-424b-9868-57a2d4851a1d" relativeResultsDirectory="6827ef3a-22cc-47b2-b248-844863646943" />
    <UnitTestResult executionId="2adc0ae1-d836-4d49-9782-33fa2d51229a" testId="c5348a36-5365-9e63-699c-dd523aa894a2" testName="RegularExpressionAsExampleContentMatches_With_Plus" computerName="ERICCARLSONBBE6" duration="00:00:00.0006990" startTime="2022-05-04T14:46:18.3451850-04:00" endTime="2022-05-04T14:46:18.3458837-04:00" testType="13cdc9d9-ddb5-4fa4-a97d-d965ccfc6d4b" outcome="Passed" testListId="8c84fa94-04c1-424b-9868-57a2d4851a1d" relativeResultsDirectory="2adc0ae1-d836-4d49-9782-33fa2d51229a" />
    <UnitTestResult executionId="6f889649-765c-4e0c-837f-33ab53303cfa" testId="be92073c-cf35-830c-7fa7-636e79ce0e65" testName="ThenCanReadIndividualResultsFromScenarioOutline_MultipleNamedExamples_ShouldMatchExamples" computerName="ERICCARLSONBBE6" duration="00:00:00.0037840" startTime="2022-05-04T14:46:16.1085460-04:00" endTime="2022-05-04T14:46:16.1123307-04:00" testType="13cdc9d9-ddb5-4fa4-a97d-d965ccfc6d4b" outcome="Passed" testListId="8c84fa94-04c1-424b-9868-57a2d4851a1d" relativeResultsDirectory="6f889649-765c-4e0c-837f-33ab53303cfa" />
    <UnitTestResult executionId="fbf889ed-c809-4aed-8e83-3a6e60ee2074" testId="ecb801c4-d95f-4cd2-61bc-83f8f51ba916" testName="ThenCanReadResultOfScenarioWithFailingBackground" computerName="ERICCARLSONBBE6" duration="00:00:00.0108330" startTime="2022-05-04T14:46:15.9711606-04:00" endTime="2022-05-04T14:46:15.9819939-04:00" testType="13cdc9d9-ddb5-4fa4-a97d-d965ccfc6d4b" outcome="Passed" testListId="8c84fa94-04c1-424b-9868-57a2d4851a1d" relativeResultsDirectory="fbf889ed-c809-4aed-8e83-3a6e60ee2074" />
    <UnitTestResult executionId="4a29e94e-0b8c-4f60-ad67-f3385b6084dc" testId="8ace6733-ba13-8c23-aec1-3ea938759ad0" testName="ThenCanReadResultOfFeatureWithFailingBackground" computerName="ERICCARLSONBBE6" duration="00:00:00.0017440" startTime="2022-05-04T14:46:17.1198134-04:00" endTime="2022-05-04T14:46:17.1215574-04:00" testType="13cdc9d9-ddb5-4fa4-a97d-d965ccfc6d4b" outcome="Passed" testListId="8c84fa94-04c1-424b-9868-57a2d4851a1d" relativeResultsDirectory="4a29e94e-0b8c-4f60-ad67-f3385b6084dc" />
    <UnitTestResult executionId="8b23275a-0bf1-45be-9e7a-78faf1145d07" testId="ef5a7c41-c0be-df83-b30a-5c970829c937" testName="ThenCanReadFailedFeatureResultSuccessfully" computerName="ERICCARLSONBBE6" duration="00:00:00.0055210" startTime="2022-05-04T14:46:16.4828916-04:00" endTime="2022-05-04T14:46:16.4884133-04:00" testType="13cdc9d9-ddb5-4fa4-a97d-d965ccfc6d4b" outcome="Passed" testListId="8c84fa94-04c1-424b-9868-57a2d4851a1d" relativeResultsDirectory="8b23275a-0bf1-45be-9e7a-78faf1145d07" />
    <UnitTestResult executionId="98264ab9-2468-4ca5-8491-e37057e0fbc7" testId="0d4c793d-3e33-a08f-1290-d7f68ea68b15" testName="ThenCanReadResultsWithBackslashes" computerName="ERICCARLSONBBE6" duration="00:00:00.0036090" startTime="2022-05-04T14:46:16.6608854-04:00" endTime="2022-05-04T14:46:16.6644956-04:00" testType="13cdc9d9-ddb5-4fa4-a97d-d965ccfc6d4b" outcome="Passed" testListId="8c84fa94-04c1-424b-9868-57a2d4851a1d" relativeResultsDirectory="98264ab9-2468-4ca5-8491-e37057e0fbc7" />
    <UnitTestResult executionId="cac0b93d-4ee0-488c-9e76-5e535718df0c" testId="a64081be-e7d0-830f-dfc8-24bbee2a32f5" testName="ThenCanReadIndividualResultsFromScenarioOutline_MultipleExamplesWithDuplicateValues_ShouldMatchExamples" computerName="ERICCARLSONBBE6" duration="00:00:00.0044040" startTime="2022-05-04T14:46:16.1011437-04:00" endTime="2022-05-04T14:46:16.1055476-04:00" testType="13cdc9d9-ddb5-4fa4-a97d-d965ccfc6d4b" outcome="Passed" testListId="8c84fa94-04c1-424b-9868-57a2d4851a1d" relativeResultsDirectory="cac0b93d-4ee0-488c-9e76-5e535718df0c" />
    <UnitTestResult executionId="50af5f57-223b-43b0-85b4-f856ccd4066c" testId="1ba666a9-505f-17c4-4bdf-33a9bb6fc01d" testName="ThenCanReadSuccessfulScenarioResultSuccessfully" computerName="ERICCARLSONBBE6" duration="00:00:00.0022060" startTime="2022-05-04T14:46:17.2892732-04:00" endTime="2022-05-04T14:46:17.2914789-04:00" testType="13cdc9d9-ddb5-4fa4-a97d-d965ccfc6d4b" outcome="Passed" testListId="8c84fa94-04c1-424b-9868-57a2d4851a1d" relativeResultsDirectory="50af5f57-223b-43b0-85b4-f856ccd4066c" />
    <UnitTestResult executionId="11ace52a-a8f3-453a-a071-85de6b25fb24" testId="d4a217ca-816a-5180-50f8-63455cbe611d" testName="ThenCanReadIndividualResultsFromScenarioOutline_OneFailed_ShouldBeTestResultFailed" computerName="ERICCARLSONBBE6" duration="00:00:00.0018250" startTime="2022-05-04T14:46:17.1852150-04:00" endTime="2022-05-04T14:46:17.1870399-04:00" testType="13cdc9d9-ddb5-4fa4-a97d-d965ccfc6d4b" outcome="Passed" testListId="8c84fa94-04c1-424b-9868-57a2d4851a1d" relativeResultsDirectory="11ace52a-a8f3-453a-a071-85de6b25fb24" />
    <UnitTestResult executionId="e410ecc1-7e5d-4bf5-932a-b1c667ec0107" testId="62eaccee-691a-dc72-a0c7-fc4bd9bbc8f7" testName="ThenCanReadResultOfScenarioOutlineWithAmpersand" computerName="ERICCARLSONBBE6" duration="00:00:00.0026650" startTime="2022-05-04T14:46:18.2547454-04:00" endTime="2022-05-04T14:46:18.2574104-04:00" testType="13cdc9d9-ddb5-4fa4-a97d-d965ccfc6d4b" outcome="Passed" testListId="8c84fa94-04c1-424b-9868-57a2d4851a1d" relativeResultsDirectory="e410ecc1-7e5d-4bf5-932a-b1c667ec0107" />
    <UnitTestResult executionId="fcec4960-f4aa-437a-a315-8cec2029ce2f" testId="883b6ac9-ac51-b5f6-5a08-17161bbcc88f" testName="ThenCanReadIndividualResultsFromScenarioOutline_AllPass_ShouldBeTestResultPassed" computerName="ERICCARLSONBBE6" duration="00:00:00.0010670" startTime="2022-05-04T14:46:17.7856862-04:00" endTime="2022-05-04T14:46:17.7867529-04:00" testType="13cdc9d9-ddb5-4fa4-a97d-d965ccfc6d4b" outcome="Passed" testListId="8c84fa94-04c1-424b-9868-57a2d4851a1d" relativeResultsDirectory="fcec4960-f4aa-437a-a315-8cec2029ce2f" />
    <UnitTestResult executionId="24840c77-fc89-4f48-b0c1-dcc2b392d656" testId="0c1060a1-daea-cc27-1eec-f91d6e03fb50" testName="ThenCanReadResultOfScenarioWithSpanishCharacters" computerName="ERICCARLSONBBE6" duration="00:00:00.0096680" startTime="2022-05-04T14:46:16.6340722-04:00" endTime="2022-05-04T14:46:16.6437401-04:00" testType="13cdc9d9-ddb5-4fa4-a97d-d965ccfc6d4b" outcome="Passed" testListId="8c84fa94-04c1-424b-9868-57a2d4851a1d" relativeResultsDirectory="24840c77-fc89-4f48-b0c1-dcc2b392d656" />
    <UnitTestResult executionId="621fc5e4-54e0-470d-be81-fe6d816c80df" testId="a082270a-fadb-de54-1aa3-b3ff6bca16d1" testName="ThenCanReadIndividualResultsFromScenarioOutline_AllPass_ShouldBeTestResultPassed" computerName="ERICCARLSONBBE6" duration="00:00:00.0025580" startTime="2022-05-04T14:46:16.3907398-04:00" endTime="2022-05-04T14:46:16.3932984-04:00" testType="13cdc9d9-ddb5-4fa4-a97d-d965ccfc6d4b" outcome="Passed" testListId="8c84fa94-04c1-424b-9868-57a2d4851a1d" relativeResultsDirectory="621fc5e4-54e0-470d-be81-fe6d816c80df" />
    <UnitTestResult executionId="4418fa3f-9cf3-453d-a0eb-cdd6e1114cbd" testId="98025163-67c4-34a3-d0e7-9dbdb150f12f" testName="ThenCanReadInconclusiveFeatureResultSuccessfully" computerName="ERICCARLSONBBE6" duration="00:00:00.0022250" startTime="2022-05-04T14:46:17.0880066-04:00" endTime="2022-05-04T14:46:17.0902313-04:00" testType="13cdc9d9-ddb5-4fa4-a97d-d965ccfc6d4b" outcome="Passed" testListId="8c84fa94-04c1-424b-9868-57a2d4851a1d" relativeResultsDirectory="4418fa3f-9cf3-453d-a0eb-cdd6e1114cbd" />
    <UnitTestResult executionId="44049be3-5963-4847-88c4-88d0ab7b7c89" testId="1b78643d-a4c2-713e-da90-2e6b0238a12b" testName="ThenCanResolveAsSingleton(null,null,null,PicklesDoc.Pickles.TestFrameworks.NullTestResults)" computerName="ERICCARLSONBBE6" duration="00:00:00.0016340" startTime="2022-05-04T14:46:18.1917359-04:00" endTime="2022-05-04T14:46:18.1933696-04:00" testType="13cdc9d9-ddb5-4fa4-a97d-d965ccfc6d4b" outcome="Passed" testListId="8c84fa94-04c1-424b-9868-57a2d4851a1d" relativeResultsDirectory="44049be3-5963-4847-88c4-88d0ab7b7c89" />
    <UnitTestResult executionId="46a646c0-9751-46e8-a5e3-a6305d845f34" testId="656ebfc5-79d6-d4de-e713-26261e054dac" testName="ThenCanReadFailedScenarioResultSuccessfully" computerName="ERICCARLSONBBE6" duration="00:00:00.0130180" startTime="2022-05-04T14:46:15.6957243-04:00" endTime="2022-05-04T14:46:15.7087430-04:00" testType="13cdc9d9-ddb5-4fa4-a97d-d965ccfc6d4b" outcome="Passed" testListId="8c84fa94-04c1-424b-9868-57a2d4851a1d" relativeResultsDirectory="46a646c0-9751-46e8-a5e3-a6305d845f34" />
    <UnitTestResult executionId="631e5035-afc6-4120-ba2d-d7d8ce03a92c" testId="5528f4d8-ebd5-6f1e-e4bf-3f7dddfcc499" testName="ThenCanReadResultOfScenarioOutlineWithSpecialCharacters" computerName="ERICCARLSONBBE6" duration="00:00:00.0048060" startTime="2022-05-04T14:46:16.2197212-04:00" endTime="2022-05-04T14:46:16.2245267-04:00" testType="13cdc9d9-ddb5-4fa4-a97d-d965ccfc6d4b" outcome="Passed" testListId="8c84fa94-04c1-424b-9868-57a2d4851a1d" relativeResultsDirectory="631e5035-afc6-4120-ba2d-d7d8ce03a92c" />
    <UnitTestResult executionId="304af47a-5297-41da-b190-e4bd2b6da8c1" testId="d06109ca-bc0c-33f1-28f4-f8127946b5ef" testName="ThenCanReadResultOfScenarioOutlineExampleWithFailingBackground" computerName="ERICCARLSONBBE6" duration="00:00:00.0050910" startTime="2022-05-04T14:46:16.5596380-04:00" endTime="2022-05-04T14:46:16.5647291-04:00" testType="13cdc9d9-ddb5-4fa4-a97d-d965ccfc6d4b" outcome="Passed" testListId="8c84fa94-04c1-424b-9868-57a2d4851a1d" relativeResultsDirectory="304af47a-5297-41da-b190-e4bd2b6da8c1" />
    <UnitTestResult executionId="cc56c59a-3200-4f87-973f-9a058ae1baf9" testId="ed1f5b6f-32d8-84ac-275a-18cb835c861f" testName="ThenCanReadResultOfFeatureWithFailingBackground" computerName="ERICCARLSONBBE6" duration="00:00:00.0087770" startTime="2022-05-04T14:46:16.5505533-04:00" endTime="2022-05-04T14:46:16.5593303-04:00" testType="13cdc9d9-ddb5-4fa4-a97d-d965ccfc6d4b" outcome="Passed" testListId="8c84fa94-04c1-424b-9868-57a2d4851a1d" relativeResultsDirectory="cc56c59a-3200-4f87-973f-9a058ae1baf9" />
    <UnitTestResult executionId="8ae88070-07d8-466e-a9b6-1ca196c01ec4" testId="9a8b25bf-7a36-53ce-c4e8-c6d59d1e4d9b" testName="ThenCanReadIndividualResultsFromScenarioOutline_MultipleNamedExamplesWithDuplicateValues_ShouldMatchExamples" computerName="ERICCARLSONBBE6" duration="00:00:00.0028080" startTime="2022-05-04T14:46:18.3235906-04:00" endTime="2022-05-04T14:46:18.3263985-04:00" testType="13cdc9d9-ddb5-4fa4-a97d-d965ccfc6d4b" outcome="Passed" testListId="8c84fa94-04c1-424b-9868-57a2d4851a1d" relativeResultsDirectory="8ae88070-07d8-466e-a9b6-1ca196c01ec4" />
    <UnitTestResult executionId="05eb8e0a-094b-444d-ad67-cab22f626b55" testId="51b33863-1938-707d-697f-94c37596fd6d" testName="ThenCanReadResultOfFeatureWithFailingBackground" computerName="ERICCARLSONBBE6" duration="00:00:00.0027900" startTime="2022-05-04T14:46:16.1926936-04:00" endTime="2022-05-04T14:46:16.1954835-04:00" testType="13cdc9d9-ddb5-4fa4-a97d-d965ccfc6d4b" outcome="Passed" testListId="8c84fa94-04c1-424b-9868-57a2d4851a1d" relativeResultsDirectory="05eb8e0a-094b-444d-ad67-cab22f626b55" />
    <UnitTestResult executionId="fe634671-c681-4769-b256-50bf38f19128" testId="452e3d33-0c18-0604-61d2-e49750ee89e5" testName="ThenCanResolve(null,null,null,PicklesDoc.Pickles.TestFrameworks.NullTestResults)" computerName="ERICCARLSONBBE6" duration="00:00:00.0105450" startTime="2022-05-04T14:46:18.0562485-04:00" endTime="2022-05-04T14:46:18.0667930-04:00" testType="13cdc9d9-ddb5-4fa4-a97d-d965ccfc6d4b" outcome="Passed" testListId="8c84fa94-04c1-424b-9868-57a2d4851a1d" relativeResultsDirectory="fe634671-c681-4769-b256-50bf38f19128" />
    <UnitTestResult executionId="dd504056-7e1b-4831-bf38-8bd5db2659a4" testId="dd671476-ed2b-7b45-cac8-cb394e9796e3" testName="ThenCanReadResultOfScenarioWithFailingBackground" computerName="ERICCARLSONBBE6" duration="00:00:00.0097699" startTime="2022-05-04T14:46:17.9398941-04:00" endTime="2022-05-04T14:46:17.9496640-04:00" testType="13cdc9d9-ddb5-4fa4-a97d-d965ccfc6d4b" outcome="Passed" testListId="8c84fa94-04c1-424b-9868-57a2d4851a1d" relativeResultsDirectory="dd504056-7e1b-4831-bf38-8bd5db2659a4" />
    <UnitTestResult executionId="bc3ba7ca-2943-4a4b-892f-8543d0e18ad7" testId="6c46f24c-c8b8-c4b7-29db-f35f6312df35" testName="ThenCanReadBackgroundResultSuccessfully" computerName="ERICCARLSONBBE6" duration="00:00:00.0177320" startTime="2022-05-04T14:46:16.4646699-04:00" endTime="2022-05-04T14:46:16.4824023-04:00" testType="13cdc9d9-ddb5-4fa4-a97d-d965ccfc6d4b" outcome="Passed" testListId="8c84fa94-04c1-424b-9868-57a2d4851a1d" relativeResultsDirectory="bc3ba7ca-2943-4a4b-892f-8543d0e18ad7" />
    <UnitTestResult executionId="a24b5d09-3363-4817-96ad-3948dbf596cd" testId="37561f65-3332-c899-f5ae-4fb0281f2762" testName="ThenCanResolveAsSingleton(&quot;results-example-nunit3.xml&quot;,&quot;NUnit.NUnit3.results-example-nunit3.xml&quot;,NUnit3,PicklesDoc.Pickles.TestFrameworks.NUnit.NUnit3.NUnit3Results)" computerName="ERICCARLSONBBE6" duration="00:00:00.0021300" startTime="2022-05-04T14:46:18.2058812-04:00" endTime="2022-05-04T14:46:18.2080107-04:00" testType="13cdc9d9-ddb5-4fa4-a97d-d965ccfc6d4b" outcome="Passed" testListId="8c84fa94-04c1-424b-9868-57a2d4851a1d" relativeResultsDirectory="a24b5d09-3363-4817-96ad-3948dbf596cd" />
    <UnitTestResult executionId="466a5b7a-af1d-4411-b71f-47de7662b22c" testId="631fe5fb-b05e-5e70-7bfe-0a09b32bd7e6" testName="ThenCanReadInconclusiveScenarioResultSuccessfully" computerName="ERICCARLSONBBE6" duration="00:00:00.0025290" startTime="2022-05-04T14:46:17.0912081-04:00" endTime="2022-05-04T14:46:17.0937368-04:00" testType="13cdc9d9-ddb5-4fa4-a97d-d965ccfc6d4b" outcome="Passed" testListId="8c84fa94-04c1-424b-9868-57a2d4851a1d" relativeResultsDirectory="466a5b7a-af1d-4411-b71f-47de7662b22c" />
    <UnitTestResult executionId="434d2dd7-98c4-4d96-81a4-cb7c10eb1b24" testId="ecd9a953-91a9-d4a0-56ca-0eb0a06434eb" testName="ThenCanReadResultsWithBackslashes" computerName="ERICCARLSONBBE6" duration="00:00:00.0093660" startTime="2022-05-04T14:46:17.2748483-04:00" endTime="2022-05-04T14:46:17.2842131-04:00" testType="13cdc9d9-ddb5-4fa4-a97d-d965ccfc6d4b" outcome="Passed" testListId="8c84fa94-04c1-424b-9868-57a2d4851a1d" relativeResultsDirectory="434d2dd7-98c4-4d96-81a4-cb7c10eb1b24" />
    <UnitTestResult executionId="34d1b842-4f30-45d6-ae33-6b0d36318995" testId="0bcd34cc-6526-724a-3466-15a3045d227d" testName="ThenCanReadFeatureResultSuccessfully" computerName="ERICCARLSONBBE6" duration="00:00:00.0017540" startTime="2022-05-04T14:46:17.2946253-04:00" endTime="2022-05-04T14:46:17.2963798-04:00" testType="13cdc9d9-ddb5-4fa4-a97d-d965ccfc6d4b" outcome="Passed" testListId="8c84fa94-04c1-424b-9868-57a2d4851a1d" relativeResultsDirectory="34d1b842-4f30-45d6-ae33-6b0d36318995" />
    <UnitTestResult executionId="fbf8ce9a-8077-49e5-9921-240fa22ecaf5" testId="7746c945-7215-2f12-d241-54991e7b255d" testName="ThenCanReadIndividualResultsFromScenarioOutline_OneFailed_ShouldBeTestResultFailed" computerName="ERICCARLSONBBE6" duration="00:00:00.0041420" startTime="2022-05-04T14:46:18.0381055-04:00" endTime="2022-05-04T14:46:18.0422472-04:00" testType="13cdc9d9-ddb5-4fa4-a97d-d965ccfc6d4b" outcome="Passed" testListId="8c84fa94-04c1-424b-9868-57a2d4851a1d" relativeResultsDirectory="fbf8ce9a-8077-49e5-9921-240fa22ecaf5" />
    <UnitTestResult executionId="022d7c1e-5894-4553-83be-4aaa35a12dbf" testId="180590d6-2062-6933-d951-813229d01ede" testName="ThenCanReadResultOfScenarioOutlineWithSpecialCharacters" computerName="ERICCARLSONBBE6" duration="00:00:00.0025260" startTime="2022-05-04T14:46:18.2597909-04:00" endTime="2022-05-04T14:46:18.2623167-04:00" testType="13cdc9d9-ddb5-4fa4-a97d-d965ccfc6d4b" outcome="Passed" testListId="8c84fa94-04c1-424b-9868-57a2d4851a1d" relativeResultsDirectory="022d7c1e-5894-4553-83be-4aaa35a12dbf" />
    <UnitTestResult executionId="42dc0d38-f5d8-4770-b382-3cb528a3b8a6" testId="11042bfa-6f03-b286-ef0b-94ab219837bb" testName="ThenCanReadIndividualResultsFromScenarioOutline_MultipleNamedExamplesWithDuplicateValues_ShouldMatchExamples" computerName="ERICCARLSONBBE6" duration="00:00:00.0022630" startTime="2022-05-04T14:46:16.4385505-04:00" endTime="2022-05-04T14:46:16.4408144-04:00" testType="13cdc9d9-ddb5-4fa4-a97d-d965ccfc6d4b" outcome="Passed" testListId="8c84fa94-04c1-424b-9868-57a2d4851a1d" relativeResultsDirectory="42dc0d38-f5d8-4770-b382-3cb528a3b8a6" />
    <UnitTestResult executionId="8dbae614-a69e-49ae-b8d3-2ff0fb7e6cab" testId="c437592f-ad90-49b0-0c63-3ab7616bb2a4" testName="ThenCanReadIndividualResultsFromScenarioOutline_MultipleExampleSections_ShouldBeTestResultFailed" computerName="ERICCARLSONBBE6" duration="00:00:00.0025010" startTime="2022-05-04T14:46:17.7867802-04:00" endTime="2022-05-04T14:46:17.7892812-04:00" testType="13cdc9d9-ddb5-4fa4-a97d-d965ccfc6d4b" outcome="Passed" testListId="8c84fa94-04c1-424b-9868-57a2d4851a1d" relativeResultsDirectory="8dbae614-a69e-49ae-b8d3-2ff0fb7e6cab" />
    <UnitTestResult executionId="8f0f650f-7298-4c2c-8f04-663237cf40a7" testId="cc57926d-969f-f4d6-e13e-e69125306611" testName="ThenCanReadScenarioOutlineResultSuccessfully" computerName="ERICCARLSONBBE6" duration="00:00:00.0012359" startTime="2022-05-04T14:46:17.7817899-04:00" endTime="2022-05-04T14:46:17.7830262-04:00" testType="13cdc9d9-ddb5-4fa4-a97d-d965ccfc6d4b" outcome="Passed" testListId="8c84fa94-04c1-424b-9868-57a2d4851a1d" relativeResultsDirectory="8f0f650f-7298-4c2c-8f04-663237cf40a7" />
    <UnitTestResult executionId="16730521-acde-4faa-b027-a4c0370b7fce" testId="2d1b5a90-7f10-fbfd-da30-c50a58b8259b" testName="ThenCanReadIndividualResultsFromScenarioOutline_AllPass_ShouldBeTestResultPassed" computerName="ERICCARLSONBBE6" duration="00:00:00.0024870" startTime="2022-05-04T14:46:18.3108469-04:00" endTime="2022-05-04T14:46:18.3133331-04:00" testType="13cdc9d9-ddb5-4fa4-a97d-d965ccfc6d4b" outcome="Passed" testListId="8c84fa94-04c1-424b-9868-57a2d4851a1d" relativeResultsDirectory="16730521-acde-4faa-b027-a4c0370b7fce" />
    <UnitTestResult executionId="52c347d0-0bb4-46b7-8bdd-905f1b8a7836" testId="eecc6ae5-4868-d53f-bcda-2ec72c5d7ea3" testName="ThenCanReadIgnoredScenarioResultSuccessfully" computerName="ERICCARLSONBBE6" duration="00:00:00.0025330" startTime="2022-05-04T14:46:17.2136035-04:00" endTime="2022-05-04T14:46:17.2161367-04:00" testType="13cdc9d9-ddb5-4fa4-a97d-d965ccfc6d4b" outcome="Passed" testListId="8c84fa94-04c1-424b-9868-57a2d4851a1d" relativeResultsDirectory="52c347d0-0bb4-46b7-8bdd-905f1b8a7836" />
    <UnitTestResult executionId="4d76800b-d303-439c-9977-6ba3cb55489e" testId="562129e5-360d-2549-3c09-e4b49f36264d" testName="ThenCanReadFailedFeatureResultSuccessfully" computerName="ERICCARLSONBBE6" duration="00:00:00.0089430" startTime="2022-05-04T14:46:17.7930735-04:00" endTime="2022-05-04T14:46:17.8020165-04:00" testType="13cdc9d9-ddb5-4fa4-a97d-d965ccfc6d4b" outcome="Passed" testListId="8c84fa94-04c1-424b-9868-57a2d4851a1d" relativeResultsDirectory="4d76800b-d303-439c-9977-6ba3cb55489e" />
    <UnitTestResult executionId="59215f85-69e0-44d2-95a0-e0373c74881e" testId="179cc0df-2279-559c-aebb-9ee7ba5aaaf0" testName="ThenCanReadFailedFeatureResultSuccessfully" computerName="ERICCARLSONBBE6" duration="00:00:00.2599510" startTime="2022-05-04T14:46:15.4057299-04:00" endTime="2022-05-04T14:46:15.6655975-04:00" testType="13cdc9d9-ddb5-4fa4-a97d-d965ccfc6d4b" outcome="Passed" testListId="8c84fa94-04c1-424b-9868-57a2d4851a1d" relativeResultsDirectory="59215f85-69e0-44d2-95a0-e0373c74881e" />
    <UnitTestResult executionId="1524eb67-3b43-4230-944f-cb81f2a16635" testId="39aaf2dd-3448-323b-0eb5-0e11c3f52c46" testName="ThenCanReadResultsWithParenthesis" computerName="ERICCARLSONBBE6" duration="00:00:00.0114360" startTime="2022-05-04T14:46:18.3994689-04:00" endTime="2022-05-04T14:46:18.4109041-04:00" testType="13cdc9d9-ddb5-4fa4-a97d-d965ccfc6d4b" outcome="Passed" testListId="8c84fa94-04c1-424b-9868-57a2d4851a1d" relativeResultsDirectory="1524eb67-3b43-4230-944f-cb81f2a16635" />
    <UnitTestResult executionId="d3499e3d-7015-43fd-bc05-ab1d0e1371e5" testId="1cb4c3cc-9e82-454c-91a1-b2116b3e1595" testName="ThenCanReadResultOfScenarioWithFailingBackground" computerName="ERICCARLSONBBE6" duration="00:00:00.0018770" startTime="2022-05-04T14:46:18.2754254-04:00" endTime="2022-05-04T14:46:18.2773028-04:00" testType="13cdc9d9-ddb5-4fa4-a97d-d965ccfc6d4b" outcome="Passed" testListId="8c84fa94-04c1-424b-9868-57a2d4851a1d" relativeResultsDirectory="d3499e3d-7015-43fd-bc05-ab1d0e1371e5" />
    <UnitTestResult executionId="c38ef7ce-aa36-4c2c-8632-0ec80af9e485" testId="0377b2ee-902b-c8d6-74bf-d614453dc1d9" testName="ThenCanReadResultOfScenarioOutlineWithUmlauts" computerName="ERICCARLSONBBE6" duration="00:00:00.0024740" startTime="2022-05-04T14:46:15.9509273-04:00" endTime="2022-05-04T14:46:15.9534020-04:00" testType="13cdc9d9-ddb5-4fa4-a97d-d965ccfc6d4b" outcome="Passed" testListId="8c84fa94-04c1-424b-9868-57a2d4851a1d" relativeResultsDirectory="c38ef7ce-aa36-4c2c-8632-0ec80af9e485" />
    <UnitTestResult executionId="d681b0e3-620d-493c-b2c8-3a86ec759da2" testId="de18a748-0d83-3063-60c5-28a7e3807695" testName="ThenCanReadIndividualResultsFromScenarioOutline_ExamplesWithDuplicateValues_ShouldMatchExamples" computerName="ERICCARLSONBBE6" duration="00:00:00.0151430" startTime="2022-05-04T14:46:16.0713394-04:00" endTime="2022-05-04T14:46:16.0864821-04:00" testType="13cdc9d9-ddb5-4fa4-a97d-d965ccfc6d4b" outcome="Passed" testListId="8c84fa94-04c1-424b-9868-57a2d4851a1d" relativeResultsDirectory="d681b0e3-620d-493c-b2c8-3a86ec759da2" />
    <UnitTestResult executionId="3a5c4b29-b471-48cf-a066-2cf3bbc0b767" testId="704a0578-e150-f687-8667-46c29aab4a2d" testName="ThenCanReadSuccessfulScenarioResultSuccessfully" computerName="ERICCARLSONBBE6" duration="00:00:00.0094070" startTime="2022-05-04T14:46:17.9757428-04:00" endTime="2022-05-04T14:46:17.9851491-04:00" testType="13cdc9d9-ddb5-4fa4-a97d-d965ccfc6d4b" outcome="Passed" testListId="8c84fa94-04c1-424b-9868-57a2d4851a1d" relativeResultsDirectory="3a5c4b29-b471-48cf-a066-2cf3bbc0b767" />
    <UnitTestResult executionId="242f9356-0377-4cd8-88c7-59c5cd817611" testId="30c3cce2-7c89-bcba-f34c-cd4f8b59ce23" testName="ThenCanReadInconclusiveFeatureResultSuccessfully" computerName="ERICCARLSONBBE6" duration="00:00:00.0039020" startTime="2022-05-04T14:46:17.8453895-04:00" endTime="2022-05-04T14:46:17.8492917-04:00" testType="13cdc9d9-ddb5-4fa4-a97d-d965ccfc6d4b" outcome="Passed" testListId="8c84fa94-04c1-424b-9868-57a2d4851a1d" relativeResultsDirectory="242f9356-0377-4cd8-88c7-59c5cd817611" />
    <UnitTestResult executionId="7bad0332-e252-4359-87a6-5704932523ae" testId="bd707b6d-52c2-46b2-18db-713a0a8d72d0" testName="ThenCanReadIndividualResultsFromScenarioOutline_AllPass_ShouldBeTestResultPassed" computerName="ERICCARLSONBBE6" duration="00:00:00.0026600" startTime="2022-05-04T14:46:17.3571993-04:00" endTime="2022-05-04T14:46:17.3598591-04:00" testType="13cdc9d9-ddb5-4fa4-a97d-d965ccfc6d4b" outcome="Passed" testListId="8c84fa94-04c1-424b-9868-57a2d4851a1d" relativeResultsDirectory="7bad0332-e252-4359-87a6-5704932523ae" />
    <UnitTestResult executionId="d0a705cd-7a33-4b59-ab2a-14b99c011078" testId="e812cd4a-a493-8488-cd92-0f068742969b" testName="ThenCanReadIndividualResultsFromScenarioOutline_MultipleNamedExamples_ShouldMatchExamples" computerName="ERICCARLSONBBE6" duration="00:00:00.0022950" startTime="2022-05-04T14:46:16.4291737-04:00" endTime="2022-05-04T14:46:16.4314691-04:00" testType="13cdc9d9-ddb5-4fa4-a97d-d965ccfc6d4b" outcome="Passed" testListId="8c84fa94-04c1-424b-9868-57a2d4851a1d" relativeResultsDirectory="d0a705cd-7a33-4b59-ab2a-14b99c011078" />
    <UnitTestResult executionId="5d83b6c1-d361-450b-a9d4-5e725b2381a9" testId="e2f7c893-77fd-2757-2bf1-4ba1cfd4b69d" testName="ThenCanResolveAsSingleton(&quot;results-example-xunit2.xml&quot;,&quot;XUnit.XUnit2.results-example-xunit2.xml&quot;,xUnit2,PicklesDoc.Pickles.TestFrameworks.XUnit.XUnit2.XUnit2Results)" computerName="ERICCARLSONBBE6" duration="00:00:00.0017980" startTime="2022-05-04T14:46:18.2101859-04:00" endTime="2022-05-04T14:46:18.2119834-04:00" testType="13cdc9d9-ddb5-4fa4-a97d-d965ccfc6d4b" outcome="Passed" testListId="8c84fa94-04c1-424b-9868-57a2d4851a1d" relativeResultsDirectory="5d83b6c1-d361-450b-a9d4-5e725b2381a9" />
    <UnitTestResult executionId="3bec56df-4609-4972-9f24-4efd086639f1" testId="91607d23-bc6b-f681-4a48-14272be4cab9" testName="ThenCanReadFeatureResultWithoutThrowingException" computerName="ERICCARLSONBBE6" duration="00:00:00.0072870" startTime="2022-05-04T14:46:16.9566912-04:00" endTime="2022-05-04T14:46:16.9639793-04:00" testType="13cdc9d9-ddb5-4fa4-a97d-d965ccfc6d4b" outcome="Passed" testListId="8c84fa94-04c1-424b-9868-57a2d4851a1d" relativeResultsDirectory="3bec56df-4609-4972-9f24-4efd086639f1" />
    <UnitTestResult executionId="d222abba-5c0c-443a-8144-86ae09bffbe3" testId="8efb377e-4b03-38b4-bd1f-fee940d3e651" testName="ExecutionIdElement_NullArgument_ShouldReturnGuidEmpty" computerName="ERICCARLSONBBE6" duration="00:00:00.0054290" startTime="2022-05-04T14:46:16.4562950-04:00" endTime="2022-05-04T14:46:16.4617235-04:00" testType="13cdc9d9-ddb5-4fa4-a97d-d965ccfc6d4b" outcome="Passed" testListId="8c84fa94-04c1-424b-9868-57a2d4851a1d" relativeResultsDirectory="d222abba-5c0c-443a-8144-86ae09bffbe3" />
    <UnitTestResult executionId="1d055e3d-8dc9-4420-a7b4-da3a36cfc8ea" testId="654eaa9a-fb20-1f7a-8fb7-20107e7e962f" testName="ThenCanReadFeatureResultSuccessfully" computerName="ERICCARLSONBBE6" duration="00:00:00.0042340" startTime="2022-05-04T14:46:17.8290319-04:00" endTime="2022-05-04T14:46:17.8332655-04:00" testType="13cdc9d9-ddb5-4fa4-a97d-d965ccfc6d4b" outcome="Passed" testListId="8c84fa94-04c1-424b-9868-57a2d4851a1d" relativeResultsDirectory="1d055e3d-8dc9-4420-a7b4-da3a36cfc8ea" />
    <UnitTestResult executionId="ce65e161-bae5-42e0-a87f-67a9c5819cc1" testId="1fdd6646-6375-970a-197e-20c3648dadc9" testName="ThenCanReadResultOfScenarioOutlineExampleWithFailingBackground" computerName="ERICCARLSONBBE6" duration="00:00:00.0227690" startTime="2022-05-04T14:46:17.8894256-04:00" endTime="2022-05-04T14:46:17.9121950-04:00" testType="13cdc9d9-ddb5-4fa4-a97d-d965ccfc6d4b" outcome="Passed" testListId="8c84fa94-04c1-424b-9868-57a2d4851a1d" relativeResultsDirectory="ce65e161-bae5-42e0-a87f-67a9c5819cc1" />
    <UnitTestResult executionId="404a689f-ad34-48e7-94be-5b2fa0452884" testId="ca034f59-6d8f-3d39-f10e-3725456122ef" testName="ThenCanReadResultOfScenarioWithFailingBackground" computerName="ERICCARLSONBBE6" duration="00:00:00.0017390" startTime="2022-05-04T14:46:18.3900743-04:00" endTime="2022-05-04T14:46:18.3918126-04:00" testType="13cdc9d9-ddb5-4fa4-a97d-d965ccfc6d4b" outcome="Passed" testListId="8c84fa94-04c1-424b-9868-57a2d4851a1d" relativeResultsDirectory="404a689f-ad34-48e7-94be-5b2fa0452884" />
    <UnitTestResult executionId="b6455e28-7ab1-4902-a596-ba738af09d50" testId="d38f3350-2c4c-d044-aa67-55d99697e67a" testName="ThenCanReadFeatureResultWithoutThrowingException" computerName="ERICCARLSONBBE6" duration="00:00:00.0007010" startTime="2022-05-04T14:46:17.3431891-04:00" endTime="2022-05-04T14:46:17.3438905-04:00" testType="13cdc9d9-ddb5-4fa4-a97d-d965ccfc6d4b" outcome="Passed" testListId="8c84fa94-04c1-424b-9868-57a2d4851a1d" relativeResultsDirectory="b6455e28-7ab1-4902-a596-ba738af09d50" />
    <UnitTestResult executionId="de7fa008-109a-48d9-a6bd-93e79cdf4c84" testId="2bc825b9-9d72-ab78-dc57-730a6f14b2c6" testName="ThenCanReadInconclusiveScenarioResultSuccessfully" computerName="ERICCARLSONBBE6" duration="00:00:00.0010990" startTime="2022-05-04T14:46:17.7534082-04:00" endTime="2022-05-04T14:46:17.7545073-04:00" testType="13cdc9d9-ddb5-4fa4-a97d-d965ccfc6d4b" outcome="Passed" testListId="8c84fa94-04c1-424b-9868-57a2d4851a1d" relativeResultsDirectory="de7fa008-109a-48d9-a6bd-93e79cdf4c84" />
    <UnitTestResult executionId="745ea582-3d25-4a95-ac4c-33addefa5e61" testId="9efd92db-4c9f-0192-da69-654d8f42ce4b" testName="ThenCanReadIndividualResultsFromScenarioOutline_OneInconclusive_ShouldBeTestResultInconclusive" computerName="ERICCARLSONBBE6" duration="00:00:00.0027080" startTime="2022-05-04T14:46:17.3927102-04:00" endTime="2022-05-04T14:46:17.3954181-04:00" testType="13cdc9d9-ddb5-4fa4-a97d-d965ccfc6d4b" outcome="Passed" testListId="8c84fa94-04c1-424b-9868-57a2d4851a1d" relativeResultsDirectory="745ea582-3d25-4a95-ac4c-33addefa5e61" />
    <UnitTestResult executionId="8ca0f77f-9741-47aa-83e2-b9e00fae517c" testId="75c1372b-c80e-ab1f-dc10-8b8dc4679533" testName="ThenCanResolveAsSingleton(&quot;results-example-vstest.trx&quot;,&quot;VsTest.results-example-vstest.trx&quot;,VsTest,PicklesDoc.Pickles.TestFrameworks.VsTest.VsTestResults)" computerName="ERICCARLSONBBE6" duration="00:00:00.0068640" startTime="2022-05-04T14:46:18.2150801-04:00" endTime="2022-05-04T14:46:18.2219436-04:00" testType="13cdc9d9-ddb5-4fa4-a97d-d965ccfc6d4b" outcome="Passed" testListId="8c84fa94-04c1-424b-9868-57a2d4851a1d" relativeResultsDirectory="8ca0f77f-9741-47aa-83e2-b9e00fae517c" />
    <UnitTestResult executionId="37ecd0e4-ca6f-4073-bc42-e66d00c4fd92" testId="39588d47-2e56-432b-359a-0110f3e63f57" testName="ThenCanReadExamplesWithLongExampleValues" computerName="ERICCARLSONBBE6" duration="00:00:00.0029080" startTime="2022-05-04T14:46:17.9873733-04:00" endTime="2022-05-04T14:46:17.9902809-04:00" testType="13cdc9d9-ddb5-4fa4-a97d-d965ccfc6d4b" outcome="Passed" testListId="8c84fa94-04c1-424b-9868-57a2d4851a1d" relativeResultsDirectory="37ecd0e4-ca6f-4073-bc42-e66d00c4fd92" />
    <UnitTestResult executionId="8e28c34d-465f-4298-9fc7-99eb76517df2" testId="1fd45540-89f6-40d1-32d1-2043299aad61" testName="ThenCanReadPassedFeatureResultSuccessfully" computerName="ERICCARLSONBBE6" duration="00:00:00.0010210" startTime="2022-05-04T14:46:17.7550054-04:00" endTime="2022-05-04T14:46:17.7560267-04:00" testType="13cdc9d9-ddb5-4fa4-a97d-d965ccfc6d4b" outcome="Passed" testListId="8c84fa94-04c1-424b-9868-57a2d4851a1d" relativeResultsDirectory="8e28c34d-465f-4298-9fc7-99eb76517df2" />
    <UnitTestResult executionId="fadc3339-7689-4efa-a9e1-1e2f6a97db5e" testId="b736c82a-c3a6-bc95-1791-413638f9de59" testName="ThenCanReadResultOfScenarioWithSpecialCharacters" computerName="ERICCARLSONBBE6" duration="00:00:00.0016720" startTime="2022-05-04T14:46:18.3935851-04:00" endTime="2022-05-04T14:46:18.3952573-04:00" testType="13cdc9d9-ddb5-4fa4-a97d-d965ccfc6d4b" outcome="Passed" testListId="8c84fa94-04c1-424b-9868-57a2d4851a1d" relativeResultsDirectory="fadc3339-7689-4efa-a9e1-1e2f6a97db5e" />
    <UnitTestResult executionId="714dd704-9f8a-4d4b-a446-907fee4883a9" testId="c60ed206-bcf7-dc0f-cf55-94fdc287fbf9" testName="ThenCanSuccessfullyMatch" computerName="ERICCARLSONBBE6" duration="00:00:00.0016900" startTime="2022-05-04T14:46:18.2231046-04:00" endTime="2022-05-04T14:46:18.2247948-04:00" testType="13cdc9d9-ddb5-4fa4-a97d-d965ccfc6d4b" outcome="Passed" testListId="8c84fa94-04c1-424b-9868-57a2d4851a1d" relativeResultsDirectory="714dd704-9f8a-4d4b-a446-907fee4883a9" />
    <UnitTestResult executionId="1a9eb788-00b7-4922-ab25-b71e35939134" testId="0586ee37-1679-40ac-d62d-77bb3679488e" testName="ThenCanReadIndividualResultsFromScenarioOutline_OneFailed_ShouldBeTestResultFailed" computerName="ERICCARLSONBBE6" duration="00:00:00.0090760" startTime="2022-05-04T14:46:18.3264285-04:00" endTime="2022-05-04T14:46:18.3355038-04:00" testType="13cdc9d9-ddb5-4fa4-a97d-d965ccfc6d4b" outcome="Passed" testListId="8c84fa94-04c1-424b-9868-57a2d4851a1d" relativeResultsDirectory="1a9eb788-00b7-4922-ab25-b71e35939134" />
    <UnitTestResult executionId="93980668-8f6a-4cfc-8a7c-e37a706f694f" testId="fb45c14f-031e-2628-e205-53c6379c578f" testName="GetFeatureResult_OnePassingOneInconclusive_ReturnsPassed" computerName="ERICCARLSONBBE6" duration="00:00:00.0007000" startTime="2022-05-04T14:46:17.7307844-04:00" endTime="2022-05-04T14:46:17.7314849-04:00" testType="13cdc9d9-ddb5-4fa4-a97d-d965ccfc6d4b" outcome="Passed" testListId="8c84fa94-04c1-424b-9868-57a2d4851a1d" relativeResultsDirectory="93980668-8f6a-4cfc-8a7c-e37a706f694f" />
    <UnitTestResult executionId="147ae64c-3f0b-4e23-a2ec-db90b6437f70" testId="71b016af-5365-c420-5627-629663f2e7e7" testName="ThenCanReadFeatureResultWithoutThrowingException" computerName="ERICCARLSONBBE6" duration="00:00:00.0006340" startTime="2022-05-04T14:46:18.0549787-04:00" endTime="2022-05-04T14:46:18.0556132-04:00" testType="13cdc9d9-ddb5-4fa4-a97d-d965ccfc6d4b" outcome="Passed" testListId="8c84fa94-04c1-424b-9868-57a2d4851a1d" relativeResultsDirectory="147ae64c-3f0b-4e23-a2ec-db90b6437f70" />
    <UnitTestResult executionId="e04c0201-e809-4f46-b32f-9087506e6c0e" testId="900d4084-ca2a-a561-f0ce-b663527c6003" testName="ThenCanReadIgnoredScenarioResultSuccessfully" computerName="ERICCARLSONBBE6" duration="00:00:00.0018150" startTime="2022-05-04T14:46:18.2411896-04:00" endTime="2022-05-04T14:46:18.2430041-04:00" testType="13cdc9d9-ddb5-4fa4-a97d-d965ccfc6d4b" outcome="Passed" testListId="8c84fa94-04c1-424b-9868-57a2d4851a1d" relativeResultsDirectory="e04c0201-e809-4f46-b32f-9087506e6c0e" />
    <UnitTestResult executionId="704add81-15a5-41cb-a9dd-bf8e6747d76f" testId="0d0f4cc2-46ec-cf86-fc13-2bff0b09bc6d" testName="ThenCanReadIndividualResultsFromScenarioOutline_OneInconclusive_ShouldBeTestResultInconclusive" computerName="ERICCARLSONBBE6" duration="00:00:00.0023800" startTime="2022-05-04T14:46:18.3355508-04:00" endTime="2022-05-04T14:46:18.3379304-04:00" testType="13cdc9d9-ddb5-4fa4-a97d-d965ccfc6d4b" outcome="Passed" testListId="8c84fa94-04c1-424b-9868-57a2d4851a1d" relativeResultsDirectory="704add81-15a5-41cb-a9dd-bf8e6747d76f" />
    <UnitTestResult executionId="f527ed7e-741f-4b68-b161-428544b84cc6" testId="fa88707c-fe6b-f9d4-e057-126c8ed49b45" testName="ThenCanReadResultOfFeatureWithFailingBackground" computerName="ERICCARLSONBBE6" duration="00:00:00.0010650" startTime="2022-05-04T14:46:17.7561650-04:00" endTime="2022-05-04T14:46:17.7572299-04:00" testType="13cdc9d9-ddb5-4fa4-a97d-d965ccfc6d4b" outcome="Passed" testListId="8c84fa94-04c1-424b-9868-57a2d4851a1d" relativeResultsDirectory="f527ed7e-741f-4b68-b161-428544b84cc6" />
    <UnitTestResult executionId="c067d362-9367-4228-b946-131d5e81a678" testId="2919e6b2-199b-6849-cc30-63eff40ca1e9" testName="ThenCanReadFailedScenarioResultSuccessfully" computerName="ERICCARLSONBBE6" duration="00:00:00.0033350" startTime="2022-05-04T14:46:17.8255401-04:00" endTime="2022-05-04T14:46:17.8288756-04:00" testType="13cdc9d9-ddb5-4fa4-a97d-d965ccfc6d4b" outcome="Passed" testListId="8c84fa94-04c1-424b-9868-57a2d4851a1d" relativeResultsDirectory="c067d362-9367-4228-b946-131d5e81a678" />
    <UnitTestResult executionId="e87e42f8-c1d7-455e-a58b-260f0c2c2ccc" testId="004b9067-5a36-6ae9-8540-490519439bb2" testName="ThenCanReadIndividualResultsFromScenarioOutline_OneInconclusive_ShouldBeTestResultInconclusive" computerName="ERICCARLSONBBE6" duration="00:00:00.0202560" startTime="2022-05-04T14:46:18.7452231-04:00" endTime="2022-05-04T14:46:18.7654795-04:00" testType="13cdc9d9-ddb5-4fa4-a97d-d965ccfc6d4b" outcome="Passed" testListId="8c84fa94-04c1-424b-9868-57a2d4851a1d" relativeResultsDirectory="e87e42f8-c1d7-455e-a58b-260f0c2c2ccc" />
    <UnitTestResult executionId="7c5b865e-917b-403d-8e2e-bcf797ae7d17" testId="1f0e270c-d2e3-6abe-d46c-198f7828d432" testName="ThenCanReadResultOfScenarioOutlineWithUmlauts" computerName="ERICCARLSONBBE6" duration="00:00:00.0033580" startTime="2022-05-04T14:46:17.1392865-04:00" endTime="2022-05-04T14:46:17.1426451-04:00" testType="13cdc9d9-ddb5-4fa4-a97d-d965ccfc6d4b" outcome="Passed" testListId="8c84fa94-04c1-424b-9868-57a2d4851a1d" relativeResultsDirectory="7c5b865e-917b-403d-8e2e-bcf797ae7d17" />
    <UnitTestResult executionId="c179e90c-ca62-48d6-9964-2f890209ff1b" testId="b35efadf-d298-a3ae-5e0d-2f5be75318ec" testName="ThenCanResolveAsSingleton(&quot;results-example-json.json&quot;,&quot;CucumberJson.results-example-json.json&quot;,CucumberJson,PicklesDoc.Pickles.TestFrameworks.CucumberJson.CucumberJsonResults)" computerName="ERICCARLSONBBE6" duration="00:00:00.0020580" startTime="2022-05-04T14:46:18.2120108-04:00" endTime="2022-05-04T14:46:18.2140680-04:00" testType="13cdc9d9-ddb5-4fa4-a97d-d965ccfc6d4b" outcome="Passed" testListId="8c84fa94-04c1-424b-9868-57a2d4851a1d" relativeResultsDirectory="c179e90c-ca62-48d6-9964-2f890209ff1b" />
    <UnitTestResult executionId="84550d0f-114c-493b-8a1b-14b2cce53e8b" testId="63c783d3-cd4f-c315-c316-5735ac8dfa26" testName="ThenCanReadFailedFeatureResultSuccessfully" computerName="ERICCARLSONBBE6" duration="00:00:00.0007880" startTime="2022-05-04T14:46:16.9721189-04:00" endTime="2022-05-04T14:46:16.9729078-04:00" testType="13cdc9d9-ddb5-4fa4-a97d-d965ccfc6d4b" outcome="Passed" testListId="8c84fa94-04c1-424b-9868-57a2d4851a1d" relativeResultsDirectory="84550d0f-114c-493b-8a1b-14b2cce53e8b" />
    <UnitTestResult executionId="538515f6-1b6c-4f71-8743-f156a11cdab7" testId="877ca2ae-a522-d5d7-2fd9-a3dd2ef9b711" testName="ThenCanReadIndividualResultsFromScenarioOutline_MultipleExampleSections_ShouldBeTestResultFailed" computerName="ERICCARLSONBBE6" duration="00:00:00.0044500" startTime="2022-05-04T14:46:16.8475696-04:00" endTime="2022-05-04T14:46:16.8520200-04:00" testType="13cdc9d9-ddb5-4fa4-a97d-d965ccfc6d4b" outcome="Passed" testListId="8c84fa94-04c1-424b-9868-57a2d4851a1d" relativeResultsDirectory="538515f6-1b6c-4f71-8743-f156a11cdab7" />
    <UnitTestResult executionId="0060408d-0aa1-4473-87a6-83d2674b8c19" testId="fd4a59cc-11a9-fb21-8351-7acacb7d6743" testName="ThenCanReadResultOfScenarioOutlineWithFailingBackground" computerName="ERICCARLSONBBE6" duration="00:00:00.0101200" startTime="2022-05-04T14:46:16.5761903-04:00" endTime="2022-05-04T14:46:16.5863101-04:00" testType="13cdc9d9-ddb5-4fa4-a97d-d965ccfc6d4b" outcome="Passed" testListId="8c84fa94-04c1-424b-9868-57a2d4851a1d" relativeResultsDirectory="0060408d-0aa1-4473-87a6-83d2674b8c19" />
    <UnitTestResult executionId="8f49a678-014b-42f1-8b56-115c4e8b5033" testId="66e03bc3-9a1a-bb82-873e-d256b3c27477" testName="ThenCanReadSuccessfulScenarioResultSuccessfully" computerName="ERICCARLSONBBE6" duration="00:00:00.0032960" startTime="2022-05-04T14:46:16.7085038-04:00" endTime="2022-05-04T14:46:16.7117997-04:00" testType="13cdc9d9-ddb5-4fa4-a97d-d965ccfc6d4b" outcome="Passed" testListId="8c84fa94-04c1-424b-9868-57a2d4851a1d" relativeResultsDirectory="8f49a678-014b-42f1-8b56-115c4e8b5033" />
    <UnitTestResult executionId="1b37310c-bae4-490a-a5a6-40fca14482ee" testId="0b31d2fc-41d9-baed-8aab-114ee6aaff9e" testName="RegularExpressionAsExampleContentMatches_With_Angle_Brackets" computerName="ERICCARLSONBBE6" duration="00:00:00.0003510" startTime="2022-05-04T14:46:18.3396636-04:00" endTime="2022-05-04T14:46:18.3400143-04:00" testType="13cdc9d9-ddb5-4fa4-a97d-d965ccfc6d4b" outcome="Passed" testListId="8c84fa94-04c1-424b-9868-57a2d4851a1d" relativeResultsDirectory="1b37310c-bae4-490a-a5a6-40fca14482ee" />
    <UnitTestResult executionId="f08f0509-da83-4ab3-b737-a60e8f8f5f1c" testId="66032912-b178-4308-e9cd-9139f23f4710" testName="ThenCanReadResultOfScenarioWithFailingBackground" computerName="ERICCARLSONBBE6" duration="00:00:00.0027440" startTime="2022-05-04T14:46:16.2618845-04:00" endTime="2022-05-04T14:46:16.2646292-04:00" testType="13cdc9d9-ddb5-4fa4-a97d-d965ccfc6d4b" outcome="Passed" testListId="8c84fa94-04c1-424b-9868-57a2d4851a1d" relativeResultsDirectory="f08f0509-da83-4ab3-b737-a60e8f8f5f1c" />
    <UnitTestResult executionId="c0fa25ed-3a20-4867-96f7-60f911c06d89" testId="fcdc4ad3-b05f-80e2-df7c-dfcaf995ac74" testName="ThenCanReadResultOfScenarioWithDanishCharacters" computerName="ERICCARLSONBBE6" duration="00:00:00.0040600" startTime="2022-05-04T14:46:15.9622757-04:00" endTime="2022-05-04T14:46:15.9663363-04:00" testType="13cdc9d9-ddb5-4fa4-a97d-d965ccfc6d4b" outcome="Passed" testListId="8c84fa94-04c1-424b-9868-57a2d4851a1d" relativeResultsDirectory="c0fa25ed-3a20-4867-96f7-60f911c06d89" />
    <UnitTestResult executionId="13a4da87-3328-4771-b46b-d99865eb26b2" testId="1b904dc2-8da7-b28a-8a35-1d3fce5defa3" testName="ThenCanReadResultsWithBackslashes" computerName="ERICCARLSONBBE6" duration="00:00:00.0018780" startTime="2022-05-04T14:46:17.1527167-04:00" endTime="2022-05-04T14:46:17.1545952-04:00" testType="13cdc9d9-ddb5-4fa4-a97d-d965ccfc6d4b" outcome="Passed" testListId="8c84fa94-04c1-424b-9868-57a2d4851a1d" relativeResultsDirectory="13a4da87-3328-4771-b46b-d99865eb26b2" />
    <UnitTestResult executionId="0b9ceb5f-56cb-4dbd-b77d-233eb4d376da" testId="78a4d834-d8c9-b5a6-8099-63f422dfe326" testName="ThenCanReadInconclusiveFeatureResultSuccessfully" computerName="ERICCARLSONBBE6" duration="00:00:00.0011080" startTime="2022-05-04T14:46:17.7520671-04:00" endTime="2022-05-04T14:46:17.7531752-04:00" testType="13cdc9d9-ddb5-4fa4-a97d-d965ccfc6d4b" outcome="Passed" testListId="8c84fa94-04c1-424b-9868-57a2d4851a1d" relativeResultsDirectory="0b9ceb5f-56cb-4dbd-b77d-233eb4d376da" />
    <UnitTestResult executionId="e57a624a-de25-48ec-a83a-85331dc1e3df" testId="4af94715-f0ba-c849-32a4-dbc86e4a475a" testName="ThenCanReadScenarioOutlineResultSuccessfully" computerName="ERICCARLSONBBE6" duration="00:00:00.0024510" startTime="2022-05-04T14:46:16.0234519-04:00" endTime="2022-05-04T14:46:16.0259030-04:00" testType="13cdc9d9-ddb5-4fa4-a97d-d965ccfc6d4b" outcome="Passed" testListId="8c84fa94-04c1-424b-9868-57a2d4851a1d" relativeResultsDirectory="e57a624a-de25-48ec-a83a-85331dc1e3df" />
    <UnitTestResult executionId="9e16bd44-9c2c-4ea2-8a0f-c02680f3fdb4" testId="25c1bea4-c0ff-d075-22a4-63b5c72151e9" testName="ThenCanReadNotFoundScenarioCorrectly" computerName="ERICCARLSONBBE6" duration="00:00:00.0113270" startTime="2022-05-04T14:46:16.5294038-04:00" endTime="2022-05-04T14:46:16.5407311-04:00" testType="13cdc9d9-ddb5-4fa4-a97d-d965ccfc6d4b" outcome="Passed" testListId="8c84fa94-04c1-424b-9868-57a2d4851a1d" relativeResultsDirectory="9e16bd44-9c2c-4ea2-8a0f-c02680f3fdb4" />
    <UnitTestResult executionId="4e3242af-b0db-4e0f-8e31-ec8aefbccf5d" testId="04e26c3f-1210-a75b-c0bc-6ef78e296957" testName="ThenCanReadFeatureResultSuccessfully" computerName="ERICCARLSONBBE6" duration="00:00:00.0041350" startTime="2022-05-04T14:46:17.2085921-04:00" endTime="2022-05-04T14:46:17.2127267-04:00" testType="13cdc9d9-ddb5-4fa4-a97d-d965ccfc6d4b" outcome="Passed" testListId="8c84fa94-04c1-424b-9868-57a2d4851a1d" relativeResultsDirectory="4e3242af-b0db-4e0f-8e31-ec8aefbccf5d" />
    <UnitTestResult executionId="7480aac6-8d70-4b8e-a00e-c61d5aff87fd" testId="c7e76d21-7d2a-305a-821d-d13e50bc910e" testName="ThenCanReadExamplesWithLongExampleValues" computerName="ERICCARLSONBBE6" duration="00:00:00.0019750" startTime="2022-05-04T14:46:17.3446413-04:00" endTime="2022-05-04T14:46:17.3466159-04:00" testType="13cdc9d9-ddb5-4fa4-a97d-d965ccfc6d4b" outcome="Passed" testListId="8c84fa94-04c1-424b-9868-57a2d4851a1d" relativeResultsDirectory="7480aac6-8d70-4b8e-a00e-c61d5aff87fd" />
    <UnitTestResult executionId="f03e8e0c-da9b-4b2c-9182-87fe4a361f76" testId="ca7c5320-b258-ec0a-0209-15c9a535c03a" testName="ThenCanReadIndividualResultsFromScenarioOutline_MultipleExamplesWithDuplicateValues_ShouldMatchExamples" computerName="ERICCARLSONBBE6" duration="00:00:00.0088010" startTime="2022-05-04T14:46:16.4148814-04:00" endTime="2022-05-04T14:46:16.4236827-04:00" testType="13cdc9d9-ddb5-4fa4-a97d-d965ccfc6d4b" outcome="Passed" testListId="8c84fa94-04c1-424b-9868-57a2d4851a1d" relativeResultsDirectory="f03e8e0c-da9b-4b2c-9182-87fe4a361f76" />
    <UnitTestResult executionId="97ded3ef-d3bb-45d1-9680-9604b471682c" testId="99b61c03-de66-2cd6-57c4-fe88d42b339c" testName="ThenCanReadResultOfScenarioWithSpanishCharacters" computerName="ERICCARLSONBBE6" duration="00:00:00.0027940" startTime="2022-05-04T14:46:16.2712391-04:00" endTime="2022-05-04T14:46:16.2740341-04:00" testType="13cdc9d9-ddb5-4fa4-a97d-d965ccfc6d4b" outcome="Passed" testListId="8c84fa94-04c1-424b-9868-57a2d4851a1d" relativeResultsDirectory="97ded3ef-d3bb-45d1-9680-9604b471682c" />
    <UnitTestResult executionId="fddc6ad1-5448-463f-824a-aabd6477e426" testId="2a458999-94a8-df5e-d99f-8bcf0589d98d" testName="ThenCanReadResultOfScenarioWithSpanishCharacters" computerName="ERICCARLSONBBE6" duration="00:00:00.0030650" startTime="2022-05-04T14:46:17.2694140-04:00" endTime="2022-05-04T14:46:17.2724787-04:00" testType="13cdc9d9-ddb5-4fa4-a97d-d965ccfc6d4b" outcome="Passed" testListId="8c84fa94-04c1-424b-9868-57a2d4851a1d" relativeResultsDirectory="fddc6ad1-5448-463f-824a-aabd6477e426" />
    <UnitTestResult executionId="8d5bbcf2-4778-460d-86fc-d7cd72070373" testId="c8836a8e-d919-c2fa-5c2d-61cd7e788ac3" testName="ThenCanReadFailedScenarioResultSuccessfully" computerName="ERICCARLSONBBE6" duration="00:00:00.0022889" startTime="2022-05-04T14:46:17.2921925-04:00" endTime="2022-05-04T14:46:17.2944818-04:00" testType="13cdc9d9-ddb5-4fa4-a97d-d965ccfc6d4b" outcome="Passed" testListId="8c84fa94-04c1-424b-9868-57a2d4851a1d" relativeResultsDirectory="8d5bbcf2-4778-460d-86fc-d7cd72070373" />
    <UnitTestResult executionId="eb513f6d-bd50-4456-9c09-362ab2092d66" testId="74b4106b-4b89-70e5-ec6d-b53991f24ded" testName="ThenCanReadNotFoundScenarioCorrectly" computerName="ERICCARLSONBBE6" duration="00:00:00.0022750" startTime="2022-05-04T14:46:15.8156589-04:00" endTime="2022-05-04T14:46:15.8179355-04:00" testType="13cdc9d9-ddb5-4fa4-a97d-d965ccfc6d4b" outcome="Passed" testListId="8c84fa94-04c1-424b-9868-57a2d4851a1d" relativeResultsDirectory="eb513f6d-bd50-4456-9c09-362ab2092d66" />
    <UnitTestResult executionId="7292c972-a3cd-4df7-ad66-26d545e53850" testId="5c207727-4ce6-c546-30ce-9e08049db82c" testName="ThenCanReadNotFoundScenarioCorrectly" computerName="ERICCARLSONBBE6" duration="00:00:00.0146570" startTime="2022-05-04T14:46:17.1007477-04:00" endTime="2022-05-04T14:46:17.1154052-04:00" testType="13cdc9d9-ddb5-4fa4-a97d-d965ccfc6d4b" outcome="Passed" testListId="8c84fa94-04c1-424b-9868-57a2d4851a1d" relativeResultsDirectory="7292c972-a3cd-4df7-ad66-26d545e53850" />
    <UnitTestResult executionId="af59aae5-2b28-4d0c-bc9e-fbae42916cc7" testId="787e4f4b-a6f8-e61e-60f5-7ef57c15df22" testName="ThenCanReadExamplesWithRegexValuesFromScenarioOutline_ShouldBeTestResultPassed" computerName="ERICCARLSONBBE6" duration="00:00:00.0045920" startTime="2022-05-04T14:46:16.0633118-04:00" endTime="2022-05-04T14:46:16.0679043-04:00" testType="13cdc9d9-ddb5-4fa4-a97d-d965ccfc6d4b" outcome="Passed" testListId="8c84fa94-04c1-424b-9868-57a2d4851a1d" relativeResultsDirectory="af59aae5-2b28-4d0c-bc9e-fbae42916cc7" />
    <UnitTestResult executionId="4ac49469-bb5c-43f8-938e-9cfb5dd3534c" testId="5cb8adb0-f986-570a-997c-7c2904e5d79c" testName="ThenCanResolve(&quot;results-example-mstest.trx&quot;,&quot;MsTest.results-example-mstest.trx&quot;,MsTest,PicklesDoc.Pickles.TestFrameworks.MsTest.MsTestResults)" computerName="ERICCARLSONBBE6" duration="00:00:00.0046920" startTime="2022-05-04T14:46:18.0678545-04:00" endTime="2022-05-04T14:46:18.0725466-04:00" testType="13cdc9d9-ddb5-4fa4-a97d-d965ccfc6d4b" outcome="Passed" testListId="8c84fa94-04c1-424b-9868-57a2d4851a1d" relativeResultsDirectory="4ac49469-bb5c-43f8-938e-9cfb5dd3534c" />
    <UnitTestResult executionId="3c00de44-2984-4144-a838-8394838f84ed" testId="1926ccdc-00d6-72e9-1270-04d414099d1b" testName="ThenCanReadIndividualResultsFromScenarioOutline_OneInconclusive_ShouldBeTestResultInconclusive" computerName="ERICCARLSONBBE6" duration="00:00:00.0019940" startTime="2022-05-04T14:46:17.1871168-04:00" endTime="2022-05-04T14:46:17.1891108-04:00" testType="13cdc9d9-ddb5-4fa4-a97d-d965ccfc6d4b" outcome="Passed" testListId="8c84fa94-04c1-424b-9868-57a2d4851a1d" relativeResultsDirectory="3c00de44-2984-4144-a838-8394838f84ed" />
    <UnitTestResult executionId="e4089d87-80b8-4b93-b039-a97284202c6c" testId="9893997e-53da-cb26-1457-0e4e96142bee" testName="ThenCanReadResultOfScenarioWithFailingBackground" computerName="ERICCARLSONBBE6" duration="00:00:00.0035960" startTime="2022-05-04T14:46:17.3252027-04:00" endTime="2022-05-04T14:46:17.3287992-04:00" testType="13cdc9d9-ddb5-4fa4-a97d-d965ccfc6d4b" outcome="Passed" testListId="8c84fa94-04c1-424b-9868-57a2d4851a1d" relativeResultsDirectory="e4089d87-80b8-4b93-b039-a97284202c6c" />
    <UnitTestResult executionId="d997460e-c5d2-4797-aaf3-3778e3e5a6fb" testId="5bf4d307-a36a-3c36-5190-d6315ecad070" testName="ThenCanReadResultsWithBackslashes" computerName="ERICCARLSONBBE6" duration="00:00:00.0035010" startTime="2022-05-04T14:46:17.3309147-04:00" endTime="2022-05-04T14:46:17.3344152-04:00" testType="13cdc9d9-ddb5-4fa4-a97d-d965ccfc6d4b" outcome="Passed" testListId="8c84fa94-04c1-424b-9868-57a2d4851a1d" relativeResultsDirectory="d997460e-c5d2-4797-aaf3-3778e3e5a6fb" />
    <UnitTestResult executionId="7398a0b7-43c8-4b9d-9311-a80ed7475361" testId="bfcb74b4-5613-466e-636e-46588ff6d874" testName="ThenCanReadResultOfScenarioWithSpanishCharacters" computerName="ERICCARLSONBBE6" duration="00:00:00.0019290" startTime="2022-05-04T14:46:17.1483282-04:00" endTime="2022-05-04T14:46:17.1502574-04:00" testType="13cdc9d9-ddb5-4fa4-a97d-d965ccfc6d4b" outcome="Passed" testListId="8c84fa94-04c1-424b-9868-57a2d4851a1d" relativeResultsDirectory="7398a0b7-43c8-4b9d-9311-a80ed7475361" />
    <UnitTestResult executionId="2120e1d0-e40e-4dc2-a805-eeec38513d93" testId="b3b74f06-0222-4a33-dfad-ee23ddfbb054" testName="ThenCanReadScenarioOutlineResultSuccessfully" computerName="ERICCARLSONBBE6" duration="00:00:00.0020410" startTime="2022-05-04T14:46:18.2911932-04:00" endTime="2022-05-04T14:46:18.2932343-04:00" testType="13cdc9d9-ddb5-4fa4-a97d-d965ccfc6d4b" outcome="Passed" testListId="8c84fa94-04c1-424b-9868-57a2d4851a1d" relativeResultsDirectory="2120e1d0-e40e-4dc2-a805-eeec38513d93" />
    <UnitTestResult executionId="823b5ee7-049e-4dd1-8b6d-6c453055dd75" testId="66835627-edbb-e359-6b21-3e0100bfad91" testName="ThenCanReadFailedFeatureResultSuccessfully" computerName="ERICCARLSONBBE6" duration="00:00:00.0015650" startTime="2022-05-04T14:46:17.7400616-04:00" endTime="2022-05-04T14:46:17.7416261-04:00" testType="13cdc9d9-ddb5-4fa4-a97d-d965ccfc6d4b" outcome="Passed" testListId="8c84fa94-04c1-424b-9868-57a2d4851a1d" relativeResultsDirectory="823b5ee7-049e-4dd1-8b6d-6c453055dd75" />
    <UnitTestResult executionId="b4b6c92d-f8ed-48a4-a402-e16db4834eb5" testId="480a0e18-f143-bc50-4b24-c10a44209bde" testName="ThenCanReadResultOfScenarioOutlineWithUmlauts" computerName="ERICCARLSONBBE6" duration="00:00:00.0018990" startTime="2022-05-04T14:46:17.3213934-04:00" endTime="2022-05-04T14:46:17.3232928-04:00" testType="13cdc9d9-ddb5-4fa4-a97d-d965ccfc6d4b" outcome="Passed" testListId="8c84fa94-04c1-424b-9868-57a2d4851a1d" relativeResultsDirectory="b4b6c92d-f8ed-48a4-a402-e16db4834eb5" />
    <UnitTestResult executionId="9acde3fb-55d2-4079-8766-606afe5719bb" testId="6bd493a3-ac41-907d-ed2a-363507596529" testName="ThenCanReadIndividualResultsFromScenarioOutline_MultipleExamplesWithDuplicateValues_ShouldMatchExamples" computerName="ERICCARLSONBBE6" duration="00:00:00.0031410" startTime="2022-05-04T14:46:17.1767971-04:00" endTime="2022-05-04T14:46:17.1799382-04:00" testType="13cdc9d9-ddb5-4fa4-a97d-d965ccfc6d4b" outcome="Passed" testListId="8c84fa94-04c1-424b-9868-57a2d4851a1d" relativeResultsDirectory="9acde3fb-55d2-4079-8766-606afe5719bb" />
    <UnitTestResult executionId="36c96ac5-cde3-44dd-9cda-7dafb2275855" testId="430e1815-dd76-b549-699a-644e400c7601" testName="ThenCanResolve(&quot;results-example-nunit.xml&quot;,&quot;NUnit.NUnit2.results-example-nunit.xml&quot;,NUnit,PicklesDoc.Pickles.TestFrameworks.NUnit.NUnit2.NUnit2Results)" computerName="ERICCARLSONBBE6" duration="00:00:00.0019290" startTime="2022-05-04T14:46:18.0793237-04:00" endTime="2022-05-04T14:46:18.0812533-04:00" testType="13cdc9d9-ddb5-4fa4-a97d-d965ccfc6d4b" outcome="Passed" testListId="8c84fa94-04c1-424b-9868-57a2d4851a1d" relativeResultsDirectory="36c96ac5-cde3-44dd-9cda-7dafb2275855" />
    <UnitTestResult executionId="5ebb798d-6d1c-4f8d-858b-596583a21d5b" testId="756b1026-c36e-4a38-c9bf-9c8381bc803a" testName="ThenCanResolve(&quot;results-example-vstest.trx&quot;,&quot;VsTest.results-example-vstest.trx&quot;,VsTest,PicklesDoc.Pickles.TestFrameworks.VsTest.VsTestResults)" computerName="ERICCARLSONBBE6" duration="00:00:00.0027350" startTime="2022-05-04T14:46:18.1889398-04:00" endTime="2022-05-04T14:46:18.1916748-04:00" testType="13cdc9d9-ddb5-4fa4-a97d-d965ccfc6d4b" outcome="Passed" testListId="8c84fa94-04c1-424b-9868-57a2d4851a1d" relativeResultsDirectory="5ebb798d-6d1c-4f8d-858b-596583a21d5b" />
    <UnitTestResult executionId="c42a54f7-7bf8-4825-bc1d-7d13921cc15f" testId="75d8d6f7-e4a2-354d-194b-4c3a8e25de5b" testName="ThenCanReadNotFoundScenarioCorrectly" computerName="ERICCARLSONBBE6" duration="00:00:00.0019030" startTime="2022-05-04T14:46:17.3015109-04:00" endTime="2022-05-04T14:46:17.3034145-04:00" testType="13cdc9d9-ddb5-4fa4-a97d-d965ccfc6d4b" outcome="Passed" testListId="8c84fa94-04c1-424b-9868-57a2d4851a1d" relativeResultsDirectory="c42a54f7-7bf8-4825-bc1d-7d13921cc15f" />
    <UnitTestResult executionId="d2b629f9-cf3d-4c93-9643-d4ed4ef42f9f" testId="58f9e5ce-1bab-0c6b-1e0b-98e0a0083c94" testName="ThenCanReadResultOfScenarioOutlineExampleWithFailingBackground" computerName="ERICCARLSONBBE6" duration="00:00:00.0048240" startTime="2022-05-04T14:46:15.8774652-04:00" endTime="2022-05-04T14:46:15.8822902-04:00" testType="13cdc9d9-ddb5-4fa4-a97d-d965ccfc6d4b" outcome="Passed" testListId="8c84fa94-04c1-424b-9868-57a2d4851a1d" relativeResultsDirectory="d2b629f9-cf3d-4c93-9643-d4ed4ef42f9f" />
    <UnitTestResult executionId="390282bb-3e26-4315-ad8f-4b8d3b1f1b25" testId="1c544035-38ea-054f-e87c-73d6a628523a" testName="ThenCanReadResultOfScenarioOutlineWithUmlauts" computerName="ERICCARLSONBBE6" duration="00:00:00.0128310" startTime="2022-05-04T14:46:17.2490852-04:00" endTime="2022-05-04T14:46:17.2619158-04:00" testType="13cdc9d9-ddb5-4fa4-a97d-d965ccfc6d4b" outcome="Passed" testListId="8c84fa94-04c1-424b-9868-57a2d4851a1d" relativeResultsDirectory="390282bb-3e26-4315-ad8f-4b8d3b1f1b25" />
    <UnitTestResult executionId="6e6ebc8d-981b-4e69-8e4a-d63b025b0f7a" testId="6cb01e3f-a03d-67b1-8f23-89bbdd8943a3" testName="ThenCanReadFeatureResultSuccessfully" computerName="ERICCARLSONBBE6" duration="00:00:00.0027500" startTime="2022-05-04T14:46:17.0798686-04:00" endTime="2022-05-04T14:46:17.0826188-04:00" testType="13cdc9d9-ddb5-4fa4-a97d-d965ccfc6d4b" outcome="Passed" testListId="8c84fa94-04c1-424b-9868-57a2d4851a1d" relativeResultsDirectory="6e6ebc8d-981b-4e69-8e4a-d63b025b0f7a" />
    <UnitTestResult executionId="a2f3b9fc-cadd-4e0a-9e1a-0e4e243e8b3a" testId="ff3d2d05-1397-0038-c496-c12b7435aaee" testName="ThenCanReadExamplesWithLongExampleValues" computerName="ERICCARLSONBBE6" duration="00:00:00.0005840" startTime="2022-05-04T14:46:17.7850741-04:00" endTime="2022-05-04T14:46:17.7856582-04:00" testType="13cdc9d9-ddb5-4fa4-a97d-d965ccfc6d4b" outcome="Passed" testListId="8c84fa94-04c1-424b-9868-57a2d4851a1d" relativeResultsDirectory="a2f3b9fc-cadd-4e0a-9e1a-0e4e243e8b3a" />
    <UnitTestResult executionId="faa3e13c-409a-4ae3-a495-bfc2a5e7c3e1" testId="03cd529c-594e-f5f4-394a-38e5c1ffbbd4" testName="ThenCanReadInconclusiveScenarioResultSuccessfully" computerName="ERICCARLSONBBE6" duration="00:00:00.0026160" startTime="2022-05-04T14:46:16.1747495-04:00" endTime="2022-05-04T14:46:16.1773657-04:00" testType="13cdc9d9-ddb5-4fa4-a97d-d965ccfc6d4b" outcome="Passed" testListId="8c84fa94-04c1-424b-9868-57a2d4851a1d" relativeResultsDirectory="faa3e13c-409a-4ae3-a495-bfc2a5e7c3e1" />
    <UnitTestResult executionId="1b199d2d-6702-44dc-beda-65971e511726" testId="5dcd44f1-cbb8-8d6b-534f-9d513b76d8e6" testName="ThenCanReadFailedScenarioResultSuccessfully" computerName="ERICCARLSONBBE6" duration="00:00:00.0034810" startTime="2022-05-04T14:46:17.0758414-04:00" endTime="2022-05-04T14:46:17.0793229-04:00" testType="13cdc9d9-ddb5-4fa4-a97d-d965ccfc6d4b" outcome="Passed" testListId="8c84fa94-04c1-424b-9868-57a2d4851a1d" relativeResultsDirectory="1b199d2d-6702-44dc-beda-65971e511726" />
    <UnitTestResult executionId="a06ef133-33d6-44d1-8e52-c71de4745042" testId="9c713a2b-9e76-2415-d955-46aa4b04bc55" testName="ThenCanReadFailedScenarioResultSuccessfully" computerName="ERICCARLSONBBE6" duration="00:00:00.0027320" startTime="2022-05-04T14:46:16.9817451-04:00" endTime="2022-05-04T14:46:16.9844779-04:00" testType="13cdc9d9-ddb5-4fa4-a97d-d965ccfc6d4b" outcome="Passed" testListId="8c84fa94-04c1-424b-9868-57a2d4851a1d" relativeResultsDirectory="a06ef133-33d6-44d1-8e52-c71de4745042" />
    <UnitTestResult executionId="1c484644-d4a4-4174-8722-1169a87d4267" testId="13bb17c0-9c5e-610c-5753-956c620e1962" testName="ThenCanReadNotFoundFeatureCorrectly" computerName="ERICCARLSONBBE6" duration="00:00:00.0042400" startTime="2022-05-04T14:46:16.5208834-04:00" endTime="2022-05-04T14:46:16.5251234-04:00" testType="13cdc9d9-ddb5-4fa4-a97d-d965ccfc6d4b" outcome="Passed" testListId="8c84fa94-04c1-424b-9868-57a2d4851a1d" relativeResultsDirectory="1c484644-d4a4-4174-8722-1169a87d4267" />
    <UnitTestResult executionId="514bdb8b-54c1-447b-8d78-ab10d8ca14a2" testId="996b6d38-8904-1e30-ea22-94e60915db8c" testName="ThenCanReadScenarioOutlineResultSuccessfully" computerName="ERICCARLSONBBE6" duration="00:00:00.0041380" startTime="2022-05-04T14:46:17.1567669-04:00" endTime="2022-05-04T14:46:17.1609049-04:00" testType="13cdc9d9-ddb5-4fa4-a97d-d965ccfc6d4b" outcome="Passed" testListId="8c84fa94-04c1-424b-9868-57a2d4851a1d" relativeResultsDirectory="514bdb8b-54c1-447b-8d78-ab10d8ca14a2" />
    <UnitTestResult executionId="60088d80-5922-4c77-9707-a786b6e165e2" testId="4daa0264-d422-7a85-989e-1ae9e712a1eb" testName="ThenCanSuccessfullyMatchExamplesWithLongValues" computerName="ERICCARLSONBBE6" duration="00:00:00.0013000" startTime="2022-05-04T14:46:17.0228256-04:00" endTime="2022-05-04T14:46:17.0241262-04:00" testType="13cdc9d9-ddb5-4fa4-a97d-d965ccfc6d4b" outcome="Passed" testListId="8c84fa94-04c1-424b-9868-57a2d4851a1d" relativeResultsDirectory="60088d80-5922-4c77-9707-a786b6e165e2" />
    <UnitTestResult executionId="ca61375f-e756-4ab3-9ed2-1f898c089d97" testId="a7393586-64bb-69dc-eba3-1463201a4419" testName="ThenCanResolve(&quot;results-example-json.json&quot;,&quot;CucumberJson.results-example-json.json&quot;,CucumberJson,PicklesDoc.Pickles.TestFrameworks.CucumberJson.CucumberJsonResults)" computerName="ERICCARLSONBBE6" duration="00:00:00.0025469" startTime="2022-05-04T14:46:18.1852871-04:00" endTime="2022-05-04T14:46:18.1878331-04:00" testType="13cdc9d9-ddb5-4fa4-a97d-d965ccfc6d4b" outcome="Passed" testListId="8c84fa94-04c1-424b-9868-57a2d4851a1d" relativeResultsDirectory="ca61375f-e756-4ab3-9ed2-1f898c089d97" />
    <UnitTestResult executionId="d10929b4-d55d-4015-8b19-0d105acd5ece" testId="dda4734d-9263-9683-bcf1-0cc612cb1594" testName="ThenCanReadIndividualResultsFromScenarioOutline_MultipleExamplesWithDuplicateValues_ShouldMatchExamples" computerName="ERICCARLSONBBE6" duration="00:00:00.0027280" startTime="2022-05-04T14:46:17.3699772-04:00" endTime="2022-05-04T14:46:17.3727049-04:00" testType="13cdc9d9-ddb5-4fa4-a97d-d965ccfc6d4b" outcome="Passed" testListId="8c84fa94-04c1-424b-9868-57a2d4851a1d" relativeResultsDirectory="d10929b4-d55d-4015-8b19-0d105acd5ece" />
    <UnitTestResult executionId="406bdb7b-d6d3-4177-9882-474ba3fc1dcd" testId="2b2c3e93-fce0-8fb6-cf91-4df9fcc9f54b" testName="ThenCanReadResultsWithParenthesis" computerName="ERICCARLSONBBE6" duration="00:00:00.0023770" startTime="2022-05-04T14:46:17.2842518-04:00" endTime="2022-05-04T14:46:17.2866283-04:00" testType="13cdc9d9-ddb5-4fa4-a97d-d965ccfc6d4b" outcome="Passed" testListId="8c84fa94-04c1-424b-9868-57a2d4851a1d" relativeResultsDirectory="406bdb7b-d6d3-4177-9882-474ba3fc1dcd" />
    <UnitTestResult executionId="9dba789f-0199-4584-853b-a21cd2b89c36" testId="71c22708-dbaa-79ff-057b-e788d4505184" testName="ThenCanReadResultOfScenarioOutlineWithSpecialCharacters" computerName="ERICCARLSONBBE6" duration="00:00:00.0049510" startTime="2022-05-04T14:46:18.3850918-04:00" endTime="2022-05-04T14:46:18.3900421-04:00" testType="13cdc9d9-ddb5-4fa4-a97d-d965ccfc6d4b" outcome="Passed" testListId="8c84fa94-04c1-424b-9868-57a2d4851a1d" relativeResultsDirectory="9dba789f-0199-4584-853b-a21cd2b89c36" />
    <UnitTestResult executionId="95b6bc84-73cf-4726-bde4-0baa371b652b" testId="f6472f07-5ce8-7db5-6dd2-9068452de237" testName="ThenCanReadIndividualResultsFromScenarioOutline_MultipleNamedExamplesWithDuplicateValues_ShouldMatchExamples" computerName="ERICCARLSONBBE6" duration="00:00:00.0050330" startTime="2022-05-04T14:46:18.0330341-04:00" endTime="2022-05-04T14:46:18.0380675-04:00" testType="13cdc9d9-ddb5-4fa4-a97d-d965ccfc6d4b" outcome="Passed" testListId="8c84fa94-04c1-424b-9868-57a2d4851a1d" relativeResultsDirectory="95b6bc84-73cf-4726-bde4-0baa371b652b" />
    <UnitTestResult executionId="fe7b8662-4ff5-4517-a7e4-c1dadd6033bd" testId="f77ac471-dd6b-3503-d4b1-30115c337f42" testName="ThenCanReadIndividualResultsFromScenarioOutline_ExamplesWithDuplicateValues_ShouldMatchExamples" computerName="ERICCARLSONBBE6" duration="00:00:00.0019400" startTime="2022-05-04T14:46:17.1723950-04:00" endTime="2022-05-04T14:46:17.1743351-04:00" testType="13cdc9d9-ddb5-4fa4-a97d-d965ccfc6d4b" outcome="Passed" testListId="8c84fa94-04c1-424b-9868-57a2d4851a1d" relativeResultsDirectory="fe7b8662-4ff5-4517-a7e4-c1dadd6033bd" />
    <UnitTestResult executionId="c1a798a3-4e88-438b-96ee-d32a5894a133" testId="95936557-3c3b-a0be-ca02-74d60844464c" testName="ThenCanReadIndividualResultsFromScenarioOutline_ExamplesWithDuplicateValues_ShouldMatchExamples" computerName="ERICCARLSONBBE6" duration="00:00:00.0073250" startTime="2022-05-04T14:46:16.8222211-04:00" endTime="2022-05-04T14:46:16.8295466-04:00" testType="13cdc9d9-ddb5-4fa4-a97d-d965ccfc6d4b" outcome="Passed" testListId="8c84fa94-04c1-424b-9868-57a2d4851a1d" relativeResultsDirectory="c1a798a3-4e88-438b-96ee-d32a5894a133" />
    <UnitTestResult executionId="e666d089-c986-4082-9094-2c5587290886" testId="8f98acd7-c84b-a7f7-fb7f-0412075549d6" testName="ThenCanSuccessfullyMatchExamplesWithLongValues" computerName="ERICCARLSONBBE6" duration="00:00:00.0007260" startTime="2022-05-04T14:46:17.1927726-04:00" endTime="2022-05-04T14:46:17.1934985-04:00" testType="13cdc9d9-ddb5-4fa4-a97d-d965ccfc6d4b" outcome="Passed" testListId="8c84fa94-04c1-424b-9868-57a2d4851a1d" relativeResultsDirectory="e666d089-c986-4082-9094-2c5587290886" />
    <UnitTestResult executionId="7d434041-b0eb-4b60-ac6d-f4b6e3b8db48" testId="4bc5f009-c973-f931-1d45-f0addc813db2" testName="ThenCanReadFeatureResultSuccessfully" computerName="ERICCARLSONBBE6" duration="00:00:00.0030870" startTime="2022-05-04T14:46:16.1633340-04:00" endTime="2022-05-04T14:46:16.1664217-04:00" testType="13cdc9d9-ddb5-4fa4-a97d-d965ccfc6d4b" outcome="Passed" testListId="8c84fa94-04c1-424b-9868-57a2d4851a1d" relativeResultsDirectory="7d434041-b0eb-4b60-ac6d-f4b6e3b8db48" />
    <UnitTestResult executionId="8ca5ce39-b0d2-454e-bdb4-f6dde4a06d07" testId="86e3825d-829f-92fe-d878-0ca95ca51e4d" testName="ThenCanReadIndividualResultsFromScenarioOutline_MultipleNamedExamples_ShouldMatchExamples" computerName="ERICCARLSONBBE6" duration="00:00:00.0021610" startTime="2022-05-04T14:46:17.1799918-04:00" endTime="2022-05-04T14:46:17.1821525-04:00" testType="13cdc9d9-ddb5-4fa4-a97d-d965ccfc6d4b" outcome="Passed" testListId="8c84fa94-04c1-424b-9868-57a2d4851a1d" relativeResultsDirectory="8ca5ce39-b0d2-454e-bdb4-f6dde4a06d07" />
    <UnitTestResult executionId="da31cadb-3dde-4395-acdb-58811f039b70" testId="2f1248d0-a771-9597-d90a-fb612873ab24" testName="ThenCanReadResultOfScenarioOutlineWithFailingBackground" computerName="ERICCARLSONBBE6" duration="00:00:00.0026360" startTime="2022-05-04T14:46:16.2164983-04:00" endTime="2022-05-04T14:46:16.2191341-04:00" testType="13cdc9d9-ddb5-4fa4-a97d-d965ccfc6d4b" outcome="Passed" testListId="8c84fa94-04c1-424b-9868-57a2d4851a1d" relativeResultsDirectory="da31cadb-3dde-4395-acdb-58811f039b70" />
    <UnitTestResult executionId="284fcb06-c38a-4139-bb79-c14a8f02841b" testId="e4275a9b-8bad-38b9-332e-74176d2eb25f" testName="ThenCanReadResultOfScenarioWithFailingBackground" computerName="ERICCARLSONBBE6" duration="00:00:00.0016980" startTime="2022-05-04T14:46:17.1464522-04:00" endTime="2022-05-04T14:46:17.1481505-04:00" testType="13cdc9d9-ddb5-4fa4-a97d-d965ccfc6d4b" outcome="Passed" testListId="8c84fa94-04c1-424b-9868-57a2d4851a1d" relativeResultsDirectory="284fcb06-c38a-4139-bb79-c14a8f02841b" />
    <UnitTestResult executionId="20deff56-a3d9-47c4-a5a1-01dd997febf7" testId="6e48abaa-e94e-4cb3-4e64-703c4702dc60" testName="ThenCanReadResultOfScenarioWithSpecialCharacters" computerName="ERICCARLSONBBE6" duration="00:00:00.0019480" startTime="2022-05-04T14:46:17.3289337-04:00" endTime="2022-05-04T14:46:17.3308818-04:00" testType="13cdc9d9-ddb5-4fa4-a97d-d965ccfc6d4b" outcome="Passed" testListId="8c84fa94-04c1-424b-9868-57a2d4851a1d" relativeResultsDirectory="20deff56-a3d9-47c4-a5a1-01dd997febf7" />
    <UnitTestResult executionId="4c56c4a9-6441-4528-aed8-4e8d4e671a6c" testId="e42f56d1-0116-4ec2-39ce-514840e88883" testName="ThenCanReadResultOfScenarioWithDanishCharacters" computerName="ERICCARLSONBBE6" duration="00:00:00.0028410" startTime="2022-05-04T14:46:18.2724131-04:00" endTime="2022-05-04T14:46:18.2752549-04:00" testType="13cdc9d9-ddb5-4fa4-a97d-d965ccfc6d4b" outcome="Passed" testListId="8c84fa94-04c1-424b-9868-57a2d4851a1d" relativeResultsDirectory="4c56c4a9-6441-4528-aed8-4e8d4e671a6c" />
    <UnitTestResult executionId="8e26b049-bf10-4f67-af52-f026f625b92e" testId="443d82e7-b131-4eab-c0c2-77bcf8c78c0e" testName="ThenCanReadFailedFeatureResultSuccessfully" computerName="ERICCARLSONBBE6" duration="00:00:00.0028149" startTime="2022-05-04T14:46:16.1519893-04:00" endTime="2022-05-04T14:46:16.1548044-04:00" testType="13cdc9d9-ddb5-4fa4-a97d-d965ccfc6d4b" outcome="Passed" testListId="8c84fa94-04c1-424b-9868-57a2d4851a1d" relativeResultsDirectory="8e26b049-bf10-4f67-af52-f026f625b92e" />
    <UnitTestResult executionId="c378994a-32dd-46ba-abb1-c2c787a979cd" testId="60f4f078-0154-b41b-3de6-b38d34b12689" testName="ThenCanReadIndividualResultsFromScenarioOutline_ExamplesWithDuplicateValues_ShouldMatchExamples" computerName="ERICCARLSONBBE6" duration="00:00:00.0266850" startTime="2022-05-04T14:46:18.5285761-04:00" endTime="2022-05-04T14:46:18.5552614-04:00" testType="13cdc9d9-ddb5-4fa4-a97d-d965ccfc6d4b" outcome="Passed" testListId="8c84fa94-04c1-424b-9868-57a2d4851a1d" relativeResultsDirectory="c378994a-32dd-46ba-abb1-c2c787a979cd" />
    <UnitTestResult executionId="72a6e9a0-c742-4100-b916-739e6975fd3d" testId="8859dd67-9eea-687f-ff9c-c8608298b7a0" testName="ThenCanReadIgnoredScenarioResultSuccessfully" computerName="ERICCARLSONBBE6" duration="00:00:00.0019710" startTime="2022-05-04T14:46:17.0849915-04:00" endTime="2022-05-04T14:46:17.0869631-04:00" testType="13cdc9d9-ddb5-4fa4-a97d-d965ccfc6d4b" outcome="Passed" testListId="8c84fa94-04c1-424b-9868-57a2d4851a1d" relativeResultsDirectory="72a6e9a0-c742-4100-b916-739e6975fd3d" />
    <UnitTestResult executionId="76554088-052d-47a6-b178-4b2d70f8a9f7" testId="9553bcf1-c46a-a9e1-ecea-160af9ebe5b9" testName="ThenCanReadSuccessfulScenarioResultSuccessfully" computerName="ERICCARLSONBBE6" duration="00:00:00.0045660" startTime="2022-05-04T14:46:16.3536087-04:00" endTime="2022-05-04T14:46:16.3581757-04:00" testType="13cdc9d9-ddb5-4fa4-a97d-d965ccfc6d4b" outcome="Passed" testListId="8c84fa94-04c1-424b-9868-57a2d4851a1d" relativeResultsDirectory="76554088-052d-47a6-b178-4b2d70f8a9f7" />
    <UnitTestResult executionId="5377c431-a1eb-4da8-8d31-4ae4ddb7d5ed" testId="8acd974b-58e6-d71d-65a7-9fcbeabcb975" testName="ThenCanReadFeatureResultSuccessfully" computerName="ERICCARLSONBBE6" duration="00:00:00.0038970" startTime="2022-05-04T14:46:16.4983429-04:00" endTime="2022-05-04T14:46:16.5022393-04:00" testType="13cdc9d9-ddb5-4fa4-a97d-d965ccfc6d4b" outcome="Passed" testListId="8c84fa94-04c1-424b-9868-57a2d4851a1d" relativeResultsDirectory="5377c431-a1eb-4da8-8d31-4ae4ddb7d5ed" />
    <UnitTestResult executionId="277e1262-b793-472e-b87c-f50fbbc601a1" testId="8f0f2481-35fe-ae01-bfcb-690467c4a7bc" testName="ThenCanReadResultOfScenarioOutlineWithAmpersand" computerName="ERICCARLSONBBE6" duration="00:00:00.0022460" startTime="2022-05-04T14:46:17.1302478-04:00" endTime="2022-05-04T14:46:17.1324948-04:00" testType="13cdc9d9-ddb5-4fa4-a97d-d965ccfc6d4b" outcome="Passed" testListId="8c84fa94-04c1-424b-9868-57a2d4851a1d" relativeResultsDirectory="277e1262-b793-472e-b87c-f50fbbc601a1" />
    <UnitTestResult executionId="6889d3ac-8680-498d-bed9-fa33a944fc38" testId="e64bca34-3589-7be5-702b-1f171a1b0f81" testName="ThenCanReadIndividualResultsFromScenarioOutline_MultipleExampleSections_ShouldBeTestResultFailed" computerName="ERICCARLSONBBE6" duration="00:00:00.0598380" startTime="2022-05-04T14:46:18.5553008-04:00" endTime="2022-05-04T14:46:18.6151388-04:00" testType="13cdc9d9-ddb5-4fa4-a97d-d965ccfc6d4b" outcome="Passed" testListId="8c84fa94-04c1-424b-9868-57a2d4851a1d" relativeResultsDirectory="6889d3ac-8680-498d-bed9-fa33a944fc38" />
    <UnitTestResult executionId="d7d2b707-0c65-418b-b97d-983e839b576a" testId="bed3e0a6-5997-3869-73cc-50bad3fe5334" testName="ThenCanReadResultOfScenarioWithDanishCharacters" computerName="ERICCARLSONBBE6" duration="00:00:00.0020770" startTime="2022-05-04T14:46:17.7719260-04:00" endTime="2022-05-04T14:46:17.7740028-04:00" testType="13cdc9d9-ddb5-4fa4-a97d-d965ccfc6d4b" outcome="Passed" testListId="8c84fa94-04c1-424b-9868-57a2d4851a1d" relativeResultsDirectory="d7d2b707-0c65-418b-b97d-983e839b576a" />
    <UnitTestResult executionId="2c164494-6f54-46f1-bd02-fda76ab366e0" testId="8f694c62-d589-ac54-3491-78ce2e9f9173" testName="GetScenarioOutlineResult_OnePassingOneFailing_ReturnsFailed" computerName="ERICCARLSONBBE6" duration="00:00:00.0030410" startTime="2022-05-04T14:46:17.7319621-04:00" endTime="2022-05-04T14:46:17.7350029-04:00" testType="13cdc9d9-ddb5-4fa4-a97d-d965ccfc6d4b" outcome="Passed" testListId="8c84fa94-04c1-424b-9868-57a2d4851a1d" relativeResultsDirectory="2c164494-6f54-46f1-bd02-fda76ab366e0" />
    <UnitTestResult executionId="c7a4245e-58a6-46fe-b032-0f33ee592a85" testId="59fc518d-691e-1e5f-347b-11ecb9d13e9d" testName="ThenCanReadNotFoundFeatureCorrectly" computerName="ERICCARLSONBBE6" duration="00:00:00.0027870" startTime="2022-05-04T14:46:17.0941857-04:00" endTime="2022-05-04T14:46:17.0969732-04:00" testType="13cdc9d9-ddb5-4fa4-a97d-d965ccfc6d4b" outcome="Passed" testListId="8c84fa94-04c1-424b-9868-57a2d4851a1d" relativeResultsDirectory="c7a4245e-58a6-46fe-b032-0f33ee592a85" />
    <UnitTestResult executionId="ff48b6a7-a9de-4a7d-a858-50cc5623a9b3" testId="e88e51df-0600-5288-c5bd-454451abcf17" testName="ThenCanReadIndividualResultsFromScenarioOutline_MultipleExampleSections_ShouldBeTestResultFailed" computerName="ERICCARLSONBBE6" duration="00:00:00.0028279" startTime="2022-05-04T14:46:17.3646569-04:00" endTime="2022-05-04T14:46:17.3674846-04:00" testType="13cdc9d9-ddb5-4fa4-a97d-d965ccfc6d4b" outcome="Passed" testListId="8c84fa94-04c1-424b-9868-57a2d4851a1d" relativeResultsDirectory="ff48b6a7-a9de-4a7d-a858-50cc5623a9b3" />
    <UnitTestResult executionId="703d5cd5-98d0-4641-b26b-a27abde7d2ad" testId="d8eb6d98-9b62-c231-99fb-5444406d89a8" testName="GetFeatureResult_OnePassingOneFailed_ReturnsPassed" computerName="ERICCARLSONBBE6" duration="00:00:00.3292109" startTime="2022-05-04T14:46:17.3995387-04:00" endTime="2022-05-04T14:46:17.7287496-04:00" testType="13cdc9d9-ddb5-4fa4-a97d-d965ccfc6d4b" outcome="Passed" testListId="8c84fa94-04c1-424b-9868-57a2d4851a1d" relativeResultsDirectory="703d5cd5-98d0-4641-b26b-a27abde7d2ad" />
    <UnitTestResult executionId="eb1210d2-ddfe-470d-9508-eae514eae6ab" testId="38e54b38-917c-5b2b-c952-bdf2eaa51d0c" testName="ThenCanResolveAsSingleton(&quot;results-example-mstest.trx&quot;,&quot;MsTest.results-example-mstest.trx&quot;,MsTest,PicklesDoc.Pickles.TestFrameworks.MsTest.MsTestResults)" computerName="ERICCARLSONBBE6" duration="00:00:00.0106430" startTime="2022-05-04T14:46:18.1934933-04:00" endTime="2022-05-04T14:46:18.2041368-04:00" testType="13cdc9d9-ddb5-4fa4-a97d-d965ccfc6d4b" outcome="Passed" testListId="8c84fa94-04c1-424b-9868-57a2d4851a1d" relativeResultsDirectory="eb1210d2-ddfe-470d-9508-eae514eae6ab" />
    <UnitTestResult executionId="f255c912-6576-48fb-abcc-d41b2dfc6b9c" testId="606a7735-aef6-0113-4704-36b83853043c" testName="ThenCanReadFeatureResultSuccessfully" computerName="ERICCARLSONBBE6" duration="00:00:00.0031350" startTime="2022-05-04T14:46:15.7313945-04:00" endTime="2022-05-04T14:46:15.7345300-04:00" testType="13cdc9d9-ddb5-4fa4-a97d-d965ccfc6d4b" outcome="Passed" testListId="8c84fa94-04c1-424b-9868-57a2d4851a1d" relativeResultsDirectory="f255c912-6576-48fb-abcc-d41b2dfc6b9c" />
    <UnitTestResult executionId="f8a14cdf-6ece-49c3-87ef-e9e464305096" testId="9e40b804-42b0-5011-3b04-cc25d4d70de0" testName="ThenCanReadResultsWithParenthesis" computerName="ERICCARLSONBBE6" duration="00:00:00.0039780" startTime="2022-05-04T14:46:16.3336585-04:00" endTime="2022-05-04T14:46:16.3376376-04:00" testType="13cdc9d9-ddb5-4fa4-a97d-d965ccfc6d4b" outcome="Passed" testListId="8c84fa94-04c1-424b-9868-57a2d4851a1d" relativeResultsDirectory="f8a14cdf-6ece-49c3-87ef-e9e464305096" />
    <UnitTestResult executionId="0d5d98d7-6081-412b-b5fb-9fe9efd39e7d" testId="086f68bd-b3fd-894f-d1fe-0dbb71a51984" testName="ThenCanReadNotFoundScenarioCorrectly" computerName="ERICCARLSONBBE6" duration="00:00:00.0017540" startTime="2022-05-04T14:46:18.2456092-04:00" endTime="2022-05-04T14:46:18.2473631-04:00" testType="13cdc9d9-ddb5-4fa4-a97d-d965ccfc6d4b" outcome="Passed" testListId="8c84fa94-04c1-424b-9868-57a2d4851a1d" relativeResultsDirectory="0d5d98d7-6081-412b-b5fb-9fe9efd39e7d" />
    <UnitTestResult executionId="3d3639fd-612d-4a9a-a3ef-66ee250fd336" testId="661b4fd7-8a74-3489-35c5-59457dbca55e" testName="ThenCanReadResultsWithParenthesis" computerName="ERICCARLSONBBE6" duration="00:00:00.0016610" startTime="2022-05-04T14:46:17.1548647-04:00" endTime="2022-05-04T14:46:17.1565264-04:00" testType="13cdc9d9-ddb5-4fa4-a97d-d965ccfc6d4b" outcome="Passed" testListId="8c84fa94-04c1-424b-9868-57a2d4851a1d" relativeResultsDirectory="3d3639fd-612d-4a9a-a3ef-66ee250fd336" />
    <UnitTestResult executionId="7b24babc-7374-402a-9d1e-a745bb3ac20d" testId="4bfa13d1-17a0-4954-0e3e-a26d2de2fb23" testName="ThenCanReadResultOfScenarioOutlineWithFailingBackground" computerName="ERICCARLSONBBE6" duration="00:00:00.0023200" startTime="2022-05-04T14:46:18.2574403-04:00" endTime="2022-05-04T14:46:18.2597603-04:00" testType="13cdc9d9-ddb5-4fa4-a97d-d965ccfc6d4b" outcome="Passed" testListId="8c84fa94-04c1-424b-9868-57a2d4851a1d" relativeResultsDirectory="7b24babc-7374-402a-9d1e-a745bb3ac20d" />
    <UnitTestResult executionId="c1d1b93b-41ae-40e0-b87c-9c0af8aeb4b4" testId="108c2052-fc39-fc7d-462e-5ca8813e0e6a" testName="ThenCanReadResultOfScenarioWithSpecialCharacters" computerName="ERICCARLSONBBE6" duration="00:00:00.0018610" startTime="2022-05-04T14:46:17.1504421-04:00" endTime="2022-05-04T14:46:17.1523033-04:00" testType="13cdc9d9-ddb5-4fa4-a97d-d965ccfc6d4b" outcome="Passed" testListId="8c84fa94-04c1-424b-9868-57a2d4851a1d" relativeResultsDirectory="c1d1b93b-41ae-40e0-b87c-9c0af8aeb4b4" />
    <UnitTestResult executionId="d3499ad1-fa36-4178-b372-348440ab9f9f" testId="fde1c954-98a7-7238-71c0-b624bf2faef3" testName="ThenCanReadScenarioOutlineResultSuccessfully" computerName="ERICCARLSONBBE6" duration="00:00:00.0115890" startTime="2022-05-04T14:46:18.4109435-04:00" endTime="2022-05-04T14:46:18.4225319-04:00" testType="13cdc9d9-ddb5-4fa4-a97d-d965ccfc6d4b" outcome="Passed" testListId="8c84fa94-04c1-424b-9868-57a2d4851a1d" relativeResultsDirectory="d3499ad1-fa36-4178-b372-348440ab9f9f" />
    <UnitTestResult executionId="064aa975-d0df-4628-811d-434db5b20856" testId="a7365563-432a-a490-6278-92d0ebb084fc" testName="ThenCanReadResultOfScenarioOutlineWithUmlauts" computerName="ERICCARLSONBBE6" duration="00:00:00.0042820" startTime="2022-05-04T14:46:17.9322387-04:00" endTime="2022-05-04T14:46:17.9365207-04:00" testType="13cdc9d9-ddb5-4fa4-a97d-d965ccfc6d4b" outcome="Passed" testListId="8c84fa94-04c1-424b-9868-57a2d4851a1d" relativeResultsDirectory="064aa975-d0df-4628-811d-434db5b20856" />
    <UnitTestResult executionId="a1060245-3f08-45a6-97e9-d3195aa2fed2" testId="1ab3cefc-49c6-5a53-95db-2b52b6f9c551" testName="ThenCanReadResultOfScenarioWithFailingBackground" computerName="ERICCARLSONBBE6" duration="00:00:00.0015299" startTime="2022-05-04T14:46:17.7747641-04:00" endTime="2022-05-04T14:46:17.7762946-04:00" testType="13cdc9d9-ddb5-4fa4-a97d-d965ccfc6d4b" outcome="Passed" testListId="8c84fa94-04c1-424b-9868-57a2d4851a1d" relativeResultsDirectory="a1060245-3f08-45a6-97e9-d3195aa2fed2" />
    <UnitTestResult executionId="8d519ad2-eae1-41fc-a80f-923ed239aa55" testId="ac0a91f2-dd7a-5fc1-8193-eac940cd0656" testName="ThenCanReadSuccessfulScenarioResultSuccessfully" computerName="ERICCARLSONBBE6" duration="00:00:00.0018480" startTime="2022-05-04T14:46:17.1613079-04:00" endTime="2022-05-04T14:46:17.1631562-04:00" testType="13cdc9d9-ddb5-4fa4-a97d-d965ccfc6d4b" outcome="Passed" testListId="8c84fa94-04c1-424b-9868-57a2d4851a1d" relativeResultsDirectory="8d519ad2-eae1-41fc-a80f-923ed239aa55" />
    <UnitTestResult executionId="9b9861d4-2e3b-4847-a3cb-6e83c780140c" testId="81a1abf8-6be1-aea7-389f-5894b71b2368" testName="ThenCanResolveAsSingleton(&quot;results-example-specrun.html&quot;,&quot;SpecRun.results-example-specrun.html&quot;,SpecRun,PicklesDoc.Pickles.TestFrameworks.SpecRun.SpecRunResults)" computerName="ERICCARLSONBBE6" duration="00:00:00.0009490" startTime="2022-05-04T14:46:18.2141002-04:00" endTime="2022-05-04T14:46:18.2150495-04:00" testType="13cdc9d9-ddb5-4fa4-a97d-d965ccfc6d4b" outcome="Passed" testListId="8c84fa94-04c1-424b-9868-57a2d4851a1d" relativeResultsDirectory="9b9861d4-2e3b-4847-a3cb-6e83c780140c" />
    <UnitTestResult executionId="6fadc6f3-6a06-4c55-95f0-3d2dc312be31" testId="62779f41-de77-189d-2845-837ff5a12f04" testName="ThenCanReadNotFoundFeatureCorrectly" computerName="ERICCARLSONBBE6" duration="00:00:00.0081020" startTime="2022-05-04T14:46:16.1776820-04:00" endTime="2022-05-04T14:46:16.1857838-04:00" testType="13cdc9d9-ddb5-4fa4-a97d-d965ccfc6d4b" outcome="Passed" testListId="8c84fa94-04c1-424b-9868-57a2d4851a1d" relativeResultsDirectory="6fadc6f3-6a06-4c55-95f0-3d2dc312be31" />
    <UnitTestResult executionId="1a04ad4f-37db-4103-ad63-bae342301d1a" testId="dbf1db3e-c119-5966-af76-e8157d531ea2" testName="ThenCanReadIndividualResultsFromScenarioOutline_OneInconclusive_ShouldBeTestResultInconclusive" computerName="ERICCARLSONBBE6" duration="00:00:00.0010590" startTime="2022-05-04T14:46:17.7904699-04:00" endTime="2022-05-04T14:46:17.7915283-04:00" testType="13cdc9d9-ddb5-4fa4-a97d-d965ccfc6d4b" outcome="Passed" testListId="8c84fa94-04c1-424b-9868-57a2d4851a1d" relativeResultsDirectory="1a04ad4f-37db-4103-ad63-bae342301d1a" />
    <UnitTestResult executionId="32a02172-b534-4eee-a54e-643c9fdc1c65" testId="51b05b71-c723-8fd8-a294-f2801277fd50" testName="ThenCanReadSuccessfulScenarioResultSuccessfully" computerName="ERICCARLSONBBE6" duration="00:00:00.0011999" startTime="2022-05-04T14:46:17.7831706-04:00" endTime="2022-05-04T14:46:17.7843702-04:00" testType="13cdc9d9-ddb5-4fa4-a97d-d965ccfc6d4b" outcome="Passed" testListId="8c84fa94-04c1-424b-9868-57a2d4851a1d" relativeResultsDirectory="32a02172-b534-4eee-a54e-643c9fdc1c65" />
    <UnitTestResult executionId="dbc67542-5dda-4f34-b09f-bfa0cb2fbd5c" testId="349afda0-a849-d994-1cb5-43ab74afdf0c" testName="ThenCanReadIndividualResultsFromScenarioOutline_AllPass_ShouldBeTestResultPassed" computerName="ERICCARLSONBBE6" duration="00:00:00.0021400" startTime="2022-05-04T14:46:17.1694273-04:00" endTime="2022-05-04T14:46:17.1715676-04:00" testType="13cdc9d9-ddb5-4fa4-a97d-d965ccfc6d4b" outcome="Passed" testListId="8c84fa94-04c1-424b-9868-57a2d4851a1d" relativeResultsDirectory="dbc67542-5dda-4f34-b09f-bfa0cb2fbd5c" />
    <UnitTestResult executionId="66c5109c-6ba7-4971-b8a0-7bb905864686" testId="d09ead03-57a4-a7c5-33ac-18bdf2ed785e" testName="ThenCanReadResultOfScenarioOutlineWithSpecialCharacters" computerName="ERICCARLSONBBE6" duration="00:00:00.0020120" startTime="2022-05-04T14:46:17.3191713-04:00" endTime="2022-05-04T14:46:17.3211829-04:00" testType="13cdc9d9-ddb5-4fa4-a97d-d965ccfc6d4b" outcome="Passed" testListId="8c84fa94-04c1-424b-9868-57a2d4851a1d" relativeResultsDirectory="66c5109c-6ba7-4971-b8a0-7bb905864686" />
    <UnitTestResult executionId="e94dc4c2-e9d9-4132-9fce-7fbb4a14f66b" testId="53f842ac-f46d-7d71-9da8-af83d620085a" testName="ThenCanReadResultOfScenarioOutlineWithAmpersand" computerName="ERICCARLSONBBE6" duration="00:00:00.0029450" startTime="2022-05-04T14:46:17.3133779-04:00" endTime="2022-05-04T14:46:17.3163230-04:00" testType="13cdc9d9-ddb5-4fa4-a97d-d965ccfc6d4b" outcome="Passed" testListId="8c84fa94-04c1-424b-9868-57a2d4851a1d" relativeResultsDirectory="e94dc4c2-e9d9-4132-9fce-7fbb4a14f66b" />
    <UnitTestResult executionId="e61c182d-63da-48fe-a0eb-ec3bf145e62b" testId="e931af6a-3452-9003-decc-ede4ba4ec081" testName="ThenCanReadResultOfScenarioOutlineWithFailingBackground" computerName="ERICCARLSONBBE6" duration="00:00:00.0021160" startTime="2022-05-04T14:46:17.3167797-04:00" endTime="2022-05-04T14:46:17.3188956-04:00" testType="13cdc9d9-ddb5-4fa4-a97d-d965ccfc6d4b" outcome="Passed" testListId="8c84fa94-04c1-424b-9868-57a2d4851a1d" relativeResultsDirectory="e61c182d-63da-48fe-a0eb-ec3bf145e62b" />
    <UnitTestResult executionId="b2bddecd-aebe-404d-81da-a6bf313203cf" testId="f7956f7c-5887-9a0c-7c3e-645573a0e845" testName="ThenCanReadResultOfScenarioWithFailingBackground" computerName="ERICCARLSONBBE6" duration="00:00:00.0039530" startTime="2022-05-04T14:46:16.6265673-04:00" endTime="2022-05-04T14:46:16.6305207-04:00" testType="13cdc9d9-ddb5-4fa4-a97d-d965ccfc6d4b" outcome="Passed" testListId="8c84fa94-04c1-424b-9868-57a2d4851a1d" relativeResultsDirectory="b2bddecd-aebe-404d-81da-a6bf313203cf" />
    <UnitTestResult executionId="1ac0b910-8ed2-4e16-b47e-170f6e1708fa" testId="d5b1edb5-b12f-6f9b-d326-d112d604818d" testName="ThenCanReadResultsWithParenthesis" computerName="ERICCARLSONBBE6" duration="00:00:00.0054460" startTime="2022-05-04T14:46:16.0167897-04:00" endTime="2022-05-04T14:46:16.0222362-04:00" testType="13cdc9d9-ddb5-4fa4-a97d-d965ccfc6d4b" outcome="Passed" testListId="8c84fa94-04c1-424b-9868-57a2d4851a1d" relativeResultsDirectory="1ac0b910-8ed2-4e16-b47e-170f6e1708fa" />
    <UnitTestResult executionId="881138a8-f417-443c-9791-d339a19e686d" testId="bd67c30d-1d82-4e89-6c61-dfcd016668cb" testName="ThenCanReadScenarioOutlineResultSuccessfully" computerName="ERICCARLSONBBE6" duration="00:00:00.0031200" startTime="2022-05-04T14:46:17.9725877-04:00" endTime="2022-05-04T14:46:17.9757083-04:00" testType="13cdc9d9-ddb5-4fa4-a97d-d965ccfc6d4b" outcome="Passed" testListId="8c84fa94-04c1-424b-9868-57a2d4851a1d" relativeResultsDirectory="881138a8-f417-443c-9791-d339a19e686d" />
    <UnitTestResult executionId="fe9002d3-e1f6-4e24-9a51-3c4374980cf4" testId="8fac2b79-9e79-56e1-c8b9-dbffbd82ae43" testName="ThenCanReadExamplesWithRegexValuesFromScenarioOutline_ShouldBeTestResultPassed" computerName="ERICCARLSONBBE6" duration="00:00:00.0118670" startTime="2022-05-04T14:46:18.2989395-04:00" endTime="2022-05-04T14:46:18.3108063-04:00" testType="13cdc9d9-ddb5-4fa4-a97d-d965ccfc6d4b" outcome="Passed" testListId="8c84fa94-04c1-424b-9868-57a2d4851a1d" relativeResultsDirectory="fe9002d3-e1f6-4e24-9a51-3c4374980cf4" />
    <UnitTestResult executionId="e1ce9754-7966-4c85-be03-7d075265f1f7" testId="33f1da4b-412f-f4c7-12b2-2ccec879b8cc" testName="ThenCanReadExamplesWithRegexValuesFromScenarioOutline_ShouldBeTestResultPassed" computerName="ERICCARLSONBBE6" duration="00:00:00.0040730" startTime="2022-05-04T14:46:17.9903148-04:00" endTime="2022-05-04T14:46:17.9943878-04:00" testType="13cdc9d9-ddb5-4fa4-a97d-d965ccfc6d4b" outcome="Passed" testListId="8c84fa94-04c1-424b-9868-57a2d4851a1d" relativeResultsDirectory="e1ce9754-7966-4c85-be03-7d075265f1f7" />
    <UnitTestResult executionId="df170cdd-3278-4a3e-8800-d0281368f8ad" testId="6b71b8f6-958a-0474-734c-5037b2d776ec" testName="ThenCanReadResultsWithBackslashes" computerName="ERICCARLSONBBE6" duration="00:00:00.0142790" startTime="2022-05-04T14:46:16.3037446-04:00" endTime="2022-05-04T14:46:16.3180238-04:00" testType="13cdc9d9-ddb5-4fa4-a97d-d965ccfc6d4b" outcome="Passed" testListId="8c84fa94-04c1-424b-9868-57a2d4851a1d" relativeResultsDirectory="df170cdd-3278-4a3e-8800-d0281368f8ad" />
    <UnitTestResult executionId="2244c22a-fdd3-4b38-a645-37bb50f30367" testId="d39a468f-9980-5d97-4555-244415136c85" testName="ThenCanReadExamplesWithRegexValuesFromScenarioOutline_ShouldBeTestResultPassed" computerName="ERICCARLSONBBE6" duration="00:00:00.0090160" startTime="2022-05-04T14:46:16.3765143-04:00" endTime="2022-05-04T14:46:16.3855299-04:00" testType="13cdc9d9-ddb5-4fa4-a97d-d965ccfc6d4b" outcome="Passed" testListId="8c84fa94-04c1-424b-9868-57a2d4851a1d" relativeResultsDirectory="2244c22a-fdd3-4b38-a645-37bb50f30367" />
    <UnitTestResult executionId="e50c4fea-f942-4b11-a638-385284d07f8c" testId="ad017908-8d1a-0341-56bc-07e221b7fa03" testName="ThenCanReadResultOfScenarioWithSpanishCharacters" computerName="ERICCARLSONBBE6" duration="00:00:00.0026610" startTime="2022-05-04T14:46:15.9898096-04:00" endTime="2022-05-04T14:46:15.9924707-04:00" testType="13cdc9d9-ddb5-4fa4-a97d-d965ccfc6d4b" outcome="Passed" testListId="8c84fa94-04c1-424b-9868-57a2d4851a1d" relativeResultsDirectory="e50c4fea-f942-4b11-a638-385284d07f8c" />
    <UnitTestResult executionId="4110a3dd-7775-46e1-9822-79a4515f0abc" testId="58020c11-c291-9fff-a6eb-d178031b96c9" testName="ThenCanReadIndividualResultsFromScenarioOutline_OneFailed_ShouldBeTestResultFailed" computerName="ERICCARLSONBBE6" duration="00:00:00.0235960" startTime="2022-05-04T14:46:16.9086125-04:00" endTime="2022-05-04T14:46:16.9322093-04:00" testType="13cdc9d9-ddb5-4fa4-a97d-d965ccfc6d4b" outcome="Passed" testListId="8c84fa94-04c1-424b-9868-57a2d4851a1d" relativeResultsDirectory="4110a3dd-7775-46e1-9822-79a4515f0abc" />
    <UnitTestResult executionId="9d8e27f2-32ad-45eb-a4d1-d02678957f3d" testId="5f6ec94d-79db-fbc6-a975-8fcf5e6da5de" testName="ThenCanReadResultOfScenarioWithDanishCharacters" computerName="ERICCARLSONBBE6" duration="00:00:00.0094790" startTime="2022-05-04T14:46:16.2433942-04:00" endTime="2022-05-04T14:46:16.2528730-04:00" testType="13cdc9d9-ddb5-4fa4-a97d-d965ccfc6d4b" outcome="Passed" testListId="8c84fa94-04c1-424b-9868-57a2d4851a1d" relativeResultsDirectory="9d8e27f2-32ad-45eb-a4d1-d02678957f3d" />
    <UnitTestResult executionId="953df134-b341-411c-9224-840f6a3f1926" testId="06a88817-6ff8-d8d0-0cd7-9f4aa269e975" testName="ThenCanReadSuccessfulScenarioResultSuccessfully" computerName="ERICCARLSONBBE6" duration="00:00:00.0021130" startTime="2022-05-04T14:46:17.3389484-04:00" endTime="2022-05-04T14:46:17.3410613-04:00" testType="13cdc9d9-ddb5-4fa4-a97d-d965ccfc6d4b" outcome="Passed" testListId="8c84fa94-04c1-424b-9868-57a2d4851a1d" relativeResultsDirectory="953df134-b341-411c-9224-840f6a3f1926" />
    <UnitTestResult executionId="2da7b2cb-d958-4624-a5c5-1d8bee37cd45" testId="7efd0b0b-8ee2-d5e8-47e2-5ba5eebb44d2" testName="ThenCanReadFeatureResultSuccessfully" computerName="ERICCARLSONBBE6" duration="00:00:00.0020090" startTime="2022-05-04T14:46:18.2391494-04:00" endTime="2022-05-04T14:46:18.2411581-04:00" testType="13cdc9d9-ddb5-4fa4-a97d-d965ccfc6d4b" outcome="Passed" testListId="8c84fa94-04c1-424b-9868-57a2d4851a1d" relativeResultsDirectory="2da7b2cb-d958-4624-a5c5-1d8bee37cd45" />
    <UnitTestResult executionId="4f864600-266a-46d1-a11e-d5b941c62b2a" testId="0c92b541-a11c-af2d-cc00-baa08658eac8" testName="ThenCanReadPassedScenarioResultSuccessfully" computerName="ERICCARLSONBBE6" duration="00:00:00.0013940" startTime="2022-05-04T14:46:17.8056076-04:00" endTime="2022-05-04T14:46:17.8070019-04:00" testType="13cdc9d9-ddb5-4fa4-a97d-d965ccfc6d4b" outcome="Passed" testListId="8c84fa94-04c1-424b-9868-57a2d4851a1d" relativeResultsDirectory="4f864600-266a-46d1-a11e-d5b941c62b2a" />
    <UnitTestResult executionId="bbbaac02-6064-426e-ae40-17a0e1aebead" testId="22ff405e-4e4b-ec94-1d81-69603bb819cf" testName="ThenCanReadPassedFeatureResultSuccessfully" computerName="ERICCARLSONBBE6" duration="00:00:00.0037830" startTime="2022-05-04T14:46:17.8731357-04:00" endTime="2022-05-04T14:46:17.8769193-04:00" testType="13cdc9d9-ddb5-4fa4-a97d-d965ccfc6d4b" outcome="Passed" testListId="8c84fa94-04c1-424b-9868-57a2d4851a1d" relativeResultsDirectory="bbbaac02-6064-426e-ae40-17a0e1aebead" />
    <UnitTestResult executionId="7aaf8a2a-071d-4bd4-bb7d-6b8cfd8f80a9" testId="e1734028-fada-4af3-8a5c-ef092b76d644" testName="ThenCanReadResultOfScenarioWithDanishCharacters" computerName="ERICCARLSONBBE6" duration="00:00:00.0033080" startTime="2022-05-04T14:46:17.9365575-04:00" endTime="2022-05-04T14:46:17.9398653-04:00" testType="13cdc9d9-ddb5-4fa4-a97d-d965ccfc6d4b" outcome="Passed" testListId="8c84fa94-04c1-424b-9868-57a2d4851a1d" relativeResultsDirectory="7aaf8a2a-071d-4bd4-bb7d-6b8cfd8f80a9" />
    <UnitTestResult executionId="ca378654-35a0-48ef-8012-c3c6130ff425" testId="8073691c-21a5-9107-fb79-56e4b2e81fb1" testName="ThenCanReadNotFoundScenarioCorrectly" computerName="ERICCARLSONBBE6" duration="00:00:00.0029870" startTime="2022-05-04T14:46:17.8673407-04:00" endTime="2022-05-04T14:46:17.8703282-04:00" testType="13cdc9d9-ddb5-4fa4-a97d-d965ccfc6d4b" outcome="Passed" testListId="8c84fa94-04c1-424b-9868-57a2d4851a1d" relativeResultsDirectory="ca378654-35a0-48ef-8012-c3c6130ff425" />
    <UnitTestResult executionId="bc16fb39-fefa-4c5c-8476-4722efd1344a" testId="c878e9ba-46bf-00b5-a8be-a988ac37f973" testName="ThenCanReadFeatureResultSuccessfully" computerName="ERICCARLSONBBE6" duration="00:00:00.0068540" startTime="2022-05-04T14:46:17.0340593-04:00" endTime="2022-05-04T14:46:17.0409136-04:00" testType="13cdc9d9-ddb5-4fa4-a97d-d965ccfc6d4b" outcome="Passed" testListId="8c84fa94-04c1-424b-9868-57a2d4851a1d" relativeResultsDirectory="bc16fb39-fefa-4c5c-8476-4722efd1344a" />
    <UnitTestResult executionId="d657d21a-e1c0-4285-8478-adadfad06770" testId="39ac623f-fdf7-17f3-6ce0-9e1b4bfb7236" testName="ThenCanReadIndividualResultsFromScenarioOutline_MultipleNamedExamplesWithDuplicateValues_ShouldMatchExamples" computerName="ERICCARLSONBBE6" duration="00:00:00.0430380" startTime="2022-05-04T14:46:18.6710279-04:00" endTime="2022-05-04T14:46:18.7140655-04:00" testType="13cdc9d9-ddb5-4fa4-a97d-d965ccfc6d4b" outcome="Passed" testListId="8c84fa94-04c1-424b-9868-57a2d4851a1d" relativeResultsDirectory="d657d21a-e1c0-4285-8478-adadfad06770" />
    <UnitTestResult executionId="5731332d-2441-4beb-91f0-4536b438cfb8" testId="79eb825b-0ac9-6c28-1949-0ddaebf10cfc" testName="ThenCanReadPassedFeatureResultSuccessfully" computerName="ERICCARLSONBBE6" duration="00:00:00.0029430" startTime="2022-05-04T14:46:15.8302803-04:00" endTime="2022-05-04T14:46:15.8332249-04:00" testType="13cdc9d9-ddb5-4fa4-a97d-d965ccfc6d4b" outcome="Passed" testListId="8c84fa94-04c1-424b-9868-57a2d4851a1d" relativeResultsDirectory="5731332d-2441-4beb-91f0-4536b438cfb8" />
    <UnitTestResult executionId="76688aaa-c74a-44d1-b895-ddc9e4014bbd" testId="8bb3b051-fd54-70fa-37da-5e1986e478a5" testName="ThenCanReadIgnoredScenarioResultSuccessfully" computerName="ERICCARLSONBBE6" duration="00:00:00.0042570" startTime="2022-05-04T14:46:17.2964068-04:00" endTime="2022-05-04T14:46:17.3006629-04:00" testType="13cdc9d9-ddb5-4fa4-a97d-d965ccfc6d4b" outcome="Passed" testListId="8c84fa94-04c1-424b-9868-57a2d4851a1d" relativeResultsDirectory="76688aaa-c74a-44d1-b895-ddc9e4014bbd" />
    <UnitTestResult executionId="46be0c01-121a-4455-a109-dc34dd948a74" testId="8237b5ca-ec4b-2f2b-c709-52a921fafd5c" testName="ThenCanReadResultOfScenarioWithSpanishCharacters" computerName="ERICCARLSONBBE6" duration="00:00:00.0036710" startTime="2022-05-04T14:46:17.9503731-04:00" endTime="2022-05-04T14:46:17.9540437-04:00" testType="13cdc9d9-ddb5-4fa4-a97d-d965ccfc6d4b" outcome="Passed" testListId="8c84fa94-04c1-424b-9868-57a2d4851a1d" relativeResultsDirectory="46be0c01-121a-4455-a109-dc34dd948a74" />
    <UnitTestResult executionId="0d304d37-d53e-43b2-82b0-51cf5620fa68" testId="5dfc668d-d86b-26a4-226b-e2a6e77eef12" testName="ThenCanReadResultsWithParenthesis" computerName="ERICCARLSONBBE6" duration="00:00:00.0033520" startTime="2022-05-04T14:46:17.9679823-04:00" endTime="2022-05-04T14:46:17.9713338-04:00" testType="13cdc9d9-ddb5-4fa4-a97d-d965ccfc6d4b" outcome="Passed" testListId="8c84fa94-04c1-424b-9868-57a2d4851a1d" relativeResultsDirectory="0d304d37-d53e-43b2-82b0-51cf5620fa68" />
    <UnitTestResult executionId="da59d3e9-3a13-4bac-a8db-a325428d37b6" testId="cf93dd1e-782f-a497-0561-e7df285ec6b5" testName="ThenCanReadExamplesWithRegexValuesFromScenarioOutline_ShouldBeTestResultPassed" computerName="ERICCARLSONBBE6" duration="00:00:00.0752820" startTime="2022-05-04T14:46:18.4318263-04:00" endTime="2022-05-04T14:46:18.5071087-04:00" testType="13cdc9d9-ddb5-4fa4-a97d-d965ccfc6d4b" outcome="Passed" testListId="8c84fa94-04c1-424b-9868-57a2d4851a1d" relativeResultsDirectory="da59d3e9-3a13-4bac-a8db-a325428d37b6" />
    <UnitTestResult executionId="eeb0a38a-a0f2-4b73-84bc-c375cd0ffcc1" testId="5e1aca6a-d9b7-23f6-c415-c9c2a91cd790" testName="ThenCanReadFeatureResultWithoutThrowingException" computerName="ERICCARLSONBBE6" duration="00:00:00.0006810" startTime="2022-05-04T14:46:18.4257344-04:00" endTime="2022-05-04T14:46:18.4264153-04:00" testType="13cdc9d9-ddb5-4fa4-a97d-d965ccfc6d4b" outcome="Passed" testListId="8c84fa94-04c1-424b-9868-57a2d4851a1d" relativeResultsDirectory="eeb0a38a-a0f2-4b73-84bc-c375cd0ffcc1" />
    <UnitTestResult executionId="aa12ea1b-eef2-47ad-9746-fd92f1d57efe" testId="c830e46b-5a37-f382-9022-bd36e87a160f" testName="ThenCanReadResultOfScenarioWithSpecialCharacters" computerName="ERICCARLSONBBE6" duration="00:00:00.0028060" startTime="2022-05-04T14:46:16.2904831-04:00" endTime="2022-05-04T14:46:16.2932893-04:00" testType="13cdc9d9-ddb5-4fa4-a97d-d965ccfc6d4b" outcome="Passed" testListId="8c84fa94-04c1-424b-9868-57a2d4851a1d" relativeResultsDirectory="aa12ea1b-eef2-47ad-9746-fd92f1d57efe" />
    <UnitTestResult executionId="3b2ec903-6ba4-4b5e-81f5-6424157c743d" testId="a345261d-59be-f694-1a7a-ca5ce2d2d4c4" testName="ThenCanReadResultOfScenarioOutlineWithFailingBackground" computerName="ERICCARLSONBBE6" duration="00:00:00.0018940" startTime="2022-05-04T14:46:17.1350693-04:00" endTime="2022-05-04T14:46:17.1369639-04:00" testType="13cdc9d9-ddb5-4fa4-a97d-d965ccfc6d4b" outcome="Passed" testListId="8c84fa94-04c1-424b-9868-57a2d4851a1d" relativeResultsDirectory="3b2ec903-6ba4-4b5e-81f5-6424157c743d" />
    <UnitTestResult executionId="a3387723-f187-46ee-bd2c-e1705427be93" testId="5b940e7e-5602-6e2d-9bb4-ea58b2e075ab" testName="ThenCanReadResultOfScenarioOutlineWithFailingBackground" computerName="ERICCARLSONBBE6" duration="00:00:00.0091330" startTime="2022-05-04T14:46:17.9196116-04:00" endTime="2022-05-04T14:46:17.9287448-04:00" testType="13cdc9d9-ddb5-4fa4-a97d-d965ccfc6d4b" outcome="Passed" testListId="8c84fa94-04c1-424b-9868-57a2d4851a1d" relativeResultsDirectory="a3387723-f187-46ee-bd2c-e1705427be93" />
    <UnitTestResult executionId="0d167bb2-b1f2-4bb5-87ea-e84e49591836" testId="3363618d-ba10-7be9-e717-ba2f8beb1f14" testName="ThenCanReadBackgroundResultSuccessfully" computerName="ERICCARLSONBBE6" duration="00:00:00.0050170" startTime="2022-05-04T14:46:17.8092253-04:00" endTime="2022-05-04T14:46:17.8142424-04:00" testType="13cdc9d9-ddb5-4fa4-a97d-d965ccfc6d4b" outcome="Passed" testListId="8c84fa94-04c1-424b-9868-57a2d4851a1d" relativeResultsDirectory="0d167bb2-b1f2-4bb5-87ea-e84e49591836" />
    <UnitTestResult executionId="c1cd5a11-c3db-464f-a2b8-91ab3d49f81a" testId="9347f5be-5008-ff2d-ab85-8c6415e57b12" testName="ThenCanReadResultOfScenarioOutlineWithUmlauts" computerName="ERICCARLSONBBE6" duration="00:00:00.0013730" startTime="2022-05-04T14:46:17.7688382-04:00" endTime="2022-05-04T14:46:17.7702120-04:00" testType="13cdc9d9-ddb5-4fa4-a97d-d965ccfc6d4b" outcome="Passed" testListId="8c84fa94-04c1-424b-9868-57a2d4851a1d" relativeResultsDirectory="c1cd5a11-c3db-464f-a2b8-91ab3d49f81a" />
    <UnitTestResult executionId="8e00f107-a652-4672-801e-0d89c82eb8df" testId="09eb03c3-6c6b-d07d-0c0e-f69b7a3941d2" testName="ThenCanReadSuccessfulScenarioResultSuccessfully" computerName="ERICCARLSONBBE6" duration="00:00:00.0021150" startTime="2022-05-04T14:46:18.4226011-04:00" endTime="2022-05-04T14:46:18.4247159-04:00" testType="13cdc9d9-ddb5-4fa4-a97d-d965ccfc6d4b" outcome="Passed" testListId="8c84fa94-04c1-424b-9868-57a2d4851a1d" relativeResultsDirectory="8e00f107-a652-4672-801e-0d89c82eb8df" />
    <UnitTestResult executionId="573ca923-88ae-44b1-ab24-478dabaca324" testId="864c1316-42be-ac84-4487-0c84ff96ddee" testName="ThenCanReadScenarioResultSuccessfully" computerName="ERICCARLSONBBE6" duration="00:00:00.0103120" startTime="2022-05-04T14:46:17.0442975-04:00" endTime="2022-05-04T14:46:17.0546102-04:00" testType="13cdc9d9-ddb5-4fa4-a97d-d965ccfc6d4b" outcome="Passed" testListId="8c84fa94-04c1-424b-9868-57a2d4851a1d" relativeResultsDirectory="573ca923-88ae-44b1-ab24-478dabaca324" />
    <UnitTestResult executionId="0a132b73-daea-4058-8fca-c984c3f5a8df" testId="b6b4e5c5-badb-9c66-8425-431f3f703e83" testName="ThenCanReadResultOfScenarioOutlineExampleWithFailingBackground" computerName="ERICCARLSONBBE6" duration="00:00:00.0111270" startTime="2022-05-04T14:46:16.1956707-04:00" endTime="2022-05-04T14:46:16.2067975-04:00" testType="13cdc9d9-ddb5-4fa4-a97d-d965ccfc6d4b" outcome="Passed" testListId="8c84fa94-04c1-424b-9868-57a2d4851a1d" relativeResultsDirectory="0a132b73-daea-4058-8fca-c984c3f5a8df" />
    <UnitTestResult executionId="9b826f34-0f03-4ec8-9b80-139679108788" testId="13f1786b-ba98-dd5e-fe5d-f541f09404b5" testName="ThenCanReadInconclusiveFeatureResultSuccessfully" computerName="ERICCARLSONBBE6" duration="00:00:00.0030870" startTime="2022-05-04T14:46:15.7549525-04:00" endTime="2022-05-04T14:46:15.7580397-04:00" testType="13cdc9d9-ddb5-4fa4-a97d-d965ccfc6d4b" outcome="Passed" testListId="8c84fa94-04c1-424b-9868-57a2d4851a1d" relativeResultsDirectory="9b826f34-0f03-4ec8-9b80-139679108788" />
    <UnitTestResult executionId="88fd88df-673a-4885-9887-fe12aeea7369" testId="6ee23e15-5212-e5e6-0d67-3661442b479b" testName="ThenCanReadResultOfFeatureWithFailingBackground" computerName="ERICCARLSONBBE6" duration="00:00:00.0107309" startTime="2022-05-04T14:46:17.2203284-04:00" endTime="2022-05-04T14:46:17.2310597-04:00" testType="13cdc9d9-ddb5-4fa4-a97d-d965ccfc6d4b" outcome="Passed" testListId="8c84fa94-04c1-424b-9868-57a2d4851a1d" relativeResultsDirectory="88fd88df-673a-4885-9887-fe12aeea7369" />
    <UnitTestResult executionId="640fef09-57a2-4923-87b5-03f9e9d26cae" testId="249eb19e-fedc-463a-7645-04bc4a4b0dd3" testName="ThenCanReadPassedScenarioResultSuccessfully" computerName="ERICCARLSONBBE6" duration="00:00:00.0016040" startTime="2022-05-04T14:46:16.9891440-04:00" endTime="2022-05-04T14:46:16.9907489-04:00" testType="13cdc9d9-ddb5-4fa4-a97d-d965ccfc6d4b" outcome="Passed" testListId="8c84fa94-04c1-424b-9868-57a2d4851a1d" relativeResultsDirectory="640fef09-57a2-4923-87b5-03f9e9d26cae" />
    <UnitTestResult executionId="9d2037a9-c2de-405b-af87-1f61f74fcfa0" testId="5202701f-df81-3f07-3fd3-41cc028b9321" testName="ThenCanReadResultOfScenarioOutlineWithFailingBackground" computerName="ERICCARLSONBBE6" duration="00:00:00.0061710" startTime="2022-05-04T14:46:15.9194757-04:00" endTime="2022-05-04T14:46:15.9256480-04:00" testType="13cdc9d9-ddb5-4fa4-a97d-d965ccfc6d4b" outcome="Passed" testListId="8c84fa94-04c1-424b-9868-57a2d4851a1d" relativeResultsDirectory="9d2037a9-c2de-405b-af87-1f61f74fcfa0" />
    <UnitTestResult executionId="8c860771-7388-4bb2-bcff-4f33ff41656c" testId="6f8b015e-fbb6-5aab-26fd-c4459351481b" testName="ThenCanReadFailedScenarioResultSuccessfully" computerName="ERICCARLSONBBE6" duration="00:00:00.0089180" startTime="2022-05-04T14:46:16.4887848-04:00" endTime="2022-05-04T14:46:16.4977031-04:00" testType="13cdc9d9-ddb5-4fa4-a97d-d965ccfc6d4b" outcome="Passed" testListId="8c84fa94-04c1-424b-9868-57a2d4851a1d" relativeResultsDirectory="8c860771-7388-4bb2-bcff-4f33ff41656c" />
    <UnitTestResult executionId="3fb25955-bc9d-44a5-8917-0a3d63ffb363" testId="3f1adbc0-0196-34e5-6649-a85c5488fa91" testName="ThenCanReadResultOfScenarioWithDanishCharacters" computerName="ERICCARLSONBBE6" duration="00:00:00.0122510" startTime="2022-05-04T14:46:16.6110551-04:00" endTime="2022-05-04T14:46:16.6233068-04:00" testType="13cdc9d9-ddb5-4fa4-a97d-d965ccfc6d4b" outcome="Passed" testListId="8c84fa94-04c1-424b-9868-57a2d4851a1d" relativeResultsDirectory="3fb25955-bc9d-44a5-8917-0a3d63ffb363" />
    <UnitTestResult executionId="f0526c0d-1c61-4e48-af56-0e9d44b86af9" testId="f6f57a3d-4eb8-1874-da57-7a9e4d6b9c42" testName="ThenCanReadFailedScenarioResultSuccessfully" computerName="ERICCARLSONBBE6" duration="00:00:00.0052810" startTime="2022-05-04T14:46:17.2024340-04:00" endTime="2022-05-04T14:46:17.2077148-04:00" testType="13cdc9d9-ddb5-4fa4-a97d-d965ccfc6d4b" outcome="Passed" testListId="8c84fa94-04c1-424b-9868-57a2d4851a1d" relativeResultsDirectory="f0526c0d-1c61-4e48-af56-0e9d44b86af9" />
    <UnitTestResult executionId="3f1202d8-2bb0-4d7e-873e-0372749a67d9" testId="c50cc28e-ba3b-5d96-dbce-01f62e4d3c72" testName="ThenCanReadResultOfScenarioOutlineWithUmlauts" computerName="ERICCARLSONBBE6" duration="00:00:00.0043900" startTime="2022-05-04T14:46:18.2623470-04:00" endTime="2022-05-04T14:46:18.2667368-04:00" testType="13cdc9d9-ddb5-4fa4-a97d-d965ccfc6d4b" outcome="Passed" testListId="8c84fa94-04c1-424b-9868-57a2d4851a1d" relativeResultsDirectory="3f1202d8-2bb0-4d7e-873e-0372749a67d9" />
    <UnitTestResult executionId="92248c1f-d735-4fa0-afeb-44e3b86283aa" testId="49f08ad4-e3ca-7af9-80e5-b685a0b47674" testName="ThenCanReadFailedScenarioResultSuccessfully" computerName="ERICCARLSONBBE6" duration="00:00:00.0028010" startTime="2022-05-04T14:46:18.2363165-04:00" endTime="2022-05-04T14:46:18.2391174-04:00" testType="13cdc9d9-ddb5-4fa4-a97d-d965ccfc6d4b" outcome="Passed" testListId="8c84fa94-04c1-424b-9868-57a2d4851a1d" relativeResultsDirectory="92248c1f-d735-4fa0-afeb-44e3b86283aa" />
    <UnitTestResult executionId="4d764a50-740d-4dfc-ad75-08cc84c2942a" testId="76480529-7b76-e863-86e1-c858751ba287" testName="ThenCanReadResultOfFeatureWithFailingBackground" computerName="ERICCARLSONBBE6" duration="00:00:00.0090709" startTime="2022-05-04T14:46:17.8782019-04:00" endTime="2022-05-04T14:46:17.8872731-04:00" testType="13cdc9d9-ddb5-4fa4-a97d-d965ccfc6d4b" outcome="Passed" testListId="8c84fa94-04c1-424b-9868-57a2d4851a1d" relativeResultsDirectory="4d764a50-740d-4dfc-ad75-08cc84c2942a" />
    <UnitTestResult executionId="c109fe8c-34a0-4401-afe3-528193ca8c94" testId="ced3616f-3c88-db6e-d1dd-4edc14da40be" testName="ThenCanReadIndividualResultsFromScenarioOutline_AllPass_ShouldBeTestResultPassed" computerName="ERICCARLSONBBE6" duration="00:00:00.0133690" startTime="2022-05-04T14:46:16.8017549-04:00" endTime="2022-05-04T14:46:16.8151247-04:00" testType="13cdc9d9-ddb5-4fa4-a97d-d965ccfc6d4b" outcome="Passed" testListId="8c84fa94-04c1-424b-9868-57a2d4851a1d" relativeResultsDirectory="c109fe8c-34a0-4401-afe3-528193ca8c94" />
    <UnitTestResult executionId="12007218-75ce-48f1-b025-13e6388a4b7c" testId="98e742b5-a9e8-df93-45b6-fa0d531caa6b" testName="TestResultsFileIsMessingElementsForAFeature_ShouldReturnInconclusive" computerName="ERICCARLSONBBE6" duration="00:00:00.0006489" startTime="2022-05-04T14:46:16.1500063-04:00" endTime="2022-05-04T14:46:16.1506560-04:00" testType="13cdc9d9-ddb5-4fa4-a97d-d965ccfc6d4b" outcome="Passed" testListId="8c84fa94-04c1-424b-9868-57a2d4851a1d" relativeResultsDirectory="12007218-75ce-48f1-b025-13e6388a4b7c" />
    <UnitTestResult executionId="f5d42252-5365-4c47-be11-75a06c820410" testId="680a57ed-aef7-7627-554b-2ab01bc33ccf" testName="ThenCanReadIndividualResultsFromScenarioOutline_MultipleExamplesWithDuplicateValues_ShouldMatchExamples" computerName="ERICCARLSONBBE6" duration="00:00:00.0383980" startTime="2022-05-04T14:46:18.6151772-04:00" endTime="2022-05-04T14:46:18.6535753-04:00" testType="13cdc9d9-ddb5-4fa4-a97d-d965ccfc6d4b" outcome="Passed" testListId="8c84fa94-04c1-424b-9868-57a2d4851a1d" relativeResultsDirectory="f5d42252-5365-4c47-be11-75a06c820410" />
    <UnitTestResult executionId="298d1e4f-783e-49c4-b741-8a1b15fe32d9" testId="f85689af-bccc-784d-b093-f7a296ae9b10" testName="ThenCanReadResultOfScenarioWithSpecialCharacters" computerName="ERICCARLSONBBE6" duration="00:00:00.0035170" startTime="2022-05-04T14:46:17.9544062-04:00" endTime="2022-05-04T14:46:17.9579233-04:00" testType="13cdc9d9-ddb5-4fa4-a97d-d965ccfc6d4b" outcome="Passed" testListId="8c84fa94-04c1-424b-9868-57a2d4851a1d" relativeResultsDirectory="298d1e4f-783e-49c4-b741-8a1b15fe32d9" />
    <UnitTestResult executionId="488592d3-5a93-4712-a42f-58b364f1d36d" testId="577232fa-4820-0031-8220-5c10c6849f65" testName="ThenCanReadFailedScenarioResultSuccessfully" computerName="ERICCARLSONBBE6" duration="00:00:00.0077320" startTime="2022-05-04T14:46:16.1550727-04:00" endTime="2022-05-04T14:46:16.1628043-04:00" testType="13cdc9d9-ddb5-4fa4-a97d-d965ccfc6d4b" outcome="Passed" testListId="8c84fa94-04c1-424b-9868-57a2d4851a1d" relativeResultsDirectory="488592d3-5a93-4712-a42f-58b364f1d36d" />
    <UnitTestResult executionId="4f0f1a70-cd5c-4884-9b9a-3eeb99212c90" testId="87211bb6-e48e-1d49-fcdf-06cad7d36de4" testName="ThenCanReadIndividualResultsFromScenarioOutline_MultipleExampleSections_ShouldBeTestResultFailed" computerName="ERICCARLSONBBE6" duration="00:00:00.0027830" startTime="2022-05-04T14:46:18.3158533-04:00" endTime="2022-05-04T14:46:18.3186358-04:00" testType="13cdc9d9-ddb5-4fa4-a97d-d965ccfc6d4b" outcome="Passed" testListId="8c84fa94-04c1-424b-9868-57a2d4851a1d" relativeResultsDirectory="4f0f1a70-cd5c-4884-9b9a-3eeb99212c90" />
    <UnitTestResult executionId="90b5ebee-425a-4196-8ae7-ad45964b714b" testId="76e6779b-a81e-af08-fa5a-6175a7306b7c" testName="ThenCanReadResultOfScenarioOutlineExampleWithFailingBackground" computerName="ERICCARLSONBBE6" duration="00:00:00.0040050" startTime="2022-05-04T14:46:17.2333071-04:00" endTime="2022-05-04T14:46:17.2373126-04:00" testType="13cdc9d9-ddb5-4fa4-a97d-d965ccfc6d4b" outcome="Passed" testListId="8c84fa94-04c1-424b-9868-57a2d4851a1d" relativeResultsDirectory="90b5ebee-425a-4196-8ae7-ad45964b714b" />
    <UnitTestResult executionId="f02b0cfb-71bb-4497-bb87-a705c30a5590" testId="3f5af0d1-875c-7462-d712-e00deb320d7a" testName="ThenCanReadResultOfFeatureWithFailingBackground" computerName="ERICCARLSONBBE6" duration="00:00:00.0025300" startTime="2022-05-04T14:46:15.8527233-04:00" endTime="2022-05-04T14:46:15.8552536-04:00" testType="13cdc9d9-ddb5-4fa4-a97d-d965ccfc6d4b" outcome="Passed" testListId="8c84fa94-04c1-424b-9868-57a2d4851a1d" relativeResultsDirectory="f02b0cfb-71bb-4497-bb87-a705c30a5590" />
    <UnitTestResult executionId="f3dd8724-4483-49c7-9c42-5d51d5e9731e" testId="741a4e57-0cca-d960-3bbc-2a95ae33db53" testName="ThenCanReadIndividualResultsFromScenarioOutline_AllPass_ShouldBeTestResultPassed" computerName="ERICCARLSONBBE6" duration="00:00:00.0030910" startTime="2022-05-04T14:46:16.0680817-04:00" endTime="2022-05-04T14:46:16.0711723-04:00" testType="13cdc9d9-ddb5-4fa4-a97d-d965ccfc6d4b" outcome="Passed" testListId="8c84fa94-04c1-424b-9868-57a2d4851a1d" relativeResultsDirectory="f3dd8724-4483-49c7-9c42-5d51d5e9731e" />
    <UnitTestResult executionId="c9bfcb2c-08b9-4c76-bdce-8815ff79514f" testId="d2ebcdb0-238b-cbb7-f625-318772534557" testName="ThenCanReadPassedFeatureResultSuccessfully" computerName="ERICCARLSONBBE6" duration="00:00:00.0022250" startTime="2022-05-04T14:46:17.1160454-04:00" endTime="2022-05-04T14:46:17.1182705-04:00" testType="13cdc9d9-ddb5-4fa4-a97d-d965ccfc6d4b" outcome="Passed" testListId="8c84fa94-04c1-424b-9868-57a2d4851a1d" relativeResultsDirectory="c9bfcb2c-08b9-4c76-bdce-8815ff79514f" />
    <UnitTestResult executionId="6da3c3f5-4516-4540-b522-d6cfead197bd" testId="a9afc403-29e6-88a4-c2af-4c0ff8d8a28b" testName="ThenCanReadIgnoredScenarioResultSuccessfully" computerName="ERICCARLSONBBE6" duration="00:00:00.0035190" startTime="2022-05-04T14:46:15.7368409-04:00" endTime="2022-05-04T14:46:15.7403598-04:00" testType="13cdc9d9-ddb5-4fa4-a97d-d965ccfc6d4b" outcome="Passed" testListId="8c84fa94-04c1-424b-9868-57a2d4851a1d" relativeResultsDirectory="6da3c3f5-4516-4540-b522-d6cfead197bd" />
    <UnitTestResult executionId="08b9912e-dcfc-4a58-8e3b-61e0330f9c59" testId="26745cdf-54c9-6722-4605-f8b66ff30e43" testName="ThenCanReadResultOfScenarioOutlineWithSpecialCharacters" computerName="ERICCARLSONBBE6" duration="00:00:00.0031410" startTime="2022-05-04T14:46:17.2441272-04:00" endTime="2022-05-04T14:46:17.2472684-04:00" testType="13cdc9d9-ddb5-4fa4-a97d-d965ccfc6d4b" outcome="Passed" testListId="8c84fa94-04c1-424b-9868-57a2d4851a1d" relativeResultsDirectory="08b9912e-dcfc-4a58-8e3b-61e0330f9c59" />
    <UnitTestResult executionId="4dea772b-a207-4097-b4e2-becef94320bb" testId="d8c07703-c6ba-2990-8554-e0597fbd2a9a" testName="ThenCanReadInconclusiveScenarioResultSuccessfully" computerName="ERICCARLSONBBE6" duration="00:00:00.0033980" startTime="2022-05-04T14:46:16.5172770-04:00" endTime="2022-05-04T14:46:16.5206746-04:00" testType="13cdc9d9-ddb5-4fa4-a97d-d965ccfc6d4b" outcome="Passed" testListId="8c84fa94-04c1-424b-9868-57a2d4851a1d" relativeResultsDirectory="4dea772b-a207-4097-b4e2-becef94320bb" />
    <UnitTestResult executionId="7069ce20-f01a-442e-913e-bbb3945f0ef6" testId="1427994f-dfc2-3b8f-5f19-9134cfec26f2" testName="ThenCanReadResultOfScenarioOutlineWithFailingBackground" computerName="ERICCARLSONBBE6" duration="00:00:00.0039410" startTime="2022-05-04T14:46:18.3811192-04:00" endTime="2022-05-04T14:46:18.3850595-04:00" testType="13cdc9d9-ddb5-4fa4-a97d-d965ccfc6d4b" outcome="Passed" testListId="8c84fa94-04c1-424b-9868-57a2d4851a1d" relativeResultsDirectory="7069ce20-f01a-442e-913e-bbb3945f0ef6" />
    <UnitTestResult executionId="aaadfa1f-86f1-4e7d-b6f8-9ad1ea214e19" testId="279277b8-c475-1740-4b89-51c71b5e60bc" testName="ThenCanReadResultOfScenarioWithSpecialCharacters" computerName="ERICCARLSONBBE6" duration="00:00:00.0035220" startTime="2022-05-04T14:46:16.6454150-04:00" endTime="2022-05-04T14:46:16.6489370-04:00" testType="13cdc9d9-ddb5-4fa4-a97d-d965ccfc6d4b" outcome="Passed" testListId="8c84fa94-04c1-424b-9868-57a2d4851a1d" relativeResultsDirectory="aaadfa1f-86f1-4e7d-b6f8-9ad1ea214e19" />
    <UnitTestResult executionId="afd72319-b2ba-4aa1-a240-7ee3abddbe3f" testId="d7f6d945-38ba-f308-695a-8462453f5d48" testName="ThenCanReadIndividualResultsFromScenarioOutline_MultipleNamedExamplesWithDuplicateValues_ShouldMatchExamples" computerName="ERICCARLSONBBE6" duration="00:00:00.0057920" startTime="2022-05-04T14:46:16.1127095-04:00" endTime="2022-05-04T14:46:16.1185009-04:00" testType="13cdc9d9-ddb5-4fa4-a97d-d965ccfc6d4b" outcome="Passed" testListId="8c84fa94-04c1-424b-9868-57a2d4851a1d" relativeResultsDirectory="afd72319-b2ba-4aa1-a240-7ee3abddbe3f" />
    <UnitTestResult executionId="40cbd630-ce79-47f5-afaf-a0099f8ed150" testId="e1e175ed-feba-4c6f-4525-385ac52e4ff1" testName="ThenCanReadIndividualResultsFromScenarioOutline_AllPass_ShouldBeTestResultPassed" computerName="ERICCARLSONBBE6" duration="00:00:00.0109160" startTime="2022-05-04T14:46:17.9944245-04:00" endTime="2022-05-04T14:46:18.0053402-04:00" testType="13cdc9d9-ddb5-4fa4-a97d-d965ccfc6d4b" outcome="Passed" testListId="8c84fa94-04c1-424b-9868-57a2d4851a1d" relativeResultsDirectory="40cbd630-ce79-47f5-afaf-a0099f8ed150" />
    <UnitTestResult executionId="4388c842-098b-40fc-afe2-68c30aafb60b" testId="8fd04541-1f43-6b67-271f-30979468cdcb" testName="ThenCanReadResultOfFeatureWithFailingBackground" computerName="ERICCARLSONBBE6" duration="00:00:00.0018160" startTime="2022-05-04T14:46:18.3737963-04:00" endTime="2022-05-04T14:46:18.3756124-04:00" testType="13cdc9d9-ddb5-4fa4-a97d-d965ccfc6d4b" outcome="Passed" testListId="8c84fa94-04c1-424b-9868-57a2d4851a1d" relativeResultsDirectory="4388c842-098b-40fc-afe2-68c30aafb60b" />
    <UnitTestResult executionId="632ef0af-92c2-4c55-9489-9e2777eb6f40" testId="465b8b22-ae43-8771-bab3-c61bdf88be2c" testName="ThenCanReadPassedFeatureResultSuccessfully" computerName="ERICCARLSONBBE6" duration="00:00:00.0031310" startTime="2022-05-04T14:46:16.1892362-04:00" endTime="2022-05-04T14:46:16.1923674-04:00" testType="13cdc9d9-ddb5-4fa4-a97d-d965ccfc6d4b" outcome="Passed" testListId="8c84fa94-04c1-424b-9868-57a2d4851a1d" relativeResultsDirectory="632ef0af-92c2-4c55-9489-9e2777eb6f40" />
    <UnitTestResult executionId="093858c2-e51f-4148-9cb0-e25a0961ac84" testId="b65bf01a-1b91-6b6e-4a80-ca1071e8595d" testName="ThenDontThrowIfTheOutlineWasIgnored" computerName="ERICCARLSONBBE6" duration="00:00:00.0088510" startTime="2022-05-04T14:46:18.3483158-04:00" endTime="2022-05-04T14:46:18.3571667-04:00" testType="13cdc9d9-ddb5-4fa4-a97d-d965ccfc6d4b" outcome="Passed" testListId="8c84fa94-04c1-424b-9868-57a2d4851a1d" relativeResultsDirectory="093858c2-e51f-4148-9cb0-e25a0961ac84" />
    <UnitTestResult executionId="c677dd88-b990-4677-8393-bb49d3cf8bc5" testId="ad512448-3972-9a5f-6725-9bed00cac1bb" testName="ThenCanReadIndividualResultsFromScenarioOutline_ExamplesWithDuplicateValues_ShouldMatchExamples" computerName="ERICCARLSONBBE6" duration="00:00:00.0027100" startTime="2022-05-04T14:46:16.3992210-04:00" endTime="2022-05-04T14:46:16.4019318-04:00" testType="13cdc9d9-ddb5-4fa4-a97d-d965ccfc6d4b" outcome="Passed" testListId="8c84fa94-04c1-424b-9868-57a2d4851a1d" relativeResultsDirectory="c677dd88-b990-4677-8393-bb49d3cf8bc5" />
    <UnitTestResult executionId="5ff5ab66-ece2-4691-afab-0f3f147c3877" testId="d4ee9b79-4196-caa7-d7b1-e48434993a78" testName="ThenCanReadIndividualResultsFromScenarioOutline_ExamplesWithDuplicateValues_ShouldMatchExamples" computerName="ERICCARLSONBBE6" duration="00:00:00.0026850" startTime="2022-05-04T14:46:17.3609802-04:00" endTime="2022-05-04T14:46:17.3636651-04:00" testType="13cdc9d9-ddb5-4fa4-a97d-d965ccfc6d4b" outcome="Passed" testListId="8c84fa94-04c1-424b-9868-57a2d4851a1d" relativeResultsDirectory="5ff5ab66-ece2-4691-afab-0f3f147c3877" />
    <UnitTestResult executionId="99e18e0b-0bc1-4a26-931c-633fd7771f67" testId="81bd21f5-845e-aa35-fada-47a8b94de4c8" testName="ThenCanReadResultOfScenarioOutlineWithSpecialCharacters" computerName="ERICCARLSONBBE6" duration="00:00:00.0035850" startTime="2022-05-04T14:46:16.5881060-04:00" endTime="2022-05-04T14:46:16.5916909-04:00" testType="13cdc9d9-ddb5-4fa4-a97d-d965ccfc6d4b" outcome="Passed" testListId="8c84fa94-04c1-424b-9868-57a2d4851a1d" relativeResultsDirectory="99e18e0b-0bc1-4a26-931c-633fd7771f67" />
    <UnitTestResult executionId="23e1f515-47ca-447b-bbc2-ebe9e209b534" testId="2fbca240-d73e-90fe-fa10-66a717472df8" testName="RegularExpressionAsExampleContentMatches_With_FullStop_And_Asterisk" computerName="ERICCARLSONBBE6" duration="00:00:00.0005999" startTime="2022-05-04T14:46:18.3433149-04:00" endTime="2022-05-04T14:46:18.3439146-04:00" testType="13cdc9d9-ddb5-4fa4-a97d-d965ccfc6d4b" outcome="Passed" testListId="8c84fa94-04c1-424b-9868-57a2d4851a1d" relativeResultsDirectory="23e1f515-47ca-447b-bbc2-ebe9e209b534" />
    <UnitTestResult executionId="307a5030-b546-4431-9d3a-090c9f68de99" testId="2a27032e-00ea-3b79-aa12-bae663492183" testName="ThenCanReadIndividualResultsFromScenarioOutline_MultipleExamplesWithDuplicateValues_ShouldMatchExamples" computerName="ERICCARLSONBBE6" duration="00:00:00.0025450" startTime="2022-05-04T14:46:18.3186663-04:00" endTime="2022-05-04T14:46:18.3212108-04:00" testType="13cdc9d9-ddb5-4fa4-a97d-d965ccfc6d4b" outcome="Passed" testListId="8c84fa94-04c1-424b-9868-57a2d4851a1d" relativeResultsDirectory="307a5030-b546-4431-9d3a-090c9f68de99" />
    <UnitTestResult executionId="3b2cc482-3a36-4496-8978-d12dc161b4af" testId="10cbd16f-822a-fdd7-e8ae-fa1a3eaa3761" testName="ThenCanReadIndividualResultsFromScenarioOutline_MultipleNamedExamples_ShouldMatchExamples" computerName="ERICCARLSONBBE6" duration="00:00:00.0023019" startTime="2022-05-04T14:46:18.3212427-04:00" endTime="2022-05-04T14:46:18.3235444-04:00" testType="13cdc9d9-ddb5-4fa4-a97d-d965ccfc6d4b" outcome="Passed" testListId="8c84fa94-04c1-424b-9868-57a2d4851a1d" relativeResultsDirectory="3b2cc482-3a36-4496-8978-d12dc161b4af" />
    <UnitTestResult executionId="61fe655b-294c-4f06-8634-f456a87c9be6" testId="4fd0e4d4-201f-f92a-a4bd-73991d73bd74" testName="ThenCanReadIndividualResultsFromScenarioOutline_OneFailed_ShouldBeTestResultFailed" computerName="ERICCARLSONBBE6" duration="00:00:00.0024830" startTime="2022-05-04T14:46:17.3895655-04:00" endTime="2022-05-04T14:46:17.3920489-04:00" testType="13cdc9d9-ddb5-4fa4-a97d-d965ccfc6d4b" outcome="Passed" testListId="8c84fa94-04c1-424b-9868-57a2d4851a1d" relativeResultsDirectory="61fe655b-294c-4f06-8634-f456a87c9be6" />
    <UnitTestResult executionId="3c3715a0-aadf-428a-aec0-3947c8406f5e" testId="731f5d07-dc75-9cda-bd6a-a157696b5258" testName="ThenIgnoredScenarioIsSetToInconclusive" computerName="ERICCARLSONBBE6" duration="00:00:00.0013330" startTime="2022-05-04T14:46:16.7255000-04:00" endTime="2022-05-04T14:46:16.7268333-04:00" testType="13cdc9d9-ddb5-4fa4-a97d-d965ccfc6d4b" outcome="Passed" testListId="8c84fa94-04c1-424b-9868-57a2d4851a1d" relativeResultsDirectory="3c3715a0-aadf-428a-aec0-3947c8406f5e" />
    <UnitTestResult executionId="0208c141-fcb4-4632-b04e-4e52450be97b" testId="468fc6f1-090e-af4a-e3f5-89b42d48597a" testName="ThenCanReadResultOfScenarioOutlineWithUmlauts" computerName="ERICCARLSONBBE6" duration="00:00:00.0058810" startTime="2022-05-04T14:46:16.6005282-04:00" endTime="2022-05-04T14:46:16.6064103-04:00" testType="13cdc9d9-ddb5-4fa4-a97d-d965ccfc6d4b" outcome="Passed" testListId="8c84fa94-04c1-424b-9868-57a2d4851a1d" relativeResultsDirectory="0208c141-fcb4-4632-b04e-4e52450be97b" />
    <UnitTestResult executionId="3b14a832-e1d6-4ede-9089-66c9d138d16c" testId="ec80a51d-21e0-d5fc-5b4e-aaa2b87640b8" testName="ThenCanReadIndividualResultsFromScenarioOutline_AllPass_ShouldBeTestResultPassed" computerName="ERICCARLSONBBE6" duration="00:00:00.0211730" startTime="2022-05-04T14:46:18.5071478-04:00" endTime="2022-05-04T14:46:18.5283210-04:00" testType="13cdc9d9-ddb5-4fa4-a97d-d965ccfc6d4b" outcome="Passed" testListId="8c84fa94-04c1-424b-9868-57a2d4851a1d" relativeResultsDirectory="3b14a832-e1d6-4ede-9089-66c9d138d16c" />
    <UnitTestResult executionId="404199fb-521d-46ca-baf4-710d0e0e6052" testId="dd0a53f6-9608-d074-ec6b-1fd826ef275e" testName="ThenCanReadResultOfScenarioOutlineWithUmlauts" computerName="ERICCARLSONBBE6" duration="00:00:00.0026350" startTime="2022-05-04T14:46:16.2300404-04:00" endTime="2022-05-04T14:46:16.2326751-04:00" testType="13cdc9d9-ddb5-4fa4-a97d-d965ccfc6d4b" outcome="Passed" testListId="8c84fa94-04c1-424b-9868-57a2d4851a1d" relativeResultsDirectory="404199fb-521d-46ca-baf4-710d0e0e6052" />
    <UnitTestResult executionId="17a30a82-e84c-48b3-9ce3-0dc8bffbfc6d" testId="20f75a53-728a-3e27-2cbb-bec08c93c778" testName="ThenCanReadResultOfScenarioOutlineWithSpecialCharacters" computerName="ERICCARLSONBBE6" duration="00:00:00.0017410" startTime="2022-05-04T14:46:17.1372580-04:00" endTime="2022-05-04T14:46:17.1389991-04:00" testType="13cdc9d9-ddb5-4fa4-a97d-d965ccfc6d4b" outcome="Passed" testListId="8c84fa94-04c1-424b-9868-57a2d4851a1d" relativeResultsDirectory="17a30a82-e84c-48b3-9ce3-0dc8bffbfc6d" />
    <UnitTestResult executionId="f97cebb4-a6d2-4646-9ff3-ad85cc7fd23d" testId="4f051dee-273d-fcff-0b9b-bfaf6bbfa98d" testName="ThenMatchWillBeFoundEvenIfACarriageReturnWasFoundInValueField" computerName="ERICCARLSONBBE6" duration="00:00:00.0011460" startTime="2022-05-04T14:46:16.7172595-04:00" endTime="2022-05-04T14:46:16.7184061-04:00" testType="13cdc9d9-ddb5-4fa4-a97d-d965ccfc6d4b" outcome="Passed" testListId="8c84fa94-04c1-424b-9868-57a2d4851a1d" relativeResultsDirectory="f97cebb4-a6d2-4646-9ff3-ad85cc7fd23d" />
    <UnitTestResult executionId="8c80f0a5-e8cf-48e6-b4a6-4739c7263060" testId="ce027c0e-b7b6-30e8-95b9-9af781c2b3c7" testName="ThenCanReadResultOfScenarioWithSpecialCharacters" computerName="ERICCARLSONBBE6" duration="00:00:00.0023090" startTime="2022-05-04T14:46:17.2725098-04:00" endTime="2022-05-04T14:46:17.2748188-04:00" testType="13cdc9d9-ddb5-4fa4-a97d-d965ccfc6d4b" outcome="Passed" testListId="8c84fa94-04c1-424b-9868-57a2d4851a1d" relativeResultsDirectory="8c80f0a5-e8cf-48e6-b4a6-4739c7263060" />
    <UnitTestResult executionId="f93a1be9-fb15-4461-9c2b-9a7de5fe51e5" testId="ec063bfd-14dd-1deb-4fd4-311c75309607" testName="ThenCanReadInconclusiveFeatureResultSuccessfully" computerName="ERICCARLSONBBE6" duration="00:00:00.0095739" startTime="2022-05-04T14:46:16.5074171-04:00" endTime="2022-05-04T14:46:16.5169906-04:00" testType="13cdc9d9-ddb5-4fa4-a97d-d965ccfc6d4b" outcome="Passed" testListId="8c84fa94-04c1-424b-9868-57a2d4851a1d" relativeResultsDirectory="f93a1be9-fb15-4461-9c2b-9a7de5fe51e5" />
    <UnitTestResult executionId="a74b10db-5653-4d54-846e-9cc3f511f1b0" testId="aa75de74-31a0-219d-da36-2e429565c098" testName="ThenCanReadIndividualResultsFromScenarioOutline_MultipleExampleSections_ShouldBeTestResultFailed" computerName="ERICCARLSONBBE6" duration="00:00:00.0073660" startTime="2022-05-04T14:46:16.0917916-04:00" endTime="2022-05-04T14:46:16.0991584-04:00" testType="13cdc9d9-ddb5-4fa4-a97d-d965ccfc6d4b" outcome="Passed" testListId="8c84fa94-04c1-424b-9868-57a2d4851a1d" relativeResultsDirectory="a74b10db-5653-4d54-846e-9cc3f511f1b0" />
    <UnitTestResult executionId="5185eed5-aa5e-4767-b538-ec7bedf76e04" testId="82d58c85-8bb5-21d8-f720-e76e5b78cc40" testName="ThenCanReadResultOfScenarioOutlineWithAmpersand" computerName="ERICCARLSONBBE6" duration="00:00:00.0031880" startTime="2022-05-04T14:46:15.8953618-04:00" endTime="2022-05-04T14:46:15.8985513-04:00" testType="13cdc9d9-ddb5-4fa4-a97d-d965ccfc6d4b" outcome="Passed" testListId="8c84fa94-04c1-424b-9868-57a2d4851a1d" relativeResultsDirectory="5185eed5-aa5e-4767-b538-ec7bedf76e04" />
    <UnitTestResult executionId="621458f1-3bda-47b1-80e4-be31c3db2b34" testId="f433ab30-ec94-3266-329c-2d06d086eb91" testName="ThenCanReadResultOfScenarioOutlineWithSpecialCharacters" computerName="ERICCARLSONBBE6" duration="00:00:00.0029950" startTime="2022-05-04T14:46:15.9382021-04:00" endTime="2022-05-04T14:46:15.9411976-04:00" testType="13cdc9d9-ddb5-4fa4-a97d-d965ccfc6d4b" outcome="Passed" testListId="8c84fa94-04c1-424b-9868-57a2d4851a1d" relativeResultsDirectory="621458f1-3bda-47b1-80e4-be31c3db2b34" />
    <UnitTestResult executionId="8618a34e-e973-455b-9ca1-b505fd22497f" testId="7003fa29-5d8b-f503-a549-5fe616789c37" testName="RegularExpressionAsExampleContentMatches_With_Curly_Braces" computerName="ERICCARLSONBBE6" duration="00:00:00.0007260" startTime="2022-05-04T14:46:18.3418903-04:00" endTime="2022-05-04T14:46:18.3426168-04:00" testType="13cdc9d9-ddb5-4fa4-a97d-d965ccfc6d4b" outcome="Passed" testListId="8c84fa94-04c1-424b-9868-57a2d4851a1d" relativeResultsDirectory="8618a34e-e973-455b-9ca1-b505fd22497f" />
    <UnitTestResult executionId="39f47a23-8eb9-4c35-bcaa-5ad2b48e69de" testId="b8387dd6-f890-7e0b-f414-a4e07ecc407b" testName="GetFeatureResult_TwoInconclusive_ReturnsInconclusive" computerName="ERICCARLSONBBE6" duration="00:00:00.0003150" startTime="2022-05-04T14:46:17.7316171-04:00" endTime="2022-05-04T14:46:17.7319319-04:00" testType="13cdc9d9-ddb5-4fa4-a97d-d965ccfc6d4b" outcome="Passed" testListId="8c84fa94-04c1-424b-9868-57a2d4851a1d" relativeResultsDirectory="39f47a23-8eb9-4c35-bcaa-5ad2b48e69de" />
    <UnitTestResult executionId="93a397c3-a3aa-45e1-8648-917aeda56905" testId="8e1e0562-0c98-e226-1bf8-4de563a5fa13" testName="ThenCanReadResultOfFeatureWithFailingBackground" computerName="ERICCARLSONBBE6" duration="00:00:00.0018530" startTime="2022-05-04T14:46:18.2473927-04:00" endTime="2022-05-04T14:46:18.2492457-04:00" testType="13cdc9d9-ddb5-4fa4-a97d-d965ccfc6d4b" outcome="Passed" testListId="8c84fa94-04c1-424b-9868-57a2d4851a1d" relativeResultsDirectory="93a397c3-a3aa-45e1-8648-917aeda56905" />
    <UnitTestResult executionId="615a112e-b8a5-4e76-bcbd-336180c95113" testId="e2225881-39fd-7f1c-d804-53db9fd0bebf" testName="ThenCanReadScenarioOutlineResultSuccessfully" computerName="ERICCARLSONBBE6" duration="00:00:00.0024290" startTime="2022-05-04T14:46:17.2867146-04:00" endTime="2022-05-04T14:46:17.2891433-04:00" testType="13cdc9d9-ddb5-4fa4-a97d-d965ccfc6d4b" outcome="Passed" testListId="8c84fa94-04c1-424b-9868-57a2d4851a1d" relativeResultsDirectory="615a112e-b8a5-4e76-bcbd-336180c95113" />
    <UnitTestResult executionId="1ed9661b-f173-40f5-9a0a-829a6f678646" testId="471f48b3-66b4-1d2b-45d6-de2cd4b57983" testName="ThenCanReadIgnoredScenarioResultSuccessfully" computerName="ERICCARLSONBBE6" duration="00:00:00.0032360" startTime="2022-05-04T14:46:16.1678209-04:00" endTime="2022-05-04T14:46:16.1710574-04:00" testType="13cdc9d9-ddb5-4fa4-a97d-d965ccfc6d4b" outcome="Passed" testListId="8c84fa94-04c1-424b-9868-57a2d4851a1d" relativeResultsDirectory="1ed9661b-f173-40f5-9a0a-829a6f678646" />
    <UnitTestResult executionId="6a80a31b-fe9a-4a99-ac74-5c0b8dc5c750" testId="2d61dcee-0012-4326-757b-21eec977f81e" testName="ThenCanReadFailedFeatureResultSuccessfully" computerName="ERICCARLSONBBE6" duration="00:00:00.0100769" startTime="2022-05-04T14:46:17.8142837-04:00" endTime="2022-05-04T14:46:17.8243598-04:00" testType="13cdc9d9-ddb5-4fa4-a97d-d965ccfc6d4b" outcome="Passed" testListId="8c84fa94-04c1-424b-9868-57a2d4851a1d" relativeResultsDirectory="6a80a31b-fe9a-4a99-ac74-5c0b8dc5c750" />
    <UnitTestResult executionId="3cdde759-4c28-42fd-816a-b2b7b18b3c62" testId="3baf913f-526d-3c8d-eef9-0705cb381b53" testName="ThenCanReadScenarioOutlineResultSuccessfully" computerName="ERICCARLSONBBE6" duration="00:00:00.0024400" startTime="2022-05-04T14:46:16.3433820-04:00" endTime="2022-05-04T14:46:16.3458221-04:00" testType="13cdc9d9-ddb5-4fa4-a97d-d965ccfc6d4b" outcome="Passed" testListId="8c84fa94-04c1-424b-9868-57a2d4851a1d" relativeResultsDirectory="3cdde759-4c28-42fd-816a-b2b7b18b3c62" />
    <UnitTestResult executionId="b73d4b5f-94ca-427d-a0fa-1d8c5a4d1257" testId="174b6e17-833b-348f-bc26-a67a058e5e9c" testName="ThenCanReadFeatureResultWithoutThrowingException" computerName="ERICCARLSONBBE6" duration="00:00:00.0021880" startTime="2022-05-04T14:46:18.2334225-04:00" endTime="2022-05-04T14:46:18.2356109-04:00" testType="13cdc9d9-ddb5-4fa4-a97d-d965ccfc6d4b" outcome="Passed" testListId="8c84fa94-04c1-424b-9868-57a2d4851a1d" relativeResultsDirectory="b73d4b5f-94ca-427d-a0fa-1d8c5a4d1257" />
    <UnitTestResult executionId="48a0d8f2-cbfc-4017-aeab-648e15c426e8" testId="5178c6a1-917a-63ef-4a44-3f3fa3a4a76b" testName="ThenCanReadIndividualResultsFromScenarioOutline_MultipleExamplesWithDuplicateValues_ShouldMatchExamples" computerName="ERICCARLSONBBE6" duration="00:00:00.0095380" startTime="2022-05-04T14:46:16.8666768-04:00" endTime="2022-05-04T14:46:16.8762155-04:00" testType="13cdc9d9-ddb5-4fa4-a97d-d965ccfc6d4b" outcome="Passed" testListId="8c84fa94-04c1-424b-9868-57a2d4851a1d" relativeResultsDirectory="48a0d8f2-cbfc-4017-aeab-648e15c426e8" />
    <UnitTestResult executionId="248aaf7f-200b-47f6-a819-6c32d6bffc0b" testId="0fb4b634-81ad-43fa-a70e-b06cb2c289b2" testName="ThenCanReadFeatureResultSuccessfully" computerName="ERICCARLSONBBE6" duration="00:00:00.0021400" startTime="2022-05-04T14:46:18.3660565-04:00" endTime="2022-05-04T14:46:18.3681962-04:00" testType="13cdc9d9-ddb5-4fa4-a97d-d965ccfc6d4b" outcome="Passed" testListId="8c84fa94-04c1-424b-9868-57a2d4851a1d" relativeResultsDirectory="248aaf7f-200b-47f6-a819-6c32d6bffc0b" />
    <UnitTestResult executionId="81b08588-ed45-48f7-ace6-abb9e5d309a2" testId="72f321e8-2790-5738-6c76-f3c93e06a4d9" testName="ThenCanReadNotFoundScenarioCorrectly" computerName="ERICCARLSONBBE6" duration="00:00:00.0031670" startTime="2022-05-04T14:46:17.2170713-04:00" endTime="2022-05-04T14:46:17.2202382-04:00" testType="13cdc9d9-ddb5-4fa4-a97d-d965ccfc6d4b" outcome="Passed" testListId="8c84fa94-04c1-424b-9868-57a2d4851a1d" relativeResultsDirectory="81b08588-ed45-48f7-ace6-abb9e5d309a2" />
    <UnitTestResult executionId="48b0723a-8ea7-4c26-a917-8f62e135076a" testId="9c345799-e138-7ed0-5b4a-1011418b61de" testName="RegularExpressionAsExampleContentMatches_With_Parentheses" computerName="ERICCARLSONBBE6" duration="00:00:00.0007780" startTime="2022-05-04T14:46:18.3439452-04:00" endTime="2022-05-04T14:46:18.3447234-04:00" testType="13cdc9d9-ddb5-4fa4-a97d-d965ccfc6d4b" outcome="Passed" testListId="8c84fa94-04c1-424b-9868-57a2d4851a1d" relativeResultsDirectory="48b0723a-8ea7-4c26-a917-8f62e135076a" />
    <UnitTestResult executionId="f6707a40-53ee-494b-b086-696d513be9f3" testId="86c41238-e1bd-d4dd-850b-3f251771aebe" testName="ThenCanReadNotFoundScenarioCorrectly" computerName="ERICCARLSONBBE6" duration="00:00:00.0028420" startTime="2022-05-04T14:46:16.1861039-04:00" endTime="2022-05-04T14:46:16.1889457-04:00" testType="13cdc9d9-ddb5-4fa4-a97d-d965ccfc6d4b" outcome="Passed" testListId="8c84fa94-04c1-424b-9868-57a2d4851a1d" relativeResultsDirectory="f6707a40-53ee-494b-b086-696d513be9f3" />
    <UnitTestResult executionId="bb2219f4-6df6-4201-b5df-4ff52de3fc3d" testId="fa2fb9d9-01c1-922c-5d5a-386819eb8668" testName="ThenCanReadExamplesWithLongExampleValues" computerName="ERICCARLSONBBE6" duration="00:00:00.0026330" startTime="2022-05-04T14:46:16.0604605-04:00" endTime="2022-05-04T14:46:16.0630937-04:00" testType="13cdc9d9-ddb5-4fa4-a97d-d965ccfc6d4b" outcome="Passed" testListId="8c84fa94-04c1-424b-9868-57a2d4851a1d" relativeResultsDirectory="bb2219f4-6df6-4201-b5df-4ff52de3fc3d" />
    <UnitTestResult executionId="e53a2936-90a9-43ee-99f8-6f6da8dbe0e1" testId="b326ef4c-7f50-dcc1-8e16-23f12d57cfac" testName="ThenCanReadNotFoundFeatureCorrectly" computerName="ERICCARLSONBBE6" duration="00:00:00.0017260" startTime="2022-05-04T14:46:18.3700300-04:00" endTime="2022-05-04T14:46:18.3717557-04:00" testType="13cdc9d9-ddb5-4fa4-a97d-d965ccfc6d4b" outcome="Passed" testListId="8c84fa94-04c1-424b-9868-57a2d4851a1d" relativeResultsDirectory="e53a2936-90a9-43ee-99f8-6f6da8dbe0e1" />
    <UnitTestResult executionId="02b61bee-1d31-49c5-9d96-c032f1a35c00" testId="ba610d56-53b0-45dd-63d9-9d6b77e9ef0d" testName="ThenCanReadScenarioOutlineResultSuccessfully" computerName="ERICCARLSONBBE6" duration="00:00:00.0020970" startTime="2022-05-04T14:46:17.3366303-04:00" endTime="2022-05-04T14:46:17.3387267-04:00" testType="13cdc9d9-ddb5-4fa4-a97d-d965ccfc6d4b" outcome="Passed" testListId="8c84fa94-04c1-424b-9868-57a2d4851a1d" relativeResultsDirectory="02b61bee-1d31-49c5-9d96-c032f1a35c00" />
    <UnitTestResult executionId="4768748f-97c9-4232-9911-cb05eef34d9a" testId="70bec1df-5a68-44f4-dc37-08e0c2b5dd45" testName="GetScenarioResult_OnePassingOneFailing_ReturnsFailed" computerName="ERICCARLSONBBE6" duration="00:00:00.0002480" startTime="2022-05-04T14:46:17.7353812-04:00" endTime="2022-05-04T14:46:17.7356291-04:00" testType="13cdc9d9-ddb5-4fa4-a97d-d965ccfc6d4b" outcome="Passed" testListId="8c84fa94-04c1-424b-9868-57a2d4851a1d" relativeResultsDirectory="4768748f-97c9-4232-9911-cb05eef34d9a" />
    <UnitTestResult executionId="ccc6bf0f-6ad2-4051-a672-082528f0dbae" testId="128b2e33-c1df-6a98-010e-1414bed50de5" testName="ThenCanReadSuccessfulScenarioResultSuccessfully" computerName="ERICCARLSONBBE6" duration="00:00:00.0047149" startTime="2022-05-04T14:46:16.0462741-04:00" endTime="2022-05-04T14:46:16.0509903-04:00" testType="13cdc9d9-ddb5-4fa4-a97d-d965ccfc6d4b" outcome="Passed" testListId="8c84fa94-04c1-424b-9868-57a2d4851a1d" relativeResultsDirectory="ccc6bf0f-6ad2-4051-a672-082528f0dbae" />
    <UnitTestResult executionId="f91c8a8e-053d-42d2-8826-908c94d86336" testId="1367b65e-0b94-ba69-b954-fb8124eb22d5" testName="ThenCanReadFailedScenarioResultSuccessfully" computerName="ERICCARLSONBBE6" duration="00:00:00.0064209" startTime="2022-05-04T14:46:18.3595995-04:00" endTime="2022-05-04T14:46:18.3660207-04:00" testType="13cdc9d9-ddb5-4fa4-a97d-d965ccfc6d4b" outcome="Passed" testListId="8c84fa94-04c1-424b-9868-57a2d4851a1d" relativeResultsDirectory="f91c8a8e-053d-42d2-8826-908c94d86336" />
    <UnitTestResult executionId="19886e14-716a-4443-a328-e2f9d2064618" testId="6f030a63-1915-c5bb-effc-e00334ecdc58" testName="ThenCanReadNotFoundFeatureCorrectly" computerName="ERICCARLSONBBE6" duration="00:00:00.0075430" startTime="2022-05-04T14:46:15.7900401-04:00" endTime="2022-05-04T14:46:15.7975837-04:00" testType="13cdc9d9-ddb5-4fa4-a97d-d965ccfc6d4b" outcome="Passed" testListId="8c84fa94-04c1-424b-9868-57a2d4851a1d" relativeResultsDirectory="19886e14-716a-4443-a328-e2f9d2064618" />
    <UnitTestResult executionId="7af18538-5eb5-4d3c-b829-af0ea046f5fc" testId="5f02bd55-47a0-e81d-b9df-6ab6392dc956" testName="ThenCanReadResultOfScenarioOutlineExampleWithFailingBackground" computerName="ERICCARLSONBBE6" duration="00:00:00.0073910" startTime="2022-05-04T14:46:17.3056155-04:00" endTime="2022-05-04T14:46:17.3130063-04:00" testType="13cdc9d9-ddb5-4fa4-a97d-d965ccfc6d4b" outcome="Passed" testListId="8c84fa94-04c1-424b-9868-57a2d4851a1d" relativeResultsDirectory="7af18538-5eb5-4d3c-b829-af0ea046f5fc" />
    <UnitTestResult executionId="55bfce66-25e7-4154-bfb0-b07252d447e8" testId="1d8da37b-0383-95ed-5f34-6e3377ad113e" testName="ThenCanReadExamplesWithLongExampleValues" computerName="ERICCARLSONBBE6" duration="00:00:00.0019100" startTime="2022-05-04T14:46:16.3728776-04:00" endTime="2022-05-04T14:46:16.3747878-04:00" testType="13cdc9d9-ddb5-4fa4-a97d-d965ccfc6d4b" outcome="Passed" testListId="8c84fa94-04c1-424b-9868-57a2d4851a1d" relativeResultsDirectory="55bfce66-25e7-4154-bfb0-b07252d447e8" />
    <UnitTestResult executionId="56ac4cc9-6dc3-4a8f-a1f8-a73ce4030c3f" testId="5ba0ef3d-e993-fb04-f50d-80614c1f48e6" testName="ThenCanReadResultsWithParenthesis" computerName="ERICCARLSONBBE6" duration="00:00:00.0021380" startTime="2022-05-04T14:46:17.3344616-04:00" endTime="2022-05-04T14:46:17.3365994-04:00" testType="13cdc9d9-ddb5-4fa4-a97d-d965ccfc6d4b" outcome="Passed" testListId="8c84fa94-04c1-424b-9868-57a2d4851a1d" relativeResultsDirectory="56ac4cc9-6dc3-4a8f-a1f8-a73ce4030c3f" />
    <UnitTestResult executionId="747b5835-e6b7-4b73-901b-c47a28994527" testId="a80ce00d-8fef-39f6-2b9d-90a0409ab21e" testName="ThenCanReadExamplesWithLongExampleValues" computerName="ERICCARLSONBBE6" duration="00:00:00.0016300" startTime="2022-05-04T14:46:18.2972751-04:00" endTime="2022-05-04T14:46:18.2989052-04:00" testType="13cdc9d9-ddb5-4fa4-a97d-d965ccfc6d4b" outcome="Passed" testListId="8c84fa94-04c1-424b-9868-57a2d4851a1d" relativeResultsDirectory="747b5835-e6b7-4b73-901b-c47a28994527" />
    <UnitTestResult executionId="b7f2bf0c-5268-4521-8926-8823626e856f" testId="0490562c-80e0-39a9-2279-32a1d1908d6e" testName="ThenCanReadExamplesWithRegexValuesFromScenarioOutline_ShouldBeTestResultPassed" computerName="ERICCARLSONBBE6" duration="00:00:00.0025510" startTime="2022-05-04T14:46:17.1666938-04:00" endTime="2022-05-04T14:46:17.1692446-04:00" testType="13cdc9d9-ddb5-4fa4-a97d-d965ccfc6d4b" outcome="Passed" testListId="8c84fa94-04c1-424b-9868-57a2d4851a1d" relativeResultsDirectory="b7f2bf0c-5268-4521-8926-8823626e856f" />
    <UnitTestResult executionId="e51e3fa1-973c-40a1-ac38-974c2c091fde" testId="286050a7-100a-f742-a554-97960a8416b4" testName="ThenCanReadIndividualResultsFromScenarioOutline_MultipleNamedExamples_ShouldMatchExamples" computerName="ERICCARLSONBBE6" duration="00:00:00.0053110" startTime="2022-05-04T14:46:16.8822649-04:00" endTime="2022-05-04T14:46:16.8875758-04:00" testType="13cdc9d9-ddb5-4fa4-a97d-d965ccfc6d4b" outcome="Passed" testListId="8c84fa94-04c1-424b-9868-57a2d4851a1d" relativeResultsDirectory="e51e3fa1-973c-40a1-ac38-974c2c091fde" />
    <UnitTestResult executionId="62e88058-e00e-43a8-9410-817e737d110f" testId="43af3814-604d-ceff-d278-6fdeab109940" testName="GetScenarioResult_OnePassingOneInconclusive_ReturnsPassed" computerName="ERICCARLSONBBE6" duration="00:00:00.0002620" startTime="2022-05-04T14:46:17.7356565-04:00" endTime="2022-05-04T14:46:17.7359179-04:00" testType="13cdc9d9-ddb5-4fa4-a97d-d965ccfc6d4b" outcome="Passed" testListId="8c84fa94-04c1-424b-9868-57a2d4851a1d" relativeResultsDirectory="62e88058-e00e-43a8-9410-817e737d110f" />
    <UnitTestResult executionId="fbb75b74-1cf8-4862-af42-317df8cc782c" testId="ffc628dd-c985-e3f1-ca17-da9cca506fbc" testName="GetScenarioResult_TwoInconclusive_ReturnsInconclusive" computerName="ERICCARLSONBBE6" duration="00:00:00.0003200" startTime="2022-05-04T14:46:17.7359467-04:00" endTime="2022-05-04T14:46:17.7362670-04:00" testType="13cdc9d9-ddb5-4fa4-a97d-d965ccfc6d4b" outcome="Passed" testListId="8c84fa94-04c1-424b-9868-57a2d4851a1d" relativeResultsDirectory="fbb75b74-1cf8-4862-af42-317df8cc782c" />
    <UnitTestResult executionId="f5a08362-805c-425d-92bc-0a0c8e79fe54" testId="dc101341-c73f-f576-2045-514a0c7d85da" testName="ThenCanReadResultOfScenarioWithSpanishCharacters" computerName="ERICCARLSONBBE6" duration="00:00:00.0045189" startTime="2022-05-04T14:46:18.2774487-04:00" endTime="2022-05-04T14:46:18.2819679-04:00" testType="13cdc9d9-ddb5-4fa4-a97d-d965ccfc6d4b" outcome="Passed" testListId="8c84fa94-04c1-424b-9868-57a2d4851a1d" relativeResultsDirectory="f5a08362-805c-425d-92bc-0a0c8e79fe54" />
    <UnitTestResult executionId="d0ae4e00-7b39-4d48-8d3b-513be18d6146" testId="b60b2e32-2e62-9f1a-0957-c89aa9a236dd" testName="ThenCanReadIndividualResultsFromScenarioOutline_OneFailed_ShouldBeTestResultFailed" computerName="ERICCARLSONBBE6" duration="00:00:00.0011329" startTime="2022-05-04T14:46:17.7893079-04:00" endTime="2022-05-04T14:46:17.7904409-04:00" testType="13cdc9d9-ddb5-4fa4-a97d-d965ccfc6d4b" outcome="Passed" testListId="8c84fa94-04c1-424b-9868-57a2d4851a1d" relativeResultsDirectory="d0ae4e00-7b39-4d48-8d3b-513be18d6146" />
    <UnitTestResult executionId="0ed569c2-34f9-4390-95c2-3f8ad71c62a8" testId="ecd5df6d-1685-a29f-808d-8af5b0a515ad" testName="ThenCanReadIndividualResultsFromScenarioOutline_MultipleExampleSections_ShouldBeTestResultFailed" computerName="ERICCARLSONBBE6" duration="00:00:00.0022410" startTime="2022-05-04T14:46:17.1743788-04:00" endTime="2022-05-04T14:46:17.1766205-04:00" testType="13cdc9d9-ddb5-4fa4-a97d-d965ccfc6d4b" outcome="Passed" testListId="8c84fa94-04c1-424b-9868-57a2d4851a1d" relativeResultsDirectory="0ed569c2-34f9-4390-95c2-3f8ad71c62a8" />
    <UnitTestResult executionId="7f98ec2a-81f9-4646-b6a3-6bd5fa7a01dc" testId="8d94802d-53d7-d3b2-047f-ec9d0a5e3623" testName="ThenCanResolve(&quot;results-example-nunit3.xml&quot;,&quot;NUnit.NUnit3.results-example-nunit3.xml&quot;,NUnit3,PicklesDoc.Pickles.TestFrameworks.NUnit.NUnit3.NUnit3Results)" computerName="ERICCARLSONBBE6" duration="00:00:00.0025760" startTime="2022-05-04T14:46:18.1069164-04:00" endTime="2022-05-04T14:46:18.1094937-04:00" testType="13cdc9d9-ddb5-4fa4-a97d-d965ccfc6d4b" outcome="Passed" testListId="8c84fa94-04c1-424b-9868-57a2d4851a1d" relativeResultsDirectory="7f98ec2a-81f9-4646-b6a3-6bd5fa7a01dc" />
    <UnitTestResult executionId="5895731d-bda2-4301-a574-2cdbb3fc9901" testId="3912834e-3d92-476d-bcd0-c1ca3109cfb6" testName="ThenCanReadResultOfScenarioOutlineWithAmpersand" computerName="ERICCARLSONBBE6" duration="00:00:00.0066230" startTime="2022-05-04T14:46:16.5685369-04:00" endTime="2022-05-04T14:46:16.5751609-04:00" testType="13cdc9d9-ddb5-4fa4-a97d-d965ccfc6d4b" outcome="Passed" testListId="8c84fa94-04c1-424b-9868-57a2d4851a1d" relativeResultsDirectory="5895731d-bda2-4301-a574-2cdbb3fc9901" />
    <UnitTestResult executionId="3f215100-8c84-4ccc-9669-26c347537731" testId="d350588b-1fce-1d28-5c54-f6126b74c227" testName="ThenCanReadIndividualResultsFromScenarioOutline_MultipleNamedExamples_ShouldMatchExamples" computerName="ERICCARLSONBBE6" duration="00:00:00.0173550" startTime="2022-05-04T14:46:18.6536343-04:00" endTime="2022-05-04T14:46:18.6709887-04:00" testType="13cdc9d9-ddb5-4fa4-a97d-d965ccfc6d4b" outcome="Passed" testListId="8c84fa94-04c1-424b-9868-57a2d4851a1d" relativeResultsDirectory="3f215100-8c84-4ccc-9669-26c347537731" />
    <UnitTestResult executionId="410aa794-0ba5-4041-9a27-f23689d61faf" testId="11a87397-1757-077d-c7e6-d2ba1dcbdd5b" testName="ThenCanReadIndividualResultsFromScenarioOutline_OneInconclusive_ShouldBeTestResultInconclusive" computerName="ERICCARLSONBBE6" duration="00:00:00.0128349" startTime="2022-05-04T14:46:16.1309470-04:00" endTime="2022-05-04T14:46:16.1437825-04:00" testType="13cdc9d9-ddb5-4fa4-a97d-d965ccfc6d4b" outcome="Passed" testListId="8c84fa94-04c1-424b-9868-57a2d4851a1d" relativeResultsDirectory="410aa794-0ba5-4041-9a27-f23689d61faf" />
    <UnitTestResult executionId="3e3f5f5b-93c3-48ea-b403-fec9d04f60ca" testId="ad26ac72-d472-3446-b429-a39e27a79b16" testName="ThenCanReadResultOfScenarioWithDanishCharacters" computerName="ERICCARLSONBBE6" duration="00:00:00.0018260" startTime="2022-05-04T14:46:17.3233235-04:00" endTime="2022-05-04T14:46:17.3251494-04:00" testType="13cdc9d9-ddb5-4fa4-a97d-d965ccfc6d4b" outcome="Passed" testListId="8c84fa94-04c1-424b-9868-57a2d4851a1d" relativeResultsDirectory="3e3f5f5b-93c3-48ea-b403-fec9d04f60ca" />
    <UnitTestResult executionId="d35429e6-d853-4737-b4a7-7eb1911605cf" testId="6768218c-6567-ac9b-b338-b8819476acaf" testName="RegularExpressionAsExampleContentMatches_With_Full_Regular_Expression" computerName="ERICCARLSONBBE6" duration="00:00:00.0006370" startTime="2022-05-04T14:46:18.3426477-04:00" endTime="2022-05-04T14:46:18.3432848-04:00" testType="13cdc9d9-ddb5-4fa4-a97d-d965ccfc6d4b" outcome="Passed" testListId="8c84fa94-04c1-424b-9868-57a2d4851a1d" relativeResultsDirectory="d35429e6-d853-4737-b4a7-7eb1911605cf" />
    <UnitTestResult executionId="bc27c818-dfef-4bd8-abdc-b3042694e2ea" testId="e32ceaf5-2044-6a33-b092-c29de2fe095b" testName="ThenCanReadIndividualResultsFromScenarioOutline_MultipleNamedExamplesWithDuplicateValues_ShouldMatchExamples" computerName="ERICCARLSONBBE6" duration="00:00:00.0027299" startTime="2022-05-04T14:46:17.3861962-04:00" endTime="2022-05-04T14:46:17.3889265-04:00" testType="13cdc9d9-ddb5-4fa4-a97d-d965ccfc6d4b" outcome="Passed" testListId="8c84fa94-04c1-424b-9868-57a2d4851a1d" relativeResultsDirectory="bc27c818-dfef-4bd8-abdc-b3042694e2ea" />
    <UnitTestResult executionId="bd99ba1a-64c9-420b-b9d8-adb992227544" testId="d0bc7ea5-e2a0-6790-9331-20e93b51d0a9" testName="ThenCanReadExamplesWithLongExampleValues" computerName="ERICCARLSONBBE6" duration="00:00:00.0015960" startTime="2022-05-04T14:46:17.1640805-04:00" endTime="2022-05-04T14:46:17.1656764-04:00" testType="13cdc9d9-ddb5-4fa4-a97d-d965ccfc6d4b" outcome="Passed" testListId="8c84fa94-04c1-424b-9868-57a2d4851a1d" relativeResultsDirectory="bd99ba1a-64c9-420b-b9d8-adb992227544" />
    <UnitTestResult executionId="9fd7b5e2-f8e4-467e-8b04-a18ee53e84ca" testId="0743b053-5f80-39e3-2415-87af7f5a56f8" testName="ThenCanReadResultOfScenarioOutlineExampleWithFailingBackground" computerName="ERICCARLSONBBE6" duration="00:00:00.0053359" startTime="2022-05-04T14:46:18.2492950-04:00" endTime="2022-05-04T14:46:18.2546307-04:00" testType="13cdc9d9-ddb5-4fa4-a97d-d965ccfc6d4b" outcome="Passed" testListId="8c84fa94-04c1-424b-9868-57a2d4851a1d" relativeResultsDirectory="9fd7b5e2-f8e4-467e-8b04-a18ee53e84ca" />
    <UnitTestResult executionId="6d4b955a-7b39-4e9e-ac46-48000ea62443" testId="47fb6ba8-e618-b876-538b-b25771c9cf5f" testName="ThenCanReadFailedScenarioResultSuccessfully" computerName="ERICCARLSONBBE6" duration="00:00:00.0025170" startTime="2022-05-04T14:46:17.8027156-04:00" endTime="2022-05-04T14:46:17.8052326-04:00" testType="13cdc9d9-ddb5-4fa4-a97d-d965ccfc6d4b" outcome="Passed" testListId="8c84fa94-04c1-424b-9868-57a2d4851a1d" relativeResultsDirectory="6d4b955a-7b39-4e9e-ac46-48000ea62443" />
    <UnitTestResult executionId="89a7d013-4a03-48fa-9def-170230db14d7" testId="60839290-1eeb-d8b9-fa35-6da60cd7d64a" testName="ThenCanReadIndividualResultsFromScenarioOutline_MultipleNamedExamples_ShouldMatchExamples" computerName="ERICCARLSONBBE6" duration="00:00:00.0054270" startTime="2022-05-04T14:46:18.0274458-04:00" endTime="2022-05-04T14:46:18.0328724-04:00" testType="13cdc9d9-ddb5-4fa4-a97d-d965ccfc6d4b" outcome="Passed" testListId="8c84fa94-04c1-424b-9868-57a2d4851a1d" relativeResultsDirectory="89a7d013-4a03-48fa-9def-170230db14d7" />
    <UnitTestResult executionId="3babc787-f2c9-49c8-be21-df0974ce6380" testId="65c51164-1841-273f-ce30-d1469bd02f88" testName="ThenCanReadResultOfScenarioOutlineWithFailingBackground" computerName="ERICCARLSONBBE6" duration="00:00:00.0022940" startTime="2022-05-04T14:46:17.7598627-04:00" endTime="2022-05-04T14:46:17.7621568-04:00" testType="13cdc9d9-ddb5-4fa4-a97d-d965ccfc6d4b" outcome="Passed" testListId="8c84fa94-04c1-424b-9868-57a2d4851a1d" relativeResultsDirectory="3babc787-f2c9-49c8-be21-df0974ce6380" />
    <UnitTestResult executionId="0fa2c0f0-b1bb-46f5-a6f3-e54ed1124ccb" testId="eaaf3dd9-2849-68dd-8b63-3348a310054b" testName="ThenCanReadResultsWithBackslashes" computerName="ERICCARLSONBBE6" duration="00:00:00.0021770" startTime="2022-05-04T14:46:18.2865649-04:00" endTime="2022-05-04T14:46:18.2887412-04:00" testType="13cdc9d9-ddb5-4fa4-a97d-d965ccfc6d4b" outcome="Passed" testListId="8c84fa94-04c1-424b-9868-57a2d4851a1d" relativeResultsDirectory="0fa2c0f0-b1bb-46f5-a6f3-e54ed1124ccb" />
    <UnitTestResult executionId="592d48f9-5fb8-4f4f-bd01-be480b910ca5" testId="c2c6b748-9b14-6f0a-0f8d-8c173d1905eb" testName="ThenCanReadIndividualResultsFromScenarioOutline_MultipleNamedExamplesWithDuplicateValues_ShouldMatchExamples" computerName="ERICCARLSONBBE6" duration="00:00:00.0073370" startTime="2022-05-04T14:46:16.8949185-04:00" endTime="2022-05-04T14:46:16.9022555-04:00" testType="13cdc9d9-ddb5-4fa4-a97d-d965ccfc6d4b" outcome="Passed" testListId="8c84fa94-04c1-424b-9868-57a2d4851a1d" relativeResultsDirectory="592d48f9-5fb8-4f4f-bd01-be480b910ca5" />
    <UnitTestResult executionId="4f87a754-1135-49bb-b00c-975ff3e49df3" testId="256a8d96-ed89-157f-5f7b-6e821bc88fbc" testName="ThenCanReadIndividualResultsFromScenarioOutline_OneInconclusive_ShouldBeTestResultInconclusive" computerName="ERICCARLSONBBE6" duration="00:00:00.0075230" startTime="2022-05-04T14:46:16.9390443-04:00" endTime="2022-05-04T14:46:16.9465684-04:00" testType="13cdc9d9-ddb5-4fa4-a97d-d965ccfc6d4b" outcome="Passed" testListId="8c84fa94-04c1-424b-9868-57a2d4851a1d" relativeResultsDirectory="4f87a754-1135-49bb-b00c-975ff3e49df3" />
    <UnitTestResult executionId="d3ef1edc-1870-4c3b-bf21-afc97666993c" testId="cb84e372-0db4-cadb-ea5a-8162f8875b13" testName="ThenCanReadIndividualResultsFromScenarioOutline_OneFailed_ShouldBeTestResultFailed" computerName="ERICCARLSONBBE6" duration="00:00:00.0202510" startTime="2022-05-04T14:46:18.7203138-04:00" endTime="2022-05-04T14:46:18.7405651-04:00" testType="13cdc9d9-ddb5-4fa4-a97d-d965ccfc6d4b" outcome="Passed" testListId="8c84fa94-04c1-424b-9868-57a2d4851a1d" relativeResultsDirectory="d3ef1edc-1870-4c3b-bf21-afc97666993c" />
    <UnitTestResult executionId="8d19c00c-81b5-4879-8930-09dabf631287" testId="bfd25a89-37a1-8b6d-3055-743f4224a763" testName="GetScenarioOutlineResult_TwoInconclusive_ReturnsInconclusive" computerName="ERICCARLSONBBE6" duration="00:00:00.0003180" startTime="2022-05-04T14:46:17.7350352-04:00" endTime="2022-05-04T14:46:17.7353528-04:00" testType="13cdc9d9-ddb5-4fa4-a97d-d965ccfc6d4b" outcome="Passed" testListId="8c84fa94-04c1-424b-9868-57a2d4851a1d" relativeResultsDirectory="8d19c00c-81b5-4879-8930-09dabf631287" />
    <UnitTestResult executionId="7558a3fd-cc42-40f8-ba3c-0b6a1d623d5f" testId="273b19f2-bc2e-0fff-03d9-8e3fde4e1105" testName="ThenIgnoredScenarioIsSetToInconclusive" computerName="ERICCARLSONBBE6" duration="00:00:00.0006460" startTime="2022-05-04T14:46:17.9860669-04:00" endTime="2022-05-04T14:46:17.9867133-04:00" testType="13cdc9d9-ddb5-4fa4-a97d-d965ccfc6d4b" outcome="Passed" testListId="8c84fa94-04c1-424b-9868-57a2d4851a1d" relativeResultsDirectory="7558a3fd-cc42-40f8-ba3c-0b6a1d623d5f" />
    <UnitTestResult executionId="893d944c-32c9-470e-adb0-78532d97e659" testId="47086e35-06f3-bc27-02fb-3f657d13b0a3" testName="ThenCanResolve(&quot;results-example-xunit.xml&quot;,&quot;XUnit.XUnit1.results-example-xunit.xml&quot;,XUnit1,PicklesDoc.Pickles.TestFrameworks.XUnit.XUnit1.XUnit1Results)" computerName="ERICCARLSONBBE6" duration="00:00:00.0099970" startTime="2022-05-04T14:46:18.1162722-04:00" endTime="2022-05-04T14:46:18.1262697-04:00" testType="13cdc9d9-ddb5-4fa4-a97d-d965ccfc6d4b" outcome="Passed" testListId="8c84fa94-04c1-424b-9868-57a2d4851a1d" relativeResultsDirectory="893d944c-32c9-470e-adb0-78532d97e659" />
    <UnitTestResult executionId="34ab5d86-f35f-4382-b83a-cee3bcdb92f6" testId="789c4d26-9e90-9921-3680-81bb7e50813e" testName="ThenCanReadIgnoredScenarioResultSuccessfully" computerName="ERICCARLSONBBE6" duration="00:00:00.0018250" startTime="2022-05-04T14:46:17.7494776-04:00" endTime="2022-05-04T14:46:17.7513027-04:00" testType="13cdc9d9-ddb5-4fa4-a97d-d965ccfc6d4b" outcome="Passed" testListId="8c84fa94-04c1-424b-9868-57a2d4851a1d" relativeResultsDirectory="34ab5d86-f35f-4382-b83a-cee3bcdb92f6" />
    <UnitTestResult executionId="19bd19f8-ba7d-4abe-9d15-5a62c4433475" testId="e1b783a4-63da-62c3-ab50-be899fdd79e2" testName="ThenCanReadResultOfScenarioOutlineWithFailingBackground" computerName="ERICCARLSONBBE6" duration="00:00:00.0034330" startTime="2022-05-04T14:46:17.2404666-04:00" endTime="2022-05-04T14:46:17.2438993-04:00" testType="13cdc9d9-ddb5-4fa4-a97d-d965ccfc6d4b" outcome="Passed" testListId="8c84fa94-04c1-424b-9868-57a2d4851a1d" relativeResultsDirectory="19bd19f8-ba7d-4abe-9d15-5a62c4433475" />
    <UnitTestResult executionId="12429a05-b0ee-4b89-a17a-f47b6ee373b8" testId="616fe719-bf7f-7000-9e32-4cae5f1dd897" testName="ThenCanReadSuccessfulScenarioResultSuccessfully" computerName="ERICCARLSONBBE6" duration="00:00:00.0017840" startTime="2022-05-04T14:46:18.2933657-04:00" endTime="2022-05-04T14:46:18.2951495-04:00" testType="13cdc9d9-ddb5-4fa4-a97d-d965ccfc6d4b" outcome="Passed" testListId="8c84fa94-04c1-424b-9868-57a2d4851a1d" relativeResultsDirectory="12429a05-b0ee-4b89-a17a-f47b6ee373b8" />
    <UnitTestResult executionId="bff857bc-e1cf-41e0-9a80-03555ecc8101" testId="35ba7772-dced-01ec-65bd-9f0afe402f1a" testName="ThenCanReadExamplesWithLongExampleValues" computerName="ERICCARLSONBBE6" duration="00:00:00.0122139" startTime="2022-05-04T14:46:16.7414998-04:00" endTime="2022-05-04T14:46:16.7537144-04:00" testType="13cdc9d9-ddb5-4fa4-a97d-d965ccfc6d4b" outcome="Passed" testListId="8c84fa94-04c1-424b-9868-57a2d4851a1d" relativeResultsDirectory="bff857bc-e1cf-41e0-9a80-03555ecc8101" />
    <UnitTestResult executionId="cc62839b-5633-46e9-95d9-b7dd7c0c9595" testId="c0743634-0e8c-60ff-dd33-aa3c1f7c437b" testName="ThenCanReadIgnoredScenarioResultSuccessfully" computerName="ERICCARLSONBBE6" duration="00:00:00.0017740" startTime="2022-05-04T14:46:18.3682273-04:00" endTime="2022-05-04T14:46:18.3700015-04:00" testType="13cdc9d9-ddb5-4fa4-a97d-d965ccfc6d4b" outcome="Passed" testListId="8c84fa94-04c1-424b-9868-57a2d4851a1d" relativeResultsDirectory="cc62839b-5633-46e9-95d9-b7dd7c0c9595" />
    <UnitTestResult executionId="34019edf-1abc-4c41-944e-0920d8dff721" testId="4c3f6b35-48a0-d207-99c1-65bbc2fa071b" testName="ThenCanReadIndividualResultsFromScenarioOutline_MultipleExampleSections_ShouldBeTestResultFailed" computerName="ERICCARLSONBBE6" duration="00:00:00.0026590" startTime="2022-05-04T14:46:16.4096939-04:00" endTime="2022-05-04T14:46:16.4123533-04:00" testType="13cdc9d9-ddb5-4fa4-a97d-d965ccfc6d4b" outcome="Passed" testListId="8c84fa94-04c1-424b-9868-57a2d4851a1d" relativeResultsDirectory="34019edf-1abc-4c41-944e-0920d8dff721" />
    <UnitTestResult executionId="cd7d5c4a-d95e-4a2a-ab95-942f36e94c21" testId="906d5dad-24a2-c194-0157-f7aa409300ef" testName="ThenCanReadExamplesWithRegexValuesFromScenarioOutline_ShouldBeTestResultPassed" computerName="ERICCARLSONBBE6" duration="00:00:00.0084950" startTime="2022-05-04T14:46:17.3466453-04:00" endTime="2022-05-04T14:46:17.3551402-04:00" testType="13cdc9d9-ddb5-4fa4-a97d-d965ccfc6d4b" outcome="Passed" testListId="8c84fa94-04c1-424b-9868-57a2d4851a1d" relativeResultsDirectory="cd7d5c4a-d95e-4a2a-ab95-942f36e94c21" />
    <UnitTestResult executionId="c3002511-a560-47bb-b5a8-cb4f19973857" testId="25b79e49-f078-c9d3-fc26-60ff43e1f658" testName="ThenCanResolveAsSingleton(&quot;results-example-xunit.xml&quot;,&quot;XUnit.XUnit1.results-example-xunit.xml&quot;,XUnit1,PicklesDoc.Pickles.TestFrameworks.XUnit.XUnit1.XUnit1Results)" computerName="ERICCARLSONBBE6" duration="00:00:00.0017710" startTime="2022-05-04T14:46:18.2083869-04:00" endTime="2022-05-04T14:46:18.2101585-04:00" testType="13cdc9d9-ddb5-4fa4-a97d-d965ccfc6d4b" outcome="Passed" testListId="8c84fa94-04c1-424b-9868-57a2d4851a1d" relativeResultsDirectory="c3002511-a560-47bb-b5a8-cb4f19973857" />
    <UnitTestResult executionId="1625b94b-a9fc-44ba-a8d5-223bc39455ab" testId="bf8a77e3-2a8b-534e-97d8-864c929c5c23" testName="ThenCanReadIndividualResultsFromScenarioOutline_OneInconclusive_ShouldBeTestResultInconclusive" computerName="ERICCARLSONBBE6" duration="00:00:00.0118720" startTime="2022-05-04T14:46:18.0422792-04:00" endTime="2022-05-04T14:46:18.0541500-04:00" testType="13cdc9d9-ddb5-4fa4-a97d-d965ccfc6d4b" outcome="Passed" testListId="8c84fa94-04c1-424b-9868-57a2d4851a1d" relativeResultsDirectory="1625b94b-a9fc-44ba-a8d5-223bc39455ab" />
  </Results>
  <TestDefinitions>
    <UnitTest name="ThenCanReadResultOfScenarioOutlineWithUmlauts" storage="c:\users\ericcarlson\documents\github\pickles\src\pickles.testframeworks.unittests\bin\debug\net6.0\picklesdoc.pickles.testframeworks.unittests.dll" id="a7365563-432a-a490-6278-92d0ebb084fc">
      <Execution id="064aa975-d0df-4628-811d-434db5b20856" />
      <TestMethod codeBase="C:\Users\ericcarlson\Documents\GitHub\pickles\src\Pickles.TestFrameworks.UnitTests\bin\Debug\net6.0\PicklesDoc.Pickles.TestFrameworks.UnitTests.dll" adapterTypeName="executor://nunit3testexecutor/" className="PicklesDoc.Pickles.TestFrameworks.UnitTests.VsTest.WhenParsingVsTestResultsFile" name="ThenCanReadResultOfScenarioOutlineWithUmlauts" />
    </UnitTest>
    <UnitTest name="ThenCanReadResultOfScenarioOutlineExampleWithFailingBackground" storage="c:\users\ericcarlson\documents\github\pickles\src\pickles.testframeworks.unittests\bin\debug\net6.0\picklesdoc.pickles.testframeworks.unittests.dll" id="0743b053-5f80-39e3-2415-87af7f5a56f8">
      <Execution id="9fd7b5e2-f8e4-467e-8b04-a18ee53e84ca" />
      <TestMethod codeBase="C:\Users\ericcarlson\Documents\GitHub\pickles\src\Pickles.TestFrameworks.UnitTests\bin\Debug\net6.0\PicklesDoc.Pickles.TestFrameworks.UnitTests.dll" adapterTypeName="executor://nunit3testexecutor/" className="PicklesDoc.Pickles.TestFrameworks.UnitTests.XUnit.XUnit1.WhenParsingxUnitResultsFile" name="ThenCanReadResultOfScenarioOutlineExampleWithFailingBackground" />
    </UnitTest>
    <UnitTest name="ThenCanReadPassedFeatureResultSuccessfully" storage="c:\users\ericcarlson\documents\github\pickles\src\pickles.testframeworks.unittests\bin\debug\net6.0\picklesdoc.pickles.testframeworks.unittests.dll" id="22ff405e-4e4b-ec94-1d81-69603bb819cf">
      <Execution id="bbbaac02-6064-426e-ae40-17a0e1aebead" />
      <TestMethod codeBase="C:\Users\ericcarlson\Documents\GitHub\pickles\src\Pickles.TestFrameworks.UnitTests\bin\Debug\net6.0\PicklesDoc.Pickles.TestFrameworks.UnitTests.dll" adapterTypeName="executor://nunit3testexecutor/" className="PicklesDoc.Pickles.TestFrameworks.UnitTests.VsTest.WhenParsingVsTestResultsFile" name="ThenCanReadPassedFeatureResultSuccessfully" />
    </UnitTest>
    <UnitTest name="ThenCanResolve(&quot;results-example-nunit3.xml&quot;,&quot;NUnit.NUnit3.results-example-nunit3.xml&quot;,NUnit3,PicklesDoc.Pickles.TestFrameworks.NUnit.NUnit3.NUnit3Results)" storage="c:\users\ericcarlson\documents\github\pickles\src\pickles.testframeworks.unittests\bin\debug\net6.0\picklesdoc.pickles.testframeworks.unittests.dll" id="8d94802d-53d7-d3b2-047f-ec9d0a5e3623">
      <Execution id="7f98ec2a-81f9-4646-b6a3-6bd5fa7a01dc" />
      <TestMethod codeBase="C:\Users\ericcarlson\Documents\GitHub\pickles\src\Pickles.TestFrameworks.UnitTests\bin\Debug\net6.0\PicklesDoc.Pickles.TestFrameworks.UnitTests.dll" adapterTypeName="executor://nunit3testexecutor/" className="PicklesDoc.Pickles.TestFrameworks.UnitTests.WhenResolvingTestResults" name="ThenCanResolve(&quot;results-example-nunit3.xml&quot;,&quot;NUnit.NUnit3.results-example-nunit3.xml&quot;,NUnit3,PicklesDoc.Pickles.TestFrameworks.NUnit.NUnit3.NUnit3Results)" />
    </UnitTest>
    <UnitTest name="ThenCanReadResultOfScenarioWithSpecialCharacters" storage="c:\users\ericcarlson\documents\github\pickles\src\pickles.testframeworks.unittests\bin\debug\net6.0\picklesdoc.pickles.testframeworks.unittests.dll" id="b736c82a-c3a6-bc95-1791-413638f9de59">
      <Execution id="fadc3339-7689-4efa-a9e1-1e2f6a97db5e" />
      <TestMethod codeBase="C:\Users\ericcarlson\Documents\GitHub\pickles\src\Pickles.TestFrameworks.UnitTests\bin\Debug\net6.0\PicklesDoc.Pickles.TestFrameworks.UnitTests.dll" adapterTypeName="executor://nunit3testexecutor/" className="PicklesDoc.Pickles.TestFrameworks.UnitTests.XUnit.XUnit2.WhenParsingxUnit2ResultsFile" name="ThenCanReadResultOfScenarioWithSpecialCharacters" />
    </UnitTest>
    <UnitTest name="ThenCanResolveAsSingleton(&quot;results-example-xunit.xml&quot;,&quot;XUnit.XUnit1.results-example-xunit.xml&quot;,XUnit1,PicklesDoc.Pickles.TestFrameworks.XUnit.XUnit1.XUnit1Results)" storage="c:\users\ericcarlson\documents\github\pickles\src\pickles.testframeworks.unittests\bin\debug\net6.0\picklesdoc.pickles.testframeworks.unittests.dll" id="25b79e49-f078-c9d3-fc26-60ff43e1f658">
      <Execution id="c3002511-a560-47bb-b5a8-cb4f19973857" />
      <TestMethod codeBase="C:\Users\ericcarlson\Documents\GitHub\pickles\src\Pickles.TestFrameworks.UnitTests\bin\Debug\net6.0\PicklesDoc.Pickles.TestFrameworks.UnitTests.dll" adapterTypeName="executor://nunit3testexecutor/" className="PicklesDoc.Pickles.TestFrameworks.UnitTests.WhenResolvingTestResults" name="ThenCanResolveAsSingleton(&quot;results-example-xunit.xml&quot;,&quot;XUnit.XUnit1.results-example-xunit.xml&quot;,XUnit1,PicklesDoc.Pickles.TestFrameworks.XUnit.XUnit1.XUnit1Results)" />
    </UnitTest>
    <UnitTest name="ThenCanReadResultsWithBackslashes" storage="c:\users\ericcarlson\documents\github\pickles\src\pickles.testframeworks.unittests\bin\debug\net6.0\picklesdoc.pickles.testframeworks.unittests.dll" id="564ab877-3eea-6f19-973d-0b36bea909da">
      <Execution id="769aa229-03ab-4063-9d78-dcbbad5686e8" />
      <TestMethod codeBase="C:\Users\ericcarlson\Documents\GitHub\pickles\src\Pickles.TestFrameworks.UnitTests\bin\Debug\net6.0\PicklesDoc.Pickles.TestFrameworks.UnitTests.dll" adapterTypeName="executor://nunit3testexecutor/" className="PicklesDoc.Pickles.TestFrameworks.UnitTests.CucumberJson.WhenParsingCucumberJsonFromJSResultsFile" name="ThenCanReadResultsWithBackslashes" />
    </UnitTest>
    <UnitTest name="ThenCanReadIndividualResultsFromScenarioOutline_OneFailed_ShouldBeTestResultFailed" storage="c:\users\ericcarlson\documents\github\pickles\src\pickles.testframeworks.unittests\bin\debug\net6.0\picklesdoc.pickles.testframeworks.unittests.dll" id="58020c11-c291-9fff-a6eb-d178031b96c9">
      <Execution id="4110a3dd-7775-46e1-9822-79a4515f0abc" />
      <TestMethod codeBase="C:\Users\ericcarlson\Documents\GitHub\pickles\src\Pickles.TestFrameworks.UnitTests\bin\Debug\net6.0\PicklesDoc.Pickles.TestFrameworks.UnitTests.dll" adapterTypeName="executor://nunit3testexecutor/" className="PicklesDoc.Pickles.TestFrameworks.UnitTests.MsTest.WhenParsingMsTestResultsFileWithIndividualResults" name="ThenCanReadIndividualResultsFromScenarioOutline_OneFailed_ShouldBeTestResultFailed" />
    </UnitTest>
    <UnitTest name="ThenCanReadIndividualResultsFromScenarioOutline_OneInconclusive_ShouldBeTestResultInconclusive" storage="c:\users\ericcarlson\documents\github\pickles\src\pickles.testframeworks.unittests\bin\debug\net6.0\picklesdoc.pickles.testframeworks.unittests.dll" id="1926ccdc-00d6-72e9-1270-04d414099d1b">
      <Execution id="3c00de44-2984-4144-a838-8394838f84ed" />
      <TestMethod codeBase="C:\Users\ericcarlson\Documents\GitHub\pickles\src\Pickles.TestFrameworks.UnitTests\bin\Debug\net6.0\PicklesDoc.Pickles.TestFrameworks.UnitTests.dll" adapterTypeName="executor://nunit3testexecutor/" className="PicklesDoc.Pickles.TestFrameworks.UnitTests.NUnit.NUnit2.WhenParsingNUnitResultsFileWithIndividualResults" name="ThenCanReadIndividualResultsFromScenarioOutline_OneInconclusive_ShouldBeTestResultInconclusive" />
    </UnitTest>
    <UnitTest name="ThenCanReadIndividualResultsFromScenarioOutline_AllPass_ShouldBeTestResultPassed" storage="c:\users\ericcarlson\documents\github\pickles\src\pickles.testframeworks.unittests\bin\debug\net6.0\picklesdoc.pickles.testframeworks.unittests.dll" id="349afda0-a849-d994-1cb5-43ab74afdf0c">
      <Execution id="dbc67542-5dda-4f34-b09f-bfa0cb2fbd5c" />
      <TestMethod codeBase="C:\Users\ericcarlson\Documents\GitHub\pickles\src\Pickles.TestFrameworks.UnitTests\bin\Debug\net6.0\PicklesDoc.Pickles.TestFrameworks.UnitTests.dll" adapterTypeName="executor://nunit3testexecutor/" className="PicklesDoc.Pickles.TestFrameworks.UnitTests.NUnit.NUnit2.WhenParsingNUnitResultsFileWithIndividualResults" name="ThenCanReadIndividualResultsFromScenarioOutline_AllPass_ShouldBeTestResultPassed" />
    </UnitTest>
    <UnitTest name="ThenCanReadExamplesWithRegexValuesFromScenarioOutline_ShouldBeTestResultPassed" storage="c:\users\ericcarlson\documents\github\pickles\src\pickles.testframeworks.unittests\bin\debug\net6.0\picklesdoc.pickles.testframeworks.unittests.dll" id="8fac2b79-9e79-56e1-c8b9-dbffbd82ae43">
      <Execution id="fe9002d3-e1f6-4e24-9a51-3c4374980cf4" />
      <TestMethod codeBase="C:\Users\ericcarlson\Documents\GitHub\pickles\src\Pickles.TestFrameworks.UnitTests\bin\Debug\net6.0\PicklesDoc.Pickles.TestFrameworks.UnitTests.dll" adapterTypeName="executor://nunit3testexecutor/" className="PicklesDoc.Pickles.TestFrameworks.UnitTests.XUnit.XUnit1.WhenParsingXUnitResultsFileWithIndividualResults" name="ThenCanReadExamplesWithRegexValuesFromScenarioOutline_ShouldBeTestResultPassed" />
    </UnitTest>
    <UnitTest name="ThenCanReadNotFoundScenarioCorrectly" storage="c:\users\ericcarlson\documents\github\pickles\src\pickles.testframeworks.unittests\bin\debug\net6.0\picklesdoc.pickles.testframeworks.unittests.dll" id="5c207727-4ce6-c546-30ce-9e08049db82c">
      <Execution id="7292c972-a3cd-4df7-ad66-26d545e53850" />
      <TestMethod codeBase="C:\Users\ericcarlson\Documents\GitHub\pickles\src\Pickles.TestFrameworks.UnitTests\bin\Debug\net6.0\PicklesDoc.Pickles.TestFrameworks.UnitTests.dll" adapterTypeName="executor://nunit3testexecutor/" className="PicklesDoc.Pickles.TestFrameworks.UnitTests.NUnit.NUnit2.WhenParsingNUnitResultsFile" name="ThenCanReadNotFoundScenarioCorrectly" />
    </UnitTest>
    <UnitTest name="GetFeatureResult_OnePassingOneInconclusive_ReturnsPassed" storage="c:\users\ericcarlson\documents\github\pickles\src\pickles.testframeworks.unittests\bin\debug\net6.0\picklesdoc.pickles.testframeworks.unittests.dll" id="fb45c14f-031e-2628-e205-53c6379c578f">
      <Execution id="93980668-8f6a-4cfc-8a7c-e37a706f694f" />
      <TestMethod codeBase="C:\Users\ericcarlson\Documents\GitHub\pickles\src\Pickles.TestFrameworks.UnitTests\bin\Debug\net6.0\PicklesDoc.Pickles.TestFrameworks.UnitTests.dll" adapterTypeName="executor://nunit3testexecutor/" className="PicklesDoc.Pickles.TestFrameworks.UnitTests.SpecRun.WhenParsingMultipleTestResultsTests" name="GetFeatureResult_OnePassingOneInconclusive_ReturnsPassed" />
    </UnitTest>
    <UnitTest name="ThenCanReadNotFoundFeatureCorrectly" storage="c:\users\ericcarlson\documents\github\pickles\src\pickles.testframeworks.unittests\bin\debug\net6.0\picklesdoc.pickles.testframeworks.unittests.dll" id="13bb17c0-9c5e-610c-5753-956c620e1962">
      <Execution id="1c484644-d4a4-4174-8722-1169a87d4267" />
      <TestMethod codeBase="C:\Users\ericcarlson\Documents\GitHub\pickles\src\Pickles.TestFrameworks.UnitTests\bin\Debug\net6.0\PicklesDoc.Pickles.TestFrameworks.UnitTests.dll" adapterTypeName="executor://nunit3testexecutor/" className="PicklesDoc.Pickles.TestFrameworks.UnitTests.MsTest.WhenParsingMsTestResultsFile" name="ThenCanReadNotFoundFeatureCorrectly" />
    </UnitTest>
    <UnitTest name="ThenCanReadResultOfScenarioOutlineWithUmlauts" storage="c:\users\ericcarlson\documents\github\pickles\src\pickles.testframeworks.unittests\bin\debug\net6.0\picklesdoc.pickles.testframeworks.unittests.dll" id="480a0e18-f143-bc50-4b24-c10a44209bde">
      <Execution id="b4b6c92d-f8ed-48a4-a402-e16db4834eb5" />
      <TestMethod codeBase="C:\Users\ericcarlson\Documents\GitHub\pickles\src\Pickles.TestFrameworks.UnitTests\bin\Debug\net6.0\PicklesDoc.Pickles.TestFrameworks.UnitTests.dll" adapterTypeName="executor://nunit3testexecutor/" className="PicklesDoc.Pickles.TestFrameworks.UnitTests.NUnit.NUnit3.WhenParsingNunit3ResultsFileForNunit2Tests" name="ThenCanReadResultOfScenarioOutlineWithUmlauts" />
    </UnitTest>
    <UnitTest name="ThenCanReadIndividualResultsFromScenarioOutline_AllPass_ShouldBeTestResultPassed" storage="c:\users\ericcarlson\documents\github\pickles\src\pickles.testframeworks.unittests\bin\debug\net6.0\picklesdoc.pickles.testframeworks.unittests.dll" id="e1e175ed-feba-4c6f-4525-385ac52e4ff1">
      <Execution id="40cbd630-ce79-47f5-afaf-a0099f8ed150" />
      <TestMethod codeBase="C:\Users\ericcarlson\Documents\GitHub\pickles\src\Pickles.TestFrameworks.UnitTests\bin\Debug\net6.0\PicklesDoc.Pickles.TestFrameworks.UnitTests.dll" adapterTypeName="executor://nunit3testexecutor/" className="PicklesDoc.Pickles.TestFrameworks.UnitTests.VsTest.WhenParsingVsTestResultsFileWithIndividualResults" name="ThenCanReadIndividualResultsFromScenarioOutline_AllPass_ShouldBeTestResultPassed" />
    </UnitTest>
    <UnitTest name="ThenCanReadExamplesWithRegexValuesFromScenarioOutline_ShouldBeTestResultPassed" storage="c:\users\ericcarlson\documents\github\pickles\src\pickles.testframeworks.unittests\bin\debug\net6.0\picklesdoc.pickles.testframeworks.unittests.dll" id="cf93dd1e-782f-a497-0561-e7df285ec6b5">
      <Execution id="da59d3e9-3a13-4bac-a8db-a325428d37b6" />
      <TestMethod codeBase="C:\Users\ericcarlson\Documents\GitHub\pickles\src\Pickles.TestFrameworks.UnitTests\bin\Debug\net6.0\PicklesDoc.Pickles.TestFrameworks.UnitTests.dll" adapterTypeName="executor://nunit3testexecutor/" className="PicklesDoc.Pickles.TestFrameworks.UnitTests.XUnit.XUnit2.WhenParsingXUnitResultsFileWithIndividualResults" name="ThenCanReadExamplesWithRegexValuesFromScenarioOutline_ShouldBeTestResultPassed" />
    </UnitTest>
    <UnitTest name="ThenCanReadResultsWithParenthesis" storage="c:\users\ericcarlson\documents\github\pickles\src\pickles.testframeworks.unittests\bin\debug\net6.0\picklesdoc.pickles.testframeworks.unittests.dll" id="661b4fd7-8a74-3489-35c5-59457dbca55e">
      <Execution id="3d3639fd-612d-4a9a-a3ef-66ee250fd336" />
      <TestMethod codeBase="C:\Users\ericcarlson\Documents\GitHub\pickles\src\Pickles.TestFrameworks.UnitTests\bin\Debug\net6.0\PicklesDoc.Pickles.TestFrameworks.UnitTests.dll" adapterTypeName="executor://nunit3testexecutor/" className="PicklesDoc.Pickles.TestFrameworks.UnitTests.NUnit.NUnit2.WhenParsingNUnitResultsFile" name="ThenCanReadResultsWithParenthesis" />
    </UnitTest>
    <UnitTest name="ThenCanResolve(&quot;results-example-specrun.html&quot;,&quot;SpecRun.results-example-specrun.html&quot;,SpecRun,PicklesDoc.Pickles.TestFrameworks.SpecRun.SpecRunResults)" storage="c:\users\ericcarlson\documents\github\pickles\src\pickles.testframeworks.unittests\bin\debug\net6.0\picklesdoc.pickles.testframeworks.unittests.dll" id="7590abfc-e3f9-c5c4-d7ce-a5409c12a2d1">
      <Execution id="be579945-da84-4041-a96a-2803d5b44c63" />
      <TestMethod codeBase="C:\Users\ericcarlson\Documents\GitHub\pickles\src\Pickles.TestFrameworks.UnitTests\bin\Debug\net6.0\PicklesDoc.Pickles.TestFrameworks.UnitTests.dll" adapterTypeName="executor://nunit3testexecutor/" className="PicklesDoc.Pickles.TestFrameworks.UnitTests.WhenResolvingTestResults" name="ThenCanResolve(&quot;results-example-specrun.html&quot;,&quot;SpecRun.results-example-specrun.html&quot;,SpecRun,PicklesDoc.Pickles.TestFrameworks.SpecRun.SpecRunResults)" />
    </UnitTest>
    <UnitTest name="ThenCanReadInconclusiveScenarioResultSuccessfully" storage="c:\users\ericcarlson\documents\github\pickles\src\pickles.testframeworks.unittests\bin\debug\net6.0\picklesdoc.pickles.testframeworks.unittests.dll" id="2bc825b9-9d72-ab78-dc57-730a6f14b2c6">
      <Execution id="de7fa008-109a-48d9-a6bd-93e79cdf4c84" />
      <TestMethod codeBase="C:\Users\ericcarlson\Documents\GitHub\pickles\src\Pickles.TestFrameworks.UnitTests\bin\Debug\net6.0\PicklesDoc.Pickles.TestFrameworks.UnitTests.dll" adapterTypeName="executor://nunit3testexecutor/" className="PicklesDoc.Pickles.TestFrameworks.UnitTests.SpecRun.WhenParsingSpecRunTestResultsFile" name="ThenCanReadInconclusiveScenarioResultSuccessfully" />
    </UnitTest>
    <UnitTest name="ThenCanReadIndividualResultsFromScenarioOutline_MultipleNamedExamplesWithDuplicateValues_ShouldMatchExamples" storage="c:\users\ericcarlson\documents\github\pickles\src\pickles.testframeworks.unittests\bin\debug\net6.0\picklesdoc.pickles.testframeworks.unittests.dll" id="d7f6d945-38ba-f308-695a-8462453f5d48">
      <Execution id="afd72319-b2ba-4aa1-a240-7ee3abddbe3f" />
      <TestMethod codeBase="C:\Users\ericcarlson\Documents\GitHub\pickles\src\Pickles.TestFrameworks.UnitTests\bin\Debug\net6.0\PicklesDoc.Pickles.TestFrameworks.UnitTests.dll" adapterTypeName="executor://nunit3testexecutor/" className="PicklesDoc.Pickles.TestFrameworks.UnitTests.CucumberJson.WhenParsingCucumberJsonFromJSResultsFileWithIndividualResults" name="ThenCanReadIndividualResultsFromScenarioOutline_MultipleNamedExamplesWithDuplicateValues_ShouldMatchExamples" />
    </UnitTest>
    <UnitTest name="ThenCanReadIndividualResultsFromScenarioOutline_MultipleNamedExamples_ShouldMatchExamples" storage="c:\users\ericcarlson\documents\github\pickles\src\pickles.testframeworks.unittests\bin\debug\net6.0\picklesdoc.pickles.testframeworks.unittests.dll" id="be92073c-cf35-830c-7fa7-636e79ce0e65">
      <Execution id="6f889649-765c-4e0c-837f-33ab53303cfa" />
      <TestMethod codeBase="C:\Users\ericcarlson\Documents\GitHub\pickles\src\Pickles.TestFrameworks.UnitTests\bin\Debug\net6.0\PicklesDoc.Pickles.TestFrameworks.UnitTests.dll" adapterTypeName="executor://nunit3testexecutor/" className="PicklesDoc.Pickles.TestFrameworks.UnitTests.CucumberJson.WhenParsingCucumberJsonFromJSResultsFileWithIndividualResults" name="ThenCanReadIndividualResultsFromScenarioOutline_MultipleNamedExamples_ShouldMatchExamples" />
    </UnitTest>
    <UnitTest name="ThenCanReadInconclusiveScenarioResultSuccessfully" storage="c:\users\ericcarlson\documents\github\pickles\src\pickles.testframeworks.unittests\bin\debug\net6.0\picklesdoc.pickles.testframeworks.unittests.dll" id="d8c07703-c6ba-2990-8554-e0597fbd2a9a">
      <Execution id="4dea772b-a207-4097-b4e2-becef94320bb" />
      <TestMethod codeBase="C:\Users\ericcarlson\Documents\GitHub\pickles\src\Pickles.TestFrameworks.UnitTests\bin\Debug\net6.0\PicklesDoc.Pickles.TestFrameworks.UnitTests.dll" adapterTypeName="executor://nunit3testexecutor/" className="PicklesDoc.Pickles.TestFrameworks.UnitTests.MsTest.WhenParsingMsTestResultsFile" name="ThenCanReadInconclusiveScenarioResultSuccessfully" />
    </UnitTest>
    <UnitTest name="ThenCanReadResultOfScenarioOutlineWithSpecialCharacters" storage="c:\users\ericcarlson\documents\github\pickles\src\pickles.testframeworks.unittests\bin\debug\net6.0\picklesdoc.pickles.testframeworks.unittests.dll" id="f433ab30-ec94-3266-329c-2d06d086eb91">
      <Execution id="621458f1-3bda-47b1-80e4-be31c3db2b34" />
      <TestMethod codeBase="C:\Users\ericcarlson\Documents\GitHub\pickles\src\Pickles.TestFrameworks.UnitTests\bin\Debug\net6.0\PicklesDoc.Pickles.TestFrameworks.UnitTests.dll" adapterTypeName="executor://nunit3testexecutor/" className="PicklesDoc.Pickles.TestFrameworks.UnitTests.CucumberJson.WhenParsingCucumberJsonFromJSResultsFile" name="ThenCanReadResultOfScenarioOutlineWithSpecialCharacters" />
    </UnitTest>
    <UnitTest name="ThenCanReadResultsWithBackslashes" storage="c:\users\ericcarlson\documents\github\pickles\src\pickles.testframeworks.unittests\bin\debug\net6.0\picklesdoc.pickles.testframeworks.unittests.dll" id="5bf4d307-a36a-3c36-5190-d6315ecad070">
      <Execution id="d997460e-c5d2-4797-aaf3-3778e3e5a6fb" />
      <TestMethod codeBase="C:\Users\ericcarlson\Documents\GitHub\pickles\src\Pickles.TestFrameworks.UnitTests\bin\Debug\net6.0\PicklesDoc.Pickles.TestFrameworks.UnitTests.dll" adapterTypeName="executor://nunit3testexecutor/" className="PicklesDoc.Pickles.TestFrameworks.UnitTests.NUnit.NUnit3.WhenParsingNunit3ResultsFileForNunit2Tests" name="ThenCanReadResultsWithBackslashes" />
    </UnitTest>
    <UnitTest name="ThenCanReadIgnoredScenarioResultSuccessfully" storage="c:\users\ericcarlson\documents\github\pickles\src\pickles.testframeworks.unittests\bin\debug\net6.0\picklesdoc.pickles.testframeworks.unittests.dll" id="e41e37c8-c167-4d5a-947f-916a5e4f0a98">
      <Execution id="f70b9ecf-c492-40b3-8022-36025c3260df" />
      <TestMethod codeBase="C:\Users\ericcarlson\Documents\GitHub\pickles\src\Pickles.TestFrameworks.UnitTests\bin\Debug\net6.0\PicklesDoc.Pickles.TestFrameworks.UnitTests.dll" adapterTypeName="executor://nunit3testexecutor/" className="PicklesDoc.Pickles.TestFrameworks.UnitTests.VsTest.WhenParsingVsTestResultsFile" name="ThenCanReadIgnoredScenarioResultSuccessfully" />
    </UnitTest>
    <UnitTest name="RegularExpressionAsExampleContentMatches_With_FullStop_And_Asterisk" storage="c:\users\ericcarlson\documents\github\pickles\src\pickles.testframeworks.unittests\bin\debug\net6.0\picklesdoc.pickles.testframeworks.unittests.dll" id="2fbca240-d73e-90fe-fa10-66a717472df8">
      <Execution id="23e1f515-47ca-447b-bbc2-ebe9e209b534" />
      <TestMethod codeBase="C:\Users\ericcarlson\Documents\GitHub\pickles\src\Pickles.TestFrameworks.UnitTests\bin\Debug\net6.0\PicklesDoc.Pickles.TestFrameworks.UnitTests.dll" adapterTypeName="executor://nunit3testexecutor/" className="PicklesDoc.Pickles.TestFrameworks.UnitTests.XUnit.XUnit2.WhenDeterminingTheSignatureOfAnXUnit2ExampleRow" name="RegularExpressionAsExampleContentMatches_With_FullStop_And_Asterisk" />
    </UnitTest>
    <UnitTest name="ThenCanReadIndividualResultsFromScenarioOutline_MultipleExampleSections_ShouldBeTestResultFailed" storage="c:\users\ericcarlson\documents\github\pickles\src\pickles.testframeworks.unittests\bin\debug\net6.0\picklesdoc.pickles.testframeworks.unittests.dll" id="e88e51df-0600-5288-c5bd-454451abcf17">
      <Execution id="ff48b6a7-a9de-4a7d-a858-50cc5623a9b3" />
      <TestMethod codeBase="C:\Users\ericcarlson\Documents\GitHub\pickles\src\Pickles.TestFrameworks.UnitTests\bin\Debug\net6.0\PicklesDoc.Pickles.TestFrameworks.UnitTests.dll" adapterTypeName="executor://nunit3testexecutor/" className="PicklesDoc.Pickles.TestFrameworks.UnitTests.NUnit.NUnit3.WhenParsingNUnitResultsFileWithIndividualResults" name="ThenCanReadIndividualResultsFromScenarioOutline_MultipleExampleSections_ShouldBeTestResultFailed" />
    </UnitTest>
    <UnitTest name="ThenCanReadResultOfScenarioOutlineWithAmpersand" storage="c:\users\ericcarlson\documents\github\pickles\src\pickles.testframeworks.unittests\bin\debug\net6.0\picklesdoc.pickles.testframeworks.unittests.dll" id="99f5e557-c1c6-7f3a-33fd-4b0fa5a0fc7b">
      <Execution id="b30ad29a-5594-4153-8572-06d84a78f973" />
      <TestMethod codeBase="C:\Users\ericcarlson\Documents\GitHub\pickles\src\Pickles.TestFrameworks.UnitTests\bin\Debug\net6.0\PicklesDoc.Pickles.TestFrameworks.UnitTests.dll" adapterTypeName="executor://nunit3testexecutor/" className="PicklesDoc.Pickles.TestFrameworks.UnitTests.CucumberJson.WhenParsingCucumberJsonFromRubyResultsFile" name="ThenCanReadResultOfScenarioOutlineWithAmpersand" />
    </UnitTest>
    <UnitTest name="ThenCanReadIndividualResultsFromScenarioOutline_OneInconclusive_ShouldBeTestResultInconclusive" storage="c:\users\ericcarlson\documents\github\pickles\src\pickles.testframeworks.unittests\bin\debug\net6.0\picklesdoc.pickles.testframeworks.unittests.dll" id="0d0f4cc2-46ec-cf86-fc13-2bff0b09bc6d">
      <Execution id="704add81-15a5-41cb-a9dd-bf8e6747d76f" />
      <TestMethod codeBase="C:\Users\ericcarlson\Documents\GitHub\pickles\src\Pickles.TestFrameworks.UnitTests\bin\Debug\net6.0\PicklesDoc.Pickles.TestFrameworks.UnitTests.dll" adapterTypeName="executor://nunit3testexecutor/" className="PicklesDoc.Pickles.TestFrameworks.UnitTests.XUnit.XUnit1.WhenParsingXUnitResultsFileWithIndividualResults" name="ThenCanReadIndividualResultsFromScenarioOutline_OneInconclusive_ShouldBeTestResultInconclusive" />
    </UnitTest>
    <UnitTest name="ThenCanReadFeatureResultSuccessfully" storage="c:\users\ericcarlson\documents\github\pickles\src\pickles.testframeworks.unittests\bin\debug\net6.0\picklesdoc.pickles.testframeworks.unittests.dll" id="0bcd34cc-6526-724a-3466-15a3045d227d">
      <Execution id="34d1b842-4f30-45d6-ae33-6b0d36318995" />
      <TestMethod codeBase="C:\Users\ericcarlson\Documents\GitHub\pickles\src\Pickles.TestFrameworks.UnitTests\bin\Debug\net6.0\PicklesDoc.Pickles.TestFrameworks.UnitTests.dll" adapterTypeName="executor://nunit3testexecutor/" className="PicklesDoc.Pickles.TestFrameworks.UnitTests.NUnit.NUnit3.WhenParsingNunit3ResultsFileForNunit2Tests" name="ThenCanReadFeatureResultSuccessfully" />
    </UnitTest>
    <UnitTest name="ThenCanReadResultOfScenarioOutlineWithAmpersand" storage="c:\users\ericcarlson\documents\github\pickles\src\pickles.testframeworks.unittests\bin\debug\net6.0\picklesdoc.pickles.testframeworks.unittests.dll" id="62eaccee-691a-dc72-a0c7-fc4bd9bbc8f7">
      <Execution id="e410ecc1-7e5d-4bf5-932a-b1c667ec0107" />
      <TestMethod codeBase="C:\Users\ericcarlson\Documents\GitHub\pickles\src\Pickles.TestFrameworks.UnitTests\bin\Debug\net6.0\PicklesDoc.Pickles.TestFrameworks.UnitTests.dll" adapterTypeName="executor://nunit3testexecutor/" className="PicklesDoc.Pickles.TestFrameworks.UnitTests.XUnit.XUnit1.WhenParsingxUnitResultsFile" name="ThenCanReadResultOfScenarioOutlineWithAmpersand" />
    </UnitTest>
    <UnitTest name="ThenCanReadResultsWithBackslashes" storage="c:\users\ericcarlson\documents\github\pickles\src\pickles.testframeworks.unittests\bin\debug\net6.0\picklesdoc.pickles.testframeworks.unittests.dll" id="0d4c793d-3e33-a08f-1290-d7f68ea68b15">
      <Execution id="98264ab9-2468-4ca5-8491-e37057e0fbc7" />
      <TestMethod codeBase="C:\Users\ericcarlson\Documents\GitHub\pickles\src\Pickles.TestFrameworks.UnitTests\bin\Debug\net6.0\PicklesDoc.Pickles.TestFrameworks.UnitTests.dll" adapterTypeName="executor://nunit3testexecutor/" className="PicklesDoc.Pickles.TestFrameworks.UnitTests.MsTest.WhenParsingMsTestResultsFile" name="ThenCanReadResultsWithBackslashes" />
    </UnitTest>
    <UnitTest name="ThenCanReadResultOfScenarioOutlineWithSpecialCharacters" storage="c:\users\ericcarlson\documents\github\pickles\src\pickles.testframeworks.unittests\bin\debug\net6.0\picklesdoc.pickles.testframeworks.unittests.dll" id="5528f4d8-ebd5-6f1e-e4bf-3f7dddfcc499">
      <Execution id="631e5035-afc6-4120-ba2d-d7d8ce03a92c" />
      <TestMethod codeBase="C:\Users\ericcarlson\Documents\GitHub\pickles\src\Pickles.TestFrameworks.UnitTests\bin\Debug\net6.0\PicklesDoc.Pickles.TestFrameworks.UnitTests.dll" adapterTypeName="executor://nunit3testexecutor/" className="PicklesDoc.Pickles.TestFrameworks.UnitTests.CucumberJson.WhenParsingCucumberJsonFromRubyResultsFile" name="ThenCanReadResultOfScenarioOutlineWithSpecialCharacters" />
    </UnitTest>
    <UnitTest name="ThenCanReadResultOfScenarioOutlineWithSpecialCharacters" storage="c:\users\ericcarlson\documents\github\pickles\src\pickles.testframeworks.unittests\bin\debug\net6.0\picklesdoc.pickles.testframeworks.unittests.dll" id="d09ead03-57a4-a7c5-33ac-18bdf2ed785e">
      <Execution id="66c5109c-6ba7-4971-b8a0-7bb905864686" />
      <TestMethod codeBase="C:\Users\ericcarlson\Documents\GitHub\pickles\src\Pickles.TestFrameworks.UnitTests\bin\Debug\net6.0\PicklesDoc.Pickles.TestFrameworks.UnitTests.dll" adapterTypeName="executor://nunit3testexecutor/" className="PicklesDoc.Pickles.TestFrameworks.UnitTests.NUnit.NUnit3.WhenParsingNunit3ResultsFileForNunit2Tests" name="ThenCanReadResultOfScenarioOutlineWithSpecialCharacters" />
    </UnitTest>
    <UnitTest name="ThenCanReadResultOfScenarioWithSpanishCharacters" storage="c:\users\ericcarlson\documents\github\pickles\src\pickles.testframeworks.unittests\bin\debug\net6.0\picklesdoc.pickles.testframeworks.unittests.dll" id="dc101341-c73f-f576-2045-514a0c7d85da">
      <Execution id="f5a08362-805c-425d-92bc-0a0c8e79fe54" />
      <TestMethod codeBase="C:\Users\ericcarlson\Documents\GitHub\pickles\src\Pickles.TestFrameworks.UnitTests\bin\Debug\net6.0\PicklesDoc.Pickles.TestFrameworks.UnitTests.dll" adapterTypeName="executor://nunit3testexecutor/" className="PicklesDoc.Pickles.TestFrameworks.UnitTests.XUnit.XUnit1.WhenParsingxUnitResultsFile" name="ThenCanReadResultOfScenarioWithSpanishCharacters" />
    </UnitTest>
    <UnitTest name="ThenCanReadIndividualResultsFromScenarioOutline_MultipleNamedExamples_ShouldMatchExamples" storage="c:\users\ericcarlson\documents\github\pickles\src\pickles.testframeworks.unittests\bin\debug\net6.0\picklesdoc.pickles.testframeworks.unittests.dll" id="86e3825d-829f-92fe-d878-0ca95ca51e4d">
      <Execution id="8ca5ce39-b0d2-454e-bdb4-f6dde4a06d07" />
      <TestMethod codeBase="C:\Users\ericcarlson\Documents\GitHub\pickles\src\Pickles.TestFrameworks.UnitTests\bin\Debug\net6.0\PicklesDoc.Pickles.TestFrameworks.UnitTests.dll" adapterTypeName="executor://nunit3testexecutor/" className="PicklesDoc.Pickles.TestFrameworks.UnitTests.NUnit.NUnit2.WhenParsingNUnitResultsFileWithIndividualResults" name="ThenCanReadIndividualResultsFromScenarioOutline_MultipleNamedExamples_ShouldMatchExamples" />
    </UnitTest>
    <UnitTest name="ThenCanReadResultOfScenarioWithFailingBackground" storage="c:\users\ericcarlson\documents\github\pickles\src\pickles.testframeworks.unittests\bin\debug\net6.0\picklesdoc.pickles.testframeworks.unittests.dll" id="9893997e-53da-cb26-1457-0e4e96142bee">
      <Execution id="e4089d87-80b8-4b93-b039-a97284202c6c" />
      <TestMethod codeBase="C:\Users\ericcarlson\Documents\GitHub\pickles\src\Pickles.TestFrameworks.UnitTests\bin\Debug\net6.0\PicklesDoc.Pickles.TestFrameworks.UnitTests.dll" adapterTypeName="executor://nunit3testexecutor/" className="PicklesDoc.Pickles.TestFrameworks.UnitTests.NUnit.NUnit3.WhenParsingNunit3ResultsFileForNunit2Tests" name="ThenCanReadResultOfScenarioWithFailingBackground" />
    </UnitTest>
    <UnitTest name="ThenCanReadResultOfFeatureWithFailingBackground" storage="c:\users\ericcarlson\documents\github\pickles\src\pickles.testframeworks.unittests\bin\debug\net6.0\picklesdoc.pickles.testframeworks.unittests.dll" id="8ace6733-ba13-8c23-aec1-3ea938759ad0">
      <Execution id="4a29e94e-0b8c-4f60-ad67-f3385b6084dc" />
      <TestMethod codeBase="C:\Users\ericcarlson\Documents\GitHub\pickles\src\Pickles.TestFrameworks.UnitTests\bin\Debug\net6.0\PicklesDoc.Pickles.TestFrameworks.UnitTests.dll" adapterTypeName="executor://nunit3testexecutor/" className="PicklesDoc.Pickles.TestFrameworks.UnitTests.NUnit.NUnit2.WhenParsingNUnitResultsFile" name="ThenCanReadResultOfFeatureWithFailingBackground" />
    </UnitTest>
    <UnitTest name="ThenCanReadSuccessfulScenarioResultSuccessfully" storage="c:\users\ericcarlson\documents\github\pickles\src\pickles.testframeworks.unittests\bin\debug\net6.0\picklesdoc.pickles.testframeworks.unittests.dll" id="704a0578-e150-f687-8667-46c29aab4a2d">
      <Execution id="3a5c4b29-b471-48cf-a066-2cf3bbc0b767" />
      <TestMethod codeBase="C:\Users\ericcarlson\Documents\GitHub\pickles\src\Pickles.TestFrameworks.UnitTests\bin\Debug\net6.0\PicklesDoc.Pickles.TestFrameworks.UnitTests.dll" adapterTypeName="executor://nunit3testexecutor/" className="PicklesDoc.Pickles.TestFrameworks.UnitTests.VsTest.WhenParsingVsTestResultsFile" name="ThenCanReadSuccessfulScenarioResultSuccessfully" />
    </UnitTest>
    <UnitTest name="ThenCanReadExamplesWithLongExampleValues" storage="c:\users\ericcarlson\documents\github\pickles\src\pickles.testframeworks.unittests\bin\debug\net6.0\picklesdoc.pickles.testframeworks.unittests.dll" id="35ba7772-dced-01ec-65bd-9f0afe402f1a">
      <Execution id="bff857bc-e1cf-41e0-9a80-03555ecc8101" />
      <TestMethod codeBase="C:\Users\ericcarlson\Documents\GitHub\pickles\src\Pickles.TestFrameworks.UnitTests\bin\Debug\net6.0\PicklesDoc.Pickles.TestFrameworks.UnitTests.dll" adapterTypeName="executor://nunit3testexecutor/" className="PicklesDoc.Pickles.TestFrameworks.UnitTests.MsTest.WhenParsingMsTestResultsFileWithIndividualResults" name="ThenCanReadExamplesWithLongExampleValues" />
    </UnitTest>
    <UnitTest name="ThenCanReadResultOfScenarioWithSpecialCharacters" storage="c:\users\ericcarlson\documents\github\pickles\src\pickles.testframeworks.unittests\bin\debug\net6.0\picklesdoc.pickles.testframeworks.unittests.dll" id="279277b8-c475-1740-4b89-51c71b5e60bc">
      <Execution id="aaadfa1f-86f1-4e7d-b6f8-9ad1ea214e19" />
      <TestMethod codeBase="C:\Users\ericcarlson\Documents\GitHub\pickles\src\Pickles.TestFrameworks.UnitTests\bin\Debug\net6.0\PicklesDoc.Pickles.TestFrameworks.UnitTests.dll" adapterTypeName="executor://nunit3testexecutor/" className="PicklesDoc.Pickles.TestFrameworks.UnitTests.MsTest.WhenParsingMsTestResultsFile" name="ThenCanReadResultOfScenarioWithSpecialCharacters" />
    </UnitTest>
    <UnitTest name="ThenCanReadResultOfScenarioOutlineWithSpecialCharacters" storage="c:\users\ericcarlson\documents\github\pickles\src\pickles.testframeworks.unittests\bin\debug\net6.0\picklesdoc.pickles.testframeworks.unittests.dll" id="20f75a53-728a-3e27-2cbb-bec08c93c778">
      <Execution id="17a30a82-e84c-48b3-9ce3-0dc8bffbfc6d" />
      <TestMethod codeBase="C:\Users\ericcarlson\Documents\GitHub\pickles\src\Pickles.TestFrameworks.UnitTests\bin\Debug\net6.0\PicklesDoc.Pickles.TestFrameworks.UnitTests.dll" adapterTypeName="executor://nunit3testexecutor/" className="PicklesDoc.Pickles.TestFrameworks.UnitTests.NUnit.NUnit2.WhenParsingNUnitResultsFile" name="ThenCanReadResultOfScenarioOutlineWithSpecialCharacters" />
    </UnitTest>
    <UnitTest name="ThenCanReadResultOfScenarioWithSpanishCharacters" storage="c:\users\ericcarlson\documents\github\pickles\src\pickles.testframeworks.unittests\bin\debug\net6.0\picklesdoc.pickles.testframeworks.unittests.dll" id="2fa9a1f4-abc4-ffa0-207f-983e0f96fe73">
      <Execution id="50453d5a-3a40-46a0-bccc-c38520c27349" />
      <TestMethod codeBase="C:\Users\ericcarlson\Documents\GitHub\pickles\src\Pickles.TestFrameworks.UnitTests\bin\Debug\net6.0\PicklesDoc.Pickles.TestFrameworks.UnitTests.dll" adapterTypeName="executor://nunit3testexecutor/" className="PicklesDoc.Pickles.TestFrameworks.UnitTests.SpecRun.WhenParsingSpecRunTestResultsFile" name="ThenCanReadResultOfScenarioWithSpanishCharacters" />
    </UnitTest>
    <UnitTest name="ThenCanReadSuccessfulScenarioResultSuccessfully" storage="c:\users\ericcarlson\documents\github\pickles\src\pickles.testframeworks.unittests\bin\debug\net6.0\picklesdoc.pickles.testframeworks.unittests.dll" id="66e03bc3-9a1a-bb82-873e-d256b3c27477">
      <Execution id="8f49a678-014b-42f1-8b56-115c4e8b5033" />
      <TestMethod codeBase="C:\Users\ericcarlson\Documents\GitHub\pickles\src\Pickles.TestFrameworks.UnitTests\bin\Debug\net6.0\PicklesDoc.Pickles.TestFrameworks.UnitTests.dll" adapterTypeName="executor://nunit3testexecutor/" className="PicklesDoc.Pickles.TestFrameworks.UnitTests.MsTest.WhenParsingMsTestResultsFile" name="ThenCanReadSuccessfulScenarioResultSuccessfully" />
    </UnitTest>
    <UnitTest name="RegularExpressionAsExampleContentMatches_With_Full_Regular_Expression" storage="c:\users\ericcarlson\documents\github\pickles\src\pickles.testframeworks.unittests\bin\debug\net6.0\picklesdoc.pickles.testframeworks.unittests.dll" id="6768218c-6567-ac9b-b338-b8819476acaf">
      <Execution id="d35429e6-d853-4737-b4a7-7eb1911605cf" />
      <TestMethod codeBase="C:\Users\ericcarlson\Documents\GitHub\pickles\src\Pickles.TestFrameworks.UnitTests\bin\Debug\net6.0\PicklesDoc.Pickles.TestFrameworks.UnitTests.dll" adapterTypeName="executor://nunit3testexecutor/" className="PicklesDoc.Pickles.TestFrameworks.UnitTests.XUnit.XUnit2.WhenDeterminingTheSignatureOfAnXUnit2ExampleRow" name="RegularExpressionAsExampleContentMatches_With_Full_Regular_Expression" />
    </UnitTest>
    <UnitTest name="ThenCanReadResultOfFeatureWithFailingBackground" storage="c:\users\ericcarlson\documents\github\pickles\src\pickles.testframeworks.unittests\bin\debug\net6.0\picklesdoc.pickles.testframeworks.unittests.dll" id="51b33863-1938-707d-697f-94c37596fd6d">
      <Execution id="05eb8e0a-094b-444d-ad67-cab22f626b55" />
      <TestMethod codeBase="C:\Users\ericcarlson\Documents\GitHub\pickles\src\Pickles.TestFrameworks.UnitTests\bin\Debug\net6.0\PicklesDoc.Pickles.TestFrameworks.UnitTests.dll" adapterTypeName="executor://nunit3testexecutor/" className="PicklesDoc.Pickles.TestFrameworks.UnitTests.CucumberJson.WhenParsingCucumberJsonFromRubyResultsFile" name="ThenCanReadResultOfFeatureWithFailingBackground" />
    </UnitTest>
    <UnitTest name="ThenCanReadResultOfScenarioOutlineWithFailingBackground" storage="c:\users\ericcarlson\documents\github\pickles\src\pickles.testframeworks.unittests\bin\debug\net6.0\picklesdoc.pickles.testframeworks.unittests.dll" id="2f1248d0-a771-9597-d90a-fb612873ab24">
      <Execution id="da31cadb-3dde-4395-acdb-58811f039b70" />
      <TestMethod codeBase="C:\Users\ericcarlson\Documents\GitHub\pickles\src\Pickles.TestFrameworks.UnitTests\bin\Debug\net6.0\PicklesDoc.Pickles.TestFrameworks.UnitTests.dll" adapterTypeName="executor://nunit3testexecutor/" className="PicklesDoc.Pickles.TestFrameworks.UnitTests.CucumberJson.WhenParsingCucumberJsonFromRubyResultsFile" name="ThenCanReadResultOfScenarioOutlineWithFailingBackground" />
    </UnitTest>
    <UnitTest name="ThenCanResolve(&quot;results-example-xunit.xml&quot;,&quot;XUnit.XUnit1.results-example-xunit.xml&quot;,XUnit1,PicklesDoc.Pickles.TestFrameworks.XUnit.XUnit1.XUnit1Results)" storage="c:\users\ericcarlson\documents\github\pickles\src\pickles.testframeworks.unittests\bin\debug\net6.0\picklesdoc.pickles.testframeworks.unittests.dll" id="47086e35-06f3-bc27-02fb-3f657d13b0a3">
      <Execution id="893d944c-32c9-470e-adb0-78532d97e659" />
      <TestMethod codeBase="C:\Users\ericcarlson\Documents\GitHub\pickles\src\Pickles.TestFrameworks.UnitTests\bin\Debug\net6.0\PicklesDoc.Pickles.TestFrameworks.UnitTests.dll" adapterTypeName="executor://nunit3testexecutor/" className="PicklesDoc.Pickles.TestFrameworks.UnitTests.WhenResolvingTestResults" name="ThenCanResolve(&quot;results-example-xunit.xml&quot;,&quot;XUnit.XUnit1.results-example-xunit.xml&quot;,XUnit1,PicklesDoc.Pickles.TestFrameworks.XUnit.XUnit1.XUnit1Results)" />
    </UnitTest>
    <UnitTest name="ThenCanReadIndividualResultsFromScenarioOutline_MultipleExamplesWithDuplicateValues_ShouldMatchExamples" storage="c:\users\ericcarlson\documents\github\pickles\src\pickles.testframeworks.unittests\bin\debug\net6.0\picklesdoc.pickles.testframeworks.unittests.dll" id="dda4734d-9263-9683-bcf1-0cc612cb1594">
      <Execution id="d10929b4-d55d-4015-8b19-0d105acd5ece" />
      <TestMethod codeBase="C:\Users\ericcarlson\Documents\GitHub\pickles\src\Pickles.TestFrameworks.UnitTests\bin\Debug\net6.0\PicklesDoc.Pickles.TestFrameworks.UnitTests.dll" adapterTypeName="executor://nunit3testexecutor/" className="PicklesDoc.Pickles.TestFrameworks.UnitTests.NUnit.NUnit3.WhenParsingNUnitResultsFileWithIndividualResults" name="ThenCanReadIndividualResultsFromScenarioOutline_MultipleExamplesWithDuplicateValues_ShouldMatchExamples" />
    </UnitTest>
    <UnitTest name="ThenCanReadIgnoredScenarioResultSuccessfully" storage="c:\users\ericcarlson\documents\github\pickles\src\pickles.testframeworks.unittests\bin\debug\net6.0\picklesdoc.pickles.testframeworks.unittests.dll" id="8bb3b051-fd54-70fa-37da-5e1986e478a5">
      <Execution id="76688aaa-c74a-44d1-b895-ddc9e4014bbd" />
      <TestMethod codeBase="C:\Users\ericcarlson\Documents\GitHub\pickles\src\Pickles.TestFrameworks.UnitTests\bin\Debug\net6.0\PicklesDoc.Pickles.TestFrameworks.UnitTests.dll" adapterTypeName="executor://nunit3testexecutor/" className="PicklesDoc.Pickles.TestFrameworks.UnitTests.NUnit.NUnit3.WhenParsingNunit3ResultsFileForNunit2Tests" name="ThenCanReadIgnoredScenarioResultSuccessfully" />
    </UnitTest>
    <UnitTest name="ThenCanReadResultOfScenarioWithDanishCharacters" storage="c:\users\ericcarlson\documents\github\pickles\src\pickles.testframeworks.unittests\bin\debug\net6.0\picklesdoc.pickles.testframeworks.unittests.dll" id="c453c6ec-7ac7-6aba-4513-ebc0b71441c4">
      <Execution id="9021535f-e20d-4d90-b211-567353df46f3" />
      <TestMethod codeBase="C:\Users\ericcarlson\Documents\GitHub\pickles\src\Pickles.TestFrameworks.UnitTests\bin\Debug\net6.0\PicklesDoc.Pickles.TestFrameworks.UnitTests.dll" adapterTypeName="executor://nunit3testexecutor/" className="PicklesDoc.Pickles.TestFrameworks.UnitTests.NUnit.NUnit2.WhenParsingNUnitResultsFile" name="ThenCanReadResultOfScenarioWithDanishCharacters" />
    </UnitTest>
    <UnitTest name="ThenCanResolveAsSingleton(null,null,null,PicklesDoc.Pickles.TestFrameworks.NullTestResults)" storage="c:\users\ericcarlson\documents\github\pickles\src\pickles.testframeworks.unittests\bin\debug\net6.0\picklesdoc.pickles.testframeworks.unittests.dll" id="1b78643d-a4c2-713e-da90-2e6b0238a12b">
      <Execution id="44049be3-5963-4847-88c4-88d0ab7b7c89" />
      <TestMethod codeBase="C:\Users\ericcarlson\Documents\GitHub\pickles\src\Pickles.TestFrameworks.UnitTests\bin\Debug\net6.0\PicklesDoc.Pickles.TestFrameworks.UnitTests.dll" adapterTypeName="executor://nunit3testexecutor/" className="PicklesDoc.Pickles.TestFrameworks.UnitTests.WhenResolvingTestResults" name="ThenCanResolveAsSingleton(null,null,null,PicklesDoc.Pickles.TestFrameworks.NullTestResults)" />
    </UnitTest>
    <UnitTest name="ThenCanSuccessfullyMatchExamplesWithLongValues" storage="c:\users\ericcarlson\documents\github\pickles\src\pickles.testframeworks.unittests\bin\debug\net6.0\picklesdoc.pickles.testframeworks.unittests.dll" id="4daa0264-d422-7a85-989e-1ae9e712a1eb">
      <Execution id="60088d80-5922-4c77-9707-a786b6e165e2" />
      <TestMethod codeBase="C:\Users\ericcarlson\Documents\GitHub\pickles\src\Pickles.TestFrameworks.UnitTests\bin\Debug\net6.0\PicklesDoc.Pickles.TestFrameworks.UnitTests.dll" adapterTypeName="executor://nunit3testexecutor/" className="PicklesDoc.Pickles.TestFrameworks.UnitTests.NUnit.NUnit2.WhenDeterminingTheSignatureOfAnNUnitExampleRow" name="ThenCanSuccessfullyMatchExamplesWithLongValues" />
    </UnitTest>
    <UnitTest name="ThenCanReadResultOfScenarioWithFailingBackground" storage="c:\users\ericcarlson\documents\github\pickles\src\pickles.testframeworks.unittests\bin\debug\net6.0\picklesdoc.pickles.testframeworks.unittests.dll" id="f7956f7c-5887-9a0c-7c3e-645573a0e845">
      <Execution id="b2bddecd-aebe-404d-81da-a6bf313203cf" />
      <TestMethod codeBase="C:\Users\ericcarlson\Documents\GitHub\pickles\src\Pickles.TestFrameworks.UnitTests\bin\Debug\net6.0\PicklesDoc.Pickles.TestFrameworks.UnitTests.dll" adapterTypeName="executor://nunit3testexecutor/" className="PicklesDoc.Pickles.TestFrameworks.UnitTests.MsTest.WhenParsingMsTestResultsFile" name="ThenCanReadResultOfScenarioWithFailingBackground" />
    </UnitTest>
    <UnitTest name="ThenCanReadIndividualResultsFromScenarioOutline_ExamplesWithDuplicateValues_ShouldMatchExamples" storage="c:\users\ericcarlson\documents\github\pickles\src\pickles.testframeworks.unittests\bin\debug\net6.0\picklesdoc.pickles.testframeworks.unittests.dll" id="ad512448-3972-9a5f-6725-9bed00cac1bb">
      <Execution id="c677dd88-b990-4677-8393-bb49d3cf8bc5" />
      <TestMethod codeBase="C:\Users\ericcarlson\Documents\GitHub\pickles\src\Pickles.TestFrameworks.UnitTests\bin\Debug\net6.0\PicklesDoc.Pickles.TestFrameworks.UnitTests.dll" adapterTypeName="executor://nunit3testexecutor/" className="PicklesDoc.Pickles.TestFrameworks.UnitTests.CucumberJson.WhenParsingCucumberJsonFromRubyResultsFileWithIndividualResults" name="ThenCanReadIndividualResultsFromScenarioOutline_ExamplesWithDuplicateValues_ShouldMatchExamples" />
    </UnitTest>
    <UnitTest name="ThenCanReadFeatureResultSuccessfully" storage="c:\users\ericcarlson\documents\github\pickles\src\pickles.testframeworks.unittests\bin\debug\net6.0\picklesdoc.pickles.testframeworks.unittests.dll" id="04e26c3f-1210-a75b-c0bc-6ef78e296957">
      <Execution id="4e3242af-b0db-4e0f-8e31-ec8aefbccf5d" />
      <TestMethod codeBase="C:\Users\ericcarlson\Documents\GitHub\pickles\src\Pickles.TestFrameworks.UnitTests\bin\Debug\net6.0\PicklesDoc.Pickles.TestFrameworks.UnitTests.dll" adapterTypeName="executor://nunit3testexecutor/" className="PicklesDoc.Pickles.TestFrameworks.UnitTests.NUnit.NUnit3.WhenParsingNunit3ResultsFile" name="ThenCanReadFeatureResultSuccessfully" />
    </UnitTest>
    <UnitTest name="ThenCanReadFailedScenarioResultSuccessfully" storage="c:\users\ericcarlson\documents\github\pickles\src\pickles.testframeworks.unittests\bin\debug\net6.0\picklesdoc.pickles.testframeworks.unittests.dll" id="577232fa-4820-0031-8220-5c10c6849f65">
      <Execution id="488592d3-5a93-4712-a42f-58b364f1d36d" />
      <TestMethod codeBase="C:\Users\ericcarlson\Documents\GitHub\pickles\src\Pickles.TestFrameworks.UnitTests\bin\Debug\net6.0\PicklesDoc.Pickles.TestFrameworks.UnitTests.dll" adapterTypeName="executor://nunit3testexecutor/" className="PicklesDoc.Pickles.TestFrameworks.UnitTests.CucumberJson.WhenParsingCucumberJsonFromRubyResultsFile" name="ThenCanReadFailedScenarioResultSuccessfully" />
    </UnitTest>
    <UnitTest name="ThenCanReadResultOfScenarioWithFailingBackground" storage="c:\users\ericcarlson\documents\github\pickles\src\pickles.testframeworks.unittests\bin\debug\net6.0\picklesdoc.pickles.testframeworks.unittests.dll" id="53b5d2b4-1979-aefd-9cc8-74b7bed357fa">
      <Execution id="12ee8ac1-fa9b-4a64-944d-748f031acc7f" />
      <TestMethod codeBase="C:\Users\ericcarlson\Documents\GitHub\pickles\src\Pickles.TestFrameworks.UnitTests\bin\Debug\net6.0\PicklesDoc.Pickles.TestFrameworks.UnitTests.dll" adapterTypeName="executor://nunit3testexecutor/" className="PicklesDoc.Pickles.TestFrameworks.UnitTests.NUnit.NUnit3.WhenParsingNunit3ResultsFile" name="ThenCanReadResultOfScenarioWithFailingBackground" />
    </UnitTest>
    <UnitTest name="ThenCanReadPassedFeatureResultSuccessfully" storage="c:\users\ericcarlson\documents\github\pickles\src\pickles.testframeworks.unittests\bin\debug\net6.0\picklesdoc.pickles.testframeworks.unittests.dll" id="1fd45540-89f6-40d1-32d1-2043299aad61">
      <Execution id="8e28c34d-465f-4298-9fc7-99eb76517df2" />
      <TestMethod codeBase="C:\Users\ericcarlson\Documents\GitHub\pickles\src\Pickles.TestFrameworks.UnitTests\bin\Debug\net6.0\PicklesDoc.Pickles.TestFrameworks.UnitTests.dll" adapterTypeName="executor://nunit3testexecutor/" className="PicklesDoc.Pickles.TestFrameworks.UnitTests.SpecRun.WhenParsingSpecRunTestResultsFile" name="ThenCanReadPassedFeatureResultSuccessfully" />
    </UnitTest>
    <UnitTest name="ThenCanReadIndividualResultsFromScenarioOutline_AllPass_ShouldBeTestResultPassed" storage="c:\users\ericcarlson\documents\github\pickles\src\pickles.testframeworks.unittests\bin\debug\net6.0\picklesdoc.pickles.testframeworks.unittests.dll" id="883b6ac9-ac51-b5f6-5a08-17161bbcc88f">
      <Execution id="fcec4960-f4aa-437a-a315-8cec2029ce2f" />
      <TestMethod codeBase="C:\Users\ericcarlson\Documents\GitHub\pickles\src\Pickles.TestFrameworks.UnitTests\bin\Debug\net6.0\PicklesDoc.Pickles.TestFrameworks.UnitTests.dll" adapterTypeName="executor://nunit3testexecutor/" className="PicklesDoc.Pickles.TestFrameworks.UnitTests.SpecRun.WhenParsingSpecRunTestResultsFileWithIndividualResults" name="ThenCanReadIndividualResultsFromScenarioOutline_AllPass_ShouldBeTestResultPassed" />
    </UnitTest>
    <UnitTest name="ThenCanReadScenarioOutlineResultSuccessfully" storage="c:\users\ericcarlson\documents\github\pickles\src\pickles.testframeworks.unittests\bin\debug\net6.0\picklesdoc.pickles.testframeworks.unittests.dll" id="3baf913f-526d-3c8d-eef9-0705cb381b53">
      <Execution id="3cdde759-4c28-42fd-816a-b2b7b18b3c62" />
      <TestMethod codeBase="C:\Users\ericcarlson\Documents\GitHub\pickles\src\Pickles.TestFrameworks.UnitTests\bin\Debug\net6.0\PicklesDoc.Pickles.TestFrameworks.UnitTests.dll" adapterTypeName="executor://nunit3testexecutor/" className="PicklesDoc.Pickles.TestFrameworks.UnitTests.CucumberJson.WhenParsingCucumberJsonFromRubyResultsFile" name="ThenCanReadScenarioOutlineResultSuccessfully" />
    </UnitTest>
    <UnitTest name="ThenCanReadExamplesWithLongExampleValues" storage="c:\users\ericcarlson\documents\github\pickles\src\pickles.testframeworks.unittests\bin\debug\net6.0\picklesdoc.pickles.testframeworks.unittests.dll" id="d0bc7ea5-e2a0-6790-9331-20e93b51d0a9">
      <Execution id="bd99ba1a-64c9-420b-b9d8-adb992227544" />
      <TestMethod codeBase="C:\Users\ericcarlson\Documents\GitHub\pickles\src\Pickles.TestFrameworks.UnitTests\bin\Debug\net6.0\PicklesDoc.Pickles.TestFrameworks.UnitTests.dll" adapterTypeName="executor://nunit3testexecutor/" className="PicklesDoc.Pickles.TestFrameworks.UnitTests.NUnit.NUnit2.WhenParsingNUnitResultsFileWithIndividualResults" name="ThenCanReadExamplesWithLongExampleValues" />
    </UnitTest>
    <UnitTest name="ThenCanReadIndividualResultsFromScenarioOutline_OneFailed_ShouldBeTestResultFailed" storage="c:\users\ericcarlson\documents\github\pickles\src\pickles.testframeworks.unittests\bin\debug\net6.0\picklesdoc.pickles.testframeworks.unittests.dll" id="4fd0e4d4-201f-f92a-a4bd-73991d73bd74">
      <Execution id="61fe655b-294c-4f06-8634-f456a87c9be6" />
      <TestMethod codeBase="C:\Users\ericcarlson\Documents\GitHub\pickles\src\Pickles.TestFrameworks.UnitTests\bin\Debug\net6.0\PicklesDoc.Pickles.TestFrameworks.UnitTests.dll" adapterTypeName="executor://nunit3testexecutor/" className="PicklesDoc.Pickles.TestFrameworks.UnitTests.NUnit.NUnit3.WhenParsingNUnitResultsFileWithIndividualResults" name="ThenCanReadIndividualResultsFromScenarioOutline_OneFailed_ShouldBeTestResultFailed" />
    </UnitTest>
    <UnitTest name="ThenCanReadResultOfScenarioOutlineWithSpecialCharacters" storage="c:\users\ericcarlson\documents\github\pickles\src\pickles.testframeworks.unittests\bin\debug\net6.0\picklesdoc.pickles.testframeworks.unittests.dll" id="81bd21f5-845e-aa35-fada-47a8b94de4c8">
      <Execution id="99e18e0b-0bc1-4a26-931c-633fd7771f67" />
      <TestMethod codeBase="C:\Users\ericcarlson\Documents\GitHub\pickles\src\Pickles.TestFrameworks.UnitTests\bin\Debug\net6.0\PicklesDoc.Pickles.TestFrameworks.UnitTests.dll" adapterTypeName="executor://nunit3testexecutor/" className="PicklesDoc.Pickles.TestFrameworks.UnitTests.MsTest.WhenParsingMsTestResultsFile" name="ThenCanReadResultOfScenarioOutlineWithSpecialCharacters" />
    </UnitTest>
    <UnitTest name="ThenCanReadResultOfScenarioWithDanishCharacters" storage="c:\users\ericcarlson\documents\github\pickles\src\pickles.testframeworks.unittests\bin\debug\net6.0\picklesdoc.pickles.testframeworks.unittests.dll" id="e42f56d1-0116-4ec2-39ce-514840e88883">
      <Execution id="4c56c4a9-6441-4528-aed8-4e8d4e671a6c" />
      <TestMethod codeBase="C:\Users\ericcarlson\Documents\GitHub\pickles\src\Pickles.TestFrameworks.UnitTests\bin\Debug\net6.0\PicklesDoc.Pickles.TestFrameworks.UnitTests.dll" adapterTypeName="executor://nunit3testexecutor/" className="PicklesDoc.Pickles.TestFrameworks.UnitTests.XUnit.XUnit1.WhenParsingxUnitResultsFile" name="ThenCanReadResultOfScenarioWithDanishCharacters" />
    </UnitTest>
    <UnitTest name="ThenCanReadIndividualResultsFromScenarioOutline_MultipleExamplesWithDuplicateValues_ShouldMatchExamples" storage="c:\users\ericcarlson\documents\github\pickles\src\pickles.testframeworks.unittests\bin\debug\net6.0\picklesdoc.pickles.testframeworks.unittests.dll" id="a64081be-e7d0-830f-dfc8-24bbee2a32f5">
      <Execution id="cac0b93d-4ee0-488c-9e76-5e535718df0c" />
      <TestMethod codeBase="C:\Users\ericcarlson\Documents\GitHub\pickles\src\Pickles.TestFrameworks.UnitTests\bin\Debug\net6.0\PicklesDoc.Pickles.TestFrameworks.UnitTests.dll" adapterTypeName="executor://nunit3testexecutor/" className="PicklesDoc.Pickles.TestFrameworks.UnitTests.CucumberJson.WhenParsingCucumberJsonFromJSResultsFileWithIndividualResults" name="ThenCanReadIndividualResultsFromScenarioOutline_MultipleExamplesWithDuplicateValues_ShouldMatchExamples" />
    </UnitTest>
    <UnitTest name="ThenCanReadFeatureResultSuccessfully" storage="c:\users\ericcarlson\documents\github\pickles\src\pickles.testframeworks.unittests\bin\debug\net6.0\picklesdoc.pickles.testframeworks.unittests.dll" id="4bc5f009-c973-f931-1d45-f0addc813db2">
      <Execution id="7d434041-b0eb-4b60-ac6d-f4b6e3b8db48" />
      <TestMethod codeBase="C:\Users\ericcarlson\Documents\GitHub\pickles\src\Pickles.TestFrameworks.UnitTests\bin\Debug\net6.0\PicklesDoc.Pickles.TestFrameworks.UnitTests.dll" adapterTypeName="executor://nunit3testexecutor/" className="PicklesDoc.Pickles.TestFrameworks.UnitTests.CucumberJson.WhenParsingCucumberJsonFromRubyResultsFile" name="ThenCanReadFeatureResultSuccessfully" />
    </UnitTest>
    <UnitTest name="ThenCanResolveAsSingleton(&quot;results-example-xunit2.xml&quot;,&quot;XUnit.XUnit2.results-example-xunit2.xml&quot;,xUnit2,PicklesDoc.Pickles.TestFrameworks.XUnit.XUnit2.XUnit2Results)" storage="c:\users\ericcarlson\documents\github\pickles\src\pickles.testframeworks.unittests\bin\debug\net6.0\picklesdoc.pickles.testframeworks.unittests.dll" id="e2f7c893-77fd-2757-2bf1-4ba1cfd4b69d">
      <Execution id="5d83b6c1-d361-450b-a9d4-5e725b2381a9" />
      <TestMethod codeBase="C:\Users\ericcarlson\Documents\GitHub\pickles\src\Pickles.TestFrameworks.UnitTests\bin\Debug\net6.0\PicklesDoc.Pickles.TestFrameworks.UnitTests.dll" adapterTypeName="executor://nunit3testexecutor/" className="PicklesDoc.Pickles.TestFrameworks.UnitTests.WhenResolvingTestResults" name="ThenCanResolveAsSingleton(&quot;results-example-xunit2.xml&quot;,&quot;XUnit.XUnit2.results-example-xunit2.xml&quot;,xUnit2,PicklesDoc.Pickles.TestFrameworks.XUnit.XUnit2.XUnit2Results)" />
    </UnitTest>
    <UnitTest name="ThenCanResolveAsSingleton(&quot;results-example-specrun.html&quot;,&quot;SpecRun.results-example-specrun.html&quot;,SpecRun,PicklesDoc.Pickles.TestFrameworks.SpecRun.SpecRunResults)" storage="c:\users\ericcarlson\documents\github\pickles\src\pickles.testframeworks.unittests\bin\debug\net6.0\picklesdoc.pickles.testframeworks.unittests.dll" id="81a1abf8-6be1-aea7-389f-5894b71b2368">
      <Execution id="9b9861d4-2e3b-4847-a3cb-6e83c780140c" />
      <TestMethod codeBase="C:\Users\ericcarlson\Documents\GitHub\pickles\src\Pickles.TestFrameworks.UnitTests\bin\Debug\net6.0\PicklesDoc.Pickles.TestFrameworks.UnitTests.dll" adapterTypeName="executor://nunit3testexecutor/" className="PicklesDoc.Pickles.TestFrameworks.UnitTests.WhenResolvingTestResults" name="ThenCanResolveAsSingleton(&quot;results-example-specrun.html&quot;,&quot;SpecRun.results-example-specrun.html&quot;,SpecRun,PicklesDoc.Pickles.TestFrameworks.SpecRun.SpecRunResults)" />
    </UnitTest>
    <UnitTest name="ThenCanReadFailedFeatureResultSuccessfully" storage="c:\users\ericcarlson\documents\github\pickles\src\pickles.testframeworks.unittests\bin\debug\net6.0\picklesdoc.pickles.testframeworks.unittests.dll" id="562129e5-360d-2549-3c09-e4b49f36264d">
      <Execution id="4d76800b-d303-439c-9977-6ba3cb55489e" />
      <TestMethod codeBase="C:\Users\ericcarlson\Documents\GitHub\pickles\src\Pickles.TestFrameworks.UnitTests\bin\Debug\net6.0\PicklesDoc.Pickles.TestFrameworks.UnitTests.dll" adapterTypeName="executor://nunit3testexecutor/" className="PicklesDoc.Pickles.TestFrameworks.UnitTests.VsTest.WhenParsingMultipleVsTestTestResultsFiles" name="ThenCanReadFailedFeatureResultSuccessfully" />
    </UnitTest>
    <UnitTest name="ThenCanReadExamplesWithLongExampleValues" storage="c:\users\ericcarlson\documents\github\pickles\src\pickles.testframeworks.unittests\bin\debug\net6.0\picklesdoc.pickles.testframeworks.unittests.dll" id="39588d47-2e56-432b-359a-0110f3e63f57">
      <Execution id="37ecd0e4-ca6f-4073-bc42-e66d00c4fd92" />
      <TestMethod codeBase="C:\Users\ericcarlson\Documents\GitHub\pickles\src\Pickles.TestFrameworks.UnitTests\bin\Debug\net6.0\PicklesDoc.Pickles.TestFrameworks.UnitTests.dll" adapterTypeName="executor://nunit3testexecutor/" className="PicklesDoc.Pickles.TestFrameworks.UnitTests.VsTest.WhenParsingVsTestResultsFileWithIndividualResults" name="ThenCanReadExamplesWithLongExampleValues" />
    </UnitTest>
    <UnitTest name="ThenCanReadIndividualResultsFromScenarioOutline_OneFailed_ShouldBeTestResultFailed" storage="c:\users\ericcarlson\documents\github\pickles\src\pickles.testframeworks.unittests\bin\debug\net6.0\picklesdoc.pickles.testframeworks.unittests.dll" id="7746c945-7215-2f12-d241-54991e7b255d">
      <Execution id="fbf8ce9a-8077-49e5-9921-240fa22ecaf5" />
      <TestMethod codeBase="C:\Users\ericcarlson\Documents\GitHub\pickles\src\Pickles.TestFrameworks.UnitTests\bin\Debug\net6.0\PicklesDoc.Pickles.TestFrameworks.UnitTests.dll" adapterTypeName="executor://nunit3testexecutor/" className="PicklesDoc.Pickles.TestFrameworks.UnitTests.VsTest.WhenParsingVsTestResultsFileWithIndividualResults" name="ThenCanReadIndividualResultsFromScenarioOutline_OneFailed_ShouldBeTestResultFailed" />
    </UnitTest>
    <UnitTest name="ThenCanReadIndividualResultsFromScenarioOutline_MultipleExampleSections_ShouldBeTestResultFailed" storage="c:\users\ericcarlson\documents\github\pickles\src\pickles.testframeworks.unittests\bin\debug\net6.0\picklesdoc.pickles.testframeworks.unittests.dll" id="4c3f6b35-48a0-d207-99c1-65bbc2fa071b">
      <Execution id="34019edf-1abc-4c41-944e-0920d8dff721" />
      <TestMethod codeBase="C:\Users\ericcarlson\Documents\GitHub\pickles\src\Pickles.TestFrameworks.UnitTests\bin\Debug\net6.0\PicklesDoc.Pickles.TestFrameworks.UnitTests.dll" adapterTypeName="executor://nunit3testexecutor/" className="PicklesDoc.Pickles.TestFrameworks.UnitTests.CucumberJson.WhenParsingCucumberJsonFromRubyResultsFileWithIndividualResults" name="ThenCanReadIndividualResultsFromScenarioOutline_MultipleExampleSections_ShouldBeTestResultFailed" />
    </UnitTest>
    <UnitTest name="ThenCanResolve(null,null,null,PicklesDoc.Pickles.TestFrameworks.NullTestResults)" storage="c:\users\ericcarlson\documents\github\pickles\src\pickles.testframeworks.unittests\bin\debug\net6.0\picklesdoc.pickles.testframeworks.unittests.dll" id="452e3d33-0c18-0604-61d2-e49750ee89e5">
      <Execution id="fe634671-c681-4769-b256-50bf38f19128" />
      <TestMethod codeBase="C:\Users\ericcarlson\Documents\GitHub\pickles\src\Pickles.TestFrameworks.UnitTests\bin\Debug\net6.0\PicklesDoc.Pickles.TestFrameworks.UnitTests.dll" adapterTypeName="executor://nunit3testexecutor/" className="PicklesDoc.Pickles.TestFrameworks.UnitTests.WhenResolvingTestResults" name="ThenCanResolve(null,null,null,PicklesDoc.Pickles.TestFrameworks.NullTestResults)" />
    </UnitTest>
    <UnitTest name="ThenCanResolveAsSingleton(&quot;results-example-nunit3.xml&quot;,&quot;NUnit.NUnit3.results-example-nunit3.xml&quot;,NUnit3,PicklesDoc.Pickles.TestFrameworks.NUnit.NUnit3.NUnit3Results)" storage="c:\users\ericcarlson\documents\github\pickles\src\pickles.testframeworks.unittests\bin\debug\net6.0\picklesdoc.pickles.testframeworks.unittests.dll" id="37561f65-3332-c899-f5ae-4fb0281f2762">
      <Execution id="a24b5d09-3363-4817-96ad-3948dbf596cd" />
      <TestMethod codeBase="C:\Users\ericcarlson\Documents\GitHub\pickles\src\Pickles.TestFrameworks.UnitTests\bin\Debug\net6.0\PicklesDoc.Pickles.TestFrameworks.UnitTests.dll" adapterTypeName="executor://nunit3testexecutor/" className="PicklesDoc.Pickles.TestFrameworks.UnitTests.WhenResolvingTestResults" name="ThenCanResolveAsSingleton(&quot;results-example-nunit3.xml&quot;,&quot;NUnit.NUnit3.results-example-nunit3.xml&quot;,NUnit3,PicklesDoc.Pickles.TestFrameworks.NUnit.NUnit3.NUnit3Results)" />
    </UnitTest>
    <UnitTest name="ThenCanReadIndividualResultsFromScenarioOutline_OneFailed_ShouldBeTestResultFailed" storage="c:\users\ericcarlson\documents\github\pickles\src\pickles.testframeworks.unittests\bin\debug\net6.0\picklesdoc.pickles.testframeworks.unittests.dll" id="0586ee37-1679-40ac-d62d-77bb3679488e">
      <Execution id="1a9eb788-00b7-4922-ab25-b71e35939134" />
      <TestMethod codeBase="C:\Users\ericcarlson\Documents\GitHub\pickles\src\Pickles.TestFrameworks.UnitTests\bin\Debug\net6.0\PicklesDoc.Pickles.TestFrameworks.UnitTests.dll" adapterTypeName="executor://nunit3testexecutor/" className="PicklesDoc.Pickles.TestFrameworks.UnitTests.XUnit.XUnit1.WhenParsingXUnitResultsFileWithIndividualResults" name="ThenCanReadIndividualResultsFromScenarioOutline_OneFailed_ShouldBeTestResultFailed" />
    </UnitTest>
    <UnitTest name="ThenCanReadResultOfScenarioWithSpecialCharacters" storage="c:\users\ericcarlson\documents\github\pickles\src\pickles.testframeworks.unittests\bin\debug\net6.0\picklesdoc.pickles.testframeworks.unittests.dll" id="f85689af-bccc-784d-b093-f7a296ae9b10">
      <Execution id="298d1e4f-783e-49c4-b741-8a1b15fe32d9" />
      <TestMethod codeBase="C:\Users\ericcarlson\Documents\GitHub\pickles\src\Pickles.TestFrameworks.UnitTests\bin\Debug\net6.0\PicklesDoc.Pickles.TestFrameworks.UnitTests.dll" adapterTypeName="executor://nunit3testexecutor/" className="PicklesDoc.Pickles.TestFrameworks.UnitTests.VsTest.WhenParsingVsTestResultsFile" name="ThenCanReadResultOfScenarioWithSpecialCharacters" />
    </UnitTest>
    <UnitTest name="ThenCanReadResultOfScenarioWithSpecialCharacters" storage="c:\users\ericcarlson\documents\github\pickles\src\pickles.testframeworks.unittests\bin\debug\net6.0\picklesdoc.pickles.testframeworks.unittests.dll" id="108c2052-fc39-fc7d-462e-5ca8813e0e6a">
      <Execution id="c1d1b93b-41ae-40e0-b87c-9c0af8aeb4b4" />
      <TestMethod codeBase="C:\Users\ericcarlson\Documents\GitHub\pickles\src\Pickles.TestFrameworks.UnitTests\bin\Debug\net6.0\PicklesDoc.Pickles.TestFrameworks.UnitTests.dll" adapterTypeName="executor://nunit3testexecutor/" className="PicklesDoc.Pickles.TestFrameworks.UnitTests.NUnit.NUnit2.WhenParsingNUnitResultsFile" name="ThenCanReadResultOfScenarioWithSpecialCharacters" />
    </UnitTest>
    <UnitTest name="ThenCanReadIndividualResultsFromScenarioOutline_MultipleNamedExamplesWithDuplicateValues_ShouldMatchExamples" storage="c:\users\ericcarlson\documents\github\pickles\src\pickles.testframeworks.unittests\bin\debug\net6.0\picklesdoc.pickles.testframeworks.unittests.dll" id="9a8b25bf-7a36-53ce-c4e8-c6d59d1e4d9b">
      <Execution id="8ae88070-07d8-466e-a9b6-1ca196c01ec4" />
      <TestMethod codeBase="C:\Users\ericcarlson\Documents\GitHub\pickles\src\Pickles.TestFrameworks.UnitTests\bin\Debug\net6.0\PicklesDoc.Pickles.TestFrameworks.UnitTests.dll" adapterTypeName="executor://nunit3testexecutor/" className="PicklesDoc.Pickles.TestFrameworks.UnitTests.XUnit.XUnit1.WhenParsingXUnitResultsFileWithIndividualResults" name="ThenCanReadIndividualResultsFromScenarioOutline_MultipleNamedExamplesWithDuplicateValues_ShouldMatchExamples" />
    </UnitTest>
    <UnitTest name="ThenCanSuccessfullyMatchSpecialCharacters" storage="c:\users\ericcarlson\documents\github\pickles\src\pickles.testframeworks.unittests\bin\debug\net6.0\picklesdoc.pickles.testframeworks.unittests.dll" id="2f77d4eb-b7a9-7cda-63c7-d0a9b8c15e31">
      <Execution id="22bf4605-9f42-4894-bfc8-18f27dc76316" />
      <TestMethod codeBase="C:\Users\ericcarlson\Documents\GitHub\pickles\src\Pickles.TestFrameworks.UnitTests\bin\Debug\net6.0\PicklesDoc.Pickles.TestFrameworks.UnitTests.dll" adapterTypeName="executor://nunit3testexecutor/" className="PicklesDoc.Pickles.TestFrameworks.UnitTests.NUnit.NUnit2.WhenDeterminingTheSignatureOfAnNUnitExampleRow" name="ThenCanSuccessfullyMatchSpecialCharacters" />
    </UnitTest>
    <UnitTest name="ThenCanReadInconclusiveFeatureResultSuccessfully" storage="c:\users\ericcarlson\documents\github\pickles\src\pickles.testframeworks.unittests\bin\debug\net6.0\picklesdoc.pickles.testframeworks.unittests.dll" id="ec063bfd-14dd-1deb-4fd4-311c75309607">
      <Execution id="f93a1be9-fb15-4461-9c2b-9a7de5fe51e5" />
      <TestMethod codeBase="C:\Users\ericcarlson\Documents\GitHub\pickles\src\Pickles.TestFrameworks.UnitTests\bin\Debug\net6.0\PicklesDoc.Pickles.TestFrameworks.UnitTests.dll" adapterTypeName="executor://nunit3testexecutor/" className="PicklesDoc.Pickles.TestFrameworks.UnitTests.MsTest.WhenParsingMsTestResultsFile" name="ThenCanReadInconclusiveFeatureResultSuccessfully" />
    </UnitTest>
    <UnitTest name="ThenCanReadIndividualResultsFromScenarioOutline_ExamplesWithDuplicateValues_ShouldMatchExamples" storage="c:\users\ericcarlson\documents\github\pickles\src\pickles.testframeworks.unittests\bin\debug\net6.0\picklesdoc.pickles.testframeworks.unittests.dll" id="de18a748-0d83-3063-60c5-28a7e3807695">
      <Execution id="d681b0e3-620d-493c-b2c8-3a86ec759da2" />
      <TestMethod codeBase="C:\Users\ericcarlson\Documents\GitHub\pickles\src\Pickles.TestFrameworks.UnitTests\bin\Debug\net6.0\PicklesDoc.Pickles.TestFrameworks.UnitTests.dll" adapterTypeName="executor://nunit3testexecutor/" className="PicklesDoc.Pickles.TestFrameworks.UnitTests.CucumberJson.WhenParsingCucumberJsonFromJSResultsFileWithIndividualResults" name="ThenCanReadIndividualResultsFromScenarioOutline_ExamplesWithDuplicateValues_ShouldMatchExamples" />
    </UnitTest>
    <UnitTest name="ThenCanReadIndividualResultsFromScenarioOutline_MultipleExampleSections_ShouldBeTestResultFailed" storage="c:\users\ericcarlson\documents\github\pickles\src\pickles.testframeworks.unittests\bin\debug\net6.0\picklesdoc.pickles.testframeworks.unittests.dll" id="aa75de74-31a0-219d-da36-2e429565c098">
      <Execution id="a74b10db-5653-4d54-846e-9cc3f511f1b0" />
      <TestMethod codeBase="C:\Users\ericcarlson\Documents\GitHub\pickles\src\Pickles.TestFrameworks.UnitTests\bin\Debug\net6.0\PicklesDoc.Pickles.TestFrameworks.UnitTests.dll" adapterTypeName="executor://nunit3testexecutor/" className="PicklesDoc.Pickles.TestFrameworks.UnitTests.CucumberJson.WhenParsingCucumberJsonFromJSResultsFileWithIndividualResults" name="ThenCanReadIndividualResultsFromScenarioOutline_MultipleExampleSections_ShouldBeTestResultFailed" />
    </UnitTest>
    <UnitTest name="ThenCanReadResultOfScenarioOutlineWithSpecialCharacters" storage="c:\users\ericcarlson\documents\github\pickles\src\pickles.testframeworks.unittests\bin\debug\net6.0\picklesdoc.pickles.testframeworks.unittests.dll" id="71c22708-dbaa-79ff-057b-e788d4505184">
      <Execution id="9dba789f-0199-4584-853b-a21cd2b89c36" />
      <TestMethod codeBase="C:\Users\ericcarlson\Documents\GitHub\pickles\src\Pickles.TestFrameworks.UnitTests\bin\Debug\net6.0\PicklesDoc.Pickles.TestFrameworks.UnitTests.dll" adapterTypeName="executor://nunit3testexecutor/" className="PicklesDoc.Pickles.TestFrameworks.UnitTests.XUnit.XUnit2.WhenParsingxUnit2ResultsFile" name="ThenCanReadResultOfScenarioOutlineWithSpecialCharacters" />
    </UnitTest>
    <UnitTest name="ThenCanReadFailedFeatureResultSuccessfully" storage="c:\users\ericcarlson\documents\github\pickles\src\pickles.testframeworks.unittests\bin\debug\net6.0\picklesdoc.pickles.testframeworks.unittests.dll" id="2d61dcee-0012-4326-757b-21eec977f81e">
      <Execution id="6a80a31b-fe9a-4a99-ac74-5c0b8dc5c750" />
      <TestMethod codeBase="C:\Users\ericcarlson\Documents\GitHub\pickles\src\Pickles.TestFrameworks.UnitTests\bin\Debug\net6.0\PicklesDoc.Pickles.TestFrameworks.UnitTests.dll" adapterTypeName="executor://nunit3testexecutor/" className="PicklesDoc.Pickles.TestFrameworks.UnitTests.VsTest.WhenParsingVsTestResultsFile" name="ThenCanReadFailedFeatureResultSuccessfully" />
    </UnitTest>
    <UnitTest name="ThenCanReadIgnoredScenarioResultSuccessfully" storage="c:\users\ericcarlson\documents\github\pickles\src\pickles.testframeworks.unittests\bin\debug\net6.0\picklesdoc.pickles.testframeworks.unittests.dll" id="471f48b3-66b4-1d2b-45d6-de2cd4b57983">
      <Execution id="1ed9661b-f173-40f5-9a0a-829a6f678646" />
      <TestMethod codeBase="C:\Users\ericcarlson\Documents\GitHub\pickles\src\Pickles.TestFrameworks.UnitTests\bin\Debug\net6.0\PicklesDoc.Pickles.TestFrameworks.UnitTests.dll" adapterTypeName="executor://nunit3testexecutor/" className="PicklesDoc.Pickles.TestFrameworks.UnitTests.CucumberJson.WhenParsingCucumberJsonFromRubyResultsFile" name="ThenCanReadIgnoredScenarioResultSuccessfully" />
    </UnitTest>
    <UnitTest name="ThenCanReadResultOfFeatureWithFailingBackground" storage="c:\users\ericcarlson\documents\github\pickles\src\pickles.testframeworks.unittests\bin\debug\net6.0\picklesdoc.pickles.testframeworks.unittests.dll" id="8e1e0562-0c98-e226-1bf8-4de563a5fa13">
      <Execution id="93a397c3-a3aa-45e1-8648-917aeda56905" />
      <TestMethod codeBase="C:\Users\ericcarlson\Documents\GitHub\pickles\src\Pickles.TestFrameworks.UnitTests\bin\Debug\net6.0\PicklesDoc.Pickles.TestFrameworks.UnitTests.dll" adapterTypeName="executor://nunit3testexecutor/" className="PicklesDoc.Pickles.TestFrameworks.UnitTests.XUnit.XUnit1.WhenParsingxUnitResultsFile" name="ThenCanReadResultOfFeatureWithFailingBackground" />
    </UnitTest>
    <UnitTest name="ThenCanReadNotFoundScenarioCorrectly" storage="c:\users\ericcarlson\documents\github\pickles\src\pickles.testframeworks.unittests\bin\debug\net6.0\picklesdoc.pickles.testframeworks.unittests.dll" id="75d8d6f7-e4a2-354d-194b-4c3a8e25de5b">
      <Execution id="c42a54f7-7bf8-4825-bc1d-7d13921cc15f" />
      <TestMethod codeBase="C:\Users\ericcarlson\Documents\GitHub\pickles\src\Pickles.TestFrameworks.UnitTests\bin\Debug\net6.0\PicklesDoc.Pickles.TestFrameworks.UnitTests.dll" adapterTypeName="executor://nunit3testexecutor/" className="PicklesDoc.Pickles.TestFrameworks.UnitTests.NUnit.NUnit3.WhenParsingNunit3ResultsFileForNunit2Tests" name="ThenCanReadNotFoundScenarioCorrectly" />
    </UnitTest>
    <UnitTest name="ThenCanReadIgnoredScenarioResultSuccessfully" storage="c:\users\ericcarlson\documents\github\pickles\src\pickles.testframeworks.unittests\bin\debug\net6.0\picklesdoc.pickles.testframeworks.unittests.dll" id="900d4084-ca2a-a561-f0ce-b663527c6003">
      <Execution id="e04c0201-e809-4f46-b32f-9087506e6c0e" />
      <TestMethod codeBase="C:\Users\ericcarlson\Documents\GitHub\pickles\src\Pickles.TestFrameworks.UnitTests\bin\Debug\net6.0\PicklesDoc.Pickles.TestFrameworks.UnitTests.dll" adapterTypeName="executor://nunit3testexecutor/" className="PicklesDoc.Pickles.TestFrameworks.UnitTests.XUnit.XUnit1.WhenParsingxUnitResultsFile" name="ThenCanReadIgnoredScenarioResultSuccessfully" />
    </UnitTest>
    <UnitTest name="ThenCanReadFailedScenarioResultSuccessfully" storage="c:\users\ericcarlson\documents\github\pickles\src\pickles.testframeworks.unittests\bin\debug\net6.0\picklesdoc.pickles.testframeworks.unittests.dll" id="47fb6ba8-e618-b876-538b-b25771c9cf5f">
      <Execution id="6d4b955a-7b39-4e9e-ac46-48000ea62443" />
      <TestMethod codeBase="C:\Users\ericcarlson\Documents\GitHub\pickles\src\Pickles.TestFrameworks.UnitTests\bin\Debug\net6.0\PicklesDoc.Pickles.TestFrameworks.UnitTests.dll" adapterTypeName="executor://nunit3testexecutor/" className="PicklesDoc.Pickles.TestFrameworks.UnitTests.VsTest.WhenParsingMultipleVsTestTestResultsFiles" name="ThenCanReadFailedScenarioResultSuccessfully" />
    </UnitTest>
    <UnitTest name="ThenCanReadExamplesWithLongExampleValues" storage="c:\users\ericcarlson\documents\github\pickles\src\pickles.testframeworks.unittests\bin\debug\net6.0\picklesdoc.pickles.testframeworks.unittests.dll" id="1d8da37b-0383-95ed-5f34-6e3377ad113e">
      <Execution id="55bfce66-25e7-4154-bfb0-b07252d447e8" />
      <TestMethod codeBase="C:\Users\ericcarlson\Documents\GitHub\pickles\src\Pickles.TestFrameworks.UnitTests\bin\Debug\net6.0\PicklesDoc.Pickles.TestFrameworks.UnitTests.dll" adapterTypeName="executor://nunit3testexecutor/" className="PicklesDoc.Pickles.TestFrameworks.UnitTests.CucumberJson.WhenParsingCucumberJsonFromRubyResultsFileWithIndividualResults" name="ThenCanReadExamplesWithLongExampleValues" />
    </UnitTest>
    <UnitTest name="ThenCanReadResultOfScenarioWithSpecialCharacters" storage="c:\users\ericcarlson\documents\github\pickles\src\pickles.testframeworks.unittests\bin\debug\net6.0\picklesdoc.pickles.testframeworks.unittests.dll" id="c830e46b-5a37-f382-9022-bd36e87a160f">
      <Execution id="aa12ea1b-eef2-47ad-9746-fd92f1d57efe" />
      <TestMethod codeBase="C:\Users\ericcarlson\Documents\GitHub\pickles\src\Pickles.TestFrameworks.UnitTests\bin\Debug\net6.0\PicklesDoc.Pickles.TestFrameworks.UnitTests.dll" adapterTypeName="executor://nunit3testexecutor/" className="PicklesDoc.Pickles.TestFrameworks.UnitTests.CucumberJson.WhenParsingCucumberJsonFromRubyResultsFile" name="ThenCanReadResultOfScenarioWithSpecialCharacters" />
    </UnitTest>
    <UnitTest name="ExecutionIdElement_NullArgument_ShouldReturnGuidEmpty" storage="c:\users\ericcarlson\documents\github\pickles\src\pickles.testframeworks.unittests\bin\debug\net6.0\picklesdoc.pickles.testframeworks.unittests.dll" id="8efb377e-4b03-38b4-bd1f-fee940d3e651">
      <Execution id="d222abba-5c0c-443a-8144-86ae09bffbe3" />
      <TestMethod codeBase="C:\Users\ericcarlson\Documents\GitHub\pickles\src\Pickles.TestFrameworks.UnitTests\bin\Debug\net6.0\PicklesDoc.Pickles.TestFrameworks.UnitTests.dll" adapterTypeName="executor://nunit3testexecutor/" className="PicklesDoc.Pickles.TestFrameworks.UnitTests.MsTest.MsTestElementExtensionsTests" name="ExecutionIdElement_NullArgument_ShouldReturnGuidEmpty" />
    </UnitTest>
    <UnitTest name="ThenCanReadFailedScenarioResultSuccessfully" storage="c:\users\ericcarlson\documents\github\pickles\src\pickles.testframeworks.unittests\bin\debug\net6.0\picklesdoc.pickles.testframeworks.unittests.dll" id="49f08ad4-e3ca-7af9-80e5-b685a0b47674">
      <Execution id="92248c1f-d735-4fa0-afeb-44e3b86283aa" />
      <TestMethod codeBase="C:\Users\ericcarlson\Documents\GitHub\pickles\src\Pickles.TestFrameworks.UnitTests\bin\Debug\net6.0\PicklesDoc.Pickles.TestFrameworks.UnitTests.dll" adapterTypeName="executor://nunit3testexecutor/" className="PicklesDoc.Pickles.TestFrameworks.UnitTests.XUnit.XUnit1.WhenParsingxUnitResultsFile" name="ThenCanReadFailedScenarioResultSuccessfully" />
    </UnitTest>
    <UnitTest name="ThenCanReadResultOfScenarioOutlineWithFailingBackground" storage="c:\users\ericcarlson\documents\github\pickles\src\pickles.testframeworks.unittests\bin\debug\net6.0\picklesdoc.pickles.testframeworks.unittests.dll" id="fd4a59cc-11a9-fb21-8351-7acacb7d6743">
      <Execution id="0060408d-0aa1-4473-87a6-83d2674b8c19" />
      <TestMethod codeBase="C:\Users\ericcarlson\Documents\GitHub\pickles\src\Pickles.TestFrameworks.UnitTests\bin\Debug\net6.0\PicklesDoc.Pickles.TestFrameworks.UnitTests.dll" adapterTypeName="executor://nunit3testexecutor/" className="PicklesDoc.Pickles.TestFrameworks.UnitTests.MsTest.WhenParsingMsTestResultsFile" name="ThenCanReadResultOfScenarioOutlineWithFailingBackground" />
    </UnitTest>
    <UnitTest name="ThenCanReadResultOfScenarioWithDanishCharacters" storage="c:\users\ericcarlson\documents\github\pickles\src\pickles.testframeworks.unittests\bin\debug\net6.0\picklesdoc.pickles.testframeworks.unittests.dll" id="bed3e0a6-5997-3869-73cc-50bad3fe5334">
      <Execution id="d7d2b707-0c65-418b-b97d-983e839b576a" />
      <TestMethod codeBase="C:\Users\ericcarlson\Documents\GitHub\pickles\src\Pickles.TestFrameworks.UnitTests\bin\Debug\net6.0\PicklesDoc.Pickles.TestFrameworks.UnitTests.dll" adapterTypeName="executor://nunit3testexecutor/" className="PicklesDoc.Pickles.TestFrameworks.UnitTests.SpecRun.WhenParsingSpecRunTestResultsFile" name="ThenCanReadResultOfScenarioWithDanishCharacters" />
    </UnitTest>
    <UnitTest name="ThenCanReadResultsWithParenthesis" storage="c:\users\ericcarlson\documents\github\pickles\src\pickles.testframeworks.unittests\bin\debug\net6.0\picklesdoc.pickles.testframeworks.unittests.dll" id="5dfc668d-d86b-26a4-226b-e2a6e77eef12">
      <Execution id="0d304d37-d53e-43b2-82b0-51cf5620fa68" />
      <TestMethod codeBase="C:\Users\ericcarlson\Documents\GitHub\pickles\src\Pickles.TestFrameworks.UnitTests\bin\Debug\net6.0\PicklesDoc.Pickles.TestFrameworks.UnitTests.dll" adapterTypeName="executor://nunit3testexecutor/" className="PicklesDoc.Pickles.TestFrameworks.UnitTests.VsTest.WhenParsingVsTestResultsFile" name="ThenCanReadResultsWithParenthesis" />
    </UnitTest>
    <UnitTest name="ThenCanReadIndividualResultsFromScenarioOutline_MultipleNamedExamplesWithDuplicateValues_ShouldMatchExamples" storage="c:\users\ericcarlson\documents\github\pickles\src\pickles.testframeworks.unittests\bin\debug\net6.0\picklesdoc.pickles.testframeworks.unittests.dll" id="39ac623f-fdf7-17f3-6ce0-9e1b4bfb7236">
      <Execution id="d657d21a-e1c0-4285-8478-adadfad06770" />
      <TestMethod codeBase="C:\Users\ericcarlson\Documents\GitHub\pickles\src\Pickles.TestFrameworks.UnitTests\bin\Debug\net6.0\PicklesDoc.Pickles.TestFrameworks.UnitTests.dll" adapterTypeName="executor://nunit3testexecutor/" className="PicklesDoc.Pickles.TestFrameworks.UnitTests.XUnit.XUnit2.WhenParsingXUnitResultsFileWithIndividualResults" name="ThenCanReadIndividualResultsFromScenarioOutline_MultipleNamedExamplesWithDuplicateValues_ShouldMatchExamples" />
    </UnitTest>
    <UnitTest name="ThenCanReadResultOfFeatureWithFailingBackground" storage="c:\users\ericcarlson\documents\github\pickles\src\pickles.testframeworks.unittests\bin\debug\net6.0\picklesdoc.pickles.testframeworks.unittests.dll" id="3f5c3338-429f-c1bb-e1a8-d8bab8ab3016">
      <Execution id="beb6719f-1511-49fc-91f6-a8b74155e6ee" />
      <TestMethod codeBase="C:\Users\ericcarlson\Documents\GitHub\pickles\src\Pickles.TestFrameworks.UnitTests\bin\Debug\net6.0\PicklesDoc.Pickles.TestFrameworks.UnitTests.dll" adapterTypeName="executor://nunit3testexecutor/" className="PicklesDoc.Pickles.TestFrameworks.UnitTests.NUnit.NUnit3.WhenParsingNunit3ResultsFileForNunit2Tests" name="ThenCanReadResultOfFeatureWithFailingBackground" />
    </UnitTest>
    <UnitTest name="ThenCanReadFailedFeatureResultSuccessfully" storage="c:\users\ericcarlson\documents\github\pickles\src\pickles.testframeworks.unittests\bin\debug\net6.0\picklesdoc.pickles.testframeworks.unittests.dll" id="179cc0df-2279-559c-aebb-9ee7ba5aaaf0">
      <Execution id="59215f85-69e0-44d2-95a0-e0373c74881e" />
      <TestMethod codeBase="C:\Users\ericcarlson\Documents\GitHub\pickles\src\Pickles.TestFrameworks.UnitTests\bin\Debug\net6.0\PicklesDoc.Pickles.TestFrameworks.UnitTests.dll" adapterTypeName="executor://nunit3testexecutor/" className="PicklesDoc.Pickles.TestFrameworks.UnitTests.CucumberJson.WhenParsingCucumberJsonFromJSResultsFile" name="ThenCanReadFailedFeatureResultSuccessfully" />
    </UnitTest>
    <UnitTest name="ThenCanReadResultOfScenarioOutlineWithAmpersand" storage="c:\users\ericcarlson\documents\github\pickles\src\pickles.testframeworks.unittests\bin\debug\net6.0\picklesdoc.pickles.testframeworks.unittests.dll" id="3912834e-3d92-476d-bcd0-c1ca3109cfb6">
      <Execution id="5895731d-bda2-4301-a574-2cdbb3fc9901" />
      <TestMethod codeBase="C:\Users\ericcarlson\Documents\GitHub\pickles\src\Pickles.TestFrameworks.UnitTests\bin\Debug\net6.0\PicklesDoc.Pickles.TestFrameworks.UnitTests.dll" adapterTypeName="executor://nunit3testexecutor/" className="PicklesDoc.Pickles.TestFrameworks.UnitTests.MsTest.WhenParsingMsTestResultsFile" name="ThenCanReadResultOfScenarioOutlineWithAmpersand" />
    </UnitTest>
    <UnitTest name="RegularExpressionAsExampleContentMatches_With_Angle_Brackets" storage="c:\users\ericcarlson\documents\github\pickles\src\pickles.testframeworks.unittests\bin\debug\net6.0\picklesdoc.pickles.testframeworks.unittests.dll" id="0b31d2fc-41d9-baed-8aab-114ee6aaff9e">
      <Execution id="1b37310c-bae4-490a-a5a6-40fca14482ee" />
      <TestMethod codeBase="C:\Users\ericcarlson\Documents\GitHub\pickles\src\Pickles.TestFrameworks.UnitTests\bin\Debug\net6.0\PicklesDoc.Pickles.TestFrameworks.UnitTests.dll" adapterTypeName="executor://nunit3testexecutor/" className="PicklesDoc.Pickles.TestFrameworks.UnitTests.XUnit.XUnit2.WhenDeterminingTheSignatureOfAnXUnit2ExampleRow" name="RegularExpressionAsExampleContentMatches_With_Angle_Brackets" />
    </UnitTest>
    <UnitTest name="ThenCanReadIndividualResultsFromScenarioOutline_MultipleExampleSections_ShouldBeTestResultFailed" storage="c:\users\ericcarlson\documents\github\pickles\src\pickles.testframeworks.unittests\bin\debug\net6.0\picklesdoc.pickles.testframeworks.unittests.dll" id="ecd5df6d-1685-a29f-808d-8af5b0a515ad">
      <Execution id="0ed569c2-34f9-4390-95c2-3f8ad71c62a8" />
      <TestMethod codeBase="C:\Users\ericcarlson\Documents\GitHub\pickles\src\Pickles.TestFrameworks.UnitTests\bin\Debug\net6.0\PicklesDoc.Pickles.TestFrameworks.UnitTests.dll" adapterTypeName="executor://nunit3testexecutor/" className="PicklesDoc.Pickles.TestFrameworks.UnitTests.NUnit.NUnit2.WhenParsingNUnitResultsFileWithIndividualResults" name="ThenCanReadIndividualResultsFromScenarioOutline_MultipleExampleSections_ShouldBeTestResultFailed" />
    </UnitTest>
    <UnitTest name="ThenCanReadResultOfScenarioOutlineWithSpecialCharacters" storage="c:\users\ericcarlson\documents\github\pickles\src\pickles.testframeworks.unittests\bin\debug\net6.0\picklesdoc.pickles.testframeworks.unittests.dll" id="180590d6-2062-6933-d951-813229d01ede">
      <Execution id="022d7c1e-5894-4553-83be-4aaa35a12dbf" />
      <TestMethod codeBase="C:\Users\ericcarlson\Documents\GitHub\pickles\src\Pickles.TestFrameworks.UnitTests\bin\Debug\net6.0\PicklesDoc.Pickles.TestFrameworks.UnitTests.dll" adapterTypeName="executor://nunit3testexecutor/" className="PicklesDoc.Pickles.TestFrameworks.UnitTests.XUnit.XUnit1.WhenParsingxUnitResultsFile" name="ThenCanReadResultOfScenarioOutlineWithSpecialCharacters" />
    </UnitTest>
    <UnitTest name="ThenCanReadResultOfScenarioWithSpecialCharacters" storage="c:\users\ericcarlson\documents\github\pickles\src\pickles.testframeworks.unittests\bin\debug\net6.0\picklesdoc.pickles.testframeworks.unittests.dll" id="84ecda38-a103-69a6-dbd6-ef8eb51c722d">
      <Execution id="395954bc-64f2-4a3b-8282-f4fe109b9376" />
      <TestMethod codeBase="C:\Users\ericcarlson\Documents\GitHub\pickles\src\Pickles.TestFrameworks.UnitTests\bin\Debug\net6.0\PicklesDoc.Pickles.TestFrameworks.UnitTests.dll" adapterTypeName="executor://nunit3testexecutor/" className="PicklesDoc.Pickles.TestFrameworks.UnitTests.CucumberJson.WhenParsingCucumberJsonFromJSResultsFile" name="ThenCanReadResultOfScenarioWithSpecialCharacters" />
    </UnitTest>
    <UnitTest name="ThenCanReadFeatureResultSuccessfully" storage="c:\users\ericcarlson\documents\github\pickles\src\pickles.testframeworks.unittests\bin\debug\net6.0\picklesdoc.pickles.testframeworks.unittests.dll" id="0fb4b634-81ad-43fa-a70e-b06cb2c289b2">
      <Execution id="248aaf7f-200b-47f6-a819-6c32d6bffc0b" />
      <TestMethod codeBase="C:\Users\ericcarlson\Documents\GitHub\pickles\src\Pickles.TestFrameworks.UnitTests\bin\Debug\net6.0\PicklesDoc.Pickles.TestFrameworks.UnitTests.dll" adapterTypeName="executor://nunit3testexecutor/" className="PicklesDoc.Pickles.TestFrameworks.UnitTests.XUnit.XUnit2.WhenParsingxUnit2ResultsFile" name="ThenCanReadFeatureResultSuccessfully" />
    </UnitTest>
    <UnitTest name="ThenCanSuccessfullyMatch" storage="c:\users\ericcarlson\documents\github\pickles\src\pickles.testframeworks.unittests\bin\debug\net6.0\picklesdoc.pickles.testframeworks.unittests.dll" id="5c950b01-6cc7-ac13-30ea-969ec9b73be8">
      <Execution id="91d4b5a3-d69f-4669-858b-547cd4f3c5ac" />
      <TestMethod codeBase="C:\Users\ericcarlson\Documents\GitHub\pickles\src\Pickles.TestFrameworks.UnitTests\bin\Debug\net6.0\PicklesDoc.Pickles.TestFrameworks.UnitTests.dll" adapterTypeName="executor://nunit3testexecutor/" className="PicklesDoc.Pickles.TestFrameworks.UnitTests.NUnit.NUnit2.WhenDeterminingTheSignatureOfAnNUnitExampleRow" name="ThenCanSuccessfullyMatch" />
    </UnitTest>
    <UnitTest name="ThenCanResolveAsSingleton(&quot;results-example-json.json&quot;,&quot;CucumberJson.results-example-json.json&quot;,CucumberJson,PicklesDoc.Pickles.TestFrameworks.CucumberJson.CucumberJsonResults)" storage="c:\users\ericcarlson\documents\github\pickles\src\pickles.testframeworks.unittests\bin\debug\net6.0\picklesdoc.pickles.testframeworks.unittests.dll" id="b35efadf-d298-a3ae-5e0d-2f5be75318ec">
      <Execution id="c179e90c-ca62-48d6-9964-2f890209ff1b" />
      <TestMethod codeBase="C:\Users\ericcarlson\Documents\GitHub\pickles\src\Pickles.TestFrameworks.UnitTests\bin\Debug\net6.0\PicklesDoc.Pickles.TestFrameworks.UnitTests.dll" adapterTypeName="executor://nunit3testexecutor/" className="PicklesDoc.Pickles.TestFrameworks.UnitTests.WhenResolvingTestResults" name="ThenCanResolveAsSingleton(&quot;results-example-json.json&quot;,&quot;CucumberJson.results-example-json.json&quot;,CucumberJson,PicklesDoc.Pickles.TestFrameworks.CucumberJson.CucumberJsonResults)" />
    </UnitTest>
    <UnitTest name="ThenCanReadFailedFeatureResultSuccessfully" storage="c:\users\ericcarlson\documents\github\pickles\src\pickles.testframeworks.unittests\bin\debug\net6.0\picklesdoc.pickles.testframeworks.unittests.dll" id="443d82e7-b131-4eab-c0c2-77bcf8c78c0e">
      <Execution id="8e26b049-bf10-4f67-af52-f026f625b92e" />
      <TestMethod codeBase="C:\Users\ericcarlson\Documents\GitHub\pickles\src\Pickles.TestFrameworks.UnitTests\bin\Debug\net6.0\PicklesDoc.Pickles.TestFrameworks.UnitTests.dll" adapterTypeName="executor://nunit3testexecutor/" className="PicklesDoc.Pickles.TestFrameworks.UnitTests.CucumberJson.WhenParsingCucumberJsonFromRubyResultsFile" name="ThenCanReadFailedFeatureResultSuccessfully" />
    </UnitTest>
    <UnitTest name="ThenCanReadResultOfScenarioOutlineWithUmlauts" storage="c:\users\ericcarlson\documents\github\pickles\src\pickles.testframeworks.unittests\bin\debug\net6.0\picklesdoc.pickles.testframeworks.unittests.dll" id="1f0e270c-d2e3-6abe-d46c-198f7828d432">
      <Execution id="7c5b865e-917b-403d-8e2e-bcf797ae7d17" />
      <TestMethod codeBase="C:\Users\ericcarlson\Documents\GitHub\pickles\src\Pickles.TestFrameworks.UnitTests\bin\Debug\net6.0\PicklesDoc.Pickles.TestFrameworks.UnitTests.dll" adapterTypeName="executor://nunit3testexecutor/" className="PicklesDoc.Pickles.TestFrameworks.UnitTests.NUnit.NUnit2.WhenParsingNUnitResultsFile" name="ThenCanReadResultOfScenarioOutlineWithUmlauts" />
    </UnitTest>
    <UnitTest name="ThenCanReadResultOfScenarioOutlineWithSpecialCharacters" storage="c:\users\ericcarlson\documents\github\pickles\src\pickles.testframeworks.unittests\bin\debug\net6.0\picklesdoc.pickles.testframeworks.unittests.dll" id="b931d369-9310-8747-a788-ef7d7112806a">
      <Execution id="55869443-9852-44e7-b39f-3e3e72d629b4" />
      <TestMethod codeBase="C:\Users\ericcarlson\Documents\GitHub\pickles\src\Pickles.TestFrameworks.UnitTests\bin\Debug\net6.0\PicklesDoc.Pickles.TestFrameworks.UnitTests.dll" adapterTypeName="executor://nunit3testexecutor/" className="PicklesDoc.Pickles.TestFrameworks.UnitTests.VsTest.WhenParsingVsTestResultsFile" name="ThenCanReadResultOfScenarioOutlineWithSpecialCharacters" />
    </UnitTest>
    <UnitTest name="ThenCanReadNotFoundScenarioCorrectly" storage="c:\users\ericcarlson\documents\github\pickles\src\pickles.testframeworks.unittests\bin\debug\net6.0\picklesdoc.pickles.testframeworks.unittests.dll" id="8073691c-21a5-9107-fb79-56e4b2e81fb1">
      <Execution id="ca378654-35a0-48ef-8012-c3c6130ff425" />
      <TestMethod codeBase="C:\Users\ericcarlson\Documents\GitHub\pickles\src\Pickles.TestFrameworks.UnitTests\bin\Debug\net6.0\PicklesDoc.Pickles.TestFrameworks.UnitTests.dll" adapterTypeName="executor://nunit3testexecutor/" className="PicklesDoc.Pickles.TestFrameworks.UnitTests.VsTest.WhenParsingVsTestResultsFile" name="ThenCanReadNotFoundScenarioCorrectly" />
    </UnitTest>
    <UnitTest name="ThenCanReadNotFoundScenarioCorrectly" storage="c:\users\ericcarlson\documents\github\pickles\src\pickles.testframeworks.unittests\bin\debug\net6.0\picklesdoc.pickles.testframeworks.unittests.dll" id="086f68bd-b3fd-894f-d1fe-0dbb71a51984">
      <Execution id="0d5d98d7-6081-412b-b5fb-9fe9efd39e7d" />
      <TestMethod codeBase="C:\Users\ericcarlson\Documents\GitHub\pickles\src\Pickles.TestFrameworks.UnitTests\bin\Debug\net6.0\PicklesDoc.Pickles.TestFrameworks.UnitTests.dll" adapterTypeName="executor://nunit3testexecutor/" className="PicklesDoc.Pickles.TestFrameworks.UnitTests.XUnit.XUnit1.WhenParsingxUnitResultsFile" name="ThenCanReadNotFoundScenarioCorrectly" />
    </UnitTest>
    <UnitTest name="ThenCanReadScenarioOutlineResultSuccessfully" storage="c:\users\ericcarlson\documents\github\pickles\src\pickles.testframeworks.unittests\bin\debug\net6.0\picklesdoc.pickles.testframeworks.unittests.dll" id="a77eef62-81f7-6544-83f9-95298ec32c95">
      <Execution id="0abdab77-dd6c-4f9d-9f92-aa4801bbbbfd" />
      <TestMethod codeBase="C:\Users\ericcarlson\Documents\GitHub\pickles\src\Pickles.TestFrameworks.UnitTests\bin\Debug\net6.0\PicklesDoc.Pickles.TestFrameworks.UnitTests.dll" adapterTypeName="executor://nunit3testexecutor/" className="PicklesDoc.Pickles.TestFrameworks.UnitTests.MsTest.WhenParsingMsTestResultsFile" name="ThenCanReadScenarioOutlineResultSuccessfully" />
    </UnitTest>
    <UnitTest name="ThenCanReadResultOfScenarioOutlineWithFailingBackground" storage="c:\users\ericcarlson\documents\github\pickles\src\pickles.testframeworks.unittests\bin\debug\net6.0\picklesdoc.pickles.testframeworks.unittests.dll" id="5b940e7e-5602-6e2d-9bb4-ea58b2e075ab">
      <Execution id="a3387723-f187-46ee-bd2c-e1705427be93" />
      <TestMethod codeBase="C:\Users\ericcarlson\Documents\GitHub\pickles\src\Pickles.TestFrameworks.UnitTests\bin\Debug\net6.0\PicklesDoc.Pickles.TestFrameworks.UnitTests.dll" adapterTypeName="executor://nunit3testexecutor/" className="PicklesDoc.Pickles.TestFrameworks.UnitTests.VsTest.WhenParsingVsTestResultsFile" name="ThenCanReadResultOfScenarioOutlineWithFailingBackground" />
    </UnitTest>
    <UnitTest name="ThenCanReadIndividualResultsFromScenarioOutline_MultipleNamedExamples_ShouldMatchExamples" storage="c:\users\ericcarlson\documents\github\pickles\src\pickles.testframeworks.unittests\bin\debug\net6.0\picklesdoc.pickles.testframeworks.unittests.dll" id="286050a7-100a-f742-a554-97960a8416b4">
      <Execution id="e51e3fa1-973c-40a1-ac38-974c2c091fde" />
      <TestMethod codeBase="C:\Users\ericcarlson\Documents\GitHub\pickles\src\Pickles.TestFrameworks.UnitTests\bin\Debug\net6.0\PicklesDoc.Pickles.TestFrameworks.UnitTests.dll" adapterTypeName="executor://nunit3testexecutor/" className="PicklesDoc.Pickles.TestFrameworks.UnitTests.MsTest.WhenParsingMsTestResultsFileWithIndividualResults" name="ThenCanReadIndividualResultsFromScenarioOutline_MultipleNamedExamples_ShouldMatchExamples" />
    </UnitTest>
    <UnitTest name="ThenCanReadFeatureResultWithoutThrowingException" storage="c:\users\ericcarlson\documents\github\pickles\src\pickles.testframeworks.unittests\bin\debug\net6.0\picklesdoc.pickles.testframeworks.unittests.dll" id="174b6e17-833b-348f-bc26-a67a058e5e9c">
      <Execution id="b73d4b5f-94ca-427d-a0fa-1d8c5a4d1257" />
      <TestMethod codeBase="C:\Users\ericcarlson\Documents\GitHub\pickles\src\Pickles.TestFrameworks.UnitTests\bin\Debug\net6.0\PicklesDoc.Pickles.TestFrameworks.UnitTests.dll" adapterTypeName="executor://nunit3testexecutor/" className="PicklesDoc.Pickles.TestFrameworks.UnitTests.XUnit.XUnit1.WhenParsingxUnit1ResultsFileWithMissingTraits" name="ThenCanReadFeatureResultWithoutThrowingException" />
    </UnitTest>
    <UnitTest name="ThenCanReadScenarioResultSuccessfully" storage="c:\users\ericcarlson\documents\github\pickles\src\pickles.testframeworks.unittests\bin\debug\net6.0\picklesdoc.pickles.testframeworks.unittests.dll" id="864c1316-42be-ac84-4487-0c84ff96ddee">
      <Execution id="573ca923-88ae-44b1-ab24-478dabaca324" />
      <TestMethod codeBase="C:\Users\ericcarlson\Documents\GitHub\pickles\src\Pickles.TestFrameworks.UnitTests\bin\Debug\net6.0\PicklesDoc.Pickles.TestFrameworks.UnitTests.dll" adapterTypeName="executor://nunit3testexecutor/" className="PicklesDoc.Pickles.TestFrameworks.UnitTests.NUnit.NUnit2.WhenParsingMultipleNUnitResultsFilesForASingleFeature" name="ThenCanReadScenarioResultSuccessfully" />
    </UnitTest>
    <UnitTest name="ThenCanReadIndividualResultsFromScenarioOutline_MultipleNamedExamples_ShouldMatchExamples" storage="c:\users\ericcarlson\documents\github\pickles\src\pickles.testframeworks.unittests\bin\debug\net6.0\picklesdoc.pickles.testframeworks.unittests.dll" id="06d185b1-8e0c-2b9c-5317-e602212f73e4">
      <Execution id="eb0d57c0-2cf5-4465-8690-c95403bc837d" />
      <TestMethod codeBase="C:\Users\ericcarlson\Documents\GitHub\pickles\src\Pickles.TestFrameworks.UnitTests\bin\Debug\net6.0\PicklesDoc.Pickles.TestFrameworks.UnitTests.dll" adapterTypeName="executor://nunit3testexecutor/" className="PicklesDoc.Pickles.TestFrameworks.UnitTests.NUnit.NUnit3.WhenParsingNUnitResultsFileWithIndividualResults" name="ThenCanReadIndividualResultsFromScenarioOutline_MultipleNamedExamples_ShouldMatchExamples" />
    </UnitTest>
    <UnitTest name="ThenCanReadFailedScenarioResultSuccessfully" storage="c:\users\ericcarlson\documents\github\pickles\src\pickles.testframeworks.unittests\bin\debug\net6.0\picklesdoc.pickles.testframeworks.unittests.dll" id="656ebfc5-79d6-d4de-e713-26261e054dac">
      <Execution id="46a646c0-9751-46e8-a5e3-a6305d845f34" />
      <TestMethod codeBase="C:\Users\ericcarlson\Documents\GitHub\pickles\src\Pickles.TestFrameworks.UnitTests\bin\Debug\net6.0\PicklesDoc.Pickles.TestFrameworks.UnitTests.dll" adapterTypeName="executor://nunit3testexecutor/" className="PicklesDoc.Pickles.TestFrameworks.UnitTests.CucumberJson.WhenParsingCucumberJsonFromJSResultsFile" name="ThenCanReadFailedScenarioResultSuccessfully" />
    </UnitTest>
    <UnitTest name="ThenCanReadPassedScenarioResultSuccessfully" storage="c:\users\ericcarlson\documents\github\pickles\src\pickles.testframeworks.unittests\bin\debug\net6.0\picklesdoc.pickles.testframeworks.unittests.dll" id="0c92b541-a11c-af2d-cc00-baa08658eac8">
      <Execution id="4f864600-266a-46d1-a11e-d5b941c62b2a" />
      <TestMethod codeBase="C:\Users\ericcarlson\Documents\GitHub\pickles\src\Pickles.TestFrameworks.UnitTests\bin\Debug\net6.0\PicklesDoc.Pickles.TestFrameworks.UnitTests.dll" adapterTypeName="executor://nunit3testexecutor/" className="PicklesDoc.Pickles.TestFrameworks.UnitTests.VsTest.WhenParsingMultipleVsTestTestResultsFiles" name="ThenCanReadPassedScenarioResultSuccessfully" />
    </UnitTest>
    <UnitTest name="GetScenarioResult_OnePassingOneInconclusive_ReturnsPassed" storage="c:\users\ericcarlson\documents\github\pickles\src\pickles.testframeworks.unittests\bin\debug\net6.0\picklesdoc.pickles.testframeworks.unittests.dll" id="43af3814-604d-ceff-d278-6fdeab109940">
      <Execution id="62e88058-e00e-43a8-9410-817e737d110f" />
      <TestMethod codeBase="C:\Users\ericcarlson\Documents\GitHub\pickles\src\Pickles.TestFrameworks.UnitTests\bin\Debug\net6.0\PicklesDoc.Pickles.TestFrameworks.UnitTests.dll" adapterTypeName="executor://nunit3testexecutor/" className="PicklesDoc.Pickles.TestFrameworks.UnitTests.SpecRun.WhenParsingMultipleTestResultsTests" name="GetScenarioResult_OnePassingOneInconclusive_ReturnsPassed" />
    </UnitTest>
    <UnitTest name="ThenCanReadInconclusiveScenarioResultSuccessfully" storage="c:\users\ericcarlson\documents\github\pickles\src\pickles.testframeworks.unittests\bin\debug\net6.0\picklesdoc.pickles.testframeworks.unittests.dll" id="03cd529c-594e-f5f4-394a-38e5c1ffbbd4">
      <Execution id="faa3e13c-409a-4ae3-a495-bfc2a5e7c3e1" />
      <TestMethod codeBase="C:\Users\ericcarlson\Documents\GitHub\pickles\src\Pickles.TestFrameworks.UnitTests\bin\Debug\net6.0\PicklesDoc.Pickles.TestFrameworks.UnitTests.dll" adapterTypeName="executor://nunit3testexecutor/" className="PicklesDoc.Pickles.TestFrameworks.UnitTests.CucumberJson.WhenParsingCucumberJsonFromRubyResultsFile" name="ThenCanReadInconclusiveScenarioResultSuccessfully" />
    </UnitTest>
    <UnitTest name="ThenCanReadScenarioOutlineResultSuccessfully" storage="c:\users\ericcarlson\documents\github\pickles\src\pickles.testframeworks.unittests\bin\debug\net6.0\picklesdoc.pickles.testframeworks.unittests.dll" id="4af94715-f0ba-c849-32a4-dbc86e4a475a">
      <Execution id="e57a624a-de25-48ec-a83a-85331dc1e3df" />
      <TestMethod codeBase="C:\Users\ericcarlson\Documents\GitHub\pickles\src\Pickles.TestFrameworks.UnitTests\bin\Debug\net6.0\PicklesDoc.Pickles.TestFrameworks.UnitTests.dll" adapterTypeName="executor://nunit3testexecutor/" className="PicklesDoc.Pickles.TestFrameworks.UnitTests.CucumberJson.WhenParsingCucumberJsonFromJSResultsFile" name="ThenCanReadScenarioOutlineResultSuccessfully" />
    </UnitTest>
    <UnitTest name="ThenCanReadResultsWithBackslashes" storage="c:\users\ericcarlson\documents\github\pickles\src\pickles.testframeworks.unittests\bin\debug\net6.0\picklesdoc.pickles.testframeworks.unittests.dll" id="ecd9a953-91a9-d4a0-56ca-0eb0a06434eb">
      <Execution id="434d2dd7-98c4-4d96-81a4-cb7c10eb1b24" />
      <TestMethod codeBase="C:\Users\ericcarlson\Documents\GitHub\pickles\src\Pickles.TestFrameworks.UnitTests\bin\Debug\net6.0\PicklesDoc.Pickles.TestFrameworks.UnitTests.dll" adapterTypeName="executor://nunit3testexecutor/" className="PicklesDoc.Pickles.TestFrameworks.UnitTests.NUnit.NUnit3.WhenParsingNunit3ResultsFile" name="ThenCanReadResultsWithBackslashes" />
    </UnitTest>
    <UnitTest name="ThenCanReadFailedFeatureResultSuccessfully" storage="c:\users\ericcarlson\documents\github\pickles\src\pickles.testframeworks.unittests\bin\debug\net6.0\picklesdoc.pickles.testframeworks.unittests.dll" id="66835627-edbb-e359-6b21-3e0100bfad91">
      <Execution id="823b5ee7-049e-4dd1-8b6d-6c453055dd75" />
      <TestMethod codeBase="C:\Users\ericcarlson\Documents\GitHub\pickles\src\Pickles.TestFrameworks.UnitTests\bin\Debug\net6.0\PicklesDoc.Pickles.TestFrameworks.UnitTests.dll" adapterTypeName="executor://nunit3testexecutor/" className="PicklesDoc.Pickles.TestFrameworks.UnitTests.SpecRun.WhenParsingSpecRunTestResultsFile" name="ThenCanReadFailedFeatureResultSuccessfully" />
    </UnitTest>
    <UnitTest name="ThenCanReadFeatureResultWithoutThrowingException" storage="c:\users\ericcarlson\documents\github\pickles\src\pickles.testframeworks.unittests\bin\debug\net6.0\picklesdoc.pickles.testframeworks.unittests.dll" id="5e1aca6a-d9b7-23f6-c415-c9c2a91cd790">
      <Execution id="eeb0a38a-a0f2-4b73-84bc-c375cd0ffcc1" />
      <TestMethod codeBase="C:\Users\ericcarlson\Documents\GitHub\pickles\src\Pickles.TestFrameworks.UnitTests\bin\Debug\net6.0\PicklesDoc.Pickles.TestFrameworks.UnitTests.dll" adapterTypeName="executor://nunit3testexecutor/" className="PicklesDoc.Pickles.TestFrameworks.UnitTests.XUnit.XUnit2.WhenParsingxUnit2ResultsFileWithMissingTraits" name="ThenCanReadFeatureResultWithoutThrowingException" />
    </UnitTest>
    <UnitTest name="ThenCanSuccessfullyMatch" storage="c:\users\ericcarlson\documents\github\pickles\src\pickles.testframeworks.unittests\bin\debug\net6.0\picklesdoc.pickles.testframeworks.unittests.dll" id="a1781e25-4782-9e03-dffd-5a8b1b4e811d">
      <Execution id="7249dabf-5bc6-4aad-be46-d98d7d9a5191" />
      <TestMethod codeBase="C:\Users\ericcarlson\Documents\GitHub\pickles\src\Pickles.TestFrameworks.UnitTests\bin\Debug\net6.0\PicklesDoc.Pickles.TestFrameworks.UnitTests.dll" adapterTypeName="executor://nunit3testexecutor/" className="PicklesDoc.Pickles.TestFrameworks.UnitTests.NUnit.NUnit3.WhenDeterminingTheSignatureOfAnNunit3ExampleRow" name="ThenCanSuccessfullyMatch" />
    </UnitTest>
    <UnitTest name="ThenCanReadSuccessfulScenarioResultSuccessfully" storage="c:\users\ericcarlson\documents\github\pickles\src\pickles.testframeworks.unittests\bin\debug\net6.0\picklesdoc.pickles.testframeworks.unittests.dll" id="ac0a91f2-dd7a-5fc1-8193-eac940cd0656">
      <Execution id="8d519ad2-eae1-41fc-a80f-923ed239aa55" />
      <TestMethod codeBase="C:\Users\ericcarlson\Documents\GitHub\pickles\src\Pickles.TestFrameworks.UnitTests\bin\Debug\net6.0\PicklesDoc.Pickles.TestFrameworks.UnitTests.dll" adapterTypeName="executor://nunit3testexecutor/" className="PicklesDoc.Pickles.TestFrameworks.UnitTests.NUnit.NUnit2.WhenParsingNUnitResultsFile" name="ThenCanReadSuccessfulScenarioResultSuccessfully" />
    </UnitTest>
    <UnitTest name="ThenCanReadIndividualResultsFromScenarioOutline_MultipleExampleSections_ShouldBeTestResultFailed" storage="c:\users\ericcarlson\documents\github\pickles\src\pickles.testframeworks.unittests\bin\debug\net6.0\picklesdoc.pickles.testframeworks.unittests.dll" id="4127f69b-e124-236a-5b11-95ef3fc8f483">
      <Execution id="4448e93a-c4c9-45b4-b6b5-67f45d0586f1" />
      <TestMethod codeBase="C:\Users\ericcarlson\Documents\GitHub\pickles\src\Pickles.TestFrameworks.UnitTests\bin\Debug\net6.0\PicklesDoc.Pickles.TestFrameworks.UnitTests.dll" adapterTypeName="executor://nunit3testexecutor/" className="PicklesDoc.Pickles.TestFrameworks.UnitTests.VsTest.WhenParsingVsTestResultsFileWithIndividualResults" name="ThenCanReadIndividualResultsFromScenarioOutline_MultipleExampleSections_ShouldBeTestResultFailed" />
    </UnitTest>
    <UnitTest name="ThenCanReadResultsWithBackslashes" storage="c:\users\ericcarlson\documents\github\pickles\src\pickles.testframeworks.unittests\bin\debug\net6.0\picklesdoc.pickles.testframeworks.unittests.dll" id="6b71b8f6-958a-0474-734c-5037b2d776ec">
      <Execution id="df170cdd-3278-4a3e-8800-d0281368f8ad" />
      <TestMethod codeBase="C:\Users\ericcarlson\Documents\GitHub\pickles\src\Pickles.TestFrameworks.UnitTests\bin\Debug\net6.0\PicklesDoc.Pickles.TestFrameworks.UnitTests.dll" adapterTypeName="executor://nunit3testexecutor/" className="PicklesDoc.Pickles.TestFrameworks.UnitTests.CucumberJson.WhenParsingCucumberJsonFromRubyResultsFile" name="ThenCanReadResultsWithBackslashes" />
    </UnitTest>
    <UnitTest name="ThenMatchWillBeFoundEvenIfACarriageReturnWasFoundInValueField" storage="c:\users\ericcarlson\documents\github\pickles\src\pickles.testframeworks.unittests\bin\debug\net6.0\picklesdoc.pickles.testframeworks.unittests.dll" id="4f051dee-273d-fcff-0b9b-bfaf6bbfa98d">
      <Execution id="f97cebb4-a6d2-4646-9ff3-ad85cc7fd23d" />
      <TestMethod codeBase="C:\Users\ericcarlson\Documents\GitHub\pickles\src\Pickles.TestFrameworks.UnitTests\bin\Debug\net6.0\PicklesDoc.Pickles.TestFrameworks.UnitTests.dll" adapterTypeName="executor://nunit3testexecutor/" className="PicklesDoc.Pickles.TestFrameworks.UnitTests.MsTest.WhenParsingMsTestResultsFileWithEmptyExampleValues" name="ThenMatchWillBeFoundEvenIfACarriageReturnWasFoundInValueField" />
    </UnitTest>
    <UnitTest name="ThenCanReadFailedScenarioResultSuccessfully" storage="c:\users\ericcarlson\documents\github\pickles\src\pickles.testframeworks.unittests\bin\debug\net6.0\picklesdoc.pickles.testframeworks.unittests.dll" id="6f8b015e-fbb6-5aab-26fd-c4459351481b">
      <Execution id="8c860771-7388-4bb2-bcff-4f33ff41656c" />
      <TestMethod codeBase="C:\Users\ericcarlson\Documents\GitHub\pickles\src\Pickles.TestFrameworks.UnitTests\bin\Debug\net6.0\PicklesDoc.Pickles.TestFrameworks.UnitTests.dll" adapterTypeName="executor://nunit3testexecutor/" className="PicklesDoc.Pickles.TestFrameworks.UnitTests.MsTest.WhenParsingMsTestResultsFile" name="ThenCanReadFailedScenarioResultSuccessfully" />
    </UnitTest>
    <UnitTest name="ThenCanReadResultOfScenarioOutlineExampleWithFailingBackground" storage="c:\users\ericcarlson\documents\github\pickles\src\pickles.testframeworks.unittests\bin\debug\net6.0\picklesdoc.pickles.testframeworks.unittests.dll" id="3aa1d18f-f8de-dbde-ff88-7a89e4d8499f">
      <Execution id="6827ef3a-22cc-47b2-b248-844863646943" />
      <TestMethod codeBase="C:\Users\ericcarlson\Documents\GitHub\pickles\src\Pickles.TestFrameworks.UnitTests\bin\Debug\net6.0\PicklesDoc.Pickles.TestFrameworks.UnitTests.dll" adapterTypeName="executor://nunit3testexecutor/" className="PicklesDoc.Pickles.TestFrameworks.UnitTests.XUnit.XUnit2.WhenParsingxUnit2ResultsFile" name="ThenCanReadResultOfScenarioOutlineExampleWithFailingBackground" />
    </UnitTest>
    <UnitTest name="ThenCanReadExamplesWithRegexValuesFromScenarioOutline_ShouldBeTestResultPassed" storage="c:\users\ericcarlson\documents\github\pickles\src\pickles.testframeworks.unittests\bin\debug\net6.0\picklesdoc.pickles.testframeworks.unittests.dll" id="aff9e195-4e54-a676-8f24-47ec072e3f76">
      <Execution id="c9de61c4-0922-4f60-bdf7-b4e2c0c64091" />
      <TestMethod codeBase="C:\Users\ericcarlson\Documents\GitHub\pickles\src\Pickles.TestFrameworks.UnitTests\bin\Debug\net6.0\PicklesDoc.Pickles.TestFrameworks.UnitTests.dll" adapterTypeName="executor://nunit3testexecutor/" className="PicklesDoc.Pickles.TestFrameworks.UnitTests.MsTest.WhenParsingMsTestResultsFileWithIndividualResults" name="ThenCanReadExamplesWithRegexValuesFromScenarioOutline_ShouldBeTestResultPassed" />
    </UnitTest>
    <UnitTest name="ThenCanReadExamplesWithRegexValuesFromScenarioOutline_ShouldBeTestResultPassed" storage="c:\users\ericcarlson\documents\github\pickles\src\pickles.testframeworks.unittests\bin\debug\net6.0\picklesdoc.pickles.testframeworks.unittests.dll" id="33f1da4b-412f-f4c7-12b2-2ccec879b8cc">
      <Execution id="e1ce9754-7966-4c85-be03-7d075265f1f7" />
      <TestMethod codeBase="C:\Users\ericcarlson\Documents\GitHub\pickles\src\Pickles.TestFrameworks.UnitTests\bin\Debug\net6.0\PicklesDoc.Pickles.TestFrameworks.UnitTests.dll" adapterTypeName="executor://nunit3testexecutor/" className="PicklesDoc.Pickles.TestFrameworks.UnitTests.VsTest.WhenParsingVsTestResultsFileWithIndividualResults" name="ThenCanReadExamplesWithRegexValuesFromScenarioOutline_ShouldBeTestResultPassed" />
    </UnitTest>
    <UnitTest name="ThenCanReadIndividualResultsFromScenarioOutline_ExamplesWithDuplicateValues_ShouldMatchExamples" storage="c:\users\ericcarlson\documents\github\pickles\src\pickles.testframeworks.unittests\bin\debug\net6.0\picklesdoc.pickles.testframeworks.unittests.dll" id="bdb55858-84b2-f69a-3f3e-7530e9bd9a2f">
      <Execution id="933991a8-4088-44d1-8c71-80feebdaa7ef" />
      <TestMethod codeBase="C:\Users\ericcarlson\Documents\GitHub\pickles\src\Pickles.TestFrameworks.UnitTests\bin\Debug\net6.0\PicklesDoc.Pickles.TestFrameworks.UnitTests.dll" adapterTypeName="executor://nunit3testexecutor/" className="PicklesDoc.Pickles.TestFrameworks.UnitTests.VsTest.WhenParsingVsTestResultsFileWithIndividualResults" name="ThenCanReadIndividualResultsFromScenarioOutline_ExamplesWithDuplicateValues_ShouldMatchExamples" />
    </UnitTest>
    <UnitTest name="ThenCanReadResultOfFeatureWithFailingBackground" storage="c:\users\ericcarlson\documents\github\pickles\src\pickles.testframeworks.unittests\bin\debug\net6.0\picklesdoc.pickles.testframeworks.unittests.dll" id="6ee23e15-5212-e5e6-0d67-3661442b479b">
      <Execution id="88fd88df-673a-4885-9887-fe12aeea7369" />
      <TestMethod codeBase="C:\Users\ericcarlson\Documents\GitHub\pickles\src\Pickles.TestFrameworks.UnitTests\bin\Debug\net6.0\PicklesDoc.Pickles.TestFrameworks.UnitTests.dll" adapterTypeName="executor://nunit3testexecutor/" className="PicklesDoc.Pickles.TestFrameworks.UnitTests.NUnit.NUnit3.WhenParsingNunit3ResultsFile" name="ThenCanReadResultOfFeatureWithFailingBackground" />
    </UnitTest>
    <UnitTest name="ThenCanReadScenarioOutlineResultSuccessfully" storage="c:\users\ericcarlson\documents\github\pickles\src\pickles.testframeworks.unittests\bin\debug\net6.0\picklesdoc.pickles.testframeworks.unittests.dll" id="fde1c954-98a7-7238-71c0-b624bf2faef3">
      <Execution id="d3499ad1-fa36-4178-b372-348440ab9f9f" />
      <TestMethod codeBase="C:\Users\ericcarlson\Documents\GitHub\pickles\src\Pickles.TestFrameworks.UnitTests\bin\Debug\net6.0\PicklesDoc.Pickles.TestFrameworks.UnitTests.dll" adapterTypeName="executor://nunit3testexecutor/" className="PicklesDoc.Pickles.TestFrameworks.UnitTests.XUnit.XUnit2.WhenParsingxUnit2ResultsFile" name="ThenCanReadScenarioOutlineResultSuccessfully" />
    </UnitTest>
    <UnitTest name="ThenCanReadNotFoundScenarioCorrectly" storage="c:\users\ericcarlson\documents\github\pickles\src\pickles.testframeworks.unittests\bin\debug\net6.0\picklesdoc.pickles.testframeworks.unittests.dll" id="86c41238-e1bd-d4dd-850b-3f251771aebe">
      <Execution id="f6707a40-53ee-494b-b086-696d513be9f3" />
      <TestMethod codeBase="C:\Users\ericcarlson\Documents\GitHub\pickles\src\Pickles.TestFrameworks.UnitTests\bin\Debug\net6.0\PicklesDoc.Pickles.TestFrameworks.UnitTests.dll" adapterTypeName="executor://nunit3testexecutor/" className="PicklesDoc.Pickles.TestFrameworks.UnitTests.CucumberJson.WhenParsingCucumberJsonFromRubyResultsFile" name="ThenCanReadNotFoundScenarioCorrectly" />
    </UnitTest>
    <UnitTest name="ThenCanReadResultsWithBackslashes" storage="c:\users\ericcarlson\documents\github\pickles\src\pickles.testframeworks.unittests\bin\debug\net6.0\picklesdoc.pickles.testframeworks.unittests.dll" id="1b904dc2-8da7-b28a-8a35-1d3fce5defa3">
      <Execution id="13a4da87-3328-4771-b46b-d99865eb26b2" />
      <TestMethod codeBase="C:\Users\ericcarlson\Documents\GitHub\pickles\src\Pickles.TestFrameworks.UnitTests\bin\Debug\net6.0\PicklesDoc.Pickles.TestFrameworks.UnitTests.dll" adapterTypeName="executor://nunit3testexecutor/" className="PicklesDoc.Pickles.TestFrameworks.UnitTests.NUnit.NUnit2.WhenParsingNUnitResultsFile" name="ThenCanReadResultsWithBackslashes" />
    </UnitTest>
    <UnitTest name="ThenCanReadResultOfScenarioOutlineWithUmlauts" storage="c:\users\ericcarlson\documents\github\pickles\src\pickles.testframeworks.unittests\bin\debug\net6.0\picklesdoc.pickles.testframeworks.unittests.dll" id="0377b2ee-902b-c8d6-74bf-d614453dc1d9">
      <Execution id="c38ef7ce-aa36-4c2c-8632-0ec80af9e485" />
      <TestMethod codeBase="C:\Users\ericcarlson\Documents\GitHub\pickles\src\Pickles.TestFrameworks.UnitTests\bin\Debug\net6.0\PicklesDoc.Pickles.TestFrameworks.UnitTests.dll" adapterTypeName="executor://nunit3testexecutor/" className="PicklesDoc.Pickles.TestFrameworks.UnitTests.CucumberJson.WhenParsingCucumberJsonFromJSResultsFile" name="ThenCanReadResultOfScenarioOutlineWithUmlauts" />
    </UnitTest>
    <UnitTest name="GetFeatureResult_OnePassingOneFailed_ReturnsPassed" storage="c:\users\ericcarlson\documents\github\pickles\src\pickles.testframeworks.unittests\bin\debug\net6.0\picklesdoc.pickles.testframeworks.unittests.dll" id="d8eb6d98-9b62-c231-99fb-5444406d89a8">
      <Execution id="703d5cd5-98d0-4641-b26b-a27abde7d2ad" />
      <TestMethod codeBase="C:\Users\ericcarlson\Documents\GitHub\pickles\src\Pickles.TestFrameworks.UnitTests\bin\Debug\net6.0\PicklesDoc.Pickles.TestFrameworks.UnitTests.dll" adapterTypeName="executor://nunit3testexecutor/" className="PicklesDoc.Pickles.TestFrameworks.UnitTests.SpecRun.WhenParsingMultipleTestResultsTests" name="GetFeatureResult_OnePassingOneFailed_ReturnsPassed" />
    </UnitTest>
    <UnitTest name="ThenCanReadInconclusiveFeatureResultSuccessfully" storage="c:\users\ericcarlson\documents\github\pickles\src\pickles.testframeworks.unittests\bin\debug\net6.0\picklesdoc.pickles.testframeworks.unittests.dll" id="13f1786b-ba98-dd5e-fe5d-f541f09404b5">
      <Execution id="9b826f34-0f03-4ec8-9b80-139679108788" />
      <TestMethod codeBase="C:\Users\ericcarlson\Documents\GitHub\pickles\src\Pickles.TestFrameworks.UnitTests\bin\Debug\net6.0\PicklesDoc.Pickles.TestFrameworks.UnitTests.dll" adapterTypeName="executor://nunit3testexecutor/" className="PicklesDoc.Pickles.TestFrameworks.UnitTests.CucumberJson.WhenParsingCucumberJsonFromJSResultsFile" name="ThenCanReadInconclusiveFeatureResultSuccessfully" />
    </UnitTest>
    <UnitTest name="ThenCanReadIndividualResultsFromScenarioOutline_OneInconclusive_ShouldBeTestResultInconclusive" storage="c:\users\ericcarlson\documents\github\pickles\src\pickles.testframeworks.unittests\bin\debug\net6.0\picklesdoc.pickles.testframeworks.unittests.dll" id="bf8a77e3-2a8b-534e-97d8-864c929c5c23">
      <Execution id="1625b94b-a9fc-44ba-a8d5-223bc39455ab" />
      <TestMethod codeBase="C:\Users\ericcarlson\Documents\GitHub\pickles\src\Pickles.TestFrameworks.UnitTests\bin\Debug\net6.0\PicklesDoc.Pickles.TestFrameworks.UnitTests.dll" adapterTypeName="executor://nunit3testexecutor/" className="PicklesDoc.Pickles.TestFrameworks.UnitTests.VsTest.WhenParsingVsTestResultsFileWithIndividualResults" name="ThenCanReadIndividualResultsFromScenarioOutline_OneInconclusive_ShouldBeTestResultInconclusive" />
    </UnitTest>
    <UnitTest name="ThenCanReadFeatureResultWithoutThrowingException" storage="c:\users\ericcarlson\documents\github\pickles\src\pickles.testframeworks.unittests\bin\debug\net6.0\picklesdoc.pickles.testframeworks.unittests.dll" id="40fd2da8-e1b0-4d77-57fd-878737b69c52">
      <Execution id="b60759d0-3422-4b54-be76-7ff0d5a4df61" />
      <TestMethod codeBase="C:\Users\ericcarlson\Documents\GitHub\pickles\src\Pickles.TestFrameworks.UnitTests\bin\Debug\net6.0\PicklesDoc.Pickles.TestFrameworks.UnitTests.dll" adapterTypeName="executor://nunit3testexecutor/" className="PicklesDoc.Pickles.TestFrameworks.UnitTests.NUnit.NUnit2.WhenParsingnUnit2ResultsFileWithMissingTraits" name="ThenCanReadFeatureResultWithoutThrowingException" />
    </UnitTest>
    <UnitTest name="ThenCanReadExamplesWithLongExampleValues" storage="c:\users\ericcarlson\documents\github\pickles\src\pickles.testframeworks.unittests\bin\debug\net6.0\picklesdoc.pickles.testframeworks.unittests.dll" id="ff3d2d05-1397-0038-c496-c12b7435aaee">
      <Execution id="a2f3b9fc-cadd-4e0a-9e1a-0e4e243e8b3a" />
      <TestMethod codeBase="C:\Users\ericcarlson\Documents\GitHub\pickles\src\Pickles.TestFrameworks.UnitTests\bin\Debug\net6.0\PicklesDoc.Pickles.TestFrameworks.UnitTests.dll" adapterTypeName="executor://nunit3testexecutor/" className="PicklesDoc.Pickles.TestFrameworks.UnitTests.SpecRun.WhenParsingSpecRunTestResultsFileWithIndividualResults" name="ThenCanReadExamplesWithLongExampleValues" />
    </UnitTest>
    <UnitTest name="ThenCanReadResultOfScenarioWithFailingBackground" storage="c:\users\ericcarlson\documents\github\pickles\src\pickles.testframeworks.unittests\bin\debug\net6.0\picklesdoc.pickles.testframeworks.unittests.dll" id="ecb801c4-d95f-4cd2-61bc-83f8f51ba916">
      <Execution id="fbf889ed-c809-4aed-8e83-3a6e60ee2074" />
      <TestMethod codeBase="C:\Users\ericcarlson\Documents\GitHub\pickles\src\Pickles.TestFrameworks.UnitTests\bin\Debug\net6.0\PicklesDoc.Pickles.TestFrameworks.UnitTests.dll" adapterTypeName="executor://nunit3testexecutor/" className="PicklesDoc.Pickles.TestFrameworks.UnitTests.CucumberJson.WhenParsingCucumberJsonFromJSResultsFile" name="ThenCanReadResultOfScenarioWithFailingBackground" />
    </UnitTest>
    <UnitTest name="ThenCanReadResultOfScenarioWithSpanishCharacters" storage="c:\users\ericcarlson\documents\github\pickles\src\pickles.testframeworks.unittests\bin\debug\net6.0\picklesdoc.pickles.testframeworks.unittests.dll" id="2a458999-94a8-df5e-d99f-8bcf0589d98d">
      <Execution id="fddc6ad1-5448-463f-824a-aabd6477e426" />
      <TestMethod codeBase="C:\Users\ericcarlson\Documents\GitHub\pickles\src\Pickles.TestFrameworks.UnitTests\bin\Debug\net6.0\PicklesDoc.Pickles.TestFrameworks.UnitTests.dll" adapterTypeName="executor://nunit3testexecutor/" className="PicklesDoc.Pickles.TestFrameworks.UnitTests.NUnit.NUnit3.WhenParsingNunit3ResultsFile" name="ThenCanReadResultOfScenarioWithSpanishCharacters" />
    </UnitTest>
    <UnitTest name="ThenCanReadFailedFeatureResultSuccessfully" storage="c:\users\ericcarlson\documents\github\pickles\src\pickles.testframeworks.unittests\bin\debug\net6.0\picklesdoc.pickles.testframeworks.unittests.dll" id="63c783d3-cd4f-c315-c316-5735ac8dfa26">
      <Execution id="84550d0f-114c-493b-8a1b-14b2cce53e8b" />
      <TestMethod codeBase="C:\Users\ericcarlson\Documents\GitHub\pickles\src\Pickles.TestFrameworks.UnitTests\bin\Debug\net6.0\PicklesDoc.Pickles.TestFrameworks.UnitTests.dll" adapterTypeName="executor://nunit3testexecutor/" className="PicklesDoc.Pickles.TestFrameworks.UnitTests.MsTest.WhenParsingMultipleMsTestTestResultsFiles" name="ThenCanReadFailedFeatureResultSuccessfully" />
    </UnitTest>
    <UnitTest name="ThenCanReadExamplesWithLongExampleValues" storage="c:\users\ericcarlson\documents\github\pickles\src\pickles.testframeworks.unittests\bin\debug\net6.0\picklesdoc.pickles.testframeworks.unittests.dll" id="df779c3e-867d-628d-d601-319a18d1823c">
      <Execution id="fe9f6b36-9dbe-4373-ab2b-0f736f55adca" />
      <TestMethod codeBase="C:\Users\ericcarlson\Documents\GitHub\pickles\src\Pickles.TestFrameworks.UnitTests\bin\Debug\net6.0\PicklesDoc.Pickles.TestFrameworks.UnitTests.dll" adapterTypeName="executor://nunit3testexecutor/" className="PicklesDoc.Pickles.TestFrameworks.UnitTests.XUnit.XUnit2.WhenParsingXUnitResultsFileWithIndividualResults" name="ThenCanReadExamplesWithLongExampleValues" />
    </UnitTest>
    <UnitTest name="ThenCanReadResultOfFeatureWithFailingBackground" storage="c:\users\ericcarlson\documents\github\pickles\src\pickles.testframeworks.unittests\bin\debug\net6.0\picklesdoc.pickles.testframeworks.unittests.dll" id="fa88707c-fe6b-f9d4-e057-126c8ed49b45">
      <Execution id="f527ed7e-741f-4b68-b161-428544b84cc6" />
      <TestMethod codeBase="C:\Users\ericcarlson\Documents\GitHub\pickles\src\Pickles.TestFrameworks.UnitTests\bin\Debug\net6.0\PicklesDoc.Pickles.TestFrameworks.UnitTests.dll" adapterTypeName="executor://nunit3testexecutor/" className="PicklesDoc.Pickles.TestFrameworks.UnitTests.SpecRun.WhenParsingSpecRunTestResultsFile" name="ThenCanReadResultOfFeatureWithFailingBackground" />
    </UnitTest>
    <UnitTest name="ThenCanReadIndividualResultsFromScenarioOutline_AllPass_ShouldBeTestResultPassed" storage="c:\users\ericcarlson\documents\github\pickles\src\pickles.testframeworks.unittests\bin\debug\net6.0\picklesdoc.pickles.testframeworks.unittests.dll" id="741a4e57-0cca-d960-3bbc-2a95ae33db53">
      <Execution id="f3dd8724-4483-49c7-9c42-5d51d5e9731e" />
      <TestMethod codeBase="C:\Users\ericcarlson\Documents\GitHub\pickles\src\Pickles.TestFrameworks.UnitTests\bin\Debug\net6.0\PicklesDoc.Pickles.TestFrameworks.UnitTests.dll" adapterTypeName="executor://nunit3testexecutor/" className="PicklesDoc.Pickles.TestFrameworks.UnitTests.CucumberJson.WhenParsingCucumberJsonFromJSResultsFileWithIndividualResults" name="ThenCanReadIndividualResultsFromScenarioOutline_AllPass_ShouldBeTestResultPassed" />
    </UnitTest>
    <UnitTest name="ThenCanReadNotFoundScenarioCorrectly" storage="c:\users\ericcarlson\documents\github\pickles\src\pickles.testframeworks.unittests\bin\debug\net6.0\picklesdoc.pickles.testframeworks.unittests.dll" id="74b4106b-4b89-70e5-ec6d-b53991f24ded">
      <Execution id="eb513f6d-bd50-4456-9c09-362ab2092d66" />
      <TestMethod codeBase="C:\Users\ericcarlson\Documents\GitHub\pickles\src\Pickles.TestFrameworks.UnitTests\bin\Debug\net6.0\PicklesDoc.Pickles.TestFrameworks.UnitTests.dll" adapterTypeName="executor://nunit3testexecutor/" className="PicklesDoc.Pickles.TestFrameworks.UnitTests.CucumberJson.WhenParsingCucumberJsonFromJSResultsFile" name="ThenCanReadNotFoundScenarioCorrectly" />
    </UnitTest>
    <UnitTest name="ThenCanReadResultOfScenarioOutlineExampleWithFailingBackground" storage="c:\users\ericcarlson\documents\github\pickles\src\pickles.testframeworks.unittests\bin\debug\net6.0\picklesdoc.pickles.testframeworks.unittests.dll" id="1fdd6646-6375-970a-197e-20c3648dadc9">
      <Execution id="ce65e161-bae5-42e0-a87f-67a9c5819cc1" />
      <TestMethod codeBase="C:\Users\ericcarlson\Documents\GitHub\pickles\src\Pickles.TestFrameworks.UnitTests\bin\Debug\net6.0\PicklesDoc.Pickles.TestFrameworks.UnitTests.dll" adapterTypeName="executor://nunit3testexecutor/" className="PicklesDoc.Pickles.TestFrameworks.UnitTests.VsTest.WhenParsingVsTestResultsFile" name="ThenCanReadResultOfScenarioOutlineExampleWithFailingBackground" />
    </UnitTest>
    <UnitTest name="ThenCanReadResultOfScenarioOutlineWithAmpersand" storage="c:\users\ericcarlson\documents\github\pickles\src\pickles.testframeworks.unittests\bin\debug\net6.0\picklesdoc.pickles.testframeworks.unittests.dll" id="aa6ed367-4142-c0b5-bc61-0c60c3e84f7e">
      <Execution id="6f76a0af-d7dd-48b4-a02c-cc134bef57fb" />
      <TestMethod codeBase="C:\Users\ericcarlson\Documents\GitHub\pickles\src\Pickles.TestFrameworks.UnitTests\bin\Debug\net6.0\PicklesDoc.Pickles.TestFrameworks.UnitTests.dll" adapterTypeName="executor://nunit3testexecutor/" className="PicklesDoc.Pickles.TestFrameworks.UnitTests.VsTest.WhenParsingVsTestResultsFile" name="ThenCanReadResultOfScenarioOutlineWithAmpersand" />
    </UnitTest>
    <UnitTest name="ThenCanReadResultOfScenarioWithFailingBackground" storage="c:\users\ericcarlson\documents\github\pickles\src\pickles.testframeworks.unittests\bin\debug\net6.0\picklesdoc.pickles.testframeworks.unittests.dll" id="66032912-b178-4308-e9cd-9139f23f4710">
      <Execution id="f08f0509-da83-4ab3-b737-a60e8f8f5f1c" />
      <TestMethod codeBase="C:\Users\ericcarlson\Documents\GitHub\pickles\src\Pickles.TestFrameworks.UnitTests\bin\Debug\net6.0\PicklesDoc.Pickles.TestFrameworks.UnitTests.dll" adapterTypeName="executor://nunit3testexecutor/" className="PicklesDoc.Pickles.TestFrameworks.UnitTests.CucumberJson.WhenParsingCucumberJsonFromRubyResultsFile" name="ThenCanReadResultOfScenarioWithFailingBackground" />
    </UnitTest>
    <UnitTest name="ThenCanReadResultOfScenarioWithSpanishCharacters" storage="c:\users\ericcarlson\documents\github\pickles\src\pickles.testframeworks.unittests\bin\debug\net6.0\picklesdoc.pickles.testframeworks.unittests.dll" id="789bb7c5-38de-ac73-095d-7a54a206a4c4">
      <Execution id="215cecdb-7c70-4525-a7da-527d93aca342" />
      <TestMethod codeBase="C:\Users\ericcarlson\Documents\GitHub\pickles\src\Pickles.TestFrameworks.UnitTests\bin\Debug\net6.0\PicklesDoc.Pickles.TestFrameworks.UnitTests.dll" adapterTypeName="executor://nunit3testexecutor/" className="PicklesDoc.Pickles.TestFrameworks.UnitTests.XUnit.XUnit2.WhenParsingxUnit2ResultsFile" name="ThenCanReadResultOfScenarioWithSpanishCharacters" />
    </UnitTest>
    <UnitTest name="ThenCanReadResultOfFeatureWithFailingBackground" storage="c:\users\ericcarlson\documents\github\pickles\src\pickles.testframeworks.unittests\bin\debug\net6.0\picklesdoc.pickles.testframeworks.unittests.dll" id="3f5af0d1-875c-7462-d712-e00deb320d7a">
      <Execution id="f02b0cfb-71bb-4497-bb87-a705c30a5590" />
      <TestMethod codeBase="C:\Users\ericcarlson\Documents\GitHub\pickles\src\Pickles.TestFrameworks.UnitTests\bin\Debug\net6.0\PicklesDoc.Pickles.TestFrameworks.UnitTests.dll" adapterTypeName="executor://nunit3testexecutor/" className="PicklesDoc.Pickles.TestFrameworks.UnitTests.CucumberJson.WhenParsingCucumberJsonFromJSResultsFile" name="ThenCanReadResultOfFeatureWithFailingBackground" />
    </UnitTest>
    <UnitTest name="ThenCanReadResultOfScenarioWithDanishCharacters" storage="c:\users\ericcarlson\documents\github\pickles\src\pickles.testframeworks.unittests\bin\debug\net6.0\picklesdoc.pickles.testframeworks.unittests.dll" id="3f1adbc0-0196-34e5-6649-a85c5488fa91">
      <Execution id="3fb25955-bc9d-44a5-8917-0a3d63ffb363" />
      <TestMethod codeBase="C:\Users\ericcarlson\Documents\GitHub\pickles\src\Pickles.TestFrameworks.UnitTests\bin\Debug\net6.0\PicklesDoc.Pickles.TestFrameworks.UnitTests.dll" adapterTypeName="executor://nunit3testexecutor/" className="PicklesDoc.Pickles.TestFrameworks.UnitTests.MsTest.WhenParsingMsTestResultsFile" name="ThenCanReadResultOfScenarioWithDanishCharacters" />
    </UnitTest>
    <UnitTest name="ThenCanReadFailedScenarioResultSuccessfully" storage="c:\users\ericcarlson\documents\github\pickles\src\pickles.testframeworks.unittests\bin\debug\net6.0\picklesdoc.pickles.testframeworks.unittests.dll" id="f6f57a3d-4eb8-1874-da57-7a9e4d6b9c42">
      <Execution id="f0526c0d-1c61-4e48-af56-0e9d44b86af9" />
      <TestMethod codeBase="C:\Users\ericcarlson\Documents\GitHub\pickles\src\Pickles.TestFrameworks.UnitTests\bin\Debug\net6.0\PicklesDoc.Pickles.TestFrameworks.UnitTests.dll" adapterTypeName="executor://nunit3testexecutor/" className="PicklesDoc.Pickles.TestFrameworks.UnitTests.NUnit.NUnit3.WhenParsingNunit3ResultsFile" name="ThenCanReadFailedScenarioResultSuccessfully" />
    </UnitTest>
    <UnitTest name="ThenCanReadFailedFeatureResultSuccessfully" storage="c:\users\ericcarlson\documents\github\pickles\src\pickles.testframeworks.unittests\bin\debug\net6.0\picklesdoc.pickles.testframeworks.unittests.dll" id="af52bc0c-9d4d-dbfe-1e9a-8d33e897ef69">
      <Execution id="447f3417-4fa2-490c-8fc9-b51c306e7734" />
      <TestMethod codeBase="C:\Users\ericcarlson\Documents\GitHub\pickles\src\Pickles.TestFrameworks.UnitTests\bin\Debug\net6.0\PicklesDoc.Pickles.TestFrameworks.UnitTests.dll" adapterTypeName="executor://nunit3testexecutor/" className="PicklesDoc.Pickles.TestFrameworks.UnitTests.NUnit.NUnit2.WhenParsingNUnitResultsFile" name="ThenCanReadFailedFeatureResultSuccessfully" />
    </UnitTest>
    <UnitTest name="ThenCanReadFailedScenarioResultSuccessfully" storage="c:\users\ericcarlson\documents\github\pickles\src\pickles.testframeworks.unittests\bin\debug\net6.0\picklesdoc.pickles.testframeworks.unittests.dll" id="c8836a8e-d919-c2fa-5c2d-61cd7e788ac3">
      <Execution id="8d5bbcf2-4778-460d-86fc-d7cd72070373" />
      <TestMethod codeBase="C:\Users\ericcarlson\Documents\GitHub\pickles\src\Pickles.TestFrameworks.UnitTests\bin\Debug\net6.0\PicklesDoc.Pickles.TestFrameworks.UnitTests.dll" adapterTypeName="executor://nunit3testexecutor/" className="PicklesDoc.Pickles.TestFrameworks.UnitTests.NUnit.NUnit3.WhenParsingNunit3ResultsFileForNunit2Tests" name="ThenCanReadFailedScenarioResultSuccessfully" />
    </UnitTest>
    <UnitTest name="ThenCanReadFeatureResultSuccessfully" storage="c:\users\ericcarlson\documents\github\pickles\src\pickles.testframeworks.unittests\bin\debug\net6.0\picklesdoc.pickles.testframeworks.unittests.dll" id="c878e9ba-46bf-00b5-a8be-a988ac37f973">
      <Execution id="bc16fb39-fefa-4c5c-8476-4722efd1344a" />
      <TestMethod codeBase="C:\Users\ericcarlson\Documents\GitHub\pickles\src\Pickles.TestFrameworks.UnitTests\bin\Debug\net6.0\PicklesDoc.Pickles.TestFrameworks.UnitTests.dll" adapterTypeName="executor://nunit3testexecutor/" className="PicklesDoc.Pickles.TestFrameworks.UnitTests.NUnit.NUnit2.WhenParsingMultipleNUnitResultsFilesForASingleFeature" name="ThenCanReadFeatureResultSuccessfully" />
    </UnitTest>
    <UnitTest name="ThenCanReadResultOfScenarioWithSpanishCharacters" storage="c:\users\ericcarlson\documents\github\pickles\src\pickles.testframeworks.unittests\bin\debug\net6.0\picklesdoc.pickles.testframeworks.unittests.dll" id="0c1060a1-daea-cc27-1eec-f91d6e03fb50">
      <Execution id="24840c77-fc89-4f48-b0c1-dcc2b392d656" />
      <TestMethod codeBase="C:\Users\ericcarlson\Documents\GitHub\pickles\src\Pickles.TestFrameworks.UnitTests\bin\Debug\net6.0\PicklesDoc.Pickles.TestFrameworks.UnitTests.dll" adapterTypeName="executor://nunit3testexecutor/" className="PicklesDoc.Pickles.TestFrameworks.UnitTests.MsTest.WhenParsingMsTestResultsFile" name="ThenCanReadResultOfScenarioWithSpanishCharacters" />
    </UnitTest>
    <UnitTest name="GetScenarioOutlineResult_TwoInconclusive_ReturnsInconclusive" storage="c:\users\ericcarlson\documents\github\pickles\src\pickles.testframeworks.unittests\bin\debug\net6.0\picklesdoc.pickles.testframeworks.unittests.dll" id="bfd25a89-37a1-8b6d-3055-743f4224a763">
      <Execution id="8d19c00c-81b5-4879-8930-09dabf631287" />
      <TestMethod codeBase="C:\Users\ericcarlson\Documents\GitHub\pickles\src\Pickles.TestFrameworks.UnitTests\bin\Debug\net6.0\PicklesDoc.Pickles.TestFrameworks.UnitTests.dll" adapterTypeName="executor://nunit3testexecutor/" className="PicklesDoc.Pickles.TestFrameworks.UnitTests.SpecRun.WhenParsingMultipleTestResultsTests" name="GetScenarioOutlineResult_TwoInconclusive_ReturnsInconclusive" />
    </UnitTest>
    <UnitTest name="ThenCanReadResultOfScenarioWithSpanishCharacters" storage="c:\users\ericcarlson\documents\github\pickles\src\pickles.testframeworks.unittests\bin\debug\net6.0\picklesdoc.pickles.testframeworks.unittests.dll" id="8237b5ca-ec4b-2f2b-c709-52a921fafd5c">
      <Execution id="46be0c01-121a-4455-a109-dc34dd948a74" />
      <TestMethod codeBase="C:\Users\ericcarlson\Documents\GitHub\pickles\src\Pickles.TestFrameworks.UnitTests\bin\Debug\net6.0\PicklesDoc.Pickles.TestFrameworks.UnitTests.dll" adapterTypeName="executor://nunit3testexecutor/" className="PicklesDoc.Pickles.TestFrameworks.UnitTests.VsTest.WhenParsingVsTestResultsFile" name="ThenCanReadResultOfScenarioWithSpanishCharacters" />
    </UnitTest>
    <UnitTest name="TestResultsFileIsMessingElementsForAFeature_ShouldReturnInconclusive" storage="c:\users\ericcarlson\documents\github\pickles\src\pickles.testframeworks.unittests\bin\debug\net6.0\picklesdoc.pickles.testframeworks.unittests.dll" id="98e742b5-a9e8-df93-45b6-fa0d531caa6b">
      <Execution id="12007218-75ce-48f1-b025-13e6388a4b7c" />
      <TestMethod codeBase="C:\Users\ericcarlson\Documents\GitHub\pickles\src\Pickles.TestFrameworks.UnitTests\bin\Debug\net6.0\PicklesDoc.Pickles.TestFrameworks.UnitTests.dll" adapterTypeName="executor://nunit3testexecutor/" className="PicklesDoc.Pickles.TestFrameworks.UnitTests.CucumberJson.WhenParsingCucumberJsonFromJSResultsFileWithMissingElements" name="TestResultsFileIsMessingElementsForAFeature_ShouldReturnInconclusive" />
    </UnitTest>
    <UnitTest name="ThenCanReadIndividualResultsFromScenarioOutline_MultipleExampleSections_ShouldBeTestResultFailed" storage="c:\users\ericcarlson\documents\github\pickles\src\pickles.testframeworks.unittests\bin\debug\net6.0\picklesdoc.pickles.testframeworks.unittests.dll" id="c437592f-ad90-49b0-0c63-3ab7616bb2a4">
      <Execution id="8dbae614-a69e-49ae-b8d3-2ff0fb7e6cab" />
      <TestMethod codeBase="C:\Users\ericcarlson\Documents\GitHub\pickles\src\Pickles.TestFrameworks.UnitTests\bin\Debug\net6.0\PicklesDoc.Pickles.TestFrameworks.UnitTests.dll" adapterTypeName="executor://nunit3testexecutor/" className="PicklesDoc.Pickles.TestFrameworks.UnitTests.SpecRun.WhenParsingSpecRunTestResultsFileWithIndividualResults" name="ThenCanReadIndividualResultsFromScenarioOutline_MultipleExampleSections_ShouldBeTestResultFailed" />
    </UnitTest>
    <UnitTest name="RegularExpressionAsExampleContentMatches_With_Plus" storage="c:\users\ericcarlson\documents\github\pickles\src\pickles.testframeworks.unittests\bin\debug\net6.0\picklesdoc.pickles.testframeworks.unittests.dll" id="c5348a36-5365-9e63-699c-dd523aa894a2">
      <Execution id="2adc0ae1-d836-4d49-9782-33fa2d51229a" />
      <TestMethod codeBase="C:\Users\ericcarlson\Documents\GitHub\pickles\src\Pickles.TestFrameworks.UnitTests\bin\Debug\net6.0\PicklesDoc.Pickles.TestFrameworks.UnitTests.dll" adapterTypeName="executor://nunit3testexecutor/" className="PicklesDoc.Pickles.TestFrameworks.UnitTests.XUnit.XUnit2.WhenDeterminingTheSignatureOfAnXUnit2ExampleRow" name="RegularExpressionAsExampleContentMatches_With_Plus" />
    </UnitTest>
    <UnitTest name="ThenCanReadResultOfScenarioOutlineWithFailingBackground" storage="c:\users\ericcarlson\documents\github\pickles\src\pickles.testframeworks.unittests\bin\debug\net6.0\picklesdoc.pickles.testframeworks.unittests.dll" id="e1b783a4-63da-62c3-ab50-be899fdd79e2">
      <Execution id="19bd19f8-ba7d-4abe-9d15-5a62c4433475" />
      <TestMethod codeBase="C:\Users\ericcarlson\Documents\GitHub\pickles\src\Pickles.TestFrameworks.UnitTests\bin\Debug\net6.0\PicklesDoc.Pickles.TestFrameworks.UnitTests.dll" adapterTypeName="executor://nunit3testexecutor/" className="PicklesDoc.Pickles.TestFrameworks.UnitTests.NUnit.NUnit3.WhenParsingNunit3ResultsFile" name="ThenCanReadResultOfScenarioOutlineWithFailingBackground" />
    </UnitTest>
    <UnitTest name="ThenCanResolveAsSingleton(&quot;results-example-vstest.trx&quot;,&quot;VsTest.results-example-vstest.trx&quot;,VsTest,PicklesDoc.Pickles.TestFrameworks.VsTest.VsTestResults)" storage="c:\users\ericcarlson\documents\github\pickles\src\pickles.testframeworks.unittests\bin\debug\net6.0\picklesdoc.pickles.testframeworks.unittests.dll" id="75c1372b-c80e-ab1f-dc10-8b8dc4679533">
      <Execution id="8ca0f77f-9741-47aa-83e2-b9e00fae517c" />
      <TestMethod codeBase="C:\Users\ericcarlson\Documents\GitHub\pickles\src\Pickles.TestFrameworks.UnitTests\bin\Debug\net6.0\PicklesDoc.Pickles.TestFrameworks.UnitTests.dll" adapterTypeName="executor://nunit3testexecutor/" className="PicklesDoc.Pickles.TestFrameworks.UnitTests.WhenResolvingTestResults" name="ThenCanResolveAsSingleton(&quot;results-example-vstest.trx&quot;,&quot;VsTest.results-example-vstest.trx&quot;,VsTest,PicklesDoc.Pickles.TestFrameworks.VsTest.VsTestResults)" />
    </UnitTest>
    <UnitTest name="RegularExpressionAsExampleContentMatches_With_Parentheses" storage="c:\users\ericcarlson\documents\github\pickles\src\pickles.testframeworks.unittests\bin\debug\net6.0\picklesdoc.pickles.testframeworks.unittests.dll" id="9c345799-e138-7ed0-5b4a-1011418b61de">
      <Execution id="48b0723a-8ea7-4c26-a917-8f62e135076a" />
      <TestMethod codeBase="C:\Users\ericcarlson\Documents\GitHub\pickles\src\Pickles.TestFrameworks.UnitTests\bin\Debug\net6.0\PicklesDoc.Pickles.TestFrameworks.UnitTests.dll" adapterTypeName="executor://nunit3testexecutor/" className="PicklesDoc.Pickles.TestFrameworks.UnitTests.XUnit.XUnit2.WhenDeterminingTheSignatureOfAnXUnit2ExampleRow" name="RegularExpressionAsExampleContentMatches_With_Parentheses" />
    </UnitTest>
    <UnitTest name="ThenCanReadIndividualResultsFromScenarioOutline_MultipleNamedExamplesWithDuplicateValues_ShouldMatchExamples" storage="c:\users\ericcarlson\documents\github\pickles\src\pickles.testframeworks.unittests\bin\debug\net6.0\picklesdoc.pickles.testframeworks.unittests.dll" id="15d64ad8-f453-6ded-46ce-06d0f8e68caf">
      <Execution id="e13dee15-cfe2-4569-91d2-3b2163bfc442" />
      <TestMethod codeBase="C:\Users\ericcarlson\Documents\GitHub\pickles\src\Pickles.TestFrameworks.UnitTests\bin\Debug\net6.0\PicklesDoc.Pickles.TestFrameworks.UnitTests.dll" adapterTypeName="executor://nunit3testexecutor/" className="PicklesDoc.Pickles.TestFrameworks.UnitTests.NUnit.NUnit2.WhenParsingNUnitResultsFileWithIndividualResults" name="ThenCanReadIndividualResultsFromScenarioOutline_MultipleNamedExamplesWithDuplicateValues_ShouldMatchExamples" />
    </UnitTest>
    <UnitTest name="ThenCanReadNotFoundFeatureCorrectly" storage="c:\users\ericcarlson\documents\github\pickles\src\pickles.testframeworks.unittests\bin\debug\net6.0\picklesdoc.pickles.testframeworks.unittests.dll" id="59fc518d-691e-1e5f-347b-11ecb9d13e9d">
      <Execution id="c7a4245e-58a6-46fe-b032-0f33ee592a85" />
      <TestMethod codeBase="C:\Users\ericcarlson\Documents\GitHub\pickles\src\Pickles.TestFrameworks.UnitTests\bin\Debug\net6.0\PicklesDoc.Pickles.TestFrameworks.UnitTests.dll" adapterTypeName="executor://nunit3testexecutor/" className="PicklesDoc.Pickles.TestFrameworks.UnitTests.NUnit.NUnit2.WhenParsingNUnitResultsFile" name="ThenCanReadNotFoundFeatureCorrectly" />
    </UnitTest>
    <UnitTest name="ThenCanReadScenarioOutlineResultSuccessfully" storage="c:\users\ericcarlson\documents\github\pickles\src\pickles.testframeworks.unittests\bin\debug\net6.0\picklesdoc.pickles.testframeworks.unittests.dll" id="bd67c30d-1d82-4e89-6c61-dfcd016668cb">
      <Execution id="881138a8-f417-443c-9791-d339a19e686d" />
      <TestMethod codeBase="C:\Users\ericcarlson\Documents\GitHub\pickles\src\Pickles.TestFrameworks.UnitTests\bin\Debug\net6.0\PicklesDoc.Pickles.TestFrameworks.UnitTests.dll" adapterTypeName="executor://nunit3testexecutor/" className="PicklesDoc.Pickles.TestFrameworks.UnitTests.VsTest.WhenParsingVsTestResultsFile" name="ThenCanReadScenarioOutlineResultSuccessfully" />
    </UnitTest>
    <UnitTest name="ThenCanReadSuccessfulScenarioResultSuccessfully" storage="c:\users\ericcarlson\documents\github\pickles\src\pickles.testframeworks.unittests\bin\debug\net6.0\picklesdoc.pickles.testframeworks.unittests.dll" id="128b2e33-c1df-6a98-010e-1414bed50de5">
      <Execution id="ccc6bf0f-6ad2-4051-a672-082528f0dbae" />
      <TestMethod codeBase="C:\Users\ericcarlson\Documents\GitHub\pickles\src\Pickles.TestFrameworks.UnitTests\bin\Debug\net6.0\PicklesDoc.Pickles.TestFrameworks.UnitTests.dll" adapterTypeName="executor://nunit3testexecutor/" className="PicklesDoc.Pickles.TestFrameworks.UnitTests.CucumberJson.WhenParsingCucumberJsonFromJSResultsFile" name="ThenCanReadSuccessfulScenarioResultSuccessfully" />
    </UnitTest>
    <UnitTest name="ThenCanReadExamplesWithLongExampleValues" storage="c:\users\ericcarlson\documents\github\pickles\src\pickles.testframeworks.unittests\bin\debug\net6.0\picklesdoc.pickles.testframeworks.unittests.dll" id="fa2fb9d9-01c1-922c-5d5a-386819eb8668">
      <Execution id="bb2219f4-6df6-4201-b5df-4ff52de3fc3d" />
      <TestMethod codeBase="C:\Users\ericcarlson\Documents\GitHub\pickles\src\Pickles.TestFrameworks.UnitTests\bin\Debug\net6.0\PicklesDoc.Pickles.TestFrameworks.UnitTests.dll" adapterTypeName="executor://nunit3testexecutor/" className="PicklesDoc.Pickles.TestFrameworks.UnitTests.CucumberJson.WhenParsingCucumberJsonFromJSResultsFileWithIndividualResults" name="ThenCanReadExamplesWithLongExampleValues" />
    </UnitTest>
    <UnitTest name="ThenCanReadInconclusiveFeatureResultSuccessfully" storage="c:\users\ericcarlson\documents\github\pickles\src\pickles.testframeworks.unittests\bin\debug\net6.0\picklesdoc.pickles.testframeworks.unittests.dll" id="98025163-67c4-34a3-d0e7-9dbdb150f12f">
      <Execution id="4418fa3f-9cf3-453d-a0eb-cdd6e1114cbd" />
      <TestMethod codeBase="C:\Users\ericcarlson\Documents\GitHub\pickles\src\Pickles.TestFrameworks.UnitTests\bin\Debug\net6.0\PicklesDoc.Pickles.TestFrameworks.UnitTests.dll" adapterTypeName="executor://nunit3testexecutor/" className="PicklesDoc.Pickles.TestFrameworks.UnitTests.NUnit.NUnit2.WhenParsingNUnitResultsFile" name="ThenCanReadInconclusiveFeatureResultSuccessfully" />
    </UnitTest>
    <UnitTest name="ThenCanReadResultOfScenarioOutlineExampleWithFailingBackground" storage="c:\users\ericcarlson\documents\github\pickles\src\pickles.testframeworks.unittests\bin\debug\net6.0\picklesdoc.pickles.testframeworks.unittests.dll" id="5f02bd55-47a0-e81d-b9df-6ab6392dc956">
      <Execution id="7af18538-5eb5-4d3c-b829-af0ea046f5fc" />
      <TestMethod codeBase="C:\Users\ericcarlson\Documents\GitHub\pickles\src\Pickles.TestFrameworks.UnitTests\bin\Debug\net6.0\PicklesDoc.Pickles.TestFrameworks.UnitTests.dll" adapterTypeName="executor://nunit3testexecutor/" className="PicklesDoc.Pickles.TestFrameworks.UnitTests.NUnit.NUnit3.WhenParsingNunit3ResultsFileForNunit2Tests" name="ThenCanReadResultOfScenarioOutlineExampleWithFailingBackground" />
    </UnitTest>
    <UnitTest name="ThenCanReadSuccessfulScenarioResultSuccessfully" storage="c:\users\ericcarlson\documents\github\pickles\src\pickles.testframeworks.unittests\bin\debug\net6.0\picklesdoc.pickles.testframeworks.unittests.dll" id="616fe719-bf7f-7000-9e32-4cae5f1dd897">
      <Execution id="12429a05-b0ee-4b89-a17a-f47b6ee373b8" />
      <TestMethod codeBase="C:\Users\ericcarlson\Documents\GitHub\pickles\src\Pickles.TestFrameworks.UnitTests\bin\Debug\net6.0\PicklesDoc.Pickles.TestFrameworks.UnitTests.dll" adapterTypeName="executor://nunit3testexecutor/" className="PicklesDoc.Pickles.TestFrameworks.UnitTests.XUnit.XUnit1.WhenParsingxUnitResultsFile" name="ThenCanReadSuccessfulScenarioResultSuccessfully" />
    </UnitTest>
    <UnitTest name="ThenCanReadResultOfScenarioOutlineWithUmlauts" storage="c:\users\ericcarlson\documents\github\pickles\src\pickles.testframeworks.unittests\bin\debug\net6.0\picklesdoc.pickles.testframeworks.unittests.dll" id="dd0a53f6-9608-d074-ec6b-1fd826ef275e">
      <Execution id="404199fb-521d-46ca-baf4-710d0e0e6052" />
      <TestMethod codeBase="C:\Users\ericcarlson\Documents\GitHub\pickles\src\Pickles.TestFrameworks.UnitTests\bin\Debug\net6.0\PicklesDoc.Pickles.TestFrameworks.UnitTests.dll" adapterTypeName="executor://nunit3testexecutor/" className="PicklesDoc.Pickles.TestFrameworks.UnitTests.CucumberJson.WhenParsingCucumberJsonFromRubyResultsFile" name="ThenCanReadResultOfScenarioOutlineWithUmlauts" />
    </UnitTest>
    <UnitTest name="ThenCanReadResultOfScenarioOutlineWithSpecialCharacters" storage="c:\users\ericcarlson\documents\github\pickles\src\pickles.testframeworks.unittests\bin\debug\net6.0\picklesdoc.pickles.testframeworks.unittests.dll" id="a24366aa-9e79-801f-e1af-8419027c8a13">
      <Execution id="5402b105-5778-467f-8141-19194d9cbde6" />
      <TestMethod codeBase="C:\Users\ericcarlson\Documents\GitHub\pickles\src\Pickles.TestFrameworks.UnitTests\bin\Debug\net6.0\PicklesDoc.Pickles.TestFrameworks.UnitTests.dll" adapterTypeName="executor://nunit3testexecutor/" className="PicklesDoc.Pickles.TestFrameworks.UnitTests.SpecRun.WhenParsingSpecRunTestResultsFile" name="ThenCanReadResultOfScenarioOutlineWithSpecialCharacters" />
    </UnitTest>
    <UnitTest name="ThenCanReadResultOfScenarioOutlineWithFailingBackground" storage="c:\users\ericcarlson\documents\github\pickles\src\pickles.testframeworks.unittests\bin\debug\net6.0\picklesdoc.pickles.testframeworks.unittests.dll" id="e931af6a-3452-9003-decc-ede4ba4ec081">
      <Execution id="e61c182d-63da-48fe-a0eb-ec3bf145e62b" />
      <TestMethod codeBase="C:\Users\ericcarlson\Documents\GitHub\pickles\src\Pickles.TestFrameworks.UnitTests\bin\Debug\net6.0\PicklesDoc.Pickles.TestFrameworks.UnitTests.dll" adapterTypeName="executor://nunit3testexecutor/" className="PicklesDoc.Pickles.TestFrameworks.UnitTests.NUnit.NUnit3.WhenParsingNunit3ResultsFileForNunit2Tests" name="ThenCanReadResultOfScenarioOutlineWithFailingBackground" />
    </UnitTest>
    <UnitTest name="ThenCanReadResultOfScenarioWithFailingBackground" storage="c:\users\ericcarlson\documents\github\pickles\src\pickles.testframeworks.unittests\bin\debug\net6.0\picklesdoc.pickles.testframeworks.unittests.dll" id="ca034f59-6d8f-3d39-f10e-3725456122ef">
      <Execution id="404a689f-ad34-48e7-94be-5b2fa0452884" />
      <TestMethod codeBase="C:\Users\ericcarlson\Documents\GitHub\pickles\src\Pickles.TestFrameworks.UnitTests\bin\Debug\net6.0\PicklesDoc.Pickles.TestFrameworks.UnitTests.dll" adapterTypeName="executor://nunit3testexecutor/" className="PicklesDoc.Pickles.TestFrameworks.UnitTests.XUnit.XUnit2.WhenParsingxUnit2ResultsFile" name="ThenCanReadResultOfScenarioWithFailingBackground" />
    </UnitTest>
    <UnitTest name="ThenCanResolveAsSingleton(&quot;results-example-nunit.xml&quot;,&quot;NUnit.NUnit2.results-example-nunit.xml&quot;,NUnit,PicklesDoc.Pickles.TestFrameworks.NUnit.NUnit2.NUnit2Results)" storage="c:\users\ericcarlson\documents\github\pickles\src\pickles.testframeworks.unittests\bin\debug\net6.0\picklesdoc.pickles.testframeworks.unittests.dll" id="e70aaa39-34a4-5c29-d102-ad4674ca6ab6">
      <Execution id="5487ea07-9ff2-4945-a46d-e2f486088fcf" />
      <TestMethod codeBase="C:\Users\ericcarlson\Documents\GitHub\pickles\src\Pickles.TestFrameworks.UnitTests\bin\Debug\net6.0\PicklesDoc.Pickles.TestFrameworks.UnitTests.dll" adapterTypeName="executor://nunit3testexecutor/" className="PicklesDoc.Pickles.TestFrameworks.UnitTests.WhenResolvingTestResults" name="ThenCanResolveAsSingleton(&quot;results-example-nunit.xml&quot;,&quot;NUnit.NUnit2.results-example-nunit.xml&quot;,NUnit,PicklesDoc.Pickles.TestFrameworks.NUnit.NUnit2.NUnit2Results)" />
    </UnitTest>
    <UnitTest name="ThenCanReadResultOfScenarioOutlineWithAmpersand" storage="c:\users\ericcarlson\documents\github\pickles\src\pickles.testframeworks.unittests\bin\debug\net6.0\picklesdoc.pickles.testframeworks.unittests.dll" id="62d8a504-87cb-5ba7-c255-1d3c38bd41a0">
      <Execution id="4a2d4318-8372-4d55-944d-cfbff8e4a600" />
      <TestMethod codeBase="C:\Users\ericcarlson\Documents\GitHub\pickles\src\Pickles.TestFrameworks.UnitTests\bin\Debug\net6.0\PicklesDoc.Pickles.TestFrameworks.UnitTests.dll" adapterTypeName="executor://nunit3testexecutor/" className="PicklesDoc.Pickles.TestFrameworks.UnitTests.NUnit.NUnit3.WhenParsingNunit3ResultsFile" name="ThenCanReadResultOfScenarioOutlineWithAmpersand" />
    </UnitTest>
    <UnitTest name="ThenCanReadFeatureResultSuccessfully" storage="c:\users\ericcarlson\documents\github\pickles\src\pickles.testframeworks.unittests\bin\debug\net6.0\picklesdoc.pickles.testframeworks.unittests.dll" id="654eaa9a-fb20-1f7a-8fb7-20107e7e962f">
      <Execution id="1d055e3d-8dc9-4420-a7b4-da3a36cfc8ea" />
      <TestMethod codeBase="C:\Users\ericcarlson\Documents\GitHub\pickles\src\Pickles.TestFrameworks.UnitTests\bin\Debug\net6.0\PicklesDoc.Pickles.TestFrameworks.UnitTests.dll" adapterTypeName="executor://nunit3testexecutor/" className="PicklesDoc.Pickles.TestFrameworks.UnitTests.VsTest.WhenParsingVsTestResultsFile" name="ThenCanReadFeatureResultSuccessfully" />
    </UnitTest>
    <UnitTest name="GetFeatureResult_TwoInconclusive_ReturnsInconclusive" storage="c:\users\ericcarlson\documents\github\pickles\src\pickles.testframeworks.unittests\bin\debug\net6.0\picklesdoc.pickles.testframeworks.unittests.dll" id="b8387dd6-f890-7e0b-f414-a4e07ecc407b">
      <Execution id="39f47a23-8eb9-4c35-bcaa-5ad2b48e69de" />
      <TestMethod codeBase="C:\Users\ericcarlson\Documents\GitHub\pickles\src\Pickles.TestFrameworks.UnitTests\bin\Debug\net6.0\PicklesDoc.Pickles.TestFrameworks.UnitTests.dll" adapterTypeName="executor://nunit3testexecutor/" className="PicklesDoc.Pickles.TestFrameworks.UnitTests.SpecRun.WhenParsingMultipleTestResultsTests" name="GetFeatureResult_TwoInconclusive_ReturnsInconclusive" />
    </UnitTest>
    <UnitTest name="ThenCanReadPassedFeatureResultSuccessfully" storage="c:\users\ericcarlson\documents\github\pickles\src\pickles.testframeworks.unittests\bin\debug\net6.0\picklesdoc.pickles.testframeworks.unittests.dll" id="eaddf983-315a-e36c-c3b9-c9529d03d71a">
      <Execution id="42e47af5-2bfd-41ed-8000-a9a06d6c5b0b" />
      <TestMethod codeBase="C:\Users\ericcarlson\Documents\GitHub\pickles\src\Pickles.TestFrameworks.UnitTests\bin\Debug\net6.0\PicklesDoc.Pickles.TestFrameworks.UnitTests.dll" adapterTypeName="executor://nunit3testexecutor/" className="PicklesDoc.Pickles.TestFrameworks.UnitTests.MsTest.WhenParsingMsTestResultsFile" name="ThenCanReadPassedFeatureResultSuccessfully" />
    </UnitTest>
    <UnitTest name="ThenCanReadSuccessfulScenarioResultSuccessfully" storage="c:\users\ericcarlson\documents\github\pickles\src\pickles.testframeworks.unittests\bin\debug\net6.0\picklesdoc.pickles.testframeworks.unittests.dll" id="09eb03c3-6c6b-d07d-0c0e-f69b7a3941d2">
      <Execution id="8e00f107-a652-4672-801e-0d89c82eb8df" />
      <TestMethod codeBase="C:\Users\ericcarlson\Documents\GitHub\pickles\src\Pickles.TestFrameworks.UnitTests\bin\Debug\net6.0\PicklesDoc.Pickles.TestFrameworks.UnitTests.dll" adapterTypeName="executor://nunit3testexecutor/" className="PicklesDoc.Pickles.TestFrameworks.UnitTests.XUnit.XUnit2.WhenParsingxUnit2ResultsFile" name="ThenCanReadSuccessfulScenarioResultSuccessfully" />
    </UnitTest>
    <UnitTest name="ThenCanReadIgnoredScenarioResultSuccessfully" storage="c:\users\ericcarlson\documents\github\pickles\src\pickles.testframeworks.unittests\bin\debug\net6.0\picklesdoc.pickles.testframeworks.unittests.dll" id="c0743634-0e8c-60ff-dd33-aa3c1f7c437b">
      <Execution id="cc62839b-5633-46e9-95d9-b7dd7c0c9595" />
      <TestMethod codeBase="C:\Users\ericcarlson\Documents\GitHub\pickles\src\Pickles.TestFrameworks.UnitTests\bin\Debug\net6.0\PicklesDoc.Pickles.TestFrameworks.UnitTests.dll" adapterTypeName="executor://nunit3testexecutor/" className="PicklesDoc.Pickles.TestFrameworks.UnitTests.XUnit.XUnit2.WhenParsingxUnit2ResultsFile" name="ThenCanReadIgnoredScenarioResultSuccessfully" />
    </UnitTest>
    <UnitTest name="ThenCanReadFailedScenarioResultSuccessfully" storage="c:\users\ericcarlson\documents\github\pickles\src\pickles.testframeworks.unittests\bin\debug\net6.0\picklesdoc.pickles.testframeworks.unittests.dll" id="9c713a2b-9e76-2415-d955-46aa4b04bc55">
      <Execution id="a06ef133-33d6-44d1-8e52-c71de4745042" />
      <TestMethod codeBase="C:\Users\ericcarlson\Documents\GitHub\pickles\src\Pickles.TestFrameworks.UnitTests\bin\Debug\net6.0\PicklesDoc.Pickles.TestFrameworks.UnitTests.dll" adapterTypeName="executor://nunit3testexecutor/" className="PicklesDoc.Pickles.TestFrameworks.UnitTests.MsTest.WhenParsingMultipleMsTestTestResultsFiles" name="ThenCanReadFailedScenarioResultSuccessfully" />
    </UnitTest>
    <UnitTest name="ThenCanReadInconclusiveScenarioResultSuccessfully" storage="c:\users\ericcarlson\documents\github\pickles\src\pickles.testframeworks.unittests\bin\debug\net6.0\picklesdoc.pickles.testframeworks.unittests.dll" id="098238b9-0456-1247-ed8e-8206ed9eaecc">
      <Execution id="12ebb412-1c0b-4c86-bc38-467d2e9f100d" />
      <TestMethod codeBase="C:\Users\ericcarlson\Documents\GitHub\pickles\src\Pickles.TestFrameworks.UnitTests\bin\Debug\net6.0\PicklesDoc.Pickles.TestFrameworks.UnitTests.dll" adapterTypeName="executor://nunit3testexecutor/" className="PicklesDoc.Pickles.TestFrameworks.UnitTests.VsTest.WhenParsingVsTestResultsFile" name="ThenCanReadInconclusiveScenarioResultSuccessfully" />
    </UnitTest>
    <UnitTest name="ThenCanReadExamplesWithLongExampleValues" storage="c:\users\ericcarlson\documents\github\pickles\src\pickles.testframeworks.unittests\bin\debug\net6.0\picklesdoc.pickles.testframeworks.unittests.dll" id="c7e76d21-7d2a-305a-821d-d13e50bc910e">
      <Execution id="7480aac6-8d70-4b8e-a00e-c61d5aff87fd" />
      <TestMethod codeBase="C:\Users\ericcarlson\Documents\GitHub\pickles\src\Pickles.TestFrameworks.UnitTests\bin\Debug\net6.0\PicklesDoc.Pickles.TestFrameworks.UnitTests.dll" adapterTypeName="executor://nunit3testexecutor/" className="PicklesDoc.Pickles.TestFrameworks.UnitTests.NUnit.NUnit3.WhenParsingNUnitResultsFileWithIndividualResults" name="ThenCanReadExamplesWithLongExampleValues" />
    </UnitTest>
    <UnitTest name="GetScenarioResult_OnePassingOneFailing_ReturnsFailed" storage="c:\users\ericcarlson\documents\github\pickles\src\pickles.testframeworks.unittests\bin\debug\net6.0\picklesdoc.pickles.testframeworks.unittests.dll" id="70bec1df-5a68-44f4-dc37-08e0c2b5dd45">
      <Execution id="4768748f-97c9-4232-9911-cb05eef34d9a" />
      <TestMethod codeBase="C:\Users\ericcarlson\Documents\GitHub\pickles\src\Pickles.TestFrameworks.UnitTests\bin\Debug\net6.0\PicklesDoc.Pickles.TestFrameworks.UnitTests.dll" adapterTypeName="executor://nunit3testexecutor/" className="PicklesDoc.Pickles.TestFrameworks.UnitTests.SpecRun.WhenParsingMultipleTestResultsTests" name="GetScenarioResult_OnePassingOneFailing_ReturnsFailed" />
    </UnitTest>
    <UnitTest name="ThenCanReadFailedFeatureResultSuccessfully" storage="c:\users\ericcarlson\documents\github\pickles\src\pickles.testframeworks.unittests\bin\debug\net6.0\picklesdoc.pickles.testframeworks.unittests.dll" id="ef5a7c41-c0be-df83-b30a-5c970829c937">
      <Execution id="8b23275a-0bf1-45be-9e7a-78faf1145d07" />
      <TestMethod codeBase="C:\Users\ericcarlson\Documents\GitHub\pickles\src\Pickles.TestFrameworks.UnitTests\bin\Debug\net6.0\PicklesDoc.Pickles.TestFrameworks.UnitTests.dll" adapterTypeName="executor://nunit3testexecutor/" className="PicklesDoc.Pickles.TestFrameworks.UnitTests.MsTest.WhenParsingMsTestResultsFile" name="ThenCanReadFailedFeatureResultSuccessfully" />
    </UnitTest>
    <UnitTest name="ThenCanReadResultsWithParenthesis" storage="c:\users\ericcarlson\documents\github\pickles\src\pickles.testframeworks.unittests\bin\debug\net6.0\picklesdoc.pickles.testframeworks.unittests.dll" id="feef8d1e-733e-c97b-cae9-59e37cf87fb6">
      <Execution id="9d6411de-8bdb-436a-9b21-468e60bffd0f" />
      <TestMethod codeBase="C:\Users\ericcarlson\Documents\GitHub\pickles\src\Pickles.TestFrameworks.UnitTests\bin\Debug\net6.0\PicklesDoc.Pickles.TestFrameworks.UnitTests.dll" adapterTypeName="executor://nunit3testexecutor/" className="PicklesDoc.Pickles.TestFrameworks.UnitTests.XUnit.XUnit1.WhenParsingxUnitResultsFile" name="ThenCanReadResultsWithParenthesis" />
    </UnitTest>
    <UnitTest name="ThenCanReadPassedFeatureResultSuccessfully" storage="c:\users\ericcarlson\documents\github\pickles\src\pickles.testframeworks.unittests\bin\debug\net6.0\picklesdoc.pickles.testframeworks.unittests.dll" id="d2ebcdb0-238b-cbb7-f625-318772534557">
      <Execution id="c9bfcb2c-08b9-4c76-bdce-8815ff79514f" />
      <TestMethod codeBase="C:\Users\ericcarlson\Documents\GitHub\pickles\src\Pickles.TestFrameworks.UnitTests\bin\Debug\net6.0\PicklesDoc.Pickles.TestFrameworks.UnitTests.dll" adapterTypeName="executor://nunit3testexecutor/" className="PicklesDoc.Pickles.TestFrameworks.UnitTests.NUnit.NUnit2.WhenParsingNUnitResultsFile" name="ThenCanReadPassedFeatureResultSuccessfully" />
    </UnitTest>
    <UnitTest name="ThenCanReadResultOfScenarioWithSpecialCharacters" storage="c:\users\ericcarlson\documents\github\pickles\src\pickles.testframeworks.unittests\bin\debug\net6.0\picklesdoc.pickles.testframeworks.unittests.dll" id="ce027c0e-b7b6-30e8-95b9-9af781c2b3c7">
      <Execution id="8c80f0a5-e8cf-48e6-b4a6-4739c7263060" />
      <TestMethod codeBase="C:\Users\ericcarlson\Documents\GitHub\pickles\src\Pickles.TestFrameworks.UnitTests\bin\Debug\net6.0\PicklesDoc.Pickles.TestFrameworks.UnitTests.dll" adapterTypeName="executor://nunit3testexecutor/" className="PicklesDoc.Pickles.TestFrameworks.UnitTests.NUnit.NUnit3.WhenParsingNunit3ResultsFile" name="ThenCanReadResultOfScenarioWithSpecialCharacters" />
    </UnitTest>
    <UnitTest name="ThenCanReadFailedScenarioResultSuccessfully" storage="c:\users\ericcarlson\documents\github\pickles\src\pickles.testframeworks.unittests\bin\debug\net6.0\picklesdoc.pickles.testframeworks.unittests.dll" id="6d53e524-577b-617b-04c0-cc99f9396f86">
      <Execution id="45847585-09bf-4184-ab49-d9a67156c0d3" />
      <TestMethod codeBase="C:\Users\ericcarlson\Documents\GitHub\pickles\src\Pickles.TestFrameworks.UnitTests\bin\Debug\net6.0\PicklesDoc.Pickles.TestFrameworks.UnitTests.dll" adapterTypeName="executor://nunit3testexecutor/" className="PicklesDoc.Pickles.TestFrameworks.UnitTests.SpecRun.WhenParsingSpecRunTestResultsFile" name="ThenCanReadFailedScenarioResultSuccessfully" />
    </UnitTest>
    <UnitTest name="ThenIgnoredScenarioIsSetToInconclusive" storage="c:\users\ericcarlson\documents\github\pickles\src\pickles.testframeworks.unittests\bin\debug\net6.0\picklesdoc.pickles.testframeworks.unittests.dll" id="273b19f2-bc2e-0fff-03d9-8e3fde4e1105">
      <Execution id="7558a3fd-cc42-40f8-ba3c-0b6a1d623d5f" />
      <TestMethod codeBase="C:\Users\ericcarlson\Documents\GitHub\pickles\src\Pickles.TestFrameworks.UnitTests\bin\Debug\net6.0\PicklesDoc.Pickles.TestFrameworks.UnitTests.dll" adapterTypeName="executor://nunit3testexecutor/" className="PicklesDoc.Pickles.TestFrameworks.UnitTests.VsTest.WhenParsingVsTestResultsFileWithIgnoredExample" name="ThenIgnoredScenarioIsSetToInconclusive" />
    </UnitTest>
    <UnitTest name="ThenCanReadExamplesWithRegexValuesFromScenarioOutline_ShouldBeTestResultPassed" storage="c:\users\ericcarlson\documents\github\pickles\src\pickles.testframeworks.unittests\bin\debug\net6.0\picklesdoc.pickles.testframeworks.unittests.dll" id="906d5dad-24a2-c194-0157-f7aa409300ef">
      <Execution id="cd7d5c4a-d95e-4a2a-ab95-942f36e94c21" />
      <TestMethod codeBase="C:\Users\ericcarlson\Documents\GitHub\pickles\src\Pickles.TestFrameworks.UnitTests\bin\Debug\net6.0\PicklesDoc.Pickles.TestFrameworks.UnitTests.dll" adapterTypeName="executor://nunit3testexecutor/" className="PicklesDoc.Pickles.TestFrameworks.UnitTests.NUnit.NUnit3.WhenParsingNUnitResultsFileWithIndividualResults" name="ThenCanReadExamplesWithRegexValuesFromScenarioOutline_ShouldBeTestResultPassed" />
    </UnitTest>
    <UnitTest name="ThenCanReadScenarioOutlineResultSuccessfully" storage="c:\users\ericcarlson\documents\github\pickles\src\pickles.testframeworks.unittests\bin\debug\net6.0\picklesdoc.pickles.testframeworks.unittests.dll" id="e2225881-39fd-7f1c-d804-53db9fd0bebf">
      <Execution id="615a112e-b8a5-4e76-bcbd-336180c95113" />
      <TestMethod codeBase="C:\Users\ericcarlson\Documents\GitHub\pickles\src\Pickles.TestFrameworks.UnitTests\bin\Debug\net6.0\PicklesDoc.Pickles.TestFrameworks.UnitTests.dll" adapterTypeName="executor://nunit3testexecutor/" className="PicklesDoc.Pickles.TestFrameworks.UnitTests.NUnit.NUnit3.WhenParsingNunit3ResultsFile" name="ThenCanReadScenarioOutlineResultSuccessfully" />
    </UnitTest>
    <UnitTest name="ThenCanReadResultOfScenarioWithSpecialCharacters" storage="c:\users\ericcarlson\documents\github\pickles\src\pickles.testframeworks.unittests\bin\debug\net6.0\picklesdoc.pickles.testframeworks.unittests.dll" id="eee8715c-d733-130b-cc22-7b1892f2f926">
      <Execution id="3ee94ce8-453a-4155-9c6e-63749cc1fc5c" />
      <TestMethod codeBase="C:\Users\ericcarlson\Documents\GitHub\pickles\src\Pickles.TestFrameworks.UnitTests\bin\Debug\net6.0\PicklesDoc.Pickles.TestFrameworks.UnitTests.dll" adapterTypeName="executor://nunit3testexecutor/" className="PicklesDoc.Pickles.TestFrameworks.UnitTests.SpecRun.WhenParsingSpecRunTestResultsFile" name="ThenCanReadResultOfScenarioWithSpecialCharacters" />
    </UnitTest>
    <UnitTest name="ThenCanReadIndividualResultsFromScenarioOutline_ExamplesWithDuplicateValues_ShouldMatchExamples" storage="c:\users\ericcarlson\documents\github\pickles\src\pickles.testframeworks.unittests\bin\debug\net6.0\picklesdoc.pickles.testframeworks.unittests.dll" id="0be35ca5-d72a-7b15-1c8a-f42c97327233">
      <Execution id="f8088231-9cbc-406f-a91a-328d0f45d28d" />
      <TestMethod codeBase="C:\Users\ericcarlson\Documents\GitHub\pickles\src\Pickles.TestFrameworks.UnitTests\bin\Debug\net6.0\PicklesDoc.Pickles.TestFrameworks.UnitTests.dll" adapterTypeName="executor://nunit3testexecutor/" className="PicklesDoc.Pickles.TestFrameworks.UnitTests.XUnit.XUnit1.WhenParsingXUnitResultsFileWithIndividualResults" name="ThenCanReadIndividualResultsFromScenarioOutline_ExamplesWithDuplicateValues_ShouldMatchExamples" />
    </UnitTest>
    <UnitTest name="ThenCanReadFeatureResultWithoutThrowingException" storage="c:\users\ericcarlson\documents\github\pickles\src\pickles.testframeworks.unittests\bin\debug\net6.0\picklesdoc.pickles.testframeworks.unittests.dll" id="71b016af-5365-c420-5627-629663f2e7e7">
      <Execution id="147ae64c-3f0b-4e23-a2ec-db90b6437f70" />
      <TestMethod codeBase="C:\Users\ericcarlson\Documents\GitHub\pickles\src\Pickles.TestFrameworks.UnitTests\bin\Debug\net6.0\PicklesDoc.Pickles.TestFrameworks.UnitTests.dll" adapterTypeName="executor://nunit3testexecutor/" className="PicklesDoc.Pickles.TestFrameworks.UnitTests.VsTest.WhenParsingVsTestResultsFileWithMissingTraits" name="ThenCanReadFeatureResultWithoutThrowingException" />
    </UnitTest>
    <UnitTest name="ThenCanReadNotFoundScenarioCorrectly" storage="c:\users\ericcarlson\documents\github\pickles\src\pickles.testframeworks.unittests\bin\debug\net6.0\picklesdoc.pickles.testframeworks.unittests.dll" id="b3391feb-285b-6d84-ca18-8c0b0036158b">
      <Execution id="90757b52-9dcc-4212-a3a4-1f0c42bf1b55" />
      <TestMethod codeBase="C:\Users\ericcarlson\Documents\GitHub\pickles\src\Pickles.TestFrameworks.UnitTests\bin\Debug\net6.0\PicklesDoc.Pickles.TestFrameworks.UnitTests.dll" adapterTypeName="executor://nunit3testexecutor/" className="PicklesDoc.Pickles.TestFrameworks.UnitTests.XUnit.XUnit2.WhenParsingxUnit2ResultsFile" name="ThenCanReadNotFoundScenarioCorrectly" />
    </UnitTest>
    <UnitTest name="ThenCanReadIndividualResultsFromScenarioOutline_MultipleExamplesWithDuplicateValues_ShouldMatchExamples" storage="c:\users\ericcarlson\documents\github\pickles\src\pickles.testframeworks.unittests\bin\debug\net6.0\picklesdoc.pickles.testframeworks.unittests.dll" id="2a27032e-00ea-3b79-aa12-bae663492183">
      <Execution id="307a5030-b546-4431-9d3a-090c9f68de99" />
      <TestMethod codeBase="C:\Users\ericcarlson\Documents\GitHub\pickles\src\Pickles.TestFrameworks.UnitTests\bin\Debug\net6.0\PicklesDoc.Pickles.TestFrameworks.UnitTests.dll" adapterTypeName="executor://nunit3testexecutor/" className="PicklesDoc.Pickles.TestFrameworks.UnitTests.XUnit.XUnit1.WhenParsingXUnitResultsFileWithIndividualResults" name="ThenCanReadIndividualResultsFromScenarioOutline_MultipleExamplesWithDuplicateValues_ShouldMatchExamples" />
    </UnitTest>
    <UnitTest name="ThenCanReadNotFoundFeatureCorrectly" storage="c:\users\ericcarlson\documents\github\pickles\src\pickles.testframeworks.unittests\bin\debug\net6.0\picklesdoc.pickles.testframeworks.unittests.dll" id="c6f15296-0fc2-f115-2027-fc75b24fa682">
      <Execution id="86578175-b0ec-42c6-8945-a1106b9af300" />
      <TestMethod codeBase="C:\Users\ericcarlson\Documents\GitHub\pickles\src\Pickles.TestFrameworks.UnitTests\bin\Debug\net6.0\PicklesDoc.Pickles.TestFrameworks.UnitTests.dll" adapterTypeName="executor://nunit3testexecutor/" className="PicklesDoc.Pickles.TestFrameworks.UnitTests.XUnit.XUnit1.WhenParsingxUnitResultsFile" name="ThenCanReadNotFoundFeatureCorrectly" />
    </UnitTest>
    <UnitTest name="ThenCanReadScenarioOutlineResultSuccessfully" storage="c:\users\ericcarlson\documents\github\pickles\src\pickles.testframeworks.unittests\bin\debug\net6.0\picklesdoc.pickles.testframeworks.unittests.dll" id="cc57926d-969f-f4d6-e13e-e69125306611">
      <Execution id="8f0f650f-7298-4c2c-8f04-663237cf40a7" />
      <TestMethod codeBase="C:\Users\ericcarlson\Documents\GitHub\pickles\src\Pickles.TestFrameworks.UnitTests\bin\Debug\net6.0\PicklesDoc.Pickles.TestFrameworks.UnitTests.dll" adapterTypeName="executor://nunit3testexecutor/" className="PicklesDoc.Pickles.TestFrameworks.UnitTests.SpecRun.WhenParsingSpecRunTestResultsFile" name="ThenCanReadScenarioOutlineResultSuccessfully" />
    </UnitTest>
    <UnitTest name="ThenCanReadResultOfScenarioOutlineWithFailingBackground" storage="c:\users\ericcarlson\documents\github\pickles\src\pickles.testframeworks.unittests\bin\debug\net6.0\picklesdoc.pickles.testframeworks.unittests.dll" id="a345261d-59be-f694-1a7a-ca5ce2d2d4c4">
      <Execution id="3b2ec903-6ba4-4b5e-81f5-6424157c743d" />
      <TestMethod codeBase="C:\Users\ericcarlson\Documents\GitHub\pickles\src\Pickles.TestFrameworks.UnitTests\bin\Debug\net6.0\PicklesDoc.Pickles.TestFrameworks.UnitTests.dll" adapterTypeName="executor://nunit3testexecutor/" className="PicklesDoc.Pickles.TestFrameworks.UnitTests.NUnit.NUnit2.WhenParsingNUnitResultsFile" name="ThenCanReadResultOfScenarioOutlineWithFailingBackground" />
    </UnitTest>
    <UnitTest name="ThenCanReadNotFoundFeatureCorrectly" storage="c:\users\ericcarlson\documents\github\pickles\src\pickles.testframeworks.unittests\bin\debug\net6.0\picklesdoc.pickles.testframeworks.unittests.dll" id="4227e0f9-8436-5214-22f2-5b8f8dec94a3">
      <Execution id="8fc4e7d1-850b-4f11-9d2b-b90c449ccdf9" />
      <TestMethod codeBase="C:\Users\ericcarlson\Documents\GitHub\pickles\src\Pickles.TestFrameworks.UnitTests\bin\Debug\net6.0\PicklesDoc.Pickles.TestFrameworks.UnitTests.dll" adapterTypeName="executor://nunit3testexecutor/" className="PicklesDoc.Pickles.TestFrameworks.UnitTests.VsTest.WhenParsingVsTestResultsFile" name="ThenCanReadNotFoundFeatureCorrectly" />
    </UnitTest>
    <UnitTest name="ThenCanReadFeatureResultSuccessfully" storage="c:\users\ericcarlson\documents\github\pickles\src\pickles.testframeworks.unittests\bin\debug\net6.0\picklesdoc.pickles.testframeworks.unittests.dll" id="8acd974b-58e6-d71d-65a7-9fcbeabcb975">
      <Execution id="5377c431-a1eb-4da8-8d31-4ae4ddb7d5ed" />
      <TestMethod codeBase="C:\Users\ericcarlson\Documents\GitHub\pickles\src\Pickles.TestFrameworks.UnitTests\bin\Debug\net6.0\PicklesDoc.Pickles.TestFrameworks.UnitTests.dll" adapterTypeName="executor://nunit3testexecutor/" className="PicklesDoc.Pickles.TestFrameworks.UnitTests.MsTest.WhenParsingMsTestResultsFile" name="ThenCanReadFeatureResultSuccessfully" />
    </UnitTest>
    <UnitTest name="ThenCanSuccessfullyMatchExamplesWithLongValues" storage="c:\users\ericcarlson\documents\github\pickles\src\pickles.testframeworks.unittests\bin\debug\net6.0\picklesdoc.pickles.testframeworks.unittests.dll" id="8f98acd7-c84b-a7f7-fb7f-0412075549d6">
      <Execution id="e666d089-c986-4082-9094-2c5587290886" />
      <TestMethod codeBase="C:\Users\ericcarlson\Documents\GitHub\pickles\src\Pickles.TestFrameworks.UnitTests\bin\Debug\net6.0\PicklesDoc.Pickles.TestFrameworks.UnitTests.dll" adapterTypeName="executor://nunit3testexecutor/" className="PicklesDoc.Pickles.TestFrameworks.UnitTests.NUnit.NUnit3.WhenDeterminingTheSignatureOfAnNunit3ExampleRow" name="ThenCanSuccessfullyMatchExamplesWithLongValues" />
    </UnitTest>
    <UnitTest name="ThenCanReadExamplesWithRegexValuesFromScenarioOutline_ShouldBeTestResultPassed" storage="c:\users\ericcarlson\documents\github\pickles\src\pickles.testframeworks.unittests\bin\debug\net6.0\picklesdoc.pickles.testframeworks.unittests.dll" id="0490562c-80e0-39a9-2279-32a1d1908d6e">
      <Execution id="b7f2bf0c-5268-4521-8926-8823626e856f" />
      <TestMethod codeBase="C:\Users\ericcarlson\Documents\GitHub\pickles\src\Pickles.TestFrameworks.UnitTests\bin\Debug\net6.0\PicklesDoc.Pickles.TestFrameworks.UnitTests.dll" adapterTypeName="executor://nunit3testexecutor/" className="PicklesDoc.Pickles.TestFrameworks.UnitTests.NUnit.NUnit2.WhenParsingNUnitResultsFileWithIndividualResults" name="ThenCanReadExamplesWithRegexValuesFromScenarioOutline_ShouldBeTestResultPassed" />
    </UnitTest>
    <UnitTest name="ThenCanReadResultOfScenarioOutlineExampleWithFailingBackground" storage="c:\users\ericcarlson\documents\github\pickles\src\pickles.testframeworks.unittests\bin\debug\net6.0\picklesdoc.pickles.testframeworks.unittests.dll" id="cadefb20-407b-c6d2-35c6-2e9949364070">
      <Execution id="e5ec2edd-6c0d-47a3-b01f-d67dbdb675d2" />
      <TestMethod codeBase="C:\Users\ericcarlson\Documents\GitHub\pickles\src\Pickles.TestFrameworks.UnitTests\bin\Debug\net6.0\PicklesDoc.Pickles.TestFrameworks.UnitTests.dll" adapterTypeName="executor://nunit3testexecutor/" className="PicklesDoc.Pickles.TestFrameworks.UnitTests.NUnit.NUnit2.WhenParsingNUnitResultsFile" name="ThenCanReadResultOfScenarioOutlineExampleWithFailingBackground" />
    </UnitTest>
    <UnitTest name="ThenCanReadResultOfScenarioOutlineWithUmlauts" storage="c:\users\ericcarlson\documents\github\pickles\src\pickles.testframeworks.unittests\bin\debug\net6.0\picklesdoc.pickles.testframeworks.unittests.dll" id="c50cc28e-ba3b-5d96-dbce-01f62e4d3c72">
      <Execution id="3f1202d8-2bb0-4d7e-873e-0372749a67d9" />
      <TestMethod codeBase="C:\Users\ericcarlson\Documents\GitHub\pickles\src\Pickles.TestFrameworks.UnitTests\bin\Debug\net6.0\PicklesDoc.Pickles.TestFrameworks.UnitTests.dll" adapterTypeName="executor://nunit3testexecutor/" className="PicklesDoc.Pickles.TestFrameworks.UnitTests.XUnit.XUnit1.WhenParsingxUnitResultsFile" name="ThenCanReadResultOfScenarioOutlineWithUmlauts" />
    </UnitTest>
    <UnitTest name="ThenCanReadIndividualResultsFromScenarioOutline_MultipleNamedExamplesWithDuplicateValues_ShouldMatchExamples" storage="c:\users\ericcarlson\documents\github\pickles\src\pickles.testframeworks.unittests\bin\debug\net6.0\picklesdoc.pickles.testframeworks.unittests.dll" id="c2c6b748-9b14-6f0a-0f8d-8c173d1905eb">
      <Execution id="592d48f9-5fb8-4f4f-bd01-be480b910ca5" />
      <TestMethod codeBase="C:\Users\ericcarlson\Documents\GitHub\pickles\src\Pickles.TestFrameworks.UnitTests\bin\Debug\net6.0\PicklesDoc.Pickles.TestFrameworks.UnitTests.dll" adapterTypeName="executor://nunit3testexecutor/" className="PicklesDoc.Pickles.TestFrameworks.UnitTests.MsTest.WhenParsingMsTestResultsFileWithIndividualResults" name="ThenCanReadIndividualResultsFromScenarioOutline_MultipleNamedExamplesWithDuplicateValues_ShouldMatchExamples" />
    </UnitTest>
    <UnitTest name="ThenCanReadIndividualResultsFromScenarioOutline_MultipleNamedExamplesWithDuplicateValues_ShouldMatchExamples" storage="c:\users\ericcarlson\documents\github\pickles\src\pickles.testframeworks.unittests\bin\debug\net6.0\picklesdoc.pickles.testframeworks.unittests.dll" id="11042bfa-6f03-b286-ef0b-94ab219837bb">
      <Execution id="42dc0d38-f5d8-4770-b382-3cb528a3b8a6" />
      <TestMethod codeBase="C:\Users\ericcarlson\Documents\GitHub\pickles\src\Pickles.TestFrameworks.UnitTests\bin\Debug\net6.0\PicklesDoc.Pickles.TestFrameworks.UnitTests.dll" adapterTypeName="executor://nunit3testexecutor/" className="PicklesDoc.Pickles.TestFrameworks.UnitTests.CucumberJson.WhenParsingCucumberJsonFromRubyResultsFileWithIndividualResults" name="ThenCanReadIndividualResultsFromScenarioOutline_MultipleNamedExamplesWithDuplicateValues_ShouldMatchExamples" />
    </UnitTest>
    <UnitTest name="ThenCanReadResultOfScenarioOutlineExampleWithFailingBackground" storage="c:\users\ericcarlson\documents\github\pickles\src\pickles.testframeworks.unittests\bin\debug\net6.0\picklesdoc.pickles.testframeworks.unittests.dll" id="3ac61dc8-78ef-0ee4-9390-ba6ea3941593">
      <Execution id="abd9c7ad-97f5-4111-8044-16e7187f3902" />
      <TestMethod codeBase="C:\Users\ericcarlson\Documents\GitHub\pickles\src\Pickles.TestFrameworks.UnitTests\bin\Debug\net6.0\PicklesDoc.Pickles.TestFrameworks.UnitTests.dll" adapterTypeName="executor://nunit3testexecutor/" className="PicklesDoc.Pickles.TestFrameworks.UnitTests.SpecRun.WhenParsingSpecRunTestResultsFile" name="ThenCanReadResultOfScenarioOutlineExampleWithFailingBackground" />
    </UnitTest>
    <UnitTest name="ThenCanReadFeatureResultWithoutThrowingException" storage="c:\users\ericcarlson\documents\github\pickles\src\pickles.testframeworks.unittests\bin\debug\net6.0\picklesdoc.pickles.testframeworks.unittests.dll" id="d38f3350-2c4c-d044-aa67-55d99697e67a">
      <Execution id="b6455e28-7ab1-4902-a596-ba738af09d50" />
      <TestMethod codeBase="C:\Users\ericcarlson\Documents\GitHub\pickles\src\Pickles.TestFrameworks.UnitTests\bin\Debug\net6.0\PicklesDoc.Pickles.TestFrameworks.UnitTests.dll" adapterTypeName="executor://nunit3testexecutor/" className="PicklesDoc.Pickles.TestFrameworks.UnitTests.NUnit.NUnit3.WhenParsingnUnit3ResultsFileWithMissingTraits" name="ThenCanReadFeatureResultWithoutThrowingException" />
    </UnitTest>
    <UnitTest name="ThenCanReadIndividualResultsFromScenarioOutline_OneFailed_ShouldBeTestResultFailed" storage="c:\users\ericcarlson\documents\github\pickles\src\pickles.testframeworks.unittests\bin\debug\net6.0\picklesdoc.pickles.testframeworks.unittests.dll" id="9d0329db-f847-cb4f-973e-3879b2c2692c">
      <Execution id="8776f3df-9ca2-4538-a34c-f5d986e43815" />
      <TestMethod codeBase="C:\Users\ericcarlson\Documents\GitHub\pickles\src\Pickles.TestFrameworks.UnitTests\bin\Debug\net6.0\PicklesDoc.Pickles.TestFrameworks.UnitTests.dll" adapterTypeName="executor://nunit3testexecutor/" className="PicklesDoc.Pickles.TestFrameworks.UnitTests.CucumberJson.WhenParsingCucumberJsonFromRubyResultsFileWithIndividualResults" name="ThenCanReadIndividualResultsFromScenarioOutline_OneFailed_ShouldBeTestResultFailed" />
    </UnitTest>
    <UnitTest name="ThenCanResolve(&quot;results-example-nunit.xml&quot;,&quot;NUnit.NUnit2.results-example-nunit.xml&quot;,NUnit,PicklesDoc.Pickles.TestFrameworks.NUnit.NUnit2.NUnit2Results)" storage="c:\users\ericcarlson\documents\github\pickles\src\pickles.testframeworks.unittests\bin\debug\net6.0\picklesdoc.pickles.testframeworks.unittests.dll" id="430e1815-dd76-b549-699a-644e400c7601">
      <Execution id="36c96ac5-cde3-44dd-9cda-7dafb2275855" />
      <TestMethod codeBase="C:\Users\ericcarlson\Documents\GitHub\pickles\src\Pickles.TestFrameworks.UnitTests\bin\Debug\net6.0\PicklesDoc.Pickles.TestFrameworks.UnitTests.dll" adapterTypeName="executor://nunit3testexecutor/" className="PicklesDoc.Pickles.TestFrameworks.UnitTests.WhenResolvingTestResults" name="ThenCanResolve(&quot;results-example-nunit.xml&quot;,&quot;NUnit.NUnit2.results-example-nunit.xml&quot;,NUnit,PicklesDoc.Pickles.TestFrameworks.NUnit.NUnit2.NUnit2Results)" />
    </UnitTest>
    <UnitTest name="ThenCanReadIndividualResultsFromScenarioOutline_MultipleNamedExamples_ShouldMatchExamples" storage="c:\users\ericcarlson\documents\github\pickles\src\pickles.testframeworks.unittests\bin\debug\net6.0\picklesdoc.pickles.testframeworks.unittests.dll" id="60839290-1eeb-d8b9-fa35-6da60cd7d64a">
      <Execution id="89a7d013-4a03-48fa-9def-170230db14d7" />
      <TestMethod codeBase="C:\Users\ericcarlson\Documents\GitHub\pickles\src\Pickles.TestFrameworks.UnitTests\bin\Debug\net6.0\PicklesDoc.Pickles.TestFrameworks.UnitTests.dll" adapterTypeName="executor://nunit3testexecutor/" className="PicklesDoc.Pickles.TestFrameworks.UnitTests.VsTest.WhenParsingVsTestResultsFileWithIndividualResults" name="ThenCanReadIndividualResultsFromScenarioOutline_MultipleNamedExamples_ShouldMatchExamples" />
    </UnitTest>
    <UnitTest name="ThenCanReadSuccessfulScenarioResultSuccessfully" storage="c:\users\ericcarlson\documents\github\pickles\src\pickles.testframeworks.unittests\bin\debug\net6.0\picklesdoc.pickles.testframeworks.unittests.dll" id="9553bcf1-c46a-a9e1-ecea-160af9ebe5b9">
      <Execution id="76554088-052d-47a6-b178-4b2d70f8a9f7" />
      <TestMethod codeBase="C:\Users\ericcarlson\Documents\GitHub\pickles\src\Pickles.TestFrameworks.UnitTests\bin\Debug\net6.0\PicklesDoc.Pickles.TestFrameworks.UnitTests.dll" adapterTypeName="executor://nunit3testexecutor/" className="PicklesDoc.Pickles.TestFrameworks.UnitTests.CucumberJson.WhenParsingCucumberJsonFromRubyResultsFile" name="ThenCanReadSuccessfulScenarioResultSuccessfully" />
    </UnitTest>
    <UnitTest name="ThenCanReadPassedFeatureResultSuccessfully" storage="c:\users\ericcarlson\documents\github\pickles\src\pickles.testframeworks.unittests\bin\debug\net6.0\picklesdoc.pickles.testframeworks.unittests.dll" id="465b8b22-ae43-8771-bab3-c61bdf88be2c">
      <Execution id="632ef0af-92c2-4c55-9489-9e2777eb6f40" />
      <TestMethod codeBase="C:\Users\ericcarlson\Documents\GitHub\pickles\src\Pickles.TestFrameworks.UnitTests\bin\Debug\net6.0\PicklesDoc.Pickles.TestFrameworks.UnitTests.dll" adapterTypeName="executor://nunit3testexecutor/" className="PicklesDoc.Pickles.TestFrameworks.UnitTests.CucumberJson.WhenParsingCucumberJsonFromRubyResultsFile" name="ThenCanReadPassedFeatureResultSuccessfully" />
    </UnitTest>
    <UnitTest name="ThenCanReadIndividualResultsFromScenarioOutline_OneFailed_ShouldBeTestResultFailed" storage="c:\users\ericcarlson\documents\github\pickles\src\pickles.testframeworks.unittests\bin\debug\net6.0\picklesdoc.pickles.testframeworks.unittests.dll" id="b60b2e32-2e62-9f1a-0957-c89aa9a236dd">
      <Execution id="d0ae4e00-7b39-4d48-8d3b-513be18d6146" />
      <TestMethod codeBase="C:\Users\ericcarlson\Documents\GitHub\pickles\src\Pickles.TestFrameworks.UnitTests\bin\Debug\net6.0\PicklesDoc.Pickles.TestFrameworks.UnitTests.dll" adapterTypeName="executor://nunit3testexecutor/" className="PicklesDoc.Pickles.TestFrameworks.UnitTests.SpecRun.WhenParsingSpecRunTestResultsFileWithIndividualResults" name="ThenCanReadIndividualResultsFromScenarioOutline_OneFailed_ShouldBeTestResultFailed" />
    </UnitTest>
    <UnitTest name="GetScenarioOutlineResult_OnePassingOneFailing_ReturnsFailed" storage="c:\users\ericcarlson\documents\github\pickles\src\pickles.testframeworks.unittests\bin\debug\net6.0\picklesdoc.pickles.testframeworks.unittests.dll" id="8f694c62-d589-ac54-3491-78ce2e9f9173">
      <Execution id="2c164494-6f54-46f1-bd02-fda76ab366e0" />
      <TestMethod codeBase="C:\Users\ericcarlson\Documents\GitHub\pickles\src\Pickles.TestFrameworks.UnitTests\bin\Debug\net6.0\PicklesDoc.Pickles.TestFrameworks.UnitTests.dll" adapterTypeName="executor://nunit3testexecutor/" className="PicklesDoc.Pickles.TestFrameworks.UnitTests.SpecRun.WhenParsingMultipleTestResultsTests" name="GetScenarioOutlineResult_OnePassingOneFailing_ReturnsFailed" />
    </UnitTest>
    <UnitTest name="ThenCanReadIndividualResultsFromScenarioOutline_AllPass_ShouldBeTestResultPassed" storage="c:\users\ericcarlson\documents\github\pickles\src\pickles.testframeworks.unittests\bin\debug\net6.0\picklesdoc.pickles.testframeworks.unittests.dll" id="ced3616f-3c88-db6e-d1dd-4edc14da40be">
      <Execution id="c109fe8c-34a0-4401-afe3-528193ca8c94" />
      <TestMethod codeBase="C:\Users\ericcarlson\Documents\GitHub\pickles\src\Pickles.TestFrameworks.UnitTests\bin\Debug\net6.0\PicklesDoc.Pickles.TestFrameworks.UnitTests.dll" adapterTypeName="executor://nunit3testexecutor/" className="PicklesDoc.Pickles.TestFrameworks.UnitTests.MsTest.WhenParsingMsTestResultsFileWithIndividualResults" name="ThenCanReadIndividualResultsFromScenarioOutline_AllPass_ShouldBeTestResultPassed" />
    </UnitTest>
    <UnitTest name="ThenCanReadInconclusiveScenarioResultSuccessfully" storage="c:\users\ericcarlson\documents\github\pickles\src\pickles.testframeworks.unittests\bin\debug\net6.0\picklesdoc.pickles.testframeworks.unittests.dll" id="631fe5fb-b05e-5e70-7bfe-0a09b32bd7e6">
      <Execution id="466a5b7a-af1d-4411-b71f-47de7662b22c" />
      <TestMethod codeBase="C:\Users\ericcarlson\Documents\GitHub\pickles\src\Pickles.TestFrameworks.UnitTests\bin\Debug\net6.0\PicklesDoc.Pickles.TestFrameworks.UnitTests.dll" adapterTypeName="executor://nunit3testexecutor/" className="PicklesDoc.Pickles.TestFrameworks.UnitTests.NUnit.NUnit2.WhenParsingNUnitResultsFile" name="ThenCanReadInconclusiveScenarioResultSuccessfully" />
    </UnitTest>
    <UnitTest name="ThenCanReadIndividualResultsFromScenarioOutline_MultipleExamplesWithDuplicateValues_ShouldMatchExamples" storage="c:\users\ericcarlson\documents\github\pickles\src\pickles.testframeworks.unittests\bin\debug\net6.0\picklesdoc.pickles.testframeworks.unittests.dll" id="6bd493a3-ac41-907d-ed2a-363507596529">
      <Execution id="9acde3fb-55d2-4079-8766-606afe5719bb" />
      <TestMethod codeBase="C:\Users\ericcarlson\Documents\GitHub\pickles\src\Pickles.TestFrameworks.UnitTests\bin\Debug\net6.0\PicklesDoc.Pickles.TestFrameworks.UnitTests.dll" adapterTypeName="executor://nunit3testexecutor/" className="PicklesDoc.Pickles.TestFrameworks.UnitTests.NUnit.NUnit2.WhenParsingNUnitResultsFileWithIndividualResults" name="ThenCanReadIndividualResultsFromScenarioOutline_MultipleExamplesWithDuplicateValues_ShouldMatchExamples" />
    </UnitTest>
    <UnitTest name="ThenCanReadResultOfScenarioOutlineWithFailingBackground" storage="c:\users\ericcarlson\documents\github\pickles\src\pickles.testframeworks.unittests\bin\debug\net6.0\picklesdoc.pickles.testframeworks.unittests.dll" id="65c51164-1841-273f-ce30-d1469bd02f88">
      <Execution id="3babc787-f2c9-49c8-be21-df0974ce6380" />
      <TestMethod codeBase="C:\Users\ericcarlson\Documents\GitHub\pickles\src\Pickles.TestFrameworks.UnitTests\bin\Debug\net6.0\PicklesDoc.Pickles.TestFrameworks.UnitTests.dll" adapterTypeName="executor://nunit3testexecutor/" className="PicklesDoc.Pickles.TestFrameworks.UnitTests.SpecRun.WhenParsingSpecRunTestResultsFile" name="ThenCanReadResultOfScenarioOutlineWithFailingBackground" />
    </UnitTest>
    <UnitTest name="ThenCanReadIndividualResultsFromScenarioOutline_ExamplesWithDuplicateValues_ShouldMatchExamples" storage="c:\users\ericcarlson\documents\github\pickles\src\pickles.testframeworks.unittests\bin\debug\net6.0\picklesdoc.pickles.testframeworks.unittests.dll" id="95936557-3c3b-a0be-ca02-74d60844464c">
      <Execution id="c1a798a3-4e88-438b-96ee-d32a5894a133" />
      <TestMethod codeBase="C:\Users\ericcarlson\Documents\GitHub\pickles\src\Pickles.TestFrameworks.UnitTests\bin\Debug\net6.0\PicklesDoc.Pickles.TestFrameworks.UnitTests.dll" adapterTypeName="executor://nunit3testexecutor/" className="PicklesDoc.Pickles.TestFrameworks.UnitTests.MsTest.WhenParsingMsTestResultsFileWithIndividualResults" name="ThenCanReadIndividualResultsFromScenarioOutline_ExamplesWithDuplicateValues_ShouldMatchExamples" />
    </UnitTest>
    <UnitTest name="ThenCanReadFeatureResultSuccessfully" storage="c:\users\ericcarlson\documents\github\pickles\src\pickles.testframeworks.unittests\bin\debug\net6.0\picklesdoc.pickles.testframeworks.unittests.dll" id="606a7735-aef6-0113-4704-36b83853043c">
      <Execution id="f255c912-6576-48fb-abcc-d41b2dfc6b9c" />
      <TestMethod codeBase="C:\Users\ericcarlson\Documents\GitHub\pickles\src\Pickles.TestFrameworks.UnitTests\bin\Debug\net6.0\PicklesDoc.Pickles.TestFrameworks.UnitTests.dll" adapterTypeName="executor://nunit3testexecutor/" className="PicklesDoc.Pickles.TestFrameworks.UnitTests.CucumberJson.WhenParsingCucumberJsonFromJSResultsFile" name="ThenCanReadFeatureResultSuccessfully" />
    </UnitTest>
    <UnitTest name="ThenCanReadSuccessfulScenarioResultSuccessfully" storage="c:\users\ericcarlson\documents\github\pickles\src\pickles.testframeworks.unittests\bin\debug\net6.0\picklesdoc.pickles.testframeworks.unittests.dll" id="1ba666a9-505f-17c4-4bdf-33a9bb6fc01d">
      <Execution id="50af5f57-223b-43b0-85b4-f856ccd4066c" />
      <TestMethod codeBase="C:\Users\ericcarlson\Documents\GitHub\pickles\src\Pickles.TestFrameworks.UnitTests\bin\Debug\net6.0\PicklesDoc.Pickles.TestFrameworks.UnitTests.dll" adapterTypeName="executor://nunit3testexecutor/" className="PicklesDoc.Pickles.TestFrameworks.UnitTests.NUnit.NUnit3.WhenParsingNunit3ResultsFile" name="ThenCanReadSuccessfulScenarioResultSuccessfully" />
    </UnitTest>
    <UnitTest name="ThenCanReadIndividualResultsFromScenarioOutline_MultipleExamplesWithDuplicateValues_ShouldMatchExamples" storage="c:\users\ericcarlson\documents\github\pickles\src\pickles.testframeworks.unittests\bin\debug\net6.0\picklesdoc.pickles.testframeworks.unittests.dll" id="ca7c5320-b258-ec0a-0209-15c9a535c03a">
      <Execution id="f03e8e0c-da9b-4b2c-9182-87fe4a361f76" />
      <TestMethod codeBase="C:\Users\ericcarlson\Documents\GitHub\pickles\src\Pickles.TestFrameworks.UnitTests\bin\Debug\net6.0\PicklesDoc.Pickles.TestFrameworks.UnitTests.dll" adapterTypeName="executor://nunit3testexecutor/" className="PicklesDoc.Pickles.TestFrameworks.UnitTests.CucumberJson.WhenParsingCucumberJsonFromRubyResultsFileWithIndividualResults" name="ThenCanReadIndividualResultsFromScenarioOutline_MultipleExamplesWithDuplicateValues_ShouldMatchExamples" />
    </UnitTest>
    <UnitTest name="ThenCanReadResultOfScenarioWithFailingBackground" storage="c:\users\ericcarlson\documents\github\pickles\src\pickles.testframeworks.unittests\bin\debug\net6.0\picklesdoc.pickles.testframeworks.unittests.dll" id="e4275a9b-8bad-38b9-332e-74176d2eb25f">
      <Execution id="284fcb06-c38a-4139-bb79-c14a8f02841b" />
      <TestMethod codeBase="C:\Users\ericcarlson\Documents\GitHub\pickles\src\Pickles.TestFrameworks.UnitTests\bin\Debug\net6.0\PicklesDoc.Pickles.TestFrameworks.UnitTests.dll" adapterTypeName="executor://nunit3testexecutor/" className="PicklesDoc.Pickles.TestFrameworks.UnitTests.NUnit.NUnit2.WhenParsingNUnitResultsFile" name="ThenCanReadResultOfScenarioWithFailingBackground" />
    </UnitTest>
    <UnitTest name="ThenDontThrowIfTheOutlineWasIgnored" storage="c:\users\ericcarlson\documents\github\pickles\src\pickles.testframeworks.unittests\bin\debug\net6.0\picklesdoc.pickles.testframeworks.unittests.dll" id="b65bf01a-1b91-6b6e-4a80-ca1071e8595d">
      <Execution id="093858c2-e51f-4148-9cb0-e25a0961ac84" />
      <TestMethod codeBase="C:\Users\ericcarlson\Documents\GitHub\pickles\src\Pickles.TestFrameworks.UnitTests\bin\Debug\net6.0\PicklesDoc.Pickles.TestFrameworks.UnitTests.dll" adapterTypeName="executor://nunit3testexecutor/" className="PicklesDoc.Pickles.TestFrameworks.UnitTests.XUnit.XUnit2.WhenMatchingAnXunit2ScenarioOutlineExample" name="ThenDontThrowIfTheOutlineWasIgnored" />
    </UnitTest>
    <UnitTest name="ThenCanReadResultOfScenarioWithDanishCharacters" storage="c:\users\ericcarlson\documents\github\pickles\src\pickles.testframeworks.unittests\bin\debug\net6.0\picklesdoc.pickles.testframeworks.unittests.dll" id="a0f0b9fe-c760-fce9-98fe-b72d6b75fdd4">
      <Execution id="2c15bc1a-870c-40a3-bcae-04ae7108febd" />
      <TestMethod codeBase="C:\Users\ericcarlson\Documents\GitHub\pickles\src\Pickles.TestFrameworks.UnitTests\bin\Debug\net6.0\PicklesDoc.Pickles.TestFrameworks.UnitTests.dll" adapterTypeName="executor://nunit3testexecutor/" className="PicklesDoc.Pickles.TestFrameworks.UnitTests.NUnit.NUnit3.WhenParsingNunit3ResultsFile" name="ThenCanReadResultOfScenarioWithDanishCharacters" />
    </UnitTest>
    <UnitTest name="RegularExpressionAsExampleContentMatches_With_Asterisk" storage="c:\users\ericcarlson\documents\github\pickles\src\pickles.testframeworks.unittests\bin\debug\net6.0\picklesdoc.pickles.testframeworks.unittests.dll" id="95a5821f-1395-86bd-c7b5-2db60e40402a">
      <Execution id="9f0856b0-bdae-461e-b4f4-373a3c07da01" />
      <TestMethod codeBase="C:\Users\ericcarlson\Documents\GitHub\pickles\src\Pickles.TestFrameworks.UnitTests\bin\Debug\net6.0\PicklesDoc.Pickles.TestFrameworks.UnitTests.dll" adapterTypeName="executor://nunit3testexecutor/" className="PicklesDoc.Pickles.TestFrameworks.UnitTests.XUnit.XUnit2.WhenDeterminingTheSignatureOfAnXUnit2ExampleRow" name="RegularExpressionAsExampleContentMatches_With_Asterisk" />
    </UnitTest>
    <UnitTest name="ThenCanReadResultOfScenarioWithSpanishCharacters" storage="c:\users\ericcarlson\documents\github\pickles\src\pickles.testframeworks.unittests\bin\debug\net6.0\picklesdoc.pickles.testframeworks.unittests.dll" id="bfcb74b4-5613-466e-636e-46588ff6d874">
      <Execution id="7398a0b7-43c8-4b9d-9311-a80ed7475361" />
      <TestMethod codeBase="C:\Users\ericcarlson\Documents\GitHub\pickles\src\Pickles.TestFrameworks.UnitTests\bin\Debug\net6.0\PicklesDoc.Pickles.TestFrameworks.UnitTests.dll" adapterTypeName="executor://nunit3testexecutor/" className="PicklesDoc.Pickles.TestFrameworks.UnitTests.NUnit.NUnit2.WhenParsingNUnitResultsFile" name="ThenCanReadResultOfScenarioWithSpanishCharacters" />
    </UnitTest>
    <UnitTest name="ThenCanReadResultOfScenarioWithSpanishCharacters" storage="c:\users\ericcarlson\documents\github\pickles\src\pickles.testframeworks.unittests\bin\debug\net6.0\picklesdoc.pickles.testframeworks.unittests.dll" id="ad017908-8d1a-0341-56bc-07e221b7fa03">
      <Execution id="e50c4fea-f942-4b11-a638-385284d07f8c" />
      <TestMethod codeBase="C:\Users\ericcarlson\Documents\GitHub\pickles\src\Pickles.TestFrameworks.UnitTests\bin\Debug\net6.0\PicklesDoc.Pickles.TestFrameworks.UnitTests.dll" adapterTypeName="executor://nunit3testexecutor/" className="PicklesDoc.Pickles.TestFrameworks.UnitTests.CucumberJson.WhenParsingCucumberJsonFromJSResultsFile" name="ThenCanReadResultOfScenarioWithSpanishCharacters" />
    </UnitTest>
    <UnitTest name="ThenCanReadBackgroundResultSuccessfully" storage="c:\users\ericcarlson\documents\github\pickles\src\pickles.testframeworks.unittests\bin\debug\net6.0\picklesdoc.pickles.testframeworks.unittests.dll" id="fe0fe535-97ea-db97-278f-86c835cfa276">
      <Execution id="f2fc78be-0a4c-4473-bfb4-e8096f758fe7" />
      <TestMethod codeBase="C:\Users\ericcarlson\Documents\GitHub\pickles\src\Pickles.TestFrameworks.UnitTests\bin\Debug\net6.0\PicklesDoc.Pickles.TestFrameworks.UnitTests.dll" adapterTypeName="executor://nunit3testexecutor/" className="PicklesDoc.Pickles.TestFrameworks.UnitTests.SpecRun.WhenParsingSpecRunTestResultsFile" name="ThenCanReadBackgroundResultSuccessfully" />
    </UnitTest>
    <UnitTest name="ThenCanReadResultOfScenarioWithDanishCharacters" storage="c:\users\ericcarlson\documents\github\pickles\src\pickles.testframeworks.unittests\bin\debug\net6.0\picklesdoc.pickles.testframeworks.unittests.dll" id="fcdc4ad3-b05f-80e2-df7c-dfcaf995ac74">
      <Execution id="c0fa25ed-3a20-4867-96f7-60f911c06d89" />
      <TestMethod codeBase="C:\Users\ericcarlson\Documents\GitHub\pickles\src\Pickles.TestFrameworks.UnitTests\bin\Debug\net6.0\PicklesDoc.Pickles.TestFrameworks.UnitTests.dll" adapterTypeName="executor://nunit3testexecutor/" className="PicklesDoc.Pickles.TestFrameworks.UnitTests.CucumberJson.WhenParsingCucumberJsonFromJSResultsFile" name="ThenCanReadResultOfScenarioWithDanishCharacters" />
    </UnitTest>
    <UnitTest name="ThenCanReadResultOfScenarioOutlineExampleWithFailingBackground" storage="c:\users\ericcarlson\documents\github\pickles\src\pickles.testframeworks.unittests\bin\debug\net6.0\picklesdoc.pickles.testframeworks.unittests.dll" id="76e6779b-a81e-af08-fa5a-6175a7306b7c">
      <Execution id="90b5ebee-425a-4196-8ae7-ad45964b714b" />
      <TestMethod codeBase="C:\Users\ericcarlson\Documents\GitHub\pickles\src\Pickles.TestFrameworks.UnitTests\bin\Debug\net6.0\PicklesDoc.Pickles.TestFrameworks.UnitTests.dll" adapterTypeName="executor://nunit3testexecutor/" className="PicklesDoc.Pickles.TestFrameworks.UnitTests.NUnit.NUnit3.WhenParsingNunit3ResultsFile" name="ThenCanReadResultOfScenarioOutlineExampleWithFailingBackground" />
    </UnitTest>
    <UnitTest name="ThenCanReadIndividualResultsFromScenarioOutline_MultipleNamedExamplesWithDuplicateValues_ShouldMatchExamples" storage="c:\users\ericcarlson\documents\github\pickles\src\pickles.testframeworks.unittests\bin\debug\net6.0\picklesdoc.pickles.testframeworks.unittests.dll" id="f6472f07-5ce8-7db5-6dd2-9068452de237">
      <Execution id="95b6bc84-73cf-4726-bde4-0baa371b652b" />
      <TestMethod codeBase="C:\Users\ericcarlson\Documents\GitHub\pickles\src\Pickles.TestFrameworks.UnitTests\bin\Debug\net6.0\PicklesDoc.Pickles.TestFrameworks.UnitTests.dll" adapterTypeName="executor://nunit3testexecutor/" className="PicklesDoc.Pickles.TestFrameworks.UnitTests.VsTest.WhenParsingVsTestResultsFileWithIndividualResults" name="ThenCanReadIndividualResultsFromScenarioOutline_MultipleNamedExamplesWithDuplicateValues_ShouldMatchExamples" />
    </UnitTest>
    <UnitTest name="ThenCanReadFeatureResultWithoutThrowingException" storage="c:\users\ericcarlson\documents\github\pickles\src\pickles.testframeworks.unittests\bin\debug\net6.0\picklesdoc.pickles.testframeworks.unittests.dll" id="91607d23-bc6b-f681-4a48-14272be4cab9">
      <Execution id="3bec56df-4609-4972-9f24-4efd086639f1" />
      <TestMethod codeBase="C:\Users\ericcarlson\Documents\GitHub\pickles\src\Pickles.TestFrameworks.UnitTests\bin\Debug\net6.0\PicklesDoc.Pickles.TestFrameworks.UnitTests.dll" adapterTypeName="executor://nunit3testexecutor/" className="PicklesDoc.Pickles.TestFrameworks.UnitTests.MsTest.WhenParsingMsTestResultsFileWithMissingTraits" name="ThenCanReadFeatureResultWithoutThrowingException" />
    </UnitTest>
    <UnitTest name="ThenCanReadScenarioOutlineResultSuccessfully" storage="c:\users\ericcarlson\documents\github\pickles\src\pickles.testframeworks.unittests\bin\debug\net6.0\picklesdoc.pickles.testframeworks.unittests.dll" id="996b6d38-8904-1e30-ea22-94e60915db8c">
      <Execution id="514bdb8b-54c1-447b-8d78-ab10d8ca14a2" />
      <TestMethod codeBase="C:\Users\ericcarlson\Documents\GitHub\pickles\src\Pickles.TestFrameworks.UnitTests\bin\Debug\net6.0\PicklesDoc.Pickles.TestFrameworks.UnitTests.dll" adapterTypeName="executor://nunit3testexecutor/" className="PicklesDoc.Pickles.TestFrameworks.UnitTests.NUnit.NUnit2.WhenParsingNUnitResultsFile" name="ThenCanReadScenarioOutlineResultSuccessfully" />
    </UnitTest>
    <UnitTest name="ThenCanReadPassedFeatureResultSuccessfully" storage="c:\users\ericcarlson\documents\github\pickles\src\pickles.testframeworks.unittests\bin\debug\net6.0\picklesdoc.pickles.testframeworks.unittests.dll" id="79eb825b-0ac9-6c28-1949-0ddaebf10cfc">
      <Execution id="5731332d-2441-4beb-91f0-4536b438cfb8" />
      <TestMethod codeBase="C:\Users\ericcarlson\Documents\GitHub\pickles\src\Pickles.TestFrameworks.UnitTests\bin\Debug\net6.0\PicklesDoc.Pickles.TestFrameworks.UnitTests.dll" adapterTypeName="executor://nunit3testexecutor/" className="PicklesDoc.Pickles.TestFrameworks.UnitTests.CucumberJson.WhenParsingCucumberJsonFromJSResultsFile" name="ThenCanReadPassedFeatureResultSuccessfully" />
    </UnitTest>
    <UnitTest name="ThenCanReadResultOfScenarioOutlineWithUmlauts" storage="c:\users\ericcarlson\documents\github\pickles\src\pickles.testframeworks.unittests\bin\debug\net6.0\picklesdoc.pickles.testframeworks.unittests.dll" id="9347f5be-5008-ff2d-ab85-8c6415e57b12">
      <Execution id="c1cd5a11-c3db-464f-a2b8-91ab3d49f81a" />
      <TestMethod codeBase="C:\Users\ericcarlson\Documents\GitHub\pickles\src\Pickles.TestFrameworks.UnitTests\bin\Debug\net6.0\PicklesDoc.Pickles.TestFrameworks.UnitTests.dll" adapterTypeName="executor://nunit3testexecutor/" className="PicklesDoc.Pickles.TestFrameworks.UnitTests.SpecRun.WhenParsingSpecRunTestResultsFile" name="ThenCanReadResultOfScenarioOutlineWithUmlauts" />
    </UnitTest>
    <UnitTest name="ThenCanReadResultOfFeatureWithFailingBackground" storage="c:\users\ericcarlson\documents\github\pickles\src\pickles.testframeworks.unittests\bin\debug\net6.0\picklesdoc.pickles.testframeworks.unittests.dll" id="ed1f5b6f-32d8-84ac-275a-18cb835c861f">
      <Execution id="cc56c59a-3200-4f87-973f-9a058ae1baf9" />
      <TestMethod codeBase="C:\Users\ericcarlson\Documents\GitHub\pickles\src\Pickles.TestFrameworks.UnitTests\bin\Debug\net6.0\PicklesDoc.Pickles.TestFrameworks.UnitTests.dll" adapterTypeName="executor://nunit3testexecutor/" className="PicklesDoc.Pickles.TestFrameworks.UnitTests.MsTest.WhenParsingMsTestResultsFile" name="ThenCanReadResultOfFeatureWithFailingBackground" />
    </UnitTest>
    <UnitTest name="ThenCanReadIgnoredScenarioResultSuccessfully" storage="c:\users\ericcarlson\documents\github\pickles\src\pickles.testframeworks.unittests\bin\debug\net6.0\picklesdoc.pickles.testframeworks.unittests.dll" id="8859dd67-9eea-687f-ff9c-c8608298b7a0">
      <Execution id="72a6e9a0-c742-4100-b916-739e6975fd3d" />
      <TestMethod codeBase="C:\Users\ericcarlson\Documents\GitHub\pickles\src\Pickles.TestFrameworks.UnitTests\bin\Debug\net6.0\PicklesDoc.Pickles.TestFrameworks.UnitTests.dll" adapterTypeName="executor://nunit3testexecutor/" className="PicklesDoc.Pickles.TestFrameworks.UnitTests.NUnit.NUnit2.WhenParsingNUnitResultsFile" name="ThenCanReadIgnoredScenarioResultSuccessfully" />
    </UnitTest>
    <UnitTest name="ThenCanSuccessfullyMatchSpecialCharacters" storage="c:\users\ericcarlson\documents\github\pickles\src\pickles.testframeworks.unittests\bin\debug\net6.0\picklesdoc.pickles.testframeworks.unittests.dll" id="ded252ea-8f84-3526-fab0-59d3517f77f7">
      <Execution id="3f27cd7b-fa05-445e-a5e8-58231f3fc66a" />
      <TestMethod codeBase="C:\Users\ericcarlson\Documents\GitHub\pickles\src\Pickles.TestFrameworks.UnitTests\bin\Debug\net6.0\PicklesDoc.Pickles.TestFrameworks.UnitTests.dll" adapterTypeName="executor://nunit3testexecutor/" className="PicklesDoc.Pickles.TestFrameworks.UnitTests.NUnit.NUnit3.WhenDeterminingTheSignatureOfAnNunit3ExampleRow" name="ThenCanSuccessfullyMatchSpecialCharacters" />
    </UnitTest>
    <UnitTest name="ThenCanReadExamplesWithRegexValuesFromScenarioOutline_ShouldBeTestResultPassed" storage="c:\users\ericcarlson\documents\github\pickles\src\pickles.testframeworks.unittests\bin\debug\net6.0\picklesdoc.pickles.testframeworks.unittests.dll" id="787e4f4b-a6f8-e61e-60f5-7ef57c15df22">
      <Execution id="af59aae5-2b28-4d0c-bc9e-fbae42916cc7" />
      <TestMethod codeBase="C:\Users\ericcarlson\Documents\GitHub\pickles\src\Pickles.TestFrameworks.UnitTests\bin\Debug\net6.0\PicklesDoc.Pickles.TestFrameworks.UnitTests.dll" adapterTypeName="executor://nunit3testexecutor/" className="PicklesDoc.Pickles.TestFrameworks.UnitTests.CucumberJson.WhenParsingCucumberJsonFromJSResultsFileWithIndividualResults" name="ThenCanReadExamplesWithRegexValuesFromScenarioOutline_ShouldBeTestResultPassed" />
    </UnitTest>
    <UnitTest name="ThenCanReadIndividualResultsFromScenarioOutline_OneInconclusive_ShouldBeTestResultInconclusive" storage="c:\users\ericcarlson\documents\github\pickles\src\pickles.testframeworks.unittests\bin\debug\net6.0\picklesdoc.pickles.testframeworks.unittests.dll" id="11a87397-1757-077d-c7e6-d2ba1dcbdd5b">
      <Execution id="410aa794-0ba5-4041-9a27-f23689d61faf" />
      <TestMethod codeBase="C:\Users\ericcarlson\Documents\GitHub\pickles\src\Pickles.TestFrameworks.UnitTests\bin\Debug\net6.0\PicklesDoc.Pickles.TestFrameworks.UnitTests.dll" adapterTypeName="executor://nunit3testexecutor/" className="PicklesDoc.Pickles.TestFrameworks.UnitTests.CucumberJson.WhenParsingCucumberJsonFromJSResultsFileWithIndividualResults" name="ThenCanReadIndividualResultsFromScenarioOutline_OneInconclusive_ShouldBeTestResultInconclusive" />
    </UnitTest>
    <UnitTest name="ThenCanReadExamplesWithRegexValuesFromScenarioOutline_ShouldBeTestResultPassed" storage="c:\users\ericcarlson\documents\github\pickles\src\pickles.testframeworks.unittests\bin\debug\net6.0\picklesdoc.pickles.testframeworks.unittests.dll" id="d39a468f-9980-5d97-4555-244415136c85">
      <Execution id="2244c22a-fdd3-4b38-a645-37bb50f30367" />
      <TestMethod codeBase="C:\Users\ericcarlson\Documents\GitHub\pickles\src\Pickles.TestFrameworks.UnitTests\bin\Debug\net6.0\PicklesDoc.Pickles.TestFrameworks.UnitTests.dll" adapterTypeName="executor://nunit3testexecutor/" className="PicklesDoc.Pickles.TestFrameworks.UnitTests.CucumberJson.WhenParsingCucumberJsonFromRubyResultsFileWithIndividualResults" name="ThenCanReadExamplesWithRegexValuesFromScenarioOutline_ShouldBeTestResultPassed" />
    </UnitTest>
    <UnitTest name="ThenCanReadResultOfScenarioWithDanishCharacters" storage="c:\users\ericcarlson\documents\github\pickles\src\pickles.testframeworks.unittests\bin\debug\net6.0\picklesdoc.pickles.testframeworks.unittests.dll" id="ad26ac72-d472-3446-b429-a39e27a79b16">
      <Execution id="3e3f5f5b-93c3-48ea-b403-fec9d04f60ca" />
      <TestMethod codeBase="C:\Users\ericcarlson\Documents\GitHub\pickles\src\Pickles.TestFrameworks.UnitTests\bin\Debug\net6.0\PicklesDoc.Pickles.TestFrameworks.UnitTests.dll" adapterTypeName="executor://nunit3testexecutor/" className="PicklesDoc.Pickles.TestFrameworks.UnitTests.NUnit.NUnit3.WhenParsingNunit3ResultsFileForNunit2Tests" name="ThenCanReadResultOfScenarioWithDanishCharacters" />
    </UnitTest>
    <UnitTest name="ThenCanReadBackgroundResultSuccessfully" storage="c:\users\ericcarlson\documents\github\pickles\src\pickles.testframeworks.unittests\bin\debug\net6.0\picklesdoc.pickles.testframeworks.unittests.dll" id="6c46f24c-c8b8-c4b7-29db-f35f6312df35">
      <Execution id="bc3ba7ca-2943-4a4b-892f-8543d0e18ad7" />
      <TestMethod codeBase="C:\Users\ericcarlson\Documents\GitHub\pickles\src\Pickles.TestFrameworks.UnitTests\bin\Debug\net6.0\PicklesDoc.Pickles.TestFrameworks.UnitTests.dll" adapterTypeName="executor://nunit3testexecutor/" className="PicklesDoc.Pickles.TestFrameworks.UnitTests.MsTest.WhenParsingMsTestResultsFile" name="ThenCanReadBackgroundResultSuccessfully" />
    </UnitTest>
    <UnitTest name="ThenCanReadIgnoredScenarioResultSuccessfully" storage="c:\users\ericcarlson\documents\github\pickles\src\pickles.testframeworks.unittests\bin\debug\net6.0\picklesdoc.pickles.testframeworks.unittests.dll" id="789c4d26-9e90-9921-3680-81bb7e50813e">
      <Execution id="34ab5d86-f35f-4382-b83a-cee3bcdb92f6" />
      <TestMethod codeBase="C:\Users\ericcarlson\Documents\GitHub\pickles\src\Pickles.TestFrameworks.UnitTests\bin\Debug\net6.0\PicklesDoc.Pickles.TestFrameworks.UnitTests.dll" adapterTypeName="executor://nunit3testexecutor/" className="PicklesDoc.Pickles.TestFrameworks.UnitTests.SpecRun.WhenParsingSpecRunTestResultsFile" name="ThenCanReadIgnoredScenarioResultSuccessfully" />
    </UnitTest>
    <UnitTest name="ThenCanReadIndividualResultsFromScenarioOutline_OneInconclusive_ShouldBeTestResultInconclusive" storage="c:\users\ericcarlson\documents\github\pickles\src\pickles.testframeworks.unittests\bin\debug\net6.0\picklesdoc.pickles.testframeworks.unittests.dll" id="256a8d96-ed89-157f-5f7b-6e821bc88fbc">
      <Execution id="4f87a754-1135-49bb-b00c-975ff3e49df3" />
      <TestMethod codeBase="C:\Users\ericcarlson\Documents\GitHub\pickles\src\Pickles.TestFrameworks.UnitTests\bin\Debug\net6.0\PicklesDoc.Pickles.TestFrameworks.UnitTests.dll" adapterTypeName="executor://nunit3testexecutor/" className="PicklesDoc.Pickles.TestFrameworks.UnitTests.MsTest.WhenParsingMsTestResultsFileWithIndividualResults" name="ThenCanReadIndividualResultsFromScenarioOutline_OneInconclusive_ShouldBeTestResultInconclusive" />
    </UnitTest>
    <UnitTest name="ThenCanReadResultOfScenarioOutlineWithSpecialCharacters" storage="c:\users\ericcarlson\documents\github\pickles\src\pickles.testframeworks.unittests\bin\debug\net6.0\picklesdoc.pickles.testframeworks.unittests.dll" id="26745cdf-54c9-6722-4605-f8b66ff30e43">
      <Execution id="08b9912e-dcfc-4a58-8e3b-61e0330f9c59" />
      <TestMethod codeBase="C:\Users\ericcarlson\Documents\GitHub\pickles\src\Pickles.TestFrameworks.UnitTests\bin\Debug\net6.0\PicklesDoc.Pickles.TestFrameworks.UnitTests.dll" adapterTypeName="executor://nunit3testexecutor/" className="PicklesDoc.Pickles.TestFrameworks.UnitTests.NUnit.NUnit3.WhenParsingNunit3ResultsFile" name="ThenCanReadResultOfScenarioOutlineWithSpecialCharacters" />
    </UnitTest>
    <UnitTest name="ThenCanReadNotFoundFeatureCorrectly" storage="c:\users\ericcarlson\documents\github\pickles\src\pickles.testframeworks.unittests\bin\debug\net6.0\picklesdoc.pickles.testframeworks.unittests.dll" id="6f030a63-1915-c5bb-effc-e00334ecdc58">
      <Execution id="19886e14-716a-4443-a328-e2f9d2064618" />
      <TestMethod codeBase="C:\Users\ericcarlson\Documents\GitHub\pickles\src\Pickles.TestFrameworks.UnitTests\bin\Debug\net6.0\PicklesDoc.Pickles.TestFrameworks.UnitTests.dll" adapterTypeName="executor://nunit3testexecutor/" className="PicklesDoc.Pickles.TestFrameworks.UnitTests.CucumberJson.WhenParsingCucumberJsonFromJSResultsFile" name="ThenCanReadNotFoundFeatureCorrectly" />
    </UnitTest>
    <UnitTest name="ThenCanReadIndividualResultsFromScenarioOutline_ContainingDollarSigns_ShouldBeTestResultSuccess" storage="c:\users\ericcarlson\documents\github\pickles\src\pickles.testframeworks.unittests\bin\debug\net6.0\picklesdoc.pickles.testframeworks.unittests.dll" id="65a73572-199f-331d-bb7a-e00446e83c06">
      <Execution id="e2d17d3a-98e2-479b-b60c-81d1d6501f32" />
      <TestMethod codeBase="C:\Users\ericcarlson\Documents\GitHub\pickles\src\Pickles.TestFrameworks.UnitTests\bin\Debug\net6.0\PicklesDoc.Pickles.TestFrameworks.UnitTests.dll" adapterTypeName="executor://nunit3testexecutor/" className="PicklesDoc.Pickles.TestFrameworks.UnitTests.NUnit.NUnit2.WhenParsingProblematicScenarioOutlineResults" name="ThenCanReadIndividualResultsFromScenarioOutline_ContainingDollarSigns_ShouldBeTestResultSuccess" />
    </UnitTest>
    <UnitTest name="ThenCanReadFailedScenarioResultSuccessfully" storage="c:\users\ericcarlson\documents\github\pickles\src\pickles.testframeworks.unittests\bin\debug\net6.0\picklesdoc.pickles.testframeworks.unittests.dll" id="5dcd44f1-cbb8-8d6b-534f-9d513b76d8e6">
      <Execution id="1b199d2d-6702-44dc-beda-65971e511726" />
      <TestMethod codeBase="C:\Users\ericcarlson\Documents\GitHub\pickles\src\Pickles.TestFrameworks.UnitTests\bin\Debug\net6.0\PicklesDoc.Pickles.TestFrameworks.UnitTests.dll" adapterTypeName="executor://nunit3testexecutor/" className="PicklesDoc.Pickles.TestFrameworks.UnitTests.NUnit.NUnit2.WhenParsingNUnitResultsFile" name="ThenCanReadFailedScenarioResultSuccessfully" />
    </UnitTest>
    <UnitTest name="ThenCanReadPassedScenarioResultSuccessfully" storage="c:\users\ericcarlson\documents\github\pickles\src\pickles.testframeworks.unittests\bin\debug\net6.0\picklesdoc.pickles.testframeworks.unittests.dll" id="249eb19e-fedc-463a-7645-04bc4a4b0dd3">
      <Execution id="640fef09-57a2-4923-87b5-03f9e9d26cae" />
      <TestMethod codeBase="C:\Users\ericcarlson\Documents\GitHub\pickles\src\Pickles.TestFrameworks.UnitTests\bin\Debug\net6.0\PicklesDoc.Pickles.TestFrameworks.UnitTests.dll" adapterTypeName="executor://nunit3testexecutor/" className="PicklesDoc.Pickles.TestFrameworks.UnitTests.MsTest.WhenParsingMultipleMsTestTestResultsFiles" name="ThenCanReadPassedScenarioResultSuccessfully" />
    </UnitTest>
    <UnitTest name="ThenCanResolve(&quot;results-example-xunit2.xml&quot;,&quot;XUnit.XUnit2.results-example-xunit2.xml&quot;,xUnit2,PicklesDoc.Pickles.TestFrameworks.XUnit.XUnit2.XUnit2Results)" storage="c:\users\ericcarlson\documents\github\pickles\src\pickles.testframeworks.unittests\bin\debug\net6.0\picklesdoc.pickles.testframeworks.unittests.dll" id="32e9b154-88f8-7f55-059c-e846ef3efc38">
      <Execution id="70660b0b-63ab-43d6-b2ef-d29372c90a7f" />
      <TestMethod codeBase="C:\Users\ericcarlson\Documents\GitHub\pickles\src\Pickles.TestFrameworks.UnitTests\bin\Debug\net6.0\PicklesDoc.Pickles.TestFrameworks.UnitTests.dll" adapterTypeName="executor://nunit3testexecutor/" className="PicklesDoc.Pickles.TestFrameworks.UnitTests.WhenResolvingTestResults" name="ThenCanResolve(&quot;results-example-xunit2.xml&quot;,&quot;XUnit.XUnit2.results-example-xunit2.xml&quot;,xUnit2,PicklesDoc.Pickles.TestFrameworks.XUnit.XUnit2.XUnit2Results)" />
    </UnitTest>
    <UnitTest name="ThenCanReadIndividualResultsFromScenarioOutline_AllPass_ShouldBeTestResultPassed" storage="c:\users\ericcarlson\documents\github\pickles\src\pickles.testframeworks.unittests\bin\debug\net6.0\picklesdoc.pickles.testframeworks.unittests.dll" id="a082270a-fadb-de54-1aa3-b3ff6bca16d1">
      <Execution id="621fc5e4-54e0-470d-be81-fe6d816c80df" />
      <TestMethod codeBase="C:\Users\ericcarlson\Documents\GitHub\pickles\src\Pickles.TestFrameworks.UnitTests\bin\Debug\net6.0\PicklesDoc.Pickles.TestFrameworks.UnitTests.dll" adapterTypeName="executor://nunit3testexecutor/" className="PicklesDoc.Pickles.TestFrameworks.UnitTests.CucumberJson.WhenParsingCucumberJsonFromRubyResultsFileWithIndividualResults" name="ThenCanReadIndividualResultsFromScenarioOutline_AllPass_ShouldBeTestResultPassed" />
    </UnitTest>
    <UnitTest name="ThenCanReadResultOfFeatureWithFailingBackground" storage="c:\users\ericcarlson\documents\github\pickles\src\pickles.testframeworks.unittests\bin\debug\net6.0\picklesdoc.pickles.testframeworks.unittests.dll" id="8fd04541-1f43-6b67-271f-30979468cdcb">
      <Execution id="4388c842-098b-40fc-afe2-68c30aafb60b" />
      <TestMethod codeBase="C:\Users\ericcarlson\Documents\GitHub\pickles\src\Pickles.TestFrameworks.UnitTests\bin\Debug\net6.0\PicklesDoc.Pickles.TestFrameworks.UnitTests.dll" adapterTypeName="executor://nunit3testexecutor/" className="PicklesDoc.Pickles.TestFrameworks.UnitTests.XUnit.XUnit2.WhenParsingxUnit2ResultsFile" name="ThenCanReadResultOfFeatureWithFailingBackground" />
    </UnitTest>
    <UnitTest name="ThenCanReadIndividualResultsFromScenarioOutline_MultipleExamplesWithDuplicateValues_ShouldMatchExamples" storage="c:\users\ericcarlson\documents\github\pickles\src\pickles.testframeworks.unittests\bin\debug\net6.0\picklesdoc.pickles.testframeworks.unittests.dll" id="5178c6a1-917a-63ef-4a44-3f3fa3a4a76b">
      <Execution id="48a0d8f2-cbfc-4017-aeab-648e15c426e8" />
      <TestMethod codeBase="C:\Users\ericcarlson\Documents\GitHub\pickles\src\Pickles.TestFrameworks.UnitTests\bin\Debug\net6.0\PicklesDoc.Pickles.TestFrameworks.UnitTests.dll" adapterTypeName="executor://nunit3testexecutor/" className="PicklesDoc.Pickles.TestFrameworks.UnitTests.MsTest.WhenParsingMsTestResultsFileWithIndividualResults" name="ThenCanReadIndividualResultsFromScenarioOutline_MultipleExamplesWithDuplicateValues_ShouldMatchExamples" />
    </UnitTest>
    <UnitTest name="ThenCanReadResultOfScenarioOutlineExampleWithFailingBackground" storage="c:\users\ericcarlson\documents\github\pickles\src\pickles.testframeworks.unittests\bin\debug\net6.0\picklesdoc.pickles.testframeworks.unittests.dll" id="b6b4e5c5-badb-9c66-8425-431f3f703e83">
      <Execution id="0a132b73-daea-4058-8fca-c984c3f5a8df" />
      <TestMethod codeBase="C:\Users\ericcarlson\Documents\GitHub\pickles\src\Pickles.TestFrameworks.UnitTests\bin\Debug\net6.0\PicklesDoc.Pickles.TestFrameworks.UnitTests.dll" adapterTypeName="executor://nunit3testexecutor/" className="PicklesDoc.Pickles.TestFrameworks.UnitTests.CucumberJson.WhenParsingCucumberJsonFromRubyResultsFile" name="ThenCanReadResultOfScenarioOutlineExampleWithFailingBackground" />
    </UnitTest>
    <UnitTest name="ThenCanReadResultsWithParenthesis" storage="c:\users\ericcarlson\documents\github\pickles\src\pickles.testframeworks.unittests\bin\debug\net6.0\picklesdoc.pickles.testframeworks.unittests.dll" id="2b2c3e93-fce0-8fb6-cf91-4df9fcc9f54b">
      <Execution id="406bdb7b-d6d3-4177-9882-474ba3fc1dcd" />
      <TestMethod codeBase="C:\Users\ericcarlson\Documents\GitHub\pickles\src\Pickles.TestFrameworks.UnitTests\bin\Debug\net6.0\PicklesDoc.Pickles.TestFrameworks.UnitTests.dll" adapterTypeName="executor://nunit3testexecutor/" className="PicklesDoc.Pickles.TestFrameworks.UnitTests.NUnit.NUnit3.WhenParsingNunit3ResultsFile" name="ThenCanReadResultsWithParenthesis" />
    </UnitTest>
    <UnitTest name="ThenCanReadIgnoredScenarioResultSuccessfully" storage="c:\users\ericcarlson\documents\github\pickles\src\pickles.testframeworks.unittests\bin\debug\net6.0\picklesdoc.pickles.testframeworks.unittests.dll" id="eecc6ae5-4868-d53f-bcda-2ec72c5d7ea3">
      <Execution id="52c347d0-0bb4-46b7-8bdd-905f1b8a7836" />
      <TestMethod codeBase="C:\Users\ericcarlson\Documents\GitHub\pickles\src\Pickles.TestFrameworks.UnitTests\bin\Debug\net6.0\PicklesDoc.Pickles.TestFrameworks.UnitTests.dll" adapterTypeName="executor://nunit3testexecutor/" className="PicklesDoc.Pickles.TestFrameworks.UnitTests.NUnit.NUnit3.WhenParsingNunit3ResultsFile" name="ThenCanReadIgnoredScenarioResultSuccessfully" />
    </UnitTest>
    <UnitTest name="ThenCanReadIndividualResultsFromScenarioOutline_MultipleExampleSections_ShouldBeTestResultFailed" storage="c:\users\ericcarlson\documents\github\pickles\src\pickles.testframeworks.unittests\bin\debug\net6.0\picklesdoc.pickles.testframeworks.unittests.dll" id="87211bb6-e48e-1d49-fcdf-06cad7d36de4">
      <Execution id="4f0f1a70-cd5c-4884-9b9a-3eeb99212c90" />
      <TestMethod codeBase="C:\Users\ericcarlson\Documents\GitHub\pickles\src\Pickles.TestFrameworks.UnitTests\bin\Debug\net6.0\PicklesDoc.Pickles.TestFrameworks.UnitTests.dll" adapterTypeName="executor://nunit3testexecutor/" className="PicklesDoc.Pickles.TestFrameworks.UnitTests.XUnit.XUnit1.WhenParsingXUnitResultsFileWithIndividualResults" name="ThenCanReadIndividualResultsFromScenarioOutline_MultipleExampleSections_ShouldBeTestResultFailed" />
    </UnitTest>
    <UnitTest name="ThenCanReadIndividualResultsFromScenarioOutline_OneFailed_ShouldBeTestResultFailed" storage="c:\users\ericcarlson\documents\github\pickles\src\pickles.testframeworks.unittests\bin\debug\net6.0\picklesdoc.pickles.testframeworks.unittests.dll" id="cb84e372-0db4-cadb-ea5a-8162f8875b13">
      <Execution id="d3ef1edc-1870-4c3b-bf21-afc97666993c" />
      <TestMethod codeBase="C:\Users\ericcarlson\Documents\GitHub\pickles\src\Pickles.TestFrameworks.UnitTests\bin\Debug\net6.0\PicklesDoc.Pickles.TestFrameworks.UnitTests.dll" adapterTypeName="executor://nunit3testexecutor/" className="PicklesDoc.Pickles.TestFrameworks.UnitTests.XUnit.XUnit2.WhenParsingXUnitResultsFileWithIndividualResults" name="ThenCanReadIndividualResultsFromScenarioOutline_OneFailed_ShouldBeTestResultFailed" />
    </UnitTest>
    <UnitTest name="ThenCanReadResultOfScenarioWithFailingBackground" storage="c:\users\ericcarlson\documents\github\pickles\src\pickles.testframeworks.unittests\bin\debug\net6.0\picklesdoc.pickles.testframeworks.unittests.dll" id="dd671476-ed2b-7b45-cac8-cb394e9796e3">
      <Execution id="dd504056-7e1b-4831-bf38-8bd5db2659a4" />
      <TestMethod codeBase="C:\Users\ericcarlson\Documents\GitHub\pickles\src\Pickles.TestFrameworks.UnitTests\bin\Debug\net6.0\PicklesDoc.Pickles.TestFrameworks.UnitTests.dll" adapterTypeName="executor://nunit3testexecutor/" className="PicklesDoc.Pickles.TestFrameworks.UnitTests.VsTest.WhenParsingVsTestResultsFile" name="ThenCanReadResultOfScenarioWithFailingBackground" />
    </UnitTest>
    <UnitTest name="ThenCanReadIgnoredScenarioResultSuccessfully" storage="c:\users\ericcarlson\documents\github\pickles\src\pickles.testframeworks.unittests\bin\debug\net6.0\picklesdoc.pickles.testframeworks.unittests.dll" id="75f81ce1-0b2c-cf84-fe16-219224722139">
      <Execution id="fd8f93f5-2f2f-4049-8e4a-c06f26b3c09d" />
      <TestMethod codeBase="C:\Users\ericcarlson\Documents\GitHub\pickles\src\Pickles.TestFrameworks.UnitTests\bin\Debug\net6.0\PicklesDoc.Pickles.TestFrameworks.UnitTests.dll" adapterTypeName="executor://nunit3testexecutor/" className="PicklesDoc.Pickles.TestFrameworks.UnitTests.MsTest.WhenParsingMsTestResultsFile" name="ThenCanReadIgnoredScenarioResultSuccessfully" />
    </UnitTest>
    <UnitTest name="ThenCanReadResultsWithParenthesis" storage="c:\users\ericcarlson\documents\github\pickles\src\pickles.testframeworks.unittests\bin\debug\net6.0\picklesdoc.pickles.testframeworks.unittests.dll" id="efb45302-0f2f-f7b4-5294-ebcf02624fff">
      <Execution id="d61d3c8c-77df-4fb0-bf48-8e5387032d86" />
      <TestMethod codeBase="C:\Users\ericcarlson\Documents\GitHub\pickles\src\Pickles.TestFrameworks.UnitTests\bin\Debug\net6.0\PicklesDoc.Pickles.TestFrameworks.UnitTests.dll" adapterTypeName="executor://nunit3testexecutor/" className="PicklesDoc.Pickles.TestFrameworks.UnitTests.MsTest.WhenParsingMsTestResultsFile" name="ThenCanReadResultsWithParenthesis" />
    </UnitTest>
    <UnitTest name="ThenCanReadIndividualResultsFromScenarioOutline_MultipleNamedExamples_ShouldMatchExamples" storage="c:\users\ericcarlson\documents\github\pickles\src\pickles.testframeworks.unittests\bin\debug\net6.0\picklesdoc.pickles.testframeworks.unittests.dll" id="10cbd16f-822a-fdd7-e8ae-fa1a3eaa3761">
      <Execution id="3b2cc482-3a36-4496-8978-d12dc161b4af" />
      <TestMethod codeBase="C:\Users\ericcarlson\Documents\GitHub\pickles\src\Pickles.TestFrameworks.UnitTests\bin\Debug\net6.0\PicklesDoc.Pickles.TestFrameworks.UnitTests.dll" adapterTypeName="executor://nunit3testexecutor/" className="PicklesDoc.Pickles.TestFrameworks.UnitTests.XUnit.XUnit1.WhenParsingXUnitResultsFileWithIndividualResults" name="ThenCanReadIndividualResultsFromScenarioOutline_MultipleNamedExamples_ShouldMatchExamples" />
    </UnitTest>
    <UnitTest name="GetScenarioResult_TwoInconclusive_ReturnsInconclusive" storage="c:\users\ericcarlson\documents\github\pickles\src\pickles.testframeworks.unittests\bin\debug\net6.0\picklesdoc.pickles.testframeworks.unittests.dll" id="ffc628dd-c985-e3f1-ca17-da9cca506fbc">
      <Execution id="fbb75b74-1cf8-4862-af42-317df8cc782c" />
      <TestMethod codeBase="C:\Users\ericcarlson\Documents\GitHub\pickles\src\Pickles.TestFrameworks.UnitTests\bin\Debug\net6.0\PicklesDoc.Pickles.TestFrameworks.UnitTests.dll" adapterTypeName="executor://nunit3testexecutor/" className="PicklesDoc.Pickles.TestFrameworks.UnitTests.SpecRun.WhenParsingMultipleTestResultsTests" name="GetScenarioResult_TwoInconclusive_ReturnsInconclusive" />
    </UnitTest>
    <UnitTest name="ThenCanReadIndividualResultsFromScenarioOutline_OneFailed_ShouldBeTestResultFailed" storage="c:\users\ericcarlson\documents\github\pickles\src\pickles.testframeworks.unittests\bin\debug\net6.0\picklesdoc.pickles.testframeworks.unittests.dll" id="ce9f63bc-f09c-6c5b-d0d3-a2c6899e0bb7">
      <Execution id="5f1016cd-e773-411e-bab3-59936ca4555d" />
      <TestMethod codeBase="C:\Users\ericcarlson\Documents\GitHub\pickles\src\Pickles.TestFrameworks.UnitTests\bin\Debug\net6.0\PicklesDoc.Pickles.TestFrameworks.UnitTests.dll" adapterTypeName="executor://nunit3testexecutor/" className="PicklesDoc.Pickles.TestFrameworks.UnitTests.CucumberJson.WhenParsingCucumberJsonFromJSResultsFileWithIndividualResults" name="ThenCanReadIndividualResultsFromScenarioOutline_OneFailed_ShouldBeTestResultFailed" />
    </UnitTest>
    <UnitTest name="ThenCanReadScenarioOutlineResultSuccessfully" storage="c:\users\ericcarlson\documents\github\pickles\src\pickles.testframeworks.unittests\bin\debug\net6.0\picklesdoc.pickles.testframeworks.unittests.dll" id="ba610d56-53b0-45dd-63d9-9d6b77e9ef0d">
      <Execution id="02b61bee-1d31-49c5-9d96-c032f1a35c00" />
      <TestMethod codeBase="C:\Users\ericcarlson\Documents\GitHub\pickles\src\Pickles.TestFrameworks.UnitTests\bin\Debug\net6.0\PicklesDoc.Pickles.TestFrameworks.UnitTests.dll" adapterTypeName="executor://nunit3testexecutor/" className="PicklesDoc.Pickles.TestFrameworks.UnitTests.NUnit.NUnit3.WhenParsingNunit3ResultsFileForNunit2Tests" name="ThenCanReadScenarioOutlineResultSuccessfully" />
    </UnitTest>
    <UnitTest name="ThenCanReadResultOfScenarioWithDanishCharacters" storage="c:\users\ericcarlson\documents\github\pickles\src\pickles.testframeworks.unittests\bin\debug\net6.0\picklesdoc.pickles.testframeworks.unittests.dll" id="e1734028-fada-4af3-8a5c-ef092b76d644">
      <Execution id="7aaf8a2a-071d-4bd4-bb7d-6b8cfd8f80a9" />
      <TestMethod codeBase="C:\Users\ericcarlson\Documents\GitHub\pickles\src\Pickles.TestFrameworks.UnitTests\bin\Debug\net6.0\PicklesDoc.Pickles.TestFrameworks.UnitTests.dll" adapterTypeName="executor://nunit3testexecutor/" className="PicklesDoc.Pickles.TestFrameworks.UnitTests.VsTest.WhenParsingVsTestResultsFile" name="ThenCanReadResultOfScenarioWithDanishCharacters" />
    </UnitTest>
    <UnitTest name="ThenCanReadResultsWithParenthesis" storage="c:\users\ericcarlson\documents\github\pickles\src\pickles.testframeworks.unittests\bin\debug\net6.0\picklesdoc.pickles.testframeworks.unittests.dll" id="39aaf2dd-3448-323b-0eb5-0e11c3f52c46">
      <Execution id="1524eb67-3b43-4230-944f-cb81f2a16635" />
      <TestMethod codeBase="C:\Users\ericcarlson\Documents\GitHub\pickles\src\Pickles.TestFrameworks.UnitTests\bin\Debug\net6.0\PicklesDoc.Pickles.TestFrameworks.UnitTests.dll" adapterTypeName="executor://nunit3testexecutor/" className="PicklesDoc.Pickles.TestFrameworks.UnitTests.XUnit.XUnit2.WhenParsingxUnit2ResultsFile" name="ThenCanReadResultsWithParenthesis" />
    </UnitTest>
    <UnitTest name="ThenCanReadFeatureResultSuccessfully" storage="c:\users\ericcarlson\documents\github\pickles\src\pickles.testframeworks.unittests\bin\debug\net6.0\picklesdoc.pickles.testframeworks.unittests.dll" id="7efd0b0b-8ee2-d5e8-47e2-5ba5eebb44d2">
      <Execution id="2da7b2cb-d958-4624-a5c5-1d8bee37cd45" />
      <TestMethod codeBase="C:\Users\ericcarlson\Documents\GitHub\pickles\src\Pickles.TestFrameworks.UnitTests\bin\Debug\net6.0\PicklesDoc.Pickles.TestFrameworks.UnitTests.dll" adapterTypeName="executor://nunit3testexecutor/" className="PicklesDoc.Pickles.TestFrameworks.UnitTests.XUnit.XUnit1.WhenParsingxUnitResultsFile" name="ThenCanReadFeatureResultSuccessfully" />
    </UnitTest>
    <UnitTest name="ThenCanReadIndividualResultsFromScenarioOutline_MultipleExampleSections_ShouldBeTestResultFailed" storage="c:\users\ericcarlson\documents\github\pickles\src\pickles.testframeworks.unittests\bin\debug\net6.0\picklesdoc.pickles.testframeworks.unittests.dll" id="877ca2ae-a522-d5d7-2fd9-a3dd2ef9b711">
      <Execution id="538515f6-1b6c-4f71-8743-f156a11cdab7" />
      <TestMethod codeBase="C:\Users\ericcarlson\Documents\GitHub\pickles\src\Pickles.TestFrameworks.UnitTests\bin\Debug\net6.0\PicklesDoc.Pickles.TestFrameworks.UnitTests.dll" adapterTypeName="executor://nunit3testexecutor/" className="PicklesDoc.Pickles.TestFrameworks.UnitTests.MsTest.WhenParsingMsTestResultsFileWithIndividualResults" name="ThenCanReadIndividualResultsFromScenarioOutline_MultipleExampleSections_ShouldBeTestResultFailed" />
    </UnitTest>
    <UnitTest name="ThenCanReadExamplesWithLongExampleValues" storage="c:\users\ericcarlson\documents\github\pickles\src\pickles.testframeworks.unittests\bin\debug\net6.0\picklesdoc.pickles.testframeworks.unittests.dll" id="a80ce00d-8fef-39f6-2b9d-90a0409ab21e">
      <Execution id="747b5835-e6b7-4b73-901b-c47a28994527" />
      <TestMethod codeBase="C:\Users\ericcarlson\Documents\GitHub\pickles\src\Pickles.TestFrameworks.UnitTests\bin\Debug\net6.0\PicklesDoc.Pickles.TestFrameworks.UnitTests.dll" adapterTypeName="executor://nunit3testexecutor/" className="PicklesDoc.Pickles.TestFrameworks.UnitTests.XUnit.XUnit1.WhenParsingXUnitResultsFileWithIndividualResults" name="ThenCanReadExamplesWithLongExampleValues" />
    </UnitTest>
    <UnitTest name="ThenCanReadIndividualResultsFromScenarioOutline_ExamplesWithDuplicateValues_ShouldMatchExamples" storage="c:\users\ericcarlson\documents\github\pickles\src\pickles.testframeworks.unittests\bin\debug\net6.0\picklesdoc.pickles.testframeworks.unittests.dll" id="d4ee9b79-4196-caa7-d7b1-e48434993a78">
      <Execution id="5ff5ab66-ece2-4691-afab-0f3f147c3877" />
      <TestMethod codeBase="C:\Users\ericcarlson\Documents\GitHub\pickles\src\Pickles.TestFrameworks.UnitTests\bin\Debug\net6.0\PicklesDoc.Pickles.TestFrameworks.UnitTests.dll" adapterTypeName="executor://nunit3testexecutor/" className="PicklesDoc.Pickles.TestFrameworks.UnitTests.NUnit.NUnit3.WhenParsingNUnitResultsFileWithIndividualResults" name="ThenCanReadIndividualResultsFromScenarioOutline_ExamplesWithDuplicateValues_ShouldMatchExamples" />
    </UnitTest>
    <UnitTest name="ThenCanReadResultOfScenarioOutlineWithAmpersand" storage="c:\users\ericcarlson\documents\github\pickles\src\pickles.testframeworks.unittests\bin\debug\net6.0\picklesdoc.pickles.testframeworks.unittests.dll" id="82d58c85-8bb5-21d8-f720-e76e5b78cc40">
      <Execution id="5185eed5-aa5e-4767-b538-ec7bedf76e04" />
      <TestMethod codeBase="C:\Users\ericcarlson\Documents\GitHub\pickles\src\Pickles.TestFrameworks.UnitTests\bin\Debug\net6.0\PicklesDoc.Pickles.TestFrameworks.UnitTests.dll" adapterTypeName="executor://nunit3testexecutor/" className="PicklesDoc.Pickles.TestFrameworks.UnitTests.CucumberJson.WhenParsingCucumberJsonFromJSResultsFile" name="ThenCanReadResultOfScenarioOutlineWithAmpersand" />
    </UnitTest>
    <UnitTest name="ThenCanReadIndividualResultsFromScenarioOutline_OneFailed_ShouldBeTestResultFailed" storage="c:\users\ericcarlson\documents\github\pickles\src\pickles.testframeworks.unittests\bin\debug\net6.0\picklesdoc.pickles.testframeworks.unittests.dll" id="d4a217ca-816a-5180-50f8-63455cbe611d">
      <Execution id="11ace52a-a8f3-453a-a071-85de6b25fb24" />
      <TestMethod codeBase="C:\Users\ericcarlson\Documents\GitHub\pickles\src\Pickles.TestFrameworks.UnitTests\bin\Debug\net6.0\PicklesDoc.Pickles.TestFrameworks.UnitTests.dll" adapterTypeName="executor://nunit3testexecutor/" className="PicklesDoc.Pickles.TestFrameworks.UnitTests.NUnit.NUnit2.WhenParsingNUnitResultsFileWithIndividualResults" name="ThenCanReadIndividualResultsFromScenarioOutline_OneFailed_ShouldBeTestResultFailed" />
    </UnitTest>
    <UnitTest name="ThenCanReadIndividualResultsFromScenarioOutline_OneInconclusive_ShouldBeTestResultInconclusive" storage="c:\users\ericcarlson\documents\github\pickles\src\pickles.testframeworks.unittests\bin\debug\net6.0\picklesdoc.pickles.testframeworks.unittests.dll" id="9efd92db-4c9f-0192-da69-654d8f42ce4b">
      <Execution id="745ea582-3d25-4a95-ac4c-33addefa5e61" />
      <TestMethod codeBase="C:\Users\ericcarlson\Documents\GitHub\pickles\src\Pickles.TestFrameworks.UnitTests\bin\Debug\net6.0\PicklesDoc.Pickles.TestFrameworks.UnitTests.dll" adapterTypeName="executor://nunit3testexecutor/" className="PicklesDoc.Pickles.TestFrameworks.UnitTests.NUnit.NUnit3.WhenParsingNUnitResultsFileWithIndividualResults" name="ThenCanReadIndividualResultsFromScenarioOutline_OneInconclusive_ShouldBeTestResultInconclusive" />
    </UnitTest>
    <UnitTest name="ThenCanReadResultOfScenarioWithDanishCharacters" storage="c:\users\ericcarlson\documents\github\pickles\src\pickles.testframeworks.unittests\bin\debug\net6.0\picklesdoc.pickles.testframeworks.unittests.dll" id="5f6ec94d-79db-fbc6-a975-8fcf5e6da5de">
      <Execution id="9d8e27f2-32ad-45eb-a4d1-d02678957f3d" />
      <TestMethod codeBase="C:\Users\ericcarlson\Documents\GitHub\pickles\src\Pickles.TestFrameworks.UnitTests\bin\Debug\net6.0\PicklesDoc.Pickles.TestFrameworks.UnitTests.dll" adapterTypeName="executor://nunit3testexecutor/" className="PicklesDoc.Pickles.TestFrameworks.UnitTests.CucumberJson.WhenParsingCucumberJsonFromRubyResultsFile" name="ThenCanReadResultOfScenarioWithDanishCharacters" />
    </UnitTest>
    <UnitTest name="ThenCanReadResultsWithParenthesis" storage="c:\users\ericcarlson\documents\github\pickles\src\pickles.testframeworks.unittests\bin\debug\net6.0\picklesdoc.pickles.testframeworks.unittests.dll" id="5ba0ef3d-e993-fb04-f50d-80614c1f48e6">
      <Execution id="56ac4cc9-6dc3-4a8f-a1f8-a73ce4030c3f" />
      <TestMethod codeBase="C:\Users\ericcarlson\Documents\GitHub\pickles\src\Pickles.TestFrameworks.UnitTests\bin\Debug\net6.0\PicklesDoc.Pickles.TestFrameworks.UnitTests.dll" adapterTypeName="executor://nunit3testexecutor/" className="PicklesDoc.Pickles.TestFrameworks.UnitTests.NUnit.NUnit3.WhenParsingNunit3ResultsFileForNunit2Tests" name="ThenCanReadResultsWithParenthesis" />
    </UnitTest>
    <UnitTest name="ThenCanReadIndividualResultsFromScenarioOutline_MultipleNamedExamples_ShouldMatchExamples" storage="c:\users\ericcarlson\documents\github\pickles\src\pickles.testframeworks.unittests\bin\debug\net6.0\picklesdoc.pickles.testframeworks.unittests.dll" id="e812cd4a-a493-8488-cd92-0f068742969b">
      <Execution id="d0a705cd-7a33-4b59-ab2a-14b99c011078" />
      <TestMethod codeBase="C:\Users\ericcarlson\Documents\GitHub\pickles\src\Pickles.TestFrameworks.UnitTests\bin\Debug\net6.0\PicklesDoc.Pickles.TestFrameworks.UnitTests.dll" adapterTypeName="executor://nunit3testexecutor/" className="PicklesDoc.Pickles.TestFrameworks.UnitTests.CucumberJson.WhenParsingCucumberJsonFromRubyResultsFileWithIndividualResults" name="ThenCanReadIndividualResultsFromScenarioOutline_MultipleNamedExamples_ShouldMatchExamples" />
    </UnitTest>
    <UnitTest name="ThenCanReadIndividualResultsFromScenarioOutline_AllPass_ShouldBeTestResultPassed" storage="c:\users\ericcarlson\documents\github\pickles\src\pickles.testframeworks.unittests\bin\debug\net6.0\picklesdoc.pickles.testframeworks.unittests.dll" id="2d1b5a90-7f10-fbfd-da30-c50a58b8259b">
      <Execution id="16730521-acde-4faa-b027-a4c0370b7fce" />
      <TestMethod codeBase="C:\Users\ericcarlson\Documents\GitHub\pickles\src\Pickles.TestFrameworks.UnitTests\bin\Debug\net6.0\PicklesDoc.Pickles.TestFrameworks.UnitTests.dll" adapterTypeName="executor://nunit3testexecutor/" className="PicklesDoc.Pickles.TestFrameworks.UnitTests.XUnit.XUnit1.WhenParsingXUnitResultsFileWithIndividualResults" name="ThenCanReadIndividualResultsFromScenarioOutline_AllPass_ShouldBeTestResultPassed" />
    </UnitTest>
    <UnitTest name="ThenCanReadResultOfScenarioOutlineExampleWithFailingBackground" storage="c:\users\ericcarlson\documents\github\pickles\src\pickles.testframeworks.unittests\bin\debug\net6.0\picklesdoc.pickles.testframeworks.unittests.dll" id="d06109ca-bc0c-33f1-28f4-f8127946b5ef">
      <Execution id="304af47a-5297-41da-b190-e4bd2b6da8c1" />
      <TestMethod codeBase="C:\Users\ericcarlson\Documents\GitHub\pickles\src\Pickles.TestFrameworks.UnitTests\bin\Debug\net6.0\PicklesDoc.Pickles.TestFrameworks.UnitTests.dll" adapterTypeName="executor://nunit3testexecutor/" className="PicklesDoc.Pickles.TestFrameworks.UnitTests.MsTest.WhenParsingMsTestResultsFile" name="ThenCanReadResultOfScenarioOutlineExampleWithFailingBackground" />
    </UnitTest>
    <UnitTest name="ThenCanReadResultOfScenarioOutlineWithAmpersand" storage="c:\users\ericcarlson\documents\github\pickles\src\pickles.testframeworks.unittests\bin\debug\net6.0\picklesdoc.pickles.testframeworks.unittests.dll" id="53f842ac-f46d-7d71-9da8-af83d620085a">
      <Execution id="e94dc4c2-e9d9-4132-9fce-7fbb4a14f66b" />
      <TestMethod codeBase="C:\Users\ericcarlson\Documents\GitHub\pickles\src\Pickles.TestFrameworks.UnitTests\bin\Debug\net6.0\PicklesDoc.Pickles.TestFrameworks.UnitTests.dll" adapterTypeName="executor://nunit3testexecutor/" className="PicklesDoc.Pickles.TestFrameworks.UnitTests.NUnit.NUnit3.WhenParsingNunit3ResultsFileForNunit2Tests" name="ThenCanReadResultOfScenarioOutlineWithAmpersand" />
    </UnitTest>
    <UnitTest name="ThenCanReadResultOfScenarioWithFailingBackground" storage="c:\users\ericcarlson\documents\github\pickles\src\pickles.testframeworks.unittests\bin\debug\net6.0\picklesdoc.pickles.testframeworks.unittests.dll" id="1ab3cefc-49c6-5a53-95db-2b52b6f9c551">
      <Execution id="a1060245-3f08-45a6-97e9-d3195aa2fed2" />
      <TestMethod codeBase="C:\Users\ericcarlson\Documents\GitHub\pickles\src\Pickles.TestFrameworks.UnitTests\bin\Debug\net6.0\PicklesDoc.Pickles.TestFrameworks.UnitTests.dll" adapterTypeName="executor://nunit3testexecutor/" className="PicklesDoc.Pickles.TestFrameworks.UnitTests.SpecRun.WhenParsingSpecRunTestResultsFile" name="ThenCanReadResultOfScenarioWithFailingBackground" />
    </UnitTest>
    <UnitTest name="ThenCanReadResultOfScenarioWithSpanishCharacters" storage="c:\users\ericcarlson\documents\github\pickles\src\pickles.testframeworks.unittests\bin\debug\net6.0\picklesdoc.pickles.testframeworks.unittests.dll" id="99b61c03-de66-2cd6-57c4-fe88d42b339c">
      <Execution id="97ded3ef-d3bb-45d1-9680-9604b471682c" />
      <TestMethod codeBase="C:\Users\ericcarlson\Documents\GitHub\pickles\src\Pickles.TestFrameworks.UnitTests\bin\Debug\net6.0\PicklesDoc.Pickles.TestFrameworks.UnitTests.dll" adapterTypeName="executor://nunit3testexecutor/" className="PicklesDoc.Pickles.TestFrameworks.UnitTests.CucumberJson.WhenParsingCucumberJsonFromRubyResultsFile" name="ThenCanReadResultOfScenarioWithSpanishCharacters" />
    </UnitTest>
    <UnitTest name="ThenCanReadIndividualResultsFromScenarioOutline_OneInconclusive_ShouldBeTestResultInconclusive" storage="c:\users\ericcarlson\documents\github\pickles\src\pickles.testframeworks.unittests\bin\debug\net6.0\picklesdoc.pickles.testframeworks.unittests.dll" id="20095e8b-1aec-bdd5-2c64-cc198f7229e3">
      <Execution id="0dd53dad-69b0-465d-85c7-47dc81687129" />
      <TestMethod codeBase="C:\Users\ericcarlson\Documents\GitHub\pickles\src\Pickles.TestFrameworks.UnitTests\bin\Debug\net6.0\PicklesDoc.Pickles.TestFrameworks.UnitTests.dll" adapterTypeName="executor://nunit3testexecutor/" className="PicklesDoc.Pickles.TestFrameworks.UnitTests.CucumberJson.WhenParsingCucumberJsonFromRubyResultsFileWithIndividualResults" name="ThenCanReadIndividualResultsFromScenarioOutline_OneInconclusive_ShouldBeTestResultInconclusive" />
    </UnitTest>
    <UnitTest name="ThenCanReadFailedScenarioResultSuccessfully" storage="c:\users\ericcarlson\documents\github\pickles\src\pickles.testframeworks.unittests\bin\debug\net6.0\picklesdoc.pickles.testframeworks.unittests.dll" id="1367b65e-0b94-ba69-b954-fb8124eb22d5">
      <Execution id="f91c8a8e-053d-42d2-8826-908c94d86336" />
      <TestMethod codeBase="C:\Users\ericcarlson\Documents\GitHub\pickles\src\Pickles.TestFrameworks.UnitTests\bin\Debug\net6.0\PicklesDoc.Pickles.TestFrameworks.UnitTests.dll" adapterTypeName="executor://nunit3testexecutor/" className="PicklesDoc.Pickles.TestFrameworks.UnitTests.XUnit.XUnit2.WhenParsingxUnit2ResultsFile" name="ThenCanReadFailedScenarioResultSuccessfully" />
    </UnitTest>
    <UnitTest name="ThenCanReadInconclusiveScenarioResultSuccessfully" storage="c:\users\ericcarlson\documents\github\pickles\src\pickles.testframeworks.unittests\bin\debug\net6.0\picklesdoc.pickles.testframeworks.unittests.dll" id="c129ca2d-465d-f65c-dd70-3e713e975538">
      <Execution id="771a3163-a85a-4dd5-bc57-138d510ee3a8" />
      <TestMethod codeBase="C:\Users\ericcarlson\Documents\GitHub\pickles\src\Pickles.TestFrameworks.UnitTests\bin\Debug\net6.0\PicklesDoc.Pickles.TestFrameworks.UnitTests.dll" adapterTypeName="executor://nunit3testexecutor/" className="PicklesDoc.Pickles.TestFrameworks.UnitTests.CucumberJson.WhenParsingCucumberJsonFromJSResultsFile" name="ThenCanReadInconclusiveScenarioResultSuccessfully" />
    </UnitTest>
    <UnitTest name="ThenCanReadIndividualResultsFromScenarioOutline_ExamplesWithDuplicateValues_ShouldMatchExamples" storage="c:\users\ericcarlson\documents\github\pickles\src\pickles.testframeworks.unittests\bin\debug\net6.0\picklesdoc.pickles.testframeworks.unittests.dll" id="f77ac471-dd6b-3503-d4b1-30115c337f42">
      <Execution id="fe7b8662-4ff5-4517-a7e4-c1dadd6033bd" />
      <TestMethod codeBase="C:\Users\ericcarlson\Documents\GitHub\pickles\src\Pickles.TestFrameworks.UnitTests\bin\Debug\net6.0\PicklesDoc.Pickles.TestFrameworks.UnitTests.dll" adapterTypeName="executor://nunit3testexecutor/" className="PicklesDoc.Pickles.TestFrameworks.UnitTests.NUnit.NUnit2.WhenParsingNUnitResultsFileWithIndividualResults" name="ThenCanReadIndividualResultsFromScenarioOutline_ExamplesWithDuplicateValues_ShouldMatchExamples" />
    </UnitTest>
    <UnitTest name="ThenCanReadIndividualResultsFromScenarioOutline_MultipleExamplesWithDuplicateValues_ShouldMatchExamples" storage="c:\users\ericcarlson\documents\github\pickles\src\pickles.testframeworks.unittests\bin\debug\net6.0\picklesdoc.pickles.testframeworks.unittests.dll" id="680a57ed-aef7-7627-554b-2ab01bc33ccf">
      <Execution id="f5d42252-5365-4c47-be11-75a06c820410" />
      <TestMethod codeBase="C:\Users\ericcarlson\Documents\GitHub\pickles\src\Pickles.TestFrameworks.UnitTests\bin\Debug\net6.0\PicklesDoc.Pickles.TestFrameworks.UnitTests.dll" adapterTypeName="executor://nunit3testexecutor/" className="PicklesDoc.Pickles.TestFrameworks.UnitTests.XUnit.XUnit2.WhenParsingXUnitResultsFileWithIndividualResults" name="ThenCanReadIndividualResultsFromScenarioOutline_MultipleExamplesWithDuplicateValues_ShouldMatchExamples" />
    </UnitTest>
    <UnitTest name="ThenCanReadIndividualResultsFromScenarioOutline_MultipleNamedExamplesWithDuplicateValues_ShouldMatchExamples" storage="c:\users\ericcarlson\documents\github\pickles\src\pickles.testframeworks.unittests\bin\debug\net6.0\picklesdoc.pickles.testframeworks.unittests.dll" id="e32ceaf5-2044-6a33-b092-c29de2fe095b">
      <Execution id="bc27c818-dfef-4bd8-abdc-b3042694e2ea" />
      <TestMethod codeBase="C:\Users\ericcarlson\Documents\GitHub\pickles\src\Pickles.TestFrameworks.UnitTests\bin\Debug\net6.0\PicklesDoc.Pickles.TestFrameworks.UnitTests.dll" adapterTypeName="executor://nunit3testexecutor/" className="PicklesDoc.Pickles.TestFrameworks.UnitTests.NUnit.NUnit3.WhenParsingNUnitResultsFileWithIndividualResults" name="ThenCanReadIndividualResultsFromScenarioOutline_MultipleNamedExamplesWithDuplicateValues_ShouldMatchExamples" />
    </UnitTest>
    <UnitTest name="ThenCanReadResultsWithParenthesis" storage="c:\users\ericcarlson\documents\github\pickles\src\pickles.testframeworks.unittests\bin\debug\net6.0\picklesdoc.pickles.testframeworks.unittests.dll" id="d5b1edb5-b12f-6f9b-d326-d112d604818d">
      <Execution id="1ac0b910-8ed2-4e16-b47e-170f6e1708fa" />
      <TestMethod codeBase="C:\Users\ericcarlson\Documents\GitHub\pickles\src\Pickles.TestFrameworks.UnitTests\bin\Debug\net6.0\PicklesDoc.Pickles.TestFrameworks.UnitTests.dll" adapterTypeName="executor://nunit3testexecutor/" className="PicklesDoc.Pickles.TestFrameworks.UnitTests.CucumberJson.WhenParsingCucumberJsonFromJSResultsFile" name="ThenCanReadResultsWithParenthesis" />
    </UnitTest>
    <UnitTest name="ThenCanResolve(&quot;results-example-mstest.trx&quot;,&quot;MsTest.results-example-mstest.trx&quot;,MsTest,PicklesDoc.Pickles.TestFrameworks.MsTest.MsTestResults)" storage="c:\users\ericcarlson\documents\github\pickles\src\pickles.testframeworks.unittests\bin\debug\net6.0\picklesdoc.pickles.testframeworks.unittests.dll" id="5cb8adb0-f986-570a-997c-7c2904e5d79c">
      <Execution id="4ac49469-bb5c-43f8-938e-9cfb5dd3534c" />
      <TestMethod codeBase="C:\Users\ericcarlson\Documents\GitHub\pickles\src\Pickles.TestFrameworks.UnitTests\bin\Debug\net6.0\PicklesDoc.Pickles.TestFrameworks.UnitTests.dll" adapterTypeName="executor://nunit3testexecutor/" className="PicklesDoc.Pickles.TestFrameworks.UnitTests.WhenResolvingTestResults" name="ThenCanResolve(&quot;results-example-mstest.trx&quot;,&quot;MsTest.results-example-mstest.trx&quot;,MsTest,PicklesDoc.Pickles.TestFrameworks.MsTest.MsTestResults)" />
    </UnitTest>
    <UnitTest name="ThenCanReadScenarioOutlineResultSuccessfully" storage="c:\users\ericcarlson\documents\github\pickles\src\pickles.testframeworks.unittests\bin\debug\net6.0\picklesdoc.pickles.testframeworks.unittests.dll" id="b3b74f06-0222-4a33-dfad-ee23ddfbb054">
      <Execution id="2120e1d0-e40e-4dc2-a805-eeec38513d93" />
      <TestMethod codeBase="C:\Users\ericcarlson\Documents\GitHub\pickles\src\Pickles.TestFrameworks.UnitTests\bin\Debug\net6.0\PicklesDoc.Pickles.TestFrameworks.UnitTests.dll" adapterTypeName="executor://nunit3testexecutor/" className="PicklesDoc.Pickles.TestFrameworks.UnitTests.XUnit.XUnit1.WhenParsingxUnitResultsFile" name="ThenCanReadScenarioOutlineResultSuccessfully" />
    </UnitTest>
    <UnitTest name="ThenCanReadInconclusiveFeatureResultSuccessfully" storage="c:\users\ericcarlson\documents\github\pickles\src\pickles.testframeworks.unittests\bin\debug\net6.0\picklesdoc.pickles.testframeworks.unittests.dll" id="00c90b43-b77b-0b3c-b457-9469df9e7f8e">
      <Execution id="65a9d66f-8d1f-4562-9ee8-80b2473c1f2d" />
      <TestMethod codeBase="C:\Users\ericcarlson\Documents\GitHub\pickles\src\Pickles.TestFrameworks.UnitTests\bin\Debug\net6.0\PicklesDoc.Pickles.TestFrameworks.UnitTests.dll" adapterTypeName="executor://nunit3testexecutor/" className="PicklesDoc.Pickles.TestFrameworks.UnitTests.CucumberJson.WhenParsingCucumberJsonFromRubyResultsFile" name="ThenCanReadInconclusiveFeatureResultSuccessfully" />
    </UnitTest>
    <UnitTest name="ThenCanReadResultOfFeatureWithFailingBackground" storage="c:\users\ericcarlson\documents\github\pickles\src\pickles.testframeworks.unittests\bin\debug\net6.0\picklesdoc.pickles.testframeworks.unittests.dll" id="76480529-7b76-e863-86e1-c858751ba287">
      <Execution id="4d764a50-740d-4dfc-ad75-08cc84c2942a" />
      <TestMethod codeBase="C:\Users\ericcarlson\Documents\GitHub\pickles\src\Pickles.TestFrameworks.UnitTests\bin\Debug\net6.0\PicklesDoc.Pickles.TestFrameworks.UnitTests.dll" adapterTypeName="executor://nunit3testexecutor/" className="PicklesDoc.Pickles.TestFrameworks.UnitTests.VsTest.WhenParsingVsTestResultsFile" name="ThenCanReadResultOfFeatureWithFailingBackground" />
    </UnitTest>
    <UnitTest name="ThenCanReadIndividualResultsFromScenarioOutline_MultipleExamplesWithDuplicateValues_ShouldMatchExamples" storage="c:\users\ericcarlson\documents\github\pickles\src\pickles.testframeworks.unittests\bin\debug\net6.0\picklesdoc.pickles.testframeworks.unittests.dll" id="cff9ba3d-2dbc-742f-d119-8f20ec27c96a">
      <Execution id="85a1d62d-2084-42ee-b48c-936de2ab05c0" />
      <TestMethod codeBase="C:\Users\ericcarlson\Documents\GitHub\pickles\src\Pickles.TestFrameworks.UnitTests\bin\Debug\net6.0\PicklesDoc.Pickles.TestFrameworks.UnitTests.dll" adapterTypeName="executor://nunit3testexecutor/" className="PicklesDoc.Pickles.TestFrameworks.UnitTests.VsTest.WhenParsingVsTestResultsFileWithIndividualResults" name="ThenCanReadIndividualResultsFromScenarioOutline_MultipleExamplesWithDuplicateValues_ShouldMatchExamples" />
    </UnitTest>
    <UnitTest name="ThenCanResolveAsSingleton(&quot;results-example-mstest.trx&quot;,&quot;MsTest.results-example-mstest.trx&quot;,MsTest,PicklesDoc.Pickles.TestFrameworks.MsTest.MsTestResults)" storage="c:\users\ericcarlson\documents\github\pickles\src\pickles.testframeworks.unittests\bin\debug\net6.0\picklesdoc.pickles.testframeworks.unittests.dll" id="38e54b38-917c-5b2b-c952-bdf2eaa51d0c">
      <Execution id="eb1210d2-ddfe-470d-9508-eae514eae6ab" />
      <TestMethod codeBase="C:\Users\ericcarlson\Documents\GitHub\pickles\src\Pickles.TestFrameworks.UnitTests\bin\Debug\net6.0\PicklesDoc.Pickles.TestFrameworks.UnitTests.dll" adapterTypeName="executor://nunit3testexecutor/" className="PicklesDoc.Pickles.TestFrameworks.UnitTests.WhenResolvingTestResults" name="ThenCanResolveAsSingleton(&quot;results-example-mstest.trx&quot;,&quot;MsTest.results-example-mstest.trx&quot;,MsTest,PicklesDoc.Pickles.TestFrameworks.MsTest.MsTestResults)" />
    </UnitTest>
    <UnitTest name="ThenCanResolve(&quot;results-example-vstest.trx&quot;,&quot;VsTest.results-example-vstest.trx&quot;,VsTest,PicklesDoc.Pickles.TestFrameworks.VsTest.VsTestResults)" storage="c:\users\ericcarlson\documents\github\pickles\src\pickles.testframeworks.unittests\bin\debug\net6.0\picklesdoc.pickles.testframeworks.unittests.dll" id="756b1026-c36e-4a38-c9bf-9c8381bc803a">
      <Execution id="5ebb798d-6d1c-4f8d-858b-596583a21d5b" />
      <TestMethod codeBase="C:\Users\ericcarlson\Documents\GitHub\pickles\src\Pickles.TestFrameworks.UnitTests\bin\Debug\net6.0\PicklesDoc.Pickles.TestFrameworks.UnitTests.dll" adapterTypeName="executor://nunit3testexecutor/" className="PicklesDoc.Pickles.TestFrameworks.UnitTests.WhenResolvingTestResults" name="ThenCanResolve(&quot;results-example-vstest.trx&quot;,&quot;VsTest.results-example-vstest.trx&quot;,VsTest,PicklesDoc.Pickles.TestFrameworks.VsTest.VsTestResults)" />
    </UnitTest>
    <UnitTest name="ThenCanSuccessfullyMatch" storage="c:\users\ericcarlson\documents\github\pickles\src\pickles.testframeworks.unittests\bin\debug\net6.0\picklesdoc.pickles.testframeworks.unittests.dll" id="c60ed206-bcf7-dc0f-cf55-94fdc287fbf9">
      <Execution id="714dd704-9f8a-4d4b-a446-907fee4883a9" />
      <TestMethod codeBase="C:\Users\ericcarlson\Documents\GitHub\pickles\src\Pickles.TestFrameworks.UnitTests\bin\Debug\net6.0\PicklesDoc.Pickles.TestFrameworks.UnitTests.dll" adapterTypeName="executor://nunit3testexecutor/" className="PicklesDoc.Pickles.TestFrameworks.UnitTests.XUnit.XUnit1.WhenDeterminingTheSignatureOfAnXUnitExampleRow" name="ThenCanSuccessfullyMatch" />
    </UnitTest>
    <UnitTest name="ThenCanReadFeatureResultSuccessfully" storage="c:\users\ericcarlson\documents\github\pickles\src\pickles.testframeworks.unittests\bin\debug\net6.0\picklesdoc.pickles.testframeworks.unittests.dll" id="6cb01e3f-a03d-67b1-8f23-89bbdd8943a3">
      <Execution id="6e6ebc8d-981b-4e69-8e4a-d63b025b0f7a" />
      <TestMethod codeBase="C:\Users\ericcarlson\Documents\GitHub\pickles\src\Pickles.TestFrameworks.UnitTests\bin\Debug\net6.0\PicklesDoc.Pickles.TestFrameworks.UnitTests.dll" adapterTypeName="executor://nunit3testexecutor/" className="PicklesDoc.Pickles.TestFrameworks.UnitTests.NUnit.NUnit2.WhenParsingNUnitResultsFile" name="ThenCanReadFeatureResultSuccessfully" />
    </UnitTest>
    <UnitTest name="ThenCanReadFailedScenarioResultSuccessfully" storage="c:\users\ericcarlson\documents\github\pickles\src\pickles.testframeworks.unittests\bin\debug\net6.0\picklesdoc.pickles.testframeworks.unittests.dll" id="2919e6b2-199b-6849-cc30-63eff40ca1e9">
      <Execution id="c067d362-9367-4228-b946-131d5e81a678" />
      <TestMethod codeBase="C:\Users\ericcarlson\Documents\GitHub\pickles\src\Pickles.TestFrameworks.UnitTests\bin\Debug\net6.0\PicklesDoc.Pickles.TestFrameworks.UnitTests.dll" adapterTypeName="executor://nunit3testexecutor/" className="PicklesDoc.Pickles.TestFrameworks.UnitTests.VsTest.WhenParsingVsTestResultsFile" name="ThenCanReadFailedScenarioResultSuccessfully" />
    </UnitTest>
    <UnitTest name="ThenCanReadIndividualResultsFromScenarioOutline_MultipleNamedExamples_ShouldMatchExamples" storage="c:\users\ericcarlson\documents\github\pickles\src\pickles.testframeworks.unittests\bin\debug\net6.0\picklesdoc.pickles.testframeworks.unittests.dll" id="d350588b-1fce-1d28-5c54-f6126b74c227">
      <Execution id="3f215100-8c84-4ccc-9669-26c347537731" />
      <TestMethod codeBase="C:\Users\ericcarlson\Documents\GitHub\pickles\src\Pickles.TestFrameworks.UnitTests\bin\Debug\net6.0\PicklesDoc.Pickles.TestFrameworks.UnitTests.dll" adapterTypeName="executor://nunit3testexecutor/" className="PicklesDoc.Pickles.TestFrameworks.UnitTests.XUnit.XUnit2.WhenParsingXUnitResultsFileWithIndividualResults" name="ThenCanReadIndividualResultsFromScenarioOutline_MultipleNamedExamples_ShouldMatchExamples" />
    </UnitTest>
    <UnitTest name="ThenIgnoredScenarioIsSetToInconclusive" storage="c:\users\ericcarlson\documents\github\pickles\src\pickles.testframeworks.unittests\bin\debug\net6.0\picklesdoc.pickles.testframeworks.unittests.dll" id="731f5d07-dc75-9cda-bd6a-a157696b5258">
      <Execution id="3c3715a0-aadf-428a-aec0-3947c8406f5e" />
      <TestMethod codeBase="C:\Users\ericcarlson\Documents\GitHub\pickles\src\Pickles.TestFrameworks.UnitTests\bin\Debug\net6.0\PicklesDoc.Pickles.TestFrameworks.UnitTests.dll" adapterTypeName="executor://nunit3testexecutor/" className="PicklesDoc.Pickles.TestFrameworks.UnitTests.MsTest.WhenParsingMsTestResultsFileWithIgnoredExample" name="ThenIgnoredScenarioIsSetToInconclusive" />
    </UnitTest>
    <UnitTest name="ThenCanReadResultOfScenarioWithFailingBackground" storage="c:\users\ericcarlson\documents\github\pickles\src\pickles.testframeworks.unittests\bin\debug\net6.0\picklesdoc.pickles.testframeworks.unittests.dll" id="1cb4c3cc-9e82-454c-91a1-b2116b3e1595">
      <Execution id="d3499e3d-7015-43fd-bc05-ab1d0e1371e5" />
      <TestMethod codeBase="C:\Users\ericcarlson\Documents\GitHub\pickles\src\Pickles.TestFrameworks.UnitTests\bin\Debug\net6.0\PicklesDoc.Pickles.TestFrameworks.UnitTests.dll" adapterTypeName="executor://nunit3testexecutor/" className="PicklesDoc.Pickles.TestFrameworks.UnitTests.XUnit.XUnit1.WhenParsingxUnitResultsFile" name="ThenCanReadResultOfScenarioWithFailingBackground" />
    </UnitTest>
    <UnitTest name="ThenCanReadSuccessfulScenarioResultSuccessfully" storage="c:\users\ericcarlson\documents\github\pickles\src\pickles.testframeworks.unittests\bin\debug\net6.0\picklesdoc.pickles.testframeworks.unittests.dll" id="06a88817-6ff8-d8d0-0cd7-9f4aa269e975">
      <Execution id="953df134-b341-411c-9224-840f6a3f1926" />
      <TestMethod codeBase="C:\Users\ericcarlson\Documents\GitHub\pickles\src\Pickles.TestFrameworks.UnitTests\bin\Debug\net6.0\PicklesDoc.Pickles.TestFrameworks.UnitTests.dll" adapterTypeName="executor://nunit3testexecutor/" className="PicklesDoc.Pickles.TestFrameworks.UnitTests.NUnit.NUnit3.WhenParsingNunit3ResultsFileForNunit2Tests" name="ThenCanReadSuccessfulScenarioResultSuccessfully" />
    </UnitTest>
    <UnitTest name="ThenCanReadResultsWithBackslashes" storage="c:\users\ericcarlson\documents\github\pickles\src\pickles.testframeworks.unittests\bin\debug\net6.0\picklesdoc.pickles.testframeworks.unittests.dll" id="eaaf3dd9-2849-68dd-8b63-3348a310054b">
      <Execution id="0fa2c0f0-b1bb-46f5-a6f3-e54ed1124ccb" />
      <TestMethod codeBase="C:\Users\ericcarlson\Documents\GitHub\pickles\src\Pickles.TestFrameworks.UnitTests\bin\Debug\net6.0\PicklesDoc.Pickles.TestFrameworks.UnitTests.dll" adapterTypeName="executor://nunit3testexecutor/" className="PicklesDoc.Pickles.TestFrameworks.UnitTests.XUnit.XUnit1.WhenParsingxUnitResultsFile" name="ThenCanReadResultsWithBackslashes" />
    </UnitTest>
    <UnitTest name="ThenCanReadInconclusiveFeatureResultSuccessfully" storage="c:\users\ericcarlson\documents\github\pickles\src\pickles.testframeworks.unittests\bin\debug\net6.0\picklesdoc.pickles.testframeworks.unittests.dll" id="30c3cce2-7c89-bcba-f34c-cd4f8b59ce23">
      <Execution id="242f9356-0377-4cd8-88c7-59c5cd817611" />
      <TestMethod codeBase="C:\Users\ericcarlson\Documents\GitHub\pickles\src\Pickles.TestFrameworks.UnitTests\bin\Debug\net6.0\PicklesDoc.Pickles.TestFrameworks.UnitTests.dll" adapterTypeName="executor://nunit3testexecutor/" className="PicklesDoc.Pickles.TestFrameworks.UnitTests.VsTest.WhenParsingVsTestResultsFile" name="ThenCanReadInconclusiveFeatureResultSuccessfully" />
    </UnitTest>
    <UnitTest name="ThenCanReadResultOfScenarioOutlineExampleWithFailingBackground" storage="c:\users\ericcarlson\documents\github\pickles\src\pickles.testframeworks.unittests\bin\debug\net6.0\picklesdoc.pickles.testframeworks.unittests.dll" id="58f9e5ce-1bab-0c6b-1e0b-98e0a0083c94">
      <Execution id="d2b629f9-cf3d-4c93-9643-d4ed4ef42f9f" />
      <TestMethod codeBase="C:\Users\ericcarlson\Documents\GitHub\pickles\src\Pickles.TestFrameworks.UnitTests\bin\Debug\net6.0\PicklesDoc.Pickles.TestFrameworks.UnitTests.dll" adapterTypeName="executor://nunit3testexecutor/" className="PicklesDoc.Pickles.TestFrameworks.UnitTests.CucumberJson.WhenParsingCucumberJsonFromJSResultsFile" name="ThenCanReadResultOfScenarioOutlineExampleWithFailingBackground" />
    </UnitTest>
    <UnitTest name="ThenCanReadResultsWithBackslashes" storage="c:\users\ericcarlson\documents\github\pickles\src\pickles.testframeworks.unittests\bin\debug\net6.0\picklesdoc.pickles.testframeworks.unittests.dll" id="0c0cf1bc-2dcb-ded4-066e-2e2566c6bb19">
      <Execution id="e8bd14e8-a097-4d7d-b79a-903dc9a5e2bf" />
      <TestMethod codeBase="C:\Users\ericcarlson\Documents\GitHub\pickles\src\Pickles.TestFrameworks.UnitTests\bin\Debug\net6.0\PicklesDoc.Pickles.TestFrameworks.UnitTests.dll" adapterTypeName="executor://nunit3testexecutor/" className="PicklesDoc.Pickles.TestFrameworks.UnitTests.XUnit.XUnit2.WhenParsingxUnit2ResultsFile" name="ThenCanReadResultsWithBackslashes" />
    </UnitTest>
    <UnitTest name="ThenCanReadResultOfScenarioWithSpecialCharacters" storage="c:\users\ericcarlson\documents\github\pickles\src\pickles.testframeworks.unittests\bin\debug\net6.0\picklesdoc.pickles.testframeworks.unittests.dll" id="6e48abaa-e94e-4cb3-4e64-703c4702dc60">
      <Execution id="20deff56-a3d9-47c4-a5a1-01dd997febf7" />
      <TestMethod codeBase="C:\Users\ericcarlson\Documents\GitHub\pickles\src\Pickles.TestFrameworks.UnitTests\bin\Debug\net6.0\PicklesDoc.Pickles.TestFrameworks.UnitTests.dll" adapterTypeName="executor://nunit3testexecutor/" className="PicklesDoc.Pickles.TestFrameworks.UnitTests.NUnit.NUnit3.WhenParsingNunit3ResultsFileForNunit2Tests" name="ThenCanReadResultOfScenarioWithSpecialCharacters" />
    </UnitTest>
    <UnitTest name="ThenCanReadIndividualResultsFromScenarioOutline_ExamplesWithDuplicateValues_ShouldMatchExamples" storage="c:\users\ericcarlson\documents\github\pickles\src\pickles.testframeworks.unittests\bin\debug\net6.0\picklesdoc.pickles.testframeworks.unittests.dll" id="60f4f078-0154-b41b-3de6-b38d34b12689">
      <Execution id="c378994a-32dd-46ba-abb1-c2c787a979cd" />
      <TestMethod codeBase="C:\Users\ericcarlson\Documents\GitHub\pickles\src\Pickles.TestFrameworks.UnitTests\bin\Debug\net6.0\PicklesDoc.Pickles.TestFrameworks.UnitTests.dll" adapterTypeName="executor://nunit3testexecutor/" className="PicklesDoc.Pickles.TestFrameworks.UnitTests.XUnit.XUnit2.WhenParsingXUnitResultsFileWithIndividualResults" name="ThenCanReadIndividualResultsFromScenarioOutline_ExamplesWithDuplicateValues_ShouldMatchExamples" />
    </UnitTest>
    <UnitTest name="ThenCanReadIndividualResultsFromScenarioOutline_OneInconclusive_ShouldBeTestResultInconclusive" storage="c:\users\ericcarlson\documents\github\pickles\src\pickles.testframeworks.unittests\bin\debug\net6.0\picklesdoc.pickles.testframeworks.unittests.dll" id="dbf1db3e-c119-5966-af76-e8157d531ea2">
      <Execution id="1a04ad4f-37db-4103-ad63-bae342301d1a" />
      <TestMethod codeBase="C:\Users\ericcarlson\Documents\GitHub\pickles\src\Pickles.TestFrameworks.UnitTests\bin\Debug\net6.0\PicklesDoc.Pickles.TestFrameworks.UnitTests.dll" adapterTypeName="executor://nunit3testexecutor/" className="PicklesDoc.Pickles.TestFrameworks.UnitTests.SpecRun.WhenParsingSpecRunTestResultsFileWithIndividualResults" name="ThenCanReadIndividualResultsFromScenarioOutline_OneInconclusive_ShouldBeTestResultInconclusive" />
    </UnitTest>
    <UnitTest name="ThenCanReadResultOfScenarioOutlineWithFailingBackground" storage="c:\users\ericcarlson\documents\github\pickles\src\pickles.testframeworks.unittests\bin\debug\net6.0\picklesdoc.pickles.testframeworks.unittests.dll" id="5202701f-df81-3f07-3fd3-41cc028b9321">
      <Execution id="9d2037a9-c2de-405b-af87-1f61f74fcfa0" />
      <TestMethod codeBase="C:\Users\ericcarlson\Documents\GitHub\pickles\src\Pickles.TestFrameworks.UnitTests\bin\Debug\net6.0\PicklesDoc.Pickles.TestFrameworks.UnitTests.dll" adapterTypeName="executor://nunit3testexecutor/" className="PicklesDoc.Pickles.TestFrameworks.UnitTests.CucumberJson.WhenParsingCucumberJsonFromJSResultsFile" name="ThenCanReadResultOfScenarioOutlineWithFailingBackground" />
    </UnitTest>
    <UnitTest name="ThenCanReadNotFoundFeatureCorrectly" storage="c:\users\ericcarlson\documents\github\pickles\src\pickles.testframeworks.unittests\bin\debug\net6.0\picklesdoc.pickles.testframeworks.unittests.dll" id="b326ef4c-7f50-dcc1-8e16-23f12d57cfac">
      <Execution id="e53a2936-90a9-43ee-99f8-6f6da8dbe0e1" />
      <TestMethod codeBase="C:\Users\ericcarlson\Documents\GitHub\pickles\src\Pickles.TestFrameworks.UnitTests\bin\Debug\net6.0\PicklesDoc.Pickles.TestFrameworks.UnitTests.dll" adapterTypeName="executor://nunit3testexecutor/" className="PicklesDoc.Pickles.TestFrameworks.UnitTests.XUnit.XUnit2.WhenParsingxUnit2ResultsFile" name="ThenCanReadNotFoundFeatureCorrectly" />
    </UnitTest>
    <UnitTest name="ThenCanSuccessfullyMatchExamplesWithLongValues" storage="c:\users\ericcarlson\documents\github\pickles\src\pickles.testframeworks.unittests\bin\debug\net6.0\picklesdoc.pickles.testframeworks.unittests.dll" id="432777c4-85ce-08a8-7a5e-5d42b9d61e9b">
      <Execution id="0c2d21fc-3c49-489b-a729-9d0b54dc9f3a" />
      <TestMethod codeBase="C:\Users\ericcarlson\Documents\GitHub\pickles\src\Pickles.TestFrameworks.UnitTests\bin\Debug\net6.0\PicklesDoc.Pickles.TestFrameworks.UnitTests.dll" adapterTypeName="executor://nunit3testexecutor/" className="PicklesDoc.Pickles.TestFrameworks.UnitTests.XUnit.XUnit2.WhenDeterminingTheSignatureOfAnXUnit2ExampleRow" name="ThenCanSuccessfullyMatchExamplesWithLongValues" />
    </UnitTest>
    <UnitTest name="ThenCanReadNotFoundScenarioCorrectly" storage="c:\users\ericcarlson\documents\github\pickles\src\pickles.testframeworks.unittests\bin\debug\net6.0\picklesdoc.pickles.testframeworks.unittests.dll" id="25c1bea4-c0ff-d075-22a4-63b5c72151e9">
      <Execution id="9e16bd44-9c2c-4ea2-8a0f-c02680f3fdb4" />
      <TestMethod codeBase="C:\Users\ericcarlson\Documents\GitHub\pickles\src\Pickles.TestFrameworks.UnitTests\bin\Debug\net6.0\PicklesDoc.Pickles.TestFrameworks.UnitTests.dll" adapterTypeName="executor://nunit3testexecutor/" className="PicklesDoc.Pickles.TestFrameworks.UnitTests.MsTest.WhenParsingMsTestResultsFile" name="ThenCanReadNotFoundScenarioCorrectly" />
    </UnitTest>
    <UnitTest name="ThenCanReadSuccessfulScenarioResultSuccessfully" storage="c:\users\ericcarlson\documents\github\pickles\src\pickles.testframeworks.unittests\bin\debug\net6.0\picklesdoc.pickles.testframeworks.unittests.dll" id="51b05b71-c723-8fd8-a294-f2801277fd50">
      <Execution id="32a02172-b534-4eee-a54e-643c9fdc1c65" />
      <TestMethod codeBase="C:\Users\ericcarlson\Documents\GitHub\pickles\src\Pickles.TestFrameworks.UnitTests\bin\Debug\net6.0\PicklesDoc.Pickles.TestFrameworks.UnitTests.dll" adapterTypeName="executor://nunit3testexecutor/" className="PicklesDoc.Pickles.TestFrameworks.UnitTests.SpecRun.WhenParsingSpecRunTestResultsFile" name="ThenCanReadSuccessfulScenarioResultSuccessfully" />
    </UnitTest>
    <UnitTest name="ThenCanReadNotFoundFeatureCorrectly" storage="c:\users\ericcarlson\documents\github\pickles\src\pickles.testframeworks.unittests\bin\debug\net6.0\picklesdoc.pickles.testframeworks.unittests.dll" id="62779f41-de77-189d-2845-837ff5a12f04">
      <Execution id="6fadc6f3-6a06-4c55-95f0-3d2dc312be31" />
      <TestMethod codeBase="C:\Users\ericcarlson\Documents\GitHub\pickles\src\Pickles.TestFrameworks.UnitTests\bin\Debug\net6.0\PicklesDoc.Pickles.TestFrameworks.UnitTests.dll" adapterTypeName="executor://nunit3testexecutor/" className="PicklesDoc.Pickles.TestFrameworks.UnitTests.CucumberJson.WhenParsingCucumberJsonFromRubyResultsFile" name="ThenCanReadNotFoundFeatureCorrectly" />
    </UnitTest>
    <UnitTest name="ThenCanReadIndividualResultsFromScenarioOutline_OneInconclusive_ShouldBeTestResultInconclusive" storage="c:\users\ericcarlson\documents\github\pickles\src\pickles.testframeworks.unittests\bin\debug\net6.0\picklesdoc.pickles.testframeworks.unittests.dll" id="004b9067-5a36-6ae9-8540-490519439bb2">
      <Execution id="e87e42f8-c1d7-455e-a58b-260f0c2c2ccc" />
      <TestMethod codeBase="C:\Users\ericcarlson\Documents\GitHub\pickles\src\Pickles.TestFrameworks.UnitTests\bin\Debug\net6.0\PicklesDoc.Pickles.TestFrameworks.UnitTests.dll" adapterTypeName="executor://nunit3testexecutor/" className="PicklesDoc.Pickles.TestFrameworks.UnitTests.XUnit.XUnit2.WhenParsingXUnitResultsFileWithIndividualResults" name="ThenCanReadIndividualResultsFromScenarioOutline_OneInconclusive_ShouldBeTestResultInconclusive" />
    </UnitTest>
    <UnitTest name="ThenCanReadIgnoredScenarioResultSuccessfully" storage="c:\users\ericcarlson\documents\github\pickles\src\pickles.testframeworks.unittests\bin\debug\net6.0\picklesdoc.pickles.testframeworks.unittests.dll" id="a9afc403-29e6-88a4-c2af-4c0ff8d8a28b">
      <Execution id="6da3c3f5-4516-4540-b522-d6cfead197bd" />
      <TestMethod codeBase="C:\Users\ericcarlson\Documents\GitHub\pickles\src\Pickles.TestFrameworks.UnitTests\bin\Debug\net6.0\PicklesDoc.Pickles.TestFrameworks.UnitTests.dll" adapterTypeName="executor://nunit3testexecutor/" className="PicklesDoc.Pickles.TestFrameworks.UnitTests.CucumberJson.WhenParsingCucumberJsonFromJSResultsFile" name="ThenCanReadIgnoredScenarioResultSuccessfully" />
    </UnitTest>
    <UnitTest name="ThenCanResolve(&quot;results-example-json.json&quot;,&quot;CucumberJson.results-example-json.json&quot;,CucumberJson,PicklesDoc.Pickles.TestFrameworks.CucumberJson.CucumberJsonResults)" storage="c:\users\ericcarlson\documents\github\pickles\src\pickles.testframeworks.unittests\bin\debug\net6.0\picklesdoc.pickles.testframeworks.unittests.dll" id="a7393586-64bb-69dc-eba3-1463201a4419">
      <Execution id="ca61375f-e756-4ab3-9ed2-1f898c089d97" />
      <TestMethod codeBase="C:\Users\ericcarlson\Documents\GitHub\pickles\src\Pickles.TestFrameworks.UnitTests\bin\Debug\net6.0\PicklesDoc.Pickles.TestFrameworks.UnitTests.dll" adapterTypeName="executor://nunit3testexecutor/" className="PicklesDoc.Pickles.TestFrameworks.UnitTests.WhenResolvingTestResults" name="ThenCanResolve(&quot;results-example-json.json&quot;,&quot;CucumberJson.results-example-json.json&quot;,CucumberJson,PicklesDoc.Pickles.TestFrameworks.CucumberJson.CucumberJsonResults)" />
    </UnitTest>
    <UnitTest name="ThenCanReadResultOfScenarioOutlineWithUmlauts" storage="c:\users\ericcarlson\documents\github\pickles\src\pickles.testframeworks.unittests\bin\debug\net6.0\picklesdoc.pickles.testframeworks.unittests.dll" id="468fc6f1-090e-af4a-e3f5-89b42d48597a">
      <Execution id="0208c141-fcb4-4632-b04e-4e52450be97b" />
      <TestMethod codeBase="C:\Users\ericcarlson\Documents\GitHub\pickles\src\Pickles.TestFrameworks.UnitTests\bin\Debug\net6.0\PicklesDoc.Pickles.TestFrameworks.UnitTests.dll" adapterTypeName="executor://nunit3testexecutor/" className="PicklesDoc.Pickles.TestFrameworks.UnitTests.MsTest.WhenParsingMsTestResultsFile" name="ThenCanReadResultOfScenarioOutlineWithUmlauts" />
    </UnitTest>
    <UnitTest name="ThenCanReadNotFoundScenarioCorrectly" storage="c:\users\ericcarlson\documents\github\pickles\src\pickles.testframeworks.unittests\bin\debug\net6.0\picklesdoc.pickles.testframeworks.unittests.dll" id="72f321e8-2790-5738-6c76-f3c93e06a4d9">
      <Execution id="81b08588-ed45-48f7-ace6-abb9e5d309a2" />
      <TestMethod codeBase="C:\Users\ericcarlson\Documents\GitHub\pickles\src\Pickles.TestFrameworks.UnitTests\bin\Debug\net6.0\PicklesDoc.Pickles.TestFrameworks.UnitTests.dll" adapterTypeName="executor://nunit3testexecutor/" className="PicklesDoc.Pickles.TestFrameworks.UnitTests.NUnit.NUnit3.WhenParsingNunit3ResultsFile" name="ThenCanReadNotFoundScenarioCorrectly" />
    </UnitTest>
    <UnitTest name="ThenCanReadIndividualResultsFromScenarioOutline_AllPass_ShouldBeTestResultPassed" storage="c:\users\ericcarlson\documents\github\pickles\src\pickles.testframeworks.unittests\bin\debug\net6.0\picklesdoc.pickles.testframeworks.unittests.dll" id="ec80a51d-21e0-d5fc-5b4e-aaa2b87640b8">
      <Execution id="3b14a832-e1d6-4ede-9089-66c9d138d16c" />
      <TestMethod codeBase="C:\Users\ericcarlson\Documents\GitHub\pickles\src\Pickles.TestFrameworks.UnitTests\bin\Debug\net6.0\PicklesDoc.Pickles.TestFrameworks.UnitTests.dll" adapterTypeName="executor://nunit3testexecutor/" className="PicklesDoc.Pickles.TestFrameworks.UnitTests.XUnit.XUnit2.WhenParsingXUnitResultsFileWithIndividualResults" name="ThenCanReadIndividualResultsFromScenarioOutline_AllPass_ShouldBeTestResultPassed" />
    </UnitTest>
    <UnitTest name="ThenCanReadResultsWithParenthesis" storage="c:\users\ericcarlson\documents\github\pickles\src\pickles.testframeworks.unittests\bin\debug\net6.0\picklesdoc.pickles.testframeworks.unittests.dll" id="9e40b804-42b0-5011-3b04-cc25d4d70de0">
      <Execution id="f8a14cdf-6ece-49c3-87ef-e9e464305096" />
      <TestMethod codeBase="C:\Users\ericcarlson\Documents\GitHub\pickles\src\Pickles.TestFrameworks.UnitTests\bin\Debug\net6.0\PicklesDoc.Pickles.TestFrameworks.UnitTests.dll" adapterTypeName="executor://nunit3testexecutor/" className="PicklesDoc.Pickles.TestFrameworks.UnitTests.CucumberJson.WhenParsingCucumberJsonFromRubyResultsFile" name="ThenCanReadResultsWithParenthesis" />
    </UnitTest>
    <UnitTest name="ThenCanReadBackgroundResultSuccessfully" storage="c:\users\ericcarlson\documents\github\pickles\src\pickles.testframeworks.unittests\bin\debug\net6.0\picklesdoc.pickles.testframeworks.unittests.dll" id="3363618d-ba10-7be9-e717-ba2f8beb1f14">
      <Execution id="0d167bb2-b1f2-4bb5-87ea-e84e49591836" />
      <TestMethod codeBase="C:\Users\ericcarlson\Documents\GitHub\pickles\src\Pickles.TestFrameworks.UnitTests\bin\Debug\net6.0\PicklesDoc.Pickles.TestFrameworks.UnitTests.dll" adapterTypeName="executor://nunit3testexecutor/" className="PicklesDoc.Pickles.TestFrameworks.UnitTests.VsTest.WhenParsingVsTestResultsFile" name="ThenCanReadBackgroundResultSuccessfully" />
    </UnitTest>
    <UnitTest name="ThenCanSuccessfullyMatch" storage="c:\users\ericcarlson\documents\github\pickles\src\pickles.testframeworks.unittests\bin\debug\net6.0\picklesdoc.pickles.testframeworks.unittests.dll" id="ac03ec4c-67a9-1776-5723-d08e339146c5">
      <Execution id="c65cfa3a-075c-40c6-b279-e8dae207baa9" />
      <TestMethod codeBase="C:\Users\ericcarlson\Documents\GitHub\pickles\src\Pickles.TestFrameworks.UnitTests\bin\Debug\net6.0\PicklesDoc.Pickles.TestFrameworks.UnitTests.dll" adapterTypeName="executor://nunit3testexecutor/" className="PicklesDoc.Pickles.TestFrameworks.UnitTests.XUnit.XUnit2.WhenDeterminingTheSignatureOfAnXUnit2ExampleRow" name="ThenCanSuccessfullyMatch" />
    </UnitTest>
    <UnitTest name="ThenCanReadResultOfScenarioOutlineWithAmpersand" storage="c:\users\ericcarlson\documents\github\pickles\src\pickles.testframeworks.unittests\bin\debug\net6.0\picklesdoc.pickles.testframeworks.unittests.dll" id="8f0f2481-35fe-ae01-bfcb-690467c4a7bc">
      <Execution id="277e1262-b793-472e-b87c-f50fbbc601a1" />
      <TestMethod codeBase="C:\Users\ericcarlson\Documents\GitHub\pickles\src\Pickles.TestFrameworks.UnitTests\bin\Debug\net6.0\PicklesDoc.Pickles.TestFrameworks.UnitTests.dll" adapterTypeName="executor://nunit3testexecutor/" className="PicklesDoc.Pickles.TestFrameworks.UnitTests.NUnit.NUnit2.WhenParsingNUnitResultsFile" name="ThenCanReadResultOfScenarioOutlineWithAmpersand" />
    </UnitTest>
    <UnitTest name="ThenCanReadResultOfScenarioOutlineWithUmlauts" storage="c:\users\ericcarlson\documents\github\pickles\src\pickles.testframeworks.unittests\bin\debug\net6.0\picklesdoc.pickles.testframeworks.unittests.dll" id="1c544035-38ea-054f-e87c-73d6a628523a">
      <Execution id="390282bb-3e26-4315-ad8f-4b8d3b1f1b25" />
      <TestMethod codeBase="C:\Users\ericcarlson\Documents\GitHub\pickles\src\Pickles.TestFrameworks.UnitTests\bin\Debug\net6.0\PicklesDoc.Pickles.TestFrameworks.UnitTests.dll" adapterTypeName="executor://nunit3testexecutor/" className="PicklesDoc.Pickles.TestFrameworks.UnitTests.NUnit.NUnit3.WhenParsingNunit3ResultsFile" name="ThenCanReadResultOfScenarioOutlineWithUmlauts" />
    </UnitTest>
    <UnitTest name="ThenCanReadResultOfScenarioWithSpecialCharacters" storage="c:\users\ericcarlson\documents\github\pickles\src\pickles.testframeworks.unittests\bin\debug\net6.0\picklesdoc.pickles.testframeworks.unittests.dll" id="dc712ba9-82f8-4816-135c-198a6c843205">
      <Execution id="e4e34361-83d5-4d9f-b4ce-ddf0e1040988" />
      <TestMethod codeBase="C:\Users\ericcarlson\Documents\GitHub\pickles\src\Pickles.TestFrameworks.UnitTests\bin\Debug\net6.0\PicklesDoc.Pickles.TestFrameworks.UnitTests.dll" adapterTypeName="executor://nunit3testexecutor/" className="PicklesDoc.Pickles.TestFrameworks.UnitTests.XUnit.XUnit1.WhenParsingxUnitResultsFile" name="ThenCanReadResultOfScenarioWithSpecialCharacters" />
    </UnitTest>
    <UnitTest name="ThenCanReadInconclusiveFeatureResultSuccessfully" storage="c:\users\ericcarlson\documents\github\pickles\src\pickles.testframeworks.unittests\bin\debug\net6.0\picklesdoc.pickles.testframeworks.unittests.dll" id="78a4d834-d8c9-b5a6-8099-63f422dfe326">
      <Execution id="0b9ceb5f-56cb-4dbd-b77d-233eb4d376da" />
      <TestMethod codeBase="C:\Users\ericcarlson\Documents\GitHub\pickles\src\Pickles.TestFrameworks.UnitTests\bin\Debug\net6.0\PicklesDoc.Pickles.TestFrameworks.UnitTests.dll" adapterTypeName="executor://nunit3testexecutor/" className="PicklesDoc.Pickles.TestFrameworks.UnitTests.SpecRun.WhenParsingSpecRunTestResultsFile" name="ThenCanReadInconclusiveFeatureResultSuccessfully" />
    </UnitTest>
    <UnitTest name="ThenCanReadIndividualResultsFromScenarioOutline_AllPass_ShouldBeTestResultPassed" storage="c:\users\ericcarlson\documents\github\pickles\src\pickles.testframeworks.unittests\bin\debug\net6.0\picklesdoc.pickles.testframeworks.unittests.dll" id="bd707b6d-52c2-46b2-18db-713a0a8d72d0">
      <Execution id="7bad0332-e252-4359-87a6-5704932523ae" />
      <TestMethod codeBase="C:\Users\ericcarlson\Documents\GitHub\pickles\src\Pickles.TestFrameworks.UnitTests\bin\Debug\net6.0\PicklesDoc.Pickles.TestFrameworks.UnitTests.dll" adapterTypeName="executor://nunit3testexecutor/" className="PicklesDoc.Pickles.TestFrameworks.UnitTests.NUnit.NUnit3.WhenParsingNUnitResultsFileWithIndividualResults" name="ThenCanReadIndividualResultsFromScenarioOutline_AllPass_ShouldBeTestResultPassed" />
    </UnitTest>
    <UnitTest name="ThenCanReadIndividualResultsFromScenarioOutline_MultipleExampleSections_ShouldBeTestResultFailed" storage="c:\users\ericcarlson\documents\github\pickles\src\pickles.testframeworks.unittests\bin\debug\net6.0\picklesdoc.pickles.testframeworks.unittests.dll" id="e64bca34-3589-7be5-702b-1f171a1b0f81">
      <Execution id="6889d3ac-8680-498d-bed9-fa33a944fc38" />
      <TestMethod codeBase="C:\Users\ericcarlson\Documents\GitHub\pickles\src\Pickles.TestFrameworks.UnitTests\bin\Debug\net6.0\PicklesDoc.Pickles.TestFrameworks.UnitTests.dll" adapterTypeName="executor://nunit3testexecutor/" className="PicklesDoc.Pickles.TestFrameworks.UnitTests.XUnit.XUnit2.WhenParsingXUnitResultsFileWithIndividualResults" name="ThenCanReadIndividualResultsFromScenarioOutline_MultipleExampleSections_ShouldBeTestResultFailed" />
    </UnitTest>
    <UnitTest name="ThenCanReadResultOfScenarioOutlineWithFailingBackground" storage="c:\users\ericcarlson\documents\github\pickles\src\pickles.testframeworks.unittests\bin\debug\net6.0\picklesdoc.pickles.testframeworks.unittests.dll" id="4bfa13d1-17a0-4954-0e3e-a26d2de2fb23">
      <Execution id="7b24babc-7374-402a-9d1e-a745bb3ac20d" />
      <TestMethod codeBase="C:\Users\ericcarlson\Documents\GitHub\pickles\src\Pickles.TestFrameworks.UnitTests\bin\Debug\net6.0\PicklesDoc.Pickles.TestFrameworks.UnitTests.dll" adapterTypeName="executor://nunit3testexecutor/" className="PicklesDoc.Pickles.TestFrameworks.UnitTests.XUnit.XUnit1.WhenParsingxUnitResultsFile" name="ThenCanReadResultOfScenarioOutlineWithFailingBackground" />
    </UnitTest>
    <UnitTest name="ThenCanReadResultsWithBackslashes" storage="c:\users\ericcarlson\documents\github\pickles\src\pickles.testframeworks.unittests\bin\debug\net6.0\picklesdoc.pickles.testframeworks.unittests.dll" id="66978603-05d4-2099-985f-ef7844bf2b32">
      <Execution id="1525f755-bf32-4702-aa21-75de3da28eb5" />
      <TestMethod codeBase="C:\Users\ericcarlson\Documents\GitHub\pickles\src\Pickles.TestFrameworks.UnitTests\bin\Debug\net6.0\PicklesDoc.Pickles.TestFrameworks.UnitTests.dll" adapterTypeName="executor://nunit3testexecutor/" className="PicklesDoc.Pickles.TestFrameworks.UnitTests.VsTest.WhenParsingVsTestResultsFile" name="ThenCanReadResultsWithBackslashes" />
    </UnitTest>
    <UnitTest name="ThenCanReadResultOfScenarioOutlineWithFailingBackground" storage="c:\users\ericcarlson\documents\github\pickles\src\pickles.testframeworks.unittests\bin\debug\net6.0\picklesdoc.pickles.testframeworks.unittests.dll" id="1427994f-dfc2-3b8f-5f19-9134cfec26f2">
      <Execution id="7069ce20-f01a-442e-913e-bbb3945f0ef6" />
      <TestMethod codeBase="C:\Users\ericcarlson\Documents\GitHub\pickles\src\Pickles.TestFrameworks.UnitTests\bin\Debug\net6.0\PicklesDoc.Pickles.TestFrameworks.UnitTests.dll" adapterTypeName="executor://nunit3testexecutor/" className="PicklesDoc.Pickles.TestFrameworks.UnitTests.XUnit.XUnit2.WhenParsingxUnit2ResultsFile" name="ThenCanReadResultOfScenarioOutlineWithFailingBackground" />
    </UnitTest>
    <UnitTest name="RegularExpressionAsExampleContentMatches_With_Curly_Braces" storage="c:\users\ericcarlson\documents\github\pickles\src\pickles.testframeworks.unittests\bin\debug\net6.0\picklesdoc.pickles.testframeworks.unittests.dll" id="7003fa29-5d8b-f503-a549-5fe616789c37">
      <Execution id="8618a34e-e973-455b-9ca1-b505fd22497f" />
      <TestMethod codeBase="C:\Users\ericcarlson\Documents\GitHub\pickles\src\Pickles.TestFrameworks.UnitTests\bin\Debug\net6.0\PicklesDoc.Pickles.TestFrameworks.UnitTests.dll" adapterTypeName="executor://nunit3testexecutor/" className="PicklesDoc.Pickles.TestFrameworks.UnitTests.XUnit.XUnit2.WhenDeterminingTheSignatureOfAnXUnit2ExampleRow" name="RegularExpressionAsExampleContentMatches_With_Curly_Braces" />
    </UnitTest>
  </TestDefinitions>
  <TestEntries>
    <TestEntry testId="a1781e25-4782-9e03-dffd-5a8b1b4e811d" executionId="7249dabf-5bc6-4aad-be46-d98d7d9a5191" testListId="8c84fa94-04c1-424b-9868-57a2d4851a1d" />
    <TestEntry testId="b931d369-9310-8747-a788-ef7d7112806a" executionId="55869443-9852-44e7-b39f-3e3e72d629b4" testListId="8c84fa94-04c1-424b-9868-57a2d4851a1d" />
    <TestEntry testId="aff9e195-4e54-a676-8f24-47ec072e3f76" executionId="c9de61c4-0922-4f60-bdf7-b4e2c0c64091" testListId="8c84fa94-04c1-424b-9868-57a2d4851a1d" />
    <TestEntry testId="20095e8b-1aec-bdd5-2c64-cc198f7229e3" executionId="0dd53dad-69b0-465d-85c7-47dc81687129" testListId="8c84fa94-04c1-424b-9868-57a2d4851a1d" />
    <TestEntry testId="4127f69b-e124-236a-5b11-95ef3fc8f483" executionId="4448e93a-c4c9-45b4-b6b5-67f45d0586f1" testListId="8c84fa94-04c1-424b-9868-57a2d4851a1d" />
    <TestEntry testId="bdb55858-84b2-f69a-3f3e-7530e9bd9a2f" executionId="933991a8-4088-44d1-8c71-80feebdaa7ef" testListId="8c84fa94-04c1-424b-9868-57a2d4851a1d" />
    <TestEntry testId="32e9b154-88f8-7f55-059c-e846ef3efc38" executionId="70660b0b-63ab-43d6-b2ef-d29372c90a7f" testListId="8c84fa94-04c1-424b-9868-57a2d4851a1d" />
    <TestEntry testId="4227e0f9-8436-5214-22f2-5b8f8dec94a3" executionId="8fc4e7d1-850b-4f11-9d2b-b90c449ccdf9" testListId="8c84fa94-04c1-424b-9868-57a2d4851a1d" />
    <TestEntry testId="53b5d2b4-1979-aefd-9cc8-74b7bed357fa" executionId="12ee8ac1-fa9b-4a64-944d-748f031acc7f" testListId="8c84fa94-04c1-424b-9868-57a2d4851a1d" />
    <TestEntry testId="0c0cf1bc-2dcb-ded4-066e-2e2566c6bb19" executionId="e8bd14e8-a097-4d7d-b79a-903dc9a5e2bf" testListId="8c84fa94-04c1-424b-9868-57a2d4851a1d" />
    <TestEntry testId="c453c6ec-7ac7-6aba-4513-ebc0b71441c4" executionId="9021535f-e20d-4d90-b211-567353df46f3" testListId="8c84fa94-04c1-424b-9868-57a2d4851a1d" />
    <TestEntry testId="06d185b1-8e0c-2b9c-5317-e602212f73e4" executionId="eb0d57c0-2cf5-4465-8690-c95403bc837d" testListId="8c84fa94-04c1-424b-9868-57a2d4851a1d" />
    <TestEntry testId="5c950b01-6cc7-ac13-30ea-969ec9b73be8" executionId="91d4b5a3-d69f-4669-858b-547cd4f3c5ac" testListId="8c84fa94-04c1-424b-9868-57a2d4851a1d" />
    <TestEntry testId="c6f15296-0fc2-f115-2027-fc75b24fa682" executionId="86578175-b0ec-42c6-8945-a1106b9af300" testListId="8c84fa94-04c1-424b-9868-57a2d4851a1d" />
    <TestEntry testId="c129ca2d-465d-f65c-dd70-3e713e975538" executionId="771a3163-a85a-4dd5-bc57-138d510ee3a8" testListId="8c84fa94-04c1-424b-9868-57a2d4851a1d" />
    <TestEntry testId="2fa9a1f4-abc4-ffa0-207f-983e0f96fe73" executionId="50453d5a-3a40-46a0-bccc-c38520c27349" testListId="8c84fa94-04c1-424b-9868-57a2d4851a1d" />
    <TestEntry testId="62d8a504-87cb-5ba7-c255-1d3c38bd41a0" executionId="4a2d4318-8372-4d55-944d-cfbff8e4a600" testListId="8c84fa94-04c1-424b-9868-57a2d4851a1d" />
    <TestEntry testId="ce9f63bc-f09c-6c5b-d0d3-a2c6899e0bb7" executionId="5f1016cd-e773-411e-bab3-59936ca4555d" testListId="8c84fa94-04c1-424b-9868-57a2d4851a1d" />
    <TestEntry testId="efb45302-0f2f-f7b4-5294-ebcf02624fff" executionId="d61d3c8c-77df-4fb0-bf48-8e5387032d86" testListId="8c84fa94-04c1-424b-9868-57a2d4851a1d" />
    <TestEntry testId="fe0fe535-97ea-db97-278f-86c835cfa276" executionId="f2fc78be-0a4c-4473-bfb4-e8096f758fe7" testListId="8c84fa94-04c1-424b-9868-57a2d4851a1d" />
    <TestEntry testId="3f5c3338-429f-c1bb-e1a8-d8bab8ab3016" executionId="beb6719f-1511-49fc-91f6-a8b74155e6ee" testListId="8c84fa94-04c1-424b-9868-57a2d4851a1d" />
    <TestEntry testId="cff9ba3d-2dbc-742f-d119-8f20ec27c96a" executionId="85a1d62d-2084-42ee-b48c-936de2ab05c0" testListId="8c84fa94-04c1-424b-9868-57a2d4851a1d" />
    <TestEntry testId="ded252ea-8f84-3526-fab0-59d3517f77f7" executionId="3f27cd7b-fa05-445e-a5e8-58231f3fc66a" testListId="8c84fa94-04c1-424b-9868-57a2d4851a1d" />
    <TestEntry testId="99f5e557-c1c6-7f3a-33fd-4b0fa5a0fc7b" executionId="b30ad29a-5594-4153-8572-06d84a78f973" testListId="8c84fa94-04c1-424b-9868-57a2d4851a1d" />
    <TestEntry testId="eaddf983-315a-e36c-c3b9-c9529d03d71a" executionId="42e47af5-2bfd-41ed-8000-a9a06d6c5b0b" testListId="8c84fa94-04c1-424b-9868-57a2d4851a1d" />
    <TestEntry testId="789bb7c5-38de-ac73-095d-7a54a206a4c4" executionId="215cecdb-7c70-4525-a7da-527d93aca342" testListId="8c84fa94-04c1-424b-9868-57a2d4851a1d" />
    <TestEntry testId="098238b9-0456-1247-ed8e-8206ed9eaecc" executionId="12ebb412-1c0b-4c86-bc38-467d2e9f100d" testListId="8c84fa94-04c1-424b-9868-57a2d4851a1d" />
    <TestEntry testId="a24366aa-9e79-801f-e1af-8419027c8a13" executionId="5402b105-5778-467f-8141-19194d9cbde6" testListId="8c84fa94-04c1-424b-9868-57a2d4851a1d" />
    <TestEntry testId="cadefb20-407b-c6d2-35c6-2e9949364070" executionId="e5ec2edd-6c0d-47a3-b01f-d67dbdb675d2" testListId="8c84fa94-04c1-424b-9868-57a2d4851a1d" />
    <TestEntry testId="eee8715c-d733-130b-cc22-7b1892f2f926" executionId="3ee94ce8-453a-4155-9c6e-63749cc1fc5c" testListId="8c84fa94-04c1-424b-9868-57a2d4851a1d" />
    <TestEntry testId="95a5821f-1395-86bd-c7b5-2db60e40402a" executionId="9f0856b0-bdae-461e-b4f4-373a3c07da01" testListId="8c84fa94-04c1-424b-9868-57a2d4851a1d" />
    <TestEntry testId="40fd2da8-e1b0-4d77-57fd-878737b69c52" executionId="b60759d0-3422-4b54-be76-7ff0d5a4df61" testListId="8c84fa94-04c1-424b-9868-57a2d4851a1d" />
    <TestEntry testId="84ecda38-a103-69a6-dbd6-ef8eb51c722d" executionId="395954bc-64f2-4a3b-8282-f4fe109b9376" testListId="8c84fa94-04c1-424b-9868-57a2d4851a1d" />
    <TestEntry testId="75f81ce1-0b2c-cf84-fe16-219224722139" executionId="fd8f93f5-2f2f-4049-8e4a-c06f26b3c09d" testListId="8c84fa94-04c1-424b-9868-57a2d4851a1d" />
    <TestEntry testId="9d0329db-f847-cb4f-973e-3879b2c2692c" executionId="8776f3df-9ca2-4538-a34c-f5d986e43815" testListId="8c84fa94-04c1-424b-9868-57a2d4851a1d" />
    <TestEntry testId="dc712ba9-82f8-4816-135c-198a6c843205" executionId="e4e34361-83d5-4d9f-b4ce-ddf0e1040988" testListId="8c84fa94-04c1-424b-9868-57a2d4851a1d" />
    <TestEntry testId="432777c4-85ce-08a8-7a5e-5d42b9d61e9b" executionId="0c2d21fc-3c49-489b-a729-9d0b54dc9f3a" testListId="8c84fa94-04c1-424b-9868-57a2d4851a1d" />
    <TestEntry testId="a0f0b9fe-c760-fce9-98fe-b72d6b75fdd4" executionId="2c15bc1a-870c-40a3-bcae-04ae7108febd" testListId="8c84fa94-04c1-424b-9868-57a2d4851a1d" />
    <TestEntry testId="e41e37c8-c167-4d5a-947f-916a5e4f0a98" executionId="f70b9ecf-c492-40b3-8022-36025c3260df" testListId="8c84fa94-04c1-424b-9868-57a2d4851a1d" />
    <TestEntry testId="2f77d4eb-b7a9-7cda-63c7-d0a9b8c15e31" executionId="22bf4605-9f42-4894-bfc8-18f27dc76316" testListId="8c84fa94-04c1-424b-9868-57a2d4851a1d" />
    <TestEntry testId="00c90b43-b77b-0b3c-b457-9469df9e7f8e" executionId="65a9d66f-8d1f-4562-9ee8-80b2473c1f2d" testListId="8c84fa94-04c1-424b-9868-57a2d4851a1d" />
    <TestEntry testId="feef8d1e-733e-c97b-cae9-59e37cf87fb6" executionId="9d6411de-8bdb-436a-9b21-468e60bffd0f" testListId="8c84fa94-04c1-424b-9868-57a2d4851a1d" />
    <TestEntry testId="66978603-05d4-2099-985f-ef7844bf2b32" executionId="1525f755-bf32-4702-aa21-75de3da28eb5" testListId="8c84fa94-04c1-424b-9868-57a2d4851a1d" />
    <TestEntry testId="6d53e524-577b-617b-04c0-cc99f9396f86" executionId="45847585-09bf-4184-ab49-d9a67156c0d3" testListId="8c84fa94-04c1-424b-9868-57a2d4851a1d" />
    <TestEntry testId="3ac61dc8-78ef-0ee4-9390-ba6ea3941593" executionId="abd9c7ad-97f5-4111-8044-16e7187f3902" testListId="8c84fa94-04c1-424b-9868-57a2d4851a1d" />
    <TestEntry testId="65a73572-199f-331d-bb7a-e00446e83c06" executionId="e2d17d3a-98e2-479b-b60c-81d1d6501f32" testListId="8c84fa94-04c1-424b-9868-57a2d4851a1d" />
    <TestEntry testId="b3391feb-285b-6d84-ca18-8c0b0036158b" executionId="90757b52-9dcc-4212-a3a4-1f0c42bf1b55" testListId="8c84fa94-04c1-424b-9868-57a2d4851a1d" />
    <TestEntry testId="e70aaa39-34a4-5c29-d102-ad4674ca6ab6" executionId="5487ea07-9ff2-4945-a46d-e2f486088fcf" testListId="8c84fa94-04c1-424b-9868-57a2d4851a1d" />
    <TestEntry testId="15d64ad8-f453-6ded-46ce-06d0f8e68caf" executionId="e13dee15-cfe2-4569-91d2-3b2163bfc442" testListId="8c84fa94-04c1-424b-9868-57a2d4851a1d" />
    <TestEntry testId="a77eef62-81f7-6544-83f9-95298ec32c95" executionId="0abdab77-dd6c-4f9d-9f92-aa4801bbbbfd" testListId="8c84fa94-04c1-424b-9868-57a2d4851a1d" />
    <TestEntry testId="0be35ca5-d72a-7b15-1c8a-f42c97327233" executionId="f8088231-9cbc-406f-a91a-328d0f45d28d" testListId="8c84fa94-04c1-424b-9868-57a2d4851a1d" />
    <TestEntry testId="7590abfc-e3f9-c5c4-d7ce-a5409c12a2d1" executionId="be579945-da84-4041-a96a-2803d5b44c63" testListId="8c84fa94-04c1-424b-9868-57a2d4851a1d" />
    <TestEntry testId="ac03ec4c-67a9-1776-5723-d08e339146c5" executionId="c65cfa3a-075c-40c6-b279-e8dae207baa9" testListId="8c84fa94-04c1-424b-9868-57a2d4851a1d" />
    <TestEntry testId="df779c3e-867d-628d-d601-319a18d1823c" executionId="fe9f6b36-9dbe-4373-ab2b-0f736f55adca" testListId="8c84fa94-04c1-424b-9868-57a2d4851a1d" />
    <TestEntry testId="564ab877-3eea-6f19-973d-0b36bea909da" executionId="769aa229-03ab-4063-9d78-dcbbad5686e8" testListId="8c84fa94-04c1-424b-9868-57a2d4851a1d" />
    <TestEntry testId="af52bc0c-9d4d-dbfe-1e9a-8d33e897ef69" executionId="447f3417-4fa2-490c-8fc9-b51c306e7734" testListId="8c84fa94-04c1-424b-9868-57a2d4851a1d" />
    <TestEntry testId="aa6ed367-4142-c0b5-bc61-0c60c3e84f7e" executionId="6f76a0af-d7dd-48b4-a02c-cc134bef57fb" testListId="8c84fa94-04c1-424b-9868-57a2d4851a1d" />
    <TestEntry testId="3aa1d18f-f8de-dbde-ff88-7a89e4d8499f" executionId="6827ef3a-22cc-47b2-b248-844863646943" testListId="8c84fa94-04c1-424b-9868-57a2d4851a1d" />
    <TestEntry testId="c5348a36-5365-9e63-699c-dd523aa894a2" executionId="2adc0ae1-d836-4d49-9782-33fa2d51229a" testListId="8c84fa94-04c1-424b-9868-57a2d4851a1d" />
    <TestEntry testId="be92073c-cf35-830c-7fa7-636e79ce0e65" executionId="6f889649-765c-4e0c-837f-33ab53303cfa" testListId="8c84fa94-04c1-424b-9868-57a2d4851a1d" />
    <TestEntry testId="ecb801c4-d95f-4cd2-61bc-83f8f51ba916" executionId="fbf889ed-c809-4aed-8e83-3a6e60ee2074" testListId="8c84fa94-04c1-424b-9868-57a2d4851a1d" />
    <TestEntry testId="8ace6733-ba13-8c23-aec1-3ea938759ad0" executionId="4a29e94e-0b8c-4f60-ad67-f3385b6084dc" testListId="8c84fa94-04c1-424b-9868-57a2d4851a1d" />
    <TestEntry testId="ef5a7c41-c0be-df83-b30a-5c970829c937" executionId="8b23275a-0bf1-45be-9e7a-78faf1145d07" testListId="8c84fa94-04c1-424b-9868-57a2d4851a1d" />
    <TestEntry testId="0d4c793d-3e33-a08f-1290-d7f68ea68b15" executionId="98264ab9-2468-4ca5-8491-e37057e0fbc7" testListId="8c84fa94-04c1-424b-9868-57a2d4851a1d" />
    <TestEntry testId="a64081be-e7d0-830f-dfc8-24bbee2a32f5" executionId="cac0b93d-4ee0-488c-9e76-5e535718df0c" testListId="8c84fa94-04c1-424b-9868-57a2d4851a1d" />
    <TestEntry testId="1ba666a9-505f-17c4-4bdf-33a9bb6fc01d" executionId="50af5f57-223b-43b0-85b4-f856ccd4066c" testListId="8c84fa94-04c1-424b-9868-57a2d4851a1d" />
    <TestEntry testId="d4a217ca-816a-5180-50f8-63455cbe611d" executionId="11ace52a-a8f3-453a-a071-85de6b25fb24" testListId="8c84fa94-04c1-424b-9868-57a2d4851a1d" />
    <TestEntry testId="62eaccee-691a-dc72-a0c7-fc4bd9bbc8f7" executionId="e410ecc1-7e5d-4bf5-932a-b1c667ec0107" testListId="8c84fa94-04c1-424b-9868-57a2d4851a1d" />
    <TestEntry testId="883b6ac9-ac51-b5f6-5a08-17161bbcc88f" executionId="fcec4960-f4aa-437a-a315-8cec2029ce2f" testListId="8c84fa94-04c1-424b-9868-57a2d4851a1d" />
    <TestEntry testId="0c1060a1-daea-cc27-1eec-f91d6e03fb50" executionId="24840c77-fc89-4f48-b0c1-dcc2b392d656" testListId="8c84fa94-04c1-424b-9868-57a2d4851a1d" />
    <TestEntry testId="a082270a-fadb-de54-1aa3-b3ff6bca16d1" executionId="621fc5e4-54e0-470d-be81-fe6d816c80df" testListId="8c84fa94-04c1-424b-9868-57a2d4851a1d" />
    <TestEntry testId="98025163-67c4-34a3-d0e7-9dbdb150f12f" executionId="4418fa3f-9cf3-453d-a0eb-cdd6e1114cbd" testListId="8c84fa94-04c1-424b-9868-57a2d4851a1d" />
    <TestEntry testId="1b78643d-a4c2-713e-da90-2e6b0238a12b" executionId="44049be3-5963-4847-88c4-88d0ab7b7c89" testListId="8c84fa94-04c1-424b-9868-57a2d4851a1d" />
    <TestEntry testId="656ebfc5-79d6-d4de-e713-26261e054dac" executionId="46a646c0-9751-46e8-a5e3-a6305d845f34" testListId="8c84fa94-04c1-424b-9868-57a2d4851a1d" />
    <TestEntry testId="5528f4d8-ebd5-6f1e-e4bf-3f7dddfcc499" executionId="631e5035-afc6-4120-ba2d-d7d8ce03a92c" testListId="8c84fa94-04c1-424b-9868-57a2d4851a1d" />
    <TestEntry testId="d06109ca-bc0c-33f1-28f4-f8127946b5ef" executionId="304af47a-5297-41da-b190-e4bd2b6da8c1" testListId="8c84fa94-04c1-424b-9868-57a2d4851a1d" />
    <TestEntry testId="ed1f5b6f-32d8-84ac-275a-18cb835c861f" executionId="cc56c59a-3200-4f87-973f-9a058ae1baf9" testListId="8c84fa94-04c1-424b-9868-57a2d4851a1d" />
    <TestEntry testId="9a8b25bf-7a36-53ce-c4e8-c6d59d1e4d9b" executionId="8ae88070-07d8-466e-a9b6-1ca196c01ec4" testListId="8c84fa94-04c1-424b-9868-57a2d4851a1d" />
    <TestEntry testId="51b33863-1938-707d-697f-94c37596fd6d" executionId="05eb8e0a-094b-444d-ad67-cab22f626b55" testListId="8c84fa94-04c1-424b-9868-57a2d4851a1d" />
    <TestEntry testId="452e3d33-0c18-0604-61d2-e49750ee89e5" executionId="fe634671-c681-4769-b256-50bf38f19128" testListId="8c84fa94-04c1-424b-9868-57a2d4851a1d" />
    <TestEntry testId="dd671476-ed2b-7b45-cac8-cb394e9796e3" executionId="dd504056-7e1b-4831-bf38-8bd5db2659a4" testListId="8c84fa94-04c1-424b-9868-57a2d4851a1d" />
    <TestEntry testId="6c46f24c-c8b8-c4b7-29db-f35f6312df35" executionId="bc3ba7ca-2943-4a4b-892f-8543d0e18ad7" testListId="8c84fa94-04c1-424b-9868-57a2d4851a1d" />
    <TestEntry testId="37561f65-3332-c899-f5ae-4fb0281f2762" executionId="a24b5d09-3363-4817-96ad-3948dbf596cd" testListId="8c84fa94-04c1-424b-9868-57a2d4851a1d" />
    <TestEntry testId="631fe5fb-b05e-5e70-7bfe-0a09b32bd7e6" executionId="466a5b7a-af1d-4411-b71f-47de7662b22c" testListId="8c84fa94-04c1-424b-9868-57a2d4851a1d" />
    <TestEntry testId="ecd9a953-91a9-d4a0-56ca-0eb0a06434eb" executionId="434d2dd7-98c4-4d96-81a4-cb7c10eb1b24" testListId="8c84fa94-04c1-424b-9868-57a2d4851a1d" />
    <TestEntry testId="0bcd34cc-6526-724a-3466-15a3045d227d" executionId="34d1b842-4f30-45d6-ae33-6b0d36318995" testListId="8c84fa94-04c1-424b-9868-57a2d4851a1d" />
    <TestEntry testId="7746c945-7215-2f12-d241-54991e7b255d" executionId="fbf8ce9a-8077-49e5-9921-240fa22ecaf5" testListId="8c84fa94-04c1-424b-9868-57a2d4851a1d" />
    <TestEntry testId="180590d6-2062-6933-d951-813229d01ede" executionId="022d7c1e-5894-4553-83be-4aaa35a12dbf" testListId="8c84fa94-04c1-424b-9868-57a2d4851a1d" />
    <TestEntry testId="11042bfa-6f03-b286-ef0b-94ab219837bb" executionId="42dc0d38-f5d8-4770-b382-3cb528a3b8a6" testListId="8c84fa94-04c1-424b-9868-57a2d4851a1d" />
    <TestEntry testId="c437592f-ad90-49b0-0c63-3ab7616bb2a4" executionId="8dbae614-a69e-49ae-b8d3-2ff0fb7e6cab" testListId="8c84fa94-04c1-424b-9868-57a2d4851a1d" />
    <TestEntry testId="cc57926d-969f-f4d6-e13e-e69125306611" executionId="8f0f650f-7298-4c2c-8f04-663237cf40a7" testListId="8c84fa94-04c1-424b-9868-57a2d4851a1d" />
    <TestEntry testId="2d1b5a90-7f10-fbfd-da30-c50a58b8259b" executionId="16730521-acde-4faa-b027-a4c0370b7fce" testListId="8c84fa94-04c1-424b-9868-57a2d4851a1d" />
    <TestEntry testId="eecc6ae5-4868-d53f-bcda-2ec72c5d7ea3" executionId="52c347d0-0bb4-46b7-8bdd-905f1b8a7836" testListId="8c84fa94-04c1-424b-9868-57a2d4851a1d" />
    <TestEntry testId="562129e5-360d-2549-3c09-e4b49f36264d" executionId="4d76800b-d303-439c-9977-6ba3cb55489e" testListId="8c84fa94-04c1-424b-9868-57a2d4851a1d" />
    <TestEntry testId="179cc0df-2279-559c-aebb-9ee7ba5aaaf0" executionId="59215f85-69e0-44d2-95a0-e0373c74881e" testListId="8c84fa94-04c1-424b-9868-57a2d4851a1d" />
    <TestEntry testId="39aaf2dd-3448-323b-0eb5-0e11c3f52c46" executionId="1524eb67-3b43-4230-944f-cb81f2a16635" testListId="8c84fa94-04c1-424b-9868-57a2d4851a1d" />
    <TestEntry testId="1cb4c3cc-9e82-454c-91a1-b2116b3e1595" executionId="d3499e3d-7015-43fd-bc05-ab1d0e1371e5" testListId="8c84fa94-04c1-424b-9868-57a2d4851a1d" />
    <TestEntry testId="0377b2ee-902b-c8d6-74bf-d614453dc1d9" executionId="c38ef7ce-aa36-4c2c-8632-0ec80af9e485" testListId="8c84fa94-04c1-424b-9868-57a2d4851a1d" />
    <TestEntry testId="de18a748-0d83-3063-60c5-28a7e3807695" executionId="d681b0e3-620d-493c-b2c8-3a86ec759da2" testListId="8c84fa94-04c1-424b-9868-57a2d4851a1d" />
    <TestEntry testId="704a0578-e150-f687-8667-46c29aab4a2d" executionId="3a5c4b29-b471-48cf-a066-2cf3bbc0b767" testListId="8c84fa94-04c1-424b-9868-57a2d4851a1d" />
    <TestEntry testId="30c3cce2-7c89-bcba-f34c-cd4f8b59ce23" executionId="242f9356-0377-4cd8-88c7-59c5cd817611" testListId="8c84fa94-04c1-424b-9868-57a2d4851a1d" />
    <TestEntry testId="bd707b6d-52c2-46b2-18db-713a0a8d72d0" executionId="7bad0332-e252-4359-87a6-5704932523ae" testListId="8c84fa94-04c1-424b-9868-57a2d4851a1d" />
    <TestEntry testId="e812cd4a-a493-8488-cd92-0f068742969b" executionId="d0a705cd-7a33-4b59-ab2a-14b99c011078" testListId="8c84fa94-04c1-424b-9868-57a2d4851a1d" />
    <TestEntry testId="e2f7c893-77fd-2757-2bf1-4ba1cfd4b69d" executionId="5d83b6c1-d361-450b-a9d4-5e725b2381a9" testListId="8c84fa94-04c1-424b-9868-57a2d4851a1d" />
    <TestEntry testId="91607d23-bc6b-f681-4a48-14272be4cab9" executionId="3bec56df-4609-4972-9f24-4efd086639f1" testListId="8c84fa94-04c1-424b-9868-57a2d4851a1d" />
    <TestEntry testId="8efb377e-4b03-38b4-bd1f-fee940d3e651" executionId="d222abba-5c0c-443a-8144-86ae09bffbe3" testListId="8c84fa94-04c1-424b-9868-57a2d4851a1d" />
    <TestEntry testId="654eaa9a-fb20-1f7a-8fb7-20107e7e962f" executionId="1d055e3d-8dc9-4420-a7b4-da3a36cfc8ea" testListId="8c84fa94-04c1-424b-9868-57a2d4851a1d" />
    <TestEntry testId="1fdd6646-6375-970a-197e-20c3648dadc9" executionId="ce65e161-bae5-42e0-a87f-67a9c5819cc1" testListId="8c84fa94-04c1-424b-9868-57a2d4851a1d" />
    <TestEntry testId="ca034f59-6d8f-3d39-f10e-3725456122ef" executionId="404a689f-ad34-48e7-94be-5b2fa0452884" testListId="8c84fa94-04c1-424b-9868-57a2d4851a1d" />
    <TestEntry testId="d38f3350-2c4c-d044-aa67-55d99697e67a" executionId="b6455e28-7ab1-4902-a596-ba738af09d50" testListId="8c84fa94-04c1-424b-9868-57a2d4851a1d" />
    <TestEntry testId="2bc825b9-9d72-ab78-dc57-730a6f14b2c6" executionId="de7fa008-109a-48d9-a6bd-93e79cdf4c84" testListId="8c84fa94-04c1-424b-9868-57a2d4851a1d" />
    <TestEntry testId="9efd92db-4c9f-0192-da69-654d8f42ce4b" executionId="745ea582-3d25-4a95-ac4c-33addefa5e61" testListId="8c84fa94-04c1-424b-9868-57a2d4851a1d" />
    <TestEntry testId="75c1372b-c80e-ab1f-dc10-8b8dc4679533" executionId="8ca0f77f-9741-47aa-83e2-b9e00fae517c" testListId="8c84fa94-04c1-424b-9868-57a2d4851a1d" />
    <TestEntry testId="39588d47-2e56-432b-359a-0110f3e63f57" executionId="37ecd0e4-ca6f-4073-bc42-e66d00c4fd92" testListId="8c84fa94-04c1-424b-9868-57a2d4851a1d" />
    <TestEntry testId="1fd45540-89f6-40d1-32d1-2043299aad61" executionId="8e28c34d-465f-4298-9fc7-99eb76517df2" testListId="8c84fa94-04c1-424b-9868-57a2d4851a1d" />
    <TestEntry testId="b736c82a-c3a6-bc95-1791-413638f9de59" executionId="fadc3339-7689-4efa-a9e1-1e2f6a97db5e" testListId="8c84fa94-04c1-424b-9868-57a2d4851a1d" />
    <TestEntry testId="c60ed206-bcf7-dc0f-cf55-94fdc287fbf9" executionId="714dd704-9f8a-4d4b-a446-907fee4883a9" testListId="8c84fa94-04c1-424b-9868-57a2d4851a1d" />
    <TestEntry testId="0586ee37-1679-40ac-d62d-77bb3679488e" executionId="1a9eb788-00b7-4922-ab25-b71e35939134" testListId="8c84fa94-04c1-424b-9868-57a2d4851a1d" />
    <TestEntry testId="fb45c14f-031e-2628-e205-53c6379c578f" executionId="93980668-8f6a-4cfc-8a7c-e37a706f694f" testListId="8c84fa94-04c1-424b-9868-57a2d4851a1d" />
    <TestEntry testId="71b016af-5365-c420-5627-629663f2e7e7" executionId="147ae64c-3f0b-4e23-a2ec-db90b6437f70" testListId="8c84fa94-04c1-424b-9868-57a2d4851a1d" />
    <TestEntry testId="900d4084-ca2a-a561-f0ce-b663527c6003" executionId="e04c0201-e809-4f46-b32f-9087506e6c0e" testListId="8c84fa94-04c1-424b-9868-57a2d4851a1d" />
    <TestEntry testId="0d0f4cc2-46ec-cf86-fc13-2bff0b09bc6d" executionId="704add81-15a5-41cb-a9dd-bf8e6747d76f" testListId="8c84fa94-04c1-424b-9868-57a2d4851a1d" />
    <TestEntry testId="fa88707c-fe6b-f9d4-e057-126c8ed49b45" executionId="f527ed7e-741f-4b68-b161-428544b84cc6" testListId="8c84fa94-04c1-424b-9868-57a2d4851a1d" />
    <TestEntry testId="2919e6b2-199b-6849-cc30-63eff40ca1e9" executionId="c067d362-9367-4228-b946-131d5e81a678" testListId="8c84fa94-04c1-424b-9868-57a2d4851a1d" />
    <TestEntry testId="004b9067-5a36-6ae9-8540-490519439bb2" executionId="e87e42f8-c1d7-455e-a58b-260f0c2c2ccc" testListId="8c84fa94-04c1-424b-9868-57a2d4851a1d" />
    <TestEntry testId="1f0e270c-d2e3-6abe-d46c-198f7828d432" executionId="7c5b865e-917b-403d-8e2e-bcf797ae7d17" testListId="8c84fa94-04c1-424b-9868-57a2d4851a1d" />
    <TestEntry testId="b35efadf-d298-a3ae-5e0d-2f5be75318ec" executionId="c179e90c-ca62-48d6-9964-2f890209ff1b" testListId="8c84fa94-04c1-424b-9868-57a2d4851a1d" />
    <TestEntry testId="63c783d3-cd4f-c315-c316-5735ac8dfa26" executionId="84550d0f-114c-493b-8a1b-14b2cce53e8b" testListId="8c84fa94-04c1-424b-9868-57a2d4851a1d" />
    <TestEntry testId="877ca2ae-a522-d5d7-2fd9-a3dd2ef9b711" executionId="538515f6-1b6c-4f71-8743-f156a11cdab7" testListId="8c84fa94-04c1-424b-9868-57a2d4851a1d" />
    <TestEntry testId="fd4a59cc-11a9-fb21-8351-7acacb7d6743" executionId="0060408d-0aa1-4473-87a6-83d2674b8c19" testListId="8c84fa94-04c1-424b-9868-57a2d4851a1d" />
    <TestEntry testId="66e03bc3-9a1a-bb82-873e-d256b3c27477" executionId="8f49a678-014b-42f1-8b56-115c4e8b5033" testListId="8c84fa94-04c1-424b-9868-57a2d4851a1d" />
    <TestEntry testId="0b31d2fc-41d9-baed-8aab-114ee6aaff9e" executionId="1b37310c-bae4-490a-a5a6-40fca14482ee" testListId="8c84fa94-04c1-424b-9868-57a2d4851a1d" />
    <TestEntry testId="66032912-b178-4308-e9cd-9139f23f4710" executionId="f08f0509-da83-4ab3-b737-a60e8f8f5f1c" testListId="8c84fa94-04c1-424b-9868-57a2d4851a1d" />
    <TestEntry testId="fcdc4ad3-b05f-80e2-df7c-dfcaf995ac74" executionId="c0fa25ed-3a20-4867-96f7-60f911c06d89" testListId="8c84fa94-04c1-424b-9868-57a2d4851a1d" />
    <TestEntry testId="1b904dc2-8da7-b28a-8a35-1d3fce5defa3" executionId="13a4da87-3328-4771-b46b-d99865eb26b2" testListId="8c84fa94-04c1-424b-9868-57a2d4851a1d" />
    <TestEntry testId="78a4d834-d8c9-b5a6-8099-63f422dfe326" executionId="0b9ceb5f-56cb-4dbd-b77d-233eb4d376da" testListId="8c84fa94-04c1-424b-9868-57a2d4851a1d" />
    <TestEntry testId="4af94715-f0ba-c849-32a4-dbc86e4a475a" executionId="e57a624a-de25-48ec-a83a-85331dc1e3df" testListId="8c84fa94-04c1-424b-9868-57a2d4851a1d" />
    <TestEntry testId="25c1bea4-c0ff-d075-22a4-63b5c72151e9" executionId="9e16bd44-9c2c-4ea2-8a0f-c02680f3fdb4" testListId="8c84fa94-04c1-424b-9868-57a2d4851a1d" />
    <TestEntry testId="04e26c3f-1210-a75b-c0bc-6ef78e296957" executionId="4e3242af-b0db-4e0f-8e31-ec8aefbccf5d" testListId="8c84fa94-04c1-424b-9868-57a2d4851a1d" />
    <TestEntry testId="c7e76d21-7d2a-305a-821d-d13e50bc910e" executionId="7480aac6-8d70-4b8e-a00e-c61d5aff87fd" testListId="8c84fa94-04c1-424b-9868-57a2d4851a1d" />
    <TestEntry testId="ca7c5320-b258-ec0a-0209-15c9a535c03a" executionId="f03e8e0c-da9b-4b2c-9182-87fe4a361f76" testListId="8c84fa94-04c1-424b-9868-57a2d4851a1d" />
    <TestEntry testId="99b61c03-de66-2cd6-57c4-fe88d42b339c" executionId="97ded3ef-d3bb-45d1-9680-9604b471682c" testListId="8c84fa94-04c1-424b-9868-57a2d4851a1d" />
    <TestEntry testId="2a458999-94a8-df5e-d99f-8bcf0589d98d" executionId="fddc6ad1-5448-463f-824a-aabd6477e426" testListId="8c84fa94-04c1-424b-9868-57a2d4851a1d" />
    <TestEntry testId="c8836a8e-d919-c2fa-5c2d-61cd7e788ac3" executionId="8d5bbcf2-4778-460d-86fc-d7cd72070373" testListId="8c84fa94-04c1-424b-9868-57a2d4851a1d" />
    <TestEntry testId="74b4106b-4b89-70e5-ec6d-b53991f24ded" executionId="eb513f6d-bd50-4456-9c09-362ab2092d66" testListId="8c84fa94-04c1-424b-9868-57a2d4851a1d" />
    <TestEntry testId="5c207727-4ce6-c546-30ce-9e08049db82c" executionId="7292c972-a3cd-4df7-ad66-26d545e53850" testListId="8c84fa94-04c1-424b-9868-57a2d4851a1d" />
    <TestEntry testId="787e4f4b-a6f8-e61e-60f5-7ef57c15df22" executionId="af59aae5-2b28-4d0c-bc9e-fbae42916cc7" testListId="8c84fa94-04c1-424b-9868-57a2d4851a1d" />
    <TestEntry testId="5cb8adb0-f986-570a-997c-7c2904e5d79c" executionId="4ac49469-bb5c-43f8-938e-9cfb5dd3534c" testListId="8c84fa94-04c1-424b-9868-57a2d4851a1d" />
    <TestEntry testId="1926ccdc-00d6-72e9-1270-04d414099d1b" executionId="3c00de44-2984-4144-a838-8394838f84ed" testListId="8c84fa94-04c1-424b-9868-57a2d4851a1d" />
    <TestEntry testId="9893997e-53da-cb26-1457-0e4e96142bee" executionId="e4089d87-80b8-4b93-b039-a97284202c6c" testListId="8c84fa94-04c1-424b-9868-57a2d4851a1d" />
    <TestEntry testId="5bf4d307-a36a-3c36-5190-d6315ecad070" executionId="d997460e-c5d2-4797-aaf3-3778e3e5a6fb" testListId="8c84fa94-04c1-424b-9868-57a2d4851a1d" />
    <TestEntry testId="bfcb74b4-5613-466e-636e-46588ff6d874" executionId="7398a0b7-43c8-4b9d-9311-a80ed7475361" testListId="8c84fa94-04c1-424b-9868-57a2d4851a1d" />
    <TestEntry testId="b3b74f06-0222-4a33-dfad-ee23ddfbb054" executionId="2120e1d0-e40e-4dc2-a805-eeec38513d93" testListId="8c84fa94-04c1-424b-9868-57a2d4851a1d" />
    <TestEntry testId="66835627-edbb-e359-6b21-3e0100bfad91" executionId="823b5ee7-049e-4dd1-8b6d-6c453055dd75" testListId="8c84fa94-04c1-424b-9868-57a2d4851a1d" />
    <TestEntry testId="480a0e18-f143-bc50-4b24-c10a44209bde" executionId="b4b6c92d-f8ed-48a4-a402-e16db4834eb5" testListId="8c84fa94-04c1-424b-9868-57a2d4851a1d" />
    <TestEntry testId="6bd493a3-ac41-907d-ed2a-363507596529" executionId="9acde3fb-55d2-4079-8766-606afe5719bb" testListId="8c84fa94-04c1-424b-9868-57a2d4851a1d" />
    <TestEntry testId="430e1815-dd76-b549-699a-644e400c7601" executionId="36c96ac5-cde3-44dd-9cda-7dafb2275855" testListId="8c84fa94-04c1-424b-9868-57a2d4851a1d" />
    <TestEntry testId="756b1026-c36e-4a38-c9bf-9c8381bc803a" executionId="5ebb798d-6d1c-4f8d-858b-596583a21d5b" testListId="8c84fa94-04c1-424b-9868-57a2d4851a1d" />
    <TestEntry testId="75d8d6f7-e4a2-354d-194b-4c3a8e25de5b" executionId="c42a54f7-7bf8-4825-bc1d-7d13921cc15f" testListId="8c84fa94-04c1-424b-9868-57a2d4851a1d" />
    <TestEntry testId="58f9e5ce-1bab-0c6b-1e0b-98e0a0083c94" executionId="d2b629f9-cf3d-4c93-9643-d4ed4ef42f9f" testListId="8c84fa94-04c1-424b-9868-57a2d4851a1d" />
    <TestEntry testId="1c544035-38ea-054f-e87c-73d6a628523a" executionId="390282bb-3e26-4315-ad8f-4b8d3b1f1b25" testListId="8c84fa94-04c1-424b-9868-57a2d4851a1d" />
    <TestEntry testId="6cb01e3f-a03d-67b1-8f23-89bbdd8943a3" executionId="6e6ebc8d-981b-4e69-8e4a-d63b025b0f7a" testListId="8c84fa94-04c1-424b-9868-57a2d4851a1d" />
    <TestEntry testId="ff3d2d05-1397-0038-c496-c12b7435aaee" executionId="a2f3b9fc-cadd-4e0a-9e1a-0e4e243e8b3a" testListId="8c84fa94-04c1-424b-9868-57a2d4851a1d" />
    <TestEntry testId="03cd529c-594e-f5f4-394a-38e5c1ffbbd4" executionId="faa3e13c-409a-4ae3-a495-bfc2a5e7c3e1" testListId="8c84fa94-04c1-424b-9868-57a2d4851a1d" />
    <TestEntry testId="5dcd44f1-cbb8-8d6b-534f-9d513b76d8e6" executionId="1b199d2d-6702-44dc-beda-65971e511726" testListId="8c84fa94-04c1-424b-9868-57a2d4851a1d" />
    <TestEntry testId="9c713a2b-9e76-2415-d955-46aa4b04bc55" executionId="a06ef133-33d6-44d1-8e52-c71de4745042" testListId="8c84fa94-04c1-424b-9868-57a2d4851a1d" />
    <TestEntry testId="13bb17c0-9c5e-610c-5753-956c620e1962" executionId="1c484644-d4a4-4174-8722-1169a87d4267" testListId="8c84fa94-04c1-424b-9868-57a2d4851a1d" />
    <TestEntry testId="996b6d38-8904-1e30-ea22-94e60915db8c" executionId="514bdb8b-54c1-447b-8d78-ab10d8ca14a2" testListId="8c84fa94-04c1-424b-9868-57a2d4851a1d" />
    <TestEntry testId="4daa0264-d422-7a85-989e-1ae9e712a1eb" executionId="60088d80-5922-4c77-9707-a786b6e165e2" testListId="8c84fa94-04c1-424b-9868-57a2d4851a1d" />
    <TestEntry testId="a7393586-64bb-69dc-eba3-1463201a4419" executionId="ca61375f-e756-4ab3-9ed2-1f898c089d97" testListId="8c84fa94-04c1-424b-9868-57a2d4851a1d" />
    <TestEntry testId="dda4734d-9263-9683-bcf1-0cc612cb1594" executionId="d10929b4-d55d-4015-8b19-0d105acd5ece" testListId="8c84fa94-04c1-424b-9868-57a2d4851a1d" />
    <TestEntry testId="2b2c3e93-fce0-8fb6-cf91-4df9fcc9f54b" executionId="406bdb7b-d6d3-4177-9882-474ba3fc1dcd" testListId="8c84fa94-04c1-424b-9868-57a2d4851a1d" />
    <TestEntry testId="71c22708-dbaa-79ff-057b-e788d4505184" executionId="9dba789f-0199-4584-853b-a21cd2b89c36" testListId="8c84fa94-04c1-424b-9868-57a2d4851a1d" />
    <TestEntry testId="f6472f07-5ce8-7db5-6dd2-9068452de237" executionId="95b6bc84-73cf-4726-bde4-0baa371b652b" testListId="8c84fa94-04c1-424b-9868-57a2d4851a1d" />
    <TestEntry testId="f77ac471-dd6b-3503-d4b1-30115c337f42" executionId="fe7b8662-4ff5-4517-a7e4-c1dadd6033bd" testListId="8c84fa94-04c1-424b-9868-57a2d4851a1d" />
    <TestEntry testId="95936557-3c3b-a0be-ca02-74d60844464c" executionId="c1a798a3-4e88-438b-96ee-d32a5894a133" testListId="8c84fa94-04c1-424b-9868-57a2d4851a1d" />
    <TestEntry testId="8f98acd7-c84b-a7f7-fb7f-0412075549d6" executionId="e666d089-c986-4082-9094-2c5587290886" testListId="8c84fa94-04c1-424b-9868-57a2d4851a1d" />
    <TestEntry testId="4bc5f009-c973-f931-1d45-f0addc813db2" executionId="7d434041-b0eb-4b60-ac6d-f4b6e3b8db48" testListId="8c84fa94-04c1-424b-9868-57a2d4851a1d" />
    <TestEntry testId="86e3825d-829f-92fe-d878-0ca95ca51e4d" executionId="8ca5ce39-b0d2-454e-bdb4-f6dde4a06d07" testListId="8c84fa94-04c1-424b-9868-57a2d4851a1d" />
    <TestEntry testId="2f1248d0-a771-9597-d90a-fb612873ab24" executionId="da31cadb-3dde-4395-acdb-58811f039b70" testListId="8c84fa94-04c1-424b-9868-57a2d4851a1d" />
    <TestEntry testId="e4275a9b-8bad-38b9-332e-74176d2eb25f" executionId="284fcb06-c38a-4139-bb79-c14a8f02841b" testListId="8c84fa94-04c1-424b-9868-57a2d4851a1d" />
    <TestEntry testId="6e48abaa-e94e-4cb3-4e64-703c4702dc60" executionId="20deff56-a3d9-47c4-a5a1-01dd997febf7" testListId="8c84fa94-04c1-424b-9868-57a2d4851a1d" />
    <TestEntry testId="e42f56d1-0116-4ec2-39ce-514840e88883" executionId="4c56c4a9-6441-4528-aed8-4e8d4e671a6c" testListId="8c84fa94-04c1-424b-9868-57a2d4851a1d" />
    <TestEntry testId="443d82e7-b131-4eab-c0c2-77bcf8c78c0e" executionId="8e26b049-bf10-4f67-af52-f026f625b92e" testListId="8c84fa94-04c1-424b-9868-57a2d4851a1d" />
    <TestEntry testId="60f4f078-0154-b41b-3de6-b38d34b12689" executionId="c378994a-32dd-46ba-abb1-c2c787a979cd" testListId="8c84fa94-04c1-424b-9868-57a2d4851a1d" />
    <TestEntry testId="8859dd67-9eea-687f-ff9c-c8608298b7a0" executionId="72a6e9a0-c742-4100-b916-739e6975fd3d" testListId="8c84fa94-04c1-424b-9868-57a2d4851a1d" />
    <TestEntry testId="9553bcf1-c46a-a9e1-ecea-160af9ebe5b9" executionId="76554088-052d-47a6-b178-4b2d70f8a9f7" testListId="8c84fa94-04c1-424b-9868-57a2d4851a1d" />
    <TestEntry testId="8acd974b-58e6-d71d-65a7-9fcbeabcb975" executionId="5377c431-a1eb-4da8-8d31-4ae4ddb7d5ed" testListId="8c84fa94-04c1-424b-9868-57a2d4851a1d" />
    <TestEntry testId="8f0f2481-35fe-ae01-bfcb-690467c4a7bc" executionId="277e1262-b793-472e-b87c-f50fbbc601a1" testListId="8c84fa94-04c1-424b-9868-57a2d4851a1d" />
    <TestEntry testId="e64bca34-3589-7be5-702b-1f171a1b0f81" executionId="6889d3ac-8680-498d-bed9-fa33a944fc38" testListId="8c84fa94-04c1-424b-9868-57a2d4851a1d" />
    <TestEntry testId="bed3e0a6-5997-3869-73cc-50bad3fe5334" executionId="d7d2b707-0c65-418b-b97d-983e839b576a" testListId="8c84fa94-04c1-424b-9868-57a2d4851a1d" />
    <TestEntry testId="8f694c62-d589-ac54-3491-78ce2e9f9173" executionId="2c164494-6f54-46f1-bd02-fda76ab366e0" testListId="8c84fa94-04c1-424b-9868-57a2d4851a1d" />
    <TestEntry testId="59fc518d-691e-1e5f-347b-11ecb9d13e9d" executionId="c7a4245e-58a6-46fe-b032-0f33ee592a85" testListId="8c84fa94-04c1-424b-9868-57a2d4851a1d" />
    <TestEntry testId="e88e51df-0600-5288-c5bd-454451abcf17" executionId="ff48b6a7-a9de-4a7d-a858-50cc5623a9b3" testListId="8c84fa94-04c1-424b-9868-57a2d4851a1d" />
    <TestEntry testId="d8eb6d98-9b62-c231-99fb-5444406d89a8" executionId="703d5cd5-98d0-4641-b26b-a27abde7d2ad" testListId="8c84fa94-04c1-424b-9868-57a2d4851a1d" />
    <TestEntry testId="38e54b38-917c-5b2b-c952-bdf2eaa51d0c" executionId="eb1210d2-ddfe-470d-9508-eae514eae6ab" testListId="8c84fa94-04c1-424b-9868-57a2d4851a1d" />
    <TestEntry testId="606a7735-aef6-0113-4704-36b83853043c" executionId="f255c912-6576-48fb-abcc-d41b2dfc6b9c" testListId="8c84fa94-04c1-424b-9868-57a2d4851a1d" />
    <TestEntry testId="9e40b804-42b0-5011-3b04-cc25d4d70de0" executionId="f8a14cdf-6ece-49c3-87ef-e9e464305096" testListId="8c84fa94-04c1-424b-9868-57a2d4851a1d" />
    <TestEntry testId="086f68bd-b3fd-894f-d1fe-0dbb71a51984" executionId="0d5d98d7-6081-412b-b5fb-9fe9efd39e7d" testListId="8c84fa94-04c1-424b-9868-57a2d4851a1d" />
    <TestEntry testId="661b4fd7-8a74-3489-35c5-59457dbca55e" executionId="3d3639fd-612d-4a9a-a3ef-66ee250fd336" testListId="8c84fa94-04c1-424b-9868-57a2d4851a1d" />
    <TestEntry testId="4bfa13d1-17a0-4954-0e3e-a26d2de2fb23" executionId="7b24babc-7374-402a-9d1e-a745bb3ac20d" testListId="8c84fa94-04c1-424b-9868-57a2d4851a1d" />
    <TestEntry testId="108c2052-fc39-fc7d-462e-5ca8813e0e6a" executionId="c1d1b93b-41ae-40e0-b87c-9c0af8aeb4b4" testListId="8c84fa94-04c1-424b-9868-57a2d4851a1d" />
    <TestEntry testId="fde1c954-98a7-7238-71c0-b624bf2faef3" executionId="d3499ad1-fa36-4178-b372-348440ab9f9f" testListId="8c84fa94-04c1-424b-9868-57a2d4851a1d" />
    <TestEntry testId="a7365563-432a-a490-6278-92d0ebb084fc" executionId="064aa975-d0df-4628-811d-434db5b20856" testListId="8c84fa94-04c1-424b-9868-57a2d4851a1d" />
    <TestEntry testId="1ab3cefc-49c6-5a53-95db-2b52b6f9c551" executionId="a1060245-3f08-45a6-97e9-d3195aa2fed2" testListId="8c84fa94-04c1-424b-9868-57a2d4851a1d" />
    <TestEntry testId="ac0a91f2-dd7a-5fc1-8193-eac940cd0656" executionId="8d519ad2-eae1-41fc-a80f-923ed239aa55" testListId="8c84fa94-04c1-424b-9868-57a2d4851a1d" />
    <TestEntry testId="81a1abf8-6be1-aea7-389f-5894b71b2368" executionId="9b9861d4-2e3b-4847-a3cb-6e83c780140c" testListId="8c84fa94-04c1-424b-9868-57a2d4851a1d" />
    <TestEntry testId="62779f41-de77-189d-2845-837ff5a12f04" executionId="6fadc6f3-6a06-4c55-95f0-3d2dc312be31" testListId="8c84fa94-04c1-424b-9868-57a2d4851a1d" />
    <TestEntry testId="dbf1db3e-c119-5966-af76-e8157d531ea2" executionId="1a04ad4f-37db-4103-ad63-bae342301d1a" testListId="8c84fa94-04c1-424b-9868-57a2d4851a1d" />
    <TestEntry testId="51b05b71-c723-8fd8-a294-f2801277fd50" executionId="32a02172-b534-4eee-a54e-643c9fdc1c65" testListId="8c84fa94-04c1-424b-9868-57a2d4851a1d" />
    <TestEntry testId="349afda0-a849-d994-1cb5-43ab74afdf0c" executionId="dbc67542-5dda-4f34-b09f-bfa0cb2fbd5c" testListId="8c84fa94-04c1-424b-9868-57a2d4851a1d" />
    <TestEntry testId="d09ead03-57a4-a7c5-33ac-18bdf2ed785e" executionId="66c5109c-6ba7-4971-b8a0-7bb905864686" testListId="8c84fa94-04c1-424b-9868-57a2d4851a1d" />
    <TestEntry testId="53f842ac-f46d-7d71-9da8-af83d620085a" executionId="e94dc4c2-e9d9-4132-9fce-7fbb4a14f66b" testListId="8c84fa94-04c1-424b-9868-57a2d4851a1d" />
    <TestEntry testId="e931af6a-3452-9003-decc-ede4ba4ec081" executionId="e61c182d-63da-48fe-a0eb-ec3bf145e62b" testListId="8c84fa94-04c1-424b-9868-57a2d4851a1d" />
    <TestEntry testId="f7956f7c-5887-9a0c-7c3e-645573a0e845" executionId="b2bddecd-aebe-404d-81da-a6bf313203cf" testListId="8c84fa94-04c1-424b-9868-57a2d4851a1d" />
    <TestEntry testId="d5b1edb5-b12f-6f9b-d326-d112d604818d" executionId="1ac0b910-8ed2-4e16-b47e-170f6e1708fa" testListId="8c84fa94-04c1-424b-9868-57a2d4851a1d" />
    <TestEntry testId="bd67c30d-1d82-4e89-6c61-dfcd016668cb" executionId="881138a8-f417-443c-9791-d339a19e686d" testListId="8c84fa94-04c1-424b-9868-57a2d4851a1d" />
    <TestEntry testId="8fac2b79-9e79-56e1-c8b9-dbffbd82ae43" executionId="fe9002d3-e1f6-4e24-9a51-3c4374980cf4" testListId="8c84fa94-04c1-424b-9868-57a2d4851a1d" />
    <TestEntry testId="33f1da4b-412f-f4c7-12b2-2ccec879b8cc" executionId="e1ce9754-7966-4c85-be03-7d075265f1f7" testListId="8c84fa94-04c1-424b-9868-57a2d4851a1d" />
    <TestEntry testId="6b71b8f6-958a-0474-734c-5037b2d776ec" executionId="df170cdd-3278-4a3e-8800-d0281368f8ad" testListId="8c84fa94-04c1-424b-9868-57a2d4851a1d" />
    <TestEntry testId="d39a468f-9980-5d97-4555-244415136c85" executionId="2244c22a-fdd3-4b38-a645-37bb50f30367" testListId="8c84fa94-04c1-424b-9868-57a2d4851a1d" />
    <TestEntry testId="ad017908-8d1a-0341-56bc-07e221b7fa03" executionId="e50c4fea-f942-4b11-a638-385284d07f8c" testListId="8c84fa94-04c1-424b-9868-57a2d4851a1d" />
    <TestEntry testId="58020c11-c291-9fff-a6eb-d178031b96c9" executionId="4110a3dd-7775-46e1-9822-79a4515f0abc" testListId="8c84fa94-04c1-424b-9868-57a2d4851a1d" />
    <TestEntry testId="5f6ec94d-79db-fbc6-a975-8fcf5e6da5de" executionId="9d8e27f2-32ad-45eb-a4d1-d02678957f3d" testListId="8c84fa94-04c1-424b-9868-57a2d4851a1d" />
    <TestEntry testId="06a88817-6ff8-d8d0-0cd7-9f4aa269e975" executionId="953df134-b341-411c-9224-840f6a3f1926" testListId="8c84fa94-04c1-424b-9868-57a2d4851a1d" />
    <TestEntry testId="7efd0b0b-8ee2-d5e8-47e2-5ba5eebb44d2" executionId="2da7b2cb-d958-4624-a5c5-1d8bee37cd45" testListId="8c84fa94-04c1-424b-9868-57a2d4851a1d" />
    <TestEntry testId="0c92b541-a11c-af2d-cc00-baa08658eac8" executionId="4f864600-266a-46d1-a11e-d5b941c62b2a" testListId="8c84fa94-04c1-424b-9868-57a2d4851a1d" />
    <TestEntry testId="22ff405e-4e4b-ec94-1d81-69603bb819cf" executionId="bbbaac02-6064-426e-ae40-17a0e1aebead" testListId="8c84fa94-04c1-424b-9868-57a2d4851a1d" />
    <TestEntry testId="e1734028-fada-4af3-8a5c-ef092b76d644" executionId="7aaf8a2a-071d-4bd4-bb7d-6b8cfd8f80a9" testListId="8c84fa94-04c1-424b-9868-57a2d4851a1d" />
    <TestEntry testId="8073691c-21a5-9107-fb79-56e4b2e81fb1" executionId="ca378654-35a0-48ef-8012-c3c6130ff425" testListId="8c84fa94-04c1-424b-9868-57a2d4851a1d" />
    <TestEntry testId="c878e9ba-46bf-00b5-a8be-a988ac37f973" executionId="bc16fb39-fefa-4c5c-8476-4722efd1344a" testListId="8c84fa94-04c1-424b-9868-57a2d4851a1d" />
    <TestEntry testId="39ac623f-fdf7-17f3-6ce0-9e1b4bfb7236" executionId="d657d21a-e1c0-4285-8478-adadfad06770" testListId="8c84fa94-04c1-424b-9868-57a2d4851a1d" />
    <TestEntry testId="79eb825b-0ac9-6c28-1949-0ddaebf10cfc" executionId="5731332d-2441-4beb-91f0-4536b438cfb8" testListId="8c84fa94-04c1-424b-9868-57a2d4851a1d" />
    <TestEntry testId="8bb3b051-fd54-70fa-37da-5e1986e478a5" executionId="76688aaa-c74a-44d1-b895-ddc9e4014bbd" testListId="8c84fa94-04c1-424b-9868-57a2d4851a1d" />
    <TestEntry testId="8237b5ca-ec4b-2f2b-c709-52a921fafd5c" executionId="46be0c01-121a-4455-a109-dc34dd948a74" testListId="8c84fa94-04c1-424b-9868-57a2d4851a1d" />
    <TestEntry testId="5dfc668d-d86b-26a4-226b-e2a6e77eef12" executionId="0d304d37-d53e-43b2-82b0-51cf5620fa68" testListId="8c84fa94-04c1-424b-9868-57a2d4851a1d" />
    <TestEntry testId="cf93dd1e-782f-a497-0561-e7df285ec6b5" executionId="da59d3e9-3a13-4bac-a8db-a325428d37b6" testListId="8c84fa94-04c1-424b-9868-57a2d4851a1d" />
    <TestEntry testId="5e1aca6a-d9b7-23f6-c415-c9c2a91cd790" executionId="eeb0a38a-a0f2-4b73-84bc-c375cd0ffcc1" testListId="8c84fa94-04c1-424b-9868-57a2d4851a1d" />
    <TestEntry testId="c830e46b-5a37-f382-9022-bd36e87a160f" executionId="aa12ea1b-eef2-47ad-9746-fd92f1d57efe" testListId="8c84fa94-04c1-424b-9868-57a2d4851a1d" />
    <TestEntry testId="a345261d-59be-f694-1a7a-ca5ce2d2d4c4" executionId="3b2ec903-6ba4-4b5e-81f5-6424157c743d" testListId="8c84fa94-04c1-424b-9868-57a2d4851a1d" />
    <TestEntry testId="5b940e7e-5602-6e2d-9bb4-ea58b2e075ab" executionId="a3387723-f187-46ee-bd2c-e1705427be93" testListId="8c84fa94-04c1-424b-9868-57a2d4851a1d" />
    <TestEntry testId="3363618d-ba10-7be9-e717-ba2f8beb1f14" executionId="0d167bb2-b1f2-4bb5-87ea-e84e49591836" testListId="8c84fa94-04c1-424b-9868-57a2d4851a1d" />
    <TestEntry testId="9347f5be-5008-ff2d-ab85-8c6415e57b12" executionId="c1cd5a11-c3db-464f-a2b8-91ab3d49f81a" testListId="8c84fa94-04c1-424b-9868-57a2d4851a1d" />
    <TestEntry testId="09eb03c3-6c6b-d07d-0c0e-f69b7a3941d2" executionId="8e00f107-a652-4672-801e-0d89c82eb8df" testListId="8c84fa94-04c1-424b-9868-57a2d4851a1d" />
    <TestEntry testId="864c1316-42be-ac84-4487-0c84ff96ddee" executionId="573ca923-88ae-44b1-ab24-478dabaca324" testListId="8c84fa94-04c1-424b-9868-57a2d4851a1d" />
    <TestEntry testId="b6b4e5c5-badb-9c66-8425-431f3f703e83" executionId="0a132b73-daea-4058-8fca-c984c3f5a8df" testListId="8c84fa94-04c1-424b-9868-57a2d4851a1d" />
    <TestEntry testId="13f1786b-ba98-dd5e-fe5d-f541f09404b5" executionId="9b826f34-0f03-4ec8-9b80-139679108788" testListId="8c84fa94-04c1-424b-9868-57a2d4851a1d" />
    <TestEntry testId="6ee23e15-5212-e5e6-0d67-3661442b479b" executionId="88fd88df-673a-4885-9887-fe12aeea7369" testListId="8c84fa94-04c1-424b-9868-57a2d4851a1d" />
    <TestEntry testId="249eb19e-fedc-463a-7645-04bc4a4b0dd3" executionId="640fef09-57a2-4923-87b5-03f9e9d26cae" testListId="8c84fa94-04c1-424b-9868-57a2d4851a1d" />
    <TestEntry testId="5202701f-df81-3f07-3fd3-41cc028b9321" executionId="9d2037a9-c2de-405b-af87-1f61f74fcfa0" testListId="8c84fa94-04c1-424b-9868-57a2d4851a1d" />
    <TestEntry testId="6f8b015e-fbb6-5aab-26fd-c4459351481b" executionId="8c860771-7388-4bb2-bcff-4f33ff41656c" testListId="8c84fa94-04c1-424b-9868-57a2d4851a1d" />
    <TestEntry testId="3f1adbc0-0196-34e5-6649-a85c5488fa91" executionId="3fb25955-bc9d-44a5-8917-0a3d63ffb363" testListId="8c84fa94-04c1-424b-9868-57a2d4851a1d" />
    <TestEntry testId="f6f57a3d-4eb8-1874-da57-7a9e4d6b9c42" executionId="f0526c0d-1c61-4e48-af56-0e9d44b86af9" testListId="8c84fa94-04c1-424b-9868-57a2d4851a1d" />
    <TestEntry testId="c50cc28e-ba3b-5d96-dbce-01f62e4d3c72" executionId="3f1202d8-2bb0-4d7e-873e-0372749a67d9" testListId="8c84fa94-04c1-424b-9868-57a2d4851a1d" />
    <TestEntry testId="49f08ad4-e3ca-7af9-80e5-b685a0b47674" executionId="92248c1f-d735-4fa0-afeb-44e3b86283aa" testListId="8c84fa94-04c1-424b-9868-57a2d4851a1d" />
    <TestEntry testId="76480529-7b76-e863-86e1-c858751ba287" executionId="4d764a50-740d-4dfc-ad75-08cc84c2942a" testListId="8c84fa94-04c1-424b-9868-57a2d4851a1d" />
    <TestEntry testId="ced3616f-3c88-db6e-d1dd-4edc14da40be" executionId="c109fe8c-34a0-4401-afe3-528193ca8c94" testListId="8c84fa94-04c1-424b-9868-57a2d4851a1d" />
    <TestEntry testId="98e742b5-a9e8-df93-45b6-fa0d531caa6b" executionId="12007218-75ce-48f1-b025-13e6388a4b7c" testListId="8c84fa94-04c1-424b-9868-57a2d4851a1d" />
    <TestEntry testId="680a57ed-aef7-7627-554b-2ab01bc33ccf" executionId="f5d42252-5365-4c47-be11-75a06c820410" testListId="8c84fa94-04c1-424b-9868-57a2d4851a1d" />
    <TestEntry testId="f85689af-bccc-784d-b093-f7a296ae9b10" executionId="298d1e4f-783e-49c4-b741-8a1b15fe32d9" testListId="8c84fa94-04c1-424b-9868-57a2d4851a1d" />
    <TestEntry testId="577232fa-4820-0031-8220-5c10c6849f65" executionId="488592d3-5a93-4712-a42f-58b364f1d36d" testListId="8c84fa94-04c1-424b-9868-57a2d4851a1d" />
    <TestEntry testId="87211bb6-e48e-1d49-fcdf-06cad7d36de4" executionId="4f0f1a70-cd5c-4884-9b9a-3eeb99212c90" testListId="8c84fa94-04c1-424b-9868-57a2d4851a1d" />
    <TestEntry testId="76e6779b-a81e-af08-fa5a-6175a7306b7c" executionId="90b5ebee-425a-4196-8ae7-ad45964b714b" testListId="8c84fa94-04c1-424b-9868-57a2d4851a1d" />
    <TestEntry testId="3f5af0d1-875c-7462-d712-e00deb320d7a" executionId="f02b0cfb-71bb-4497-bb87-a705c30a5590" testListId="8c84fa94-04c1-424b-9868-57a2d4851a1d" />
    <TestEntry testId="741a4e57-0cca-d960-3bbc-2a95ae33db53" executionId="f3dd8724-4483-49c7-9c42-5d51d5e9731e" testListId="8c84fa94-04c1-424b-9868-57a2d4851a1d" />
    <TestEntry testId="d2ebcdb0-238b-cbb7-f625-318772534557" executionId="c9bfcb2c-08b9-4c76-bdce-8815ff79514f" testListId="8c84fa94-04c1-424b-9868-57a2d4851a1d" />
    <TestEntry testId="a9afc403-29e6-88a4-c2af-4c0ff8d8a28b" executionId="6da3c3f5-4516-4540-b522-d6cfead197bd" testListId="8c84fa94-04c1-424b-9868-57a2d4851a1d" />
    <TestEntry testId="26745cdf-54c9-6722-4605-f8b66ff30e43" executionId="08b9912e-dcfc-4a58-8e3b-61e0330f9c59" testListId="8c84fa94-04c1-424b-9868-57a2d4851a1d" />
    <TestEntry testId="d8c07703-c6ba-2990-8554-e0597fbd2a9a" executionId="4dea772b-a207-4097-b4e2-becef94320bb" testListId="8c84fa94-04c1-424b-9868-57a2d4851a1d" />
    <TestEntry testId="1427994f-dfc2-3b8f-5f19-9134cfec26f2" executionId="7069ce20-f01a-442e-913e-bbb3945f0ef6" testListId="8c84fa94-04c1-424b-9868-57a2d4851a1d" />
    <TestEntry testId="279277b8-c475-1740-4b89-51c71b5e60bc" executionId="aaadfa1f-86f1-4e7d-b6f8-9ad1ea214e19" testListId="8c84fa94-04c1-424b-9868-57a2d4851a1d" />
    <TestEntry testId="d7f6d945-38ba-f308-695a-8462453f5d48" executionId="afd72319-b2ba-4aa1-a240-7ee3abddbe3f" testListId="8c84fa94-04c1-424b-9868-57a2d4851a1d" />
    <TestEntry testId="e1e175ed-feba-4c6f-4525-385ac52e4ff1" executionId="40cbd630-ce79-47f5-afaf-a0099f8ed150" testListId="8c84fa94-04c1-424b-9868-57a2d4851a1d" />
    <TestEntry testId="8fd04541-1f43-6b67-271f-30979468cdcb" executionId="4388c842-098b-40fc-afe2-68c30aafb60b" testListId="8c84fa94-04c1-424b-9868-57a2d4851a1d" />
    <TestEntry testId="465b8b22-ae43-8771-bab3-c61bdf88be2c" executionId="632ef0af-92c2-4c55-9489-9e2777eb6f40" testListId="8c84fa94-04c1-424b-9868-57a2d4851a1d" />
    <TestEntry testId="b65bf01a-1b91-6b6e-4a80-ca1071e8595d" executionId="093858c2-e51f-4148-9cb0-e25a0961ac84" testListId="8c84fa94-04c1-424b-9868-57a2d4851a1d" />
    <TestEntry testId="ad512448-3972-9a5f-6725-9bed00cac1bb" executionId="c677dd88-b990-4677-8393-bb49d3cf8bc5" testListId="8c84fa94-04c1-424b-9868-57a2d4851a1d" />
    <TestEntry testId="d4ee9b79-4196-caa7-d7b1-e48434993a78" executionId="5ff5ab66-ece2-4691-afab-0f3f147c3877" testListId="8c84fa94-04c1-424b-9868-57a2d4851a1d" />
    <TestEntry testId="81bd21f5-845e-aa35-fada-47a8b94de4c8" executionId="99e18e0b-0bc1-4a26-931c-633fd7771f67" testListId="8c84fa94-04c1-424b-9868-57a2d4851a1d" />
    <TestEntry testId="2fbca240-d73e-90fe-fa10-66a717472df8" executionId="23e1f515-47ca-447b-bbc2-ebe9e209b534" testListId="8c84fa94-04c1-424b-9868-57a2d4851a1d" />
    <TestEntry testId="2a27032e-00ea-3b79-aa12-bae663492183" executionId="307a5030-b546-4431-9d3a-090c9f68de99" testListId="8c84fa94-04c1-424b-9868-57a2d4851a1d" />
    <TestEntry testId="10cbd16f-822a-fdd7-e8ae-fa1a3eaa3761" executionId="3b2cc482-3a36-4496-8978-d12dc161b4af" testListId="8c84fa94-04c1-424b-9868-57a2d4851a1d" />
    <TestEntry testId="4fd0e4d4-201f-f92a-a4bd-73991d73bd74" executionId="61fe655b-294c-4f06-8634-f456a87c9be6" testListId="8c84fa94-04c1-424b-9868-57a2d4851a1d" />
    <TestEntry testId="731f5d07-dc75-9cda-bd6a-a157696b5258" executionId="3c3715a0-aadf-428a-aec0-3947c8406f5e" testListId="8c84fa94-04c1-424b-9868-57a2d4851a1d" />
    <TestEntry testId="468fc6f1-090e-af4a-e3f5-89b42d48597a" executionId="0208c141-fcb4-4632-b04e-4e52450be97b" testListId="8c84fa94-04c1-424b-9868-57a2d4851a1d" />
    <TestEntry testId="ec80a51d-21e0-d5fc-5b4e-aaa2b87640b8" executionId="3b14a832-e1d6-4ede-9089-66c9d138d16c" testListId="8c84fa94-04c1-424b-9868-57a2d4851a1d" />
    <TestEntry testId="dd0a53f6-9608-d074-ec6b-1fd826ef275e" executionId="404199fb-521d-46ca-baf4-710d0e0e6052" testListId="8c84fa94-04c1-424b-9868-57a2d4851a1d" />
    <TestEntry testId="20f75a53-728a-3e27-2cbb-bec08c93c778" executionId="17a30a82-e84c-48b3-9ce3-0dc8bffbfc6d" testListId="8c84fa94-04c1-424b-9868-57a2d4851a1d" />
    <TestEntry testId="4f051dee-273d-fcff-0b9b-bfaf6bbfa98d" executionId="f97cebb4-a6d2-4646-9ff3-ad85cc7fd23d" testListId="8c84fa94-04c1-424b-9868-57a2d4851a1d" />
    <TestEntry testId="ce027c0e-b7b6-30e8-95b9-9af781c2b3c7" executionId="8c80f0a5-e8cf-48e6-b4a6-4739c7263060" testListId="8c84fa94-04c1-424b-9868-57a2d4851a1d" />
    <TestEntry testId="ec063bfd-14dd-1deb-4fd4-311c75309607" executionId="f93a1be9-fb15-4461-9c2b-9a7de5fe51e5" testListId="8c84fa94-04c1-424b-9868-57a2d4851a1d" />
    <TestEntry testId="aa75de74-31a0-219d-da36-2e429565c098" executionId="a74b10db-5653-4d54-846e-9cc3f511f1b0" testListId="8c84fa94-04c1-424b-9868-57a2d4851a1d" />
    <TestEntry testId="82d58c85-8bb5-21d8-f720-e76e5b78cc40" executionId="5185eed5-aa5e-4767-b538-ec7bedf76e04" testListId="8c84fa94-04c1-424b-9868-57a2d4851a1d" />
    <TestEntry testId="f433ab30-ec94-3266-329c-2d06d086eb91" executionId="621458f1-3bda-47b1-80e4-be31c3db2b34" testListId="8c84fa94-04c1-424b-9868-57a2d4851a1d" />
    <TestEntry testId="7003fa29-5d8b-f503-a549-5fe616789c37" executionId="8618a34e-e973-455b-9ca1-b505fd22497f" testListId="8c84fa94-04c1-424b-9868-57a2d4851a1d" />
    <TestEntry testId="b8387dd6-f890-7e0b-f414-a4e07ecc407b" executionId="39f47a23-8eb9-4c35-bcaa-5ad2b48e69de" testListId="8c84fa94-04c1-424b-9868-57a2d4851a1d" />
    <TestEntry testId="8e1e0562-0c98-e226-1bf8-4de563a5fa13" executionId="93a397c3-a3aa-45e1-8648-917aeda56905" testListId="8c84fa94-04c1-424b-9868-57a2d4851a1d" />
    <TestEntry testId="e2225881-39fd-7f1c-d804-53db9fd0bebf" executionId="615a112e-b8a5-4e76-bcbd-336180c95113" testListId="8c84fa94-04c1-424b-9868-57a2d4851a1d" />
    <TestEntry testId="471f48b3-66b4-1d2b-45d6-de2cd4b57983" executionId="1ed9661b-f173-40f5-9a0a-829a6f678646" testListId="8c84fa94-04c1-424b-9868-57a2d4851a1d" />
    <TestEntry testId="2d61dcee-0012-4326-757b-21eec977f81e" executionId="6a80a31b-fe9a-4a99-ac74-5c0b8dc5c750" testListId="8c84fa94-04c1-424b-9868-57a2d4851a1d" />
    <TestEntry testId="3baf913f-526d-3c8d-eef9-0705cb381b53" executionId="3cdde759-4c28-42fd-816a-b2b7b18b3c62" testListId="8c84fa94-04c1-424b-9868-57a2d4851a1d" />
    <TestEntry testId="174b6e17-833b-348f-bc26-a67a058e5e9c" executionId="b73d4b5f-94ca-427d-a0fa-1d8c5a4d1257" testListId="8c84fa94-04c1-424b-9868-57a2d4851a1d" />
    <TestEntry testId="5178c6a1-917a-63ef-4a44-3f3fa3a4a76b" executionId="48a0d8f2-cbfc-4017-aeab-648e15c426e8" testListId="8c84fa94-04c1-424b-9868-57a2d4851a1d" />
    <TestEntry testId="0fb4b634-81ad-43fa-a70e-b06cb2c289b2" executionId="248aaf7f-200b-47f6-a819-6c32d6bffc0b" testListId="8c84fa94-04c1-424b-9868-57a2d4851a1d" />
    <TestEntry testId="72f321e8-2790-5738-6c76-f3c93e06a4d9" executionId="81b08588-ed45-48f7-ace6-abb9e5d309a2" testListId="8c84fa94-04c1-424b-9868-57a2d4851a1d" />
    <TestEntry testId="9c345799-e138-7ed0-5b4a-1011418b61de" executionId="48b0723a-8ea7-4c26-a917-8f62e135076a" testListId="8c84fa94-04c1-424b-9868-57a2d4851a1d" />
    <TestEntry testId="86c41238-e1bd-d4dd-850b-3f251771aebe" executionId="f6707a40-53ee-494b-b086-696d513be9f3" testListId="8c84fa94-04c1-424b-9868-57a2d4851a1d" />
    <TestEntry testId="fa2fb9d9-01c1-922c-5d5a-386819eb8668" executionId="bb2219f4-6df6-4201-b5df-4ff52de3fc3d" testListId="8c84fa94-04c1-424b-9868-57a2d4851a1d" />
    <TestEntry testId="b326ef4c-7f50-dcc1-8e16-23f12d57cfac" executionId="e53a2936-90a9-43ee-99f8-6f6da8dbe0e1" testListId="8c84fa94-04c1-424b-9868-57a2d4851a1d" />
    <TestEntry testId="ba610d56-53b0-45dd-63d9-9d6b77e9ef0d" executionId="02b61bee-1d31-49c5-9d96-c032f1a35c00" testListId="8c84fa94-04c1-424b-9868-57a2d4851a1d" />
    <TestEntry testId="70bec1df-5a68-44f4-dc37-08e0c2b5dd45" executionId="4768748f-97c9-4232-9911-cb05eef34d9a" testListId="8c84fa94-04c1-424b-9868-57a2d4851a1d" />
    <TestEntry testId="128b2e33-c1df-6a98-010e-1414bed50de5" executionId="ccc6bf0f-6ad2-4051-a672-082528f0dbae" testListId="8c84fa94-04c1-424b-9868-57a2d4851a1d" />
    <TestEntry testId="1367b65e-0b94-ba69-b954-fb8124eb22d5" executionId="f91c8a8e-053d-42d2-8826-908c94d86336" testListId="8c84fa94-04c1-424b-9868-57a2d4851a1d" />
    <TestEntry testId="6f030a63-1915-c5bb-effc-e00334ecdc58" executionId="19886e14-716a-4443-a328-e2f9d2064618" testListId="8c84fa94-04c1-424b-9868-57a2d4851a1d" />
    <TestEntry testId="5f02bd55-47a0-e81d-b9df-6ab6392dc956" executionId="7af18538-5eb5-4d3c-b829-af0ea046f5fc" testListId="8c84fa94-04c1-424b-9868-57a2d4851a1d" />
    <TestEntry testId="1d8da37b-0383-95ed-5f34-6e3377ad113e" executionId="55bfce66-25e7-4154-bfb0-b07252d447e8" testListId="8c84fa94-04c1-424b-9868-57a2d4851a1d" />
    <TestEntry testId="5ba0ef3d-e993-fb04-f50d-80614c1f48e6" executionId="56ac4cc9-6dc3-4a8f-a1f8-a73ce4030c3f" testListId="8c84fa94-04c1-424b-9868-57a2d4851a1d" />
    <TestEntry testId="a80ce00d-8fef-39f6-2b9d-90a0409ab21e" executionId="747b5835-e6b7-4b73-901b-c47a28994527" testListId="8c84fa94-04c1-424b-9868-57a2d4851a1d" />
    <TestEntry testId="0490562c-80e0-39a9-2279-32a1d1908d6e" executionId="b7f2bf0c-5268-4521-8926-8823626e856f" testListId="8c84fa94-04c1-424b-9868-57a2d4851a1d" />
    <TestEntry testId="286050a7-100a-f742-a554-97960a8416b4" executionId="e51e3fa1-973c-40a1-ac38-974c2c091fde" testListId="8c84fa94-04c1-424b-9868-57a2d4851a1d" />
    <TestEntry testId="43af3814-604d-ceff-d278-6fdeab109940" executionId="62e88058-e00e-43a8-9410-817e737d110f" testListId="8c84fa94-04c1-424b-9868-57a2d4851a1d" />
    <TestEntry testId="ffc628dd-c985-e3f1-ca17-da9cca506fbc" executionId="fbb75b74-1cf8-4862-af42-317df8cc782c" testListId="8c84fa94-04c1-424b-9868-57a2d4851a1d" />
    <TestEntry testId="dc101341-c73f-f576-2045-514a0c7d85da" executionId="f5a08362-805c-425d-92bc-0a0c8e79fe54" testListId="8c84fa94-04c1-424b-9868-57a2d4851a1d" />
    <TestEntry testId="b60b2e32-2e62-9f1a-0957-c89aa9a236dd" executionId="d0ae4e00-7b39-4d48-8d3b-513be18d6146" testListId="8c84fa94-04c1-424b-9868-57a2d4851a1d" />
    <TestEntry testId="ecd5df6d-1685-a29f-808d-8af5b0a515ad" executionId="0ed569c2-34f9-4390-95c2-3f8ad71c62a8" testListId="8c84fa94-04c1-424b-9868-57a2d4851a1d" />
    <TestEntry testId="8d94802d-53d7-d3b2-047f-ec9d0a5e3623" executionId="7f98ec2a-81f9-4646-b6a3-6bd5fa7a01dc" testListId="8c84fa94-04c1-424b-9868-57a2d4851a1d" />
    <TestEntry testId="3912834e-3d92-476d-bcd0-c1ca3109cfb6" executionId="5895731d-bda2-4301-a574-2cdbb3fc9901" testListId="8c84fa94-04c1-424b-9868-57a2d4851a1d" />
    <TestEntry testId="d350588b-1fce-1d28-5c54-f6126b74c227" executionId="3f215100-8c84-4ccc-9669-26c347537731" testListId="8c84fa94-04c1-424b-9868-57a2d4851a1d" />
    <TestEntry testId="11a87397-1757-077d-c7e6-d2ba1dcbdd5b" executionId="410aa794-0ba5-4041-9a27-f23689d61faf" testListId="8c84fa94-04c1-424b-9868-57a2d4851a1d" />
    <TestEntry testId="ad26ac72-d472-3446-b429-a39e27a79b16" executionId="3e3f5f5b-93c3-48ea-b403-fec9d04f60ca" testListId="8c84fa94-04c1-424b-9868-57a2d4851a1d" />
    <TestEntry testId="6768218c-6567-ac9b-b338-b8819476acaf" executionId="d35429e6-d853-4737-b4a7-7eb1911605cf" testListId="8c84fa94-04c1-424b-9868-57a2d4851a1d" />
    <TestEntry testId="e32ceaf5-2044-6a33-b092-c29de2fe095b" executionId="bc27c818-dfef-4bd8-abdc-b3042694e2ea" testListId="8c84fa94-04c1-424b-9868-57a2d4851a1d" />
    <TestEntry testId="d0bc7ea5-e2a0-6790-9331-20e93b51d0a9" executionId="bd99ba1a-64c9-420b-b9d8-adb992227544" testListId="8c84fa94-04c1-424b-9868-57a2d4851a1d" />
    <TestEntry testId="0743b053-5f80-39e3-2415-87af7f5a56f8" executionId="9fd7b5e2-f8e4-467e-8b04-a18ee53e84ca" testListId="8c84fa94-04c1-424b-9868-57a2d4851a1d" />
    <TestEntry testId="47fb6ba8-e618-b876-538b-b25771c9cf5f" executionId="6d4b955a-7b39-4e9e-ac46-48000ea62443" testListId="8c84fa94-04c1-424b-9868-57a2d4851a1d" />
    <TestEntry testId="60839290-1eeb-d8b9-fa35-6da60cd7d64a" executionId="89a7d013-4a03-48fa-9def-170230db14d7" testListId="8c84fa94-04c1-424b-9868-57a2d4851a1d" />
    <TestEntry testId="65c51164-1841-273f-ce30-d1469bd02f88" executionId="3babc787-f2c9-49c8-be21-df0974ce6380" testListId="8c84fa94-04c1-424b-9868-57a2d4851a1d" />
    <TestEntry testId="eaaf3dd9-2849-68dd-8b63-3348a310054b" executionId="0fa2c0f0-b1bb-46f5-a6f3-e54ed1124ccb" testListId="8c84fa94-04c1-424b-9868-57a2d4851a1d" />
    <TestEntry testId="c2c6b748-9b14-6f0a-0f8d-8c173d1905eb" executionId="592d48f9-5fb8-4f4f-bd01-be480b910ca5" testListId="8c84fa94-04c1-424b-9868-57a2d4851a1d" />
    <TestEntry testId="256a8d96-ed89-157f-5f7b-6e821bc88fbc" executionId="4f87a754-1135-49bb-b00c-975ff3e49df3" testListId="8c84fa94-04c1-424b-9868-57a2d4851a1d" />
    <TestEntry testId="cb84e372-0db4-cadb-ea5a-8162f8875b13" executionId="d3ef1edc-1870-4c3b-bf21-afc97666993c" testListId="8c84fa94-04c1-424b-9868-57a2d4851a1d" />
    <TestEntry testId="bfd25a89-37a1-8b6d-3055-743f4224a763" executionId="8d19c00c-81b5-4879-8930-09dabf631287" testListId="8c84fa94-04c1-424b-9868-57a2d4851a1d" />
    <TestEntry testId="273b19f2-bc2e-0fff-03d9-8e3fde4e1105" executionId="7558a3fd-cc42-40f8-ba3c-0b6a1d623d5f" testListId="8c84fa94-04c1-424b-9868-57a2d4851a1d" />
    <TestEntry testId="47086e35-06f3-bc27-02fb-3f657d13b0a3" executionId="893d944c-32c9-470e-adb0-78532d97e659" testListId="8c84fa94-04c1-424b-9868-57a2d4851a1d" />
    <TestEntry testId="789c4d26-9e90-9921-3680-81bb7e50813e" executionId="34ab5d86-f35f-4382-b83a-cee3bcdb92f6" testListId="8c84fa94-04c1-424b-9868-57a2d4851a1d" />
    <TestEntry testId="e1b783a4-63da-62c3-ab50-be899fdd79e2" executionId="19bd19f8-ba7d-4abe-9d15-5a62c4433475" testListId="8c84fa94-04c1-424b-9868-57a2d4851a1d" />
    <TestEntry testId="616fe719-bf7f-7000-9e32-4cae5f1dd897" executionId="12429a05-b0ee-4b89-a17a-f47b6ee373b8" testListId="8c84fa94-04c1-424b-9868-57a2d4851a1d" />
    <TestEntry testId="35ba7772-dced-01ec-65bd-9f0afe402f1a" executionId="bff857bc-e1cf-41e0-9a80-03555ecc8101" testListId="8c84fa94-04c1-424b-9868-57a2d4851a1d" />
    <TestEntry testId="c0743634-0e8c-60ff-dd33-aa3c1f7c437b" executionId="cc62839b-5633-46e9-95d9-b7dd7c0c9595" testListId="8c84fa94-04c1-424b-9868-57a2d4851a1d" />
    <TestEntry testId="4c3f6b35-48a0-d207-99c1-65bbc2fa071b" executionId="34019edf-1abc-4c41-944e-0920d8dff721" testListId="8c84fa94-04c1-424b-9868-57a2d4851a1d" />
    <TestEntry testId="906d5dad-24a2-c194-0157-f7aa409300ef" executionId="cd7d5c4a-d95e-4a2a-ab95-942f36e94c21" testListId="8c84fa94-04c1-424b-9868-57a2d4851a1d" />
    <TestEntry testId="25b79e49-f078-c9d3-fc26-60ff43e1f658" executionId="c3002511-a560-47bb-b5a8-cb4f19973857" testListId="8c84fa94-04c1-424b-9868-57a2d4851a1d" />
    <TestEntry testId="bf8a77e3-2a8b-534e-97d8-864c929c5c23" executionId="1625b94b-a9fc-44ba-a8d5-223bc39455ab" testListId="8c84fa94-04c1-424b-9868-57a2d4851a1d" />
  </TestEntries>
  <TestLists>
    <TestList name="Results Not in a List" id="8c84fa94-04c1-424b-9868-57a2d4851a1d" />
    <TestList name="All Loaded Results" id="19431567-8539-422a-85d7-44ee4e166bda" />
  </TestLists>
  <ResultSummary outcome="Completed">
    <Counters total="353" executed="353" passed="353" failed="0" error="0" timeout="0" aborted="0" inconclusive="0" passedButRunAborted="0" notRunnable="0" notExecuted="0" disconnected="0" warning="0" completed="0" inProgress="0" pending="0" />
    <Output>
      <StdOut>NUnit Adapter 3.17.0.0: Test execution started&#xD;
Running all tests in C:\Users\ericcarlson\Documents\GitHub\pickles\src\Pickles.TestFrameworks.UnitTests\bin\Debug\net6.0\PicklesDoc.Pickles.TestFrameworks.UnitTests.dll&#xD;
   NUnit3TestExecutor discovered 353 of 353 NUnit test cases&#xD;
NUnit Adapter 3.17.0.0: Test execution complete&#xD;
</StdOut>
    </Output>
  </ResultSummary>
</TestRun>