<?xml version="1.0" encoding="utf-8"?>
<TestRun id="86f10bb1-eb48-4b26-b819-18a01667e176" name="ericcarlson@ERICCARLSONBBE6 2022-05-09 16:18:59" runUser="ERICCARLSONBBE6\ericcarlson" xmlns="http://microsoft.com/schemas/VisualStudio/TeamTest/2010">
  <Times creation="2022-05-09T16:18:59.9312990-04:00" queuing="2022-05-09T16:18:59.9312994-04:00" start="2022-05-09T16:18:56.7211092-04:00" finish="2022-05-09T16:19:01.7358809-04:00" />
  <TestSettings name="default" id="95ca4eb5-be07-4941-b865-64891b98a314">
    <Deployment runDeploymentRoot="ericcarlson_ERICCARLSONBBE6_2022-05-09_16_18_59" />
  </TestSettings>
  <Results>
    <UnitTestResult executionId="bdaa3343-1629-43ff-9e62-ded995a45b1a" testId="6d53e524-577b-617b-04c0-cc99f9396f86" testName="ThenCanReadFailedScenarioResultSuccessfully" computerName="ERICCARLSONBBE6" duration="00:00:00.0029120" startTime="2022-05-09T16:19:00.7765686-04:00" endTime="2022-05-09T16:19:00.7794807-04:00" testType="13cdc9d9-ddb5-4fa4-a97d-d965ccfc6d4b" outcome="Passed" testListId="8c84fa94-04c1-424b-9868-57a2d4851a1d" relativeResultsDirectory="bdaa3343-1629-43ff-9e62-ded995a45b1a" />
    <UnitTestResult executionId="96ea00ae-4ea7-4ebe-a3e8-b1b338ba3711" testId="5f02bd55-47a0-e81d-b9df-6ab6392dc956" testName="ThenCanReadResultOfScenarioOutlineExampleWithFailingBackground" computerName="ERICCARLSONBBE6" duration="00:00:00.0066850" startTime="2022-05-09T16:19:00.5111603-04:00" endTime="2022-05-09T16:19:00.5178450-04:00" testType="13cdc9d9-ddb5-4fa4-a97d-d965ccfc6d4b" outcome="Passed" testListId="8c84fa94-04c1-424b-9868-57a2d4851a1d" relativeResultsDirectory="96ea00ae-4ea7-4ebe-a3e8-b1b338ba3711" />
    <UnitTestResult executionId="44660858-151c-4b42-b6d2-d86c8294249f" testId="4daa0264-d422-7a85-989e-1ae9e712a1eb" testName="ThenCanSuccessfullyMatchExamplesWithLongValues" computerName="ERICCARLSONBBE6" duration="00:00:00.0007790" startTime="2022-05-09T16:19:00.3535967-04:00" endTime="2022-05-09T16:19:00.3543758-04:00" testType="13cdc9d9-ddb5-4fa4-a97d-d965ccfc6d4b" outcome="Passed" testListId="8c84fa94-04c1-424b-9868-57a2d4851a1d" relativeResultsDirectory="44660858-151c-4b42-b6d2-d86c8294249f" />
    <UnitTestResult executionId="df05e27e-93f5-4ef2-a0c9-409e3f1c6bf9" testId="74b4106b-4b89-70e5-ec6d-b53991f24ded" testName="ThenCanReadNotFoundScenarioCorrectly" computerName="ERICCARLSONBBE6" duration="00:00:00.0024450" startTime="2022-05-09T16:18:59.8986743-04:00" endTime="2022-05-09T16:18:59.9011189-04:00" testType="13cdc9d9-ddb5-4fa4-a97d-d965ccfc6d4b" outcome="Passed" testListId="8c84fa94-04c1-424b-9868-57a2d4851a1d" relativeResultsDirectory="df05e27e-93f5-4ef2-a0c9-409e3f1c6bf9" />
    <UnitTestResult executionId="adf22563-b5f7-4a50-9edd-62413f3dced0" testId="877ca2ae-a522-d5d7-2fd9-a3dd2ef9b711" testName="ThenCanReadIndividualResultsFromScenarioOutline_MultipleExampleSections_ShouldBeTestResultFailed" computerName="ERICCARLSONBBE6" duration="00:00:00.0039500" startTime="2022-05-09T16:19:00.2957393-04:00" endTime="2022-05-09T16:19:00.2996893-04:00" testType="13cdc9d9-ddb5-4fa4-a97d-d965ccfc6d4b" outcome="Passed" testListId="8c84fa94-04c1-424b-9868-57a2d4851a1d" relativeResultsDirectory="adf22563-b5f7-4a50-9edd-62413f3dced0" />
    <UnitTestResult executionId="334d9fc1-62bd-4dca-bb6f-ad2e5aec7664" testId="5dcd44f1-cbb8-8d6b-534f-9d513b76d8e6" testName="ThenCanReadFailedScenarioResultSuccessfully" computerName="ERICCARLSONBBE6" duration="00:00:00.0020520" startTime="2022-05-09T16:19:00.3658851-04:00" endTime="2022-05-09T16:19:00.3679368-04:00" testType="13cdc9d9-ddb5-4fa4-a97d-d965ccfc6d4b" outcome="Passed" testListId="8c84fa94-04c1-424b-9868-57a2d4851a1d" relativeResultsDirectory="334d9fc1-62bd-4dca-bb6f-ad2e5aec7664" />
    <UnitTestResult executionId="28237996-fde4-4a03-8940-16f0fd37cb85" testId="b6b4e5c5-badb-9c66-8425-431f3f703e83" testName="ThenCanReadResultOfScenarioOutlineExampleWithFailingBackground" computerName="ERICCARLSONBBE6" duration="00:00:00.0070920" startTime="2022-05-09T16:19:00.0375119-04:00" endTime="2022-05-09T16:19:00.0446036-04:00" testType="13cdc9d9-ddb5-4fa4-a97d-d965ccfc6d4b" outcome="Passed" testListId="8c84fa94-04c1-424b-9868-57a2d4851a1d" relativeResultsDirectory="28237996-fde4-4a03-8940-16f0fd37cb85" />
    <UnitTestResult executionId="b95391a6-85e1-4acd-aa3a-7aace6103685" testId="37561f65-3332-c899-f5ae-4fb0281f2762" testName="ThenCanResolveAsSingleton(&quot;results-example-nunit3.xml&quot;,&quot;NUnit.NUnit3.results-example-nunit3.xml&quot;,NUnit3,PicklesDoc.Pickles.TestFrameworks.NUnit.NUnit3.NUnit3Results)" computerName="ERICCARLSONBBE6" duration="00:00:00.0020910" startTime="2022-05-09T16:19:01.0954120-04:00" endTime="2022-05-09T16:19:01.0975027-04:00" testType="13cdc9d9-ddb5-4fa4-a97d-d965ccfc6d4b" outcome="Passed" testListId="8c84fa94-04c1-424b-9868-57a2d4851a1d" relativeResultsDirectory="b95391a6-85e1-4acd-aa3a-7aace6103685" />
    <UnitTestResult executionId="cff9f9c2-b0e3-4c4b-a279-df0acf6a9298" testId="2b2c3e93-fce0-8fb6-cf91-4df9fcc9f54b" testName="ThenCanReadResultsWithParenthesis" computerName="ERICCARLSONBBE6" duration="00:00:00.0023310" startTime="2022-05-09T16:19:00.4926380-04:00" endTime="2022-05-09T16:19:00.4949684-04:00" testType="13cdc9d9-ddb5-4fa4-a97d-d965ccfc6d4b" outcome="Passed" testListId="8c84fa94-04c1-424b-9868-57a2d4851a1d" relativeResultsDirectory="cff9f9c2-b0e3-4c4b-a279-df0acf6a9298" />
    <UnitTestResult executionId="8e4dcd71-4580-4cea-b8b5-afcc1f28dd6c" testId="84ecda38-a103-69a6-dbd6-ef8eb51c722d" testName="ThenCanReadResultOfScenarioWithSpecialCharacters" computerName="ERICCARLSONBBE6" duration="00:00:00.0027340" startTime="2022-05-09T16:18:59.9394625-04:00" endTime="2022-05-09T16:18:59.9421959-04:00" testType="13cdc9d9-ddb5-4fa4-a97d-d965ccfc6d4b" outcome="Passed" testListId="8c84fa94-04c1-424b-9868-57a2d4851a1d" relativeResultsDirectory="8e4dcd71-4580-4cea-b8b5-afcc1f28dd6c" />
    <UnitTestResult executionId="ea1a20e0-a2dc-4698-83bf-b6404fac915a" testId="286050a7-100a-f742-a554-97960a8416b4" testName="ThenCanReadIndividualResultsFromScenarioOutline_MultipleNamedExamples_ShouldMatchExamples" computerName="ERICCARLSONBBE6" duration="00:00:00.0037990" startTime="2022-05-09T16:19:00.3092878-04:00" endTime="2022-05-09T16:19:00.3130864-04:00" testType="13cdc9d9-ddb5-4fa4-a97d-d965ccfc6d4b" outcome="Passed" testListId="8c84fa94-04c1-424b-9868-57a2d4851a1d" relativeResultsDirectory="ea1a20e0-a2dc-4698-83bf-b6404fac915a" />
    <UnitTestResult executionId="19e4a7f4-530c-4eef-bdb6-fea19df8dc65" testId="d0bc7ea5-e2a0-6790-9331-20e93b51d0a9" testName="ThenCanReadExamplesWithLongExampleValues" computerName="ERICCARLSONBBE6" duration="00:00:00.0011670" startTime="2022-05-09T16:19:00.4113698-04:00" endTime="2022-05-09T16:19:00.4125367-04:00" testType="13cdc9d9-ddb5-4fa4-a97d-d965ccfc6d4b" outcome="Passed" testListId="8c84fa94-04c1-424b-9868-57a2d4851a1d" relativeResultsDirectory="19e4a7f4-530c-4eef-bdb6-fea19df8dc65" />
    <UnitTestResult executionId="c82b2c4d-aa6e-43b3-9275-2241a0ab21af" testId="2a27032e-00ea-3b79-aa12-bae663492183" testName="ThenCanReadIndividualResultsFromScenarioOutline_MultipleExamplesWithDuplicateValues_ShouldMatchExamples" computerName="ERICCARLSONBBE6" duration="00:00:00.0026800" startTime="2022-05-09T16:19:01.2127205-04:00" endTime="2022-05-09T16:19:01.2154002-04:00" testType="13cdc9d9-ddb5-4fa4-a97d-d965ccfc6d4b" outcome="Passed" testListId="8c84fa94-04c1-424b-9868-57a2d4851a1d" relativeResultsDirectory="c82b2c4d-aa6e-43b3-9275-2241a0ab21af" />
    <UnitTestResult executionId="9f36d1da-265c-4cd4-9a62-0836db56378b" testId="58f9e5ce-1bab-0c6b-1e0b-98e0a0083c94" testName="ThenCanReadResultOfScenarioOutlineExampleWithFailingBackground" computerName="ERICCARLSONBBE6" duration="00:00:00.0049900" startTime="2022-05-09T16:18:59.9061232-04:00" endTime="2022-05-09T16:18:59.9111126-04:00" testType="13cdc9d9-ddb5-4fa4-a97d-d965ccfc6d4b" outcome="Passed" testListId="8c84fa94-04c1-424b-9868-57a2d4851a1d" relativeResultsDirectory="9f36d1da-265c-4cd4-9a62-0836db56378b" />
    <UnitTestResult executionId="77f8bdb4-e0dc-453b-9eb8-dc3a75adab8a" testId="98025163-67c4-34a3-d0e7-9dbdb150f12f" testName="ThenCanReadInconclusiveFeatureResultSuccessfully" computerName="ERICCARLSONBBE6" duration="00:00:00.0016610" startTime="2022-05-09T16:19:00.3711978-04:00" endTime="2022-05-09T16:19:00.3728589-04:00" testType="13cdc9d9-ddb5-4fa4-a97d-d965ccfc6d4b" outcome="Passed" testListId="8c84fa94-04c1-424b-9868-57a2d4851a1d" relativeResultsDirectory="77f8bdb4-e0dc-453b-9eb8-dc3a75adab8a" />
    <UnitTestResult executionId="f98e51cc-24ae-47e5-ad31-6099cdfb9f4a" testId="0be35ca5-d72a-7b15-1c8a-f42c97327233" testName="ThenCanReadIndividualResultsFromScenarioOutline_ExamplesWithDuplicateValues_ShouldMatchExamples" computerName="ERICCARLSONBBE6" duration="00:00:00.0024910" startTime="2022-05-09T16:19:01.2072864-04:00" endTime="2022-05-09T16:19:01.2097776-04:00" testType="13cdc9d9-ddb5-4fa4-a97d-d965ccfc6d4b" outcome="Passed" testListId="8c84fa94-04c1-424b-9868-57a2d4851a1d" relativeResultsDirectory="f98e51cc-24ae-47e5-ad31-6099cdfb9f4a" />
    <UnitTestResult executionId="e31df9a3-cf7b-4327-a9d5-6a32a92ccbc5" testId="1cb4c3cc-9e82-454c-91a1-b2116b3e1595" testName="ThenCanReadResultOfScenarioWithFailingBackground" computerName="ERICCARLSONBBE6" duration="00:00:00.0017230" startTime="2022-05-09T16:19:01.1650759-04:00" endTime="2022-05-09T16:19:01.1667990-04:00" testType="13cdc9d9-ddb5-4fa4-a97d-d965ccfc6d4b" outcome="Passed" testListId="8c84fa94-04c1-424b-9868-57a2d4851a1d" relativeResultsDirectory="e31df9a3-cf7b-4327-a9d5-6a32a92ccbc5" />
    <UnitTestResult executionId="a792642e-ba3b-4745-a2f3-cbe56d591ac8" testId="33f1da4b-412f-f4c7-12b2-2ccec879b8cc" testName="ThenCanReadExamplesWithRegexValuesFromScenarioOutline_ShouldBeTestResultPassed" computerName="ERICCARLSONBBE6" duration="00:00:00.0039480" startTime="2022-05-09T16:19:00.9585012-04:00" endTime="2022-05-09T16:19:00.9624490-04:00" testType="13cdc9d9-ddb5-4fa4-a97d-d965ccfc6d4b" outcome="Passed" testListId="8c84fa94-04c1-424b-9868-57a2d4851a1d" relativeResultsDirectory="a792642e-ba3b-4745-a2f3-cbe56d591ac8" />
    <UnitTestResult executionId="f289c31c-fa92-4bcb-bc26-f5dc1e6c4b3a" testId="6bd493a3-ac41-907d-ed2a-363507596529" testName="ThenCanReadIndividualResultsFromScenarioOutline_MultipleExamplesWithDuplicateValues_ShouldMatchExamples" computerName="ERICCARLSONBBE6" duration="00:00:00.0029580" startTime="2022-05-09T16:19:00.4202770-04:00" endTime="2022-05-09T16:19:00.4232350-04:00" testType="13cdc9d9-ddb5-4fa4-a97d-d965ccfc6d4b" outcome="Passed" testListId="8c84fa94-04c1-424b-9868-57a2d4851a1d" relativeResultsDirectory="f289c31c-fa92-4bcb-bc26-f5dc1e6c4b3a" />
    <UnitTestResult executionId="b2046e67-eef6-4cd8-bf70-b326d93cdd9b" testId="95936557-3c3b-a0be-ca02-74d60844464c" testName="ThenCanReadIndividualResultsFromScenarioOutline_ExamplesWithDuplicateValues_ShouldMatchExamples" computerName="ERICCARLSONBBE6" duration="00:00:00.0042300" startTime="2022-05-09T16:19:00.2914763-04:00" endTime="2022-05-09T16:19:00.2957063-04:00" testType="13cdc9d9-ddb5-4fa4-a97d-d965ccfc6d4b" outcome="Passed" testListId="8c84fa94-04c1-424b-9868-57a2d4851a1d" relativeResultsDirectory="b2046e67-eef6-4cd8-bf70-b326d93cdd9b" />
    <UnitTestResult executionId="1aa48c7b-45e7-4df8-a729-8c190558ab98" testId="dc712ba9-82f8-4816-135c-198a6c843205" testName="ThenCanReadResultOfScenarioWithSpecialCharacters" computerName="ERICCARLSONBBE6" duration="00:00:00.0027430" startTime="2022-05-09T16:19:01.1756611-04:00" endTime="2022-05-09T16:19:01.1784043-04:00" testType="13cdc9d9-ddb5-4fa4-a97d-d965ccfc6d4b" outcome="Passed" testListId="8c84fa94-04c1-424b-9868-57a2d4851a1d" relativeResultsDirectory="1aa48c7b-45e7-4df8-a729-8c190558ab98" />
    <UnitTestResult executionId="fa980d38-2a8a-4a93-9e0f-2e76bba41ef2" testId="c437592f-ad90-49b0-0c63-3ab7616bb2a4" testName="ThenCanReadIndividualResultsFromScenarioOutline_MultipleExampleSections_ShouldBeTestResultFailed" computerName="ERICCARLSONBBE6" duration="00:00:00.0024250" startTime="2022-05-09T16:19:00.8013253-04:00" endTime="2022-05-09T16:19:00.8037497-04:00" testType="13cdc9d9-ddb5-4fa4-a97d-d965ccfc6d4b" outcome="Passed" testListId="8c84fa94-04c1-424b-9868-57a2d4851a1d" relativeResultsDirectory="fa980d38-2a8a-4a93-9e0f-2e76bba41ef2" />
    <UnitTestResult executionId="548c8a6e-c778-4fe4-9d9a-75094dd4ebe1" testId="5c207727-4ce6-c546-30ce-9e08049db82c" testName="ThenCanReadNotFoundScenarioCorrectly" computerName="ERICCARLSONBBE6" duration="00:00:00.0061310" startTime="2022-05-09T16:19:00.3769892-04:00" endTime="2022-05-09T16:19:00.3831198-04:00" testType="13cdc9d9-ddb5-4fa4-a97d-d965ccfc6d4b" outcome="Passed" testListId="8c84fa94-04c1-424b-9868-57a2d4851a1d" relativeResultsDirectory="548c8a6e-c778-4fe4-9d9a-75094dd4ebe1" />
    <UnitTestResult executionId="6f90fc00-10bb-4fc3-b8d5-c20039ba6a90" testId="443d82e7-b131-4eab-c0c2-77bcf8c78c0e" testName="ThenCanReadFailedFeatureResultSuccessfully" computerName="ERICCARLSONBBE6" duration="00:00:00.0022160" startTime="2022-05-09T16:19:00.0001956-04:00" endTime="2022-05-09T16:19:00.0024116-04:00" testType="13cdc9d9-ddb5-4fa4-a97d-d965ccfc6d4b" outcome="Passed" testListId="8c84fa94-04c1-424b-9868-57a2d4851a1d" relativeResultsDirectory="6f90fc00-10bb-4fc3-b8d5-c20039ba6a90" />
    <UnitTestResult executionId="0b7bd4df-f479-4358-8cb3-1b30bec30dd3" testId="349afda0-a849-d994-1cb5-43ab74afdf0c" testName="ThenCanReadIndividualResultsFromScenarioOutline_AllPass_ShouldBeTestResultPassed" computerName="ERICCARLSONBBE6" duration="00:00:00.0018330" startTime="2022-05-09T16:19:00.4147143-04:00" endTime="2022-05-09T16:19:00.4165358-04:00" testType="13cdc9d9-ddb5-4fa4-a97d-d965ccfc6d4b" outcome="Passed" testListId="8c84fa94-04c1-424b-9868-57a2d4851a1d" relativeResultsDirectory="0b7bd4df-f479-4358-8cb3-1b30bec30dd3" />
    <UnitTestResult executionId="0cda681c-0ffb-4085-8545-70761eb6bc06" testId="82d58c85-8bb5-21d8-f720-e76e5b78cc40" testName="ThenCanReadResultOfScenarioOutlineWithAmpersand" computerName="ERICCARLSONBBE6" duration="00:00:00.0027430" startTime="2022-05-09T16:18:59.9111267-04:00" endTime="2022-05-09T16:18:59.9138692-04:00" testType="13cdc9d9-ddb5-4fa4-a97d-d965ccfc6d4b" outcome="Passed" testListId="8c84fa94-04c1-424b-9868-57a2d4851a1d" relativeResultsDirectory="0cda681c-0ffb-4085-8545-70761eb6bc06" />
    <UnitTestResult executionId="29f16d23-929a-4271-8250-db6d88c6556e" testId="d09ead03-57a4-a7c5-33ac-18bdf2ed785e" testName="ThenCanReadResultOfScenarioOutlineWithSpecialCharacters" computerName="ERICCARLSONBBE6" duration="00:00:00.0017750" startTime="2022-05-09T16:19:00.5215056-04:00" endTime="2022-05-09T16:19:00.5232806-04:00" testType="13cdc9d9-ddb5-4fa4-a97d-d965ccfc6d4b" outcome="Passed" testListId="8c84fa94-04c1-424b-9868-57a2d4851a1d" relativeResultsDirectory="29f16d23-929a-4271-8250-db6d88c6556e" />
    <UnitTestResult executionId="4a767b54-5f09-4ff5-9304-5f2a045cc6dc" testId="8d94802d-53d7-d3b2-047f-ec9d0a5e3623" testName="ThenCanResolve(&quot;results-example-nunit3.xml&quot;,&quot;NUnit.NUnit3.results-example-nunit3.xml&quot;,NUnit3,PicklesDoc.Pickles.TestFrameworks.NUnit.NUnit3.NUnit3Results)" computerName="ERICCARLSONBBE6" duration="00:00:00.0023090" startTime="2022-05-09T16:19:01.0293156-04:00" endTime="2022-05-09T16:19:01.0316247-04:00" testType="13cdc9d9-ddb5-4fa4-a97d-d965ccfc6d4b" outcome="Passed" testListId="8c84fa94-04c1-424b-9868-57a2d4851a1d" relativeResultsDirectory="4a767b54-5f09-4ff5-9304-5f2a045cc6dc" />
    <UnitTestResult executionId="2c95aa24-7e35-4738-bb4d-e2e56c411cb7" testId="249eb19e-fedc-463a-7645-04bc4a4b0dd3" testName="ThenCanReadPassedScenarioResultSuccessfully" computerName="ERICCARLSONBBE6" duration="00:00:00.0010500" startTime="2022-05-09T16:19:00.3402994-04:00" endTime="2022-05-09T16:19:00.3413495-04:00" testType="13cdc9d9-ddb5-4fa4-a97d-d965ccfc6d4b" outcome="Passed" testListId="8c84fa94-04c1-424b-9868-57a2d4851a1d" relativeResultsDirectory="2c95aa24-7e35-4738-bb4d-e2e56c411cb7" />
    <UnitTestResult executionId="379a6f44-fdf7-4e39-b94d-4416b44acf8d" testId="e42f56d1-0116-4ec2-39ce-514840e88883" testName="ThenCanReadResultOfScenarioWithDanishCharacters" computerName="ERICCARLSONBBE6" duration="00:00:00.0024719" startTime="2022-05-09T16:19:01.1625657-04:00" endTime="2022-05-09T16:19:01.1650374-04:00" testType="13cdc9d9-ddb5-4fa4-a97d-d965ccfc6d4b" outcome="Passed" testListId="8c84fa94-04c1-424b-9868-57a2d4851a1d" relativeResultsDirectory="379a6f44-fdf7-4e39-b94d-4416b44acf8d" />
    <UnitTestResult executionId="284f7fc0-096b-4cbf-b634-646619d96b62" testId="ff3d2d05-1397-0038-c496-c12b7435aaee" testName="ThenCanReadExamplesWithLongExampleValues" computerName="ERICCARLSONBBE6" duration="00:00:00.0005380" startTime="2022-05-09T16:19:00.7996785-04:00" endTime="2022-05-09T16:19:00.8002166-04:00" testType="13cdc9d9-ddb5-4fa4-a97d-d965ccfc6d4b" outcome="Passed" testListId="8c84fa94-04c1-424b-9868-57a2d4851a1d" relativeResultsDirectory="284f7fc0-096b-4cbf-b634-646619d96b62" />
    <UnitTestResult executionId="642fa28d-e77d-42d9-b916-831bfa0fb216" testId="a7365563-432a-a490-6278-92d0ebb084fc" testName="ThenCanReadResultOfScenarioOutlineWithUmlauts" computerName="ERICCARLSONBBE6" duration="00:00:00.0032160" startTime="2022-05-09T16:19:00.9085864-04:00" endTime="2022-05-09T16:19:00.9118021-04:00" testType="13cdc9d9-ddb5-4fa4-a97d-d965ccfc6d4b" outcome="Passed" testListId="8c84fa94-04c1-424b-9868-57a2d4851a1d" relativeResultsDirectory="642fa28d-e77d-42d9-b916-831bfa0fb216" />
    <UnitTestResult executionId="3eb555dd-06ff-4c15-b0a9-abaadbb3d674" testId="95a5821f-1395-86bd-c7b5-2db60e40402a" testName="RegularExpressionAsExampleContentMatches_With_Asterisk" computerName="ERICCARLSONBBE6" duration="00:00:00.0006140" startTime="2022-05-09T16:19:01.2321152-04:00" endTime="2022-05-09T16:19:01.2327295-04:00" testType="13cdc9d9-ddb5-4fa4-a97d-d965ccfc6d4b" outcome="Passed" testListId="8c84fa94-04c1-424b-9868-57a2d4851a1d" relativeResultsDirectory="3eb555dd-06ff-4c15-b0a9-abaadbb3d674" />
    <UnitTestResult executionId="e5b8282d-ad4a-482f-9a00-4273dbeffca2" testId="654eaa9a-fb20-1f7a-8fb7-20107e7e962f" testName="ThenCanReadFeatureResultSuccessfully" computerName="ERICCARLSONBBE6" duration="00:00:00.0031890" startTime="2022-05-09T16:19:00.8340475-04:00" endTime="2022-05-09T16:19:00.8372361-04:00" testType="13cdc9d9-ddb5-4fa4-a97d-d965ccfc6d4b" outcome="Passed" testListId="8c84fa94-04c1-424b-9868-57a2d4851a1d" relativeResultsDirectory="e5b8282d-ad4a-482f-9a00-4273dbeffca2" />
    <UnitTestResult executionId="e5484053-6de1-46b2-8310-43cbfbec0529" testId="32e9b154-88f8-7f55-059c-e846ef3efc38" testName="ThenCanResolve(&quot;results-example-xunit2.xml&quot;,&quot;XUnit.XUnit2.results-example-xunit2.xml&quot;,xUnit2,PicklesDoc.Pickles.TestFrameworks.XUnit.XUnit2.XUnit2Results)" computerName="ERICCARLSONBBE6" duration="00:00:00.0384139" startTime="2022-05-09T16:19:01.0398896-04:00" endTime="2022-05-09T16:19:01.0783036-04:00" testType="13cdc9d9-ddb5-4fa4-a97d-d965ccfc6d4b" outcome="Passed" testListId="8c84fa94-04c1-424b-9868-57a2d4851a1d" relativeResultsDirectory="e5484053-6de1-46b2-8310-43cbfbec0529" />
    <UnitTestResult executionId="af91ff93-9d23-48b5-b5b0-4155f8072a2b" testId="731f5d07-dc75-9cda-bd6a-a157696b5258" testName="ThenIgnoredScenarioIsSetToInconclusive" computerName="ERICCARLSONBBE6" duration="00:00:00.0006489" startTime="2022-05-09T16:19:00.2663086-04:00" endTime="2022-05-09T16:19:00.2669576-04:00" testType="13cdc9d9-ddb5-4fa4-a97d-d965ccfc6d4b" outcome="Passed" testListId="8c84fa94-04c1-424b-9868-57a2d4851a1d" relativeResultsDirectory="af91ff93-9d23-48b5-b5b0-4155f8072a2b" />
    <UnitTestResult executionId="72499efe-85de-458f-bfd7-4b72638de32e" testId="2d61dcee-0012-4326-757b-21eec977f81e" testName="ThenCanReadFailedFeatureResultSuccessfully" computerName="ERICCARLSONBBE6" duration="00:00:00.0090110" startTime="2022-05-09T16:19:00.8215892-04:00" endTime="2022-05-09T16:19:00.8306000-04:00" testType="13cdc9d9-ddb5-4fa4-a97d-d965ccfc6d4b" outcome="Passed" testListId="8c84fa94-04c1-424b-9868-57a2d4851a1d" relativeResultsDirectory="72499efe-85de-458f-bfd7-4b72638de32e" />
    <UnitTestResult executionId="1d456410-0836-4385-8023-dc17651d06da" testId="480a0e18-f143-bc50-4b24-c10a44209bde" testName="ThenCanReadResultOfScenarioOutlineWithUmlauts" computerName="ERICCARLSONBBE6" duration="00:00:00.0018370" startTime="2022-05-09T16:19:00.5233100-04:00" endTime="2022-05-09T16:19:00.5251473-04:00" testType="13cdc9d9-ddb5-4fa4-a97d-d965ccfc6d4b" outcome="Passed" testListId="8c84fa94-04c1-424b-9868-57a2d4851a1d" relativeResultsDirectory="1d456410-0836-4385-8023-dc17651d06da" />
    <UnitTestResult executionId="8490771b-2251-4ee4-b05a-8461d76b3002" testId="0fb4b634-81ad-43fa-a70e-b06cb2c289b2" testName="ThenCanReadFeatureResultSuccessfully" computerName="ERICCARLSONBBE6" duration="00:00:00.0020850" startTime="2022-05-09T16:19:01.2528871-04:00" endTime="2022-05-09T16:19:01.2549718-04:00" testType="13cdc9d9-ddb5-4fa4-a97d-d965ccfc6d4b" outcome="Passed" testListId="8c84fa94-04c1-424b-9868-57a2d4851a1d" relativeResultsDirectory="8490771b-2251-4ee4-b05a-8461d76b3002" />
    <UnitTestResult executionId="78a18889-1a0f-45d6-b9d6-2be8f141b6cb" testId="a345261d-59be-f694-1a7a-ca5ce2d2d4c4" testName="ThenCanReadResultOfScenarioOutlineWithFailingBackground" computerName="ERICCARLSONBBE6" duration="00:00:00.0015050" startTime="2022-05-09T16:19:00.3897095-04:00" endTime="2022-05-09T16:19:00.3912145-04:00" testType="13cdc9d9-ddb5-4fa4-a97d-d965ccfc6d4b" outcome="Passed" testListId="8c84fa94-04c1-424b-9868-57a2d4851a1d" relativeResultsDirectory="78a18889-1a0f-45d6-b9d6-2be8f141b6cb" />
    <UnitTestResult executionId="7e793d06-4747-4f34-8438-df9e37036c16" testId="a24366aa-9e79-801f-e1af-8419027c8a13" testName="ThenCanReadResultOfScenarioOutlineWithSpecialCharacters" computerName="ERICCARLSONBBE6" duration="00:00:00.0012330" startTime="2022-05-09T16:19:00.7884392-04:00" endTime="2022-05-09T16:19:00.7896718-04:00" testType="13cdc9d9-ddb5-4fa4-a97d-d965ccfc6d4b" outcome="Passed" testListId="8c84fa94-04c1-424b-9868-57a2d4851a1d" relativeResultsDirectory="7e793d06-4747-4f34-8438-df9e37036c16" />
    <UnitTestResult executionId="ba4c6b6d-e74b-44d9-80aa-b44ac1281414" testId="1c544035-38ea-054f-e87c-73d6a628523a" testName="ThenCanReadResultOfScenarioOutlineWithUmlauts" computerName="ERICCARLSONBBE6" duration="00:00:00.0074530" startTime="2022-05-09T16:19:00.4693989-04:00" endTime="2022-05-09T16:19:00.4768514-04:00" testType="13cdc9d9-ddb5-4fa4-a97d-d965ccfc6d4b" outcome="Passed" testListId="8c84fa94-04c1-424b-9868-57a2d4851a1d" relativeResultsDirectory="ba4c6b6d-e74b-44d9-80aa-b44ac1281414" />
    <UnitTestResult executionId="4e6aa844-bc74-485d-be08-4c0875f33206" testId="ded252ea-8f84-3526-fab0-59d3517f77f7" testName="ThenCanSuccessfullyMatchSpecialCharacters" computerName="ERICCARLSONBBE6" duration="00:00:00.0006380" startTime="2022-05-09T16:19:00.4338870-04:00" endTime="2022-05-09T16:19:00.4345251-04:00" testType="13cdc9d9-ddb5-4fa4-a97d-d965ccfc6d4b" outcome="Passed" testListId="8c84fa94-04c1-424b-9868-57a2d4851a1d" relativeResultsDirectory="4e6aa844-bc74-485d-be08-4c0875f33206" />
    <UnitTestResult executionId="c3108cfd-b5b1-4b87-a659-353e662346a9" testId="2f1248d0-a771-9597-d90a-fb612873ab24" testName="ThenCanReadResultOfScenarioOutlineWithFailingBackground" computerName="ERICCARLSONBBE6" duration="00:00:00.0023420" startTime="2022-05-09T16:19:00.0471054-04:00" endTime="2022-05-09T16:19:00.0494478-04:00" testType="13cdc9d9-ddb5-4fa4-a97d-d965ccfc6d4b" outcome="Passed" testListId="8c84fa94-04c1-424b-9868-57a2d4851a1d" relativeResultsDirectory="c3108cfd-b5b1-4b87-a659-353e662346a9" />
    <UnitTestResult executionId="49422e31-5ffd-461e-a4c4-c3b10d507b58" testId="5dfc668d-d86b-26a4-226b-e2a6e77eef12" testName="ThenCanReadResultsWithParenthesis" computerName="ERICCARLSONBBE6" duration="00:00:00.0031740" startTime="2022-05-09T16:19:00.9391633-04:00" endTime="2022-05-09T16:19:00.9423370-04:00" testType="13cdc9d9-ddb5-4fa4-a97d-d965ccfc6d4b" outcome="Passed" testListId="8c84fa94-04c1-424b-9868-57a2d4851a1d" relativeResultsDirectory="49422e31-5ffd-461e-a4c4-c3b10d507b58" />
    <UnitTestResult executionId="b2dc2b1f-28bb-41c2-8c07-6e3a11e2426d" testId="787e4f4b-a6f8-e61e-60f5-7ef57c15df22" testName="ThenCanReadExamplesWithRegexValuesFromScenarioOutline_ShouldBeTestResultPassed" computerName="ERICCARLSONBBE6" duration="00:00:00.0033290" startTime="2022-05-09T16:18:59.9601254-04:00" endTime="2022-05-09T16:18:59.9634544-04:00" testType="13cdc9d9-ddb5-4fa4-a97d-d965ccfc6d4b" outcome="Passed" testListId="8c84fa94-04c1-424b-9868-57a2d4851a1d" relativeResultsDirectory="b2dc2b1f-28bb-41c2-8c07-6e3a11e2426d" />
    <UnitTestResult executionId="e9296845-5158-44ee-adc3-98ecd40bf8cb" testId="39588d47-2e56-432b-359a-0110f3e63f57" testName="ThenCanReadExamplesWithLongExampleValues" computerName="ERICCARLSONBBE6" duration="00:00:00.0028620" startTime="2022-05-09T16:19:00.9556100-04:00" endTime="2022-05-09T16:19:00.9584716-04:00" testType="13cdc9d9-ddb5-4fa4-a97d-d965ccfc6d4b" outcome="Passed" testListId="8c84fa94-04c1-424b-9868-57a2d4851a1d" relativeResultsDirectory="e9296845-5158-44ee-adc3-98ecd40bf8cb" />
    <UnitTestResult executionId="4b431f9b-53de-4d45-86f6-9c6b7178b913" testId="dd0a53f6-9608-d074-ec6b-1fd826ef275e" testName="ThenCanReadResultOfScenarioOutlineWithUmlauts" computerName="ERICCARLSONBBE6" duration="00:00:00.0025220" startTime="2022-05-09T16:19:00.0520081-04:00" endTime="2022-05-09T16:19:00.0545298-04:00" testType="13cdc9d9-ddb5-4fa4-a97d-d965ccfc6d4b" outcome="Passed" testListId="8c84fa94-04c1-424b-9868-57a2d4851a1d" relativeResultsDirectory="4b431f9b-53de-4d45-86f6-9c6b7178b913" />
    <UnitTestResult executionId="9b6f654e-494e-438c-92ea-b14ad3a6c576" testId="174b6e17-833b-348f-bc26-a67a058e5e9c" testName="ThenCanReadFeatureResultWithoutThrowingException" computerName="ERICCARLSONBBE6" duration="00:00:00.0025840" startTime="2022-05-09T16:19:01.1287714-04:00" endTime="2022-05-09T16:19:01.1313558-04:00" testType="13cdc9d9-ddb5-4fa4-a97d-d965ccfc6d4b" outcome="Passed" testListId="8c84fa94-04c1-424b-9868-57a2d4851a1d" relativeResultsDirectory="9b6f654e-494e-438c-92ea-b14ad3a6c576" />
    <UnitTestResult executionId="80ed1b6f-a8ae-4a4f-90a3-038e35e943ca" testId="51b33863-1938-707d-697f-94c37596fd6d" testName="ThenCanReadResultOfFeatureWithFailingBackground" computerName="ERICCARLSONBBE6" duration="00:00:00.0027150" startTime="2022-05-09T16:19:00.0347667-04:00" endTime="2022-05-09T16:19:00.0374817-04:00" testType="13cdc9d9-ddb5-4fa4-a97d-d965ccfc6d4b" outcome="Passed" testListId="8c84fa94-04c1-424b-9868-57a2d4851a1d" relativeResultsDirectory="80ed1b6f-a8ae-4a4f-90a3-038e35e943ca" />
    <UnitTestResult executionId="3e7b7d0d-c0dd-4b73-8bc2-713fccd44c7e" testId="10cbd16f-822a-fdd7-e8ae-fa1a3eaa3761" testName="ThenCanReadIndividualResultsFromScenarioOutline_MultipleNamedExamples_ShouldMatchExamples" computerName="ERICCARLSONBBE6" duration="00:00:00.0080850" startTime="2022-05-09T16:19:01.2154283-04:00" endTime="2022-05-09T16:19:01.2235133-04:00" testType="13cdc9d9-ddb5-4fa4-a97d-d965ccfc6d4b" outcome="Passed" testListId="8c84fa94-04c1-424b-9868-57a2d4851a1d" relativeResultsDirectory="3e7b7d0d-c0dd-4b73-8bc2-713fccd44c7e" />
    <UnitTestResult executionId="50035cab-6fe2-4eef-b85d-91bb4fd49a05" testId="906d5dad-24a2-c194-0157-f7aa409300ef" testName="ThenCanReadExamplesWithRegexValuesFromScenarioOutline_ShouldBeTestResultPassed" computerName="ERICCARLSONBBE6" duration="00:00:00.0078680" startTime="2022-05-09T16:19:00.5459142-04:00" endTime="2022-05-09T16:19:00.5537818-04:00" testType="13cdc9d9-ddb5-4fa4-a97d-d965ccfc6d4b" outcome="Passed" testListId="8c84fa94-04c1-424b-9868-57a2d4851a1d" relativeResultsDirectory="50035cab-6fe2-4eef-b85d-91bb4fd49a05" />
    <UnitTestResult executionId="6b6f6ff5-c45f-4b08-b7cc-9bf3e3891117" testId="51b05b71-c723-8fd8-a294-f2801277fd50" testName="ThenCanReadSuccessfulScenarioResultSuccessfully" computerName="ERICCARLSONBBE6" duration="00:00:00.0010790" startTime="2022-05-09T16:19:00.7979394-04:00" endTime="2022-05-09T16:19:00.7990183-04:00" testType="13cdc9d9-ddb5-4fa4-a97d-d965ccfc6d4b" outcome="Passed" testListId="8c84fa94-04c1-424b-9868-57a2d4851a1d" relativeResultsDirectory="6b6f6ff5-c45f-4b08-b7cc-9bf3e3891117" />
    <UnitTestResult executionId="af6ee00a-94a8-4648-a3de-f1e32ab40682" testId="c50cc28e-ba3b-5d96-dbce-01f62e4d3c72" testName="ThenCanReadResultOfScenarioOutlineWithUmlauts" computerName="ERICCARLSONBBE6" duration="00:00:00.0026400" startTime="2022-05-09T16:19:01.1598963-04:00" endTime="2022-05-09T16:19:01.1625358-04:00" testType="13cdc9d9-ddb5-4fa4-a97d-d965ccfc6d4b" outcome="Passed" testListId="8c84fa94-04c1-424b-9868-57a2d4851a1d" relativeResultsDirectory="af6ee00a-94a8-4648-a3de-f1e32ab40682" />
    <UnitTestResult executionId="f5030c4d-aa3e-4d4d-a48b-3cf3c4457f8a" testId="39ac623f-fdf7-17f3-6ce0-9e1b4bfb7236" testName="ThenCanReadIndividualResultsFromScenarioOutline_MultipleNamedExamplesWithDuplicateValues_ShouldMatchExamples" computerName="ERICCARLSONBBE6" duration="00:00:00.0424060" startTime="2022-05-09T16:19:01.5668953-04:00" endTime="2022-05-09T16:19:01.6093012-04:00" testType="13cdc9d9-ddb5-4fa4-a97d-d965ccfc6d4b" outcome="Passed" testListId="8c84fa94-04c1-424b-9868-57a2d4851a1d" relativeResultsDirectory="f5030c4d-aa3e-4d4d-a48b-3cf3c4457f8a" />
    <UnitTestResult executionId="ae2037d0-790d-4fc2-83f7-e1808e6d1e95" testId="7590abfc-e3f9-c5c4-d7ce-a5409c12a2d1" testName="ThenCanResolve(&quot;results-example-specrun.html&quot;,&quot;SpecRun.results-example-specrun.html&quot;,SpecRun,PicklesDoc.Pickles.TestFrameworks.SpecRun.SpecRunResults)" computerName="ERICCARLSONBBE6" duration="00:00:00.0008380" startTime="2022-05-09T16:19:01.0803313-04:00" endTime="2022-05-09T16:19:01.0811687-04:00" testType="13cdc9d9-ddb5-4fa4-a97d-d965ccfc6d4b" outcome="Passed" testListId="8c84fa94-04c1-424b-9868-57a2d4851a1d" relativeResultsDirectory="ae2037d0-790d-4fc2-83f7-e1808e6d1e95" />
    <UnitTestResult executionId="9b234856-50b2-4790-ad5a-d59aa08251ac" testId="3f5c3338-429f-c1bb-e1a8-d8bab8ab3016" testName="ThenCanReadResultOfFeatureWithFailingBackground" computerName="ERICCARLSONBBE6" duration="00:00:00.0020799" startTime="2022-05-09T16:19:00.5090518-04:00" endTime="2022-05-09T16:19:00.5111312-04:00" testType="13cdc9d9-ddb5-4fa4-a97d-d965ccfc6d4b" outcome="Passed" testListId="8c84fa94-04c1-424b-9868-57a2d4851a1d" relativeResultsDirectory="9b234856-50b2-4790-ad5a-d59aa08251ac" />
    <UnitTestResult executionId="b3d6fee9-aeab-4c7c-9290-03d3ec1fee23" testId="1fd45540-89f6-40d1-32d1-2043299aad61" testName="ThenCanReadPassedFeatureResultSuccessfully" computerName="ERICCARLSONBBE6" duration="00:00:00.0009040" startTime="2022-05-09T16:19:00.7831144-04:00" endTime="2022-05-09T16:19:00.7840185-04:00" testType="13cdc9d9-ddb5-4fa4-a97d-d965ccfc6d4b" outcome="Passed" testListId="8c84fa94-04c1-424b-9868-57a2d4851a1d" relativeResultsDirectory="b3d6fee9-aeab-4c7c-9290-03d3ec1fee23" />
    <UnitTestResult executionId="c2b3e561-167f-4ef2-bcdf-19fe05160b60" testId="75f81ce1-0b2c-cf84-fe16-219224722139" testName="ThenCanReadIgnoredScenarioResultSuccessfully" computerName="ERICCARLSONBBE6" duration="00:00:00.0032580" startTime="2022-05-09T16:19:00.1574128-04:00" endTime="2022-05-09T16:19:00.1606702-04:00" testType="13cdc9d9-ddb5-4fa4-a97d-d965ccfc6d4b" outcome="Passed" testListId="8c84fa94-04c1-424b-9868-57a2d4851a1d" relativeResultsDirectory="c2b3e561-167f-4ef2-bcdf-19fe05160b60" />
    <UnitTestResult executionId="fbd019fc-3e63-4457-b31c-bcec32253d85" testId="273b19f2-bc2e-0fff-03d9-8e3fde4e1105" testName="ThenIgnoredScenarioIsSetToInconclusive" computerName="ERICCARLSONBBE6" duration="00:00:00.0006070" startTime="2022-05-09T16:19:00.9543601-04:00" endTime="2022-05-09T16:19:00.9549671-04:00" testType="13cdc9d9-ddb5-4fa4-a97d-d965ccfc6d4b" outcome="Passed" testListId="8c84fa94-04c1-424b-9868-57a2d4851a1d" relativeResultsDirectory="fbd019fc-3e63-4457-b31c-bcec32253d85" />
    <UnitTestResult executionId="31b61a28-378f-44b8-8725-3b22b2330b72" testId="1fdd6646-6375-970a-197e-20c3648dadc9" testName="ThenCanReadResultOfScenarioOutlineExampleWithFailingBackground" computerName="ERICCARLSONBBE6" duration="00:00:00.0192470" startTime="2022-05-09T16:19:00.8739670-04:00" endTime="2022-05-09T16:19:00.8932138-04:00" testType="13cdc9d9-ddb5-4fa4-a97d-d965ccfc6d4b" outcome="Passed" testListId="8c84fa94-04c1-424b-9868-57a2d4851a1d" relativeResultsDirectory="31b61a28-378f-44b8-8725-3b22b2330b72" />
    <UnitTestResult executionId="4e360723-a2d9-448a-abaa-906d995388d8" testId="c5348a36-5365-9e63-699c-dd523aa894a2" testName="RegularExpressionAsExampleContentMatches_With_Plus" computerName="ERICCARLSONBBE6" duration="00:00:00.0005920" startTime="2022-05-09T16:19:01.2352177-04:00" endTime="2022-05-09T16:19:01.2358095-04:00" testType="13cdc9d9-ddb5-4fa4-a97d-d965ccfc6d4b" outcome="Passed" testListId="8c84fa94-04c1-424b-9868-57a2d4851a1d" relativeResultsDirectory="4e360723-a2d9-448a-abaa-906d995388d8" />
    <UnitTestResult executionId="8740ccaf-3fa7-484e-a4be-8355ddd077e6" testId="c878e9ba-46bf-00b5-a8be-a988ac37f973" testName="ThenCanReadFeatureResultSuccessfully" computerName="ERICCARLSONBBE6" duration="00:00:00.0027370" startTime="2022-05-09T16:19:00.3558728-04:00" endTime="2022-05-09T16:19:00.3586093-04:00" testType="13cdc9d9-ddb5-4fa4-a97d-d965ccfc6d4b" outcome="Passed" testListId="8c84fa94-04c1-424b-9868-57a2d4851a1d" relativeResultsDirectory="8740ccaf-3fa7-484e-a4be-8355ddd077e6" />
    <UnitTestResult executionId="281f9efc-8f14-437e-ae32-e16f77d8fbe5" testId="11a87397-1757-077d-c7e6-d2ba1dcbdd5b" testName="ThenCanReadIndividualResultsFromScenarioOutline_OneInconclusive_ShouldBeTestResultInconclusive" computerName="ERICCARLSONBBE6" duration="00:00:00.0045930" startTime="2022-05-09T16:18:59.9935480-04:00" endTime="2022-05-09T16:18:59.9981405-04:00" testType="13cdc9d9-ddb5-4fa4-a97d-d965ccfc6d4b" outcome="Passed" testListId="8c84fa94-04c1-424b-9868-57a2d4851a1d" relativeResultsDirectory="281f9efc-8f14-437e-ae32-e16f77d8fbe5" />
    <UnitTestResult executionId="00899957-dc7e-4995-acea-404befb55d6a" testId="7003fa29-5d8b-f503-a549-5fe616789c37" testName="RegularExpressionAsExampleContentMatches_With_Curly_Braces" computerName="ERICCARLSONBBE6" duration="00:00:00.0005900" startTime="2022-05-09T16:19:01.2327578-04:00" endTime="2022-05-09T16:19:01.2333472-04:00" testType="13cdc9d9-ddb5-4fa4-a97d-d965ccfc6d4b" outcome="Passed" testListId="8c84fa94-04c1-424b-9868-57a2d4851a1d" relativeResultsDirectory="00899957-dc7e-4995-acea-404befb55d6a" />
    <UnitTestResult executionId="8f640f4d-0fff-457f-9e33-9fe0a89c11f3" testId="c2c6b748-9b14-6f0a-0f8d-8c173d1905eb" testName="ThenCanReadIndividualResultsFromScenarioOutline_MultipleNamedExamplesWithDuplicateValues_ShouldMatchExamples" computerName="ERICCARLSONBBE6" duration="00:00:00.0041130" startTime="2022-05-09T16:19:00.3131160-04:00" endTime="2022-05-09T16:19:00.3172286-04:00" testType="13cdc9d9-ddb5-4fa4-a97d-d965ccfc6d4b" outcome="Passed" testListId="8c84fa94-04c1-424b-9868-57a2d4851a1d" relativeResultsDirectory="8f640f4d-0fff-457f-9e33-9fe0a89c11f3" />
    <UnitTestResult executionId="9a00e10c-e603-42d2-befb-ed5e438e702b" testId="3aa1d18f-f8de-dbde-ff88-7a89e4d8499f" testName="ThenCanReadResultOfScenarioOutlineExampleWithFailingBackground" computerName="ERICCARLSONBBE6" duration="00:00:00.0054010" startTime="2022-05-09T16:19:01.2638307-04:00" endTime="2022-05-09T16:19:01.2692320-04:00" testType="13cdc9d9-ddb5-4fa4-a97d-d965ccfc6d4b" outcome="Passed" testListId="8c84fa94-04c1-424b-9868-57a2d4851a1d" relativeResultsDirectory="9a00e10c-e603-42d2-befb-ed5e438e702b" />
    <UnitTestResult executionId="d3a4176f-7740-4ac2-8be6-f289ce629cc4" testId="661b4fd7-8a74-3489-35c5-59457dbca55e" testName="ThenCanReadResultsWithParenthesis" computerName="ERICCARLSONBBE6" duration="00:00:00.0016570" startTime="2022-05-09T16:19:00.4043685-04:00" endTime="2022-05-09T16:19:00.4060259-04:00" testType="13cdc9d9-ddb5-4fa4-a97d-d965ccfc6d4b" outcome="Passed" testListId="8c84fa94-04c1-424b-9868-57a2d4851a1d" relativeResultsDirectory="d3a4176f-7740-4ac2-8be6-f289ce629cc4" />
    <UnitTestResult executionId="f85454b9-467f-4c5b-8d9a-4624addafba9" testId="e64bca34-3589-7be5-702b-1f171a1b0f81" testName="ThenCanReadIndividualResultsFromScenarioOutline_MultipleExampleSections_ShouldBeTestResultFailed" computerName="ERICCARLSONBBE6" duration="00:00:00.0553260" startTime="2022-05-09T16:19:01.4528062-04:00" endTime="2022-05-09T16:19:01.5081322-04:00" testType="13cdc9d9-ddb5-4fa4-a97d-d965ccfc6d4b" outcome="Passed" testListId="8c84fa94-04c1-424b-9868-57a2d4851a1d" relativeResultsDirectory="f85454b9-467f-4c5b-8d9a-4624addafba9" />
    <UnitTestResult executionId="6578184b-8fcb-49d9-87e6-6a742fecf028" testId="2d1b5a90-7f10-fbfd-da30-c50a58b8259b" testName="ThenCanReadIndividualResultsFromScenarioOutline_AllPass_ShouldBeTestResultPassed" computerName="ERICCARLSONBBE6" duration="00:00:00.0024620" startTime="2022-05-09T16:19:01.2047963-04:00" endTime="2022-05-09T16:19:01.2072577-04:00" testType="13cdc9d9-ddb5-4fa4-a97d-d965ccfc6d4b" outcome="Passed" testListId="8c84fa94-04c1-424b-9868-57a2d4851a1d" relativeResultsDirectory="6578184b-8fcb-49d9-87e6-6a742fecf028" />
    <UnitTestResult executionId="dcbffe4a-1173-4b73-98aa-1c80f84904e4" testId="2919e6b2-199b-6849-cc30-63eff40ca1e9" testName="ThenCanReadFailedScenarioResultSuccessfully" computerName="ERICCARLSONBBE6" duration="00:00:00.0033800" startTime="2022-05-09T16:19:00.8306382-04:00" endTime="2022-05-09T16:19:00.8340180-04:00" testType="13cdc9d9-ddb5-4fa4-a97d-d965ccfc6d4b" outcome="Passed" testListId="8c84fa94-04c1-424b-9868-57a2d4851a1d" relativeResultsDirectory="dcbffe4a-1173-4b73-98aa-1c80f84904e4" />
    <UnitTestResult executionId="287bb293-179e-43ae-801e-96e9e115faee" testId="8efb377e-4b03-38b4-bd1f-fee940d3e651" testName="ExecutionIdElement_NullArgument_ShouldReturnGuidEmpty" computerName="ERICCARLSONBBE6" duration="00:00:00.0047380" startTime="2022-05-09T16:19:00.1190466-04:00" endTime="2022-05-09T16:19:00.1237847-04:00" testType="13cdc9d9-ddb5-4fa4-a97d-d965ccfc6d4b" outcome="Passed" testListId="8c84fa94-04c1-424b-9868-57a2d4851a1d" relativeResultsDirectory="287bb293-179e-43ae-801e-96e9e115faee" />
    <UnitTestResult executionId="5378dbcc-867c-4005-85a0-9034a049356d" testId="d38f3350-2c4c-d044-aa67-55d99697e67a" testName="ThenCanReadFeatureResultWithoutThrowingException" computerName="ERICCARLSONBBE6" duration="00:00:00.0006840" startTime="2022-05-09T16:19:00.5424507-04:00" endTime="2022-05-09T16:19:00.5431346-04:00" testType="13cdc9d9-ddb5-4fa4-a97d-d965ccfc6d4b" outcome="Passed" testListId="8c84fa94-04c1-424b-9868-57a2d4851a1d" relativeResultsDirectory="5378dbcc-867c-4005-85a0-9034a049356d" />
    <UnitTestResult executionId="cd833f55-c022-4ae1-8767-9cc72c96fe9a" testId="9a8b25bf-7a36-53ce-c4e8-c6d59d1e4d9b" testName="ThenCanReadIndividualResultsFromScenarioOutline_MultipleNamedExamplesWithDuplicateValues_ShouldMatchExamples" computerName="ERICCARLSONBBE6" duration="00:00:00.0027600" startTime="2022-05-09T16:19:01.2235433-04:00" endTime="2022-05-09T16:19:01.2263029-04:00" testType="13cdc9d9-ddb5-4fa4-a97d-d965ccfc6d4b" outcome="Passed" testListId="8c84fa94-04c1-424b-9868-57a2d4851a1d" relativeResultsDirectory="cd833f55-c022-4ae1-8767-9cc72c96fe9a" />
    <UnitTestResult executionId="a8231db7-4da8-4cf3-a637-7a261c9d37b0" testId="e1e175ed-feba-4c6f-4525-385ac52e4ff1" testName="ThenCanReadIndividualResultsFromScenarioOutline_AllPass_ShouldBeTestResultPassed" computerName="ERICCARLSONBBE6" duration="00:00:00.0095420" startTime="2022-05-09T16:19:00.9624775-04:00" endTime="2022-05-09T16:19:00.9720192-04:00" testType="13cdc9d9-ddb5-4fa4-a97d-d965ccfc6d4b" outcome="Passed" testListId="8c84fa94-04c1-424b-9868-57a2d4851a1d" relativeResultsDirectory="a8231db7-4da8-4cf3-a637-7a261c9d37b0" />
    <UnitTestResult executionId="49cd31b5-9d10-499d-98a1-95de21e2034b" testId="62d8a504-87cb-5ba7-c255-1d3c38bd41a0" testName="ThenCanReadResultOfScenarioOutlineWithAmpersand" computerName="ERICCARLSONBBE6" duration="00:00:00.0020820" startTime="2022-05-09T16:19:00.4626269-04:00" endTime="2022-05-09T16:19:00.4647089-04:00" testType="13cdc9d9-ddb5-4fa4-a97d-d965ccfc6d4b" outcome="Passed" testListId="8c84fa94-04c1-424b-9868-57a2d4851a1d" relativeResultsDirectory="49cd31b5-9d10-499d-98a1-95de21e2034b" />
    <UnitTestResult executionId="e37e5267-ba3b-4a75-a4a7-5dd6bb911dc1" testId="d7f6d945-38ba-f308-695a-8462453f5d48" testName="ThenCanReadIndividualResultsFromScenarioOutline_MultipleNamedExamplesWithDuplicateValues_ShouldMatchExamples" computerName="ERICCARLSONBBE6" duration="00:00:00.0033140" startTime="2022-05-09T16:18:59.9875123-04:00" endTime="2022-05-09T16:18:59.9908262-04:00" testType="13cdc9d9-ddb5-4fa4-a97d-d965ccfc6d4b" outcome="Passed" testListId="8c84fa94-04c1-424b-9868-57a2d4851a1d" relativeResultsDirectory="e37e5267-ba3b-4a75-a4a7-5dd6bb911dc1" />
    <UnitTestResult executionId="64e21262-5091-4cbe-97ee-9ada1d422500" testId="eaddf983-315a-e36c-c3b9-c9529d03d71a" testName="ThenCanReadPassedFeatureResultSuccessfully" computerName="ERICCARLSONBBE6" duration="00:00:00.0038900" startTime="2022-05-09T16:19:00.1850450-04:00" endTime="2022-05-09T16:19:00.1889344-04:00" testType="13cdc9d9-ddb5-4fa4-a97d-d965ccfc6d4b" outcome="Passed" testListId="8c84fa94-04c1-424b-9868-57a2d4851a1d" relativeResultsDirectory="64e21262-5091-4cbe-97ee-9ada1d422500" />
    <UnitTestResult executionId="19fe6fd0-0489-4e52-beec-1ebf5c1ccd3e" testId="d8c07703-c6ba-2990-8554-e0597fbd2a9a" testName="ThenCanReadInconclusiveScenarioResultSuccessfully" computerName="ERICCARLSONBBE6" duration="00:00:00.0033750" startTime="2022-05-09T16:19:00.1694699-04:00" endTime="2022-05-09T16:19:00.1728443-04:00" testType="13cdc9d9-ddb5-4fa4-a97d-d965ccfc6d4b" outcome="Passed" testListId="8c84fa94-04c1-424b-9868-57a2d4851a1d" relativeResultsDirectory="19fe6fd0-0489-4e52-beec-1ebf5c1ccd3e" />
    <UnitTestResult executionId="48f21fb9-9d46-4437-ba95-e5eb3a16c025" testId="756b1026-c36e-4a38-c9bf-9c8381bc803a" testName="ThenCanResolve(&quot;results-example-vstest.trx&quot;,&quot;VsTest.results-example-vstest.trx&quot;,VsTest,PicklesDoc.Pickles.TestFrameworks.VsTest.VsTestResults)" computerName="ERICCARLSONBBE6" duration="00:00:00.0023379" startTime="2022-05-09T16:19:01.0811944-04:00" endTime="2022-05-09T16:19:01.0835327-04:00" testType="13cdc9d9-ddb5-4fa4-a97d-d965ccfc6d4b" outcome="Passed" testListId="8c84fa94-04c1-424b-9868-57a2d4851a1d" relativeResultsDirectory="48f21fb9-9d46-4437-ba95-e5eb3a16c025" />
    <UnitTestResult executionId="383b606e-9a93-4334-8885-8a8998f27a26" testId="66978603-05d4-2099-985f-ef7844bf2b32" testName="ThenCanReadResultsWithBackslashes" computerName="ERICCARLSONBBE6" duration="00:00:00.0084840" startTime="2022-05-09T16:19:00.9306473-04:00" endTime="2022-05-09T16:19:00.9391310-04:00" testType="13cdc9d9-ddb5-4fa4-a97d-d965ccfc6d4b" outcome="Passed" testListId="8c84fa94-04c1-424b-9868-57a2d4851a1d" relativeResultsDirectory="383b606e-9a93-4334-8885-8a8998f27a26" />
    <UnitTestResult executionId="e6688ebd-cd87-4bcc-970e-4e0854d579fa" testId="de18a748-0d83-3063-60c5-28a7e3807695" testName="ThenCanReadIndividualResultsFromScenarioOutline_ExamplesWithDuplicateValues_ShouldMatchExamples" computerName="ERICCARLSONBBE6" duration="00:00:00.0096440" startTime="2022-05-09T16:18:59.9661770-04:00" endTime="2022-05-09T16:18:59.9757980-04:00" testType="13cdc9d9-ddb5-4fa4-a97d-d965ccfc6d4b" outcome="Passed" testListId="8c84fa94-04c1-424b-9868-57a2d4851a1d" relativeResultsDirectory="e6688ebd-cd87-4bcc-970e-4e0854d579fa" />
    <UnitTestResult executionId="333af08d-35f7-48f8-a163-f07eaf62d012" testId="9553bcf1-c46a-a9e1-ecea-160af9ebe5b9" testName="ThenCanReadSuccessfulScenarioResultSuccessfully" computerName="ERICCARLSONBBE6" duration="00:00:00.0021010" startTime="2022-05-09T16:19:00.0835408-04:00" endTime="2022-05-09T16:19:00.0856421-04:00" testType="13cdc9d9-ddb5-4fa4-a97d-d965ccfc6d4b" outcome="Passed" testListId="8c84fa94-04c1-424b-9868-57a2d4851a1d" relativeResultsDirectory="333af08d-35f7-48f8-a163-f07eaf62d012" />
    <UnitTestResult executionId="4fbf4dda-8ea4-45e5-86fa-a9652a22d724" testId="40fd2da8-e1b0-4d77-57fd-878737b69c52" testName="ThenCanReadFeatureResultWithoutThrowingException" computerName="ERICCARLSONBBE6" duration="00:00:00.0006730" startTime="2022-05-09T16:19:00.3633092-04:00" endTime="2022-05-09T16:19:00.3639821-04:00" testType="13cdc9d9-ddb5-4fa4-a97d-d965ccfc6d4b" outcome="Passed" testListId="8c84fa94-04c1-424b-9868-57a2d4851a1d" relativeResultsDirectory="4fbf4dda-8ea4-45e5-86fa-a9652a22d724" />
    <UnitTestResult executionId="11b282c4-6f2f-4fac-9771-5d2c3ba77c41" testId="66e03bc3-9a1a-bb82-873e-d256b3c27477" testName="ThenCanReadSuccessfulScenarioResultSuccessfully" computerName="ERICCARLSONBBE6" duration="00:00:00.0031390" startTime="2022-05-09T16:19:00.2608871-04:00" endTime="2022-05-09T16:19:00.2640263-04:00" testType="13cdc9d9-ddb5-4fa4-a97d-d965ccfc6d4b" outcome="Passed" testListId="8c84fa94-04c1-424b-9868-57a2d4851a1d" relativeResultsDirectory="11b282c4-6f2f-4fac-9771-5d2c3ba77c41" />
    <UnitTestResult executionId="9c523c5c-6367-4dc6-bf80-17339ace1891" testId="47086e35-06f3-bc27-02fb-3f657d13b0a3" testName="ThenCanResolve(&quot;results-example-xunit.xml&quot;,&quot;XUnit.XUnit1.results-example-xunit.xml&quot;,XUnit1,PicklesDoc.Pickles.TestFrameworks.XUnit.XUnit1.XUnit1Results)" computerName="ERICCARLSONBBE6" duration="00:00:00.0082030" startTime="2022-05-09T16:19:01.0316538-04:00" endTime="2022-05-09T16:19:01.0398567-04:00" testType="13cdc9d9-ddb5-4fa4-a97d-d965ccfc6d4b" outcome="Passed" testListId="8c84fa94-04c1-424b-9868-57a2d4851a1d" relativeResultsDirectory="9c523c5c-6367-4dc6-bf80-17339ace1891" />
    <UnitTestResult executionId="7dd2ab92-957f-45d9-aa35-50003c72c8e3" testId="e41e37c8-c167-4d5a-947f-916a5e4f0a98" testName="ThenCanReadIgnoredScenarioResultSuccessfully" computerName="ERICCARLSONBBE6" duration="00:00:00.0080730" startTime="2022-05-09T16:19:00.8372655-04:00" endTime="2022-05-09T16:19:00.8453385-04:00" testType="13cdc9d9-ddb5-4fa4-a97d-d965ccfc6d4b" outcome="Passed" testListId="8c84fa94-04c1-424b-9868-57a2d4851a1d" relativeResultsDirectory="7dd2ab92-957f-45d9-aa35-50003c72c8e3" />
    <UnitTestResult executionId="62f590b9-b639-472a-8f66-1d3e56a279c1" testId="179cc0df-2279-559c-aebb-9ee7ba5aaaf0" testName="ThenCanReadFailedFeatureResultSuccessfully" computerName="ERICCARLSONBBE6" duration="00:00:00.1756790" startTime="2022-05-09T16:18:59.6913990-04:00" endTime="2022-05-09T16:18:59.8670081-04:00" testType="13cdc9d9-ddb5-4fa4-a97d-d965ccfc6d4b" outcome="Passed" testListId="8c84fa94-04c1-424b-9868-57a2d4851a1d" relativeResultsDirectory="62f590b9-b639-472a-8f66-1d3e56a279c1" />
    <UnitTestResult executionId="96c4b157-8b06-4a38-891c-ae95032892b4" testId="eee8715c-d733-130b-cc22-7b1892f2f926" testName="ThenCanReadResultOfScenarioWithSpecialCharacters" computerName="ERICCARLSONBBE6" duration="00:00:00.0011620" startTime="2022-05-09T16:19:00.7951544-04:00" endTime="2022-05-09T16:19:00.7963170-04:00" testType="13cdc9d9-ddb5-4fa4-a97d-d965ccfc6d4b" outcome="Passed" testListId="8c84fa94-04c1-424b-9868-57a2d4851a1d" relativeResultsDirectory="96c4b157-8b06-4a38-891c-ae95032892b4" />
    <UnitTestResult executionId="e108f427-55f5-48a0-a738-2b8a94a2a2f6" testId="6ee23e15-5212-e5e6-0d67-3661442b479b" testName="ThenCanReadResultOfFeatureWithFailingBackground" computerName="ERICCARLSONBBE6" duration="00:00:00.0076320" startTime="2022-05-09T16:19:00.4518987-04:00" endTime="2022-05-09T16:19:00.4595310-04:00" testType="13cdc9d9-ddb5-4fa4-a97d-d965ccfc6d4b" outcome="Passed" testListId="8c84fa94-04c1-424b-9868-57a2d4851a1d" relativeResultsDirectory="e108f427-55f5-48a0-a738-2b8a94a2a2f6" />
    <UnitTestResult executionId="9e687824-5118-47bf-9616-da1fe34e3a59" testId="4c3f6b35-48a0-d207-99c1-65bbc2fa071b" testName="ThenCanReadIndividualResultsFromScenarioOutline_MultipleExampleSections_ShouldBeTestResultFailed" computerName="ERICCARLSONBBE6" duration="00:00:00.0024140" startTime="2022-05-09T16:19:00.1002049-04:00" endTime="2022-05-09T16:19:00.1026185-04:00" testType="13cdc9d9-ddb5-4fa4-a97d-d965ccfc6d4b" outcome="Passed" testListId="8c84fa94-04c1-424b-9868-57a2d4851a1d" relativeResultsDirectory="9e687824-5118-47bf-9616-da1fe34e3a59" />
    <UnitTestResult executionId="cda177c0-b95a-422b-bebc-9304404b08f3" testId="1ab3cefc-49c6-5a53-95db-2b52b6f9c551" testName="ThenCanReadResultOfScenarioWithFailingBackground" computerName="ERICCARLSONBBE6" duration="00:00:00.0009880" startTime="2022-05-09T16:19:00.7930141-04:00" endTime="2022-05-09T16:19:00.7940022-04:00" testType="13cdc9d9-ddb5-4fa4-a97d-d965ccfc6d4b" outcome="Passed" testListId="8c84fa94-04c1-424b-9868-57a2d4851a1d" relativeResultsDirectory="cda177c0-b95a-422b-bebc-9304404b08f3" />
    <UnitTestResult executionId="3d832f6f-ef4d-4e52-a9a9-96720707e4d5" testId="128b2e33-c1df-6a98-010e-1414bed50de5" testName="ThenCanReadSuccessfulScenarioResultSuccessfully" computerName="ERICCARLSONBBE6" duration="00:00:00.0044190" startTime="2022-05-09T16:18:59.9504025-04:00" endTime="2022-05-09T16:18:59.9548217-04:00" testType="13cdc9d9-ddb5-4fa4-a97d-d965ccfc6d4b" outcome="Passed" testListId="8c84fa94-04c1-424b-9868-57a2d4851a1d" relativeResultsDirectory="3d832f6f-ef4d-4e52-a9a9-96720707e4d5" />
    <UnitTestResult executionId="c33d0e22-ebb1-43f5-8dee-7eab825cb1d3" testId="00c90b43-b77b-0b3c-b457-9469df9e7f8e" testName="ThenCanReadInconclusiveFeatureResultSuccessfully" computerName="ERICCARLSONBBE6" duration="00:00:00.0023270" startTime="2022-05-09T16:19:00.0167360-04:00" endTime="2022-05-09T16:19:00.0190632-04:00" testType="13cdc9d9-ddb5-4fa4-a97d-d965ccfc6d4b" outcome="Passed" testListId="8c84fa94-04c1-424b-9868-57a2d4851a1d" relativeResultsDirectory="c33d0e22-ebb1-43f5-8dee-7eab825cb1d3" />
    <UnitTestResult executionId="8d4a8a74-0b22-4042-a416-c297382023d0" testId="c8836a8e-d919-c2fa-5c2d-61cd7e788ac3" testName="ThenCanReadFailedScenarioResultSuccessfully" computerName="ERICCARLSONBBE6" duration="00:00:00.0014330" startTime="2022-05-09T16:19:00.4999181-04:00" endTime="2022-05-09T16:19:00.5013508-04:00" testType="13cdc9d9-ddb5-4fa4-a97d-d965ccfc6d4b" outcome="Passed" testListId="8c84fa94-04c1-424b-9868-57a2d4851a1d" relativeResultsDirectory="8d4a8a74-0b22-4042-a416-c297382023d0" />
    <UnitTestResult executionId="b728ede2-4d6d-4f20-86f8-3511fa213074" testId="ad512448-3972-9a5f-6725-9bed00cac1bb" testName="ThenCanReadIndividualResultsFromScenarioOutline_ExamplesWithDuplicateValues_ShouldMatchExamples" computerName="ERICCARLSONBBE6" duration="00:00:00.0023910" startTime="2022-05-09T16:19:00.0977844-04:00" endTime="2022-05-09T16:19:00.1001757-04:00" testType="13cdc9d9-ddb5-4fa4-a97d-d965ccfc6d4b" outcome="Passed" testListId="8c84fa94-04c1-424b-9868-57a2d4851a1d" relativeResultsDirectory="b728ede2-4d6d-4f20-86f8-3511fa213074" />
    <UnitTestResult executionId="8ff5a0e1-be13-4e5d-84bd-c3c9ccbd7f03" testId="a1781e25-4782-9e03-dffd-5a8b1b4e811d" testName="ThenCanSuccessfullyMatch" computerName="ERICCARLSONBBE6" duration="00:00:00.0004630" startTime="2022-05-09T16:19:00.4326786-04:00" endTime="2022-05-09T16:19:00.4331420-04:00" testType="13cdc9d9-ddb5-4fa4-a97d-d965ccfc6d4b" outcome="Passed" testListId="8c84fa94-04c1-424b-9868-57a2d4851a1d" relativeResultsDirectory="8ff5a0e1-be13-4e5d-84bd-c3c9ccbd7f03" />
    <UnitTestResult executionId="cdf4cca7-8e55-40a8-bed1-68d4360288d3" testId="0bcd34cc-6526-724a-3466-15a3045d227d" testName="ThenCanReadFeatureResultSuccessfully" computerName="ERICCARLSONBBE6" duration="00:00:00.0017740" startTime="2022-05-09T16:19:00.5013826-04:00" endTime="2022-05-09T16:19:00.5031567-04:00" testType="13cdc9d9-ddb5-4fa4-a97d-d965ccfc6d4b" outcome="Passed" testListId="8c84fa94-04c1-424b-9868-57a2d4851a1d" relativeResultsDirectory="cdf4cca7-8e55-40a8-bed1-68d4360288d3" />
    <UnitTestResult executionId="91aee1f4-b407-41fa-adf1-aac82d4ac863" testId="dda4734d-9263-9683-bcf1-0cc612cb1594" testName="ThenCanReadIndividualResultsFromScenarioOutline_MultipleExamplesWithDuplicateValues_ShouldMatchExamples" computerName="ERICCARLSONBBE6" duration="00:00:00.0023650" startTime="2022-05-09T16:19:00.5618052-04:00" endTime="2022-05-09T16:19:00.5641702-04:00" testType="13cdc9d9-ddb5-4fa4-a97d-d965ccfc6d4b" outcome="Passed" testListId="8c84fa94-04c1-424b-9868-57a2d4851a1d" relativeResultsDirectory="91aee1f4-b407-41fa-adf1-aac82d4ac863" />
    <UnitTestResult executionId="29a53af4-99a1-4dbb-a605-9bbddee70dd9" testId="be92073c-cf35-830c-7fa7-636e79ce0e65" testName="ThenCanReadIndividualResultsFromScenarioOutline_MultipleNamedExamples_ShouldMatchExamples" computerName="ERICCARLSONBBE6" duration="00:00:00.0028650" startTime="2022-05-09T16:18:59.9846178-04:00" endTime="2022-05-09T16:18:59.9874825-04:00" testType="13cdc9d9-ddb5-4fa4-a97d-d965ccfc6d4b" outcome="Passed" testListId="8c84fa94-04c1-424b-9868-57a2d4851a1d" relativeResultsDirectory="29a53af4-99a1-4dbb-a605-9bbddee70dd9" />
    <UnitTestResult executionId="9209fabb-c05a-40ef-a926-f42c0bed7512" testId="d39a468f-9980-5d97-4555-244415136c85" testName="ThenCanReadExamplesWithRegexValuesFromScenarioOutline_ShouldBeTestResultPassed" computerName="ERICCARLSONBBE6" duration="00:00:00.0071840" startTime="2022-05-09T16:19:00.0880950-04:00" endTime="2022-05-09T16:19:00.0952792-04:00" testType="13cdc9d9-ddb5-4fa4-a97d-d965ccfc6d4b" outcome="Passed" testListId="8c84fa94-04c1-424b-9868-57a2d4851a1d" relativeResultsDirectory="9209fabb-c05a-40ef-a926-f42c0bed7512" />
    <UnitTestResult executionId="1beddfa2-5ed5-4812-88e7-63b8b8ec7573" testId="fcdc4ad3-b05f-80e2-df7c-dfcaf995ac74" testName="ThenCanReadResultOfScenarioWithDanishCharacters" computerName="ERICCARLSONBBE6" duration="00:00:00.0027510" startTime="2022-05-09T16:18:59.9265160-04:00" endTime="2022-05-09T16:18:59.9292664-04:00" testType="13cdc9d9-ddb5-4fa4-a97d-d965ccfc6d4b" outcome="Passed" testListId="8c84fa94-04c1-424b-9868-57a2d4851a1d" relativeResultsDirectory="1beddfa2-5ed5-4812-88e7-63b8b8ec7573" />
    <UnitTestResult executionId="4372ac93-3216-42af-b7e6-591682608e45" testId="5cb8adb0-f986-570a-997c-7c2904e5d79c" testName="ThenCanResolve(&quot;results-example-mstest.trx&quot;,&quot;MsTest.results-example-mstest.trx&quot;,MsTest,PicklesDoc.Pickles.TestFrameworks.MsTest.MsTestResults)" computerName="ERICCARLSONBBE6" duration="00:00:00.0041160" startTime="2022-05-09T16:19:01.0235758-04:00" endTime="2022-05-09T16:19:01.0276917-04:00" testType="13cdc9d9-ddb5-4fa4-a97d-d965ccfc6d4b" outcome="Passed" testListId="8c84fa94-04c1-424b-9868-57a2d4851a1d" relativeResultsDirectory="4372ac93-3216-42af-b7e6-591682608e45" />
    <UnitTestResult executionId="235b9e76-9e1f-4bdf-904a-284865649968" testId="4af94715-f0ba-c849-32a4-dbc86e4a475a" testName="ThenCanReadScenarioOutlineResultSuccessfully" computerName="ERICCARLSONBBE6" duration="00:00:00.0026300" startTime="2022-05-09T16:18:59.9477424-04:00" endTime="2022-05-09T16:18:59.9503719-04:00" testType="13cdc9d9-ddb5-4fa4-a97d-d965ccfc6d4b" outcome="Passed" testListId="8c84fa94-04c1-424b-9868-57a2d4851a1d" relativeResultsDirectory="235b9e76-9e1f-4bdf-904a-284865649968" />
    <UnitTestResult executionId="455c0fd1-9d1d-4d26-8418-2954c6647362" testId="b65bf01a-1b91-6b6e-4a80-ca1071e8595d" testName="ThenDontThrowIfTheOutlineWasIgnored" computerName="ERICCARLSONBBE6" duration="00:00:00.0086840" startTime="2022-05-09T16:19:01.2399430-04:00" endTime="2022-05-09T16:19:01.2486267-04:00" testType="13cdc9d9-ddb5-4fa4-a97d-d965ccfc6d4b" outcome="Passed" testListId="8c84fa94-04c1-424b-9868-57a2d4851a1d" relativeResultsDirectory="455c0fd1-9d1d-4d26-8418-2954c6647362" />
    <UnitTestResult executionId="65655cc1-4d77-4f7d-ac20-981f3a28d3d9" testId="471f48b3-66b4-1d2b-45d6-de2cd4b57983" testName="ThenCanReadIgnoredScenarioResultSuccessfully" computerName="ERICCARLSONBBE6" duration="00:00:00.0023540" startTime="2022-05-09T16:19:00.0143528-04:00" endTime="2022-05-09T16:19:00.0167062-04:00" testType="13cdc9d9-ddb5-4fa4-a97d-d965ccfc6d4b" outcome="Passed" testListId="8c84fa94-04c1-424b-9868-57a2d4851a1d" relativeResultsDirectory="65655cc1-4d77-4f7d-ac20-981f3a28d3d9" />
    <UnitTestResult executionId="4dc0349b-868e-4920-9c3b-6852fdb5d0ec" testId="ced3616f-3c88-db6e-d1dd-4edc14da40be" testName="ThenCanReadIndividualResultsFromScenarioOutline_AllPass_ShouldBeTestResultPassed" computerName="ERICCARLSONBBE6" duration="00:00:00.0092669" startTime="2022-05-09T16:19:00.2821707-04:00" endTime="2022-05-09T16:19:00.2914374-04:00" testType="13cdc9d9-ddb5-4fa4-a97d-d965ccfc6d4b" outcome="Passed" testListId="8c84fa94-04c1-424b-9868-57a2d4851a1d" relativeResultsDirectory="4dc0349b-868e-4920-9c3b-6852fdb5d0ec" />
    <UnitTestResult executionId="1b5d7649-ce6e-4c5e-9f73-3d8394fa9a0d" testId="6f8b015e-fbb6-5aab-26fd-c4459351481b" testName="ThenCanReadFailedScenarioResultSuccessfully" computerName="ERICCARLSONBBE6" duration="00:00:00.0084980" startTime="2022-05-09T16:19:00.1452845-04:00" endTime="2022-05-09T16:19:00.1537828-04:00" testType="13cdc9d9-ddb5-4fa4-a97d-d965ccfc6d4b" outcome="Passed" testListId="8c84fa94-04c1-424b-9868-57a2d4851a1d" relativeResultsDirectory="1b5d7649-ce6e-4c5e-9f73-3d8394fa9a0d" />
    <UnitTestResult executionId="8f7c57fd-3692-4266-b9fa-27fe38068b57" testId="53b5d2b4-1979-aefd-9cc8-74b7bed357fa" testName="ThenCanReadResultOfScenarioWithFailingBackground" computerName="ERICCARLSONBBE6" duration="00:00:00.0020620" startTime="2022-05-09T16:19:00.4791011-04:00" endTime="2022-05-09T16:19:00.4811634-04:00" testType="13cdc9d9-ddb5-4fa4-a97d-d965ccfc6d4b" outcome="Passed" testListId="8c84fa94-04c1-424b-9868-57a2d4851a1d" relativeResultsDirectory="8f7c57fd-3692-4266-b9fa-27fe38068b57" />
    <UnitTestResult executionId="76dc590e-a7af-4d65-bcb6-8b0355e74698" testId="004b9067-5a36-6ae9-8540-490519439bb2" testName="ThenCanReadIndividualResultsFromScenarioOutline_OneInconclusive_ShouldBeTestResultInconclusive" computerName="ERICCARLSONBBE6" duration="00:00:00.0174890" startTime="2022-05-09T16:19:01.6293098-04:00" endTime="2022-05-09T16:19:01.6467985-04:00" testType="13cdc9d9-ddb5-4fa4-a97d-d965ccfc6d4b" outcome="Passed" testListId="8c84fa94-04c1-424b-9868-57a2d4851a1d" relativeResultsDirectory="76dc590e-a7af-4d65-bcb6-8b0355e74698" />
    <UnitTestResult executionId="47c697ae-662e-4e7d-97a9-5f771a7d8506" testId="6cb01e3f-a03d-67b1-8f23-89bbdd8943a3" testName="ThenCanReadFeatureResultSuccessfully" computerName="ERICCARLSONBBE6" duration="00:00:00.0015839" startTime="2022-05-09T16:19:00.3679680-04:00" endTime="2022-05-09T16:19:00.3695521-04:00" testType="13cdc9d9-ddb5-4fa4-a97d-d965ccfc6d4b" outcome="Passed" testListId="8c84fa94-04c1-424b-9868-57a2d4851a1d" relativeResultsDirectory="47c697ae-662e-4e7d-97a9-5f771a7d8506" />
    <UnitTestResult executionId="2b866784-bd84-4129-b3cb-a7558bbe6941" testId="c830e46b-5a37-f382-9022-bd36e87a160f" testName="ThenCanReadResultOfScenarioWithSpecialCharacters" computerName="ERICCARLSONBBE6" duration="00:00:00.0026930" startTime="2022-05-09T16:19:00.0690321-04:00" endTime="2022-05-09T16:19:00.0717244-04:00" testType="13cdc9d9-ddb5-4fa4-a97d-d965ccfc6d4b" outcome="Passed" testListId="8c84fa94-04c1-424b-9868-57a2d4851a1d" relativeResultsDirectory="2b866784-bd84-4129-b3cb-a7558bbe6941" />
    <UnitTestResult executionId="dc9b1a6e-4c66-48b8-8bba-310c9895f132" testId="631fe5fb-b05e-5e70-7bfe-0a09b32bd7e6" testName="ThenCanReadInconclusiveScenarioResultSuccessfully" computerName="ERICCARLSONBBE6" duration="00:00:00.0016410" startTime="2022-05-09T16:19:00.3728900-04:00" endTime="2022-05-09T16:19:00.3745308-04:00" testType="13cdc9d9-ddb5-4fa4-a97d-d965ccfc6d4b" outcome="Passed" testListId="8c84fa94-04c1-424b-9868-57a2d4851a1d" relativeResultsDirectory="dc9b1a6e-4c66-48b8-8bba-310c9895f132" />
    <UnitTestResult executionId="0059c350-b363-4b54-bdc5-e18070974144" testId="76480529-7b76-e863-86e1-c858751ba287" testName="ThenCanReadResultOfFeatureWithFailingBackground" computerName="ERICCARLSONBBE6" duration="00:00:00.0081120" startTime="2022-05-09T16:19:00.8658174-04:00" endTime="2022-05-09T16:19:00.8739294-04:00" testType="13cdc9d9-ddb5-4fa4-a97d-d965ccfc6d4b" outcome="Passed" testListId="8c84fa94-04c1-424b-9868-57a2d4851a1d" relativeResultsDirectory="0059c350-b363-4b54-bdc5-e18070974144" />
    <UnitTestResult executionId="180257e1-4d4a-4df1-a4d3-6814c2bd6cb7" testId="1ba666a9-505f-17c4-4bdf-33a9bb6fc01d" testName="ThenCanReadSuccessfulScenarioResultSuccessfully" computerName="ERICCARLSONBBE6" duration="00:00:00.0020490" startTime="2022-05-09T16:19:00.4971766-04:00" endTime="2022-05-09T16:19:00.4992252-04:00" testType="13cdc9d9-ddb5-4fa4-a97d-d965ccfc6d4b" outcome="Passed" testListId="8c84fa94-04c1-424b-9868-57a2d4851a1d" relativeResultsDirectory="180257e1-4d4a-4df1-a4d3-6814c2bd6cb7" />
    <UnitTestResult executionId="2a745579-8ac2-4513-8a1a-8cb044cabd19" testId="13bb17c0-9c5e-610c-5753-956c620e1962" testName="ThenCanReadNotFoundFeatureCorrectly" computerName="ERICCARLSONBBE6" duration="00:00:00.0033350" startTime="2022-05-09T16:19:00.1728771-04:00" endTime="2022-05-09T16:19:00.1762124-04:00" testType="13cdc9d9-ddb5-4fa4-a97d-d965ccfc6d4b" outcome="Passed" testListId="8c84fa94-04c1-424b-9868-57a2d4851a1d" relativeResultsDirectory="2a745579-8ac2-4513-8a1a-8cb044cabd19" />
    <UnitTestResult executionId="8fc80209-6bde-4b39-abab-998d01b81f46" testId="d4a217ca-816a-5180-50f8-63455cbe611d" testName="ThenCanReadIndividualResultsFromScenarioOutline_OneFailed_ShouldBeTestResultFailed" computerName="ERICCARLSONBBE6" duration="00:00:00.0018170" startTime="2022-05-09T16:19:00.4269280-04:00" endTime="2022-05-09T16:19:00.4287452-04:00" testType="13cdc9d9-ddb5-4fa4-a97d-d965ccfc6d4b" outcome="Passed" testListId="8c84fa94-04c1-424b-9868-57a2d4851a1d" relativeResultsDirectory="8fc80209-6bde-4b39-abab-998d01b81f46" />
    <UnitTestResult executionId="1926567f-53b3-4db6-89f3-6caa6e5aa8ba" testId="78a4d834-d8c9-b5a6-8099-63f422dfe326" testName="ThenCanReadInconclusiveFeatureResultSuccessfully" computerName="ERICCARLSONBBE6" duration="00:00:00.0010930" startTime="2022-05-09T16:19:00.7810282-04:00" endTime="2022-05-09T16:19:00.7821211-04:00" testType="13cdc9d9-ddb5-4fa4-a97d-d965ccfc6d4b" outcome="Passed" testListId="8c84fa94-04c1-424b-9868-57a2d4851a1d" relativeResultsDirectory="1926567f-53b3-4db6-89f3-6caa6e5aa8ba" />
    <UnitTestResult executionId="90cb584d-b0f7-4ae9-8238-d6646da14c13" testId="ef5a7c41-c0be-df83-b30a-5c970829c937" testName="ThenCanReadFailedFeatureResultSuccessfully" computerName="ERICCARLSONBBE6" duration="00:00:00.0052839" startTime="2022-05-09T16:19:00.1399693-04:00" endTime="2022-05-09T16:19:00.1452527-04:00" testType="13cdc9d9-ddb5-4fa4-a97d-d965ccfc6d4b" outcome="Passed" testListId="8c84fa94-04c1-424b-9868-57a2d4851a1d" relativeResultsDirectory="90cb584d-b0f7-4ae9-8238-d6646da14c13" />
    <UnitTestResult executionId="f3f0490d-f87a-414a-870e-7db543592083" testId="e2f7c893-77fd-2757-2bf1-4ba1cfd4b69d" testName="ThenCanResolveAsSingleton(&quot;results-example-xunit2.xml&quot;,&quot;XUnit.XUnit2.results-example-xunit2.xml&quot;,xUnit2,PicklesDoc.Pickles.TestFrameworks.XUnit.XUnit2.XUnit2Results)" computerName="ERICCARLSONBBE6" duration="00:00:00.0017540" startTime="2022-05-09T16:19:01.0992850-04:00" endTime="2022-05-09T16:19:01.1010385-04:00" testType="13cdc9d9-ddb5-4fa4-a97d-d965ccfc6d4b" outcome="Passed" testListId="8c84fa94-04c1-424b-9868-57a2d4851a1d" relativeResultsDirectory="f3f0490d-f87a-414a-870e-7db543592083" />
    <UnitTestResult executionId="2a2959fd-48a0-4eb9-833c-5191a1b1f0f8" testId="06a88817-6ff8-d8d0-0cd7-9f4aa269e975" testName="ThenCanReadSuccessfulScenarioResultSuccessfully" computerName="ERICCARLSONBBE6" duration="00:00:00.0018370" startTime="2022-05-09T16:19:00.5388668-04:00" endTime="2022-05-09T16:19:00.5407033-04:00" testType="13cdc9d9-ddb5-4fa4-a97d-d965ccfc6d4b" outcome="Passed" testListId="8c84fa94-04c1-424b-9868-57a2d4851a1d" relativeResultsDirectory="2a2959fd-48a0-4eb9-833c-5191a1b1f0f8" />
    <UnitTestResult executionId="5bb99402-edce-411e-9467-b056276438b3" testId="f433ab30-ec94-3266-329c-2d06d086eb91" testName="ThenCanReadResultOfScenarioOutlineWithSpecialCharacters" computerName="ERICCARLSONBBE6" duration="00:00:00.0026790" startTime="2022-05-09T16:18:59.9208216-04:00" endTime="2022-05-09T16:18:59.9235006-04:00" testType="13cdc9d9-ddb5-4fa4-a97d-d965ccfc6d4b" outcome="Passed" testListId="8c84fa94-04c1-424b-9868-57a2d4851a1d" relativeResultsDirectory="5bb99402-edce-411e-9467-b056276438b3" />
    <UnitTestResult executionId="eea595b0-9203-4da3-8b9b-069547bce508" testId="dd671476-ed2b-7b45-cac8-cb394e9796e3" testName="ThenCanReadResultOfScenarioWithFailingBackground" computerName="ERICCARLSONBBE6" duration="00:00:00.0085019" startTime="2022-05-09T16:19:00.9151202-04:00" endTime="2022-05-09T16:19:00.9236222-04:00" testType="13cdc9d9-ddb5-4fa4-a97d-d965ccfc6d4b" outcome="Passed" testListId="8c84fa94-04c1-424b-9868-57a2d4851a1d" relativeResultsDirectory="eea595b0-9203-4da3-8b9b-069547bce508" />
    <UnitTestResult executionId="deb29321-4ac7-4736-ad48-39db200ff459" testId="f77ac471-dd6b-3503-d4b1-30115c337f42" testName="ThenCanReadIndividualResultsFromScenarioOutline_ExamplesWithDuplicateValues_ShouldMatchExamples" computerName="ERICCARLSONBBE6" duration="00:00:00.0016900" startTime="2022-05-09T16:19:00.4165747-04:00" endTime="2022-05-09T16:19:00.4182645-04:00" testType="13cdc9d9-ddb5-4fa4-a97d-d965ccfc6d4b" outcome="Passed" testListId="8c84fa94-04c1-424b-9868-57a2d4851a1d" relativeResultsDirectory="deb29321-4ac7-4736-ad48-39db200ff459" />
    <UnitTestResult executionId="cf94952f-bf77-48eb-8b49-6425dc013d88" testId="4227e0f9-8436-5214-22f2-5b8f8dec94a3" testName="ThenCanReadNotFoundFeatureCorrectly" computerName="ERICCARLSONBBE6" duration="00:00:00.0088489" startTime="2022-05-09T16:19:00.8511184-04:00" endTime="2022-05-09T16:19:00.8599669-04:00" testType="13cdc9d9-ddb5-4fa4-a97d-d965ccfc6d4b" outcome="Passed" testListId="8c84fa94-04c1-424b-9868-57a2d4851a1d" relativeResultsDirectory="cf94952f-bf77-48eb-8b49-6425dc013d88" />
    <UnitTestResult executionId="38da71e8-6425-41b8-93e3-01973432aef0" testId="cadefb20-407b-c6d2-35c6-2e9949364070" testName="ThenCanReadResultOfScenarioOutlineExampleWithFailingBackground" computerName="ERICCARLSONBBE6" duration="00:00:00.0015969" startTime="2022-05-09T16:19:00.3865173-04:00" endTime="2022-05-09T16:19:00.3881138-04:00" testType="13cdc9d9-ddb5-4fa4-a97d-d965ccfc6d4b" outcome="Passed" testListId="8c84fa94-04c1-424b-9868-57a2d4851a1d" relativeResultsDirectory="38da71e8-6425-41b8-93e3-01973432aef0" />
    <UnitTestResult executionId="2deb07d2-f9f1-4afb-8c88-fc5d5782cb72" testId="789bb7c5-38de-ac73-095d-7a54a206a4c4" testName="ThenCanReadResultOfScenarioWithSpanishCharacters" computerName="ERICCARLSONBBE6" duration="00:00:00.0016910" startTime="2022-05-09T16:19:01.2842920-04:00" endTime="2022-05-09T16:19:01.2859833-04:00" testType="13cdc9d9-ddb5-4fa4-a97d-d965ccfc6d4b" outcome="Passed" testListId="8c84fa94-04c1-424b-9868-57a2d4851a1d" relativeResultsDirectory="2deb07d2-f9f1-4afb-8c88-fc5d5782cb72" />
    <UnitTestResult executionId="b6bcd8ad-940a-4b8b-8147-7e87a852f7d3" testId="60839290-1eeb-d8b9-fa35-6da60cd7d64a" testName="ThenCanReadIndividualResultsFromScenarioOutline_MultipleNamedExamples_ShouldMatchExamples" computerName="ERICCARLSONBBE6" duration="00:00:00.0044929" startTime="2022-05-09T16:19:00.9921329-04:00" endTime="2022-05-09T16:19:00.9966261-04:00" testType="13cdc9d9-ddb5-4fa4-a97d-d965ccfc6d4b" outcome="Passed" testListId="8c84fa94-04c1-424b-9868-57a2d4851a1d" relativeResultsDirectory="b6bcd8ad-940a-4b8b-8147-7e87a852f7d3" />
    <UnitTestResult executionId="795d1fe2-3fc5-4f16-ae79-00a4d3ade9d1" testId="0490562c-80e0-39a9-2279-32a1d1908d6e" testName="ThenCanReadExamplesWithRegexValuesFromScenarioOutline_ShouldBeTestResultPassed" computerName="ERICCARLSONBBE6" duration="00:00:00.0021170" startTime="2022-05-09T16:19:00.4125676-04:00" endTime="2022-05-09T16:19:00.4146842-04:00" testType="13cdc9d9-ddb5-4fa4-a97d-d965ccfc6d4b" outcome="Passed" testListId="8c84fa94-04c1-424b-9868-57a2d4851a1d" relativeResultsDirectory="795d1fe2-3fc5-4f16-ae79-00a4d3ade9d1" />
    <UnitTestResult executionId="a258c8b0-f667-4677-b90c-8cb6a2e33114" testId="ffc628dd-c985-e3f1-ca17-da9cca506fbc" testName="GetScenarioResult_TwoInconclusive_ReturnsInconclusive" computerName="ERICCARLSONBBE6" duration="00:00:00.0001789" startTime="2022-05-09T16:19:00.7712896-04:00" endTime="2022-05-09T16:19:00.7714685-04:00" testType="13cdc9d9-ddb5-4fa4-a97d-d965ccfc6d4b" outcome="Passed" testListId="8c84fa94-04c1-424b-9868-57a2d4851a1d" relativeResultsDirectory="a258c8b0-f667-4677-b90c-8cb6a2e33114" />
    <UnitTestResult executionId="0b72016d-264d-4a75-bca7-397a1fd91f1c" testId="5e1aca6a-d9b7-23f6-c415-c9c2a91cd790" testName="ThenCanReadFeatureResultWithoutThrowingException" computerName="ERICCARLSONBBE6" duration="00:00:00.0007180" startTime="2022-05-09T16:19:01.3142515-04:00" endTime="2022-05-09T16:19:01.3149695-04:00" testType="13cdc9d9-ddb5-4fa4-a97d-d965ccfc6d4b" outcome="Passed" testListId="8c84fa94-04c1-424b-9868-57a2d4851a1d" relativeResultsDirectory="0b72016d-264d-4a75-bca7-397a1fd91f1c" />
    <UnitTestResult executionId="03c1a1b1-49ea-4edb-8e15-1f0224d0f749" testId="2f77d4eb-b7a9-7cda-63c7-d0a9b8c15e31" testName="ThenCanSuccessfullyMatchSpecialCharacters" computerName="ERICCARLSONBBE6" duration="00:00:00.0008130" startTime="2022-05-09T16:19:00.3544066-04:00" endTime="2022-05-09T16:19:00.3552195-04:00" testType="13cdc9d9-ddb5-4fa4-a97d-d965ccfc6d4b" outcome="Passed" testListId="8c84fa94-04c1-424b-9868-57a2d4851a1d" relativeResultsDirectory="03c1a1b1-49ea-4edb-8e15-1f0224d0f749" />
    <UnitTestResult executionId="db34d9af-2af7-45b2-8178-80ad75242d34" testId="900d4084-ca2a-a561-f0ce-b663527c6003" testName="ThenCanReadIgnoredScenarioResultSuccessfully" computerName="ERICCARLSONBBE6" duration="00:00:00.0020090" startTime="2022-05-09T16:19:01.1376774-04:00" endTime="2022-05-09T16:19:01.1396865-04:00" testType="13cdc9d9-ddb5-4fa4-a97d-d965ccfc6d4b" outcome="Passed" testListId="8c84fa94-04c1-424b-9868-57a2d4851a1d" relativeResultsDirectory="db34d9af-2af7-45b2-8178-80ad75242d34" />
    <UnitTestResult executionId="eef7f880-efa9-4ec8-a897-f957d0d26ad3" testId="b736c82a-c3a6-bc95-1791-413638f9de59" testName="ThenCanReadResultOfScenarioWithSpecialCharacters" computerName="ERICCARLSONBBE6" duration="00:00:00.0017930" startTime="2022-05-09T16:19:01.2860115-04:00" endTime="2022-05-09T16:19:01.2878045-04:00" testType="13cdc9d9-ddb5-4fa4-a97d-d965ccfc6d4b" outcome="Passed" testListId="8c84fa94-04c1-424b-9868-57a2d4851a1d" relativeResultsDirectory="eef7f880-efa9-4ec8-a897-f957d0d26ad3" />
    <UnitTestResult executionId="4a5f78a4-9853-44f0-aa25-3bff664e96d2" testId="864c1316-42be-ac84-4487-0c84ff96ddee" testName="ThenCanReadScenarioResultSuccessfully" computerName="ERICCARLSONBBE6" duration="00:00:00.0038380" startTime="2022-05-09T16:19:00.3586388-04:00" endTime="2022-05-09T16:19:00.3624760-04:00" testType="13cdc9d9-ddb5-4fa4-a97d-d965ccfc6d4b" outcome="Passed" testListId="8c84fa94-04c1-424b-9868-57a2d4851a1d" relativeResultsDirectory="4a5f78a4-9853-44f0-aa25-3bff664e96d2" />
    <UnitTestResult executionId="a909de37-10aa-4c34-8ffa-1b459c4a3ddc" testId="8fd04541-1f43-6b67-271f-30979468cdcb" testName="ThenCanReadResultOfFeatureWithFailingBackground" computerName="ERICCARLSONBBE6" duration="00:00:00.0034910" startTime="2022-05-09T16:19:01.2603108-04:00" endTime="2022-05-09T16:19:01.2638020-04:00" testType="13cdc9d9-ddb5-4fa4-a97d-d965ccfc6d4b" outcome="Passed" testListId="8c84fa94-04c1-424b-9868-57a2d4851a1d" relativeResultsDirectory="a909de37-10aa-4c34-8ffa-1b459c4a3ddc" />
    <UnitTestResult executionId="2285c425-cab3-4fa1-a6c7-df4bb00e1beb" testId="996b6d38-8904-1e30-ea22-94e60915db8c" testName="ThenCanReadScenarioOutlineResultSuccessfully" computerName="ERICCARLSONBBE6" duration="00:00:00.0029880" startTime="2022-05-09T16:19:00.4060552-04:00" endTime="2022-05-09T16:19:00.4090433-04:00" testType="13cdc9d9-ddb5-4fa4-a97d-d965ccfc6d4b" outcome="Passed" testListId="8c84fa94-04c1-424b-9868-57a2d4851a1d" relativeResultsDirectory="2285c425-cab3-4fa1-a6c7-df4bb00e1beb" />
    <UnitTestResult executionId="ae983263-2e46-42ba-8a50-189bdaa8d2f2" testId="8bb3b051-fd54-70fa-37da-5e1986e478a5" testName="ThenCanReadIgnoredScenarioResultSuccessfully" computerName="ERICCARLSONBBE6" duration="00:00:00.0039320" startTime="2022-05-09T16:19:00.5031856-04:00" endTime="2022-05-09T16:19:00.5071173-04:00" testType="13cdc9d9-ddb5-4fa4-a97d-d965ccfc6d4b" outcome="Passed" testListId="8c84fa94-04c1-424b-9868-57a2d4851a1d" relativeResultsDirectory="ae983263-2e46-42ba-8a50-189bdaa8d2f2" />
    <UnitTestResult executionId="f2ffd30c-b1ed-46cd-83e2-ef5b649816d5" testId="feef8d1e-733e-c97b-cae9-59e37cf87fb6" testName="ThenCanReadResultsWithParenthesis" computerName="ERICCARLSONBBE6" duration="00:00:00.0021130" startTime="2022-05-09T16:19:01.1806099-04:00" endTime="2022-05-09T16:19:01.1827230-04:00" testType="13cdc9d9-ddb5-4fa4-a97d-d965ccfc6d4b" outcome="Passed" testListId="8c84fa94-04c1-424b-9868-57a2d4851a1d" relativeResultsDirectory="f2ffd30c-b1ed-46cd-83e2-ef5b649816d5" />
    <UnitTestResult executionId="950e5466-8515-4131-b704-9bd6ddeea2d8" testId="ecb801c4-d95f-4cd2-61bc-83f8f51ba916" testName="ThenCanReadResultOfScenarioWithFailingBackground" computerName="ERICCARLSONBBE6" duration="00:00:00.0075700" startTime="2022-05-09T16:18:59.9292978-04:00" endTime="2022-05-09T16:18:59.9368673-04:00" testType="13cdc9d9-ddb5-4fa4-a97d-d965ccfc6d4b" outcome="Passed" testListId="8c84fa94-04c1-424b-9868-57a2d4851a1d" relativeResultsDirectory="950e5466-8515-4131-b704-9bd6ddeea2d8" />
    <UnitTestResult executionId="0faf7bf8-e970-4981-bb23-9ab55ff43bc1" testId="1926ccdc-00d6-72e9-1270-04d414099d1b" testName="ThenCanReadIndividualResultsFromScenarioOutline_OneInconclusive_ShouldBeTestResultInconclusive" computerName="ERICCARLSONBBE6" duration="00:00:00.0017510" startTime="2022-05-09T16:19:00.4287761-04:00" endTime="2022-05-09T16:19:00.4305266-04:00" testType="13cdc9d9-ddb5-4fa4-a97d-d965ccfc6d4b" outcome="Passed" testListId="8c84fa94-04c1-424b-9868-57a2d4851a1d" relativeResultsDirectory="0faf7bf8-e970-4981-bb23-9ab55ff43bc1" />
    <UnitTestResult executionId="b1e3c480-59e5-4390-b1a1-9930be4ea5ee" testId="b3391feb-285b-6d84-ca18-8c0b0036158b" testName="ThenCanReadNotFoundScenarioCorrectly" computerName="ERICCARLSONBBE6" duration="00:00:00.0017160" startTime="2022-05-09T16:19:01.2585637-04:00" endTime="2022-05-09T16:19:01.2602800-04:00" testType="13cdc9d9-ddb5-4fa4-a97d-d965ccfc6d4b" outcome="Passed" testListId="8c84fa94-04c1-424b-9868-57a2d4851a1d" relativeResultsDirectory="b1e3c480-59e5-4390-b1a1-9930be4ea5ee" />
    <UnitTestResult executionId="decbeb20-5cdb-403f-b617-12597f6fd6fe" testId="6f030a63-1915-c5bb-effc-e00334ecdc58" testName="ThenCanReadNotFoundFeatureCorrectly" computerName="ERICCARLSONBBE6" duration="00:00:00.0083040" startTime="2022-05-09T16:18:59.8903402-04:00" endTime="2022-05-09T16:18:59.8986443-04:00" testType="13cdc9d9-ddb5-4fa4-a97d-d965ccfc6d4b" outcome="Passed" testListId="8c84fa94-04c1-424b-9868-57a2d4851a1d" relativeResultsDirectory="decbeb20-5cdb-403f-b617-12597f6fd6fe" />
    <UnitTestResult executionId="45c3cd50-18a4-4c64-be58-633f779d72fd" testId="e4275a9b-8bad-38b9-332e-74176d2eb25f" testName="ThenCanReadResultOfScenarioWithFailingBackground" computerName="ERICCARLSONBBE6" duration="00:00:00.0015460" startTime="2022-05-09T16:19:00.3978811-04:00" endTime="2022-05-09T16:19:00.3994274-04:00" testType="13cdc9d9-ddb5-4fa4-a97d-d965ccfc6d4b" outcome="Passed" testListId="8c84fa94-04c1-424b-9868-57a2d4851a1d" relativeResultsDirectory="45c3cd50-18a4-4c64-be58-633f779d72fd" />
    <UnitTestResult executionId="f3ecd4e2-f053-4732-8924-633b4d6aae01" testId="43af3814-604d-ceff-d278-6fdeab109940" testName="GetScenarioResult_OnePassingOneInconclusive_ReturnsPassed" computerName="ERICCARLSONBBE6" duration="00:00:00.0001680" startTime="2022-05-09T16:19:00.7711005-04:00" endTime="2022-05-09T16:19:00.7712677-04:00" testType="13cdc9d9-ddb5-4fa4-a97d-d965ccfc6d4b" outcome="Passed" testListId="8c84fa94-04c1-424b-9868-57a2d4851a1d" relativeResultsDirectory="f3ecd4e2-f053-4732-8924-633b4d6aae01" />
    <UnitTestResult executionId="064e51c5-221e-488f-9b01-b25daaeddcd7" testId="a7393586-64bb-69dc-eba3-1463201a4419" testName="ThenCanResolve(&quot;results-example-json.json&quot;,&quot;CucumberJson.results-example-json.json&quot;,CucumberJson,PicklesDoc.Pickles.TestFrameworks.CucumberJson.CucumberJsonResults)" computerName="ERICCARLSONBBE6" duration="00:00:00.0019610" startTime="2022-05-09T16:19:01.0783431-04:00" endTime="2022-05-09T16:19:01.0803042-04:00" testType="13cdc9d9-ddb5-4fa4-a97d-d965ccfc6d4b" outcome="Passed" testListId="8c84fa94-04c1-424b-9868-57a2d4851a1d" relativeResultsDirectory="064e51c5-221e-488f-9b01-b25daaeddcd7" />
    <UnitTestResult executionId="4f74ee7d-e42f-4f6e-ab96-ebc8b29a653f" testId="279277b8-c475-1740-4b89-51c71b5e60bc" testName="ThenCanReadResultOfScenarioWithSpecialCharacters" computerName="ERICCARLSONBBE6" duration="00:00:00.0033100" startTime="2022-05-09T16:19:00.2419962-04:00" endTime="2022-05-09T16:19:00.2453058-04:00" testType="13cdc9d9-ddb5-4fa4-a97d-d965ccfc6d4b" outcome="Passed" testListId="8c84fa94-04c1-424b-9868-57a2d4851a1d" relativeResultsDirectory="4f74ee7d-e42f-4f6e-ab96-ebc8b29a653f" />
    <UnitTestResult executionId="686595ed-0abd-4af4-988d-ecab4e3fffe6" testId="0c92b541-a11c-af2d-cc00-baa08658eac8" testName="ThenCanReadPassedScenarioResultSuccessfully" computerName="ERICCARLSONBBE6" duration="00:00:00.0010430" startTime="2022-05-09T16:19:00.8163877-04:00" endTime="2022-05-09T16:19:00.8174303-04:00" testType="13cdc9d9-ddb5-4fa4-a97d-d965ccfc6d4b" outcome="Passed" testListId="8c84fa94-04c1-424b-9868-57a2d4851a1d" relativeResultsDirectory="686595ed-0abd-4af4-988d-ecab4e3fffe6" />
    <UnitTestResult executionId="51936245-5af1-4d76-9844-5db2a2d3484f" testId="ac03ec4c-67a9-1776-5723-d08e339146c5" testName="ThenCanSuccessfullyMatch" computerName="ERICCARLSONBBE6" duration="00:00:00.0006810" startTime="2022-05-09T16:19:01.2358370-04:00" endTime="2022-05-09T16:19:01.2365175-04:00" testType="13cdc9d9-ddb5-4fa4-a97d-d965ccfc6d4b" outcome="Passed" testListId="8c84fa94-04c1-424b-9868-57a2d4851a1d" relativeResultsDirectory="51936245-5af1-4d76-9844-5db2a2d3484f" />
    <UnitTestResult executionId="03772047-27db-4a8b-9571-4d29ff589598" testId="ce9f63bc-f09c-6c5b-d0d3-a2c6899e0bb7" testName="ThenCanReadIndividualResultsFromScenarioOutline_OneFailed_ShouldBeTestResultFailed" computerName="ERICCARLSONBBE6" duration="00:00:00.0026600" startTime="2022-05-09T16:18:59.9908581-04:00" endTime="2022-05-09T16:18:59.9935175-04:00" testType="13cdc9d9-ddb5-4fa4-a97d-d965ccfc6d4b" outcome="Passed" testListId="8c84fa94-04c1-424b-9868-57a2d4851a1d" relativeResultsDirectory="03772047-27db-4a8b-9571-4d29ff589598" />
    <UnitTestResult executionId="26b63782-0bf4-4b9d-a0f7-6ca5356914a1" testId="20095e8b-1aec-bdd5-2c64-cc198f7229e3" testName="ThenCanReadIndividualResultsFromScenarioOutline_OneInconclusive_ShouldBeTestResultInconclusive" computerName="ERICCARLSONBBE6" duration="00:00:00.0022460" startTime="2022-05-09T16:19:00.1166501-04:00" endTime="2022-05-09T16:19:00.1188956-04:00" testType="13cdc9d9-ddb5-4fa4-a97d-d965ccfc6d4b" outcome="Passed" testListId="8c84fa94-04c1-424b-9868-57a2d4851a1d" relativeResultsDirectory="26b63782-0bf4-4b9d-a0f7-6ca5356914a1" />
    <UnitTestResult executionId="c9d53999-04cd-4199-b3ab-173c1860fd87" testId="15d64ad8-f453-6ded-46ce-06d0f8e68caf" testName="ThenCanReadIndividualResultsFromScenarioOutline_MultipleNamedExamplesWithDuplicateValues_ShouldMatchExamples" computerName="ERICCARLSONBBE6" duration="00:00:00.0018580" startTime="2022-05-09T16:19:00.4250412-04:00" endTime="2022-05-09T16:19:00.4268989-04:00" testType="13cdc9d9-ddb5-4fa4-a97d-d965ccfc6d4b" outcome="Passed" testListId="8c84fa94-04c1-424b-9868-57a2d4851a1d" relativeResultsDirectory="c9d53999-04cd-4199-b3ab-173c1860fd87" />
    <UnitTestResult executionId="7b4706ff-b0dc-4121-ab0f-1d14df323cf4" testId="59fc518d-691e-1e5f-347b-11ecb9d13e9d" testName="ThenCanReadNotFoundFeatureCorrectly" computerName="ERICCARLSONBBE6" duration="00:00:00.0023920" startTime="2022-05-09T16:19:00.3745677-04:00" endTime="2022-05-09T16:19:00.3769597-04:00" testType="13cdc9d9-ddb5-4fa4-a97d-d965ccfc6d4b" outcome="Passed" testListId="8c84fa94-04c1-424b-9868-57a2d4851a1d" relativeResultsDirectory="7b4706ff-b0dc-4121-ab0f-1d14df323cf4" />
    <UnitTestResult executionId="0433b76f-6ef1-4880-9947-ef8beb68f6fe" testId="8073691c-21a5-9107-fb79-56e4b2e81fb1" testName="ThenCanReadNotFoundScenarioCorrectly" computerName="ERICCARLSONBBE6" duration="00:00:00.0029320" startTime="2022-05-09T16:19:00.8600030-04:00" endTime="2022-05-09T16:19:00.8629345-04:00" testType="13cdc9d9-ddb5-4fa4-a97d-d965ccfc6d4b" outcome="Passed" testListId="8c84fa94-04c1-424b-9868-57a2d4851a1d" relativeResultsDirectory="0433b76f-6ef1-4880-9947-ef8beb68f6fe" />
    <UnitTestResult executionId="be230f34-1e90-4e65-92ba-2ec482346079" testId="256a8d96-ed89-157f-5f7b-6e821bc88fbc" testName="ThenCanReadIndividualResultsFromScenarioOutline_OneInconclusive_ShouldBeTestResultInconclusive" computerName="ERICCARLSONBBE6" duration="00:00:00.0044100" startTime="2022-05-09T16:19:00.3272925-04:00" endTime="2022-05-09T16:19:00.3317025-04:00" testType="13cdc9d9-ddb5-4fa4-a97d-d965ccfc6d4b" outcome="Passed" testListId="8c84fa94-04c1-424b-9868-57a2d4851a1d" relativeResultsDirectory="be230f34-1e90-4e65-92ba-2ec482346079" />
    <UnitTestResult executionId="b5f46d05-499e-44a1-a636-b162a913dd01" testId="ec80a51d-21e0-d5fc-5b4e-aaa2b87640b8" testName="ThenCanReadIndividualResultsFromScenarioOutline_AllPass_ShouldBeTestResultPassed" computerName="ERICCARLSONBBE6" duration="00:00:00.0183049" startTime="2022-05-09T16:19:01.4079179-04:00" endTime="2022-05-09T16:19:01.4262226-04:00" testType="13cdc9d9-ddb5-4fa4-a97d-d965ccfc6d4b" outcome="Passed" testListId="8c84fa94-04c1-424b-9868-57a2d4851a1d" relativeResultsDirectory="b5f46d05-499e-44a1-a636-b162a913dd01" />
    <UnitTestResult executionId="ed018f43-a8b5-4bdf-880c-8774ecb7a556" testId="25b79e49-f078-c9d3-fc26-60ff43e1f658" testName="ThenCanResolveAsSingleton(&quot;results-example-xunit.xml&quot;,&quot;XUnit.XUnit1.results-example-xunit.xml&quot;,XUnit1,PicklesDoc.Pickles.TestFrameworks.XUnit.XUnit1.XUnit1Results)" computerName="ERICCARLSONBBE6" duration="00:00:00.0017250" startTime="2022-05-09T16:19:01.0975320-04:00" endTime="2022-05-09T16:19:01.0992570-04:00" testType="13cdc9d9-ddb5-4fa4-a97d-d965ccfc6d4b" outcome="Passed" testListId="8c84fa94-04c1-424b-9868-57a2d4851a1d" relativeResultsDirectory="ed018f43-a8b5-4bdf-880c-8774ecb7a556" />
    <UnitTestResult executionId="6c06dd87-63c6-4059-9abe-a0873c43c16f" testId="f6472f07-5ce8-7db5-6dd2-9068452de237" testName="ThenCanReadIndividualResultsFromScenarioOutline_MultipleNamedExamplesWithDuplicateValues_ShouldMatchExamples" computerName="ERICCARLSONBBE6" duration="00:00:00.0048589" startTime="2022-05-09T16:19:00.9966549-04:00" endTime="2022-05-09T16:19:01.0015138-04:00" testType="13cdc9d9-ddb5-4fa4-a97d-d965ccfc6d4b" outcome="Passed" testListId="8c84fa94-04c1-424b-9868-57a2d4851a1d" relativeResultsDirectory="6c06dd87-63c6-4059-9abe-a0873c43c16f" />
    <UnitTestResult executionId="b35ce2ee-6e7e-468f-b402-3bdd6f18b258" testId="66032912-b178-4308-e9cd-9139f23f4710" testName="ThenCanReadResultOfScenarioWithFailingBackground" computerName="ERICCARLSONBBE6" duration="00:00:00.0027740" startTime="2022-05-09T16:19:00.0626669-04:00" endTime="2022-05-09T16:19:00.0654405-04:00" testType="13cdc9d9-ddb5-4fa4-a97d-d965ccfc6d4b" outcome="Passed" testListId="8c84fa94-04c1-424b-9868-57a2d4851a1d" relativeResultsDirectory="b35ce2ee-6e7e-468f-b402-3bdd6f18b258" />
    <UnitTestResult executionId="0bb12cff-833f-4d1e-9918-50deb2f85aa4" testId="81bd21f5-845e-aa35-fada-47a8b94de4c8" testName="ThenCanReadResultOfScenarioOutlineWithSpecialCharacters" computerName="ERICCARLSONBBE6" duration="00:00:00.0032400" startTime="2022-05-09T16:19:00.2143766-04:00" endTime="2022-05-09T16:19:00.2176160-04:00" testType="13cdc9d9-ddb5-4fa4-a97d-d965ccfc6d4b" outcome="Passed" testListId="8c84fa94-04c1-424b-9868-57a2d4851a1d" relativeResultsDirectory="0bb12cff-833f-4d1e-9918-50deb2f85aa4" />
    <UnitTestResult executionId="2cb97a38-2dda-4407-a734-3d91781e5d4e" testId="6768218c-6567-ac9b-b338-b8819476acaf" testName="RegularExpressionAsExampleContentMatches_With_Full_Regular_Expression" computerName="ERICCARLSONBBE6" duration="00:00:00.0005820" startTime="2022-05-09T16:19:01.2333746-04:00" endTime="2022-05-09T16:19:01.2339567-04:00" testType="13cdc9d9-ddb5-4fa4-a97d-d965ccfc6d4b" outcome="Passed" testListId="8c84fa94-04c1-424b-9868-57a2d4851a1d" relativeResultsDirectory="2cb97a38-2dda-4407-a734-3d91781e5d4e" />
    <UnitTestResult executionId="2eee73c4-3cf9-42f9-8316-b977cc3e2c73" testId="39aaf2dd-3448-323b-0eb5-0e11c3f52c46" testName="ThenCanReadResultsWithParenthesis" computerName="ERICCARLSONBBE6" duration="00:00:00.0053020" startTime="2022-05-09T16:19:01.2928406-04:00" endTime="2022-05-09T16:19:01.2981426-04:00" testType="13cdc9d9-ddb5-4fa4-a97d-d965ccfc6d4b" outcome="Passed" testListId="8c84fa94-04c1-424b-9868-57a2d4851a1d" relativeResultsDirectory="2eee73c4-3cf9-42f9-8316-b977cc3e2c73" />
    <UnitTestResult executionId="20a92483-f7eb-448c-9610-59ee0b66cd2c" testId="2bc825b9-9d72-ab78-dc57-730a6f14b2c6" testName="ThenCanReadInconclusiveScenarioResultSuccessfully" computerName="ERICCARLSONBBE6" duration="00:00:00.0009370" startTime="2022-05-09T16:19:00.7821493-04:00" endTime="2022-05-09T16:19:00.7830865-04:00" testType="13cdc9d9-ddb5-4fa4-a97d-d965ccfc6d4b" outcome="Passed" testListId="8c84fa94-04c1-424b-9868-57a2d4851a1d" relativeResultsDirectory="20a92483-f7eb-448c-9610-59ee0b66cd2c" />
    <UnitTestResult executionId="61636e1e-df86-413a-ad15-3fe73bc5abb7" testId="b931d369-9310-8747-a788-ef7d7112806a" testName="ThenCanReadResultOfScenarioOutlineWithSpecialCharacters" computerName="ERICCARLSONBBE6" duration="00:00:00.0030640" startTime="2022-05-09T16:19:00.9054912-04:00" endTime="2022-05-09T16:19:00.9085548-04:00" testType="13cdc9d9-ddb5-4fa4-a97d-d965ccfc6d4b" outcome="Passed" testListId="8c84fa94-04c1-424b-9868-57a2d4851a1d" relativeResultsDirectory="61636e1e-df86-413a-ad15-3fe73bc5abb7" />
    <UnitTestResult executionId="cf7518ae-9680-4a9c-a62f-17744aaff1b9" testId="ed1f5b6f-32d8-84ac-275a-18cb835c861f" testName="ThenCanReadResultOfFeatureWithFailingBackground" computerName="ERICCARLSONBBE6" duration="00:00:00.0084580" startTime="2022-05-09T16:19:00.1889652-04:00" endTime="2022-05-09T16:19:00.1974225-04:00" testType="13cdc9d9-ddb5-4fa4-a97d-d965ccfc6d4b" outcome="Passed" testListId="8c84fa94-04c1-424b-9868-57a2d4851a1d" relativeResultsDirectory="cf7518ae-9680-4a9c-a62f-17744aaff1b9" />
    <UnitTestResult executionId="6c0073a3-134d-47ab-9ae8-40c6a521a8e9" testId="e1b783a4-63da-62c3-ab50-be899fdd79e2" testName="ThenCanReadResultOfScenarioOutlineWithFailingBackground" computerName="ERICCARLSONBBE6" duration="00:00:00.0024830" startTime="2022-05-09T16:19:00.4647385-04:00" endTime="2022-05-09T16:19:00.4672210-04:00" testType="13cdc9d9-ddb5-4fa4-a97d-d965ccfc6d4b" outcome="Passed" testListId="8c84fa94-04c1-424b-9868-57a2d4851a1d" relativeResultsDirectory="6c0073a3-134d-47ab-9ae8-40c6a521a8e9" />
    <UnitTestResult executionId="26b1df15-68c2-4aec-ab4c-6254bdae732c" testId="bfd25a89-37a1-8b6d-3055-743f4224a763" testName="GetScenarioOutlineResult_TwoInconclusive_ReturnsInconclusive" computerName="ERICCARLSONBBE6" duration="00:00:00.0002940" startTime="2022-05-09T16:19:00.7705529-04:00" endTime="2022-05-09T16:19:00.7708467-04:00" testType="13cdc9d9-ddb5-4fa4-a97d-d965ccfc6d4b" outcome="Passed" testListId="8c84fa94-04c1-424b-9868-57a2d4851a1d" relativeResultsDirectory="26b1df15-68c2-4aec-ab4c-6254bdae732c" />
    <UnitTestResult executionId="796bac3a-7235-4cd4-aecd-8acbf6c7b936" testId="ba610d56-53b0-45dd-63d9-9d6b77e9ef0d" testName="ThenCanReadScenarioOutlineResultSuccessfully" computerName="ERICCARLSONBBE6" duration="00:00:00.0018610" startTime="2022-05-09T16:19:00.5369763-04:00" endTime="2022-05-09T16:19:00.5388375-04:00" testType="13cdc9d9-ddb5-4fa4-a97d-d965ccfc6d4b" outcome="Passed" testListId="8c84fa94-04c1-424b-9868-57a2d4851a1d" relativeResultsDirectory="796bac3a-7235-4cd4-aecd-8acbf6c7b936" />
    <UnitTestResult executionId="add64a47-a99f-465c-8856-29b5ada37c8a" testId="53f842ac-f46d-7d71-9da8-af83d620085a" testName="ThenCanReadResultOfScenarioOutlineWithAmpersand" computerName="ERICCARLSONBBE6" duration="00:00:00.0018600" startTime="2022-05-09T16:19:00.5178793-04:00" endTime="2022-05-09T16:19:00.5197393-04:00" testType="13cdc9d9-ddb5-4fa4-a97d-d965ccfc6d4b" outcome="Passed" testListId="8c84fa94-04c1-424b-9868-57a2d4851a1d" relativeResultsDirectory="add64a47-a99f-465c-8856-29b5ada37c8a" />
    <UnitTestResult executionId="cedcf983-52e7-4b35-8f23-2275dea0d16b" testId="ad017908-8d1a-0341-56bc-07e221b7fa03" testName="ThenCanReadResultOfScenarioWithSpanishCharacters" computerName="ERICCARLSONBBE6" duration="00:00:00.0025310" startTime="2022-05-09T16:18:59.9369016-04:00" endTime="2022-05-09T16:18:59.9394328-04:00" testType="13cdc9d9-ddb5-4fa4-a97d-d965ccfc6d4b" outcome="Passed" testListId="8c84fa94-04c1-424b-9868-57a2d4851a1d" relativeResultsDirectory="cedcf983-52e7-4b35-8f23-2275dea0d16b" />
    <UnitTestResult executionId="d5f107f3-1fa1-465b-a971-c8b581a6f027" testId="22ff405e-4e4b-ec94-1d81-69603bb819cf" testName="ThenCanReadPassedFeatureResultSuccessfully" computerName="ERICCARLSONBBE6" duration="00:00:00.0028190" startTime="2022-05-09T16:19:00.8629697-04:00" endTime="2022-05-09T16:19:00.8657881-04:00" testType="13cdc9d9-ddb5-4fa4-a97d-d965ccfc6d4b" outcome="Passed" testListId="8c84fa94-04c1-424b-9868-57a2d4851a1d" relativeResultsDirectory="d5f107f3-1fa1-465b-a971-c8b581a6f027" />
    <UnitTestResult executionId="18a6b45f-340a-4332-a62e-01174a85d038" testId="13f1786b-ba98-dd5e-fe5d-f541f09404b5" testName="ThenCanReadInconclusiveFeatureResultSuccessfully" computerName="ERICCARLSONBBE6" duration="00:00:00.0027850" startTime="2022-05-09T16:18:59.8849150-04:00" endTime="2022-05-09T16:18:59.8876991-04:00" testType="13cdc9d9-ddb5-4fa4-a97d-d965ccfc6d4b" outcome="Passed" testListId="8c84fa94-04c1-424b-9868-57a2d4851a1d" relativeResultsDirectory="18a6b45f-340a-4332-a62e-01174a85d038" />
    <UnitTestResult executionId="6981bf63-73e4-47e2-be13-cb51091c91a2" testId="c129ca2d-465d-f65c-dd70-3e713e975538" testName="ThenCanReadInconclusiveScenarioResultSuccessfully" computerName="ERICCARLSONBBE6" duration="00:00:00.0025760" startTime="2022-05-09T16:18:59.8877346-04:00" endTime="2022-05-09T16:18:59.8903107-04:00" testType="13cdc9d9-ddb5-4fa4-a97d-d965ccfc6d4b" outcome="Passed" testListId="8c84fa94-04c1-424b-9868-57a2d4851a1d" relativeResultsDirectory="6981bf63-73e4-47e2-be13-cb51091c91a2" />
    <UnitTestResult executionId="35683834-eb04-466f-bc99-3ef605553dc6" testId="9c345799-e138-7ed0-5b4a-1011418b61de" testName="RegularExpressionAsExampleContentMatches_With_Parentheses" computerName="ERICCARLSONBBE6" duration="00:00:00.0005720" startTime="2022-05-09T16:19:01.2346171-04:00" endTime="2022-05-09T16:19:01.2351892-04:00" testType="13cdc9d9-ddb5-4fa4-a97d-d965ccfc6d4b" outcome="Passed" testListId="8c84fa94-04c1-424b-9868-57a2d4851a1d" relativeResultsDirectory="35683834-eb04-466f-bc99-3ef605553dc6" />
    <UnitTestResult executionId="521d872c-09c2-470d-8590-592bc957a68d" testId="e1734028-fada-4af3-8a5c-ef092b76d644" testName="ThenCanReadResultOfScenarioWithDanishCharacters" computerName="ERICCARLSONBBE6" duration="00:00:00.0032560" startTime="2022-05-09T16:19:00.9118344-04:00" endTime="2022-05-09T16:19:00.9150907-04:00" testType="13cdc9d9-ddb5-4fa4-a97d-d965ccfc6d4b" outcome="Passed" testListId="8c84fa94-04c1-424b-9868-57a2d4851a1d" relativeResultsDirectory="521d872c-09c2-470d-8590-592bc957a68d" />
    <UnitTestResult executionId="9d81a16c-7df0-4b6b-a242-32d8b53a1690" testId="3ac61dc8-78ef-0ee4-9390-ba6ea3941593" testName="ThenCanReadResultOfScenarioOutlineExampleWithFailingBackground" computerName="ERICCARLSONBBE6" duration="00:00:00.0017160" startTime="2022-05-09T16:19:00.7849992-04:00" endTime="2022-05-09T16:19:00.7867149-04:00" testType="13cdc9d9-ddb5-4fa4-a97d-d965ccfc6d4b" outcome="Passed" testListId="8c84fa94-04c1-424b-9868-57a2d4851a1d" relativeResultsDirectory="9d81a16c-7df0-4b6b-a242-32d8b53a1690" />
    <UnitTestResult executionId="4d5c79a8-b72a-451b-8605-86d1e429bc87" testId="3baf913f-526d-3c8d-eef9-0705cb381b53" testName="ThenCanReadScenarioOutlineResultSuccessfully" computerName="ERICCARLSONBBE6" duration="00:00:00.0021240" startTime="2022-05-09T16:19:00.0813866-04:00" endTime="2022-05-09T16:19:00.0835105-04:00" testType="13cdc9d9-ddb5-4fa4-a97d-d965ccfc6d4b" outcome="Passed" testListId="8c84fa94-04c1-424b-9868-57a2d4851a1d" relativeResultsDirectory="4d5c79a8-b72a-451b-8605-86d1e429bc87" />
    <UnitTestResult executionId="c799d263-fdbb-4a1a-b330-06179bf8901f" testId="180590d6-2062-6933-d951-813229d01ede" testName="ThenCanReadResultOfScenarioOutlineWithSpecialCharacters" computerName="ERICCARLSONBBE6" duration="00:00:00.0026120" startTime="2022-05-09T16:19:01.1572496-04:00" endTime="2022-05-09T16:19:01.1598612-04:00" testType="13cdc9d9-ddb5-4fa4-a97d-d965ccfc6d4b" outcome="Passed" testListId="8c84fa94-04c1-424b-9868-57a2d4851a1d" relativeResultsDirectory="c799d263-fdbb-4a1a-b330-06179bf8901f" />
    <UnitTestResult executionId="d28f459f-2064-4d3c-86f9-f46a8c86db26" testId="dbf1db3e-c119-5966-af76-e8157d531ea2" testName="ThenCanReadIndividualResultsFromScenarioOutline_OneInconclusive_ShouldBeTestResultInconclusive" computerName="ERICCARLSONBBE6" duration="00:00:00.0010750" startTime="2022-05-09T16:19:00.8050022-04:00" endTime="2022-05-09T16:19:00.8060767-04:00" testType="13cdc9d9-ddb5-4fa4-a97d-d965ccfc6d4b" outcome="Passed" testListId="8c84fa94-04c1-424b-9868-57a2d4851a1d" relativeResultsDirectory="d28f459f-2064-4d3c-86f9-f46a8c86db26" />
    <UnitTestResult executionId="c3bda946-ae42-470d-b844-b67ca646e251" testId="ec063bfd-14dd-1deb-4fd4-311c75309607" testName="ThenCanReadInconclusiveFeatureResultSuccessfully" computerName="ERICCARLSONBBE6" duration="00:00:00.0087340" startTime="2022-05-09T16:19:00.1607013-04:00" endTime="2022-05-09T16:19:00.1694346-04:00" testType="13cdc9d9-ddb5-4fa4-a97d-d965ccfc6d4b" outcome="Passed" testListId="8c84fa94-04c1-424b-9868-57a2d4851a1d" relativeResultsDirectory="c3bda946-ae42-470d-b844-b67ca646e251" />
    <UnitTestResult executionId="9c6d11bf-25f1-43b6-bada-7541bc86fe8d" testId="e70aaa39-34a4-5c29-d102-ad4674ca6ab6" testName="ThenCanResolveAsSingleton(&quot;results-example-nunit.xml&quot;,&quot;NUnit.NUnit2.results-example-nunit.xml&quot;,NUnit,PicklesDoc.Pickles.TestFrameworks.NUnit.NUnit2.NUnit2Results)" computerName="ERICCARLSONBBE6" duration="00:00:00.0015390" startTime="2022-05-09T16:19:01.0938449-04:00" endTime="2022-05-09T16:19:01.0953839-04:00" testType="13cdc9d9-ddb5-4fa4-a97d-d965ccfc6d4b" outcome="Passed" testListId="8c84fa94-04c1-424b-9868-57a2d4851a1d" relativeResultsDirectory="9c6d11bf-25f1-43b6-bada-7541bc86fe8d" />
    <UnitTestResult executionId="1f819000-fdb9-4843-9304-92f3c5a0b9b9" testId="a0f0b9fe-c760-fce9-98fe-b72d6b75fdd4" testName="ThenCanReadResultOfScenarioWithDanishCharacters" computerName="ERICCARLSONBBE6" duration="00:00:00.0021890" startTime="2022-05-09T16:19:00.4768836-04:00" endTime="2022-05-09T16:19:00.4790722-04:00" testType="13cdc9d9-ddb5-4fa4-a97d-d965ccfc6d4b" outcome="Passed" testListId="8c84fa94-04c1-424b-9868-57a2d4851a1d" relativeResultsDirectory="1f819000-fdb9-4843-9304-92f3c5a0b9b9" />
    <UnitTestResult executionId="3a0559ce-8e5e-4a85-94f9-62a03ef11c33" testId="1b904dc2-8da7-b28a-8a35-1d3fce5defa3" testName="ThenCanReadResultsWithBackslashes" computerName="ERICCARLSONBBE6" duration="00:00:00.0017380" startTime="2022-05-09T16:19:00.4025993-04:00" endTime="2022-05-09T16:19:00.4043369-04:00" testType="13cdc9d9-ddb5-4fa4-a97d-d965ccfc6d4b" outcome="Passed" testListId="8c84fa94-04c1-424b-9868-57a2d4851a1d" relativeResultsDirectory="3a0559ce-8e5e-4a85-94f9-62a03ef11c33" />
    <UnitTestResult executionId="5efea581-a5df-4d3a-9e3d-6de17166cfa8" testId="87211bb6-e48e-1d49-fcdf-06cad7d36de4" testName="ThenCanReadIndividualResultsFromScenarioOutline_MultipleExampleSections_ShouldBeTestResultFailed" computerName="ERICCARLSONBBE6" duration="00:00:00.0028860" startTime="2022-05-09T16:19:01.2098068-04:00" endTime="2022-05-09T16:19:01.2126924-04:00" testType="13cdc9d9-ddb5-4fa4-a97d-d965ccfc6d4b" outcome="Passed" testListId="8c84fa94-04c1-424b-9868-57a2d4851a1d" relativeResultsDirectory="5efea581-a5df-4d3a-9e3d-6de17166cfa8" />
    <UnitTestResult executionId="9ec559a5-8da8-4d1d-bc70-2bbc195f9409" testId="4bc5f009-c973-f931-1d45-f0addc813db2" testName="ThenCanReadFeatureResultSuccessfully" computerName="ERICCARLSONBBE6" duration="00:00:00.0026610" startTime="2022-05-09T16:19:00.0116613-04:00" endTime="2022-05-09T16:19:00.0143221-04:00" testType="13cdc9d9-ddb5-4fa4-a97d-d965ccfc6d4b" outcome="Passed" testListId="8c84fa94-04c1-424b-9868-57a2d4851a1d" relativeResultsDirectory="9ec559a5-8da8-4d1d-bc70-2bbc195f9409" />
    <UnitTestResult executionId="0d6a7422-b9d5-473d-91fc-d7ae13c6ae10" testId="aa75de74-31a0-219d-da36-2e429565c098" testName="ThenCanReadIndividualResultsFromScenarioOutline_MultipleExampleSections_ShouldBeTestResultFailed" computerName="ERICCARLSONBBE6" duration="00:00:00.0056390" startTime="2022-05-09T16:18:59.9758711-04:00" endTime="2022-05-09T16:18:59.9815092-04:00" testType="13cdc9d9-ddb5-4fa4-a97d-d965ccfc6d4b" outcome="Passed" testListId="8c84fa94-04c1-424b-9868-57a2d4851a1d" relativeResultsDirectory="0d6a7422-b9d5-473d-91fc-d7ae13c6ae10" />
    <UnitTestResult executionId="6c27182f-950f-465e-8973-fa8e5d4c89f7" testId="4fd0e4d4-201f-f92a-a4bd-73991d73bd74" testName="ThenCanReadIndividualResultsFromScenarioOutline_OneFailed_ShouldBeTestResultFailed" computerName="ERICCARLSONBBE6" duration="00:00:00.0022260" startTime="2022-05-09T16:19:00.5749428-04:00" endTime="2022-05-09T16:19:00.5771687-04:00" testType="13cdc9d9-ddb5-4fa4-a97d-d965ccfc6d4b" outcome="Passed" testListId="8c84fa94-04c1-424b-9868-57a2d4851a1d" relativeResultsDirectory="6c27182f-950f-465e-8973-fa8e5d4c89f7" />
    <UnitTestResult executionId="5964ecd3-5e0a-4378-9cb0-c0f8a8330037" testId="9893997e-53da-cb26-1457-0e4e96142bee" testName="ThenCanReadResultOfScenarioWithFailingBackground" computerName="ERICCARLSONBBE6" duration="00:00:00.0039680" startTime="2022-05-09T16:19:00.5271266-04:00" endTime="2022-05-09T16:19:00.5310943-04:00" testType="13cdc9d9-ddb5-4fa4-a97d-d965ccfc6d4b" outcome="Passed" testListId="8c84fa94-04c1-424b-9868-57a2d4851a1d" relativeResultsDirectory="5964ecd3-5e0a-4378-9cb0-c0f8a8330037" />
    <UnitTestResult executionId="d43c4894-0b25-4b6e-8df3-f476acf5fa33" testId="6b71b8f6-958a-0474-734c-5037b2d776ec" testName="ThenCanReadResultsWithBackslashes" computerName="ERICCARLSONBBE6" duration="00:00:00.0073570" startTime="2022-05-09T16:19:00.0717543-04:00" endTime="2022-05-09T16:19:00.0791113-04:00" testType="13cdc9d9-ddb5-4fa4-a97d-d965ccfc6d4b" outcome="Passed" testListId="8c84fa94-04c1-424b-9868-57a2d4851a1d" relativeResultsDirectory="d43c4894-0b25-4b6e-8df3-f476acf5fa33" />
    <UnitTestResult executionId="748212f2-c9d9-43b8-ad4b-22039b84ffca" testId="98e742b5-a9e8-df93-45b6-fa0d531caa6b" testName="TestResultsFileIsMessingElementsForAFeature_ShouldReturnInconclusive" computerName="ERICCARLSONBBE6" duration="00:00:00.0003940" startTime="2022-05-09T16:18:59.9990434-04:00" endTime="2022-05-09T16:18:59.9994376-04:00" testType="13cdc9d9-ddb5-4fa4-a97d-d965ccfc6d4b" outcome="Passed" testListId="8c84fa94-04c1-424b-9868-57a2d4851a1d" relativeResultsDirectory="748212f2-c9d9-43b8-ad4b-22039b84ffca" />
    <UnitTestResult executionId="a5091518-879a-4e4a-b85f-244b562407ec" testId="098238b9-0456-1247-ed8e-8206ed9eaecc" testName="ThenCanReadInconclusiveScenarioResultSuccessfully" computerName="ERICCARLSONBBE6" duration="00:00:00.0027760" startTime="2022-05-09T16:19:00.8483137-04:00" endTime="2022-05-09T16:19:00.8510900-04:00" testType="13cdc9d9-ddb5-4fa4-a97d-d965ccfc6d4b" outcome="Passed" testListId="8c84fa94-04c1-424b-9868-57a2d4851a1d" relativeResultsDirectory="a5091518-879a-4e4a-b85f-244b562407ec" />
    <UnitTestResult executionId="bc971f67-a408-4a6b-8571-29d1ce7f8954" testId="49f08ad4-e3ca-7af9-80e5-b685a0b47674" testName="ThenCanReadFailedScenarioResultSuccessfully" computerName="ERICCARLSONBBE6" duration="00:00:00.0032580" startTime="2022-05-09T16:19:01.1321994-04:00" endTime="2022-05-09T16:19:01.1354572-04:00" testType="13cdc9d9-ddb5-4fa4-a97d-d965ccfc6d4b" outcome="Passed" testListId="8c84fa94-04c1-424b-9868-57a2d4851a1d" relativeResultsDirectory="bc971f67-a408-4a6b-8571-29d1ce7f8954" />
    <UnitTestResult executionId="eac55656-d601-433e-b76b-1adeb5bc3d19" testId="99b61c03-de66-2cd6-57c4-fe88d42b339c" testName="ThenCanReadResultOfScenarioWithSpanishCharacters" computerName="ERICCARLSONBBE6" duration="00:00:00.0035320" startTime="2022-05-09T16:19:00.0654701-04:00" endTime="2022-05-09T16:19:00.0690020-04:00" testType="13cdc9d9-ddb5-4fa4-a97d-d965ccfc6d4b" outcome="Passed" testListId="8c84fa94-04c1-424b-9868-57a2d4851a1d" relativeResultsDirectory="eac55656-d601-433e-b76b-1adeb5bc3d19" />
    <UnitTestResult executionId="fc8e2c26-c428-4aed-9c4f-c17fd3262ead" testId="76e6779b-a81e-af08-fa5a-6175a7306b7c" testName="ThenCanReadResultOfScenarioOutlineExampleWithFailingBackground" computerName="ERICCARLSONBBE6" duration="00:00:00.0030230" startTime="2022-05-09T16:19:00.4595736-04:00" endTime="2022-05-09T16:19:00.4625968-04:00" testType="13cdc9d9-ddb5-4fa4-a97d-d965ccfc6d4b" outcome="Passed" testListId="8c84fa94-04c1-424b-9868-57a2d4851a1d" relativeResultsDirectory="fc8e2c26-c428-4aed-9c4f-c17fd3262ead" />
    <UnitTestResult executionId="ab2c7712-7859-4c4b-b6d8-7d3d1fac2a64" testId="430e1815-dd76-b549-699a-644e400c7601" testName="ThenCanResolve(&quot;results-example-nunit.xml&quot;,&quot;NUnit.NUnit2.results-example-nunit.xml&quot;,NUnit,PicklesDoc.Pickles.TestFrameworks.NUnit.NUnit2.NUnit2Results)" computerName="ERICCARLSONBBE6" duration="00:00:00.0015630" startTime="2022-05-09T16:19:01.0277231-04:00" endTime="2022-05-09T16:19:01.0292863-04:00" testType="13cdc9d9-ddb5-4fa4-a97d-d965ccfc6d4b" outcome="Passed" testListId="8c84fa94-04c1-424b-9868-57a2d4851a1d" relativeResultsDirectory="ab2c7712-7859-4c4b-b6d8-7d3d1fac2a64" />
    <UnitTestResult executionId="807dfa98-1f7f-47a7-ba98-7c4cb7311f4b" testId="564ab877-3eea-6f19-973d-0b36bea909da" testName="ThenCanReadResultsWithBackslashes" computerName="ERICCARLSONBBE6" duration="00:00:00.0027380" startTime="2022-05-09T16:18:59.9422280-04:00" endTime="2022-05-09T16:18:59.9449656-04:00" testType="13cdc9d9-ddb5-4fa4-a97d-d965ccfc6d4b" outcome="Passed" testListId="8c84fa94-04c1-424b-9868-57a2d4851a1d" relativeResultsDirectory="807dfa98-1f7f-47a7-ba98-7c4cb7311f4b" />
    <UnitTestResult executionId="dee7ff39-0201-4f7f-be9c-102ba5399e92" testId="fa2fb9d9-01c1-922c-5d5a-386819eb8668" testName="ThenCanReadExamplesWithLongExampleValues" computerName="ERICCARLSONBBE6" duration="00:00:00.0020690" startTime="2022-05-09T16:18:59.9580263-04:00" endTime="2022-05-09T16:18:59.9600950-04:00" testType="13cdc9d9-ddb5-4fa4-a97d-d965ccfc6d4b" outcome="Passed" testListId="8c84fa94-04c1-424b-9868-57a2d4851a1d" relativeResultsDirectory="dee7ff39-0201-4f7f-be9c-102ba5399e92" />
    <UnitTestResult executionId="bed64591-60e8-4663-a611-88ac19874d9a" testId="f7956f7c-5887-9a0c-7c3e-645573a0e845" testName="ThenCanReadResultOfScenarioWithFailingBackground" computerName="ERICCARLSONBBE6" duration="00:00:00.0037760" startTime="2022-05-09T16:19:00.2299379-04:00" endTime="2022-05-09T16:19:00.2337142-04:00" testType="13cdc9d9-ddb5-4fa4-a97d-d965ccfc6d4b" outcome="Passed" testListId="8c84fa94-04c1-424b-9868-57a2d4851a1d" relativeResultsDirectory="bed64591-60e8-4663-a611-88ac19874d9a" />
    <UnitTestResult executionId="51846db1-acb6-46bf-937a-7e8d7c636793" testId="fde1c954-98a7-7238-71c0-b624bf2faef3" testName="ThenCanReadScenarioOutlineResultSuccessfully" computerName="ERICCARLSONBBE6" duration="00:00:00.0132400" startTime="2022-05-09T16:19:01.2981850-04:00" endTime="2022-05-09T16:19:01.3114250-04:00" testType="13cdc9d9-ddb5-4fa4-a97d-d965ccfc6d4b" outcome="Passed" testListId="8c84fa94-04c1-424b-9868-57a2d4851a1d" relativeResultsDirectory="51846db1-acb6-46bf-937a-7e8d7c636793" />
    <UnitTestResult executionId="70218cf6-a62a-44d0-beee-c31c8b4a0329" testId="df779c3e-867d-628d-d601-319a18d1823c" testName="ThenCanReadExamplesWithLongExampleValues" computerName="ERICCARLSONBBE6" duration="00:00:00.0047160" startTime="2022-05-09T16:19:01.3156799-04:00" endTime="2022-05-09T16:19:01.3203958-04:00" testType="13cdc9d9-ddb5-4fa4-a97d-d965ccfc6d4b" outcome="Passed" testListId="8c84fa94-04c1-424b-9868-57a2d4851a1d" relativeResultsDirectory="70218cf6-a62a-44d0-beee-c31c8b4a0329" />
    <UnitTestResult executionId="c3b2a66e-bc19-401c-a4b1-55bd7a8118fd" testId="4bfa13d1-17a0-4954-0e3e-a26d2de2fb23" testName="ThenCanReadResultOfScenarioOutlineWithFailingBackground" computerName="ERICCARLSONBBE6" duration="00:00:00.0022710" startTime="2022-05-09T16:19:01.1549483-04:00" endTime="2022-05-09T16:19:01.1572194-04:00" testType="13cdc9d9-ddb5-4fa4-a97d-d965ccfc6d4b" outcome="Passed" testListId="8c84fa94-04c1-424b-9868-57a2d4851a1d" relativeResultsDirectory="c3b2a66e-bc19-401c-a4b1-55bd7a8118fd" />
    <UnitTestResult executionId="f401e025-f3a8-4ce6-b6f9-17c8b96ec9dc" testId="25c1bea4-c0ff-d075-22a4-63b5c72151e9" testName="ThenCanReadNotFoundScenarioCorrectly" computerName="ERICCARLSONBBE6" duration="00:00:00.0087650" startTime="2022-05-09T16:19:00.1762433-04:00" endTime="2022-05-09T16:19:00.1850080-04:00" testType="13cdc9d9-ddb5-4fa4-a97d-d965ccfc6d4b" outcome="Passed" testListId="8c84fa94-04c1-424b-9868-57a2d4851a1d" relativeResultsDirectory="f401e025-f3a8-4ce6-b6f9-17c8b96ec9dc" />
    <UnitTestResult executionId="7b27c9bb-c203-48cc-a840-f168fbed20cd" testId="9c713a2b-9e76-2415-d955-46aa4b04bc55" testName="ThenCanReadFailedScenarioResultSuccessfully" computerName="ERICCARLSONBBE6" duration="00:00:00.0010440" startTime="2022-05-09T16:19:00.3392260-04:00" endTime="2022-05-09T16:19:00.3402696-04:00" testType="13cdc9d9-ddb5-4fa4-a97d-d965ccfc6d4b" outcome="Passed" testListId="8c84fa94-04c1-424b-9868-57a2d4851a1d" relativeResultsDirectory="7b27c9bb-c203-48cc-a840-f168fbed20cd" />
    <UnitTestResult executionId="0f4ba519-67b8-4fed-ab3b-ca77d1af8cfa" testId="efb45302-0f2f-f7b4-5294-ebcf02624fff" testName="ThenCanReadResultsWithParenthesis" computerName="ERICCARLSONBBE6" duration="00:00:00.0085300" startTime="2022-05-09T16:19:00.2486202-04:00" endTime="2022-05-09T16:19:00.2571493-04:00" testType="13cdc9d9-ddb5-4fa4-a97d-d965ccfc6d4b" outcome="Passed" testListId="8c84fa94-04c1-424b-9868-57a2d4851a1d" relativeResultsDirectory="0f4ba519-67b8-4fed-ab3b-ca77d1af8cfa" />
    <UnitTestResult executionId="37bfd0ce-79ad-41b5-be6d-69cc4afbe76f" testId="e931af6a-3452-9003-decc-ede4ba4ec081" testName="ThenCanReadResultOfScenarioOutlineWithFailingBackground" computerName="ERICCARLSONBBE6" duration="00:00:00.0017060" startTime="2022-05-09T16:19:00.5197702-04:00" endTime="2022-05-09T16:19:00.5214756-04:00" testType="13cdc9d9-ddb5-4fa4-a97d-d965ccfc6d4b" outcome="Passed" testListId="8c84fa94-04c1-424b-9868-57a2d4851a1d" relativeResultsDirectory="37bfd0ce-79ad-41b5-be6d-69cc4afbe76f" />
    <UnitTestResult executionId="517d99af-97bb-40e9-b42c-c5caed3bcc56" testId="e32ceaf5-2044-6a33-b092-c29de2fe095b" testName="ThenCanReadIndividualResultsFromScenarioOutline_MultipleNamedExamplesWithDuplicateValues_ShouldMatchExamples" computerName="ERICCARLSONBBE6" duration="00:00:00.0025850" startTime="2022-05-09T16:19:00.5723261-04:00" endTime="2022-05-09T16:19:00.5749118-04:00" testType="13cdc9d9-ddb5-4fa4-a97d-d965ccfc6d4b" outcome="Passed" testListId="8c84fa94-04c1-424b-9868-57a2d4851a1d" relativeResultsDirectory="517d99af-97bb-40e9-b42c-c5caed3bcc56" />
    <UnitTestResult executionId="fca0257f-07bf-4dea-80f9-e0f48a762b7b" testId="62779f41-de77-189d-2845-837ff5a12f04" testName="ThenCanReadNotFoundFeatureCorrectly" computerName="ERICCARLSONBBE6" duration="00:00:00.0076180" startTime="2022-05-09T16:19:00.0217087-04:00" endTime="2022-05-09T16:19:00.0293268-04:00" testType="13cdc9d9-ddb5-4fa4-a97d-d965ccfc6d4b" outcome="Passed" testListId="8c84fa94-04c1-424b-9868-57a2d4851a1d" relativeResultsDirectory="fca0257f-07bf-4dea-80f9-e0f48a762b7b" />
    <UnitTestResult executionId="83d45820-2a8c-4fc1-b1bc-8a02a08ea76f" testId="bed3e0a6-5997-3869-73cc-50bad3fe5334" testName="ThenCanReadResultOfScenarioWithDanishCharacters" computerName="ERICCARLSONBBE6" duration="00:00:00.0021360" startTime="2022-05-09T16:19:00.7908453-04:00" endTime="2022-05-09T16:19:00.7929815-04:00" testType="13cdc9d9-ddb5-4fa4-a97d-d965ccfc6d4b" outcome="Passed" testListId="8c84fa94-04c1-424b-9868-57a2d4851a1d" relativeResultsDirectory="83d45820-2a8c-4fc1-b1bc-8a02a08ea76f" />
    <UnitTestResult executionId="1f17e680-d49a-4863-8769-559fc40b29bf" testId="ca7c5320-b258-ec0a-0209-15c9a535c03a" testName="ThenCanReadIndividualResultsFromScenarioOutline_MultipleExamplesWithDuplicateValues_ShouldMatchExamples" computerName="ERICCARLSONBBE6" duration="00:00:00.0070630" startTime="2022-05-09T16:19:00.1026483-04:00" endTime="2022-05-09T16:19:00.1097115-04:00" testType="13cdc9d9-ddb5-4fa4-a97d-d965ccfc6d4b" outcome="Passed" testListId="8c84fa94-04c1-424b-9868-57a2d4851a1d" relativeResultsDirectory="1f17e680-d49a-4863-8769-559fc40b29bf" />
    <UnitTestResult executionId="8bec577f-552d-4096-a366-29e90b9e2d7d" testId="ad26ac72-d472-3446-b429-a39e27a79b16" testName="ThenCanReadResultOfScenarioWithDanishCharacters" computerName="ERICCARLSONBBE6" duration="00:00:00.0019190" startTime="2022-05-09T16:19:00.5251769-04:00" endTime="2022-05-09T16:19:00.5270958-04:00" testType="13cdc9d9-ddb5-4fa4-a97d-d965ccfc6d4b" outcome="Passed" testListId="8c84fa94-04c1-424b-9868-57a2d4851a1d" relativeResultsDirectory="8bec577f-552d-4096-a366-29e90b9e2d7d" />
    <UnitTestResult executionId="e26b4e74-0ce6-48f2-9085-7b812964d9bf" testId="1d8da37b-0383-95ed-5f34-6e3377ad113e" testName="ThenCanReadExamplesWithLongExampleValues" computerName="ERICCARLSONBBE6" duration="00:00:00.0017420" startTime="2022-05-09T16:19:00.0863244-04:00" endTime="2022-05-09T16:19:00.0880664-04:00" testType="13cdc9d9-ddb5-4fa4-a97d-d965ccfc6d4b" outcome="Passed" testListId="8c84fa94-04c1-424b-9868-57a2d4851a1d" relativeResultsDirectory="e26b4e74-0ce6-48f2-9085-7b812964d9bf" />
    <UnitTestResult executionId="b63eff26-192d-4805-a658-fad4cdccc79b" testId="8ace6733-ba13-8c23-aec1-3ea938759ad0" testName="ThenCanReadResultOfFeatureWithFailingBackground" computerName="ERICCARLSONBBE6" duration="00:00:00.0014960" startTime="2022-05-09T16:19:00.3849918-04:00" endTime="2022-05-09T16:19:00.3864871-04:00" testType="13cdc9d9-ddb5-4fa4-a97d-d965ccfc6d4b" outcome="Passed" testListId="8c84fa94-04c1-424b-9868-57a2d4851a1d" relativeResultsDirectory="b63eff26-192d-4805-a658-fad4cdccc79b" />
    <UnitTestResult executionId="5cdeac63-d453-4653-a932-e88958b7ae68" testId="99f5e557-c1c6-7f3a-33fd-4b0fa5a0fc7b" testName="ThenCanReadResultOfScenarioOutlineWithAmpersand" computerName="ERICCARLSONBBE6" duration="00:00:00.0024400" startTime="2022-05-09T16:19:00.0446359-04:00" endTime="2022-05-09T16:19:00.0470759-04:00" testType="13cdc9d9-ddb5-4fa4-a97d-d965ccfc6d4b" outcome="Passed" testListId="8c84fa94-04c1-424b-9868-57a2d4851a1d" relativeResultsDirectory="5cdeac63-d453-4653-a932-e88958b7ae68" />
    <UnitTestResult executionId="fe4f9210-9034-4d23-b0b0-9debf938febb" testId="5c950b01-6cc7-ac13-30ea-969ec9b73be8" testName="ThenCanSuccessfullyMatch" computerName="ERICCARLSONBBE6" duration="00:00:00.0115500" startTime="2022-05-09T16:19:00.3420158-04:00" endTime="2022-05-09T16:19:00.3535652-04:00" testType="13cdc9d9-ddb5-4fa4-a97d-d965ccfc6d4b" outcome="Passed" testListId="8c84fa94-04c1-424b-9868-57a2d4851a1d" relativeResultsDirectory="fe4f9210-9034-4d23-b0b0-9debf938febb" />
    <UnitTestResult executionId="fd1ba806-bbfe-43d6-b540-48146888996b" testId="d4ee9b79-4196-caa7-d7b1-e48434993a78" testName="ThenCanReadIndividualResultsFromScenarioOutline_ExamplesWithDuplicateValues_ShouldMatchExamples" computerName="ERICCARLSONBBE6" duration="00:00:00.0023620" startTime="2022-05-09T16:19:00.5568568-04:00" endTime="2022-05-09T16:19:00.5592184-04:00" testType="13cdc9d9-ddb5-4fa4-a97d-d965ccfc6d4b" outcome="Passed" testListId="8c84fa94-04c1-424b-9868-57a2d4851a1d" relativeResultsDirectory="fd1ba806-bbfe-43d6-b540-48146888996b" />
    <UnitTestResult executionId="e7bec62f-e317-4b88-8df1-596700192a53" testId="eaaf3dd9-2849-68dd-8b63-3348a310054b" testName="ThenCanReadResultsWithBackslashes" computerName="ERICCARLSONBBE6" duration="00:00:00.0021500" startTime="2022-05-09T16:19:01.1784318-04:00" endTime="2022-05-09T16:19:01.1805820-04:00" testType="13cdc9d9-ddb5-4fa4-a97d-d965ccfc6d4b" outcome="Passed" testListId="8c84fa94-04c1-424b-9868-57a2d4851a1d" relativeResultsDirectory="e7bec62f-e317-4b88-8df1-596700192a53" />
    <UnitTestResult executionId="021e528a-d153-4252-a471-ddd16b884e90" testId="a9afc403-29e6-88a4-c2af-4c0ff8d8a28b" testName="ThenCanReadIgnoredScenarioResultSuccessfully" computerName="ERICCARLSONBBE6" duration="00:00:00.0025650" startTime="2022-05-09T16:18:59.8823200-04:00" endTime="2022-05-09T16:18:59.8848845-04:00" testType="13cdc9d9-ddb5-4fa4-a97d-d965ccfc6d4b" outcome="Passed" testListId="8c84fa94-04c1-424b-9868-57a2d4851a1d" relativeResultsDirectory="021e528a-d153-4252-a471-ddd16b884e90" />
    <UnitTestResult executionId="4f14dfe7-5c54-4add-8bdb-5c505478ebde" testId="0c0cf1bc-2dcb-ded4-066e-2e2566c6bb19" testName="ThenCanReadResultsWithBackslashes" computerName="ERICCARLSONBBE6" duration="00:00:00.0049740" startTime="2022-05-09T16:19:01.2878348-04:00" endTime="2022-05-09T16:19:01.2928084-04:00" testType="13cdc9d9-ddb5-4fa4-a97d-d965ccfc6d4b" outcome="Passed" testListId="8c84fa94-04c1-424b-9868-57a2d4851a1d" relativeResultsDirectory="4f14dfe7-5c54-4add-8bdb-5c505478ebde" />
    <UnitTestResult executionId="d90221c6-db98-473f-ac24-a0d2d3592cc5" testId="9e40b804-42b0-5011-3b04-cc25d4d70de0" testName="ThenCanReadResultsWithParenthesis" computerName="ERICCARLSONBBE6" duration="00:00:00.0022120" startTime="2022-05-09T16:19:00.0791449-04:00" endTime="2022-05-09T16:19:00.0813568-04:00" testType="13cdc9d9-ddb5-4fa4-a97d-d965ccfc6d4b" outcome="Passed" testListId="8c84fa94-04c1-424b-9868-57a2d4851a1d" relativeResultsDirectory="d90221c6-db98-473f-ac24-a0d2d3592cc5" />
    <UnitTestResult executionId="44324a49-67b6-4c95-91a2-849a9d2b850d" testId="9efd92db-4c9f-0192-da69-654d8f42ce4b" testName="ThenCanReadIndividualResultsFromScenarioOutline_OneInconclusive_ShouldBeTestResultInconclusive" computerName="ERICCARLSONBBE6" duration="00:00:00.0022550" startTime="2022-05-09T16:19:00.5771980-04:00" endTime="2022-05-09T16:19:00.5794528-04:00" testType="13cdc9d9-ddb5-4fa4-a97d-d965ccfc6d4b" outcome="Passed" testListId="8c84fa94-04c1-424b-9868-57a2d4851a1d" relativeResultsDirectory="44324a49-67b6-4c95-91a2-849a9d2b850d" />
    <UnitTestResult executionId="d09ccf9a-4ae0-4946-a211-3f34b775700e" testId="eecc6ae5-4868-d53f-bcda-2ec72c5d7ea3" testName="ThenCanReadIgnoredScenarioResultSuccessfully" computerName="ERICCARLSONBBE6" duration="00:00:00.0023660" startTime="2022-05-09T16:19:00.4471284-04:00" endTime="2022-05-09T16:19:00.4494947-04:00" testType="13cdc9d9-ddb5-4fa4-a97d-d965ccfc6d4b" outcome="Passed" testListId="8c84fa94-04c1-424b-9868-57a2d4851a1d" relativeResultsDirectory="d09ccf9a-4ae0-4946-a211-3f34b775700e" />
    <UnitTestResult executionId="c074bf93-624d-4265-bd0e-d320bca76cab" testId="ecd9a953-91a9-d4a0-56ca-0eb0a06434eb" testName="ThenCanReadResultsWithBackslashes" computerName="ERICCARLSONBBE6" duration="00:00:00.0072330" startTime="2022-05-09T16:19:00.4853717-04:00" endTime="2022-05-09T16:19:00.4926042-04:00" testType="13cdc9d9-ddb5-4fa4-a97d-d965ccfc6d4b" outcome="Passed" testListId="8c84fa94-04c1-424b-9868-57a2d4851a1d" relativeResultsDirectory="c074bf93-624d-4265-bd0e-d320bca76cab" />
    <UnitTestResult executionId="e9e80f65-a9e1-44a9-a243-7a6ac16ba113" testId="a77eef62-81f7-6544-83f9-95298ec32c95" testName="ThenCanReadScenarioOutlineResultSuccessfully" computerName="ERICCARLSONBBE6" duration="00:00:00.0036480" startTime="2022-05-09T16:19:00.2571888-04:00" endTime="2022-05-09T16:19:00.2608368-04:00" testType="13cdc9d9-ddb5-4fa4-a97d-d965ccfc6d4b" outcome="Passed" testListId="8c84fa94-04c1-424b-9868-57a2d4851a1d" relativeResultsDirectory="e9e80f65-a9e1-44a9-a243-7a6ac16ba113" />
    <UnitTestResult executionId="0589d798-f3c5-42bf-afeb-fc5956721031" testId="3912834e-3d92-476d-bcd0-c1ca3109cfb6" testName="ThenCanReadResultOfScenarioOutlineWithAmpersand" computerName="ERICCARLSONBBE6" duration="00:00:00.0031770" startTime="2022-05-09T16:19:00.2024146-04:00" endTime="2022-05-09T16:19:00.2055920-04:00" testType="13cdc9d9-ddb5-4fa4-a97d-d965ccfc6d4b" outcome="Passed" testListId="8c84fa94-04c1-424b-9868-57a2d4851a1d" relativeResultsDirectory="0589d798-f3c5-42bf-afeb-fc5956721031" />
    <UnitTestResult executionId="e6d33e05-1f82-4043-ac1a-1a99f930cd96" testId="cb84e372-0db4-cadb-ea5a-8162f8875b13" testName="ThenCanReadIndividualResultsFromScenarioOutline_OneFailed_ShouldBeTestResultFailed" computerName="ERICCARLSONBBE6" duration="00:00:00.0199249" startTime="2022-05-09T16:19:01.6093489-04:00" endTime="2022-05-09T16:19:01.6292736-04:00" testType="13cdc9d9-ddb5-4fa4-a97d-d965ccfc6d4b" outcome="Passed" testListId="8c84fa94-04c1-424b-9868-57a2d4851a1d" relativeResultsDirectory="e6d33e05-1f82-4043-ac1a-1a99f930cd96" />
    <UnitTestResult executionId="ca1ed0ae-0d3a-439c-8bcb-646c69853df1" testId="ce027c0e-b7b6-30e8-95b9-9af781c2b3c7" testName="ThenCanReadResultOfScenarioWithSpecialCharacters" computerName="ERICCARLSONBBE6" duration="00:00:00.0020740" startTime="2022-05-09T16:19:00.4832686-04:00" endTime="2022-05-09T16:19:00.4853425-04:00" testType="13cdc9d9-ddb5-4fa4-a97d-d965ccfc6d4b" outcome="Passed" testListId="8c84fa94-04c1-424b-9868-57a2d4851a1d" relativeResultsDirectory="ca1ed0ae-0d3a-439c-8bcb-646c69853df1" />
    <UnitTestResult executionId="33e3c51e-0ee0-4046-a383-dd23065a165d" testId="5b940e7e-5602-6e2d-9bb4-ea58b2e075ab" testName="ThenCanReadResultOfScenarioOutlineWithFailingBackground" computerName="ERICCARLSONBBE6" duration="00:00:00.0090449" startTime="2022-05-09T16:19:00.8964102-04:00" endTime="2022-05-09T16:19:00.9054550-04:00" testType="13cdc9d9-ddb5-4fa4-a97d-d965ccfc6d4b" outcome="Passed" testListId="8c84fa94-04c1-424b-9868-57a2d4851a1d" relativeResultsDirectory="33e3c51e-0ee0-4046-a383-dd23065a165d" />
    <UnitTestResult executionId="35234f55-97e9-4518-a200-fd07be2f43b6" testId="1b78643d-a4c2-713e-da90-2e6b0238a12b" testName="ThenCanResolveAsSingleton(null,null,null,PicklesDoc.Pickles.TestFrameworks.NullTestResults)" computerName="ERICCARLSONBBE6" duration="00:00:00.0013560" startTime="2022-05-09T16:19:01.0835828-04:00" endTime="2022-05-09T16:19:01.0849384-04:00" testType="13cdc9d9-ddb5-4fa4-a97d-d965ccfc6d4b" outcome="Passed" testListId="8c84fa94-04c1-424b-9868-57a2d4851a1d" relativeResultsDirectory="35234f55-97e9-4518-a200-fd07be2f43b6" />
    <UnitTestResult executionId="0cc64f19-dc85-4f54-a83d-960960fee30d" testId="66835627-edbb-e359-6b21-3e0100bfad91" testName="ThenCanReadFailedFeatureResultSuccessfully" computerName="ERICCARLSONBBE6" duration="00:00:00.0012650" startTime="2022-05-09T16:19:00.7752775-04:00" endTime="2022-05-09T16:19:00.7765421-04:00" testType="13cdc9d9-ddb5-4fa4-a97d-d965ccfc6d4b" outcome="Passed" testListId="8c84fa94-04c1-424b-9868-57a2d4851a1d" relativeResultsDirectory="0cc64f19-dc85-4f54-a83d-960960fee30d" />
    <UnitTestResult executionId="166fc68b-2a77-451b-a501-c40644c9d00e" testId="5178c6a1-917a-63ef-4a44-3f3fa3a4a76b" testName="ThenCanReadIndividualResultsFromScenarioOutline_MultipleExamplesWithDuplicateValues_ShouldMatchExamples" computerName="ERICCARLSONBBE6" duration="00:00:00.0095260" startTime="2022-05-09T16:19:00.2997226-04:00" endTime="2022-05-09T16:19:00.3092479-04:00" testType="13cdc9d9-ddb5-4fa4-a97d-d965ccfc6d4b" outcome="Passed" testListId="8c84fa94-04c1-424b-9868-57a2d4851a1d" relativeResultsDirectory="166fc68b-2a77-451b-a501-c40644c9d00e" />
    <UnitTestResult executionId="6c7d2c9a-2cb9-4021-a2c3-8aedd29377b5" testId="6e48abaa-e94e-4cb3-4e64-703c4702dc60" testName="ThenCanReadResultOfScenarioWithSpecialCharacters" computerName="ERICCARLSONBBE6" duration="00:00:00.0020390" startTime="2022-05-09T16:19:00.5311277-04:00" endTime="2022-05-09T16:19:00.5331661-04:00" testType="13cdc9d9-ddb5-4fa4-a97d-d965ccfc6d4b" outcome="Passed" testListId="8c84fa94-04c1-424b-9868-57a2d4851a1d" relativeResultsDirectory="6c7d2c9a-2cb9-4021-a2c3-8aedd29377b5" />
    <UnitTestResult executionId="a50016fa-19a3-4b42-8f80-71064d61c5f5" testId="72f321e8-2790-5738-6c76-f3c93e06a4d9" testName="ThenCanReadNotFoundScenarioCorrectly" computerName="ERICCARLSONBBE6" duration="00:00:00.0023450" startTime="2022-05-09T16:19:00.4495234-04:00" endTime="2022-05-09T16:19:00.4518678-04:00" testType="13cdc9d9-ddb5-4fa4-a97d-d965ccfc6d4b" outcome="Passed" testListId="8c84fa94-04c1-424b-9868-57a2d4851a1d" relativeResultsDirectory="a50016fa-19a3-4b42-8f80-71064d61c5f5" />
    <UnitTestResult executionId="89f00937-364f-434e-bda0-1ca21bb1bb4b" testId="7746c945-7215-2f12-d241-54991e7b255d" testName="ThenCanReadIndividualResultsFromScenarioOutline_OneFailed_ShouldBeTestResultFailed" computerName="ERICCARLSONBBE6" duration="00:00:00.0041540" startTime="2022-05-09T16:19:01.0015656-04:00" endTime="2022-05-09T16:19:01.0057194-04:00" testType="13cdc9d9-ddb5-4fa4-a97d-d965ccfc6d4b" outcome="Passed" testListId="8c84fa94-04c1-424b-9868-57a2d4851a1d" relativeResultsDirectory="89f00937-364f-434e-bda0-1ca21bb1bb4b" />
    <UnitTestResult executionId="0647b734-fd74-4ea6-9a2b-db71db780b4c" testId="b8387dd6-f890-7e0b-f414-a4e07ecc407b" testName="GetFeatureResult_TwoInconclusive_ReturnsInconclusive" computerName="ERICCARLSONBBE6" duration="00:00:00.0001810" startTime="2022-05-09T16:19:00.7681935-04:00" endTime="2022-05-09T16:19:00.7683741-04:00" testType="13cdc9d9-ddb5-4fa4-a97d-d965ccfc6d4b" outcome="Passed" testListId="8c84fa94-04c1-424b-9868-57a2d4851a1d" relativeResultsDirectory="0647b734-fd74-4ea6-9a2b-db71db780b4c" />
    <UnitTestResult executionId="39a1dc4f-5b3a-4999-b445-4ab81ed0d2ed" testId="741a4e57-0cca-d960-3bbc-2a95ae33db53" testName="ThenCanReadIndividualResultsFromScenarioOutline_AllPass_ShouldBeTestResultPassed" computerName="ERICCARLSONBBE6" duration="00:00:00.0026610" startTime="2022-05-09T16:18:59.9634852-04:00" endTime="2022-05-09T16:18:59.9661458-04:00" testType="13cdc9d9-ddb5-4fa4-a97d-d965ccfc6d4b" outcome="Passed" testListId="8c84fa94-04c1-424b-9868-57a2d4851a1d" relativeResultsDirectory="39a1dc4f-5b3a-4999-b445-4ab81ed0d2ed" />
    <UnitTestResult executionId="b7876453-5c34-41b5-8b8b-def2dbd5adf3" testId="bf8a77e3-2a8b-534e-97d8-864c929c5c23" testName="ThenCanReadIndividualResultsFromScenarioOutline_OneInconclusive_ShouldBeTestResultInconclusive" computerName="ERICCARLSONBBE6" duration="00:00:00.0102450" startTime="2022-05-09T16:19:01.0057521-04:00" endTime="2022-05-09T16:19:01.0159971-04:00" testType="13cdc9d9-ddb5-4fa4-a97d-d965ccfc6d4b" outcome="Passed" testListId="8c84fa94-04c1-424b-9868-57a2d4851a1d" relativeResultsDirectory="b7876453-5c34-41b5-8b8b-def2dbd5adf3" />
    <UnitTestResult executionId="bea4c560-dff0-4fe2-9357-89df24886911" testId="79eb825b-0ac9-6c28-1949-0ddaebf10cfc" testName="ThenCanReadPassedFeatureResultSuccessfully" computerName="ERICCARLSONBBE6" duration="00:00:00.0024320" startTime="2022-05-09T16:18:59.9011474-04:00" endTime="2022-05-09T16:18:59.9035793-04:00" testType="13cdc9d9-ddb5-4fa4-a97d-d965ccfc6d4b" outcome="Passed" testListId="8c84fa94-04c1-424b-9868-57a2d4851a1d" relativeResultsDirectory="bea4c560-dff0-4fe2-9357-89df24886911" />
    <UnitTestResult executionId="8f86104b-d2d5-424a-a4d5-335a936457f7" testId="60f4f078-0154-b41b-3de6-b38d34b12689" testName="ThenCanReadIndividualResultsFromScenarioOutline_ExamplesWithDuplicateValues_ShouldMatchExamples" computerName="ERICCARLSONBBE6" duration="00:00:00.0265150" startTime="2022-05-09T16:19:01.4262576-04:00" endTime="2022-05-09T16:19:01.4527726-04:00" testType="13cdc9d9-ddb5-4fa4-a97d-d965ccfc6d4b" outcome="Passed" testListId="8c84fa94-04c1-424b-9868-57a2d4851a1d" relativeResultsDirectory="8f86104b-d2d5-424a-a4d5-335a936457f7" />
    <UnitTestResult executionId="fdcf99eb-eb98-4240-9b3e-7ca4263bd591" testId="6c46f24c-c8b8-c4b7-29db-f35f6312df35" testName="ThenCanReadBackgroundResultSuccessfully" computerName="ERICCARLSONBBE6" duration="00:00:00.0154690" startTime="2022-05-09T16:19:00.1244608-04:00" endTime="2022-05-09T16:19:00.1399293-04:00" testType="13cdc9d9-ddb5-4fa4-a97d-d965ccfc6d4b" outcome="Passed" testListId="8c84fa94-04c1-424b-9868-57a2d4851a1d" relativeResultsDirectory="fdcf99eb-eb98-4240-9b3e-7ca4263bd591" />
    <UnitTestResult executionId="daab8b7b-291b-4149-8794-98f92bfc1143" testId="cf93dd1e-782f-a497-0561-e7df285ec6b5" testName="ThenCanReadExamplesWithRegexValuesFromScenarioOutline_ShouldBeTestResultPassed" computerName="ERICCARLSONBBE6" duration="00:00:00.0874410" startTime="2022-05-09T16:19:01.3204372-04:00" endTime="2022-05-09T16:19:01.4078785-04:00" testType="13cdc9d9-ddb5-4fa4-a97d-d965ccfc6d4b" outcome="Passed" testListId="8c84fa94-04c1-424b-9868-57a2d4851a1d" relativeResultsDirectory="daab8b7b-291b-4149-8794-98f92bfc1143" />
    <UnitTestResult executionId="06539151-0bf9-466e-bf76-4ef4c8a1758c" testId="b3b74f06-0222-4a33-dfad-ee23ddfbb054" testName="ThenCanReadScenarioOutlineResultSuccessfully" computerName="ERICCARLSONBBE6" duration="00:00:00.0021050" startTime="2022-05-09T16:19:01.1827510-04:00" endTime="2022-05-09T16:19:01.1848562-04:00" testType="13cdc9d9-ddb5-4fa4-a97d-d965ccfc6d4b" outcome="Passed" testListId="8c84fa94-04c1-424b-9868-57a2d4851a1d" relativeResultsDirectory="06539151-0bf9-466e-bf76-4ef4c8a1758c" />
    <UnitTestResult executionId="3401429d-5522-4237-bdbc-d2a6cfadf1cb" testId="65c51164-1841-273f-ce30-d1469bd02f88" testName="ThenCanReadResultOfScenarioOutlineWithFailingBackground" computerName="ERICCARLSONBBE6" duration="00:00:00.0016650" startTime="2022-05-09T16:19:00.7867446-04:00" endTime="2022-05-09T16:19:00.7884091-04:00" testType="13cdc9d9-ddb5-4fa4-a97d-d965ccfc6d4b" outcome="Passed" testListId="8c84fa94-04c1-424b-9868-57a2d4851a1d" relativeResultsDirectory="3401429d-5522-4237-bdbc-d2a6cfadf1cb" />
    <UnitTestResult executionId="4a2faf06-582e-480b-8d34-85a5eaec4c7c" testId="f6f57a3d-4eb8-1874-da57-7a9e4d6b9c42" testName="ThenCanReadFailedScenarioResultSuccessfully" computerName="ERICCARLSONBBE6" duration="00:00:00.0040430" startTime="2022-05-09T16:19:00.4405572-04:00" endTime="2022-05-09T16:19:00.4445998-04:00" testType="13cdc9d9-ddb5-4fa4-a97d-d965ccfc6d4b" outcome="Passed" testListId="8c84fa94-04c1-424b-9868-57a2d4851a1d" relativeResultsDirectory="4a2faf06-582e-480b-8d34-85a5eaec4c7c" />
    <UnitTestResult executionId="63b0c1df-f931-4b6b-bd8e-1edd5443a263" testId="789c4d26-9e90-9921-3680-81bb7e50813e" testName="ThenCanReadIgnoredScenarioResultSuccessfully" computerName="ERICCARLSONBBE6" duration="00:00:00.0014510" startTime="2022-05-09T16:19:00.7795057-04:00" endTime="2022-05-09T16:19:00.7809566-04:00" testType="13cdc9d9-ddb5-4fa4-a97d-d965ccfc6d4b" outcome="Passed" testListId="8c84fa94-04c1-424b-9868-57a2d4851a1d" relativeResultsDirectory="63b0c1df-f931-4b6b-bd8e-1edd5443a263" />
    <UnitTestResult executionId="9c3cc52c-31da-48dd-b0e5-145e02e57e3b" testId="8f98acd7-c84b-a7f7-fb7f-0412075549d6" testName="ThenCanSuccessfullyMatchExamplesWithLongValues" computerName="ERICCARLSONBBE6" duration="00:00:00.0006870" startTime="2022-05-09T16:19:00.4331710-04:00" endTime="2022-05-09T16:19:00.4338581-04:00" testType="13cdc9d9-ddb5-4fa4-a97d-d965ccfc6d4b" outcome="Passed" testListId="8c84fa94-04c1-424b-9868-57a2d4851a1d" relativeResultsDirectory="9c3cc52c-31da-48dd-b0e5-145e02e57e3b" />
    <UnitTestResult executionId="a9669104-9e40-458c-835f-23bdcb1c18cb" testId="8fac2b79-9e79-56e1-c8b9-dbffbd82ae43" testName="ThenCanReadExamplesWithRegexValuesFromScenarioOutline_ShouldBeTestResultPassed" computerName="ERICCARLSONBBE6" duration="00:00:00.0084800" startTime="2022-05-09T16:19:01.1962851-04:00" endTime="2022-05-09T16:19:01.2047651-04:00" testType="13cdc9d9-ddb5-4fa4-a97d-d965ccfc6d4b" outcome="Passed" testListId="8c84fa94-04c1-424b-9868-57a2d4851a1d" relativeResultsDirectory="a9669104-9e40-458c-835f-23bdcb1c18cb" />
    <UnitTestResult executionId="3603fb37-0295-43d7-8bbd-fc8281106327" testId="452e3d33-0c18-0604-61d2-e49750ee89e5" testName="ThenCanResolve(null,null,null,PicklesDoc.Pickles.TestFrameworks.NullTestResults)" computerName="ERICCARLSONBBE6" duration="00:00:00.0052379" startTime="2022-05-09T16:19:01.0183045-04:00" endTime="2022-05-09T16:19:01.0235418-04:00" testType="13cdc9d9-ddb5-4fa4-a97d-d965ccfc6d4b" outcome="Passed" testListId="8c84fa94-04c1-424b-9868-57a2d4851a1d" relativeResultsDirectory="3603fb37-0295-43d7-8bbd-fc8281106327" />
    <UnitTestResult executionId="0b6cd0c1-315a-4762-a6ac-49f90831069d" testId="577232fa-4820-0031-8220-5c10c6849f65" testName="ThenCanReadFailedScenarioResultSuccessfully" computerName="ERICCARLSONBBE6" duration="00:00:00.0091770" startTime="2022-05-09T16:19:00.0024436-04:00" endTime="2022-05-09T16:19:00.0116199-04:00" testType="13cdc9d9-ddb5-4fa4-a97d-d965ccfc6d4b" outcome="Passed" testListId="8c84fa94-04c1-424b-9868-57a2d4851a1d" relativeResultsDirectory="0b6cd0c1-315a-4762-a6ac-49f90831069d" />
    <UnitTestResult executionId="c4fe84d4-14c6-41e3-a5d1-6c2fdc2b0c74" testId="63c783d3-cd4f-c315-c316-5735ac8dfa26" testName="ThenCanReadFailedFeatureResultSuccessfully" computerName="ERICCARLSONBBE6" duration="00:00:00.0005599" startTime="2022-05-09T16:19:00.3386357-04:00" endTime="2022-05-09T16:19:00.3391962-04:00" testType="13cdc9d9-ddb5-4fa4-a97d-d965ccfc6d4b" outcome="Passed" testListId="8c84fa94-04c1-424b-9868-57a2d4851a1d" relativeResultsDirectory="c4fe84d4-14c6-41e3-a5d1-6c2fdc2b0c74" />
    <UnitTestResult executionId="e546185a-75f2-453c-9296-a38faae4a8ee" testId="8237b5ca-ec4b-2f2b-c709-52a921fafd5c" testName="ThenCanReadResultOfScenarioWithSpanishCharacters" computerName="ERICCARLSONBBE6" duration="00:00:00.0036070" startTime="2022-05-09T16:19:00.9236585-04:00" endTime="2022-05-09T16:19:00.9272656-04:00" testType="13cdc9d9-ddb5-4fa4-a97d-d965ccfc6d4b" outcome="Passed" testListId="8c84fa94-04c1-424b-9868-57a2d4851a1d" relativeResultsDirectory="e546185a-75f2-453c-9296-a38faae4a8ee" />
    <UnitTestResult executionId="4f8bba8c-be92-4614-b96b-62e074a8ee2c" testId="2fa9a1f4-abc4-ffa0-207f-983e0f96fe73" testName="ThenCanReadResultOfScenarioWithSpanishCharacters" computerName="ERICCARLSONBBE6" duration="00:00:00.0009730" startTime="2022-05-09T16:19:00.7940299-04:00" endTime="2022-05-09T16:19:00.7950026-04:00" testType="13cdc9d9-ddb5-4fa4-a97d-d965ccfc6d4b" outcome="Passed" testListId="8c84fa94-04c1-424b-9868-57a2d4851a1d" relativeResultsDirectory="4f8bba8c-be92-4614-b96b-62e074a8ee2c" />
    <UnitTestResult executionId="71371087-7fed-4d68-8cd1-6b8dab5d7e1d" testId="ecd5df6d-1685-a29f-808d-8af5b0a515ad" testName="ThenCanReadIndividualResultsFromScenarioOutline_MultipleExampleSections_ShouldBeTestResultFailed" computerName="ERICCARLSONBBE6" duration="00:00:00.0019550" startTime="2022-05-09T16:19:00.4182931-04:00" endTime="2022-05-09T16:19:00.4202483-04:00" testType="13cdc9d9-ddb5-4fa4-a97d-d965ccfc6d4b" outcome="Passed" testListId="8c84fa94-04c1-424b-9868-57a2d4851a1d" relativeResultsDirectory="71371087-7fed-4d68-8cd1-6b8dab5d7e1d" />
    <UnitTestResult executionId="c440dc75-5aee-40ba-9217-8a9e731aab90" testId="47fb6ba8-e618-b876-538b-b25771c9cf5f" testName="ThenCanReadFailedScenarioResultSuccessfully" computerName="ERICCARLSONBBE6" duration="00:00:00.0017460" startTime="2022-05-09T16:19:00.8146124-04:00" endTime="2022-05-09T16:19:00.8163576-04:00" testType="13cdc9d9-ddb5-4fa4-a97d-d965ccfc6d4b" outcome="Passed" testListId="8c84fa94-04c1-424b-9868-57a2d4851a1d" relativeResultsDirectory="c440dc75-5aee-40ba-9217-8a9e731aab90" />
    <UnitTestResult executionId="b87e3161-225f-4ced-9093-a746d10369a3" testId="bfcb74b4-5613-466e-636e-46588ff6d874" testName="ThenCanReadResultOfScenarioWithSpanishCharacters" computerName="ERICCARLSONBBE6" duration="00:00:00.0015570" startTime="2022-05-09T16:19:00.3994568-04:00" endTime="2022-05-09T16:19:00.4010141-04:00" testType="13cdc9d9-ddb5-4fa4-a97d-d965ccfc6d4b" outcome="Passed" testListId="8c84fa94-04c1-424b-9868-57a2d4851a1d" relativeResultsDirectory="b87e3161-225f-4ced-9093-a746d10369a3" />
    <UnitTestResult executionId="57044d0b-2865-49ae-a21e-9dd568a18b1e" testId="1f0e270c-d2e3-6abe-d46c-198f7828d432" testName="ThenCanReadResultOfScenarioOutlineWithUmlauts" computerName="ERICCARLSONBBE6" duration="00:00:00.0033010" startTime="2022-05-09T16:19:00.3928814-04:00" endTime="2022-05-09T16:19:00.3961821-04:00" testType="13cdc9d9-ddb5-4fa4-a97d-d965ccfc6d4b" outcome="Passed" testListId="8c84fa94-04c1-424b-9868-57a2d4851a1d" relativeResultsDirectory="57044d0b-2865-49ae-a21e-9dd568a18b1e" />
    <UnitTestResult executionId="536b388b-a85c-45ad-adb8-c20214b2c3d4" testId="dc101341-c73f-f576-2045-514a0c7d85da" testName="ThenCanReadResultOfScenarioWithSpanishCharacters" computerName="ERICCARLSONBBE6" duration="00:00:00.0087990" startTime="2022-05-09T16:19:01.1668268-04:00" endTime="2022-05-09T16:19:01.1756249-04:00" testType="13cdc9d9-ddb5-4fa4-a97d-d965ccfc6d4b" outcome="Passed" testListId="8c84fa94-04c1-424b-9868-57a2d4851a1d" relativeResultsDirectory="536b388b-a85c-45ad-adb8-c20214b2c3d4" />
    <UnitTestResult executionId="87184e97-3aff-4ef3-a4c8-bad1476cdd89" testId="a082270a-fadb-de54-1aa3-b3ff6bca16d1" testName="ThenCanReadIndividualResultsFromScenarioOutline_AllPass_ShouldBeTestResultPassed" computerName="ERICCARLSONBBE6" duration="00:00:00.0024380" startTime="2022-05-09T16:19:00.0953105-04:00" endTime="2022-05-09T16:19:00.0977484-04:00" testType="13cdc9d9-ddb5-4fa4-a97d-d965ccfc6d4b" outcome="Passed" testListId="8c84fa94-04c1-424b-9868-57a2d4851a1d" relativeResultsDirectory="87184e97-3aff-4ef3-a4c8-bad1476cdd89" />
    <UnitTestResult executionId="1a213ce1-47f2-4a25-86a4-83a590f098d6" testId="75d8d6f7-e4a2-354d-194b-4c3a8e25de5b" testName="ThenCanReadNotFoundScenarioCorrectly" computerName="ERICCARLSONBBE6" duration="00:00:00.0018720" startTime="2022-05-09T16:19:00.5071488-04:00" endTime="2022-05-09T16:19:00.5090207-04:00" testType="13cdc9d9-ddb5-4fa4-a97d-d965ccfc6d4b" outcome="Passed" testListId="8c84fa94-04c1-424b-9868-57a2d4851a1d" relativeResultsDirectory="1a213ce1-47f2-4a25-86a4-83a590f098d6" />
    <UnitTestResult executionId="2b472a4c-9bbf-4c30-a2cb-5aa403508c59" testId="86c41238-e1bd-d4dd-850b-3f251771aebe" testName="ThenCanReadNotFoundScenarioCorrectly" computerName="ERICCARLSONBBE6" duration="00:00:00.0027330" startTime="2022-05-09T16:19:00.0293604-04:00" endTime="2022-05-09T16:19:00.0320928-04:00" testType="13cdc9d9-ddb5-4fa4-a97d-d965ccfc6d4b" outcome="Passed" testListId="8c84fa94-04c1-424b-9868-57a2d4851a1d" relativeResultsDirectory="2b472a4c-9bbf-4c30-a2cb-5aa403508c59" />
    <UnitTestResult executionId="81b8776c-4674-4415-840c-3844b1ffc061" testId="a64081be-e7d0-830f-dfc8-24bbee2a32f5" testName="ThenCanReadIndividualResultsFromScenarioOutline_MultipleExamplesWithDuplicateValues_ShouldMatchExamples" computerName="ERICCARLSONBBE6" duration="00:00:00.0030250" startTime="2022-05-09T16:18:59.9815504-04:00" endTime="2022-05-09T16:18:59.9845758-04:00" testType="13cdc9d9-ddb5-4fa4-a97d-d965ccfc6d4b" outcome="Passed" testListId="8c84fa94-04c1-424b-9868-57a2d4851a1d" relativeResultsDirectory="81b8776c-4674-4415-840c-3844b1ffc061" />
    <UnitTestResult executionId="b480c51c-cdf7-4679-8f8b-069b45f4c302" testId="81a1abf8-6be1-aea7-389f-5894b71b2368" testName="ThenCanResolveAsSingleton(&quot;results-example-specrun.html&quot;,&quot;SpecRun.results-example-specrun.html&quot;,SpecRun,PicklesDoc.Pickles.TestFrameworks.SpecRun.SpecRunResults)" computerName="ERICCARLSONBBE6" duration="00:00:00.0009150" startTime="2022-05-09T16:19:01.1031139-04:00" endTime="2022-05-09T16:19:01.1040290-04:00" testType="13cdc9d9-ddb5-4fa4-a97d-d965ccfc6d4b" outcome="Passed" testListId="8c84fa94-04c1-424b-9868-57a2d4851a1d" relativeResultsDirectory="b480c51c-cdf7-4679-8f8b-069b45f4c302" />
    <UnitTestResult executionId="fe5d16b5-12b2-49fe-bd75-652f78bd62a8" testId="d5b1edb5-b12f-6f9b-d326-d112d604818d" testName="ThenCanReadResultsWithParenthesis" computerName="ERICCARLSONBBE6" duration="00:00:00.0027150" startTime="2022-05-09T16:18:59.9449972-04:00" endTime="2022-05-09T16:18:59.9477123-04:00" testType="13cdc9d9-ddb5-4fa4-a97d-d965ccfc6d4b" outcome="Passed" testListId="8c84fa94-04c1-424b-9868-57a2d4851a1d" relativeResultsDirectory="fe5d16b5-12b2-49fe-bd75-652f78bd62a8" />
    <UnitTestResult executionId="88878893-820c-4c6b-b8d5-1ce0610ac6ca" testId="5f6ec94d-79db-fbc6-a975-8fcf5e6da5de" testName="ThenCanReadResultOfScenarioWithDanishCharacters" computerName="ERICCARLSONBBE6" duration="00:00:00.0080610" startTime="2022-05-09T16:19:00.0545675-04:00" endTime="2022-05-09T16:19:00.0626283-04:00" testType="13cdc9d9-ddb5-4fa4-a97d-d965ccfc6d4b" outcome="Passed" testListId="8c84fa94-04c1-424b-9868-57a2d4851a1d" relativeResultsDirectory="88878893-820c-4c6b-b8d5-1ce0610ac6ca" />
    <UnitTestResult executionId="b0b7896a-c59b-4602-a927-012022b78e2c" testId="91607d23-bc6b-f681-4a48-14272be4cab9" testName="ThenCanReadFeatureResultWithoutThrowingException" computerName="ERICCARLSONBBE6" duration="00:00:00.0055649" startTime="2022-05-09T16:19:00.3323939-04:00" endTime="2022-05-09T16:19:00.3379594-04:00" testType="13cdc9d9-ddb5-4fa4-a97d-d965ccfc6d4b" outcome="Passed" testListId="8c84fa94-04c1-424b-9868-57a2d4851a1d" relativeResultsDirectory="b0b7896a-c59b-4602-a927-012022b78e2c" />
    <UnitTestResult executionId="cf4193a7-de2f-4b51-8736-87939b3be1e1" testId="11042bfa-6f03-b286-ef0b-94ab219837bb" testName="ThenCanReadIndividualResultsFromScenarioOutline_MultipleNamedExamplesWithDuplicateValues_ShouldMatchExamples" computerName="ERICCARLSONBBE6" duration="00:00:00.0021760" startTime="2022-05-09T16:19:00.1119122-04:00" endTime="2022-05-09T16:19:00.1140885-04:00" testType="13cdc9d9-ddb5-4fa4-a97d-d965ccfc6d4b" outcome="Passed" testListId="8c84fa94-04c1-424b-9868-57a2d4851a1d" relativeResultsDirectory="cf4193a7-de2f-4b51-8736-87939b3be1e1" />
    <UnitTestResult executionId="5574129e-bd23-447c-9bab-a3cfd7d1f43c" testId="8f0f2481-35fe-ae01-bfcb-690467c4a7bc" testName="ThenCanReadResultOfScenarioOutlineWithAmpersand" computerName="ERICCARLSONBBE6" duration="00:00:00.0015349" startTime="2022-05-09T16:19:00.3881434-04:00" endTime="2022-05-09T16:19:00.3896785-04:00" testType="13cdc9d9-ddb5-4fa4-a97d-d965ccfc6d4b" outcome="Passed" testListId="8c84fa94-04c1-424b-9868-57a2d4851a1d" relativeResultsDirectory="5574129e-bd23-447c-9bab-a3cfd7d1f43c" />
    <UnitTestResult executionId="c56fb083-a473-4fe8-bf36-de3f296717dd" testId="1427994f-dfc2-3b8f-5f19-9134cfec26f2" testName="ThenCanReadResultOfScenarioOutlineWithFailingBackground" computerName="ERICCARLSONBBE6" duration="00:00:00.0082810" startTime="2022-05-09T16:19:01.2692618-04:00" endTime="2022-05-09T16:19:01.2775430-04:00" testType="13cdc9d9-ddb5-4fa4-a97d-d965ccfc6d4b" outcome="Passed" testListId="8c84fa94-04c1-424b-9868-57a2d4851a1d" relativeResultsDirectory="c56fb083-a473-4fe8-bf36-de3f296717dd" />
    <UnitTestResult executionId="e53e15df-c058-461a-8892-5655b1c5faa9" testId="0d0f4cc2-46ec-cf86-fc13-2bff0b09bc6d" testName="ThenCanReadIndividualResultsFromScenarioOutline_OneInconclusive_ShouldBeTestResultInconclusive" computerName="ERICCARLSONBBE6" duration="00:00:00.0024050" startTime="2022-05-09T16:19:01.2286690-04:00" endTime="2022-05-09T16:19:01.2310741-04:00" testType="13cdc9d9-ddb5-4fa4-a97d-d965ccfc6d4b" outcome="Passed" testListId="8c84fa94-04c1-424b-9868-57a2d4851a1d" relativeResultsDirectory="e53e15df-c058-461a-8892-5655b1c5faa9" />
    <UnitTestResult executionId="78df0f0b-d8a0-4b47-8bf8-0d1984580b01" testId="108c2052-fc39-fc7d-462e-5ca8813e0e6a" testName="ThenCanReadResultOfScenarioWithSpecialCharacters" computerName="ERICCARLSONBBE6" duration="00:00:00.0015270" startTime="2022-05-09T16:19:00.4010429-04:00" endTime="2022-05-09T16:19:00.4025695-04:00" testType="13cdc9d9-ddb5-4fa4-a97d-d965ccfc6d4b" outcome="Passed" testListId="8c84fa94-04c1-424b-9868-57a2d4851a1d" relativeResultsDirectory="78df0f0b-d8a0-4b47-8bf8-0d1984580b01" />
    <UnitTestResult executionId="b9129e55-8252-4111-b1b7-a7283b6fc4b1" testId="bd67c30d-1d82-4e89-6c61-dfcd016668cb" testName="ThenCanReadScenarioOutlineResultSuccessfully" computerName="ERICCARLSONBBE6" duration="00:00:00.0029040" startTime="2022-05-09T16:19:00.9423704-04:00" endTime="2022-05-09T16:19:00.9452746-04:00" testType="13cdc9d9-ddb5-4fa4-a97d-d965ccfc6d4b" outcome="Passed" testListId="8c84fa94-04c1-424b-9868-57a2d4851a1d" relativeResultsDirectory="b9129e55-8252-4111-b1b7-a7283b6fc4b1" />
    <UnitTestResult executionId="e2d502cc-190c-4600-b8c0-a2fd1a84ebb0" testId="432777c4-85ce-08a8-7a5e-5d42b9d61e9b" testName="ThenCanSuccessfullyMatchExamplesWithLongValues" computerName="ERICCARLSONBBE6" duration="00:00:00.0027460" startTime="2022-05-09T16:19:01.2365453-04:00" endTime="2022-05-09T16:19:01.2392907-04:00" testType="13cdc9d9-ddb5-4fa4-a97d-d965ccfc6d4b" outcome="Passed" testListId="8c84fa94-04c1-424b-9868-57a2d4851a1d" relativeResultsDirectory="e2d502cc-190c-4600-b8c0-a2fd1a84ebb0" />
    <UnitTestResult executionId="08935a19-f1fa-4f17-83bc-99e3d80d7509" testId="883b6ac9-ac51-b5f6-5a08-17161bbcc88f" testName="ThenCanReadIndividualResultsFromScenarioOutline_AllPass_ShouldBeTestResultPassed" computerName="ERICCARLSONBBE6" duration="00:00:00.0010490" startTime="2022-05-09T16:19:00.8002463-04:00" endTime="2022-05-09T16:19:00.8012957-04:00" testType="13cdc9d9-ddb5-4fa4-a97d-d965ccfc6d4b" outcome="Passed" testListId="8c84fa94-04c1-424b-9868-57a2d4851a1d" relativeResultsDirectory="08935a19-f1fa-4f17-83bc-99e3d80d7509" />
    <UnitTestResult executionId="6cf324a4-0c7a-48c2-b0e3-b0d00d4ce44a" testId="b60b2e32-2e62-9f1a-0957-c89aa9a236dd" testName="ThenCanReadIndividualResultsFromScenarioOutline_OneFailed_ShouldBeTestResultFailed" computerName="ERICCARLSONBBE6" duration="00:00:00.0011940" startTime="2022-05-09T16:19:00.8037780-04:00" endTime="2022-05-09T16:19:00.8049720-04:00" testType="13cdc9d9-ddb5-4fa4-a97d-d965ccfc6d4b" outcome="Passed" testListId="8c84fa94-04c1-424b-9868-57a2d4851a1d" relativeResultsDirectory="6cf324a4-0c7a-48c2-b0e3-b0d00d4ce44a" />
    <UnitTestResult executionId="376ffc42-93a6-4764-b7c4-2dc37e7c903d" testId="468fc6f1-090e-af4a-e3f5-89b42d48597a" testName="ThenCanReadResultOfScenarioOutlineWithUmlauts" computerName="ERICCARLSONBBE6" duration="00:00:00.0032110" startTime="2022-05-09T16:19:00.2176462-04:00" endTime="2022-05-09T16:19:00.2208565-04:00" testType="13cdc9d9-ddb5-4fa4-a97d-d965ccfc6d4b" outcome="Passed" testListId="8c84fa94-04c1-424b-9868-57a2d4851a1d" relativeResultsDirectory="376ffc42-93a6-4764-b7c4-2dc37e7c903d" />
    <UnitTestResult executionId="9bddca76-4221-4b56-9423-14f4ee554365" testId="0586ee37-1679-40ac-d62d-77bb3679488e" testName="ThenCanReadIndividualResultsFromScenarioOutline_OneFailed_ShouldBeTestResultFailed" computerName="ERICCARLSONBBE6" duration="00:00:00.0023000" startTime="2022-05-09T16:19:01.2263402-04:00" endTime="2022-05-09T16:19:01.2286401-04:00" testType="13cdc9d9-ddb5-4fa4-a97d-d965ccfc6d4b" outcome="Passed" testListId="8c84fa94-04c1-424b-9868-57a2d4851a1d" relativeResultsDirectory="9bddca76-4221-4b56-9423-14f4ee554365" />
    <UnitTestResult executionId="52cc91d3-b618-462e-9a12-1c56db835440" testId="3f1adbc0-0196-34e5-6649-a85c5488fa91" testName="ThenCanReadResultOfScenarioWithDanishCharacters" computerName="ERICCARLSONBBE6" duration="00:00:00.0090130" startTime="2022-05-09T16:19:00.2208868-04:00" endTime="2022-05-09T16:19:00.2298996-04:00" testType="13cdc9d9-ddb5-4fa4-a97d-d965ccfc6d4b" outcome="Passed" testListId="8c84fa94-04c1-424b-9868-57a2d4851a1d" relativeResultsDirectory="52cc91d3-b618-462e-9a12-1c56db835440" />
    <UnitTestResult executionId="94157b3e-d6fa-4cd7-b063-7a8880b7be1a" testId="9d0329db-f847-cb4f-973e-3879b2c2692c" testName="ThenCanReadIndividualResultsFromScenarioOutline_OneFailed_ShouldBeTestResultFailed" computerName="ERICCARLSONBBE6" duration="00:00:00.0025010" startTime="2022-05-09T16:19:00.1141175-04:00" endTime="2022-05-09T16:19:00.1166181-04:00" testType="13cdc9d9-ddb5-4fa4-a97d-d965ccfc6d4b" outcome="Passed" testListId="8c84fa94-04c1-424b-9868-57a2d4851a1d" relativeResultsDirectory="94157b3e-d6fa-4cd7-b063-7a8880b7be1a" />
    <UnitTestResult executionId="33b4b2b3-1c1a-45db-9f7e-77a036ffd332" testId="06d185b1-8e0c-2b9c-5317-e602212f73e4" testName="ThenCanReadIndividualResultsFromScenarioOutline_MultipleNamedExamples_ShouldMatchExamples" computerName="ERICCARLSONBBE6" duration="00:00:00.0079930" startTime="2022-05-09T16:19:00.5642024-04:00" endTime="2022-05-09T16:19:00.5721948-04:00" testType="13cdc9d9-ddb5-4fa4-a97d-d965ccfc6d4b" outcome="Passed" testListId="8c84fa94-04c1-424b-9868-57a2d4851a1d" relativeResultsDirectory="33b4b2b3-1c1a-45db-9f7e-77a036ffd332" />
    <UnitTestResult executionId="fc2fb7dc-52d9-461d-af8d-234ef43ca788" testId="c6f15296-0fc2-f115-2027-fc75b24fa682" testName="ThenCanReadNotFoundFeatureCorrectly" computerName="ERICCARLSONBBE6" duration="00:00:00.0028320" startTime="2022-05-09T16:19:01.1397184-04:00" endTime="2022-05-09T16:19:01.1425500-04:00" testType="13cdc9d9-ddb5-4fa4-a97d-d965ccfc6d4b" outcome="Passed" testListId="8c84fa94-04c1-424b-9868-57a2d4851a1d" relativeResultsDirectory="fc2fb7dc-52d9-461d-af8d-234ef43ca788" />
    <UnitTestResult executionId="aeb08214-76be-44f2-b234-70e3dae71f1e" testId="4f051dee-273d-fcff-0b9b-bfaf6bbfa98d" testName="ThenMatchWillBeFoundEvenIfACarriageReturnWasFoundInValueField" computerName="ERICCARLSONBBE6" duration="00:00:00.0010169" startTime="2022-05-09T16:19:00.2646718-04:00" endTime="2022-05-09T16:19:00.2656890-04:00" testType="13cdc9d9-ddb5-4fa4-a97d-d965ccfc6d4b" outcome="Passed" testListId="8c84fa94-04c1-424b-9868-57a2d4851a1d" relativeResultsDirectory="aeb08214-76be-44f2-b234-70e3dae71f1e" />
    <UnitTestResult executionId="447f79dc-7e43-408d-9cba-324bb76642b4" testId="86e3825d-829f-92fe-d878-0ca95ca51e4d" testName="ThenCanReadIndividualResultsFromScenarioOutline_MultipleNamedExamples_ShouldMatchExamples" computerName="ERICCARLSONBBE6" duration="00:00:00.0017500" startTime="2022-05-09T16:19:00.4232635-04:00" endTime="2022-05-09T16:19:00.4250128-04:00" testType="13cdc9d9-ddb5-4fa4-a97d-d965ccfc6d4b" outcome="Passed" testListId="8c84fa94-04c1-424b-9868-57a2d4851a1d" relativeResultsDirectory="447f79dc-7e43-408d-9cba-324bb76642b4" />
    <UnitTestResult executionId="df35b32d-38b7-488d-b3b9-9c637df33fb1" testId="bd707b6d-52c2-46b2-18db-713a0a8d72d0" testName="ThenCanReadIndividualResultsFromScenarioOutline_AllPass_ShouldBeTestResultPassed" computerName="ERICCARLSONBBE6" duration="00:00:00.0030040" startTime="2022-05-09T16:19:00.5538165-04:00" endTime="2022-05-09T16:19:00.5568204-04:00" testType="13cdc9d9-ddb5-4fa4-a97d-d965ccfc6d4b" outcome="Passed" testListId="8c84fa94-04c1-424b-9868-57a2d4851a1d" relativeResultsDirectory="df35b32d-38b7-488d-b3b9-9c637df33fb1" />
    <UnitTestResult executionId="7deed7c9-82ef-43c5-a7f2-75fa3d6cef1b" testId="30c3cce2-7c89-bcba-f34c-cd4f8b59ce23" testName="ThenCanReadInconclusiveFeatureResultSuccessfully" computerName="ERICCARLSONBBE6" duration="00:00:00.0029080" startTime="2022-05-09T16:19:00.8453769-04:00" endTime="2022-05-09T16:19:00.8482847-04:00" testType="13cdc9d9-ddb5-4fa4-a97d-d965ccfc6d4b" outcome="Passed" testListId="8c84fa94-04c1-424b-9868-57a2d4851a1d" relativeResultsDirectory="7deed7c9-82ef-43c5-a7f2-75fa3d6cef1b" />
    <UnitTestResult executionId="1f262e68-94db-4a4b-bec0-d419a7c9654d" testId="cc57926d-969f-f4d6-e13e-e69125306611" testName="ThenCanReadScenarioOutlineResultSuccessfully" computerName="ERICCARLSONBBE6" duration="00:00:00.0015250" startTime="2022-05-09T16:19:00.7963562-04:00" endTime="2022-05-09T16:19:00.7978817-04:00" testType="13cdc9d9-ddb5-4fa4-a97d-d965ccfc6d4b" outcome="Passed" testListId="8c84fa94-04c1-424b-9868-57a2d4851a1d" relativeResultsDirectory="1f262e68-94db-4a4b-bec0-d419a7c9654d" />
    <UnitTestResult executionId="b7a17694-38ff-44a1-9bbc-82a817b54b20" testId="26745cdf-54c9-6722-4605-f8b66ff30e43" testName="ThenCanReadResultOfScenarioOutlineWithSpecialCharacters" computerName="ERICCARLSONBBE6" duration="00:00:00.0021180" startTime="2022-05-09T16:19:00.4672518-04:00" endTime="2022-05-09T16:19:00.4693697-04:00" testType="13cdc9d9-ddb5-4fa4-a97d-d965ccfc6d4b" outcome="Passed" testListId="8c84fa94-04c1-424b-9868-57a2d4851a1d" relativeResultsDirectory="b7a17694-38ff-44a1-9bbc-82a817b54b20" />
    <UnitTestResult executionId="f449fa49-6e56-475f-8c38-06384655dbcd" testId="9347f5be-5008-ff2d-ab85-8c6415e57b12" testName="ThenCanReadResultOfScenarioOutlineWithUmlauts" computerName="ERICCARLSONBBE6" duration="00:00:00.0011120" startTime="2022-05-09T16:19:00.7897035-04:00" endTime="2022-05-09T16:19:00.7908153-04:00" testType="13cdc9d9-ddb5-4fa4-a97d-d965ccfc6d4b" outcome="Passed" testListId="8c84fa94-04c1-424b-9868-57a2d4851a1d" relativeResultsDirectory="f449fa49-6e56-475f-8c38-06384655dbcd" />
    <UnitTestResult executionId="5ad0a3ed-ce17-4f10-a6c4-5d70b4075d00" testId="bdb55858-84b2-f69a-3f3e-7530e9bd9a2f" testName="ThenCanReadIndividualResultsFromScenarioOutline_ExamplesWithDuplicateValues_ShouldMatchExamples" computerName="ERICCARLSONBBE6" duration="00:00:00.0036800" startTime="2022-05-09T16:19:00.9720534-04:00" endTime="2022-05-09T16:19:00.9757337-04:00" testType="13cdc9d9-ddb5-4fa4-a97d-d965ccfc6d4b" outcome="Passed" testListId="8c84fa94-04c1-424b-9868-57a2d4851a1d" relativeResultsDirectory="5ad0a3ed-ce17-4f10-a6c4-5d70b4075d00" />
    <UnitTestResult executionId="c325d57b-8b83-41d6-82cb-3c58517fbd3f" testId="465b8b22-ae43-8771-bab3-c61bdf88be2c" testName="ThenCanReadPassedFeatureResultSuccessfully" computerName="ERICCARLSONBBE6" duration="00:00:00.0026150" startTime="2022-05-09T16:19:00.0321216-04:00" endTime="2022-05-09T16:19:00.0347366-04:00" testType="13cdc9d9-ddb5-4fa4-a97d-d965ccfc6d4b" outcome="Passed" testListId="8c84fa94-04c1-424b-9868-57a2d4851a1d" relativeResultsDirectory="c325d57b-8b83-41d6-82cb-3c58517fbd3f" />
    <UnitTestResult executionId="16d366cd-ed27-47bc-942a-668fe60eeedb" testId="04e26c3f-1210-a75b-c0bc-6ef78e296957" testName="ThenCanReadFeatureResultSuccessfully" computerName="ERICCARLSONBBE6" duration="00:00:00.0024640" startTime="2022-05-09T16:19:00.4446360-04:00" endTime="2022-05-09T16:19:00.4470999-04:00" testType="13cdc9d9-ddb5-4fa4-a97d-d965ccfc6d4b" outcome="Passed" testListId="8c84fa94-04c1-424b-9868-57a2d4851a1d" relativeResultsDirectory="16d366cd-ed27-47bc-942a-668fe60eeedb" />
    <UnitTestResult executionId="0c36f50d-20de-43b9-bad9-705c6594f69b" testId="a80ce00d-8fef-39f6-2b9d-90a0409ab21e" testName="ThenCanReadExamplesWithLongExampleValues" computerName="ERICCARLSONBBE6" duration="00:00:00.0087520" startTime="2022-05-09T16:19:01.1875005-04:00" endTime="2022-05-09T16:19:01.1962525-04:00" testType="13cdc9d9-ddb5-4fa4-a97d-d965ccfc6d4b" outcome="Passed" testListId="8c84fa94-04c1-424b-9868-57a2d4851a1d" relativeResultsDirectory="0c36f50d-20de-43b9-bad9-705c6594f69b" />
    <UnitTestResult executionId="862bd3c6-29b7-4682-8dcb-d7ddcdafb4c4" testId="b326ef4c-7f50-dcc1-8e16-23f12d57cfac" testName="ThenCanReadNotFoundFeatureCorrectly" computerName="ERICCARLSONBBE6" duration="00:00:00.0017420" startTime="2022-05-09T16:19:01.2567931-04:00" endTime="2022-05-09T16:19:01.2585346-04:00" testType="13cdc9d9-ddb5-4fa4-a97d-d965ccfc6d4b" outcome="Passed" testListId="8c84fa94-04c1-424b-9868-57a2d4851a1d" relativeResultsDirectory="862bd3c6-29b7-4682-8dcb-d7ddcdafb4c4" />
    <UnitTestResult executionId="c364bfc8-9c6f-4ea2-8a92-f6e16320f661" testId="62eaccee-691a-dc72-a0c7-fc4bd9bbc8f7" testName="ThenCanReadResultOfScenarioOutlineWithAmpersand" computerName="ERICCARLSONBBE6" duration="00:00:00.0026090" startTime="2022-05-09T16:19:01.1523087-04:00" endTime="2022-05-09T16:19:01.1549180-04:00" testType="13cdc9d9-ddb5-4fa4-a97d-d965ccfc6d4b" outcome="Passed" testListId="8c84fa94-04c1-424b-9868-57a2d4851a1d" relativeResultsDirectory="c364bfc8-9c6f-4ea2-8a92-f6e16320f661" />
    <UnitTestResult executionId="32fb16d8-57bf-4a6f-9958-9e51be72eda6" testId="8859dd67-9eea-687f-ff9c-c8608298b7a0" testName="ThenCanReadIgnoredScenarioResultSuccessfully" computerName="ERICCARLSONBBE6" duration="00:00:00.0015839" startTime="2022-05-09T16:19:00.3695815-04:00" endTime="2022-05-09T16:19:00.3711651-04:00" testType="13cdc9d9-ddb5-4fa4-a97d-d965ccfc6d4b" outcome="Passed" testListId="8c84fa94-04c1-424b-9868-57a2d4851a1d" relativeResultsDirectory="32fb16d8-57bf-4a6f-9958-9e51be72eda6" />
    <UnitTestResult executionId="c7a164fa-0ba1-4092-9376-cfd25c875b4d" testId="09eb03c3-6c6b-d07d-0c0e-f69b7a3941d2" testName="ThenCanReadSuccessfulScenarioResultSuccessfully" computerName="ERICCARLSONBBE6" duration="00:00:00.0020290" startTime="2022-05-09T16:19:01.3114735-04:00" endTime="2022-05-09T16:19:01.3135026-04:00" testType="13cdc9d9-ddb5-4fa4-a97d-d965ccfc6d4b" outcome="Passed" testListId="8c84fa94-04c1-424b-9868-57a2d4851a1d" relativeResultsDirectory="c7a164fa-0ba1-4092-9376-cfd25c875b4d" />
    <UnitTestResult executionId="332cd533-1465-4ab3-a937-c68c08f6e741" testId="e2225881-39fd-7f1c-d804-53db9fd0bebf" testName="ThenCanReadScenarioOutlineResultSuccessfully" computerName="ERICCARLSONBBE6" duration="00:00:00.0021490" startTime="2022-05-09T16:19:00.4949995-04:00" endTime="2022-05-09T16:19:00.4971480-04:00" testType="13cdc9d9-ddb5-4fa4-a97d-d965ccfc6d4b" outcome="Passed" testListId="8c84fa94-04c1-424b-9868-57a2d4851a1d" relativeResultsDirectory="332cd533-1465-4ab3-a937-c68c08f6e741" />
    <UnitTestResult executionId="155614aa-b889-4bf9-8d46-656a65dd264d" testId="af52bc0c-9d4d-dbfe-1e9a-8d33e897ef69" testName="ThenCanReadFailedFeatureResultSuccessfully" computerName="ERICCARLSONBBE6" duration="00:00:00.0012200" startTime="2022-05-09T16:19:00.3646357-04:00" endTime="2022-05-09T16:19:00.3658552-04:00" testType="13cdc9d9-ddb5-4fa4-a97d-d965ccfc6d4b" outcome="Passed" testListId="8c84fa94-04c1-424b-9868-57a2d4851a1d" relativeResultsDirectory="155614aa-b889-4bf9-8d46-656a65dd264d" />
    <UnitTestResult executionId="7d305944-3160-441e-b28f-6ea96c47ce75" testId="3363618d-ba10-7be9-e717-ba2f8beb1f14" testName="ThenCanReadBackgroundResultSuccessfully" computerName="ERICCARLSONBBE6" duration="00:00:00.0034760" startTime="2022-05-09T16:19:00.8180792-04:00" endTime="2022-05-09T16:19:00.8215548-04:00" testType="13cdc9d9-ddb5-4fa4-a97d-d965ccfc6d4b" outcome="Passed" testListId="8c84fa94-04c1-424b-9868-57a2d4851a1d" relativeResultsDirectory="7d305944-3160-441e-b28f-6ea96c47ce75" />
    <UnitTestResult executionId="c88b6afa-8f7d-45cb-9574-ee40533bae05" testId="c7e76d21-7d2a-305a-821d-d13e50bc910e" testName="ThenCanReadExamplesWithLongExampleValues" computerName="ERICCARLSONBBE6" duration="00:00:00.0020540" startTime="2022-05-09T16:19:00.5438313-04:00" endTime="2022-05-09T16:19:00.5458856-04:00" testType="13cdc9d9-ddb5-4fa4-a97d-d965ccfc6d4b" outcome="Passed" testListId="8c84fa94-04c1-424b-9868-57a2d4851a1d" relativeResultsDirectory="c88b6afa-8f7d-45cb-9574-ee40533bae05" />
    <UnitTestResult executionId="d8af7dfd-de89-4f33-9faa-4b9043b5ae2d" testId="5ba0ef3d-e993-fb04-f50d-80614c1f48e6" testName="ThenCanReadResultsWithParenthesis" computerName="ERICCARLSONBBE6" duration="00:00:00.0018280" startTime="2022-05-09T16:19:00.5351186-04:00" endTime="2022-05-09T16:19:00.5369470-04:00" testType="13cdc9d9-ddb5-4fa4-a97d-d965ccfc6d4b" outcome="Passed" testListId="8c84fa94-04c1-424b-9868-57a2d4851a1d" relativeResultsDirectory="d8af7dfd-de89-4f33-9faa-4b9043b5ae2d" />
    <UnitTestResult executionId="bce06237-93f9-46c9-be33-ab8f05963882" testId="2fbca240-d73e-90fe-fa10-66a717472df8" testName="RegularExpressionAsExampleContentMatches_With_FullStop_And_Asterisk" computerName="ERICCARLSONBBE6" duration="00:00:00.0006050" startTime="2022-05-09T16:19:01.2339850-04:00" endTime="2022-05-09T16:19:01.2345898-04:00" testType="13cdc9d9-ddb5-4fa4-a97d-d965ccfc6d4b" outcome="Passed" testListId="8c84fa94-04c1-424b-9868-57a2d4851a1d" relativeResultsDirectory="bce06237-93f9-46c9-be33-ab8f05963882" />
    <UnitTestResult executionId="fd7fb42c-74b3-4243-b77d-48502a74c740" testId="8e1e0562-0c98-e226-1bf8-4de563a5fa13" testName="ThenCanReadResultOfFeatureWithFailingBackground" computerName="ERICCARLSONBBE6" duration="00:00:00.0019290" startTime="2022-05-09T16:19:01.1447939-04:00" endTime="2022-05-09T16:19:01.1467229-04:00" testType="13cdc9d9-ddb5-4fa4-a97d-d965ccfc6d4b" outcome="Passed" testListId="8c84fa94-04c1-424b-9868-57a2d4851a1d" relativeResultsDirectory="fd7fb42c-74b3-4243-b77d-48502a74c740" />
    <UnitTestResult executionId="67c1429e-f2bd-439f-bcfe-dd4506ecade0" testId="0743b053-5f80-39e3-2415-87af7f5a56f8" testName="ThenCanReadResultOfScenarioOutlineExampleWithFailingBackground" computerName="ERICCARLSONBBE6" duration="00:00:00.0055220" startTime="2022-05-09T16:19:01.1467532-04:00" endTime="2022-05-09T16:19:01.1522751-04:00" testType="13cdc9d9-ddb5-4fa4-a97d-d965ccfc6d4b" outcome="Passed" testListId="8c84fa94-04c1-424b-9868-57a2d4851a1d" relativeResultsDirectory="67c1429e-f2bd-439f-bcfe-dd4506ecade0" />
    <UnitTestResult executionId="6459b9b7-eb12-4eb5-970b-f825942bf375" testId="aa6ed367-4142-c0b5-bc61-0c60c3e84f7e" testName="ThenCanReadResultOfScenarioOutlineWithAmpersand" computerName="ERICCARLSONBBE6" duration="00:00:00.0031210" startTime="2022-05-09T16:19:00.8932566-04:00" endTime="2022-05-09T16:19:00.8963777-04:00" testType="13cdc9d9-ddb5-4fa4-a97d-d965ccfc6d4b" outcome="Passed" testListId="8c84fa94-04c1-424b-9868-57a2d4851a1d" relativeResultsDirectory="6459b9b7-eb12-4eb5-970b-f825942bf375" />
    <UnitTestResult executionId="e24d86a5-ce11-4f81-a2f3-59ff4282a35c" testId="f85689af-bccc-784d-b093-f7a296ae9b10" testName="ThenCanReadResultOfScenarioWithSpecialCharacters" computerName="ERICCARLSONBBE6" duration="00:00:00.0033190" startTime="2022-05-09T16:19:00.9272993-04:00" endTime="2022-05-09T16:19:00.9306181-04:00" testType="13cdc9d9-ddb5-4fa4-a97d-d965ccfc6d4b" outcome="Passed" testListId="8c84fa94-04c1-424b-9868-57a2d4851a1d" relativeResultsDirectory="e24d86a5-ce11-4f81-a2f3-59ff4282a35c" />
    <UnitTestResult executionId="58b6cdca-fb4e-4bfc-85c6-48ca68854dc5" testId="65a73572-199f-331d-bb7a-e00446e83c06" testName="ThenCanReadIndividualResultsFromScenarioOutline_ContainingDollarSigns_ShouldBeTestResultSuccess" computerName="ERICCARLSONBBE6" duration="00:00:00.0005820" startTime="2022-05-09T16:19:00.4314782-04:00" endTime="2022-05-09T16:19:00.4320598-04:00" testType="13cdc9d9-ddb5-4fa4-a97d-d965ccfc6d4b" outcome="Passed" testListId="8c84fa94-04c1-424b-9868-57a2d4851a1d" relativeResultsDirectory="58b6cdca-fb4e-4bfc-85c6-48ca68854dc5" />
    <UnitTestResult executionId="a0c6e552-c04a-4bf4-8c03-c7237cc2ea55" testId="1367b65e-0b94-ba69-b954-fb8124eb22d5" testName="ThenCanReadFailedScenarioResultSuccessfully" computerName="ERICCARLSONBBE6" duration="00:00:00.0035640" startTime="2022-05-09T16:19:01.2492924-04:00" endTime="2022-05-09T16:19:01.2528564-04:00" testType="13cdc9d9-ddb5-4fa4-a97d-d965ccfc6d4b" outcome="Passed" testListId="8c84fa94-04c1-424b-9868-57a2d4851a1d" relativeResultsDirectory="a0c6e552-c04a-4bf4-8c03-c7237cc2ea55" />
    <UnitTestResult executionId="fb52b478-c8f3-439f-89f4-ac9e27c97bb8" testId="c453c6ec-7ac7-6aba-4513-ebc0b71441c4" testName="ThenCanReadResultOfScenarioWithDanishCharacters" computerName="ERICCARLSONBBE6" duration="00:00:00.0016390" startTime="2022-05-09T16:19:00.3962126-04:00" endTime="2022-05-09T16:19:00.3978512-04:00" testType="13cdc9d9-ddb5-4fa4-a97d-d965ccfc6d4b" outcome="Passed" testListId="8c84fa94-04c1-424b-9868-57a2d4851a1d" relativeResultsDirectory="fb52b478-c8f3-439f-89f4-ac9e27c97bb8" />
    <UnitTestResult executionId="463fc850-3030-4c61-ad65-242034e492ac" testId="03cd529c-594e-f5f4-394a-38e5c1ffbbd4" testName="ThenCanReadInconclusiveScenarioResultSuccessfully" computerName="ERICCARLSONBBE6" duration="00:00:00.0025860" startTime="2022-05-09T16:19:00.0190918-04:00" endTime="2022-05-09T16:19:00.0216779-04:00" testType="13cdc9d9-ddb5-4fa4-a97d-d965ccfc6d4b" outcome="Passed" testListId="8c84fa94-04c1-424b-9868-57a2d4851a1d" relativeResultsDirectory="463fc850-3030-4c61-ad65-242034e492ac" />
    <UnitTestResult executionId="ad0dc43b-36d5-42ef-992b-23d96c871c6d" testId="656ebfc5-79d6-d4de-e713-26261e054dac" testName="ThenCanReadFailedScenarioResultSuccessfully" computerName="ERICCARLSONBBE6" duration="00:00:00.0108530" startTime="2022-05-09T16:18:59.8685508-04:00" endTime="2022-05-09T16:18:59.8794034-04:00" testType="13cdc9d9-ddb5-4fa4-a97d-d965ccfc6d4b" outcome="Passed" testListId="8c84fa94-04c1-424b-9868-57a2d4851a1d" relativeResultsDirectory="ad0dc43b-36d5-42ef-992b-23d96c871c6d" />
    <UnitTestResult executionId="8b09aa00-079c-487c-9e02-a0ad65ff2faf" testId="8acd974b-58e6-d71d-65a7-9fcbeabcb975" testName="ThenCanReadFeatureResultSuccessfully" computerName="ERICCARLSONBBE6" duration="00:00:00.0035610" startTime="2022-05-09T16:19:00.1538201-04:00" endTime="2022-05-09T16:19:00.1573805-04:00" testType="13cdc9d9-ddb5-4fa4-a97d-d965ccfc6d4b" outcome="Passed" testListId="8c84fa94-04c1-424b-9868-57a2d4851a1d" relativeResultsDirectory="8b09aa00-079c-487c-9e02-a0ad65ff2faf" />
    <UnitTestResult executionId="ce7b08b2-5851-44ea-bfe5-60bab0c5e096" testId="e812cd4a-a493-8488-cd92-0f068742969b" testName="ThenCanReadIndividualResultsFromScenarioOutline_MultipleNamedExamples_ShouldMatchExamples" computerName="ERICCARLSONBBE6" duration="00:00:00.0021410" startTime="2022-05-09T16:19:00.1097420-04:00" endTime="2022-05-09T16:19:00.1118827-04:00" testType="13cdc9d9-ddb5-4fa4-a97d-d965ccfc6d4b" outcome="Passed" testListId="8c84fa94-04c1-424b-9868-57a2d4851a1d" relativeResultsDirectory="ce7b08b2-5851-44ea-bfe5-60bab0c5e096" />
    <UnitTestResult executionId="747f7902-a378-490d-b0fa-8d5666947147" testId="e88e51df-0600-5288-c5bd-454451abcf17" testName="ThenCanReadIndividualResultsFromScenarioOutline_MultipleExampleSections_ShouldBeTestResultFailed" computerName="ERICCARLSONBBE6" duration="00:00:00.0025270" startTime="2022-05-09T16:19:00.5592499-04:00" endTime="2022-05-09T16:19:00.5617761-04:00" testType="13cdc9d9-ddb5-4fa4-a97d-d965ccfc6d4b" outcome="Passed" testListId="8c84fa94-04c1-424b-9868-57a2d4851a1d" relativeResultsDirectory="747f7902-a378-490d-b0fa-8d5666947147" />
    <UnitTestResult executionId="79c43043-4c02-4020-babb-84161cdc00b6" testId="aff9e195-4e54-a676-8f24-47ec072e3f76" testName="ThenCanReadExamplesWithRegexValuesFromScenarioOutline_ShouldBeTestResultPassed" computerName="ERICCARLSONBBE6" duration="00:00:00.0054430" startTime="2022-05-09T16:19:00.2766976-04:00" endTime="2022-05-09T16:19:00.2821400-04:00" testType="13cdc9d9-ddb5-4fa4-a97d-d965ccfc6d4b" outcome="Passed" testListId="8c84fa94-04c1-424b-9868-57a2d4851a1d" relativeResultsDirectory="79c43043-4c02-4020-babb-84161cdc00b6" />
    <UnitTestResult executionId="4cc2d503-5b68-4ee9-8560-811a372e4136" testId="086f68bd-b3fd-894f-d1fe-0dbb71a51984" testName="ThenCanReadNotFoundScenarioCorrectly" computerName="ERICCARLSONBBE6" duration="00:00:00.0021810" startTime="2022-05-09T16:19:01.1425810-04:00" endTime="2022-05-09T16:19:01.1447622-04:00" testType="13cdc9d9-ddb5-4fa4-a97d-d965ccfc6d4b" outcome="Passed" testListId="8c84fa94-04c1-424b-9868-57a2d4851a1d" relativeResultsDirectory="4cc2d503-5b68-4ee9-8560-811a372e4136" />
    <UnitTestResult executionId="a9e06732-a1af-4762-bf0f-98606bcce42f" testId="75c1372b-c80e-ab1f-dc10-8b8dc4679533" testName="ThenCanResolveAsSingleton(&quot;results-example-vstest.trx&quot;,&quot;VsTest.results-example-vstest.trx&quot;,VsTest,PicklesDoc.Pickles.TestFrameworks.VsTest.VsTestResults)" computerName="ERICCARLSONBBE6" duration="00:00:00.0067690" startTime="2022-05-09T16:19:01.1040565-04:00" endTime="2022-05-09T16:19:01.1108255-04:00" testType="13cdc9d9-ddb5-4fa4-a97d-d965ccfc6d4b" outcome="Passed" testListId="8c84fa94-04c1-424b-9868-57a2d4851a1d" relativeResultsDirectory="a9e06732-a1af-4762-bf0f-98606bcce42f" />
    <UnitTestResult executionId="55aaa979-b159-4c5d-8420-bbf2e2e6b8e3" testId="d8eb6d98-9b62-c231-99fb-5444406d89a8" testName="GetFeatureResult_OnePassingOneFailed_ReturnsPassed" computerName="ERICCARLSONBBE6" duration="00:00:00.1882970" startTime="2022-05-09T16:19:00.5796116-04:00" endTime="2022-05-09T16:19:00.7679082-04:00" testType="13cdc9d9-ddb5-4fa4-a97d-d965ccfc6d4b" outcome="Passed" testListId="8c84fa94-04c1-424b-9868-57a2d4851a1d" relativeResultsDirectory="55aaa979-b159-4c5d-8420-bbf2e2e6b8e3" />
    <UnitTestResult executionId="ba346408-39de-4c92-ac4c-d7dbaa840197" testId="fb45c14f-031e-2628-e205-53c6379c578f" testName="GetFeatureResult_OnePassingOneInconclusive_ReturnsPassed" computerName="ERICCARLSONBBE6" duration="00:00:00.0002390" startTime="2022-05-09T16:19:00.7679457-04:00" endTime="2022-05-09T16:19:00.7681844-04:00" testType="13cdc9d9-ddb5-4fa4-a97d-d965ccfc6d4b" outcome="Passed" testListId="8c84fa94-04c1-424b-9868-57a2d4851a1d" relativeResultsDirectory="ba346408-39de-4c92-ac4c-d7dbaa840197" />
    <UnitTestResult executionId="863f9f1d-0e3f-4baf-8a43-25d46128e1bb" testId="c60ed206-bcf7-dc0f-cf55-94fdc287fbf9" testName="ThenCanSuccessfullyMatch" computerName="ERICCARLSONBBE6" duration="00:00:00.0018130" startTime="2022-05-09T16:19:01.1115863-04:00" endTime="2022-05-09T16:19:01.1133990-04:00" testType="13cdc9d9-ddb5-4fa4-a97d-d965ccfc6d4b" outcome="Passed" testListId="8c84fa94-04c1-424b-9868-57a2d4851a1d" relativeResultsDirectory="863f9f1d-0e3f-4baf-8a43-25d46128e1bb" />
    <UnitTestResult executionId="23275a22-6981-4da9-9dcc-785838a58ec0" testId="4127f69b-e124-236a-5b11-95ef3fc8f483" testName="ThenCanReadIndividualResultsFromScenarioOutline_MultipleExampleSections_ShouldBeTestResultFailed" computerName="ERICCARLSONBBE6" duration="00:00:00.0060200" startTime="2022-05-09T16:19:00.9757642-04:00" endTime="2022-05-09T16:19:00.9817836-04:00" testType="13cdc9d9-ddb5-4fa4-a97d-d965ccfc6d4b" outcome="Passed" testListId="8c84fa94-04c1-424b-9868-57a2d4851a1d" relativeResultsDirectory="23275a22-6981-4da9-9dcc-785838a58ec0" />
    <UnitTestResult executionId="e9cf4d4b-7de4-4862-b720-fcd99deb621b" testId="b35efadf-d298-a3ae-5e0d-2f5be75318ec" testName="ThenCanResolveAsSingleton(&quot;results-example-json.json&quot;,&quot;CucumberJson.results-example-json.json&quot;,CucumberJson,PicklesDoc.Pickles.TestFrameworks.CucumberJson.CucumberJsonResults)" computerName="ERICCARLSONBBE6" duration="00:00:00.0020190" startTime="2022-05-09T16:19:01.1010668-04:00" endTime="2022-05-09T16:19:01.1030859-04:00" testType="13cdc9d9-ddb5-4fa4-a97d-d965ccfc6d4b" outcome="Passed" testListId="8c84fa94-04c1-424b-9868-57a2d4851a1d" relativeResultsDirectory="e9cf4d4b-7de4-4862-b720-fcd99deb621b" />
    <UnitTestResult executionId="02b2a595-9b8b-4d1e-8da6-0e780085e68e" testId="58020c11-c291-9fff-a6eb-d178031b96c9" testName="ThenCanReadIndividualResultsFromScenarioOutline_OneFailed_ShouldBeTestResultFailed" computerName="ERICCARLSONBBE6" duration="00:00:00.0099910" startTime="2022-05-09T16:19:00.3172618-04:00" endTime="2022-05-09T16:19:00.3272523-04:00" testType="13cdc9d9-ddb5-4fa4-a97d-d965ccfc6d4b" outcome="Passed" testListId="8c84fa94-04c1-424b-9868-57a2d4851a1d" relativeResultsDirectory="02b2a595-9b8b-4d1e-8da6-0e780085e68e" />
    <UnitTestResult executionId="5102093f-882e-480e-b94f-b4b66c5776cf" testId="ca034f59-6d8f-3d39-f10e-3725456122ef" testName="ThenCanReadResultOfScenarioWithFailingBackground" computerName="ERICCARLSONBBE6" duration="00:00:00.0017170" startTime="2022-05-09T16:19:01.2825464-04:00" endTime="2022-05-09T16:19:01.2842628-04:00" testType="13cdc9d9-ddb5-4fa4-a97d-d965ccfc6d4b" outcome="Passed" testListId="8c84fa94-04c1-424b-9868-57a2d4851a1d" relativeResultsDirectory="5102093f-882e-480e-b94f-b4b66c5776cf" />
    <UnitTestResult executionId="228ea491-b94b-4484-b67f-a585efc8d3bd" testId="cff9ba3d-2dbc-742f-d119-8f20ec27c96a" testName="ThenCanReadIndividualResultsFromScenarioOutline_MultipleExamplesWithDuplicateValues_ShouldMatchExamples" computerName="ERICCARLSONBBE6" duration="00:00:00.0102840" startTime="2022-05-09T16:19:00.9818127-04:00" endTime="2022-05-09T16:19:00.9920958-04:00" testType="13cdc9d9-ddb5-4fa4-a97d-d965ccfc6d4b" outcome="Passed" testListId="8c84fa94-04c1-424b-9868-57a2d4851a1d" relativeResultsDirectory="228ea491-b94b-4484-b67f-a585efc8d3bd" />
    <UnitTestResult executionId="2ca5b45b-b2a8-4247-91d2-62fefe732cb4" testId="5bf4d307-a36a-3c36-5190-d6315ecad070" testName="ThenCanReadResultsWithBackslashes" computerName="ERICCARLSONBBE6" duration="00:00:00.0018900" startTime="2022-05-09T16:19:00.5331987-04:00" endTime="2022-05-09T16:19:00.5350885-04:00" testType="13cdc9d9-ddb5-4fa4-a97d-d965ccfc6d4b" outcome="Passed" testListId="8c84fa94-04c1-424b-9868-57a2d4851a1d" relativeResultsDirectory="2ca5b45b-b2a8-4247-91d2-62fefe732cb4" />
    <UnitTestResult executionId="454f6d85-8528-4309-94d6-b47fca4393a0" testId="680a57ed-aef7-7627-554b-2ab01bc33ccf" testName="ThenCanReadIndividualResultsFromScenarioOutline_MultipleExamplesWithDuplicateValues_ShouldMatchExamples" computerName="ERICCARLSONBBE6" duration="00:00:00.0395230" startTime="2022-05-09T16:19:01.5081705-04:00" endTime="2022-05-09T16:19:01.5476936-04:00" testType="13cdc9d9-ddb5-4fa4-a97d-d965ccfc6d4b" outcome="Passed" testListId="8c84fa94-04c1-424b-9868-57a2d4851a1d" relativeResultsDirectory="454f6d85-8528-4309-94d6-b47fca4393a0" />
    <UnitTestResult executionId="32d4e90b-fc25-45bd-a979-1e631ecff46e" testId="0c1060a1-daea-cc27-1eec-f91d6e03fb50" testName="ThenCanReadResultOfScenarioWithSpanishCharacters" computerName="ERICCARLSONBBE6" duration="00:00:00.0082170" startTime="2022-05-09T16:19:00.2337433-04:00" endTime="2022-05-09T16:19:00.2419596-04:00" testType="13cdc9d9-ddb5-4fa4-a97d-d965ccfc6d4b" outcome="Passed" testListId="8c84fa94-04c1-424b-9868-57a2d4851a1d" relativeResultsDirectory="32d4e90b-fc25-45bd-a979-1e631ecff46e" />
    <UnitTestResult executionId="6ec012f8-3997-454d-9e0e-c5dbc84cefee" testId="704a0578-e150-f687-8667-46c29aab4a2d" testName="ThenCanReadSuccessfulScenarioResultSuccessfully" computerName="ERICCARLSONBBE6" duration="00:00:00.0082670" startTime="2022-05-09T16:19:00.9453046-04:00" endTime="2022-05-09T16:19:00.9535711-04:00" testType="13cdc9d9-ddb5-4fa4-a97d-d965ccfc6d4b" outcome="Passed" testListId="8c84fa94-04c1-424b-9868-57a2d4851a1d" relativeResultsDirectory="6ec012f8-3997-454d-9e0e-c5dbc84cefee" />
    <UnitTestResult executionId="241ad40b-5338-4f73-943e-93eb6034ae6a" testId="5202701f-df81-3f07-3fd3-41cc028b9321" testName="ThenCanReadResultOfScenarioOutlineWithFailingBackground" computerName="ERICCARLSONBBE6" duration="00:00:00.0068880" startTime="2022-05-09T16:18:59.9138995-04:00" endTime="2022-05-09T16:18:59.9207870-04:00" testType="13cdc9d9-ddb5-4fa4-a97d-d965ccfc6d4b" outcome="Passed" testListId="8c84fa94-04c1-424b-9868-57a2d4851a1d" relativeResultsDirectory="241ad40b-5338-4f73-943e-93eb6034ae6a" />
    <UnitTestResult executionId="99bdbd48-6725-47c3-9025-0112390452af" testId="fe0fe535-97ea-db97-278f-86c835cfa276" testName="ThenCanReadBackgroundResultSuccessfully" computerName="ERICCARLSONBBE6" duration="00:00:00.0031340" startTime="2022-05-09T16:19:00.7721148-04:00" endTime="2022-05-09T16:19:00.7752485-04:00" testType="13cdc9d9-ddb5-4fa4-a97d-d965ccfc6d4b" outcome="Passed" testListId="8c84fa94-04c1-424b-9868-57a2d4851a1d" relativeResultsDirectory="99bdbd48-6725-47c3-9025-0112390452af" />
    <UnitTestResult executionId="e8804dd5-8c35-4bba-aa1a-cbfd424c109a" testId="71c22708-dbaa-79ff-057b-e788d4505184" testName="ThenCanReadResultOfScenarioOutlineWithSpecialCharacters" computerName="ERICCARLSONBBE6" duration="00:00:00.0049340" startTime="2022-05-09T16:19:01.2775811-04:00" endTime="2022-05-09T16:19:01.2825149-04:00" testType="13cdc9d9-ddb5-4fa4-a97d-d965ccfc6d4b" outcome="Passed" testListId="8c84fa94-04c1-424b-9868-57a2d4851a1d" relativeResultsDirectory="e8804dd5-8c35-4bba-aa1a-cbfd424c109a" />
    <UnitTestResult executionId="6abe5ee1-462a-4666-93c4-a41995d5649a" testId="38e54b38-917c-5b2b-c952-bdf2eaa51d0c" testName="ThenCanResolveAsSingleton(&quot;results-example-mstest.trx&quot;,&quot;MsTest.results-example-mstest.trx&quot;,MsTest,PicklesDoc.Pickles.TestFrameworks.MsTest.MsTestResults)" computerName="ERICCARLSONBBE6" duration="00:00:00.0088480" startTime="2022-05-09T16:19:01.0849629-04:00" endTime="2022-05-09T16:19:01.0938108-04:00" testType="13cdc9d9-ddb5-4fa4-a97d-d965ccfc6d4b" outcome="Passed" testListId="8c84fa94-04c1-424b-9868-57a2d4851a1d" relativeResultsDirectory="6abe5ee1-462a-4666-93c4-a41995d5649a" />
    <UnitTestResult executionId="ba8e7ba1-278c-446f-a682-899a765fc143" testId="c0743634-0e8c-60ff-dd33-aa3c1f7c437b" testName="ThenCanReadIgnoredScenarioResultSuccessfully" computerName="ERICCARLSONBBE6" duration="00:00:00.0017600" startTime="2022-05-09T16:19:01.2550042-04:00" endTime="2022-05-09T16:19:01.2567639-04:00" testType="13cdc9d9-ddb5-4fa4-a97d-d965ccfc6d4b" outcome="Passed" testListId="8c84fa94-04c1-424b-9868-57a2d4851a1d" relativeResultsDirectory="ba8e7ba1-278c-446f-a682-899a765fc143" />
    <UnitTestResult executionId="226f11f1-decd-4fa1-9bde-6500e4cb40e2" testId="7efd0b0b-8ee2-d5e8-47e2-5ba5eebb44d2" testName="ThenCanReadFeatureResultSuccessfully" computerName="ERICCARLSONBBE6" duration="00:00:00.0021510" startTime="2022-05-09T16:19:01.1354921-04:00" endTime="2022-05-09T16:19:01.1376431-04:00" testType="13cdc9d9-ddb5-4fa4-a97d-d965ccfc6d4b" outcome="Passed" testListId="8c84fa94-04c1-424b-9868-57a2d4851a1d" relativeResultsDirectory="226f11f1-decd-4fa1-9bde-6500e4cb40e2" />
    <UnitTestResult executionId="2b44ca2f-bfb3-4249-b59c-5d477b7e6573" testId="20f75a53-728a-3e27-2cbb-bec08c93c778" testName="ThenCanReadResultOfScenarioOutlineWithSpecialCharacters" computerName="ERICCARLSONBBE6" duration="00:00:00.0016110" startTime="2022-05-09T16:19:00.3912431-04:00" endTime="2022-05-09T16:19:00.3928534-04:00" testType="13cdc9d9-ddb5-4fa4-a97d-d965ccfc6d4b" outcome="Passed" testListId="8c84fa94-04c1-424b-9868-57a2d4851a1d" relativeResultsDirectory="2b44ca2f-bfb3-4249-b59c-5d477b7e6573" />
    <UnitTestResult executionId="48e81c87-6042-41c9-91d9-03a560bd06e3" testId="2a458999-94a8-df5e-d99f-8bcf0589d98d" testName="ThenCanReadResultOfScenarioWithSpanishCharacters" computerName="ERICCARLSONBBE6" duration="00:00:00.0020470" startTime="2022-05-09T16:19:00.4811920-04:00" endTime="2022-05-09T16:19:00.4832389-04:00" testType="13cdc9d9-ddb5-4fa4-a97d-d965ccfc6d4b" outcome="Passed" testListId="8c84fa94-04c1-424b-9868-57a2d4851a1d" relativeResultsDirectory="48e81c87-6042-41c9-91d9-03a560bd06e3" />
    <UnitTestResult executionId="3584ca61-c985-4937-901e-f1e2093eebe5" testId="3f5af0d1-875c-7462-d712-e00deb320d7a" testName="ThenCanReadResultOfFeatureWithFailingBackground" computerName="ERICCARLSONBBE6" duration="00:00:00.0025020" startTime="2022-05-09T16:18:59.9036073-04:00" endTime="2022-05-09T16:18:59.9061095-04:00" testType="13cdc9d9-ddb5-4fa4-a97d-d965ccfc6d4b" outcome="Passed" testListId="8c84fa94-04c1-424b-9868-57a2d4851a1d" relativeResultsDirectory="3584ca61-c985-4937-901e-f1e2093eebe5" />
    <UnitTestResult executionId="4edb8b82-6731-426a-9089-68aee559dd2f" testId="d350588b-1fce-1d28-5c54-f6126b74c227" testName="ThenCanReadIndividualResultsFromScenarioOutline_MultipleNamedExamples_ShouldMatchExamples" computerName="ERICCARLSONBBE6" duration="00:00:00.0191080" startTime="2022-05-09T16:19:01.5477312-04:00" endTime="2022-05-09T16:19:01.5668390-04:00" testType="13cdc9d9-ddb5-4fa4-a97d-d965ccfc6d4b" outcome="Passed" testListId="8c84fa94-04c1-424b-9868-57a2d4851a1d" relativeResultsDirectory="4edb8b82-6731-426a-9089-68aee559dd2f" />
    <UnitTestResult executionId="de77fe68-7297-4e06-b5a3-3a6c1e3e5966" testId="d2ebcdb0-238b-cbb7-f625-318772534557" testName="ThenCanReadPassedFeatureResultSuccessfully" computerName="ERICCARLSONBBE6" duration="00:00:00.0018080" startTime="2022-05-09T16:19:00.3831524-04:00" endTime="2022-05-09T16:19:00.3849601-04:00" testType="13cdc9d9-ddb5-4fa4-a97d-d965ccfc6d4b" outcome="Passed" testListId="8c84fa94-04c1-424b-9868-57a2d4851a1d" relativeResultsDirectory="de77fe68-7297-4e06-b5a3-3a6c1e3e5966" />
    <UnitTestResult executionId="8e095c42-8cb7-4120-8d49-9f23390021d7" testId="ac0a91f2-dd7a-5fc1-8193-eac940cd0656" testName="ThenCanReadSuccessfulScenarioResultSuccessfully" computerName="ERICCARLSONBBE6" duration="00:00:00.0016010" startTime="2022-05-09T16:19:00.4090730-04:00" endTime="2022-05-09T16:19:00.4106743-04:00" testType="13cdc9d9-ddb5-4fa4-a97d-d965ccfc6d4b" outcome="Passed" testListId="8c84fa94-04c1-424b-9868-57a2d4851a1d" relativeResultsDirectory="8e095c42-8cb7-4120-8d49-9f23390021d7" />
    <UnitTestResult executionId="a41d7cb7-f55f-4b3d-8740-b0a88a81985b" testId="fd4a59cc-11a9-fb21-8351-7acacb7d6743" testName="ThenCanReadResultOfScenarioOutlineWithFailingBackground" computerName="ERICCARLSONBBE6" duration="00:00:00.0087180" startTime="2022-05-09T16:19:00.2056222-04:00" endTime="2022-05-09T16:19:00.2143403-04:00" testType="13cdc9d9-ddb5-4fa4-a97d-d965ccfc6d4b" outcome="Passed" testListId="8c84fa94-04c1-424b-9868-57a2d4851a1d" relativeResultsDirectory="a41d7cb7-f55f-4b3d-8740-b0a88a81985b" />
    <UnitTestResult executionId="2e37d201-6c08-4026-835d-1511063d6c8d" testId="70bec1df-5a68-44f4-dc37-08e0c2b5dd45" testName="GetScenarioResult_OnePassingOneFailing_ReturnsFailed" computerName="ERICCARLSONBBE6" duration="00:00:00.0002210" startTime="2022-05-09T16:19:00.7708707-04:00" endTime="2022-05-09T16:19:00.7710919-04:00" testType="13cdc9d9-ddb5-4fa4-a97d-d965ccfc6d4b" outcome="Passed" testListId="8c84fa94-04c1-424b-9868-57a2d4851a1d" relativeResultsDirectory="2e37d201-6c08-4026-835d-1511063d6c8d" />
    <UnitTestResult executionId="0d1b922f-ada0-41db-9040-c5d4ee311389" testId="0d4c793d-3e33-a08f-1290-d7f68ea68b15" testName="ThenCanReadResultsWithBackslashes" computerName="ERICCARLSONBBE6" duration="00:00:00.0032540" startTime="2022-05-09T16:19:00.2453363-04:00" endTime="2022-05-09T16:19:00.2485902-04:00" testType="13cdc9d9-ddb5-4fa4-a97d-d965ccfc6d4b" outcome="Passed" testListId="8c84fa94-04c1-424b-9868-57a2d4851a1d" relativeResultsDirectory="0d1b922f-ada0-41db-9040-c5d4ee311389" />
    <UnitTestResult executionId="bc23c319-0b19-46ad-a9fa-ece7e8eb6c4e" testId="5528f4d8-ebd5-6f1e-e4bf-3f7dddfcc499" testName="ThenCanReadResultOfScenarioOutlineWithSpecialCharacters" computerName="ERICCARLSONBBE6" duration="00:00:00.0025020" startTime="2022-05-09T16:19:00.0494769-04:00" endTime="2022-05-09T16:19:00.0519782-04:00" testType="13cdc9d9-ddb5-4fa4-a97d-d965ccfc6d4b" outcome="Passed" testListId="8c84fa94-04c1-424b-9868-57a2d4851a1d" relativeResultsDirectory="bc23c319-0b19-46ad-a9fa-ece7e8eb6c4e" />
    <UnitTestResult executionId="99ea896f-d48e-41d3-a876-4084fb3671b0" testId="0b31d2fc-41d9-baed-8aab-114ee6aaff9e" testName="RegularExpressionAsExampleContentMatches_With_Angle_Brackets" computerName="ERICCARLSONBBE6" duration="00:00:00.0003310" startTime="2022-05-09T16:19:01.2317551-04:00" endTime="2022-05-09T16:19:01.2320865-04:00" testType="13cdc9d9-ddb5-4fa4-a97d-d965ccfc6d4b" outcome="Passed" testListId="8c84fa94-04c1-424b-9868-57a2d4851a1d" relativeResultsDirectory="99ea896f-d48e-41d3-a876-4084fb3671b0" />
    <UnitTestResult executionId="b795163d-6bdf-425c-b1e6-78a809836e51" testId="562129e5-360d-2549-3c09-e4b49f36264d" testName="ThenCanReadFailedFeatureResultSuccessfully" computerName="ERICCARLSONBBE6" duration="00:00:00.0078590" startTime="2022-05-09T16:19:00.8067177-04:00" endTime="2022-05-09T16:19:00.8145772-04:00" testType="13cdc9d9-ddb5-4fa4-a97d-d965ccfc6d4b" outcome="Passed" testListId="8c84fa94-04c1-424b-9868-57a2d4851a1d" relativeResultsDirectory="b795163d-6bdf-425c-b1e6-78a809836e51" />
    <UnitTestResult executionId="79aad154-0a3f-4d7f-a724-29483fca509c" testId="71b016af-5365-c420-5627-629663f2e7e7" testName="ThenCanReadFeatureResultWithoutThrowingException" computerName="ERICCARLSONBBE6" duration="00:00:00.0006340" startTime="2022-05-09T16:19:01.0170043-04:00" endTime="2022-05-09T16:19:01.0176382-04:00" testType="13cdc9d9-ddb5-4fa4-a97d-d965ccfc6d4b" outcome="Passed" testListId="8c84fa94-04c1-424b-9868-57a2d4851a1d" relativeResultsDirectory="79aad154-0a3f-4d7f-a724-29483fca509c" />
    <UnitTestResult executionId="9febcd7c-1411-4596-af87-7aac4fe966ff" testId="606a7735-aef6-0113-4704-36b83853043c" testName="ThenCanReadFeatureResultSuccessfully" computerName="ERICCARLSONBBE6" duration="00:00:00.0028110" startTime="2022-05-09T16:18:59.8794961-04:00" endTime="2022-05-09T16:18:59.8823072-04:00" testType="13cdc9d9-ddb5-4fa4-a97d-d965ccfc6d4b" outcome="Passed" testListId="8c84fa94-04c1-424b-9868-57a2d4851a1d" relativeResultsDirectory="9febcd7c-1411-4596-af87-7aac4fe966ff" />
    <UnitTestResult executionId="ea4a0273-aaa2-45a1-8cdc-4d92a0b2b9bf" testId="fa88707c-fe6b-f9d4-e057-126c8ed49b45" testName="ThenCanReadResultOfFeatureWithFailingBackground" computerName="ERICCARLSONBBE6" duration="00:00:00.0009260" startTime="2022-05-09T16:19:00.7840455-04:00" endTime="2022-05-09T16:19:00.7849716-04:00" testType="13cdc9d9-ddb5-4fa4-a97d-d965ccfc6d4b" outcome="Passed" testListId="8c84fa94-04c1-424b-9868-57a2d4851a1d" relativeResultsDirectory="ea4a0273-aaa2-45a1-8cdc-4d92a0b2b9bf" />
    <UnitTestResult executionId="31b5d52c-ad2a-4080-a249-182022af0602" testId="d06109ca-bc0c-33f1-28f4-f8127946b5ef" testName="ThenCanReadResultOfScenarioOutlineExampleWithFailingBackground" computerName="ERICCARLSONBBE6" duration="00:00:00.0049240" startTime="2022-05-09T16:19:00.1974578-04:00" endTime="2022-05-09T16:19:00.2023812-04:00" testType="13cdc9d9-ddb5-4fa4-a97d-d965ccfc6d4b" outcome="Passed" testListId="8c84fa94-04c1-424b-9868-57a2d4851a1d" relativeResultsDirectory="31b5d52c-ad2a-4080-a249-182022af0602" />
    <UnitTestResult executionId="40feb6b3-1b52-42c0-8f14-1a901a26f4e5" testId="8f694c62-d589-ac54-3491-78ce2e9f9173" testName="GetScenarioOutlineResult_OnePassingOneFailing_ReturnsFailed" computerName="ERICCARLSONBBE6" duration="00:00:00.0021440" startTime="2022-05-09T16:19:00.7683828-04:00" endTime="2022-05-09T16:19:00.7705266-04:00" testType="13cdc9d9-ddb5-4fa4-a97d-d965ccfc6d4b" outcome="Passed" testListId="8c84fa94-04c1-424b-9868-57a2d4851a1d" relativeResultsDirectory="40feb6b3-1b52-42c0-8f14-1a901a26f4e5" />
    <UnitTestResult executionId="376a387a-22c5-42a7-adfd-e90af16fd7c6" testId="35ba7772-dced-01ec-65bd-9f0afe402f1a" testName="ThenCanReadExamplesWithLongExampleValues" computerName="ERICCARLSONBBE6" duration="00:00:00.0090750" startTime="2022-05-09T16:19:00.2675810-04:00" endTime="2022-05-09T16:19:00.2766556-04:00" testType="13cdc9d9-ddb5-4fa4-a97d-d965ccfc6d4b" outcome="Passed" testListId="8c84fa94-04c1-424b-9868-57a2d4851a1d" relativeResultsDirectory="376a387a-22c5-42a7-adfd-e90af16fd7c6" />
    <UnitTestResult executionId="7e39589e-b245-4be5-8475-f8c78f8c0ba9" testId="0377b2ee-902b-c8d6-74bf-d614453dc1d9" testName="ThenCanReadResultOfScenarioOutlineWithUmlauts" computerName="ERICCARLSONBBE6" duration="00:00:00.0029440" startTime="2022-05-09T16:18:59.9235341-04:00" endTime="2022-05-09T16:18:59.9264771-04:00" testType="13cdc9d9-ddb5-4fa4-a97d-d965ccfc6d4b" outcome="Passed" testListId="8c84fa94-04c1-424b-9868-57a2d4851a1d" relativeResultsDirectory="7e39589e-b245-4be5-8475-f8c78f8c0ba9" />
    <UnitTestResult executionId="aa96715b-4e12-49f1-85b8-e36e1a13973e" testId="616fe719-bf7f-7000-9e32-4cae5f1dd897" testName="ThenCanReadSuccessfulScenarioResultSuccessfully" computerName="ERICCARLSONBBE6" duration="00:00:00.0019589" startTime="2022-05-09T16:19:01.1848843-04:00" endTime="2022-05-09T16:19:01.1868435-04:00" testType="13cdc9d9-ddb5-4fa4-a97d-d965ccfc6d4b" outcome="Passed" testListId="8c84fa94-04c1-424b-9868-57a2d4851a1d" relativeResultsDirectory="aa96715b-4e12-49f1-85b8-e36e1a13973e" />
  </Results>
  <TestDefinitions>
    <UnitTest name="ThenCanReadResultOfScenarioOutlineWithUmlauts" storage="c:\users\ericcarlson\documents\github\pickles\src\pickles.testframeworks.unittests\bin\debug\net6.0\picklesdoc.pickles.testframeworks.unittests.dll" id="a7365563-432a-a490-6278-92d0ebb084fc">
      <Execution id="642fa28d-e77d-42d9-b916-831bfa0fb216" />
      <TestMethod codeBase="C:\Users\ericcarlson\Documents\GitHub\pickles\src\Pickles.TestFrameworks.UnitTests\bin\Debug\net6.0\PicklesDoc.Pickles.TestFrameworks.UnitTests.dll" adapterTypeName="executor://nunit3testexecutor/" className="PicklesDoc.Pickles.TestFrameworks.UnitTests.VsTest.WhenParsingVsTestResultsFile" name="ThenCanReadResultOfScenarioOutlineWithUmlauts" />
    </UnitTest>
    <UnitTest name="ThenCanReadResultOfScenarioOutlineExampleWithFailingBackground" storage="c:\users\ericcarlson\documents\github\pickles\src\pickles.testframeworks.unittests\bin\debug\net6.0\picklesdoc.pickles.testframeworks.unittests.dll" id="0743b053-5f80-39e3-2415-87af7f5a56f8">
      <Execution id="67c1429e-f2bd-439f-bcfe-dd4506ecade0" />
      <TestMethod codeBase="C:\Users\ericcarlson\Documents\GitHub\pickles\src\Pickles.TestFrameworks.UnitTests\bin\Debug\net6.0\PicklesDoc.Pickles.TestFrameworks.UnitTests.dll" adapterTypeName="executor://nunit3testexecutor/" className="PicklesDoc.Pickles.TestFrameworks.UnitTests.XUnit.XUnit1.WhenParsingxUnitResultsFile" name="ThenCanReadResultOfScenarioOutlineExampleWithFailingBackground" />
    </UnitTest>
    <UnitTest name="ThenCanReadPassedFeatureResultSuccessfully" storage="c:\users\ericcarlson\documents\github\pickles\src\pickles.testframeworks.unittests\bin\debug\net6.0\picklesdoc.pickles.testframeworks.unittests.dll" id="22ff405e-4e4b-ec94-1d81-69603bb819cf">
      <Execution id="d5f107f3-1fa1-465b-a971-c8b581a6f027" />
      <TestMethod codeBase="C:\Users\ericcarlson\Documents\GitHub\pickles\src\Pickles.TestFrameworks.UnitTests\bin\Debug\net6.0\PicklesDoc.Pickles.TestFrameworks.UnitTests.dll" adapterTypeName="executor://nunit3testexecutor/" className="PicklesDoc.Pickles.TestFrameworks.UnitTests.VsTest.WhenParsingVsTestResultsFile" name="ThenCanReadPassedFeatureResultSuccessfully" />
    </UnitTest>
    <UnitTest name="ThenCanResolve(&quot;results-example-nunit3.xml&quot;,&quot;NUnit.NUnit3.results-example-nunit3.xml&quot;,NUnit3,PicklesDoc.Pickles.TestFrameworks.NUnit.NUnit3.NUnit3Results)" storage="c:\users\ericcarlson\documents\github\pickles\src\pickles.testframeworks.unittests\bin\debug\net6.0\picklesdoc.pickles.testframeworks.unittests.dll" id="8d94802d-53d7-d3b2-047f-ec9d0a5e3623">
      <Execution id="4a767b54-5f09-4ff5-9304-5f2a045cc6dc" />
      <TestMethod codeBase="C:\Users\ericcarlson\Documents\GitHub\pickles\src\Pickles.TestFrameworks.UnitTests\bin\Debug\net6.0\PicklesDoc.Pickles.TestFrameworks.UnitTests.dll" adapterTypeName="executor://nunit3testexecutor/" className="PicklesDoc.Pickles.TestFrameworks.UnitTests.WhenResolvingTestResults" name="ThenCanResolve(&quot;results-example-nunit3.xml&quot;,&quot;NUnit.NUnit3.results-example-nunit3.xml&quot;,NUnit3,PicklesDoc.Pickles.TestFrameworks.NUnit.NUnit3.NUnit3Results)" />
    </UnitTest>
    <UnitTest name="ThenCanReadResultOfScenarioWithSpecialCharacters" storage="c:\users\ericcarlson\documents\github\pickles\src\pickles.testframeworks.unittests\bin\debug\net6.0\picklesdoc.pickles.testframeworks.unittests.dll" id="b736c82a-c3a6-bc95-1791-413638f9de59">
      <Execution id="eef7f880-efa9-4ec8-a897-f957d0d26ad3" />
      <TestMethod codeBase="C:\Users\ericcarlson\Documents\GitHub\pickles\src\Pickles.TestFrameworks.UnitTests\bin\Debug\net6.0\PicklesDoc.Pickles.TestFrameworks.UnitTests.dll" adapterTypeName="executor://nunit3testexecutor/" className="PicklesDoc.Pickles.TestFrameworks.UnitTests.XUnit.XUnit2.WhenParsingxUnit2ResultsFile" name="ThenCanReadResultOfScenarioWithSpecialCharacters" />
    </UnitTest>
    <UnitTest name="ThenCanResolveAsSingleton(&quot;results-example-xunit.xml&quot;,&quot;XUnit.XUnit1.results-example-xunit.xml&quot;,XUnit1,PicklesDoc.Pickles.TestFrameworks.XUnit.XUnit1.XUnit1Results)" storage="c:\users\ericcarlson\documents\github\pickles\src\pickles.testframeworks.unittests\bin\debug\net6.0\picklesdoc.pickles.testframeworks.unittests.dll" id="25b79e49-f078-c9d3-fc26-60ff43e1f658">
      <Execution id="ed018f43-a8b5-4bdf-880c-8774ecb7a556" />
      <TestMethod codeBase="C:\Users\ericcarlson\Documents\GitHub\pickles\src\Pickles.TestFrameworks.UnitTests\bin\Debug\net6.0\PicklesDoc.Pickles.TestFrameworks.UnitTests.dll" adapterTypeName="executor://nunit3testexecutor/" className="PicklesDoc.Pickles.TestFrameworks.UnitTests.WhenResolvingTestResults" name="ThenCanResolveAsSingleton(&quot;results-example-xunit.xml&quot;,&quot;XUnit.XUnit1.results-example-xunit.xml&quot;,XUnit1,PicklesDoc.Pickles.TestFrameworks.XUnit.XUnit1.XUnit1Results)" />
    </UnitTest>
    <UnitTest name="ThenCanReadResultsWithBackslashes" storage="c:\users\ericcarlson\documents\github\pickles\src\pickles.testframeworks.unittests\bin\debug\net6.0\picklesdoc.pickles.testframeworks.unittests.dll" id="564ab877-3eea-6f19-973d-0b36bea909da">
      <Execution id="807dfa98-1f7f-47a7-ba98-7c4cb7311f4b" />
      <TestMethod codeBase="C:\Users\ericcarlson\Documents\GitHub\pickles\src\Pickles.TestFrameworks.UnitTests\bin\Debug\net6.0\PicklesDoc.Pickles.TestFrameworks.UnitTests.dll" adapterTypeName="executor://nunit3testexecutor/" className="PicklesDoc.Pickles.TestFrameworks.UnitTests.CucumberJson.WhenParsingCucumberJsonFromJSResultsFile" name="ThenCanReadResultsWithBackslashes" />
    </UnitTest>
    <UnitTest name="ThenCanReadIndividualResultsFromScenarioOutline_OneFailed_ShouldBeTestResultFailed" storage="c:\users\ericcarlson\documents\github\pickles\src\pickles.testframeworks.unittests\bin\debug\net6.0\picklesdoc.pickles.testframeworks.unittests.dll" id="58020c11-c291-9fff-a6eb-d178031b96c9">
      <Execution id="02b2a595-9b8b-4d1e-8da6-0e780085e68e" />
      <TestMethod codeBase="C:\Users\ericcarlson\Documents\GitHub\pickles\src\Pickles.TestFrameworks.UnitTests\bin\Debug\net6.0\PicklesDoc.Pickles.TestFrameworks.UnitTests.dll" adapterTypeName="executor://nunit3testexecutor/" className="PicklesDoc.Pickles.TestFrameworks.UnitTests.MsTest.WhenParsingMsTestResultsFileWithIndividualResults" name="ThenCanReadIndividualResultsFromScenarioOutline_OneFailed_ShouldBeTestResultFailed" />
    </UnitTest>
    <UnitTest name="ThenCanReadIndividualResultsFromScenarioOutline_OneInconclusive_ShouldBeTestResultInconclusive" storage="c:\users\ericcarlson\documents\github\pickles\src\pickles.testframeworks.unittests\bin\debug\net6.0\picklesdoc.pickles.testframeworks.unittests.dll" id="1926ccdc-00d6-72e9-1270-04d414099d1b">
      <Execution id="0faf7bf8-e970-4981-bb23-9ab55ff43bc1" />
      <TestMethod codeBase="C:\Users\ericcarlson\Documents\GitHub\pickles\src\Pickles.TestFrameworks.UnitTests\bin\Debug\net6.0\PicklesDoc.Pickles.TestFrameworks.UnitTests.dll" adapterTypeName="executor://nunit3testexecutor/" className="PicklesDoc.Pickles.TestFrameworks.UnitTests.NUnit.NUnit2.WhenParsingNUnitResultsFileWithIndividualResults" name="ThenCanReadIndividualResultsFromScenarioOutline_OneInconclusive_ShouldBeTestResultInconclusive" />
    </UnitTest>
    <UnitTest name="ThenCanReadIndividualResultsFromScenarioOutline_AllPass_ShouldBeTestResultPassed" storage="c:\users\ericcarlson\documents\github\pickles\src\pickles.testframeworks.unittests\bin\debug\net6.0\picklesdoc.pickles.testframeworks.unittests.dll" id="349afda0-a849-d994-1cb5-43ab74afdf0c">
      <Execution id="0b7bd4df-f479-4358-8cb3-1b30bec30dd3" />
      <TestMethod codeBase="C:\Users\ericcarlson\Documents\GitHub\pickles\src\Pickles.TestFrameworks.UnitTests\bin\Debug\net6.0\PicklesDoc.Pickles.TestFrameworks.UnitTests.dll" adapterTypeName="executor://nunit3testexecutor/" className="PicklesDoc.Pickles.TestFrameworks.UnitTests.NUnit.NUnit2.WhenParsingNUnitResultsFileWithIndividualResults" name="ThenCanReadIndividualResultsFromScenarioOutline_AllPass_ShouldBeTestResultPassed" />
    </UnitTest>
    <UnitTest name="ThenCanReadExamplesWithRegexValuesFromScenarioOutline_ShouldBeTestResultPassed" storage="c:\users\ericcarlson\documents\github\pickles\src\pickles.testframeworks.unittests\bin\debug\net6.0\picklesdoc.pickles.testframeworks.unittests.dll" id="8fac2b79-9e79-56e1-c8b9-dbffbd82ae43">
      <Execution id="a9669104-9e40-458c-835f-23bdcb1c18cb" />
      <TestMethod codeBase="C:\Users\ericcarlson\Documents\GitHub\pickles\src\Pickles.TestFrameworks.UnitTests\bin\Debug\net6.0\PicklesDoc.Pickles.TestFrameworks.UnitTests.dll" adapterTypeName="executor://nunit3testexecutor/" className="PicklesDoc.Pickles.TestFrameworks.UnitTests.XUnit.XUnit1.WhenParsingXUnitResultsFileWithIndividualResults" name="ThenCanReadExamplesWithRegexValuesFromScenarioOutline_ShouldBeTestResultPassed" />
    </UnitTest>
    <UnitTest name="ThenCanReadNotFoundScenarioCorrectly" storage="c:\users\ericcarlson\documents\github\pickles\src\pickles.testframeworks.unittests\bin\debug\net6.0\picklesdoc.pickles.testframeworks.unittests.dll" id="5c207727-4ce6-c546-30ce-9e08049db82c">
      <Execution id="548c8a6e-c778-4fe4-9d9a-75094dd4ebe1" />
      <TestMethod codeBase="C:\Users\ericcarlson\Documents\GitHub\pickles\src\Pickles.TestFrameworks.UnitTests\bin\Debug\net6.0\PicklesDoc.Pickles.TestFrameworks.UnitTests.dll" adapterTypeName="executor://nunit3testexecutor/" className="PicklesDoc.Pickles.TestFrameworks.UnitTests.NUnit.NUnit2.WhenParsingNUnitResultsFile" name="ThenCanReadNotFoundScenarioCorrectly" />
    </UnitTest>
    <UnitTest name="GetFeatureResult_OnePassingOneInconclusive_ReturnsPassed" storage="c:\users\ericcarlson\documents\github\pickles\src\pickles.testframeworks.unittests\bin\debug\net6.0\picklesdoc.pickles.testframeworks.unittests.dll" id="fb45c14f-031e-2628-e205-53c6379c578f">
      <Execution id="ba346408-39de-4c92-ac4c-d7dbaa840197" />
      <TestMethod codeBase="C:\Users\ericcarlson\Documents\GitHub\pickles\src\Pickles.TestFrameworks.UnitTests\bin\Debug\net6.0\PicklesDoc.Pickles.TestFrameworks.UnitTests.dll" adapterTypeName="executor://nunit3testexecutor/" className="PicklesDoc.Pickles.TestFrameworks.UnitTests.SpecRun.WhenParsingMultipleTestResultsTests" name="GetFeatureResult_OnePassingOneInconclusive_ReturnsPassed" />
    </UnitTest>
    <UnitTest name="ThenCanReadNotFoundFeatureCorrectly" storage="c:\users\ericcarlson\documents\github\pickles\src\pickles.testframeworks.unittests\bin\debug\net6.0\picklesdoc.pickles.testframeworks.unittests.dll" id="13bb17c0-9c5e-610c-5753-956c620e1962">
      <Execution id="2a745579-8ac2-4513-8a1a-8cb044cabd19" />
      <TestMethod codeBase="C:\Users\ericcarlson\Documents\GitHub\pickles\src\Pickles.TestFrameworks.UnitTests\bin\Debug\net6.0\PicklesDoc.Pickles.TestFrameworks.UnitTests.dll" adapterTypeName="executor://nunit3testexecutor/" className="PicklesDoc.Pickles.TestFrameworks.UnitTests.MsTest.WhenParsingMsTestResultsFile" name="ThenCanReadNotFoundFeatureCorrectly" />
    </UnitTest>
    <UnitTest name="ThenCanReadResultOfScenarioOutlineWithUmlauts" storage="c:\users\ericcarlson\documents\github\pickles\src\pickles.testframeworks.unittests\bin\debug\net6.0\picklesdoc.pickles.testframeworks.unittests.dll" id="480a0e18-f143-bc50-4b24-c10a44209bde">
      <Execution id="1d456410-0836-4385-8023-dc17651d06da" />
      <TestMethod codeBase="C:\Users\ericcarlson\Documents\GitHub\pickles\src\Pickles.TestFrameworks.UnitTests\bin\Debug\net6.0\PicklesDoc.Pickles.TestFrameworks.UnitTests.dll" adapterTypeName="executor://nunit3testexecutor/" className="PicklesDoc.Pickles.TestFrameworks.UnitTests.NUnit.NUnit3.WhenParsingNunit3ResultsFileForNunit2Tests" name="ThenCanReadResultOfScenarioOutlineWithUmlauts" />
    </UnitTest>
    <UnitTest name="ThenCanReadIndividualResultsFromScenarioOutline_AllPass_ShouldBeTestResultPassed" storage="c:\users\ericcarlson\documents\github\pickles\src\pickles.testframeworks.unittests\bin\debug\net6.0\picklesdoc.pickles.testframeworks.unittests.dll" id="e1e175ed-feba-4c6f-4525-385ac52e4ff1">
      <Execution id="a8231db7-4da8-4cf3-a637-7a261c9d37b0" />
      <TestMethod codeBase="C:\Users\ericcarlson\Documents\GitHub\pickles\src\Pickles.TestFrameworks.UnitTests\bin\Debug\net6.0\PicklesDoc.Pickles.TestFrameworks.UnitTests.dll" adapterTypeName="executor://nunit3testexecutor/" className="PicklesDoc.Pickles.TestFrameworks.UnitTests.VsTest.WhenParsingVsTestResultsFileWithIndividualResults" name="ThenCanReadIndividualResultsFromScenarioOutline_AllPass_ShouldBeTestResultPassed" />
    </UnitTest>
    <UnitTest name="ThenCanReadExamplesWithRegexValuesFromScenarioOutline_ShouldBeTestResultPassed" storage="c:\users\ericcarlson\documents\github\pickles\src\pickles.testframeworks.unittests\bin\debug\net6.0\picklesdoc.pickles.testframeworks.unittests.dll" id="cf93dd1e-782f-a497-0561-e7df285ec6b5">
      <Execution id="daab8b7b-291b-4149-8794-98f92bfc1143" />
      <TestMethod codeBase="C:\Users\ericcarlson\Documents\GitHub\pickles\src\Pickles.TestFrameworks.UnitTests\bin\Debug\net6.0\PicklesDoc.Pickles.TestFrameworks.UnitTests.dll" adapterTypeName="executor://nunit3testexecutor/" className="PicklesDoc.Pickles.TestFrameworks.UnitTests.XUnit.XUnit2.WhenParsingXUnitResultsFileWithIndividualResults" name="ThenCanReadExamplesWithRegexValuesFromScenarioOutline_ShouldBeTestResultPassed" />
    </UnitTest>
    <UnitTest name="ThenCanReadResultsWithParenthesis" storage="c:\users\ericcarlson\documents\github\pickles\src\pickles.testframeworks.unittests\bin\debug\net6.0\picklesdoc.pickles.testframeworks.unittests.dll" id="661b4fd7-8a74-3489-35c5-59457dbca55e">
      <Execution id="d3a4176f-7740-4ac2-8be6-f289ce629cc4" />
      <TestMethod codeBase="C:\Users\ericcarlson\Documents\GitHub\pickles\src\Pickles.TestFrameworks.UnitTests\bin\Debug\net6.0\PicklesDoc.Pickles.TestFrameworks.UnitTests.dll" adapterTypeName="executor://nunit3testexecutor/" className="PicklesDoc.Pickles.TestFrameworks.UnitTests.NUnit.NUnit2.WhenParsingNUnitResultsFile" name="ThenCanReadResultsWithParenthesis" />
    </UnitTest>
    <UnitTest name="ThenCanResolve(&quot;results-example-specrun.html&quot;,&quot;SpecRun.results-example-specrun.html&quot;,SpecRun,PicklesDoc.Pickles.TestFrameworks.SpecRun.SpecRunResults)" storage="c:\users\ericcarlson\documents\github\pickles\src\pickles.testframeworks.unittests\bin\debug\net6.0\picklesdoc.pickles.testframeworks.unittests.dll" id="7590abfc-e3f9-c5c4-d7ce-a5409c12a2d1">
      <Execution id="ae2037d0-790d-4fc2-83f7-e1808e6d1e95" />
      <TestMethod codeBase="C:\Users\ericcarlson\Documents\GitHub\pickles\src\Pickles.TestFrameworks.UnitTests\bin\Debug\net6.0\PicklesDoc.Pickles.TestFrameworks.UnitTests.dll" adapterTypeName="executor://nunit3testexecutor/" className="PicklesDoc.Pickles.TestFrameworks.UnitTests.WhenResolvingTestResults" name="ThenCanResolve(&quot;results-example-specrun.html&quot;,&quot;SpecRun.results-example-specrun.html&quot;,SpecRun,PicklesDoc.Pickles.TestFrameworks.SpecRun.SpecRunResults)" />
    </UnitTest>
    <UnitTest name="ThenCanReadInconclusiveScenarioResultSuccessfully" storage="c:\users\ericcarlson\documents\github\pickles\src\pickles.testframeworks.unittests\bin\debug\net6.0\picklesdoc.pickles.testframeworks.unittests.dll" id="2bc825b9-9d72-ab78-dc57-730a6f14b2c6">
      <Execution id="20a92483-f7eb-448c-9610-59ee0b66cd2c" />
      <TestMethod codeBase="C:\Users\ericcarlson\Documents\GitHub\pickles\src\Pickles.TestFrameworks.UnitTests\bin\Debug\net6.0\PicklesDoc.Pickles.TestFrameworks.UnitTests.dll" adapterTypeName="executor://nunit3testexecutor/" className="PicklesDoc.Pickles.TestFrameworks.UnitTests.SpecRun.WhenParsingSpecRunTestResultsFile" name="ThenCanReadInconclusiveScenarioResultSuccessfully" />
    </UnitTest>
    <UnitTest name="ThenCanReadIndividualResultsFromScenarioOutline_MultipleNamedExamplesWithDuplicateValues_ShouldMatchExamples" storage="c:\users\ericcarlson\documents\github\pickles\src\pickles.testframeworks.unittests\bin\debug\net6.0\picklesdoc.pickles.testframeworks.unittests.dll" id="d7f6d945-38ba-f308-695a-8462453f5d48">
      <Execution id="e37e5267-ba3b-4a75-a4a7-5dd6bb911dc1" />
      <TestMethod codeBase="C:\Users\ericcarlson\Documents\GitHub\pickles\src\Pickles.TestFrameworks.UnitTests\bin\Debug\net6.0\PicklesDoc.Pickles.TestFrameworks.UnitTests.dll" adapterTypeName="executor://nunit3testexecutor/" className="PicklesDoc.Pickles.TestFrameworks.UnitTests.CucumberJson.WhenParsingCucumberJsonFromJSResultsFileWithIndividualResults" name="ThenCanReadIndividualResultsFromScenarioOutline_MultipleNamedExamplesWithDuplicateValues_ShouldMatchExamples" />
    </UnitTest>
    <UnitTest name="ThenCanReadIndividualResultsFromScenarioOutline_MultipleNamedExamples_ShouldMatchExamples" storage="c:\users\ericcarlson\documents\github\pickles\src\pickles.testframeworks.unittests\bin\debug\net6.0\picklesdoc.pickles.testframeworks.unittests.dll" id="be92073c-cf35-830c-7fa7-636e79ce0e65">
      <Execution id="29a53af4-99a1-4dbb-a605-9bbddee70dd9" />
      <TestMethod codeBase="C:\Users\ericcarlson\Documents\GitHub\pickles\src\Pickles.TestFrameworks.UnitTests\bin\Debug\net6.0\PicklesDoc.Pickles.TestFrameworks.UnitTests.dll" adapterTypeName="executor://nunit3testexecutor/" className="PicklesDoc.Pickles.TestFrameworks.UnitTests.CucumberJson.WhenParsingCucumberJsonFromJSResultsFileWithIndividualResults" name="ThenCanReadIndividualResultsFromScenarioOutline_MultipleNamedExamples_ShouldMatchExamples" />
    </UnitTest>
    <UnitTest name="ThenCanReadInconclusiveScenarioResultSuccessfully" storage="c:\users\ericcarlson\documents\github\pickles\src\pickles.testframeworks.unittests\bin\debug\net6.0\picklesdoc.pickles.testframeworks.unittests.dll" id="d8c07703-c6ba-2990-8554-e0597fbd2a9a">
      <Execution id="19fe6fd0-0489-4e52-beec-1ebf5c1ccd3e" />
      <TestMethod codeBase="C:\Users\ericcarlson\Documents\GitHub\pickles\src\Pickles.TestFrameworks.UnitTests\bin\Debug\net6.0\PicklesDoc.Pickles.TestFrameworks.UnitTests.dll" adapterTypeName="executor://nunit3testexecutor/" className="PicklesDoc.Pickles.TestFrameworks.UnitTests.MsTest.WhenParsingMsTestResultsFile" name="ThenCanReadInconclusiveScenarioResultSuccessfully" />
    </UnitTest>
    <UnitTest name="ThenCanReadResultOfScenarioOutlineWithSpecialCharacters" storage="c:\users\ericcarlson\documents\github\pickles\src\pickles.testframeworks.unittests\bin\debug\net6.0\picklesdoc.pickles.testframeworks.unittests.dll" id="f433ab30-ec94-3266-329c-2d06d086eb91">
      <Execution id="5bb99402-edce-411e-9467-b056276438b3" />
      <TestMethod codeBase="C:\Users\ericcarlson\Documents\GitHub\pickles\src\Pickles.TestFrameworks.UnitTests\bin\Debug\net6.0\PicklesDoc.Pickles.TestFrameworks.UnitTests.dll" adapterTypeName="executor://nunit3testexecutor/" className="PicklesDoc.Pickles.TestFrameworks.UnitTests.CucumberJson.WhenParsingCucumberJsonFromJSResultsFile" name="ThenCanReadResultOfScenarioOutlineWithSpecialCharacters" />
    </UnitTest>
    <UnitTest name="ThenCanReadResultsWithBackslashes" storage="c:\users\ericcarlson\documents\github\pickles\src\pickles.testframeworks.unittests\bin\debug\net6.0\picklesdoc.pickles.testframeworks.unittests.dll" id="5bf4d307-a36a-3c36-5190-d6315ecad070">
      <Execution id="2ca5b45b-b2a8-4247-91d2-62fefe732cb4" />
      <TestMethod codeBase="C:\Users\ericcarlson\Documents\GitHub\pickles\src\Pickles.TestFrameworks.UnitTests\bin\Debug\net6.0\PicklesDoc.Pickles.TestFrameworks.UnitTests.dll" adapterTypeName="executor://nunit3testexecutor/" className="PicklesDoc.Pickles.TestFrameworks.UnitTests.NUnit.NUnit3.WhenParsingNunit3ResultsFileForNunit2Tests" name="ThenCanReadResultsWithBackslashes" />
    </UnitTest>
    <UnitTest name="ThenCanReadIgnoredScenarioResultSuccessfully" storage="c:\users\ericcarlson\documents\github\pickles\src\pickles.testframeworks.unittests\bin\debug\net6.0\picklesdoc.pickles.testframeworks.unittests.dll" id="e41e37c8-c167-4d5a-947f-916a5e4f0a98">
      <Execution id="7dd2ab92-957f-45d9-aa35-50003c72c8e3" />
      <TestMethod codeBase="C:\Users\ericcarlson\Documents\GitHub\pickles\src\Pickles.TestFrameworks.UnitTests\bin\Debug\net6.0\PicklesDoc.Pickles.TestFrameworks.UnitTests.dll" adapterTypeName="executor://nunit3testexecutor/" className="PicklesDoc.Pickles.TestFrameworks.UnitTests.VsTest.WhenParsingVsTestResultsFile" name="ThenCanReadIgnoredScenarioResultSuccessfully" />
    </UnitTest>
    <UnitTest name="RegularExpressionAsExampleContentMatches_With_FullStop_And_Asterisk" storage="c:\users\ericcarlson\documents\github\pickles\src\pickles.testframeworks.unittests\bin\debug\net6.0\picklesdoc.pickles.testframeworks.unittests.dll" id="2fbca240-d73e-90fe-fa10-66a717472df8">
      <Execution id="bce06237-93f9-46c9-be33-ab8f05963882" />
      <TestMethod codeBase="C:\Users\ericcarlson\Documents\GitHub\pickles\src\Pickles.TestFrameworks.UnitTests\bin\Debug\net6.0\PicklesDoc.Pickles.TestFrameworks.UnitTests.dll" adapterTypeName="executor://nunit3testexecutor/" className="PicklesDoc.Pickles.TestFrameworks.UnitTests.XUnit.XUnit2.WhenDeterminingTheSignatureOfAnXUnit2ExampleRow" name="RegularExpressionAsExampleContentMatches_With_FullStop_And_Asterisk" />
    </UnitTest>
    <UnitTest name="ThenCanReadIndividualResultsFromScenarioOutline_MultipleExampleSections_ShouldBeTestResultFailed" storage="c:\users\ericcarlson\documents\github\pickles\src\pickles.testframeworks.unittests\bin\debug\net6.0\picklesdoc.pickles.testframeworks.unittests.dll" id="e88e51df-0600-5288-c5bd-454451abcf17">
      <Execution id="747f7902-a378-490d-b0fa-8d5666947147" />
      <TestMethod codeBase="C:\Users\ericcarlson\Documents\GitHub\pickles\src\Pickles.TestFrameworks.UnitTests\bin\Debug\net6.0\PicklesDoc.Pickles.TestFrameworks.UnitTests.dll" adapterTypeName="executor://nunit3testexecutor/" className="PicklesDoc.Pickles.TestFrameworks.UnitTests.NUnit.NUnit3.WhenParsingNUnitResultsFileWithIndividualResults" name="ThenCanReadIndividualResultsFromScenarioOutline_MultipleExampleSections_ShouldBeTestResultFailed" />
    </UnitTest>
    <UnitTest name="ThenCanReadResultOfScenarioOutlineWithAmpersand" storage="c:\users\ericcarlson\documents\github\pickles\src\pickles.testframeworks.unittests\bin\debug\net6.0\picklesdoc.pickles.testframeworks.unittests.dll" id="99f5e557-c1c6-7f3a-33fd-4b0fa5a0fc7b">
      <Execution id="5cdeac63-d453-4653-a932-e88958b7ae68" />
      <TestMethod codeBase="C:\Users\ericcarlson\Documents\GitHub\pickles\src\Pickles.TestFrameworks.UnitTests\bin\Debug\net6.0\PicklesDoc.Pickles.TestFrameworks.UnitTests.dll" adapterTypeName="executor://nunit3testexecutor/" className="PicklesDoc.Pickles.TestFrameworks.UnitTests.CucumberJson.WhenParsingCucumberJsonFromRubyResultsFile" name="ThenCanReadResultOfScenarioOutlineWithAmpersand" />
    </UnitTest>
    <UnitTest name="ThenCanReadIndividualResultsFromScenarioOutline_OneInconclusive_ShouldBeTestResultInconclusive" storage="c:\users\ericcarlson\documents\github\pickles\src\pickles.testframeworks.unittests\bin\debug\net6.0\picklesdoc.pickles.testframeworks.unittests.dll" id="0d0f4cc2-46ec-cf86-fc13-2bff0b09bc6d">
      <Execution id="e53e15df-c058-461a-8892-5655b1c5faa9" />
      <TestMethod codeBase="C:\Users\ericcarlson\Documents\GitHub\pickles\src\Pickles.TestFrameworks.UnitTests\bin\Debug\net6.0\PicklesDoc.Pickles.TestFrameworks.UnitTests.dll" adapterTypeName="executor://nunit3testexecutor/" className="PicklesDoc.Pickles.TestFrameworks.UnitTests.XUnit.XUnit1.WhenParsingXUnitResultsFileWithIndividualResults" name="ThenCanReadIndividualResultsFromScenarioOutline_OneInconclusive_ShouldBeTestResultInconclusive" />
    </UnitTest>
    <UnitTest name="ThenCanReadFeatureResultSuccessfully" storage="c:\users\ericcarlson\documents\github\pickles\src\pickles.testframeworks.unittests\bin\debug\net6.0\picklesdoc.pickles.testframeworks.unittests.dll" id="0bcd34cc-6526-724a-3466-15a3045d227d">
      <Execution id="cdf4cca7-8e55-40a8-bed1-68d4360288d3" />
      <TestMethod codeBase="C:\Users\ericcarlson\Documents\GitHub\pickles\src\Pickles.TestFrameworks.UnitTests\bin\Debug\net6.0\PicklesDoc.Pickles.TestFrameworks.UnitTests.dll" adapterTypeName="executor://nunit3testexecutor/" className="PicklesDoc.Pickles.TestFrameworks.UnitTests.NUnit.NUnit3.WhenParsingNunit3ResultsFileForNunit2Tests" name="ThenCanReadFeatureResultSuccessfully" />
    </UnitTest>
    <UnitTest name="ThenCanReadResultOfScenarioOutlineWithAmpersand" storage="c:\users\ericcarlson\documents\github\pickles\src\pickles.testframeworks.unittests\bin\debug\net6.0\picklesdoc.pickles.testframeworks.unittests.dll" id="62eaccee-691a-dc72-a0c7-fc4bd9bbc8f7">
      <Execution id="c364bfc8-9c6f-4ea2-8a92-f6e16320f661" />
      <TestMethod codeBase="C:\Users\ericcarlson\Documents\GitHub\pickles\src\Pickles.TestFrameworks.UnitTests\bin\Debug\net6.0\PicklesDoc.Pickles.TestFrameworks.UnitTests.dll" adapterTypeName="executor://nunit3testexecutor/" className="PicklesDoc.Pickles.TestFrameworks.UnitTests.XUnit.XUnit1.WhenParsingxUnitResultsFile" name="ThenCanReadResultOfScenarioOutlineWithAmpersand" />
    </UnitTest>
    <UnitTest name="ThenCanReadResultsWithBackslashes" storage="c:\users\ericcarlson\documents\github\pickles\src\pickles.testframeworks.unittests\bin\debug\net6.0\picklesdoc.pickles.testframeworks.unittests.dll" id="0d4c793d-3e33-a08f-1290-d7f68ea68b15">
      <Execution id="0d1b922f-ada0-41db-9040-c5d4ee311389" />
      <TestMethod codeBase="C:\Users\ericcarlson\Documents\GitHub\pickles\src\Pickles.TestFrameworks.UnitTests\bin\Debug\net6.0\PicklesDoc.Pickles.TestFrameworks.UnitTests.dll" adapterTypeName="executor://nunit3testexecutor/" className="PicklesDoc.Pickles.TestFrameworks.UnitTests.MsTest.WhenParsingMsTestResultsFile" name="ThenCanReadResultsWithBackslashes" />
    </UnitTest>
    <UnitTest name="ThenCanReadResultOfScenarioOutlineWithSpecialCharacters" storage="c:\users\ericcarlson\documents\github\pickles\src\pickles.testframeworks.unittests\bin\debug\net6.0\picklesdoc.pickles.testframeworks.unittests.dll" id="5528f4d8-ebd5-6f1e-e4bf-3f7dddfcc499">
      <Execution id="bc23c319-0b19-46ad-a9fa-ece7e8eb6c4e" />
      <TestMethod codeBase="C:\Users\ericcarlson\Documents\GitHub\pickles\src\Pickles.TestFrameworks.UnitTests\bin\Debug\net6.0\PicklesDoc.Pickles.TestFrameworks.UnitTests.dll" adapterTypeName="executor://nunit3testexecutor/" className="PicklesDoc.Pickles.TestFrameworks.UnitTests.CucumberJson.WhenParsingCucumberJsonFromRubyResultsFile" name="ThenCanReadResultOfScenarioOutlineWithSpecialCharacters" />
    </UnitTest>
    <UnitTest name="ThenCanReadResultOfScenarioOutlineWithSpecialCharacters" storage="c:\users\ericcarlson\documents\github\pickles\src\pickles.testframeworks.unittests\bin\debug\net6.0\picklesdoc.pickles.testframeworks.unittests.dll" id="d09ead03-57a4-a7c5-33ac-18bdf2ed785e">
      <Execution id="29f16d23-929a-4271-8250-db6d88c6556e" />
      <TestMethod codeBase="C:\Users\ericcarlson\Documents\GitHub\pickles\src\Pickles.TestFrameworks.UnitTests\bin\Debug\net6.0\PicklesDoc.Pickles.TestFrameworks.UnitTests.dll" adapterTypeName="executor://nunit3testexecutor/" className="PicklesDoc.Pickles.TestFrameworks.UnitTests.NUnit.NUnit3.WhenParsingNunit3ResultsFileForNunit2Tests" name="ThenCanReadResultOfScenarioOutlineWithSpecialCharacters" />
    </UnitTest>
    <UnitTest name="ThenCanReadResultOfScenarioWithSpanishCharacters" storage="c:\users\ericcarlson\documents\github\pickles\src\pickles.testframeworks.unittests\bin\debug\net6.0\picklesdoc.pickles.testframeworks.unittests.dll" id="dc101341-c73f-f576-2045-514a0c7d85da">
      <Execution id="536b388b-a85c-45ad-adb8-c20214b2c3d4" />
      <TestMethod codeBase="C:\Users\ericcarlson\Documents\GitHub\pickles\src\Pickles.TestFrameworks.UnitTests\bin\Debug\net6.0\PicklesDoc.Pickles.TestFrameworks.UnitTests.dll" adapterTypeName="executor://nunit3testexecutor/" className="PicklesDoc.Pickles.TestFrameworks.UnitTests.XUnit.XUnit1.WhenParsingxUnitResultsFile" name="ThenCanReadResultOfScenarioWithSpanishCharacters" />
    </UnitTest>
    <UnitTest name="ThenCanReadIndividualResultsFromScenarioOutline_MultipleNamedExamples_ShouldMatchExamples" storage="c:\users\ericcarlson\documents\github\pickles\src\pickles.testframeworks.unittests\bin\debug\net6.0\picklesdoc.pickles.testframeworks.unittests.dll" id="86e3825d-829f-92fe-d878-0ca95ca51e4d">
      <Execution id="447f79dc-7e43-408d-9cba-324bb76642b4" />
      <TestMethod codeBase="C:\Users\ericcarlson\Documents\GitHub\pickles\src\Pickles.TestFrameworks.UnitTests\bin\Debug\net6.0\PicklesDoc.Pickles.TestFrameworks.UnitTests.dll" adapterTypeName="executor://nunit3testexecutor/" className="PicklesDoc.Pickles.TestFrameworks.UnitTests.NUnit.NUnit2.WhenParsingNUnitResultsFileWithIndividualResults" name="ThenCanReadIndividualResultsFromScenarioOutline_MultipleNamedExamples_ShouldMatchExamples" />
    </UnitTest>
    <UnitTest name="ThenCanReadResultOfScenarioWithFailingBackground" storage="c:\users\ericcarlson\documents\github\pickles\src\pickles.testframeworks.unittests\bin\debug\net6.0\picklesdoc.pickles.testframeworks.unittests.dll" id="9893997e-53da-cb26-1457-0e4e96142bee">
      <Execution id="5964ecd3-5e0a-4378-9cb0-c0f8a8330037" />
      <TestMethod codeBase="C:\Users\ericcarlson\Documents\GitHub\pickles\src\Pickles.TestFrameworks.UnitTests\bin\Debug\net6.0\PicklesDoc.Pickles.TestFrameworks.UnitTests.dll" adapterTypeName="executor://nunit3testexecutor/" className="PicklesDoc.Pickles.TestFrameworks.UnitTests.NUnit.NUnit3.WhenParsingNunit3ResultsFileForNunit2Tests" name="ThenCanReadResultOfScenarioWithFailingBackground" />
    </UnitTest>
    <UnitTest name="ThenCanReadResultOfFeatureWithFailingBackground" storage="c:\users\ericcarlson\documents\github\pickles\src\pickles.testframeworks.unittests\bin\debug\net6.0\picklesdoc.pickles.testframeworks.unittests.dll" id="8ace6733-ba13-8c23-aec1-3ea938759ad0">
      <Execution id="b63eff26-192d-4805-a658-fad4cdccc79b" />
      <TestMethod codeBase="C:\Users\ericcarlson\Documents\GitHub\pickles\src\Pickles.TestFrameworks.UnitTests\bin\Debug\net6.0\PicklesDoc.Pickles.TestFrameworks.UnitTests.dll" adapterTypeName="executor://nunit3testexecutor/" className="PicklesDoc.Pickles.TestFrameworks.UnitTests.NUnit.NUnit2.WhenParsingNUnitResultsFile" name="ThenCanReadResultOfFeatureWithFailingBackground" />
    </UnitTest>
    <UnitTest name="ThenCanReadSuccessfulScenarioResultSuccessfully" storage="c:\users\ericcarlson\documents\github\pickles\src\pickles.testframeworks.unittests\bin\debug\net6.0\picklesdoc.pickles.testframeworks.unittests.dll" id="704a0578-e150-f687-8667-46c29aab4a2d">
      <Execution id="6ec012f8-3997-454d-9e0e-c5dbc84cefee" />
      <TestMethod codeBase="C:\Users\ericcarlson\Documents\GitHub\pickles\src\Pickles.TestFrameworks.UnitTests\bin\Debug\net6.0\PicklesDoc.Pickles.TestFrameworks.UnitTests.dll" adapterTypeName="executor://nunit3testexecutor/" className="PicklesDoc.Pickles.TestFrameworks.UnitTests.VsTest.WhenParsingVsTestResultsFile" name="ThenCanReadSuccessfulScenarioResultSuccessfully" />
    </UnitTest>
    <UnitTest name="ThenCanReadExamplesWithLongExampleValues" storage="c:\users\ericcarlson\documents\github\pickles\src\pickles.testframeworks.unittests\bin\debug\net6.0\picklesdoc.pickles.testframeworks.unittests.dll" id="35ba7772-dced-01ec-65bd-9f0afe402f1a">
      <Execution id="376a387a-22c5-42a7-adfd-e90af16fd7c6" />
      <TestMethod codeBase="C:\Users\ericcarlson\Documents\GitHub\pickles\src\Pickles.TestFrameworks.UnitTests\bin\Debug\net6.0\PicklesDoc.Pickles.TestFrameworks.UnitTests.dll" adapterTypeName="executor://nunit3testexecutor/" className="PicklesDoc.Pickles.TestFrameworks.UnitTests.MsTest.WhenParsingMsTestResultsFileWithIndividualResults" name="ThenCanReadExamplesWithLongExampleValues" />
    </UnitTest>
    <UnitTest name="ThenCanReadResultOfScenarioWithSpecialCharacters" storage="c:\users\ericcarlson\documents\github\pickles\src\pickles.testframeworks.unittests\bin\debug\net6.0\picklesdoc.pickles.testframeworks.unittests.dll" id="279277b8-c475-1740-4b89-51c71b5e60bc">
      <Execution id="4f74ee7d-e42f-4f6e-ab96-ebc8b29a653f" />
      <TestMethod codeBase="C:\Users\ericcarlson\Documents\GitHub\pickles\src\Pickles.TestFrameworks.UnitTests\bin\Debug\net6.0\PicklesDoc.Pickles.TestFrameworks.UnitTests.dll" adapterTypeName="executor://nunit3testexecutor/" className="PicklesDoc.Pickles.TestFrameworks.UnitTests.MsTest.WhenParsingMsTestResultsFile" name="ThenCanReadResultOfScenarioWithSpecialCharacters" />
    </UnitTest>
    <UnitTest name="ThenCanReadResultOfScenarioOutlineWithSpecialCharacters" storage="c:\users\ericcarlson\documents\github\pickles\src\pickles.testframeworks.unittests\bin\debug\net6.0\picklesdoc.pickles.testframeworks.unittests.dll" id="20f75a53-728a-3e27-2cbb-bec08c93c778">
      <Execution id="2b44ca2f-bfb3-4249-b59c-5d477b7e6573" />
      <TestMethod codeBase="C:\Users\ericcarlson\Documents\GitHub\pickles\src\Pickles.TestFrameworks.UnitTests\bin\Debug\net6.0\PicklesDoc.Pickles.TestFrameworks.UnitTests.dll" adapterTypeName="executor://nunit3testexecutor/" className="PicklesDoc.Pickles.TestFrameworks.UnitTests.NUnit.NUnit2.WhenParsingNUnitResultsFile" name="ThenCanReadResultOfScenarioOutlineWithSpecialCharacters" />
    </UnitTest>
    <UnitTest name="ThenCanReadResultOfScenarioWithSpanishCharacters" storage="c:\users\ericcarlson\documents\github\pickles\src\pickles.testframeworks.unittests\bin\debug\net6.0\picklesdoc.pickles.testframeworks.unittests.dll" id="2fa9a1f4-abc4-ffa0-207f-983e0f96fe73">
      <Execution id="4f8bba8c-be92-4614-b96b-62e074a8ee2c" />
      <TestMethod codeBase="C:\Users\ericcarlson\Documents\GitHub\pickles\src\Pickles.TestFrameworks.UnitTests\bin\Debug\net6.0\PicklesDoc.Pickles.TestFrameworks.UnitTests.dll" adapterTypeName="executor://nunit3testexecutor/" className="PicklesDoc.Pickles.TestFrameworks.UnitTests.SpecRun.WhenParsingSpecRunTestResultsFile" name="ThenCanReadResultOfScenarioWithSpanishCharacters" />
    </UnitTest>
    <UnitTest name="ThenCanReadSuccessfulScenarioResultSuccessfully" storage="c:\users\ericcarlson\documents\github\pickles\src\pickles.testframeworks.unittests\bin\debug\net6.0\picklesdoc.pickles.testframeworks.unittests.dll" id="66e03bc3-9a1a-bb82-873e-d256b3c27477">
      <Execution id="11b282c4-6f2f-4fac-9771-5d2c3ba77c41" />
      <TestMethod codeBase="C:\Users\ericcarlson\Documents\GitHub\pickles\src\Pickles.TestFrameworks.UnitTests\bin\Debug\net6.0\PicklesDoc.Pickles.TestFrameworks.UnitTests.dll" adapterTypeName="executor://nunit3testexecutor/" className="PicklesDoc.Pickles.TestFrameworks.UnitTests.MsTest.WhenParsingMsTestResultsFile" name="ThenCanReadSuccessfulScenarioResultSuccessfully" />
    </UnitTest>
    <UnitTest name="RegularExpressionAsExampleContentMatches_With_Full_Regular_Expression" storage="c:\users\ericcarlson\documents\github\pickles\src\pickles.testframeworks.unittests\bin\debug\net6.0\picklesdoc.pickles.testframeworks.unittests.dll" id="6768218c-6567-ac9b-b338-b8819476acaf">
      <Execution id="2cb97a38-2dda-4407-a734-3d91781e5d4e" />
      <TestMethod codeBase="C:\Users\ericcarlson\Documents\GitHub\pickles\src\Pickles.TestFrameworks.UnitTests\bin\Debug\net6.0\PicklesDoc.Pickles.TestFrameworks.UnitTests.dll" adapterTypeName="executor://nunit3testexecutor/" className="PicklesDoc.Pickles.TestFrameworks.UnitTests.XUnit.XUnit2.WhenDeterminingTheSignatureOfAnXUnit2ExampleRow" name="RegularExpressionAsExampleContentMatches_With_Full_Regular_Expression" />
    </UnitTest>
    <UnitTest name="ThenCanReadResultOfFeatureWithFailingBackground" storage="c:\users\ericcarlson\documents\github\pickles\src\pickles.testframeworks.unittests\bin\debug\net6.0\picklesdoc.pickles.testframeworks.unittests.dll" id="51b33863-1938-707d-697f-94c37596fd6d">
      <Execution id="80ed1b6f-a8ae-4a4f-90a3-038e35e943ca" />
      <TestMethod codeBase="C:\Users\ericcarlson\Documents\GitHub\pickles\src\Pickles.TestFrameworks.UnitTests\bin\Debug\net6.0\PicklesDoc.Pickles.TestFrameworks.UnitTests.dll" adapterTypeName="executor://nunit3testexecutor/" className="PicklesDoc.Pickles.TestFrameworks.UnitTests.CucumberJson.WhenParsingCucumberJsonFromRubyResultsFile" name="ThenCanReadResultOfFeatureWithFailingBackground" />
    </UnitTest>
    <UnitTest name="ThenCanReadResultOfScenarioOutlineWithFailingBackground" storage="c:\users\ericcarlson\documents\github\pickles\src\pickles.testframeworks.unittests\bin\debug\net6.0\picklesdoc.pickles.testframeworks.unittests.dll" id="2f1248d0-a771-9597-d90a-fb612873ab24">
      <Execution id="c3108cfd-b5b1-4b87-a659-353e662346a9" />
      <TestMethod codeBase="C:\Users\ericcarlson\Documents\GitHub\pickles\src\Pickles.TestFrameworks.UnitTests\bin\Debug\net6.0\PicklesDoc.Pickles.TestFrameworks.UnitTests.dll" adapterTypeName="executor://nunit3testexecutor/" className="PicklesDoc.Pickles.TestFrameworks.UnitTests.CucumberJson.WhenParsingCucumberJsonFromRubyResultsFile" name="ThenCanReadResultOfScenarioOutlineWithFailingBackground" />
    </UnitTest>
    <UnitTest name="ThenCanResolve(&quot;results-example-xunit.xml&quot;,&quot;XUnit.XUnit1.results-example-xunit.xml&quot;,XUnit1,PicklesDoc.Pickles.TestFrameworks.XUnit.XUnit1.XUnit1Results)" storage="c:\users\ericcarlson\documents\github\pickles\src\pickles.testframeworks.unittests\bin\debug\net6.0\picklesdoc.pickles.testframeworks.unittests.dll" id="47086e35-06f3-bc27-02fb-3f657d13b0a3">
      <Execution id="9c523c5c-6367-4dc6-bf80-17339ace1891" />
      <TestMethod codeBase="C:\Users\ericcarlson\Documents\GitHub\pickles\src\Pickles.TestFrameworks.UnitTests\bin\Debug\net6.0\PicklesDoc.Pickles.TestFrameworks.UnitTests.dll" adapterTypeName="executor://nunit3testexecutor/" className="PicklesDoc.Pickles.TestFrameworks.UnitTests.WhenResolvingTestResults" name="ThenCanResolve(&quot;results-example-xunit.xml&quot;,&quot;XUnit.XUnit1.results-example-xunit.xml&quot;,XUnit1,PicklesDoc.Pickles.TestFrameworks.XUnit.XUnit1.XUnit1Results)" />
    </UnitTest>
    <UnitTest name="ThenCanReadIndividualResultsFromScenarioOutline_MultipleExamplesWithDuplicateValues_ShouldMatchExamples" storage="c:\users\ericcarlson\documents\github\pickles\src\pickles.testframeworks.unittests\bin\debug\net6.0\picklesdoc.pickles.testframeworks.unittests.dll" id="dda4734d-9263-9683-bcf1-0cc612cb1594">
      <Execution id="91aee1f4-b407-41fa-adf1-aac82d4ac863" />
      <TestMethod codeBase="C:\Users\ericcarlson\Documents\GitHub\pickles\src\Pickles.TestFrameworks.UnitTests\bin\Debug\net6.0\PicklesDoc.Pickles.TestFrameworks.UnitTests.dll" adapterTypeName="executor://nunit3testexecutor/" className="PicklesDoc.Pickles.TestFrameworks.UnitTests.NUnit.NUnit3.WhenParsingNUnitResultsFileWithIndividualResults" name="ThenCanReadIndividualResultsFromScenarioOutline_MultipleExamplesWithDuplicateValues_ShouldMatchExamples" />
    </UnitTest>
    <UnitTest name="ThenCanReadIgnoredScenarioResultSuccessfully" storage="c:\users\ericcarlson\documents\github\pickles\src\pickles.testframeworks.unittests\bin\debug\net6.0\picklesdoc.pickles.testframeworks.unittests.dll" id="8bb3b051-fd54-70fa-37da-5e1986e478a5">
      <Execution id="ae983263-2e46-42ba-8a50-189bdaa8d2f2" />
      <TestMethod codeBase="C:\Users\ericcarlson\Documents\GitHub\pickles\src\Pickles.TestFrameworks.UnitTests\bin\Debug\net6.0\PicklesDoc.Pickles.TestFrameworks.UnitTests.dll" adapterTypeName="executor://nunit3testexecutor/" className="PicklesDoc.Pickles.TestFrameworks.UnitTests.NUnit.NUnit3.WhenParsingNunit3ResultsFileForNunit2Tests" name="ThenCanReadIgnoredScenarioResultSuccessfully" />
    </UnitTest>
    <UnitTest name="ThenCanReadResultOfScenarioWithDanishCharacters" storage="c:\users\ericcarlson\documents\github\pickles\src\pickles.testframeworks.unittests\bin\debug\net6.0\picklesdoc.pickles.testframeworks.unittests.dll" id="c453c6ec-7ac7-6aba-4513-ebc0b71441c4">
      <Execution id="fb52b478-c8f3-439f-89f4-ac9e27c97bb8" />
      <TestMethod codeBase="C:\Users\ericcarlson\Documents\GitHub\pickles\src\Pickles.TestFrameworks.UnitTests\bin\Debug\net6.0\PicklesDoc.Pickles.TestFrameworks.UnitTests.dll" adapterTypeName="executor://nunit3testexecutor/" className="PicklesDoc.Pickles.TestFrameworks.UnitTests.NUnit.NUnit2.WhenParsingNUnitResultsFile" name="ThenCanReadResultOfScenarioWithDanishCharacters" />
    </UnitTest>
    <UnitTest name="ThenCanResolveAsSingleton(null,null,null,PicklesDoc.Pickles.TestFrameworks.NullTestResults)" storage="c:\users\ericcarlson\documents\github\pickles\src\pickles.testframeworks.unittests\bin\debug\net6.0\picklesdoc.pickles.testframeworks.unittests.dll" id="1b78643d-a4c2-713e-da90-2e6b0238a12b">
      <Execution id="35234f55-97e9-4518-a200-fd07be2f43b6" />
      <TestMethod codeBase="C:\Users\ericcarlson\Documents\GitHub\pickles\src\Pickles.TestFrameworks.UnitTests\bin\Debug\net6.0\PicklesDoc.Pickles.TestFrameworks.UnitTests.dll" adapterTypeName="executor://nunit3testexecutor/" className="PicklesDoc.Pickles.TestFrameworks.UnitTests.WhenResolvingTestResults" name="ThenCanResolveAsSingleton(null,null,null,PicklesDoc.Pickles.TestFrameworks.NullTestResults)" />
    </UnitTest>
    <UnitTest name="ThenCanSuccessfullyMatchExamplesWithLongValues" storage="c:\users\ericcarlson\documents\github\pickles\src\pickles.testframeworks.unittests\bin\debug\net6.0\picklesdoc.pickles.testframeworks.unittests.dll" id="4daa0264-d422-7a85-989e-1ae9e712a1eb">
      <Execution id="44660858-151c-4b42-b6d2-d86c8294249f" />
      <TestMethod codeBase="C:\Users\ericcarlson\Documents\GitHub\pickles\src\Pickles.TestFrameworks.UnitTests\bin\Debug\net6.0\PicklesDoc.Pickles.TestFrameworks.UnitTests.dll" adapterTypeName="executor://nunit3testexecutor/" className="PicklesDoc.Pickles.TestFrameworks.UnitTests.NUnit.NUnit2.WhenDeterminingTheSignatureOfAnNUnitExampleRow" name="ThenCanSuccessfullyMatchExamplesWithLongValues" />
    </UnitTest>
    <UnitTest name="ThenCanReadResultOfScenarioWithFailingBackground" storage="c:\users\ericcarlson\documents\github\pickles\src\pickles.testframeworks.unittests\bin\debug\net6.0\picklesdoc.pickles.testframeworks.unittests.dll" id="f7956f7c-5887-9a0c-7c3e-645573a0e845">
      <Execution id="bed64591-60e8-4663-a611-88ac19874d9a" />
      <TestMethod codeBase="C:\Users\ericcarlson\Documents\GitHub\pickles\src\Pickles.TestFrameworks.UnitTests\bin\Debug\net6.0\PicklesDoc.Pickles.TestFrameworks.UnitTests.dll" adapterTypeName="executor://nunit3testexecutor/" className="PicklesDoc.Pickles.TestFrameworks.UnitTests.MsTest.WhenParsingMsTestResultsFile" name="ThenCanReadResultOfScenarioWithFailingBackground" />
    </UnitTest>
    <UnitTest name="ThenCanReadIndividualResultsFromScenarioOutline_ExamplesWithDuplicateValues_ShouldMatchExamples" storage="c:\users\ericcarlson\documents\github\pickles\src\pickles.testframeworks.unittests\bin\debug\net6.0\picklesdoc.pickles.testframeworks.unittests.dll" id="ad512448-3972-9a5f-6725-9bed00cac1bb">
      <Execution id="b728ede2-4d6d-4f20-86f8-3511fa213074" />
      <TestMethod codeBase="C:\Users\ericcarlson\Documents\GitHub\pickles\src\Pickles.TestFrameworks.UnitTests\bin\Debug\net6.0\PicklesDoc.Pickles.TestFrameworks.UnitTests.dll" adapterTypeName="executor://nunit3testexecutor/" className="PicklesDoc.Pickles.TestFrameworks.UnitTests.CucumberJson.WhenParsingCucumberJsonFromRubyResultsFileWithIndividualResults" name="ThenCanReadIndividualResultsFromScenarioOutline_ExamplesWithDuplicateValues_ShouldMatchExamples" />
    </UnitTest>
    <UnitTest name="ThenCanReadFeatureResultSuccessfully" storage="c:\users\ericcarlson\documents\github\pickles\src\pickles.testframeworks.unittests\bin\debug\net6.0\picklesdoc.pickles.testframeworks.unittests.dll" id="04e26c3f-1210-a75b-c0bc-6ef78e296957">
      <Execution id="16d366cd-ed27-47bc-942a-668fe60eeedb" />
      <TestMethod codeBase="C:\Users\ericcarlson\Documents\GitHub\pickles\src\Pickles.TestFrameworks.UnitTests\bin\Debug\net6.0\PicklesDoc.Pickles.TestFrameworks.UnitTests.dll" adapterTypeName="executor://nunit3testexecutor/" className="PicklesDoc.Pickles.TestFrameworks.UnitTests.NUnit.NUnit3.WhenParsingNunit3ResultsFile" name="ThenCanReadFeatureResultSuccessfully" />
    </UnitTest>
    <UnitTest name="ThenCanReadFailedScenarioResultSuccessfully" storage="c:\users\ericcarlson\documents\github\pickles\src\pickles.testframeworks.unittests\bin\debug\net6.0\picklesdoc.pickles.testframeworks.unittests.dll" id="577232fa-4820-0031-8220-5c10c6849f65">
      <Execution id="0b6cd0c1-315a-4762-a6ac-49f90831069d" />
      <TestMethod codeBase="C:\Users\ericcarlson\Documents\GitHub\pickles\src\Pickles.TestFrameworks.UnitTests\bin\Debug\net6.0\PicklesDoc.Pickles.TestFrameworks.UnitTests.dll" adapterTypeName="executor://nunit3testexecutor/" className="PicklesDoc.Pickles.TestFrameworks.UnitTests.CucumberJson.WhenParsingCucumberJsonFromRubyResultsFile" name="ThenCanReadFailedScenarioResultSuccessfully" />
    </UnitTest>
    <UnitTest name="ThenCanReadResultOfScenarioWithFailingBackground" storage="c:\users\ericcarlson\documents\github\pickles\src\pickles.testframeworks.unittests\bin\debug\net6.0\picklesdoc.pickles.testframeworks.unittests.dll" id="53b5d2b4-1979-aefd-9cc8-74b7bed357fa">
      <Execution id="8f7c57fd-3692-4266-b9fa-27fe38068b57" />
      <TestMethod codeBase="C:\Users\ericcarlson\Documents\GitHub\pickles\src\Pickles.TestFrameworks.UnitTests\bin\Debug\net6.0\PicklesDoc.Pickles.TestFrameworks.UnitTests.dll" adapterTypeName="executor://nunit3testexecutor/" className="PicklesDoc.Pickles.TestFrameworks.UnitTests.NUnit.NUnit3.WhenParsingNunit3ResultsFile" name="ThenCanReadResultOfScenarioWithFailingBackground" />
    </UnitTest>
    <UnitTest name="ThenCanReadPassedFeatureResultSuccessfully" storage="c:\users\ericcarlson\documents\github\pickles\src\pickles.testframeworks.unittests\bin\debug\net6.0\picklesdoc.pickles.testframeworks.unittests.dll" id="1fd45540-89f6-40d1-32d1-2043299aad61">
      <Execution id="b3d6fee9-aeab-4c7c-9290-03d3ec1fee23" />
      <TestMethod codeBase="C:\Users\ericcarlson\Documents\GitHub\pickles\src\Pickles.TestFrameworks.UnitTests\bin\Debug\net6.0\PicklesDoc.Pickles.TestFrameworks.UnitTests.dll" adapterTypeName="executor://nunit3testexecutor/" className="PicklesDoc.Pickles.TestFrameworks.UnitTests.SpecRun.WhenParsingSpecRunTestResultsFile" name="ThenCanReadPassedFeatureResultSuccessfully" />
    </UnitTest>
    <UnitTest name="ThenCanReadIndividualResultsFromScenarioOutline_AllPass_ShouldBeTestResultPassed" storage="c:\users\ericcarlson\documents\github\pickles\src\pickles.testframeworks.unittests\bin\debug\net6.0\picklesdoc.pickles.testframeworks.unittests.dll" id="883b6ac9-ac51-b5f6-5a08-17161bbcc88f">
      <Execution id="08935a19-f1fa-4f17-83bc-99e3d80d7509" />
      <TestMethod codeBase="C:\Users\ericcarlson\Documents\GitHub\pickles\src\Pickles.TestFrameworks.UnitTests\bin\Debug\net6.0\PicklesDoc.Pickles.TestFrameworks.UnitTests.dll" adapterTypeName="executor://nunit3testexecutor/" className="PicklesDoc.Pickles.TestFrameworks.UnitTests.SpecRun.WhenParsingSpecRunTestResultsFileWithIndividualResults" name="ThenCanReadIndividualResultsFromScenarioOutline_AllPass_ShouldBeTestResultPassed" />
    </UnitTest>
    <UnitTest name="ThenCanReadScenarioOutlineResultSuccessfully" storage="c:\users\ericcarlson\documents\github\pickles\src\pickles.testframeworks.unittests\bin\debug\net6.0\picklesdoc.pickles.testframeworks.unittests.dll" id="3baf913f-526d-3c8d-eef9-0705cb381b53">
      <Execution id="4d5c79a8-b72a-451b-8605-86d1e429bc87" />
      <TestMethod codeBase="C:\Users\ericcarlson\Documents\GitHub\pickles\src\Pickles.TestFrameworks.UnitTests\bin\Debug\net6.0\PicklesDoc.Pickles.TestFrameworks.UnitTests.dll" adapterTypeName="executor://nunit3testexecutor/" className="PicklesDoc.Pickles.TestFrameworks.UnitTests.CucumberJson.WhenParsingCucumberJsonFromRubyResultsFile" name="ThenCanReadScenarioOutlineResultSuccessfully" />
    </UnitTest>
    <UnitTest name="ThenCanReadExamplesWithLongExampleValues" storage="c:\users\ericcarlson\documents\github\pickles\src\pickles.testframeworks.unittests\bin\debug\net6.0\picklesdoc.pickles.testframeworks.unittests.dll" id="d0bc7ea5-e2a0-6790-9331-20e93b51d0a9">
      <Execution id="19e4a7f4-530c-4eef-bdb6-fea19df8dc65" />
      <TestMethod codeBase="C:\Users\ericcarlson\Documents\GitHub\pickles\src\Pickles.TestFrameworks.UnitTests\bin\Debug\net6.0\PicklesDoc.Pickles.TestFrameworks.UnitTests.dll" adapterTypeName="executor://nunit3testexecutor/" className="PicklesDoc.Pickles.TestFrameworks.UnitTests.NUnit.NUnit2.WhenParsingNUnitResultsFileWithIndividualResults" name="ThenCanReadExamplesWithLongExampleValues" />
    </UnitTest>
    <UnitTest name="ThenCanReadIndividualResultsFromScenarioOutline_OneFailed_ShouldBeTestResultFailed" storage="c:\users\ericcarlson\documents\github\pickles\src\pickles.testframeworks.unittests\bin\debug\net6.0\picklesdoc.pickles.testframeworks.unittests.dll" id="4fd0e4d4-201f-f92a-a4bd-73991d73bd74">
      <Execution id="6c27182f-950f-465e-8973-fa8e5d4c89f7" />
      <TestMethod codeBase="C:\Users\ericcarlson\Documents\GitHub\pickles\src\Pickles.TestFrameworks.UnitTests\bin\Debug\net6.0\PicklesDoc.Pickles.TestFrameworks.UnitTests.dll" adapterTypeName="executor://nunit3testexecutor/" className="PicklesDoc.Pickles.TestFrameworks.UnitTests.NUnit.NUnit3.WhenParsingNUnitResultsFileWithIndividualResults" name="ThenCanReadIndividualResultsFromScenarioOutline_OneFailed_ShouldBeTestResultFailed" />
    </UnitTest>
    <UnitTest name="ThenCanReadResultOfScenarioOutlineWithSpecialCharacters" storage="c:\users\ericcarlson\documents\github\pickles\src\pickles.testframeworks.unittests\bin\debug\net6.0\picklesdoc.pickles.testframeworks.unittests.dll" id="81bd21f5-845e-aa35-fada-47a8b94de4c8">
      <Execution id="0bb12cff-833f-4d1e-9918-50deb2f85aa4" />
      <TestMethod codeBase="C:\Users\ericcarlson\Documents\GitHub\pickles\src\Pickles.TestFrameworks.UnitTests\bin\Debug\net6.0\PicklesDoc.Pickles.TestFrameworks.UnitTests.dll" adapterTypeName="executor://nunit3testexecutor/" className="PicklesDoc.Pickles.TestFrameworks.UnitTests.MsTest.WhenParsingMsTestResultsFile" name="ThenCanReadResultOfScenarioOutlineWithSpecialCharacters" />
    </UnitTest>
    <UnitTest name="ThenCanReadResultOfScenarioWithDanishCharacters" storage="c:\users\ericcarlson\documents\github\pickles\src\pickles.testframeworks.unittests\bin\debug\net6.0\picklesdoc.pickles.testframeworks.unittests.dll" id="e42f56d1-0116-4ec2-39ce-514840e88883">
      <Execution id="379a6f44-fdf7-4e39-b94d-4416b44acf8d" />
      <TestMethod codeBase="C:\Users\ericcarlson\Documents\GitHub\pickles\src\Pickles.TestFrameworks.UnitTests\bin\Debug\net6.0\PicklesDoc.Pickles.TestFrameworks.UnitTests.dll" adapterTypeName="executor://nunit3testexecutor/" className="PicklesDoc.Pickles.TestFrameworks.UnitTests.XUnit.XUnit1.WhenParsingxUnitResultsFile" name="ThenCanReadResultOfScenarioWithDanishCharacters" />
    </UnitTest>
    <UnitTest name="ThenCanReadIndividualResultsFromScenarioOutline_MultipleExamplesWithDuplicateValues_ShouldMatchExamples" storage="c:\users\ericcarlson\documents\github\pickles\src\pickles.testframeworks.unittests\bin\debug\net6.0\picklesdoc.pickles.testframeworks.unittests.dll" id="a64081be-e7d0-830f-dfc8-24bbee2a32f5">
      <Execution id="81b8776c-4674-4415-840c-3844b1ffc061" />
      <TestMethod codeBase="C:\Users\ericcarlson\Documents\GitHub\pickles\src\Pickles.TestFrameworks.UnitTests\bin\Debug\net6.0\PicklesDoc.Pickles.TestFrameworks.UnitTests.dll" adapterTypeName="executor://nunit3testexecutor/" className="PicklesDoc.Pickles.TestFrameworks.UnitTests.CucumberJson.WhenParsingCucumberJsonFromJSResultsFileWithIndividualResults" name="ThenCanReadIndividualResultsFromScenarioOutline_MultipleExamplesWithDuplicateValues_ShouldMatchExamples" />
    </UnitTest>
    <UnitTest name="ThenCanReadFeatureResultSuccessfully" storage="c:\users\ericcarlson\documents\github\pickles\src\pickles.testframeworks.unittests\bin\debug\net6.0\picklesdoc.pickles.testframeworks.unittests.dll" id="4bc5f009-c973-f931-1d45-f0addc813db2">
      <Execution id="9ec559a5-8da8-4d1d-bc70-2bbc195f9409" />
      <TestMethod codeBase="C:\Users\ericcarlson\Documents\GitHub\pickles\src\Pickles.TestFrameworks.UnitTests\bin\Debug\net6.0\PicklesDoc.Pickles.TestFrameworks.UnitTests.dll" adapterTypeName="executor://nunit3testexecutor/" className="PicklesDoc.Pickles.TestFrameworks.UnitTests.CucumberJson.WhenParsingCucumberJsonFromRubyResultsFile" name="ThenCanReadFeatureResultSuccessfully" />
    </UnitTest>
    <UnitTest name="ThenCanResolveAsSingleton(&quot;results-example-xunit2.xml&quot;,&quot;XUnit.XUnit2.results-example-xunit2.xml&quot;,xUnit2,PicklesDoc.Pickles.TestFrameworks.XUnit.XUnit2.XUnit2Results)" storage="c:\users\ericcarlson\documents\github\pickles\src\pickles.testframeworks.unittests\bin\debug\net6.0\picklesdoc.pickles.testframeworks.unittests.dll" id="e2f7c893-77fd-2757-2bf1-4ba1cfd4b69d">
      <Execution id="f3f0490d-f87a-414a-870e-7db543592083" />
      <TestMethod codeBase="C:\Users\ericcarlson\Documents\GitHub\pickles\src\Pickles.TestFrameworks.UnitTests\bin\Debug\net6.0\PicklesDoc.Pickles.TestFrameworks.UnitTests.dll" adapterTypeName="executor://nunit3testexecutor/" className="PicklesDoc.Pickles.TestFrameworks.UnitTests.WhenResolvingTestResults" name="ThenCanResolveAsSingleton(&quot;results-example-xunit2.xml&quot;,&quot;XUnit.XUnit2.results-example-xunit2.xml&quot;,xUnit2,PicklesDoc.Pickles.TestFrameworks.XUnit.XUnit2.XUnit2Results)" />
    </UnitTest>
    <UnitTest name="ThenCanResolveAsSingleton(&quot;results-example-specrun.html&quot;,&quot;SpecRun.results-example-specrun.html&quot;,SpecRun,PicklesDoc.Pickles.TestFrameworks.SpecRun.SpecRunResults)" storage="c:\users\ericcarlson\documents\github\pickles\src\pickles.testframeworks.unittests\bin\debug\net6.0\picklesdoc.pickles.testframeworks.unittests.dll" id="81a1abf8-6be1-aea7-389f-5894b71b2368">
      <Execution id="b480c51c-cdf7-4679-8f8b-069b45f4c302" />
      <TestMethod codeBase="C:\Users\ericcarlson\Documents\GitHub\pickles\src\Pickles.TestFrameworks.UnitTests\bin\Debug\net6.0\PicklesDoc.Pickles.TestFrameworks.UnitTests.dll" adapterTypeName="executor://nunit3testexecutor/" className="PicklesDoc.Pickles.TestFrameworks.UnitTests.WhenResolvingTestResults" name="ThenCanResolveAsSingleton(&quot;results-example-specrun.html&quot;,&quot;SpecRun.results-example-specrun.html&quot;,SpecRun,PicklesDoc.Pickles.TestFrameworks.SpecRun.SpecRunResults)" />
    </UnitTest>
    <UnitTest name="ThenCanReadFailedFeatureResultSuccessfully" storage="c:\users\ericcarlson\documents\github\pickles\src\pickles.testframeworks.unittests\bin\debug\net6.0\picklesdoc.pickles.testframeworks.unittests.dll" id="562129e5-360d-2549-3c09-e4b49f36264d">
      <Execution id="b795163d-6bdf-425c-b1e6-78a809836e51" />
      <TestMethod codeBase="C:\Users\ericcarlson\Documents\GitHub\pickles\src\Pickles.TestFrameworks.UnitTests\bin\Debug\net6.0\PicklesDoc.Pickles.TestFrameworks.UnitTests.dll" adapterTypeName="executor://nunit3testexecutor/" className="PicklesDoc.Pickles.TestFrameworks.UnitTests.VsTest.WhenParsingMultipleVsTestTestResultsFiles" name="ThenCanReadFailedFeatureResultSuccessfully" />
    </UnitTest>
    <UnitTest name="ThenCanReadExamplesWithLongExampleValues" storage="c:\users\ericcarlson\documents\github\pickles\src\pickles.testframeworks.unittests\bin\debug\net6.0\picklesdoc.pickles.testframeworks.unittests.dll" id="39588d47-2e56-432b-359a-0110f3e63f57">
      <Execution id="e9296845-5158-44ee-adc3-98ecd40bf8cb" />
      <TestMethod codeBase="C:\Users\ericcarlson\Documents\GitHub\pickles\src\Pickles.TestFrameworks.UnitTests\bin\Debug\net6.0\PicklesDoc.Pickles.TestFrameworks.UnitTests.dll" adapterTypeName="executor://nunit3testexecutor/" className="PicklesDoc.Pickles.TestFrameworks.UnitTests.VsTest.WhenParsingVsTestResultsFileWithIndividualResults" name="ThenCanReadExamplesWithLongExampleValues" />
    </UnitTest>
    <UnitTest name="ThenCanReadIndividualResultsFromScenarioOutline_OneFailed_ShouldBeTestResultFailed" storage="c:\users\ericcarlson\documents\github\pickles\src\pickles.testframeworks.unittests\bin\debug\net6.0\picklesdoc.pickles.testframeworks.unittests.dll" id="7746c945-7215-2f12-d241-54991e7b255d">
      <Execution id="89f00937-364f-434e-bda0-1ca21bb1bb4b" />
      <TestMethod codeBase="C:\Users\ericcarlson\Documents\GitHub\pickles\src\Pickles.TestFrameworks.UnitTests\bin\Debug\net6.0\PicklesDoc.Pickles.TestFrameworks.UnitTests.dll" adapterTypeName="executor://nunit3testexecutor/" className="PicklesDoc.Pickles.TestFrameworks.UnitTests.VsTest.WhenParsingVsTestResultsFileWithIndividualResults" name="ThenCanReadIndividualResultsFromScenarioOutline_OneFailed_ShouldBeTestResultFailed" />
    </UnitTest>
    <UnitTest name="ThenCanReadIndividualResultsFromScenarioOutline_MultipleExampleSections_ShouldBeTestResultFailed" storage="c:\users\ericcarlson\documents\github\pickles\src\pickles.testframeworks.unittests\bin\debug\net6.0\picklesdoc.pickles.testframeworks.unittests.dll" id="4c3f6b35-48a0-d207-99c1-65bbc2fa071b">
      <Execution id="9e687824-5118-47bf-9616-da1fe34e3a59" />
      <TestMethod codeBase="C:\Users\ericcarlson\Documents\GitHub\pickles\src\Pickles.TestFrameworks.UnitTests\bin\Debug\net6.0\PicklesDoc.Pickles.TestFrameworks.UnitTests.dll" adapterTypeName="executor://nunit3testexecutor/" className="PicklesDoc.Pickles.TestFrameworks.UnitTests.CucumberJson.WhenParsingCucumberJsonFromRubyResultsFileWithIndividualResults" name="ThenCanReadIndividualResultsFromScenarioOutline_MultipleExampleSections_ShouldBeTestResultFailed" />
    </UnitTest>
    <UnitTest name="ThenCanResolve(null,null,null,PicklesDoc.Pickles.TestFrameworks.NullTestResults)" storage="c:\users\ericcarlson\documents\github\pickles\src\pickles.testframeworks.unittests\bin\debug\net6.0\picklesdoc.pickles.testframeworks.unittests.dll" id="452e3d33-0c18-0604-61d2-e49750ee89e5">
      <Execution id="3603fb37-0295-43d7-8bbd-fc8281106327" />
      <TestMethod codeBase="C:\Users\ericcarlson\Documents\GitHub\pickles\src\Pickles.TestFrameworks.UnitTests\bin\Debug\net6.0\PicklesDoc.Pickles.TestFrameworks.UnitTests.dll" adapterTypeName="executor://nunit3testexecutor/" className="PicklesDoc.Pickles.TestFrameworks.UnitTests.WhenResolvingTestResults" name="ThenCanResolve(null,null,null,PicklesDoc.Pickles.TestFrameworks.NullTestResults)" />
    </UnitTest>
    <UnitTest name="ThenCanResolveAsSingleton(&quot;results-example-nunit3.xml&quot;,&quot;NUnit.NUnit3.results-example-nunit3.xml&quot;,NUnit3,PicklesDoc.Pickles.TestFrameworks.NUnit.NUnit3.NUnit3Results)" storage="c:\users\ericcarlson\documents\github\pickles\src\pickles.testframeworks.unittests\bin\debug\net6.0\picklesdoc.pickles.testframeworks.unittests.dll" id="37561f65-3332-c899-f5ae-4fb0281f2762">
      <Execution id="b95391a6-85e1-4acd-aa3a-7aace6103685" />
      <TestMethod codeBase="C:\Users\ericcarlson\Documents\GitHub\pickles\src\Pickles.TestFrameworks.UnitTests\bin\Debug\net6.0\PicklesDoc.Pickles.TestFrameworks.UnitTests.dll" adapterTypeName="executor://nunit3testexecutor/" className="PicklesDoc.Pickles.TestFrameworks.UnitTests.WhenResolvingTestResults" name="ThenCanResolveAsSingleton(&quot;results-example-nunit3.xml&quot;,&quot;NUnit.NUnit3.results-example-nunit3.xml&quot;,NUnit3,PicklesDoc.Pickles.TestFrameworks.NUnit.NUnit3.NUnit3Results)" />
    </UnitTest>
    <UnitTest name="ThenCanReadIndividualResultsFromScenarioOutline_OneFailed_ShouldBeTestResultFailed" storage="c:\users\ericcarlson\documents\github\pickles\src\pickles.testframeworks.unittests\bin\debug\net6.0\picklesdoc.pickles.testframeworks.unittests.dll" id="0586ee37-1679-40ac-d62d-77bb3679488e">
      <Execution id="9bddca76-4221-4b56-9423-14f4ee554365" />
      <TestMethod codeBase="C:\Users\ericcarlson\Documents\GitHub\pickles\src\Pickles.TestFrameworks.UnitTests\bin\Debug\net6.0\PicklesDoc.Pickles.TestFrameworks.UnitTests.dll" adapterTypeName="executor://nunit3testexecutor/" className="PicklesDoc.Pickles.TestFrameworks.UnitTests.XUnit.XUnit1.WhenParsingXUnitResultsFileWithIndividualResults" name="ThenCanReadIndividualResultsFromScenarioOutline_OneFailed_ShouldBeTestResultFailed" />
    </UnitTest>
    <UnitTest name="ThenCanReadResultOfScenarioWithSpecialCharacters" storage="c:\users\ericcarlson\documents\github\pickles\src\pickles.testframeworks.unittests\bin\debug\net6.0\picklesdoc.pickles.testframeworks.unittests.dll" id="f85689af-bccc-784d-b093-f7a296ae9b10">
      <Execution id="e24d86a5-ce11-4f81-a2f3-59ff4282a35c" />
      <TestMethod codeBase="C:\Users\ericcarlson\Documents\GitHub\pickles\src\Pickles.TestFrameworks.UnitTests\bin\Debug\net6.0\PicklesDoc.Pickles.TestFrameworks.UnitTests.dll" adapterTypeName="executor://nunit3testexecutor/" className="PicklesDoc.Pickles.TestFrameworks.UnitTests.VsTest.WhenParsingVsTestResultsFile" name="ThenCanReadResultOfScenarioWithSpecialCharacters" />
    </UnitTest>
    <UnitTest name="ThenCanReadResultOfScenarioWithSpecialCharacters" storage="c:\users\ericcarlson\documents\github\pickles\src\pickles.testframeworks.unittests\bin\debug\net6.0\picklesdoc.pickles.testframeworks.unittests.dll" id="108c2052-fc39-fc7d-462e-5ca8813e0e6a">
      <Execution id="78df0f0b-d8a0-4b47-8bf8-0d1984580b01" />
      <TestMethod codeBase="C:\Users\ericcarlson\Documents\GitHub\pickles\src\Pickles.TestFrameworks.UnitTests\bin\Debug\net6.0\PicklesDoc.Pickles.TestFrameworks.UnitTests.dll" adapterTypeName="executor://nunit3testexecutor/" className="PicklesDoc.Pickles.TestFrameworks.UnitTests.NUnit.NUnit2.WhenParsingNUnitResultsFile" name="ThenCanReadResultOfScenarioWithSpecialCharacters" />
    </UnitTest>
    <UnitTest name="ThenCanReadIndividualResultsFromScenarioOutline_MultipleNamedExamplesWithDuplicateValues_ShouldMatchExamples" storage="c:\users\ericcarlson\documents\github\pickles\src\pickles.testframeworks.unittests\bin\debug\net6.0\picklesdoc.pickles.testframeworks.unittests.dll" id="9a8b25bf-7a36-53ce-c4e8-c6d59d1e4d9b">
      <Execution id="cd833f55-c022-4ae1-8767-9cc72c96fe9a" />
      <TestMethod codeBase="C:\Users\ericcarlson\Documents\GitHub\pickles\src\Pickles.TestFrameworks.UnitTests\bin\Debug\net6.0\PicklesDoc.Pickles.TestFrameworks.UnitTests.dll" adapterTypeName="executor://nunit3testexecutor/" className="PicklesDoc.Pickles.TestFrameworks.UnitTests.XUnit.XUnit1.WhenParsingXUnitResultsFileWithIndividualResults" name="ThenCanReadIndividualResultsFromScenarioOutline_MultipleNamedExamplesWithDuplicateValues_ShouldMatchExamples" />
    </UnitTest>
    <UnitTest name="ThenCanSuccessfullyMatchSpecialCharacters" storage="c:\users\ericcarlson\documents\github\pickles\src\pickles.testframeworks.unittests\bin\debug\net6.0\picklesdoc.pickles.testframeworks.unittests.dll" id="2f77d4eb-b7a9-7cda-63c7-d0a9b8c15e31">
      <Execution id="03c1a1b1-49ea-4edb-8e15-1f0224d0f749" />
      <TestMethod codeBase="C:\Users\ericcarlson\Documents\GitHub\pickles\src\Pickles.TestFrameworks.UnitTests\bin\Debug\net6.0\PicklesDoc.Pickles.TestFrameworks.UnitTests.dll" adapterTypeName="executor://nunit3testexecutor/" className="PicklesDoc.Pickles.TestFrameworks.UnitTests.NUnit.NUnit2.WhenDeterminingTheSignatureOfAnNUnitExampleRow" name="ThenCanSuccessfullyMatchSpecialCharacters" />
    </UnitTest>
    <UnitTest name="ThenCanReadInconclusiveFeatureResultSuccessfully" storage="c:\users\ericcarlson\documents\github\pickles\src\pickles.testframeworks.unittests\bin\debug\net6.0\picklesdoc.pickles.testframeworks.unittests.dll" id="ec063bfd-14dd-1deb-4fd4-311c75309607">
      <Execution id="c3bda946-ae42-470d-b844-b67ca646e251" />
      <TestMethod codeBase="C:\Users\ericcarlson\Documents\GitHub\pickles\src\Pickles.TestFrameworks.UnitTests\bin\Debug\net6.0\PicklesDoc.Pickles.TestFrameworks.UnitTests.dll" adapterTypeName="executor://nunit3testexecutor/" className="PicklesDoc.Pickles.TestFrameworks.UnitTests.MsTest.WhenParsingMsTestResultsFile" name="ThenCanReadInconclusiveFeatureResultSuccessfully" />
    </UnitTest>
    <UnitTest name="ThenCanReadIndividualResultsFromScenarioOutline_ExamplesWithDuplicateValues_ShouldMatchExamples" storage="c:\users\ericcarlson\documents\github\pickles\src\pickles.testframeworks.unittests\bin\debug\net6.0\picklesdoc.pickles.testframeworks.unittests.dll" id="de18a748-0d83-3063-60c5-28a7e3807695">
      <Execution id="e6688ebd-cd87-4bcc-970e-4e0854d579fa" />
      <TestMethod codeBase="C:\Users\ericcarlson\Documents\GitHub\pickles\src\Pickles.TestFrameworks.UnitTests\bin\Debug\net6.0\PicklesDoc.Pickles.TestFrameworks.UnitTests.dll" adapterTypeName="executor://nunit3testexecutor/" className="PicklesDoc.Pickles.TestFrameworks.UnitTests.CucumberJson.WhenParsingCucumberJsonFromJSResultsFileWithIndividualResults" name="ThenCanReadIndividualResultsFromScenarioOutline_ExamplesWithDuplicateValues_ShouldMatchExamples" />
    </UnitTest>
    <UnitTest name="ThenCanReadIndividualResultsFromScenarioOutline_MultipleExampleSections_ShouldBeTestResultFailed" storage="c:\users\ericcarlson\documents\github\pickles\src\pickles.testframeworks.unittests\bin\debug\net6.0\picklesdoc.pickles.testframeworks.unittests.dll" id="aa75de74-31a0-219d-da36-2e429565c098">
      <Execution id="0d6a7422-b9d5-473d-91fc-d7ae13c6ae10" />
      <TestMethod codeBase="C:\Users\ericcarlson\Documents\GitHub\pickles\src\Pickles.TestFrameworks.UnitTests\bin\Debug\net6.0\PicklesDoc.Pickles.TestFrameworks.UnitTests.dll" adapterTypeName="executor://nunit3testexecutor/" className="PicklesDoc.Pickles.TestFrameworks.UnitTests.CucumberJson.WhenParsingCucumberJsonFromJSResultsFileWithIndividualResults" name="ThenCanReadIndividualResultsFromScenarioOutline_MultipleExampleSections_ShouldBeTestResultFailed" />
    </UnitTest>
    <UnitTest name="ThenCanReadResultOfScenarioOutlineWithSpecialCharacters" storage="c:\users\ericcarlson\documents\github\pickles\src\pickles.testframeworks.unittests\bin\debug\net6.0\picklesdoc.pickles.testframeworks.unittests.dll" id="71c22708-dbaa-79ff-057b-e788d4505184">
      <Execution id="e8804dd5-8c35-4bba-aa1a-cbfd424c109a" />
      <TestMethod codeBase="C:\Users\ericcarlson\Documents\GitHub\pickles\src\Pickles.TestFrameworks.UnitTests\bin\Debug\net6.0\PicklesDoc.Pickles.TestFrameworks.UnitTests.dll" adapterTypeName="executor://nunit3testexecutor/" className="PicklesDoc.Pickles.TestFrameworks.UnitTests.XUnit.XUnit2.WhenParsingxUnit2ResultsFile" name="ThenCanReadResultOfScenarioOutlineWithSpecialCharacters" />
    </UnitTest>
    <UnitTest name="ThenCanReadFailedFeatureResultSuccessfully" storage="c:\users\ericcarlson\documents\github\pickles\src\pickles.testframeworks.unittests\bin\debug\net6.0\picklesdoc.pickles.testframeworks.unittests.dll" id="2d61dcee-0012-4326-757b-21eec977f81e">
      <Execution id="72499efe-85de-458f-bfd7-4b72638de32e" />
      <TestMethod codeBase="C:\Users\ericcarlson\Documents\GitHub\pickles\src\Pickles.TestFrameworks.UnitTests\bin\Debug\net6.0\PicklesDoc.Pickles.TestFrameworks.UnitTests.dll" adapterTypeName="executor://nunit3testexecutor/" className="PicklesDoc.Pickles.TestFrameworks.UnitTests.VsTest.WhenParsingVsTestResultsFile" name="ThenCanReadFailedFeatureResultSuccessfully" />
    </UnitTest>
    <UnitTest name="ThenCanReadIgnoredScenarioResultSuccessfully" storage="c:\users\ericcarlson\documents\github\pickles\src\pickles.testframeworks.unittests\bin\debug\net6.0\picklesdoc.pickles.testframeworks.unittests.dll" id="471f48b3-66b4-1d2b-45d6-de2cd4b57983">
      <Execution id="65655cc1-4d77-4f7d-ac20-981f3a28d3d9" />
      <TestMethod codeBase="C:\Users\ericcarlson\Documents\GitHub\pickles\src\Pickles.TestFrameworks.UnitTests\bin\Debug\net6.0\PicklesDoc.Pickles.TestFrameworks.UnitTests.dll" adapterTypeName="executor://nunit3testexecutor/" className="PicklesDoc.Pickles.TestFrameworks.UnitTests.CucumberJson.WhenParsingCucumberJsonFromRubyResultsFile" name="ThenCanReadIgnoredScenarioResultSuccessfully" />
    </UnitTest>
    <UnitTest name="ThenCanReadResultOfFeatureWithFailingBackground" storage="c:\users\ericcarlson\documents\github\pickles\src\pickles.testframeworks.unittests\bin\debug\net6.0\picklesdoc.pickles.testframeworks.unittests.dll" id="8e1e0562-0c98-e226-1bf8-4de563a5fa13">
      <Execution id="fd7fb42c-74b3-4243-b77d-48502a74c740" />
      <TestMethod codeBase="C:\Users\ericcarlson\Documents\GitHub\pickles\src\Pickles.TestFrameworks.UnitTests\bin\Debug\net6.0\PicklesDoc.Pickles.TestFrameworks.UnitTests.dll" adapterTypeName="executor://nunit3testexecutor/" className="PicklesDoc.Pickles.TestFrameworks.UnitTests.XUnit.XUnit1.WhenParsingxUnitResultsFile" name="ThenCanReadResultOfFeatureWithFailingBackground" />
    </UnitTest>
    <UnitTest name="ThenCanReadNotFoundScenarioCorrectly" storage="c:\users\ericcarlson\documents\github\pickles\src\pickles.testframeworks.unittests\bin\debug\net6.0\picklesdoc.pickles.testframeworks.unittests.dll" id="75d8d6f7-e4a2-354d-194b-4c3a8e25de5b">
      <Execution id="1a213ce1-47f2-4a25-86a4-83a590f098d6" />
      <TestMethod codeBase="C:\Users\ericcarlson\Documents\GitHub\pickles\src\Pickles.TestFrameworks.UnitTests\bin\Debug\net6.0\PicklesDoc.Pickles.TestFrameworks.UnitTests.dll" adapterTypeName="executor://nunit3testexecutor/" className="PicklesDoc.Pickles.TestFrameworks.UnitTests.NUnit.NUnit3.WhenParsingNunit3ResultsFileForNunit2Tests" name="ThenCanReadNotFoundScenarioCorrectly" />
    </UnitTest>
    <UnitTest name="ThenCanReadIgnoredScenarioResultSuccessfully" storage="c:\users\ericcarlson\documents\github\pickles\src\pickles.testframeworks.unittests\bin\debug\net6.0\picklesdoc.pickles.testframeworks.unittests.dll" id="900d4084-ca2a-a561-f0ce-b663527c6003">
      <Execution id="db34d9af-2af7-45b2-8178-80ad75242d34" />
      <TestMethod codeBase="C:\Users\ericcarlson\Documents\GitHub\pickles\src\Pickles.TestFrameworks.UnitTests\bin\Debug\net6.0\PicklesDoc.Pickles.TestFrameworks.UnitTests.dll" adapterTypeName="executor://nunit3testexecutor/" className="PicklesDoc.Pickles.TestFrameworks.UnitTests.XUnit.XUnit1.WhenParsingxUnitResultsFile" name="ThenCanReadIgnoredScenarioResultSuccessfully" />
    </UnitTest>
    <UnitTest name="ThenCanReadFailedScenarioResultSuccessfully" storage="c:\users\ericcarlson\documents\github\pickles\src\pickles.testframeworks.unittests\bin\debug\net6.0\picklesdoc.pickles.testframeworks.unittests.dll" id="47fb6ba8-e618-b876-538b-b25771c9cf5f">
      <Execution id="c440dc75-5aee-40ba-9217-8a9e731aab90" />
      <TestMethod codeBase="C:\Users\ericcarlson\Documents\GitHub\pickles\src\Pickles.TestFrameworks.UnitTests\bin\Debug\net6.0\PicklesDoc.Pickles.TestFrameworks.UnitTests.dll" adapterTypeName="executor://nunit3testexecutor/" className="PicklesDoc.Pickles.TestFrameworks.UnitTests.VsTest.WhenParsingMultipleVsTestTestResultsFiles" name="ThenCanReadFailedScenarioResultSuccessfully" />
    </UnitTest>
    <UnitTest name="ThenCanReadExamplesWithLongExampleValues" storage="c:\users\ericcarlson\documents\github\pickles\src\pickles.testframeworks.unittests\bin\debug\net6.0\picklesdoc.pickles.testframeworks.unittests.dll" id="1d8da37b-0383-95ed-5f34-6e3377ad113e">
      <Execution id="e26b4e74-0ce6-48f2-9085-7b812964d9bf" />
      <TestMethod codeBase="C:\Users\ericcarlson\Documents\GitHub\pickles\src\Pickles.TestFrameworks.UnitTests\bin\Debug\net6.0\PicklesDoc.Pickles.TestFrameworks.UnitTests.dll" adapterTypeName="executor://nunit3testexecutor/" className="PicklesDoc.Pickles.TestFrameworks.UnitTests.CucumberJson.WhenParsingCucumberJsonFromRubyResultsFileWithIndividualResults" name="ThenCanReadExamplesWithLongExampleValues" />
    </UnitTest>
    <UnitTest name="ThenCanReadResultOfScenarioWithSpecialCharacters" storage="c:\users\ericcarlson\documents\github\pickles\src\pickles.testframeworks.unittests\bin\debug\net6.0\picklesdoc.pickles.testframeworks.unittests.dll" id="c830e46b-5a37-f382-9022-bd36e87a160f">
      <Execution id="2b866784-bd84-4129-b3cb-a7558bbe6941" />
      <TestMethod codeBase="C:\Users\ericcarlson\Documents\GitHub\pickles\src\Pickles.TestFrameworks.UnitTests\bin\Debug\net6.0\PicklesDoc.Pickles.TestFrameworks.UnitTests.dll" adapterTypeName="executor://nunit3testexecutor/" className="PicklesDoc.Pickles.TestFrameworks.UnitTests.CucumberJson.WhenParsingCucumberJsonFromRubyResultsFile" name="ThenCanReadResultOfScenarioWithSpecialCharacters" />
    </UnitTest>
    <UnitTest name="ExecutionIdElement_NullArgument_ShouldReturnGuidEmpty" storage="c:\users\ericcarlson\documents\github\pickles\src\pickles.testframeworks.unittests\bin\debug\net6.0\picklesdoc.pickles.testframeworks.unittests.dll" id="8efb377e-4b03-38b4-bd1f-fee940d3e651">
      <Execution id="287bb293-179e-43ae-801e-96e9e115faee" />
      <TestMethod codeBase="C:\Users\ericcarlson\Documents\GitHub\pickles\src\Pickles.TestFrameworks.UnitTests\bin\Debug\net6.0\PicklesDoc.Pickles.TestFrameworks.UnitTests.dll" adapterTypeName="executor://nunit3testexecutor/" className="PicklesDoc.Pickles.TestFrameworks.UnitTests.MsTest.MsTestElementExtensionsTests" name="ExecutionIdElement_NullArgument_ShouldReturnGuidEmpty" />
    </UnitTest>
    <UnitTest name="ThenCanReadFailedScenarioResultSuccessfully" storage="c:\users\ericcarlson\documents\github\pickles\src\pickles.testframeworks.unittests\bin\debug\net6.0\picklesdoc.pickles.testframeworks.unittests.dll" id="49f08ad4-e3ca-7af9-80e5-b685a0b47674">
      <Execution id="bc971f67-a408-4a6b-8571-29d1ce7f8954" />
      <TestMethod codeBase="C:\Users\ericcarlson\Documents\GitHub\pickles\src\Pickles.TestFrameworks.UnitTests\bin\Debug\net6.0\PicklesDoc.Pickles.TestFrameworks.UnitTests.dll" adapterTypeName="executor://nunit3testexecutor/" className="PicklesDoc.Pickles.TestFrameworks.UnitTests.XUnit.XUnit1.WhenParsingxUnitResultsFile" name="ThenCanReadFailedScenarioResultSuccessfully" />
    </UnitTest>
    <UnitTest name="ThenCanReadResultOfScenarioOutlineWithFailingBackground" storage="c:\users\ericcarlson\documents\github\pickles\src\pickles.testframeworks.unittests\bin\debug\net6.0\picklesdoc.pickles.testframeworks.unittests.dll" id="fd4a59cc-11a9-fb21-8351-7acacb7d6743">
      <Execution id="a41d7cb7-f55f-4b3d-8740-b0a88a81985b" />
      <TestMethod codeBase="C:\Users\ericcarlson\Documents\GitHub\pickles\src\Pickles.TestFrameworks.UnitTests\bin\Debug\net6.0\PicklesDoc.Pickles.TestFrameworks.UnitTests.dll" adapterTypeName="executor://nunit3testexecutor/" className="PicklesDoc.Pickles.TestFrameworks.UnitTests.MsTest.WhenParsingMsTestResultsFile" name="ThenCanReadResultOfScenarioOutlineWithFailingBackground" />
    </UnitTest>
    <UnitTest name="ThenCanReadResultOfScenarioWithDanishCharacters" storage="c:\users\ericcarlson\documents\github\pickles\src\pickles.testframeworks.unittests\bin\debug\net6.0\picklesdoc.pickles.testframeworks.unittests.dll" id="bed3e0a6-5997-3869-73cc-50bad3fe5334">
      <Execution id="83d45820-2a8c-4fc1-b1bc-8a02a08ea76f" />
      <TestMethod codeBase="C:\Users\ericcarlson\Documents\GitHub\pickles\src\Pickles.TestFrameworks.UnitTests\bin\Debug\net6.0\PicklesDoc.Pickles.TestFrameworks.UnitTests.dll" adapterTypeName="executor://nunit3testexecutor/" className="PicklesDoc.Pickles.TestFrameworks.UnitTests.SpecRun.WhenParsingSpecRunTestResultsFile" name="ThenCanReadResultOfScenarioWithDanishCharacters" />
    </UnitTest>
    <UnitTest name="ThenCanReadResultsWithParenthesis" storage="c:\users\ericcarlson\documents\github\pickles\src\pickles.testframeworks.unittests\bin\debug\net6.0\picklesdoc.pickles.testframeworks.unittests.dll" id="5dfc668d-d86b-26a4-226b-e2a6e77eef12">
      <Execution id="49422e31-5ffd-461e-a4c4-c3b10d507b58" />
      <TestMethod codeBase="C:\Users\ericcarlson\Documents\GitHub\pickles\src\Pickles.TestFrameworks.UnitTests\bin\Debug\net6.0\PicklesDoc.Pickles.TestFrameworks.UnitTests.dll" adapterTypeName="executor://nunit3testexecutor/" className="PicklesDoc.Pickles.TestFrameworks.UnitTests.VsTest.WhenParsingVsTestResultsFile" name="ThenCanReadResultsWithParenthesis" />
    </UnitTest>
    <UnitTest name="ThenCanReadIndividualResultsFromScenarioOutline_MultipleNamedExamplesWithDuplicateValues_ShouldMatchExamples" storage="c:\users\ericcarlson\documents\github\pickles\src\pickles.testframeworks.unittests\bin\debug\net6.0\picklesdoc.pickles.testframeworks.unittests.dll" id="39ac623f-fdf7-17f3-6ce0-9e1b4bfb7236">
      <Execution id="f5030c4d-aa3e-4d4d-a48b-3cf3c4457f8a" />
      <TestMethod codeBase="C:\Users\ericcarlson\Documents\GitHub\pickles\src\Pickles.TestFrameworks.UnitTests\bin\Debug\net6.0\PicklesDoc.Pickles.TestFrameworks.UnitTests.dll" adapterTypeName="executor://nunit3testexecutor/" className="PicklesDoc.Pickles.TestFrameworks.UnitTests.XUnit.XUnit2.WhenParsingXUnitResultsFileWithIndividualResults" name="ThenCanReadIndividualResultsFromScenarioOutline_MultipleNamedExamplesWithDuplicateValues_ShouldMatchExamples" />
    </UnitTest>
    <UnitTest name="ThenCanReadResultOfFeatureWithFailingBackground" storage="c:\users\ericcarlson\documents\github\pickles\src\pickles.testframeworks.unittests\bin\debug\net6.0\picklesdoc.pickles.testframeworks.unittests.dll" id="3f5c3338-429f-c1bb-e1a8-d8bab8ab3016">
      <Execution id="9b234856-50b2-4790-ad5a-d59aa08251ac" />
      <TestMethod codeBase="C:\Users\ericcarlson\Documents\GitHub\pickles\src\Pickles.TestFrameworks.UnitTests\bin\Debug\net6.0\PicklesDoc.Pickles.TestFrameworks.UnitTests.dll" adapterTypeName="executor://nunit3testexecutor/" className="PicklesDoc.Pickles.TestFrameworks.UnitTests.NUnit.NUnit3.WhenParsingNunit3ResultsFileForNunit2Tests" name="ThenCanReadResultOfFeatureWithFailingBackground" />
    </UnitTest>
    <UnitTest name="ThenCanReadFailedFeatureResultSuccessfully" storage="c:\users\ericcarlson\documents\github\pickles\src\pickles.testframeworks.unittests\bin\debug\net6.0\picklesdoc.pickles.testframeworks.unittests.dll" id="179cc0df-2279-559c-aebb-9ee7ba5aaaf0">
      <Execution id="62f590b9-b639-472a-8f66-1d3e56a279c1" />
      <TestMethod codeBase="C:\Users\ericcarlson\Documents\GitHub\pickles\src\Pickles.TestFrameworks.UnitTests\bin\Debug\net6.0\PicklesDoc.Pickles.TestFrameworks.UnitTests.dll" adapterTypeName="executor://nunit3testexecutor/" className="PicklesDoc.Pickles.TestFrameworks.UnitTests.CucumberJson.WhenParsingCucumberJsonFromJSResultsFile" name="ThenCanReadFailedFeatureResultSuccessfully" />
    </UnitTest>
    <UnitTest name="ThenCanReadResultOfScenarioOutlineWithAmpersand" storage="c:\users\ericcarlson\documents\github\pickles\src\pickles.testframeworks.unittests\bin\debug\net6.0\picklesdoc.pickles.testframeworks.unittests.dll" id="3912834e-3d92-476d-bcd0-c1ca3109cfb6">
      <Execution id="0589d798-f3c5-42bf-afeb-fc5956721031" />
      <TestMethod codeBase="C:\Users\ericcarlson\Documents\GitHub\pickles\src\Pickles.TestFrameworks.UnitTests\bin\Debug\net6.0\PicklesDoc.Pickles.TestFrameworks.UnitTests.dll" adapterTypeName="executor://nunit3testexecutor/" className="PicklesDoc.Pickles.TestFrameworks.UnitTests.MsTest.WhenParsingMsTestResultsFile" name="ThenCanReadResultOfScenarioOutlineWithAmpersand" />
    </UnitTest>
    <UnitTest name="RegularExpressionAsExampleContentMatches_With_Angle_Brackets" storage="c:\users\ericcarlson\documents\github\pickles\src\pickles.testframeworks.unittests\bin\debug\net6.0\picklesdoc.pickles.testframeworks.unittests.dll" id="0b31d2fc-41d9-baed-8aab-114ee6aaff9e">
      <Execution id="99ea896f-d48e-41d3-a876-4084fb3671b0" />
      <TestMethod codeBase="C:\Users\ericcarlson\Documents\GitHub\pickles\src\Pickles.TestFrameworks.UnitTests\bin\Debug\net6.0\PicklesDoc.Pickles.TestFrameworks.UnitTests.dll" adapterTypeName="executor://nunit3testexecutor/" className="PicklesDoc.Pickles.TestFrameworks.UnitTests.XUnit.XUnit2.WhenDeterminingTheSignatureOfAnXUnit2ExampleRow" name="RegularExpressionAsExampleContentMatches_With_Angle_Brackets" />
    </UnitTest>
    <UnitTest name="ThenCanReadIndividualResultsFromScenarioOutline_MultipleExampleSections_ShouldBeTestResultFailed" storage="c:\users\ericcarlson\documents\github\pickles\src\pickles.testframeworks.unittests\bin\debug\net6.0\picklesdoc.pickles.testframeworks.unittests.dll" id="ecd5df6d-1685-a29f-808d-8af5b0a515ad">
      <Execution id="71371087-7fed-4d68-8cd1-6b8dab5d7e1d" />
      <TestMethod codeBase="C:\Users\ericcarlson\Documents\GitHub\pickles\src\Pickles.TestFrameworks.UnitTests\bin\Debug\net6.0\PicklesDoc.Pickles.TestFrameworks.UnitTests.dll" adapterTypeName="executor://nunit3testexecutor/" className="PicklesDoc.Pickles.TestFrameworks.UnitTests.NUnit.NUnit2.WhenParsingNUnitResultsFileWithIndividualResults" name="ThenCanReadIndividualResultsFromScenarioOutline_MultipleExampleSections_ShouldBeTestResultFailed" />
    </UnitTest>
    <UnitTest name="ThenCanReadResultOfScenarioOutlineWithSpecialCharacters" storage="c:\users\ericcarlson\documents\github\pickles\src\pickles.testframeworks.unittests\bin\debug\net6.0\picklesdoc.pickles.testframeworks.unittests.dll" id="180590d6-2062-6933-d951-813229d01ede">
      <Execution id="c799d263-fdbb-4a1a-b330-06179bf8901f" />
      <TestMethod codeBase="C:\Users\ericcarlson\Documents\GitHub\pickles\src\Pickles.TestFrameworks.UnitTests\bin\Debug\net6.0\PicklesDoc.Pickles.TestFrameworks.UnitTests.dll" adapterTypeName="executor://nunit3testexecutor/" className="PicklesDoc.Pickles.TestFrameworks.UnitTests.XUnit.XUnit1.WhenParsingxUnitResultsFile" name="ThenCanReadResultOfScenarioOutlineWithSpecialCharacters" />
    </UnitTest>
    <UnitTest name="ThenCanReadResultOfScenarioWithSpecialCharacters" storage="c:\users\ericcarlson\documents\github\pickles\src\pickles.testframeworks.unittests\bin\debug\net6.0\picklesdoc.pickles.testframeworks.unittests.dll" id="84ecda38-a103-69a6-dbd6-ef8eb51c722d">
      <Execution id="8e4dcd71-4580-4cea-b8b5-afcc1f28dd6c" />
      <TestMethod codeBase="C:\Users\ericcarlson\Documents\GitHub\pickles\src\Pickles.TestFrameworks.UnitTests\bin\Debug\net6.0\PicklesDoc.Pickles.TestFrameworks.UnitTests.dll" adapterTypeName="executor://nunit3testexecutor/" className="PicklesDoc.Pickles.TestFrameworks.UnitTests.CucumberJson.WhenParsingCucumberJsonFromJSResultsFile" name="ThenCanReadResultOfScenarioWithSpecialCharacters" />
    </UnitTest>
    <UnitTest name="ThenCanReadFeatureResultSuccessfully" storage="c:\users\ericcarlson\documents\github\pickles\src\pickles.testframeworks.unittests\bin\debug\net6.0\picklesdoc.pickles.testframeworks.unittests.dll" id="0fb4b634-81ad-43fa-a70e-b06cb2c289b2">
      <Execution id="8490771b-2251-4ee4-b05a-8461d76b3002" />
      <TestMethod codeBase="C:\Users\ericcarlson\Documents\GitHub\pickles\src\Pickles.TestFrameworks.UnitTests\bin\Debug\net6.0\PicklesDoc.Pickles.TestFrameworks.UnitTests.dll" adapterTypeName="executor://nunit3testexecutor/" className="PicklesDoc.Pickles.TestFrameworks.UnitTests.XUnit.XUnit2.WhenParsingxUnit2ResultsFile" name="ThenCanReadFeatureResultSuccessfully" />
    </UnitTest>
    <UnitTest name="ThenCanSuccessfullyMatch" storage="c:\users\ericcarlson\documents\github\pickles\src\pickles.testframeworks.unittests\bin\debug\net6.0\picklesdoc.pickles.testframeworks.unittests.dll" id="5c950b01-6cc7-ac13-30ea-969ec9b73be8">
      <Execution id="fe4f9210-9034-4d23-b0b0-9debf938febb" />
      <TestMethod codeBase="C:\Users\ericcarlson\Documents\GitHub\pickles\src\Pickles.TestFrameworks.UnitTests\bin\Debug\net6.0\PicklesDoc.Pickles.TestFrameworks.UnitTests.dll" adapterTypeName="executor://nunit3testexecutor/" className="PicklesDoc.Pickles.TestFrameworks.UnitTests.NUnit.NUnit2.WhenDeterminingTheSignatureOfAnNUnitExampleRow" name="ThenCanSuccessfullyMatch" />
    </UnitTest>
    <UnitTest name="ThenCanResolveAsSingleton(&quot;results-example-json.json&quot;,&quot;CucumberJson.results-example-json.json&quot;,CucumberJson,PicklesDoc.Pickles.TestFrameworks.CucumberJson.CucumberJsonResults)" storage="c:\users\ericcarlson\documents\github\pickles\src\pickles.testframeworks.unittests\bin\debug\net6.0\picklesdoc.pickles.testframeworks.unittests.dll" id="b35efadf-d298-a3ae-5e0d-2f5be75318ec">
      <Execution id="e9cf4d4b-7de4-4862-b720-fcd99deb621b" />
      <TestMethod codeBase="C:\Users\ericcarlson\Documents\GitHub\pickles\src\Pickles.TestFrameworks.UnitTests\bin\Debug\net6.0\PicklesDoc.Pickles.TestFrameworks.UnitTests.dll" adapterTypeName="executor://nunit3testexecutor/" className="PicklesDoc.Pickles.TestFrameworks.UnitTests.WhenResolvingTestResults" name="ThenCanResolveAsSingleton(&quot;results-example-json.json&quot;,&quot;CucumberJson.results-example-json.json&quot;,CucumberJson,PicklesDoc.Pickles.TestFrameworks.CucumberJson.CucumberJsonResults)" />
    </UnitTest>
    <UnitTest name="ThenCanReadFailedFeatureResultSuccessfully" storage="c:\users\ericcarlson\documents\github\pickles\src\pickles.testframeworks.unittests\bin\debug\net6.0\picklesdoc.pickles.testframeworks.unittests.dll" id="443d82e7-b131-4eab-c0c2-77bcf8c78c0e">
      <Execution id="6f90fc00-10bb-4fc3-b8d5-c20039ba6a90" />
      <TestMethod codeBase="C:\Users\ericcarlson\Documents\GitHub\pickles\src\Pickles.TestFrameworks.UnitTests\bin\Debug\net6.0\PicklesDoc.Pickles.TestFrameworks.UnitTests.dll" adapterTypeName="executor://nunit3testexecutor/" className="PicklesDoc.Pickles.TestFrameworks.UnitTests.CucumberJson.WhenParsingCucumberJsonFromRubyResultsFile" name="ThenCanReadFailedFeatureResultSuccessfully" />
    </UnitTest>
    <UnitTest name="ThenCanReadResultOfScenarioOutlineWithUmlauts" storage="c:\users\ericcarlson\documents\github\pickles\src\pickles.testframeworks.unittests\bin\debug\net6.0\picklesdoc.pickles.testframeworks.unittests.dll" id="1f0e270c-d2e3-6abe-d46c-198f7828d432">
      <Execution id="57044d0b-2865-49ae-a21e-9dd568a18b1e" />
      <TestMethod codeBase="C:\Users\ericcarlson\Documents\GitHub\pickles\src\Pickles.TestFrameworks.UnitTests\bin\Debug\net6.0\PicklesDoc.Pickles.TestFrameworks.UnitTests.dll" adapterTypeName="executor://nunit3testexecutor/" className="PicklesDoc.Pickles.TestFrameworks.UnitTests.NUnit.NUnit2.WhenParsingNUnitResultsFile" name="ThenCanReadResultOfScenarioOutlineWithUmlauts" />
    </UnitTest>
    <UnitTest name="ThenCanReadResultOfScenarioOutlineWithSpecialCharacters" storage="c:\users\ericcarlson\documents\github\pickles\src\pickles.testframeworks.unittests\bin\debug\net6.0\picklesdoc.pickles.testframeworks.unittests.dll" id="b931d369-9310-8747-a788-ef7d7112806a">
      <Execution id="61636e1e-df86-413a-ad15-3fe73bc5abb7" />
      <TestMethod codeBase="C:\Users\ericcarlson\Documents\GitHub\pickles\src\Pickles.TestFrameworks.UnitTests\bin\Debug\net6.0\PicklesDoc.Pickles.TestFrameworks.UnitTests.dll" adapterTypeName="executor://nunit3testexecutor/" className="PicklesDoc.Pickles.TestFrameworks.UnitTests.VsTest.WhenParsingVsTestResultsFile" name="ThenCanReadResultOfScenarioOutlineWithSpecialCharacters" />
    </UnitTest>
    <UnitTest name="ThenCanReadNotFoundScenarioCorrectly" storage="c:\users\ericcarlson\documents\github\pickles\src\pickles.testframeworks.unittests\bin\debug\net6.0\picklesdoc.pickles.testframeworks.unittests.dll" id="8073691c-21a5-9107-fb79-56e4b2e81fb1">
      <Execution id="0433b76f-6ef1-4880-9947-ef8beb68f6fe" />
      <TestMethod codeBase="C:\Users\ericcarlson\Documents\GitHub\pickles\src\Pickles.TestFrameworks.UnitTests\bin\Debug\net6.0\PicklesDoc.Pickles.TestFrameworks.UnitTests.dll" adapterTypeName="executor://nunit3testexecutor/" className="PicklesDoc.Pickles.TestFrameworks.UnitTests.VsTest.WhenParsingVsTestResultsFile" name="ThenCanReadNotFoundScenarioCorrectly" />
    </UnitTest>
    <UnitTest name="ThenCanReadNotFoundScenarioCorrectly" storage="c:\users\ericcarlson\documents\github\pickles\src\pickles.testframeworks.unittests\bin\debug\net6.0\picklesdoc.pickles.testframeworks.unittests.dll" id="086f68bd-b3fd-894f-d1fe-0dbb71a51984">
      <Execution id="4cc2d503-5b68-4ee9-8560-811a372e4136" />
      <TestMethod codeBase="C:\Users\ericcarlson\Documents\GitHub\pickles\src\Pickles.TestFrameworks.UnitTests\bin\Debug\net6.0\PicklesDoc.Pickles.TestFrameworks.UnitTests.dll" adapterTypeName="executor://nunit3testexecutor/" className="PicklesDoc.Pickles.TestFrameworks.UnitTests.XUnit.XUnit1.WhenParsingxUnitResultsFile" name="ThenCanReadNotFoundScenarioCorrectly" />
    </UnitTest>
    <UnitTest name="ThenCanReadScenarioOutlineResultSuccessfully" storage="c:\users\ericcarlson\documents\github\pickles\src\pickles.testframeworks.unittests\bin\debug\net6.0\picklesdoc.pickles.testframeworks.unittests.dll" id="a77eef62-81f7-6544-83f9-95298ec32c95">
      <Execution id="e9e80f65-a9e1-44a9-a243-7a6ac16ba113" />
      <TestMethod codeBase="C:\Users\ericcarlson\Documents\GitHub\pickles\src\Pickles.TestFrameworks.UnitTests\bin\Debug\net6.0\PicklesDoc.Pickles.TestFrameworks.UnitTests.dll" adapterTypeName="executor://nunit3testexecutor/" className="PicklesDoc.Pickles.TestFrameworks.UnitTests.MsTest.WhenParsingMsTestResultsFile" name="ThenCanReadScenarioOutlineResultSuccessfully" />
    </UnitTest>
    <UnitTest name="ThenCanReadResultOfScenarioOutlineWithFailingBackground" storage="c:\users\ericcarlson\documents\github\pickles\src\pickles.testframeworks.unittests\bin\debug\net6.0\picklesdoc.pickles.testframeworks.unittests.dll" id="5b940e7e-5602-6e2d-9bb4-ea58b2e075ab">
      <Execution id="33e3c51e-0ee0-4046-a383-dd23065a165d" />
      <TestMethod codeBase="C:\Users\ericcarlson\Documents\GitHub\pickles\src\Pickles.TestFrameworks.UnitTests\bin\Debug\net6.0\PicklesDoc.Pickles.TestFrameworks.UnitTests.dll" adapterTypeName="executor://nunit3testexecutor/" className="PicklesDoc.Pickles.TestFrameworks.UnitTests.VsTest.WhenParsingVsTestResultsFile" name="ThenCanReadResultOfScenarioOutlineWithFailingBackground" />
    </UnitTest>
    <UnitTest name="ThenCanReadIndividualResultsFromScenarioOutline_MultipleNamedExamples_ShouldMatchExamples" storage="c:\users\ericcarlson\documents\github\pickles\src\pickles.testframeworks.unittests\bin\debug\net6.0\picklesdoc.pickles.testframeworks.unittests.dll" id="286050a7-100a-f742-a554-97960a8416b4">
      <Execution id="ea1a20e0-a2dc-4698-83bf-b6404fac915a" />
      <TestMethod codeBase="C:\Users\ericcarlson\Documents\GitHub\pickles\src\Pickles.TestFrameworks.UnitTests\bin\Debug\net6.0\PicklesDoc.Pickles.TestFrameworks.UnitTests.dll" adapterTypeName="executor://nunit3testexecutor/" className="PicklesDoc.Pickles.TestFrameworks.UnitTests.MsTest.WhenParsingMsTestResultsFileWithIndividualResults" name="ThenCanReadIndividualResultsFromScenarioOutline_MultipleNamedExamples_ShouldMatchExamples" />
    </UnitTest>
    <UnitTest name="ThenCanReadFeatureResultWithoutThrowingException" storage="c:\users\ericcarlson\documents\github\pickles\src\pickles.testframeworks.unittests\bin\debug\net6.0\picklesdoc.pickles.testframeworks.unittests.dll" id="174b6e17-833b-348f-bc26-a67a058e5e9c">
      <Execution id="9b6f654e-494e-438c-92ea-b14ad3a6c576" />
      <TestMethod codeBase="C:\Users\ericcarlson\Documents\GitHub\pickles\src\Pickles.TestFrameworks.UnitTests\bin\Debug\net6.0\PicklesDoc.Pickles.TestFrameworks.UnitTests.dll" adapterTypeName="executor://nunit3testexecutor/" className="PicklesDoc.Pickles.TestFrameworks.UnitTests.XUnit.XUnit1.WhenParsingxUnit1ResultsFileWithMissingTraits" name="ThenCanReadFeatureResultWithoutThrowingException" />
    </UnitTest>
    <UnitTest name="ThenCanReadScenarioResultSuccessfully" storage="c:\users\ericcarlson\documents\github\pickles\src\pickles.testframeworks.unittests\bin\debug\net6.0\picklesdoc.pickles.testframeworks.unittests.dll" id="864c1316-42be-ac84-4487-0c84ff96ddee">
      <Execution id="4a5f78a4-9853-44f0-aa25-3bff664e96d2" />
      <TestMethod codeBase="C:\Users\ericcarlson\Documents\GitHub\pickles\src\Pickles.TestFrameworks.UnitTests\bin\Debug\net6.0\PicklesDoc.Pickles.TestFrameworks.UnitTests.dll" adapterTypeName="executor://nunit3testexecutor/" className="PicklesDoc.Pickles.TestFrameworks.UnitTests.NUnit.NUnit2.WhenParsingMultipleNUnitResultsFilesForASingleFeature" name="ThenCanReadScenarioResultSuccessfully" />
    </UnitTest>
    <UnitTest name="ThenCanReadIndividualResultsFromScenarioOutline_MultipleNamedExamples_ShouldMatchExamples" storage="c:\users\ericcarlson\documents\github\pickles\src\pickles.testframeworks.unittests\bin\debug\net6.0\picklesdoc.pickles.testframeworks.unittests.dll" id="06d185b1-8e0c-2b9c-5317-e602212f73e4">
      <Execution id="33b4b2b3-1c1a-45db-9f7e-77a036ffd332" />
      <TestMethod codeBase="C:\Users\ericcarlson\Documents\GitHub\pickles\src\Pickles.TestFrameworks.UnitTests\bin\Debug\net6.0\PicklesDoc.Pickles.TestFrameworks.UnitTests.dll" adapterTypeName="executor://nunit3testexecutor/" className="PicklesDoc.Pickles.TestFrameworks.UnitTests.NUnit.NUnit3.WhenParsingNUnitResultsFileWithIndividualResults" name="ThenCanReadIndividualResultsFromScenarioOutline_MultipleNamedExamples_ShouldMatchExamples" />
    </UnitTest>
    <UnitTest name="ThenCanReadFailedScenarioResultSuccessfully" storage="c:\users\ericcarlson\documents\github\pickles\src\pickles.testframeworks.unittests\bin\debug\net6.0\picklesdoc.pickles.testframeworks.unittests.dll" id="656ebfc5-79d6-d4de-e713-26261e054dac">
      <Execution id="ad0dc43b-36d5-42ef-992b-23d96c871c6d" />
      <TestMethod codeBase="C:\Users\ericcarlson\Documents\GitHub\pickles\src\Pickles.TestFrameworks.UnitTests\bin\Debug\net6.0\PicklesDoc.Pickles.TestFrameworks.UnitTests.dll" adapterTypeName="executor://nunit3testexecutor/" className="PicklesDoc.Pickles.TestFrameworks.UnitTests.CucumberJson.WhenParsingCucumberJsonFromJSResultsFile" name="ThenCanReadFailedScenarioResultSuccessfully" />
    </UnitTest>
    <UnitTest name="ThenCanReadPassedScenarioResultSuccessfully" storage="c:\users\ericcarlson\documents\github\pickles\src\pickles.testframeworks.unittests\bin\debug\net6.0\picklesdoc.pickles.testframeworks.unittests.dll" id="0c92b541-a11c-af2d-cc00-baa08658eac8">
      <Execution id="686595ed-0abd-4af4-988d-ecab4e3fffe6" />
      <TestMethod codeBase="C:\Users\ericcarlson\Documents\GitHub\pickles\src\Pickles.TestFrameworks.UnitTests\bin\Debug\net6.0\PicklesDoc.Pickles.TestFrameworks.UnitTests.dll" adapterTypeName="executor://nunit3testexecutor/" className="PicklesDoc.Pickles.TestFrameworks.UnitTests.VsTest.WhenParsingMultipleVsTestTestResultsFiles" name="ThenCanReadPassedScenarioResultSuccessfully" />
    </UnitTest>
    <UnitTest name="GetScenarioResult_OnePassingOneInconclusive_ReturnsPassed" storage="c:\users\ericcarlson\documents\github\pickles\src\pickles.testframeworks.unittests\bin\debug\net6.0\picklesdoc.pickles.testframeworks.unittests.dll" id="43af3814-604d-ceff-d278-6fdeab109940">
      <Execution id="f3ecd4e2-f053-4732-8924-633b4d6aae01" />
      <TestMethod codeBase="C:\Users\ericcarlson\Documents\GitHub\pickles\src\Pickles.TestFrameworks.UnitTests\bin\Debug\net6.0\PicklesDoc.Pickles.TestFrameworks.UnitTests.dll" adapterTypeName="executor://nunit3testexecutor/" className="PicklesDoc.Pickles.TestFrameworks.UnitTests.SpecRun.WhenParsingMultipleTestResultsTests" name="GetScenarioResult_OnePassingOneInconclusive_ReturnsPassed" />
    </UnitTest>
    <UnitTest name="ThenCanReadInconclusiveScenarioResultSuccessfully" storage="c:\users\ericcarlson\documents\github\pickles\src\pickles.testframeworks.unittests\bin\debug\net6.0\picklesdoc.pickles.testframeworks.unittests.dll" id="03cd529c-594e-f5f4-394a-38e5c1ffbbd4">
      <Execution id="463fc850-3030-4c61-ad65-242034e492ac" />
      <TestMethod codeBase="C:\Users\ericcarlson\Documents\GitHub\pickles\src\Pickles.TestFrameworks.UnitTests\bin\Debug\net6.0\PicklesDoc.Pickles.TestFrameworks.UnitTests.dll" adapterTypeName="executor://nunit3testexecutor/" className="PicklesDoc.Pickles.TestFrameworks.UnitTests.CucumberJson.WhenParsingCucumberJsonFromRubyResultsFile" name="ThenCanReadInconclusiveScenarioResultSuccessfully" />
    </UnitTest>
    <UnitTest name="ThenCanReadScenarioOutlineResultSuccessfully" storage="c:\users\ericcarlson\documents\github\pickles\src\pickles.testframeworks.unittests\bin\debug\net6.0\picklesdoc.pickles.testframeworks.unittests.dll" id="4af94715-f0ba-c849-32a4-dbc86e4a475a">
      <Execution id="235b9e76-9e1f-4bdf-904a-284865649968" />
      <TestMethod codeBase="C:\Users\ericcarlson\Documents\GitHub\pickles\src\Pickles.TestFrameworks.UnitTests\bin\Debug\net6.0\PicklesDoc.Pickles.TestFrameworks.UnitTests.dll" adapterTypeName="executor://nunit3testexecutor/" className="PicklesDoc.Pickles.TestFrameworks.UnitTests.CucumberJson.WhenParsingCucumberJsonFromJSResultsFile" name="ThenCanReadScenarioOutlineResultSuccessfully" />
    </UnitTest>
    <UnitTest name="ThenCanReadResultsWithBackslashes" storage="c:\users\ericcarlson\documents\github\pickles\src\pickles.testframeworks.unittests\bin\debug\net6.0\picklesdoc.pickles.testframeworks.unittests.dll" id="ecd9a953-91a9-d4a0-56ca-0eb0a06434eb">
      <Execution id="c074bf93-624d-4265-bd0e-d320bca76cab" />
      <TestMethod codeBase="C:\Users\ericcarlson\Documents\GitHub\pickles\src\Pickles.TestFrameworks.UnitTests\bin\Debug\net6.0\PicklesDoc.Pickles.TestFrameworks.UnitTests.dll" adapterTypeName="executor://nunit3testexecutor/" className="PicklesDoc.Pickles.TestFrameworks.UnitTests.NUnit.NUnit3.WhenParsingNunit3ResultsFile" name="ThenCanReadResultsWithBackslashes" />
    </UnitTest>
    <UnitTest name="ThenCanReadFailedFeatureResultSuccessfully" storage="c:\users\ericcarlson\documents\github\pickles\src\pickles.testframeworks.unittests\bin\debug\net6.0\picklesdoc.pickles.testframeworks.unittests.dll" id="66835627-edbb-e359-6b21-3e0100bfad91">
      <Execution id="0cc64f19-dc85-4f54-a83d-960960fee30d" />
      <TestMethod codeBase="C:\Users\ericcarlson\Documents\GitHub\pickles\src\Pickles.TestFrameworks.UnitTests\bin\Debug\net6.0\PicklesDoc.Pickles.TestFrameworks.UnitTests.dll" adapterTypeName="executor://nunit3testexecutor/" className="PicklesDoc.Pickles.TestFrameworks.UnitTests.SpecRun.WhenParsingSpecRunTestResultsFile" name="ThenCanReadFailedFeatureResultSuccessfully" />
    </UnitTest>
    <UnitTest name="ThenCanReadFeatureResultWithoutThrowingException" storage="c:\users\ericcarlson\documents\github\pickles\src\pickles.testframeworks.unittests\bin\debug\net6.0\picklesdoc.pickles.testframeworks.unittests.dll" id="5e1aca6a-d9b7-23f6-c415-c9c2a91cd790">
      <Execution id="0b72016d-264d-4a75-bca7-397a1fd91f1c" />
      <TestMethod codeBase="C:\Users\ericcarlson\Documents\GitHub\pickles\src\Pickles.TestFrameworks.UnitTests\bin\Debug\net6.0\PicklesDoc.Pickles.TestFrameworks.UnitTests.dll" adapterTypeName="executor://nunit3testexecutor/" className="PicklesDoc.Pickles.TestFrameworks.UnitTests.XUnit.XUnit2.WhenParsingxUnit2ResultsFileWithMissingTraits" name="ThenCanReadFeatureResultWithoutThrowingException" />
    </UnitTest>
    <UnitTest name="ThenCanSuccessfullyMatch" storage="c:\users\ericcarlson\documents\github\pickles\src\pickles.testframeworks.unittests\bin\debug\net6.0\picklesdoc.pickles.testframeworks.unittests.dll" id="a1781e25-4782-9e03-dffd-5a8b1b4e811d">
      <Execution id="8ff5a0e1-be13-4e5d-84bd-c3c9ccbd7f03" />
      <TestMethod codeBase="C:\Users\ericcarlson\Documents\GitHub\pickles\src\Pickles.TestFrameworks.UnitTests\bin\Debug\net6.0\PicklesDoc.Pickles.TestFrameworks.UnitTests.dll" adapterTypeName="executor://nunit3testexecutor/" className="PicklesDoc.Pickles.TestFrameworks.UnitTests.NUnit.NUnit3.WhenDeterminingTheSignatureOfAnNunit3ExampleRow" name="ThenCanSuccessfullyMatch" />
    </UnitTest>
    <UnitTest name="ThenCanReadSuccessfulScenarioResultSuccessfully" storage="c:\users\ericcarlson\documents\github\pickles\src\pickles.testframeworks.unittests\bin\debug\net6.0\picklesdoc.pickles.testframeworks.unittests.dll" id="ac0a91f2-dd7a-5fc1-8193-eac940cd0656">
      <Execution id="8e095c42-8cb7-4120-8d49-9f23390021d7" />
      <TestMethod codeBase="C:\Users\ericcarlson\Documents\GitHub\pickles\src\Pickles.TestFrameworks.UnitTests\bin\Debug\net6.0\PicklesDoc.Pickles.TestFrameworks.UnitTests.dll" adapterTypeName="executor://nunit3testexecutor/" className="PicklesDoc.Pickles.TestFrameworks.UnitTests.NUnit.NUnit2.WhenParsingNUnitResultsFile" name="ThenCanReadSuccessfulScenarioResultSuccessfully" />
    </UnitTest>
    <UnitTest name="ThenCanReadIndividualResultsFromScenarioOutline_MultipleExampleSections_ShouldBeTestResultFailed" storage="c:\users\ericcarlson\documents\github\pickles\src\pickles.testframeworks.unittests\bin\debug\net6.0\picklesdoc.pickles.testframeworks.unittests.dll" id="4127f69b-e124-236a-5b11-95ef3fc8f483">
      <Execution id="23275a22-6981-4da9-9dcc-785838a58ec0" />
      <TestMethod codeBase="C:\Users\ericcarlson\Documents\GitHub\pickles\src\Pickles.TestFrameworks.UnitTests\bin\Debug\net6.0\PicklesDoc.Pickles.TestFrameworks.UnitTests.dll" adapterTypeName="executor://nunit3testexecutor/" className="PicklesDoc.Pickles.TestFrameworks.UnitTests.VsTest.WhenParsingVsTestResultsFileWithIndividualResults" name="ThenCanReadIndividualResultsFromScenarioOutline_MultipleExampleSections_ShouldBeTestResultFailed" />
    </UnitTest>
    <UnitTest name="ThenCanReadResultsWithBackslashes" storage="c:\users\ericcarlson\documents\github\pickles\src\pickles.testframeworks.unittests\bin\debug\net6.0\picklesdoc.pickles.testframeworks.unittests.dll" id="6b71b8f6-958a-0474-734c-5037b2d776ec">
      <Execution id="d43c4894-0b25-4b6e-8df3-f476acf5fa33" />
      <TestMethod codeBase="C:\Users\ericcarlson\Documents\GitHub\pickles\src\Pickles.TestFrameworks.UnitTests\bin\Debug\net6.0\PicklesDoc.Pickles.TestFrameworks.UnitTests.dll" adapterTypeName="executor://nunit3testexecutor/" className="PicklesDoc.Pickles.TestFrameworks.UnitTests.CucumberJson.WhenParsingCucumberJsonFromRubyResultsFile" name="ThenCanReadResultsWithBackslashes" />
    </UnitTest>
    <UnitTest name="ThenMatchWillBeFoundEvenIfACarriageReturnWasFoundInValueField" storage="c:\users\ericcarlson\documents\github\pickles\src\pickles.testframeworks.unittests\bin\debug\net6.0\picklesdoc.pickles.testframeworks.unittests.dll" id="4f051dee-273d-fcff-0b9b-bfaf6bbfa98d">
      <Execution id="aeb08214-76be-44f2-b234-70e3dae71f1e" />
      <TestMethod codeBase="C:\Users\ericcarlson\Documents\GitHub\pickles\src\Pickles.TestFrameworks.UnitTests\bin\Debug\net6.0\PicklesDoc.Pickles.TestFrameworks.UnitTests.dll" adapterTypeName="executor://nunit3testexecutor/" className="PicklesDoc.Pickles.TestFrameworks.UnitTests.MsTest.WhenParsingMsTestResultsFileWithEmptyExampleValues" name="ThenMatchWillBeFoundEvenIfACarriageReturnWasFoundInValueField" />
    </UnitTest>
    <UnitTest name="ThenCanReadFailedScenarioResultSuccessfully" storage="c:\users\ericcarlson\documents\github\pickles\src\pickles.testframeworks.unittests\bin\debug\net6.0\picklesdoc.pickles.testframeworks.unittests.dll" id="6f8b015e-fbb6-5aab-26fd-c4459351481b">
      <Execution id="1b5d7649-ce6e-4c5e-9f73-3d8394fa9a0d" />
      <TestMethod codeBase="C:\Users\ericcarlson\Documents\GitHub\pickles\src\Pickles.TestFrameworks.UnitTests\bin\Debug\net6.0\PicklesDoc.Pickles.TestFrameworks.UnitTests.dll" adapterTypeName="executor://nunit3testexecutor/" className="PicklesDoc.Pickles.TestFrameworks.UnitTests.MsTest.WhenParsingMsTestResultsFile" name="ThenCanReadFailedScenarioResultSuccessfully" />
    </UnitTest>
    <UnitTest name="ThenCanReadResultOfScenarioOutlineExampleWithFailingBackground" storage="c:\users\ericcarlson\documents\github\pickles\src\pickles.testframeworks.unittests\bin\debug\net6.0\picklesdoc.pickles.testframeworks.unittests.dll" id="3aa1d18f-f8de-dbde-ff88-7a89e4d8499f">
      <Execution id="9a00e10c-e603-42d2-befb-ed5e438e702b" />
      <TestMethod codeBase="C:\Users\ericcarlson\Documents\GitHub\pickles\src\Pickles.TestFrameworks.UnitTests\bin\Debug\net6.0\PicklesDoc.Pickles.TestFrameworks.UnitTests.dll" adapterTypeName="executor://nunit3testexecutor/" className="PicklesDoc.Pickles.TestFrameworks.UnitTests.XUnit.XUnit2.WhenParsingxUnit2ResultsFile" name="ThenCanReadResultOfScenarioOutlineExampleWithFailingBackground" />
    </UnitTest>
    <UnitTest name="ThenCanReadExamplesWithRegexValuesFromScenarioOutline_ShouldBeTestResultPassed" storage="c:\users\ericcarlson\documents\github\pickles\src\pickles.testframeworks.unittests\bin\debug\net6.0\picklesdoc.pickles.testframeworks.unittests.dll" id="aff9e195-4e54-a676-8f24-47ec072e3f76">
      <Execution id="79c43043-4c02-4020-babb-84161cdc00b6" />
      <TestMethod codeBase="C:\Users\ericcarlson\Documents\GitHub\pickles\src\Pickles.TestFrameworks.UnitTests\bin\Debug\net6.0\PicklesDoc.Pickles.TestFrameworks.UnitTests.dll" adapterTypeName="executor://nunit3testexecutor/" className="PicklesDoc.Pickles.TestFrameworks.UnitTests.MsTest.WhenParsingMsTestResultsFileWithIndividualResults" name="ThenCanReadExamplesWithRegexValuesFromScenarioOutline_ShouldBeTestResultPassed" />
    </UnitTest>
    <UnitTest name="ThenCanReadExamplesWithRegexValuesFromScenarioOutline_ShouldBeTestResultPassed" storage="c:\users\ericcarlson\documents\github\pickles\src\pickles.testframeworks.unittests\bin\debug\net6.0\picklesdoc.pickles.testframeworks.unittests.dll" id="33f1da4b-412f-f4c7-12b2-2ccec879b8cc">
      <Execution id="a792642e-ba3b-4745-a2f3-cbe56d591ac8" />
      <TestMethod codeBase="C:\Users\ericcarlson\Documents\GitHub\pickles\src\Pickles.TestFrameworks.UnitTests\bin\Debug\net6.0\PicklesDoc.Pickles.TestFrameworks.UnitTests.dll" adapterTypeName="executor://nunit3testexecutor/" className="PicklesDoc.Pickles.TestFrameworks.UnitTests.VsTest.WhenParsingVsTestResultsFileWithIndividualResults" name="ThenCanReadExamplesWithRegexValuesFromScenarioOutline_ShouldBeTestResultPassed" />
    </UnitTest>
    <UnitTest name="ThenCanReadIndividualResultsFromScenarioOutline_ExamplesWithDuplicateValues_ShouldMatchExamples" storage="c:\users\ericcarlson\documents\github\pickles\src\pickles.testframeworks.unittests\bin\debug\net6.0\picklesdoc.pickles.testframeworks.unittests.dll" id="bdb55858-84b2-f69a-3f3e-7530e9bd9a2f">
      <Execution id="5ad0a3ed-ce17-4f10-a6c4-5d70b4075d00" />
      <TestMethod codeBase="C:\Users\ericcarlson\Documents\GitHub\pickles\src\Pickles.TestFrameworks.UnitTests\bin\Debug\net6.0\PicklesDoc.Pickles.TestFrameworks.UnitTests.dll" adapterTypeName="executor://nunit3testexecutor/" className="PicklesDoc.Pickles.TestFrameworks.UnitTests.VsTest.WhenParsingVsTestResultsFileWithIndividualResults" name="ThenCanReadIndividualResultsFromScenarioOutline_ExamplesWithDuplicateValues_ShouldMatchExamples" />
    </UnitTest>
    <UnitTest name="ThenCanReadResultOfFeatureWithFailingBackground" storage="c:\users\ericcarlson\documents\github\pickles\src\pickles.testframeworks.unittests\bin\debug\net6.0\picklesdoc.pickles.testframeworks.unittests.dll" id="6ee23e15-5212-e5e6-0d67-3661442b479b">
      <Execution id="e108f427-55f5-48a0-a738-2b8a94a2a2f6" />
      <TestMethod codeBase="C:\Users\ericcarlson\Documents\GitHub\pickles\src\Pickles.TestFrameworks.UnitTests\bin\Debug\net6.0\PicklesDoc.Pickles.TestFrameworks.UnitTests.dll" adapterTypeName="executor://nunit3testexecutor/" className="PicklesDoc.Pickles.TestFrameworks.UnitTests.NUnit.NUnit3.WhenParsingNunit3ResultsFile" name="ThenCanReadResultOfFeatureWithFailingBackground" />
    </UnitTest>
    <UnitTest name="ThenCanReadScenarioOutlineResultSuccessfully" storage="c:\users\ericcarlson\documents\github\pickles\src\pickles.testframeworks.unittests\bin\debug\net6.0\picklesdoc.pickles.testframeworks.unittests.dll" id="fde1c954-98a7-7238-71c0-b624bf2faef3">
      <Execution id="51846db1-acb6-46bf-937a-7e8d7c636793" />
      <TestMethod codeBase="C:\Users\ericcarlson\Documents\GitHub\pickles\src\Pickles.TestFrameworks.UnitTests\bin\Debug\net6.0\PicklesDoc.Pickles.TestFrameworks.UnitTests.dll" adapterTypeName="executor://nunit3testexecutor/" className="PicklesDoc.Pickles.TestFrameworks.UnitTests.XUnit.XUnit2.WhenParsingxUnit2ResultsFile" name="ThenCanReadScenarioOutlineResultSuccessfully" />
    </UnitTest>
    <UnitTest name="ThenCanReadNotFoundScenarioCorrectly" storage="c:\users\ericcarlson\documents\github\pickles\src\pickles.testframeworks.unittests\bin\debug\net6.0\picklesdoc.pickles.testframeworks.unittests.dll" id="86c41238-e1bd-d4dd-850b-3f251771aebe">
      <Execution id="2b472a4c-9bbf-4c30-a2cb-5aa403508c59" />
      <TestMethod codeBase="C:\Users\ericcarlson\Documents\GitHub\pickles\src\Pickles.TestFrameworks.UnitTests\bin\Debug\net6.0\PicklesDoc.Pickles.TestFrameworks.UnitTests.dll" adapterTypeName="executor://nunit3testexecutor/" className="PicklesDoc.Pickles.TestFrameworks.UnitTests.CucumberJson.WhenParsingCucumberJsonFromRubyResultsFile" name="ThenCanReadNotFoundScenarioCorrectly" />
    </UnitTest>
    <UnitTest name="ThenCanReadResultsWithBackslashes" storage="c:\users\ericcarlson\documents\github\pickles\src\pickles.testframeworks.unittests\bin\debug\net6.0\picklesdoc.pickles.testframeworks.unittests.dll" id="1b904dc2-8da7-b28a-8a35-1d3fce5defa3">
      <Execution id="3a0559ce-8e5e-4a85-94f9-62a03ef11c33" />
      <TestMethod codeBase="C:\Users\ericcarlson\Documents\GitHub\pickles\src\Pickles.TestFrameworks.UnitTests\bin\Debug\net6.0\PicklesDoc.Pickles.TestFrameworks.UnitTests.dll" adapterTypeName="executor://nunit3testexecutor/" className="PicklesDoc.Pickles.TestFrameworks.UnitTests.NUnit.NUnit2.WhenParsingNUnitResultsFile" name="ThenCanReadResultsWithBackslashes" />
    </UnitTest>
    <UnitTest name="ThenCanReadResultOfScenarioOutlineWithUmlauts" storage="c:\users\ericcarlson\documents\github\pickles\src\pickles.testframeworks.unittests\bin\debug\net6.0\picklesdoc.pickles.testframeworks.unittests.dll" id="0377b2ee-902b-c8d6-74bf-d614453dc1d9">
      <Execution id="7e39589e-b245-4be5-8475-f8c78f8c0ba9" />
      <TestMethod codeBase="C:\Users\ericcarlson\Documents\GitHub\pickles\src\Pickles.TestFrameworks.UnitTests\bin\Debug\net6.0\PicklesDoc.Pickles.TestFrameworks.UnitTests.dll" adapterTypeName="executor://nunit3testexecutor/" className="PicklesDoc.Pickles.TestFrameworks.UnitTests.CucumberJson.WhenParsingCucumberJsonFromJSResultsFile" name="ThenCanReadResultOfScenarioOutlineWithUmlauts" />
    </UnitTest>
    <UnitTest name="GetFeatureResult_OnePassingOneFailed_ReturnsPassed" storage="c:\users\ericcarlson\documents\github\pickles\src\pickles.testframeworks.unittests\bin\debug\net6.0\picklesdoc.pickles.testframeworks.unittests.dll" id="d8eb6d98-9b62-c231-99fb-5444406d89a8">
      <Execution id="55aaa979-b159-4c5d-8420-bbf2e2e6b8e3" />
      <TestMethod codeBase="C:\Users\ericcarlson\Documents\GitHub\pickles\src\Pickles.TestFrameworks.UnitTests\bin\Debug\net6.0\PicklesDoc.Pickles.TestFrameworks.UnitTests.dll" adapterTypeName="executor://nunit3testexecutor/" className="PicklesDoc.Pickles.TestFrameworks.UnitTests.SpecRun.WhenParsingMultipleTestResultsTests" name="GetFeatureResult_OnePassingOneFailed_ReturnsPassed" />
    </UnitTest>
    <UnitTest name="ThenCanReadInconclusiveFeatureResultSuccessfully" storage="c:\users\ericcarlson\documents\github\pickles\src\pickles.testframeworks.unittests\bin\debug\net6.0\picklesdoc.pickles.testframeworks.unittests.dll" id="13f1786b-ba98-dd5e-fe5d-f541f09404b5">
      <Execution id="18a6b45f-340a-4332-a62e-01174a85d038" />
      <TestMethod codeBase="C:\Users\ericcarlson\Documents\GitHub\pickles\src\Pickles.TestFrameworks.UnitTests\bin\Debug\net6.0\PicklesDoc.Pickles.TestFrameworks.UnitTests.dll" adapterTypeName="executor://nunit3testexecutor/" className="PicklesDoc.Pickles.TestFrameworks.UnitTests.CucumberJson.WhenParsingCucumberJsonFromJSResultsFile" name="ThenCanReadInconclusiveFeatureResultSuccessfully" />
    </UnitTest>
    <UnitTest name="ThenCanReadIndividualResultsFromScenarioOutline_OneInconclusive_ShouldBeTestResultInconclusive" storage="c:\users\ericcarlson\documents\github\pickles\src\pickles.testframeworks.unittests\bin\debug\net6.0\picklesdoc.pickles.testframeworks.unittests.dll" id="bf8a77e3-2a8b-534e-97d8-864c929c5c23">
      <Execution id="b7876453-5c34-41b5-8b8b-def2dbd5adf3" />
      <TestMethod codeBase="C:\Users\ericcarlson\Documents\GitHub\pickles\src\Pickles.TestFrameworks.UnitTests\bin\Debug\net6.0\PicklesDoc.Pickles.TestFrameworks.UnitTests.dll" adapterTypeName="executor://nunit3testexecutor/" className="PicklesDoc.Pickles.TestFrameworks.UnitTests.VsTest.WhenParsingVsTestResultsFileWithIndividualResults" name="ThenCanReadIndividualResultsFromScenarioOutline_OneInconclusive_ShouldBeTestResultInconclusive" />
    </UnitTest>
    <UnitTest name="ThenCanReadFeatureResultWithoutThrowingException" storage="c:\users\ericcarlson\documents\github\pickles\src\pickles.testframeworks.unittests\bin\debug\net6.0\picklesdoc.pickles.testframeworks.unittests.dll" id="40fd2da8-e1b0-4d77-57fd-878737b69c52">
      <Execution id="4fbf4dda-8ea4-45e5-86fa-a9652a22d724" />
      <TestMethod codeBase="C:\Users\ericcarlson\Documents\GitHub\pickles\src\Pickles.TestFrameworks.UnitTests\bin\Debug\net6.0\PicklesDoc.Pickles.TestFrameworks.UnitTests.dll" adapterTypeName="executor://nunit3testexecutor/" className="PicklesDoc.Pickles.TestFrameworks.UnitTests.NUnit.NUnit2.WhenParsingnUnit2ResultsFileWithMissingTraits" name="ThenCanReadFeatureResultWithoutThrowingException" />
    </UnitTest>
    <UnitTest name="ThenCanReadExamplesWithLongExampleValues" storage="c:\users\ericcarlson\documents\github\pickles\src\pickles.testframeworks.unittests\bin\debug\net6.0\picklesdoc.pickles.testframeworks.unittests.dll" id="ff3d2d05-1397-0038-c496-c12b7435aaee">
      <Execution id="284f7fc0-096b-4cbf-b634-646619d96b62" />
      <TestMethod codeBase="C:\Users\ericcarlson\Documents\GitHub\pickles\src\Pickles.TestFrameworks.UnitTests\bin\Debug\net6.0\PicklesDoc.Pickles.TestFrameworks.UnitTests.dll" adapterTypeName="executor://nunit3testexecutor/" className="PicklesDoc.Pickles.TestFrameworks.UnitTests.SpecRun.WhenParsingSpecRunTestResultsFileWithIndividualResults" name="ThenCanReadExamplesWithLongExampleValues" />
    </UnitTest>
    <UnitTest name="ThenCanReadResultOfScenarioWithFailingBackground" storage="c:\users\ericcarlson\documents\github\pickles\src\pickles.testframeworks.unittests\bin\debug\net6.0\picklesdoc.pickles.testframeworks.unittests.dll" id="ecb801c4-d95f-4cd2-61bc-83f8f51ba916">
      <Execution id="950e5466-8515-4131-b704-9bd6ddeea2d8" />
      <TestMethod codeBase="C:\Users\ericcarlson\Documents\GitHub\pickles\src\Pickles.TestFrameworks.UnitTests\bin\Debug\net6.0\PicklesDoc.Pickles.TestFrameworks.UnitTests.dll" adapterTypeName="executor://nunit3testexecutor/" className="PicklesDoc.Pickles.TestFrameworks.UnitTests.CucumberJson.WhenParsingCucumberJsonFromJSResultsFile" name="ThenCanReadResultOfScenarioWithFailingBackground" />
    </UnitTest>
    <UnitTest name="ThenCanReadResultOfScenarioWithSpanishCharacters" storage="c:\users\ericcarlson\documents\github\pickles\src\pickles.testframeworks.unittests\bin\debug\net6.0\picklesdoc.pickles.testframeworks.unittests.dll" id="2a458999-94a8-df5e-d99f-8bcf0589d98d">
      <Execution id="48e81c87-6042-41c9-91d9-03a560bd06e3" />
      <TestMethod codeBase="C:\Users\ericcarlson\Documents\GitHub\pickles\src\Pickles.TestFrameworks.UnitTests\bin\Debug\net6.0\PicklesDoc.Pickles.TestFrameworks.UnitTests.dll" adapterTypeName="executor://nunit3testexecutor/" className="PicklesDoc.Pickles.TestFrameworks.UnitTests.NUnit.NUnit3.WhenParsingNunit3ResultsFile" name="ThenCanReadResultOfScenarioWithSpanishCharacters" />
    </UnitTest>
    <UnitTest name="ThenCanReadFailedFeatureResultSuccessfully" storage="c:\users\ericcarlson\documents\github\pickles\src\pickles.testframeworks.unittests\bin\debug\net6.0\picklesdoc.pickles.testframeworks.unittests.dll" id="63c783d3-cd4f-c315-c316-5735ac8dfa26">
      <Execution id="c4fe84d4-14c6-41e3-a5d1-6c2fdc2b0c74" />
      <TestMethod codeBase="C:\Users\ericcarlson\Documents\GitHub\pickles\src\Pickles.TestFrameworks.UnitTests\bin\Debug\net6.0\PicklesDoc.Pickles.TestFrameworks.UnitTests.dll" adapterTypeName="executor://nunit3testexecutor/" className="PicklesDoc.Pickles.TestFrameworks.UnitTests.MsTest.WhenParsingMultipleMsTestTestResultsFiles" name="ThenCanReadFailedFeatureResultSuccessfully" />
    </UnitTest>
    <UnitTest name="ThenCanReadExamplesWithLongExampleValues" storage="c:\users\ericcarlson\documents\github\pickles\src\pickles.testframeworks.unittests\bin\debug\net6.0\picklesdoc.pickles.testframeworks.unittests.dll" id="df779c3e-867d-628d-d601-319a18d1823c">
      <Execution id="70218cf6-a62a-44d0-beee-c31c8b4a0329" />
      <TestMethod codeBase="C:\Users\ericcarlson\Documents\GitHub\pickles\src\Pickles.TestFrameworks.UnitTests\bin\Debug\net6.0\PicklesDoc.Pickles.TestFrameworks.UnitTests.dll" adapterTypeName="executor://nunit3testexecutor/" className="PicklesDoc.Pickles.TestFrameworks.UnitTests.XUnit.XUnit2.WhenParsingXUnitResultsFileWithIndividualResults" name="ThenCanReadExamplesWithLongExampleValues" />
    </UnitTest>
    <UnitTest name="ThenCanReadResultOfFeatureWithFailingBackground" storage="c:\users\ericcarlson\documents\github\pickles\src\pickles.testframeworks.unittests\bin\debug\net6.0\picklesdoc.pickles.testframeworks.unittests.dll" id="fa88707c-fe6b-f9d4-e057-126c8ed49b45">
      <Execution id="ea4a0273-aaa2-45a1-8cdc-4d92a0b2b9bf" />
      <TestMethod codeBase="C:\Users\ericcarlson\Documents\GitHub\pickles\src\Pickles.TestFrameworks.UnitTests\bin\Debug\net6.0\PicklesDoc.Pickles.TestFrameworks.UnitTests.dll" adapterTypeName="executor://nunit3testexecutor/" className="PicklesDoc.Pickles.TestFrameworks.UnitTests.SpecRun.WhenParsingSpecRunTestResultsFile" name="ThenCanReadResultOfFeatureWithFailingBackground" />
    </UnitTest>
    <UnitTest name="ThenCanReadIndividualResultsFromScenarioOutline_AllPass_ShouldBeTestResultPassed" storage="c:\users\ericcarlson\documents\github\pickles\src\pickles.testframeworks.unittests\bin\debug\net6.0\picklesdoc.pickles.testframeworks.unittests.dll" id="741a4e57-0cca-d960-3bbc-2a95ae33db53">
      <Execution id="39a1dc4f-5b3a-4999-b445-4ab81ed0d2ed" />
      <TestMethod codeBase="C:\Users\ericcarlson\Documents\GitHub\pickles\src\Pickles.TestFrameworks.UnitTests\bin\Debug\net6.0\PicklesDoc.Pickles.TestFrameworks.UnitTests.dll" adapterTypeName="executor://nunit3testexecutor/" className="PicklesDoc.Pickles.TestFrameworks.UnitTests.CucumberJson.WhenParsingCucumberJsonFromJSResultsFileWithIndividualResults" name="ThenCanReadIndividualResultsFromScenarioOutline_AllPass_ShouldBeTestResultPassed" />
    </UnitTest>
    <UnitTest name="ThenCanReadNotFoundScenarioCorrectly" storage="c:\users\ericcarlson\documents\github\pickles\src\pickles.testframeworks.unittests\bin\debug\net6.0\picklesdoc.pickles.testframeworks.unittests.dll" id="74b4106b-4b89-70e5-ec6d-b53991f24ded">
      <Execution id="df05e27e-93f5-4ef2-a0c9-409e3f1c6bf9" />
      <TestMethod codeBase="C:\Users\ericcarlson\Documents\GitHub\pickles\src\Pickles.TestFrameworks.UnitTests\bin\Debug\net6.0\PicklesDoc.Pickles.TestFrameworks.UnitTests.dll" adapterTypeName="executor://nunit3testexecutor/" className="PicklesDoc.Pickles.TestFrameworks.UnitTests.CucumberJson.WhenParsingCucumberJsonFromJSResultsFile" name="ThenCanReadNotFoundScenarioCorrectly" />
    </UnitTest>
    <UnitTest name="ThenCanReadResultOfScenarioOutlineExampleWithFailingBackground" storage="c:\users\ericcarlson\documents\github\pickles\src\pickles.testframeworks.unittests\bin\debug\net6.0\picklesdoc.pickles.testframeworks.unittests.dll" id="1fdd6646-6375-970a-197e-20c3648dadc9">
      <Execution id="31b61a28-378f-44b8-8725-3b22b2330b72" />
      <TestMethod codeBase="C:\Users\ericcarlson\Documents\GitHub\pickles\src\Pickles.TestFrameworks.UnitTests\bin\Debug\net6.0\PicklesDoc.Pickles.TestFrameworks.UnitTests.dll" adapterTypeName="executor://nunit3testexecutor/" className="PicklesDoc.Pickles.TestFrameworks.UnitTests.VsTest.WhenParsingVsTestResultsFile" name="ThenCanReadResultOfScenarioOutlineExampleWithFailingBackground" />
    </UnitTest>
    <UnitTest name="ThenCanReadResultOfScenarioOutlineWithAmpersand" storage="c:\users\ericcarlson\documents\github\pickles\src\pickles.testframeworks.unittests\bin\debug\net6.0\picklesdoc.pickles.testframeworks.unittests.dll" id="aa6ed367-4142-c0b5-bc61-0c60c3e84f7e">
      <Execution id="6459b9b7-eb12-4eb5-970b-f825942bf375" />
      <TestMethod codeBase="C:\Users\ericcarlson\Documents\GitHub\pickles\src\Pickles.TestFrameworks.UnitTests\bin\Debug\net6.0\PicklesDoc.Pickles.TestFrameworks.UnitTests.dll" adapterTypeName="executor://nunit3testexecutor/" className="PicklesDoc.Pickles.TestFrameworks.UnitTests.VsTest.WhenParsingVsTestResultsFile" name="ThenCanReadResultOfScenarioOutlineWithAmpersand" />
    </UnitTest>
    <UnitTest name="ThenCanReadResultOfScenarioWithFailingBackground" storage="c:\users\ericcarlson\documents\github\pickles\src\pickles.testframeworks.unittests\bin\debug\net6.0\picklesdoc.pickles.testframeworks.unittests.dll" id="66032912-b178-4308-e9cd-9139f23f4710">
      <Execution id="b35ce2ee-6e7e-468f-b402-3bdd6f18b258" />
      <TestMethod codeBase="C:\Users\ericcarlson\Documents\GitHub\pickles\src\Pickles.TestFrameworks.UnitTests\bin\Debug\net6.0\PicklesDoc.Pickles.TestFrameworks.UnitTests.dll" adapterTypeName="executor://nunit3testexecutor/" className="PicklesDoc.Pickles.TestFrameworks.UnitTests.CucumberJson.WhenParsingCucumberJsonFromRubyResultsFile" name="ThenCanReadResultOfScenarioWithFailingBackground" />
    </UnitTest>
    <UnitTest name="ThenCanReadResultOfScenarioWithSpanishCharacters" storage="c:\users\ericcarlson\documents\github\pickles\src\pickles.testframeworks.unittests\bin\debug\net6.0\picklesdoc.pickles.testframeworks.unittests.dll" id="789bb7c5-38de-ac73-095d-7a54a206a4c4">
      <Execution id="2deb07d2-f9f1-4afb-8c88-fc5d5782cb72" />
      <TestMethod codeBase="C:\Users\ericcarlson\Documents\GitHub\pickles\src\Pickles.TestFrameworks.UnitTests\bin\Debug\net6.0\PicklesDoc.Pickles.TestFrameworks.UnitTests.dll" adapterTypeName="executor://nunit3testexecutor/" className="PicklesDoc.Pickles.TestFrameworks.UnitTests.XUnit.XUnit2.WhenParsingxUnit2ResultsFile" name="ThenCanReadResultOfScenarioWithSpanishCharacters" />
    </UnitTest>
    <UnitTest name="ThenCanReadResultOfFeatureWithFailingBackground" storage="c:\users\ericcarlson\documents\github\pickles\src\pickles.testframeworks.unittests\bin\debug\net6.0\picklesdoc.pickles.testframeworks.unittests.dll" id="3f5af0d1-875c-7462-d712-e00deb320d7a">
      <Execution id="3584ca61-c985-4937-901e-f1e2093eebe5" />
      <TestMethod codeBase="C:\Users\ericcarlson\Documents\GitHub\pickles\src\Pickles.TestFrameworks.UnitTests\bin\Debug\net6.0\PicklesDoc.Pickles.TestFrameworks.UnitTests.dll" adapterTypeName="executor://nunit3testexecutor/" className="PicklesDoc.Pickles.TestFrameworks.UnitTests.CucumberJson.WhenParsingCucumberJsonFromJSResultsFile" name="ThenCanReadResultOfFeatureWithFailingBackground" />
    </UnitTest>
    <UnitTest name="ThenCanReadResultOfScenarioWithDanishCharacters" storage="c:\users\ericcarlson\documents\github\pickles\src\pickles.testframeworks.unittests\bin\debug\net6.0\picklesdoc.pickles.testframeworks.unittests.dll" id="3f1adbc0-0196-34e5-6649-a85c5488fa91">
      <Execution id="52cc91d3-b618-462e-9a12-1c56db835440" />
      <TestMethod codeBase="C:\Users\ericcarlson\Documents\GitHub\pickles\src\Pickles.TestFrameworks.UnitTests\bin\Debug\net6.0\PicklesDoc.Pickles.TestFrameworks.UnitTests.dll" adapterTypeName="executor://nunit3testexecutor/" className="PicklesDoc.Pickles.TestFrameworks.UnitTests.MsTest.WhenParsingMsTestResultsFile" name="ThenCanReadResultOfScenarioWithDanishCharacters" />
    </UnitTest>
    <UnitTest name="ThenCanReadFailedScenarioResultSuccessfully" storage="c:\users\ericcarlson\documents\github\pickles\src\pickles.testframeworks.unittests\bin\debug\net6.0\picklesdoc.pickles.testframeworks.unittests.dll" id="f6f57a3d-4eb8-1874-da57-7a9e4d6b9c42">
      <Execution id="4a2faf06-582e-480b-8d34-85a5eaec4c7c" />
      <TestMethod codeBase="C:\Users\ericcarlson\Documents\GitHub\pickles\src\Pickles.TestFrameworks.UnitTests\bin\Debug\net6.0\PicklesDoc.Pickles.TestFrameworks.UnitTests.dll" adapterTypeName="executor://nunit3testexecutor/" className="PicklesDoc.Pickles.TestFrameworks.UnitTests.NUnit.NUnit3.WhenParsingNunit3ResultsFile" name="ThenCanReadFailedScenarioResultSuccessfully" />
    </UnitTest>
    <UnitTest name="ThenCanReadFailedFeatureResultSuccessfully" storage="c:\users\ericcarlson\documents\github\pickles\src\pickles.testframeworks.unittests\bin\debug\net6.0\picklesdoc.pickles.testframeworks.unittests.dll" id="af52bc0c-9d4d-dbfe-1e9a-8d33e897ef69">
      <Execution id="155614aa-b889-4bf9-8d46-656a65dd264d" />
      <TestMethod codeBase="C:\Users\ericcarlson\Documents\GitHub\pickles\src\Pickles.TestFrameworks.UnitTests\bin\Debug\net6.0\PicklesDoc.Pickles.TestFrameworks.UnitTests.dll" adapterTypeName="executor://nunit3testexecutor/" className="PicklesDoc.Pickles.TestFrameworks.UnitTests.NUnit.NUnit2.WhenParsingNUnitResultsFile" name="ThenCanReadFailedFeatureResultSuccessfully" />
    </UnitTest>
    <UnitTest name="ThenCanReadFailedScenarioResultSuccessfully" storage="c:\users\ericcarlson\documents\github\pickles\src\pickles.testframeworks.unittests\bin\debug\net6.0\picklesdoc.pickles.testframeworks.unittests.dll" id="c8836a8e-d919-c2fa-5c2d-61cd7e788ac3">
      <Execution id="8d4a8a74-0b22-4042-a416-c297382023d0" />
      <TestMethod codeBase="C:\Users\ericcarlson\Documents\GitHub\pickles\src\Pickles.TestFrameworks.UnitTests\bin\Debug\net6.0\PicklesDoc.Pickles.TestFrameworks.UnitTests.dll" adapterTypeName="executor://nunit3testexecutor/" className="PicklesDoc.Pickles.TestFrameworks.UnitTests.NUnit.NUnit3.WhenParsingNunit3ResultsFileForNunit2Tests" name="ThenCanReadFailedScenarioResultSuccessfully" />
    </UnitTest>
    <UnitTest name="ThenCanReadFeatureResultSuccessfully" storage="c:\users\ericcarlson\documents\github\pickles\src\pickles.testframeworks.unittests\bin\debug\net6.0\picklesdoc.pickles.testframeworks.unittests.dll" id="c878e9ba-46bf-00b5-a8be-a988ac37f973">
      <Execution id="8740ccaf-3fa7-484e-a4be-8355ddd077e6" />
      <TestMethod codeBase="C:\Users\ericcarlson\Documents\GitHub\pickles\src\Pickles.TestFrameworks.UnitTests\bin\Debug\net6.0\PicklesDoc.Pickles.TestFrameworks.UnitTests.dll" adapterTypeName="executor://nunit3testexecutor/" className="PicklesDoc.Pickles.TestFrameworks.UnitTests.NUnit.NUnit2.WhenParsingMultipleNUnitResultsFilesForASingleFeature" name="ThenCanReadFeatureResultSuccessfully" />
    </UnitTest>
    <UnitTest name="ThenCanReadResultOfScenarioWithSpanishCharacters" storage="c:\users\ericcarlson\documents\github\pickles\src\pickles.testframeworks.unittests\bin\debug\net6.0\picklesdoc.pickles.testframeworks.unittests.dll" id="0c1060a1-daea-cc27-1eec-f91d6e03fb50">
      <Execution id="32d4e90b-fc25-45bd-a979-1e631ecff46e" />
      <TestMethod codeBase="C:\Users\ericcarlson\Documents\GitHub\pickles\src\Pickles.TestFrameworks.UnitTests\bin\Debug\net6.0\PicklesDoc.Pickles.TestFrameworks.UnitTests.dll" adapterTypeName="executor://nunit3testexecutor/" className="PicklesDoc.Pickles.TestFrameworks.UnitTests.MsTest.WhenParsingMsTestResultsFile" name="ThenCanReadResultOfScenarioWithSpanishCharacters" />
    </UnitTest>
    <UnitTest name="GetScenarioOutlineResult_TwoInconclusive_ReturnsInconclusive" storage="c:\users\ericcarlson\documents\github\pickles\src\pickles.testframeworks.unittests\bin\debug\net6.0\picklesdoc.pickles.testframeworks.unittests.dll" id="bfd25a89-37a1-8b6d-3055-743f4224a763">
      <Execution id="26b1df15-68c2-4aec-ab4c-6254bdae732c" />
      <TestMethod codeBase="C:\Users\ericcarlson\Documents\GitHub\pickles\src\Pickles.TestFrameworks.UnitTests\bin\Debug\net6.0\PicklesDoc.Pickles.TestFrameworks.UnitTests.dll" adapterTypeName="executor://nunit3testexecutor/" className="PicklesDoc.Pickles.TestFrameworks.UnitTests.SpecRun.WhenParsingMultipleTestResultsTests" name="GetScenarioOutlineResult_TwoInconclusive_ReturnsInconclusive" />
    </UnitTest>
    <UnitTest name="ThenCanReadResultOfScenarioWithSpanishCharacters" storage="c:\users\ericcarlson\documents\github\pickles\src\pickles.testframeworks.unittests\bin\debug\net6.0\picklesdoc.pickles.testframeworks.unittests.dll" id="8237b5ca-ec4b-2f2b-c709-52a921fafd5c">
      <Execution id="e546185a-75f2-453c-9296-a38faae4a8ee" />
      <TestMethod codeBase="C:\Users\ericcarlson\Documents\GitHub\pickles\src\Pickles.TestFrameworks.UnitTests\bin\Debug\net6.0\PicklesDoc.Pickles.TestFrameworks.UnitTests.dll" adapterTypeName="executor://nunit3testexecutor/" className="PicklesDoc.Pickles.TestFrameworks.UnitTests.VsTest.WhenParsingVsTestResultsFile" name="ThenCanReadResultOfScenarioWithSpanishCharacters" />
    </UnitTest>
    <UnitTest name="TestResultsFileIsMessingElementsForAFeature_ShouldReturnInconclusive" storage="c:\users\ericcarlson\documents\github\pickles\src\pickles.testframeworks.unittests\bin\debug\net6.0\picklesdoc.pickles.testframeworks.unittests.dll" id="98e742b5-a9e8-df93-45b6-fa0d531caa6b">
      <Execution id="748212f2-c9d9-43b8-ad4b-22039b84ffca" />
      <TestMethod codeBase="C:\Users\ericcarlson\Documents\GitHub\pickles\src\Pickles.TestFrameworks.UnitTests\bin\Debug\net6.0\PicklesDoc.Pickles.TestFrameworks.UnitTests.dll" adapterTypeName="executor://nunit3testexecutor/" className="PicklesDoc.Pickles.TestFrameworks.UnitTests.CucumberJson.WhenParsingCucumberJsonFromJSResultsFileWithMissingElements" name="TestResultsFileIsMessingElementsForAFeature_ShouldReturnInconclusive" />
    </UnitTest>
    <UnitTest name="ThenCanReadIndividualResultsFromScenarioOutline_MultipleExampleSections_ShouldBeTestResultFailed" storage="c:\users\ericcarlson\documents\github\pickles\src\pickles.testframeworks.unittests\bin\debug\net6.0\picklesdoc.pickles.testframeworks.unittests.dll" id="c437592f-ad90-49b0-0c63-3ab7616bb2a4">
      <Execution id="fa980d38-2a8a-4a93-9e0f-2e76bba41ef2" />
      <TestMethod codeBase="C:\Users\ericcarlson\Documents\GitHub\pickles\src\Pickles.TestFrameworks.UnitTests\bin\Debug\net6.0\PicklesDoc.Pickles.TestFrameworks.UnitTests.dll" adapterTypeName="executor://nunit3testexecutor/" className="PicklesDoc.Pickles.TestFrameworks.UnitTests.SpecRun.WhenParsingSpecRunTestResultsFileWithIndividualResults" name="ThenCanReadIndividualResultsFromScenarioOutline_MultipleExampleSections_ShouldBeTestResultFailed" />
    </UnitTest>
    <UnitTest name="RegularExpressionAsExampleContentMatches_With_Plus" storage="c:\users\ericcarlson\documents\github\pickles\src\pickles.testframeworks.unittests\bin\debug\net6.0\picklesdoc.pickles.testframeworks.unittests.dll" id="c5348a36-5365-9e63-699c-dd523aa894a2">
      <Execution id="4e360723-a2d9-448a-abaa-906d995388d8" />
      <TestMethod codeBase="C:\Users\ericcarlson\Documents\GitHub\pickles\src\Pickles.TestFrameworks.UnitTests\bin\Debug\net6.0\PicklesDoc.Pickles.TestFrameworks.UnitTests.dll" adapterTypeName="executor://nunit3testexecutor/" className="PicklesDoc.Pickles.TestFrameworks.UnitTests.XUnit.XUnit2.WhenDeterminingTheSignatureOfAnXUnit2ExampleRow" name="RegularExpressionAsExampleContentMatches_With_Plus" />
    </UnitTest>
    <UnitTest name="ThenCanReadResultOfScenarioOutlineWithFailingBackground" storage="c:\users\ericcarlson\documents\github\pickles\src\pickles.testframeworks.unittests\bin\debug\net6.0\picklesdoc.pickles.testframeworks.unittests.dll" id="e1b783a4-63da-62c3-ab50-be899fdd79e2">
      <Execution id="6c0073a3-134d-47ab-9ae8-40c6a521a8e9" />
      <TestMethod codeBase="C:\Users\ericcarlson\Documents\GitHub\pickles\src\Pickles.TestFrameworks.UnitTests\bin\Debug\net6.0\PicklesDoc.Pickles.TestFrameworks.UnitTests.dll" adapterTypeName="executor://nunit3testexecutor/" className="PicklesDoc.Pickles.TestFrameworks.UnitTests.NUnit.NUnit3.WhenParsingNunit3ResultsFile" name="ThenCanReadResultOfScenarioOutlineWithFailingBackground" />
    </UnitTest>
    <UnitTest name="ThenCanResolveAsSingleton(&quot;results-example-vstest.trx&quot;,&quot;VsTest.results-example-vstest.trx&quot;,VsTest,PicklesDoc.Pickles.TestFrameworks.VsTest.VsTestResults)" storage="c:\users\ericcarlson\documents\github\pickles\src\pickles.testframeworks.unittests\bin\debug\net6.0\picklesdoc.pickles.testframeworks.unittests.dll" id="75c1372b-c80e-ab1f-dc10-8b8dc4679533">
      <Execution id="a9e06732-a1af-4762-bf0f-98606bcce42f" />
      <TestMethod codeBase="C:\Users\ericcarlson\Documents\GitHub\pickles\src\Pickles.TestFrameworks.UnitTests\bin\Debug\net6.0\PicklesDoc.Pickles.TestFrameworks.UnitTests.dll" adapterTypeName="executor://nunit3testexecutor/" className="PicklesDoc.Pickles.TestFrameworks.UnitTests.WhenResolvingTestResults" name="ThenCanResolveAsSingleton(&quot;results-example-vstest.trx&quot;,&quot;VsTest.results-example-vstest.trx&quot;,VsTest,PicklesDoc.Pickles.TestFrameworks.VsTest.VsTestResults)" />
    </UnitTest>
    <UnitTest name="RegularExpressionAsExampleContentMatches_With_Parentheses" storage="c:\users\ericcarlson\documents\github\pickles\src\pickles.testframeworks.unittests\bin\debug\net6.0\picklesdoc.pickles.testframeworks.unittests.dll" id="9c345799-e138-7ed0-5b4a-1011418b61de">
      <Execution id="35683834-eb04-466f-bc99-3ef605553dc6" />
      <TestMethod codeBase="C:\Users\ericcarlson\Documents\GitHub\pickles\src\Pickles.TestFrameworks.UnitTests\bin\Debug\net6.0\PicklesDoc.Pickles.TestFrameworks.UnitTests.dll" adapterTypeName="executor://nunit3testexecutor/" className="PicklesDoc.Pickles.TestFrameworks.UnitTests.XUnit.XUnit2.WhenDeterminingTheSignatureOfAnXUnit2ExampleRow" name="RegularExpressionAsExampleContentMatches_With_Parentheses" />
    </UnitTest>
    <UnitTest name="ThenCanReadIndividualResultsFromScenarioOutline_MultipleNamedExamplesWithDuplicateValues_ShouldMatchExamples" storage="c:\users\ericcarlson\documents\github\pickles\src\pickles.testframeworks.unittests\bin\debug\net6.0\picklesdoc.pickles.testframeworks.unittests.dll" id="15d64ad8-f453-6ded-46ce-06d0f8e68caf">
      <Execution id="c9d53999-04cd-4199-b3ab-173c1860fd87" />
      <TestMethod codeBase="C:\Users\ericcarlson\Documents\GitHub\pickles\src\Pickles.TestFrameworks.UnitTests\bin\Debug\net6.0\PicklesDoc.Pickles.TestFrameworks.UnitTests.dll" adapterTypeName="executor://nunit3testexecutor/" className="PicklesDoc.Pickles.TestFrameworks.UnitTests.NUnit.NUnit2.WhenParsingNUnitResultsFileWithIndividualResults" name="ThenCanReadIndividualResultsFromScenarioOutline_MultipleNamedExamplesWithDuplicateValues_ShouldMatchExamples" />
    </UnitTest>
    <UnitTest name="ThenCanReadNotFoundFeatureCorrectly" storage="c:\users\ericcarlson\documents\github\pickles\src\pickles.testframeworks.unittests\bin\debug\net6.0\picklesdoc.pickles.testframeworks.unittests.dll" id="59fc518d-691e-1e5f-347b-11ecb9d13e9d">
      <Execution id="7b4706ff-b0dc-4121-ab0f-1d14df323cf4" />
      <TestMethod codeBase="C:\Users\ericcarlson\Documents\GitHub\pickles\src\Pickles.TestFrameworks.UnitTests\bin\Debug\net6.0\PicklesDoc.Pickles.TestFrameworks.UnitTests.dll" adapterTypeName="executor://nunit3testexecutor/" className="PicklesDoc.Pickles.TestFrameworks.UnitTests.NUnit.NUnit2.WhenParsingNUnitResultsFile" name="ThenCanReadNotFoundFeatureCorrectly" />
    </UnitTest>
    <UnitTest name="ThenCanReadScenarioOutlineResultSuccessfully" storage="c:\users\ericcarlson\documents\github\pickles\src\pickles.testframeworks.unittests\bin\debug\net6.0\picklesdoc.pickles.testframeworks.unittests.dll" id="bd67c30d-1d82-4e89-6c61-dfcd016668cb">
      <Execution id="b9129e55-8252-4111-b1b7-a7283b6fc4b1" />
      <TestMethod codeBase="C:\Users\ericcarlson\Documents\GitHub\pickles\src\Pickles.TestFrameworks.UnitTests\bin\Debug\net6.0\PicklesDoc.Pickles.TestFrameworks.UnitTests.dll" adapterTypeName="executor://nunit3testexecutor/" className="PicklesDoc.Pickles.TestFrameworks.UnitTests.VsTest.WhenParsingVsTestResultsFile" name="ThenCanReadScenarioOutlineResultSuccessfully" />
    </UnitTest>
    <UnitTest name="ThenCanReadSuccessfulScenarioResultSuccessfully" storage="c:\users\ericcarlson\documents\github\pickles\src\pickles.testframeworks.unittests\bin\debug\net6.0\picklesdoc.pickles.testframeworks.unittests.dll" id="128b2e33-c1df-6a98-010e-1414bed50de5">
      <Execution id="3d832f6f-ef4d-4e52-a9a9-96720707e4d5" />
      <TestMethod codeBase="C:\Users\ericcarlson\Documents\GitHub\pickles\src\Pickles.TestFrameworks.UnitTests\bin\Debug\net6.0\PicklesDoc.Pickles.TestFrameworks.UnitTests.dll" adapterTypeName="executor://nunit3testexecutor/" className="PicklesDoc.Pickles.TestFrameworks.UnitTests.CucumberJson.WhenParsingCucumberJsonFromJSResultsFile" name="ThenCanReadSuccessfulScenarioResultSuccessfully" />
    </UnitTest>
    <UnitTest name="ThenCanReadExamplesWithLongExampleValues" storage="c:\users\ericcarlson\documents\github\pickles\src\pickles.testframeworks.unittests\bin\debug\net6.0\picklesdoc.pickles.testframeworks.unittests.dll" id="fa2fb9d9-01c1-922c-5d5a-386819eb8668">
      <Execution id="dee7ff39-0201-4f7f-be9c-102ba5399e92" />
      <TestMethod codeBase="C:\Users\ericcarlson\Documents\GitHub\pickles\src\Pickles.TestFrameworks.UnitTests\bin\Debug\net6.0\PicklesDoc.Pickles.TestFrameworks.UnitTests.dll" adapterTypeName="executor://nunit3testexecutor/" className="PicklesDoc.Pickles.TestFrameworks.UnitTests.CucumberJson.WhenParsingCucumberJsonFromJSResultsFileWithIndividualResults" name="ThenCanReadExamplesWithLongExampleValues" />
    </UnitTest>
    <UnitTest name="ThenCanReadInconclusiveFeatureResultSuccessfully" storage="c:\users\ericcarlson\documents\github\pickles\src\pickles.testframeworks.unittests\bin\debug\net6.0\picklesdoc.pickles.testframeworks.unittests.dll" id="98025163-67c4-34a3-d0e7-9dbdb150f12f">
      <Execution id="77f8bdb4-e0dc-453b-9eb8-dc3a75adab8a" />
      <TestMethod codeBase="C:\Users\ericcarlson\Documents\GitHub\pickles\src\Pickles.TestFrameworks.UnitTests\bin\Debug\net6.0\PicklesDoc.Pickles.TestFrameworks.UnitTests.dll" adapterTypeName="executor://nunit3testexecutor/" className="PicklesDoc.Pickles.TestFrameworks.UnitTests.NUnit.NUnit2.WhenParsingNUnitResultsFile" name="ThenCanReadInconclusiveFeatureResultSuccessfully" />
    </UnitTest>
    <UnitTest name="ThenCanReadResultOfScenarioOutlineExampleWithFailingBackground" storage="c:\users\ericcarlson\documents\github\pickles\src\pickles.testframeworks.unittests\bin\debug\net6.0\picklesdoc.pickles.testframeworks.unittests.dll" id="5f02bd55-47a0-e81d-b9df-6ab6392dc956">
      <Execution id="96ea00ae-4ea7-4ebe-a3e8-b1b338ba3711" />
      <TestMethod codeBase="C:\Users\ericcarlson\Documents\GitHub\pickles\src\Pickles.TestFrameworks.UnitTests\bin\Debug\net6.0\PicklesDoc.Pickles.TestFrameworks.UnitTests.dll" adapterTypeName="executor://nunit3testexecutor/" className="PicklesDoc.Pickles.TestFrameworks.UnitTests.NUnit.NUnit3.WhenParsingNunit3ResultsFileForNunit2Tests" name="ThenCanReadResultOfScenarioOutlineExampleWithFailingBackground" />
    </UnitTest>
    <UnitTest name="ThenCanReadSuccessfulScenarioResultSuccessfully" storage="c:\users\ericcarlson\documents\github\pickles\src\pickles.testframeworks.unittests\bin\debug\net6.0\picklesdoc.pickles.testframeworks.unittests.dll" id="616fe719-bf7f-7000-9e32-4cae5f1dd897">
      <Execution id="aa96715b-4e12-49f1-85b8-e36e1a13973e" />
      <TestMethod codeBase="C:\Users\ericcarlson\Documents\GitHub\pickles\src\Pickles.TestFrameworks.UnitTests\bin\Debug\net6.0\PicklesDoc.Pickles.TestFrameworks.UnitTests.dll" adapterTypeName="executor://nunit3testexecutor/" className="PicklesDoc.Pickles.TestFrameworks.UnitTests.XUnit.XUnit1.WhenParsingxUnitResultsFile" name="ThenCanReadSuccessfulScenarioResultSuccessfully" />
    </UnitTest>
    <UnitTest name="ThenCanReadResultOfScenarioOutlineWithUmlauts" storage="c:\users\ericcarlson\documents\github\pickles\src\pickles.testframeworks.unittests\bin\debug\net6.0\picklesdoc.pickles.testframeworks.unittests.dll" id="dd0a53f6-9608-d074-ec6b-1fd826ef275e">
      <Execution id="4b431f9b-53de-4d45-86f6-9c6b7178b913" />
      <TestMethod codeBase="C:\Users\ericcarlson\Documents\GitHub\pickles\src\Pickles.TestFrameworks.UnitTests\bin\Debug\net6.0\PicklesDoc.Pickles.TestFrameworks.UnitTests.dll" adapterTypeName="executor://nunit3testexecutor/" className="PicklesDoc.Pickles.TestFrameworks.UnitTests.CucumberJson.WhenParsingCucumberJsonFromRubyResultsFile" name="ThenCanReadResultOfScenarioOutlineWithUmlauts" />
    </UnitTest>
    <UnitTest name="ThenCanReadResultOfScenarioOutlineWithSpecialCharacters" storage="c:\users\ericcarlson\documents\github\pickles\src\pickles.testframeworks.unittests\bin\debug\net6.0\picklesdoc.pickles.testframeworks.unittests.dll" id="a24366aa-9e79-801f-e1af-8419027c8a13">
      <Execution id="7e793d06-4747-4f34-8438-df9e37036c16" />
      <TestMethod codeBase="C:\Users\ericcarlson\Documents\GitHub\pickles\src\Pickles.TestFrameworks.UnitTests\bin\Debug\net6.0\PicklesDoc.Pickles.TestFrameworks.UnitTests.dll" adapterTypeName="executor://nunit3testexecutor/" className="PicklesDoc.Pickles.TestFrameworks.UnitTests.SpecRun.WhenParsingSpecRunTestResultsFile" name="ThenCanReadResultOfScenarioOutlineWithSpecialCharacters" />
    </UnitTest>
    <UnitTest name="ThenCanReadResultOfScenarioOutlineWithFailingBackground" storage="c:\users\ericcarlson\documents\github\pickles\src\pickles.testframeworks.unittests\bin\debug\net6.0\picklesdoc.pickles.testframeworks.unittests.dll" id="e931af6a-3452-9003-decc-ede4ba4ec081">
      <Execution id="37bfd0ce-79ad-41b5-be6d-69cc4afbe76f" />
      <TestMethod codeBase="C:\Users\ericcarlson\Documents\GitHub\pickles\src\Pickles.TestFrameworks.UnitTests\bin\Debug\net6.0\PicklesDoc.Pickles.TestFrameworks.UnitTests.dll" adapterTypeName="executor://nunit3testexecutor/" className="PicklesDoc.Pickles.TestFrameworks.UnitTests.NUnit.NUnit3.WhenParsingNunit3ResultsFileForNunit2Tests" name="ThenCanReadResultOfScenarioOutlineWithFailingBackground" />
    </UnitTest>
    <UnitTest name="ThenCanReadResultOfScenarioWithFailingBackground" storage="c:\users\ericcarlson\documents\github\pickles\src\pickles.testframeworks.unittests\bin\debug\net6.0\picklesdoc.pickles.testframeworks.unittests.dll" id="ca034f59-6d8f-3d39-f10e-3725456122ef">
      <Execution id="5102093f-882e-480e-b94f-b4b66c5776cf" />
      <TestMethod codeBase="C:\Users\ericcarlson\Documents\GitHub\pickles\src\Pickles.TestFrameworks.UnitTests\bin\Debug\net6.0\PicklesDoc.Pickles.TestFrameworks.UnitTests.dll" adapterTypeName="executor://nunit3testexecutor/" className="PicklesDoc.Pickles.TestFrameworks.UnitTests.XUnit.XUnit2.WhenParsingxUnit2ResultsFile" name="ThenCanReadResultOfScenarioWithFailingBackground" />
    </UnitTest>
    <UnitTest name="ThenCanResolveAsSingleton(&quot;results-example-nunit.xml&quot;,&quot;NUnit.NUnit2.results-example-nunit.xml&quot;,NUnit,PicklesDoc.Pickles.TestFrameworks.NUnit.NUnit2.NUnit2Results)" storage="c:\users\ericcarlson\documents\github\pickles\src\pickles.testframeworks.unittests\bin\debug\net6.0\picklesdoc.pickles.testframeworks.unittests.dll" id="e70aaa39-34a4-5c29-d102-ad4674ca6ab6">
      <Execution id="9c6d11bf-25f1-43b6-bada-7541bc86fe8d" />
      <TestMethod codeBase="C:\Users\ericcarlson\Documents\GitHub\pickles\src\Pickles.TestFrameworks.UnitTests\bin\Debug\net6.0\PicklesDoc.Pickles.TestFrameworks.UnitTests.dll" adapterTypeName="executor://nunit3testexecutor/" className="PicklesDoc.Pickles.TestFrameworks.UnitTests.WhenResolvingTestResults" name="ThenCanResolveAsSingleton(&quot;results-example-nunit.xml&quot;,&quot;NUnit.NUnit2.results-example-nunit.xml&quot;,NUnit,PicklesDoc.Pickles.TestFrameworks.NUnit.NUnit2.NUnit2Results)" />
    </UnitTest>
    <UnitTest name="ThenCanReadResultOfScenarioOutlineWithAmpersand" storage="c:\users\ericcarlson\documents\github\pickles\src\pickles.testframeworks.unittests\bin\debug\net6.0\picklesdoc.pickles.testframeworks.unittests.dll" id="62d8a504-87cb-5ba7-c255-1d3c38bd41a0">
      <Execution id="49cd31b5-9d10-499d-98a1-95de21e2034b" />
      <TestMethod codeBase="C:\Users\ericcarlson\Documents\GitHub\pickles\src\Pickles.TestFrameworks.UnitTests\bin\Debug\net6.0\PicklesDoc.Pickles.TestFrameworks.UnitTests.dll" adapterTypeName="executor://nunit3testexecutor/" className="PicklesDoc.Pickles.TestFrameworks.UnitTests.NUnit.NUnit3.WhenParsingNunit3ResultsFile" name="ThenCanReadResultOfScenarioOutlineWithAmpersand" />
    </UnitTest>
    <UnitTest name="ThenCanReadFeatureResultSuccessfully" storage="c:\users\ericcarlson\documents\github\pickles\src\pickles.testframeworks.unittests\bin\debug\net6.0\picklesdoc.pickles.testframeworks.unittests.dll" id="654eaa9a-fb20-1f7a-8fb7-20107e7e962f">
      <Execution id="e5b8282d-ad4a-482f-9a00-4273dbeffca2" />
      <TestMethod codeBase="C:\Users\ericcarlson\Documents\GitHub\pickles\src\Pickles.TestFrameworks.UnitTests\bin\Debug\net6.0\PicklesDoc.Pickles.TestFrameworks.UnitTests.dll" adapterTypeName="executor://nunit3testexecutor/" className="PicklesDoc.Pickles.TestFrameworks.UnitTests.VsTest.WhenParsingVsTestResultsFile" name="ThenCanReadFeatureResultSuccessfully" />
    </UnitTest>
    <UnitTest name="GetFeatureResult_TwoInconclusive_ReturnsInconclusive" storage="c:\users\ericcarlson\documents\github\pickles\src\pickles.testframeworks.unittests\bin\debug\net6.0\picklesdoc.pickles.testframeworks.unittests.dll" id="b8387dd6-f890-7e0b-f414-a4e07ecc407b">
      <Execution id="0647b734-fd74-4ea6-9a2b-db71db780b4c" />
      <TestMethod codeBase="C:\Users\ericcarlson\Documents\GitHub\pickles\src\Pickles.TestFrameworks.UnitTests\bin\Debug\net6.0\PicklesDoc.Pickles.TestFrameworks.UnitTests.dll" adapterTypeName="executor://nunit3testexecutor/" className="PicklesDoc.Pickles.TestFrameworks.UnitTests.SpecRun.WhenParsingMultipleTestResultsTests" name="GetFeatureResult_TwoInconclusive_ReturnsInconclusive" />
    </UnitTest>
    <UnitTest name="ThenCanReadPassedFeatureResultSuccessfully" storage="c:\users\ericcarlson\documents\github\pickles\src\pickles.testframeworks.unittests\bin\debug\net6.0\picklesdoc.pickles.testframeworks.unittests.dll" id="eaddf983-315a-e36c-c3b9-c9529d03d71a">
      <Execution id="64e21262-5091-4cbe-97ee-9ada1d422500" />
      <TestMethod codeBase="C:\Users\ericcarlson\Documents\GitHub\pickles\src\Pickles.TestFrameworks.UnitTests\bin\Debug\net6.0\PicklesDoc.Pickles.TestFrameworks.UnitTests.dll" adapterTypeName="executor://nunit3testexecutor/" className="PicklesDoc.Pickles.TestFrameworks.UnitTests.MsTest.WhenParsingMsTestResultsFile" name="ThenCanReadPassedFeatureResultSuccessfully" />
    </UnitTest>
    <UnitTest name="ThenCanReadSuccessfulScenarioResultSuccessfully" storage="c:\users\ericcarlson\documents\github\pickles\src\pickles.testframeworks.unittests\bin\debug\net6.0\picklesdoc.pickles.testframeworks.unittests.dll" id="09eb03c3-6c6b-d07d-0c0e-f69b7a3941d2">
      <Execution id="c7a164fa-0ba1-4092-9376-cfd25c875b4d" />
      <TestMethod codeBase="C:\Users\ericcarlson\Documents\GitHub\pickles\src\Pickles.TestFrameworks.UnitTests\bin\Debug\net6.0\PicklesDoc.Pickles.TestFrameworks.UnitTests.dll" adapterTypeName="executor://nunit3testexecutor/" className="PicklesDoc.Pickles.TestFrameworks.UnitTests.XUnit.XUnit2.WhenParsingxUnit2ResultsFile" name="ThenCanReadSuccessfulScenarioResultSuccessfully" />
    </UnitTest>
    <UnitTest name="ThenCanReadIgnoredScenarioResultSuccessfully" storage="c:\users\ericcarlson\documents\github\pickles\src\pickles.testframeworks.unittests\bin\debug\net6.0\picklesdoc.pickles.testframeworks.unittests.dll" id="c0743634-0e8c-60ff-dd33-aa3c1f7c437b">
      <Execution id="ba8e7ba1-278c-446f-a682-899a765fc143" />
      <TestMethod codeBase="C:\Users\ericcarlson\Documents\GitHub\pickles\src\Pickles.TestFrameworks.UnitTests\bin\Debug\net6.0\PicklesDoc.Pickles.TestFrameworks.UnitTests.dll" adapterTypeName="executor://nunit3testexecutor/" className="PicklesDoc.Pickles.TestFrameworks.UnitTests.XUnit.XUnit2.WhenParsingxUnit2ResultsFile" name="ThenCanReadIgnoredScenarioResultSuccessfully" />
    </UnitTest>
    <UnitTest name="ThenCanReadFailedScenarioResultSuccessfully" storage="c:\users\ericcarlson\documents\github\pickles\src\pickles.testframeworks.unittests\bin\debug\net6.0\picklesdoc.pickles.testframeworks.unittests.dll" id="9c713a2b-9e76-2415-d955-46aa4b04bc55">
      <Execution id="7b27c9bb-c203-48cc-a840-f168fbed20cd" />
      <TestMethod codeBase="C:\Users\ericcarlson\Documents\GitHub\pickles\src\Pickles.TestFrameworks.UnitTests\bin\Debug\net6.0\PicklesDoc.Pickles.TestFrameworks.UnitTests.dll" adapterTypeName="executor://nunit3testexecutor/" className="PicklesDoc.Pickles.TestFrameworks.UnitTests.MsTest.WhenParsingMultipleMsTestTestResultsFiles" name="ThenCanReadFailedScenarioResultSuccessfully" />
    </UnitTest>
    <UnitTest name="ThenCanReadInconclusiveScenarioResultSuccessfully" storage="c:\users\ericcarlson\documents\github\pickles\src\pickles.testframeworks.unittests\bin\debug\net6.0\picklesdoc.pickles.testframeworks.unittests.dll" id="098238b9-0456-1247-ed8e-8206ed9eaecc">
      <Execution id="a5091518-879a-4e4a-b85f-244b562407ec" />
      <TestMethod codeBase="C:\Users\ericcarlson\Documents\GitHub\pickles\src\Pickles.TestFrameworks.UnitTests\bin\Debug\net6.0\PicklesDoc.Pickles.TestFrameworks.UnitTests.dll" adapterTypeName="executor://nunit3testexecutor/" className="PicklesDoc.Pickles.TestFrameworks.UnitTests.VsTest.WhenParsingVsTestResultsFile" name="ThenCanReadInconclusiveScenarioResultSuccessfully" />
    </UnitTest>
    <UnitTest name="ThenCanReadExamplesWithLongExampleValues" storage="c:\users\ericcarlson\documents\github\pickles\src\pickles.testframeworks.unittests\bin\debug\net6.0\picklesdoc.pickles.testframeworks.unittests.dll" id="c7e76d21-7d2a-305a-821d-d13e50bc910e">
      <Execution id="c88b6afa-8f7d-45cb-9574-ee40533bae05" />
      <TestMethod codeBase="C:\Users\ericcarlson\Documents\GitHub\pickles\src\Pickles.TestFrameworks.UnitTests\bin\Debug\net6.0\PicklesDoc.Pickles.TestFrameworks.UnitTests.dll" adapterTypeName="executor://nunit3testexecutor/" className="PicklesDoc.Pickles.TestFrameworks.UnitTests.NUnit.NUnit3.WhenParsingNUnitResultsFileWithIndividualResults" name="ThenCanReadExamplesWithLongExampleValues" />
    </UnitTest>
    <UnitTest name="GetScenarioResult_OnePassingOneFailing_ReturnsFailed" storage="c:\users\ericcarlson\documents\github\pickles\src\pickles.testframeworks.unittests\bin\debug\net6.0\picklesdoc.pickles.testframeworks.unittests.dll" id="70bec1df-5a68-44f4-dc37-08e0c2b5dd45">
      <Execution id="2e37d201-6c08-4026-835d-1511063d6c8d" />
      <TestMethod codeBase="C:\Users\ericcarlson\Documents\GitHub\pickles\src\Pickles.TestFrameworks.UnitTests\bin\Debug\net6.0\PicklesDoc.Pickles.TestFrameworks.UnitTests.dll" adapterTypeName="executor://nunit3testexecutor/" className="PicklesDoc.Pickles.TestFrameworks.UnitTests.SpecRun.WhenParsingMultipleTestResultsTests" name="GetScenarioResult_OnePassingOneFailing_ReturnsFailed" />
    </UnitTest>
    <UnitTest name="ThenCanReadFailedFeatureResultSuccessfully" storage="c:\users\ericcarlson\documents\github\pickles\src\pickles.testframeworks.unittests\bin\debug\net6.0\picklesdoc.pickles.testframeworks.unittests.dll" id="ef5a7c41-c0be-df83-b30a-5c970829c937">
      <Execution id="90cb584d-b0f7-4ae9-8238-d6646da14c13" />
      <TestMethod codeBase="C:\Users\ericcarlson\Documents\GitHub\pickles\src\Pickles.TestFrameworks.UnitTests\bin\Debug\net6.0\PicklesDoc.Pickles.TestFrameworks.UnitTests.dll" adapterTypeName="executor://nunit3testexecutor/" className="PicklesDoc.Pickles.TestFrameworks.UnitTests.MsTest.WhenParsingMsTestResultsFile" name="ThenCanReadFailedFeatureResultSuccessfully" />
    </UnitTest>
    <UnitTest name="ThenCanReadResultsWithParenthesis" storage="c:\users\ericcarlson\documents\github\pickles\src\pickles.testframeworks.unittests\bin\debug\net6.0\picklesdoc.pickles.testframeworks.unittests.dll" id="feef8d1e-733e-c97b-cae9-59e37cf87fb6">
      <Execution id="f2ffd30c-b1ed-46cd-83e2-ef5b649816d5" />
      <TestMethod codeBase="C:\Users\ericcarlson\Documents\GitHub\pickles\src\Pickles.TestFrameworks.UnitTests\bin\Debug\net6.0\PicklesDoc.Pickles.TestFrameworks.UnitTests.dll" adapterTypeName="executor://nunit3testexecutor/" className="PicklesDoc.Pickles.TestFrameworks.UnitTests.XUnit.XUnit1.WhenParsingxUnitResultsFile" name="ThenCanReadResultsWithParenthesis" />
    </UnitTest>
    <UnitTest name="ThenCanReadPassedFeatureResultSuccessfully" storage="c:\users\ericcarlson\documents\github\pickles\src\pickles.testframeworks.unittests\bin\debug\net6.0\picklesdoc.pickles.testframeworks.unittests.dll" id="d2ebcdb0-238b-cbb7-f625-318772534557">
      <Execution id="de77fe68-7297-4e06-b5a3-3a6c1e3e5966" />
      <TestMethod codeBase="C:\Users\ericcarlson\Documents\GitHub\pickles\src\Pickles.TestFrameworks.UnitTests\bin\Debug\net6.0\PicklesDoc.Pickles.TestFrameworks.UnitTests.dll" adapterTypeName="executor://nunit3testexecutor/" className="PicklesDoc.Pickles.TestFrameworks.UnitTests.NUnit.NUnit2.WhenParsingNUnitResultsFile" name="ThenCanReadPassedFeatureResultSuccessfully" />
    </UnitTest>
    <UnitTest name="ThenCanReadResultOfScenarioWithSpecialCharacters" storage="c:\users\ericcarlson\documents\github\pickles\src\pickles.testframeworks.unittests\bin\debug\net6.0\picklesdoc.pickles.testframeworks.unittests.dll" id="ce027c0e-b7b6-30e8-95b9-9af781c2b3c7">
      <Execution id="ca1ed0ae-0d3a-439c-8bcb-646c69853df1" />
      <TestMethod codeBase="C:\Users\ericcarlson\Documents\GitHub\pickles\src\Pickles.TestFrameworks.UnitTests\bin\Debug\net6.0\PicklesDoc.Pickles.TestFrameworks.UnitTests.dll" adapterTypeName="executor://nunit3testexecutor/" className="PicklesDoc.Pickles.TestFrameworks.UnitTests.NUnit.NUnit3.WhenParsingNunit3ResultsFile" name="ThenCanReadResultOfScenarioWithSpecialCharacters" />
    </UnitTest>
    <UnitTest name="ThenCanReadFailedScenarioResultSuccessfully" storage="c:\users\ericcarlson\documents\github\pickles\src\pickles.testframeworks.unittests\bin\debug\net6.0\picklesdoc.pickles.testframeworks.unittests.dll" id="6d53e524-577b-617b-04c0-cc99f9396f86">
      <Execution id="bdaa3343-1629-43ff-9e62-ded995a45b1a" />
      <TestMethod codeBase="C:\Users\ericcarlson\Documents\GitHub\pickles\src\Pickles.TestFrameworks.UnitTests\bin\Debug\net6.0\PicklesDoc.Pickles.TestFrameworks.UnitTests.dll" adapterTypeName="executor://nunit3testexecutor/" className="PicklesDoc.Pickles.TestFrameworks.UnitTests.SpecRun.WhenParsingSpecRunTestResultsFile" name="ThenCanReadFailedScenarioResultSuccessfully" />
    </UnitTest>
    <UnitTest name="ThenIgnoredScenarioIsSetToInconclusive" storage="c:\users\ericcarlson\documents\github\pickles\src\pickles.testframeworks.unittests\bin\debug\net6.0\picklesdoc.pickles.testframeworks.unittests.dll" id="273b19f2-bc2e-0fff-03d9-8e3fde4e1105">
      <Execution id="fbd019fc-3e63-4457-b31c-bcec32253d85" />
      <TestMethod codeBase="C:\Users\ericcarlson\Documents\GitHub\pickles\src\Pickles.TestFrameworks.UnitTests\bin\Debug\net6.0\PicklesDoc.Pickles.TestFrameworks.UnitTests.dll" adapterTypeName="executor://nunit3testexecutor/" className="PicklesDoc.Pickles.TestFrameworks.UnitTests.VsTest.WhenParsingVsTestResultsFileWithIgnoredExample" name="ThenIgnoredScenarioIsSetToInconclusive" />
    </UnitTest>
    <UnitTest name="ThenCanReadExamplesWithRegexValuesFromScenarioOutline_ShouldBeTestResultPassed" storage="c:\users\ericcarlson\documents\github\pickles\src\pickles.testframeworks.unittests\bin\debug\net6.0\picklesdoc.pickles.testframeworks.unittests.dll" id="906d5dad-24a2-c194-0157-f7aa409300ef">
      <Execution id="50035cab-6fe2-4eef-b85d-91bb4fd49a05" />
      <TestMethod codeBase="C:\Users\ericcarlson\Documents\GitHub\pickles\src\Pickles.TestFrameworks.UnitTests\bin\Debug\net6.0\PicklesDoc.Pickles.TestFrameworks.UnitTests.dll" adapterTypeName="executor://nunit3testexecutor/" className="PicklesDoc.Pickles.TestFrameworks.UnitTests.NUnit.NUnit3.WhenParsingNUnitResultsFileWithIndividualResults" name="ThenCanReadExamplesWithRegexValuesFromScenarioOutline_ShouldBeTestResultPassed" />
    </UnitTest>
    <UnitTest name="ThenCanReadScenarioOutlineResultSuccessfully" storage="c:\users\ericcarlson\documents\github\pickles\src\pickles.testframeworks.unittests\bin\debug\net6.0\picklesdoc.pickles.testframeworks.unittests.dll" id="e2225881-39fd-7f1c-d804-53db9fd0bebf">
      <Execution id="332cd533-1465-4ab3-a937-c68c08f6e741" />
      <TestMethod codeBase="C:\Users\ericcarlson\Documents\GitHub\pickles\src\Pickles.TestFrameworks.UnitTests\bin\Debug\net6.0\PicklesDoc.Pickles.TestFrameworks.UnitTests.dll" adapterTypeName="executor://nunit3testexecutor/" className="PicklesDoc.Pickles.TestFrameworks.UnitTests.NUnit.NUnit3.WhenParsingNunit3ResultsFile" name="ThenCanReadScenarioOutlineResultSuccessfully" />
    </UnitTest>
    <UnitTest name="ThenCanReadResultOfScenarioWithSpecialCharacters" storage="c:\users\ericcarlson\documents\github\pickles\src\pickles.testframeworks.unittests\bin\debug\net6.0\picklesdoc.pickles.testframeworks.unittests.dll" id="eee8715c-d733-130b-cc22-7b1892f2f926">
      <Execution id="96c4b157-8b06-4a38-891c-ae95032892b4" />
      <TestMethod codeBase="C:\Users\ericcarlson\Documents\GitHub\pickles\src\Pickles.TestFrameworks.UnitTests\bin\Debug\net6.0\PicklesDoc.Pickles.TestFrameworks.UnitTests.dll" adapterTypeName="executor://nunit3testexecutor/" className="PicklesDoc.Pickles.TestFrameworks.UnitTests.SpecRun.WhenParsingSpecRunTestResultsFile" name="ThenCanReadResultOfScenarioWithSpecialCharacters" />
    </UnitTest>
    <UnitTest name="ThenCanReadIndividualResultsFromScenarioOutline_ExamplesWithDuplicateValues_ShouldMatchExamples" storage="c:\users\ericcarlson\documents\github\pickles\src\pickles.testframeworks.unittests\bin\debug\net6.0\picklesdoc.pickles.testframeworks.unittests.dll" id="0be35ca5-d72a-7b15-1c8a-f42c97327233">
      <Execution id="f98e51cc-24ae-47e5-ad31-6099cdfb9f4a" />
      <TestMethod codeBase="C:\Users\ericcarlson\Documents\GitHub\pickles\src\Pickles.TestFrameworks.UnitTests\bin\Debug\net6.0\PicklesDoc.Pickles.TestFrameworks.UnitTests.dll" adapterTypeName="executor://nunit3testexecutor/" className="PicklesDoc.Pickles.TestFrameworks.UnitTests.XUnit.XUnit1.WhenParsingXUnitResultsFileWithIndividualResults" name="ThenCanReadIndividualResultsFromScenarioOutline_ExamplesWithDuplicateValues_ShouldMatchExamples" />
    </UnitTest>
    <UnitTest name="ThenCanReadFeatureResultWithoutThrowingException" storage="c:\users\ericcarlson\documents\github\pickles\src\pickles.testframeworks.unittests\bin\debug\net6.0\picklesdoc.pickles.testframeworks.unittests.dll" id="71b016af-5365-c420-5627-629663f2e7e7">
      <Execution id="79aad154-0a3f-4d7f-a724-29483fca509c" />
      <TestMethod codeBase="C:\Users\ericcarlson\Documents\GitHub\pickles\src\Pickles.TestFrameworks.UnitTests\bin\Debug\net6.0\PicklesDoc.Pickles.TestFrameworks.UnitTests.dll" adapterTypeName="executor://nunit3testexecutor/" className="PicklesDoc.Pickles.TestFrameworks.UnitTests.VsTest.WhenParsingVsTestResultsFileWithMissingTraits" name="ThenCanReadFeatureResultWithoutThrowingException" />
    </UnitTest>
    <UnitTest name="ThenCanReadNotFoundScenarioCorrectly" storage="c:\users\ericcarlson\documents\github\pickles\src\pickles.testframeworks.unittests\bin\debug\net6.0\picklesdoc.pickles.testframeworks.unittests.dll" id="b3391feb-285b-6d84-ca18-8c0b0036158b">
      <Execution id="b1e3c480-59e5-4390-b1a1-9930be4ea5ee" />
      <TestMethod codeBase="C:\Users\ericcarlson\Documents\GitHub\pickles\src\Pickles.TestFrameworks.UnitTests\bin\Debug\net6.0\PicklesDoc.Pickles.TestFrameworks.UnitTests.dll" adapterTypeName="executor://nunit3testexecutor/" className="PicklesDoc.Pickles.TestFrameworks.UnitTests.XUnit.XUnit2.WhenParsingxUnit2ResultsFile" name="ThenCanReadNotFoundScenarioCorrectly" />
    </UnitTest>
    <UnitTest name="ThenCanReadIndividualResultsFromScenarioOutline_MultipleExamplesWithDuplicateValues_ShouldMatchExamples" storage="c:\users\ericcarlson\documents\github\pickles\src\pickles.testframeworks.unittests\bin\debug\net6.0\picklesdoc.pickles.testframeworks.unittests.dll" id="2a27032e-00ea-3b79-aa12-bae663492183">
      <Execution id="c82b2c4d-aa6e-43b3-9275-2241a0ab21af" />
      <TestMethod codeBase="C:\Users\ericcarlson\Documents\GitHub\pickles\src\Pickles.TestFrameworks.UnitTests\bin\Debug\net6.0\PicklesDoc.Pickles.TestFrameworks.UnitTests.dll" adapterTypeName="executor://nunit3testexecutor/" className="PicklesDoc.Pickles.TestFrameworks.UnitTests.XUnit.XUnit1.WhenParsingXUnitResultsFileWithIndividualResults" name="ThenCanReadIndividualResultsFromScenarioOutline_MultipleExamplesWithDuplicateValues_ShouldMatchExamples" />
    </UnitTest>
    <UnitTest name="ThenCanReadNotFoundFeatureCorrectly" storage="c:\users\ericcarlson\documents\github\pickles\src\pickles.testframeworks.unittests\bin\debug\net6.0\picklesdoc.pickles.testframeworks.unittests.dll" id="c6f15296-0fc2-f115-2027-fc75b24fa682">
      <Execution id="fc2fb7dc-52d9-461d-af8d-234ef43ca788" />
      <TestMethod codeBase="C:\Users\ericcarlson\Documents\GitHub\pickles\src\Pickles.TestFrameworks.UnitTests\bin\Debug\net6.0\PicklesDoc.Pickles.TestFrameworks.UnitTests.dll" adapterTypeName="executor://nunit3testexecutor/" className="PicklesDoc.Pickles.TestFrameworks.UnitTests.XUnit.XUnit1.WhenParsingxUnitResultsFile" name="ThenCanReadNotFoundFeatureCorrectly" />
    </UnitTest>
    <UnitTest name="ThenCanReadScenarioOutlineResultSuccessfully" storage="c:\users\ericcarlson\documents\github\pickles\src\pickles.testframeworks.unittests\bin\debug\net6.0\picklesdoc.pickles.testframeworks.unittests.dll" id="cc57926d-969f-f4d6-e13e-e69125306611">
      <Execution id="1f262e68-94db-4a4b-bec0-d419a7c9654d" />
      <TestMethod codeBase="C:\Users\ericcarlson\Documents\GitHub\pickles\src\Pickles.TestFrameworks.UnitTests\bin\Debug\net6.0\PicklesDoc.Pickles.TestFrameworks.UnitTests.dll" adapterTypeName="executor://nunit3testexecutor/" className="PicklesDoc.Pickles.TestFrameworks.UnitTests.SpecRun.WhenParsingSpecRunTestResultsFile" name="ThenCanReadScenarioOutlineResultSuccessfully" />
    </UnitTest>
    <UnitTest name="ThenCanReadResultOfScenarioOutlineWithFailingBackground" storage="c:\users\ericcarlson\documents\github\pickles\src\pickles.testframeworks.unittests\bin\debug\net6.0\picklesdoc.pickles.testframeworks.unittests.dll" id="a345261d-59be-f694-1a7a-ca5ce2d2d4c4">
      <Execution id="78a18889-1a0f-45d6-b9d6-2be8f141b6cb" />
      <TestMethod codeBase="C:\Users\ericcarlson\Documents\GitHub\pickles\src\Pickles.TestFrameworks.UnitTests\bin\Debug\net6.0\PicklesDoc.Pickles.TestFrameworks.UnitTests.dll" adapterTypeName="executor://nunit3testexecutor/" className="PicklesDoc.Pickles.TestFrameworks.UnitTests.NUnit.NUnit2.WhenParsingNUnitResultsFile" name="ThenCanReadResultOfScenarioOutlineWithFailingBackground" />
    </UnitTest>
    <UnitTest name="ThenCanReadNotFoundFeatureCorrectly" storage="c:\users\ericcarlson\documents\github\pickles\src\pickles.testframeworks.unittests\bin\debug\net6.0\picklesdoc.pickles.testframeworks.unittests.dll" id="4227e0f9-8436-5214-22f2-5b8f8dec94a3">
      <Execution id="cf94952f-bf77-48eb-8b49-6425dc013d88" />
      <TestMethod codeBase="C:\Users\ericcarlson\Documents\GitHub\pickles\src\Pickles.TestFrameworks.UnitTests\bin\Debug\net6.0\PicklesDoc.Pickles.TestFrameworks.UnitTests.dll" adapterTypeName="executor://nunit3testexecutor/" className="PicklesDoc.Pickles.TestFrameworks.UnitTests.VsTest.WhenParsingVsTestResultsFile" name="ThenCanReadNotFoundFeatureCorrectly" />
    </UnitTest>
    <UnitTest name="ThenCanReadFeatureResultSuccessfully" storage="c:\users\ericcarlson\documents\github\pickles\src\pickles.testframeworks.unittests\bin\debug\net6.0\picklesdoc.pickles.testframeworks.unittests.dll" id="8acd974b-58e6-d71d-65a7-9fcbeabcb975">
      <Execution id="8b09aa00-079c-487c-9e02-a0ad65ff2faf" />
      <TestMethod codeBase="C:\Users\ericcarlson\Documents\GitHub\pickles\src\Pickles.TestFrameworks.UnitTests\bin\Debug\net6.0\PicklesDoc.Pickles.TestFrameworks.UnitTests.dll" adapterTypeName="executor://nunit3testexecutor/" className="PicklesDoc.Pickles.TestFrameworks.UnitTests.MsTest.WhenParsingMsTestResultsFile" name="ThenCanReadFeatureResultSuccessfully" />
    </UnitTest>
    <UnitTest name="ThenCanSuccessfullyMatchExamplesWithLongValues" storage="c:\users\ericcarlson\documents\github\pickles\src\pickles.testframeworks.unittests\bin\debug\net6.0\picklesdoc.pickles.testframeworks.unittests.dll" id="8f98acd7-c84b-a7f7-fb7f-0412075549d6">
      <Execution id="9c3cc52c-31da-48dd-b0e5-145e02e57e3b" />
      <TestMethod codeBase="C:\Users\ericcarlson\Documents\GitHub\pickles\src\Pickles.TestFrameworks.UnitTests\bin\Debug\net6.0\PicklesDoc.Pickles.TestFrameworks.UnitTests.dll" adapterTypeName="executor://nunit3testexecutor/" className="PicklesDoc.Pickles.TestFrameworks.UnitTests.NUnit.NUnit3.WhenDeterminingTheSignatureOfAnNunit3ExampleRow" name="ThenCanSuccessfullyMatchExamplesWithLongValues" />
    </UnitTest>
    <UnitTest name="ThenCanReadExamplesWithRegexValuesFromScenarioOutline_ShouldBeTestResultPassed" storage="c:\users\ericcarlson\documents\github\pickles\src\pickles.testframeworks.unittests\bin\debug\net6.0\picklesdoc.pickles.testframeworks.unittests.dll" id="0490562c-80e0-39a9-2279-32a1d1908d6e">
      <Execution id="795d1fe2-3fc5-4f16-ae79-00a4d3ade9d1" />
      <TestMethod codeBase="C:\Users\ericcarlson\Documents\GitHub\pickles\src\Pickles.TestFrameworks.UnitTests\bin\Debug\net6.0\PicklesDoc.Pickles.TestFrameworks.UnitTests.dll" adapterTypeName="executor://nunit3testexecutor/" className="PicklesDoc.Pickles.TestFrameworks.UnitTests.NUnit.NUnit2.WhenParsingNUnitResultsFileWithIndividualResults" name="ThenCanReadExamplesWithRegexValuesFromScenarioOutline_ShouldBeTestResultPassed" />
    </UnitTest>
    <UnitTest name="ThenCanReadResultOfScenarioOutlineExampleWithFailingBackground" storage="c:\users\ericcarlson\documents\github\pickles\src\pickles.testframeworks.unittests\bin\debug\net6.0\picklesdoc.pickles.testframeworks.unittests.dll" id="cadefb20-407b-c6d2-35c6-2e9949364070">
      <Execution id="38da71e8-6425-41b8-93e3-01973432aef0" />
      <TestMethod codeBase="C:\Users\ericcarlson\Documents\GitHub\pickles\src\Pickles.TestFrameworks.UnitTests\bin\Debug\net6.0\PicklesDoc.Pickles.TestFrameworks.UnitTests.dll" adapterTypeName="executor://nunit3testexecutor/" className="PicklesDoc.Pickles.TestFrameworks.UnitTests.NUnit.NUnit2.WhenParsingNUnitResultsFile" name="ThenCanReadResultOfScenarioOutlineExampleWithFailingBackground" />
    </UnitTest>
    <UnitTest name="ThenCanReadResultOfScenarioOutlineWithUmlauts" storage="c:\users\ericcarlson\documents\github\pickles\src\pickles.testframeworks.unittests\bin\debug\net6.0\picklesdoc.pickles.testframeworks.unittests.dll" id="c50cc28e-ba3b-5d96-dbce-01f62e4d3c72">
      <Execution id="af6ee00a-94a8-4648-a3de-f1e32ab40682" />
      <TestMethod codeBase="C:\Users\ericcarlson\Documents\GitHub\pickles\src\Pickles.TestFrameworks.UnitTests\bin\Debug\net6.0\PicklesDoc.Pickles.TestFrameworks.UnitTests.dll" adapterTypeName="executor://nunit3testexecutor/" className="PicklesDoc.Pickles.TestFrameworks.UnitTests.XUnit.XUnit1.WhenParsingxUnitResultsFile" name="ThenCanReadResultOfScenarioOutlineWithUmlauts" />
    </UnitTest>
    <UnitTest name="ThenCanReadIndividualResultsFromScenarioOutline_MultipleNamedExamplesWithDuplicateValues_ShouldMatchExamples" storage="c:\users\ericcarlson\documents\github\pickles\src\pickles.testframeworks.unittests\bin\debug\net6.0\picklesdoc.pickles.testframeworks.unittests.dll" id="c2c6b748-9b14-6f0a-0f8d-8c173d1905eb">
      <Execution id="8f640f4d-0fff-457f-9e33-9fe0a89c11f3" />
      <TestMethod codeBase="C:\Users\ericcarlson\Documents\GitHub\pickles\src\Pickles.TestFrameworks.UnitTests\bin\Debug\net6.0\PicklesDoc.Pickles.TestFrameworks.UnitTests.dll" adapterTypeName="executor://nunit3testexecutor/" className="PicklesDoc.Pickles.TestFrameworks.UnitTests.MsTest.WhenParsingMsTestResultsFileWithIndividualResults" name="ThenCanReadIndividualResultsFromScenarioOutline_MultipleNamedExamplesWithDuplicateValues_ShouldMatchExamples" />
    </UnitTest>
    <UnitTest name="ThenCanReadIndividualResultsFromScenarioOutline_MultipleNamedExamplesWithDuplicateValues_ShouldMatchExamples" storage="c:\users\ericcarlson\documents\github\pickles\src\pickles.testframeworks.unittests\bin\debug\net6.0\picklesdoc.pickles.testframeworks.unittests.dll" id="11042bfa-6f03-b286-ef0b-94ab219837bb">
      <Execution id="cf4193a7-de2f-4b51-8736-87939b3be1e1" />
      <TestMethod codeBase="C:\Users\ericcarlson\Documents\GitHub\pickles\src\Pickles.TestFrameworks.UnitTests\bin\Debug\net6.0\PicklesDoc.Pickles.TestFrameworks.UnitTests.dll" adapterTypeName="executor://nunit3testexecutor/" className="PicklesDoc.Pickles.TestFrameworks.UnitTests.CucumberJson.WhenParsingCucumberJsonFromRubyResultsFileWithIndividualResults" name="ThenCanReadIndividualResultsFromScenarioOutline_MultipleNamedExamplesWithDuplicateValues_ShouldMatchExamples" />
    </UnitTest>
    <UnitTest name="ThenCanReadResultOfScenarioOutlineExampleWithFailingBackground" storage="c:\users\ericcarlson\documents\github\pickles\src\pickles.testframeworks.unittests\bin\debug\net6.0\picklesdoc.pickles.testframeworks.unittests.dll" id="3ac61dc8-78ef-0ee4-9390-ba6ea3941593">
      <Execution id="9d81a16c-7df0-4b6b-a242-32d8b53a1690" />
      <TestMethod codeBase="C:\Users\ericcarlson\Documents\GitHub\pickles\src\Pickles.TestFrameworks.UnitTests\bin\Debug\net6.0\PicklesDoc.Pickles.TestFrameworks.UnitTests.dll" adapterTypeName="executor://nunit3testexecutor/" className="PicklesDoc.Pickles.TestFrameworks.UnitTests.SpecRun.WhenParsingSpecRunTestResultsFile" name="ThenCanReadResultOfScenarioOutlineExampleWithFailingBackground" />
    </UnitTest>
    <UnitTest name="ThenCanReadFeatureResultWithoutThrowingException" storage="c:\users\ericcarlson\documents\github\pickles\src\pickles.testframeworks.unittests\bin\debug\net6.0\picklesdoc.pickles.testframeworks.unittests.dll" id="d38f3350-2c4c-d044-aa67-55d99697e67a">
      <Execution id="5378dbcc-867c-4005-85a0-9034a049356d" />
      <TestMethod codeBase="C:\Users\ericcarlson\Documents\GitHub\pickles\src\Pickles.TestFrameworks.UnitTests\bin\Debug\net6.0\PicklesDoc.Pickles.TestFrameworks.UnitTests.dll" adapterTypeName="executor://nunit3testexecutor/" className="PicklesDoc.Pickles.TestFrameworks.UnitTests.NUnit.NUnit3.WhenParsingnUnit3ResultsFileWithMissingTraits" name="ThenCanReadFeatureResultWithoutThrowingException" />
    </UnitTest>
    <UnitTest name="ThenCanReadIndividualResultsFromScenarioOutline_OneFailed_ShouldBeTestResultFailed" storage="c:\users\ericcarlson\documents\github\pickles\src\pickles.testframeworks.unittests\bin\debug\net6.0\picklesdoc.pickles.testframeworks.unittests.dll" id="9d0329db-f847-cb4f-973e-3879b2c2692c">
      <Execution id="94157b3e-d6fa-4cd7-b063-7a8880b7be1a" />
      <TestMethod codeBase="C:\Users\ericcarlson\Documents\GitHub\pickles\src\Pickles.TestFrameworks.UnitTests\bin\Debug\net6.0\PicklesDoc.Pickles.TestFrameworks.UnitTests.dll" adapterTypeName="executor://nunit3testexecutor/" className="PicklesDoc.Pickles.TestFrameworks.UnitTests.CucumberJson.WhenParsingCucumberJsonFromRubyResultsFileWithIndividualResults" name="ThenCanReadIndividualResultsFromScenarioOutline_OneFailed_ShouldBeTestResultFailed" />
    </UnitTest>
    <UnitTest name="ThenCanResolve(&quot;results-example-nunit.xml&quot;,&quot;NUnit.NUnit2.results-example-nunit.xml&quot;,NUnit,PicklesDoc.Pickles.TestFrameworks.NUnit.NUnit2.NUnit2Results)" storage="c:\users\ericcarlson\documents\github\pickles\src\pickles.testframeworks.unittests\bin\debug\net6.0\picklesdoc.pickles.testframeworks.unittests.dll" id="430e1815-dd76-b549-699a-644e400c7601">
      <Execution id="ab2c7712-7859-4c4b-b6d8-7d3d1fac2a64" />
      <TestMethod codeBase="C:\Users\ericcarlson\Documents\GitHub\pickles\src\Pickles.TestFrameworks.UnitTests\bin\Debug\net6.0\PicklesDoc.Pickles.TestFrameworks.UnitTests.dll" adapterTypeName="executor://nunit3testexecutor/" className="PicklesDoc.Pickles.TestFrameworks.UnitTests.WhenResolvingTestResults" name="ThenCanResolve(&quot;results-example-nunit.xml&quot;,&quot;NUnit.NUnit2.results-example-nunit.xml&quot;,NUnit,PicklesDoc.Pickles.TestFrameworks.NUnit.NUnit2.NUnit2Results)" />
    </UnitTest>
    <UnitTest name="ThenCanReadIndividualResultsFromScenarioOutline_MultipleNamedExamples_ShouldMatchExamples" storage="c:\users\ericcarlson\documents\github\pickles\src\pickles.testframeworks.unittests\bin\debug\net6.0\picklesdoc.pickles.testframeworks.unittests.dll" id="60839290-1eeb-d8b9-fa35-6da60cd7d64a">
      <Execution id="b6bcd8ad-940a-4b8b-8147-7e87a852f7d3" />
      <TestMethod codeBase="C:\Users\ericcarlson\Documents\GitHub\pickles\src\Pickles.TestFrameworks.UnitTests\bin\Debug\net6.0\PicklesDoc.Pickles.TestFrameworks.UnitTests.dll" adapterTypeName="executor://nunit3testexecutor/" className="PicklesDoc.Pickles.TestFrameworks.UnitTests.VsTest.WhenParsingVsTestResultsFileWithIndividualResults" name="ThenCanReadIndividualResultsFromScenarioOutline_MultipleNamedExamples_ShouldMatchExamples" />
    </UnitTest>
    <UnitTest name="ThenCanReadSuccessfulScenarioResultSuccessfully" storage="c:\users\ericcarlson\documents\github\pickles\src\pickles.testframeworks.unittests\bin\debug\net6.0\picklesdoc.pickles.testframeworks.unittests.dll" id="9553bcf1-c46a-a9e1-ecea-160af9ebe5b9">
      <Execution id="333af08d-35f7-48f8-a163-f07eaf62d012" />
      <TestMethod codeBase="C:\Users\ericcarlson\Documents\GitHub\pickles\src\Pickles.TestFrameworks.UnitTests\bin\Debug\net6.0\PicklesDoc.Pickles.TestFrameworks.UnitTests.dll" adapterTypeName="executor://nunit3testexecutor/" className="PicklesDoc.Pickles.TestFrameworks.UnitTests.CucumberJson.WhenParsingCucumberJsonFromRubyResultsFile" name="ThenCanReadSuccessfulScenarioResultSuccessfully" />
    </UnitTest>
    <UnitTest name="ThenCanReadPassedFeatureResultSuccessfully" storage="c:\users\ericcarlson\documents\github\pickles\src\pickles.testframeworks.unittests\bin\debug\net6.0\picklesdoc.pickles.testframeworks.unittests.dll" id="465b8b22-ae43-8771-bab3-c61bdf88be2c">
      <Execution id="c325d57b-8b83-41d6-82cb-3c58517fbd3f" />
      <TestMethod codeBase="C:\Users\ericcarlson\Documents\GitHub\pickles\src\Pickles.TestFrameworks.UnitTests\bin\Debug\net6.0\PicklesDoc.Pickles.TestFrameworks.UnitTests.dll" adapterTypeName="executor://nunit3testexecutor/" className="PicklesDoc.Pickles.TestFrameworks.UnitTests.CucumberJson.WhenParsingCucumberJsonFromRubyResultsFile" name="ThenCanReadPassedFeatureResultSuccessfully" />
    </UnitTest>
    <UnitTest name="ThenCanReadIndividualResultsFromScenarioOutline_OneFailed_ShouldBeTestResultFailed" storage="c:\users\ericcarlson\documents\github\pickles\src\pickles.testframeworks.unittests\bin\debug\net6.0\picklesdoc.pickles.testframeworks.unittests.dll" id="b60b2e32-2e62-9f1a-0957-c89aa9a236dd">
      <Execution id="6cf324a4-0c7a-48c2-b0e3-b0d00d4ce44a" />
      <TestMethod codeBase="C:\Users\ericcarlson\Documents\GitHub\pickles\src\Pickles.TestFrameworks.UnitTests\bin\Debug\net6.0\PicklesDoc.Pickles.TestFrameworks.UnitTests.dll" adapterTypeName="executor://nunit3testexecutor/" className="PicklesDoc.Pickles.TestFrameworks.UnitTests.SpecRun.WhenParsingSpecRunTestResultsFileWithIndividualResults" name="ThenCanReadIndividualResultsFromScenarioOutline_OneFailed_ShouldBeTestResultFailed" />
    </UnitTest>
    <UnitTest name="GetScenarioOutlineResult_OnePassingOneFailing_ReturnsFailed" storage="c:\users\ericcarlson\documents\github\pickles\src\pickles.testframeworks.unittests\bin\debug\net6.0\picklesdoc.pickles.testframeworks.unittests.dll" id="8f694c62-d589-ac54-3491-78ce2e9f9173">
      <Execution id="40feb6b3-1b52-42c0-8f14-1a901a26f4e5" />
      <TestMethod codeBase="C:\Users\ericcarlson\Documents\GitHub\pickles\src\Pickles.TestFrameworks.UnitTests\bin\Debug\net6.0\PicklesDoc.Pickles.TestFrameworks.UnitTests.dll" adapterTypeName="executor://nunit3testexecutor/" className="PicklesDoc.Pickles.TestFrameworks.UnitTests.SpecRun.WhenParsingMultipleTestResultsTests" name="GetScenarioOutlineResult_OnePassingOneFailing_ReturnsFailed" />
    </UnitTest>
    <UnitTest name="ThenCanReadIndividualResultsFromScenarioOutline_AllPass_ShouldBeTestResultPassed" storage="c:\users\ericcarlson\documents\github\pickles\src\pickles.testframeworks.unittests\bin\debug\net6.0\picklesdoc.pickles.testframeworks.unittests.dll" id="ced3616f-3c88-db6e-d1dd-4edc14da40be">
      <Execution id="4dc0349b-868e-4920-9c3b-6852fdb5d0ec" />
      <TestMethod codeBase="C:\Users\ericcarlson\Documents\GitHub\pickles\src\Pickles.TestFrameworks.UnitTests\bin\Debug\net6.0\PicklesDoc.Pickles.TestFrameworks.UnitTests.dll" adapterTypeName="executor://nunit3testexecutor/" className="PicklesDoc.Pickles.TestFrameworks.UnitTests.MsTest.WhenParsingMsTestResultsFileWithIndividualResults" name="ThenCanReadIndividualResultsFromScenarioOutline_AllPass_ShouldBeTestResultPassed" />
    </UnitTest>
    <UnitTest name="ThenCanReadInconclusiveScenarioResultSuccessfully" storage="c:\users\ericcarlson\documents\github\pickles\src\pickles.testframeworks.unittests\bin\debug\net6.0\picklesdoc.pickles.testframeworks.unittests.dll" id="631fe5fb-b05e-5e70-7bfe-0a09b32bd7e6">
      <Execution id="dc9b1a6e-4c66-48b8-8bba-310c9895f132" />
      <TestMethod codeBase="C:\Users\ericcarlson\Documents\GitHub\pickles\src\Pickles.TestFrameworks.UnitTests\bin\Debug\net6.0\PicklesDoc.Pickles.TestFrameworks.UnitTests.dll" adapterTypeName="executor://nunit3testexecutor/" className="PicklesDoc.Pickles.TestFrameworks.UnitTests.NUnit.NUnit2.WhenParsingNUnitResultsFile" name="ThenCanReadInconclusiveScenarioResultSuccessfully" />
    </UnitTest>
    <UnitTest name="ThenCanReadIndividualResultsFromScenarioOutline_MultipleExamplesWithDuplicateValues_ShouldMatchExamples" storage="c:\users\ericcarlson\documents\github\pickles\src\pickles.testframeworks.unittests\bin\debug\net6.0\picklesdoc.pickles.testframeworks.unittests.dll" id="6bd493a3-ac41-907d-ed2a-363507596529">
      <Execution id="f289c31c-fa92-4bcb-bc26-f5dc1e6c4b3a" />
      <TestMethod codeBase="C:\Users\ericcarlson\Documents\GitHub\pickles\src\Pickles.TestFrameworks.UnitTests\bin\Debug\net6.0\PicklesDoc.Pickles.TestFrameworks.UnitTests.dll" adapterTypeName="executor://nunit3testexecutor/" className="PicklesDoc.Pickles.TestFrameworks.UnitTests.NUnit.NUnit2.WhenParsingNUnitResultsFileWithIndividualResults" name="ThenCanReadIndividualResultsFromScenarioOutline_MultipleExamplesWithDuplicateValues_ShouldMatchExamples" />
    </UnitTest>
    <UnitTest name="ThenCanReadResultOfScenarioOutlineWithFailingBackground" storage="c:\users\ericcarlson\documents\github\pickles\src\pickles.testframeworks.unittests\bin\debug\net6.0\picklesdoc.pickles.testframeworks.unittests.dll" id="65c51164-1841-273f-ce30-d1469bd02f88">
      <Execution id="3401429d-5522-4237-bdbc-d2a6cfadf1cb" />
      <TestMethod codeBase="C:\Users\ericcarlson\Documents\GitHub\pickles\src\Pickles.TestFrameworks.UnitTests\bin\Debug\net6.0\PicklesDoc.Pickles.TestFrameworks.UnitTests.dll" adapterTypeName="executor://nunit3testexecutor/" className="PicklesDoc.Pickles.TestFrameworks.UnitTests.SpecRun.WhenParsingSpecRunTestResultsFile" name="ThenCanReadResultOfScenarioOutlineWithFailingBackground" />
    </UnitTest>
    <UnitTest name="ThenCanReadIndividualResultsFromScenarioOutline_ExamplesWithDuplicateValues_ShouldMatchExamples" storage="c:\users\ericcarlson\documents\github\pickles\src\pickles.testframeworks.unittests\bin\debug\net6.0\picklesdoc.pickles.testframeworks.unittests.dll" id="95936557-3c3b-a0be-ca02-74d60844464c">
      <Execution id="b2046e67-eef6-4cd8-bf70-b326d93cdd9b" />
      <TestMethod codeBase="C:\Users\ericcarlson\Documents\GitHub\pickles\src\Pickles.TestFrameworks.UnitTests\bin\Debug\net6.0\PicklesDoc.Pickles.TestFrameworks.UnitTests.dll" adapterTypeName="executor://nunit3testexecutor/" className="PicklesDoc.Pickles.TestFrameworks.UnitTests.MsTest.WhenParsingMsTestResultsFileWithIndividualResults" name="ThenCanReadIndividualResultsFromScenarioOutline_ExamplesWithDuplicateValues_ShouldMatchExamples" />
    </UnitTest>
    <UnitTest name="ThenCanReadFeatureResultSuccessfully" storage="c:\users\ericcarlson\documents\github\pickles\src\pickles.testframeworks.unittests\bin\debug\net6.0\picklesdoc.pickles.testframeworks.unittests.dll" id="606a7735-aef6-0113-4704-36b83853043c">
      <Execution id="9febcd7c-1411-4596-af87-7aac4fe966ff" />
      <TestMethod codeBase="C:\Users\ericcarlson\Documents\GitHub\pickles\src\Pickles.TestFrameworks.UnitTests\bin\Debug\net6.0\PicklesDoc.Pickles.TestFrameworks.UnitTests.dll" adapterTypeName="executor://nunit3testexecutor/" className="PicklesDoc.Pickles.TestFrameworks.UnitTests.CucumberJson.WhenParsingCucumberJsonFromJSResultsFile" name="ThenCanReadFeatureResultSuccessfully" />
    </UnitTest>
    <UnitTest name="ThenCanReadSuccessfulScenarioResultSuccessfully" storage="c:\users\ericcarlson\documents\github\pickles\src\pickles.testframeworks.unittests\bin\debug\net6.0\picklesdoc.pickles.testframeworks.unittests.dll" id="1ba666a9-505f-17c4-4bdf-33a9bb6fc01d">
      <Execution id="180257e1-4d4a-4df1-a4d3-6814c2bd6cb7" />
      <TestMethod codeBase="C:\Users\ericcarlson\Documents\GitHub\pickles\src\Pickles.TestFrameworks.UnitTests\bin\Debug\net6.0\PicklesDoc.Pickles.TestFrameworks.UnitTests.dll" adapterTypeName="executor://nunit3testexecutor/" className="PicklesDoc.Pickles.TestFrameworks.UnitTests.NUnit.NUnit3.WhenParsingNunit3ResultsFile" name="ThenCanReadSuccessfulScenarioResultSuccessfully" />
    </UnitTest>
    <UnitTest name="ThenCanReadIndividualResultsFromScenarioOutline_MultipleExamplesWithDuplicateValues_ShouldMatchExamples" storage="c:\users\ericcarlson\documents\github\pickles\src\pickles.testframeworks.unittests\bin\debug\net6.0\picklesdoc.pickles.testframeworks.unittests.dll" id="ca7c5320-b258-ec0a-0209-15c9a535c03a">
      <Execution id="1f17e680-d49a-4863-8769-559fc40b29bf" />
      <TestMethod codeBase="C:\Users\ericcarlson\Documents\GitHub\pickles\src\Pickles.TestFrameworks.UnitTests\bin\Debug\net6.0\PicklesDoc.Pickles.TestFrameworks.UnitTests.dll" adapterTypeName="executor://nunit3testexecutor/" className="PicklesDoc.Pickles.TestFrameworks.UnitTests.CucumberJson.WhenParsingCucumberJsonFromRubyResultsFileWithIndividualResults" name="ThenCanReadIndividualResultsFromScenarioOutline_MultipleExamplesWithDuplicateValues_ShouldMatchExamples" />
    </UnitTest>
    <UnitTest name="ThenCanReadResultOfScenarioWithFailingBackground" storage="c:\users\ericcarlson\documents\github\pickles\src\pickles.testframeworks.unittests\bin\debug\net6.0\picklesdoc.pickles.testframeworks.unittests.dll" id="e4275a9b-8bad-38b9-332e-74176d2eb25f">
      <Execution id="45c3cd50-18a4-4c64-be58-633f779d72fd" />
      <TestMethod codeBase="C:\Users\ericcarlson\Documents\GitHub\pickles\src\Pickles.TestFrameworks.UnitTests\bin\Debug\net6.0\PicklesDoc.Pickles.TestFrameworks.UnitTests.dll" adapterTypeName="executor://nunit3testexecutor/" className="PicklesDoc.Pickles.TestFrameworks.UnitTests.NUnit.NUnit2.WhenParsingNUnitResultsFile" name="ThenCanReadResultOfScenarioWithFailingBackground" />
    </UnitTest>
    <UnitTest name="ThenDontThrowIfTheOutlineWasIgnored" storage="c:\users\ericcarlson\documents\github\pickles\src\pickles.testframeworks.unittests\bin\debug\net6.0\picklesdoc.pickles.testframeworks.unittests.dll" id="b65bf01a-1b91-6b6e-4a80-ca1071e8595d">
      <Execution id="455c0fd1-9d1d-4d26-8418-2954c6647362" />
      <TestMethod codeBase="C:\Users\ericcarlson\Documents\GitHub\pickles\src\Pickles.TestFrameworks.UnitTests\bin\Debug\net6.0\PicklesDoc.Pickles.TestFrameworks.UnitTests.dll" adapterTypeName="executor://nunit3testexecutor/" className="PicklesDoc.Pickles.TestFrameworks.UnitTests.XUnit.XUnit2.WhenMatchingAnXunit2ScenarioOutlineExample" name="ThenDontThrowIfTheOutlineWasIgnored" />
    </UnitTest>
    <UnitTest name="ThenCanReadResultOfScenarioWithDanishCharacters" storage="c:\users\ericcarlson\documents\github\pickles\src\pickles.testframeworks.unittests\bin\debug\net6.0\picklesdoc.pickles.testframeworks.unittests.dll" id="a0f0b9fe-c760-fce9-98fe-b72d6b75fdd4">
      <Execution id="1f819000-fdb9-4843-9304-92f3c5a0b9b9" />
      <TestMethod codeBase="C:\Users\ericcarlson\Documents\GitHub\pickles\src\Pickles.TestFrameworks.UnitTests\bin\Debug\net6.0\PicklesDoc.Pickles.TestFrameworks.UnitTests.dll" adapterTypeName="executor://nunit3testexecutor/" className="PicklesDoc.Pickles.TestFrameworks.UnitTests.NUnit.NUnit3.WhenParsingNunit3ResultsFile" name="ThenCanReadResultOfScenarioWithDanishCharacters" />
    </UnitTest>
    <UnitTest name="RegularExpressionAsExampleContentMatches_With_Asterisk" storage="c:\users\ericcarlson\documents\github\pickles\src\pickles.testframeworks.unittests\bin\debug\net6.0\picklesdoc.pickles.testframeworks.unittests.dll" id="95a5821f-1395-86bd-c7b5-2db60e40402a">
      <Execution id="3eb555dd-06ff-4c15-b0a9-abaadbb3d674" />
      <TestMethod codeBase="C:\Users\ericcarlson\Documents\GitHub\pickles\src\Pickles.TestFrameworks.UnitTests\bin\Debug\net6.0\PicklesDoc.Pickles.TestFrameworks.UnitTests.dll" adapterTypeName="executor://nunit3testexecutor/" className="PicklesDoc.Pickles.TestFrameworks.UnitTests.XUnit.XUnit2.WhenDeterminingTheSignatureOfAnXUnit2ExampleRow" name="RegularExpressionAsExampleContentMatches_With_Asterisk" />
    </UnitTest>
    <UnitTest name="ThenCanReadResultOfScenarioWithSpanishCharacters" storage="c:\users\ericcarlson\documents\github\pickles\src\pickles.testframeworks.unittests\bin\debug\net6.0\picklesdoc.pickles.testframeworks.unittests.dll" id="bfcb74b4-5613-466e-636e-46588ff6d874">
      <Execution id="b87e3161-225f-4ced-9093-a746d10369a3" />
      <TestMethod codeBase="C:\Users\ericcarlson\Documents\GitHub\pickles\src\Pickles.TestFrameworks.UnitTests\bin\Debug\net6.0\PicklesDoc.Pickles.TestFrameworks.UnitTests.dll" adapterTypeName="executor://nunit3testexecutor/" className="PicklesDoc.Pickles.TestFrameworks.UnitTests.NUnit.NUnit2.WhenParsingNUnitResultsFile" name="ThenCanReadResultOfScenarioWithSpanishCharacters" />
    </UnitTest>
    <UnitTest name="ThenCanReadResultOfScenarioWithSpanishCharacters" storage="c:\users\ericcarlson\documents\github\pickles\src\pickles.testframeworks.unittests\bin\debug\net6.0\picklesdoc.pickles.testframeworks.unittests.dll" id="ad017908-8d1a-0341-56bc-07e221b7fa03">
      <Execution id="cedcf983-52e7-4b35-8f23-2275dea0d16b" />
      <TestMethod codeBase="C:\Users\ericcarlson\Documents\GitHub\pickles\src\Pickles.TestFrameworks.UnitTests\bin\Debug\net6.0\PicklesDoc.Pickles.TestFrameworks.UnitTests.dll" adapterTypeName="executor://nunit3testexecutor/" className="PicklesDoc.Pickles.TestFrameworks.UnitTests.CucumberJson.WhenParsingCucumberJsonFromJSResultsFile" name="ThenCanReadResultOfScenarioWithSpanishCharacters" />
    </UnitTest>
    <UnitTest name="ThenCanReadBackgroundResultSuccessfully" storage="c:\users\ericcarlson\documents\github\pickles\src\pickles.testframeworks.unittests\bin\debug\net6.0\picklesdoc.pickles.testframeworks.unittests.dll" id="fe0fe535-97ea-db97-278f-86c835cfa276">
      <Execution id="99bdbd48-6725-47c3-9025-0112390452af" />
      <TestMethod codeBase="C:\Users\ericcarlson\Documents\GitHub\pickles\src\Pickles.TestFrameworks.UnitTests\bin\Debug\net6.0\PicklesDoc.Pickles.TestFrameworks.UnitTests.dll" adapterTypeName="executor://nunit3testexecutor/" className="PicklesDoc.Pickles.TestFrameworks.UnitTests.SpecRun.WhenParsingSpecRunTestResultsFile" name="ThenCanReadBackgroundResultSuccessfully" />
    </UnitTest>
    <UnitTest name="ThenCanReadResultOfScenarioWithDanishCharacters" storage="c:\users\ericcarlson\documents\github\pickles\src\pickles.testframeworks.unittests\bin\debug\net6.0\picklesdoc.pickles.testframeworks.unittests.dll" id="fcdc4ad3-b05f-80e2-df7c-dfcaf995ac74">
      <Execution id="1beddfa2-5ed5-4812-88e7-63b8b8ec7573" />
      <TestMethod codeBase="C:\Users\ericcarlson\Documents\GitHub\pickles\src\Pickles.TestFrameworks.UnitTests\bin\Debug\net6.0\PicklesDoc.Pickles.TestFrameworks.UnitTests.dll" adapterTypeName="executor://nunit3testexecutor/" className="PicklesDoc.Pickles.TestFrameworks.UnitTests.CucumberJson.WhenParsingCucumberJsonFromJSResultsFile" name="ThenCanReadResultOfScenarioWithDanishCharacters" />
    </UnitTest>
    <UnitTest name="ThenCanReadResultOfScenarioOutlineExampleWithFailingBackground" storage="c:\users\ericcarlson\documents\github\pickles\src\pickles.testframeworks.unittests\bin\debug\net6.0\picklesdoc.pickles.testframeworks.unittests.dll" id="76e6779b-a81e-af08-fa5a-6175a7306b7c">
      <Execution id="fc8e2c26-c428-4aed-9c4f-c17fd3262ead" />
      <TestMethod codeBase="C:\Users\ericcarlson\Documents\GitHub\pickles\src\Pickles.TestFrameworks.UnitTests\bin\Debug\net6.0\PicklesDoc.Pickles.TestFrameworks.UnitTests.dll" adapterTypeName="executor://nunit3testexecutor/" className="PicklesDoc.Pickles.TestFrameworks.UnitTests.NUnit.NUnit3.WhenParsingNunit3ResultsFile" name="ThenCanReadResultOfScenarioOutlineExampleWithFailingBackground" />
    </UnitTest>
    <UnitTest name="ThenCanReadIndividualResultsFromScenarioOutline_MultipleNamedExamplesWithDuplicateValues_ShouldMatchExamples" storage="c:\users\ericcarlson\documents\github\pickles\src\pickles.testframeworks.unittests\bin\debug\net6.0\picklesdoc.pickles.testframeworks.unittests.dll" id="f6472f07-5ce8-7db5-6dd2-9068452de237">
      <Execution id="6c06dd87-63c6-4059-9abe-a0873c43c16f" />
      <TestMethod codeBase="C:\Users\ericcarlson\Documents\GitHub\pickles\src\Pickles.TestFrameworks.UnitTests\bin\Debug\net6.0\PicklesDoc.Pickles.TestFrameworks.UnitTests.dll" adapterTypeName="executor://nunit3testexecutor/" className="PicklesDoc.Pickles.TestFrameworks.UnitTests.VsTest.WhenParsingVsTestResultsFileWithIndividualResults" name="ThenCanReadIndividualResultsFromScenarioOutline_MultipleNamedExamplesWithDuplicateValues_ShouldMatchExamples" />
    </UnitTest>
    <UnitTest name="ThenCanReadFeatureResultWithoutThrowingException" storage="c:\users\ericcarlson\documents\github\pickles\src\pickles.testframeworks.unittests\bin\debug\net6.0\picklesdoc.pickles.testframeworks.unittests.dll" id="91607d23-bc6b-f681-4a48-14272be4cab9">
      <Execution id="b0b7896a-c59b-4602-a927-012022b78e2c" />
      <TestMethod codeBase="C:\Users\ericcarlson\Documents\GitHub\pickles\src\Pickles.TestFrameworks.UnitTests\bin\Debug\net6.0\PicklesDoc.Pickles.TestFrameworks.UnitTests.dll" adapterTypeName="executor://nunit3testexecutor/" className="PicklesDoc.Pickles.TestFrameworks.UnitTests.MsTest.WhenParsingMsTestResultsFileWithMissingTraits" name="ThenCanReadFeatureResultWithoutThrowingException" />
    </UnitTest>
    <UnitTest name="ThenCanReadScenarioOutlineResultSuccessfully" storage="c:\users\ericcarlson\documents\github\pickles\src\pickles.testframeworks.unittests\bin\debug\net6.0\picklesdoc.pickles.testframeworks.unittests.dll" id="996b6d38-8904-1e30-ea22-94e60915db8c">
      <Execution id="2285c425-cab3-4fa1-a6c7-df4bb00e1beb" />
      <TestMethod codeBase="C:\Users\ericcarlson\Documents\GitHub\pickles\src\Pickles.TestFrameworks.UnitTests\bin\Debug\net6.0\PicklesDoc.Pickles.TestFrameworks.UnitTests.dll" adapterTypeName="executor://nunit3testexecutor/" className="PicklesDoc.Pickles.TestFrameworks.UnitTests.NUnit.NUnit2.WhenParsingNUnitResultsFile" name="ThenCanReadScenarioOutlineResultSuccessfully" />
    </UnitTest>
    <UnitTest name="ThenCanReadPassedFeatureResultSuccessfully" storage="c:\users\ericcarlson\documents\github\pickles\src\pickles.testframeworks.unittests\bin\debug\net6.0\picklesdoc.pickles.testframeworks.unittests.dll" id="79eb825b-0ac9-6c28-1949-0ddaebf10cfc">
      <Execution id="bea4c560-dff0-4fe2-9357-89df24886911" />
      <TestMethod codeBase="C:\Users\ericcarlson\Documents\GitHub\pickles\src\Pickles.TestFrameworks.UnitTests\bin\Debug\net6.0\PicklesDoc.Pickles.TestFrameworks.UnitTests.dll" adapterTypeName="executor://nunit3testexecutor/" className="PicklesDoc.Pickles.TestFrameworks.UnitTests.CucumberJson.WhenParsingCucumberJsonFromJSResultsFile" name="ThenCanReadPassedFeatureResultSuccessfully" />
    </UnitTest>
    <UnitTest name="ThenCanReadResultOfScenarioOutlineWithUmlauts" storage="c:\users\ericcarlson\documents\github\pickles\src\pickles.testframeworks.unittests\bin\debug\net6.0\picklesdoc.pickles.testframeworks.unittests.dll" id="9347f5be-5008-ff2d-ab85-8c6415e57b12">
      <Execution id="f449fa49-6e56-475f-8c38-06384655dbcd" />
      <TestMethod codeBase="C:\Users\ericcarlson\Documents\GitHub\pickles\src\Pickles.TestFrameworks.UnitTests\bin\Debug\net6.0\PicklesDoc.Pickles.TestFrameworks.UnitTests.dll" adapterTypeName="executor://nunit3testexecutor/" className="PicklesDoc.Pickles.TestFrameworks.UnitTests.SpecRun.WhenParsingSpecRunTestResultsFile" name="ThenCanReadResultOfScenarioOutlineWithUmlauts" />
    </UnitTest>
    <UnitTest name="ThenCanReadResultOfFeatureWithFailingBackground" storage="c:\users\ericcarlson\documents\github\pickles\src\pickles.testframeworks.unittests\bin\debug\net6.0\picklesdoc.pickles.testframeworks.unittests.dll" id="ed1f5b6f-32d8-84ac-275a-18cb835c861f">
      <Execution id="cf7518ae-9680-4a9c-a62f-17744aaff1b9" />
      <TestMethod codeBase="C:\Users\ericcarlson\Documents\GitHub\pickles\src\Pickles.TestFrameworks.UnitTests\bin\Debug\net6.0\PicklesDoc.Pickles.TestFrameworks.UnitTests.dll" adapterTypeName="executor://nunit3testexecutor/" className="PicklesDoc.Pickles.TestFrameworks.UnitTests.MsTest.WhenParsingMsTestResultsFile" name="ThenCanReadResultOfFeatureWithFailingBackground" />
    </UnitTest>
    <UnitTest name="ThenCanReadIgnoredScenarioResultSuccessfully" storage="c:\users\ericcarlson\documents\github\pickles\src\pickles.testframeworks.unittests\bin\debug\net6.0\picklesdoc.pickles.testframeworks.unittests.dll" id="8859dd67-9eea-687f-ff9c-c8608298b7a0">
      <Execution id="32fb16d8-57bf-4a6f-9958-9e51be72eda6" />
      <TestMethod codeBase="C:\Users\ericcarlson\Documents\GitHub\pickles\src\Pickles.TestFrameworks.UnitTests\bin\Debug\net6.0\PicklesDoc.Pickles.TestFrameworks.UnitTests.dll" adapterTypeName="executor://nunit3testexecutor/" className="PicklesDoc.Pickles.TestFrameworks.UnitTests.NUnit.NUnit2.WhenParsingNUnitResultsFile" name="ThenCanReadIgnoredScenarioResultSuccessfully" />
    </UnitTest>
    <UnitTest name="ThenCanSuccessfullyMatchSpecialCharacters" storage="c:\users\ericcarlson\documents\github\pickles\src\pickles.testframeworks.unittests\bin\debug\net6.0\picklesdoc.pickles.testframeworks.unittests.dll" id="ded252ea-8f84-3526-fab0-59d3517f77f7">
      <Execution id="4e6aa844-bc74-485d-be08-4c0875f33206" />
      <TestMethod codeBase="C:\Users\ericcarlson\Documents\GitHub\pickles\src\Pickles.TestFrameworks.UnitTests\bin\Debug\net6.0\PicklesDoc.Pickles.TestFrameworks.UnitTests.dll" adapterTypeName="executor://nunit3testexecutor/" className="PicklesDoc.Pickles.TestFrameworks.UnitTests.NUnit.NUnit3.WhenDeterminingTheSignatureOfAnNunit3ExampleRow" name="ThenCanSuccessfullyMatchSpecialCharacters" />
    </UnitTest>
    <UnitTest name="ThenCanReadExamplesWithRegexValuesFromScenarioOutline_ShouldBeTestResultPassed" storage="c:\users\ericcarlson\documents\github\pickles\src\pickles.testframeworks.unittests\bin\debug\net6.0\picklesdoc.pickles.testframeworks.unittests.dll" id="787e4f4b-a6f8-e61e-60f5-7ef57c15df22">
      <Execution id="b2dc2b1f-28bb-41c2-8c07-6e3a11e2426d" />
      <TestMethod codeBase="C:\Users\ericcarlson\Documents\GitHub\pickles\src\Pickles.TestFrameworks.UnitTests\bin\Debug\net6.0\PicklesDoc.Pickles.TestFrameworks.UnitTests.dll" adapterTypeName="executor://nunit3testexecutor/" className="PicklesDoc.Pickles.TestFrameworks.UnitTests.CucumberJson.WhenParsingCucumberJsonFromJSResultsFileWithIndividualResults" name="ThenCanReadExamplesWithRegexValuesFromScenarioOutline_ShouldBeTestResultPassed" />
    </UnitTest>
    <UnitTest name="ThenCanReadIndividualResultsFromScenarioOutline_OneInconclusive_ShouldBeTestResultInconclusive" storage="c:\users\ericcarlson\documents\github\pickles\src\pickles.testframeworks.unittests\bin\debug\net6.0\picklesdoc.pickles.testframeworks.unittests.dll" id="11a87397-1757-077d-c7e6-d2ba1dcbdd5b">
      <Execution id="281f9efc-8f14-437e-ae32-e16f77d8fbe5" />
      <TestMethod codeBase="C:\Users\ericcarlson\Documents\GitHub\pickles\src\Pickles.TestFrameworks.UnitTests\bin\Debug\net6.0\PicklesDoc.Pickles.TestFrameworks.UnitTests.dll" adapterTypeName="executor://nunit3testexecutor/" className="PicklesDoc.Pickles.TestFrameworks.UnitTests.CucumberJson.WhenParsingCucumberJsonFromJSResultsFileWithIndividualResults" name="ThenCanReadIndividualResultsFromScenarioOutline_OneInconclusive_ShouldBeTestResultInconclusive" />
    </UnitTest>
    <UnitTest name="ThenCanReadExamplesWithRegexValuesFromScenarioOutline_ShouldBeTestResultPassed" storage="c:\users\ericcarlson\documents\github\pickles\src\pickles.testframeworks.unittests\bin\debug\net6.0\picklesdoc.pickles.testframeworks.unittests.dll" id="d39a468f-9980-5d97-4555-244415136c85">
      <Execution id="9209fabb-c05a-40ef-a926-f42c0bed7512" />
      <TestMethod codeBase="C:\Users\ericcarlson\Documents\GitHub\pickles\src\Pickles.TestFrameworks.UnitTests\bin\Debug\net6.0\PicklesDoc.Pickles.TestFrameworks.UnitTests.dll" adapterTypeName="executor://nunit3testexecutor/" className="PicklesDoc.Pickles.TestFrameworks.UnitTests.CucumberJson.WhenParsingCucumberJsonFromRubyResultsFileWithIndividualResults" name="ThenCanReadExamplesWithRegexValuesFromScenarioOutline_ShouldBeTestResultPassed" />
    </UnitTest>
    <UnitTest name="ThenCanReadResultOfScenarioWithDanishCharacters" storage="c:\users\ericcarlson\documents\github\pickles\src\pickles.testframeworks.unittests\bin\debug\net6.0\picklesdoc.pickles.testframeworks.unittests.dll" id="ad26ac72-d472-3446-b429-a39e27a79b16">
      <Execution id="8bec577f-552d-4096-a366-29e90b9e2d7d" />
      <TestMethod codeBase="C:\Users\ericcarlson\Documents\GitHub\pickles\src\Pickles.TestFrameworks.UnitTests\bin\Debug\net6.0\PicklesDoc.Pickles.TestFrameworks.UnitTests.dll" adapterTypeName="executor://nunit3testexecutor/" className="PicklesDoc.Pickles.TestFrameworks.UnitTests.NUnit.NUnit3.WhenParsingNunit3ResultsFileForNunit2Tests" name="ThenCanReadResultOfScenarioWithDanishCharacters" />
    </UnitTest>
    <UnitTest name="ThenCanReadBackgroundResultSuccessfully" storage="c:\users\ericcarlson\documents\github\pickles\src\pickles.testframeworks.unittests\bin\debug\net6.0\picklesdoc.pickles.testframeworks.unittests.dll" id="6c46f24c-c8b8-c4b7-29db-f35f6312df35">
      <Execution id="fdcf99eb-eb98-4240-9b3e-7ca4263bd591" />
      <TestMethod codeBase="C:\Users\ericcarlson\Documents\GitHub\pickles\src\Pickles.TestFrameworks.UnitTests\bin\Debug\net6.0\PicklesDoc.Pickles.TestFrameworks.UnitTests.dll" adapterTypeName="executor://nunit3testexecutor/" className="PicklesDoc.Pickles.TestFrameworks.UnitTests.MsTest.WhenParsingMsTestResultsFile" name="ThenCanReadBackgroundResultSuccessfully" />
    </UnitTest>
    <UnitTest name="ThenCanReadIgnoredScenarioResultSuccessfully" storage="c:\users\ericcarlson\documents\github\pickles\src\pickles.testframeworks.unittests\bin\debug\net6.0\picklesdoc.pickles.testframeworks.unittests.dll" id="789c4d26-9e90-9921-3680-81bb7e50813e">
      <Execution id="63b0c1df-f931-4b6b-bd8e-1edd5443a263" />
      <TestMethod codeBase="C:\Users\ericcarlson\Documents\GitHub\pickles\src\Pickles.TestFrameworks.UnitTests\bin\Debug\net6.0\PicklesDoc.Pickles.TestFrameworks.UnitTests.dll" adapterTypeName="executor://nunit3testexecutor/" className="PicklesDoc.Pickles.TestFrameworks.UnitTests.SpecRun.WhenParsingSpecRunTestResultsFile" name="ThenCanReadIgnoredScenarioResultSuccessfully" />
    </UnitTest>
    <UnitTest name="ThenCanReadIndividualResultsFromScenarioOutline_OneInconclusive_ShouldBeTestResultInconclusive" storage="c:\users\ericcarlson\documents\github\pickles\src\pickles.testframeworks.unittests\bin\debug\net6.0\picklesdoc.pickles.testframeworks.unittests.dll" id="256a8d96-ed89-157f-5f7b-6e821bc88fbc">
      <Execution id="be230f34-1e90-4e65-92ba-2ec482346079" />
      <TestMethod codeBase="C:\Users\ericcarlson\Documents\GitHub\pickles\src\Pickles.TestFrameworks.UnitTests\bin\Debug\net6.0\PicklesDoc.Pickles.TestFrameworks.UnitTests.dll" adapterTypeName="executor://nunit3testexecutor/" className="PicklesDoc.Pickles.TestFrameworks.UnitTests.MsTest.WhenParsingMsTestResultsFileWithIndividualResults" name="ThenCanReadIndividualResultsFromScenarioOutline_OneInconclusive_ShouldBeTestResultInconclusive" />
    </UnitTest>
    <UnitTest name="ThenCanReadResultOfScenarioOutlineWithSpecialCharacters" storage="c:\users\ericcarlson\documents\github\pickles\src\pickles.testframeworks.unittests\bin\debug\net6.0\picklesdoc.pickles.testframeworks.unittests.dll" id="26745cdf-54c9-6722-4605-f8b66ff30e43">
      <Execution id="b7a17694-38ff-44a1-9bbc-82a817b54b20" />
      <TestMethod codeBase="C:\Users\ericcarlson\Documents\GitHub\pickles\src\Pickles.TestFrameworks.UnitTests\bin\Debug\net6.0\PicklesDoc.Pickles.TestFrameworks.UnitTests.dll" adapterTypeName="executor://nunit3testexecutor/" className="PicklesDoc.Pickles.TestFrameworks.UnitTests.NUnit.NUnit3.WhenParsingNunit3ResultsFile" name="ThenCanReadResultOfScenarioOutlineWithSpecialCharacters" />
    </UnitTest>
    <UnitTest name="ThenCanReadNotFoundFeatureCorrectly" storage="c:\users\ericcarlson\documents\github\pickles\src\pickles.testframeworks.unittests\bin\debug\net6.0\picklesdoc.pickles.testframeworks.unittests.dll" id="6f030a63-1915-c5bb-effc-e00334ecdc58">
      <Execution id="decbeb20-5cdb-403f-b617-12597f6fd6fe" />
      <TestMethod codeBase="C:\Users\ericcarlson\Documents\GitHub\pickles\src\Pickles.TestFrameworks.UnitTests\bin\Debug\net6.0\PicklesDoc.Pickles.TestFrameworks.UnitTests.dll" adapterTypeName="executor://nunit3testexecutor/" className="PicklesDoc.Pickles.TestFrameworks.UnitTests.CucumberJson.WhenParsingCucumberJsonFromJSResultsFile" name="ThenCanReadNotFoundFeatureCorrectly" />
    </UnitTest>
    <UnitTest name="ThenCanReadIndividualResultsFromScenarioOutline_ContainingDollarSigns_ShouldBeTestResultSuccess" storage="c:\users\ericcarlson\documents\github\pickles\src\pickles.testframeworks.unittests\bin\debug\net6.0\picklesdoc.pickles.testframeworks.unittests.dll" id="65a73572-199f-331d-bb7a-e00446e83c06">
      <Execution id="58b6cdca-fb4e-4bfc-85c6-48ca68854dc5" />
      <TestMethod codeBase="C:\Users\ericcarlson\Documents\GitHub\pickles\src\Pickles.TestFrameworks.UnitTests\bin\Debug\net6.0\PicklesDoc.Pickles.TestFrameworks.UnitTests.dll" adapterTypeName="executor://nunit3testexecutor/" className="PicklesDoc.Pickles.TestFrameworks.UnitTests.NUnit.NUnit2.WhenParsingProblematicScenarioOutlineResults" name="ThenCanReadIndividualResultsFromScenarioOutline_ContainingDollarSigns_ShouldBeTestResultSuccess" />
    </UnitTest>
    <UnitTest name="ThenCanReadFailedScenarioResultSuccessfully" storage="c:\users\ericcarlson\documents\github\pickles\src\pickles.testframeworks.unittests\bin\debug\net6.0\picklesdoc.pickles.testframeworks.unittests.dll" id="5dcd44f1-cbb8-8d6b-534f-9d513b76d8e6">
      <Execution id="334d9fc1-62bd-4dca-bb6f-ad2e5aec7664" />
      <TestMethod codeBase="C:\Users\ericcarlson\Documents\GitHub\pickles\src\Pickles.TestFrameworks.UnitTests\bin\Debug\net6.0\PicklesDoc.Pickles.TestFrameworks.UnitTests.dll" adapterTypeName="executor://nunit3testexecutor/" className="PicklesDoc.Pickles.TestFrameworks.UnitTests.NUnit.NUnit2.WhenParsingNUnitResultsFile" name="ThenCanReadFailedScenarioResultSuccessfully" />
    </UnitTest>
    <UnitTest name="ThenCanReadPassedScenarioResultSuccessfully" storage="c:\users\ericcarlson\documents\github\pickles\src\pickles.testframeworks.unittests\bin\debug\net6.0\picklesdoc.pickles.testframeworks.unittests.dll" id="249eb19e-fedc-463a-7645-04bc4a4b0dd3">
      <Execution id="2c95aa24-7e35-4738-bb4d-e2e56c411cb7" />
      <TestMethod codeBase="C:\Users\ericcarlson\Documents\GitHub\pickles\src\Pickles.TestFrameworks.UnitTests\bin\Debug\net6.0\PicklesDoc.Pickles.TestFrameworks.UnitTests.dll" adapterTypeName="executor://nunit3testexecutor/" className="PicklesDoc.Pickles.TestFrameworks.UnitTests.MsTest.WhenParsingMultipleMsTestTestResultsFiles" name="ThenCanReadPassedScenarioResultSuccessfully" />
    </UnitTest>
    <UnitTest name="ThenCanResolve(&quot;results-example-xunit2.xml&quot;,&quot;XUnit.XUnit2.results-example-xunit2.xml&quot;,xUnit2,PicklesDoc.Pickles.TestFrameworks.XUnit.XUnit2.XUnit2Results)" storage="c:\users\ericcarlson\documents\github\pickles\src\pickles.testframeworks.unittests\bin\debug\net6.0\picklesdoc.pickles.testframeworks.unittests.dll" id="32e9b154-88f8-7f55-059c-e846ef3efc38">
      <Execution id="e5484053-6de1-46b2-8310-43cbfbec0529" />
      <TestMethod codeBase="C:\Users\ericcarlson\Documents\GitHub\pickles\src\Pickles.TestFrameworks.UnitTests\bin\Debug\net6.0\PicklesDoc.Pickles.TestFrameworks.UnitTests.dll" adapterTypeName="executor://nunit3testexecutor/" className="PicklesDoc.Pickles.TestFrameworks.UnitTests.WhenResolvingTestResults" name="ThenCanResolve(&quot;results-example-xunit2.xml&quot;,&quot;XUnit.XUnit2.results-example-xunit2.xml&quot;,xUnit2,PicklesDoc.Pickles.TestFrameworks.XUnit.XUnit2.XUnit2Results)" />
    </UnitTest>
    <UnitTest name="ThenCanReadIndividualResultsFromScenarioOutline_AllPass_ShouldBeTestResultPassed" storage="c:\users\ericcarlson\documents\github\pickles\src\pickles.testframeworks.unittests\bin\debug\net6.0\picklesdoc.pickles.testframeworks.unittests.dll" id="a082270a-fadb-de54-1aa3-b3ff6bca16d1">
      <Execution id="87184e97-3aff-4ef3-a4c8-bad1476cdd89" />
      <TestMethod codeBase="C:\Users\ericcarlson\Documents\GitHub\pickles\src\Pickles.TestFrameworks.UnitTests\bin\Debug\net6.0\PicklesDoc.Pickles.TestFrameworks.UnitTests.dll" adapterTypeName="executor://nunit3testexecutor/" className="PicklesDoc.Pickles.TestFrameworks.UnitTests.CucumberJson.WhenParsingCucumberJsonFromRubyResultsFileWithIndividualResults" name="ThenCanReadIndividualResultsFromScenarioOutline_AllPass_ShouldBeTestResultPassed" />
    </UnitTest>
    <UnitTest name="ThenCanReadResultOfFeatureWithFailingBackground" storage="c:\users\ericcarlson\documents\github\pickles\src\pickles.testframeworks.unittests\bin\debug\net6.0\picklesdoc.pickles.testframeworks.unittests.dll" id="8fd04541-1f43-6b67-271f-30979468cdcb">
      <Execution id="a909de37-10aa-4c34-8ffa-1b459c4a3ddc" />
      <TestMethod codeBase="C:\Users\ericcarlson\Documents\GitHub\pickles\src\Pickles.TestFrameworks.UnitTests\bin\Debug\net6.0\PicklesDoc.Pickles.TestFrameworks.UnitTests.dll" adapterTypeName="executor://nunit3testexecutor/" className="PicklesDoc.Pickles.TestFrameworks.UnitTests.XUnit.XUnit2.WhenParsingxUnit2ResultsFile" name="ThenCanReadResultOfFeatureWithFailingBackground" />
    </UnitTest>
    <UnitTest name="ThenCanReadIndividualResultsFromScenarioOutline_MultipleExamplesWithDuplicateValues_ShouldMatchExamples" storage="c:\users\ericcarlson\documents\github\pickles\src\pickles.testframeworks.unittests\bin\debug\net6.0\picklesdoc.pickles.testframeworks.unittests.dll" id="5178c6a1-917a-63ef-4a44-3f3fa3a4a76b">
      <Execution id="166fc68b-2a77-451b-a501-c40644c9d00e" />
      <TestMethod codeBase="C:\Users\ericcarlson\Documents\GitHub\pickles\src\Pickles.TestFrameworks.UnitTests\bin\Debug\net6.0\PicklesDoc.Pickles.TestFrameworks.UnitTests.dll" adapterTypeName="executor://nunit3testexecutor/" className="PicklesDoc.Pickles.TestFrameworks.UnitTests.MsTest.WhenParsingMsTestResultsFileWithIndividualResults" name="ThenCanReadIndividualResultsFromScenarioOutline_MultipleExamplesWithDuplicateValues_ShouldMatchExamples" />
    </UnitTest>
    <UnitTest name="ThenCanReadResultOfScenarioOutlineExampleWithFailingBackground" storage="c:\users\ericcarlson\documents\github\pickles\src\pickles.testframeworks.unittests\bin\debug\net6.0\picklesdoc.pickles.testframeworks.unittests.dll" id="b6b4e5c5-badb-9c66-8425-431f3f703e83">
      <Execution id="28237996-fde4-4a03-8940-16f0fd37cb85" />
      <TestMethod codeBase="C:\Users\ericcarlson\Documents\GitHub\pickles\src\Pickles.TestFrameworks.UnitTests\bin\Debug\net6.0\PicklesDoc.Pickles.TestFrameworks.UnitTests.dll" adapterTypeName="executor://nunit3testexecutor/" className="PicklesDoc.Pickles.TestFrameworks.UnitTests.CucumberJson.WhenParsingCucumberJsonFromRubyResultsFile" name="ThenCanReadResultOfScenarioOutlineExampleWithFailingBackground" />
    </UnitTest>
    <UnitTest name="ThenCanReadResultsWithParenthesis" storage="c:\users\ericcarlson\documents\github\pickles\src\pickles.testframeworks.unittests\bin\debug\net6.0\picklesdoc.pickles.testframeworks.unittests.dll" id="2b2c3e93-fce0-8fb6-cf91-4df9fcc9f54b">
      <Execution id="cff9f9c2-b0e3-4c4b-a279-df0acf6a9298" />
      <TestMethod codeBase="C:\Users\ericcarlson\Documents\GitHub\pickles\src\Pickles.TestFrameworks.UnitTests\bin\Debug\net6.0\PicklesDoc.Pickles.TestFrameworks.UnitTests.dll" adapterTypeName="executor://nunit3testexecutor/" className="PicklesDoc.Pickles.TestFrameworks.UnitTests.NUnit.NUnit3.WhenParsingNunit3ResultsFile" name="ThenCanReadResultsWithParenthesis" />
    </UnitTest>
    <UnitTest name="ThenCanReadIgnoredScenarioResultSuccessfully" storage="c:\users\ericcarlson\documents\github\pickles\src\pickles.testframeworks.unittests\bin\debug\net6.0\picklesdoc.pickles.testframeworks.unittests.dll" id="eecc6ae5-4868-d53f-bcda-2ec72c5d7ea3">
      <Execution id="d09ccf9a-4ae0-4946-a211-3f34b775700e" />
      <TestMethod codeBase="C:\Users\ericcarlson\Documents\GitHub\pickles\src\Pickles.TestFrameworks.UnitTests\bin\Debug\net6.0\PicklesDoc.Pickles.TestFrameworks.UnitTests.dll" adapterTypeName="executor://nunit3testexecutor/" className="PicklesDoc.Pickles.TestFrameworks.UnitTests.NUnit.NUnit3.WhenParsingNunit3ResultsFile" name="ThenCanReadIgnoredScenarioResultSuccessfully" />
    </UnitTest>
    <UnitTest name="ThenCanReadIndividualResultsFromScenarioOutline_MultipleExampleSections_ShouldBeTestResultFailed" storage="c:\users\ericcarlson\documents\github\pickles\src\pickles.testframeworks.unittests\bin\debug\net6.0\picklesdoc.pickles.testframeworks.unittests.dll" id="87211bb6-e48e-1d49-fcdf-06cad7d36de4">
      <Execution id="5efea581-a5df-4d3a-9e3d-6de17166cfa8" />
      <TestMethod codeBase="C:\Users\ericcarlson\Documents\GitHub\pickles\src\Pickles.TestFrameworks.UnitTests\bin\Debug\net6.0\PicklesDoc.Pickles.TestFrameworks.UnitTests.dll" adapterTypeName="executor://nunit3testexecutor/" className="PicklesDoc.Pickles.TestFrameworks.UnitTests.XUnit.XUnit1.WhenParsingXUnitResultsFileWithIndividualResults" name="ThenCanReadIndividualResultsFromScenarioOutline_MultipleExampleSections_ShouldBeTestResultFailed" />
    </UnitTest>
    <UnitTest name="ThenCanReadIndividualResultsFromScenarioOutline_OneFailed_ShouldBeTestResultFailed" storage="c:\users\ericcarlson\documents\github\pickles\src\pickles.testframeworks.unittests\bin\debug\net6.0\picklesdoc.pickles.testframeworks.unittests.dll" id="cb84e372-0db4-cadb-ea5a-8162f8875b13">
      <Execution id="e6d33e05-1f82-4043-ac1a-1a99f930cd96" />
      <TestMethod codeBase="C:\Users\ericcarlson\Documents\GitHub\pickles\src\Pickles.TestFrameworks.UnitTests\bin\Debug\net6.0\PicklesDoc.Pickles.TestFrameworks.UnitTests.dll" adapterTypeName="executor://nunit3testexecutor/" className="PicklesDoc.Pickles.TestFrameworks.UnitTests.XUnit.XUnit2.WhenParsingXUnitResultsFileWithIndividualResults" name="ThenCanReadIndividualResultsFromScenarioOutline_OneFailed_ShouldBeTestResultFailed" />
    </UnitTest>
    <UnitTest name="ThenCanReadResultOfScenarioWithFailingBackground" storage="c:\users\ericcarlson\documents\github\pickles\src\pickles.testframeworks.unittests\bin\debug\net6.0\picklesdoc.pickles.testframeworks.unittests.dll" id="dd671476-ed2b-7b45-cac8-cb394e9796e3">
      <Execution id="eea595b0-9203-4da3-8b9b-069547bce508" />
      <TestMethod codeBase="C:\Users\ericcarlson\Documents\GitHub\pickles\src\Pickles.TestFrameworks.UnitTests\bin\Debug\net6.0\PicklesDoc.Pickles.TestFrameworks.UnitTests.dll" adapterTypeName="executor://nunit3testexecutor/" className="PicklesDoc.Pickles.TestFrameworks.UnitTests.VsTest.WhenParsingVsTestResultsFile" name="ThenCanReadResultOfScenarioWithFailingBackground" />
    </UnitTest>
    <UnitTest name="ThenCanReadIgnoredScenarioResultSuccessfully" storage="c:\users\ericcarlson\documents\github\pickles\src\pickles.testframeworks.unittests\bin\debug\net6.0\picklesdoc.pickles.testframeworks.unittests.dll" id="75f81ce1-0b2c-cf84-fe16-219224722139">
      <Execution id="c2b3e561-167f-4ef2-bcdf-19fe05160b60" />
      <TestMethod codeBase="C:\Users\ericcarlson\Documents\GitHub\pickles\src\Pickles.TestFrameworks.UnitTests\bin\Debug\net6.0\PicklesDoc.Pickles.TestFrameworks.UnitTests.dll" adapterTypeName="executor://nunit3testexecutor/" className="PicklesDoc.Pickles.TestFrameworks.UnitTests.MsTest.WhenParsingMsTestResultsFile" name="ThenCanReadIgnoredScenarioResultSuccessfully" />
    </UnitTest>
    <UnitTest name="ThenCanReadResultsWithParenthesis" storage="c:\users\ericcarlson\documents\github\pickles\src\pickles.testframeworks.unittests\bin\debug\net6.0\picklesdoc.pickles.testframeworks.unittests.dll" id="efb45302-0f2f-f7b4-5294-ebcf02624fff">
      <Execution id="0f4ba519-67b8-4fed-ab3b-ca77d1af8cfa" />
      <TestMethod codeBase="C:\Users\ericcarlson\Documents\GitHub\pickles\src\Pickles.TestFrameworks.UnitTests\bin\Debug\net6.0\PicklesDoc.Pickles.TestFrameworks.UnitTests.dll" adapterTypeName="executor://nunit3testexecutor/" className="PicklesDoc.Pickles.TestFrameworks.UnitTests.MsTest.WhenParsingMsTestResultsFile" name="ThenCanReadResultsWithParenthesis" />
    </UnitTest>
    <UnitTest name="ThenCanReadIndividualResultsFromScenarioOutline_MultipleNamedExamples_ShouldMatchExamples" storage="c:\users\ericcarlson\documents\github\pickles\src\pickles.testframeworks.unittests\bin\debug\net6.0\picklesdoc.pickles.testframeworks.unittests.dll" id="10cbd16f-822a-fdd7-e8ae-fa1a3eaa3761">
      <Execution id="3e7b7d0d-c0dd-4b73-8bc2-713fccd44c7e" />
      <TestMethod codeBase="C:\Users\ericcarlson\Documents\GitHub\pickles\src\Pickles.TestFrameworks.UnitTests\bin\Debug\net6.0\PicklesDoc.Pickles.TestFrameworks.UnitTests.dll" adapterTypeName="executor://nunit3testexecutor/" className="PicklesDoc.Pickles.TestFrameworks.UnitTests.XUnit.XUnit1.WhenParsingXUnitResultsFileWithIndividualResults" name="ThenCanReadIndividualResultsFromScenarioOutline_MultipleNamedExamples_ShouldMatchExamples" />
    </UnitTest>
    <UnitTest name="GetScenarioResult_TwoInconclusive_ReturnsInconclusive" storage="c:\users\ericcarlson\documents\github\pickles\src\pickles.testframeworks.unittests\bin\debug\net6.0\picklesdoc.pickles.testframeworks.unittests.dll" id="ffc628dd-c985-e3f1-ca17-da9cca506fbc">
      <Execution id="a258c8b0-f667-4677-b90c-8cb6a2e33114" />
      <TestMethod codeBase="C:\Users\ericcarlson\Documents\GitHub\pickles\src\Pickles.TestFrameworks.UnitTests\bin\Debug\net6.0\PicklesDoc.Pickles.TestFrameworks.UnitTests.dll" adapterTypeName="executor://nunit3testexecutor/" className="PicklesDoc.Pickles.TestFrameworks.UnitTests.SpecRun.WhenParsingMultipleTestResultsTests" name="GetScenarioResult_TwoInconclusive_ReturnsInconclusive" />
    </UnitTest>
    <UnitTest name="ThenCanReadIndividualResultsFromScenarioOutline_OneFailed_ShouldBeTestResultFailed" storage="c:\users\ericcarlson\documents\github\pickles\src\pickles.testframeworks.unittests\bin\debug\net6.0\picklesdoc.pickles.testframeworks.unittests.dll" id="ce9f63bc-f09c-6c5b-d0d3-a2c6899e0bb7">
      <Execution id="03772047-27db-4a8b-9571-4d29ff589598" />
      <TestMethod codeBase="C:\Users\ericcarlson\Documents\GitHub\pickles\src\Pickles.TestFrameworks.UnitTests\bin\Debug\net6.0\PicklesDoc.Pickles.TestFrameworks.UnitTests.dll" adapterTypeName="executor://nunit3testexecutor/" className="PicklesDoc.Pickles.TestFrameworks.UnitTests.CucumberJson.WhenParsingCucumberJsonFromJSResultsFileWithIndividualResults" name="ThenCanReadIndividualResultsFromScenarioOutline_OneFailed_ShouldBeTestResultFailed" />
    </UnitTest>
    <UnitTest name="ThenCanReadScenarioOutlineResultSuccessfully" storage="c:\users\ericcarlson\documents\github\pickles\src\pickles.testframeworks.unittests\bin\debug\net6.0\picklesdoc.pickles.testframeworks.unittests.dll" id="ba610d56-53b0-45dd-63d9-9d6b77e9ef0d">
      <Execution id="796bac3a-7235-4cd4-aecd-8acbf6c7b936" />
      <TestMethod codeBase="C:\Users\ericcarlson\Documents\GitHub\pickles\src\Pickles.TestFrameworks.UnitTests\bin\Debug\net6.0\PicklesDoc.Pickles.TestFrameworks.UnitTests.dll" adapterTypeName="executor://nunit3testexecutor/" className="PicklesDoc.Pickles.TestFrameworks.UnitTests.NUnit.NUnit3.WhenParsingNunit3ResultsFileForNunit2Tests" name="ThenCanReadScenarioOutlineResultSuccessfully" />
    </UnitTest>
    <UnitTest name="ThenCanReadResultOfScenarioWithDanishCharacters" storage="c:\users\ericcarlson\documents\github\pickles\src\pickles.testframeworks.unittests\bin\debug\net6.0\picklesdoc.pickles.testframeworks.unittests.dll" id="e1734028-fada-4af3-8a5c-ef092b76d644">
      <Execution id="521d872c-09c2-470d-8590-592bc957a68d" />
      <TestMethod codeBase="C:\Users\ericcarlson\Documents\GitHub\pickles\src\Pickles.TestFrameworks.UnitTests\bin\Debug\net6.0\PicklesDoc.Pickles.TestFrameworks.UnitTests.dll" adapterTypeName="executor://nunit3testexecutor/" className="PicklesDoc.Pickles.TestFrameworks.UnitTests.VsTest.WhenParsingVsTestResultsFile" name="ThenCanReadResultOfScenarioWithDanishCharacters" />
    </UnitTest>
    <UnitTest name="ThenCanReadResultsWithParenthesis" storage="c:\users\ericcarlson\documents\github\pickles\src\pickles.testframeworks.unittests\bin\debug\net6.0\picklesdoc.pickles.testframeworks.unittests.dll" id="39aaf2dd-3448-323b-0eb5-0e11c3f52c46">
      <Execution id="2eee73c4-3cf9-42f9-8316-b977cc3e2c73" />
      <TestMethod codeBase="C:\Users\ericcarlson\Documents\GitHub\pickles\src\Pickles.TestFrameworks.UnitTests\bin\Debug\net6.0\PicklesDoc.Pickles.TestFrameworks.UnitTests.dll" adapterTypeName="executor://nunit3testexecutor/" className="PicklesDoc.Pickles.TestFrameworks.UnitTests.XUnit.XUnit2.WhenParsingxUnit2ResultsFile" name="ThenCanReadResultsWithParenthesis" />
    </UnitTest>
    <UnitTest name="ThenCanReadFeatureResultSuccessfully" storage="c:\users\ericcarlson\documents\github\pickles\src\pickles.testframeworks.unittests\bin\debug\net6.0\picklesdoc.pickles.testframeworks.unittests.dll" id="7efd0b0b-8ee2-d5e8-47e2-5ba5eebb44d2">
      <Execution id="226f11f1-decd-4fa1-9bde-6500e4cb40e2" />
      <TestMethod codeBase="C:\Users\ericcarlson\Documents\GitHub\pickles\src\Pickles.TestFrameworks.UnitTests\bin\Debug\net6.0\PicklesDoc.Pickles.TestFrameworks.UnitTests.dll" adapterTypeName="executor://nunit3testexecutor/" className="PicklesDoc.Pickles.TestFrameworks.UnitTests.XUnit.XUnit1.WhenParsingxUnitResultsFile" name="ThenCanReadFeatureResultSuccessfully" />
    </UnitTest>
    <UnitTest name="ThenCanReadIndividualResultsFromScenarioOutline_MultipleExampleSections_ShouldBeTestResultFailed" storage="c:\users\ericcarlson\documents\github\pickles\src\pickles.testframeworks.unittests\bin\debug\net6.0\picklesdoc.pickles.testframeworks.unittests.dll" id="877ca2ae-a522-d5d7-2fd9-a3dd2ef9b711">
      <Execution id="adf22563-b5f7-4a50-9edd-62413f3dced0" />
      <TestMethod codeBase="C:\Users\ericcarlson\Documents\GitHub\pickles\src\Pickles.TestFrameworks.UnitTests\bin\Debug\net6.0\PicklesDoc.Pickles.TestFrameworks.UnitTests.dll" adapterTypeName="executor://nunit3testexecutor/" className="PicklesDoc.Pickles.TestFrameworks.UnitTests.MsTest.WhenParsingMsTestResultsFileWithIndividualResults" name="ThenCanReadIndividualResultsFromScenarioOutline_MultipleExampleSections_ShouldBeTestResultFailed" />
    </UnitTest>
    <UnitTest name="ThenCanReadExamplesWithLongExampleValues" storage="c:\users\ericcarlson\documents\github\pickles\src\pickles.testframeworks.unittests\bin\debug\net6.0\picklesdoc.pickles.testframeworks.unittests.dll" id="a80ce00d-8fef-39f6-2b9d-90a0409ab21e">
      <Execution id="0c36f50d-20de-43b9-bad9-705c6594f69b" />
      <TestMethod codeBase="C:\Users\ericcarlson\Documents\GitHub\pickles\src\Pickles.TestFrameworks.UnitTests\bin\Debug\net6.0\PicklesDoc.Pickles.TestFrameworks.UnitTests.dll" adapterTypeName="executor://nunit3testexecutor/" className="PicklesDoc.Pickles.TestFrameworks.UnitTests.XUnit.XUnit1.WhenParsingXUnitResultsFileWithIndividualResults" name="ThenCanReadExamplesWithLongExampleValues" />
    </UnitTest>
    <UnitTest name="ThenCanReadIndividualResultsFromScenarioOutline_ExamplesWithDuplicateValues_ShouldMatchExamples" storage="c:\users\ericcarlson\documents\github\pickles\src\pickles.testframeworks.unittests\bin\debug\net6.0\picklesdoc.pickles.testframeworks.unittests.dll" id="d4ee9b79-4196-caa7-d7b1-e48434993a78">
      <Execution id="fd1ba806-bbfe-43d6-b540-48146888996b" />
      <TestMethod codeBase="C:\Users\ericcarlson\Documents\GitHub\pickles\src\Pickles.TestFrameworks.UnitTests\bin\Debug\net6.0\PicklesDoc.Pickles.TestFrameworks.UnitTests.dll" adapterTypeName="executor://nunit3testexecutor/" className="PicklesDoc.Pickles.TestFrameworks.UnitTests.NUnit.NUnit3.WhenParsingNUnitResultsFileWithIndividualResults" name="ThenCanReadIndividualResultsFromScenarioOutline_ExamplesWithDuplicateValues_ShouldMatchExamples" />
    </UnitTest>
    <UnitTest name="ThenCanReadResultOfScenarioOutlineWithAmpersand" storage="c:\users\ericcarlson\documents\github\pickles\src\pickles.testframeworks.unittests\bin\debug\net6.0\picklesdoc.pickles.testframeworks.unittests.dll" id="82d58c85-8bb5-21d8-f720-e76e5b78cc40">
      <Execution id="0cda681c-0ffb-4085-8545-70761eb6bc06" />
      <TestMethod codeBase="C:\Users\ericcarlson\Documents\GitHub\pickles\src\Pickles.TestFrameworks.UnitTests\bin\Debug\net6.0\PicklesDoc.Pickles.TestFrameworks.UnitTests.dll" adapterTypeName="executor://nunit3testexecutor/" className="PicklesDoc.Pickles.TestFrameworks.UnitTests.CucumberJson.WhenParsingCucumberJsonFromJSResultsFile" name="ThenCanReadResultOfScenarioOutlineWithAmpersand" />
    </UnitTest>
    <UnitTest name="ThenCanReadIndividualResultsFromScenarioOutline_OneFailed_ShouldBeTestResultFailed" storage="c:\users\ericcarlson\documents\github\pickles\src\pickles.testframeworks.unittests\bin\debug\net6.0\picklesdoc.pickles.testframeworks.unittests.dll" id="d4a217ca-816a-5180-50f8-63455cbe611d">
      <Execution id="8fc80209-6bde-4b39-abab-998d01b81f46" />
      <TestMethod codeBase="C:\Users\ericcarlson\Documents\GitHub\pickles\src\Pickles.TestFrameworks.UnitTests\bin\Debug\net6.0\PicklesDoc.Pickles.TestFrameworks.UnitTests.dll" adapterTypeName="executor://nunit3testexecutor/" className="PicklesDoc.Pickles.TestFrameworks.UnitTests.NUnit.NUnit2.WhenParsingNUnitResultsFileWithIndividualResults" name="ThenCanReadIndividualResultsFromScenarioOutline_OneFailed_ShouldBeTestResultFailed" />
    </UnitTest>
    <UnitTest name="ThenCanReadIndividualResultsFromScenarioOutline_OneInconclusive_ShouldBeTestResultInconclusive" storage="c:\users\ericcarlson\documents\github\pickles\src\pickles.testframeworks.unittests\bin\debug\net6.0\picklesdoc.pickles.testframeworks.unittests.dll" id="9efd92db-4c9f-0192-da69-654d8f42ce4b">
      <Execution id="44324a49-67b6-4c95-91a2-849a9d2b850d" />
      <TestMethod codeBase="C:\Users\ericcarlson\Documents\GitHub\pickles\src\Pickles.TestFrameworks.UnitTests\bin\Debug\net6.0\PicklesDoc.Pickles.TestFrameworks.UnitTests.dll" adapterTypeName="executor://nunit3testexecutor/" className="PicklesDoc.Pickles.TestFrameworks.UnitTests.NUnit.NUnit3.WhenParsingNUnitResultsFileWithIndividualResults" name="ThenCanReadIndividualResultsFromScenarioOutline_OneInconclusive_ShouldBeTestResultInconclusive" />
    </UnitTest>
    <UnitTest name="ThenCanReadResultOfScenarioWithDanishCharacters" storage="c:\users\ericcarlson\documents\github\pickles\src\pickles.testframeworks.unittests\bin\debug\net6.0\picklesdoc.pickles.testframeworks.unittests.dll" id="5f6ec94d-79db-fbc6-a975-8fcf5e6da5de">
      <Execution id="88878893-820c-4c6b-b8d5-1ce0610ac6ca" />
      <TestMethod codeBase="C:\Users\ericcarlson\Documents\GitHub\pickles\src\Pickles.TestFrameworks.UnitTests\bin\Debug\net6.0\PicklesDoc.Pickles.TestFrameworks.UnitTests.dll" adapterTypeName="executor://nunit3testexecutor/" className="PicklesDoc.Pickles.TestFrameworks.UnitTests.CucumberJson.WhenParsingCucumberJsonFromRubyResultsFile" name="ThenCanReadResultOfScenarioWithDanishCharacters" />
    </UnitTest>
    <UnitTest name="ThenCanReadResultsWithParenthesis" storage="c:\users\ericcarlson\documents\github\pickles\src\pickles.testframeworks.unittests\bin\debug\net6.0\picklesdoc.pickles.testframeworks.unittests.dll" id="5ba0ef3d-e993-fb04-f50d-80614c1f48e6">
      <Execution id="d8af7dfd-de89-4f33-9faa-4b9043b5ae2d" />
      <TestMethod codeBase="C:\Users\ericcarlson\Documents\GitHub\pickles\src\Pickles.TestFrameworks.UnitTests\bin\Debug\net6.0\PicklesDoc.Pickles.TestFrameworks.UnitTests.dll" adapterTypeName="executor://nunit3testexecutor/" className="PicklesDoc.Pickles.TestFrameworks.UnitTests.NUnit.NUnit3.WhenParsingNunit3ResultsFileForNunit2Tests" name="ThenCanReadResultsWithParenthesis" />
    </UnitTest>
    <UnitTest name="ThenCanReadIndividualResultsFromScenarioOutline_MultipleNamedExamples_ShouldMatchExamples" storage="c:\users\ericcarlson\documents\github\pickles\src\pickles.testframeworks.unittests\bin\debug\net6.0\picklesdoc.pickles.testframeworks.unittests.dll" id="e812cd4a-a493-8488-cd92-0f068742969b">
      <Execution id="ce7b08b2-5851-44ea-bfe5-60bab0c5e096" />
      <TestMethod codeBase="C:\Users\ericcarlson\Documents\GitHub\pickles\src\Pickles.TestFrameworks.UnitTests\bin\Debug\net6.0\PicklesDoc.Pickles.TestFrameworks.UnitTests.dll" adapterTypeName="executor://nunit3testexecutor/" className="PicklesDoc.Pickles.TestFrameworks.UnitTests.CucumberJson.WhenParsingCucumberJsonFromRubyResultsFileWithIndividualResults" name="ThenCanReadIndividualResultsFromScenarioOutline_MultipleNamedExamples_ShouldMatchExamples" />
    </UnitTest>
    <UnitTest name="ThenCanReadIndividualResultsFromScenarioOutline_AllPass_ShouldBeTestResultPassed" storage="c:\users\ericcarlson\documents\github\pickles\src\pickles.testframeworks.unittests\bin\debug\net6.0\picklesdoc.pickles.testframeworks.unittests.dll" id="2d1b5a90-7f10-fbfd-da30-c50a58b8259b">
      <Execution id="6578184b-8fcb-49d9-87e6-6a742fecf028" />
      <TestMethod codeBase="C:\Users\ericcarlson\Documents\GitHub\pickles\src\Pickles.TestFrameworks.UnitTests\bin\Debug\net6.0\PicklesDoc.Pickles.TestFrameworks.UnitTests.dll" adapterTypeName="executor://nunit3testexecutor/" className="PicklesDoc.Pickles.TestFrameworks.UnitTests.XUnit.XUnit1.WhenParsingXUnitResultsFileWithIndividualResults" name="ThenCanReadIndividualResultsFromScenarioOutline_AllPass_ShouldBeTestResultPassed" />
    </UnitTest>
    <UnitTest name="ThenCanReadResultOfScenarioOutlineExampleWithFailingBackground" storage="c:\users\ericcarlson\documents\github\pickles\src\pickles.testframeworks.unittests\bin\debug\net6.0\picklesdoc.pickles.testframeworks.unittests.dll" id="d06109ca-bc0c-33f1-28f4-f8127946b5ef">
      <Execution id="31b5d52c-ad2a-4080-a249-182022af0602" />
      <TestMethod codeBase="C:\Users\ericcarlson\Documents\GitHub\pickles\src\Pickles.TestFrameworks.UnitTests\bin\Debug\net6.0\PicklesDoc.Pickles.TestFrameworks.UnitTests.dll" adapterTypeName="executor://nunit3testexecutor/" className="PicklesDoc.Pickles.TestFrameworks.UnitTests.MsTest.WhenParsingMsTestResultsFile" name="ThenCanReadResultOfScenarioOutlineExampleWithFailingBackground" />
    </UnitTest>
    <UnitTest name="ThenCanReadResultOfScenarioOutlineWithAmpersand" storage="c:\users\ericcarlson\documents\github\pickles\src\pickles.testframeworks.unittests\bin\debug\net6.0\picklesdoc.pickles.testframeworks.unittests.dll" id="53f842ac-f46d-7d71-9da8-af83d620085a">
      <Execution id="add64a47-a99f-465c-8856-29b5ada37c8a" />
      <TestMethod codeBase="C:\Users\ericcarlson\Documents\GitHub\pickles\src\Pickles.TestFrameworks.UnitTests\bin\Debug\net6.0\PicklesDoc.Pickles.TestFrameworks.UnitTests.dll" adapterTypeName="executor://nunit3testexecutor/" className="PicklesDoc.Pickles.TestFrameworks.UnitTests.NUnit.NUnit3.WhenParsingNunit3ResultsFileForNunit2Tests" name="ThenCanReadResultOfScenarioOutlineWithAmpersand" />
    </UnitTest>
    <UnitTest name="ThenCanReadResultOfScenarioWithFailingBackground" storage="c:\users\ericcarlson\documents\github\pickles\src\pickles.testframeworks.unittests\bin\debug\net6.0\picklesdoc.pickles.testframeworks.unittests.dll" id="1ab3cefc-49c6-5a53-95db-2b52b6f9c551">
      <Execution id="cda177c0-b95a-422b-bebc-9304404b08f3" />
      <TestMethod codeBase="C:\Users\ericcarlson\Documents\GitHub\pickles\src\Pickles.TestFrameworks.UnitTests\bin\Debug\net6.0\PicklesDoc.Pickles.TestFrameworks.UnitTests.dll" adapterTypeName="executor://nunit3testexecutor/" className="PicklesDoc.Pickles.TestFrameworks.UnitTests.SpecRun.WhenParsingSpecRunTestResultsFile" name="ThenCanReadResultOfScenarioWithFailingBackground" />
    </UnitTest>
    <UnitTest name="ThenCanReadResultOfScenarioWithSpanishCharacters" storage="c:\users\ericcarlson\documents\github\pickles\src\pickles.testframeworks.unittests\bin\debug\net6.0\picklesdoc.pickles.testframeworks.unittests.dll" id="99b61c03-de66-2cd6-57c4-fe88d42b339c">
      <Execution id="eac55656-d601-433e-b76b-1adeb5bc3d19" />
      <TestMethod codeBase="C:\Users\ericcarlson\Documents\GitHub\pickles\src\Pickles.TestFrameworks.UnitTests\bin\Debug\net6.0\PicklesDoc.Pickles.TestFrameworks.UnitTests.dll" adapterTypeName="executor://nunit3testexecutor/" className="PicklesDoc.Pickles.TestFrameworks.UnitTests.CucumberJson.WhenParsingCucumberJsonFromRubyResultsFile" name="ThenCanReadResultOfScenarioWithSpanishCharacters" />
    </UnitTest>
    <UnitTest name="ThenCanReadIndividualResultsFromScenarioOutline_OneInconclusive_ShouldBeTestResultInconclusive" storage="c:\users\ericcarlson\documents\github\pickles\src\pickles.testframeworks.unittests\bin\debug\net6.0\picklesdoc.pickles.testframeworks.unittests.dll" id="20095e8b-1aec-bdd5-2c64-cc198f7229e3">
      <Execution id="26b63782-0bf4-4b9d-a0f7-6ca5356914a1" />
      <TestMethod codeBase="C:\Users\ericcarlson\Documents\GitHub\pickles\src\Pickles.TestFrameworks.UnitTests\bin\Debug\net6.0\PicklesDoc.Pickles.TestFrameworks.UnitTests.dll" adapterTypeName="executor://nunit3testexecutor/" className="PicklesDoc.Pickles.TestFrameworks.UnitTests.CucumberJson.WhenParsingCucumberJsonFromRubyResultsFileWithIndividualResults" name="ThenCanReadIndividualResultsFromScenarioOutline_OneInconclusive_ShouldBeTestResultInconclusive" />
    </UnitTest>
    <UnitTest name="ThenCanReadFailedScenarioResultSuccessfully" storage="c:\users\ericcarlson\documents\github\pickles\src\pickles.testframeworks.unittests\bin\debug\net6.0\picklesdoc.pickles.testframeworks.unittests.dll" id="1367b65e-0b94-ba69-b954-fb8124eb22d5">
      <Execution id="a0c6e552-c04a-4bf4-8c03-c7237cc2ea55" />
      <TestMethod codeBase="C:\Users\ericcarlson\Documents\GitHub\pickles\src\Pickles.TestFrameworks.UnitTests\bin\Debug\net6.0\PicklesDoc.Pickles.TestFrameworks.UnitTests.dll" adapterTypeName="executor://nunit3testexecutor/" className="PicklesDoc.Pickles.TestFrameworks.UnitTests.XUnit.XUnit2.WhenParsingxUnit2ResultsFile" name="ThenCanReadFailedScenarioResultSuccessfully" />
    </UnitTest>
    <UnitTest name="ThenCanReadInconclusiveScenarioResultSuccessfully" storage="c:\users\ericcarlson\documents\github\pickles\src\pickles.testframeworks.unittests\bin\debug\net6.0\picklesdoc.pickles.testframeworks.unittests.dll" id="c129ca2d-465d-f65c-dd70-3e713e975538">
      <Execution id="6981bf63-73e4-47e2-be13-cb51091c91a2" />
      <TestMethod codeBase="C:\Users\ericcarlson\Documents\GitHub\pickles\src\Pickles.TestFrameworks.UnitTests\bin\Debug\net6.0\PicklesDoc.Pickles.TestFrameworks.UnitTests.dll" adapterTypeName="executor://nunit3testexecutor/" className="PicklesDoc.Pickles.TestFrameworks.UnitTests.CucumberJson.WhenParsingCucumberJsonFromJSResultsFile" name="ThenCanReadInconclusiveScenarioResultSuccessfully" />
    </UnitTest>
    <UnitTest name="ThenCanReadIndividualResultsFromScenarioOutline_ExamplesWithDuplicateValues_ShouldMatchExamples" storage="c:\users\ericcarlson\documents\github\pickles\src\pickles.testframeworks.unittests\bin\debug\net6.0\picklesdoc.pickles.testframeworks.unittests.dll" id="f77ac471-dd6b-3503-d4b1-30115c337f42">
      <Execution id="deb29321-4ac7-4736-ad48-39db200ff459" />
      <TestMethod codeBase="C:\Users\ericcarlson\Documents\GitHub\pickles\src\Pickles.TestFrameworks.UnitTests\bin\Debug\net6.0\PicklesDoc.Pickles.TestFrameworks.UnitTests.dll" adapterTypeName="executor://nunit3testexecutor/" className="PicklesDoc.Pickles.TestFrameworks.UnitTests.NUnit.NUnit2.WhenParsingNUnitResultsFileWithIndividualResults" name="ThenCanReadIndividualResultsFromScenarioOutline_ExamplesWithDuplicateValues_ShouldMatchExamples" />
    </UnitTest>
    <UnitTest name="ThenCanReadIndividualResultsFromScenarioOutline_MultipleExamplesWithDuplicateValues_ShouldMatchExamples" storage="c:\users\ericcarlson\documents\github\pickles\src\pickles.testframeworks.unittests\bin\debug\net6.0\picklesdoc.pickles.testframeworks.unittests.dll" id="680a57ed-aef7-7627-554b-2ab01bc33ccf">
      <Execution id="454f6d85-8528-4309-94d6-b47fca4393a0" />
      <TestMethod codeBase="C:\Users\ericcarlson\Documents\GitHub\pickles\src\Pickles.TestFrameworks.UnitTests\bin\Debug\net6.0\PicklesDoc.Pickles.TestFrameworks.UnitTests.dll" adapterTypeName="executor://nunit3testexecutor/" className="PicklesDoc.Pickles.TestFrameworks.UnitTests.XUnit.XUnit2.WhenParsingXUnitResultsFileWithIndividualResults" name="ThenCanReadIndividualResultsFromScenarioOutline_MultipleExamplesWithDuplicateValues_ShouldMatchExamples" />
    </UnitTest>
    <UnitTest name="ThenCanReadIndividualResultsFromScenarioOutline_MultipleNamedExamplesWithDuplicateValues_ShouldMatchExamples" storage="c:\users\ericcarlson\documents\github\pickles\src\pickles.testframeworks.unittests\bin\debug\net6.0\picklesdoc.pickles.testframeworks.unittests.dll" id="e32ceaf5-2044-6a33-b092-c29de2fe095b">
      <Execution id="517d99af-97bb-40e9-b42c-c5caed3bcc56" />
      <TestMethod codeBase="C:\Users\ericcarlson\Documents\GitHub\pickles\src\Pickles.TestFrameworks.UnitTests\bin\Debug\net6.0\PicklesDoc.Pickles.TestFrameworks.UnitTests.dll" adapterTypeName="executor://nunit3testexecutor/" className="PicklesDoc.Pickles.TestFrameworks.UnitTests.NUnit.NUnit3.WhenParsingNUnitResultsFileWithIndividualResults" name="ThenCanReadIndividualResultsFromScenarioOutline_MultipleNamedExamplesWithDuplicateValues_ShouldMatchExamples" />
    </UnitTest>
    <UnitTest name="ThenCanReadResultsWithParenthesis" storage="c:\users\ericcarlson\documents\github\pickles\src\pickles.testframeworks.unittests\bin\debug\net6.0\picklesdoc.pickles.testframeworks.unittests.dll" id="d5b1edb5-b12f-6f9b-d326-d112d604818d">
      <Execution id="fe5d16b5-12b2-49fe-bd75-652f78bd62a8" />
      <TestMethod codeBase="C:\Users\ericcarlson\Documents\GitHub\pickles\src\Pickles.TestFrameworks.UnitTests\bin\Debug\net6.0\PicklesDoc.Pickles.TestFrameworks.UnitTests.dll" adapterTypeName="executor://nunit3testexecutor/" className="PicklesDoc.Pickles.TestFrameworks.UnitTests.CucumberJson.WhenParsingCucumberJsonFromJSResultsFile" name="ThenCanReadResultsWithParenthesis" />
    </UnitTest>
    <UnitTest name="ThenCanResolve(&quot;results-example-mstest.trx&quot;,&quot;MsTest.results-example-mstest.trx&quot;,MsTest,PicklesDoc.Pickles.TestFrameworks.MsTest.MsTestResults)" storage="c:\users\ericcarlson\documents\github\pickles\src\pickles.testframeworks.unittests\bin\debug\net6.0\picklesdoc.pickles.testframeworks.unittests.dll" id="5cb8adb0-f986-570a-997c-7c2904e5d79c">
      <Execution id="4372ac93-3216-42af-b7e6-591682608e45" />
      <TestMethod codeBase="C:\Users\ericcarlson\Documents\GitHub\pickles\src\Pickles.TestFrameworks.UnitTests\bin\Debug\net6.0\PicklesDoc.Pickles.TestFrameworks.UnitTests.dll" adapterTypeName="executor://nunit3testexecutor/" className="PicklesDoc.Pickles.TestFrameworks.UnitTests.WhenResolvingTestResults" name="ThenCanResolve(&quot;results-example-mstest.trx&quot;,&quot;MsTest.results-example-mstest.trx&quot;,MsTest,PicklesDoc.Pickles.TestFrameworks.MsTest.MsTestResults)" />
    </UnitTest>
    <UnitTest name="ThenCanReadScenarioOutlineResultSuccessfully" storage="c:\users\ericcarlson\documents\github\pickles\src\pickles.testframeworks.unittests\bin\debug\net6.0\picklesdoc.pickles.testframeworks.unittests.dll" id="b3b74f06-0222-4a33-dfad-ee23ddfbb054">
      <Execution id="06539151-0bf9-466e-bf76-4ef4c8a1758c" />
      <TestMethod codeBase="C:\Users\ericcarlson\Documents\GitHub\pickles\src\Pickles.TestFrameworks.UnitTests\bin\Debug\net6.0\PicklesDoc.Pickles.TestFrameworks.UnitTests.dll" adapterTypeName="executor://nunit3testexecutor/" className="PicklesDoc.Pickles.TestFrameworks.UnitTests.XUnit.XUnit1.WhenParsingxUnitResultsFile" name="ThenCanReadScenarioOutlineResultSuccessfully" />
    </UnitTest>
    <UnitTest name="ThenCanReadInconclusiveFeatureResultSuccessfully" storage="c:\users\ericcarlson\documents\github\pickles\src\pickles.testframeworks.unittests\bin\debug\net6.0\picklesdoc.pickles.testframeworks.unittests.dll" id="00c90b43-b77b-0b3c-b457-9469df9e7f8e">
      <Execution id="c33d0e22-ebb1-43f5-8dee-7eab825cb1d3" />
      <TestMethod codeBase="C:\Users\ericcarlson\Documents\GitHub\pickles\src\Pickles.TestFrameworks.UnitTests\bin\Debug\net6.0\PicklesDoc.Pickles.TestFrameworks.UnitTests.dll" adapterTypeName="executor://nunit3testexecutor/" className="PicklesDoc.Pickles.TestFrameworks.UnitTests.CucumberJson.WhenParsingCucumberJsonFromRubyResultsFile" name="ThenCanReadInconclusiveFeatureResultSuccessfully" />
    </UnitTest>
    <UnitTest name="ThenCanReadResultOfFeatureWithFailingBackground" storage="c:\users\ericcarlson\documents\github\pickles\src\pickles.testframeworks.unittests\bin\debug\net6.0\picklesdoc.pickles.testframeworks.unittests.dll" id="76480529-7b76-e863-86e1-c858751ba287">
      <Execution id="0059c350-b363-4b54-bdc5-e18070974144" />
      <TestMethod codeBase="C:\Users\ericcarlson\Documents\GitHub\pickles\src\Pickles.TestFrameworks.UnitTests\bin\Debug\net6.0\PicklesDoc.Pickles.TestFrameworks.UnitTests.dll" adapterTypeName="executor://nunit3testexecutor/" className="PicklesDoc.Pickles.TestFrameworks.UnitTests.VsTest.WhenParsingVsTestResultsFile" name="ThenCanReadResultOfFeatureWithFailingBackground" />
    </UnitTest>
    <UnitTest name="ThenCanReadIndividualResultsFromScenarioOutline_MultipleExamplesWithDuplicateValues_ShouldMatchExamples" storage="c:\users\ericcarlson\documents\github\pickles\src\pickles.testframeworks.unittests\bin\debug\net6.0\picklesdoc.pickles.testframeworks.unittests.dll" id="cff9ba3d-2dbc-742f-d119-8f20ec27c96a">
      <Execution id="228ea491-b94b-4484-b67f-a585efc8d3bd" />
      <TestMethod codeBase="C:\Users\ericcarlson\Documents\GitHub\pickles\src\Pickles.TestFrameworks.UnitTests\bin\Debug\net6.0\PicklesDoc.Pickles.TestFrameworks.UnitTests.dll" adapterTypeName="executor://nunit3testexecutor/" className="PicklesDoc.Pickles.TestFrameworks.UnitTests.VsTest.WhenParsingVsTestResultsFileWithIndividualResults" name="ThenCanReadIndividualResultsFromScenarioOutline_MultipleExamplesWithDuplicateValues_ShouldMatchExamples" />
    </UnitTest>
    <UnitTest name="ThenCanResolveAsSingleton(&quot;results-example-mstest.trx&quot;,&quot;MsTest.results-example-mstest.trx&quot;,MsTest,PicklesDoc.Pickles.TestFrameworks.MsTest.MsTestResults)" storage="c:\users\ericcarlson\documents\github\pickles\src\pickles.testframeworks.unittests\bin\debug\net6.0\picklesdoc.pickles.testframeworks.unittests.dll" id="38e54b38-917c-5b2b-c952-bdf2eaa51d0c">
      <Execution id="6abe5ee1-462a-4666-93c4-a41995d5649a" />
      <TestMethod codeBase="C:\Users\ericcarlson\Documents\GitHub\pickles\src\Pickles.TestFrameworks.UnitTests\bin\Debug\net6.0\PicklesDoc.Pickles.TestFrameworks.UnitTests.dll" adapterTypeName="executor://nunit3testexecutor/" className="PicklesDoc.Pickles.TestFrameworks.UnitTests.WhenResolvingTestResults" name="ThenCanResolveAsSingleton(&quot;results-example-mstest.trx&quot;,&quot;MsTest.results-example-mstest.trx&quot;,MsTest,PicklesDoc.Pickles.TestFrameworks.MsTest.MsTestResults)" />
    </UnitTest>
    <UnitTest name="ThenCanResolve(&quot;results-example-vstest.trx&quot;,&quot;VsTest.results-example-vstest.trx&quot;,VsTest,PicklesDoc.Pickles.TestFrameworks.VsTest.VsTestResults)" storage="c:\users\ericcarlson\documents\github\pickles\src\pickles.testframeworks.unittests\bin\debug\net6.0\picklesdoc.pickles.testframeworks.unittests.dll" id="756b1026-c36e-4a38-c9bf-9c8381bc803a">
      <Execution id="48f21fb9-9d46-4437-ba95-e5eb3a16c025" />
      <TestMethod codeBase="C:\Users\ericcarlson\Documents\GitHub\pickles\src\Pickles.TestFrameworks.UnitTests\bin\Debug\net6.0\PicklesDoc.Pickles.TestFrameworks.UnitTests.dll" adapterTypeName="executor://nunit3testexecutor/" className="PicklesDoc.Pickles.TestFrameworks.UnitTests.WhenResolvingTestResults" name="ThenCanResolve(&quot;results-example-vstest.trx&quot;,&quot;VsTest.results-example-vstest.trx&quot;,VsTest,PicklesDoc.Pickles.TestFrameworks.VsTest.VsTestResults)" />
    </UnitTest>
    <UnitTest name="ThenCanSuccessfullyMatch" storage="c:\users\ericcarlson\documents\github\pickles\src\pickles.testframeworks.unittests\bin\debug\net6.0\picklesdoc.pickles.testframeworks.unittests.dll" id="c60ed206-bcf7-dc0f-cf55-94fdc287fbf9">
      <Execution id="863f9f1d-0e3f-4baf-8a43-25d46128e1bb" />
      <TestMethod codeBase="C:\Users\ericcarlson\Documents\GitHub\pickles\src\Pickles.TestFrameworks.UnitTests\bin\Debug\net6.0\PicklesDoc.Pickles.TestFrameworks.UnitTests.dll" adapterTypeName="executor://nunit3testexecutor/" className="PicklesDoc.Pickles.TestFrameworks.UnitTests.XUnit.XUnit1.WhenDeterminingTheSignatureOfAnXUnitExampleRow" name="ThenCanSuccessfullyMatch" />
    </UnitTest>
    <UnitTest name="ThenCanReadFeatureResultSuccessfully" storage="c:\users\ericcarlson\documents\github\pickles\src\pickles.testframeworks.unittests\bin\debug\net6.0\picklesdoc.pickles.testframeworks.unittests.dll" id="6cb01e3f-a03d-67b1-8f23-89bbdd8943a3">
      <Execution id="47c697ae-662e-4e7d-97a9-5f771a7d8506" />
      <TestMethod codeBase="C:\Users\ericcarlson\Documents\GitHub\pickles\src\Pickles.TestFrameworks.UnitTests\bin\Debug\net6.0\PicklesDoc.Pickles.TestFrameworks.UnitTests.dll" adapterTypeName="executor://nunit3testexecutor/" className="PicklesDoc.Pickles.TestFrameworks.UnitTests.NUnit.NUnit2.WhenParsingNUnitResultsFile" name="ThenCanReadFeatureResultSuccessfully" />
    </UnitTest>
    <UnitTest name="ThenCanReadFailedScenarioResultSuccessfully" storage="c:\users\ericcarlson\documents\github\pickles\src\pickles.testframeworks.unittests\bin\debug\net6.0\picklesdoc.pickles.testframeworks.unittests.dll" id="2919e6b2-199b-6849-cc30-63eff40ca1e9">
      <Execution id="dcbffe4a-1173-4b73-98aa-1c80f84904e4" />
      <TestMethod codeBase="C:\Users\ericcarlson\Documents\GitHub\pickles\src\Pickles.TestFrameworks.UnitTests\bin\Debug\net6.0\PicklesDoc.Pickles.TestFrameworks.UnitTests.dll" adapterTypeName="executor://nunit3testexecutor/" className="PicklesDoc.Pickles.TestFrameworks.UnitTests.VsTest.WhenParsingVsTestResultsFile" name="ThenCanReadFailedScenarioResultSuccessfully" />
    </UnitTest>
    <UnitTest name="ThenCanReadIndividualResultsFromScenarioOutline_MultipleNamedExamples_ShouldMatchExamples" storage="c:\users\ericcarlson\documents\github\pickles\src\pickles.testframeworks.unittests\bin\debug\net6.0\picklesdoc.pickles.testframeworks.unittests.dll" id="d350588b-1fce-1d28-5c54-f6126b74c227">
      <Execution id="4edb8b82-6731-426a-9089-68aee559dd2f" />
      <TestMethod codeBase="C:\Users\ericcarlson\Documents\GitHub\pickles\src\Pickles.TestFrameworks.UnitTests\bin\Debug\net6.0\PicklesDoc.Pickles.TestFrameworks.UnitTests.dll" adapterTypeName="executor://nunit3testexecutor/" className="PicklesDoc.Pickles.TestFrameworks.UnitTests.XUnit.XUnit2.WhenParsingXUnitResultsFileWithIndividualResults" name="ThenCanReadIndividualResultsFromScenarioOutline_MultipleNamedExamples_ShouldMatchExamples" />
    </UnitTest>
    <UnitTest name="ThenIgnoredScenarioIsSetToInconclusive" storage="c:\users\ericcarlson\documents\github\pickles\src\pickles.testframeworks.unittests\bin\debug\net6.0\picklesdoc.pickles.testframeworks.unittests.dll" id="731f5d07-dc75-9cda-bd6a-a157696b5258">
      <Execution id="af91ff93-9d23-48b5-b5b0-4155f8072a2b" />
      <TestMethod codeBase="C:\Users\ericcarlson\Documents\GitHub\pickles\src\Pickles.TestFrameworks.UnitTests\bin\Debug\net6.0\PicklesDoc.Pickles.TestFrameworks.UnitTests.dll" adapterTypeName="executor://nunit3testexecutor/" className="PicklesDoc.Pickles.TestFrameworks.UnitTests.MsTest.WhenParsingMsTestResultsFileWithIgnoredExample" name="ThenIgnoredScenarioIsSetToInconclusive" />
    </UnitTest>
    <UnitTest name="ThenCanReadResultOfScenarioWithFailingBackground" storage="c:\users\ericcarlson\documents\github\pickles\src\pickles.testframeworks.unittests\bin\debug\net6.0\picklesdoc.pickles.testframeworks.unittests.dll" id="1cb4c3cc-9e82-454c-91a1-b2116b3e1595">
      <Execution id="e31df9a3-cf7b-4327-a9d5-6a32a92ccbc5" />
      <TestMethod codeBase="C:\Users\ericcarlson\Documents\GitHub\pickles\src\Pickles.TestFrameworks.UnitTests\bin\Debug\net6.0\PicklesDoc.Pickles.TestFrameworks.UnitTests.dll" adapterTypeName="executor://nunit3testexecutor/" className="PicklesDoc.Pickles.TestFrameworks.UnitTests.XUnit.XUnit1.WhenParsingxUnitResultsFile" name="ThenCanReadResultOfScenarioWithFailingBackground" />
    </UnitTest>
    <UnitTest name="ThenCanReadSuccessfulScenarioResultSuccessfully" storage="c:\users\ericcarlson\documents\github\pickles\src\pickles.testframeworks.unittests\bin\debug\net6.0\picklesdoc.pickles.testframeworks.unittests.dll" id="06a88817-6ff8-d8d0-0cd7-9f4aa269e975">
      <Execution id="2a2959fd-48a0-4eb9-833c-5191a1b1f0f8" />
      <TestMethod codeBase="C:\Users\ericcarlson\Documents\GitHub\pickles\src\Pickles.TestFrameworks.UnitTests\bin\Debug\net6.0\PicklesDoc.Pickles.TestFrameworks.UnitTests.dll" adapterTypeName="executor://nunit3testexecutor/" className="PicklesDoc.Pickles.TestFrameworks.UnitTests.NUnit.NUnit3.WhenParsingNunit3ResultsFileForNunit2Tests" name="ThenCanReadSuccessfulScenarioResultSuccessfully" />
    </UnitTest>
    <UnitTest name="ThenCanReadResultsWithBackslashes" storage="c:\users\ericcarlson\documents\github\pickles\src\pickles.testframeworks.unittests\bin\debug\net6.0\picklesdoc.pickles.testframeworks.unittests.dll" id="eaaf3dd9-2849-68dd-8b63-3348a310054b">
      <Execution id="e7bec62f-e317-4b88-8df1-596700192a53" />
      <TestMethod codeBase="C:\Users\ericcarlson\Documents\GitHub\pickles\src\Pickles.TestFrameworks.UnitTests\bin\Debug\net6.0\PicklesDoc.Pickles.TestFrameworks.UnitTests.dll" adapterTypeName="executor://nunit3testexecutor/" className="PicklesDoc.Pickles.TestFrameworks.UnitTests.XUnit.XUnit1.WhenParsingxUnitResultsFile" name="ThenCanReadResultsWithBackslashes" />
    </UnitTest>
    <UnitTest name="ThenCanReadInconclusiveFeatureResultSuccessfully" storage="c:\users\ericcarlson\documents\github\pickles\src\pickles.testframeworks.unittests\bin\debug\net6.0\picklesdoc.pickles.testframeworks.unittests.dll" id="30c3cce2-7c89-bcba-f34c-cd4f8b59ce23">
      <Execution id="7deed7c9-82ef-43c5-a7f2-75fa3d6cef1b" />
      <TestMethod codeBase="C:\Users\ericcarlson\Documents\GitHub\pickles\src\Pickles.TestFrameworks.UnitTests\bin\Debug\net6.0\PicklesDoc.Pickles.TestFrameworks.UnitTests.dll" adapterTypeName="executor://nunit3testexecutor/" className="PicklesDoc.Pickles.TestFrameworks.UnitTests.VsTest.WhenParsingVsTestResultsFile" name="ThenCanReadInconclusiveFeatureResultSuccessfully" />
    </UnitTest>
    <UnitTest name="ThenCanReadResultOfScenarioOutlineExampleWithFailingBackground" storage="c:\users\ericcarlson\documents\github\pickles\src\pickles.testframeworks.unittests\bin\debug\net6.0\picklesdoc.pickles.testframeworks.unittests.dll" id="58f9e5ce-1bab-0c6b-1e0b-98e0a0083c94">
      <Execution id="9f36d1da-265c-4cd4-9a62-0836db56378b" />
      <TestMethod codeBase="C:\Users\ericcarlson\Documents\GitHub\pickles\src\Pickles.TestFrameworks.UnitTests\bin\Debug\net6.0\PicklesDoc.Pickles.TestFrameworks.UnitTests.dll" adapterTypeName="executor://nunit3testexecutor/" className="PicklesDoc.Pickles.TestFrameworks.UnitTests.CucumberJson.WhenParsingCucumberJsonFromJSResultsFile" name="ThenCanReadResultOfScenarioOutlineExampleWithFailingBackground" />
    </UnitTest>
    <UnitTest name="ThenCanReadResultsWithBackslashes" storage="c:\users\ericcarlson\documents\github\pickles\src\pickles.testframeworks.unittests\bin\debug\net6.0\picklesdoc.pickles.testframeworks.unittests.dll" id="0c0cf1bc-2dcb-ded4-066e-2e2566c6bb19">
      <Execution id="4f14dfe7-5c54-4add-8bdb-5c505478ebde" />
      <TestMethod codeBase="C:\Users\ericcarlson\Documents\GitHub\pickles\src\Pickles.TestFrameworks.UnitTests\bin\Debug\net6.0\PicklesDoc.Pickles.TestFrameworks.UnitTests.dll" adapterTypeName="executor://nunit3testexecutor/" className="PicklesDoc.Pickles.TestFrameworks.UnitTests.XUnit.XUnit2.WhenParsingxUnit2ResultsFile" name="ThenCanReadResultsWithBackslashes" />
    </UnitTest>
    <UnitTest name="ThenCanReadResultOfScenarioWithSpecialCharacters" storage="c:\users\ericcarlson\documents\github\pickles\src\pickles.testframeworks.unittests\bin\debug\net6.0\picklesdoc.pickles.testframeworks.unittests.dll" id="6e48abaa-e94e-4cb3-4e64-703c4702dc60">
      <Execution id="6c7d2c9a-2cb9-4021-a2c3-8aedd29377b5" />
      <TestMethod codeBase="C:\Users\ericcarlson\Documents\GitHub\pickles\src\Pickles.TestFrameworks.UnitTests\bin\Debug\net6.0\PicklesDoc.Pickles.TestFrameworks.UnitTests.dll" adapterTypeName="executor://nunit3testexecutor/" className="PicklesDoc.Pickles.TestFrameworks.UnitTests.NUnit.NUnit3.WhenParsingNunit3ResultsFileForNunit2Tests" name="ThenCanReadResultOfScenarioWithSpecialCharacters" />
    </UnitTest>
    <UnitTest name="ThenCanReadIndividualResultsFromScenarioOutline_ExamplesWithDuplicateValues_ShouldMatchExamples" storage="c:\users\ericcarlson\documents\github\pickles\src\pickles.testframeworks.unittests\bin\debug\net6.0\picklesdoc.pickles.testframeworks.unittests.dll" id="60f4f078-0154-b41b-3de6-b38d34b12689">
      <Execution id="8f86104b-d2d5-424a-a4d5-335a936457f7" />
      <TestMethod codeBase="C:\Users\ericcarlson\Documents\GitHub\pickles\src\Pickles.TestFrameworks.UnitTests\bin\Debug\net6.0\PicklesDoc.Pickles.TestFrameworks.UnitTests.dll" adapterTypeName="executor://nunit3testexecutor/" className="PicklesDoc.Pickles.TestFrameworks.UnitTests.XUnit.XUnit2.WhenParsingXUnitResultsFileWithIndividualResults" name="ThenCanReadIndividualResultsFromScenarioOutline_ExamplesWithDuplicateValues_ShouldMatchExamples" />
    </UnitTest>
    <UnitTest name="ThenCanReadIndividualResultsFromScenarioOutline_OneInconclusive_ShouldBeTestResultInconclusive" storage="c:\users\ericcarlson\documents\github\pickles\src\pickles.testframeworks.unittests\bin\debug\net6.0\picklesdoc.pickles.testframeworks.unittests.dll" id="dbf1db3e-c119-5966-af76-e8157d531ea2">
      <Execution id="d28f459f-2064-4d3c-86f9-f46a8c86db26" />
      <TestMethod codeBase="C:\Users\ericcarlson\Documents\GitHub\pickles\src\Pickles.TestFrameworks.UnitTests\bin\Debug\net6.0\PicklesDoc.Pickles.TestFrameworks.UnitTests.dll" adapterTypeName="executor://nunit3testexecutor/" className="PicklesDoc.Pickles.TestFrameworks.UnitTests.SpecRun.WhenParsingSpecRunTestResultsFileWithIndividualResults" name="ThenCanReadIndividualResultsFromScenarioOutline_OneInconclusive_ShouldBeTestResultInconclusive" />
    </UnitTest>
    <UnitTest name="ThenCanReadResultOfScenarioOutlineWithFailingBackground" storage="c:\users\ericcarlson\documents\github\pickles\src\pickles.testframeworks.unittests\bin\debug\net6.0\picklesdoc.pickles.testframeworks.unittests.dll" id="5202701f-df81-3f07-3fd3-41cc028b9321">
      <Execution id="241ad40b-5338-4f73-943e-93eb6034ae6a" />
      <TestMethod codeBase="C:\Users\ericcarlson\Documents\GitHub\pickles\src\Pickles.TestFrameworks.UnitTests\bin\Debug\net6.0\PicklesDoc.Pickles.TestFrameworks.UnitTests.dll" adapterTypeName="executor://nunit3testexecutor/" className="PicklesDoc.Pickles.TestFrameworks.UnitTests.CucumberJson.WhenParsingCucumberJsonFromJSResultsFile" name="ThenCanReadResultOfScenarioOutlineWithFailingBackground" />
    </UnitTest>
    <UnitTest name="ThenCanReadNotFoundFeatureCorrectly" storage="c:\users\ericcarlson\documents\github\pickles\src\pickles.testframeworks.unittests\bin\debug\net6.0\picklesdoc.pickles.testframeworks.unittests.dll" id="b326ef4c-7f50-dcc1-8e16-23f12d57cfac">
      <Execution id="862bd3c6-29b7-4682-8dcb-d7ddcdafb4c4" />
      <TestMethod codeBase="C:\Users\ericcarlson\Documents\GitHub\pickles\src\Pickles.TestFrameworks.UnitTests\bin\Debug\net6.0\PicklesDoc.Pickles.TestFrameworks.UnitTests.dll" adapterTypeName="executor://nunit3testexecutor/" className="PicklesDoc.Pickles.TestFrameworks.UnitTests.XUnit.XUnit2.WhenParsingxUnit2ResultsFile" name="ThenCanReadNotFoundFeatureCorrectly" />
    </UnitTest>
    <UnitTest name="ThenCanSuccessfullyMatchExamplesWithLongValues" storage="c:\users\ericcarlson\documents\github\pickles\src\pickles.testframeworks.unittests\bin\debug\net6.0\picklesdoc.pickles.testframeworks.unittests.dll" id="432777c4-85ce-08a8-7a5e-5d42b9d61e9b">
      <Execution id="e2d502cc-190c-4600-b8c0-a2fd1a84ebb0" />
      <TestMethod codeBase="C:\Users\ericcarlson\Documents\GitHub\pickles\src\Pickles.TestFrameworks.UnitTests\bin\Debug\net6.0\PicklesDoc.Pickles.TestFrameworks.UnitTests.dll" adapterTypeName="executor://nunit3testexecutor/" className="PicklesDoc.Pickles.TestFrameworks.UnitTests.XUnit.XUnit2.WhenDeterminingTheSignatureOfAnXUnit2ExampleRow" name="ThenCanSuccessfullyMatchExamplesWithLongValues" />
    </UnitTest>
    <UnitTest name="ThenCanReadNotFoundScenarioCorrectly" storage="c:\users\ericcarlson\documents\github\pickles\src\pickles.testframeworks.unittests\bin\debug\net6.0\picklesdoc.pickles.testframeworks.unittests.dll" id="25c1bea4-c0ff-d075-22a4-63b5c72151e9">
      <Execution id="f401e025-f3a8-4ce6-b6f9-17c8b96ec9dc" />
      <TestMethod codeBase="C:\Users\ericcarlson\Documents\GitHub\pickles\src\Pickles.TestFrameworks.UnitTests\bin\Debug\net6.0\PicklesDoc.Pickles.TestFrameworks.UnitTests.dll" adapterTypeName="executor://nunit3testexecutor/" className="PicklesDoc.Pickles.TestFrameworks.UnitTests.MsTest.WhenParsingMsTestResultsFile" name="ThenCanReadNotFoundScenarioCorrectly" />
    </UnitTest>
    <UnitTest name="ThenCanReadSuccessfulScenarioResultSuccessfully" storage="c:\users\ericcarlson\documents\github\pickles\src\pickles.testframeworks.unittests\bin\debug\net6.0\picklesdoc.pickles.testframeworks.unittests.dll" id="51b05b71-c723-8fd8-a294-f2801277fd50">
      <Execution id="6b6f6ff5-c45f-4b08-b7cc-9bf3e3891117" />
      <TestMethod codeBase="C:\Users\ericcarlson\Documents\GitHub\pickles\src\Pickles.TestFrameworks.UnitTests\bin\Debug\net6.0\PicklesDoc.Pickles.TestFrameworks.UnitTests.dll" adapterTypeName="executor://nunit3testexecutor/" className="PicklesDoc.Pickles.TestFrameworks.UnitTests.SpecRun.WhenParsingSpecRunTestResultsFile" name="ThenCanReadSuccessfulScenarioResultSuccessfully" />
    </UnitTest>
    <UnitTest name="ThenCanReadNotFoundFeatureCorrectly" storage="c:\users\ericcarlson\documents\github\pickles\src\pickles.testframeworks.unittests\bin\debug\net6.0\picklesdoc.pickles.testframeworks.unittests.dll" id="62779f41-de77-189d-2845-837ff5a12f04">
      <Execution id="fca0257f-07bf-4dea-80f9-e0f48a762b7b" />
      <TestMethod codeBase="C:\Users\ericcarlson\Documents\GitHub\pickles\src\Pickles.TestFrameworks.UnitTests\bin\Debug\net6.0\PicklesDoc.Pickles.TestFrameworks.UnitTests.dll" adapterTypeName="executor://nunit3testexecutor/" className="PicklesDoc.Pickles.TestFrameworks.UnitTests.CucumberJson.WhenParsingCucumberJsonFromRubyResultsFile" name="ThenCanReadNotFoundFeatureCorrectly" />
    </UnitTest>
    <UnitTest name="ThenCanReadIndividualResultsFromScenarioOutline_OneInconclusive_ShouldBeTestResultInconclusive" storage="c:\users\ericcarlson\documents\github\pickles\src\pickles.testframeworks.unittests\bin\debug\net6.0\picklesdoc.pickles.testframeworks.unittests.dll" id="004b9067-5a36-6ae9-8540-490519439bb2">
      <Execution id="76dc590e-a7af-4d65-bcb6-8b0355e74698" />
      <TestMethod codeBase="C:\Users\ericcarlson\Documents\GitHub\pickles\src\Pickles.TestFrameworks.UnitTests\bin\Debug\net6.0\PicklesDoc.Pickles.TestFrameworks.UnitTests.dll" adapterTypeName="executor://nunit3testexecutor/" className="PicklesDoc.Pickles.TestFrameworks.UnitTests.XUnit.XUnit2.WhenParsingXUnitResultsFileWithIndividualResults" name="ThenCanReadIndividualResultsFromScenarioOutline_OneInconclusive_ShouldBeTestResultInconclusive" />
    </UnitTest>
    <UnitTest name="ThenCanReadIgnoredScenarioResultSuccessfully" storage="c:\users\ericcarlson\documents\github\pickles\src\pickles.testframeworks.unittests\bin\debug\net6.0\picklesdoc.pickles.testframeworks.unittests.dll" id="a9afc403-29e6-88a4-c2af-4c0ff8d8a28b">
      <Execution id="021e528a-d153-4252-a471-ddd16b884e90" />
      <TestMethod codeBase="C:\Users\ericcarlson\Documents\GitHub\pickles\src\Pickles.TestFrameworks.UnitTests\bin\Debug\net6.0\PicklesDoc.Pickles.TestFrameworks.UnitTests.dll" adapterTypeName="executor://nunit3testexecutor/" className="PicklesDoc.Pickles.TestFrameworks.UnitTests.CucumberJson.WhenParsingCucumberJsonFromJSResultsFile" name="ThenCanReadIgnoredScenarioResultSuccessfully" />
    </UnitTest>
    <UnitTest name="ThenCanResolve(&quot;results-example-json.json&quot;,&quot;CucumberJson.results-example-json.json&quot;,CucumberJson,PicklesDoc.Pickles.TestFrameworks.CucumberJson.CucumberJsonResults)" storage="c:\users\ericcarlson\documents\github\pickles\src\pickles.testframeworks.unittests\bin\debug\net6.0\picklesdoc.pickles.testframeworks.unittests.dll" id="a7393586-64bb-69dc-eba3-1463201a4419">
      <Execution id="064e51c5-221e-488f-9b01-b25daaeddcd7" />
      <TestMethod codeBase="C:\Users\ericcarlson\Documents\GitHub\pickles\src\Pickles.TestFrameworks.UnitTests\bin\Debug\net6.0\PicklesDoc.Pickles.TestFrameworks.UnitTests.dll" adapterTypeName="executor://nunit3testexecutor/" className="PicklesDoc.Pickles.TestFrameworks.UnitTests.WhenResolvingTestResults" name="ThenCanResolve(&quot;results-example-json.json&quot;,&quot;CucumberJson.results-example-json.json&quot;,CucumberJson,PicklesDoc.Pickles.TestFrameworks.CucumberJson.CucumberJsonResults)" />
    </UnitTest>
    <UnitTest name="ThenCanReadResultOfScenarioOutlineWithUmlauts" storage="c:\users\ericcarlson\documents\github\pickles\src\pickles.testframeworks.unittests\bin\debug\net6.0\picklesdoc.pickles.testframeworks.unittests.dll" id="468fc6f1-090e-af4a-e3f5-89b42d48597a">
      <Execution id="376ffc42-93a6-4764-b7c4-2dc37e7c903d" />
      <TestMethod codeBase="C:\Users\ericcarlson\Documents\GitHub\pickles\src\Pickles.TestFrameworks.UnitTests\bin\Debug\net6.0\PicklesDoc.Pickles.TestFrameworks.UnitTests.dll" adapterTypeName="executor://nunit3testexecutor/" className="PicklesDoc.Pickles.TestFrameworks.UnitTests.MsTest.WhenParsingMsTestResultsFile" name="ThenCanReadResultOfScenarioOutlineWithUmlauts" />
    </UnitTest>
    <UnitTest name="ThenCanReadNotFoundScenarioCorrectly" storage="c:\users\ericcarlson\documents\github\pickles\src\pickles.testframeworks.unittests\bin\debug\net6.0\picklesdoc.pickles.testframeworks.unittests.dll" id="72f321e8-2790-5738-6c76-f3c93e06a4d9">
      <Execution id="a50016fa-19a3-4b42-8f80-71064d61c5f5" />
      <TestMethod codeBase="C:\Users\ericcarlson\Documents\GitHub\pickles\src\Pickles.TestFrameworks.UnitTests\bin\Debug\net6.0\PicklesDoc.Pickles.TestFrameworks.UnitTests.dll" adapterTypeName="executor://nunit3testexecutor/" className="PicklesDoc.Pickles.TestFrameworks.UnitTests.NUnit.NUnit3.WhenParsingNunit3ResultsFile" name="ThenCanReadNotFoundScenarioCorrectly" />
    </UnitTest>
    <UnitTest name="ThenCanReadIndividualResultsFromScenarioOutline_AllPass_ShouldBeTestResultPassed" storage="c:\users\ericcarlson\documents\github\pickles\src\pickles.testframeworks.unittests\bin\debug\net6.0\picklesdoc.pickles.testframeworks.unittests.dll" id="ec80a51d-21e0-d5fc-5b4e-aaa2b87640b8">
      <Execution id="b5f46d05-499e-44a1-a636-b162a913dd01" />
      <TestMethod codeBase="C:\Users\ericcarlson\Documents\GitHub\pickles\src\Pickles.TestFrameworks.UnitTests\bin\Debug\net6.0\PicklesDoc.Pickles.TestFrameworks.UnitTests.dll" adapterTypeName="executor://nunit3testexecutor/" className="PicklesDoc.Pickles.TestFrameworks.UnitTests.XUnit.XUnit2.WhenParsingXUnitResultsFileWithIndividualResults" name="ThenCanReadIndividualResultsFromScenarioOutline_AllPass_ShouldBeTestResultPassed" />
    </UnitTest>
    <UnitTest name="ThenCanReadResultsWithParenthesis" storage="c:\users\ericcarlson\documents\github\pickles\src\pickles.testframeworks.unittests\bin\debug\net6.0\picklesdoc.pickles.testframeworks.unittests.dll" id="9e40b804-42b0-5011-3b04-cc25d4d70de0">
      <Execution id="d90221c6-db98-473f-ac24-a0d2d3592cc5" />
      <TestMethod codeBase="C:\Users\ericcarlson\Documents\GitHub\pickles\src\Pickles.TestFrameworks.UnitTests\bin\Debug\net6.0\PicklesDoc.Pickles.TestFrameworks.UnitTests.dll" adapterTypeName="executor://nunit3testexecutor/" className="PicklesDoc.Pickles.TestFrameworks.UnitTests.CucumberJson.WhenParsingCucumberJsonFromRubyResultsFile" name="ThenCanReadResultsWithParenthesis" />
    </UnitTest>
    <UnitTest name="ThenCanReadBackgroundResultSuccessfully" storage="c:\users\ericcarlson\documents\github\pickles\src\pickles.testframeworks.unittests\bin\debug\net6.0\picklesdoc.pickles.testframeworks.unittests.dll" id="3363618d-ba10-7be9-e717-ba2f8beb1f14">
      <Execution id="7d305944-3160-441e-b28f-6ea96c47ce75" />
      <TestMethod codeBase="C:\Users\ericcarlson\Documents\GitHub\pickles\src\Pickles.TestFrameworks.UnitTests\bin\Debug\net6.0\PicklesDoc.Pickles.TestFrameworks.UnitTests.dll" adapterTypeName="executor://nunit3testexecutor/" className="PicklesDoc.Pickles.TestFrameworks.UnitTests.VsTest.WhenParsingVsTestResultsFile" name="ThenCanReadBackgroundResultSuccessfully" />
    </UnitTest>
    <UnitTest name="ThenCanSuccessfullyMatch" storage="c:\users\ericcarlson\documents\github\pickles\src\pickles.testframeworks.unittests\bin\debug\net6.0\picklesdoc.pickles.testframeworks.unittests.dll" id="ac03ec4c-67a9-1776-5723-d08e339146c5">
      <Execution id="51936245-5af1-4d76-9844-5db2a2d3484f" />
      <TestMethod codeBase="C:\Users\ericcarlson\Documents\GitHub\pickles\src\Pickles.TestFrameworks.UnitTests\bin\Debug\net6.0\PicklesDoc.Pickles.TestFrameworks.UnitTests.dll" adapterTypeName="executor://nunit3testexecutor/" className="PicklesDoc.Pickles.TestFrameworks.UnitTests.XUnit.XUnit2.WhenDeterminingTheSignatureOfAnXUnit2ExampleRow" name="ThenCanSuccessfullyMatch" />
    </UnitTest>
    <UnitTest name="ThenCanReadResultOfScenarioOutlineWithAmpersand" storage="c:\users\ericcarlson\documents\github\pickles\src\pickles.testframeworks.unittests\bin\debug\net6.0\picklesdoc.pickles.testframeworks.unittests.dll" id="8f0f2481-35fe-ae01-bfcb-690467c4a7bc">
      <Execution id="5574129e-bd23-447c-9bab-a3cfd7d1f43c" />
      <TestMethod codeBase="C:\Users\ericcarlson\Documents\GitHub\pickles\src\Pickles.TestFrameworks.UnitTests\bin\Debug\net6.0\PicklesDoc.Pickles.TestFrameworks.UnitTests.dll" adapterTypeName="executor://nunit3testexecutor/" className="PicklesDoc.Pickles.TestFrameworks.UnitTests.NUnit.NUnit2.WhenParsingNUnitResultsFile" name="ThenCanReadResultOfScenarioOutlineWithAmpersand" />
    </UnitTest>
    <UnitTest name="ThenCanReadResultOfScenarioOutlineWithUmlauts" storage="c:\users\ericcarlson\documents\github\pickles\src\pickles.testframeworks.unittests\bin\debug\net6.0\picklesdoc.pickles.testframeworks.unittests.dll" id="1c544035-38ea-054f-e87c-73d6a628523a">
      <Execution id="ba4c6b6d-e74b-44d9-80aa-b44ac1281414" />
      <TestMethod codeBase="C:\Users\ericcarlson\Documents\GitHub\pickles\src\Pickles.TestFrameworks.UnitTests\bin\Debug\net6.0\PicklesDoc.Pickles.TestFrameworks.UnitTests.dll" adapterTypeName="executor://nunit3testexecutor/" className="PicklesDoc.Pickles.TestFrameworks.UnitTests.NUnit.NUnit3.WhenParsingNunit3ResultsFile" name="ThenCanReadResultOfScenarioOutlineWithUmlauts" />
    </UnitTest>
    <UnitTest name="ThenCanReadResultOfScenarioWithSpecialCharacters" storage="c:\users\ericcarlson\documents\github\pickles\src\pickles.testframeworks.unittests\bin\debug\net6.0\picklesdoc.pickles.testframeworks.unittests.dll" id="dc712ba9-82f8-4816-135c-198a6c843205">
      <Execution id="1aa48c7b-45e7-4df8-a729-8c190558ab98" />
      <TestMethod codeBase="C:\Users\ericcarlson\Documents\GitHub\pickles\src\Pickles.TestFrameworks.UnitTests\bin\Debug\net6.0\PicklesDoc.Pickles.TestFrameworks.UnitTests.dll" adapterTypeName="executor://nunit3testexecutor/" className="PicklesDoc.Pickles.TestFrameworks.UnitTests.XUnit.XUnit1.WhenParsingxUnitResultsFile" name="ThenCanReadResultOfScenarioWithSpecialCharacters" />
    </UnitTest>
    <UnitTest name="ThenCanReadInconclusiveFeatureResultSuccessfully" storage="c:\users\ericcarlson\documents\github\pickles\src\pickles.testframeworks.unittests\bin\debug\net6.0\picklesdoc.pickles.testframeworks.unittests.dll" id="78a4d834-d8c9-b5a6-8099-63f422dfe326">
      <Execution id="1926567f-53b3-4db6-89f3-6caa6e5aa8ba" />
      <TestMethod codeBase="C:\Users\ericcarlson\Documents\GitHub\pickles\src\Pickles.TestFrameworks.UnitTests\bin\Debug\net6.0\PicklesDoc.Pickles.TestFrameworks.UnitTests.dll" adapterTypeName="executor://nunit3testexecutor/" className="PicklesDoc.Pickles.TestFrameworks.UnitTests.SpecRun.WhenParsingSpecRunTestResultsFile" name="ThenCanReadInconclusiveFeatureResultSuccessfully" />
    </UnitTest>
    <UnitTest name="ThenCanReadIndividualResultsFromScenarioOutline_AllPass_ShouldBeTestResultPassed" storage="c:\users\ericcarlson\documents\github\pickles\src\pickles.testframeworks.unittests\bin\debug\net6.0\picklesdoc.pickles.testframeworks.unittests.dll" id="bd707b6d-52c2-46b2-18db-713a0a8d72d0">
      <Execution id="df35b32d-38b7-488d-b3b9-9c637df33fb1" />
      <TestMethod codeBase="C:\Users\ericcarlson\Documents\GitHub\pickles\src\Pickles.TestFrameworks.UnitTests\bin\Debug\net6.0\PicklesDoc.Pickles.TestFrameworks.UnitTests.dll" adapterTypeName="executor://nunit3testexecutor/" className="PicklesDoc.Pickles.TestFrameworks.UnitTests.NUnit.NUnit3.WhenParsingNUnitResultsFileWithIndividualResults" name="ThenCanReadIndividualResultsFromScenarioOutline_AllPass_ShouldBeTestResultPassed" />
    </UnitTest>
    <UnitTest name="ThenCanReadIndividualResultsFromScenarioOutline_MultipleExampleSections_ShouldBeTestResultFailed" storage="c:\users\ericcarlson\documents\github\pickles\src\pickles.testframeworks.unittests\bin\debug\net6.0\picklesdoc.pickles.testframeworks.unittests.dll" id="e64bca34-3589-7be5-702b-1f171a1b0f81">
      <Execution id="f85454b9-467f-4c5b-8d9a-4624addafba9" />
      <TestMethod codeBase="C:\Users\ericcarlson\Documents\GitHub\pickles\src\Pickles.TestFrameworks.UnitTests\bin\Debug\net6.0\PicklesDoc.Pickles.TestFrameworks.UnitTests.dll" adapterTypeName="executor://nunit3testexecutor/" className="PicklesDoc.Pickles.TestFrameworks.UnitTests.XUnit.XUnit2.WhenParsingXUnitResultsFileWithIndividualResults" name="ThenCanReadIndividualResultsFromScenarioOutline_MultipleExampleSections_ShouldBeTestResultFailed" />
    </UnitTest>
    <UnitTest name="ThenCanReadResultOfScenarioOutlineWithFailingBackground" storage="c:\users\ericcarlson\documents\github\pickles\src\pickles.testframeworks.unittests\bin\debug\net6.0\picklesdoc.pickles.testframeworks.unittests.dll" id="4bfa13d1-17a0-4954-0e3e-a26d2de2fb23">
      <Execution id="c3b2a66e-bc19-401c-a4b1-55bd7a8118fd" />
      <TestMethod codeBase="C:\Users\ericcarlson\Documents\GitHub\pickles\src\Pickles.TestFrameworks.UnitTests\bin\Debug\net6.0\PicklesDoc.Pickles.TestFrameworks.UnitTests.dll" adapterTypeName="executor://nunit3testexecutor/" className="PicklesDoc.Pickles.TestFrameworks.UnitTests.XUnit.XUnit1.WhenParsingxUnitResultsFile" name="ThenCanReadResultOfScenarioOutlineWithFailingBackground" />
    </UnitTest>
    <UnitTest name="ThenCanReadResultsWithBackslashes" storage="c:\users\ericcarlson\documents\github\pickles\src\pickles.testframeworks.unittests\bin\debug\net6.0\picklesdoc.pickles.testframeworks.unittests.dll" id="66978603-05d4-2099-985f-ef7844bf2b32">
      <Execution id="383b606e-9a93-4334-8885-8a8998f27a26" />
      <TestMethod codeBase="C:\Users\ericcarlson\Documents\GitHub\pickles\src\Pickles.TestFrameworks.UnitTests\bin\Debug\net6.0\PicklesDoc.Pickles.TestFrameworks.UnitTests.dll" adapterTypeName="executor://nunit3testexecutor/" className="PicklesDoc.Pickles.TestFrameworks.UnitTests.VsTest.WhenParsingVsTestResultsFile" name="ThenCanReadResultsWithBackslashes" />
    </UnitTest>
    <UnitTest name="ThenCanReadResultOfScenarioOutlineWithFailingBackground" storage="c:\users\ericcarlson\documents\github\pickles\src\pickles.testframeworks.unittests\bin\debug\net6.0\picklesdoc.pickles.testframeworks.unittests.dll" id="1427994f-dfc2-3b8f-5f19-9134cfec26f2">
      <Execution id="c56fb083-a473-4fe8-bf36-de3f296717dd" />
      <TestMethod codeBase="C:\Users\ericcarlson\Documents\GitHub\pickles\src\Pickles.TestFrameworks.UnitTests\bin\Debug\net6.0\PicklesDoc.Pickles.TestFrameworks.UnitTests.dll" adapterTypeName="executor://nunit3testexecutor/" className="PicklesDoc.Pickles.TestFrameworks.UnitTests.XUnit.XUnit2.WhenParsingxUnit2ResultsFile" name="ThenCanReadResultOfScenarioOutlineWithFailingBackground" />
    </UnitTest>
    <UnitTest name="RegularExpressionAsExampleContentMatches_With_Curly_Braces" storage="c:\users\ericcarlson\documents\github\pickles\src\pickles.testframeworks.unittests\bin\debug\net6.0\picklesdoc.pickles.testframeworks.unittests.dll" id="7003fa29-5d8b-f503-a549-5fe616789c37">
      <Execution id="00899957-dc7e-4995-acea-404befb55d6a" />
      <TestMethod codeBase="C:\Users\ericcarlson\Documents\GitHub\pickles\src\Pickles.TestFrameworks.UnitTests\bin\Debug\net6.0\PicklesDoc.Pickles.TestFrameworks.UnitTests.dll" adapterTypeName="executor://nunit3testexecutor/" className="PicklesDoc.Pickles.TestFrameworks.UnitTests.XUnit.XUnit2.WhenDeterminingTheSignatureOfAnXUnit2ExampleRow" name="RegularExpressionAsExampleContentMatches_With_Curly_Braces" />
    </UnitTest>
  </TestDefinitions>
  <TestEntries>
    <TestEntry testId="6d53e524-577b-617b-04c0-cc99f9396f86" executionId="bdaa3343-1629-43ff-9e62-ded995a45b1a" testListId="8c84fa94-04c1-424b-9868-57a2d4851a1d" />
    <TestEntry testId="5f02bd55-47a0-e81d-b9df-6ab6392dc956" executionId="96ea00ae-4ea7-4ebe-a3e8-b1b338ba3711" testListId="8c84fa94-04c1-424b-9868-57a2d4851a1d" />
    <TestEntry testId="4daa0264-d422-7a85-989e-1ae9e712a1eb" executionId="44660858-151c-4b42-b6d2-d86c8294249f" testListId="8c84fa94-04c1-424b-9868-57a2d4851a1d" />
    <TestEntry testId="74b4106b-4b89-70e5-ec6d-b53991f24ded" executionId="df05e27e-93f5-4ef2-a0c9-409e3f1c6bf9" testListId="8c84fa94-04c1-424b-9868-57a2d4851a1d" />
    <TestEntry testId="877ca2ae-a522-d5d7-2fd9-a3dd2ef9b711" executionId="adf22563-b5f7-4a50-9edd-62413f3dced0" testListId="8c84fa94-04c1-424b-9868-57a2d4851a1d" />
    <TestEntry testId="5dcd44f1-cbb8-8d6b-534f-9d513b76d8e6" executionId="334d9fc1-62bd-4dca-bb6f-ad2e5aec7664" testListId="8c84fa94-04c1-424b-9868-57a2d4851a1d" />
    <TestEntry testId="b6b4e5c5-badb-9c66-8425-431f3f703e83" executionId="28237996-fde4-4a03-8940-16f0fd37cb85" testListId="8c84fa94-04c1-424b-9868-57a2d4851a1d" />
    <TestEntry testId="37561f65-3332-c899-f5ae-4fb0281f2762" executionId="b95391a6-85e1-4acd-aa3a-7aace6103685" testListId="8c84fa94-04c1-424b-9868-57a2d4851a1d" />
    <TestEntry testId="2b2c3e93-fce0-8fb6-cf91-4df9fcc9f54b" executionId="cff9f9c2-b0e3-4c4b-a279-df0acf6a9298" testListId="8c84fa94-04c1-424b-9868-57a2d4851a1d" />
    <TestEntry testId="84ecda38-a103-69a6-dbd6-ef8eb51c722d" executionId="8e4dcd71-4580-4cea-b8b5-afcc1f28dd6c" testListId="8c84fa94-04c1-424b-9868-57a2d4851a1d" />
    <TestEntry testId="286050a7-100a-f742-a554-97960a8416b4" executionId="ea1a20e0-a2dc-4698-83bf-b6404fac915a" testListId="8c84fa94-04c1-424b-9868-57a2d4851a1d" />
    <TestEntry testId="d0bc7ea5-e2a0-6790-9331-20e93b51d0a9" executionId="19e4a7f4-530c-4eef-bdb6-fea19df8dc65" testListId="8c84fa94-04c1-424b-9868-57a2d4851a1d" />
    <TestEntry testId="2a27032e-00ea-3b79-aa12-bae663492183" executionId="c82b2c4d-aa6e-43b3-9275-2241a0ab21af" testListId="8c84fa94-04c1-424b-9868-57a2d4851a1d" />
    <TestEntry testId="58f9e5ce-1bab-0c6b-1e0b-98e0a0083c94" executionId="9f36d1da-265c-4cd4-9a62-0836db56378b" testListId="8c84fa94-04c1-424b-9868-57a2d4851a1d" />
    <TestEntry testId="98025163-67c4-34a3-d0e7-9dbdb150f12f" executionId="77f8bdb4-e0dc-453b-9eb8-dc3a75adab8a" testListId="8c84fa94-04c1-424b-9868-57a2d4851a1d" />
    <TestEntry testId="0be35ca5-d72a-7b15-1c8a-f42c97327233" executionId="f98e51cc-24ae-47e5-ad31-6099cdfb9f4a" testListId="8c84fa94-04c1-424b-9868-57a2d4851a1d" />
    <TestEntry testId="1cb4c3cc-9e82-454c-91a1-b2116b3e1595" executionId="e31df9a3-cf7b-4327-a9d5-6a32a92ccbc5" testListId="8c84fa94-04c1-424b-9868-57a2d4851a1d" />
    <TestEntry testId="33f1da4b-412f-f4c7-12b2-2ccec879b8cc" executionId="a792642e-ba3b-4745-a2f3-cbe56d591ac8" testListId="8c84fa94-04c1-424b-9868-57a2d4851a1d" />
    <TestEntry testId="6bd493a3-ac41-907d-ed2a-363507596529" executionId="f289c31c-fa92-4bcb-bc26-f5dc1e6c4b3a" testListId="8c84fa94-04c1-424b-9868-57a2d4851a1d" />
    <TestEntry testId="95936557-3c3b-a0be-ca02-74d60844464c" executionId="b2046e67-eef6-4cd8-bf70-b326d93cdd9b" testListId="8c84fa94-04c1-424b-9868-57a2d4851a1d" />
    <TestEntry testId="dc712ba9-82f8-4816-135c-198a6c843205" executionId="1aa48c7b-45e7-4df8-a729-8c190558ab98" testListId="8c84fa94-04c1-424b-9868-57a2d4851a1d" />
    <TestEntry testId="c437592f-ad90-49b0-0c63-3ab7616bb2a4" executionId="fa980d38-2a8a-4a93-9e0f-2e76bba41ef2" testListId="8c84fa94-04c1-424b-9868-57a2d4851a1d" />
    <TestEntry testId="5c207727-4ce6-c546-30ce-9e08049db82c" executionId="548c8a6e-c778-4fe4-9d9a-75094dd4ebe1" testListId="8c84fa94-04c1-424b-9868-57a2d4851a1d" />
    <TestEntry testId="443d82e7-b131-4eab-c0c2-77bcf8c78c0e" executionId="6f90fc00-10bb-4fc3-b8d5-c20039ba6a90" testListId="8c84fa94-04c1-424b-9868-57a2d4851a1d" />
    <TestEntry testId="349afda0-a849-d994-1cb5-43ab74afdf0c" executionId="0b7bd4df-f479-4358-8cb3-1b30bec30dd3" testListId="8c84fa94-04c1-424b-9868-57a2d4851a1d" />
    <TestEntry testId="82d58c85-8bb5-21d8-f720-e76e5b78cc40" executionId="0cda681c-0ffb-4085-8545-70761eb6bc06" testListId="8c84fa94-04c1-424b-9868-57a2d4851a1d" />
    <TestEntry testId="d09ead03-57a4-a7c5-33ac-18bdf2ed785e" executionId="29f16d23-929a-4271-8250-db6d88c6556e" testListId="8c84fa94-04c1-424b-9868-57a2d4851a1d" />
    <TestEntry testId="8d94802d-53d7-d3b2-047f-ec9d0a5e3623" executionId="4a767b54-5f09-4ff5-9304-5f2a045cc6dc" testListId="8c84fa94-04c1-424b-9868-57a2d4851a1d" />
    <TestEntry testId="249eb19e-fedc-463a-7645-04bc4a4b0dd3" executionId="2c95aa24-7e35-4738-bb4d-e2e56c411cb7" testListId="8c84fa94-04c1-424b-9868-57a2d4851a1d" />
    <TestEntry testId="e42f56d1-0116-4ec2-39ce-514840e88883" executionId="379a6f44-fdf7-4e39-b94d-4416b44acf8d" testListId="8c84fa94-04c1-424b-9868-57a2d4851a1d" />
    <TestEntry testId="ff3d2d05-1397-0038-c496-c12b7435aaee" executionId="284f7fc0-096b-4cbf-b634-646619d96b62" testListId="8c84fa94-04c1-424b-9868-57a2d4851a1d" />
    <TestEntry testId="a7365563-432a-a490-6278-92d0ebb084fc" executionId="642fa28d-e77d-42d9-b916-831bfa0fb216" testListId="8c84fa94-04c1-424b-9868-57a2d4851a1d" />
    <TestEntry testId="95a5821f-1395-86bd-c7b5-2db60e40402a" executionId="3eb555dd-06ff-4c15-b0a9-abaadbb3d674" testListId="8c84fa94-04c1-424b-9868-57a2d4851a1d" />
    <TestEntry testId="654eaa9a-fb20-1f7a-8fb7-20107e7e962f" executionId="e5b8282d-ad4a-482f-9a00-4273dbeffca2" testListId="8c84fa94-04c1-424b-9868-57a2d4851a1d" />
    <TestEntry testId="32e9b154-88f8-7f55-059c-e846ef3efc38" executionId="e5484053-6de1-46b2-8310-43cbfbec0529" testListId="8c84fa94-04c1-424b-9868-57a2d4851a1d" />
    <TestEntry testId="731f5d07-dc75-9cda-bd6a-a157696b5258" executionId="af91ff93-9d23-48b5-b5b0-4155f8072a2b" testListId="8c84fa94-04c1-424b-9868-57a2d4851a1d" />
    <TestEntry testId="2d61dcee-0012-4326-757b-21eec977f81e" executionId="72499efe-85de-458f-bfd7-4b72638de32e" testListId="8c84fa94-04c1-424b-9868-57a2d4851a1d" />
    <TestEntry testId="480a0e18-f143-bc50-4b24-c10a44209bde" executionId="1d456410-0836-4385-8023-dc17651d06da" testListId="8c84fa94-04c1-424b-9868-57a2d4851a1d" />
    <TestEntry testId="0fb4b634-81ad-43fa-a70e-b06cb2c289b2" executionId="8490771b-2251-4ee4-b05a-8461d76b3002" testListId="8c84fa94-04c1-424b-9868-57a2d4851a1d" />
    <TestEntry testId="a345261d-59be-f694-1a7a-ca5ce2d2d4c4" executionId="78a18889-1a0f-45d6-b9d6-2be8f141b6cb" testListId="8c84fa94-04c1-424b-9868-57a2d4851a1d" />
    <TestEntry testId="a24366aa-9e79-801f-e1af-8419027c8a13" executionId="7e793d06-4747-4f34-8438-df9e37036c16" testListId="8c84fa94-04c1-424b-9868-57a2d4851a1d" />
    <TestEntry testId="1c544035-38ea-054f-e87c-73d6a628523a" executionId="ba4c6b6d-e74b-44d9-80aa-b44ac1281414" testListId="8c84fa94-04c1-424b-9868-57a2d4851a1d" />
    <TestEntry testId="ded252ea-8f84-3526-fab0-59d3517f77f7" executionId="4e6aa844-bc74-485d-be08-4c0875f33206" testListId="8c84fa94-04c1-424b-9868-57a2d4851a1d" />
    <TestEntry testId="2f1248d0-a771-9597-d90a-fb612873ab24" executionId="c3108cfd-b5b1-4b87-a659-353e662346a9" testListId="8c84fa94-04c1-424b-9868-57a2d4851a1d" />
    <TestEntry testId="5dfc668d-d86b-26a4-226b-e2a6e77eef12" executionId="49422e31-5ffd-461e-a4c4-c3b10d507b58" testListId="8c84fa94-04c1-424b-9868-57a2d4851a1d" />
    <TestEntry testId="787e4f4b-a6f8-e61e-60f5-7ef57c15df22" executionId="b2dc2b1f-28bb-41c2-8c07-6e3a11e2426d" testListId="8c84fa94-04c1-424b-9868-57a2d4851a1d" />
    <TestEntry testId="39588d47-2e56-432b-359a-0110f3e63f57" executionId="e9296845-5158-44ee-adc3-98ecd40bf8cb" testListId="8c84fa94-04c1-424b-9868-57a2d4851a1d" />
    <TestEntry testId="dd0a53f6-9608-d074-ec6b-1fd826ef275e" executionId="4b431f9b-53de-4d45-86f6-9c6b7178b913" testListId="8c84fa94-04c1-424b-9868-57a2d4851a1d" />
    <TestEntry testId="174b6e17-833b-348f-bc26-a67a058e5e9c" executionId="9b6f654e-494e-438c-92ea-b14ad3a6c576" testListId="8c84fa94-04c1-424b-9868-57a2d4851a1d" />
    <TestEntry testId="51b33863-1938-707d-697f-94c37596fd6d" executionId="80ed1b6f-a8ae-4a4f-90a3-038e35e943ca" testListId="8c84fa94-04c1-424b-9868-57a2d4851a1d" />
    <TestEntry testId="10cbd16f-822a-fdd7-e8ae-fa1a3eaa3761" executionId="3e7b7d0d-c0dd-4b73-8bc2-713fccd44c7e" testListId="8c84fa94-04c1-424b-9868-57a2d4851a1d" />
    <TestEntry testId="906d5dad-24a2-c194-0157-f7aa409300ef" executionId="50035cab-6fe2-4eef-b85d-91bb4fd49a05" testListId="8c84fa94-04c1-424b-9868-57a2d4851a1d" />
    <TestEntry testId="51b05b71-c723-8fd8-a294-f2801277fd50" executionId="6b6f6ff5-c45f-4b08-b7cc-9bf3e3891117" testListId="8c84fa94-04c1-424b-9868-57a2d4851a1d" />
    <TestEntry testId="c50cc28e-ba3b-5d96-dbce-01f62e4d3c72" executionId="af6ee00a-94a8-4648-a3de-f1e32ab40682" testListId="8c84fa94-04c1-424b-9868-57a2d4851a1d" />
    <TestEntry testId="39ac623f-fdf7-17f3-6ce0-9e1b4bfb7236" executionId="f5030c4d-aa3e-4d4d-a48b-3cf3c4457f8a" testListId="8c84fa94-04c1-424b-9868-57a2d4851a1d" />
    <TestEntry testId="7590abfc-e3f9-c5c4-d7ce-a5409c12a2d1" executionId="ae2037d0-790d-4fc2-83f7-e1808e6d1e95" testListId="8c84fa94-04c1-424b-9868-57a2d4851a1d" />
    <TestEntry testId="3f5c3338-429f-c1bb-e1a8-d8bab8ab3016" executionId="9b234856-50b2-4790-ad5a-d59aa08251ac" testListId="8c84fa94-04c1-424b-9868-57a2d4851a1d" />
    <TestEntry testId="1fd45540-89f6-40d1-32d1-2043299aad61" executionId="b3d6fee9-aeab-4c7c-9290-03d3ec1fee23" testListId="8c84fa94-04c1-424b-9868-57a2d4851a1d" />
    <TestEntry testId="75f81ce1-0b2c-cf84-fe16-219224722139" executionId="c2b3e561-167f-4ef2-bcdf-19fe05160b60" testListId="8c84fa94-04c1-424b-9868-57a2d4851a1d" />
    <TestEntry testId="273b19f2-bc2e-0fff-03d9-8e3fde4e1105" executionId="fbd019fc-3e63-4457-b31c-bcec32253d85" testListId="8c84fa94-04c1-424b-9868-57a2d4851a1d" />
    <TestEntry testId="1fdd6646-6375-970a-197e-20c3648dadc9" executionId="31b61a28-378f-44b8-8725-3b22b2330b72" testListId="8c84fa94-04c1-424b-9868-57a2d4851a1d" />
    <TestEntry testId="c5348a36-5365-9e63-699c-dd523aa894a2" executionId="4e360723-a2d9-448a-abaa-906d995388d8" testListId="8c84fa94-04c1-424b-9868-57a2d4851a1d" />
    <TestEntry testId="c878e9ba-46bf-00b5-a8be-a988ac37f973" executionId="8740ccaf-3fa7-484e-a4be-8355ddd077e6" testListId="8c84fa94-04c1-424b-9868-57a2d4851a1d" />
    <TestEntry testId="11a87397-1757-077d-c7e6-d2ba1dcbdd5b" executionId="281f9efc-8f14-437e-ae32-e16f77d8fbe5" testListId="8c84fa94-04c1-424b-9868-57a2d4851a1d" />
    <TestEntry testId="7003fa29-5d8b-f503-a549-5fe616789c37" executionId="00899957-dc7e-4995-acea-404befb55d6a" testListId="8c84fa94-04c1-424b-9868-57a2d4851a1d" />
    <TestEntry testId="c2c6b748-9b14-6f0a-0f8d-8c173d1905eb" executionId="8f640f4d-0fff-457f-9e33-9fe0a89c11f3" testListId="8c84fa94-04c1-424b-9868-57a2d4851a1d" />
    <TestEntry testId="3aa1d18f-f8de-dbde-ff88-7a89e4d8499f" executionId="9a00e10c-e603-42d2-befb-ed5e438e702b" testListId="8c84fa94-04c1-424b-9868-57a2d4851a1d" />
    <TestEntry testId="661b4fd7-8a74-3489-35c5-59457dbca55e" executionId="d3a4176f-7740-4ac2-8be6-f289ce629cc4" testListId="8c84fa94-04c1-424b-9868-57a2d4851a1d" />
    <TestEntry testId="e64bca34-3589-7be5-702b-1f171a1b0f81" executionId="f85454b9-467f-4c5b-8d9a-4624addafba9" testListId="8c84fa94-04c1-424b-9868-57a2d4851a1d" />
    <TestEntry testId="2d1b5a90-7f10-fbfd-da30-c50a58b8259b" executionId="6578184b-8fcb-49d9-87e6-6a742fecf028" testListId="8c84fa94-04c1-424b-9868-57a2d4851a1d" />
    <TestEntry testId="2919e6b2-199b-6849-cc30-63eff40ca1e9" executionId="dcbffe4a-1173-4b73-98aa-1c80f84904e4" testListId="8c84fa94-04c1-424b-9868-57a2d4851a1d" />
    <TestEntry testId="8efb377e-4b03-38b4-bd1f-fee940d3e651" executionId="287bb293-179e-43ae-801e-96e9e115faee" testListId="8c84fa94-04c1-424b-9868-57a2d4851a1d" />
    <TestEntry testId="d38f3350-2c4c-d044-aa67-55d99697e67a" executionId="5378dbcc-867c-4005-85a0-9034a049356d" testListId="8c84fa94-04c1-424b-9868-57a2d4851a1d" />
    <TestEntry testId="9a8b25bf-7a36-53ce-c4e8-c6d59d1e4d9b" executionId="cd833f55-c022-4ae1-8767-9cc72c96fe9a" testListId="8c84fa94-04c1-424b-9868-57a2d4851a1d" />
    <TestEntry testId="e1e175ed-feba-4c6f-4525-385ac52e4ff1" executionId="a8231db7-4da8-4cf3-a637-7a261c9d37b0" testListId="8c84fa94-04c1-424b-9868-57a2d4851a1d" />
    <TestEntry testId="62d8a504-87cb-5ba7-c255-1d3c38bd41a0" executionId="49cd31b5-9d10-499d-98a1-95de21e2034b" testListId="8c84fa94-04c1-424b-9868-57a2d4851a1d" />
    <TestEntry testId="d7f6d945-38ba-f308-695a-8462453f5d48" executionId="e37e5267-ba3b-4a75-a4a7-5dd6bb911dc1" testListId="8c84fa94-04c1-424b-9868-57a2d4851a1d" />
    <TestEntry testId="eaddf983-315a-e36c-c3b9-c9529d03d71a" executionId="64e21262-5091-4cbe-97ee-9ada1d422500" testListId="8c84fa94-04c1-424b-9868-57a2d4851a1d" />
    <TestEntry testId="d8c07703-c6ba-2990-8554-e0597fbd2a9a" executionId="19fe6fd0-0489-4e52-beec-1ebf5c1ccd3e" testListId="8c84fa94-04c1-424b-9868-57a2d4851a1d" />
    <TestEntry testId="756b1026-c36e-4a38-c9bf-9c8381bc803a" executionId="48f21fb9-9d46-4437-ba95-e5eb3a16c025" testListId="8c84fa94-04c1-424b-9868-57a2d4851a1d" />
    <TestEntry testId="66978603-05d4-2099-985f-ef7844bf2b32" executionId="383b606e-9a93-4334-8885-8a8998f27a26" testListId="8c84fa94-04c1-424b-9868-57a2d4851a1d" />
    <TestEntry testId="de18a748-0d83-3063-60c5-28a7e3807695" executionId="e6688ebd-cd87-4bcc-970e-4e0854d579fa" testListId="8c84fa94-04c1-424b-9868-57a2d4851a1d" />
    <TestEntry testId="9553bcf1-c46a-a9e1-ecea-160af9ebe5b9" executionId="333af08d-35f7-48f8-a163-f07eaf62d012" testListId="8c84fa94-04c1-424b-9868-57a2d4851a1d" />
    <TestEntry testId="40fd2da8-e1b0-4d77-57fd-878737b69c52" executionId="4fbf4dda-8ea4-45e5-86fa-a9652a22d724" testListId="8c84fa94-04c1-424b-9868-57a2d4851a1d" />
    <TestEntry testId="66e03bc3-9a1a-bb82-873e-d256b3c27477" executionId="11b282c4-6f2f-4fac-9771-5d2c3ba77c41" testListId="8c84fa94-04c1-424b-9868-57a2d4851a1d" />
    <TestEntry testId="47086e35-06f3-bc27-02fb-3f657d13b0a3" executionId="9c523c5c-6367-4dc6-bf80-17339ace1891" testListId="8c84fa94-04c1-424b-9868-57a2d4851a1d" />
    <TestEntry testId="e41e37c8-c167-4d5a-947f-916a5e4f0a98" executionId="7dd2ab92-957f-45d9-aa35-50003c72c8e3" testListId="8c84fa94-04c1-424b-9868-57a2d4851a1d" />
    <TestEntry testId="179cc0df-2279-559c-aebb-9ee7ba5aaaf0" executionId="62f590b9-b639-472a-8f66-1d3e56a279c1" testListId="8c84fa94-04c1-424b-9868-57a2d4851a1d" />
    <TestEntry testId="eee8715c-d733-130b-cc22-7b1892f2f926" executionId="96c4b157-8b06-4a38-891c-ae95032892b4" testListId="8c84fa94-04c1-424b-9868-57a2d4851a1d" />
    <TestEntry testId="6ee23e15-5212-e5e6-0d67-3661442b479b" executionId="e108f427-55f5-48a0-a738-2b8a94a2a2f6" testListId="8c84fa94-04c1-424b-9868-57a2d4851a1d" />
    <TestEntry testId="4c3f6b35-48a0-d207-99c1-65bbc2fa071b" executionId="9e687824-5118-47bf-9616-da1fe34e3a59" testListId="8c84fa94-04c1-424b-9868-57a2d4851a1d" />
    <TestEntry testId="1ab3cefc-49c6-5a53-95db-2b52b6f9c551" executionId="cda177c0-b95a-422b-bebc-9304404b08f3" testListId="8c84fa94-04c1-424b-9868-57a2d4851a1d" />
    <TestEntry testId="128b2e33-c1df-6a98-010e-1414bed50de5" executionId="3d832f6f-ef4d-4e52-a9a9-96720707e4d5" testListId="8c84fa94-04c1-424b-9868-57a2d4851a1d" />
    <TestEntry testId="00c90b43-b77b-0b3c-b457-9469df9e7f8e" executionId="c33d0e22-ebb1-43f5-8dee-7eab825cb1d3" testListId="8c84fa94-04c1-424b-9868-57a2d4851a1d" />
    <TestEntry testId="c8836a8e-d919-c2fa-5c2d-61cd7e788ac3" executionId="8d4a8a74-0b22-4042-a416-c297382023d0" testListId="8c84fa94-04c1-424b-9868-57a2d4851a1d" />
    <TestEntry testId="ad512448-3972-9a5f-6725-9bed00cac1bb" executionId="b728ede2-4d6d-4f20-86f8-3511fa213074" testListId="8c84fa94-04c1-424b-9868-57a2d4851a1d" />
    <TestEntry testId="a1781e25-4782-9e03-dffd-5a8b1b4e811d" executionId="8ff5a0e1-be13-4e5d-84bd-c3c9ccbd7f03" testListId="8c84fa94-04c1-424b-9868-57a2d4851a1d" />
    <TestEntry testId="0bcd34cc-6526-724a-3466-15a3045d227d" executionId="cdf4cca7-8e55-40a8-bed1-68d4360288d3" testListId="8c84fa94-04c1-424b-9868-57a2d4851a1d" />
    <TestEntry testId="dda4734d-9263-9683-bcf1-0cc612cb1594" executionId="91aee1f4-b407-41fa-adf1-aac82d4ac863" testListId="8c84fa94-04c1-424b-9868-57a2d4851a1d" />
    <TestEntry testId="be92073c-cf35-830c-7fa7-636e79ce0e65" executionId="29a53af4-99a1-4dbb-a605-9bbddee70dd9" testListId="8c84fa94-04c1-424b-9868-57a2d4851a1d" />
    <TestEntry testId="d39a468f-9980-5d97-4555-244415136c85" executionId="9209fabb-c05a-40ef-a926-f42c0bed7512" testListId="8c84fa94-04c1-424b-9868-57a2d4851a1d" />
    <TestEntry testId="fcdc4ad3-b05f-80e2-df7c-dfcaf995ac74" executionId="1beddfa2-5ed5-4812-88e7-63b8b8ec7573" testListId="8c84fa94-04c1-424b-9868-57a2d4851a1d" />
    <TestEntry testId="5cb8adb0-f986-570a-997c-7c2904e5d79c" executionId="4372ac93-3216-42af-b7e6-591682608e45" testListId="8c84fa94-04c1-424b-9868-57a2d4851a1d" />
    <TestEntry testId="4af94715-f0ba-c849-32a4-dbc86e4a475a" executionId="235b9e76-9e1f-4bdf-904a-284865649968" testListId="8c84fa94-04c1-424b-9868-57a2d4851a1d" />
    <TestEntry testId="b65bf01a-1b91-6b6e-4a80-ca1071e8595d" executionId="455c0fd1-9d1d-4d26-8418-2954c6647362" testListId="8c84fa94-04c1-424b-9868-57a2d4851a1d" />
    <TestEntry testId="471f48b3-66b4-1d2b-45d6-de2cd4b57983" executionId="65655cc1-4d77-4f7d-ac20-981f3a28d3d9" testListId="8c84fa94-04c1-424b-9868-57a2d4851a1d" />
    <TestEntry testId="ced3616f-3c88-db6e-d1dd-4edc14da40be" executionId="4dc0349b-868e-4920-9c3b-6852fdb5d0ec" testListId="8c84fa94-04c1-424b-9868-57a2d4851a1d" />
    <TestEntry testId="6f8b015e-fbb6-5aab-26fd-c4459351481b" executionId="1b5d7649-ce6e-4c5e-9f73-3d8394fa9a0d" testListId="8c84fa94-04c1-424b-9868-57a2d4851a1d" />
    <TestEntry testId="53b5d2b4-1979-aefd-9cc8-74b7bed357fa" executionId="8f7c57fd-3692-4266-b9fa-27fe38068b57" testListId="8c84fa94-04c1-424b-9868-57a2d4851a1d" />
    <TestEntry testId="004b9067-5a36-6ae9-8540-490519439bb2" executionId="76dc590e-a7af-4d65-bcb6-8b0355e74698" testListId="8c84fa94-04c1-424b-9868-57a2d4851a1d" />
    <TestEntry testId="6cb01e3f-a03d-67b1-8f23-89bbdd8943a3" executionId="47c697ae-662e-4e7d-97a9-5f771a7d8506" testListId="8c84fa94-04c1-424b-9868-57a2d4851a1d" />
    <TestEntry testId="c830e46b-5a37-f382-9022-bd36e87a160f" executionId="2b866784-bd84-4129-b3cb-a7558bbe6941" testListId="8c84fa94-04c1-424b-9868-57a2d4851a1d" />
    <TestEntry testId="631fe5fb-b05e-5e70-7bfe-0a09b32bd7e6" executionId="dc9b1a6e-4c66-48b8-8bba-310c9895f132" testListId="8c84fa94-04c1-424b-9868-57a2d4851a1d" />
    <TestEntry testId="76480529-7b76-e863-86e1-c858751ba287" executionId="0059c350-b363-4b54-bdc5-e18070974144" testListId="8c84fa94-04c1-424b-9868-57a2d4851a1d" />
    <TestEntry testId="1ba666a9-505f-17c4-4bdf-33a9bb6fc01d" executionId="180257e1-4d4a-4df1-a4d3-6814c2bd6cb7" testListId="8c84fa94-04c1-424b-9868-57a2d4851a1d" />
    <TestEntry testId="13bb17c0-9c5e-610c-5753-956c620e1962" executionId="2a745579-8ac2-4513-8a1a-8cb044cabd19" testListId="8c84fa94-04c1-424b-9868-57a2d4851a1d" />
    <TestEntry testId="d4a217ca-816a-5180-50f8-63455cbe611d" executionId="8fc80209-6bde-4b39-abab-998d01b81f46" testListId="8c84fa94-04c1-424b-9868-57a2d4851a1d" />
    <TestEntry testId="78a4d834-d8c9-b5a6-8099-63f422dfe326" executionId="1926567f-53b3-4db6-89f3-6caa6e5aa8ba" testListId="8c84fa94-04c1-424b-9868-57a2d4851a1d" />
    <TestEntry testId="ef5a7c41-c0be-df83-b30a-5c970829c937" executionId="90cb584d-b0f7-4ae9-8238-d6646da14c13" testListId="8c84fa94-04c1-424b-9868-57a2d4851a1d" />
    <TestEntry testId="e2f7c893-77fd-2757-2bf1-4ba1cfd4b69d" executionId="f3f0490d-f87a-414a-870e-7db543592083" testListId="8c84fa94-04c1-424b-9868-57a2d4851a1d" />
    <TestEntry testId="06a88817-6ff8-d8d0-0cd7-9f4aa269e975" executionId="2a2959fd-48a0-4eb9-833c-5191a1b1f0f8" testListId="8c84fa94-04c1-424b-9868-57a2d4851a1d" />
    <TestEntry testId="f433ab30-ec94-3266-329c-2d06d086eb91" executionId="5bb99402-edce-411e-9467-b056276438b3" testListId="8c84fa94-04c1-424b-9868-57a2d4851a1d" />
    <TestEntry testId="dd671476-ed2b-7b45-cac8-cb394e9796e3" executionId="eea595b0-9203-4da3-8b9b-069547bce508" testListId="8c84fa94-04c1-424b-9868-57a2d4851a1d" />
    <TestEntry testId="f77ac471-dd6b-3503-d4b1-30115c337f42" executionId="deb29321-4ac7-4736-ad48-39db200ff459" testListId="8c84fa94-04c1-424b-9868-57a2d4851a1d" />
    <TestEntry testId="4227e0f9-8436-5214-22f2-5b8f8dec94a3" executionId="cf94952f-bf77-48eb-8b49-6425dc013d88" testListId="8c84fa94-04c1-424b-9868-57a2d4851a1d" />
    <TestEntry testId="cadefb20-407b-c6d2-35c6-2e9949364070" executionId="38da71e8-6425-41b8-93e3-01973432aef0" testListId="8c84fa94-04c1-424b-9868-57a2d4851a1d" />
    <TestEntry testId="789bb7c5-38de-ac73-095d-7a54a206a4c4" executionId="2deb07d2-f9f1-4afb-8c88-fc5d5782cb72" testListId="8c84fa94-04c1-424b-9868-57a2d4851a1d" />
    <TestEntry testId="60839290-1eeb-d8b9-fa35-6da60cd7d64a" executionId="b6bcd8ad-940a-4b8b-8147-7e87a852f7d3" testListId="8c84fa94-04c1-424b-9868-57a2d4851a1d" />
    <TestEntry testId="0490562c-80e0-39a9-2279-32a1d1908d6e" executionId="795d1fe2-3fc5-4f16-ae79-00a4d3ade9d1" testListId="8c84fa94-04c1-424b-9868-57a2d4851a1d" />
    <TestEntry testId="ffc628dd-c985-e3f1-ca17-da9cca506fbc" executionId="a258c8b0-f667-4677-b90c-8cb6a2e33114" testListId="8c84fa94-04c1-424b-9868-57a2d4851a1d" />
    <TestEntry testId="5e1aca6a-d9b7-23f6-c415-c9c2a91cd790" executionId="0b72016d-264d-4a75-bca7-397a1fd91f1c" testListId="8c84fa94-04c1-424b-9868-57a2d4851a1d" />
    <TestEntry testId="2f77d4eb-b7a9-7cda-63c7-d0a9b8c15e31" executionId="03c1a1b1-49ea-4edb-8e15-1f0224d0f749" testListId="8c84fa94-04c1-424b-9868-57a2d4851a1d" />
    <TestEntry testId="900d4084-ca2a-a561-f0ce-b663527c6003" executionId="db34d9af-2af7-45b2-8178-80ad75242d34" testListId="8c84fa94-04c1-424b-9868-57a2d4851a1d" />
    <TestEntry testId="b736c82a-c3a6-bc95-1791-413638f9de59" executionId="eef7f880-efa9-4ec8-a897-f957d0d26ad3" testListId="8c84fa94-04c1-424b-9868-57a2d4851a1d" />
    <TestEntry testId="864c1316-42be-ac84-4487-0c84ff96ddee" executionId="4a5f78a4-9853-44f0-aa25-3bff664e96d2" testListId="8c84fa94-04c1-424b-9868-57a2d4851a1d" />
    <TestEntry testId="8fd04541-1f43-6b67-271f-30979468cdcb" executionId="a909de37-10aa-4c34-8ffa-1b459c4a3ddc" testListId="8c84fa94-04c1-424b-9868-57a2d4851a1d" />
    <TestEntry testId="996b6d38-8904-1e30-ea22-94e60915db8c" executionId="2285c425-cab3-4fa1-a6c7-df4bb00e1beb" testListId="8c84fa94-04c1-424b-9868-57a2d4851a1d" />
    <TestEntry testId="8bb3b051-fd54-70fa-37da-5e1986e478a5" executionId="ae983263-2e46-42ba-8a50-189bdaa8d2f2" testListId="8c84fa94-04c1-424b-9868-57a2d4851a1d" />
    <TestEntry testId="feef8d1e-733e-c97b-cae9-59e37cf87fb6" executionId="f2ffd30c-b1ed-46cd-83e2-ef5b649816d5" testListId="8c84fa94-04c1-424b-9868-57a2d4851a1d" />
    <TestEntry testId="ecb801c4-d95f-4cd2-61bc-83f8f51ba916" executionId="950e5466-8515-4131-b704-9bd6ddeea2d8" testListId="8c84fa94-04c1-424b-9868-57a2d4851a1d" />
    <TestEntry testId="1926ccdc-00d6-72e9-1270-04d414099d1b" executionId="0faf7bf8-e970-4981-bb23-9ab55ff43bc1" testListId="8c84fa94-04c1-424b-9868-57a2d4851a1d" />
    <TestEntry testId="b3391feb-285b-6d84-ca18-8c0b0036158b" executionId="b1e3c480-59e5-4390-b1a1-9930be4ea5ee" testListId="8c84fa94-04c1-424b-9868-57a2d4851a1d" />
    <TestEntry testId="6f030a63-1915-c5bb-effc-e00334ecdc58" executionId="decbeb20-5cdb-403f-b617-12597f6fd6fe" testListId="8c84fa94-04c1-424b-9868-57a2d4851a1d" />
    <TestEntry testId="e4275a9b-8bad-38b9-332e-74176d2eb25f" executionId="45c3cd50-18a4-4c64-be58-633f779d72fd" testListId="8c84fa94-04c1-424b-9868-57a2d4851a1d" />
    <TestEntry testId="43af3814-604d-ceff-d278-6fdeab109940" executionId="f3ecd4e2-f053-4732-8924-633b4d6aae01" testListId="8c84fa94-04c1-424b-9868-57a2d4851a1d" />
    <TestEntry testId="a7393586-64bb-69dc-eba3-1463201a4419" executionId="064e51c5-221e-488f-9b01-b25daaeddcd7" testListId="8c84fa94-04c1-424b-9868-57a2d4851a1d" />
    <TestEntry testId="279277b8-c475-1740-4b89-51c71b5e60bc" executionId="4f74ee7d-e42f-4f6e-ab96-ebc8b29a653f" testListId="8c84fa94-04c1-424b-9868-57a2d4851a1d" />
    <TestEntry testId="0c92b541-a11c-af2d-cc00-baa08658eac8" executionId="686595ed-0abd-4af4-988d-ecab4e3fffe6" testListId="8c84fa94-04c1-424b-9868-57a2d4851a1d" />
    <TestEntry testId="ac03ec4c-67a9-1776-5723-d08e339146c5" executionId="51936245-5af1-4d76-9844-5db2a2d3484f" testListId="8c84fa94-04c1-424b-9868-57a2d4851a1d" />
    <TestEntry testId="ce9f63bc-f09c-6c5b-d0d3-a2c6899e0bb7" executionId="03772047-27db-4a8b-9571-4d29ff589598" testListId="8c84fa94-04c1-424b-9868-57a2d4851a1d" />
    <TestEntry testId="20095e8b-1aec-bdd5-2c64-cc198f7229e3" executionId="26b63782-0bf4-4b9d-a0f7-6ca5356914a1" testListId="8c84fa94-04c1-424b-9868-57a2d4851a1d" />
    <TestEntry testId="15d64ad8-f453-6ded-46ce-06d0f8e68caf" executionId="c9d53999-04cd-4199-b3ab-173c1860fd87" testListId="8c84fa94-04c1-424b-9868-57a2d4851a1d" />
    <TestEntry testId="59fc518d-691e-1e5f-347b-11ecb9d13e9d" executionId="7b4706ff-b0dc-4121-ab0f-1d14df323cf4" testListId="8c84fa94-04c1-424b-9868-57a2d4851a1d" />
    <TestEntry testId="8073691c-21a5-9107-fb79-56e4b2e81fb1" executionId="0433b76f-6ef1-4880-9947-ef8beb68f6fe" testListId="8c84fa94-04c1-424b-9868-57a2d4851a1d" />
    <TestEntry testId="256a8d96-ed89-157f-5f7b-6e821bc88fbc" executionId="be230f34-1e90-4e65-92ba-2ec482346079" testListId="8c84fa94-04c1-424b-9868-57a2d4851a1d" />
    <TestEntry testId="ec80a51d-21e0-d5fc-5b4e-aaa2b87640b8" executionId="b5f46d05-499e-44a1-a636-b162a913dd01" testListId="8c84fa94-04c1-424b-9868-57a2d4851a1d" />
    <TestEntry testId="25b79e49-f078-c9d3-fc26-60ff43e1f658" executionId="ed018f43-a8b5-4bdf-880c-8774ecb7a556" testListId="8c84fa94-04c1-424b-9868-57a2d4851a1d" />
    <TestEntry testId="f6472f07-5ce8-7db5-6dd2-9068452de237" executionId="6c06dd87-63c6-4059-9abe-a0873c43c16f" testListId="8c84fa94-04c1-424b-9868-57a2d4851a1d" />
    <TestEntry testId="66032912-b178-4308-e9cd-9139f23f4710" executionId="b35ce2ee-6e7e-468f-b402-3bdd6f18b258" testListId="8c84fa94-04c1-424b-9868-57a2d4851a1d" />
    <TestEntry testId="81bd21f5-845e-aa35-fada-47a8b94de4c8" executionId="0bb12cff-833f-4d1e-9918-50deb2f85aa4" testListId="8c84fa94-04c1-424b-9868-57a2d4851a1d" />
    <TestEntry testId="6768218c-6567-ac9b-b338-b8819476acaf" executionId="2cb97a38-2dda-4407-a734-3d91781e5d4e" testListId="8c84fa94-04c1-424b-9868-57a2d4851a1d" />
    <TestEntry testId="39aaf2dd-3448-323b-0eb5-0e11c3f52c46" executionId="2eee73c4-3cf9-42f9-8316-b977cc3e2c73" testListId="8c84fa94-04c1-424b-9868-57a2d4851a1d" />
    <TestEntry testId="2bc825b9-9d72-ab78-dc57-730a6f14b2c6" executionId="20a92483-f7eb-448c-9610-59ee0b66cd2c" testListId="8c84fa94-04c1-424b-9868-57a2d4851a1d" />
    <TestEntry testId="b931d369-9310-8747-a788-ef7d7112806a" executionId="61636e1e-df86-413a-ad15-3fe73bc5abb7" testListId="8c84fa94-04c1-424b-9868-57a2d4851a1d" />
    <TestEntry testId="ed1f5b6f-32d8-84ac-275a-18cb835c861f" executionId="cf7518ae-9680-4a9c-a62f-17744aaff1b9" testListId="8c84fa94-04c1-424b-9868-57a2d4851a1d" />
    <TestEntry testId="e1b783a4-63da-62c3-ab50-be899fdd79e2" executionId="6c0073a3-134d-47ab-9ae8-40c6a521a8e9" testListId="8c84fa94-04c1-424b-9868-57a2d4851a1d" />
    <TestEntry testId="bfd25a89-37a1-8b6d-3055-743f4224a763" executionId="26b1df15-68c2-4aec-ab4c-6254bdae732c" testListId="8c84fa94-04c1-424b-9868-57a2d4851a1d" />
    <TestEntry testId="ba610d56-53b0-45dd-63d9-9d6b77e9ef0d" executionId="796bac3a-7235-4cd4-aecd-8acbf6c7b936" testListId="8c84fa94-04c1-424b-9868-57a2d4851a1d" />
    <TestEntry testId="53f842ac-f46d-7d71-9da8-af83d620085a" executionId="add64a47-a99f-465c-8856-29b5ada37c8a" testListId="8c84fa94-04c1-424b-9868-57a2d4851a1d" />
    <TestEntry testId="ad017908-8d1a-0341-56bc-07e221b7fa03" executionId="cedcf983-52e7-4b35-8f23-2275dea0d16b" testListId="8c84fa94-04c1-424b-9868-57a2d4851a1d" />
    <TestEntry testId="22ff405e-4e4b-ec94-1d81-69603bb819cf" executionId="d5f107f3-1fa1-465b-a971-c8b581a6f027" testListId="8c84fa94-04c1-424b-9868-57a2d4851a1d" />
    <TestEntry testId="13f1786b-ba98-dd5e-fe5d-f541f09404b5" executionId="18a6b45f-340a-4332-a62e-01174a85d038" testListId="8c84fa94-04c1-424b-9868-57a2d4851a1d" />
    <TestEntry testId="c129ca2d-465d-f65c-dd70-3e713e975538" executionId="6981bf63-73e4-47e2-be13-cb51091c91a2" testListId="8c84fa94-04c1-424b-9868-57a2d4851a1d" />
    <TestEntry testId="9c345799-e138-7ed0-5b4a-1011418b61de" executionId="35683834-eb04-466f-bc99-3ef605553dc6" testListId="8c84fa94-04c1-424b-9868-57a2d4851a1d" />
    <TestEntry testId="e1734028-fada-4af3-8a5c-ef092b76d644" executionId="521d872c-09c2-470d-8590-592bc957a68d" testListId="8c84fa94-04c1-424b-9868-57a2d4851a1d" />
    <TestEntry testId="3ac61dc8-78ef-0ee4-9390-ba6ea3941593" executionId="9d81a16c-7df0-4b6b-a242-32d8b53a1690" testListId="8c84fa94-04c1-424b-9868-57a2d4851a1d" />
    <TestEntry testId="3baf913f-526d-3c8d-eef9-0705cb381b53" executionId="4d5c79a8-b72a-451b-8605-86d1e429bc87" testListId="8c84fa94-04c1-424b-9868-57a2d4851a1d" />
    <TestEntry testId="180590d6-2062-6933-d951-813229d01ede" executionId="c799d263-fdbb-4a1a-b330-06179bf8901f" testListId="8c84fa94-04c1-424b-9868-57a2d4851a1d" />
    <TestEntry testId="dbf1db3e-c119-5966-af76-e8157d531ea2" executionId="d28f459f-2064-4d3c-86f9-f46a8c86db26" testListId="8c84fa94-04c1-424b-9868-57a2d4851a1d" />
    <TestEntry testId="ec063bfd-14dd-1deb-4fd4-311c75309607" executionId="c3bda946-ae42-470d-b844-b67ca646e251" testListId="8c84fa94-04c1-424b-9868-57a2d4851a1d" />
    <TestEntry testId="e70aaa39-34a4-5c29-d102-ad4674ca6ab6" executionId="9c6d11bf-25f1-43b6-bada-7541bc86fe8d" testListId="8c84fa94-04c1-424b-9868-57a2d4851a1d" />
    <TestEntry testId="a0f0b9fe-c760-fce9-98fe-b72d6b75fdd4" executionId="1f819000-fdb9-4843-9304-92f3c5a0b9b9" testListId="8c84fa94-04c1-424b-9868-57a2d4851a1d" />
    <TestEntry testId="1b904dc2-8da7-b28a-8a35-1d3fce5defa3" executionId="3a0559ce-8e5e-4a85-94f9-62a03ef11c33" testListId="8c84fa94-04c1-424b-9868-57a2d4851a1d" />
    <TestEntry testId="87211bb6-e48e-1d49-fcdf-06cad7d36de4" executionId="5efea581-a5df-4d3a-9e3d-6de17166cfa8" testListId="8c84fa94-04c1-424b-9868-57a2d4851a1d" />
    <TestEntry testId="4bc5f009-c973-f931-1d45-f0addc813db2" executionId="9ec559a5-8da8-4d1d-bc70-2bbc195f9409" testListId="8c84fa94-04c1-424b-9868-57a2d4851a1d" />
    <TestEntry testId="aa75de74-31a0-219d-da36-2e429565c098" executionId="0d6a7422-b9d5-473d-91fc-d7ae13c6ae10" testListId="8c84fa94-04c1-424b-9868-57a2d4851a1d" />
    <TestEntry testId="4fd0e4d4-201f-f92a-a4bd-73991d73bd74" executionId="6c27182f-950f-465e-8973-fa8e5d4c89f7" testListId="8c84fa94-04c1-424b-9868-57a2d4851a1d" />
    <TestEntry testId="9893997e-53da-cb26-1457-0e4e96142bee" executionId="5964ecd3-5e0a-4378-9cb0-c0f8a8330037" testListId="8c84fa94-04c1-424b-9868-57a2d4851a1d" />
    <TestEntry testId="6b71b8f6-958a-0474-734c-5037b2d776ec" executionId="d43c4894-0b25-4b6e-8df3-f476acf5fa33" testListId="8c84fa94-04c1-424b-9868-57a2d4851a1d" />
    <TestEntry testId="98e742b5-a9e8-df93-45b6-fa0d531caa6b" executionId="748212f2-c9d9-43b8-ad4b-22039b84ffca" testListId="8c84fa94-04c1-424b-9868-57a2d4851a1d" />
    <TestEntry testId="098238b9-0456-1247-ed8e-8206ed9eaecc" executionId="a5091518-879a-4e4a-b85f-244b562407ec" testListId="8c84fa94-04c1-424b-9868-57a2d4851a1d" />
    <TestEntry testId="49f08ad4-e3ca-7af9-80e5-b685a0b47674" executionId="bc971f67-a408-4a6b-8571-29d1ce7f8954" testListId="8c84fa94-04c1-424b-9868-57a2d4851a1d" />
    <TestEntry testId="99b61c03-de66-2cd6-57c4-fe88d42b339c" executionId="eac55656-d601-433e-b76b-1adeb5bc3d19" testListId="8c84fa94-04c1-424b-9868-57a2d4851a1d" />
    <TestEntry testId="76e6779b-a81e-af08-fa5a-6175a7306b7c" executionId="fc8e2c26-c428-4aed-9c4f-c17fd3262ead" testListId="8c84fa94-04c1-424b-9868-57a2d4851a1d" />
    <TestEntry testId="430e1815-dd76-b549-699a-644e400c7601" executionId="ab2c7712-7859-4c4b-b6d8-7d3d1fac2a64" testListId="8c84fa94-04c1-424b-9868-57a2d4851a1d" />
    <TestEntry testId="564ab877-3eea-6f19-973d-0b36bea909da" executionId="807dfa98-1f7f-47a7-ba98-7c4cb7311f4b" testListId="8c84fa94-04c1-424b-9868-57a2d4851a1d" />
    <TestEntry testId="fa2fb9d9-01c1-922c-5d5a-386819eb8668" executionId="dee7ff39-0201-4f7f-be9c-102ba5399e92" testListId="8c84fa94-04c1-424b-9868-57a2d4851a1d" />
    <TestEntry testId="f7956f7c-5887-9a0c-7c3e-645573a0e845" executionId="bed64591-60e8-4663-a611-88ac19874d9a" testListId="8c84fa94-04c1-424b-9868-57a2d4851a1d" />
    <TestEntry testId="fde1c954-98a7-7238-71c0-b624bf2faef3" executionId="51846db1-acb6-46bf-937a-7e8d7c636793" testListId="8c84fa94-04c1-424b-9868-57a2d4851a1d" />
    <TestEntry testId="df779c3e-867d-628d-d601-319a18d1823c" executionId="70218cf6-a62a-44d0-beee-c31c8b4a0329" testListId="8c84fa94-04c1-424b-9868-57a2d4851a1d" />
    <TestEntry testId="4bfa13d1-17a0-4954-0e3e-a26d2de2fb23" executionId="c3b2a66e-bc19-401c-a4b1-55bd7a8118fd" testListId="8c84fa94-04c1-424b-9868-57a2d4851a1d" />
    <TestEntry testId="25c1bea4-c0ff-d075-22a4-63b5c72151e9" executionId="f401e025-f3a8-4ce6-b6f9-17c8b96ec9dc" testListId="8c84fa94-04c1-424b-9868-57a2d4851a1d" />
    <TestEntry testId="9c713a2b-9e76-2415-d955-46aa4b04bc55" executionId="7b27c9bb-c203-48cc-a840-f168fbed20cd" testListId="8c84fa94-04c1-424b-9868-57a2d4851a1d" />
    <TestEntry testId="efb45302-0f2f-f7b4-5294-ebcf02624fff" executionId="0f4ba519-67b8-4fed-ab3b-ca77d1af8cfa" testListId="8c84fa94-04c1-424b-9868-57a2d4851a1d" />
    <TestEntry testId="e931af6a-3452-9003-decc-ede4ba4ec081" executionId="37bfd0ce-79ad-41b5-be6d-69cc4afbe76f" testListId="8c84fa94-04c1-424b-9868-57a2d4851a1d" />
    <TestEntry testId="e32ceaf5-2044-6a33-b092-c29de2fe095b" executionId="517d99af-97bb-40e9-b42c-c5caed3bcc56" testListId="8c84fa94-04c1-424b-9868-57a2d4851a1d" />
    <TestEntry testId="62779f41-de77-189d-2845-837ff5a12f04" executionId="fca0257f-07bf-4dea-80f9-e0f48a762b7b" testListId="8c84fa94-04c1-424b-9868-57a2d4851a1d" />
    <TestEntry testId="bed3e0a6-5997-3869-73cc-50bad3fe5334" executionId="83d45820-2a8c-4fc1-b1bc-8a02a08ea76f" testListId="8c84fa94-04c1-424b-9868-57a2d4851a1d" />
    <TestEntry testId="ca7c5320-b258-ec0a-0209-15c9a535c03a" executionId="1f17e680-d49a-4863-8769-559fc40b29bf" testListId="8c84fa94-04c1-424b-9868-57a2d4851a1d" />
    <TestEntry testId="ad26ac72-d472-3446-b429-a39e27a79b16" executionId="8bec577f-552d-4096-a366-29e90b9e2d7d" testListId="8c84fa94-04c1-424b-9868-57a2d4851a1d" />
    <TestEntry testId="1d8da37b-0383-95ed-5f34-6e3377ad113e" executionId="e26b4e74-0ce6-48f2-9085-7b812964d9bf" testListId="8c84fa94-04c1-424b-9868-57a2d4851a1d" />
    <TestEntry testId="8ace6733-ba13-8c23-aec1-3ea938759ad0" executionId="b63eff26-192d-4805-a658-fad4cdccc79b" testListId="8c84fa94-04c1-424b-9868-57a2d4851a1d" />
    <TestEntry testId="99f5e557-c1c6-7f3a-33fd-4b0fa5a0fc7b" executionId="5cdeac63-d453-4653-a932-e88958b7ae68" testListId="8c84fa94-04c1-424b-9868-57a2d4851a1d" />
    <TestEntry testId="5c950b01-6cc7-ac13-30ea-969ec9b73be8" executionId="fe4f9210-9034-4d23-b0b0-9debf938febb" testListId="8c84fa94-04c1-424b-9868-57a2d4851a1d" />
    <TestEntry testId="d4ee9b79-4196-caa7-d7b1-e48434993a78" executionId="fd1ba806-bbfe-43d6-b540-48146888996b" testListId="8c84fa94-04c1-424b-9868-57a2d4851a1d" />
    <TestEntry testId="eaaf3dd9-2849-68dd-8b63-3348a310054b" executionId="e7bec62f-e317-4b88-8df1-596700192a53" testListId="8c84fa94-04c1-424b-9868-57a2d4851a1d" />
    <TestEntry testId="a9afc403-29e6-88a4-c2af-4c0ff8d8a28b" executionId="021e528a-d153-4252-a471-ddd16b884e90" testListId="8c84fa94-04c1-424b-9868-57a2d4851a1d" />
    <TestEntry testId="0c0cf1bc-2dcb-ded4-066e-2e2566c6bb19" executionId="4f14dfe7-5c54-4add-8bdb-5c505478ebde" testListId="8c84fa94-04c1-424b-9868-57a2d4851a1d" />
    <TestEntry testId="9e40b804-42b0-5011-3b04-cc25d4d70de0" executionId="d90221c6-db98-473f-ac24-a0d2d3592cc5" testListId="8c84fa94-04c1-424b-9868-57a2d4851a1d" />
    <TestEntry testId="9efd92db-4c9f-0192-da69-654d8f42ce4b" executionId="44324a49-67b6-4c95-91a2-849a9d2b850d" testListId="8c84fa94-04c1-424b-9868-57a2d4851a1d" />
    <TestEntry testId="eecc6ae5-4868-d53f-bcda-2ec72c5d7ea3" executionId="d09ccf9a-4ae0-4946-a211-3f34b775700e" testListId="8c84fa94-04c1-424b-9868-57a2d4851a1d" />
    <TestEntry testId="ecd9a953-91a9-d4a0-56ca-0eb0a06434eb" executionId="c074bf93-624d-4265-bd0e-d320bca76cab" testListId="8c84fa94-04c1-424b-9868-57a2d4851a1d" />
    <TestEntry testId="a77eef62-81f7-6544-83f9-95298ec32c95" executionId="e9e80f65-a9e1-44a9-a243-7a6ac16ba113" testListId="8c84fa94-04c1-424b-9868-57a2d4851a1d" />
    <TestEntry testId="3912834e-3d92-476d-bcd0-c1ca3109cfb6" executionId="0589d798-f3c5-42bf-afeb-fc5956721031" testListId="8c84fa94-04c1-424b-9868-57a2d4851a1d" />
    <TestEntry testId="cb84e372-0db4-cadb-ea5a-8162f8875b13" executionId="e6d33e05-1f82-4043-ac1a-1a99f930cd96" testListId="8c84fa94-04c1-424b-9868-57a2d4851a1d" />
    <TestEntry testId="ce027c0e-b7b6-30e8-95b9-9af781c2b3c7" executionId="ca1ed0ae-0d3a-439c-8bcb-646c69853df1" testListId="8c84fa94-04c1-424b-9868-57a2d4851a1d" />
    <TestEntry testId="5b940e7e-5602-6e2d-9bb4-ea58b2e075ab" executionId="33e3c51e-0ee0-4046-a383-dd23065a165d" testListId="8c84fa94-04c1-424b-9868-57a2d4851a1d" />
    <TestEntry testId="1b78643d-a4c2-713e-da90-2e6b0238a12b" executionId="35234f55-97e9-4518-a200-fd07be2f43b6" testListId="8c84fa94-04c1-424b-9868-57a2d4851a1d" />
    <TestEntry testId="66835627-edbb-e359-6b21-3e0100bfad91" executionId="0cc64f19-dc85-4f54-a83d-960960fee30d" testListId="8c84fa94-04c1-424b-9868-57a2d4851a1d" />
    <TestEntry testId="5178c6a1-917a-63ef-4a44-3f3fa3a4a76b" executionId="166fc68b-2a77-451b-a501-c40644c9d00e" testListId="8c84fa94-04c1-424b-9868-57a2d4851a1d" />
    <TestEntry testId="6e48abaa-e94e-4cb3-4e64-703c4702dc60" executionId="6c7d2c9a-2cb9-4021-a2c3-8aedd29377b5" testListId="8c84fa94-04c1-424b-9868-57a2d4851a1d" />
    <TestEntry testId="72f321e8-2790-5738-6c76-f3c93e06a4d9" executionId="a50016fa-19a3-4b42-8f80-71064d61c5f5" testListId="8c84fa94-04c1-424b-9868-57a2d4851a1d" />
    <TestEntry testId="7746c945-7215-2f12-d241-54991e7b255d" executionId="89f00937-364f-434e-bda0-1ca21bb1bb4b" testListId="8c84fa94-04c1-424b-9868-57a2d4851a1d" />
    <TestEntry testId="b8387dd6-f890-7e0b-f414-a4e07ecc407b" executionId="0647b734-fd74-4ea6-9a2b-db71db780b4c" testListId="8c84fa94-04c1-424b-9868-57a2d4851a1d" />
    <TestEntry testId="741a4e57-0cca-d960-3bbc-2a95ae33db53" executionId="39a1dc4f-5b3a-4999-b445-4ab81ed0d2ed" testListId="8c84fa94-04c1-424b-9868-57a2d4851a1d" />
    <TestEntry testId="bf8a77e3-2a8b-534e-97d8-864c929c5c23" executionId="b7876453-5c34-41b5-8b8b-def2dbd5adf3" testListId="8c84fa94-04c1-424b-9868-57a2d4851a1d" />
    <TestEntry testId="79eb825b-0ac9-6c28-1949-0ddaebf10cfc" executionId="bea4c560-dff0-4fe2-9357-89df24886911" testListId="8c84fa94-04c1-424b-9868-57a2d4851a1d" />
    <TestEntry testId="60f4f078-0154-b41b-3de6-b38d34b12689" executionId="8f86104b-d2d5-424a-a4d5-335a936457f7" testListId="8c84fa94-04c1-424b-9868-57a2d4851a1d" />
    <TestEntry testId="6c46f24c-c8b8-c4b7-29db-f35f6312df35" executionId="fdcf99eb-eb98-4240-9b3e-7ca4263bd591" testListId="8c84fa94-04c1-424b-9868-57a2d4851a1d" />
    <TestEntry testId="cf93dd1e-782f-a497-0561-e7df285ec6b5" executionId="daab8b7b-291b-4149-8794-98f92bfc1143" testListId="8c84fa94-04c1-424b-9868-57a2d4851a1d" />
    <TestEntry testId="b3b74f06-0222-4a33-dfad-ee23ddfbb054" executionId="06539151-0bf9-466e-bf76-4ef4c8a1758c" testListId="8c84fa94-04c1-424b-9868-57a2d4851a1d" />
    <TestEntry testId="65c51164-1841-273f-ce30-d1469bd02f88" executionId="3401429d-5522-4237-bdbc-d2a6cfadf1cb" testListId="8c84fa94-04c1-424b-9868-57a2d4851a1d" />
    <TestEntry testId="f6f57a3d-4eb8-1874-da57-7a9e4d6b9c42" executionId="4a2faf06-582e-480b-8d34-85a5eaec4c7c" testListId="8c84fa94-04c1-424b-9868-57a2d4851a1d" />
    <TestEntry testId="789c4d26-9e90-9921-3680-81bb7e50813e" executionId="63b0c1df-f931-4b6b-bd8e-1edd5443a263" testListId="8c84fa94-04c1-424b-9868-57a2d4851a1d" />
    <TestEntry testId="8f98acd7-c84b-a7f7-fb7f-0412075549d6" executionId="9c3cc52c-31da-48dd-b0e5-145e02e57e3b" testListId="8c84fa94-04c1-424b-9868-57a2d4851a1d" />
    <TestEntry testId="8fac2b79-9e79-56e1-c8b9-dbffbd82ae43" executionId="a9669104-9e40-458c-835f-23bdcb1c18cb" testListId="8c84fa94-04c1-424b-9868-57a2d4851a1d" />
    <TestEntry testId="452e3d33-0c18-0604-61d2-e49750ee89e5" executionId="3603fb37-0295-43d7-8bbd-fc8281106327" testListId="8c84fa94-04c1-424b-9868-57a2d4851a1d" />
    <TestEntry testId="577232fa-4820-0031-8220-5c10c6849f65" executionId="0b6cd0c1-315a-4762-a6ac-49f90831069d" testListId="8c84fa94-04c1-424b-9868-57a2d4851a1d" />
    <TestEntry testId="63c783d3-cd4f-c315-c316-5735ac8dfa26" executionId="c4fe84d4-14c6-41e3-a5d1-6c2fdc2b0c74" testListId="8c84fa94-04c1-424b-9868-57a2d4851a1d" />
    <TestEntry testId="8237b5ca-ec4b-2f2b-c709-52a921fafd5c" executionId="e546185a-75f2-453c-9296-a38faae4a8ee" testListId="8c84fa94-04c1-424b-9868-57a2d4851a1d" />
    <TestEntry testId="2fa9a1f4-abc4-ffa0-207f-983e0f96fe73" executionId="4f8bba8c-be92-4614-b96b-62e074a8ee2c" testListId="8c84fa94-04c1-424b-9868-57a2d4851a1d" />
    <TestEntry testId="ecd5df6d-1685-a29f-808d-8af5b0a515ad" executionId="71371087-7fed-4d68-8cd1-6b8dab5d7e1d" testListId="8c84fa94-04c1-424b-9868-57a2d4851a1d" />
    <TestEntry testId="47fb6ba8-e618-b876-538b-b25771c9cf5f" executionId="c440dc75-5aee-40ba-9217-8a9e731aab90" testListId="8c84fa94-04c1-424b-9868-57a2d4851a1d" />
    <TestEntry testId="bfcb74b4-5613-466e-636e-46588ff6d874" executionId="b87e3161-225f-4ced-9093-a746d10369a3" testListId="8c84fa94-04c1-424b-9868-57a2d4851a1d" />
    <TestEntry testId="1f0e270c-d2e3-6abe-d46c-198f7828d432" executionId="57044d0b-2865-49ae-a21e-9dd568a18b1e" testListId="8c84fa94-04c1-424b-9868-57a2d4851a1d" />
    <TestEntry testId="dc101341-c73f-f576-2045-514a0c7d85da" executionId="536b388b-a85c-45ad-adb8-c20214b2c3d4" testListId="8c84fa94-04c1-424b-9868-57a2d4851a1d" />
    <TestEntry testId="a082270a-fadb-de54-1aa3-b3ff6bca16d1" executionId="87184e97-3aff-4ef3-a4c8-bad1476cdd89" testListId="8c84fa94-04c1-424b-9868-57a2d4851a1d" />
    <TestEntry testId="75d8d6f7-e4a2-354d-194b-4c3a8e25de5b" executionId="1a213ce1-47f2-4a25-86a4-83a590f098d6" testListId="8c84fa94-04c1-424b-9868-57a2d4851a1d" />
    <TestEntry testId="86c41238-e1bd-d4dd-850b-3f251771aebe" executionId="2b472a4c-9bbf-4c30-a2cb-5aa403508c59" testListId="8c84fa94-04c1-424b-9868-57a2d4851a1d" />
    <TestEntry testId="a64081be-e7d0-830f-dfc8-24bbee2a32f5" executionId="81b8776c-4674-4415-840c-3844b1ffc061" testListId="8c84fa94-04c1-424b-9868-57a2d4851a1d" />
    <TestEntry testId="81a1abf8-6be1-aea7-389f-5894b71b2368" executionId="b480c51c-cdf7-4679-8f8b-069b45f4c302" testListId="8c84fa94-04c1-424b-9868-57a2d4851a1d" />
    <TestEntry testId="d5b1edb5-b12f-6f9b-d326-d112d604818d" executionId="fe5d16b5-12b2-49fe-bd75-652f78bd62a8" testListId="8c84fa94-04c1-424b-9868-57a2d4851a1d" />
    <TestEntry testId="5f6ec94d-79db-fbc6-a975-8fcf5e6da5de" executionId="88878893-820c-4c6b-b8d5-1ce0610ac6ca" testListId="8c84fa94-04c1-424b-9868-57a2d4851a1d" />
    <TestEntry testId="91607d23-bc6b-f681-4a48-14272be4cab9" executionId="b0b7896a-c59b-4602-a927-012022b78e2c" testListId="8c84fa94-04c1-424b-9868-57a2d4851a1d" />
    <TestEntry testId="11042bfa-6f03-b286-ef0b-94ab219837bb" executionId="cf4193a7-de2f-4b51-8736-87939b3be1e1" testListId="8c84fa94-04c1-424b-9868-57a2d4851a1d" />
    <TestEntry testId="8f0f2481-35fe-ae01-bfcb-690467c4a7bc" executionId="5574129e-bd23-447c-9bab-a3cfd7d1f43c" testListId="8c84fa94-04c1-424b-9868-57a2d4851a1d" />
    <TestEntry testId="1427994f-dfc2-3b8f-5f19-9134cfec26f2" executionId="c56fb083-a473-4fe8-bf36-de3f296717dd" testListId="8c84fa94-04c1-424b-9868-57a2d4851a1d" />
    <TestEntry testId="0d0f4cc2-46ec-cf86-fc13-2bff0b09bc6d" executionId="e53e15df-c058-461a-8892-5655b1c5faa9" testListId="8c84fa94-04c1-424b-9868-57a2d4851a1d" />
    <TestEntry testId="108c2052-fc39-fc7d-462e-5ca8813e0e6a" executionId="78df0f0b-d8a0-4b47-8bf8-0d1984580b01" testListId="8c84fa94-04c1-424b-9868-57a2d4851a1d" />
    <TestEntry testId="bd67c30d-1d82-4e89-6c61-dfcd016668cb" executionId="b9129e55-8252-4111-b1b7-a7283b6fc4b1" testListId="8c84fa94-04c1-424b-9868-57a2d4851a1d" />
    <TestEntry testId="432777c4-85ce-08a8-7a5e-5d42b9d61e9b" executionId="e2d502cc-190c-4600-b8c0-a2fd1a84ebb0" testListId="8c84fa94-04c1-424b-9868-57a2d4851a1d" />
    <TestEntry testId="883b6ac9-ac51-b5f6-5a08-17161bbcc88f" executionId="08935a19-f1fa-4f17-83bc-99e3d80d7509" testListId="8c84fa94-04c1-424b-9868-57a2d4851a1d" />
    <TestEntry testId="b60b2e32-2e62-9f1a-0957-c89aa9a236dd" executionId="6cf324a4-0c7a-48c2-b0e3-b0d00d4ce44a" testListId="8c84fa94-04c1-424b-9868-57a2d4851a1d" />
    <TestEntry testId="468fc6f1-090e-af4a-e3f5-89b42d48597a" executionId="376ffc42-93a6-4764-b7c4-2dc37e7c903d" testListId="8c84fa94-04c1-424b-9868-57a2d4851a1d" />
    <TestEntry testId="0586ee37-1679-40ac-d62d-77bb3679488e" executionId="9bddca76-4221-4b56-9423-14f4ee554365" testListId="8c84fa94-04c1-424b-9868-57a2d4851a1d" />
    <TestEntry testId="3f1adbc0-0196-34e5-6649-a85c5488fa91" executionId="52cc91d3-b618-462e-9a12-1c56db835440" testListId="8c84fa94-04c1-424b-9868-57a2d4851a1d" />
    <TestEntry testId="9d0329db-f847-cb4f-973e-3879b2c2692c" executionId="94157b3e-d6fa-4cd7-b063-7a8880b7be1a" testListId="8c84fa94-04c1-424b-9868-57a2d4851a1d" />
    <TestEntry testId="06d185b1-8e0c-2b9c-5317-e602212f73e4" executionId="33b4b2b3-1c1a-45db-9f7e-77a036ffd332" testListId="8c84fa94-04c1-424b-9868-57a2d4851a1d" />
    <TestEntry testId="c6f15296-0fc2-f115-2027-fc75b24fa682" executionId="fc2fb7dc-52d9-461d-af8d-234ef43ca788" testListId="8c84fa94-04c1-424b-9868-57a2d4851a1d" />
    <TestEntry testId="4f051dee-273d-fcff-0b9b-bfaf6bbfa98d" executionId="aeb08214-76be-44f2-b234-70e3dae71f1e" testListId="8c84fa94-04c1-424b-9868-57a2d4851a1d" />
    <TestEntry testId="86e3825d-829f-92fe-d878-0ca95ca51e4d" executionId="447f79dc-7e43-408d-9cba-324bb76642b4" testListId="8c84fa94-04c1-424b-9868-57a2d4851a1d" />
    <TestEntry testId="bd707b6d-52c2-46b2-18db-713a0a8d72d0" executionId="df35b32d-38b7-488d-b3b9-9c637df33fb1" testListId="8c84fa94-04c1-424b-9868-57a2d4851a1d" />
    <TestEntry testId="30c3cce2-7c89-bcba-f34c-cd4f8b59ce23" executionId="7deed7c9-82ef-43c5-a7f2-75fa3d6cef1b" testListId="8c84fa94-04c1-424b-9868-57a2d4851a1d" />
    <TestEntry testId="cc57926d-969f-f4d6-e13e-e69125306611" executionId="1f262e68-94db-4a4b-bec0-d419a7c9654d" testListId="8c84fa94-04c1-424b-9868-57a2d4851a1d" />
    <TestEntry testId="26745cdf-54c9-6722-4605-f8b66ff30e43" executionId="b7a17694-38ff-44a1-9bbc-82a817b54b20" testListId="8c84fa94-04c1-424b-9868-57a2d4851a1d" />
    <TestEntry testId="9347f5be-5008-ff2d-ab85-8c6415e57b12" executionId="f449fa49-6e56-475f-8c38-06384655dbcd" testListId="8c84fa94-04c1-424b-9868-57a2d4851a1d" />
    <TestEntry testId="bdb55858-84b2-f69a-3f3e-7530e9bd9a2f" executionId="5ad0a3ed-ce17-4f10-a6c4-5d70b4075d00" testListId="8c84fa94-04c1-424b-9868-57a2d4851a1d" />
    <TestEntry testId="465b8b22-ae43-8771-bab3-c61bdf88be2c" executionId="c325d57b-8b83-41d6-82cb-3c58517fbd3f" testListId="8c84fa94-04c1-424b-9868-57a2d4851a1d" />
    <TestEntry testId="04e26c3f-1210-a75b-c0bc-6ef78e296957" executionId="16d366cd-ed27-47bc-942a-668fe60eeedb" testListId="8c84fa94-04c1-424b-9868-57a2d4851a1d" />
    <TestEntry testId="a80ce00d-8fef-39f6-2b9d-90a0409ab21e" executionId="0c36f50d-20de-43b9-bad9-705c6594f69b" testListId="8c84fa94-04c1-424b-9868-57a2d4851a1d" />
    <TestEntry testId="b326ef4c-7f50-dcc1-8e16-23f12d57cfac" executionId="862bd3c6-29b7-4682-8dcb-d7ddcdafb4c4" testListId="8c84fa94-04c1-424b-9868-57a2d4851a1d" />
    <TestEntry testId="62eaccee-691a-dc72-a0c7-fc4bd9bbc8f7" executionId="c364bfc8-9c6f-4ea2-8a92-f6e16320f661" testListId="8c84fa94-04c1-424b-9868-57a2d4851a1d" />
    <TestEntry testId="8859dd67-9eea-687f-ff9c-c8608298b7a0" executionId="32fb16d8-57bf-4a6f-9958-9e51be72eda6" testListId="8c84fa94-04c1-424b-9868-57a2d4851a1d" />
    <TestEntry testId="09eb03c3-6c6b-d07d-0c0e-f69b7a3941d2" executionId="c7a164fa-0ba1-4092-9376-cfd25c875b4d" testListId="8c84fa94-04c1-424b-9868-57a2d4851a1d" />
    <TestEntry testId="e2225881-39fd-7f1c-d804-53db9fd0bebf" executionId="332cd533-1465-4ab3-a937-c68c08f6e741" testListId="8c84fa94-04c1-424b-9868-57a2d4851a1d" />
    <TestEntry testId="af52bc0c-9d4d-dbfe-1e9a-8d33e897ef69" executionId="155614aa-b889-4bf9-8d46-656a65dd264d" testListId="8c84fa94-04c1-424b-9868-57a2d4851a1d" />
    <TestEntry testId="3363618d-ba10-7be9-e717-ba2f8beb1f14" executionId="7d305944-3160-441e-b28f-6ea96c47ce75" testListId="8c84fa94-04c1-424b-9868-57a2d4851a1d" />
    <TestEntry testId="c7e76d21-7d2a-305a-821d-d13e50bc910e" executionId="c88b6afa-8f7d-45cb-9574-ee40533bae05" testListId="8c84fa94-04c1-424b-9868-57a2d4851a1d" />
    <TestEntry testId="5ba0ef3d-e993-fb04-f50d-80614c1f48e6" executionId="d8af7dfd-de89-4f33-9faa-4b9043b5ae2d" testListId="8c84fa94-04c1-424b-9868-57a2d4851a1d" />
    <TestEntry testId="2fbca240-d73e-90fe-fa10-66a717472df8" executionId="bce06237-93f9-46c9-be33-ab8f05963882" testListId="8c84fa94-04c1-424b-9868-57a2d4851a1d" />
    <TestEntry testId="8e1e0562-0c98-e226-1bf8-4de563a5fa13" executionId="fd7fb42c-74b3-4243-b77d-48502a74c740" testListId="8c84fa94-04c1-424b-9868-57a2d4851a1d" />
    <TestEntry testId="0743b053-5f80-39e3-2415-87af7f5a56f8" executionId="67c1429e-f2bd-439f-bcfe-dd4506ecade0" testListId="8c84fa94-04c1-424b-9868-57a2d4851a1d" />
    <TestEntry testId="aa6ed367-4142-c0b5-bc61-0c60c3e84f7e" executionId="6459b9b7-eb12-4eb5-970b-f825942bf375" testListId="8c84fa94-04c1-424b-9868-57a2d4851a1d" />
    <TestEntry testId="f85689af-bccc-784d-b093-f7a296ae9b10" executionId="e24d86a5-ce11-4f81-a2f3-59ff4282a35c" testListId="8c84fa94-04c1-424b-9868-57a2d4851a1d" />
    <TestEntry testId="65a73572-199f-331d-bb7a-e00446e83c06" executionId="58b6cdca-fb4e-4bfc-85c6-48ca68854dc5" testListId="8c84fa94-04c1-424b-9868-57a2d4851a1d" />
    <TestEntry testId="1367b65e-0b94-ba69-b954-fb8124eb22d5" executionId="a0c6e552-c04a-4bf4-8c03-c7237cc2ea55" testListId="8c84fa94-04c1-424b-9868-57a2d4851a1d" />
    <TestEntry testId="c453c6ec-7ac7-6aba-4513-ebc0b71441c4" executionId="fb52b478-c8f3-439f-89f4-ac9e27c97bb8" testListId="8c84fa94-04c1-424b-9868-57a2d4851a1d" />
    <TestEntry testId="03cd529c-594e-f5f4-394a-38e5c1ffbbd4" executionId="463fc850-3030-4c61-ad65-242034e492ac" testListId="8c84fa94-04c1-424b-9868-57a2d4851a1d" />
    <TestEntry testId="656ebfc5-79d6-d4de-e713-26261e054dac" executionId="ad0dc43b-36d5-42ef-992b-23d96c871c6d" testListId="8c84fa94-04c1-424b-9868-57a2d4851a1d" />
    <TestEntry testId="8acd974b-58e6-d71d-65a7-9fcbeabcb975" executionId="8b09aa00-079c-487c-9e02-a0ad65ff2faf" testListId="8c84fa94-04c1-424b-9868-57a2d4851a1d" />
    <TestEntry testId="e812cd4a-a493-8488-cd92-0f068742969b" executionId="ce7b08b2-5851-44ea-bfe5-60bab0c5e096" testListId="8c84fa94-04c1-424b-9868-57a2d4851a1d" />
    <TestEntry testId="e88e51df-0600-5288-c5bd-454451abcf17" executionId="747f7902-a378-490d-b0fa-8d5666947147" testListId="8c84fa94-04c1-424b-9868-57a2d4851a1d" />
    <TestEntry testId="aff9e195-4e54-a676-8f24-47ec072e3f76" executionId="79c43043-4c02-4020-babb-84161cdc00b6" testListId="8c84fa94-04c1-424b-9868-57a2d4851a1d" />
    <TestEntry testId="086f68bd-b3fd-894f-d1fe-0dbb71a51984" executionId="4cc2d503-5b68-4ee9-8560-811a372e4136" testListId="8c84fa94-04c1-424b-9868-57a2d4851a1d" />
    <TestEntry testId="75c1372b-c80e-ab1f-dc10-8b8dc4679533" executionId="a9e06732-a1af-4762-bf0f-98606bcce42f" testListId="8c84fa94-04c1-424b-9868-57a2d4851a1d" />
    <TestEntry testId="d8eb6d98-9b62-c231-99fb-5444406d89a8" executionId="55aaa979-b159-4c5d-8420-bbf2e2e6b8e3" testListId="8c84fa94-04c1-424b-9868-57a2d4851a1d" />
    <TestEntry testId="fb45c14f-031e-2628-e205-53c6379c578f" executionId="ba346408-39de-4c92-ac4c-d7dbaa840197" testListId="8c84fa94-04c1-424b-9868-57a2d4851a1d" />
    <TestEntry testId="c60ed206-bcf7-dc0f-cf55-94fdc287fbf9" executionId="863f9f1d-0e3f-4baf-8a43-25d46128e1bb" testListId="8c84fa94-04c1-424b-9868-57a2d4851a1d" />
    <TestEntry testId="4127f69b-e124-236a-5b11-95ef3fc8f483" executionId="23275a22-6981-4da9-9dcc-785838a58ec0" testListId="8c84fa94-04c1-424b-9868-57a2d4851a1d" />
    <TestEntry testId="b35efadf-d298-a3ae-5e0d-2f5be75318ec" executionId="e9cf4d4b-7de4-4862-b720-fcd99deb621b" testListId="8c84fa94-04c1-424b-9868-57a2d4851a1d" />
    <TestEntry testId="58020c11-c291-9fff-a6eb-d178031b96c9" executionId="02b2a595-9b8b-4d1e-8da6-0e780085e68e" testListId="8c84fa94-04c1-424b-9868-57a2d4851a1d" />
    <TestEntry testId="ca034f59-6d8f-3d39-f10e-3725456122ef" executionId="5102093f-882e-480e-b94f-b4b66c5776cf" testListId="8c84fa94-04c1-424b-9868-57a2d4851a1d" />
    <TestEntry testId="cff9ba3d-2dbc-742f-d119-8f20ec27c96a" executionId="228ea491-b94b-4484-b67f-a585efc8d3bd" testListId="8c84fa94-04c1-424b-9868-57a2d4851a1d" />
    <TestEntry testId="5bf4d307-a36a-3c36-5190-d6315ecad070" executionId="2ca5b45b-b2a8-4247-91d2-62fefe732cb4" testListId="8c84fa94-04c1-424b-9868-57a2d4851a1d" />
    <TestEntry testId="680a57ed-aef7-7627-554b-2ab01bc33ccf" executionId="454f6d85-8528-4309-94d6-b47fca4393a0" testListId="8c84fa94-04c1-424b-9868-57a2d4851a1d" />
    <TestEntry testId="0c1060a1-daea-cc27-1eec-f91d6e03fb50" executionId="32d4e90b-fc25-45bd-a979-1e631ecff46e" testListId="8c84fa94-04c1-424b-9868-57a2d4851a1d" />
    <TestEntry testId="704a0578-e150-f687-8667-46c29aab4a2d" executionId="6ec012f8-3997-454d-9e0e-c5dbc84cefee" testListId="8c84fa94-04c1-424b-9868-57a2d4851a1d" />
    <TestEntry testId="5202701f-df81-3f07-3fd3-41cc028b9321" executionId="241ad40b-5338-4f73-943e-93eb6034ae6a" testListId="8c84fa94-04c1-424b-9868-57a2d4851a1d" />
    <TestEntry testId="fe0fe535-97ea-db97-278f-86c835cfa276" executionId="99bdbd48-6725-47c3-9025-0112390452af" testListId="8c84fa94-04c1-424b-9868-57a2d4851a1d" />
    <TestEntry testId="71c22708-dbaa-79ff-057b-e788d4505184" executionId="e8804dd5-8c35-4bba-aa1a-cbfd424c109a" testListId="8c84fa94-04c1-424b-9868-57a2d4851a1d" />
    <TestEntry testId="38e54b38-917c-5b2b-c952-bdf2eaa51d0c" executionId="6abe5ee1-462a-4666-93c4-a41995d5649a" testListId="8c84fa94-04c1-424b-9868-57a2d4851a1d" />
    <TestEntry testId="c0743634-0e8c-60ff-dd33-aa3c1f7c437b" executionId="ba8e7ba1-278c-446f-a682-899a765fc143" testListId="8c84fa94-04c1-424b-9868-57a2d4851a1d" />
    <TestEntry testId="7efd0b0b-8ee2-d5e8-47e2-5ba5eebb44d2" executionId="226f11f1-decd-4fa1-9bde-6500e4cb40e2" testListId="8c84fa94-04c1-424b-9868-57a2d4851a1d" />
    <TestEntry testId="20f75a53-728a-3e27-2cbb-bec08c93c778" executionId="2b44ca2f-bfb3-4249-b59c-5d477b7e6573" testListId="8c84fa94-04c1-424b-9868-57a2d4851a1d" />
    <TestEntry testId="2a458999-94a8-df5e-d99f-8bcf0589d98d" executionId="48e81c87-6042-41c9-91d9-03a560bd06e3" testListId="8c84fa94-04c1-424b-9868-57a2d4851a1d" />
    <TestEntry testId="3f5af0d1-875c-7462-d712-e00deb320d7a" executionId="3584ca61-c985-4937-901e-f1e2093eebe5" testListId="8c84fa94-04c1-424b-9868-57a2d4851a1d" />
    <TestEntry testId="d350588b-1fce-1d28-5c54-f6126b74c227" executionId="4edb8b82-6731-426a-9089-68aee559dd2f" testListId="8c84fa94-04c1-424b-9868-57a2d4851a1d" />
    <TestEntry testId="d2ebcdb0-238b-cbb7-f625-318772534557" executionId="de77fe68-7297-4e06-b5a3-3a6c1e3e5966" testListId="8c84fa94-04c1-424b-9868-57a2d4851a1d" />
    <TestEntry testId="ac0a91f2-dd7a-5fc1-8193-eac940cd0656" executionId="8e095c42-8cb7-4120-8d49-9f23390021d7" testListId="8c84fa94-04c1-424b-9868-57a2d4851a1d" />
    <TestEntry testId="fd4a59cc-11a9-fb21-8351-7acacb7d6743" executionId="a41d7cb7-f55f-4b3d-8740-b0a88a81985b" testListId="8c84fa94-04c1-424b-9868-57a2d4851a1d" />
    <TestEntry testId="70bec1df-5a68-44f4-dc37-08e0c2b5dd45" executionId="2e37d201-6c08-4026-835d-1511063d6c8d" testListId="8c84fa94-04c1-424b-9868-57a2d4851a1d" />
    <TestEntry testId="0d4c793d-3e33-a08f-1290-d7f68ea68b15" executionId="0d1b922f-ada0-41db-9040-c5d4ee311389" testListId="8c84fa94-04c1-424b-9868-57a2d4851a1d" />
    <TestEntry testId="5528f4d8-ebd5-6f1e-e4bf-3f7dddfcc499" executionId="bc23c319-0b19-46ad-a9fa-ece7e8eb6c4e" testListId="8c84fa94-04c1-424b-9868-57a2d4851a1d" />
    <TestEntry testId="0b31d2fc-41d9-baed-8aab-114ee6aaff9e" executionId="99ea896f-d48e-41d3-a876-4084fb3671b0" testListId="8c84fa94-04c1-424b-9868-57a2d4851a1d" />
    <TestEntry testId="562129e5-360d-2549-3c09-e4b49f36264d" executionId="b795163d-6bdf-425c-b1e6-78a809836e51" testListId="8c84fa94-04c1-424b-9868-57a2d4851a1d" />
    <TestEntry testId="71b016af-5365-c420-5627-629663f2e7e7" executionId="79aad154-0a3f-4d7f-a724-29483fca509c" testListId="8c84fa94-04c1-424b-9868-57a2d4851a1d" />
    <TestEntry testId="606a7735-aef6-0113-4704-36b83853043c" executionId="9febcd7c-1411-4596-af87-7aac4fe966ff" testListId="8c84fa94-04c1-424b-9868-57a2d4851a1d" />
    <TestEntry testId="fa88707c-fe6b-f9d4-e057-126c8ed49b45" executionId="ea4a0273-aaa2-45a1-8cdc-4d92a0b2b9bf" testListId="8c84fa94-04c1-424b-9868-57a2d4851a1d" />
    <TestEntry testId="d06109ca-bc0c-33f1-28f4-f8127946b5ef" executionId="31b5d52c-ad2a-4080-a249-182022af0602" testListId="8c84fa94-04c1-424b-9868-57a2d4851a1d" />
    <TestEntry testId="8f694c62-d589-ac54-3491-78ce2e9f9173" executionId="40feb6b3-1b52-42c0-8f14-1a901a26f4e5" testListId="8c84fa94-04c1-424b-9868-57a2d4851a1d" />
    <TestEntry testId="35ba7772-dced-01ec-65bd-9f0afe402f1a" executionId="376a387a-22c5-42a7-adfd-e90af16fd7c6" testListId="8c84fa94-04c1-424b-9868-57a2d4851a1d" />
    <TestEntry testId="0377b2ee-902b-c8d6-74bf-d614453dc1d9" executionId="7e39589e-b245-4be5-8475-f8c78f8c0ba9" testListId="8c84fa94-04c1-424b-9868-57a2d4851a1d" />
    <TestEntry testId="616fe719-bf7f-7000-9e32-4cae5f1dd897" executionId="aa96715b-4e12-49f1-85b8-e36e1a13973e" testListId="8c84fa94-04c1-424b-9868-57a2d4851a1d" />
  </TestEntries>
  <TestLists>
    <TestList name="Results Not in a List" id="8c84fa94-04c1-424b-9868-57a2d4851a1d" />
    <TestList name="All Loaded Results" id="19431567-8539-422a-85d7-44ee4e166bda" />
  </TestLists>
  <ResultSummary outcome="Completed">
    <Counters total="353" executed="353" passed="353" failed="0" error="0" timeout="0" aborted="0" inconclusive="0" passedButRunAborted="0" notRunnable="0" notExecuted="0" disconnected="0" warning="0" completed="0" inProgress="0" pending="0" />
    <Output>
      <StdOut>NUnit Adapter 3.17.0.0: Test execution started&#xD;
Running all tests in C:\Users\ericcarlson\Documents\GitHub\pickles\src\Pickles.TestFrameworks.UnitTests\bin\Debug\net6.0\PicklesDoc.Pickles.TestFrameworks.UnitTests.dll&#xD;
   NUnit3TestExecutor discovered 353 of 353 NUnit test cases&#xD;
NUnit Adapter 3.17.0.0: Test execution complete&#xD;
</StdOut>
    </Output>
  </ResultSummary>
</TestRun>