<?xml version="1.0" encoding="utf-8"?>
<TestRun id="fa3bce9e-6c5d-4657-b57e-ce56a19dd661" name="ericcarlson@ERICCARLSONBBE6 2022-11-23 12:19:37" runUser="ERICCARLSONBBE6\ericcarlson" xmlns="http://microsoft.com/schemas/VisualStudio/TeamTest/2010">
  <Times creation="2022-11-23T12:19:37.0297733-05:00" queuing="2022-11-23T12:19:37.0297735-05:00" start="2022-11-23T12:19:32.9345820-05:00" finish="2022-11-23T12:19:37.0350458-05:00" />
  <TestSettings name="default" id="458e8896-565d-4afa-86a6-e264b9c22529">
    <Deployment runDeploymentRoot="ericcarlson_ERICCARLSONBBE6_2022-11-23_12_19_37" />
  </TestSettings>
  <Results>
    <UnitTestResult executionId="9f53043e-20db-4232-8b61-df8f058fc000" testId="f1333ab2-3b88-68fb-4397-9c0dea5e9c51" testName="CanAddFunctionWrapperAroundJson" computerName="ERICCARLSONBBE6" duration="00:00:00.1271180" startTime="2022-11-23T12:19:36.4423975-05:00" endTime="2022-11-23T12:19:36.5694451-05:00" testType="13cdc9d9-ddb5-4fa4-a97d-d965ccfc6d4b" outcome="Passed" testListId="8c84fa94-04c1-424b-9868-57a2d4851a1d" relativeResultsDirectory="9f53043e-20db-4232-8b61-df8f058fc000" />
    <UnitTestResult executionId="69ac5b92-9ca8-4832-b389-3f01f5e5e6b7" testId="60f0324a-6bff-8fe0-f447-001f5d9a9df1" testName="TestTheResourceWriter" computerName="ERICCARLSONBBE6" duration="00:00:00.3797350" startTime="2022-11-23T12:19:36.5772832-05:00" endTime="2022-11-23T12:19:36.9570184-05:00" testType="13cdc9d9-ddb5-4fa4-a97d-d965ccfc6d4b" outcome="Passed" testListId="8c84fa94-04c1-424b-9868-57a2d4851a1d" relativeResultsDirectory="69ac5b92-9ca8-4832-b389-3f01f5e5e6b7" />
    <UnitTestResult executionId="f5c1d362-382f-43a6-8068-0a9fb2a9a753" testId="cda15230-9dee-6fe3-1218-a25c1c5d77a2" testName="CanRenameJsonFile" computerName="ERICCARLSONBBE6" duration="00:00:00.0062780" startTime="2022-11-23T12:19:36.5709778-05:00" endTime="2022-11-23T12:19:36.5772558-05:00" testType="13cdc9d9-ddb5-4fa4-a97d-d965ccfc6d4b" outcome="Passed" testListId="8c84fa94-04c1-424b-9868-57a2d4851a1d" relativeResultsDirectory="f5c1d362-382f-43a6-8068-0a9fb2a9a753" />
  </Results>
  <TestDefinitions>
    <UnitTest name="CanRenameJsonFile" storage="c:\users\ericcarlson\documents\github\pickles\src\pickles.documentationbuilders.dhtml.unittests\bin\debug\net6.0\picklesdoc.pickles.documentationbuilders.dhtml.unittests.dll" id="cda15230-9dee-6fe3-1218-a25c1c5d77a2">
      <Execution id="f5c1d362-382f-43a6-8068-0a9fb2a9a753" />
      <TestMethod codeBase="C:\Users\ericcarlson\documents\github\pickles\src\Pickles.DocumentationBuilders.Dhtml.UnitTests\bin\Debug\net6.0\PicklesDoc.Pickles.DocumentationBuilders.Dhtml.UnitTests.dll" adapterTypeName="executor://nunit3testexecutor/" className="PicklesDoc.Pickles.DocumentationBuilders.Dhtml.UnitTests.WhenDoingSomeIntegrationTests" name="CanRenameJsonFile" />
    </UnitTest>
    <UnitTest name="TestTheResourceWriter" storage="c:\users\ericcarlson\documents\github\pickles\src\pickles.documentationbuilders.dhtml.unittests\bin\debug\net6.0\picklesdoc.pickles.documentationbuilders.dhtml.unittests.dll" id="60f0324a-6bff-8fe0-f447-001f5d9a9df1">
      <Execution id="69ac5b92-9ca8-4832-b389-3f01f5e5e6b7" />
      <TestMethod codeBase="C:\Users\ericcarlson\documents\github\pickles\src\Pickles.DocumentationBuilders.Dhtml.UnitTests\bin\Debug\net6.0\PicklesDoc.Pickles.DocumentationBuilders.Dhtml.UnitTests.dll" adapterTypeName="executor://nunit3testexecutor/" className="PicklesDoc.Pickles.DocumentationBuilders.Dhtml.UnitTests.WhenDoingSomeIntegrationTests" name="TestTheResourceWriter" />
    </UnitTest>
    <UnitTest name="CanAddFunctionWrapperAroundJson" storage="c:\users\ericcarlson\documents\github\pickles\src\pickles.documentationbuilders.dhtml.unittests\bin\debug\net6.0\picklesdoc.pickles.documentationbuilders.dhtml.unittests.dll" id="f1333ab2-3b88-68fb-4397-9c0dea5e9c51">
      <Execution id="9f53043e-20db-4232-8b61-df8f058fc000" />
      <TestMethod codeBase="C:\Users\ericcarlson\documents\github\pickles\src\Pickles.DocumentationBuilders.Dhtml.UnitTests\bin\Debug\net6.0\PicklesDoc.Pickles.DocumentationBuilders.Dhtml.UnitTests.dll" adapterTypeName="executor://nunit3testexecutor/" className="PicklesDoc.Pickles.DocumentationBuilders.Dhtml.UnitTests.WhenDoingSomeIntegrationTests" name="CanAddFunctionWrapperAroundJson" />
    </UnitTest>
  </TestDefinitions>
  <TestEntries>
    <TestEntry testId="f1333ab2-3b88-68fb-4397-9c0dea5e9c51" executionId="9f53043e-20db-4232-8b61-df8f058fc000" testListId="8c84fa94-04c1-424b-9868-57a2d4851a1d" />
    <TestEntry testId="60f0324a-6bff-8fe0-f447-001f5d9a9df1" executionId="69ac5b92-9ca8-4832-b389-3f01f5e5e6b7" testListId="8c84fa94-04c1-424b-9868-57a2d4851a1d" />
    <TestEntry testId="cda15230-9dee-6fe3-1218-a25c1c5d77a2" executionId="f5c1d362-382f-43a6-8068-0a9fb2a9a753" testListId="8c84fa94-04c1-424b-9868-57a2d4851a1d" />
  </TestEntries>
  <TestLists>
    <TestList name="Results Not in a List" id="8c84fa94-04c1-424b-9868-57a2d4851a1d" />
    <TestList name="All Loaded Results" id="19431567-8539-422a-85d7-44ee4e166bda" />
  </TestLists>
  <ResultSummary outcome="Completed">
    <Counters total="3" executed="3" passed="3" failed="0" error="0" timeout="0" aborted="0" inconclusive="0" passedButRunAborted="0" notRunnable="0" notExecuted="0" disconnected="0" warning="0" completed="0" inProgress="0" pending="0" />
    <Output>
      <StdOut>NUnit Adapter 3.17.0.0: Test execution started&#xD;
Running all tests in C:\Users\ericcarlson\documents\github\pickles\src\Pickles.DocumentationBuilders.Dhtml.UnitTests\bin\Debug\net6.0\PicklesDoc.Pickles.DocumentationBuilders.Dhtml.UnitTests.dll&#xD;
   NUnit3TestExecutor discovered 3 of 3 NUnit test cases&#xD;
NUnit Adapter 3.17.0.0: Test execution complete&#xD;
</StdOut>
    </Output>
  </ResultSummary>
</TestRun>