<?xml version="1.0" encoding="utf-8"?>
<TestRun id="d97ea098-c18e-4f67-a54a-337917da707a" name="ericcarlson@ERICCARLSONBBE6 2022-05-04 14:46:21" runUser="ERICCARLSONBBE6\ericcarlson" xmlns="http://microsoft.com/schemas/VisualStudio/TeamTest/2010">
  <Times creation="2022-05-04T14:46:21.4012620-04:00" queuing="2022-05-04T14:46:21.4012621-04:00" start="2022-05-04T14:46:18.0247674-04:00" finish="2022-05-04T14:46:21.4076135-04:00" />
  <TestSettings name="default" id="ef874329-7cec-4582-9c0f-bf2742dd1ff1">
    <Deployment runDeploymentRoot="ericcarlson_ERICCARLSONBBE6_2022-05-04_14_46_21" />
  </TestSettings>
  <Results>
    <UnitTestResult executionId="1cd609b4-fc00-48e2-96d5-fe46867d9fa1" testId="f1333ab2-3b88-68fb-4397-9c0dea5e9c51" testName="CanAddFunctionWrapperAroundJson" computerName="ERICCARLSONBBE6" duration="00:00:00.1093560" startTime="2022-05-04T14:46:21.0967132-04:00" endTime="2022-05-04T14:46:21.2060006-04:00" testType="13cdc9d9-ddb5-4fa4-a97d-d965ccfc6d4b" outcome="Passed" testListId="8c84fa94-04c1-424b-9868-57a2d4851a1d" relativeResultsDirectory="1cd609b4-fc00-48e2-96d5-fe46867d9fa1" />
    <UnitTestResult executionId="1094d78e-7050-4363-ae88-4940cdaf9103" testId="60f0324a-6bff-8fe0-f447-001f5d9a9df1" testName="TestTheResourceWriter" computerName="ERICCARLSONBBE6" duration="00:00:00.1133440" startTime="2022-05-04T14:46:21.2169231-04:00" endTime="2022-05-04T14:46:21.3302673-04:00" testType="13cdc9d9-ddb5-4fa4-a97d-d965ccfc6d4b" outcome="Passed" testListId="8c84fa94-04c1-424b-9868-57a2d4851a1d" relativeResultsDirectory="1094d78e-7050-4363-ae88-4940cdaf9103" />
    <UnitTestResult executionId="eaa51729-f1fb-4b94-9605-c040a3ebd2ec" testId="cda15230-9dee-6fe3-1218-a25c1c5d77a2" testName="CanRenameJsonFile" computerName="ERICCARLSONBBE6" duration="00:00:00.0059270" startTime="2022-05-04T14:46:21.2109500-04:00" endTime="2022-05-04T14:46:21.2168782-04:00" testType="13cdc9d9-ddb5-4fa4-a97d-d965ccfc6d4b" outcome="Passed" testListId="8c84fa94-04c1-424b-9868-57a2d4851a1d" relativeResultsDirectory="eaa51729-f1fb-4b94-9605-c040a3ebd2ec" />
  </Results>
  <TestDefinitions>
    <UnitTest name="CanRenameJsonFile" storage="c:\users\ericcarlson\documents\github\pickles\src\pickles.documentationbuilders.dhtml.unittests\bin\debug\net6.0\picklesdoc.pickles.documentationbuilders.dhtml.unittests.dll" id="cda15230-9dee-6fe3-1218-a25c1c5d77a2">
      <Execution id="eaa51729-f1fb-4b94-9605-c040a3ebd2ec" />
      <TestMethod codeBase="C:\Users\ericcarlson\Documents\GitHub\pickles\src\Pickles.DocumentationBuilders.Dhtml.UnitTests\bin\Debug\net6.0\PicklesDoc.Pickles.DocumentationBuilders.Dhtml.UnitTests.dll" adapterTypeName="executor://nunit3testexecutor/" className="PicklesDoc.Pickles.DocumentationBuilders.Dhtml.UnitTests.WhenDoingSomeIntegrationTests" name="CanRenameJsonFile" />
    </UnitTest>
    <UnitTest name="TestTheResourceWriter" storage="c:\users\ericcarlson\documents\github\pickles\src\pickles.documentationbuilders.dhtml.unittests\bin\debug\net6.0\picklesdoc.pickles.documentationbuilders.dhtml.unittests.dll" id="60f0324a-6bff-8fe0-f447-001f5d9a9df1">
      <Execution id="1094d78e-7050-4363-ae88-4940cdaf9103" />
      <TestMethod codeBase="C:\Users\ericcarlson\Documents\GitHub\pickles\src\Pickles.DocumentationBuilders.Dhtml.UnitTests\bin\Debug\net6.0\PicklesDoc.Pickles.DocumentationBuilders.Dhtml.UnitTests.dll" adapterTypeName="executor://nunit3testexecutor/" className="PicklesDoc.Pickles.DocumentationBuilders.Dhtml.UnitTests.WhenDoingSomeIntegrationTests" name="TestTheResourceWriter" />
    </UnitTest>
    <UnitTest name="CanAddFunctionWrapperAroundJson" storage="c:\users\ericcarlson\documents\github\pickles\src\pickles.documentationbuilders.dhtml.unittests\bin\debug\net6.0\picklesdoc.pickles.documentationbuilders.dhtml.unittests.dll" id="f1333ab2-3b88-68fb-4397-9c0dea5e9c51">
      <Execution id="1cd609b4-fc00-48e2-96d5-fe46867d9fa1" />
      <TestMethod codeBase="C:\Users\ericcarlson\Documents\GitHub\pickles\src\Pickles.DocumentationBuilders.Dhtml.UnitTests\bin\Debug\net6.0\PicklesDoc.Pickles.DocumentationBuilders.Dhtml.UnitTests.dll" adapterTypeName="executor://nunit3testexecutor/" className="PicklesDoc.Pickles.DocumentationBuilders.Dhtml.UnitTests.WhenDoingSomeIntegrationTests" name="CanAddFunctionWrapperAroundJson" />
    </UnitTest>
  </TestDefinitions>
  <TestEntries>
    <TestEntry testId="f1333ab2-3b88-68fb-4397-9c0dea5e9c51" executionId="1cd609b4-fc00-48e2-96d5-fe46867d9fa1" testListId="8c84fa94-04c1-424b-9868-57a2d4851a1d" />
    <TestEntry testId="60f0324a-6bff-8fe0-f447-001f5d9a9df1" executionId="1094d78e-7050-4363-ae88-4940cdaf9103" testListId="8c84fa94-04c1-424b-9868-57a2d4851a1d" />
    <TestEntry testId="cda15230-9dee-6fe3-1218-a25c1c5d77a2" executionId="eaa51729-f1fb-4b94-9605-c040a3ebd2ec" testListId="8c84fa94-04c1-424b-9868-57a2d4851a1d" />
  </TestEntries>
  <TestLists>
    <TestList name="Results Not in a List" id="8c84fa94-04c1-424b-9868-57a2d4851a1d" />
    <TestList name="All Loaded Results" id="19431567-8539-422a-85d7-44ee4e166bda" />
  </TestLists>
  <ResultSummary outcome="Completed">
    <Counters total="3" executed="3" passed="3" failed="0" error="0" timeout="0" aborted="0" inconclusive="0" passedButRunAborted="0" notRunnable="0" notExecuted="0" disconnected="0" warning="0" completed="0" inProgress="0" pending="0" />
    <Output>
      <StdOut>NUnit Adapter 3.17.0.0: Test execution started&#xD;
Running all tests in C:\Users\ericcarlson\Documents\GitHub\pickles\src\Pickles.DocumentationBuilders.Dhtml.UnitTests\bin\Debug\net6.0\PicklesDoc.Pickles.DocumentationBuilders.Dhtml.UnitTests.dll&#xD;
   NUnit3TestExecutor discovered 3 of 3 NUnit test cases&#xD;
NUnit Adapter 3.17.0.0: Test execution complete&#xD;
</StdOut>
    </Output>
  </ResultSummary>
</TestRun>