<?xml version="1.0" encoding="utf-8"?>
<TestRun id="61e43b38-b745-454e-80c4-af24f557376e" name="ericcarlson@ERICCARLSONBBE6 2022-05-09 16:19:18" runUser="ERICCARLSONBBE6\ericcarlson" xmlns="http://microsoft.com/schemas/VisualStudio/TeamTest/2010">
  <Times creation="2022-05-09T16:19:18.0712079-04:00" queuing="2022-05-09T16:19:18.0712080-04:00" start="2022-05-09T16:19:16.1250306-04:00" finish="2022-05-09T16:19:18.0763253-04:00" />
  <TestSettings name="default" id="91b01a3e-546b-4127-ac46-479c5e78dee2">
    <Deployment runDeploymentRoot="ericcarlson_ERICCARLSONBBE6_2022-05-09_16_19_18" />
  </TestSettings>
  <Results>
    <UnitTestResult executionId="383b5770-dd7c-4cab-8362-7539f0e98195" testId="84c840c6-def3-f8b5-446a-2ca10eac9c81" testName="AllTags_NoTagsInFeatureElementAndInFeature_ReturnsEmptyList" computerName="ERICCARLSONBBE6" duration="00:00:00.0326040" startTime="2022-05-09T16:19:17.9240624-04:00" endTime="2022-05-09T16:19:17.9565846-04:00" testType="13cdc9d9-ddb5-4fa4-a97d-d965ccfc6d4b" outcome="Passed" testListId="8c84fa94-04c1-424b-9868-57a2d4851a1d" relativeResultsDirectory="383b5770-dd7c-4cab-8362-7539f0e98195" />
    <UnitTestResult executionId="934f85eb-1f66-4ae1-9bb1-734051c0a479" testId="26d00b18-4ae6-a4ee-cfe5-51f0b401a468" testName="AllTags_TagsInFeatureElement_ReturnsTags" computerName="ERICCARLSONBBE6" duration="00:00:00.0020020" startTime="2022-05-09T16:19:17.9657582-04:00" endTime="2022-05-09T16:19:17.9677606-04:00" testType="13cdc9d9-ddb5-4fa4-a97d-d965ccfc6d4b" outcome="Passed" testListId="8c84fa94-04c1-424b-9868-57a2d4851a1d" relativeResultsDirectory="934f85eb-1f66-4ae1-9bb1-734051c0a479" />
    <UnitTestResult executionId="b5ab5d9f-7465-4529-91a6-c3b2aeb5fbe7" testId="5b98b001-80ec-3c39-0a53-5664dded3676" testName="AllTags_TagsInScenarioElement_ReturnsTags" computerName="ERICCARLSONBBE6" duration="00:00:00.0001950" startTime="2022-05-09T16:19:17.9677745-04:00" endTime="2022-05-09T16:19:17.9679689-04:00" testType="13cdc9d9-ddb5-4fa4-a97d-d965ccfc6d4b" outcome="Passed" testListId="8c84fa94-04c1-424b-9868-57a2d4851a1d" relativeResultsDirectory="b5ab5d9f-7465-4529-91a6-c3b2aeb5fbe7" />
    <UnitTestResult executionId="84245baf-f07d-4550-97b8-cbca5a6294cc" testId="8d011fee-7a8e-7bf7-d3f5-7161ecc0d0a3" testName="AllTags_NullArgument_ThrowsNullReferenceException" computerName="ERICCARLSONBBE6" duration="00:00:00.0046800" startTime="2022-05-09T16:19:17.9582203-04:00" endTime="2022-05-09T16:19:17.9629001-04:00" testType="13cdc9d9-ddb5-4fa4-a97d-d965ccfc6d4b" outcome="Passed" testListId="8c84fa94-04c1-424b-9868-57a2d4851a1d" relativeResultsDirectory="84245baf-f07d-4550-97b8-cbca5a6294cc" />
    <UnitTestResult executionId="12cc9ee4-e135-49d0-ab5d-1ae7e9ea7b4b" testId="cc93a4b7-9290-755a-31cf-84b614824764" testName="AllTags_TagsBothInScenarioAndInFeatureElement_ReturnsEachTagOnlyOnce" computerName="ERICCARLSONBBE6" duration="00:00:00.0028210" startTime="2022-05-09T16:19:17.9629232-04:00" endTime="2022-05-09T16:19:17.9657439-04:00" testType="13cdc9d9-ddb5-4fa4-a97d-d965ccfc6d4b" outcome="Passed" testListId="8c84fa94-04c1-424b-9868-57a2d4851a1d" relativeResultsDirectory="12cc9ee4-e135-49d0-ab5d-1ae7e9ea7b4b" />
  </Results>
  <TestDefinitions>
    <UnitTest name="AllTags_NullArgument_ThrowsNullReferenceException" storage="c:\users\ericcarlson\documents\github\pickles\src\pickles.documentationbuilders.json.unittests\bin\debug\net6.0\picklesdoc.pickles.documentationbuilders.json.unittests.dll" id="8d011fee-7a8e-7bf7-d3f5-7161ecc0d0a3">
      <Execution id="84245baf-f07d-4550-97b8-cbca5a6294cc" />
      <TestMethod codeBase="C:\Users\ericcarlson\Documents\GitHub\pickles\src\Pickles.DocumentationBuilders.Json.UnitTests\bin\Debug\net6.0\PicklesDoc.Pickles.DocumentationBuilders.Json.UnitTests.dll" adapterTypeName="executor://nunit3testexecutor/" className="PicklesDoc.Pickles.DocumentationBuilders.Json.UnitTests.IJsonFeatureElementExtensionsTests" name="AllTags_NullArgument_ThrowsNullReferenceException" />
    </UnitTest>
    <UnitTest name="AllTags_TagsInScenarioElement_ReturnsTags" storage="c:\users\ericcarlson\documents\github\pickles\src\pickles.documentationbuilders.json.unittests\bin\debug\net6.0\picklesdoc.pickles.documentationbuilders.json.unittests.dll" id="5b98b001-80ec-3c39-0a53-5664dded3676">
      <Execution id="b5ab5d9f-7465-4529-91a6-c3b2aeb5fbe7" />
      <TestMethod codeBase="C:\Users\ericcarlson\Documents\GitHub\pickles\src\Pickles.DocumentationBuilders.Json.UnitTests\bin\Debug\net6.0\PicklesDoc.Pickles.DocumentationBuilders.Json.UnitTests.dll" adapterTypeName="executor://nunit3testexecutor/" className="PicklesDoc.Pickles.DocumentationBuilders.Json.UnitTests.IJsonFeatureElementExtensionsTests" name="AllTags_TagsInScenarioElement_ReturnsTags" />
    </UnitTest>
    <UnitTest name="AllTags_TagsInFeatureElement_ReturnsTags" storage="c:\users\ericcarlson\documents\github\pickles\src\pickles.documentationbuilders.json.unittests\bin\debug\net6.0\picklesdoc.pickles.documentationbuilders.json.unittests.dll" id="26d00b18-4ae6-a4ee-cfe5-51f0b401a468">
      <Execution id="934f85eb-1f66-4ae1-9bb1-734051c0a479" />
      <TestMethod codeBase="C:\Users\ericcarlson\Documents\GitHub\pickles\src\Pickles.DocumentationBuilders.Json.UnitTests\bin\Debug\net6.0\PicklesDoc.Pickles.DocumentationBuilders.Json.UnitTests.dll" adapterTypeName="executor://nunit3testexecutor/" className="PicklesDoc.Pickles.DocumentationBuilders.Json.UnitTests.IJsonFeatureElementExtensionsTests" name="AllTags_TagsInFeatureElement_ReturnsTags" />
    </UnitTest>
    <UnitTest name="AllTags_NoTagsInFeatureElementAndInFeature_ReturnsEmptyList" storage="c:\users\ericcarlson\documents\github\pickles\src\pickles.documentationbuilders.json.unittests\bin\debug\net6.0\picklesdoc.pickles.documentationbuilders.json.unittests.dll" id="84c840c6-def3-f8b5-446a-2ca10eac9c81">
      <Execution id="383b5770-dd7c-4cab-8362-7539f0e98195" />
      <TestMethod codeBase="C:\Users\ericcarlson\Documents\GitHub\pickles\src\Pickles.DocumentationBuilders.Json.UnitTests\bin\Debug\net6.0\PicklesDoc.Pickles.DocumentationBuilders.Json.UnitTests.dll" adapterTypeName="executor://nunit3testexecutor/" className="PicklesDoc.Pickles.DocumentationBuilders.Json.UnitTests.IJsonFeatureElementExtensionsTests" name="AllTags_NoTagsInFeatureElementAndInFeature_ReturnsEmptyList" />
    </UnitTest>
    <UnitTest name="AllTags_TagsBothInScenarioAndInFeatureElement_ReturnsEachTagOnlyOnce" storage="c:\users\ericcarlson\documents\github\pickles\src\pickles.documentationbuilders.json.unittests\bin\debug\net6.0\picklesdoc.pickles.documentationbuilders.json.unittests.dll" id="cc93a4b7-9290-755a-31cf-84b614824764">
      <Execution id="12cc9ee4-e135-49d0-ab5d-1ae7e9ea7b4b" />
      <TestMethod codeBase="C:\Users\ericcarlson\Documents\GitHub\pickles\src\Pickles.DocumentationBuilders.Json.UnitTests\bin\Debug\net6.0\PicklesDoc.Pickles.DocumentationBuilders.Json.UnitTests.dll" adapterTypeName="executor://nunit3testexecutor/" className="PicklesDoc.Pickles.DocumentationBuilders.Json.UnitTests.IJsonFeatureElementExtensionsTests" name="AllTags_TagsBothInScenarioAndInFeatureElement_ReturnsEachTagOnlyOnce" />
    </UnitTest>
  </TestDefinitions>
  <TestEntries>
    <TestEntry testId="84c840c6-def3-f8b5-446a-2ca10eac9c81" executionId="383b5770-dd7c-4cab-8362-7539f0e98195" testListId="8c84fa94-04c1-424b-9868-57a2d4851a1d" />
    <TestEntry testId="26d00b18-4ae6-a4ee-cfe5-51f0b401a468" executionId="934f85eb-1f66-4ae1-9bb1-734051c0a479" testListId="8c84fa94-04c1-424b-9868-57a2d4851a1d" />
    <TestEntry testId="5b98b001-80ec-3c39-0a53-5664dded3676" executionId="b5ab5d9f-7465-4529-91a6-c3b2aeb5fbe7" testListId="8c84fa94-04c1-424b-9868-57a2d4851a1d" />
    <TestEntry testId="8d011fee-7a8e-7bf7-d3f5-7161ecc0d0a3" executionId="84245baf-f07d-4550-97b8-cbca5a6294cc" testListId="8c84fa94-04c1-424b-9868-57a2d4851a1d" />
    <TestEntry testId="cc93a4b7-9290-755a-31cf-84b614824764" executionId="12cc9ee4-e135-49d0-ab5d-1ae7e9ea7b4b" testListId="8c84fa94-04c1-424b-9868-57a2d4851a1d" />
  </TestEntries>
  <TestLists>
    <TestList name="Results Not in a List" id="8c84fa94-04c1-424b-9868-57a2d4851a1d" />
    <TestList name="All Loaded Results" id="19431567-8539-422a-85d7-44ee4e166bda" />
  </TestLists>
  <ResultSummary outcome="Completed">
    <Counters total="5" executed="5" passed="5" failed="0" error="0" timeout="0" aborted="0" inconclusive="0" passedButRunAborted="0" notRunnable="0" notExecuted="0" disconnected="0" warning="0" completed="0" inProgress="0" pending="0" />
    <Output>
      <StdOut>NUnit Adapter 3.17.0.0: Test execution started&#xD;
Running all tests in C:\Users\ericcarlson\Documents\GitHub\pickles\src\Pickles.DocumentationBuilders.Json.UnitTests\bin\Debug\net6.0\PicklesDoc.Pickles.DocumentationBuilders.Json.UnitTests.dll&#xD;
   NUnit3TestExecutor discovered 5 of 5 NUnit test cases&#xD;
NUnit Adapter 3.17.0.0: Test execution complete&#xD;
</StdOut>
    </Output>
  </ResultSummary>
</TestRun>