<?xml version="1.0" encoding="utf-8"?>
<TestRun id="1b5e86a8-f3f9-4f7c-8826-192c8b78ba7c" name="ericcarlson@ERICCARLSONBBE6 2022-11-23 12:19:32" runUser="ERICCARLSONBBE6\ericcarlson" xmlns="http://microsoft.com/schemas/VisualStudio/TeamTest/2010">
  <Times creation="2022-11-23T12:19:32.5624874-05:00" queuing="2022-11-23T12:19:32.5624878-05:00" start="2022-11-23T12:19:30.0221322-05:00" finish="2022-11-23T12:19:32.5685190-05:00" />
  <TestSettings name="default" id="3744b8ac-a664-46e5-8451-9cbf1cd88e15">
    <Deployment runDeploymentRoot="ericcarlson_ERICCARLSONBBE6_2022-11-23_12_19_32" />
  </TestSettings>
  <Results>
    <UnitTestResult executionId="e693eda0-f54f-417a-8c1a-a70359d9c864" testId="8d011fee-7a8e-7bf7-d3f5-7161ecc0d0a3" testName="AllTags_NullArgument_ThrowsNullReferenceException" computerName="ERICCARLSONBBE6" duration="00:00:00.0038620" startTime="2022-11-23T12:19:32.4348940-05:00" endTime="2022-11-23T12:19:32.4387562-05:00" testType="13cdc9d9-ddb5-4fa4-a97d-d965ccfc6d4b" outcome="Passed" testListId="8c84fa94-04c1-424b-9868-57a2d4851a1d" relativeResultsDirectory="e693eda0-f54f-417a-8c1a-a70359d9c864" />
    <UnitTestResult executionId="b30276cc-7989-41e6-ac8a-caa7343d456b" testId="84c840c6-def3-f8b5-446a-2ca10eac9c81" testName="AllTags_NoTagsInFeatureElementAndInFeature_ReturnsEmptyList" computerName="ERICCARLSONBBE6" duration="00:00:00.0356730" startTime="2022-11-23T12:19:32.3945957-05:00" endTime="2022-11-23T12:19:32.4301996-05:00" testType="13cdc9d9-ddb5-4fa4-a97d-d965ccfc6d4b" outcome="Passed" testListId="8c84fa94-04c1-424b-9868-57a2d4851a1d" relativeResultsDirectory="b30276cc-7989-41e6-ac8a-caa7343d456b" />
    <UnitTestResult executionId="925af424-81c9-4a19-97b7-07db65218912" testId="5b98b001-80ec-3c39-0a53-5664dded3676" testName="AllTags_TagsInScenarioElement_ReturnsTags" computerName="ERICCARLSONBBE6" duration="00:00:00.0001480" startTime="2022-11-23T12:19:32.4434648-05:00" endTime="2022-11-23T12:19:32.4436130-05:00" testType="13cdc9d9-ddb5-4fa4-a97d-d965ccfc6d4b" outcome="Passed" testListId="8c84fa94-04c1-424b-9868-57a2d4851a1d" relativeResultsDirectory="925af424-81c9-4a19-97b7-07db65218912" />
    <UnitTestResult executionId="eecf0191-2ed8-4830-b4da-5c26949c0e9f" testId="26d00b18-4ae6-a4ee-cfe5-51f0b401a468" testName="AllTags_TagsInFeatureElement_ReturnsTags" computerName="ERICCARLSONBBE6" duration="00:00:00.0018380" startTime="2022-11-23T12:19:32.4414534-05:00" endTime="2022-11-23T12:19:32.4432915-05:00" testType="13cdc9d9-ddb5-4fa4-a97d-d965ccfc6d4b" outcome="Passed" testListId="8c84fa94-04c1-424b-9868-57a2d4851a1d" relativeResultsDirectory="eecf0191-2ed8-4830-b4da-5c26949c0e9f" />
    <UnitTestResult executionId="4ca38bd4-ca3c-482c-a7dc-1ebb9a4a3f10" testId="cc93a4b7-9290-755a-31cf-84b614824764" testName="AllTags_TagsBothInScenarioAndInFeatureElement_ReturnsEachTagOnlyOnce" computerName="ERICCARLSONBBE6" duration="00:00:00.0022810" startTime="2022-11-23T12:19:32.4389132-05:00" endTime="2022-11-23T12:19:32.4411944-05:00" testType="13cdc9d9-ddb5-4fa4-a97d-d965ccfc6d4b" outcome="Passed" testListId="8c84fa94-04c1-424b-9868-57a2d4851a1d" relativeResultsDirectory="4ca38bd4-ca3c-482c-a7dc-1ebb9a4a3f10" />
  </Results>
  <TestDefinitions>
    <UnitTest name="AllTags_NullArgument_ThrowsNullReferenceException" storage="c:\users\ericcarlson\documents\github\pickles\src\pickles.documentationbuilders.json.unittests\bin\debug\net6.0\picklesdoc.pickles.documentationbuilders.json.unittests.dll" id="8d011fee-7a8e-7bf7-d3f5-7161ecc0d0a3">
      <Execution id="e693eda0-f54f-417a-8c1a-a70359d9c864" />
      <TestMethod codeBase="C:\Users\ericcarlson\documents\github\pickles\src\Pickles.DocumentationBuilders.Json.UnitTests\bin\Debug\net6.0\PicklesDoc.Pickles.DocumentationBuilders.Json.UnitTests.dll" adapterTypeName="executor://nunit3testexecutor/" className="PicklesDoc.Pickles.DocumentationBuilders.Json.UnitTests.IJsonFeatureElementExtensionsTests" name="AllTags_NullArgument_ThrowsNullReferenceException" />
    </UnitTest>
    <UnitTest name="AllTags_TagsInScenarioElement_ReturnsTags" storage="c:\users\ericcarlson\documents\github\pickles\src\pickles.documentationbuilders.json.unittests\bin\debug\net6.0\picklesdoc.pickles.documentationbuilders.json.unittests.dll" id="5b98b001-80ec-3c39-0a53-5664dded3676">
      <Execution id="925af424-81c9-4a19-97b7-07db65218912" />
      <TestMethod codeBase="C:\Users\ericcarlson\documents\github\pickles\src\Pickles.DocumentationBuilders.Json.UnitTests\bin\Debug\net6.0\PicklesDoc.Pickles.DocumentationBuilders.Json.UnitTests.dll" adapterTypeName="executor://nunit3testexecutor/" className="PicklesDoc.Pickles.DocumentationBuilders.Json.UnitTests.IJsonFeatureElementExtensionsTests" name="AllTags_TagsInScenarioElement_ReturnsTags" />
    </UnitTest>
    <UnitTest name="AllTags_TagsInFeatureElement_ReturnsTags" storage="c:\users\ericcarlson\documents\github\pickles\src\pickles.documentationbuilders.json.unittests\bin\debug\net6.0\picklesdoc.pickles.documentationbuilders.json.unittests.dll" id="26d00b18-4ae6-a4ee-cfe5-51f0b401a468">
      <Execution id="eecf0191-2ed8-4830-b4da-5c26949c0e9f" />
      <TestMethod codeBase="C:\Users\ericcarlson\documents\github\pickles\src\Pickles.DocumentationBuilders.Json.UnitTests\bin\Debug\net6.0\PicklesDoc.Pickles.DocumentationBuilders.Json.UnitTests.dll" adapterTypeName="executor://nunit3testexecutor/" className="PicklesDoc.Pickles.DocumentationBuilders.Json.UnitTests.IJsonFeatureElementExtensionsTests" name="AllTags_TagsInFeatureElement_ReturnsTags" />
    </UnitTest>
    <UnitTest name="AllTags_NoTagsInFeatureElementAndInFeature_ReturnsEmptyList" storage="c:\users\ericcarlson\documents\github\pickles\src\pickles.documentationbuilders.json.unittests\bin\debug\net6.0\picklesdoc.pickles.documentationbuilders.json.unittests.dll" id="84c840c6-def3-f8b5-446a-2ca10eac9c81">
      <Execution id="b30276cc-7989-41e6-ac8a-caa7343d456b" />
      <TestMethod codeBase="C:\Users\ericcarlson\documents\github\pickles\src\Pickles.DocumentationBuilders.Json.UnitTests\bin\Debug\net6.0\PicklesDoc.Pickles.DocumentationBuilders.Json.UnitTests.dll" adapterTypeName="executor://nunit3testexecutor/" className="PicklesDoc.Pickles.DocumentationBuilders.Json.UnitTests.IJsonFeatureElementExtensionsTests" name="AllTags_NoTagsInFeatureElementAndInFeature_ReturnsEmptyList" />
    </UnitTest>
    <UnitTest name="AllTags_TagsBothInScenarioAndInFeatureElement_ReturnsEachTagOnlyOnce" storage="c:\users\ericcarlson\documents\github\pickles\src\pickles.documentationbuilders.json.unittests\bin\debug\net6.0\picklesdoc.pickles.documentationbuilders.json.unittests.dll" id="cc93a4b7-9290-755a-31cf-84b614824764">
      <Execution id="4ca38bd4-ca3c-482c-a7dc-1ebb9a4a3f10" />
      <TestMethod codeBase="C:\Users\ericcarlson\documents\github\pickles\src\Pickles.DocumentationBuilders.Json.UnitTests\bin\Debug\net6.0\PicklesDoc.Pickles.DocumentationBuilders.Json.UnitTests.dll" adapterTypeName="executor://nunit3testexecutor/" className="PicklesDoc.Pickles.DocumentationBuilders.Json.UnitTests.IJsonFeatureElementExtensionsTests" name="AllTags_TagsBothInScenarioAndInFeatureElement_ReturnsEachTagOnlyOnce" />
    </UnitTest>
  </TestDefinitions>
  <TestEntries>
    <TestEntry testId="8d011fee-7a8e-7bf7-d3f5-7161ecc0d0a3" executionId="e693eda0-f54f-417a-8c1a-a70359d9c864" testListId="8c84fa94-04c1-424b-9868-57a2d4851a1d" />
    <TestEntry testId="84c840c6-def3-f8b5-446a-2ca10eac9c81" executionId="b30276cc-7989-41e6-ac8a-caa7343d456b" testListId="8c84fa94-04c1-424b-9868-57a2d4851a1d" />
    <TestEntry testId="5b98b001-80ec-3c39-0a53-5664dded3676" executionId="925af424-81c9-4a19-97b7-07db65218912" testListId="8c84fa94-04c1-424b-9868-57a2d4851a1d" />
    <TestEntry testId="26d00b18-4ae6-a4ee-cfe5-51f0b401a468" executionId="eecf0191-2ed8-4830-b4da-5c26949c0e9f" testListId="8c84fa94-04c1-424b-9868-57a2d4851a1d" />
    <TestEntry testId="cc93a4b7-9290-755a-31cf-84b614824764" executionId="4ca38bd4-ca3c-482c-a7dc-1ebb9a4a3f10" testListId="8c84fa94-04c1-424b-9868-57a2d4851a1d" />
  </TestEntries>
  <TestLists>
    <TestList name="Results Not in a List" id="8c84fa94-04c1-424b-9868-57a2d4851a1d" />
    <TestList name="All Loaded Results" id="19431567-8539-422a-85d7-44ee4e166bda" />
  </TestLists>
  <ResultSummary outcome="Completed">
    <Counters total="5" executed="5" passed="5" failed="0" error="0" timeout="0" aborted="0" inconclusive="0" passedButRunAborted="0" notRunnable="0" notExecuted="0" disconnected="0" warning="0" completed="0" inProgress="0" pending="0" />
    <Output>
      <StdOut>NUnit Adapter 3.17.0.0: Test execution started&#xD;
Running all tests in C:\Users\ericcarlson\documents\github\pickles\src\Pickles.DocumentationBuilders.Json.UnitTests\bin\Debug\net6.0\PicklesDoc.Pickles.DocumentationBuilders.Json.UnitTests.dll&#xD;
   NUnit3TestExecutor discovered 5 of 5 NUnit test cases&#xD;
NUnit Adapter 3.17.0.0: Test execution complete&#xD;
</StdOut>
    </Output>
  </ResultSummary>
</TestRun>