<?xml version="1.0" encoding="utf-8"?>
<TestRun id="1910a93d-1f5e-4d08-8b9e-d095e93edb0e" name="ericcarlson@ERICCARLSONBBE6 2022-05-04 14:46:23" runUser="ERICCARLSONBBE6\ericcarlson" xmlns="http://microsoft.com/schemas/VisualStudio/TeamTest/2010">
  <Times creation="2022-05-04T14:46:23.4591775-04:00" queuing="2022-05-04T14:46:23.4591778-04:00" start="2022-05-04T14:46:19.7342447-04:00" finish="2022-05-04T14:46:23.5067322-04:00" />
  <TestSettings name="default" id="556fa37f-15b7-400f-943d-6f3c25fb38f0">
    <Deployment runDeploymentRoot="ericcarlson_ERICCARLSONBBE6_2022-05-04_14_46_23" />
  </TestSettings>
  <Results>
    <UnitTestResult executionId="dbab0eb8-8b69-4219-8562-d5912b0eb3cc" testId="66e505dd-b9d3-8c56-240f-66c5922196e3" testName="ThenSingleScenarioAddedSuccessfully" computerName="ERICCARLSONBBE6" duration="00:00:00.0039430" startTime="2022-05-04T14:46:23.4261608-04:00" endTime="2022-05-04T14:46:23.4300913-04:00" testType="13cdc9d9-ddb5-4fa4-a97d-d965ccfc6d4b" outcome="Passed" testListId="8c84fa94-04c1-424b-9868-57a2d4851a1d" relativeResultsDirectory="dbab0eb8-8b69-4219-8562-d5912b0eb3cc" />
    <UnitTestResult executionId="4bd8ecbe-9aae-4fee-a072-c6e2c4be0ba0" testId="b85bf3ac-6868-c0eb-3900-afef7b580415" testName="ThenDocumentStringAddedSuccessfully" computerName="ERICCARLSONBBE6" duration="00:00:00.5133720" startTime="2022-05-04T14:46:22.7847843-04:00" endTime="2022-05-04T14:46:23.2980704-04:00" testType="13cdc9d9-ddb5-4fa4-a97d-d965ccfc6d4b" outcome="Passed" testListId="8c84fa94-04c1-424b-9868-57a2d4851a1d" relativeResultsDirectory="4bd8ecbe-9aae-4fee-a072-c6e2c4be0ba0" />
    <UnitTestResult executionId="9bbe82b6-cb79-43ff-9aed-208d1d5f76ee" testId="97021be5-75c0-469b-9dc3-9975e1789ed2" testName="ThenMultilineStepCommentsAreAddedSuccessfully" computerName="ERICCARLSONBBE6" duration="00:00:00.0010500" startTime="2022-05-04T14:46:23.4342671-04:00" endTime="2022-05-04T14:46:23.4353173-04:00" testType="13cdc9d9-ddb5-4fa4-a97d-d965ccfc6d4b" outcome="Passed" testListId="8c84fa94-04c1-424b-9868-57a2d4851a1d" relativeResultsDirectory="9bbe82b6-cb79-43ff-9aed-208d1d5f76ee" />
    <UnitTestResult executionId="327702ab-9e94-4d21-926f-f3dbeadd3f24" testId="b2a3ef3e-1a88-22ab-6b1b-ea8a900b75b8" testName="Then_feature_with_background_is_added_successfully" computerName="ERICCARLSONBBE6" duration="00:00:00.0168190" startTime="2022-05-04T14:46:23.3964464-04:00" endTime="2022-05-04T14:46:23.4132843-04:00" testType="13cdc9d9-ddb5-4fa4-a97d-d965ccfc6d4b" outcome="Passed" testListId="8c84fa94-04c1-424b-9868-57a2d4851a1d" relativeResultsDirectory="327702ab-9e94-4d21-926f-f3dbeadd3f24" />
    <UnitTestResult executionId="d9791c19-c950-4b9c-ac3c-e54cd40ffd43" testId="a679baf1-796d-5989-a684-5b5766820d12" testName="ThenCanShortenLongNameSuccessfully" computerName="ERICCARLSONBBE6" duration="00:00:00.0009100" startTime="2022-05-04T14:46:23.4449571-04:00" endTime="2022-05-04T14:46:23.4458668-04:00" testType="13cdc9d9-ddb5-4fa4-a97d-d965ccfc6d4b" outcome="Passed" testListId="8c84fa94-04c1-424b-9868-57a2d4851a1d" relativeResultsDirectory="d9791c19-c950-4b9c-ac3c-e54cd40ffd43" />
    <UnitTestResult executionId="773a830b-2bf1-48fa-9b8a-3c8d88efc263" testId="e6b560d9-b10c-05a7-0330-049ea57ca4ff" testName="ThenSingleScenarioWithStepsAddedSuccessfully" computerName="ERICCARLSONBBE6" duration="00:00:00.0020250" startTime="2022-05-04T14:46:23.4301362-04:00" endTime="2022-05-04T14:46:23.4321607-04:00" testType="13cdc9d9-ddb5-4fa4-a97d-d965ccfc6d4b" outcome="Passed" testListId="8c84fa94-04c1-424b-9868-57a2d4851a1d" relativeResultsDirectory="773a830b-2bf1-48fa-9b8a-3c8d88efc263" />
    <UnitTestResult executionId="26a67eee-61c0-4dd0-99ba-e1f1bdcb9c0f" testId="acde55d3-5f8d-5079-200b-77b95ae02eeb" testName="ThenCanCreateSimpleNameSuccessfully" computerName="ERICCARLSONBBE6" duration="00:00:00.0022650" startTime="2022-05-04T14:46:23.4404972-04:00" endTime="2022-05-04T14:46:23.4427622-04:00" testType="13cdc9d9-ddb5-4fa4-a97d-d965ccfc6d4b" outcome="Passed" testListId="8c84fa94-04c1-424b-9868-57a2d4851a1d" relativeResultsDirectory="26a67eee-61c0-4dd0-99ba-e1f1bdcb9c0f" />
    <UnitTestResult executionId="48a698a7-61d7-4cc3-94b6-9db6a9c33641" testId="bf550992-cadc-1c53-2a4d-c4f26a44b40e" testName="Then_feature_is_added_successfully" computerName="ERICCARLSONBBE6" duration="00:00:00.0850030" startTime="2022-05-04T14:46:23.3113819-04:00" endTime="2022-05-04T14:46:23.3963846-04:00" testType="13cdc9d9-ddb5-4fa4-a97d-d965ccfc6d4b" outcome="Passed" testListId="8c84fa94-04c1-424b-9868-57a2d4851a1d" relativeResultsDirectory="48a698a7-61d7-4cc3-94b6-9db6a9c33641" />
    <UnitTestResult executionId="17170b28-5882-41ef-9726-1498042d3c1a" testId="a1df4e1b-6a89-b5cc-887b-351d13f6ac70" testName="ThenDutchScenarioWithScenarioContainsVoorbeelden" computerName="ERICCARLSONBBE6" duration="00:00:00.0043930" startTime="2022-05-04T14:46:23.4217338-04:00" endTime="2022-05-04T14:46:23.4261266-04:00" testType="13cdc9d9-ddb5-4fa4-a97d-d965ccfc6d4b" outcome="Passed" testListId="8c84fa94-04c1-424b-9868-57a2d4851a1d" relativeResultsDirectory="17170b28-5882-41ef-9726-1498042d3c1a" />
    <UnitTestResult executionId="ed60f7ce-3cf4-464b-a67c-86aacabcea2c" testId="f88175ac-5533-12b5-5606-7a1ae1f80da7" testName="ThenCanShortenLongDuplicatedNameSuccessfully" computerName="ERICCARLSONBBE6" duration="00:00:00.0010930" startTime="2022-05-04T14:46:23.4427738-04:00" endTime="2022-05-04T14:46:23.4438662-04:00" testType="13cdc9d9-ddb5-4fa4-a97d-d965ccfc6d4b" outcome="Passed" testListId="8c84fa94-04c1-424b-9868-57a2d4851a1d" relativeResultsDirectory="ed60f7ce-3cf4-464b-a67c-86aacabcea2c" />
    <UnitTestResult executionId="f6907ed1-f339-49d4-a8a8-db054a826e81" testId="933d3be8-22bb-af22-eaaa-94d3bccac2d5" testName="ThenStepAddedSuccessfully" computerName="ERICCARLSONBBE6" duration="00:00:00.0008830" startTime="2022-05-04T14:46:23.4353451-04:00" endTime="2022-05-04T14:46:23.4362277-04:00" testType="13cdc9d9-ddb5-4fa4-a97d-d965ccfc6d4b" outcome="Passed" testListId="8c84fa94-04c1-424b-9868-57a2d4851a1d" relativeResultsDirectory="f6907ed1-f339-49d4-a8a8-db054a826e81" />
    <UnitTestResult executionId="ceca6908-3582-4bb9-a2dd-637d15ae28d6" testId="1317f22d-6b68-459f-6928-ca334cba55b3" testName="ThenTableAddedSuccessfully" computerName="ERICCARLSONBBE6" duration="00:00:00.0014460" startTime="2022-05-04T14:46:23.4383768-04:00" endTime="2022-05-04T14:46:23.4398225-04:00" testType="13cdc9d9-ddb5-4fa4-a97d-d965ccfc6d4b" outcome="Passed" testListId="8c84fa94-04c1-424b-9868-57a2d4851a1d" relativeResultsDirectory="ceca6908-3582-4bb9-a2dd-637d15ae28d6" />
    <UnitTestResult executionId="db4b15df-e26c-4da6-bc4c-072613f98ffa" testId="d3e3210b-a1c2-7e29-d1df-355ec4275f36" testName="ThenCommentsAfterTheLastStepAreAddedSuccessfully" computerName="ERICCARLSONBBE6" duration="00:00:00.0014090" startTime="2022-05-04T14:46:23.4328281-04:00" endTime="2022-05-04T14:46:23.4342368-04:00" testType="13cdc9d9-ddb5-4fa4-a97d-d965ccfc6d4b" outcome="Passed" testListId="8c84fa94-04c1-424b-9868-57a2d4851a1d" relativeResultsDirectory="db4b15df-e26c-4da6-bc4c-072613f98ffa" />
    <UnitTestResult executionId="5af5c7b6-edcc-4aaa-a347-3dae5c1b99f3" testId="35f721d1-402d-603f-52f9-46768dc13c3b" testName="Then_feature_without_background_adds_first_scenario_on_correct_row" computerName="ERICCARLSONBBE6" duration="00:00:00.0075830" startTime="2022-05-04T14:46:23.4133226-04:00" endTime="2022-05-04T14:46:23.4209057-04:00" testType="13cdc9d9-ddb5-4fa4-a97d-d965ccfc6d4b" outcome="Passed" testListId="8c84fa94-04c1-424b-9868-57a2d4851a1d" relativeResultsDirectory="5af5c7b6-edcc-4aaa-a347-3dae5c1b99f3" />
    <UnitTestResult executionId="3b9b1e68-b220-46d0-8967-fa42869895d3" testId="2d9c362f-a500-0dc1-43d5-84f79106fb8e" testName="ThenItWillRemoveUnnecessaryAndInvalidCharacters" computerName="ERICCARLSONBBE6" duration="00:00:00.0050630" startTime="2022-05-04T14:46:23.4458922-04:00" endTime="2022-05-04T14:46:23.4509550-04:00" testType="13cdc9d9-ddb5-4fa4-a97d-d965ccfc6d4b" outcome="Passed" testListId="8c84fa94-04c1-424b-9868-57a2d4851a1d" relativeResultsDirectory="3b9b1e68-b220-46d0-8967-fa42869895d3" />
    <UnitTestResult executionId="4c4a27f9-44a3-4176-869b-46cd8b2e35ec" testId="56169a1f-8d02-1623-e162-c78b4e6c2a9f" testName="ThenCanShortenLongMultipleDuplicatedNameSuccessfully" computerName="ERICCARLSONBBE6" duration="00:00:00.0010150" startTime="2022-05-04T14:46:23.4439145-04:00" endTime="2022-05-04T14:46:23.4449293-04:00" testType="13cdc9d9-ddb5-4fa4-a97d-d965ccfc6d4b" outcome="Passed" testListId="8c84fa94-04c1-424b-9868-57a2d4851a1d" relativeResultsDirectory="4c4a27f9-44a3-4176-869b-46cd8b2e35ec" />
    <UnitTestResult executionId="d0c16393-c2fc-49d5-b0de-beeb9c13f746" testId="c0ab78e5-b384-fb34-2927-bdc4f3f96324" testName="ThenStepCommentsAreAddedSuccessfully" computerName="ERICCARLSONBBE6" duration="00:00:00.0012390" startTime="2022-05-04T14:46:23.4362388-04:00" endTime="2022-05-04T14:46:23.4374777-04:00" testType="13cdc9d9-ddb5-4fa4-a97d-d965ccfc6d4b" outcome="Passed" testListId="8c84fa94-04c1-424b-9868-57a2d4851a1d" relativeResultsDirectory="d0c16393-c2fc-49d5-b0de-beeb9c13f746" />
  </Results>
  <TestDefinitions>
    <UnitTest name="ThenCanShortenLongDuplicatedNameSuccessfully" storage="c:\users\ericcarlson\documents\github\pickles\src\pickles.documentationbuilders.excel.unittests\bin\debug\net6.0\picklesdoc.pickles.documentationbuilders.excel.unittests.dll" id="f88175ac-5533-12b5-5606-7a1ae1f80da7">
      <Execution id="ed60f7ce-3cf4-464b-a67c-86aacabcea2c" />
      <TestMethod codeBase="C:\Users\ericcarlson\Documents\GitHub\pickles\src\Pickles.DocumentationBuilders.Excel.UnitTests\bin\Debug\net6.0\PicklesDoc.Pickles.DocumentationBuilders.Excel.UnitTests.dll" adapterTypeName="executor://nunit3testexecutor/" className="PicklesDoc.Pickles.DocumentationBuilders.Excel.UnitTests.WhenCreatingSheetNamesFromFeatures" name="ThenCanShortenLongDuplicatedNameSuccessfully" />
    </UnitTest>
    <UnitTest name="Then_feature_without_background_adds_first_scenario_on_correct_row" storage="c:\users\ericcarlson\documents\github\pickles\src\pickles.documentationbuilders.excel.unittests\bin\debug\net6.0\picklesdoc.pickles.documentationbuilders.excel.unittests.dll" id="35f721d1-402d-603f-52f9-46768dc13c3b">
      <Execution id="5af5c7b6-edcc-4aaa-a347-3dae5c1b99f3" />
      <TestMethod codeBase="C:\Users\ericcarlson\Documents\GitHub\pickles\src\Pickles.DocumentationBuilders.Excel.UnitTests\bin\Debug\net6.0\PicklesDoc.Pickles.DocumentationBuilders.Excel.UnitTests.dll" adapterTypeName="executor://nunit3testexecutor/" className="PicklesDoc.Pickles.DocumentationBuilders.Excel.UnitTests.WhenAddingAFeatureToAWorksheet" name="Then_feature_without_background_adds_first_scenario_on_correct_row" />
    </UnitTest>
    <UnitTest name="ThenSingleScenarioAddedSuccessfully" storage="c:\users\ericcarlson\documents\github\pickles\src\pickles.documentationbuilders.excel.unittests\bin\debug\net6.0\picklesdoc.pickles.documentationbuilders.excel.unittests.dll" id="66e505dd-b9d3-8c56-240f-66c5922196e3">
      <Execution id="dbab0eb8-8b69-4219-8562-d5912b0eb3cc" />
      <TestMethod codeBase="C:\Users\ericcarlson\Documents\GitHub\pickles\src\Pickles.DocumentationBuilders.Excel.UnitTests\bin\Debug\net6.0\PicklesDoc.Pickles.DocumentationBuilders.Excel.UnitTests.dll" adapterTypeName="executor://nunit3testexecutor/" className="PicklesDoc.Pickles.DocumentationBuilders.Excel.UnitTests.WhenAddingAScenarioToAWorksheet" name="ThenSingleScenarioAddedSuccessfully" />
    </UnitTest>
    <UnitTest name="ThenDocumentStringAddedSuccessfully" storage="c:\users\ericcarlson\documents\github\pickles\src\pickles.documentationbuilders.excel.unittests\bin\debug\net6.0\picklesdoc.pickles.documentationbuilders.excel.unittests.dll" id="b85bf3ac-6868-c0eb-3900-afef7b580415">
      <Execution id="4bd8ecbe-9aae-4fee-a072-c6e2c4be0ba0" />
      <TestMethod codeBase="C:\Users\ericcarlson\Documents\GitHub\pickles\src\Pickles.DocumentationBuilders.Excel.UnitTests\bin\Debug\net6.0\PicklesDoc.Pickles.DocumentationBuilders.Excel.UnitTests.dll" adapterTypeName="executor://nunit3testexecutor/" className="PicklesDoc.Pickles.DocumentationBuilders.Excel.UnitTests.WhenAddingADocumentStringToAWorksheet" name="ThenDocumentStringAddedSuccessfully" />
    </UnitTest>
    <UnitTest name="ThenSingleScenarioWithStepsAddedSuccessfully" storage="c:\users\ericcarlson\documents\github\pickles\src\pickles.documentationbuilders.excel.unittests\bin\debug\net6.0\picklesdoc.pickles.documentationbuilders.excel.unittests.dll" id="e6b560d9-b10c-05a7-0330-049ea57ca4ff">
      <Execution id="773a830b-2bf1-48fa-9b8a-3c8d88efc263" />
      <TestMethod codeBase="C:\Users\ericcarlson\Documents\GitHub\pickles\src\Pickles.DocumentationBuilders.Excel.UnitTests\bin\Debug\net6.0\PicklesDoc.Pickles.DocumentationBuilders.Excel.UnitTests.dll" adapterTypeName="executor://nunit3testexecutor/" className="PicklesDoc.Pickles.DocumentationBuilders.Excel.UnitTests.WhenAddingAScenarioToAWorksheet" name="ThenSingleScenarioWithStepsAddedSuccessfully" />
    </UnitTest>
    <UnitTest name="ThenMultilineStepCommentsAreAddedSuccessfully" storage="c:\users\ericcarlson\documents\github\pickles\src\pickles.documentationbuilders.excel.unittests\bin\debug\net6.0\picklesdoc.pickles.documentationbuilders.excel.unittests.dll" id="97021be5-75c0-469b-9dc3-9975e1789ed2">
      <Execution id="9bbe82b6-cb79-43ff-9aed-208d1d5f76ee" />
      <TestMethod codeBase="C:\Users\ericcarlson\Documents\GitHub\pickles\src\Pickles.DocumentationBuilders.Excel.UnitTests\bin\Debug\net6.0\PicklesDoc.Pickles.DocumentationBuilders.Excel.UnitTests.dll" adapterTypeName="executor://nunit3testexecutor/" className="PicklesDoc.Pickles.DocumentationBuilders.Excel.UnitTests.WhenAddingAStepToAWorksheet" name="ThenMultilineStepCommentsAreAddedSuccessfully" />
    </UnitTest>
    <UnitTest name="ThenStepAddedSuccessfully" storage="c:\users\ericcarlson\documents\github\pickles\src\pickles.documentationbuilders.excel.unittests\bin\debug\net6.0\picklesdoc.pickles.documentationbuilders.excel.unittests.dll" id="933d3be8-22bb-af22-eaaa-94d3bccac2d5">
      <Execution id="f6907ed1-f339-49d4-a8a8-db054a826e81" />
      <TestMethod codeBase="C:\Users\ericcarlson\Documents\GitHub\pickles\src\Pickles.DocumentationBuilders.Excel.UnitTests\bin\Debug\net6.0\PicklesDoc.Pickles.DocumentationBuilders.Excel.UnitTests.dll" adapterTypeName="executor://nunit3testexecutor/" className="PicklesDoc.Pickles.DocumentationBuilders.Excel.UnitTests.WhenAddingAStepToAWorksheet" name="ThenStepAddedSuccessfully" />
    </UnitTest>
    <UnitTest name="ThenStepCommentsAreAddedSuccessfully" storage="c:\users\ericcarlson\documents\github\pickles\src\pickles.documentationbuilders.excel.unittests\bin\debug\net6.0\picklesdoc.pickles.documentationbuilders.excel.unittests.dll" id="c0ab78e5-b384-fb34-2927-bdc4f3f96324">
      <Execution id="d0c16393-c2fc-49d5-b0de-beeb9c13f746" />
      <TestMethod codeBase="C:\Users\ericcarlson\Documents\GitHub\pickles\src\Pickles.DocumentationBuilders.Excel.UnitTests\bin\Debug\net6.0\PicklesDoc.Pickles.DocumentationBuilders.Excel.UnitTests.dll" adapterTypeName="executor://nunit3testexecutor/" className="PicklesDoc.Pickles.DocumentationBuilders.Excel.UnitTests.WhenAddingAStepToAWorksheet" name="ThenStepCommentsAreAddedSuccessfully" />
    </UnitTest>
    <UnitTest name="Then_feature_is_added_successfully" storage="c:\users\ericcarlson\documents\github\pickles\src\pickles.documentationbuilders.excel.unittests\bin\debug\net6.0\picklesdoc.pickles.documentationbuilders.excel.unittests.dll" id="bf550992-cadc-1c53-2a4d-c4f26a44b40e">
      <Execution id="48a698a7-61d7-4cc3-94b6-9db6a9c33641" />
      <TestMethod codeBase="C:\Users\ericcarlson\Documents\GitHub\pickles\src\Pickles.DocumentationBuilders.Excel.UnitTests\bin\Debug\net6.0\PicklesDoc.Pickles.DocumentationBuilders.Excel.UnitTests.dll" adapterTypeName="executor://nunit3testexecutor/" className="PicklesDoc.Pickles.DocumentationBuilders.Excel.UnitTests.WhenAddingAFeatureToAWorksheet" name="Then_feature_is_added_successfully" />
    </UnitTest>
    <UnitTest name="ThenCanCreateSimpleNameSuccessfully" storage="c:\users\ericcarlson\documents\github\pickles\src\pickles.documentationbuilders.excel.unittests\bin\debug\net6.0\picklesdoc.pickles.documentationbuilders.excel.unittests.dll" id="acde55d3-5f8d-5079-200b-77b95ae02eeb">
      <Execution id="26a67eee-61c0-4dd0-99ba-e1f1bdcb9c0f" />
      <TestMethod codeBase="C:\Users\ericcarlson\Documents\GitHub\pickles\src\Pickles.DocumentationBuilders.Excel.UnitTests\bin\Debug\net6.0\PicklesDoc.Pickles.DocumentationBuilders.Excel.UnitTests.dll" adapterTypeName="executor://nunit3testexecutor/" className="PicklesDoc.Pickles.DocumentationBuilders.Excel.UnitTests.WhenCreatingSheetNamesFromFeatures" name="ThenCanCreateSimpleNameSuccessfully" />
    </UnitTest>
    <UnitTest name="Then_feature_with_background_is_added_successfully" storage="c:\users\ericcarlson\documents\github\pickles\src\pickles.documentationbuilders.excel.unittests\bin\debug\net6.0\picklesdoc.pickles.documentationbuilders.excel.unittests.dll" id="b2a3ef3e-1a88-22ab-6b1b-ea8a900b75b8">
      <Execution id="327702ab-9e94-4d21-926f-f3dbeadd3f24" />
      <TestMethod codeBase="C:\Users\ericcarlson\Documents\GitHub\pickles\src\Pickles.DocumentationBuilders.Excel.UnitTests\bin\Debug\net6.0\PicklesDoc.Pickles.DocumentationBuilders.Excel.UnitTests.dll" adapterTypeName="executor://nunit3testexecutor/" className="PicklesDoc.Pickles.DocumentationBuilders.Excel.UnitTests.WhenAddingAFeatureToAWorksheet" name="Then_feature_with_background_is_added_successfully" />
    </UnitTest>
    <UnitTest name="ThenTableAddedSuccessfully" storage="c:\users\ericcarlson\documents\github\pickles\src\pickles.documentationbuilders.excel.unittests\bin\debug\net6.0\picklesdoc.pickles.documentationbuilders.excel.unittests.dll" id="1317f22d-6b68-459f-6928-ca334cba55b3">
      <Execution id="ceca6908-3582-4bb9-a2dd-637d15ae28d6" />
      <TestMethod codeBase="C:\Users\ericcarlson\Documents\GitHub\pickles\src\Pickles.DocumentationBuilders.Excel.UnitTests\bin\Debug\net6.0\PicklesDoc.Pickles.DocumentationBuilders.Excel.UnitTests.dll" adapterTypeName="executor://nunit3testexecutor/" className="PicklesDoc.Pickles.DocumentationBuilders.Excel.UnitTests.WhenAddingATableToAWorksheet" name="ThenTableAddedSuccessfully" />
    </UnitTest>
    <UnitTest name="ThenCanShortenLongNameSuccessfully" storage="c:\users\ericcarlson\documents\github\pickles\src\pickles.documentationbuilders.excel.unittests\bin\debug\net6.0\picklesdoc.pickles.documentationbuilders.excel.unittests.dll" id="a679baf1-796d-5989-a684-5b5766820d12">
      <Execution id="d9791c19-c950-4b9c-ac3c-e54cd40ffd43" />
      <TestMethod codeBase="C:\Users\ericcarlson\Documents\GitHub\pickles\src\Pickles.DocumentationBuilders.Excel.UnitTests\bin\Debug\net6.0\PicklesDoc.Pickles.DocumentationBuilders.Excel.UnitTests.dll" adapterTypeName="executor://nunit3testexecutor/" className="PicklesDoc.Pickles.DocumentationBuilders.Excel.UnitTests.WhenCreatingSheetNamesFromFeatures" name="ThenCanShortenLongNameSuccessfully" />
    </UnitTest>
    <UnitTest name="ThenDutchScenarioWithScenarioContainsVoorbeelden" storage="c:\users\ericcarlson\documents\github\pickles\src\pickles.documentationbuilders.excel.unittests\bin\debug\net6.0\picklesdoc.pickles.documentationbuilders.excel.unittests.dll" id="a1df4e1b-6a89-b5cc-887b-351d13f6ac70">
      <Execution id="17170b28-5882-41ef-9726-1498042d3c1a" />
      <TestMethod codeBase="C:\Users\ericcarlson\Documents\GitHub\pickles\src\Pickles.DocumentationBuilders.Excel.UnitTests\bin\Debug\net6.0\PicklesDoc.Pickles.DocumentationBuilders.Excel.UnitTests.dll" adapterTypeName="executor://nunit3testexecutor/" className="PicklesDoc.Pickles.DocumentationBuilders.Excel.UnitTests.WhenAddingAScenarioToAWorksheet" name="ThenDutchScenarioWithScenarioContainsVoorbeelden" />
    </UnitTest>
    <UnitTest name="ThenCommentsAfterTheLastStepAreAddedSuccessfully" storage="c:\users\ericcarlson\documents\github\pickles\src\pickles.documentationbuilders.excel.unittests\bin\debug\net6.0\picklesdoc.pickles.documentationbuilders.excel.unittests.dll" id="d3e3210b-a1c2-7e29-d1df-355ec4275f36">
      <Execution id="db4b15df-e26c-4da6-bc4c-072613f98ffa" />
      <TestMethod codeBase="C:\Users\ericcarlson\Documents\GitHub\pickles\src\Pickles.DocumentationBuilders.Excel.UnitTests\bin\Debug\net6.0\PicklesDoc.Pickles.DocumentationBuilders.Excel.UnitTests.dll" adapterTypeName="executor://nunit3testexecutor/" className="PicklesDoc.Pickles.DocumentationBuilders.Excel.UnitTests.WhenAddingAStepToAWorksheet" name="ThenCommentsAfterTheLastStepAreAddedSuccessfully" />
    </UnitTest>
    <UnitTest name="ThenCanShortenLongMultipleDuplicatedNameSuccessfully" storage="c:\users\ericcarlson\documents\github\pickles\src\pickles.documentationbuilders.excel.unittests\bin\debug\net6.0\picklesdoc.pickles.documentationbuilders.excel.unittests.dll" id="56169a1f-8d02-1623-e162-c78b4e6c2a9f">
      <Execution id="4c4a27f9-44a3-4176-869b-46cd8b2e35ec" />
      <TestMethod codeBase="C:\Users\ericcarlson\Documents\GitHub\pickles\src\Pickles.DocumentationBuilders.Excel.UnitTests\bin\Debug\net6.0\PicklesDoc.Pickles.DocumentationBuilders.Excel.UnitTests.dll" adapterTypeName="executor://nunit3testexecutor/" className="PicklesDoc.Pickles.DocumentationBuilders.Excel.UnitTests.WhenCreatingSheetNamesFromFeatures" name="ThenCanShortenLongMultipleDuplicatedNameSuccessfully" />
    </UnitTest>
    <UnitTest name="ThenItWillRemoveUnnecessaryAndInvalidCharacters" storage="c:\users\ericcarlson\documents\github\pickles\src\pickles.documentationbuilders.excel.unittests\bin\debug\net6.0\picklesdoc.pickles.documentationbuilders.excel.unittests.dll" id="2d9c362f-a500-0dc1-43d5-84f79106fb8e">
      <Execution id="3b9b1e68-b220-46d0-8967-fa42869895d3" />
      <TestMethod codeBase="C:\Users\ericcarlson\Documents\GitHub\pickles\src\Pickles.DocumentationBuilders.Excel.UnitTests\bin\Debug\net6.0\PicklesDoc.Pickles.DocumentationBuilders.Excel.UnitTests.dll" adapterTypeName="executor://nunit3testexecutor/" className="PicklesDoc.Pickles.DocumentationBuilders.Excel.UnitTests.WhenCreatingSheetNamesFromFeatures" name="ThenItWillRemoveUnnecessaryAndInvalidCharacters" />
    </UnitTest>
  </TestDefinitions>
  <TestEntries>
    <TestEntry testId="66e505dd-b9d3-8c56-240f-66c5922196e3" executionId="dbab0eb8-8b69-4219-8562-d5912b0eb3cc" testListId="8c84fa94-04c1-424b-9868-57a2d4851a1d" />
    <TestEntry testId="b85bf3ac-6868-c0eb-3900-afef7b580415" executionId="4bd8ecbe-9aae-4fee-a072-c6e2c4be0ba0" testListId="8c84fa94-04c1-424b-9868-57a2d4851a1d" />
    <TestEntry testId="97021be5-75c0-469b-9dc3-9975e1789ed2" executionId="9bbe82b6-cb79-43ff-9aed-208d1d5f76ee" testListId="8c84fa94-04c1-424b-9868-57a2d4851a1d" />
    <TestEntry testId="b2a3ef3e-1a88-22ab-6b1b-ea8a900b75b8" executionId="327702ab-9e94-4d21-926f-f3dbeadd3f24" testListId="8c84fa94-04c1-424b-9868-57a2d4851a1d" />
    <TestEntry testId="a679baf1-796d-5989-a684-5b5766820d12" executionId="d9791c19-c950-4b9c-ac3c-e54cd40ffd43" testListId="8c84fa94-04c1-424b-9868-57a2d4851a1d" />
    <TestEntry testId="e6b560d9-b10c-05a7-0330-049ea57ca4ff" executionId="773a830b-2bf1-48fa-9b8a-3c8d88efc263" testListId="8c84fa94-04c1-424b-9868-57a2d4851a1d" />
    <TestEntry testId="acde55d3-5f8d-5079-200b-77b95ae02eeb" executionId="26a67eee-61c0-4dd0-99ba-e1f1bdcb9c0f" testListId="8c84fa94-04c1-424b-9868-57a2d4851a1d" />
    <TestEntry testId="bf550992-cadc-1c53-2a4d-c4f26a44b40e" executionId="48a698a7-61d7-4cc3-94b6-9db6a9c33641" testListId="8c84fa94-04c1-424b-9868-57a2d4851a1d" />
    <TestEntry testId="a1df4e1b-6a89-b5cc-887b-351d13f6ac70" executionId="17170b28-5882-41ef-9726-1498042d3c1a" testListId="8c84fa94-04c1-424b-9868-57a2d4851a1d" />
    <TestEntry testId="f88175ac-5533-12b5-5606-7a1ae1f80da7" executionId="ed60f7ce-3cf4-464b-a67c-86aacabcea2c" testListId="8c84fa94-04c1-424b-9868-57a2d4851a1d" />
    <TestEntry testId="933d3be8-22bb-af22-eaaa-94d3bccac2d5" executionId="f6907ed1-f339-49d4-a8a8-db054a826e81" testListId="8c84fa94-04c1-424b-9868-57a2d4851a1d" />
    <TestEntry testId="1317f22d-6b68-459f-6928-ca334cba55b3" executionId="ceca6908-3582-4bb9-a2dd-637d15ae28d6" testListId="8c84fa94-04c1-424b-9868-57a2d4851a1d" />
    <TestEntry testId="d3e3210b-a1c2-7e29-d1df-355ec4275f36" executionId="db4b15df-e26c-4da6-bc4c-072613f98ffa" testListId="8c84fa94-04c1-424b-9868-57a2d4851a1d" />
    <TestEntry testId="35f721d1-402d-603f-52f9-46768dc13c3b" executionId="5af5c7b6-edcc-4aaa-a347-3dae5c1b99f3" testListId="8c84fa94-04c1-424b-9868-57a2d4851a1d" />
    <TestEntry testId="2d9c362f-a500-0dc1-43d5-84f79106fb8e" executionId="3b9b1e68-b220-46d0-8967-fa42869895d3" testListId="8c84fa94-04c1-424b-9868-57a2d4851a1d" />
    <TestEntry testId="56169a1f-8d02-1623-e162-c78b4e6c2a9f" executionId="4c4a27f9-44a3-4176-869b-46cd8b2e35ec" testListId="8c84fa94-04c1-424b-9868-57a2d4851a1d" />
    <TestEntry testId="c0ab78e5-b384-fb34-2927-bdc4f3f96324" executionId="d0c16393-c2fc-49d5-b0de-beeb9c13f746" testListId="8c84fa94-04c1-424b-9868-57a2d4851a1d" />
  </TestEntries>
  <TestLists>
    <TestList name="Results Not in a List" id="8c84fa94-04c1-424b-9868-57a2d4851a1d" />
    <TestList name="All Loaded Results" id="19431567-8539-422a-85d7-44ee4e166bda" />
  </TestLists>
  <ResultSummary outcome="Completed">
    <Counters total="17" executed="17" passed="17" failed="0" error="0" timeout="0" aborted="0" inconclusive="0" passedButRunAborted="0" notRunnable="0" notExecuted="0" disconnected="0" warning="0" completed="0" inProgress="0" pending="0" />
    <Output>
      <StdOut>NUnit Adapter 3.17.0.0: Test execution started&#xD;
Running all tests in C:\Users\ericcarlson\Documents\GitHub\pickles\src\Pickles.DocumentationBuilders.Excel.UnitTests\bin\Debug\net6.0\PicklesDoc.Pickles.DocumentationBuilders.Excel.UnitTests.dll&#xD;
   NUnit3TestExecutor discovered 17 of 17 NUnit test cases&#xD;
NUnit Adapter 3.17.0.0: Test execution complete&#xD;
</StdOut>
    </Output>
  </ResultSummary>
</TestRun>