<?xml version="1.0" encoding="utf-8"?>
<TestRun id="fa210caf-355b-4fe1-8b53-9bfb24f1771a" name="ericcarlson@ERICCARLSONBBE6 2022-05-09 16:19:15" runUser="ERICCARLSONBBE6\ericcarlson" xmlns="http://microsoft.com/schemas/VisualStudio/TeamTest/2010">
  <Times creation="2022-05-09T16:19:15.7366549-04:00" queuing="2022-05-09T16:19:15.7366551-04:00" start="2022-05-09T16:19:12.0916765-04:00" finish="2022-05-09T16:19:15.7881522-04:00" />
  <TestSettings name="default" id="4627b642-ed68-4c04-ac88-1b6dc5aa94d2">
    <Deployment runDeploymentRoot="ericcarlson_ERICCARLSONBBE6_2022-05-09_16_19_15" />
  </TestSettings>
  <Results>
    <UnitTestResult executionId="53cf8f6d-711e-4dfe-a084-43f73a4d1447" testId="a1df4e1b-6a89-b5cc-887b-351d13f6ac70" testName="ThenDutchScenarioWithScenarioContainsVoorbeelden" computerName="ERICCARLSONBBE6" duration="00:00:00.0046250" startTime="2022-05-09T16:19:15.6936424-04:00" endTime="2022-05-09T16:19:15.6982679-04:00" testType="13cdc9d9-ddb5-4fa4-a97d-d965ccfc6d4b" outcome="Passed" testListId="8c84fa94-04c1-424b-9868-57a2d4851a1d" relativeResultsDirectory="53cf8f6d-711e-4dfe-a084-43f73a4d1447" />
    <UnitTestResult executionId="33aea4fc-57cf-4bf7-a49a-51913cf4bc1c" testId="b85bf3ac-6868-c0eb-3900-afef7b580415" testName="ThenDocumentStringAddedSuccessfully" computerName="ERICCARLSONBBE6" duration="00:00:00.5002540" startTime="2022-05-09T16:19:15.0800650-04:00" endTime="2022-05-09T16:19:15.5802478-04:00" testType="13cdc9d9-ddb5-4fa4-a97d-d965ccfc6d4b" outcome="Passed" testListId="8c84fa94-04c1-424b-9868-57a2d4851a1d" relativeResultsDirectory="33aea4fc-57cf-4bf7-a49a-51913cf4bc1c" />
    <UnitTestResult executionId="3a835542-a4c7-47c7-afb5-1267cbd155b1" testId="1317f22d-6b68-459f-6928-ca334cba55b3" testName="ThenTableAddedSuccessfully" computerName="ERICCARLSONBBE6" duration="00:00:00.0018030" startTime="2022-05-09T16:19:15.7110625-04:00" endTime="2022-05-09T16:19:15.7128650-04:00" testType="13cdc9d9-ddb5-4fa4-a97d-d965ccfc6d4b" outcome="Passed" testListId="8c84fa94-04c1-424b-9868-57a2d4851a1d" relativeResultsDirectory="3a835542-a4c7-47c7-afb5-1267cbd155b1" />
    <UnitTestResult executionId="4f16290d-ea19-4201-b91d-04decf867000" testId="b2a3ef3e-1a88-22ab-6b1b-ea8a900b75b8" testName="Then_feature_with_background_is_added_successfully" computerName="ERICCARLSONBBE6" duration="00:00:00.0250020" startTime="2022-05-09T16:19:15.6657714-04:00" endTime="2022-05-09T16:19:15.6907731-04:00" testType="13cdc9d9-ddb5-4fa4-a97d-d965ccfc6d4b" outcome="Passed" testListId="8c84fa94-04c1-424b-9868-57a2d4851a1d" relativeResultsDirectory="4f16290d-ea19-4201-b91d-04decf867000" />
    <UnitTestResult executionId="fdf65ea1-8d93-4a70-95c2-63ddd0f0cf4c" testId="acde55d3-5f8d-5079-200b-77b95ae02eeb" testName="ThenCanCreateSimpleNameSuccessfully" computerName="ERICCARLSONBBE6" duration="00:00:00.0027670" startTime="2022-05-09T16:19:15.7137464-04:00" endTime="2022-05-09T16:19:15.7165129-04:00" testType="13cdc9d9-ddb5-4fa4-a97d-d965ccfc6d4b" outcome="Passed" testListId="8c84fa94-04c1-424b-9868-57a2d4851a1d" relativeResultsDirectory="fdf65ea1-8d93-4a70-95c2-63ddd0f0cf4c" />
    <UnitTestResult executionId="cefc3b5a-4155-46ea-b51a-fef52fa8d953" testId="a679baf1-796d-5989-a684-5b5766820d12" testName="ThenCanShortenLongNameSuccessfully" computerName="ERICCARLSONBBE6" duration="00:00:00.0011420" startTime="2022-05-09T16:19:15.7215678-04:00" endTime="2022-05-09T16:19:15.7227100-04:00" testType="13cdc9d9-ddb5-4fa4-a97d-d965ccfc6d4b" outcome="Passed" testListId="8c84fa94-04c1-424b-9868-57a2d4851a1d" relativeResultsDirectory="cefc3b5a-4155-46ea-b51a-fef52fa8d953" />
    <UnitTestResult executionId="9db45c70-ae3a-409e-bccc-22fa94b6e68f" testId="933d3be8-22bb-af22-eaaa-94d3bccac2d5" testName="ThenStepAddedSuccessfully" computerName="ERICCARLSONBBE6" duration="00:00:00.0009990" startTime="2022-05-09T16:19:15.7082380-04:00" endTime="2022-05-09T16:19:15.7092371-04:00" testType="13cdc9d9-ddb5-4fa4-a97d-d965ccfc6d4b" outcome="Passed" testListId="8c84fa94-04c1-424b-9868-57a2d4851a1d" relativeResultsDirectory="9db45c70-ae3a-409e-bccc-22fa94b6e68f" />
    <UnitTestResult executionId="fd135ff3-373e-4801-b355-677ca4eb7cce" testId="d3e3210b-a1c2-7e29-d1df-355ec4275f36" testName="ThenCommentsAfterTheLastStepAreAddedSuccessfully" computerName="ERICCARLSONBBE6" duration="00:00:00.0016230" startTime="2022-05-09T16:19:15.7052985-04:00" endTime="2022-05-09T16:19:15.7069212-04:00" testType="13cdc9d9-ddb5-4fa4-a97d-d965ccfc6d4b" outcome="Passed" testListId="8c84fa94-04c1-424b-9868-57a2d4851a1d" relativeResultsDirectory="fd135ff3-373e-4801-b355-677ca4eb7cce" />
    <UnitTestResult executionId="97872419-e452-4d4d-8ee2-46c2a625d1fa" testId="66e505dd-b9d3-8c56-240f-66c5922196e3" testName="ThenSingleScenarioAddedSuccessfully" computerName="ERICCARLSONBBE6" duration="00:00:00.0041230" startTime="2022-05-09T16:19:15.6983054-04:00" endTime="2022-05-09T16:19:15.7024281-04:00" testType="13cdc9d9-ddb5-4fa4-a97d-d965ccfc6d4b" outcome="Passed" testListId="8c84fa94-04c1-424b-9868-57a2d4851a1d" relativeResultsDirectory="97872419-e452-4d4d-8ee2-46c2a625d1fa" />
    <UnitTestResult executionId="03590220-1638-498f-9a7b-7b3745903b6e" testId="f88175ac-5533-12b5-5606-7a1ae1f80da7" testName="ThenCanShortenLongDuplicatedNameSuccessfully" computerName="ERICCARLSONBBE6" duration="00:00:00.0019740" startTime="2022-05-09T16:19:15.7165353-04:00" endTime="2022-05-09T16:19:15.7185090-04:00" testType="13cdc9d9-ddb5-4fa4-a97d-d965ccfc6d4b" outcome="Passed" testListId="8c84fa94-04c1-424b-9868-57a2d4851a1d" relativeResultsDirectory="03590220-1638-498f-9a7b-7b3745903b6e" />
    <UnitTestResult executionId="4437f97b-800c-455d-a724-7abf8ed4b73f" testId="2d9c362f-a500-0dc1-43d5-84f79106fb8e" testName="ThenItWillRemoveUnnecessaryAndInvalidCharacters" computerName="ERICCARLSONBBE6" duration="00:00:00.0064760" startTime="2022-05-09T16:19:15.7227432-04:00" endTime="2022-05-09T16:19:15.7292184-04:00" testType="13cdc9d9-ddb5-4fa4-a97d-d965ccfc6d4b" outcome="Passed" testListId="8c84fa94-04c1-424b-9868-57a2d4851a1d" relativeResultsDirectory="4437f97b-800c-455d-a724-7abf8ed4b73f" />
    <UnitTestResult executionId="9286eb7a-6fb8-4754-8c5a-ebe1080b3082" testId="97021be5-75c0-469b-9dc3-9975e1789ed2" testName="ThenMultilineStepCommentsAreAddedSuccessfully" computerName="ERICCARLSONBBE6" duration="00:00:00.0012520" startTime="2022-05-09T16:19:15.7069557-04:00" endTime="2022-05-09T16:19:15.7082071-04:00" testType="13cdc9d9-ddb5-4fa4-a97d-d965ccfc6d4b" outcome="Passed" testListId="8c84fa94-04c1-424b-9868-57a2d4851a1d" relativeResultsDirectory="9286eb7a-6fb8-4754-8c5a-ebe1080b3082" />
    <UnitTestResult executionId="9189f9f8-0ac3-4f5f-ac6f-7ac06cd3d279" testId="e6b560d9-b10c-05a7-0330-049ea57ca4ff" testName="ThenSingleScenarioWithStepsAddedSuccessfully" computerName="ERICCARLSONBBE6" duration="00:00:00.0021460" startTime="2022-05-09T16:19:15.7024559-04:00" endTime="2022-05-09T16:19:15.7046018-04:00" testType="13cdc9d9-ddb5-4fa4-a97d-d965ccfc6d4b" outcome="Passed" testListId="8c84fa94-04c1-424b-9868-57a2d4851a1d" relativeResultsDirectory="9189f9f8-0ac3-4f5f-ac6f-7ac06cd3d279" />
    <UnitTestResult executionId="cb541705-5a01-40c4-88b4-82147c912a1a" testId="35f721d1-402d-603f-52f9-46768dc13c3b" testName="Then_feature_without_background_adds_first_scenario_on_correct_row" computerName="ERICCARLSONBBE6" duration="00:00:00.0021030" startTime="2022-05-09T16:19:15.6908121-04:00" endTime="2022-05-09T16:19:15.6929148-04:00" testType="13cdc9d9-ddb5-4fa4-a97d-d965ccfc6d4b" outcome="Passed" testListId="8c84fa94-04c1-424b-9868-57a2d4851a1d" relativeResultsDirectory="cb541705-5a01-40c4-88b4-82147c912a1a" />
    <UnitTestResult executionId="f752a3fd-f094-441b-870f-92577ffaaef7" testId="56169a1f-8d02-1623-e162-c78b4e6c2a9f" testName="ThenCanShortenLongMultipleDuplicatedNameSuccessfully" computerName="ERICCARLSONBBE6" duration="00:00:00.0012780" startTime="2022-05-09T16:19:15.7192497-04:00" endTime="2022-05-09T16:19:15.7205281-04:00" testType="13cdc9d9-ddb5-4fa4-a97d-d965ccfc6d4b" outcome="Passed" testListId="8c84fa94-04c1-424b-9868-57a2d4851a1d" relativeResultsDirectory="f752a3fd-f094-441b-870f-92577ffaaef7" />
    <UnitTestResult executionId="0540e49a-82d8-46eb-85a1-851dff661f8c" testId="c0ab78e5-b384-fb34-2927-bdc4f3f96324" testName="ThenStepCommentsAreAddedSuccessfully" computerName="ERICCARLSONBBE6" duration="00:00:00.0011980" startTime="2022-05-09T16:19:15.7092501-04:00" endTime="2022-05-09T16:19:15.7104481-04:00" testType="13cdc9d9-ddb5-4fa4-a97d-d965ccfc6d4b" outcome="Passed" testListId="8c84fa94-04c1-424b-9868-57a2d4851a1d" relativeResultsDirectory="0540e49a-82d8-46eb-85a1-851dff661f8c" />
    <UnitTestResult executionId="04d239a5-72e4-41fc-b3cc-3cf39b700b30" testId="bf550992-cadc-1c53-2a4d-c4f26a44b40e" testName="Then_feature_is_added_successfully" computerName="ERICCARLSONBBE6" duration="00:00:00.0811870" startTime="2022-05-09T16:19:15.5845423-04:00" endTime="2022-05-09T16:19:15.6657289-04:00" testType="13cdc9d9-ddb5-4fa4-a97d-d965ccfc6d4b" outcome="Passed" testListId="8c84fa94-04c1-424b-9868-57a2d4851a1d" relativeResultsDirectory="04d239a5-72e4-41fc-b3cc-3cf39b700b30" />
  </Results>
  <TestDefinitions>
    <UnitTest name="ThenCanShortenLongDuplicatedNameSuccessfully" storage="c:\users\ericcarlson\documents\github\pickles\src\pickles.documentationbuilders.excel.unittests\bin\debug\net6.0\picklesdoc.pickles.documentationbuilders.excel.unittests.dll" id="f88175ac-5533-12b5-5606-7a1ae1f80da7">
      <Execution id="03590220-1638-498f-9a7b-7b3745903b6e" />
      <TestMethod codeBase="C:\Users\ericcarlson\Documents\GitHub\pickles\src\Pickles.DocumentationBuilders.Excel.UnitTests\bin\Debug\net6.0\PicklesDoc.Pickles.DocumentationBuilders.Excel.UnitTests.dll" adapterTypeName="executor://nunit3testexecutor/" className="PicklesDoc.Pickles.DocumentationBuilders.Excel.UnitTests.WhenCreatingSheetNamesFromFeatures" name="ThenCanShortenLongDuplicatedNameSuccessfully" />
    </UnitTest>
    <UnitTest name="Then_feature_without_background_adds_first_scenario_on_correct_row" storage="c:\users\ericcarlson\documents\github\pickles\src\pickles.documentationbuilders.excel.unittests\bin\debug\net6.0\picklesdoc.pickles.documentationbuilders.excel.unittests.dll" id="35f721d1-402d-603f-52f9-46768dc13c3b">
      <Execution id="cb541705-5a01-40c4-88b4-82147c912a1a" />
      <TestMethod codeBase="C:\Users\ericcarlson\Documents\GitHub\pickles\src\Pickles.DocumentationBuilders.Excel.UnitTests\bin\Debug\net6.0\PicklesDoc.Pickles.DocumentationBuilders.Excel.UnitTests.dll" adapterTypeName="executor://nunit3testexecutor/" className="PicklesDoc.Pickles.DocumentationBuilders.Excel.UnitTests.WhenAddingAFeatureToAWorksheet" name="Then_feature_without_background_adds_first_scenario_on_correct_row" />
    </UnitTest>
    <UnitTest name="ThenSingleScenarioAddedSuccessfully" storage="c:\users\ericcarlson\documents\github\pickles\src\pickles.documentationbuilders.excel.unittests\bin\debug\net6.0\picklesdoc.pickles.documentationbuilders.excel.unittests.dll" id="66e505dd-b9d3-8c56-240f-66c5922196e3">
      <Execution id="97872419-e452-4d4d-8ee2-46c2a625d1fa" />
      <TestMethod codeBase="C:\Users\ericcarlson\Documents\GitHub\pickles\src\Pickles.DocumentationBuilders.Excel.UnitTests\bin\Debug\net6.0\PicklesDoc.Pickles.DocumentationBuilders.Excel.UnitTests.dll" adapterTypeName="executor://nunit3testexecutor/" className="PicklesDoc.Pickles.DocumentationBuilders.Excel.UnitTests.WhenAddingAScenarioToAWorksheet" name="ThenSingleScenarioAddedSuccessfully" />
    </UnitTest>
    <UnitTest name="ThenDocumentStringAddedSuccessfully" storage="c:\users\ericcarlson\documents\github\pickles\src\pickles.documentationbuilders.excel.unittests\bin\debug\net6.0\picklesdoc.pickles.documentationbuilders.excel.unittests.dll" id="b85bf3ac-6868-c0eb-3900-afef7b580415">
      <Execution id="33aea4fc-57cf-4bf7-a49a-51913cf4bc1c" />
      <TestMethod codeBase="C:\Users\ericcarlson\Documents\GitHub\pickles\src\Pickles.DocumentationBuilders.Excel.UnitTests\bin\Debug\net6.0\PicklesDoc.Pickles.DocumentationBuilders.Excel.UnitTests.dll" adapterTypeName="executor://nunit3testexecutor/" className="PicklesDoc.Pickles.DocumentationBuilders.Excel.UnitTests.WhenAddingADocumentStringToAWorksheet" name="ThenDocumentStringAddedSuccessfully" />
    </UnitTest>
    <UnitTest name="ThenSingleScenarioWithStepsAddedSuccessfully" storage="c:\users\ericcarlson\documents\github\pickles\src\pickles.documentationbuilders.excel.unittests\bin\debug\net6.0\picklesdoc.pickles.documentationbuilders.excel.unittests.dll" id="e6b560d9-b10c-05a7-0330-049ea57ca4ff">
      <Execution id="9189f9f8-0ac3-4f5f-ac6f-7ac06cd3d279" />
      <TestMethod codeBase="C:\Users\ericcarlson\Documents\GitHub\pickles\src\Pickles.DocumentationBuilders.Excel.UnitTests\bin\Debug\net6.0\PicklesDoc.Pickles.DocumentationBuilders.Excel.UnitTests.dll" adapterTypeName="executor://nunit3testexecutor/" className="PicklesDoc.Pickles.DocumentationBuilders.Excel.UnitTests.WhenAddingAScenarioToAWorksheet" name="ThenSingleScenarioWithStepsAddedSuccessfully" />
    </UnitTest>
    <UnitTest name="ThenMultilineStepCommentsAreAddedSuccessfully" storage="c:\users\ericcarlson\documents\github\pickles\src\pickles.documentationbuilders.excel.unittests\bin\debug\net6.0\picklesdoc.pickles.documentationbuilders.excel.unittests.dll" id="97021be5-75c0-469b-9dc3-9975e1789ed2">
      <Execution id="9286eb7a-6fb8-4754-8c5a-ebe1080b3082" />
      <TestMethod codeBase="C:\Users\ericcarlson\Documents\GitHub\pickles\src\Pickles.DocumentationBuilders.Excel.UnitTests\bin\Debug\net6.0\PicklesDoc.Pickles.DocumentationBuilders.Excel.UnitTests.dll" adapterTypeName="executor://nunit3testexecutor/" className="PicklesDoc.Pickles.DocumentationBuilders.Excel.UnitTests.WhenAddingAStepToAWorksheet" name="ThenMultilineStepCommentsAreAddedSuccessfully" />
    </UnitTest>
    <UnitTest name="ThenStepAddedSuccessfully" storage="c:\users\ericcarlson\documents\github\pickles\src\pickles.documentationbuilders.excel.unittests\bin\debug\net6.0\picklesdoc.pickles.documentationbuilders.excel.unittests.dll" id="933d3be8-22bb-af22-eaaa-94d3bccac2d5">
      <Execution id="9db45c70-ae3a-409e-bccc-22fa94b6e68f" />
      <TestMethod codeBase="C:\Users\ericcarlson\Documents\GitHub\pickles\src\Pickles.DocumentationBuilders.Excel.UnitTests\bin\Debug\net6.0\PicklesDoc.Pickles.DocumentationBuilders.Excel.UnitTests.dll" adapterTypeName="executor://nunit3testexecutor/" className="PicklesDoc.Pickles.DocumentationBuilders.Excel.UnitTests.WhenAddingAStepToAWorksheet" name="ThenStepAddedSuccessfully" />
    </UnitTest>
    <UnitTest name="ThenStepCommentsAreAddedSuccessfully" storage="c:\users\ericcarlson\documents\github\pickles\src\pickles.documentationbuilders.excel.unittests\bin\debug\net6.0\picklesdoc.pickles.documentationbuilders.excel.unittests.dll" id="c0ab78e5-b384-fb34-2927-bdc4f3f96324">
      <Execution id="0540e49a-82d8-46eb-85a1-851dff661f8c" />
      <TestMethod codeBase="C:\Users\ericcarlson\Documents\GitHub\pickles\src\Pickles.DocumentationBuilders.Excel.UnitTests\bin\Debug\net6.0\PicklesDoc.Pickles.DocumentationBuilders.Excel.UnitTests.dll" adapterTypeName="executor://nunit3testexecutor/" className="PicklesDoc.Pickles.DocumentationBuilders.Excel.UnitTests.WhenAddingAStepToAWorksheet" name="ThenStepCommentsAreAddedSuccessfully" />
    </UnitTest>
    <UnitTest name="Then_feature_is_added_successfully" storage="c:\users\ericcarlson\documents\github\pickles\src\pickles.documentationbuilders.excel.unittests\bin\debug\net6.0\picklesdoc.pickles.documentationbuilders.excel.unittests.dll" id="bf550992-cadc-1c53-2a4d-c4f26a44b40e">
      <Execution id="04d239a5-72e4-41fc-b3cc-3cf39b700b30" />
      <TestMethod codeBase="C:\Users\ericcarlson\Documents\GitHub\pickles\src\Pickles.DocumentationBuilders.Excel.UnitTests\bin\Debug\net6.0\PicklesDoc.Pickles.DocumentationBuilders.Excel.UnitTests.dll" adapterTypeName="executor://nunit3testexecutor/" className="PicklesDoc.Pickles.DocumentationBuilders.Excel.UnitTests.WhenAddingAFeatureToAWorksheet" name="Then_feature_is_added_successfully" />
    </UnitTest>
    <UnitTest name="ThenCanCreateSimpleNameSuccessfully" storage="c:\users\ericcarlson\documents\github\pickles\src\pickles.documentationbuilders.excel.unittests\bin\debug\net6.0\picklesdoc.pickles.documentationbuilders.excel.unittests.dll" id="acde55d3-5f8d-5079-200b-77b95ae02eeb">
      <Execution id="fdf65ea1-8d93-4a70-95c2-63ddd0f0cf4c" />
      <TestMethod codeBase="C:\Users\ericcarlson\Documents\GitHub\pickles\src\Pickles.DocumentationBuilders.Excel.UnitTests\bin\Debug\net6.0\PicklesDoc.Pickles.DocumentationBuilders.Excel.UnitTests.dll" adapterTypeName="executor://nunit3testexecutor/" className="PicklesDoc.Pickles.DocumentationBuilders.Excel.UnitTests.WhenCreatingSheetNamesFromFeatures" name="ThenCanCreateSimpleNameSuccessfully" />
    </UnitTest>
    <UnitTest name="Then_feature_with_background_is_added_successfully" storage="c:\users\ericcarlson\documents\github\pickles\src\pickles.documentationbuilders.excel.unittests\bin\debug\net6.0\picklesdoc.pickles.documentationbuilders.excel.unittests.dll" id="b2a3ef3e-1a88-22ab-6b1b-ea8a900b75b8">
      <Execution id="4f16290d-ea19-4201-b91d-04decf867000" />
      <TestMethod codeBase="C:\Users\ericcarlson\Documents\GitHub\pickles\src\Pickles.DocumentationBuilders.Excel.UnitTests\bin\Debug\net6.0\PicklesDoc.Pickles.DocumentationBuilders.Excel.UnitTests.dll" adapterTypeName="executor://nunit3testexecutor/" className="PicklesDoc.Pickles.DocumentationBuilders.Excel.UnitTests.WhenAddingAFeatureToAWorksheet" name="Then_feature_with_background_is_added_successfully" />
    </UnitTest>
    <UnitTest name="ThenTableAddedSuccessfully" storage="c:\users\ericcarlson\documents\github\pickles\src\pickles.documentationbuilders.excel.unittests\bin\debug\net6.0\picklesdoc.pickles.documentationbuilders.excel.unittests.dll" id="1317f22d-6b68-459f-6928-ca334cba55b3">
      <Execution id="3a835542-a4c7-47c7-afb5-1267cbd155b1" />
      <TestMethod codeBase="C:\Users\ericcarlson\Documents\GitHub\pickles\src\Pickles.DocumentationBuilders.Excel.UnitTests\bin\Debug\net6.0\PicklesDoc.Pickles.DocumentationBuilders.Excel.UnitTests.dll" adapterTypeName="executor://nunit3testexecutor/" className="PicklesDoc.Pickles.DocumentationBuilders.Excel.UnitTests.WhenAddingATableToAWorksheet" name="ThenTableAddedSuccessfully" />
    </UnitTest>
    <UnitTest name="ThenCanShortenLongNameSuccessfully" storage="c:\users\ericcarlson\documents\github\pickles\src\pickles.documentationbuilders.excel.unittests\bin\debug\net6.0\picklesdoc.pickles.documentationbuilders.excel.unittests.dll" id="a679baf1-796d-5989-a684-5b5766820d12">
      <Execution id="cefc3b5a-4155-46ea-b51a-fef52fa8d953" />
      <TestMethod codeBase="C:\Users\ericcarlson\Documents\GitHub\pickles\src\Pickles.DocumentationBuilders.Excel.UnitTests\bin\Debug\net6.0\PicklesDoc.Pickles.DocumentationBuilders.Excel.UnitTests.dll" adapterTypeName="executor://nunit3testexecutor/" className="PicklesDoc.Pickles.DocumentationBuilders.Excel.UnitTests.WhenCreatingSheetNamesFromFeatures" name="ThenCanShortenLongNameSuccessfully" />
    </UnitTest>
    <UnitTest name="ThenDutchScenarioWithScenarioContainsVoorbeelden" storage="c:\users\ericcarlson\documents\github\pickles\src\pickles.documentationbuilders.excel.unittests\bin\debug\net6.0\picklesdoc.pickles.documentationbuilders.excel.unittests.dll" id="a1df4e1b-6a89-b5cc-887b-351d13f6ac70">
      <Execution id="53cf8f6d-711e-4dfe-a084-43f73a4d1447" />
      <TestMethod codeBase="C:\Users\ericcarlson\Documents\GitHub\pickles\src\Pickles.DocumentationBuilders.Excel.UnitTests\bin\Debug\net6.0\PicklesDoc.Pickles.DocumentationBuilders.Excel.UnitTests.dll" adapterTypeName="executor://nunit3testexecutor/" className="PicklesDoc.Pickles.DocumentationBuilders.Excel.UnitTests.WhenAddingAScenarioToAWorksheet" name="ThenDutchScenarioWithScenarioContainsVoorbeelden" />
    </UnitTest>
    <UnitTest name="ThenCommentsAfterTheLastStepAreAddedSuccessfully" storage="c:\users\ericcarlson\documents\github\pickles\src\pickles.documentationbuilders.excel.unittests\bin\debug\net6.0\picklesdoc.pickles.documentationbuilders.excel.unittests.dll" id="d3e3210b-a1c2-7e29-d1df-355ec4275f36">
      <Execution id="fd135ff3-373e-4801-b355-677ca4eb7cce" />
      <TestMethod codeBase="C:\Users\ericcarlson\Documents\GitHub\pickles\src\Pickles.DocumentationBuilders.Excel.UnitTests\bin\Debug\net6.0\PicklesDoc.Pickles.DocumentationBuilders.Excel.UnitTests.dll" adapterTypeName="executor://nunit3testexecutor/" className="PicklesDoc.Pickles.DocumentationBuilders.Excel.UnitTests.WhenAddingAStepToAWorksheet" name="ThenCommentsAfterTheLastStepAreAddedSuccessfully" />
    </UnitTest>
    <UnitTest name="ThenCanShortenLongMultipleDuplicatedNameSuccessfully" storage="c:\users\ericcarlson\documents\github\pickles\src\pickles.documentationbuilders.excel.unittests\bin\debug\net6.0\picklesdoc.pickles.documentationbuilders.excel.unittests.dll" id="56169a1f-8d02-1623-e162-c78b4e6c2a9f">
      <Execution id="f752a3fd-f094-441b-870f-92577ffaaef7" />
      <TestMethod codeBase="C:\Users\ericcarlson\Documents\GitHub\pickles\src\Pickles.DocumentationBuilders.Excel.UnitTests\bin\Debug\net6.0\PicklesDoc.Pickles.DocumentationBuilders.Excel.UnitTests.dll" adapterTypeName="executor://nunit3testexecutor/" className="PicklesDoc.Pickles.DocumentationBuilders.Excel.UnitTests.WhenCreatingSheetNamesFromFeatures" name="ThenCanShortenLongMultipleDuplicatedNameSuccessfully" />
    </UnitTest>
    <UnitTest name="ThenItWillRemoveUnnecessaryAndInvalidCharacters" storage="c:\users\ericcarlson\documents\github\pickles\src\pickles.documentationbuilders.excel.unittests\bin\debug\net6.0\picklesdoc.pickles.documentationbuilders.excel.unittests.dll" id="2d9c362f-a500-0dc1-43d5-84f79106fb8e">
      <Execution id="4437f97b-800c-455d-a724-7abf8ed4b73f" />
      <TestMethod codeBase="C:\Users\ericcarlson\Documents\GitHub\pickles\src\Pickles.DocumentationBuilders.Excel.UnitTests\bin\Debug\net6.0\PicklesDoc.Pickles.DocumentationBuilders.Excel.UnitTests.dll" adapterTypeName="executor://nunit3testexecutor/" className="PicklesDoc.Pickles.DocumentationBuilders.Excel.UnitTests.WhenCreatingSheetNamesFromFeatures" name="ThenItWillRemoveUnnecessaryAndInvalidCharacters" />
    </UnitTest>
  </TestDefinitions>
  <TestEntries>
    <TestEntry testId="a1df4e1b-6a89-b5cc-887b-351d13f6ac70" executionId="53cf8f6d-711e-4dfe-a084-43f73a4d1447" testListId="8c84fa94-04c1-424b-9868-57a2d4851a1d" />
    <TestEntry testId="b85bf3ac-6868-c0eb-3900-afef7b580415" executionId="33aea4fc-57cf-4bf7-a49a-51913cf4bc1c" testListId="8c84fa94-04c1-424b-9868-57a2d4851a1d" />
    <TestEntry testId="1317f22d-6b68-459f-6928-ca334cba55b3" executionId="3a835542-a4c7-47c7-afb5-1267cbd155b1" testListId="8c84fa94-04c1-424b-9868-57a2d4851a1d" />
    <TestEntry testId="b2a3ef3e-1a88-22ab-6b1b-ea8a900b75b8" executionId="4f16290d-ea19-4201-b91d-04decf867000" testListId="8c84fa94-04c1-424b-9868-57a2d4851a1d" />
    <TestEntry testId="acde55d3-5f8d-5079-200b-77b95ae02eeb" executionId="fdf65ea1-8d93-4a70-95c2-63ddd0f0cf4c" testListId="8c84fa94-04c1-424b-9868-57a2d4851a1d" />
    <TestEntry testId="a679baf1-796d-5989-a684-5b5766820d12" executionId="cefc3b5a-4155-46ea-b51a-fef52fa8d953" testListId="8c84fa94-04c1-424b-9868-57a2d4851a1d" />
    <TestEntry testId="933d3be8-22bb-af22-eaaa-94d3bccac2d5" executionId="9db45c70-ae3a-409e-bccc-22fa94b6e68f" testListId="8c84fa94-04c1-424b-9868-57a2d4851a1d" />
    <TestEntry testId="d3e3210b-a1c2-7e29-d1df-355ec4275f36" executionId="fd135ff3-373e-4801-b355-677ca4eb7cce" testListId="8c84fa94-04c1-424b-9868-57a2d4851a1d" />
    <TestEntry testId="66e505dd-b9d3-8c56-240f-66c5922196e3" executionId="97872419-e452-4d4d-8ee2-46c2a625d1fa" testListId="8c84fa94-04c1-424b-9868-57a2d4851a1d" />
    <TestEntry testId="f88175ac-5533-12b5-5606-7a1ae1f80da7" executionId="03590220-1638-498f-9a7b-7b3745903b6e" testListId="8c84fa94-04c1-424b-9868-57a2d4851a1d" />
    <TestEntry testId="2d9c362f-a500-0dc1-43d5-84f79106fb8e" executionId="4437f97b-800c-455d-a724-7abf8ed4b73f" testListId="8c84fa94-04c1-424b-9868-57a2d4851a1d" />
    <TestEntry testId="97021be5-75c0-469b-9dc3-9975e1789ed2" executionId="9286eb7a-6fb8-4754-8c5a-ebe1080b3082" testListId="8c84fa94-04c1-424b-9868-57a2d4851a1d" />
    <TestEntry testId="e6b560d9-b10c-05a7-0330-049ea57ca4ff" executionId="9189f9f8-0ac3-4f5f-ac6f-7ac06cd3d279" testListId="8c84fa94-04c1-424b-9868-57a2d4851a1d" />
    <TestEntry testId="35f721d1-402d-603f-52f9-46768dc13c3b" executionId="cb541705-5a01-40c4-88b4-82147c912a1a" testListId="8c84fa94-04c1-424b-9868-57a2d4851a1d" />
    <TestEntry testId="56169a1f-8d02-1623-e162-c78b4e6c2a9f" executionId="f752a3fd-f094-441b-870f-92577ffaaef7" testListId="8c84fa94-04c1-424b-9868-57a2d4851a1d" />
    <TestEntry testId="c0ab78e5-b384-fb34-2927-bdc4f3f96324" executionId="0540e49a-82d8-46eb-85a1-851dff661f8c" testListId="8c84fa94-04c1-424b-9868-57a2d4851a1d" />
    <TestEntry testId="bf550992-cadc-1c53-2a4d-c4f26a44b40e" executionId="04d239a5-72e4-41fc-b3cc-3cf39b700b30" testListId="8c84fa94-04c1-424b-9868-57a2d4851a1d" />
  </TestEntries>
  <TestLists>
    <TestList name="Results Not in a List" id="8c84fa94-04c1-424b-9868-57a2d4851a1d" />
    <TestList name="All Loaded Results" id="19431567-8539-422a-85d7-44ee4e166bda" />
  </TestLists>
  <ResultSummary outcome="Completed">
    <Counters total="17" executed="17" passed="17" failed="0" error="0" timeout="0" aborted="0" inconclusive="0" passedButRunAborted="0" notRunnable="0" notExecuted="0" disconnected="0" warning="0" completed="0" inProgress="0" pending="0" />
    <Output>
      <StdOut>NUnit Adapter 3.17.0.0: Test execution started&#xD;
Running all tests in C:\Users\ericcarlson\Documents\GitHub\pickles\src\Pickles.DocumentationBuilders.Excel.UnitTests\bin\Debug\net6.0\PicklesDoc.Pickles.DocumentationBuilders.Excel.UnitTests.dll&#xD;
   NUnit3TestExecutor discovered 17 of 17 NUnit test cases&#xD;
NUnit Adapter 3.17.0.0: Test execution complete&#xD;
</StdOut>
    </Output>
  </ResultSummary>
</TestRun>