<?xml version="1.0" encoding="utf-8"?>
<TestRun id="6a4f5000-d1cb-4bd3-b91c-76b6d05b90fc" name="ericcarlson@ERICCARLSONBBE6 2022-11-23 12:19:39" runUser="ERICCARLSONBBE6\ericcarlson" xmlns="http://microsoft.com/schemas/VisualStudio/TeamTest/2010">
  <Times creation="2022-11-23T12:19:39.6615092-05:00" queuing="2022-11-23T12:19:39.6615095-05:00" start="2022-11-23T12:19:35.6002376-05:00" finish="2022-11-23T12:19:39.7166864-05:00" />
  <TestSettings name="default" id="2de125e0-2690-4237-aa0a-48b6deff7987">
    <Deployment runDeploymentRoot="ericcarlson_ERICCARLSONBBE6_2022-11-23_12_19_39" />
  </TestSettings>
  <Results>
    <UnitTestResult executionId="2809bb16-ede4-4d9c-a3e2-9935ce4b03b7" testId="2d9c362f-a500-0dc1-43d5-84f79106fb8e" testName="ThenItWillRemoveUnnecessaryAndInvalidCharacters" computerName="ERICCARLSONBBE6" duration="00:00:00.0061300" startTime="2022-11-23T12:19:39.6476238-05:00" endTime="2022-11-23T12:19:39.6537534-05:00" testType="13cdc9d9-ddb5-4fa4-a97d-d965ccfc6d4b" outcome="Passed" testListId="8c84fa94-04c1-424b-9868-57a2d4851a1d" relativeResultsDirectory="2809bb16-ede4-4d9c-a3e2-9935ce4b03b7" />
    <UnitTestResult executionId="ac90aa38-c6c6-4665-95c0-d7066fd09992" testId="d3e3210b-a1c2-7e29-d1df-355ec4275f36" testName="ThenCommentsAfterTheLastStepAreAddedSuccessfully" computerName="ERICCARLSONBBE6" duration="00:00:00.0014790" startTime="2022-11-23T12:19:39.6315974-05:00" endTime="2022-11-23T12:19:39.6330765-05:00" testType="13cdc9d9-ddb5-4fa4-a97d-d965ccfc6d4b" outcome="Passed" testListId="8c84fa94-04c1-424b-9868-57a2d4851a1d" relativeResultsDirectory="ac90aa38-c6c6-4665-95c0-d7066fd09992" />
    <UnitTestResult executionId="12f7dd39-f980-4fad-85cd-69156e0b67ba" testId="acde55d3-5f8d-5079-200b-77b95ae02eeb" testName="ThenCanCreateSimpleNameSuccessfully" computerName="ERICCARLSONBBE6" duration="00:00:00.0030380" startTime="2022-11-23T12:19:39.6408014-05:00" endTime="2022-11-23T12:19:39.6438399-05:00" testType="13cdc9d9-ddb5-4fa4-a97d-d965ccfc6d4b" outcome="Passed" testListId="8c84fa94-04c1-424b-9868-57a2d4851a1d" relativeResultsDirectory="12f7dd39-f980-4fad-85cd-69156e0b67ba" />
    <UnitTestResult executionId="b51381f2-3fad-4508-9e20-c64be63124c3" testId="56169a1f-8d02-1623-e162-c78b4e6c2a9f" testName="ThenCanShortenLongMultipleDuplicatedNameSuccessfully" computerName="ERICCARLSONBBE6" duration="00:00:00.0012060" startTime="2022-11-23T12:19:39.6453017-05:00" endTime="2022-11-23T12:19:39.6465074-05:00" testType="13cdc9d9-ddb5-4fa4-a97d-d965ccfc6d4b" outcome="Passed" testListId="8c84fa94-04c1-424b-9868-57a2d4851a1d" relativeResultsDirectory="b51381f2-3fad-4508-9e20-c64be63124c3" />
    <UnitTestResult executionId="491e04ba-8da8-4daa-9331-e65a45c8b374" testId="933d3be8-22bb-af22-eaaa-94d3bccac2d5" testName="ThenStepAddedSuccessfully" computerName="ERICCARLSONBBE6" duration="00:00:00.0010080" startTime="2022-11-23T12:19:39.6343017-05:00" endTime="2022-11-23T12:19:39.6353097-05:00" testType="13cdc9d9-ddb5-4fa4-a97d-d965ccfc6d4b" outcome="Passed" testListId="8c84fa94-04c1-424b-9868-57a2d4851a1d" relativeResultsDirectory="491e04ba-8da8-4daa-9331-e65a45c8b374" />
    <UnitTestResult executionId="c3146a9d-2bcf-41ac-9ea2-b42dda526e68" testId="e6b560d9-b10c-05a7-0330-049ea57ca4ff" testName="ThenSingleScenarioWithStepsAddedSuccessfully" computerName="ERICCARLSONBBE6" duration="00:00:00.0020520" startTime="2022-11-23T12:19:39.6288652-05:00" endTime="2022-11-23T12:19:39.6309173-05:00" testType="13cdc9d9-ddb5-4fa4-a97d-d965ccfc6d4b" outcome="Passed" testListId="8c84fa94-04c1-424b-9868-57a2d4851a1d" relativeResultsDirectory="c3146a9d-2bcf-41ac-9ea2-b42dda526e68" />
    <UnitTestResult executionId="131e8276-63a0-4144-a0c6-5eba14ef31ba" testId="a679baf1-796d-5989-a684-5b5766820d12" testName="ThenCanShortenLongNameSuccessfully" computerName="ERICCARLSONBBE6" duration="00:00:00.0010540" startTime="2022-11-23T12:19:39.6465394-05:00" endTime="2022-11-23T12:19:39.6475937-05:00" testType="13cdc9d9-ddb5-4fa4-a97d-d965ccfc6d4b" outcome="Passed" testListId="8c84fa94-04c1-424b-9868-57a2d4851a1d" relativeResultsDirectory="131e8276-63a0-4144-a0c6-5eba14ef31ba" />
    <UnitTestResult executionId="1fc37ee1-49fd-4c16-b2d9-67da9dce630d" testId="66e505dd-b9d3-8c56-240f-66c5922196e3" testName="ThenSingleScenarioAddedSuccessfully" computerName="ERICCARLSONBBE6" duration="00:00:00.0040600" startTime="2022-11-23T12:19:39.6247714-05:00" endTime="2022-11-23T12:19:39.6288311-05:00" testType="13cdc9d9-ddb5-4fa4-a97d-d965ccfc6d4b" outcome="Passed" testListId="8c84fa94-04c1-424b-9868-57a2d4851a1d" relativeResultsDirectory="1fc37ee1-49fd-4c16-b2d9-67da9dce630d" />
    <UnitTestResult executionId="b513de18-d2d1-42c4-9c87-3ea3b8cec1ef" testId="bf550992-cadc-1c53-2a4d-c4f26a44b40e" testName="Then_feature_is_added_successfully" computerName="ERICCARLSONBBE6" duration="00:00:00.0903890" startTime="2022-11-23T12:19:39.5051100-05:00" endTime="2022-11-23T12:19:39.5954993-05:00" testType="13cdc9d9-ddb5-4fa4-a97d-d965ccfc6d4b" outcome="Passed" testListId="8c84fa94-04c1-424b-9868-57a2d4851a1d" relativeResultsDirectory="b513de18-d2d1-42c4-9c87-3ea3b8cec1ef" />
    <UnitTestResult executionId="860cd1bc-808a-4222-b53e-6b3766f3057c" testId="a1df4e1b-6a89-b5cc-887b-351d13f6ac70" testName="ThenDutchScenarioWithScenarioContainsVoorbeelden" computerName="ERICCARLSONBBE6" duration="00:00:00.0043850" startTime="2022-11-23T12:19:39.6203476-05:00" endTime="2022-11-23T12:19:39.6247322-05:00" testType="13cdc9d9-ddb5-4fa4-a97d-d965ccfc6d4b" outcome="Passed" testListId="8c84fa94-04c1-424b-9868-57a2d4851a1d" relativeResultsDirectory="860cd1bc-808a-4222-b53e-6b3766f3057c" />
    <UnitTestResult executionId="eb7d1a6d-b315-4251-b9fe-bb9c9907ec7f" testId="97021be5-75c0-469b-9dc3-9975e1789ed2" testName="ThenMultilineStepCommentsAreAddedSuccessfully" computerName="ERICCARLSONBBE6" duration="00:00:00.0011630" startTime="2022-11-23T12:19:39.6331090-05:00" endTime="2022-11-23T12:19:39.6342715-05:00" testType="13cdc9d9-ddb5-4fa4-a97d-d965ccfc6d4b" outcome="Passed" testListId="8c84fa94-04c1-424b-9868-57a2d4851a1d" relativeResultsDirectory="eb7d1a6d-b315-4251-b9fe-bb9c9907ec7f" />
    <UnitTestResult executionId="46c80245-863e-4e94-b11f-b6696288fa8a" testId="c0ab78e5-b384-fb34-2927-bdc4f3f96324" testName="ThenStepCommentsAreAddedSuccessfully" computerName="ERICCARLSONBBE6" duration="00:00:00.0011360" startTime="2022-11-23T12:19:39.6353221-05:00" endTime="2022-11-23T12:19:39.6364577-05:00" testType="13cdc9d9-ddb5-4fa4-a97d-d965ccfc6d4b" outcome="Passed" testListId="8c84fa94-04c1-424b-9868-57a2d4851a1d" relativeResultsDirectory="46c80245-863e-4e94-b11f-b6696288fa8a" />
    <UnitTestResult executionId="1178bbd2-ce83-46e8-be5d-e953d45f1156" testId="35f721d1-402d-603f-52f9-46768dc13c3b" testName="Then_feature_without_background_adds_first_scenario_on_correct_row" computerName="ERICCARLSONBBE6" duration="00:00:00.0016650" startTime="2022-11-23T12:19:39.6180220-05:00" endTime="2022-11-23T12:19:39.6196868-05:00" testType="13cdc9d9-ddb5-4fa4-a97d-d965ccfc6d4b" outcome="Passed" testListId="8c84fa94-04c1-424b-9868-57a2d4851a1d" relativeResultsDirectory="1178bbd2-ce83-46e8-be5d-e953d45f1156" />
    <UnitTestResult executionId="4afdb95d-c052-4808-9ec9-08704d6b4636" testId="b2a3ef3e-1a88-22ab-6b1b-ea8a900b75b8" testName="Then_feature_with_background_is_added_successfully" computerName="ERICCARLSONBBE6" duration="00:00:00.0224440" startTime="2022-11-23T12:19:39.5955415-05:00" endTime="2022-11-23T12:19:39.6179850-05:00" testType="13cdc9d9-ddb5-4fa4-a97d-d965ccfc6d4b" outcome="Passed" testListId="8c84fa94-04c1-424b-9868-57a2d4851a1d" relativeResultsDirectory="4afdb95d-c052-4808-9ec9-08704d6b4636" />
    <UnitTestResult executionId="1c69e05c-e2c4-4c30-af64-cc5ac8b28ae4" testId="b85bf3ac-6868-c0eb-3900-afef7b580415" testName="ThenDocumentStringAddedSuccessfully" computerName="ERICCARLSONBBE6" duration="00:00:00.5920190" startTime="2022-11-23T12:19:38.9087483-05:00" endTime="2022-11-23T12:19:39.5006971-05:00" testType="13cdc9d9-ddb5-4fa4-a97d-d965ccfc6d4b" outcome="Passed" testListId="8c84fa94-04c1-424b-9868-57a2d4851a1d" relativeResultsDirectory="1c69e05c-e2c4-4c30-af64-cc5ac8b28ae4" />
    <UnitTestResult executionId="4ae0389e-d237-4378-a052-9cba6b5172e4" testId="1317f22d-6b68-459f-6928-ca334cba55b3" testName="ThenTableAddedSuccessfully" computerName="ERICCARLSONBBE6" duration="00:00:00.0019760" startTime="2022-11-23T12:19:39.6373084-05:00" endTime="2022-11-23T12:19:39.6392843-05:00" testType="13cdc9d9-ddb5-4fa4-a97d-d965ccfc6d4b" outcome="Passed" testListId="8c84fa94-04c1-424b-9868-57a2d4851a1d" relativeResultsDirectory="4ae0389e-d237-4378-a052-9cba6b5172e4" />
    <UnitTestResult executionId="d654380d-ae11-40ec-94d3-4eadf1942242" testId="f88175ac-5533-12b5-5606-7a1ae1f80da7" testName="ThenCanShortenLongDuplicatedNameSuccessfully" computerName="ERICCARLSONBBE6" duration="00:00:00.0013990" startTime="2022-11-23T12:19:39.6438698-05:00" endTime="2022-11-23T12:19:39.6452692-05:00" testType="13cdc9d9-ddb5-4fa4-a97d-d965ccfc6d4b" outcome="Passed" testListId="8c84fa94-04c1-424b-9868-57a2d4851a1d" relativeResultsDirectory="d654380d-ae11-40ec-94d3-4eadf1942242" />
  </Results>
  <TestDefinitions>
    <UnitTest name="ThenCanShortenLongDuplicatedNameSuccessfully" storage="c:\users\ericcarlson\documents\github\pickles\src\pickles.documentationbuilders.excel.unittests\bin\debug\net6.0\picklesdoc.pickles.documentationbuilders.excel.unittests.dll" id="f88175ac-5533-12b5-5606-7a1ae1f80da7">
      <Execution id="d654380d-ae11-40ec-94d3-4eadf1942242" />
      <TestMethod codeBase="C:\Users\ericcarlson\documents\github\pickles\src\Pickles.DocumentationBuilders.Excel.UnitTests\bin\Debug\net6.0\PicklesDoc.Pickles.DocumentationBuilders.Excel.UnitTests.dll" adapterTypeName="executor://nunit3testexecutor/" className="PicklesDoc.Pickles.DocumentationBuilders.Excel.UnitTests.WhenCreatingSheetNamesFromFeatures" name="ThenCanShortenLongDuplicatedNameSuccessfully" />
    </UnitTest>
    <UnitTest name="Then_feature_without_background_adds_first_scenario_on_correct_row" storage="c:\users\ericcarlson\documents\github\pickles\src\pickles.documentationbuilders.excel.unittests\bin\debug\net6.0\picklesdoc.pickles.documentationbuilders.excel.unittests.dll" id="35f721d1-402d-603f-52f9-46768dc13c3b">
      <Execution id="1178bbd2-ce83-46e8-be5d-e953d45f1156" />
      <TestMethod codeBase="C:\Users\ericcarlson\documents\github\pickles\src\Pickles.DocumentationBuilders.Excel.UnitTests\bin\Debug\net6.0\PicklesDoc.Pickles.DocumentationBuilders.Excel.UnitTests.dll" adapterTypeName="executor://nunit3testexecutor/" className="PicklesDoc.Pickles.DocumentationBuilders.Excel.UnitTests.WhenAddingAFeatureToAWorksheet" name="Then_feature_without_background_adds_first_scenario_on_correct_row" />
    </UnitTest>
    <UnitTest name="ThenSingleScenarioAddedSuccessfully" storage="c:\users\ericcarlson\documents\github\pickles\src\pickles.documentationbuilders.excel.unittests\bin\debug\net6.0\picklesdoc.pickles.documentationbuilders.excel.unittests.dll" id="66e505dd-b9d3-8c56-240f-66c5922196e3">
      <Execution id="1fc37ee1-49fd-4c16-b2d9-67da9dce630d" />
      <TestMethod codeBase="C:\Users\ericcarlson\documents\github\pickles\src\Pickles.DocumentationBuilders.Excel.UnitTests\bin\Debug\net6.0\PicklesDoc.Pickles.DocumentationBuilders.Excel.UnitTests.dll" adapterTypeName="executor://nunit3testexecutor/" className="PicklesDoc.Pickles.DocumentationBuilders.Excel.UnitTests.WhenAddingAScenarioToAWorksheet" name="ThenSingleScenarioAddedSuccessfully" />
    </UnitTest>
    <UnitTest name="ThenDocumentStringAddedSuccessfully" storage="c:\users\ericcarlson\documents\github\pickles\src\pickles.documentationbuilders.excel.unittests\bin\debug\net6.0\picklesdoc.pickles.documentationbuilders.excel.unittests.dll" id="b85bf3ac-6868-c0eb-3900-afef7b580415">
      <Execution id="1c69e05c-e2c4-4c30-af64-cc5ac8b28ae4" />
      <TestMethod codeBase="C:\Users\ericcarlson\documents\github\pickles\src\Pickles.DocumentationBuilders.Excel.UnitTests\bin\Debug\net6.0\PicklesDoc.Pickles.DocumentationBuilders.Excel.UnitTests.dll" adapterTypeName="executor://nunit3testexecutor/" className="PicklesDoc.Pickles.DocumentationBuilders.Excel.UnitTests.WhenAddingADocumentStringToAWorksheet" name="ThenDocumentStringAddedSuccessfully" />
    </UnitTest>
    <UnitTest name="ThenSingleScenarioWithStepsAddedSuccessfully" storage="c:\users\ericcarlson\documents\github\pickles\src\pickles.documentationbuilders.excel.unittests\bin\debug\net6.0\picklesdoc.pickles.documentationbuilders.excel.unittests.dll" id="e6b560d9-b10c-05a7-0330-049ea57ca4ff">
      <Execution id="c3146a9d-2bcf-41ac-9ea2-b42dda526e68" />
      <TestMethod codeBase="C:\Users\ericcarlson\documents\github\pickles\src\Pickles.DocumentationBuilders.Excel.UnitTests\bin\Debug\net6.0\PicklesDoc.Pickles.DocumentationBuilders.Excel.UnitTests.dll" adapterTypeName="executor://nunit3testexecutor/" className="PicklesDoc.Pickles.DocumentationBuilders.Excel.UnitTests.WhenAddingAScenarioToAWorksheet" name="ThenSingleScenarioWithStepsAddedSuccessfully" />
    </UnitTest>
    <UnitTest name="ThenMultilineStepCommentsAreAddedSuccessfully" storage="c:\users\ericcarlson\documents\github\pickles\src\pickles.documentationbuilders.excel.unittests\bin\debug\net6.0\picklesdoc.pickles.documentationbuilders.excel.unittests.dll" id="97021be5-75c0-469b-9dc3-9975e1789ed2">
      <Execution id="eb7d1a6d-b315-4251-b9fe-bb9c9907ec7f" />
      <TestMethod codeBase="C:\Users\ericcarlson\documents\github\pickles\src\Pickles.DocumentationBuilders.Excel.UnitTests\bin\Debug\net6.0\PicklesDoc.Pickles.DocumentationBuilders.Excel.UnitTests.dll" adapterTypeName="executor://nunit3testexecutor/" className="PicklesDoc.Pickles.DocumentationBuilders.Excel.UnitTests.WhenAddingAStepToAWorksheet" name="ThenMultilineStepCommentsAreAddedSuccessfully" />
    </UnitTest>
    <UnitTest name="ThenStepAddedSuccessfully" storage="c:\users\ericcarlson\documents\github\pickles\src\pickles.documentationbuilders.excel.unittests\bin\debug\net6.0\picklesdoc.pickles.documentationbuilders.excel.unittests.dll" id="933d3be8-22bb-af22-eaaa-94d3bccac2d5">
      <Execution id="491e04ba-8da8-4daa-9331-e65a45c8b374" />
      <TestMethod codeBase="C:\Users\ericcarlson\documents\github\pickles\src\Pickles.DocumentationBuilders.Excel.UnitTests\bin\Debug\net6.0\PicklesDoc.Pickles.DocumentationBuilders.Excel.UnitTests.dll" adapterTypeName="executor://nunit3testexecutor/" className="PicklesDoc.Pickles.DocumentationBuilders.Excel.UnitTests.WhenAddingAStepToAWorksheet" name="ThenStepAddedSuccessfully" />
    </UnitTest>
    <UnitTest name="ThenStepCommentsAreAddedSuccessfully" storage="c:\users\ericcarlson\documents\github\pickles\src\pickles.documentationbuilders.excel.unittests\bin\debug\net6.0\picklesdoc.pickles.documentationbuilders.excel.unittests.dll" id="c0ab78e5-b384-fb34-2927-bdc4f3f96324">
      <Execution id="46c80245-863e-4e94-b11f-b6696288fa8a" />
      <TestMethod codeBase="C:\Users\ericcarlson\documents\github\pickles\src\Pickles.DocumentationBuilders.Excel.UnitTests\bin\Debug\net6.0\PicklesDoc.Pickles.DocumentationBuilders.Excel.UnitTests.dll" adapterTypeName="executor://nunit3testexecutor/" className="PicklesDoc.Pickles.DocumentationBuilders.Excel.UnitTests.WhenAddingAStepToAWorksheet" name="ThenStepCommentsAreAddedSuccessfully" />
    </UnitTest>
    <UnitTest name="Then_feature_is_added_successfully" storage="c:\users\ericcarlson\documents\github\pickles\src\pickles.documentationbuilders.excel.unittests\bin\debug\net6.0\picklesdoc.pickles.documentationbuilders.excel.unittests.dll" id="bf550992-cadc-1c53-2a4d-c4f26a44b40e">
      <Execution id="b513de18-d2d1-42c4-9c87-3ea3b8cec1ef" />
      <TestMethod codeBase="C:\Users\ericcarlson\documents\github\pickles\src\Pickles.DocumentationBuilders.Excel.UnitTests\bin\Debug\net6.0\PicklesDoc.Pickles.DocumentationBuilders.Excel.UnitTests.dll" adapterTypeName="executor://nunit3testexecutor/" className="PicklesDoc.Pickles.DocumentationBuilders.Excel.UnitTests.WhenAddingAFeatureToAWorksheet" name="Then_feature_is_added_successfully" />
    </UnitTest>
    <UnitTest name="ThenCanCreateSimpleNameSuccessfully" storage="c:\users\ericcarlson\documents\github\pickles\src\pickles.documentationbuilders.excel.unittests\bin\debug\net6.0\picklesdoc.pickles.documentationbuilders.excel.unittests.dll" id="acde55d3-5f8d-5079-200b-77b95ae02eeb">
      <Execution id="12f7dd39-f980-4fad-85cd-69156e0b67ba" />
      <TestMethod codeBase="C:\Users\ericcarlson\documents\github\pickles\src\Pickles.DocumentationBuilders.Excel.UnitTests\bin\Debug\net6.0\PicklesDoc.Pickles.DocumentationBuilders.Excel.UnitTests.dll" adapterTypeName="executor://nunit3testexecutor/" className="PicklesDoc.Pickles.DocumentationBuilders.Excel.UnitTests.WhenCreatingSheetNamesFromFeatures" name="ThenCanCreateSimpleNameSuccessfully" />
    </UnitTest>
    <UnitTest name="Then_feature_with_background_is_added_successfully" storage="c:\users\ericcarlson\documents\github\pickles\src\pickles.documentationbuilders.excel.unittests\bin\debug\net6.0\picklesdoc.pickles.documentationbuilders.excel.unittests.dll" id="b2a3ef3e-1a88-22ab-6b1b-ea8a900b75b8">
      <Execution id="4afdb95d-c052-4808-9ec9-08704d6b4636" />
      <TestMethod codeBase="C:\Users\ericcarlson\documents\github\pickles\src\Pickles.DocumentationBuilders.Excel.UnitTests\bin\Debug\net6.0\PicklesDoc.Pickles.DocumentationBuilders.Excel.UnitTests.dll" adapterTypeName="executor://nunit3testexecutor/" className="PicklesDoc.Pickles.DocumentationBuilders.Excel.UnitTests.WhenAddingAFeatureToAWorksheet" name="Then_feature_with_background_is_added_successfully" />
    </UnitTest>
    <UnitTest name="ThenTableAddedSuccessfully" storage="c:\users\ericcarlson\documents\github\pickles\src\pickles.documentationbuilders.excel.unittests\bin\debug\net6.0\picklesdoc.pickles.documentationbuilders.excel.unittests.dll" id="1317f22d-6b68-459f-6928-ca334cba55b3">
      <Execution id="4ae0389e-d237-4378-a052-9cba6b5172e4" />
      <TestMethod codeBase="C:\Users\ericcarlson\documents\github\pickles\src\Pickles.DocumentationBuilders.Excel.UnitTests\bin\Debug\net6.0\PicklesDoc.Pickles.DocumentationBuilders.Excel.UnitTests.dll" adapterTypeName="executor://nunit3testexecutor/" className="PicklesDoc.Pickles.DocumentationBuilders.Excel.UnitTests.WhenAddingATableToAWorksheet" name="ThenTableAddedSuccessfully" />
    </UnitTest>
    <UnitTest name="ThenCanShortenLongNameSuccessfully" storage="c:\users\ericcarlson\documents\github\pickles\src\pickles.documentationbuilders.excel.unittests\bin\debug\net6.0\picklesdoc.pickles.documentationbuilders.excel.unittests.dll" id="a679baf1-796d-5989-a684-5b5766820d12">
      <Execution id="131e8276-63a0-4144-a0c6-5eba14ef31ba" />
      <TestMethod codeBase="C:\Users\ericcarlson\documents\github\pickles\src\Pickles.DocumentationBuilders.Excel.UnitTests\bin\Debug\net6.0\PicklesDoc.Pickles.DocumentationBuilders.Excel.UnitTests.dll" adapterTypeName="executor://nunit3testexecutor/" className="PicklesDoc.Pickles.DocumentationBuilders.Excel.UnitTests.WhenCreatingSheetNamesFromFeatures" name="ThenCanShortenLongNameSuccessfully" />
    </UnitTest>
    <UnitTest name="ThenDutchScenarioWithScenarioContainsVoorbeelden" storage="c:\users\ericcarlson\documents\github\pickles\src\pickles.documentationbuilders.excel.unittests\bin\debug\net6.0\picklesdoc.pickles.documentationbuilders.excel.unittests.dll" id="a1df4e1b-6a89-b5cc-887b-351d13f6ac70">
      <Execution id="860cd1bc-808a-4222-b53e-6b3766f3057c" />
      <TestMethod codeBase="C:\Users\ericcarlson\documents\github\pickles\src\Pickles.DocumentationBuilders.Excel.UnitTests\bin\Debug\net6.0\PicklesDoc.Pickles.DocumentationBuilders.Excel.UnitTests.dll" adapterTypeName="executor://nunit3testexecutor/" className="PicklesDoc.Pickles.DocumentationBuilders.Excel.UnitTests.WhenAddingAScenarioToAWorksheet" name="ThenDutchScenarioWithScenarioContainsVoorbeelden" />
    </UnitTest>
    <UnitTest name="ThenCommentsAfterTheLastStepAreAddedSuccessfully" storage="c:\users\ericcarlson\documents\github\pickles\src\pickles.documentationbuilders.excel.unittests\bin\debug\net6.0\picklesdoc.pickles.documentationbuilders.excel.unittests.dll" id="d3e3210b-a1c2-7e29-d1df-355ec4275f36">
      <Execution id="ac90aa38-c6c6-4665-95c0-d7066fd09992" />
      <TestMethod codeBase="C:\Users\ericcarlson\documents\github\pickles\src\Pickles.DocumentationBuilders.Excel.UnitTests\bin\Debug\net6.0\PicklesDoc.Pickles.DocumentationBuilders.Excel.UnitTests.dll" adapterTypeName="executor://nunit3testexecutor/" className="PicklesDoc.Pickles.DocumentationBuilders.Excel.UnitTests.WhenAddingAStepToAWorksheet" name="ThenCommentsAfterTheLastStepAreAddedSuccessfully" />
    </UnitTest>
    <UnitTest name="ThenCanShortenLongMultipleDuplicatedNameSuccessfully" storage="c:\users\ericcarlson\documents\github\pickles\src\pickles.documentationbuilders.excel.unittests\bin\debug\net6.0\picklesdoc.pickles.documentationbuilders.excel.unittests.dll" id="56169a1f-8d02-1623-e162-c78b4e6c2a9f">
      <Execution id="b51381f2-3fad-4508-9e20-c64be63124c3" />
      <TestMethod codeBase="C:\Users\ericcarlson\documents\github\pickles\src\Pickles.DocumentationBuilders.Excel.UnitTests\bin\Debug\net6.0\PicklesDoc.Pickles.DocumentationBuilders.Excel.UnitTests.dll" adapterTypeName="executor://nunit3testexecutor/" className="PicklesDoc.Pickles.DocumentationBuilders.Excel.UnitTests.WhenCreatingSheetNamesFromFeatures" name="ThenCanShortenLongMultipleDuplicatedNameSuccessfully" />
    </UnitTest>
    <UnitTest name="ThenItWillRemoveUnnecessaryAndInvalidCharacters" storage="c:\users\ericcarlson\documents\github\pickles\src\pickles.documentationbuilders.excel.unittests\bin\debug\net6.0\picklesdoc.pickles.documentationbuilders.excel.unittests.dll" id="2d9c362f-a500-0dc1-43d5-84f79106fb8e">
      <Execution id="2809bb16-ede4-4d9c-a3e2-9935ce4b03b7" />
      <TestMethod codeBase="C:\Users\ericcarlson\documents\github\pickles\src\Pickles.DocumentationBuilders.Excel.UnitTests\bin\Debug\net6.0\PicklesDoc.Pickles.DocumentationBuilders.Excel.UnitTests.dll" adapterTypeName="executor://nunit3testexecutor/" className="PicklesDoc.Pickles.DocumentationBuilders.Excel.UnitTests.WhenCreatingSheetNamesFromFeatures" name="ThenItWillRemoveUnnecessaryAndInvalidCharacters" />
    </UnitTest>
  </TestDefinitions>
  <TestEntries>
    <TestEntry testId="2d9c362f-a500-0dc1-43d5-84f79106fb8e" executionId="2809bb16-ede4-4d9c-a3e2-9935ce4b03b7" testListId="8c84fa94-04c1-424b-9868-57a2d4851a1d" />
    <TestEntry testId="d3e3210b-a1c2-7e29-d1df-355ec4275f36" executionId="ac90aa38-c6c6-4665-95c0-d7066fd09992" testListId="8c84fa94-04c1-424b-9868-57a2d4851a1d" />
    <TestEntry testId="acde55d3-5f8d-5079-200b-77b95ae02eeb" executionId="12f7dd39-f980-4fad-85cd-69156e0b67ba" testListId="8c84fa94-04c1-424b-9868-57a2d4851a1d" />
    <TestEntry testId="56169a1f-8d02-1623-e162-c78b4e6c2a9f" executionId="b51381f2-3fad-4508-9e20-c64be63124c3" testListId="8c84fa94-04c1-424b-9868-57a2d4851a1d" />
    <TestEntry testId="933d3be8-22bb-af22-eaaa-94d3bccac2d5" executionId="491e04ba-8da8-4daa-9331-e65a45c8b374" testListId="8c84fa94-04c1-424b-9868-57a2d4851a1d" />
    <TestEntry testId="e6b560d9-b10c-05a7-0330-049ea57ca4ff" executionId="c3146a9d-2bcf-41ac-9ea2-b42dda526e68" testListId="8c84fa94-04c1-424b-9868-57a2d4851a1d" />
    <TestEntry testId="a679baf1-796d-5989-a684-5b5766820d12" executionId="131e8276-63a0-4144-a0c6-5eba14ef31ba" testListId="8c84fa94-04c1-424b-9868-57a2d4851a1d" />
    <TestEntry testId="66e505dd-b9d3-8c56-240f-66c5922196e3" executionId="1fc37ee1-49fd-4c16-b2d9-67da9dce630d" testListId="8c84fa94-04c1-424b-9868-57a2d4851a1d" />
    <TestEntry testId="bf550992-cadc-1c53-2a4d-c4f26a44b40e" executionId="b513de18-d2d1-42c4-9c87-3ea3b8cec1ef" testListId="8c84fa94-04c1-424b-9868-57a2d4851a1d" />
    <TestEntry testId="a1df4e1b-6a89-b5cc-887b-351d13f6ac70" executionId="860cd1bc-808a-4222-b53e-6b3766f3057c" testListId="8c84fa94-04c1-424b-9868-57a2d4851a1d" />
    <TestEntry testId="97021be5-75c0-469b-9dc3-9975e1789ed2" executionId="eb7d1a6d-b315-4251-b9fe-bb9c9907ec7f" testListId="8c84fa94-04c1-424b-9868-57a2d4851a1d" />
    <TestEntry testId="c0ab78e5-b384-fb34-2927-bdc4f3f96324" executionId="46c80245-863e-4e94-b11f-b6696288fa8a" testListId="8c84fa94-04c1-424b-9868-57a2d4851a1d" />
    <TestEntry testId="35f721d1-402d-603f-52f9-46768dc13c3b" executionId="1178bbd2-ce83-46e8-be5d-e953d45f1156" testListId="8c84fa94-04c1-424b-9868-57a2d4851a1d" />
    <TestEntry testId="b2a3ef3e-1a88-22ab-6b1b-ea8a900b75b8" executionId="4afdb95d-c052-4808-9ec9-08704d6b4636" testListId="8c84fa94-04c1-424b-9868-57a2d4851a1d" />
    <TestEntry testId="b85bf3ac-6868-c0eb-3900-afef7b580415" executionId="1c69e05c-e2c4-4c30-af64-cc5ac8b28ae4" testListId="8c84fa94-04c1-424b-9868-57a2d4851a1d" />
    <TestEntry testId="1317f22d-6b68-459f-6928-ca334cba55b3" executionId="4ae0389e-d237-4378-a052-9cba6b5172e4" testListId="8c84fa94-04c1-424b-9868-57a2d4851a1d" />
    <TestEntry testId="f88175ac-5533-12b5-5606-7a1ae1f80da7" executionId="d654380d-ae11-40ec-94d3-4eadf1942242" testListId="8c84fa94-04c1-424b-9868-57a2d4851a1d" />
  </TestEntries>
  <TestLists>
    <TestList name="Results Not in a List" id="8c84fa94-04c1-424b-9868-57a2d4851a1d" />
    <TestList name="All Loaded Results" id="19431567-8539-422a-85d7-44ee4e166bda" />
  </TestLists>
  <ResultSummary outcome="Completed">
    <Counters total="17" executed="17" passed="17" failed="0" error="0" timeout="0" aborted="0" inconclusive="0" passedButRunAborted="0" notRunnable="0" notExecuted="0" disconnected="0" warning="0" completed="0" inProgress="0" pending="0" />
    <Output>
      <StdOut>NUnit Adapter 3.17.0.0: Test execution started&#xD;
Running all tests in C:\Users\ericcarlson\documents\github\pickles\src\Pickles.DocumentationBuilders.Excel.UnitTests\bin\Debug\net6.0\PicklesDoc.Pickles.DocumentationBuilders.Excel.UnitTests.dll&#xD;
   NUnit3TestExecutor discovered 17 of 17 NUnit test cases&#xD;
NUnit Adapter 3.17.0.0: Test execution complete&#xD;
</StdOut>
    </Output>
  </ResultSummary>
</TestRun>